note_on 37
velocity 30
time 0
note_off 37
time 2
note_on 56
velocity 31
time 748
note_on 65
velocity 44
time 634
note_on 61
velocity 39
time 5
note_off 65
time 140
note_off 61
time 61
note_on 60
velocity 41
time 406
note_on 66
velocity 41
time 0
note_off 56
time 5
note_on 56
velocity 26
time 260
note_off 56
time 283
note_off 66
time 15
note_off 60
time 139
note_on 37
velocity 32
time 2
note_off 37
time 37
note_on 56
velocity 43
time 562
note_on 61
velocity 50
time 649
note_on 65
velocity 43
time 2
note_off 65
time 147
note_off 61
time 62
note_on 66
velocity 33
time 438
note_on 60
velocity 42
time 46
note_off 56
time 16
note_on 56
velocity 23
time 434
note_off 66
time 218
note_off 56
time 24
note_off 60
time 36
note_on 37
velocity 32
time 1809
note_on 77
velocity 68
time 15
note_off 37
time 7
note_on 56
velocity 29
time 700
note_on 65
velocity 32
time 614
note_on 61
velocity 32
time 19
note_off 65
time 101
note_off 61
time 106
note_on 66
velocity 41
time 321
note_on 60
velocity 39
time 28
note_on 75
velocity 66
time 0
note_off 77
time 3
note_off 56
time 19
note_on 80
velocity 59
time 216
note_on 56
velocity 36
time 7
note_off 75
time 58
note_off 66
time 105
note_off 56
time 45
note_off 60
time 28
note_on 77
velocity 56
time 398
note_off 80
time 417
note_on 37
velocity 33
time 169
note_on 75
velocity 54
time 14
note_off 77
time 2
note_off 37
time 18
note_on 77
velocity 57
time 348
note_off 75
time 15
note_on 56
velocity 33
time 23
note_on 65
velocity 34
time 524
note_on 73
velocity 54
time 20
note_on 61
velocity 37
time 3
note_off 65
time 106
note_on 63
velocity 38
time 445
note_on 66
velocity 36
time 11
note_on 70
velocity 51
time 13
note_off 77
time 10
note_off 73
time 5
note_off 61
time 26
note_off 56
time 52
note_on 72
velocity 47
time 302
note_on 56
velocity 36
time 28
note_off 70
time 18
note_off 66
time 188
note_off 63
time 63
note_off 56
time 57
note_on 75
velocity 44
time 234
note_off 72
time 57
note_on 37
velocity 36
time 1
note_on 68
velocity 41
time 14
note_off 75
time 63
note_off 37
time 7
note_on 73
velocity 54
time 476
note_on 56
velocity 34
time 5
note_off 68
time 28
note_on 65
velocity 39
time 541
note_on 61
velocity 43
time 10
note_off 65
time 131
note_off 61
time 83
note_on 66
velocity 42
time 315
note_on 60
velocity 42
time 3
note_on 75
velocity 65
time 5
note_off 56
time 5
note_off 73
time 7
note_on 56
velocity 46
time 191
note_on 78
velocity 73
time 2
note_off 66
time 119
note_off 56
time 42
note_off 75
time 1
note_off 60
time 19
note_on 82
velocity 68
time 419
note_off 78
time 70
note_on 37
velocity 32
time 540
note_on 80
velocity 58
time 11
note_off 37
time 11
note_on 78
velocity 57
time 394
note_on 56
velocity 29
time 1
note_off 82
time 37
note_off 80
time 40
note_off 78
time 161
note_on 77
velocity 53
time 326
note_on 65
velocity 38
time 29
note_on 61
velocity 34
time 18
note_off 65
time 96
note_off 61
time 121
note_on 66
velocity 35
time 10
note_on 60
velocity 32
time 3
note_on 75
velocity 47
time 6
note_off 77
time 1
note_off 56
time 2
note_on 56
velocity 28
time 122
note_on 73
velocity 46
time 16
note_off 75
time 27
note_off 66
time 162
note_off 56
time 58
note_off 60
time 29
note_on 75
velocity 45
time 346
note_on 72
velocity 35
time 5
note_off 73
time 9
note_off 72
time 367
note_on 73
velocity 43
time 338
note_on 37
velocity 33
time 19
note_on 77
velocity 47
time 1
note_off 75
time 16
note_off 37
time 0
note_on 56
velocity 35
time 423
note_on 72
velocity 40
time 26
note_off 73
time 48
note_on 65
velocity 41
time 481
note_on 61
velocity 37
time 1
note_off 72
time 3
note_on 70
velocity 48
time 10
note_off 65
time 109
note_off 77
time 393
note_on 63
velocity 45
time 1
note_on 66
velocity 48
time 5
note_on 75
velocity 66
time 1
note_on 72
velocity 62
time 2
note_off 61
time 1
note_off 70
time 9
note_off 56
time 14
note_on 80
velocity 50
time 136
note_on 70
velocity 53
time 42
note_on 56
velocity 24
time 20
note_off 72
time 0
note_off 75
time 69
note_off 66
time 29
note_off 63
time 54
note_off 56
time 35
note_off 70
time 231
note_on 68
velocity 45
time 167
note_on 77
velocity 43
time 10
note_off 80
time 309
note_on 70
velocity 40
time 19
note_on 37
velocity 32
time 0
note_on 75
velocity 43
time 15
note_off 77
time 11
note_off 68
time 11
note_off 37
time 3
note_on 68
velocity 43
time 364
note_on 56
velocity 30
time 9
note_on 77
velocity 48
time 5
note_off 75
time 92
note_off 68
time 46
note_off 77
time 145
note_on 61
velocity 38
time 260
note_on 73
velocity 46
time 15
note_on 65
velocity 41
time 1
note_off 70
time 45
note_on 63
velocity 38
time 2
note_on 66
velocity 46
time 0
note_on 70
velocity 46
time 5
note_off 56
time 3
note_off 61
time 3
note_off 65
time 7
note_off 73
time 5
note_on 65
velocity 33
time 144
note_on 72
velocity 46
time 1
note_on 56
velocity 25
time 6
note_off 66
time 40
note_off 65
time 49
note_off 63
time 11
note_off 56
time 109
note_on 63
velocity 34
time 382
note_on 75
velocity 40
time 18
note_off 70
time 148
note_off 72
time 15
note_off 63
time 48
note_off 75
time 5
note_on 66
velocity 40
time 14
note_on 37
velocity 35
time 11
note_on 68
velocity 43
time 3
note_off 66
time 19
note_on 66
velocity 4
time 0
note_off 37
time 5
note_on 56
velocity 34
time 475
note_on 65
velocity 44
time 10
note_on 73
velocity 41
time 36
note_off 66
time 42
note_off 68
time 6
note_off 65
time 37
note_on 70
velocity 60
time 408
note_on 61
velocity 38
time 9
note_off 73
time 0
note_on 65
velocity 41
time 11
note_off 65
time 98
note_off 61
time 130
note_off 70
time 175
note_on 63
velocity 46
time 59
note_on 75
velocity 59
time 5
note_on 66
velocity 46
time 2
note_on 72
velocity 57
time 5
note_off 56
time 0
note_off 72
time 1
note_on 78
velocity 66
time 126
note_off 75
time 2
note_on 56
velocity 39
time 2
note_on 70
velocity 61
time 7
note_off 70
time 154
note_off 66
time 28
note_off 63
time 67
note_off 56
time 88
note_on 68
velocity 58
time 182
note_on 82
velocity 69
time 5
note_off 68
time 131
note_off 78
time 2
note_off 82
time 257
note_on 80
velocity 70
time 1
note_on 37
velocity 47
time 1
note_on 77
velocity 62
time 10
note_off 37
time 0
note_on 85
velocity 58
time 403
note_on 72
velocity 42
time 19
note_on 56
velocity 39
time 18
note_off 85
time 92
note_off 72
time 11
note_on 82
velocity 48
time 429
note_on 65
velocity 44
time 3
note_on 61
velocity 40
time 13
note_on 73
velocity 46
time 13
note_off 77
time 52
note_off 65
time 45
note_off 80
time 18
note_off 61
time 83
note_on 78
velocity 62
time 15
note_on 66
velocity 45
time 2
note_on 75
velocity 58
time 2
note_on 63
velocity 46
time 13
note_off 82
time 1
note_off 73
time 7
note_off 66
time 3
note_off 56
time 3
note_on 84
velocity 54
time 335
note_on 70
velocity 44
time 26
note_on 56
velocity 37
time 29
note_off 84
time 11
note_off 70
time 153
note_off 56
time 49
note_off 63
time 49
note_off 78
time 50
note_on 80
velocity 52
time 218
note_on 72
velocity 42
time 10
note_off 75
time 6
note_on 37
velocity 36
time 15
note_on 77
velocity 46
time 3
note_off 80
time 9
note_on 73
velocity 45
time 2
note_off 72
time 15
note_off 37
time 5
note_off 73
time 359
note_on 82
velocity 48
time 27
note_on 68
velocity 41
time 11
note_on 56
velocity 36
time 19
note_off 82
time 91
note_off 68
time 33
note_off 77
time 348
note_on 78
velocity 50
time 6
note_on 65
velocity 35
time 2
note_on 61
velocity 35
time 9
note_on 70
velocity 43
time 3
note_off 65
time 74
note_on 66
velocity 34
time 428
note_on 63
velocity 36
time 10
note_on 75
velocity 48
time 10
note_off 78
time 11
note_on 72
velocity 39
time 15
note_off 61
time 0
note_off 70
time 23
note_off 56
time 16
note_off 66
time 13
note_on 80
velocity 41
time 274
note_on 66
velocity 32
time 2
note_on 56
velocity 23
time 41
note_off 63
time 57
note_off 66
time 42
note_off 80
time 3
note_off 56
time 117
note_on 68
velocity 32
time 330
note_on 77
velocity 41
time 20
note_off 72
time 16
note_off 75
time 65
note_off 68
time 5
note_on 70
velocity 40
time 14
note_on 37
velocity 27
time 10
note_on 75
velocity 36
time 15
note_off 70
time 6
note_on 70
velocity 6
time 0
note_off 77
time 14
note_off 37
time 3
note_off 75
time 377
note_on 77
velocity 47
time 13
note_on 56
velocity 40
time 7
note_on 68
velocity 42
time 16
note_off 68
time 118
note_off 77
time 41
note_on 73
velocity 48
time 359
note_on 61
velocity 39
time 1
note_on 65
velocity 41
time 1
note_off 70
time 22
note_off 73
time 540
note_on 66
velocity 41
time 7
note_on 63
velocity 32
time 1
note_on 70
velocity 36
time 13
note_off 65
time 11
note_off 56
time 2
note_off 61
time 7
note_on 72
velocity 37
time 126
note_on 56
velocity 31
time 16
note_on 65
velocity 25
time 3
note_off 65
time 62
note_off 63
time 46
note_off 66
time 69
note_off 56
time 45
note_on 63
velocity 23
time 425
note_on 75
velocity 23
time 13
note_off 70
time 69
note_off 72
time 0
note_off 75
time 74
note_off 63
time 74
note_on 37
velocity 22
time 18
note_on 68
velocity 42
time 5
note_on 66
velocity 32
time 9
note_off 37
time 13
note_on 65
velocity 39
time 140
note_off 65
time 253
note_off 66
time 40
note_on 56
velocity 33
time 14
note_on 73
velocity 44
time 9
note_on 63
velocity 46
time 233
note_off 68
time 18
note_off 63
time 57
note_on 61
velocity 51
time 199
note_on 65
velocity 45
time 3
note_off 73
time 2
note_off 61
time 66
note_off 65
time 9
note_on 70
velocity 59
time 125
note_off 70
time 122
note_on 73
velocity 52
time 119
note_on 66
velocity 47
time 16
note_on 75
velocity 60
time 6
note_on 63
velocity 46
time 6
note_off 56
time 2
note_on 72
velocity 66
time 1
note_off 72
time 55
note_on 78
velocity 74
time 62
note_on 56
velocity 53
time 28
note_off 75
time 23
note_off 73
time 3
note_off 66
time 53
note_off 78
time 15
note_on 70
velocity 70
time 44
note_off 63
time 13
note_off 56
time 28
note_off 70
time 33
note_on 82
velocity 69
time 139
note_on 68
velocity 57
time 14
note_off 68
time 44
note_on 68
velocity 29
time 0
note_on 78
velocity 73
time 114
note_off 68
time 44
note_off 82
time 44
note_on 37
velocity 40
time 13
note_on 80
velocity 74
time 7
note_off 37
time 2
note_on 77
velocity 61
time 108
note_on 56
velocity 46
time 175
note_on 85
velocity 60
time 29
note_off 77
time 6
note_off 85
time 162
note_on 75
velocity 59
time 1
note_off 78
time 54
note_off 80
time 92
note_off 75
time 9
note_on 82
velocity 58
time 33
note_on 77
velocity 57
time 7
note_on 65
velocity 47
time 19
note_on 61
velocity 44
time 42
note_off 65
time 27
note_on 73
velocity 52
time 95
note_off 77
time 14
note_off 61
time 11
note_off 82
time 178
note_off 73
time 15
note_on 78
velocity 62
time 0
note_on 66
velocity 42
time 5
note_on 63
velocity 42
time 22
note_off 56
time 18
note_on 74
velocity 47
time 7
note_off 74
time 13
note_on 84
velocity 48
time 5
note_on 75
velocity 38
time 5
note_off 84
time 0
note_on 56
velocity 36
time 3
note_off 75
time 7
note_off 78
time 3
note_off 66
time 98
note_on 68
velocity 48
time 9
note_off 63
time 75
note_off 56
time 27
note_on 76
velocity 46
time 220
note_on 80
velocity 48
time 27
note_off 68
time 10
note_on 68
velocity 34
time 290
note_off 80
time 29
note_off 76
time 31
note_on 37
velocity 33
time 2
note_on 77
velocity 41
time 18
note_on 80
velocity 43
time 16
note_off 68
time 14
note_off 37
time 5
note_on 68
velocity 32
time 39
note_off 80
time 19
note_off 77
time 152
note_off 68
time 2
note_on 56
velocity 24
time 220
note_on 65
velocity 31
time 571
note_on 61
velocity 11
time 35
note_off 65
time 74
note_off 61
time 66
note_on 66
velocity 30
time 451
note_on 60
velocity 27
time 41
note_on 80
velocity 45
time 15
note_on 75
velocity 40
time 7
note_off 56
time 9
note_off 80
time 3
note_on 68
velocity 41
time 1
note_off 75
time 6
note_off 68
time 256
note_on 80
velocity 52
time 18
note_on 56
velocity 34
time 13
note_off 80
time 151
note_on 68
velocity 34
time 40
note_off 66
time 14
note_off 56
time 63
note_off 60
time 24
note_on 80
velocity 49
time 236
note_on 77
velocity 47
time 13
note_off 68
time 10
note_off 77
time 140
note_off 80
time 20
note_on 68
velocity 45
time 2
note_off 68
time 10
note_on 80
velocity 51
time 0
note_on 75
velocity 44
time 3
note_on 37
velocity 33
time 7
note_off 37
time 3
note_on 68
velocity 43
time 11
note_off 80
time 48
note_off 75
time 74
note_on 80
velocity 63
time 210
note_on 77
velocity 56
time 9
note_on 56
velocity 26
time 31
note_off 68
time 7
note_on 68
velocity 39
time 125
note_off 77
time 6
note_off 80
time 14
note_on 80
velocity 63
time 285
note_on 65
velocity 43
time 5
note_off 68
time 10
note_on 73
velocity 53
time 9
note_on 61
velocity 41
time 2
note_off 65
time 58
note_off 80
time 59
note_off 73
time 16
note_on 68
velocity 51
time 14
note_off 68
time 279
note_on 66
velocity 44
time 9
note_on 63
velocity 42
time 3
note_on 80
velocity 57
time 9
note_on 70
velocity 54
time 3
note_off 61
time 9
note_off 56
time 55
note_off 70
time 10
note_off 80
time 2
note_on 68
velocity 48
time 6
note_off 68
time 26
note_on 80
velocity 59
time 6
note_on 56
velocity 43
time 11
note_on 72
velocity 55
time 10
note_off 72
time 108
note_off 80
time 41
note_on 68
velocity 51
time 14
note_off 66
time 79
note_off 63
time 100
note_off 56
time 11
note_on 80
velocity 53
time 101
note_off 68
time 20
note_on 75
velocity 46
time 20
note_off 80
time 119
note_off 75
time 37
note_on 68
velocity 37
time 35
note_on 37
velocity 30
time 5
note_on 80
velocity 51
time 6
note_off 68
time 0
note_off 80
time 15
note_off 37
time 9
note_on 68
velocity 42
time 20
note_on 80
velocity 57
time 270
note_on 56
velocity 39
time 11
note_on 72
velocity 49
time 11
note_off 68
time 20
note_off 72
time 122
note_off 80
time 0
note_on 68
velocity 57
time 32
note_on 80
velocity 61
time 243
note_on 65
velocity 50
time 9
note_on 61
velocity 48
time 9
note_on 73
velocity 62
time 0
note_off 68
time 9
note_off 65
time 66
note_off 80
time 92
note_off 61
time 1
note_on 68
velocity 58
time 10
note_off 73
time 15
note_on 66
velocity 48
time 230
note_on 60
velocity 49
time 11
note_on 80
velocity 74
time 5
note_on 74
velocity 67
time 7
note_off 68
time 9
note_off 56
time 1
note_on 68
velocity 70
time 10
note_off 74
time 10
note_off 80
time 5
note_on 80
velocity 72
time 148
note_on 75
velocity 71
time 16
note_on 56
velocity 45
time 1
note_off 68
time 33
note_on 68
velocity 74
time 130
note_off 66
time 31
note_off 75
time 6
note_off 80
time 0
note_off 56
time 92
note_off 60
time 2
note_off 68
time 118
note_on 76
velocity 69
time 7
note_on 80
velocity 69
time 11
note_on 68
velocity 66
time 162
note_off 80
time 11
note_off 76
time 41
note_on 37
velocity 41
time 14
note_on 80
velocity 75
time 6
note_on 77
velocity 71
time 6
note_off 68
time 16
note_off 37
time 24
note_off 80
time 92
note_on 68
velocity 59
time 10
note_off 77
time 11
note_off 68
time 45
note_on 82
velocity 65
time 190
note_on 77
velocity 66
time 7
note_on 56
velocity 43
time 7
note_off 82
time 93
note_off 77
time 35
note_on 68
velocity 60
time 35
note_on 79
velocity 52
time 259
note_off 68
time 1
note_on 61
velocity 49
time 2
note_on 65
velocity 47
time 0
note_on 77
velocity 61
time 3
note_off 79
time 82
note_off 65
time 1
note_off 77
time 70
note_off 61
time 11
note_on 68
velocity 56
time 16
note_on 66
velocity 39
time 335
note_on 60
velocity 39
time 9
note_on 80
velocity 58
time 7
note_on 78
velocity 57
time 1
note_off 68
time 10
note_off 56
time 9
note_on 68
velocity 45
time 11
note_off 78
time 13
note_off 80
time 7
note_on 82
velocity 54
time 213
note_on 78
velocity 50
time 6
note_off 68
time 1
note_on 56
velocity 40
time 14
note_off 82
time 101
note_off 66
time 20
note_off 56
time 20
note_off 60
time 26
note_off 78
time 13
note_on 68
velocity 41
time 31
note_on 78
velocity 39
time 319
note_off 68
time 28
note_on 79
velocity 53
time 23
note_off 78
time 187
note_off 79
time 61
note_on 68
velocity 40
time 26
note_off 68
time 37
note_on 37
velocity 31
time 505
note_on 80
velocity 45
time 1
note_on 77
velocity 16
time 11
note_off 37
time 0
note_off 80
time 1
note_on 82
velocity 50
time 46
note_off 82
time 58
note_on 80
velocity 49
time 57
note_off 80
time 28
note_on 82
velocity 58
time 31
note_off 82
time 42
note_on 80
velocity 61
time 23
note_off 80
time 37
note_on 82
velocity 67
time 22
note_on 56
velocity 30
time 44
note_off 82
time 19
note_on 80
velocity 69
time 15
note_off 80
time 48
note_on 82
velocity 63
time 10
note_off 82
time 75
note_on 80
velocity 66
time 27
note_off 80
time 31
note_on 82
velocity 60
time 9
note_off 82
time 57
note_on 80
velocity 49
time 15
note_on 82
velocity 56
time 39
note_off 80
time 6
note_off 77
time 70
note_off 82
time 41
note_on 80
velocity 59
time 5
note_on 65
velocity 36
time 7
note_off 80
time 16
note_on 61
velocity 17
time 9
note_on 79
velocity 55
time 11
note_off 65
time 9
note_on 80
velocity 54
time 1
note_off 79
time 45
note_on 85
velocity 37
time 62
note_off 80
time 29
note_on 82
velocity 61
time 0
note_off 85
time 14
note_on 63
velocity 37
time 6
note_on 66
velocity 42
time 6
note_off 82
time 0
note_on 77
velocity 59
time 11
note_off 56
time 19
note_off 77
time 23
note_on 78
velocity 65
time 7
note_off 61
time 1
note_on 84
velocity 56
time 6
note_off 78
time 3
note_off 84
time 14
note_on 80
velocity 62
time 10
note_off 80
time 15
note_on 56
velocity 43
time 11
note_on 76
velocity 53
time 15
note_off 76
time 53
note_on 77
velocity 59
time 26
note_off 66
time 87
note_off 77
time 11
note_on 82
velocity 52
time 5
note_on 78
velocity 53
time 66
note_off 82
time 0
note_off 63
time 11
note_off 56
time 49
note_off 78
time 27
note_on 74
velocity 50
time 13
note_off 74
time 83
note_on 75
velocity 52
time 26
note_on 80
velocity 56
time 117
note_off 75
time 27
note_on 77
velocity 47
time 55
note_off 80
time 6
note_off 77
time 102
note_on 37
velocity 37
time 15
note_on 72
velocity 50
time 3
note_off 72
time 1
note_off 37
time 9
note_on 73
velocity 47
time 3
note_on 78
velocity 38
time 7
note_off 78
time 10
note_off 73
time 1
note_on 75
velocity 50
time 6
note_off 75
time 62
note_on 71
velocity 56
time 37
note_on 56
velocity 35
time 39
note_off 71
time 29
note_on 72
velocity 56
time 23
note_on 77
velocity 51
time 100
note_off 72
time 19
note_off 77
time 50
note_on 73
velocity 52
time 6
note_off 73
time 66
note_on 69
velocity 52
time 24
note_on 65
velocity 37
time 19
note_on 61
velocity 34
time 29
note_off 65
time 10
note_off 69
time 11
note_on 70
velocity 58
time 29
note_off 61
time 11
note_on 75
velocity 43
time 117
note_off 70
time 35
note_off 75
time 10
note_on 72
velocity 51
time 16
note_off 72
time 55
note_on 67
velocity 51
time 42
note_on 66
velocity 42
time 5
note_on 60
velocity 36
time 7
note_off 67
time 16
note_off 56
time 1
note_on 68
velocity 60
time 10
note_on 72
velocity 51
time 2
note_off 68
time 3
note_off 72
time 18
note_on 70
velocity 57
time 5
note_off 70
time 11
note_on 67
velocity 55
time 13
note_on 56
velocity 35
time 5
note_off 67
time 11
note_on 68
velocity 59
time 7
note_off 66
time 11
note_off 68
time 27
note_on 70
velocity 58
time 15
note_off 70
time 24
note_off 60
time 14
note_off 56
time 45
note_on 72
velocity 69
time 3
note_off 72
time 85
note_on 73
velocity 65
time 37
note_off 73
time 70
note_on 75
velocity 59
time 16
note_off 75
time 87
note_on 77
velocity 61
time 36
note_off 77
time 95
note_on 78
velocity 57
time 19
note_on 37
velocity 30
time 0
note_off 78
time 11
note_on 79
velocity 56
time 18
note_off 37
time 14
note_off 79
time 18
note_on 80
velocity 59
time 7
note_off 80
time 19
note_on 81
velocity 73
time 9
note_off 81
time 32
note_on 83
velocity 65
time 7
note_on 56
velocity 52
time 37
note_off 83
time 2
note_on 82
velocity 58
time 24
note_off 82
time 50
note_on 84
velocity 60
time 31
note_off 56
time 22
note_on 56
velocity 3
time 0
note_off 84
time 19
note_on 83
velocity 69
time 55
note_off 83
time 39
note_on 85
velocity 61
time 28
note_off 85
time 66
note_on 65
velocity 38
time 29
note_on 84
velocity 72
time 0
note_on 61
velocity 44
time 10
note_off 65
time 24
note_off 84
time 39
note_off 61
time 1
note_on 86
velocity 47
time 29
note_off 86
time 33
note_on 85
velocity 61
time 28
note_off 85
time 70
note_on 87
velocity 65
time 26
note_off 87
time 3
note_on 66
velocity 41
time 9
note_on 86
velocity 67
time 0
note_on 60
velocity 39
time 3
note_off 56
time 1
note_off 86
time 9
note_off 66
time 1
note_on 66
velocity 6
time 0
note_on 88
velocity 63
time 0
note_off 88
time 3
note_on 87
velocity 63
time 3
note_off 87
time 6
note_on 89
velocity 65
time 32
note_off 89
time 48
note_on 56
velocity 43
time 67
note_on 88
velocity 67
time 0
note_off 88
time 48
note_on 90
velocity 64
time 39
note_off 90
time 67
note_on 89
velocity 66
time 36
note_off 66
time 92
note_off 89
time 0
note_on 91
velocity 60
time 5
note_off 91
time 44
note_off 60
time 45
note_on 90
velocity 61
time 20
note_off 56
time 23
note_off 90
time 54
note_on 92
velocity 65
time 27
note_off 92
time 16
note_on 91
velocity 62
time 0
note_off 91
time 18
note_on 94
velocity 62
time 5
note_off 94
time 46
note_on 37
velocity 37
time 9
note_on 92
velocity 57
time 24
note_off 37
time 15
note_on 101
velocity 59
time 2
note_off 92
time 5
note_on 99
velocity 62
time 49
note_off 101
time 20
note_on 97
velocity 66
time 42
note_off 99
time 15
note_off 97
time 48
note_on 89
velocity 59
time 28
note_on 56
velocity 41
time 7
note_on 97
velocity 60
time 71
note_off 89
time 2
note_on 96
velocity 64
time 96
note_off 97
time 83
note_on 94
velocity 66
time 15
note_off 96
time 16
note_on 65
velocity 49
time 58
note_off 94
time 2
note_on 61
velocity 41
time 26
note_on 85
velocity 55
time 7
note_off 65
time 14
note_off 85
time 49
note_on 94
velocity 49
time 3
note_off 61
time 11
note_on 92
velocity 60
time 126
note_off 94
time 57
note_on 90
velocity 59
time 22
note_off 92
time 14
note_off 90
time 0
note_on 63
velocity 34
time 13
note_on 66
velocity 37
time 7
note_on 82
velocity 59
time 1
note_off 56
time 15
note_off 82
time 10
note_on 90
velocity 52
time 23
note_on 89
velocity 60
time 13
note_off 90
time 11
note_on 87
velocity 63
time 14
note_off 89
time 5
note_off 87
time 9
note_on 78
velocity 56
time 11
note_on 56
velocity 30
time 13
note_off 78
time 36
note_on 87
velocity 37
time 72
note_off 87
time 37
note_on 85
velocity 54
time 28
note_off 66
time 2
note_off 63
time 62
note_off 85
time 37
note_on 84
velocity 56
time 5
note_off 56
time 9
note_off 84
time 44
note_on 75
velocity 39
time 88
note_off 75
time 72
note_on 84
velocity 59
time 6
note_on 82
velocity 53
time 136
note_off 84
time 98
note_on 80
velocity 54
time 23
note_off 82
time 5
note_off 80
time 24
note_on 37
velocity 32
time 11
note_on 80
velocity 50
time 0
note_on 77
velocity 40
time 9
note_off 37
time 5
note_off 80
time 74
note_off 77
time 165
note_on 56
velocity 34
time 395
note_on 89
velocity 44
time 31
note_on 85
velocity 41
time 6
note_on 61
velocity 30
time 645
note_on 65
velocity 32
time 26
note_off 65
time 128
note_off 89
time 88
note_off 85
time 23
note_on 78
velocity 43
time 6
note_on 82
velocity 47
time 7
note_off 61
time 10
note_on 66
velocity 38
time 287
note_on 63
velocity 31
time 1
note_off 82
time 10
note_on 87
velocity 47
time 9
note_on 84
velocity 57
time 6
note_off 78
time 22
note_off 87
time 57
note_off 56
time 6
note_off 84
time 0
note_on 77
velocity 38
time 1
note_on 80
velocity 57
time 0
note_off 77
time 7
note_off 80
time 3
note_on 85
velocity 52
time 2
note_on 82
velocity 58
time 5
note_off 85
time 5
note_off 82
time 35
note_on 78
velocity 57
time 0
note_on 56
velocity 35
time 18
note_on 75
velocity 54
time 16
note_off 78
time 14
note_off 75
time 1
note_on 80
velocity 57
time 20
note_on 84
velocity 63
time 6
note_off 84
time 3
note_off 80
time 2
note_on 77
velocity 52
time 13
note_on 73
velocity 42
time 28
note_off 73
time 10
note_off 77
time 2
note_on 78
velocity 61
time 14
note_on 82
velocity 57
time 18
note_off 82
time 79
note_off 78
time 7
note_on 75
velocity 59
time 31
note_on 72
velocity 43
time 7
note_off 66
time 3
note_off 72
time 28
note_off 75
time 55
note_off 63
time 5
note_on 80
velocity 53
time 16
note_on 77
velocity 59
time 2
note_off 56
time 11
note_off 80
time 46
note_off 77
time 28
note_on 73
velocity 62
time 11
note_on 70
velocity 51
time 7
note_off 70
time 63
note_off 73
time 11
note_on 78
velocity 44
time 69
note_on 68
velocity 57
time 52
note_off 78
time 0
note_on 72
velocity 56
time 45
note_off 68
time 62
note_off 72
time 157
note_on 37
velocity 34
time 15
note_on 77
velocity 47
time 1
note_on 73
velocity 39
time 13
note_off 37
time 18
note_on 56
velocity 30
time 174
note_off 73
time 196
note_on 68
velocity 36
time 22
note_on 72
velocity 39
time 9
note_off 77
time 14
note_off 72
time 109
note_on 73
velocity 44
time 138
note_on 77
velocity 43
time 7
note_on 65
velocity 27
time 1
note_off 68
time 1
note_on 61
velocity 28
time 16
note_off 65
time 74
note_on 68
velocity 39
time 100
note_off 77
time 3
note_on 70
velocity 48
time 40
note_off 73
time 31
note_off 68
time 84
note_off 70
time 80
note_on 63
velocity 39
time 5
note_on 73
velocity 36
time 5
note_on 77
velocity 50
time 1
note_off 56
time 14
note_off 61
time 14
note_off 77
time 15
note_on 70
velocity 44
time 7
note_off 73
time 11
note_on 66
velocity 42
time 6
note_off 70
time 1
note_on 77
velocity 58
time 0
note_on 73
velocity 58
time 2
note_off 66
time 11
note_off 77
time 15
note_on 56
velocity 39
time 13
note_on 70
velocity 61
time 1
note_on 66
velocity 45
time 2
note_off 73
time 18
note_on 73
velocity 42
time 32
note_off 70
time 18
note_on 77
velocity 51
time 1
note_off 66
time 5
note_off 63
time 2
note_off 56
time 26
note_off 77
time 32
note_off 73
time 19
note_on 66
velocity 51
time 52
note_on 70
velocity 32
time 0
note_off 70
time 145
note_on 75
velocity 57
time 39
note_off 66
time 2
note_on 72
velocity 45
time 3
note_off 75
time 221
note_off 72
time 3
note_on 70
velocity 48
time 24
note_on 66
velocity 40
time 35
note_off 70
time 46
note_off 66
time 16
note_on 37
velocity 33
time 5
note_on 68
velocity 47
time 11
note_on 65
velocity 38
time 5
note_off 37
time 16
note_on 69
velocity 63
time 2
note_off 68
time 2
note_on 66
velocity 44
time 1
note_off 65
time 7
note_off 66
time 0
note_off 69
time 2
note_on 67
velocity 55
time 75
note_on 70
velocity 57
time 15
note_off 67
time 83
note_on 71
velocity 67
time 19
note_on 68
velocity 58
time 7
note_on 56
velocity 47
time 18
note_off 70
time 27
note_off 71
time 58
note_off 68
time 20
note_on 72
velocity 62
time 10
note_on 69
velocity 69
time 3
note_off 69
time 75
note_off 72
time 11
note_on 70
velocity 57
time 16
note_on 73
velocity 67
time 0
note_on 74
velocity 68
time 119
note_off 73
time 3
note_off 70
time 11
note_on 65
velocity 36
time 13
note_off 74
time 9
note_on 61
velocity 41
time 24
note_off 65
time 11
note_off 61
time 49
note_on 72
velocity 60
time 28
note_on 75
velocity 61
time 15
note_off 72
time 27
note_on 76
velocity 72
time 70
note_on 73
velocity 59
time 5
note_off 75
time 36
note_on 60
velocity 44
time 0
note_off 76
time 2
note_off 73
time 9
note_on 77
velocity 64
time 5
note_on 66
velocity 41
time 1
note_off 56
time 5
note_on 74
velocity 64
time 10
note_off 77
time 18
note_off 74
time 1
note_on 78
velocity 71
time 10
note_on 75
velocity 59
time 5
note_on 79
velocity 73
time 54
note_off 75
time 7
note_off 78
time 0
note_on 76
velocity 32
time 26
note_off 79
time 9
note_off 76
time 29
note_on 56
velocity 54
time 1
note_on 77
velocity 69
time 57
note_on 80
velocity 68
time 6
note_off 66
time 32
note_off 77
time 37
note_on 81
velocity 79
time 23
note_on 78
velocity 71
time 5
note_off 60
time 3
note_off 56
time 2
note_off 80
time 32
note_off 78
time 37
note_on 83
velocity 63
time 33
note_off 81
time 2
note_on 79
velocity 70
time 11
note_off 83
time 45
note_off 79
time 54
note_on 82
velocity 72
time 1
note_on 80
velocity 71
time 9
note_off 82
time 134
note_on 84
velocity 67
time 24
note_on 79
velocity 52
time 2
note_on 83
velocity 62
time 0
note_on 81
velocity 65
time 7
note_off 80
time 1
note_off 79
time 123
note_off 81
time 15
note_off 83
time 14
note_off 84
time 9
note_on 37
velocity 58
time 5
note_off 37
time 7
note_on 83
velocity 47
time 0
note_on 87
velocity 73
time 7
note_off 83
time 18
note_off 87
time 111
note_on 88
velocity 67
time 13
note_on 86
velocity 77
time 11
note_on 56
velocity 54
time 71
note_off 86
time 15
note_off 88
time 29
note_on 89
velocity 64
time 7
note_on 87
velocity 72
time 2
note_off 89
time 48
note_on 89
velocity 17
time 0
note_off 89
time 57
note_on 88
velocity 54
time 6
note_on 91
velocity 76
time 19
note_off 87
time 9
note_off 88
time 74
note_off 91
time 9
note_on 90
velocity 83
time 23
note_on 88
velocity 24
time 6
note_off 88
time 15
note_on 65
velocity 39
time 42
note_off 90
time 10
note_on 61
velocity 49
time 41
note_off 65
time 11
note_off 61
time 57
note_on 92
velocity 72
time 19
note_on 89
velocity 65
time 13
note_on 94
velocity 69
time 154
note_off 89
time 1
note_off 92
time 7
note_on 90
velocity 69
time 10
note_on 92
velocity 73
time 149
note_on 89
velocity 63
time 3
note_off 94
time 5
note_off 90
time 6
note_off 89
time 7
note_off 92
time 0
note_on 66
velocity 38
time 2
note_on 60
velocity 36
time 6
note_on 94
velocity 61
time 5
note_on 90
velocity 55
time 14
note_off 56
time 59
note_off 94
time 15
note_off 90
time 2
note_on 92
velocity 59
time 10
note_on 87
velocity 45
time 0
note_off 87
time 2
note_off 92
time 11
note_on 90
velocity 63
time 18
note_on 94
velocity 55
time 0
note_off 90
time 6
note_off 94
time 0
note_on 85
velocity 56
time 13
note_on 56
velocity 42
time 6
note_on 92
velocity 55
time 0
note_off 85
time 1
note_off 92
time 9
note_on 90
velocity 60
time 9
note_on 94
velocity 53
time 5
note_off 90
time 88
note_off 94
time 20
note_on 92
velocity 51
time 5
note_on 84
velocity 35
time 28
note_off 84
time 149
note_on 90
velocity 58
time 13
note_off 92
time 16
note_on 94
velocity 47
time 40
note_off 66
time 95
note_off 60
time 72
note_off 94
time 1
note_off 90
time 20
note_on 92
velocity 56
time 7
note_off 56
time 10
note_on 82
velocity 44
time 5
note_on 90
velocity 49
time 256
note_on 94
velocity 51
time 54
note_off 94
time 61
note_off 92
time 9
note_off 82
time 57
note_off 90
time 174
note_on 92
velocity 52
time 7
note_on 37
velocity 32
time 2
note_on 80
velocity 26
time 2
note_on 89
velocity 52
time 6
note_off 80
time 18
note_off 92
time 11
note_off 37
time 48
note_on 97
velocity 60
time 63
note_off 89
time 180
note_off 97
time 187
note_on 56
velocity 31
time 54
note_on 97
velocity 54
time 503
note_on 65
velocity 39
time 44
note_on 89
velocity 58
time 16
note_off 97
time 13
note_on 61
velocity 32
time 14
note_off 65
time 93
note_off 89
time 50
note_on 80
velocity 56
time 23
note_off 80
time 139
note_on 66
velocity 39
time 13
note_on 90
velocity 64
time 14
note_on 63
velocity 42
time 2
note_on 80
velocity 39
time 7
note_off 80
time 6
note_off 56
time 14
note_on 96
velocity 61
time 0
note_off 90
time 15
note_off 96
time 0
note_on 56
velocity 48
time 123
note_on 92
velocity 69
time 26
note_on 84
velocity 59
time 32
note_off 92
time 23
note_on 75
velocity 58
time 140
note_off 84
time 11
note_off 75
time 39
note_off 66
time 20
note_off 63
time 66
note_off 56
time 28
note_off 61
time 5
note_on 78
velocity 62
time 126
note_on 87
velocity 55
time 0
note_off 78
time 49
note_off 87
time 141
note_on 94
velocity 61
time 57
note_off 94
time 48
note_on 37
velocity 35
time 13
note_on 94
velocity 39
time 0
note_on 85
velocity 56
time 9
note_off 94
time 20
note_off 37
time 13
note_off 85
time 11
note_on 76
velocity 50
time 13
note_off 76
time 65
note_on 85
velocity 54
time 250
note_on 56
velocity 31
time 5
note_on 77
velocity 33
time 13
note_off 77
time 39
note_off 85
time 119
note_on 92
velocity 60
time 16
note_off 92
time 31
note_on 65
velocity 41
time 302
note_on 61
velocity 41
time 2
note_on 80
velocity 55
time 10
note_on 89
velocity 18
time 7
note_on 88
velocity 32
time 11
note_off 89
time 16
note_off 88
time 27
note_off 65
time 9
note_on 73
velocity 54
time 109
note_off 80
time 2
note_off 73
time 100
note_on 66
velocity 40
time 13
note_on 63
velocity 41
time 15
note_on 73
velocity 50
time 3
note_on 80
velocity 49
time 11
note_off 73
time 7
note_off 80
time 3
note_on 80
velocity 6
time 0
note_off 56
time 15
note_on 89
velocity 54
time 3
note_off 89
time 14
note_off 80
time 0
note_on 87
velocity 55
time 217
note_on 80
velocity 56
time 22
note_on 56
velocity 34
time 5
note_off 87
time 33
note_off 80
time 115
note_on 72
velocity 42
time 36
note_off 72
time 29
note_off 66
time 261
note_on 68
velocity 41
time 62
note_on 78
velocity 55
time 3
note_off 63
time 9
note_off 61
time 14
note_off 68
time 22
note_off 56
time 14
note_on 84
velocity 52
time 160
note_off 84
time 31
note_off 78
time 36
note_on 80
velocity 51
time 0
note_on 37
velocity 35
time 14
note_on 75
velocity 50
time 5
note_off 80
time 24
note_off 37
time 3
note_on 65
velocity 48
time 18
note_off 65
time 76
note_off 75
time 28
note_on 73
velocity 57
time 177
note_on 65
velocity 41
time 11
note_on 56
velocity 40
time 6
note_off 65
time 33
note_on 80
velocity 68
time 143
note_off 73
time 3
note_off 80
time 54
note_on 65
velocity 45
time 231
note_on 61
velocity 49
time 6
note_on 85
velocity 63
time 1
note_on 77
velocity 65
time 20
note_off 65
time 16
note_off 85
time 13
note_on 68
velocity 56
time 148
note_off 77
time 18
note_off 68
time 105
note_on 66
velocity 46
time 18
note_on 63
velocity 40
time 10
note_on 68
velocity 61
time 5
note_on 78
velocity 63
time 11
note_off 68
time 5
note_off 66
time 26
note_on 66
velocity 5
time 0
note_off 78
time 1
note_on 87
velocity 57
time 14
note_off 56
time 1
note_off 87
time 2
note_on 90
velocity 72
time 214
note_on 56
velocity 52
time 10
note_on 84
velocity 69
time 13
note_off 90
time 69
note_on 75
velocity 64
time 108
note_off 75
time 33
note_off 84
time 6
note_off 66
time 16
note_off 63
time 101
note_off 61
time 11
note_off 56
time 2
note_on 78
velocity 71
time 96
note_on 87
velocity 73
time 7
note_off 78
time 57
note_on 94
velocity 73
time 118
note_off 87
time 54
note_off 94
time 31
note_on 94
velocity 67
time 7
note_on 37
velocity 43
time 5
note_on 85
velocity 65
time 18
note_off 94
time 10
note_off 37
time 5
note_off 85
time 9
note_on 76
velocity 64
time 41
note_off 76
time 115
note_on 56
velocity 38
time 152
note_on 77
velocity 62
time 11
note_on 85
velocity 68
time 1
note_off 77
time 55
note_off 85
time 55
note_on 92
velocity 73
time 70
note_off 92
time 36
note_on 97
velocity 72
time 272
note_on 65
velocity 48
time 7
note_on 61
velocity 49
time 14
note_on 89
velocity 70
time 3
note_off 97
time 42
note_off 65
time 29
note_off 89
time 33
note_on 80
velocity 63
time 65
note_off 80
time 134
note_on 66
velocity 45
time 14
note_on 90
velocity 66
time 15
note_on 63
velocity 41
time 2
note_on 80
velocity 46
time 2
note_off 80
time 16
note_off 90
time 6
note_off 56
time 0
note_on 99
velocity 54
time 3
note_off 99
time 13
note_on 101
velocity 68
time 273
note_on 92
velocity 64
time 23
note_off 101
time 35
note_off 92
time 126
note_on 87
velocity 59
time 408
note_on 78
velocity 45
time 18
note_off 78
time 28
note_off 66
time 65
note_off 87
time 27
note_off 63
time 37
note_off 61
time 18
note_on 96
velocity 54
time 46
note_off 96
time 62
note_on 85
velocity 45
time 7
note_on 37
velocity 30
time 2
note_on 77
velocity 39
time 15
note_off 77
time 6
note_off 85
time 50
note_off 37
time 66
note_on 97
velocity 65
time 325
note_off 97
time 325
note_on 56
velocity 24
time 187
note_on 93
velocity 56
time 9
note_on 96
velocity 48
time 6
note_off 93
time 10
note_off 96
time 0
note_on 96
velocity 53
time 9
note_on 93
velocity 58
time 7
note_off 93
time 13
note_off 96
time 84
note_on 92
velocity 63
time 29
note_on 95
velocity 53
time 6
note_on 61
velocity 41
time 23
note_on 65
velocity 37
time 14
note_off 65
time 66
note_on 91
velocity 58
time 44
note_on 94
velocity 62
time 13
note_off 61
time 9
note_off 92
time 23
note_off 91
time 2
note_off 94
time 3
note_off 95
time 5
note_on 94
velocity 61
time 93
note_on 91
velocity 56
time 5
note_off 94
time 18
note_off 91
time 20
note_on 60
velocity 46
time 3
note_on 66
velocity 48
time 5
note_on 90
velocity 67
time 2
note_on 93
velocity 63
time 5
note_off 56
time 2
note_off 93
time 6
note_on 92
velocity 70
time 3
note_off 90
time 2
note_on 89
velocity 58
time 2
note_off 89
time 14
note_off 92
time 3
note_on 92
velocity 60
time 3
note_on 89
velocity 69
time 0
note_off 89
time 35
note_off 92
time 3
note_on 88
velocity 59
time 101
note_on 56
velocity 45
time 1
note_on 91
velocity 61
time 14
note_off 91
time 110
note_on 90
velocity 73
time 2
note_off 88
time 5
note_on 87
velocity 51
time 20
note_off 90
time 22
note_off 87
time 6
note_on 90
velocity 62
time 74
note_on 87
velocity 73
time 5
note_off 66
time 29
note_off 90
time 20
note_off 87
time 10
note_off 60
time 37
note_on 86
velocity 66
time 28
note_off 56
time 16
note_on 89
velocity 67
time 2
note_off 86
time 83
note_on 88
velocity 67
time 15
note_off 89
time 0
note_on 85
velocity 55
time 27
note_off 88
time 20
note_off 85
time 3
note_on 88
velocity 55
time 91
note_on 85
velocity 59
time 7
note_on 37
velocity 40
time 11
note_off 88
time 10
note_on 84
velocity 59
time 5
note_on 87
velocity 61
time 1
note_off 85
time 2
note_off 87
time 13
note_off 84
time 1
note_off 37
time 0
note_on 86
velocity 66
time 7
note_on 83
velocity 57
time 1
note_off 83
time 28
note_off 86
time 6
note_on 83
velocity 44
time 114
note_on 86
velocity 60
time 2
note_off 86
time 84
note_off 83
time 6
note_on 56
velocity 45
time 5
note_on 85
velocity 64
time 11
note_on 82
velocity 60
time 2
note_off 85
time 61
note_on 81
velocity 72
time 65
note_off 82
time 9
note_on 84
velocity 60
time 7
note_off 81
time 14
note_off 84
time 10
note_on 84
velocity 62
time 98
note_on 81
velocity 36
time 23
note_off 81
time 50
note_off 84
time 48
note_on 80
velocity 64
time 9
note_on 83
velocity 58
time 2
note_on 65
velocity 46
time 11
note_on 61
velocity 43
time 20
note_off 65
time 42
note_off 61
time 48
note_off 83
time 19
note_on 83
velocity 5
time 0
note_on 79
velocity 53
time 1
note_off 80
time 14
note_on 82
velocity 47
time 9
note_off 83
time 13
note_off 79
time 1
note_off 82
time 16
note_on 82
velocity 45
time 88
note_on 79
velocity 48
time 10
note_off 82
time 20
note_off 79
time 9
note_on 66
velocity 45
time 27
note_on 60
velocity 40
time 10
note_on 78
velocity 57
time 5
note_on 81
velocity 50
time 9
note_off 56
time 11
note_on 77
velocity 57
time 18
note_off 81
time 7
note_off 78
time 2
note_on 80
velocity 65
time 5
note_off 77
time 0
note_off 80
time 7
note_on 80
velocity 52
time 7
note_on 77
velocity 56
time 9
note_off 77
time 2
note_off 80
time 3
note_on 76
velocity 60
time 2
note_on 79
velocity 57
time 1
note_off 76
time 9
note_on 56
velocity 3
time 22
note_off 79
time 6
note_on 75
velocity 53
time 13
note_on 78
velocity 60
time 3
note_off 75
time 31
note_off 78
time 11
note_on 78
velocity 53
time 101
note_on 75
velocity 53
time 9
note_off 78
time 48
note_off 75
time 16
note_on 74
velocity 47
time 82
note_on 77
velocity 56
time 0
note_off 74
time 40
note_off 66
time 72
note_on 72
velocity 57
time 50
note_off 77
time 14
note_off 60
time 3
note_off 72
time 11
note_on 75
velocity 57
time 3
note_off 56
time 23
note_off 75
time 58
note_on 76
velocity 56
time 58
note_on 70
velocity 57
time 9
note_off 70
time 66
note_off 76
time 3
note_on 68
velocity 47
time 10
note_on 37
velocity 36
time 0
note_off 37
time 2
note_on 78
velocity 52
time 0
note_on 75
velocity 50
time 1
note_off 78
time 82
note_on 73
velocity 51
time 29
note_off 68
time 7
note_on 77
velocity 47
time 0
note_off 77
time 91
note_off 75
time 3
note_off 73
time 20
note_on 56
velocity 40
time 48
note_on 68
velocity 57
time 75
note_on 77
velocity 57
time 126
note_on 73
velocity 59
time 27
note_off 68
time 83
note_off 77
time 29
note_on 75
velocity 50
time 20
note_on 72
velocity 51
time 9
note_off 73
time 50
note_off 72
time 14
note_off 75
time 1
note_on 65
velocity 41
time 46
note_on 68
velocity 56
time 13
note_on 61
velocity 44
time 15
note_off 65
time 41
note_off 61
time 45
note_on 72
velocity 55
time 18
note_on 75
velocity 50
time 26
note_on 77
velocity 60
time 127
note_on 73
velocity 56
time 11
note_off 72
time 29
note_off 68
time 6
note_off 75
time 7
note_off 73
time 5
note_off 77
time 16
note_on 60
velocity 43
time 3
note_on 66
velocity 49
time 2
note_on 68
velocity 50
time 5
note_off 56
time 20
note_on 77
velocity 51
time 10
note_on 80
velocity 62
time 9
note_off 68
time 16
note_on 75
velocity 56
time 2
note_on 78
velocity 64
time 14
note_off 80
time 1
note_off 77
time 16
note_off 75
time 16
note_off 78
time 5
note_on 56
velocity 45
time 44
note_on 68
velocity 62
time 0
note_off 66
time 42
note_on 78
velocity 62
time 97
note_off 60
time 2
note_on 75
velocity 61
time 7
note_off 56
time 31
note_off 68
time 49
note_on 74
velocity 57
time 37
note_on 77
velocity 67
time 5
note_off 78
time 52
note_off 75
time 44
note_on 68
velocity 63
time 49
note_off 74
time 1
note_off 77
time 6
note_on 77
velocity 65
time 140
note_on 74
velocity 65
time 2
note_off 68
time 18
note_on 75
velocity 68
time 119
note_on 78
velocity 66
time 6
note_off 74
time 23
note_off 77
time 32
note_off 78
time 10
note_on 37
velocity 40
time 15
note_on 68
velocity 64
time 0
note_off 75
time 22
note_off 37
time 14
note_on 75
velocity 63
time 23
note_on 78
velocity 61
time 14
note_off 68
time 75
note_on 79
velocity 69
time 50
note_on 76
velocity 73
time 1
note_off 75
time 50
note_on 68
velocity 74
time 75
note_off 78
time 1
note_off 79
time 0
note_on 56
velocity 52
time 16
note_off 76
time 5
note_on 76
velocity 65
time 111
note_on 79
velocity 74
time 28
note_off 68
time 6
note_on 80
velocity 77
time 125
note_on 77
velocity 72
time 3
note_off 76
time 66
note_off 79
time 16
note_on 68
velocity 68
time 46
note_on 65
velocity 48
time 3
note_off 77
time 3
note_off 80
time 7
note_on 61
velocity 46
time 11
note_off 65
time 46
note_off 61
time 65
note_on 80
velocity 71
time 11
note_off 68
time 1
note_on 77
velocity 57
time 2
note_on 78
velocity 65
time 126
note_on 81
velocity 62
time 19
note_off 80
time 80
note_off 77
time 5
note_off 78
time 22
note_off 81
time 9
note_on 68
velocity 54
time 15
note_on 66
velocity 37
time 5
note_on 60
velocity 34
time 14
note_off 56
time 67
note_off 68
time 6
note_on 78
velocity 52
time 0
note_on 81
velocity 52
time 2
note_on 80
velocity 55
time 19
note_off 81
time 19
note_on 77
velocity 46
time 10
note_off 78
time 6
note_off 77
time 28
note_off 80
time 10
note_on 68
velocity 43
time 92
note_on 56
velocity 28
time 3
note_on 77
velocity 44
time 7
note_off 68
time 2
note_on 80
velocity 48
time 7
note_off 66
time 11
note_on 79
velocity 47
time 10
note_on 76
velocity 43
time 15
note_off 80
time 3
note_off 60
time 5
note_off 77
time 1
note_off 56
time 2
note_off 76
time 14
note_off 79
time 1
note_on 68
velocity 41
time 14
note_on 76
velocity 43
time 24
note_on 79
velocity 47
time 13
note_off 79
time 175
note_on 78
velocity 49
time 6
note_off 68
time 10
note_on 75
velocity 42
time 19
note_off 76
time 7
note_off 78
time 5
note_off 75
time 5
note_on 73
velocity 41
time 3
note_on 37
velocity 25
time 10
note_on 77
velocity 47
time 0
note_on 68
velocity 29
time 1
note_off 68
time 15
note_off 73
time 14
note_off 77
time 5
note_off 37
time 7
note_on 80
velocity 54
time 213
note_on 77
velocity 42
time 44
note_off 77
time 35
note_off 80
time 39
note_on 56
velocity 40
time 152
note_on 77
velocity 48
time 19
note_on 85
velocity 56
time 0
note_on 80
velocity 48
time 31
note_off 77
time 33
note_off 85
time 1
note_off 80
time 13
note_on 78
velocity 60
time 156
note_on 87
velocity 53
time 13
note_off 78
time 20
note_on 80
velocity 48
time 9
note_off 87
time 27
note_off 80
time 2
note_on 80
velocity 54
time 154
note_on 65
velocity 44
time 6
note_on 61
velocity 43
time 3
note_on 89
velocity 65
time 9
note_on 85
velocity 59
time 13
note_off 65
time 49
note_off 80
time 0
note_off 85
time 31
note_off 89
time 15
note_on 90
velocity 65
time 115
note_on 82
velocity 61
time 3
note_on 85
velocity 62
time 19
note_off 90
time 58
note_off 85
time 20
note_off 82
time 2
note_on 89
velocity 66
time 10
note_on 63
velocity 42
time 7
note_on 66
velocity 44
time 9
note_on 84
velocity 66
time 1
note_on 80
velocity 53
time 6
note_off 66
time 40
note_on 66
velocity 5
time 0
note_off 89
time 1
note_off 80
time 14
note_off 84
time 5
note_off 56
time 13
note_on 78
velocity 54
time 14
note_on 87
velocity 60
time 0
note_on 84
velocity 66
time 3
note_off 87
time 58
note_off 84
time 18
note_off 78
time 5
note_on 84
velocity 62
time 164
note_on 78
velocity 51
time 15
note_on 75
velocity 49
time 2
note_off 75
time 61
note_off 84
time 7
note_off 78
time 31
note_on 78
velocity 59
time 178
note_on 73
velocity 19
time 22
note_off 73
time 57
note_off 78
time 63
note_on 78
velocity 36
time 111
note_on 80
velocity 50
time 22
note_on 72
velocity 40
time 5
note_off 72
time 29
note_off 66
time 2
note_off 80
time 27
note_off 78
time 9
note_off 61
time 53
note_off 63
time 3
note_on 82
velocity 53
time 76
note_on 78
velocity 53
time 22
note_on 73
velocity 38
time 23
note_off 78
time 29
note_off 73
time 5
note_off 82
time 19
note_on 73
velocity 44
time 115
note_on 82
velocity 36
time 10
note_on 78
velocity 59
time 1
note_off 73
time 35
note_off 78
time 40
note_off 82
time 6
note_on 80
velocity 44
time 7
note_on 37
velocity 26
time 6
note_on 75
velocity 28
time 1
note_on 77
velocity 45
time 20
note_off 75
time 11
note_off 37
time 19
note_off 77
time 9
note_off 80
time 0
note_on 77
velocity 53
time 157
note_on 73
velocity 39
time 18
note_on 80
velocity 58
time 2
note_off 77
time 27
note_off 73
time 5
note_off 80
time 20
note_on 85
velocity 59
time 195
note_on 56
velocity 41
time 14
note_on 77
velocity 47
time 5
note_on 82
velocity 52
time 2
note_off 85
time 44
note_off 77
time 6
note_off 82
time 0
note_on 85
velocity 62
time 123
note_on 80
velocity 61
time 3
note_off 80
time 27
note_off 85
time 6
note_on 80
velocity 61
time 130
note_on 90
velocity 70
time 6
note_off 80
time 52
note_on 85
velocity 28
time 7
note_off 85
time 50
note_off 90
time 20
note_on 89
velocity 63
time 50
note_on 61
velocity 41
time 9
note_on 65
velocity 37
time 11
note_on 80
velocity 39
time 5
note_on 85
velocity 57
time 10
note_off 80
time 24
note_off 85
time 6
note_off 89
time 10
note_off 65
time 70
note_on 80
velocity 60
time 31
note_on 92
velocity 74
time 6
note_off 92
time 27
note_off 80
time 3
note_on 85
velocity 53
time 154
note_on 92
velocity 53
time 1
note_on 97
velocity 62
time 13
note_off 85
time 16
note_off 92
time 27
note_off 97
time 31
note_on 97
velocity 57
time 2
note_on 63
velocity 42
time 20
note_on 66
velocity 40
time 1
note_on 92
velocity 54
time 5
note_on 87
velocity 43
time 5
note_off 66
time 3
note_on 66
velocity 3
time 0
note_off 87
time 0
note_on 87
velocity 17
time 0
note_on 96
velocity 72
time 16
note_off 97
time 0
note_off 61
time 1
note_off 87
time 1
note_off 92
time 11
note_off 96
time 0
note_off 56
time 15
note_on 94
velocity 83
time 5
note_on 87
velocity 55
time 2
note_off 87
time 10
note_off 94
time 24
note_on 84
velocity 65
time 50
note_on 87
velocity 69
time 9
note_on 92
velocity 70
time 0
note_off 84
time 23
note_on 56
velocity 38
time 5
note_off 92
time 1
note_off 87
time 1
note_on 78
velocity 64
time 138
note_on 82
velocity 56
time 7
note_off 78
time 18
note_on 87
velocity 45
time 1
note_off 82
time 19
note_off 87
time 22
note_on 89
velocity 64
time 109
note_on 80
velocity 58
time 3
note_off 89
time 24
note_off 80
time 7
note_on 87
velocity 66
time 139
note_on 78
velocity 67
time 3
note_on 82
velocity 57
time 14
note_off 78
time 29
note_off 87
time 3
note_off 82
time 18
note_off 66
time 7
note_off 63
time 96
note_off 56
time 39
note_on 82
velocity 57
time 1
note_on 73
velocity 46
time 3
note_off 73
time 36
note_off 82
time 63
note_on 72
velocity 57
time 101
note_on 80
velocity 56
time 2
note_off 72
time 28
note_off 80
time 0
note_on 37
velocity 41
time 14
note_on 68
velocity 52
time 2
note_off 68
time 65
note_on 68
velocity 3
time 0
note_on 80
velocity 55
time 0
note_off 37
time 9
note_off 68
time 14
note_on 72
velocity 54
time 14
note_off 80
time 19
note_off 72
time 2
note_on 70
velocity 28
time 14
note_off 70
time 40
note_on 56
velocity 46
time 20
note_on 70
velocity 54
time 29
note_on 80
velocity 62
time 67
note_off 70
time 16
note_on 73
velocity 56
time 70
note_off 80
time 6
note_off 73
time 7
note_on 72
velocity 58
time 5
note_off 72
time 24
note_on 61
velocity 44
time 14
note_on 65
velocity 46
time 11
note_on 72
velocity 60
time 29
note_off 65
time 15
note_off 61
time 76
note_on 80
velocity 58
time 29
note_off 72
time 41
note_on 75
velocity 50
time 63
note_off 80
time 58
note_on 73
velocity 59
time 31
note_off 75
time 24
note_on 63
velocity 33
time 5
note_on 66
velocity 45
time 1
note_off 73
time 11
note_on 70
velocity 50
time 7
note_off 56
time 20
note_on 80
velocity 50
time 14
note_off 70
time 2
note_on 73
velocity 58
time 14
note_off 80
time 15
note_off 73
time 1
note_on 72
velocity 54
time 5
note_off 72
time 11
note_on 56
velocity 40
time 6
note_on 72
velocity 66
time 18
note_off 66
time 23
note_on 80
velocity 68
time 19
note_off 72
time 20
note_off 63
time 5
note_on 75
velocity 66
time 15
note_off 56
time 1
note_off 80
time 32
note_off 75
time 14
note_on 73
velocity 60
time 2
note_off 73
time 0
note_on 73
velocity 71
time 7
note_on 80
velocity 70
time 29
note_off 73
time 74
note_on 77
velocity 66
time 20
note_off 80
time 24
note_on 75
velocity 72
time 49
note_off 77
time 7
note_on 37
velocity 42
time 11
note_on 73
velocity 63
time 7
note_off 75
time 3
note_off 37
time 3
note_on 82
velocity 62
time 0
note_off 73
time 3
note_off 82
time 0
note_on 82
velocity 35
time 0
note_on 77
velocity 66
time 13
note_off 82
time 5
note_on 76
velocity 59
time 23
note_off 77
time 23
note_off 76
time 2
note_on 75
velocity 67
time 3
note_on 56
velocity 54
time 11
note_off 75
time 6
note_on 84
velocity 74
time 3
note_on 78
velocity 75
time 15
note_off 84
time 10
note_on 77
velocity 73
time 5
note_off 78
time 40
note_on 76
velocity 66
time 3
note_on 65
velocity 53
time 2
note_off 77
time 2
note_on 61
velocity 44
time 1
note_off 65
time 5
note_on 85
velocity 65
time 13
note_off 61
time 15
note_on 79
velocity 64
time 5
note_off 76
time 11
note_on 78
velocity 72
time 52
note_off 85
time 2
note_off 79
time 26
note_off 78
time 93
note_on 60
velocity 41
time 10
note_on 77
velocity 58
time 0
note_on 66
velocity 39
time 3
note_off 56
time 11
note_on 86
velocity 60
time 16
note_off 77
time 33
note_on 80
velocity 58
time 3
note_off 86
time 13
note_on 79
velocity 61
time 2
note_off 80
time 13
note_off 79
time 9
note_on 56
velocity 39
time 7
note_on 78
velocity 57
time 3
note_on 87
velocity 53
time 125
note_off 78
time 62
note_on 81
velocity 46
time 45
note_off 87
time 69
note_off 66
time 22
note_off 81
time 11
note_on 80
velocity 57
time 2
note_off 60
time 59
note_off 56
time 14
note_off 80
time 33
note_on 79
velocity 49
time 41
note_on 88
velocity 49
time 18
note_off 79
time 108
note_off 88
time 22
note_on 82
velocity 47
time 11
note_on 81
velocity 55
time 119
note_off 82
time 33
note_off 81
time 19
note_on 37
velocity 34
time 404
note_on 89
velocity 51
time 1
note_on 80
velocity 46
time 11
note_off 37
time 3
note_off 80
time 31
note_off 89
time 3
note_on 82
velocity 54
time 526
note_on 56
velocity 30
time 3
note_off 82
time 84
note_on 90
velocity 48
time 42
note_on 82
velocity 40
time 76
note_off 90
time 40
note_off 82
time 6
note_on 80
velocity 62
time 32
note_off 80
time 61
note_on 89
velocity 66
time 26
note_on 80
velocity 63
time 61
note_off 89
time 9
note_off 80
time 72
note_on 82
velocity 68
time 2
note_on 65
velocity 36
time 16
note_on 61
velocity 34
time 9
note_off 82
time 28
note_on 90
velocity 61
time 28
note_off 65
time 18
note_on 82
velocity 61
time 39
note_off 90
time 24
note_on 77
velocity 68
time 70
note_off 82
time 0
note_off 77
time 76
note_on 85
velocity 61
time 11
note_on 77
velocity 49
time 40
note_off 85
time 71
note_on 80
velocity 76
time 5
note_off 77
time 14
note_on 66
velocity 44
time 2
note_on 63
velocity 33
time 19
note_on 89
velocity 74
time 15
note_off 80
time 18
note_off 66
time 2
note_on 66
velocity 10
time 0
note_off 89
time 11
note_on 80
velocity 59
time 7
note_on 78
velocity 77
time 15
note_off 80
time 16
note_off 56
time 2
note_off 78
time 9
note_on 87
velocity 61
time 0
note_on 88
velocity 53
time 13
note_off 88
time 1
note_on 78
velocity 75
time 3
note_off 87
time 2
note_off 78
time 11
note_on 80
velocity 73
time 2
note_off 80
time 20
note_on 89
velocity 67
time 6
note_off 89
time 35
note_on 80
velocity 55
time 10
note_on 75
velocity 72
time 9
note_off 80
time 1
note_off 75
time 10
note_on 84
velocity 65
time 13
note_on 75
velocity 57
time 7
note_off 84
time 16
note_off 66
time 22
note_off 75
time 48
note_on 78
velocity 71
time 10
note_off 63
time 23
note_off 61
time 20
note_off 78
time 23
note_on 87
velocity 58
time 33
note_off 87
time 46
note_on 78
velocity 65
time 32
note_off 78
time 49
note_on 77
velocity 62
time 11
note_off 77
time 76
note_on 85
velocity 70
time 11
note_on 77
velocity 56
time 89
note_off 85
time 14
note_off 77
time 10
note_on 78
velocity 63
time 5
note_on 37
velocity 38
time 1
note_off 78
time 23
note_on 87
velocity 59
time 2
note_off 37
time 6
note_off 87
time 13
note_on 78
velocity 76
time 6
note_off 78
time 10
note_on 73
velocity 61
time 2
note_off 73
time 5
note_on 82
velocity 74
time 24
note_on 73
velocity 70
time 26
note_off 82
time 23
note_off 73
time 14
note_on 77
velocity 73
time 0
note_on 56
velocity 40
time 35
note_off 77
time 54
note_on 85
velocity 58
time 15
note_on 77
velocity 56
time 50
note_off 85
time 18
note_on 75
velocity 66
time 71
note_off 77
time 1
note_off 75
time 45
note_on 84
velocity 72
time 19
note_on 75
velocity 66
time 70
note_off 84
time 5
note_off 75
time 61
note_on 77
velocity 68
time 11
note_on 65
velocity 43
time 3
note_on 61
velocity 41
time 22
note_off 77
time 18
note_on 85
velocity 70
time 27
note_off 65
time 3
note_off 85
time 76
note_on 77
velocity 59
time 5
note_off 77
time 53
note_on 72
velocity 74
time 13
note_off 61
time 24
note_off 72
time 15
note_on 80
velocity 70
time 18
note_on 72
velocity 63
time 5
note_off 80
time 7
note_on 75
velocity 76
time 18
note_off 72
time 3
note_on 66
velocity 47
time 6
note_on 63
velocity 43
time 2
note_on 84
velocity 74
time 6
note_off 75
time 7
note_off 84
time 11
note_on 75
velocity 67
time 5
note_off 56
time 11
note_on 73
velocity 61
time 18
note_off 75
time 7
note_off 73
time 14
note_on 82
velocity 75
time 5
note_on 73
velocity 72
time 33
note_off 82
time 18
note_off 73
time 13
note_on 75
velocity 66
time 13
note_on 56
velocity 12
time 11
note_off 75
time 1
note_on 84
velocity 66
time 14
note_off 84
time 28
note_on 75
velocity 70
time 13
note_off 75
time 16
note_on 70
velocity 63
time 15
note_off 70
time 15
note_on 78
velocity 64
time 14
note_off 66
time 11
note_on 70
velocity 57
time 19
note_off 78
time 9
note_off 70
time 57
note_on 73
velocity 60
time 19
note_off 63
time 5
note_off 73
time 63
note_off 56
time 1
note_on 82
velocity 63
time 35
note_on 73
velocity 46
time 87
note_off 82
time 0
note_off 73
time 70
note_on 72
velocity 61
time 9
note_off 72
time 87
note_on 80
velocity 59
time 26
note_off 80
time 46
note_on 72
velocity 48
time 66
note_off 72
time 44
note_on 68
velocity 51
time 2
note_on 37
velocity 28
time 6
note_off 68
time 84
note_on 77
velocity 62
time 16
note_off 77
time 9
note_on 68
velocity 65
time 11
note_off 37
time 3
note_off 68
time 14
note_on 69
velocity 51
time 1
note_off 69
time 9
note_on 78
velocity 71
time 3
note_on 69
velocity 68
time 5
note_off 78
time 1
note_off 69
time 16
note_on 70
velocity 71
time 1
note_on 56
velocity 48
time 0
note_on 79
velocity 76
time 11
note_off 70
time 1
note_on 70
velocity 65
time 14
note_off 79
time 5
note_on 71
velocity 75
time 15
note_off 70
time 2
note_off 71
time 7
note_on 80
velocity 73
time 31
note_off 80
time 76
note_on 71
velocity 72
time 3
note_off 71
time 36
note_on 72
velocity 75
time 1
note_on 65
velocity 43
time 15
note_off 72
time 1
note_on 61
velocity 44
time 10
note_on 81
velocity 67
time 16
note_off 65
time 1
note_off 61
time 16
note_off 81
time 1
note_on 72
velocity 74
time 13
note_off 72
time 13
note_on 73
velocity 69
time 7
note_off 73
time 37
note_on 82
velocity 72
time 16
note_on 73
velocity 62
time 100
note_off 82
time 5
note_off 73
time 45
note_on 66
velocity 42
time 3
note_on 74
velocity 68
time 2
note_on 60
velocity 42
time 10
note_off 74
time 5
note_on 83
velocity 71
time 16
note_off 56
time 27
note_on 74
velocity 62
time 5
note_off 83
time 5
note_off 74
time 11
note_on 75
velocity 71
time 1
note_on 84
velocity 71
time 7
note_off 75
time 2
note_on 75
velocity 58
time 2
note_off 84
time 0
note_on 76
velocity 71
time 18
note_off 75
time 0
note_off 76
time 0
note_on 56
velocity 37
time 15
note_on 85
velocity 64
time 2
note_off 85
time 46
note_on 76
velocity 73
time 28
note_off 76
time 11
note_on 77
velocity 73
time 3
note_off 77
time 5
note_on 86
velocity 57
time 3
note_off 86
time 44
note_on 77
velocity 73
time 14
note_off 66
time 24
note_off 77
time 57
note_on 78
velocity 71
time 11
note_off 78
time 26
note_on 87
velocity 74
time 20
note_off 60
time 2
note_off 56
time 37
note_on 78
velocity 66
time 46
note_off 87
time 19
note_off 78
time 39
note_on 79
velocity 67
time 15
note_off 79
time 36
note_on 88
velocity 74
time 36
note_on 79
velocity 72
time 63
note_off 88
time 32
note_off 79
time 3
note_on 80
velocity 73
time 3
note_on 37
velocity 35
time 16
note_off 80
time 42
note_on 89
velocity 71
time 9
note_off 37
time 11
note_on 80
velocity 73
time 14
note_off 89
time 7
note_off 80
time 11
note_on 81
velocity 73
time 0
note_off 81
time 35
note_on 90
velocity 75
time 26
note_on 81
velocity 76
time 74
note_off 90
time 16
note_off 81
time 62
note_on 82
velocity 70
time 5
note_on 56
velocity 47
time 13
note_off 82
time 61
note_on 91
velocity 73
time 0
note_on 82
velocity 76
time 78
note_off 91
time 5
note_off 82
time 61
note_on 83
velocity 69
time 5
note_off 83
time 36
note_on 92
velocity 67
time 41
note_off 92
time 48
note_on 83
velocity 71
time 33
note_off 83
time 48
note_on 65
velocity 47
time 3
note_on 84
velocity 74
time 3
note_on 61
velocity 50
time 13
note_off 65
time 11
note_off 61
time 40
note_off 84
time 7
note_on 93
velocity 48
time 24
note_off 93
time 31
note_on 84
velocity 62
time 13
note_off 84
time 83
note_on 85
velocity 67
time 10
note_off 85
time 46
note_on 94
velocity 67
time 26
note_on 85
velocity 55
time 85
note_off 94
time 11
note_on 66
velocity 39
time 27
note_off 85
time 2
note_on 60
velocity 33
time 0
note_on 86
velocity 66
time 7
note_off 86
time 10
note_on 95
velocity 65
time 28
note_off 56
time 9
note_on 86
velocity 62
time 26
note_off 95
time 1
note_off 86
time 13
note_on 87
velocity 69
time 2
note_off 87
time 7
note_on 96
velocity 74
time 3
note_off 96
time 16
note_on 87
velocity 65
time 10
note_off 87
time 6
note_on 88
velocity 67
time 7
note_on 56
velocity 35
time 0
note_off 88
time 15
note_on 97
velocity 63
time 39
note_off 97
time 35
note_on 88
velocity 66
time 52
note_off 88
time 46
note_on 89
velocity 65
time 27
note_off 89
time 52
note_on 98
velocity 58
time 28
note_off 98
time 58
note_on 89
velocity 65
time 11
note_off 66
time 29
note_off 89
time 50
note_on 90
velocity 61
time 15
note_off 60
time 13
note_off 90
time 28
note_on 99
velocity 75
time 6
note_off 56
time 19
note_off 99
time 80
note_on 90
velocity 66
time 10
note_off 90
time 55
note_on 91
velocity 58
time 24
note_off 91
time 50
note_on 100
velocity 66
time 36
note_off 100
time 115
note_on 91
velocity 50
time 6
note_off 91
time 33
note_on 37
velocity 27
time 263
note_on 92
velocity 52
time 11
note_off 37
time 11
note_off 92
time 0
note_on 101
velocity 55
time 2
note_on 100
velocity 61
time 7
note_off 101
time 14
note_on 99
velocity 66
time 85
note_off 100
time 2
note_on 97
velocity 63
time 61
note_off 99
time 15
note_off 97
time 13
note_on 96
velocity 64
time 1
note_on 56
velocity 27
time 2
note_off 96
time 36
note_on 94
velocity 72
time 13
note_on 92
velocity 62
time 57
note_off 94
time 16
note_off 92
time 24
note_on 90
velocity 73
time 22
note_on 89
velocity 63
time 65
note_off 90
time 2
note_off 89
time 55
note_on 88
velocity 71
time 13
note_off 88
time 57
note_on 87
velocity 76
time 18
note_off 87
time 74
note_on 85
velocity 68
time 11
note_off 85
time 66
note_on 84
velocity 47
time 10
note_off 84
time 29
note_on 82
velocity 72
time 14
note_on 61
velocity 37
time 13
note_on 80
velocity 65
time 65
note_off 82
time 3
note_on 65
velocity 23
time 14
note_off 80
time 28
note_on 78
velocity 69
time 9
note_off 78
time 76
note_on 77
velocity 53
time 11
note_off 65
time 3
note_off 77
time 41
note_off 61
time 1
note_on 76
velocity 52
time 31
note_off 76
time 29
note_on 75
velocity 59
time 39
note_on 73
velocity 64
time 67
note_off 75
time 18
note_off 73
time 18
note_on 72
velocity 63
time 35
note_off 72
time 39
note_on 60
velocity 35
time 169
note_on 66
velocity 34
time 9
note_on 69
velocity 57
time 10
note_off 56
time 69
note_off 69
time 63
note_on 71
velocity 48
time 9
note_off 71
time 2
note_on 69
velocity 52
time 1
note_off 69
time 19
note_on 71
velocity 48
time 7
note_off 71
time 24
note_on 69
velocity 62
time 11
note_off 69
time 16
note_on 71
velocity 59
time 18
note_off 71
time 15
note_on 69
velocity 62
time 23
note_off 69
time 23
note_on 71
velocity 49
time 28
note_off 71
time 24
note_on 69
velocity 60
time 37
note_off 69
time 42
note_on 71
velocity 72
time 3
note_off 71
time 45
note_on 69
velocity 58
time 50
note_off 69
time 20
note_on 56
velocity 31
time 13
note_on 71
velocity 60
time 15
note_off 71
time 23
note_on 69
velocity 64
time 39
note_on 71
velocity 65
time 57
note_off 69
time 3
note_off 71
time 57
note_on 69
velocity 50
time 10
note_off 69
time 61
note_on 71
velocity 54
time 5
note_off 71
time 35
note_on 69
velocity 56
time 33
note_off 69
time 46
note_on 71
velocity 56
time 16
note_off 71
time 24
note_on 69
velocity 52
time 32
note_off 69
time 49
note_on 71
velocity 64
time 20
note_off 71
time 18
note_on 69
velocity 68
time 16
note_off 69
time 67
note_on 68
velocity 58
time 15
note_off 66
time 15
note_off 60
time 2
note_off 68
time 16
note_on 70
velocity 50
time 3
note_off 56
time 1
note_off 70
time 44
note_on 68
velocity 45
time 13
note_off 68
time 45
note_on 70
velocity 52
time 48
note_off 70
time 50
note_on 68
velocity 57
time 31
note_off 68
time 45
note_on 70
velocity 57
time 42
note_off 70
time 52
note_on 68
velocity 47
time 63
note_off 68
time 26
note_on 70
velocity 56
time 40
note_off 70
time 66
note_on 68
velocity 48
time 27
note_off 68
time 13
note_on 37
velocity 30
time 7
note_on 70
velocity 46
time 9
note_off 70
time 23
note_on 68
velocity 43
time 11
note_off 68
time 6
note_on 70
velocity 50
time 11
note_off 37
time 1
note_off 70
time 11
note_on 68
velocity 48
time 15
note_off 68
time 15
note_on 70
velocity 55
time 16
note_off 70
time 40
note_on 68
velocity 54
time 1
note_off 68
time 26
note_on 70
velocity 68
time 31
note_off 70
time 24
note_on 68
velocity 61
time 20
note_off 68
time 19
note_on 70
velocity 55
time 11
note_off 70
time 89
note_on 68
velocity 45
time 20
note_off 68
time 1
note_on 65
velocity 55
time 18
note_on 56
velocity 37
time 2
note_off 65
time 14
note_on 68
velocity 42
time 0
note_off 68
time 16
note_on 73
velocity 49
time 0
note_off 73
time 10
note_on 77
velocity 70
time 2
note_off 77
time 16
note_on 82
velocity 70
time 16
note_off 82
time 7
note_on 80
velocity 80
time 14
note_off 80
time 74
note_on 80
velocity 73
time 216
note_off 80
time 35
note_on 94
velocity 67
time 128
note_on 92
velocity 61
time 11
note_on 65
velocity 29
time 0
note_off 94
time 0
note_on 61
velocity 25
time 5
note_off 92
time 7
note_off 65
time 6
note_off 61
time 14
note_on 60
velocity 30
time 417
note_on 66
velocity 37
time 11
note_on 68
velocity 41
time 6
note_off 56
time 1
note_off 68
time 2
note_on 70
velocity 47
time 2
note_off 66
time 5
note_off 70
time 5
note_on 68
velocity 45
time 15
note_off 68
time 28
note_on 70
velocity 54
time 0
note_off 70
time 9
note_on 68
velocity 64
time 19
note_off 68
time 26
note_on 70
velocity 72
time 26
note_off 70
time 62
note_on 68
velocity 63
time 26
note_off 68
time 23
note_on 70
velocity 60
time 13
note_off 70
time 97
note_on 68
velocity 53
time 1
note_off 60
time 3
note_on 56
velocity 40
time 15
note_off 68
time 1
note_on 66
velocity 59
time 37
note_off 66
time 16
note_on 68
velocity 56
time 9
note_off 68
time 18
note_on 72
velocity 59
time 0
note_off 72
time 14
note_on 78
velocity 37
time 9
note_off 78
time 5
note_on 82
velocity 69
time 13
note_off 82
time 2
note_on 80
velocity 80
time 22
note_off 80
time 69
note_on 80
velocity 59
time 57
note_off 80
time 50
note_on 80
velocity 65
time 66
note_off 80
time 52
note_on 94
velocity 66
time 109
note_off 56
time 14
note_off 94
time 250
note_on 92
velocity 59
time 20
note_off 92
time 102
note_on 37
velocity 31
time 710
note_on 97
velocity 42
time 14
note_off 37
time 15
note_off 97
time 14
note_on 94
velocity 52
time 13
note_on 97
velocity 55
time 2
note_off 97
time 10
note_off 94
time 7
note_on 92
velocity 65
time 11
note_off 92
time 10
note_on 97
velocity 56
time 14
note_off 97
time 9
note_on 89
velocity 52
time 7
note_off 89
time 23
note_on 56
velocity 37
time 16
note_on 97
velocity 61
time 0
note_off 97
time 50
note_on 90
velocity 61
time 5
note_off 90
time 0
note_on 97
velocity 63
time 22
note_on 89
velocity 67
time 27
note_off 97
time 3
note_off 89
time 67
note_on 97
velocity 66
time 0
note_off 97
time 50
note_on 85
velocity 68
time 13
note_on 65
velocity 39
time 67
note_off 85
time 0
note_on 61
velocity 42
time 10
note_on 97
velocity 71
time 6
note_off 97
time 109
note_off 65
time 18
note_on 89
velocity 50
time 1
note_off 89
time 5
note_on 85
velocity 75
time 7
note_off 85
time 10
note_on 96
velocity 68
time 10
note_on 95
velocity 49
time 36
note_off 96
time 3
note_off 95
time 7
note_on 89
velocity 71
time 2
note_off 61
time 9
note_off 89
time 7
note_on 94
velocity 78
time 1
note_off 94
time 2
note_on 63
velocity 42
time 26
note_on 66
velocity 39
time 1
note_on 84
velocity 65
time 31
note_on 93
velocity 73
time 2
note_off 84
time 10
note_off 56
time 6
note_off 93
time 18
note_on 90
velocity 67
time 2
note_on 92
velocity 71
time 14
note_off 90
time 6
note_on 84
velocity 64
time 11
note_off 92
time 2
note_off 84
time 6
note_on 91
velocity 61
time 24
note_on 56
velocity 40
time 16
note_off 91
time 2
note_on 87
velocity 65
time 14
note_on 90
velocity 71
time 15
note_off 87
time 6
note_off 90
time 2
note_on 81
velocity 70
time 13
note_off 81
time 3
note_on 89
velocity 68
time 7
note_off 89
time 16
note_on 84
velocity 54
time 16
note_off 84
time 18
note_on 87
velocity 71
time 5
note_off 66
time 13
note_off 87
time 62
note_on 80
velocity 65
time 1
note_off 63
time 10
note_off 80
time 58
note_off 56
time 9
note_on 90
velocity 70
time 11
note_off 90
time 39
note_on 78
velocity 71
time 33
note_off 78
time 48
note_on 84
velocity 51
time 75
note_on 80
velocity 60
time 76
note_off 84
time 11
note_off 80
time 3
note_on 85
velocity 49
time 5
note_on 37
velocity 30
time 7
note_off 85
time 16
note_on 82
velocity 52
time 11
note_off 37
time 18
note_on 85
velocity 65
time 13
note_off 82
time 20
note_off 85
time 69
note_on 80
velocity 65
time 7
note_off 80
time 15
note_on 85
velocity 53
time 16
note_off 85
time 1
note_on 77
velocity 25
time 42
note_off 77
time 48
note_on 85
velocity 68
time 5
note_on 56
velocity 34
time 5
note_off 85
time 27
note_on 78
velocity 68
time 6
note_off 78
time 74
note_on 85
velocity 65
time 7
note_off 85
time 111
note_on 77
velocity 41
time 32
note_off 77
time 53
note_on 85
velocity 63
time 1
note_off 85
time 102
note_on 73
velocity 66
time 15
note_on 65
velocity 38
time 89
note_on 85
velocity 66
time 11
note_off 73
time 5
note_on 61
velocity 32
time 37
note_off 85
time 89
note_off 65
time 15
note_on 77
velocity 49
time 5
note_on 73
velocity 73
time 26
note_off 77
time 7
note_on 84
velocity 81
time 67
note_off 73
time 18
note_off 84
time 69
note_on 77
velocity 69
time 14
note_on 82
velocity 70
time 7
note_off 77
time 3
note_on 66
velocity 45
time 2
note_off 82
time 3
note_on 63
velocity 40
time 10
note_off 66
time 14
note_on 66
velocity 12
time 0
note_on 72
velocity 65
time 3
note_off 61
time 15
note_on 81
velocity 66
time 0
note_off 56
time 0
note_off 72
time 19
note_on 78
velocity 66
time 15
note_off 81
time 13
note_on 80
velocity 66
time 24
note_off 78
time 9
note_off 80
time 41
note_on 72
velocity 61
time 1
note_off 72
time 0
note_on 56
velocity 39
time 27
note_on 79
velocity 65
time 5
note_off 79
time 16
note_on 75
velocity 62
time 26
note_on 78
velocity 70
time 14
note_off 75
time 11
note_off 78
time 14
note_on 69
velocity 65
time 7
note_off 69
time 15
note_on 77
velocity 59
time 29
note_off 77
time 13
note_on 72
velocity 53
time 10
note_off 66
time 7
note_off 72
time 1
note_on 75
velocity 61
time 10
note_off 63
time 10
note_on 68
velocity 58
time 28
note_off 56
time 15
note_off 68
time 26
note_on 78
velocity 59
time 27
note_off 75
time 16
note_off 78
time 2
note_on 66
velocity 48
time 87
note_on 73
velocity 31
time 50
note_off 66
time 10
note_off 73
time 33
note_on 72
velocity 51
time 22
note_on 68
velocity 43
time 122
note_off 72
time 350
note_on 73
velocity 44
time 5
note_on 37
velocity 29
time 1
note_on 65
velocity 41
time 7
note_off 68
time 3
note_off 37
time 16
note_off 65
time 53
note_off 73
time 46
note_on 56
velocity 26
time 470
note_on 65
velocity 35
time 19
note_on 61
velocity 25
time 26
note_on 73
velocity 40
time 13
note_off 65
time 0
note_off 61
time 16
note_on 66
velocity 34
time 88
note_on 63
velocity 30
time 13
note_on 72
velocity 55
time 14
note_off 73
time 5
note_off 56
time 1
note_on 73
velocity 65
time 18
note_on 75
velocity 64
time 16
note_on 56
velocity 44
time 6
note_on 78
velocity 75
time 15
note_off 66
time 3
note_off 72
time 15
note_off 63
time 54
note_off 56
time 16
note_off 73
time 10
note_on 82
velocity 64
time 109
note_off 75
time 145
note_off 82
time 46
note_off 78
time 41
note_on 70
velocity 51
time 37
note_on 37
velocity 33
time 15
note_on 68
velocity 45
time 7
note_off 70
time 70
note_off 37
time 0
note_off 68
time 175
note_on 56
velocity 27
time 37
note_on 65
velocity 32
time 484
note_on 61
velocity 22
time 35
note_on 68
velocity 45
time 13
note_off 65
time 121
note_on 63
velocity 32
time 19
note_on 66
velocity 45
time 9
note_off 68
time 5
note_off 56
time 54
note_off 61
time 0
note_on 68
velocity 53
time 0
note_on 72
velocity 62
time 75
note_on 56
velocity 38
time 20
note_off 63
time 174
note_off 56
time 37
note_on 75
velocity 65
time 11
note_off 68
time 41
note_off 66
time 23
note_on 78
velocity 60
time 166
note_on 66
velocity 55
time 207
note_off 78
time 61
note_off 66
time 58
note_off 72
time 28
note_off 75
time 10
note_on 37
velocity 32
time 15
note_on 65
velocity 45
time 7
note_off 37
time 18
note_off 65
time 11
note_on 56
velocity 40
time 358
note_on 80
velocity 74
time 213
note_on 65
velocity 50
time 212
note_on 61
velocity 48
time 28
note_on 79
velocity 71
time 19
note_off 80
time 44
note_off 65
time 3
note_on 80
velocity 75
time 171
note_off 79
time 76
note_on 66
velocity 47
time 141
note_on 63
velocity 51
time 11
note_on 82
velocity 76
time 16
note_off 61
time 22
note_off 80
time 15
note_off 56
time 7
note_on 80
velocity 86
time 10
note_off 82
time 88
note_on 56
velocity 55
time 67
note_on 72
velocity 60
time 27
note_off 66
time 186
note_on 78
velocity 76
time 29
note_off 72
time 29
note_off 63
time 16
note_off 80
time 0
note_off 56
time 31
note_on 84
velocity 75
time 165
note_off 78
time 31
note_off 84
time 35
note_on 90
velocity 49
time 156
note_off 90
time 161
note_on 37
velocity 46
time 18
note_on 89
velocity 63
time 2
note_off 37
time 1
note_on 87
velocity 71
time 143
note_on 56
velocity 44
time 246
note_on 85
velocity 71
time 7
note_off 89
time 46
note_off 87
time 83
note_off 85
time 46
note_on 77
velocity 63
time 40
note_on 61
velocity 43
time 239
note_on 65
velocity 43
time 5
note_on 80
velocity 64
time 10
note_off 65
time 110
note_off 77
time 53
note_off 61
time 5
note_on 84
velocity 59
time 76
note_off 80
time 23
note_on 60
velocity 35
time 261
note_on 66
velocity 35
time 5
note_on 82
velocity 55
time 5
note_off 84
time 7
note_off 56
time 19
note_on 78
velocity 53
time 125
note_off 82
time 16
note_off 78
time 10
note_on 56
velocity 37
time 0
note_on 75
velocity 44
time 9
note_off 75
time 156
note_on 70
velocity 51
time 33
note_off 66
time 127
note_off 60
time 70
note_off 56
time 24
note_on 72
velocity 44
time 88
note_off 70
time 50
note_off 72
time 177
note_on 75
velocity 41
time 80
note_off 75
time 428
note_on 68
velocity 40
time 15
note_on 37
velocity 30
time 5
note_off 37
time 18
note_on 56
velocity 33
time 16
note_on 65
velocity 31
time 26
note_on 61
velocity 15
time 5
note_off 65
time 13
note_off 61
time 10
note_on 66
velocity 33
time 283
note_on 60
velocity 26
time 13
note_off 68
time 9
note_on 67
velocity 45
time 9
note_off 56
time 20
note_off 67
time 0
note_on 68
velocity 43
time 9
note_off 68
time 14
note_on 70
velocity 52
time 1
note_off 70
time 6
note_on 72
velocity 60
time 3
note_on 56
velocity 36
time 7
note_off 72
time 31
note_off 66
time 63
note_on 75
velocity 62
time 5
note_off 60
time 3
note_off 75
time 6
note_off 56
time 15
note_on 77
velocity 63
time 58
note_off 77
time 54
note_on 78
velocity 60
time 13
note_on 82
velocity 59
time 145
note_off 78
time 1
note_on 37
velocity 28
time 11
note_on 80
velocity 53
time 16
note_off 82
time 13
note_off 37
time 3
note_on 56
velocity 19
time 14
note_on 65
velocity 33
time 122
note_on 61
velocity 24
time 31
note_off 65
time 66
note_off 61
time 59
note_on 66
velocity 34
time 169
note_on 60
velocity 30
time 1
note_off 80
time 55
note_on 79
velocity 47
time 16
note_off 56
time 10
note_on 80
velocity 48
time 3
note_off 79
time 13
note_on 84
velocity 39
time 16
note_off 80
time 1
note_on 82
velocity 58
time 7
note_on 56
velocity 26
time 19
note_off 84
time 11
note_on 80
velocity 59
time 20
note_off 66
time 11
note_off 82
time 14
note_on 78
velocity 61
time 69
note_off 80
time 0
note_off 60
time 6
note_off 56
time 9
note_off 78
time 19
note_on 75
velocity 53
time 28
note_off 75
time 52
note_on 70
velocity 49
time 13
note_off 70
time 101
note_on 72
velocity 52
time 41
note_off 72
time 10
note_on 37
velocity 32
time 22
note_on 70
velocity 46
time 9
note_off 37
time 13
note_off 70
time 14
note_on 68
velocity 62
time 6
note_off 68
time 36
note_on 75
velocity 54
time 20
note_off 75
time 16
note_on 73
velocity 69
time 11
note_on 56
velocity 47
time 2
note_on 75
velocity 68
time 10
note_off 73
time 0
note_on 78
velocity 71
time 10
note_off 75
time 15
note_on 65
velocity 54
time 5
note_on 61
velocity 58
time 5
note_off 78
time 6
note_on 77
velocity 78
time 1
note_off 65
time 9
note_on 78
velocity 80
time 11
note_off 77
time 18
note_on 82
velocity 83
time 66
note_off 78
time 22
note_off 82
time 31
note_on 63
velocity 52
time 117
note_on 66
velocity 50
time 10
note_on 80
velocity 79
time 6
note_off 61
time 18
note_on 92
velocity 78
time 14
note_off 56
time 1
note_off 80
time 16
note_on 82
velocity 73
time 33
note_off 92
time 2
note_on 92
velocity 67
time 166
note_on 56
velocity 42
time 44
note_off 82
time 96
note_on 85
velocity 60
time 14
note_off 92
time 0
note_off 85
time 158
note_off 66
time 1
note_on 92
velocity 67
time 6
note_off 63
time 75
note_off 92
time 33
note_off 56
time 35
note_on 84
velocity 64
time 15
note_on 92
velocity 63
time 157
note_off 84
time 88
note_on 89
velocity 62
time 88
note_off 92
time 125
note_on 87
velocity 60
time 16
note_off 89
time 6
note_on 37
velocity 37
time 1
note_off 87
time 10
note_off 37
time 3
note_on 85
velocity 70
time 6
note_on 97
velocity 71
time 149
note_off 85
time 118
note_on 96
velocity 68
time 19
note_on 56
velocity 43
time 6
note_on 94
velocity 69
time 128
note_off 97
time 85
note_off 96
time 3
note_on 92
velocity 68
time 31
note_off 94
time 69
note_off 92
time 52
note_on 89
velocity 53
time 44
note_on 61
velocity 39
time 1
note_on 65
velocity 43
time 3
note_off 65
time 58
note_off 89
time 15
note_off 61
time 19
note_on 87
velocity 62
time 16
note_off 87
time 118
note_on 85
velocity 60
time 15
note_off 85
time 119
note_on 60
velocity 40
time 19
note_on 66
velocity 42
time 9
note_on 84
velocity 56
time 2
note_off 56
time 3
note_off 84
time 7
note_on 82
velocity 55
time 2
note_off 82
time 18
note_on 80
velocity 54
time 2
note_off 80
time 9
note_on 77
velocity 53
time 16
note_on 56
velocity 34
time 9
note_off 77
time 16
note_on 75
velocity 58
time 10
note_off 75
time 9
note_off 66
time 5
note_on 73
velocity 51
time 1
note_off 60
time 18
note_off 73
time 6
note_on 72
velocity 52
time 1
note_off 56
time 3
note_off 72
time 6
note_on 70
velocity 52
time 9
note_off 70
time 13
note_on 68
velocity 51
time 14
note_off 68
time 10
note_on 73
velocity 46
time 3
note_on 37
velocity 26
time 3
note_off 37
time 16
note_on 56
velocity 25
time 358
note_on 65
velocity 20
time 118
note_on 61
velocity 16
time 15
note_off 61
time 63
note_off 65
time 5
note_on 61
velocity 27
time 20
note_on 65
velocity 32
time 10
note_on 71
velocity 41
time 1
note_off 73
time 13
note_off 56
time 14
note_on 73
velocity 43
time 7
note_off 73
time 24
note_on 77
velocity 47
time 27
note_on 56
velocity 28
time 11
note_off 65
time 29
note_on 82
velocity 55
time 32
note_off 56
time 3
note_off 61
time 15
note_on 80
velocity 62
time 62
note_on 75
velocity 56
time 39
note_off 71
time 57
note_off 80
time 54
note_off 77
time 59
note_off 82
time 18
note_on 37
velocity 27
time 7
note_off 75
time 2
note_on 71
velocity 34
time 1
note_off 37
time 19
note_on 65
velocity 56
time 13
note_off 71
time 13
note_off 65
time 24
note_on 56
velocity 44
time 16
note_on 71
velocity 59
time 18
note_on 75
velocity 60
time 7
note_on 65
velocity 45
time 7
note_on 68
velocity 66
time 2
note_on 61
velocity 48
time 6
note_off 65
time 3
note_off 61
time 18
note_off 75
time 9
note_off 71
time 15
note_on 73
velocity 72
time 0
note_off 68
time 32
note_off 73
time 19
note_on 65
velocity 50
time 184
note_on 61
velocity 49
time 0
note_on 71
velocity 67
time 7
note_off 56
time 27
note_on 73
velocity 73
time 14
note_on 56
velocity 44
time 40
note_on 77
velocity 73
time 6
note_off 65
time 10
note_off 73
time 6
note_off 56
time 2
note_off 61
time 7
note_on 82
velocity 78
time 3
note_on 80
velocity 76
time 216
note_on 75
velocity 60
time 98
note_off 71
time 44
note_off 77
time 7
note_off 80
time 6
note_off 82
time 57
note_off 75
time 5
note_on 37
velocity 26
time 3
note_on 71
velocity 53
time 16
note_off 37
time 3
note_on 65
velocity 54
time 87
note_off 71
time 39
note_off 65
time 49
note_on 56
velocity 40
time 144
note_on 71
velocity 50
time 20
note_on 75
velocity 46
time 13
note_on 68
velocity 55
time 67
note_on 65
velocity 38
time 2
note_on 61
velocity 37
time 22
note_off 71
time 16
note_off 65
time 27
note_off 75
time 1
note_off 61
time 9
note_off 68
time 113
note_on 73
velocity 50
time 3
note_off 73
time 32
note_on 71
velocity 47
time 2
note_on 65
velocity 31
time 39
note_on 61
velocity 38
time 3
note_off 56
time 1
note_on 73
velocity 54
time 10
note_off 71
time 14
note_on 77
velocity 49
time 20
note_on 56
velocity 33
time 5
note_off 65
time 19
note_off 73
time 14
note_off 61
time 82
note_off 77
time 5
note_off 56
time 11
note_on 80
velocity 65
time 1
note_off 80
time 3
note_on 83
velocity 47
time 128
note_on 85
velocity 61
time 0
note_on 37
velocity 35
time 10
note_on 87
velocity 61
time 1
note_off 37
time 7
note_on 90
velocity 64
time 75
note_on 56
velocity 36
time 0
note_on 89
velocity 63
time 26
note_off 85
time 29
note_off 83
time 18
note_on 85
velocity 58
time 1
note_off 89
time 53
note_off 87
time 27
note_off 90
time 0
note_off 85
time 16
note_on 61
velocity 43
time 26
note_on 65
velocity 45
time 9
note_on 83
velocity 61
time 3
note_off 61
time 115
note_off 65
time 0
note_off 83
time 44
note_on 80
velocity 59
time 55
note_on 61
velocity 35
time 9
note_on 65
velocity 33
time 10
note_off 80
time 1
note_on 75
velocity 48
time 7
note_off 56
time 104
note_on 78
velocity 62
time 87
note_off 75
time 18
note_on 77
velocity 55
time 11
note_on 56
velocity 38
time 1
note_off 65
time 55
note_off 56
time 13
note_off 61
time 1
note_on 73
velocity 53
time 31
note_off 78
time 9
note_off 77
time 5
note_off 73
time 0
note_on 71
velocity 47
time 31
note_on 68
velocity 51
time 76
note_off 71
time 1
note_on 37
velocity 27
time 0
note_on 70
velocity 50
time 13
note_off 68
time 7
note_off 37
time 19
note_on 58
velocity 21
time 88
note_on 61
velocity 41
time 187
note_on 66
velocity 40
time 18
note_off 61
time 104
note_off 66
time 24
note_on 66
velocity 33
time 132
note_on 61
velocity 39
time 9
note_off 58
time 87
note_on 73
velocity 46
time 33
note_on 78
velocity 62
time 283
note_on 58
velocity 46
time 3
note_off 66
time 88
note_off 58
time 16
note_off 61
time 9
note_on 80
velocity 73
time 48
note_on 82
velocity 76
time 0
note_off 70
time 11
note_off 73
time 27
note_on 71
velocity 62
time 2
note_off 71
time 18
note_off 78
time 14
note_on 37
velocity 50
time 3
note_on 70
velocity 68
time 11
note_off 82
time 15
note_off 80
time 16
note_off 37
time 6
note_on 73
velocity 79
time 10
note_on 78
velocity 79
time 1
note_on 58
velocity 56
time 14
note_on 80
velocity 80
time 78
note_off 73
time 29
note_on 61
velocity 55
time 92
note_on 66
velocity 50
time 0
note_off 70
time 2
note_on 82
velocity 74
time 19
note_off 78
time 3
note_off 80
time 19
note_off 82
time 35
note_off 61
time 48
note_off 66
time 3
note_on 85
velocity 70
time 89
note_off 85
time 42
note_on 66
velocity 49
time 16
note_on 61
velocity 54
time 2
note_on 90
velocity 76
time 6
note_off 58
time 50
note_on 85
velocity 8
time 20
note_on 92
velocity 80
time 49
note_on 58
velocity 41
time 151
note_on 94
velocity 67
time 9
note_off 90
time 28
note_on 90
velocity 62
time 78
note_off 66
time 82
note_off 58
time 14
note_off 85
time 31
note_off 61
time 53
note_on 87
velocity 62
time 65
note_off 94
time 9
note_off 92
time 53
note_off 90
time 11
note_off 87
time 35
note_on 85
velocity 55
time 11
note_on 37
velocity 36
time 9
note_on 89
velocity 57
time 0
note_off 37
time 1
note_off 85
time 16
note_on 87
velocity 53
time 6
note_on 82
velocity 45
time 65
note_off 89
time 66
note_off 87
time 39
note_on 84
velocity 52
time 0
note_on 66
velocity 40
time 50
note_on 60
velocity 29
time 1
note_on 87
velocity 56
time 24
note_off 84
time 3
note_off 60
time 83
note_off 66
time 24
note_off 82
time 75
note_on 85
velocity 60
time 35
note_on 66
velocity 45
time 104
note_on 60
velocity 34
time 9
note_on 80
velocity 50
time 13
note_off 87
time 9
note_off 85
time 11
note_on 82
velocity 58
time 7
note_on 85
velocity 58
time 45
note_on 56
velocity 29
time 35
note_off 66
time 83
note_off 80
time 37
note_on 84
velocity 61
time 11
note_off 60
time 7
note_off 82
time 3
note_off 56
time 22
note_off 84
time 154
note_on 78
velocity 48
time 2
note_off 85
time 7
note_on 80
velocity 58
time 152
note_on 84
velocity 51
time 2
note_off 80
time 10
note_on 37
velocity 26
time 1
note_off 37
time 6
note_on 82
velocity 51
time 44
note_off 78
time 18
note_on 56
velocity 28
time 144
note_on 77
velocity 40
time 2
note_off 84
time 28
note_off 77
time 92
note_off 82
time 10
note_on 78
velocity 58
time 1
note_on 66
velocity 36
time 93
note_on 60
velocity 24
time 13
note_off 78
time 14
note_on 82
velocity 53
time 0
note_off 60
time 48
note_off 66
time 20
note_on 80
velocity 50
time 139
note_on 60
velocity 33
time 2
note_on 75
velocity 41
time 1
note_on 66
velocity 35
time 3
note_off 82
time 11
note_off 66
time 14
note_on 66
velocity 4
time 0
note_off 80
time 7
note_off 56
time 7
note_on 77
velocity 47
time 1
note_off 77
time 41
note_on 80
velocity 47
time 20
note_on 56
velocity 28
time 32
note_off 75
time 2
note_on 78
velocity 55
time 0
note_off 66
time 18
note_off 56
time 27
note_off 60
time 23
note_on 73
velocity 45
time 14
note_off 78
time 24
note_on 75
velocity 48
time 0
note_off 73
time 2
note_off 80
time 36
note_on 37
velocity 32
time 36
note_on 77
velocity 59
time 16
note_off 75
time 72
note_off 37
time 6
note_on 56
velocity 20
time 148
note_on 65
velocity 22
time 299
note_off 65
time 190
note_on 61
velocity 32
time 423
note_on 65
velocity 27
time 9
note_on 75
velocity 46
time 9
note_off 77
time 87
note_off 56
time 0
note_on 80
velocity 51
time 48
note_on 56
velocity 27
time 22
note_off 75
time 32
note_off 65
time 118
note_off 56
time 84
note_off 61
time 27
note_on 77
velocity 56
time 161
note_on 37
velocity 38
time 10
note_on 75
velocity 48
time 6
note_off 80
time 5
note_off 77
time 7
note_off 37
time 16
note_off 75
time 143
note_on 77
velocity 51
time 2
note_on 56
velocity 31
time 39
note_on 73
velocity 43
time 48
note_on 65
velocity 31
time 7
note_on 61
velocity 31
time 3
note_off 61
time 100
note_off 65
time 37
note_on 70
velocity 48
time 16
note_on 65
velocity 23
time 2
note_on 61
velocity 31
time 1
note_off 77
time 3
note_off 73
time 7
note_off 65
time 36
note_on 65
velocity 3
time 0
note_off 56
time 13
note_on 73
velocity 48
time 10
note_on 56
velocity 22
time 36
note_off 70
time 45
note_off 65
time 276
note_off 56
time 115
note_off 61
time 28
note_on 68
velocity 46
time 87
note_off 73
time 62
note_on 37
velocity 30
time 11
note_on 70
velocity 48
time 5
note_off 68
time 18
note_off 37
time 2
note_on 73
velocity 48
time 127
note_on 56
velocity 26
time 5
note_off 70
time 44
note_on 68
velocity 47
time 122
note_on 65
velocity 21
time 44
note_on 61
velocity 30
time 2
note_off 61
time 48
note_off 65
time 5
note_off 73
time 85
note_on 66
velocity 41
time 18
note_on 61
velocity 35
time 1
note_off 66
time 3
note_on 66
velocity 9
time 0
note_off 56
time 13
note_on 73
velocity 44
time 136
note_on 56
velocity 25
time 23
note_off 56
time 123
note_off 61
time 57
note_off 66
time 184
note_on 65
velocity 40
time 72
note_off 73
time 27
note_off 68
time 13
note_on 37
velocity 28
time 141
note_off 37
time 6
note_on 56
velocity 32
time 72
note_off 65
time 89
note_on 61
velocity 47
time 48
note_off 61
time 28
note_on 61
velocity 38
time 33
note_on 65
velocity 54
time 0
note_off 56
time 16
note_on 68
velocity 58
time 20
note_on 56
velocity 25
time 31
note_off 61
time 239
note_off 56
time 9
note_on 63
velocity 45
time 126
note_off 68
time 35
note_off 65
time 1
note_off 63
time 6
note_on 63
velocity 39
time 9
note_on 37
velocity 25
time 3
note_off 37
time 15
note_on 68
velocity 46
time 54
note_on 56
velocity 27
time 13
note_off 63
time 118
note_off 56
time 1
note_on 61
velocity 44
time 216
note_on 65
velocity 41
time 22
note_off 68
time 16
note_off 61
time 3
note_off 65
time 0
note_on 61
velocity 40
time 148
note_on 65
velocity 34
time 23
note_on 56
velocity 26
time 194
note_off 56
time 126
note_off 61
time 253
note_off 65
time 36
note_on 37
velocity 31
time 337
note_off 37
time 207
note_on 56
velocity 37
time 1
note_on 65
velocity 44
time 626
note_on 61
velocity 53
time 16
note_off 65
time 161
note_off 61
time 40
note_on 65
velocity 27
time 44
note_on 61
velocity 38
time 7
note_off 56
time 105
note_on 56
velocity 25
time 682
note_off 65
time 156
note_off 56
time 291
note_off 61
time 131
note_on 44
velocity 33
time 373
note_on 60
velocity 55
time 7
note_on 32
velocity 48
time 7
note_on 54
velocity 48
time 5
note_on 56
velocity 53
time 2
note_on 63
velocity 59
time 2
note_off 32
time 44
note_off 44
time 32
note_off 54
time 472
note_off 56
time 236
note_off 60
time 149
note_off 63
time 268
note_on 61
velocity 20
time 983
note_on 44
velocity 20
time 40
note_on 53
velocity 39
time 7
note_on 37
velocity 19
time 7
note_off 44
time 10808
note_off 37
time 14
note_off 53
time 24
note_off 61
time 40
