note_on 69
velocity 93
time 3
note_off 69
time 277
note_on 66
velocity 98
time 27
note_on 50
velocity 78
time 10
note_off 66
time 170
note_off 50
time 3
note_on 73
velocity 85
time 44
note_off 73
time 92
note_on 74
velocity 87
time 37
note_on 57
velocity 77
time 15
note_on 62
velocity 78
time 0
note_on 66
velocity 76
time 6
note_off 62
time 18
note_off 57
time 6
note_off 66
time 11
note_off 74
time 52
note_on 76
velocity 90
time 2
note_on 62
velocity 85
time 128
note_on 57
velocity 75
time 3
note_on 50
velocity 73
time 5
note_on 66
velocity 85
time 1
note_on 78
velocity 87
time 1
note_off 76
time 10
note_off 62
time 5
note_off 57
time 3
note_off 50
time 16
note_off 66
time 15
note_off 78
time 7
note_on 79
velocity 70
time 70
note_on 78
velocity 50
time 50
note_off 79
time 16
note_off 78
time 41
note_on 79
velocity 78
time 29
note_on 45
velocity 82
time 19
note_on 78
velocity 92
time 1
note_off 45
time 0
note_off 79
time 11
note_off 78
time 0
note_on 76
velocity 95
time 270
note_on 67
velocity 88
time 3
note_on 51
velocity 64
time 5
note_off 51
time 32
note_on 57
velocity 58
time 0
note_on 61
velocity 49
time 2
note_off 67
time 15
note_off 61
time 16
note_off 57
time 0
note_on 74
velocity 87
time 15
note_off 76
time 41
note_on 61
velocity 66
time 62
note_on 73
velocity 84
time 2
note_on 52
velocity 70
time 13
note_on 57
velocity 63
time 9
note_off 74
time 5
note_off 61
time 1
note_off 57
time 19
note_off 52
time 16
note_on 71
velocity 87
time 31
note_off 73
time 31
note_on 69
velocity 86
time 74
note_off 71
time 0
note_on 38
velocity 86
time 32
note_off 38
time 40
note_on 74
velocity 82
time 3
note_off 69
time 11
note_off 74
time 57
note_on 74
velocity 87
time 102
note_on 57
velocity 76
time 6
note_on 62
velocity 78
time 3
note_on 66
velocity 71
time 15
note_on 50
velocity 59
time 2
note_off 57
time 14
note_off 62
time 2
note_off 50
time 10
note_off 66
time 2
note_off 74
time 2
note_on 76
velocity 86
time 0
note_on 74
velocity 71
time 95
note_off 76
time 37
note_on 73
velocity 84
time 5
note_on 62
velocity 76
time 2
note_on 50
velocity 66
time 1
note_on 57
velocity 57
time 13
note_off 62
time 19
note_off 57
time 7
note_off 50
time 6
note_off 74
time 33
note_on 71
velocity 80
time 15
note_off 73
time 24
note_off 71
time 98
note_on 73
velocity 103
time 23
note_on 45
velocity 81
time 1
note_off 45
time 42
note_on 69
velocity 82
time 183
note_on 57
velocity 76
time 1
note_on 64
velocity 80
time 0
note_off 64
time 10
note_off 69
time 2
note_off 57
time 11
note_on 69
velocity 83
time 273
note_on 64
velocity 81
time 10
note_on 57
velocity 72
time 1
note_on 67
velocity 79
time 10
note_off 69
time 46
note_off 67
time 5
note_off 64
time 104
note_off 73
time 15
note_on 69
velocity 93
time 66
note_on 50
velocity 80
time 5
note_off 57
time 0
note_off 69
time 72
note_off 50
time 14
note_on 73
velocity 85
time 26
note_on 57
velocity 74
time 113
note_on 62
velocity 72
time 9
note_on 74
velocity 78
time 2
note_off 73
time 3
note_on 66
velocity 76
time 15
note_off 62
time 3
note_off 57
time 9
note_off 66
time 18
note_off 74
time 0
note_on 76
velocity 82
time 9
note_on 57
velocity 72
time 122
note_on 62
velocity 75
time 1
note_on 78
velocity 95
time 2
note_on 50
velocity 77
time 2
note_off 76
time 3
note_on 76
velocity 12
time 0
note_on 66
velocity 86
time 1
note_off 76
time 16
note_off 57
time 13
note_off 62
time 0
note_off 66
time 20
note_off 50
time 2
note_off 78
time 15
note_on 79
velocity 81
time 58
note_on 78
velocity 61
time 59
note_off 79
time 28
note_off 78
time 14
note_on 79
velocity 78
time 28
note_on 78
velocity 86
time 16
note_on 43
velocity 71
time 16
note_on 45
velocity 69
time 0
note_off 79
time 1
note_off 43
time 6
note_off 78
time 5
note_off 45
time 0
note_on 76
velocity 94
time 253
note_on 59
velocity 69
time 6
note_on 67
velocity 88
time 0
note_on 64
velocity 73
time 5
note_off 64
time 36
note_off 67
time 9
note_off 59
time 15
note_on 74
velocity 82
time 15
note_off 76
time 82
note_on 73
velocity 85
time 26
note_on 59
velocity 78
time 10
note_on 64
velocity 73
time 0
note_off 74
time 24
note_off 59
time 9
note_off 64
time 0
note_on 71
velocity 88
time 65
note_off 73
time 29
note_off 71
time 89
note_on 69
velocity 93
time 13
note_on 45
velocity 90
time 1
note_off 45
time 45
note_off 69
time 0
note_on 73
velocity 84
time 6
note_off 73
time 61
note_on 73
velocity 91
time 82
note_on 57
velocity 74
time 6
note_on 64
velocity 73
time 9
note_on 67
velocity 73
time 9
note_off 64
time 3
note_off 57
time 7
note_off 67
time 13
note_on 74
velocity 89
time 5
note_off 73
time 1
note_on 73
velocity 75
time 88
note_on 71
velocity 79
time 53
note_on 64
velocity 68
time 3
note_on 57
velocity 73
time 1
note_off 74
time 3
note_off 64
time 31
note_off 57
time 1
note_on 69
velocity 88
time 58
note_off 73
time 39
note_off 71
time 2
note_on 74
velocity 91
time 101
note_on 38
velocity 79
time 1
note_off 69
time 1
note_off 38
time 44
note_on 66
velocity 77
time 6
note_on 62
velocity 71
time 1
note_on 57
velocity 56
time 5
note_on 50
velocity 52
time 11
note_off 66
time 2
note_off 62
time 11
note_off 57
time 0
note_off 50
time 10
note_on 57
velocity 46
time 197
note_on 66
velocity 68
time 0
note_on 62
velocity 45
time 15
note_on 50
velocity 43
time 1
note_off 66
time 33
note_off 50
time 35
note_off 62
time 2
note_off 74
time 7
note_off 57
time 26
note_on 69
velocity 67
time 23
note_off 69
time 57
note_on 73
velocity 63
time 59
note_off 73
time 89
note_on 57
velocity 57
time 16
note_on 62
velocity 57
time 1
note_on 50
velocity 57
time 2
note_on 74
velocity 66
time 6
note_off 62
time 3
note_off 57
time 13
note_off 50
time 6
note_off 74
time 20
note_on 66
velocity 5
time 7
note_on 76
velocity 79
time 18
note_off 66
time 19
note_on 62
velocity 68
time 101
note_off 76
time 5
note_on 50
velocity 60
time 6
note_on 57
velocity 53
time 1
note_on 78
velocity 77
time 3
note_on 66
velocity 78
time 2
note_off 62
time 18
note_off 57
time 6
note_off 78
time 1
note_off 66
time 6
note_off 50
time 3
note_on 79
velocity 73
time 66
note_on 78
velocity 65
time 63
note_off 79
time 0
note_off 78
time 52
note_on 79
velocity 73
time 7
note_on 45
velocity 68
time 20
note_off 79
time 10
note_off 45
time 0
note_on 76
velocity 78
time 111
note_on 67
velocity 69
time 5
note_on 52
velocity 58
time 1
note_on 57
velocity 52
time 0
note_on 61
velocity 62
time 6
note_off 67
time 7
note_off 52
time 5
note_off 57
time 7
note_off 61
time 1
note_on 74
velocity 73
time 45
note_off 76
time 26
note_on 73
velocity 73
time 88
note_off 74
time 1
note_on 61
velocity 47
time 16
note_on 52
velocity 63
time 2
note_on 57
velocity 50
time 2
note_off 61
time 29
note_off 52
time 6
note_off 57
time 0
note_on 71
velocity 76
time 55
note_off 73
time 6
note_off 71
time 88
note_on 69
velocity 78
time 13
note_on 38
velocity 71
time 16
note_off 38
time 1
note_off 69
time 6
note_on 74
velocity 74
time 11
note_off 74
time 14
note_on 74
velocity 75
time 13
note_on 57
velocity 61
time 0
note_on 62
velocity 69
time 0
note_on 66
velocity 63
time 11
note_on 50
velocity 57
time 1
note_off 62
time 6
note_off 57
time 1
note_off 50
time 3
note_off 66
time 1
note_off 74
time 9
note_on 76
velocity 78
time 2
note_on 74
velocity 63
time 92
note_off 76
time 41
note_on 73
velocity 77
time 5
note_on 50
velocity 62
time 9
note_on 62
velocity 65
time 0
note_on 57
velocity 55
time 7
note_off 57
time 31
note_off 62
time 0
note_off 50
time 18
note_off 74
time 3
note_on 71
velocity 75
time 37
note_off 73
time 26
note_off 71
time 92
note_on 73
velocity 87
time 3
note_on 45
velocity 70
time 3
note_off 45
time 7
note_on 57
velocity 73
time 32
note_on 69
velocity 74
time 5
note_on 64
velocity 72
time 1
note_off 57
time 2
note_off 64
time 0
note_off 69
time 2
note_on 69
velocity 72
time 270
note_on 64
velocity 63
time 5
note_on 57
velocity 57
time 2
note_on 67
velocity 67
time 10
note_off 67
time 41
note_off 69
time 0
note_off 73
time 16
note_off 64
time 1
note_on 69
velocity 80
time 26
note_on 50
velocity 69
time 6
note_off 57
time 3
note_off 50
time 55
note_off 69
time 6
note_on 73
velocity 77
time 50
note_off 73
time 79
note_on 74
velocity 67
time 32
note_on 57
velocity 68
time 1
note_on 62
velocity 69
time 0
note_on 66
velocity 49
time 16
note_off 57
time 2
note_off 62
time 0
note_off 66
time 26
note_off 74
time 5
note_on 76
velocity 81
time 7
note_off 76
time 131
note_on 66
velocity 75
time 1
note_on 62
velocity 74
time 3
note_on 78
velocity 85
time 0
note_on 57
velocity 59
time 7
note_on 50
velocity 65
time 2
note_off 62
time 20
note_off 57
time 3
note_off 50
time 16
note_off 66
time 0
note_off 78
time 2
note_on 79
velocity 74
time 71
note_on 78
velocity 76
time 44
note_off 79
time 13
note_off 78
time 19
note_on 79
velocity 80
time 48
note_on 78
velocity 90
time 1
note_on 43
velocity 77
time 1
note_off 78
time 16
note_off 79
time 0
note_off 43
time 3
note_on 59
velocity 70
time 257
note_on 64
velocity 68
time 3
note_on 76
velocity 84
time 1
note_on 67
velocity 81
time 2
note_off 64
time 3
note_off 67
time 10
note_off 59
time 1
note_on 74
velocity 84
time 11
note_off 76
time 33
note_on 73
velocity 79
time 85
note_on 64
velocity 73
time 6
note_on 59
velocity 75
time 1
note_off 74
time 7
note_off 64
time 24
note_off 59
time 2
note_on 71
velocity 82
time 72
note_off 73
time 27
note_off 71
time 5
note_on 69
velocity 86
time 13
note_on 45
velocity 83
time 13
note_off 45
time 0
note_off 69
time 18
note_on 73
velocity 81
time 0
note_off 73
time 18
note_on 73
velocity 85
time 18
note_on 57
velocity 73
time 10
note_on 64
velocity 70
time 3
note_on 67
velocity 72
time 2
note_off 64
time 0
note_off 57
time 1
note_off 67
time 14
note_off 73
time 18
note_on 74
velocity 85
time 0
note_on 73
velocity 79
time 92
note_on 71
velocity 80
time 65
note_off 74
time 3
note_on 64
velocity 68
time 3
note_on 57
velocity 68
time 3
note_off 64
time 35
note_off 57
time 3
note_on 69
velocity 85
time 55
note_off 71
time 39
note_off 73
time 28
note_on 38
velocity 86
time 63
note_on 74
velocity 91
time 5
note_off 69
time 6
note_off 38
time 32
note_on 66
velocity 96
time 216
note_on 57
velocity 74
time 3
note_on 62
velocity 78
time 3
note_off 62
time 5
note_on 50
velocity 33
time 9
note_off 57
time 0
note_off 66
time 0
note_off 50
time 40
note_on 57
velocity 70
time 239
note_on 62
velocity 75
time 0
note_on 66
velocity 96
time 2
note_on 50
velocity 78
time 3
note_off 74
time 1
note_off 57
time 24
note_off 62
time 2
note_off 50
time 10
note_on 64
velocity 102
time 313
note_on 45
velocity 94
time 6
note_off 66
time 36
note_off 45
time 79
note_on 68
velocity 91
time 65
note_off 64
time 11
note_off 68
time 95
note_on 69
velocity 88
time 26
note_on 52
velocity 81
time 9
note_on 57
velocity 78
time 2
note_on 61
velocity 80
time 16
note_off 57
time 23
note_off 52
time 16
note_off 61
time 31
note_on 71
velocity 91
time 0
note_off 69
time 11
note_on 52
velocity 79
time 91
note_on 61
velocity 93
time 0
note_on 45
velocity 80
time 1
note_on 57
velocity 73
time 1
note_on 73
velocity 89
time 1
note_off 71
time 19
note_off 57
time 7
note_off 52
time 1
note_off 73
time 20
note_off 45
time 6
note_off 61
time 1
note_on 74
velocity 72
time 85
note_on 73
velocity 18
time 33
note_off 74
time 41
note_off 73
time 44
note_on 74
velocity 89
time 23
note_on 40
velocity 88
time 15
note_on 73
velocity 74
time 0
note_off 40
time 42
note_off 74
time 3
note_off 73
time 2
note_on 71
velocity 93
time 256
note_on 62
velocity 88
time 2
note_on 52
velocity 63
time 9
note_on 59
velocity 66
time 0
note_off 59
time 44
note_off 62
time 9
note_off 52
time 10
note_on 69
velocity 89
time 36
note_off 71
time 5
note_on 68
velocity 87
time 66
note_on 59
velocity 80
time 6
note_on 52
velocity 87
time 2
note_off 59
time 27
note_off 69
time 0
note_off 52
time 16
note_on 66
velocity 92
time 46
note_off 68
time 41
note_on 33
velocity 91
time 76
note_on 64
velocity 86
time 2
note_off 66
time 0
note_off 33
time 45
note_off 64
time 15
note_on 69
velocity 84
time 13
note_off 69
time 59
note_on 69
velocity 83
time 89
note_on 52
velocity 79
time 6
note_on 57
velocity 75
time 3
note_on 61
velocity 74
time 6
note_off 57
time 28
note_off 52
time 1
note_off 61
time 15
note_on 71
velocity 81
time 1
note_off 69
time 3
note_on 69
velocity 71
time 67
note_on 68
velocity 78
time 39
note_off 71
time 5
note_on 57
velocity 76
time 14
note_on 52
velocity 75
time 6
note_on 45
velocity 72
time 2
note_off 57
time 20
note_off 52
time 9
note_off 45
time 27
note_on 66
velocity 89
time 16
note_off 69
time 2
note_off 68
time 39
note_off 66
time 6
note_on 68
velocity 103
time 3
note_on 40
velocity 86
time 6
note_off 40
time 0
note_on 64
velocity 82
time 234
note_on 52
velocity 81
time 1
note_on 59
velocity 84
time 0
note_off 59
time 0
note_off 64
time 28
note_off 52
time 1
note_on 64
velocity 85
time 255
note_on 59
velocity 81
time 9
note_on 52
velocity 77
time 5
note_on 62
velocity 85
time 6
note_off 62
time 7
note_off 64
time 1
note_off 68
time 147
note_off 59
time 10
note_on 45
velocity 84
time 39
note_off 52
time 0
note_on 64
velocity 86
time 2
note_off 45
time 67
note_off 64
time 3
note_on 68
velocity 90
time 37
note_off 68
time 89
note_on 69
velocity 79
time 27
note_on 57
velocity 82
time 18
note_on 52
velocity 81
time 1
note_on 61
velocity 76
time 9
note_off 61
time 13
note_off 57
time 7
note_off 52
time 3
note_on 71
velocity 84
time 22
note_off 69
time 5
note_on 61
velocity 85
time 139
note_off 71
time 2
note_on 73
velocity 83
time 0
note_on 57
velocity 83
time 2
note_on 52
velocity 76
time 7
note_on 45
velocity 80
time 2
note_off 57
time 20
note_off 52
time 5
note_off 61
time 16
note_off 73
time 0
note_off 45
time 7
note_on 74
velocity 75
time 53
note_on 73
velocity 63
time 76
note_off 74
time 3
note_off 73
time 22
note_on 74
velocity 84
time 32
note_on 38
velocity 89
time 7
note_on 73
velocity 90
time 3
note_off 74
time 13
note_off 73
time 5
note_off 38
time 3
note_on 59
velocity 77
time 240
note_on 54
velocity 69
time 7
note_on 62
velocity 84
time 2
note_on 71
velocity 86
time 0
note_off 59
time 0
note_off 54
time 14
note_off 62
time 11
note_on 69
velocity 84
time 35
note_off 71
time 52
note_on 68
velocity 87
time 59
note_on 59
velocity 80
time 3
note_on 54
velocity 77
time 6
note_off 59
time 33
note_off 69
time 9
note_off 54
time 2
note_on 66
velocity 91
time 63
note_off 68
time 44
note_on 40
velocity 97
time 71
note_on 64
velocity 87
time 5
note_off 66
time 5
note_off 40
time 1
note_off 64
time 10
note_on 68
velocity 81
time 35
note_off 68
time 62
note_on 52
velocity 80
time 87
note_on 68
velocity 87
time 3
note_on 59
velocity 71
time 3
note_on 62
velocity 74
time 14
note_off 59
time 11
note_off 52
time 13
note_off 62
time 16
note_on 69
velocity 86
time 0
note_off 68
time 6
note_on 68
velocity 82
time 95
note_on 59
velocity 75
time 40
note_on 52
velocity 80
time 9
note_on 66
velocity 86
time 2
note_off 69
time 15
note_off 59
time 6
note_off 52
time 19
note_on 64
velocity 80
time 54
note_off 66
time 50
note_off 68
time 1
note_on 33
velocity 89
time 6
note_on 69
velocity 87
time 3
note_off 64
time 6
note_off 33
time 7
note_on 57
velocity 61
time 35
note_on 52
velocity 60
time 1
note_on 61
velocity 73
time 0
note_on 45
velocity 39
time 16
note_off 61
time 14
note_off 57
time 1
note_off 52
time 6
note_off 45
time 9
note_on 61
velocity 62
time 170
note_on 52
velocity 41
time 5
note_on 57
velocity 44
time 2
note_on 45
velocity 44
time 2
note_off 61
time 50
note_off 69
time 26
note_on 64
velocity 61
time 19
note_off 57
time 14
note_off 45
time 16
note_off 52
time 2
note_off 64
time 24
note_on 68
velocity 65
time 59
note_off 68
time 19
note_on 69
velocity 73
time 9
note_on 52
velocity 63
time 3
note_on 57
velocity 62
time 3
note_on 45
velocity 50
time 3
note_off 57
time 20
note_off 52
time 5
note_on 61
velocity 27
time 13
note_off 45
time 1
note_off 69
time 22
note_off 61
time 11
note_on 71
velocity 74
time 7
note_on 61
velocity 69
time 119
note_on 57
velocity 61
time 2
note_off 71
time 2
note_on 73
velocity 76
time 5
note_on 45
velocity 56
time 6
note_on 52
velocity 52
time 7
note_off 57
time 15
note_off 61
time 10
note_off 45
time 10
note_off 52
time 0
note_off 73
time 3
note_on 74
velocity 71
time 54
note_off 74
time 66
note_on 73
velocity 52
time 2
note_off 73
time 27
note_on 74
velocity 72
time 31
note_on 73
velocity 73
time 16
note_on 40
velocity 73
time 18
note_off 73
time 6
note_off 74
time 11
note_off 40
time 9
note_on 52
velocity 69
time 3
note_on 71
velocity 73
time 2
note_on 59
velocity 64
time 1
note_on 62
velocity 72
time 5
note_off 59
time 24
note_off 52
time 15
note_off 62
time 19
note_on 69
velocity 80
time 20
note_off 71
time 42
note_on 68
velocity 74
time 74
note_on 59
velocity 63
time 13
note_on 52
velocity 68
time 9
note_off 69
time 0
note_off 59
time 16
note_off 52
time 15
note_on 66
velocity 78
time 45
note_off 68
time 28
note_off 66
time 71
note_on 64
velocity 69
time 15
note_on 33
velocity 73
time 6
note_off 33
time 2
note_off 64
time 11
note_on 69
velocity 78
time 15
note_off 69
time 2
note_on 57
velocity 72
time 7
note_on 69
velocity 78
time 2
note_on 52
velocity 64
time 6
note_on 61
velocity 69
time 2
note_off 57
time 2
note_off 52
time 3
note_off 61
time 18
note_on 45
velocity 19
time 6
note_off 69
time 3
note_on 71
velocity 73
time 9
note_off 45
time 40
note_on 69
velocity 67
time 54
note_off 71
time 39
note_on 57
velocity 69
time 9
note_on 68
velocity 72
time 3
note_on 45
velocity 65
time 5
note_on 52
velocity 51
time 2
note_off 57
time 22
note_off 52
time 7
note_off 45
time 23
note_off 69
time 40
note_on 66
velocity 78
time 15
note_off 68
time 31
note_off 66
time 19
note_on 40
velocity 72
time 5
note_on 68
velocity 85
time 2
note_off 40
time 1
note_on 52
velocity 79
time 7
note_on 64
velocity 73
time 3
note_on 59
velocity 71
time 3
note_off 59
time 9
note_off 64
time 7
note_off 52
time 3
note_on 64
velocity 65
time 110
note_on 59
velocity 54
time 5
note_on 52
velocity 62
time 3
note_on 62
velocity 67
time 7
note_off 62
time 1
note_off 64
time 1
note_off 68
time 15
note_off 59
time 65
note_on 64
velocity 77
time 15
note_off 52
time 10
note_on 45
velocity 69
time 1
note_off 64
time 55
note_off 45
time 7
note_on 68
velocity 80
time 36
note_off 68
time 27
note_on 69
velocity 72
time 19
note_on 52
velocity 75
time 18
note_on 57
velocity 71
time 2
note_on 61
velocity 58
time 16
note_off 57
time 0
note_off 52
time 11
note_off 61
time 10
note_off 69
time 5
note_on 71
velocity 80
time 3
note_on 52
velocity 74
time 128
note_on 57
velocity 69
time 1
note_on 61
velocity 72
time 5
note_off 71
time 2
note_on 73
velocity 77
time 0
note_on 45
velocity 67
time 5
note_off 57
time 19
note_off 52
time 1
note_off 45
time 27
note_off 61
time 1
note_off 73
time 2
note_on 74
velocity 74
time 2
note_on 73
velocity 61
time 59
note_off 74
time 20
note_off 73
time 28
note_on 74
velocity 75
time 29
note_on 73
velocity 77
time 6
note_on 38
velocity 79
time 2
note_off 74
time 14
note_off 73
time 1
note_off 38
time 2
note_on 59
velocity 72
time 143
note_on 54
velocity 64
time 9
note_on 71
velocity 78
time 9
note_on 62
velocity 77
time 1
note_off 59
time 6
note_off 54
time 5
note_off 62
time 27
note_on 69
velocity 86
time 22
note_off 71
time 14
note_on 59
velocity 73
time 19
note_on 54
velocity 77
time 1
note_on 68
velocity 77
time 0
note_off 59
time 32
note_off 69
time 3
note_off 54
time 3
note_on 66
velocity 85
time 66
note_off 68
time 29
note_off 66
time 1
note_on 40
velocity 90
time 40
note_on 64
velocity 83
time 5
note_off 40
time 10
note_off 64
time 11
note_on 68
velocity 82
time 11
note_off 68
time 11
note_on 68
velocity 83
time 85
note_on 52
velocity 76
time 5
note_on 59
velocity 69
time 7
note_on 62
velocity 75
time 2
note_off 59
time 10
note_off 52
time 1
note_off 62
time 6
note_off 68
time 2
note_on 69
velocity 81
time 2
note_on 68
velocity 78
time 104
note_on 59
velocity 70
time 40
note_on 52
velocity 75
time 7
note_on 66
velocity 84
time 0
note_off 69
time 15
note_off 59
time 9
note_off 52
time 13
note_on 64
velocity 83
time 65
note_off 66
time 37
note_off 68
time 7
note_on 33
velocity 89
time 83
note_on 69
velocity 94
time 14
note_off 64
time 15
note_off 33
time 11
note_on 57
velocity 89
time 208
note_on 61
velocity 97
time 6
note_off 61
time 14
note_off 57
time 5
note_off 69
time 220
note_on 67
velocity 94
time 54
note_on 61
velocity 89
time 9
note_on 57
velocity 82
time 9
note_on 64
velocity 86
time 0
note_off 61
time 3
note_off 67
time 0
note_off 64
time 246
note_on 50
velocity 84
time 65
note_on 66
velocity 97
time 2
note_off 57
time 13
note_off 66
time 2
note_off 50
time 32
note_on 73
velocity 90
time 15
note_on 74
velocity 86
time 128
note_on 66
velocity 78
time 14
note_on 57
velocity 79
time 7
note_on 62
velocity 82
time 2
note_off 66
time 53
note_off 73
time 13
note_off 62
time 3
note_off 57
time 9
note_on 76
velocity 92
time 18
note_off 74
time 7
note_off 76
time 121
note_on 62
velocity 85
time 10
note_on 57
velocity 80
time 1
note_on 50
velocity 84
time 2
note_on 78
velocity 96
time 1
note_on 66
velocity 95
time 3
note_off 57
time 18
note_off 62
time 0
note_off 66
time 28
note_off 50
time 11
note_off 78
time 6
note_on 79
velocity 88
time 50
note_on 78
velocity 58
time 72
note_off 79
time 6
note_off 78
time 15
note_on 79
velocity 89
time 32
note_on 78
velocity 96
time 13
note_on 45
velocity 89
time 3
note_off 79
time 9
note_off 45
time 1
note_off 78
time 1
note_on 76
velocity 94
time 264
note_on 67
velocity 92
time 2
note_on 61
velocity 67
time 7
note_on 57
velocity 72
time 7
note_on 52
velocity 46
time 15
note_off 61
time 18
note_off 67
time 6
note_off 52
time 22
note_off 57
time 22
note_on 74
velocity 90
time 15
note_off 76
time 48
note_on 73
velocity 91
time 69
note_on 61
velocity 75
time 3
note_on 52
velocity 76
time 3
note_on 57
velocity 77
time 10
note_off 61
time 15
note_off 74
time 9
note_off 57
time 2
note_off 52
time 26
note_on 71
velocity 91
time 32
note_off 73
time 44
note_on 69
velocity 90
time 7
note_off 71
time 2
note_on 38
velocity 91
time 2
note_off 38
time 39
note_off 69
time 13
note_on 74
velocity 83
time 1
note_off 74
time 58
note_on 57
velocity 77
time 92
note_on 62
velocity 82
time 2
note_on 74
velocity 92
time 1
note_on 66
velocity 80
time 16
note_off 57
time 37
note_off 62
time 7
note_off 74
time 22
note_on 76
velocity 85
time 6
note_off 66
time 3
note_on 74
velocity 80
time 96
note_on 62
velocity 84
time 18
note_on 57
velocity 75
time 6
note_on 50
velocity 78
time 5
note_on 73
velocity 85
time 3
note_off 76
time 6
note_off 62
time 6
note_off 57
time 7
note_off 50
time 33
note_off 74
time 35
note_on 71
velocity 87
time 13
note_off 73
time 36
note_off 71
time 13
note_on 45
velocity 92
time 5
note_on 73
velocity 97
time 2
note_off 45
time 65
note_on 69
velocity 79
time 187
note_on 64
velocity 82
time 5
note_on 56
velocity 59
time 11
note_on 57
velocity 72
time 28
note_off 56
time 1
note_off 64
time 6
note_off 69
time 22
note_off 57
time 59
note_on 69
velocity 85
time 161
note_on 67
velocity 86
time 6
note_on 57
velocity 78
time 10
note_on 64
velocity 86
time 3
note_off 67
time 49
note_off 69
time 0
note_off 64
time 54
note_off 57
time 3
note_off 73
time 18
note_on 69
velocity 88
time 13
note_on 50
velocity 85
time 5
note_off 69
time 2
note_off 50
time 14
note_on 73
velocity 86
time 0
note_off 73
time 76
note_on 74
velocity 74
time 29
note_on 57
velocity 80
time 15
note_on 62
velocity 78
time 6
note_on 66
velocity 72
time 13
note_off 62
time 36
note_off 57
time 15
note_off 66
time 19
note_on 76
velocity 86
time 10
note_off 74
time 10
note_on 62
velocity 87
time 95
note_on 57
velocity 77
time 5
note_on 50
velocity 82
time 7
note_on 66
velocity 94
time 7
note_on 78
velocity 89
time 6
note_off 62
time 1
note_off 57
time 3
note_off 76
time 18
note_off 50
time 24
note_off 66
time 6
note_on 79
velocity 61
time 10
note_off 78
time 2
note_off 79
time 13
note_on 79
velocity 88
time 62
note_on 78
velocity 35
time 3
note_on 43
velocity 87
time 3
note_off 43
time 1
note_off 79
time 15
note_off 78
time 6
note_on 59
velocity 72
time 234
note_on 64
velocity 68
time 3
note_on 67
velocity 80
time 5
note_on 76
velocity 72
time 11
note_on 77
velocity 69
time 1
note_off 64
time 23
note_off 67
time 1
note_off 77
time 2
note_off 59
time 19
note_on 74
velocity 84
time 54
note_off 76
time 71
note_on 73
velocity 87
time 52
note_on 59
velocity 76
time 1
note_on 64
velocity 72
time 0
note_off 64
time 31
note_off 59
time 3
note_off 74
time 5
note_on 71
velocity 88
time 71
note_off 73
time 32
note_on 69
velocity 92
time 3
note_off 71
time 0
note_on 45
velocity 81
time 13
note_on 47
velocity 59
time 22
note_off 45
time 27
note_off 47
time 13
note_off 69
time 3
note_on 73
velocity 83
time 10
note_off 73
time 16
note_on 73
velocity 89
time 106
note_on 57
velocity 71
time 5
note_on 64
velocity 65
time 3
note_on 67
velocity 75
time 6
note_off 64
time 39
note_off 57
time 10
note_off 67
time 2
note_off 73
time 26
note_on 74
velocity 85
time 0
note_on 73
velocity 82
time 89
note_on 64
velocity 70
time 48
note_on 57
velocity 71
time 5
note_on 71
velocity 81
time 3
note_off 74
time 13
note_off 64
time 10
note_off 57
time 7
note_on 69
velocity 89
time 62
note_off 73
time 16
note_off 71
time 28
note_off 69
time 20
note_on 74
velocity 90
time 3
note_on 38
velocity 73
time 3
note_off 38
time 50
note_on 66
velocity 71
time 128
note_on 57
velocity 50
time 3
note_on 50
velocity 55
time 1
note_on 62
velocity 55
time 0
note_off 66
time 29
note_off 57
time 23
note_off 62
time 3
note_off 50
time 9
note_on 66
velocity 72
time 11
note_on 57
velocity 46
time 23
note_on 62
velocity 52
time 1
note_on 50
velocity 49
time 3
note_off 66
time 3
note_off 74
time 337
note_on 69
velocity 67
time 14
note_off 57
time 35
note_off 62
time 0
note_off 50
time 7
note_off 69
time 5
note_on 73
velocity 69
time 58
note_off 73
time 1
note_on 57
velocity 54
time 2
note_on 62
velocity 58
time 0
note_on 74
velocity 61
time 1
note_on 50
velocity 59
time 7
note_off 62
time 24
note_on 66
velocity 55
time 7
note_off 57
time 1
note_off 50
time 13
note_off 66
time 15
note_off 74
time 6
note_on 76
velocity 72
time 26
note_on 62
velocity 67
time 126
note_on 50
velocity 66
time 3
note_on 78
velocity 75
time 0
note_off 76
time 1
note_on 66
velocity 63
time 1
note_on 57
velocity 48
time 7
note_off 62
time 24
note_off 66
time 10
note_off 57
time 1
note_off 50
time 1
note_off 78
time 23
note_on 79
velocity 65
time 55
note_on 78
velocity 48
time 42
note_off 79
time 19
note_off 78
time 9
note_on 79
velocity 76
time 6
note_on 45
velocity 75
time 7
note_on 78
velocity 83
time 3
note_off 78
time 13
note_off 45
time 2
note_off 79
time 3
note_on 52
velocity 57
time 227
note_on 61
velocity 67
time 10
note_on 76
velocity 71
time 2
note_on 67
velocity 74
time 2
note_on 57
velocity 50
time 1
note_off 67
time 14
note_off 61
time 2
note_off 57
time 6
note_off 52
time 11
note_on 74
velocity 76
time 42
note_off 76
time 44
note_on 73
velocity 75
time 72
note_on 57
velocity 56
time 5
note_on 61
velocity 47
time 6
note_off 74
time 0
note_on 52
velocity 59
time 1
note_off 57
time 24
note_off 61
time 6
note_off 52
time 15
note_on 71
velocity 76
time 54
note_off 73
time 15
note_off 71
time 3
note_on 69
velocity 81
time 3
note_on 38
velocity 64
time 7
note_off 38
time 1
note_on 40
velocity 34
time 0
note_off 69
time 1
note_off 40
time 13
note_on 74
velocity 78
time 3
note_off 74
time 28
note_on 57
velocity 65
time 2
note_on 62
velocity 68
time 3
note_on 74
velocity 77
time 2
note_on 50
velocity 62
time 5
note_on 66
velocity 66
time 2
note_off 62
time 19
note_off 57
time 2
note_off 66
time 9
note_off 50
time 1
note_off 74
time 15
note_on 76
velocity 74
time 1
note_on 74
velocity 64
time 104
note_off 76
time 50
note_on 73
velocity 75
time 2
note_on 62
velocity 63
time 11
note_on 57
velocity 58
time 7
note_on 50
velocity 64
time 3
note_off 62
time 15
note_off 57
time 9
note_off 50
time 16
note_off 74
time 32
note_on 71
velocity 76
time 9
note_off 73
time 39
note_off 71
time 3
note_on 73
velocity 89
time 3
note_on 45
velocity 76
time 5
note_off 45
time 13
note_on 69
velocity 76
time 2
note_on 57
velocity 79
time 1
note_on 64
velocity 62
time 9
note_off 64
time 11
note_off 57
time 6
note_off 69
time 0
note_on 57
velocity 61
time 260
note_on 69
velocity 69
time 1
note_on 64
velocity 70
time 1
note_on 67
velocity 67
time 19
note_off 69
time 5
note_off 67
time 6
note_off 73
time 79
note_off 64
time 7
note_on 69
velocity 72
time 19
note_on 50
velocity 69
time 3
note_off 57
time 33
note_off 69
time 37
note_off 50
time 24
note_on 73
velocity 79
time 16
note_off 73
time 75
note_on 74
velocity 72
time 0
note_on 57
velocity 71
time 16
note_on 62
velocity 70
time 0
note_on 66
velocity 67
time 15
note_off 62
time 19
note_off 57
time 2
note_off 66
time 7
note_off 74
time 31
note_on 76
velocity 83
time 6
note_on 66
velocity 78
time 134
note_on 57
velocity 65
time 3
note_on 62
velocity 70
time 2
note_off 76
time 0
note_on 78
velocity 80
time 3
note_on 50
velocity 67
time 1
note_off 57
time 28
note_off 62
time 1
note_off 78
time 7
note_off 50
time 6
note_off 66
time 5
note_on 79
velocity 75
time 52
note_on 78
velocity 68
time 65
note_off 79
time 20
note_off 78
time 9
note_on 79
velocity 69
time 5
note_on 78
velocity 90
time 1
note_on 43
velocity 82
time 9
note_off 79
time 6
note_off 43
time 6
note_off 78
time 1
note_on 64
velocity 64
time 229
note_on 76
velocity 78
time 0
note_on 59
velocity 62
time 1
note_on 67
velocity 76
time 1
note_off 67
time 5
note_off 64
time 1
note_off 59
time 13
note_on 74
velocity 79
time 18
note_off 76
time 59
note_on 73
velocity 81
time 52
note_on 64
velocity 72
time 14
note_on 59
velocity 72
time 3
note_off 64
time 32
note_off 59
time 5
note_off 74
time 0
note_on 71
velocity 86
time 50
note_off 73
time 35
note_off 71
time 74
note_on 69
velocity 84
time 15
note_on 45
velocity 74
time 18
note_off 45
time 16
note_off 69
time 11
note_on 73
velocity 75
time 0
note_off 73
time 0
note_on 57
velocity 64
time 80
note_on 73
velocity 78
time 0
note_on 64
velocity 65
time 10
note_on 67
velocity 69
time 0
note_off 64
time 15
note_off 57
time 1
note_off 73
time 14
note_off 67
time 1
note_on 74
velocity 74
time 9
note_on 73
velocity 70
time 70
note_on 71
velocity 70
time 63
note_off 74
time 2
note_on 57
velocity 64
time 5
note_on 64
velocity 32
time 14
note_off 64
time 1
note_off 57
time 26
note_on 69
velocity 77
time 58
note_off 73
time 5
note_off 71
time 40
note_on 38
velocity 66
time 0
note_on 74
velocity 74
time 0
note_off 69
time 3
note_off 38
time 2
note_on 66
velocity 64
time 10
note_on 50
velocity 53
time 2
note_on 57
velocity 44
time 1
note_on 62
velocity 52
time 3
note_off 66
time 35
note_off 57
time 15
note_off 62
time 26
note_off 50
time 3
note_on 66
velocity 56
time 14
note_on 57
velocity 46
time 5
note_on 62
velocity 41
time 9
note_on 50
velocity 50
time 1
note_off 62
time 9
note_off 57
time 7
note_off 50
time 19
note_on 46
velocity 55
time 1
note_on 65
velocity 61
time 9
note_off 66
time 2
note_off 74
time 3
note_off 46
time 15
note_on 74
velocity 60
time 100
note_off 65
time 22
note_on 75
velocity 81
time 53
note_on 53
velocity 57
time 28
note_on 62
velocity 58
time 0
note_off 74
time 0
note_on 58
velocity 55
time 5
note_off 75
time 24
note_off 58
time 26
note_off 62
time 7
note_off 53
time 1
note_on 76
velocity 86
time 229
note_on 62
velocity 55
time 5
note_on 53
velocity 62
time 7
note_on 58
velocity 63
time 1
note_on 70
velocity 69
time 7
note_off 62
time 11
note_off 58
time 15
note_off 53
time 3
note_on 41
velocity 65
time 1
note_on 79
velocity 78
time 15
note_off 76
time 19
note_off 70
time 7
note_off 41
time 5
note_off 79
time 135
note_on 77
velocity 60
time 19
note_on 72
velocity 61
time 98
note_on 60
velocity 56
time 32
note_on 53
velocity 57
time 7
note_on 63
velocity 51
time 0
note_on 69
velocity 73
time 5
note_off 72
time 31
note_off 60
time 3
note_off 63
time 2
note_off 53
time 19
note_off 77
time 0
note_off 69
time 1
note_on 67
velocity 64
time 89
note_on 72
velocity 43
time 29
note_off 67
time 7
note_off 72
time 26
note_on 63
velocity 62
time 72
note_on 53
velocity 63
time 6
note_on 60
velocity 52
time 2
note_on 65
velocity 76
time 10
note_off 63
time 3
note_on 72
velocity 69
time 0
note_on 71
velocity 74
time 11
note_off 60
time 2
note_off 53
time 15
note_off 71
time 26
note_on 46
velocity 69
time 42
note_on 74
velocity 78
time 15
note_off 72
time 0
note_off 46
time 11
note_off 65
time 0
note_off 74
time 0
note_on 74
velocity 76
time 15
note_on 75
velocity 86
time 46
note_on 65
velocity 76
time 7
note_on 62
velocity 72
time 11
note_on 53
velocity 67
time 1
note_on 70
velocity 70
time 10
note_on 58
velocity 68
time 6
note_off 74
time 5
note_off 53
time 48
note_off 62
time 15
note_off 58
time 16
note_off 70
time 15
note_off 75
time 15
note_off 65
time 7
note_on 53
velocity 75
time 114
note_on 62
velocity 61
time 5
note_on 76
velocity 86
time 3
note_on 58
velocity 69
time 1
note_on 70
velocity 82
time 7
note_on 65
velocity 76
time 2
note_off 62
time 10
note_off 58
time 14
note_off 53
time 7
note_on 45
velocity 78
time 18
note_off 65
time 0
note_on 79
velocity 90
time 1
note_off 70
time 15
note_off 76
time 10
note_off 45
time 7
note_on 77
velocity 81
time 101
note_off 79
time 61
note_on 72
velocity 91
time 23
note_on 60
velocity 83
time 14
note_on 65
velocity 87
time 0
note_on 57
velocity 84
time 5
note_off 77
time 5
note_off 60
time 23
note_off 57
time 13
note_off 65
time 82
note_on 43
velocity 87
time 80
note_on 77
velocity 99
time 78
note_on 69
velocity 86
time 3
note_off 72
time 0
note_on 41
velocity 93
time 9
note_off 43
time 5
note_off 69
time 14
note_off 41
time 22
note_off 77
time 2
note_on 82
velocity 99
time 7
note_on 76
velocity 88
time 7
note_on 48
velocity 89
time 1
note_on 70
velocity 95
time 0
note_on 36
velocity 83
time 0
note_off 36
time 100
note_off 48
time 11
note_off 70
time 36
note_off 82
time 7
note_off 76
time 19
note_on 82
velocity 78
time 119
note_on 70
velocity 65
time 10
note_off 82
time 18
note_off 70
time 1
note_on 77
velocity 21
time 10
note_on 70
velocity 98
time 52
note_on 76
velocity 7
time 0
note_on 82
velocity 99
time 0
note_off 77
time 6
note_on 67
velocity 86
time 13
note_on 60
velocity 73
time 15
note_off 67
time 37
note_off 60
time 15
note_off 82
time 113
note_off 70
time 35
note_off 76
time 41
note_on 76
velocity 88
time 66
note_on 82
velocity 94
time 0
note_on 70
velocity 101
time 3
note_on 80
velocity 68
time 29
note_off 80
time 54
note_off 70
time 78
note_off 82
time 5
note_off 76
time 50
note_on 41
velocity 84
time 3
note_on 82
velocity 99
time 11
note_on 70
velocity 96
time 3
note_on 77
velocity 87
time 3
note_off 41
time 3
note_off 70
time 26
note_off 77
time 19
note_off 82
time 2
note_on 59
velocity 82
time 69
note_on 70
velocity 90
time 5
note_on 77
velocity 75
time 1
note_on 82
velocity 79
time 0
note_off 70
time 53
note_off 77
time 2
note_off 59
time 6
note_on 70
velocity 80
time 0
note_on 77
velocity 74
time 0
note_on 60
velocity 83
time 1
note_off 70
time 69
note_off 60
time 6
note_off 82
time 1
note_off 77
time 42
note_on 61
velocity 66
time 3
note_on 77
velocity 75
time 3
note_on 81
velocity 97
time 3
note_on 69
velocity 95
time 2
note_on 60
velocity 81
time 1
note_off 61
time 5
note_off 60
time 7
note_off 69
time 69
note_off 77
time 9
note_off 81
time 27
note_on 81
velocity 95
time 28
note_on 48
velocity 80
time 5
note_on 76
velocity 78
time 0
note_on 70
velocity 88
time 2
note_off 48
time 13
note_off 70
time 19
note_off 81
time 23
note_off 76
time 1
note_on 76
velocity 64
time 80
note_on 81
velocity 73
time 2
note_on 59
velocity 81
time 3
note_on 70
velocity 73
time 0
note_off 70
time 35
note_off 76
time 0
note_off 81
time 10
note_on 76
velocity 65
time 2
note_on 70
velocity 94
time 1
note_off 59
time 9
note_on 60
velocity 83
time 0
note_off 60
time 95
note_on 62
velocity 83
time 20
note_off 70
time 7
note_off 76
time 23
note_on 79
velocity 83
time 18
note_on 70
velocity 78
time 0
note_on 76
velocity 62
time 1
note_on 60
velocity 81
time 5
note_off 62
time 5
note_off 76
time 10
note_off 60
time 1
note_off 79
time 16
note_off 70
time 36
note_on 79
velocity 74
time 13
note_on 53
velocity 64
time 11
note_on 70
velocity 62
time 5
note_on 75
velocity 64
time 5
note_off 79
time 5
note_off 70
time 3
note_off 75
time 6
note_off 53
time 61
note_on 70
velocity 67
time 20
note_on 59
velocity 67
time 1
note_on 79
velocity 69
time 10
note_on 75
velocity 43
time 19
note_off 70
time 9
note_off 79
time 9
note_off 75
time 13
note_on 79
velocity 75
time 48
note_on 69
velocity 77
time 14
note_on 75
velocity 53
time 6
note_on 60
velocity 62
time 9
note_off 59
time 2
note_off 60
time 65
note_off 75
time 70
note_on 64
velocity 53
time 2
note_off 69
time 18
note_on 77
velocity 68
time 18
note_off 64
time 2
note_off 79
time 9
note_on 65
velocity 57
time 5
note_on 69
velocity 55
time 7
note_off 65
time 16
note_off 69
time 9
note_off 77
time 6
note_on 46
velocity 57
time 315
note_on 74
velocity 63
time 15
note_off 46
time 7
note_off 74
time 1
note_on 74
velocity 59
time 67
note_on 75
velocity 68
time 97
note_on 62
velocity 53
time 22
note_on 65
velocity 55
time 0
note_on 58
velocity 53
time 9
note_on 53
velocity 44
time 6
note_on 70
velocity 48
time 9
note_off 74
time 6
note_off 58
time 40
note_off 53
time 2
note_off 62
time 10
note_off 65
time 10
note_off 70
time 7
note_off 75
time 24
note_on 53
velocity 65
time 167
note_on 76
velocity 81
time 2
note_on 58
velocity 66
time 1
note_on 62
velocity 55
time 1
note_on 70
velocity 70
time 3
note_on 65
velocity 64
time 7
note_off 62
time 18
note_off 58
time 11
note_off 53
time 3
note_off 65
time 9
note_on 45
velocity 70
time 2
note_on 78
velocity 83
time 3
note_off 76
time 39
note_off 70
time 28
note_off 45
time 9
note_on 77
velocity 69
time 109
note_off 78
time 26
note_on 72
velocity 74
time 71
note_on 65
velocity 75
time 7
note_on 60
velocity 62
time 11
note_on 63
velocity 64
time 0
note_on 53
velocity 56
time 13
note_off 77
time 29
note_off 65
time 2
note_off 63
time 10
note_off 60
time 18
note_off 53
time 9
note_off 72
time 33
note_on 66
velocity 80
time 88
note_off 66
time 80
note_on 63
velocity 66
time 1
note_on 60
velocity 63
time 5
note_on 53
velocity 66
time 3
note_on 72
velocity 87
time 1
note_on 65
velocity 82
time 14
note_off 63
time 11
note_off 60
time 1
note_off 53
time 24
note_on 46
velocity 87
time 14
note_on 73
velocity 87
time 2
note_off 72
time 36
note_off 65
time 24
note_off 46
time 3
note_off 73
time 1
note_on 73
velocity 75
time 79
note_on 61
velocity 78
time 79
note_on 75
velocity 85
time 0
note_on 65
velocity 83
time 9
note_on 70
velocity 79
time 5
note_on 53
velocity 67
time 1
note_on 58
velocity 70
time 7
note_off 73
time 37
note_off 61
time 10
note_off 58
time 3
note_off 53
time 11
note_off 65
time 29
note_off 70
time 13
note_off 75
time 57
note_on 61
velocity 67
time 96
note_on 58
velocity 73
time 16
note_on 76
velocity 91
time 3
note_on 53
velocity 79
time 2
note_on 65
velocity 87
time 1
note_on 70
velocity 85
time 2
note_off 61
time 16
note_off 58
time 3
note_off 53
time 7
note_off 65
time 145
note_off 76
time 59
note_on 44
velocity 95
time 9
note_on 78
velocity 105
time 3
note_off 70
time 14
note_off 44
time 20
note_off 78
time 54
note_on 77
velocity 78
time 23
note_on 68
velocity 90
time 114
note_on 73
velocity 83
time 3
note_on 80
velocity 97
time 1
note_on 65
velocity 83
time 5
note_on 61
velocity 86
time 15
note_on 53
velocity 71
time 2
note_off 65
time 9
note_on 56
velocity 64
time 7
note_off 68
time 1
note_off 77
time 1
note_off 73
time 9
note_off 61
time 2
note_off 53
time 7
note_off 56
time 2
note_off 80
time 7
note_on 46
velocity 73
time 197
note_on 85
velocity 100
time 72
note_on 73
velocity 107
time 2
note_on 44
velocity 93
time 2
note_off 46
time 24
note_off 73
time 33
note_off 85
time 7
note_off 44
time 15
note_on 78
velocity 103
time 11
note_on 44
velocity 96
time 2
note_on 32
velocity 92
time 1
note_on 66
velocity 100
time 1
note_on 72
velocity 86
time 3
note_off 32
time 69
note_off 44
time 2
note_off 66
time 16
note_off 78
time 20
note_off 72
time 3
note_on 78
velocity 89
time 180
note_on 72
velocity 73
time 5
note_on 66
velocity 80
time 2
note_off 66
time 32
note_off 72
time 9
note_off 78
time 11
note_on 78
velocity 83
time 36
note_on 63
velocity 97
time 6
note_on 66
velocity 90
time 3
note_on 72
velocity 83
time 0
note_on 56
velocity 83
time 5
note_off 63
time 42
note_off 56
time 18
note_off 66
time 108
note_off 78
time 2
note_off 72
time 106
note_on 72
velocity 77
time 79
note_on 78
velocity 95
time 0
note_on 66
velocity 93
time 6
note_off 66
time 141
note_off 72
time 27
note_off 78
time 27
note_on 37
velocity 86
time 0
note_on 66
velocity 96
time 7
note_on 78
velocity 100
time 0
note_on 73
velocity 84
time 6
note_off 37
time 28
note_off 66
time 18
note_off 73
time 19
note_off 78
time 3
note_on 66
velocity 94
time 83
note_on 73
velocity 81
time 1
note_on 78
velocity 84
time 1
note_on 56
velocity 47
time 6
note_on 55
velocity 78
time 18
note_off 56
time 15
note_off 66
time 0
note_off 73
time 6
note_off 78
time 5
note_on 78
velocity 73
time 1
note_on 66
velocity 85
time 5
note_on 73
velocity 68
time 3
note_on 56
velocity 86
time 3
note_off 55
time 2
note_off 66
time 15
note_off 73
time 0
note_off 78
time 37
note_off 56
time 67
note_on 58
velocity 73
time 6
note_on 56
velocity 81
time 13
note_on 73
velocity 83
time 3
note_on 77
velocity 89
time 0
note_on 65
velocity 93
time 3
note_off 58
time 7
note_off 56
time 0
note_off 65
time 75
note_off 73
time 6
note_off 77
time 37
note_on 44
velocity 74
time 2
note_on 77
velocity 86
time 1
note_on 66
velocity 86
time 7
note_on 72
velocity 77
time 1
note_off 44
time 0
note_off 66
time 26
note_off 77
time 3
note_off 72
time 14
note_on 55
velocity 74
time 78
note_on 72
velocity 63
time 10
note_on 77
velocity 74
time 3
note_on 66
velocity 70
time 1
note_off 72
time 29
note_off 77
time 0
note_off 66
time 9
note_on 77
velocity 83
time 35
note_off 55
time 0
note_on 56
velocity 80
time 2
note_on 66
velocity 88
time 5
note_on 72
velocity 78
time 1
note_off 56
time 42
note_on 57
velocity 69
time 32
note_off 66
time 7
note_off 72
time 28
note_off 77
time 11
note_on 56
velocity 75
time 39
note_off 57
time 3
note_on 75
velocity 80
time 2
note_on 72
velocity 63
time 1
note_on 66
velocity 80
time 1
note_off 72
time 37
note_off 75
time 6
note_off 66
time 16
note_off 56
time 127
note_on 49
velocity 66
time 14
note_on 75
velocity 77
time 2
note_on 66
velocity 70
time 5
note_on 68
velocity 65
time 7
note_off 66
time 3
note_off 68
time 9
note_off 49
time 13
note_off 75
time 0
note_on 75
velocity 74
time 96
note_on 66
velocity 71
time 7
note_on 55
velocity 58
time 13
note_on 68
velocity 57
time 2
note_off 66
time 23
note_off 68
time 6
note_off 75
time 18
note_on 75
velocity 58
time 0
note_on 66
velocity 70
time 0
note_off 55
time 2
note_on 68
velocity 64
time 13
note_on 56
velocity 63
time 3
note_off 56
time 75
note_off 66
time 40
note_on 60
velocity 55
time 39
note_off 75
time 14
note_on 73
velocity 70
time 14
note_off 68
time 14
note_off 60
time 11
note_on 65
velocity 61
time 2
note_on 61
velocity 57
time 10
note_off 61
time 15
note_off 65
time 2
note_off 73
time 14
note_on 74
velocity 61
time 334
note_on 41
velocity 54
time 10
note_on 68
velocity 58
time 7
note_off 68
time 36
note_off 74
time 2
note_off 41
time 24
note_on 62
velocity 50
time 3
note_on 74
velocity 51
time 6
note_off 62
time 18
note_on 68
velocity 52
time 26
note_off 74
time 95
note_on 62
velocity 71
time 3
note_off 68
time 10
note_on 59
velocity 55
time 1
note_on 53
velocity 51
time 13
note_off 62
time 15
note_off 59
time 41
note_off 53
time 3
note_on 53
velocity 64
time 235
note_on 74
velocity 74
time 2
note_on 59
velocity 53
time 3
note_on 62
velocity 70
time 3
note_off 59
time 23
note_off 53
time 5
note_off 74
time 123
note_off 62
time 0
note_on 42
velocity 69
time 7
note_on 69
velocity 60
time 10
note_on 74
velocity 61
time 2
note_off 69
time 10
note_off 74
time 2
note_off 42
time 2
note_on 62
velocity 66
time 11
note_off 62
time 16
note_on 74
velocity 62
time 46
note_on 69
velocity 58
time 7
note_on 62
velocity 79
time 69
note_off 74
time 7
note_off 69
time 13
note_on 57
velocity 67
time 10
note_on 54
velocity 54
time 18
note_off 62
time 10
note_off 57
time 37
note_off 54
time 10
note_on 57
velocity 67
time 188
note_on 54
velocity 71
time 6
note_off 57
time 28
note_off 54
time 9
note_on 73
velocity 77
time 63
note_on 61
velocity 70
time 10
note_off 73
time 69
note_off 61
time 3
note_on 41
velocity 72
time 14
note_on 74
velocity 65
time 0
note_on 68
velocity 69
time 15
note_off 41
time 1
note_off 74
time 0
note_off 68
time 5
note_on 62
velocity 64
time 6
note_off 62
time 20
note_on 74
velocity 68
time 10
note_on 68
velocity 56
time 19
note_on 62
velocity 88
time 61
note_on 53
velocity 63
time 10
note_off 68
time 5
note_off 74
time 0
note_on 59
velocity 50
time 9
note_off 62
time 27
note_off 59
time 36
note_off 53
time 3
note_on 74
velocity 85
time 212
note_on 62
velocity 86
time 1
note_on 53
velocity 69
time 3
note_on 59
velocity 59
time 7
note_off 59
time 26
note_off 53
time 14
note_off 74
time 102
note_off 62
time 65
note_on 74
velocity 74
time 15
note_on 42
velocity 76
time 2
note_on 69
velocity 71
time 0
note_off 42
time 1
note_off 69
time 5
note_on 62
velocity 79
time 5
note_off 74
time 0
note_off 62
time 11
note_on 74
velocity 69
time 13
note_on 69
velocity 70
time 9
note_on 62
velocity 96
time 59
note_off 69
time 18
note_off 74
time 3
note_on 57
velocity 74
time 24
note_off 62
time 11
note_on 54
velocity 66
time 5
note_off 57
time 63
note_off 54
time 39
note_on 57
velocity 80
time 123
note_on 54
velocity 86
time 10
note_off 57
time 39
note_off 54
time 16
note_on 73
velocity 92
time 35
note_on 61
velocity 90
time 2
note_off 61
time 62
note_off 73
time 3
note_on 40
velocity 87
time 10
note_on 74
velocity 84
time 7
note_on 68
velocity 82
time 5
note_off 40
time 1
note_off 74
time 1
note_off 68
time 7
note_on 62
velocity 84
time 9
note_off 62
time 65
note_on 74
velocity 80
time 1
note_on 68
velocity 70
time 5
note_on 62
velocity 94
time 61
note_off 68
time 13
note_on 52
velocity 69
time 10
note_on 59
velocity 71
time 0
note_off 74
time 5
note_off 62
time 31
note_off 59
time 46
note_off 52
time 20
note_on 62
velocity 96
time 149
note_on 74
velocity 87
time 5
note_on 52
velocity 74
time 9
note_on 59
velocity 73
time 2
note_off 74
time 131
note_off 59
time 32
note_off 62
time 27
note_off 52
time 40
note_on 69
velocity 80
time 15
note_on 74
velocity 81
time 13
note_on 45
velocity 83
time 6
note_off 69
time 10
note_on 62
velocity 89
time 3
note_off 74
time 1
note_off 45
time 1
note_off 62
time 15
note_on 69
velocity 75
time 10
note_on 74
velocity 81
time 1
note_on 62
velocity 100
time 40
note_off 69
time 23
note_off 74
time 0
note_on 57
velocity 78
time 3
note_on 52
velocity 80
time 1
note_off 62
time 31
note_off 57
time 41
note_off 52
time 37
note_on 57
velocity 79
time 134
note_on 52
velocity 82
time 5
note_off 57
time 36
note_off 52
time 23
note_on 73
velocity 86
time 41
note_on 61
velocity 88
time 2
note_off 73
time 71
note_off 61
time 3
note_on 40
velocity 93
time 14
note_on 74
velocity 84
time 2
note_on 68
velocity 82
time 6
note_off 40
time 52
note_on 62
velocity 84
time 14
note_off 68
time 5
note_off 74
time 5
note_off 62
time 9
note_on 74
velocity 74
time 19
note_on 68
velocity 62
time 5
note_off 68
time 66
note_on 62
velocity 97
time 3
note_on 52
velocity 68
time 14
note_off 74
time 9
note_on 59
velocity 74
time 1
note_off 62
time 36
note_off 59
time 39
note_off 52
time 14
note_on 62
velocity 100
time 180
note_on 74
velocity 90
time 7
note_on 52
velocity 72
time 3
note_on 59
velocity 73
time 9
note_off 74
time 157
note_off 59
time 63
note_off 62
time 19
note_on 69
velocity 77
time 11
note_on 45
velocity 77
time 3
note_on 74
velocity 84
time 0
note_off 52
time 9
note_off 69
time 53
note_off 74
time 0
note_on 62
velocity 85
time 10
note_off 62
time 19
note_on 69
velocity 76
time 7
note_on 74
velocity 85
time 1
note_off 45
time 59
note_on 62
velocity 100
time 7
note_off 74
time 19
note_off 69
time 1
note_on 52
velocity 74
time 9
note_on 57
velocity 74
time 0
note_off 62
time 31
note_off 57
time 53
note_off 52
time 11
note_on 52
velocity 85
time 179
note_on 57
velocity 81
time 3
note_off 57
time 32
note_off 52
time 19
note_on 61
velocity 94
time 58
note_on 73
velocity 86
time 3
note_off 61
time 91
note_off 73
time 7
note_on 74
velocity 86
time 13
note_on 68
velocity 78
time 7
note_on 41
velocity 90
time 6
note_off 41
time 67
note_on 62
velocity 86
time 18
note_off 68
time 15
note_off 74
time 0
note_off 62
time 62
note_on 74
velocity 79
time 33
note_on 68
velocity 79
time 5
note_on 62
velocity 94
time 136
note_off 74
time 9
note_on 59
velocity 79
time 3
note_on 53
velocity 77
time 3
note_off 68
time 7
note_off 62
time 36
note_off 59
time 5
note_off 53
time 18
note_on 53
velocity 76
time 238
note_on 59
velocity 68
time 1
note_on 62
velocity 98
time 11
note_on 74
velocity 95
time 0
note_off 59
time 16
note_off 53
time 1
note_off 74
time 182
note_on 42
velocity 90
time 11
note_off 62
time 2
note_on 69
velocity 79
time 6
note_on 74
velocity 82
time 9
note_off 42
time 0
note_off 69
time 9
note_off 74
time 5
note_on 62
velocity 87
time 3
note_off 62
time 46
note_on 69
velocity 77
time 24
note_on 74
velocity 85
time 2
note_on 62
velocity 97
time 70
note_on 57
velocity 85
time 5
note_off 69
time 6
note_on 54
velocity 69
time 10
note_off 74
time 0
note_off 62
time 28
note_off 57
time 24
note_off 54
time 18
note_on 57
velocity 81
time 175
note_on 54
velocity 84
time 1
note_off 57
time 42
note_off 54
time 11
note_on 61
velocity 92
time 54
note_on 73
velocity 88
time 1
note_off 73
time 59
note_off 61
time 3
note_on 41
velocity 92
time 13
note_on 74
velocity 82
time 3
note_on 68
velocity 83
time 3
note_off 41
time 52
note_on 62
velocity 86
time 15
note_off 74
time 0
note_off 68
time 11
note_off 62
time 11
note_on 74
velocity 81
time 27
note_on 68
velocity 59
time 2
note_off 68
time 22
note_on 62
velocity 94
time 39
note_off 74
time 20
note_on 59
velocity 70
time 6
note_on 53
velocity 54
time 5
note_off 62
time 19
note_off 59
time 27
note_off 53
time 9
note_on 53
velocity 79
time 191
note_on 59
velocity 70
time 0
note_on 62
velocity 96
time 6
note_on 74
velocity 93
time 1
note_off 59
time 23
note_off 53
time 11
note_off 62
time 66
note_off 74
time 31
note_on 42
velocity 84
time 16
note_on 74
velocity 80
time 6
note_on 69
velocity 71
time 3
note_off 69
time 54
note_off 42
time 2
note_off 74
time 1
note_on 62
velocity 83
time 2
note_off 62
time 14
note_on 74
velocity 77
time 35
note_on 69
velocity 66
time 5
note_off 69
time 42
note_on 62
velocity 86
time 26
note_off 74
time 19
note_on 57
velocity 59
time 7
note_on 54
velocity 56
time 15
note_off 62
time 0
note_off 57
time 40
note_off 54
time 24
note_on 57
velocity 62
time 154
note_on 54
velocity 66
time 1
note_off 57
time 37
note_off 54
time 1
note_on 73
velocity 74
time 69
note_on 61
velocity 75
time 3
note_off 73
time 74
note_off 61
time 7
note_on 40
velocity 72
time 5
note_on 74
velocity 65
time 13
note_on 68
velocity 66
time 11
note_off 40
time 28
note_off 68
time 7
note_off 74
time 5
note_on 62
velocity 67
time 1
note_off 62
time 33
note_on 74
velocity 69
time 20
note_on 68
velocity 38
time 53
note_on 52
velocity 54
time 27
note_on 59
velocity 57
time 0
note_off 68
time 3
note_on 62
velocity 70
time 9
note_off 74
time 6
note_off 59
time 22
note_off 62
time 5
note_off 52
time 11
note_on 74
velocity 75
time 207
note_on 62
velocity 78
time 5
note_on 52
velocity 56
time 11
note_on 59
velocity 59
time 0
note_off 74
time 95
note_off 59
time 63
note_off 52
time 33
note_off 62
time 3
note_on 74
velocity 80
time 13
note_on 45
velocity 77
time 3
note_on 69
velocity 70
time 1
note_on 62
velocity 80
time 3
note_off 74
time 0
note_off 69
time 3
note_off 45
time 6
note_off 62
time 5
note_on 74
velocity 80
time 6
note_on 69
velocity 61
time 2
note_on 62
velocity 91
time 66
note_on 57
velocity 77
time 10
note_on 52
velocity 74
time 5
note_off 69
time 2
note_off 74
time 9
note_off 62
time 29
note_off 57
time 32
note_off 52
time 37
note_on 57
velocity 77
time 135
note_on 52
velocity 83
time 13
note_off 57
time 46
note_off 52
time 15
note_on 73
velocity 87
time 32
note_on 61
velocity 88
time 2
note_off 73
time 82
note_off 61
time 5
note_on 40
velocity 95
time 10
note_on 74
velocity 82
time 6
note_on 68
velocity 82
time 1
note_off 40
time 27
note_on 62
velocity 88
time 13
note_off 74
time 3
note_off 68
time 1
note_off 62
time 13
note_on 74
velocity 79
time 24
note_on 68
velocity 74
time 2
note_off 68
time 50
note_on 62
velocity 102
time 15
note_on 59
velocity 71
time 13
note_on 52
velocity 73
time 3
note_off 74
time 22
note_off 62
time 33
note_off 59
time 22
note_off 52
time 22
note_on 62
velocity 102
time 190
note_on 74
velocity 95
time 0
note_on 52
velocity 76
time 9
note_on 59
velocity 83
time 2
note_off 74
time 153
note_off 59
time 36
note_off 62
time 44
note_off 52
time 14
note_on 45
velocity 91
time 37
note_on 74
velocity 89
time 0
note_on 67
velocity 78
time 10
note_off 45
time 3
note_on 62
velocity 89
time 74
note_off 74
time 11
note_off 67
time 6
note_on 74
velocity 86
time 62
note_on 67
velocity 66
time 11
note_off 62
time 7
note_off 67
time 93
note_on 65
velocity 87
time 53
note_on 57
velocity 69
time 1
note_on 62
velocity 98
time 0
note_on 64
velocity 79
time 0
note_off 65
time 91
note_off 57
time 3
note_off 64
time 0
note_off 62
time 11
note_off 74
time 313
note_on 64
velocity 101
time 11
note_on 61
velocity 95
time 6
note_on 57
velocity 69
time 1
note_off 64
time 83
note_off 57
time 50
note_off 61
time 44
note_on 73
velocity 99
time 49
note_off 73
time 243
note_on 69
velocity 100
time 37
note_on 50
velocity 84
time 1
note_on 60
velocity 27
time 7
note_off 60
time 48
note_off 69
time 9
note_on 73
velocity 92
time 54
note_off 50
time 20
note_off 73
time 85
note_on 74
velocity 87
time 39
note_on 66
velocity 78
time 24
note_on 57
velocity 76
time 9
note_on 62
velocity 78
time 0
note_off 62
time 44
note_off 74
time 14
note_off 66
time 5
note_off 57
time 2
note_on 76
velocity 89
time 0
note_on 62
velocity 85
time 85
note_on 57
velocity 72
time 1
note_on 50
velocity 75
time 2
note_on 66
velocity 91
time 2
note_on 78
velocity 82
time 7
note_off 76
time 11
note_off 62
time 9
note_off 57
time 7
note_off 78
time 9
note_off 66
time 22
note_off 50
time 3
note_on 79
velocity 76
time 58
note_on 78
velocity 76
time 69
note_off 79
time 3
note_off 78
time 35
note_on 79
velocity 88
time 42
note_on 78
velocity 85
time 15
note_on 45
velocity 87
time 2
note_off 45
time 9
note_off 78
time 0
note_off 79
time 2
note_on 76
velocity 94
time 261
note_on 51
velocity 45
time 5
note_on 56
velocity 28
time 2
note_on 67
velocity 89
time 1
note_on 61
velocity 71
time 24
note_off 67
time 29
note_on 57
velocity 46
time 13
note_off 61
time 10
note_off 51
time 14
note_off 56
time 0
note_off 57
time 27
note_on 74
velocity 91
time 10
note_off 76
time 15
note_on 73
velocity 89
time 62
note_on 57
velocity 68
time 1
note_on 61
velocity 80
time 0
note_on 52
velocity 76
time 20
note_off 74
time 9
note_off 61
time 3
note_off 57
time 18
note_off 52
time 23
note_on 71
velocity 91
time 40
note_off 73
time 1
note_on 69
velocity 91
time 14
note_off 71
time 0
note_on 38
velocity 89
time 3
note_off 38
time 61
note_off 69
time 6
note_on 74
velocity 83
time 50
note_off 74
time 53
note_on 74
velocity 90
time 95
note_on 57
velocity 75
time 7
note_on 62
velocity 81
time 3
note_on 66
velocity 70
time 13
note_on 50
velocity 65
time 2
note_off 62
time 0
note_off 57
time 3
note_off 66
time 10
note_off 50
time 0
note_off 74
time 20
note_on 76
velocity 82
time 7
note_on 74
velocity 72
time 87
note_on 73
velocity 83
time 42
note_on 62
velocity 70
time 22
note_off 76
time 1
note_on 50
velocity 72
time 3
note_on 57
velocity 53
time 14
note_off 62
time 15
note_off 57
time 19
note_off 50
time 6
note_off 74
time 22
note_on 71
velocity 81
time 22
note_off 73
time 32
note_off 71
time 80
note_on 73
velocity 94
time 2
note_on 45
velocity 84
time 11
note_off 45
time 1
note_on 69
velocity 84
time 160
note_on 64
velocity 76
time 3
note_on 57
velocity 77
time 3
note_off 64
time 0
note_off 69
time 7
note_off 57
time 6
note_on 69
velocity 82
time 255
note_on 64
velocity 81
time 11
note_on 57
velocity 68
time 1
note_on 67
velocity 77
time 6
note_off 69
time 13
note_off 67
time 9
note_off 73
time 152
note_off 64
time 41
note_on 69
velocity 90
time 24
note_on 50
velocity 84
time 13
note_off 57
time 11
note_off 69
time 53
note_off 50
time 37
note_on 73
velocity 89
time 2
note_off 73
time 79
note_on 74
velocity 82
time 37
note_on 62
velocity 82
time 19
note_on 57
velocity 78
time 2
note_on 66
velocity 77
time 2
note_off 66
time 52
note_off 62
time 7
note_off 57
time 10
note_on 76
velocity 84
time 19
note_off 74
time 1
note_off 76
time 11
note_on 78
velocity 95
time 55
note_on 66
velocity 91
time 5
note_on 62
velocity 89
time 2
note_on 57
velocity 76
time 2
note_on 50
velocity 78
time 3
note_off 57
time 35
note_off 62
time 2
note_off 66
time 6
note_off 50
time 31
note_off 78
time 31
note_on 79
velocity 83
time 1
note_on 78
velocity 72
time 66
note_off 79
time 20
note_off 78
time 20
note_on 79
velocity 85
time 32
note_on 78
velocity 85
time 9
note_on 43
velocity 88
time 0
note_off 79
time 3
note_off 78
time 3
note_off 43
time 10
note_on 59
velocity 75
time 252
note_on 64
velocity 75
time 2
note_on 76
velocity 90
time 2
note_on 67
velocity 87
time 3
note_off 67
time 55
note_off 64
time 11
note_off 59
time 3
note_on 74
velocity 90
time 42
note_off 76
time 6
note_on 73
velocity 88
time 66
note_on 64
velocity 81
time 18
note_on 59
velocity 80
time 6
note_off 74
time 11
note_off 64
time 23
note_off 59
time 7
note_on 71
velocity 80
time 54
note_off 73
time 23
note_off 71
time 80
note_on 69
velocity 86
time 3
note_on 43
velocity 86
time 20
note_on 45
velocity 44
time 16
note_off 43
time 9
note_off 69
time 9
note_off 45
time 1
note_on 73
velocity 84
time 33
note_off 73
time 59
note_on 73
velocity 87
time 97
note_on 57
velocity 73
time 1
note_on 64
velocity 79
time 0
note_on 67
velocity 72
time 14
note_off 64
time 6
note_off 57
time 11
note_off 67
time 5
note_off 73
time 23
note_on 74
velocity 82
time 1
note_on 73
velocity 81
time 97
note_on 71
velocity 82
time 52
note_on 64
velocity 76
time 2
note_on 57
velocity 77
time 5
note_off 74
time 1
note_off 64
time 22
note_off 57
time 13
note_on 69
velocity 92
time 58
note_off 71
time 33
note_off 73
time 1
note_off 69
time 111
note_on 74
velocity 89
time 3
note_on 38
velocity 79
time 1
note_off 38
time 2
note_on 66
velocity 77
time 10
note_on 57
velocity 57
time 3
note_on 50
velocity 61
time 1
note_on 62
velocity 64
time 1
note_off 66
time 16
note_off 62
time 2
note_off 57
time 1
note_off 50
time 0
note_on 66
velocity 62
time 194
note_on 57
velocity 43
time 2
note_on 62
velocity 46
time 6
note_on 50
velocity 45
time 2
note_off 66
time 1
note_off 62
time 106
note_off 50
time 5
note_off 74
time 10
note_on 69
velocity 67
time 1
note_off 57
time 5
note_off 69
time 62
note_on 73
velocity 65
time 50
note_off 73
time 84
note_on 74
velocity 66
time 0
note_on 62
velocity 64
time 19
note_on 50
velocity 61
time 0
note_on 57
velocity 57
time 2
note_off 62
time 5
note_off 57
time 6
note_off 50
time 15
note_off 74
time 15
note_on 76
velocity 71
time 24
note_off 76
time 122
note_on 62
velocity 67
time 6
note_on 78
velocity 79
time 6
note_on 57
velocity 47
time 5
note_on 66
velocity 73
time 1
note_on 50
velocity 56
time 5
note_off 62
time 29
note_off 66
time 1
note_off 78
time 3
note_off 57
time 1
note_off 50
time 18
note_on 79
velocity 70
time 55
note_off 79
time 67
note_on 78
velocity 49
time 5
note_off 78
time 27
note_on 79
velocity 68
time 15
note_on 78
velocity 81
time 16
note_on 45
velocity 77
time 2
note_off 78
time 0
note_off 79
time 1
note_off 45
time 7
note_on 76
velocity 72
time 231
note_on 67
velocity 71
time 2
note_on 61
velocity 63
time 3
note_on 52
velocity 54
time 6
note_on 57
velocity 52
time 5
note_off 67
time 14
note_off 61
time 10
note_off 57
time 10
note_off 52
time 24
note_on 74
velocity 78
time 11
note_off 76
time 42
note_on 73
velocity 76
time 71
note_off 74
time 10
note_on 61
velocity 48
time 13
note_on 57
velocity 45
time 3
note_on 52
velocity 63
time 7
note_off 61
time 22
note_off 57
time 3
note_off 52
time 13
note_on 71
velocity 79
time 40
note_off 73
time 13
note_off 71
time 79
note_on 69
velocity 79
time 40
note_on 38
velocity 76
time 11
note_off 38
time 16
note_off 69
time 7
note_on 74
velocity 76
time 16
note_off 74
time 63
note_on 74
velocity 71
time 16
note_on 57
velocity 60
time 7
note_on 62
velocity 66
time 0
note_on 50
velocity 58
time 9
note_on 66
velocity 63
time 2
note_off 62
time 13
note_off 57
time 10
note_off 66
time 1
note_off 50
time 7
note_on 76
velocity 78
time 19
note_off 74
time 7
note_on 74
velocity 66
time 78
note_on 73
velocity 78
time 49
note_off 76
time 3
note_on 62
velocity 67
time 5
note_on 50
velocity 59
time 6
note_on 57
velocity 60
time 0
note_off 62
time 33
note_off 57
time 6
note_off 50
time 18
note_off 74
time 33
note_on 71
velocity 78
time 11
note_off 73
time 27
note_off 71
time 74
note_on 73
velocity 79
time 1
note_on 43
velocity 41
time 15
note_on 45
velocity 18
time 10
note_off 43
time 5
note_off 45
time 9
note_on 69
velocity 72
time 0
note_on 57
velocity 67
time 2
note_on 64
velocity 62
time 6
note_off 64
time 18
note_off 57
time 3
note_off 69
time 11
note_on 69
velocity 68
time 242
note_on 57
velocity 57
time 2
note_on 64
velocity 62
time 5
note_on 67
velocity 55
time 29
note_off 69
time 10
note_off 67
time 7
note_off 73
time 16
note_off 64
time 2
note_on 69
velocity 78
time 11
note_on 50
velocity 68
time 0
note_off 57
time 7
note_off 69
time 16
note_off 50
time 27
note_on 73
velocity 80
time 23
note_off 73
time 82
note_on 74
velocity 68
time 18
note_on 57
velocity 73
time 16
note_on 62
velocity 74
time 0
note_on 66
velocity 56
time 13
note_off 62
time 7
note_off 57
time 13
note_off 66
time 0
note_off 74
time 10
note_on 76
velocity 81
time 11
note_off 76
time 134
note_on 66
velocity 73
time 11
note_on 78
velocity 85
time 2
note_on 57
velocity 71
time 5
note_on 62
velocity 73
time 0
note_on 50
velocity 62
time 19
note_off 62
time 13
note_off 57
time 2
note_off 66
time 9
note_off 78
time 13
note_off 50
time 3
note_on 79
velocity 77
time 52
note_on 78
velocity 72
time 59
note_off 79
time 18
note_off 78
time 13
note_on 79
velocity 80
time 42
note_on 78
velocity 86
time 10
note_on 43
velocity 78
time 0
note_off 78
time 14
note_off 79
time 3
note_off 43
time 9
note_on 76
velocity 82
time 214
note_on 64
velocity 63
time 3
note_on 67
velocity 75
time 5
note_on 59
velocity 54
time 3
note_off 67
time 6
note_off 64
time 1
note_off 59
time 0
note_on 74
velocity 80
time 48
note_off 76
time 46
note_on 73
velocity 82
time 71
note_on 59
velocity 65
time 20
note_on 64
velocity 61
time 0
note_off 74
time 11
note_off 64
time 18
note_off 59
time 15
note_on 71
velocity 82
time 58
note_off 73
time 28
note_off 71
time 66
note_on 69
velocity 82
time 22
note_on 43
velocity 69
time 2
note_on 45
velocity 56
time 14
note_off 43
time 2
note_off 45
time 7
note_off 69
time 1
note_on 73
velocity 80
time 9
note_off 73
time 15
note_on 57
velocity 73
time 15
note_on 73
velocity 86
time 2
note_on 64
velocity 67
time 1
note_on 67
velocity 69
time 14
note_off 57
time 0
note_off 64
time 0
note_off 67
time 11
note_off 73
time 5
note_on 74
velocity 80
time 1
note_on 73
velocity 70
time 1
note_on 64
velocity 74
time 5
note_on 71
velocity 76
time 7
note_on 57
velocity 74
time 2
note_off 74
time 9
note_off 64
time 9
note_off 57
time 10
note_on 69
velocity 86
time 15
note_off 71
time 16
note_off 73
time 0
note_on 38
velocity 81
time 19
note_off 69
time 0
note_on 74
velocity 85
time 3
note_off 38
time 5
note_on 66
velocity 90
time 3
note_on 57
velocity 68
time 1
note_on 62
velocity 73
time 6
note_on 50
velocity 70
time 5
note_off 57
time 20
note_off 62
time 0
note_off 66
time 10
note_off 50
time 11
note_off 74
time 250
note_on 66
velocity 93
time 5
note_on 57
velocity 69
time 3
note_on 62
velocity 70
time 0
note_on 50
velocity 74
time 9
note_off 57
time 13
note_off 62
time 1
note_off 50
time 10
note_on 64
velocity 99
time 333
note_on 45
velocity 90
time 15
note_off 66
time 1
note_on 68
velocity 82
time 39
note_off 45
time 3
note_off 64
time 1
note_off 68
time 91
note_on 69
velocity 89
time 39
note_on 52
velocity 79
time 27
note_on 61
velocity 79
time 3
note_on 57
velocity 79
time 1
note_off 57
time 41
note_off 52
time 16
note_off 61
time 0
note_on 71
velocity 89
time 46
note_off 69
time 9
note_off 71
time 28
note_on 73
velocity 95
time 18
note_on 61
velocity 95
time 1
note_on 57
velocity 76
time 3
note_on 45
velocity 69
time 7
note_on 52
velocity 66
time 0
note_off 57
time 24
note_off 52
time 7
note_on 47
velocity 37
time 6
note_off 47
time 2
note_off 61
time 2
note_off 73
time 3
note_off 45
time 15
note_on 74
velocity 87
time 48
note_on 73
velocity 86
time 75
note_off 74
time 14
note_off 73
time 37
note_on 74
velocity 91
time 33
note_on 73
velocity 81
time 16
note_on 40
velocity 89
time 5
note_off 74
time 5
note_off 73
time 2
note_off 40
time 6
note_on 71
velocity 90
time 248
note_on 59
velocity 71
time 7
note_on 62
velocity 89
time 0
note_on 52
velocity 72
time 1
note_off 59
time 45
note_off 52
time 27
note_off 62
time 10
note_on 69
velocity 89
time 1
note_off 71
time 32
note_on 68
velocity 84
time 71
note_on 59
velocity 75
time 2
note_on 52
velocity 83
time 6
note_off 59
time 23
note_off 52
time 20
note_off 69
time 29
note_on 66
velocity 91
time 22
note_off 68
time 36
note_on 33
velocity 96
time 10
note_on 64
velocity 88
time 0
note_off 66
time 3
note_off 33
time 6
note_off 64
time 69
note_on 69
velocity 82
time 3
note_off 69
time 61
note_on 52
velocity 81
time 14
note_on 69
velocity 83
time 0
note_on 57
velocity 75
time 0
note_on 61
velocity 73
time 10
note_off 57
time 28
note_off 52
time 5
note_off 61
time 16
note_on 71
velocity 83
time 11
note_off 69
time 6
note_on 69
velocity 66
time 85
note_on 68
velocity 85
time 52
note_off 71
time 2
note_on 57
velocity 75
time 15
note_on 52
velocity 70
time 11
note_on 45
velocity 76
time 1
note_off 57
time 16
note_off 52
time 19
note_off 45
time 24
note_on 66
velocity 89
time 5
note_off 69
time 5
note_off 68
time 35
note_off 66
time 83
note_on 68
velocity 95
time 11
note_on 40
velocity 86
time 3
note_on 66
velocity 53
time 6
note_off 66
time 11
note_off 40
time 2
note_on 64
velocity 81
time 10
note_on 59
velocity 80
time 2
note_off 59
time 13
note_off 64
time 26
note_on 64
velocity 76
time 235
note_on 52
velocity 55
time 9
note_on 62
velocity 79
time 0
note_on 59
velocity 65
time 27
note_on 57
velocity 64
time 1
note_off 64
time 6
note_off 62
time 1
note_off 59
time 7
note_off 52
time 7
note_off 57
time 44
note_off 68
time 61
note_on 64
velocity 85
time 20
note_on 45
velocity 84
time 16
note_off 64
time 70
note_off 45
time 13
note_on 68
velocity 83
time 18
note_off 68
time 95
note_on 69
velocity 78
time 26
note_on 57
velocity 78
time 3
note_on 52
velocity 79
time 5
note_on 61
velocity 70
time 3
note_off 57
time 5
note_off 52
time 9
note_off 61
time 7
note_on 71
velocity 80
time 41
note_off 69
time 1
note_on 57
velocity 83
time 123
note_on 61
velocity 86
time 9
note_on 52
velocity 76
time 1
note_on 45
velocity 74
time 2
note_on 73
velocity 82
time 0
note_off 71
time 13
note_off 57
time 5
note_off 52
time 10
note_off 45
time 23
note_off 61
time 13
note_off 73
time 18
note_on 74
velocity 70
time 29
note_on 73
velocity 68
time 75
note_off 74
time 18
note_off 73
time 24
note_on 74
velocity 77
time 35
note_on 38
velocity 86
time 7
note_on 73
velocity 79
time 0
note_off 38
time 13
note_off 73
time 3
note_off 74
time 2
note_on 59
velocity 78
time 223
note_on 71
velocity 86
time 3
note_on 62
velocity 88
time 6
note_on 54
velocity 73
time 5
note_off 59
time 10
note_off 54
time 14
note_off 62
time 1
note_on 69
velocity 79
time 32
note_off 71
time 108
note_on 68
velocity 82
time 11
note_on 59
velocity 81
time 3
note_on 54
velocity 83
time 3
note_off 69
time 27
note_off 59
time 7
note_off 54
time 14
note_on 66
velocity 92
time 44
note_off 68
time 52
note_off 66
time 59
note_on 40
velocity 95
time 5
note_on 64
velocity 88
time 1
note_off 40
time 3
note_off 64
time 13
note_on 68
velocity 82
time 11
note_off 68
time 52
note_on 52
velocity 73
time 1
note_on 68
velocity 90
time 0
note_on 59
velocity 74
time 1
note_on 62
velocity 78
time 13
note_off 59
time 9
note_off 52
time 11
note_off 62
time 22
note_on 69
velocity 82
time 10
note_off 68
time 10
note_on 68
velocity 78
time 87
note_on 59
velocity 75
time 44
note_on 52
velocity 76
time 7
note_on 66
velocity 85
time 0
note_off 69
time 20
note_off 59
time 2
note_off 52
time 18
note_on 64
velocity 80
time 57
note_off 66
time 52
note_off 68
time 2
note_on 69
velocity 86
time 9
note_on 33
velocity 84
time 2
note_off 64
time 3
note_off 33
time 7
note_on 52
velocity 60
time 6
note_on 61
velocity 69
time 1
note_on 57
velocity 61
time 2
note_on 45
velocity 52
time 6
note_off 61
time 7
note_off 52
time 10
note_off 57
time 0
note_off 45
time 16
note_on 57
velocity 50
time 127
note_on 61
velocity 56
time 2
note_on 45
velocity 38
time 2
note_on 52
velocity 43
time 14
note_off 61
time 7
note_off 69
time 63
note_on 64
velocity 64
time 11
note_off 57
time 29
note_off 52
time 14
note_off 45
time 2
note_off 64
time 15
note_on 68
velocity 68
time 49
note_off 68
time 1
note_on 69
velocity 66
time 0
note_on 57
velocity 63
time 2
note_on 52
velocity 59
time 1
note_on 45
velocity 57
time 7
note_on 61
velocity 57
time 28
note_off 57
time 1
note_off 52
time 16
note_off 45
time 18
note_off 69
time 6
note_off 61
time 13
note_on 71
velocity 70
time 24
note_on 61
velocity 71
time 119
note_on 57
velocity 70
time 1
note_off 71
time 2
note_on 73
velocity 74
time 5
note_on 45
velocity 66
time 1
note_on 52
velocity 53
time 9
note_off 57
time 16
note_off 61
time 14
note_off 45
time 3
note_off 52
time 0
note_off 73
time 2
note_on 74
velocity 64
time 75
note_on 73
velocity 69
time 39
note_off 74
time 23
note_off 73
time 15
note_on 74
velocity 64
time 46
note_on 40
velocity 74
time 1
note_on 73
velocity 71
time 10
note_off 73
time 3
note_off 40
time 2
note_off 74
time 5
note_on 59
velocity 64
time 6
note_on 62
velocity 74
time 0
note_on 52
velocity 50
time 3
note_on 71
velocity 45
time 10
note_off 59
time 2
note_on 72
velocity 32
time 9
note_off 52
time 10
note_off 72
time 29
note_off 71
time 5
note_on 71
velocity 10
time 0
note_off 62
time 7
note_on 69
velocity 77
time 11
note_on 68
velocity 73
time 115
note_on 59
velocity 58
time 3
note_on 52
velocity 69
time 6
note_off 59
time 32
note_off 69
time 1
note_off 71
time 3
note_off 52
time 6
note_on 66
velocity 79
time 57
note_off 68
time 18
note_off 66
time 9
note_on 33
velocity 79
time 7
note_on 64
velocity 73
time 3
note_off 33
time 13
note_off 64
time 11
note_on 69
velocity 73
time 13
note_off 69
time 37
note_on 52
velocity 64
time 11
note_on 57
velocity 57
time 3
note_on 69
velocity 66
time 0
note_on 61
velocity 54
time 16
note_off 57
time 9
note_off 52
time 9
note_off 69
time 20
note_off 61
time 2
note_on 71
velocity 69
time 1
note_on 69
velocity 68
time 102
note_off 71
time 46
note_on 68
velocity 72
time 11
note_on 57
velocity 44
time 2
note_on 45
velocity 65
time 7
note_on 52
velocity 48
time 6
note_off 57
time 19
note_off 52
time 11
note_off 45
time 22
note_off 69
time 29
note_on 66
velocity 78
time 14
note_off 68
time 29
note_on 40
velocity 74
time 1
note_off 66
time 7
note_on 68
velocity 88
time 5
note_off 40
time 11
note_on 64
velocity 74
time 0
note_on 59
velocity 68
time 9
note_on 52
velocity 66
time 6
note_off 59
time 5
note_off 52
time 6
note_off 64
time 3
note_on 64
velocity 69
time 54
note_on 59
velocity 68
time 2
note_on 52
velocity 70
time 5
note_on 62
velocity 68
time 6
note_off 64
time 3
note_off 62
time 10
note_off 68
time 14
note_off 59
time 15
note_on 64
velocity 78
time 0
note_on 45
velocity 73
time 15
note_off 52
time 5
note_off 64
time 53
note_off 45
time 2
note_on 68
velocity 80
time 6
note_off 68
time 1
note_on 69
velocity 73
time 7
note_on 52
velocity 75
time 2
note_on 57
velocity 75
time 5
note_on 61
velocity 59
time 19
note_off 57
time 10
note_off 52
time 3
note_off 61
time 2
note_off 69
time 5
note_on 71
velocity 79
time 1
note_on 52
velocity 77
time 15
note_on 57
velocity 76
time 1
note_on 61
velocity 72
time 10
note_on 73
velocity 73
time 10
note_on 45
velocity 66
time 0
note_off 71
time 1
note_off 57
time 6
note_off 52
time 6
note_off 61
time 1
note_off 45
time 2
note_on 74
velocity 70
time 31
note_off 73
time 11
note_on 73
velocity 38
time 27
note_off 74
time 13
note_off 73
time 7
note_on 74
velocity 79
time 33
note_on 73
velocity 72
time 3
note_on 38
velocity 80
time 7
note_off 38
time 10
note_off 74
time 9
note_off 73
time 7
note_on 59
velocity 75
time 128
note_on 71
velocity 86
time 0
note_on 54
velocity 74
time 6
note_on 62
velocity 79
time 2
note_off 59
time 9
note_off 54
time 16
note_on 69
velocity 86
time 19
note_off 62
time 16
note_on 68
velocity 82
time 22
note_on 59
velocity 74
time 5
note_on 54
velocity 81
time 2
note_off 71
time 3
note_off 59
time 22
note_off 54
time 3
note_off 69
time 14
note_on 66
velocity 87
time 33
note_off 68
time 16
note_off 66
time 10
note_on 40
velocity 90
time 11
note_on 64
velocity 78
time 2
note_off 40
time 15
note_off 64
time 10
note_on 68
velocity 84
time 3
note_off 68
time 3
note_on 68
velocity 84
time 72
note_on 52
velocity 76
time 3
note_on 59
velocity 71
time 5
note_on 62
velocity 78
time 0
note_off 59
time 0
note_off 52
time 5
note_off 62
time 0
note_on 69
velocity 79
time 0
note_off 68
time 6
note_on 68
velocity 75
time 95
note_on 66
velocity 84
time 39
note_on 59
velocity 68
time 9
note_on 52
velocity 76
time 13
note_off 69
time 9
note_off 59
time 14
note_off 52
time 10
note_on 64
velocity 87
time 54
note_off 66
time 52
note_off 68
time 18
note_on 69
velocity 94
time 1
note_on 33
velocity 90
time 1
note_off 64
time 0
note_off 33
time 18
note_on 57
velocity 89
time 238
note_on 61
velocity 97
time 5
note_off 57
time 11
note_off 61
time 1
note_off 69
time 242
note_on 67
velocity 99
time 36
note_on 61
velocity 93
time 3
note_on 57
velocity 80
time 7
note_on 64
velocity 86
time 1
note_off 61
time 18
note_off 67
time 10
note_off 64
time 272
note_on 50
velocity 89
time 2
note_on 66
velocity 111
time 2
note_off 57
time 3
note_off 66
time 10
note_off 50
time 46
note_on 73
velocity 87
time 24
note_off 73
time 95
note_on 74
velocity 89
time 32
note_on 57
velocity 76
time 20
note_on 66
velocity 74
time 5
note_on 62
velocity 78
time 1
note_on 73
velocity 14
time 23
note_off 66
time 22
note_off 62
time 6
note_off 57
time 19
note_off 73
time 7
note_on 76
velocity 90
time 26
note_off 74
time 3
note_on 57
velocity 79
time 111
note_on 62
velocity 82
time 0
note_on 50
velocity 77
time 5
note_on 78
velocity 93
time 9
note_on 66
velocity 86
time 5
note_off 62
time 6
note_off 76
time 2
note_off 57
time 9
note_off 50
time 36
note_off 66
time 0
note_off 78
time 74
note_on 79
velocity 81
time 0
note_on 78
velocity 71
time 57
note_off 79
time 0
note_off 78
time 15
note_on 79
velocity 93
time 48
note_on 78
velocity 89
time 7
note_on 45
velocity 90
time 3
note_off 79
time 62
note_off 45
time 1
note_off 78
time 3
note_on 52
velocity 73
time 209
note_on 76
velocity 95
time 1
note_on 61
velocity 71
time 1
note_on 57
velocity 61
time 3
note_on 67
velocity 92
time 0
note_off 67
time 53
note_off 57
time 6
note_off 61
time 3
note_off 52
time 19
note_on 74
velocity 93
time 24
note_off 76
time 54
note_on 61
velocity 83
time 54
note_on 73
velocity 93
time 6
note_on 52
velocity 81
time 3
note_on 57
velocity 77
time 3
note_off 61
time 11
note_off 57
time 16
note_off 74
time 7
note_off 52
time 19
note_on 71
velocity 92
time 44
note_off 73
time 36
note_on 69
velocity 97
time 15
note_on 38
velocity 92
time 2
note_off 71
time 0
note_off 38
time 53
note_on 74
velocity 82
time 10
note_off 69
time 6
note_off 74
time 59
note_on 57
velocity 78
time 100
note_on 74
velocity 85
time 2
note_on 62
velocity 82
time 2
note_on 66
velocity 79
time 13
note_off 62
time 44
note_off 57
time 7
note_off 66
time 0
note_on 76
velocity 81
time 3
note_off 74
time 9
note_on 74
velocity 74
time 87
note_on 73
velocity 88
time 49
note_on 62
velocity 85
time 5
note_off 76
time 0
note_on 57
velocity 78
time 6
note_on 50
velocity 77
time 6
note_off 62
time 18
note_off 57
time 2
note_off 50
time 41
note_off 74
time 26
note_on 71
velocity 77
time 1
note_off 73
time 39
note_on 45
velocity 93
time 3
note_on 73
velocity 103
time 0
note_off 71
time 13
note_off 45
time 54
note_on 69
velocity 82
time 192
note_on 64
velocity 79
time 3
note_on 57
velocity 74
time 5
note_off 64
time 31
note_off 69
time 18
note_off 57
time 18
note_on 69
velocity 92
time 213
note_on 64
velocity 86
time 11
note_on 67
velocity 84
time 5
note_on 57
velocity 75
time 1
note_off 67
time 40
note_off 69
time 7
note_off 73
time 194
note_off 64
time 2
note_on 69
velocity 89
time 10
note_on 50
velocity 84
time 0
note_off 57
time 2
note_off 69
time 3
note_off 50
time 1
note_on 73
velocity 86
time 1
note_off 73
time 50
note_on 74
velocity 76
time 33
note_on 62
velocity 81
time 18
note_on 57
velocity 75
time 3
note_on 66
velocity 78
time 9
note_off 66
time 42
note_off 62
time 2
note_off 57
time 3
note_on 76
velocity 85
time 26
note_off 74
time 16
note_on 62
velocity 87
time 119
note_on 57
velocity 76
time 3
note_on 66
velocity 88
time 0
note_on 50
velocity 80
time 7
note_on 78
velocity 80
time 3
note_off 76
time 6
note_off 62
time 7
note_off 57
time 5
note_off 78
time 13
note_off 66
time 15
note_off 50
time 11
note_on 79
velocity 82
time 45
note_off 79
time 1
note_on 78
velocity 49
time 40
note_on 79
velocity 92
time 0
note_on 43
velocity 90
time 26
note_off 78
time 36
note_off 79
time 10
note_off 43
time 7
note_on 76
velocity 91
time 214
note_on 67
velocity 88
time 6
note_on 64
velocity 69
time 1
note_on 59
velocity 62
time 3
note_off 64
time 46
note_off 67
time 3
note_off 59
time 26
note_on 74
velocity 87
time 26
note_off 76
time 45
note_on 73
velocity 87
time 69
note_on 64
velocity 74
time 6
note_on 59
velocity 77
time 3
note_off 74
time 35
note_off 64
time 3
note_off 59
time 6
note_on 71
velocity 86
time 70
note_off 73
time 31
note_off 71
time 13
note_on 69
velocity 92
time 14
note_on 45
velocity 88
time 7
note_off 45
time 0
note_off 69
time 7
note_on 73
velocity 88
time 10
note_off 73
time 48
note_on 73
velocity 86
time 108
note_on 57
velocity 72
time 13
note_on 64
velocity 72
time 1
note_on 67
velocity 77
time 1
note_off 64
time 44
note_off 57
time 11
note_off 67
time 3
note_on 74
velocity 87
time 3
note_off 73
time 5
note_on 73
velocity 83
time 92
note_on 64
velocity 76
time 50
note_on 71
velocity 84
time 2
note_on 57
velocity 72
time 3
note_off 74
time 11
note_off 64
time 10
note_off 57
time 16
note_on 69
velocity 93
time 52
note_off 73
time 19
note_off 71
time 16
note_off 69
time 9
note_on 74
velocity 92
time 6
note_on 38
velocity 78
time 2
note_off 38
time 63
note_on 57
velocity 60
time 5
note_on 66
velocity 74
time 1
note_on 62
velocity 63
time 5
note_on 50
velocity 36
time 20
note_off 66
time 6
note_off 57
time 9
note_off 62
time 5
note_off 50
time 29
note_on 66
velocity 67
time 6
note_on 57
velocity 44
time 14
note_on 50
velocity 44
time 9
note_on 62
velocity 40
time 11
note_off 66
time 6
note_off 74
time 259
note_on 69
velocity 67
time 66
note_off 50
time 19
note_off 62
time 29
note_off 69
time 0
note_off 57
time 1
note_on 73
velocity 72
time 58
note_off 73
time 2
note_on 74
velocity 69
time 33
note_on 57
velocity 51
time 3
note_on 62
velocity 61
time 3
note_on 50
velocity 64
time 2
note_off 62
time 24
note_off 57
time 10
note_on 66
velocity 55
time 1
note_off 50
time 10
note_off 66
time 16
note_off 74
time 11
note_on 76
velocity 51
time 48
note_on 62
velocity 72
time 95
note_on 50
velocity 64
time 14
note_on 78
velocity 79
time 0
note_on 66
velocity 70
time 2
note_off 76
time 6
note_off 62
time 11
note_on 57
velocity 31
time 1
note_off 57
time 1
note_off 66
time 13
note_off 50
time 6
note_off 78
time 48
note_on 79
velocity 76
time 22
note_off 79
time 85
note_on 78
velocity 75
time 29
note_on 45
velocity 73
time 0
note_off 45
time 1
note_off 78
time 6
note_on 52
velocity 62
time 246
note_on 76
velocity 82
time 7
note_on 61
velocity 66
time 1
note_on 57
velocity 47
time 6
note_on 67
velocity 77
time 2
note_off 61
time 13
note_off 67
time 0
note_off 57
time 0
note_off 52
time 10
note_on 74
velocity 80
time 59
note_off 76
time 37
note_on 52
velocity 60
time 69
note_on 61
velocity 53
time 0
note_on 57
velocity 54
time 1
note_off 74
time 5
note_on 73
velocity 76
time 2
note_off 61
time 20
note_off 57
time 3
note_off 52
time 5
note_on 71
velocity 79
time 78
note_off 73
time 23
note_off 71
time 63
note_on 69
velocity 82
time 29
note_on 38
velocity 75
time 1
note_off 38
time 0
note_off 69
time 14
note_on 74
velocity 77
time 15
note_off 74
time 14
note_on 74
velocity 80
time 16
note_on 57
velocity 65
time 0
note_on 62
velocity 65
time 5
note_on 66
velocity 62
time 9
note_on 50
velocity 53
time 1
note_off 57
time 11
note_off 62
time 0
note_off 50
time 18
note_off 66
time 6
note_off 74
time 16
note_on 76
velocity 81
time 2
note_on 74
velocity 66
time 88
note_on 73
velocity 79
time 62
note_off 76
time 5
note_on 62
velocity 63
time 2
note_on 50
velocity 66
time 9
note_on 57
velocity 43
time 9
note_off 62
time 20
note_off 57
time 18
note_off 50
time 11
note_off 74
time 24
note_on 71
velocity 79
time 6
note_off 73
time 40
note_off 71
time 82
note_on 73
velocity 88
time 15
note_on 45
velocity 70
time 6
note_off 45
time 18
note_on 69
velocity 75
time 16
note_on 57
velocity 67
time 1
note_on 64
velocity 66
time 3
note_off 64
time 11
note_off 57
time 19
note_off 69
time 3
note_on 69
velocity 69
time 270
note_on 57
velocity 56
time 3
note_on 64
velocity 57
time 1
note_on 67
velocity 65
time 11
note_off 69
time 18
note_off 67
time 5
note_off 73
time 16
note_off 64
time 3
note_off 57
time 0
note_on 69
velocity 75
time 14
note_on 50
velocity 68
time 3
note_off 69
time 50
note_off 50
time 29
note_on 73
velocity 75
time 32
note_off 73
time 79
note_on 74
velocity 68
time 3
note_on 57
velocity 68
time 11
note_on 62
velocity 65
time 1
note_off 57
time 16
note_on 66
velocity 48
time 1
note_off 62
time 1
note_off 74
time 18
note_off 66
time 13
note_on 76
velocity 75
time 20
note_on 62
velocity 67
time 125
note_off 76
time 0
note_on 50
velocity 69
time 3
note_on 66
velocity 68
time 5
note_on 57
velocity 46
time 2
note_on 78
velocity 79
time 1
note_off 62
time 13
note_off 57
time 20
note_off 50
time 3
note_off 66
time 5
note_off 78
time 9
note_on 79
velocity 77
time 59
note_off 79
time 66
note_on 79
velocity 73
time 61
note_on 43
velocity 69
time 19
note_off 79
time 1
note_off 43
time 16
note_on 45
velocity 3
time 19
note_off 45
time 2
note_on 76
velocity 80
time 123
note_on 67
velocity 69
time 11
note_on 64
velocity 60
time 2
note_on 59
velocity 56
time 3
note_off 67
time 18
note_off 64
time 5
note_off 59
time 9
note_on 74
velocity 79
time 14
note_off 76
time 50
note_on 73
velocity 73
time 70
note_on 59
velocity 68
time 9
note_on 64
velocity 32
time 15
note_off 64
time 1
note_off 74
time 22
note_off 59
time 2
note_on 71
velocity 80
time 65
note_off 73
time 27
note_off 71
time 58
note_on 69
velocity 81
time 31
note_on 45
velocity 72
time 3
note_off 45
time 2
note_off 69
time 15
note_on 73
velocity 76
time 0
note_off 73
time 15
note_on 73
velocity 86
time 14
note_on 57
velocity 65
time 2
note_on 64
velocity 61
time 5
note_on 67
velocity 64
time 10
note_off 64
time 26
note_off 57
time 6
note_off 67
time 16
note_off 73
time 18
note_on 74
velocity 80
time 6
note_on 73
velocity 72
time 82
note_on 64
velocity 58
time 57
note_on 57
velocity 68
time 5
note_off 74
time 9
note_on 71
velocity 65
time 2
note_on 72
velocity 52
time 13
note_off 64
time 3
note_off 57
time 7
note_off 72
time 15
note_on 69
velocity 80
time 49
note_off 73
time 22
note_off 71
time 13
note_off 69
time 6
note_on 38
velocity 71
time 1
note_on 74
velocity 76
time 2
note_off 38
time 0
note_on 66
velocity 67
time 14
note_on 50
velocity 55
time 15
note_on 57
velocity 45
time 0
note_on 62
velocity 36
time 13
note_off 66
time 14
note_off 57
time 20
note_off 50
time 6
note_off 62
time 3
note_on 57
velocity 45
time 18
note_on 50
velocity 45
time 19
note_on 66
velocity 56
time 0
note_off 66
time 16
note_off 74
time 9
note_off 50
time 2
note_off 57
time 19
note_on 74
velocity 57
time 3
note_on 57
velocity 48
time 5
note_on 66
velocity 54
time 6
note_on 50
velocity 38
time 3
note_off 66
time 5
note_off 57
time 6
note_off 50
time 3
note_on 69
velocity 51
time 0
note_off 74
time 20
note_off 69
time 11
note_on 60
velocity 64
time 82
note_on 69
velocity 62
time 7
note_on 50
velocity 53
time 9
note_off 69
time 40
note_off 60
time 23
note_off 50
time 7
note_on 71
velocity 58
time 24
note_on 69
velocity 65
time 67
note_off 71
time 52
note_on 68
velocity 66
time 7
note_on 59
velocity 65
time 19
note_off 69
time 16
note_on 50
velocity 46
time 24
note_off 68
time 6
note_off 59
time 2
note_on 65
velocity 66
time 39
note_off 50
time 18
note_off 65
time 26
note_on 50
velocity 50
time 9
note_on 55
velocity 66
time 6
note_on 74
velocity 75
time 3
note_on 64
velocity 72
time 13
note_off 64
time 15
note_off 55
time 6
note_off 50
time 13
note_on 67
velocity 69
time 7
note_off 74
time 6
note_off 67
time 28
note_on 58
velocity 71
time 16
note_on 67
velocity 75
time 11
note_on 50
velocity 57
time 19
note_off 67
time 19
note_off 58
time 1
note_on 69
velocity 72
time 3
note_off 50
time 26
note_on 67
velocity 56
time 33
note_off 69
time 0
note_on 66
velocity 73
time 10
note_off 67
time 3
note_on 57
velocity 66
time 9
note_on 50
velocity 64
time 3
note_off 66
time 44
note_on 62
velocity 73
time 7
note_off 57
time 1
note_off 50
time 18
note_off 62
time 16
note_on 74
velocity 78
time 23
note_on 66
velocity 71
time 3
note_on 57
velocity 67
time 31
note_on 50
velocity 55
time 2
note_off 66
time 24
note_off 57
time 32
note_off 50
time 15
note_on 69
velocity 69
time 0
note_off 74
time 7
note_off 69
time 0
note_on 69
velocity 58
time 27
note_on 60
velocity 69
time 13
note_on 50
velocity 62
time 14
note_on 71
velocity 66
time 16
note_off 69
time 0
note_off 60
time 16
note_off 50
time 9
note_on 69
velocity 63
time 16
note_off 71
time 24
note_on 68
velocity 74
time 16
note_off 69
time 35
note_on 59
velocity 71
time 1
note_on 50
velocity 59
time 35
note_off 68
time 0
note_off 59
time 31
note_on 65
velocity 72
time 6
note_off 65
time 7
note_off 50
time 2
note_on 74
velocity 81
time 18
note_on 50
velocity 41
time 6
note_on 55
velocity 71
time 6
note_on 64
velocity 71
time 3
note_off 55
time 69
note_off 64
time 7
note_off 50
time 9
note_on 67
velocity 78
time 7
note_off 74
time 3
note_off 67
time 19
note_on 67
velocity 71
time 37
note_on 58
velocity 72
time 1
note_on 50
velocity 57
time 22
note_on 69
velocity 71
time 5
note_off 67
time 1
note_off 58
time 7
note_off 50
time 6
note_on 67
velocity 56
time 39
note_on 66
velocity 78
time 16
note_on 57
velocity 73
time 1
note_off 69
time 3
note_on 50
velocity 51
time 9
note_off 67
time 31
note_off 66
time 55
note_off 57
time 2
note_off 50
time 35
note_on 50
velocity 50
time 7
note_on 69
velocity 75
time 0
note_on 62
velocity 66
time 6
note_on 54
velocity 64
time 5
note_off 62
time 5
note_on 66
velocity 75
time 18
note_off 54
time 7
note_off 50
time 2
note_off 66
time 45
note_on 66
velocity 56
time 11
note_on 57
velocity 66
time 1
note_on 50
velocity 51
time 9
note_on 67
velocity 66
time 16
note_off 66
time 14
note_off 69
time 7
note_off 57
time 46
note_off 50
time 6
note_on 66
velocity 67
time 10
note_off 67
time 3
note_on 64
velocity 69
time 7
note_off 66
time 15
note_on 56
velocity 72
time 5
note_on 50
velocity 53
time 1
note_off 64
time 14
note_on 59
velocity 72
time 52
note_off 56
time 2
note_off 50
time 6
note_off 59
time 9
note_on 69
velocity 74
time 16
note_on 61
velocity 63
time 5
note_on 50
velocity 50
time 1
note_on 52
velocity 70
time 0
note_off 61
time 13
note_off 52
time 1
note_on 64
velocity 73
time 2
note_off 50
time 3
note_off 64
time 2
note_off 69
time 5
note_on 64
velocity 77
time 15
note_on 55
velocity 70
time 7
note_on 50
velocity 54
time 26
note_on 66
velocity 76
time 3
note_off 64
time 7
note_off 55
time 0
note_off 50
time 0
note_on 64
velocity 58
time 15
note_on 62
velocity 74
time 28
note_off 66
time 7
note_on 54
velocity 75
time 20
note_off 64
time 6
note_on 50
velocity 67
time 1
note_off 62
time 9
note_off 54
time 0
note_on 57
velocity 73
time 9
note_off 57
time 78
note_off 50
time 14
note_on 50
velocity 40
time 19
note_on 69
velocity 80
time 0
note_on 62
velocity 69
time 11
note_on 54
velocity 73
time 10
note_off 62
time 13
note_off 54
time 18
note_on 66
velocity 76
time 11
note_off 50
time 3
note_off 66
time 35
note_off 69
time 39
note_on 66
velocity 69
time 15
note_on 57
velocity 73
time 2
note_on 50
velocity 56
time 14
note_on 67
velocity 68
time 14
note_off 57
time 18
note_off 66
time 1
note_off 50
time 5
note_on 66
velocity 58
time 54
note_off 66
time 13
note_off 67
time 6
note_on 64
velocity 73
time 1
note_on 56
velocity 73
time 31
note_on 50
velocity 63
time 1
note_off 64
time 0
note_off 56
time 35
note_on 59
velocity 73
time 6
note_off 50
time 10
note_off 59
time 57
note_on 69
velocity 75
time 18
note_on 61
velocity 72
time 3
note_on 50
velocity 58
time 9
note_on 52
velocity 66
time 2
note_off 61
time 11
note_off 52
time 14
note_off 50
time 6
note_on 64
velocity 73
time 50
note_off 64
time 40
note_off 69
time 1
note_on 55
velocity 73
time 7
note_on 50
velocity 60
time 18
note_on 64
velocity 72
time 1
note_off 55
time 1
note_off 50
time 2
note_off 64
time 5
note_on 66
velocity 75
time 2
note_on 64
velocity 60
time 14
note_off 66
time 13
note_on 62
velocity 73
time 19
note_off 64
time 6
note_on 50
velocity 69
time 1
note_on 54
velocity 76
time 0
note_off 62
time 3
note_off 54
time 10
note_off 50
time 5
note_on 62
velocity 76
time 234
note_on 45
velocity 61
time 2
note_on 38
velocity 64
time 3
note_on 54
velocity 66
time 2
note_off 54
time 20
note_off 45
time 7
note_off 38
time 13
note_on 57
velocity 66
time 16
note_off 57
time 36
note_off 62
time 0
note_on 48
velocity 71
time 6
note_on 57
velocity 68
time 10
note_on 38
velocity 61
time 7
note_off 48
time 19
note_off 57
time 10
note_on 59
velocity 60
time 6
note_off 38
time 27
note_on 57
velocity 53
time 39
note_off 59
time 7
note_on 56
velocity 63
time 10
note_on 47
velocity 69
time 7
note_off 57
time 7
note_on 38
velocity 37
time 7
note_off 56
time 5
note_off 47
time 7
note_on 53
velocity 70
time 26
note_off 38
time 27
note_off 53
time 40
note_on 62
velocity 78
time 1
note_on 43
velocity 68
time 1
note_on 38
velocity 45
time 2
note_on 52
velocity 65
time 10
note_off 62
time 5
note_off 43
time 2
note_off 52
time 5
note_off 38
time 11
note_on 55
velocity 68
time 48
note_off 55
time 5
note_on 46
velocity 72
time 1
note_on 55
velocity 55
time 5
note_on 38
velocity 53
time 10
note_off 46
time 9
note_off 55
time 13
note_on 57
velocity 59
time 0
note_off 38
time 23
note_on 55
velocity 57
time 52
note_off 57
time 23
note_on 54
velocity 63
time 2
note_off 55
time 13
note_on 45
velocity 62
time 7
note_on 38
velocity 52
time 6
note_off 54
time 3
note_off 45
time 20
note_on 50
velocity 69
time 14
note_off 38
time 7
note_off 50
time 84
note_on 62
velocity 71
time 2
note_on 54
velocity 64
time 1
note_on 45
velocity 61
time 5
note_on 38
velocity 54
time 15
note_off 45
time 3
note_off 54
time 13
note_off 38
time 53
note_on 57
velocity 69
time 6
note_off 62
time 18
note_off 57
time 3
note_on 57
velocity 67
time 5
note_on 48
velocity 72
time 1
note_on 38
velocity 57
time 3
note_off 48
time 11
note_off 57
time 11
note_on 59
velocity 59
time 9
note_off 38
time 44
note_on 57
velocity 44
time 13
note_off 59
time 16
note_on 56
velocity 67
time 10
note_off 57
time 15
note_on 47
velocity 66
time 9
note_off 56
time 2
note_on 38
velocity 56
time 14
note_on 53
velocity 70
time 14
note_off 47
time 3
note_off 53
time 52
note_off 38
time 15
note_on 38
velocity 37
time 1
note_on 62
velocity 72
time 6
note_on 43
velocity 64
time 2
note_on 52
velocity 73
time 7
note_off 52
time 15
note_off 43
time 3
note_off 62
time 10
note_off 38
time 6
note_on 55
velocity 75
time 42
note_off 55
time 48
note_on 46
velocity 66
time 19
note_on 55
velocity 62
time 13
note_on 38
velocity 50
time 16
note_off 46
time 16
note_on 57
velocity 61
time 16
note_off 55
time 19
note_off 38
time 10
note_on 55
velocity 45
time 39
note_off 57
time 14
note_on 54
velocity 66
time 29
note_off 55
time 0
note_on 45
velocity 62
time 27
note_on 38
velocity 57
time 11
note_off 54
time 7
note_off 45
time 9
note_on 50
velocity 63
time 15
note_off 50
time 63
note_off 38
time 10
note_on 38
velocity 48
time 3
note_on 62
velocity 70
time 18
note_on 50
velocity 68
time 6
note_on 45
velocity 60
time 5
note_on 57
velocity 66
time 3
note_off 38
time 3
note_off 45
time 0
note_off 50
time 0
note_off 57
time 11
note_off 62
time 1
note_on 69
velocity 81
time 242
note_on 62
velocity 75
time 3
note_on 50
velocity 62
time 2
note_on 57
velocity 69
time 2
note_off 62
time 27
note_off 50
time 7
note_off 57
time 0
note_off 69
time 9
note_on 69
velocity 66
time 286
note_on 74
velocity 71
time 7
note_on 62
velocity 60
time 9
note_off 74
time 62
note_on 81
velocity 75
time 75
note_off 81
time 35
note_on 86
velocity 85
time 131
note_off 86
time 71
note_on 90
velocity 85
time 83
note_off 90
time 82
note_on 92
velocity 86
time 13
note_off 92
time 11
note_on 93
velocity 92
time 14
note_off 93
time 9
note_on 95
velocity 89
time 41
note_off 95
time 79
note_on 97
velocity 92
time 145
note_off 97
time 66
note_on 98
velocity 90
time 302
note_off 98
time 97
note_off 62
time 1908
note_off 69
time 2
