note_on 80
velocity 47
time 1011
note_on 76
velocity 43
time 5
note_off 80
time 628
note_off 76
time 312
note_on 78
velocity 44
time 427
note_on 74
velocity 38
time 13
note_off 74
time 117
note_off 78
time 36
note_on 76
velocity 47
time 6
note_on 72
velocity 37
time 9
note_off 76
time 20
note_off 72
time 45
note_on 74
velocity 54
time 102
note_on 70
velocity 44
time 19
note_on 68
velocity 51
time 216
note_on 72
velocity 58
time 5
note_off 74
time 28
note_off 70
time 16
note_off 72
time 11
note_off 68
time 19
note_on 84
velocity 54
time 1006
note_on 80
velocity 47
time 36
note_on 82
velocity 61
time 5
note_on 78
velocity 44
time 10
note_off 80
time 0
note_off 84
time 5
note_off 78
time 7
note_off 82
time 78
note_on 80
velocity 54
time 255
note_on 76
velocity 45
time 29
note_off 80
time 13
note_off 76
time 7
note_on 78
velocity 47
time 278
note_on 74
velocity 45
time 16
note_off 74
time 125
note_off 78
time 19
note_on 72
velocity 41
time 42
note_on 76
velocity 7
time 2
note_off 72
time 26
note_off 76
time 35
note_on 74
velocity 53
time 75
note_on 70
velocity 45
time 18
note_on 72
velocity 57
time 10
note_on 68
velocity 47
time 3
note_off 74
time 5
note_off 70
time 18
note_off 72
time 7
note_off 68
time 67
note_on 70
velocity 49
time 5
note_on 66
velocity 40
time 3
note_off 70
time 46
note_off 66
time 55
note_on 68
velocity 54
time 0
note_on 64
velocity 47
time 0
note_off 68
time 9
note_off 64
time 7
note_on 66
velocity 54
time 6
note_on 62
velocity 45
time 9
note_off 66
time 0
note_off 62
time 6
note_on 64
velocity 52
time 0
note_on 60
velocity 40
time 7
note_on 34
velocity 32
time 885
note_off 34
time 257
note_on 34
velocity 35
time 1173
note_off 34
time 289
note_on 34
velocity 34
time 446
note_off 34
time 227
note_on 34
velocity 37
time 1213
note_off 34
time 295
note_off 60
time 389
note_off 64
time 11
note_on 34
velocity 36
time 128
note_on 56
velocity 56
time 805
note_on 44
velocity 35
time 14
note_off 44
time 501
note_on 58
velocity 52
time 268
note_on 46
velocity 41
time 11
note_off 56
time 191
note_off 58
time 119
note_off 34
time 484
note_off 46
time 9
note_on 60
velocity 61
time 44
note_on 48
velocity 51
time 15
note_on 34
velocity 36
time 39
note_off 34
time 15
note_on 34
velocity 22
time 337
note_off 34
time 230
note_on 34
velocity 41
time 1256
note_off 34
time 282
note_off 48
time 501
note_on 34
velocity 37
time 16
note_off 60
time 62
note_on 44
velocity 38
time 782
note_on 56
velocity 57
time 3
note_off 44
time 490
note_on 58
velocity 62
time 279
note_on 46
velocity 48
time 26
note_off 56
time 197
note_off 58
time 191
note_off 34
time 417
note_on 60
velocity 62
time 18
note_off 46
time 6
note_on 48
velocity 53
time 6
note_on 34
velocity 34
time 23
note_off 34
time 3
note_off 48
time 1
note_off 60
time 85
note_on 34
velocity 39
time 363
note_off 34
time 141
note_on 62
velocity 56
time 729
note_on 80
velocity 61
time 10
note_on 50
velocity 49
time 7
note_on 76
velocity 43
time 31
note_off 62
time 278
note_off 50
time 58
note_off 80
time 119
note_off 76
time 299
note_on 34
velocity 45
time 37
note_on 78
velocity 56
time 167
note_on 74
velocity 46
time 31
note_off 34
time 45
note_off 74
time 76
note_off 78
time 31
note_on 76
velocity 45
time 3
note_on 72
velocity 54
time 7
note_off 76
time 22
note_off 72
time 26
note_on 74
velocity 53
time 119
note_on 70
velocity 49
time 10
note_on 72
velocity 58
time 1
note_on 68
velocity 51
time 5
note_on 34
velocity 37
time 5
note_off 70
time 7
note_off 74
time 1
note_off 34
time 16
note_off 68
time 332
note_off 72
time 14
note_on 64
velocity 55
time 233
note_on 52
velocity 51
time 23
note_off 52
time 493
note_off 64
time 39
note_on 62
velocity 69
time 222
note_on 50
velocity 53
time 24
note_off 50
time 420
note_off 62
time 35
note_on 60
velocity 67
time 286
note_on 48
velocity 60
time 16
note_off 60
time 348
note_off 48
time 42
note_on 58
velocity 56
time 399
note_on 46
velocity 55
time 20
note_on 80
velocity 61
time 3
note_on 76
velocity 49
time 15
note_off 46
time 6
note_off 58
time 9
note_on 56
velocity 60
time 9
note_on 44
velocity 53
time 2
note_off 80
time 127
note_off 44
time 13
note_off 56
time 20
note_on 58
velocity 62
time 242
note_on 46
velocity 50
time 15
note_off 76
time 18
note_on 78
velocity 53
time 5
note_on 74
velocity 41
time 2
note_off 74
time 7
note_on 76
velocity 54
time 13
note_off 78
time 3
note_on 72
velocity 53
time 15
note_off 76
time 0
note_off 72
time 9
note_on 74
velocity 58
time 74
note_on 70
velocity 55
time 11
note_on 68
velocity 50
time 3
note_on 72
velocity 56
time 0
note_off 70
time 9
note_off 74
time 19
note_off 58
time 16
note_off 46
time 5
note_on 56
velocity 49
time 345
note_on 44
velocity 42
time 24
note_off 44
time 343
note_off 56
time 20
note_off 72
time 87
note_off 68
time 149
note_on 56
velocity 45
time 247
note_on 44
velocity 41
time 9
note_off 56
time 274
note_off 44
time 83
note_on 70
velocity 46
time 167
note_on 66
velocity 41
time 13
note_off 66
time 255
note_off 70
time 1
note_on 68
velocity 53
time 154
note_on 34
velocity 39
time 9
note_on 64
velocity 45
time 6
note_off 68
time 121
note_off 64
time 80
note_on 66
velocity 54
time 186
note_on 62
velocity 48
time 10
note_off 34
time 194
note_off 62
time 5
note_off 66
time 2
note_on 64
velocity 56
time 270
note_on 60
velocity 43
time 23
note_on 34
velocity 43
time 751
note_off 34
time 136
note_on 56
velocity 48
time 11
note_on 44
velocity 42
time 0
note_off 56
time 3
note_off 44
time 13
note_on 34
velocity 39
time 455
note_off 34
time 636
note_off 60
time 57
note_off 64
time 152
note_on 34
velocity 36
time 561
note_off 34
time 279
note_on 80
velocity 59
time 11
note_on 34
velocity 42
time 6
note_on 76
velocity 47
time 1
note_off 34
time 3
note_off 80
time 302
note_on 60
velocity 50
time 239
note_on 56
velocity 49
time 2
note_on 68
velocity 58
time 0
note_on 64
velocity 47
time 1
note_off 76
time 59
note_off 56
time 98
note_off 60
time 9
note_on 78
velocity 53
time 7
note_on 74
velocity 46
time 5
note_off 64
time 32
note_off 68
time 6
note_off 74
time 105
note_on 76
velocity 62
time 33
note_on 72
velocity 57
time 13
note_off 78
time 5
note_off 76
time 18
note_off 72
time 42
note_on 74
velocity 52
time 114
note_on 70
velocity 57
time 2
note_off 70
time 108
note_off 74
time 24
note_on 72
velocity 66
time 3
note_on 70
velocity 66
time 1
note_on 58
velocity 53
time 10
note_on 66
velocity 55
time 7
note_on 62
velocity 47
time 7
note_on 68
velocity 44
time 7
note_off 62
time 18
note_off 58
time 16
note_off 66
time 6
note_off 68
time 0
note_off 72
time 9
note_off 70
time 39
note_on 72
velocity 62
time 451
note_on 68
velocity 46
time 14
note_on 60
velocity 46
time 10
note_on 64
velocity 41
time 3
note_off 64
time 204
note_off 72
time 76
note_off 68
time 54
note_off 60
time 16
note_on 34
velocity 40
time 479
note_off 34
time 252
note_on 34
velocity 34
time 569
note_off 34
time 170
note_on 84
velocity 57
time 533
note_on 80
velocity 48
time 27
note_on 82
velocity 61
time 111
note_on 78
velocity 49
time 18
note_off 80
time 14
note_off 84
time 29
note_off 78
time 399
note_off 82
time 54
note_on 34
velocity 43
time 316
note_off 34
time 295
note_on 80
velocity 61
time 600
note_on 34
velocity 46
time 18
note_on 76
velocity 54
time 3
note_off 34
time 1
note_off 80
time 191
note_on 68
velocity 69
time 358
note_on 60
velocity 49
time 16
note_on 56
velocity 39
time 13
note_on 64
velocity 45
time 0
note_off 76
time 119
note_on 78
velocity 59
time 48
note_off 60
time 5
note_on 74
velocity 46
time 11
note_off 56
time 18
note_off 64
time 10
note_off 68
time 3
note_off 74
time 113
note_on 76
velocity 61
time 15
note_off 78
time 6
note_on 72
velocity 53
time 10
note_off 76
time 18
note_off 72
time 27
note_on 74
velocity 56
time 130
note_on 70
velocity 64
time 5
note_off 70
time 62
note_off 74
time 76
note_on 70
velocity 69
time 1
note_on 72
velocity 68
time 10
note_on 58
velocity 48
time 0
note_on 66
velocity 46
time 1
note_on 68
velocity 53
time 9
note_on 62
velocity 41
time 3
note_off 62
time 2
note_off 58
time 5
note_off 68
time 7
note_off 72
time 2
note_off 66
time 16
note_off 70
time 55
note_on 72
velocity 55
time 485
note_on 68
velocity 41
time 10
note_on 64
velocity 41
time 11
note_on 60
velocity 39
time 3
note_off 64
time 136
note_off 72
time 96
note_off 68
time 54
note_off 60
time 31
note_on 34
velocity 41
time 506
note_off 34
time 269
note_on 34
velocity 36
time 501
note_off 34
time 401
note_on 74
velocity 53
time 287
note_on 70
velocity 56
time 2
note_off 74
time 42
note_off 70
time 3
note_on 74
velocity 58
time 97
note_on 70
velocity 58
time 13
note_off 70
time 516
note_off 74
time 1
note_on 34
velocity 43
time 248
note_off 34
time 263
note_on 76
velocity 69
time 360
note_on 72
velocity 58
time 5
note_off 72
time 45
note_off 76
time 22
note_on 76
velocity 56
time 95
note_on 34
velocity 43
time 19
note_on 72
velocity 64
time 0
note_off 34
time 139
note_on 68
velocity 61
time 664
note_on 64
velocity 51
time 7
note_on 56
velocity 46
time 6
note_on 60
velocity 46
time 0
note_off 72
time 104
note_off 76
time 23
note_off 60
time 97
note_off 56
time 31
note_off 64
time 27
note_off 68
time 57
note_on 78
velocity 80
time 165
note_on 74
velocity 63
time 15
note_off 74
time 126
note_off 78
time 5
note_on 78
velocity 86
time 105
note_on 70
velocity 52
time 1
note_on 66
velocity 48
time 7
note_on 58
velocity 46
time 1
note_on 62
velocity 45
time 14
note_on 74
velocity 58
time 1
note_off 62
time 179
note_off 58
time 61
note_off 66
time 23
note_off 70
time 45
note_off 74
time 436
note_on 72
velocity 54
time 111
note_on 68
velocity 45
time 11
note_on 64
velocity 42
time 10
note_on 60
velocity 44
time 3
note_off 64
time 113
note_off 72
time 6
note_off 68
time 79
note_off 60
time 32
note_on 34
velocity 44
time 604
note_off 34
time 299
note_off 78
time 39
note_on 76
velocity 62
time 523
note_on 72
velocity 56
time 2
note_on 34
velocity 34
time 2
note_off 72
time 326
note_off 34
time 378
note_on 78
velocity 68
time 158
note_on 74
velocity 40
time 36
note_off 76
time 41
note_off 78
time 483
note_off 74
time 151
note_on 34
velocity 33
time 248
note_off 34
time 257
note_on 80
velocity 60
time 260
note_on 76
velocity 47
time 23
note_off 76
time 252
note_off 80
time 7
note_on 80
velocity 59
time 437
note_on 76
velocity 43
time 37
note_on 34
velocity 24
time 31
note_off 80
time 471
note_off 76
time 13
note_off 34
time 40
note_on 86
velocity 56
time 1194
note_on 74
velocity 44
time 3
note_on 62
velocity 42
time 29
note_off 74
time 27
note_off 86
time 42
note_off 62
time 16
note_on 98
velocity 58
time 1535
note_on 86
velocity 44
time 3
note_on 74
velocity 41
time 5
note_off 98
time 98
note_off 86
time 14
note_off 74
time 19
note_on 62
velocity 53
time 1549
note_on 68
velocity 49
time 890
note_off 68
time 135
note_on 70
velocity 51
time 41
note_on 68
velocity 51
time 131
note_off 70
time 88
note_on 66
velocity 59
time 41
note_off 68
time 2
note_on 34
velocity 42
time 177
note_on 68
velocity 58
time 0
note_off 66
time 14
note_off 62
time 52
note_off 34
time 118
note_on 72
velocity 57
time 1
note_on 64
velocity 45
time 24
note_off 68
time 74
note_on 70
velocity 64
time 250
note_on 66
velocity 52
time 19
note_off 72
time 192
note_on 60
velocity 58
time 96
note_off 64
time 78
note_off 70
time 169
note_off 66
time 41
note_on 54
velocity 63
time 41
note_off 60
time 329
note_on 68
velocity 60
time 256
note_on 70
velocity 71
time 144
note_off 68
time 1
note_on 60
velocity 53
time 58
note_off 54
time 27
note_off 60
time 20
note_on 68
velocity 75
time 29
note_on 66
velocity 72
time 113
note_off 70
time 23
note_off 68
time 44
note_on 34
velocity 57
time 114
note_on 68
velocity 70
time 0
note_on 62
velocity 60
time 3
note_off 66
time 44
note_off 62
time 16
note_off 34
time 19
note_on 72
velocity 74
time 32
note_on 64
velocity 63
time 14
note_off 68
time 32
note_on 70
velocity 74
time 222
note_on 66
velocity 63
time 24
note_off 72
time 53
note_off 64
time 33
note_on 60
velocity 70
time 167
note_off 66
time 0
note_off 70
time 41
note_on 54
velocity 68
time 247
note_off 60
time 91
note_on 68
velocity 72
time 395
note_on 72
velocity 70
time 123
note_off 68
time 14
note_on 76
velocity 70
time 119
note_off 72
time 1
note_off 54
time 14
note_on 60
velocity 67
time 2
note_on 80
velocity 76
time 100
note_off 76
time 9
note_on 62
velocity 61
time 0
note_on 78
velocity 72
time 11
note_on 74
velocity 59
time 7
note_off 60
time 5
note_off 80
time 7
note_off 74
time 0
note_on 76
velocity 63
time 13
note_off 78
time 2
note_on 72
velocity 61
time 5
note_off 76
time 2
note_off 72
time 9
note_on 74
velocity 61
time 74
note_on 70
velocity 50
time 11
note_on 60
velocity 50
time 10
note_off 62
time 74
note_on 54
velocity 50
time 14
note_off 60
time 16
note_off 74
time 67
note_off 70
time 78
note_on 72
velocity 56
time 1
note_on 68
velocity 37
time 10
note_off 54
time 139
note_off 72
time 75
note_on 74
velocity 55
time 15
note_on 70
velocity 52
time 15
note_off 68
time 39
note_on 60
velocity 55
time 87
note_off 60
time 36
note_off 70
time 35
note_off 74
time 11
note_on 68
velocity 61
time 41
note_on 72
velocity 61
time 1
note_off 72
time 41
note_off 68
time 24
note_on 34
velocity 40
time 333
note_on 70
velocity 55
time 5
note_on 66
velocity 57
time 10
note_on 62
velocity 41
time 10
note_off 66
time 117
note_on 64
velocity 49
time 15
note_on 68
velocity 60
time 15
note_off 70
time 3
note_off 34
time 7
note_off 62
time 144
note_off 64
time 214
note_on 60
velocity 47
time 102
note_off 68
time 9
note_on 54
velocity 50
time 436
note_off 60
time 364
note_on 70
velocity 58
time 132
note_on 66
velocity 53
time 24
note_off 66
time 231
note_off 70
time 15
note_on 70
velocity 61
time 104
note_on 66
velocity 56
time 19
note_on 60
velocity 53
time 145
note_off 54
time 71
note_off 66
time 3
note_off 60
time 20
note_off 70
time 2
note_on 68
velocity 62
time 52
note_on 64
velocity 56
time 9
note_off 68
time 96
note_off 64
time 3
note_on 34
velocity 45
time 14
note_on 70
velocity 58
time 0
note_on 66
velocity 56
time 9
note_on 62
velocity 49
time 2
note_on 64
velocity 47
time 0
note_on 68
velocity 56
time 2
note_off 66
time 2
note_off 70
time 7
note_off 34
time 7
note_on 60
velocity 53
time 531
note_off 62
time 37
note_on 54
velocity 53
time 337
note_off 60
time 455
note_on 60
velocity 59
time 458
note_on 62
velocity 62
time 382
note_off 60
time 328
note_off 54
time 15
note_off 68
time 178
note_off 62
time 122
note_off 64
time 6
note_on 60
velocity 47
time 223
note_on 54
velocity 48
time 438
note_off 60
time 217
note_on 68
velocity 52
time 274
note_off 68
time 125
note_on 70
velocity 58
time 7
note_off 54
time 97
note_on 68
velocity 65
time 42
note_on 60
velocity 44
time 1
note_off 70
time 14
note_off 60
time 20
note_off 68
time 67
note_on 66
velocity 58
time 18
note_off 66
time 2
note_on 34
velocity 42
time 15
note_on 68
velocity 54
time 0
note_on 62
velocity 47
time 15
note_off 68
time 3
note_off 34
time 7
note_off 62
time 11
note_on 72
velocity 59
time 91
note_on 64
velocity 53
time 1
note_off 64
time 69
note_off 72
time 32
note_on 66
velocity 58
time 139
note_on 70
velocity 58
time 7
note_off 66
time 74
note_off 70
time 27
note_on 74
velocity 58
time 2
note_off 74
time 45
note_on 72
velocity 68
time 98
note_on 68
velocity 58
time 6
note_off 68
time 28
note_off 72
time 54
note_on 76
velocity 70
time 32
note_off 76
time 128
note_on 80
velocity 76
time 2
note_on 70
velocity 69
time 3
note_off 80
time 42
note_off 70
time 36
note_on 72
velocity 72
time 153
note_off 72
time 52
note_on 74
velocity 68
time 182
note_on 68
velocity 65
time 5
note_off 74
time 74
note_off 68
time 16
note_on 70
velocity 66
time 28
note_on 76
velocity 72
time 74
note_off 76
time 18
note_on 68
velocity 68
time 35
note_off 70
time 23
note_on 66
velocity 72
time 75
note_off 68
time 3
note_on 34
velocity 65
time 6
note_off 66
time 6
note_on 68
velocity 71
time 11
note_on 62
velocity 60
time 23
note_off 68
time 18
note_off 34
time 0
note_off 62
time 10
note_on 64
velocity 66
time 41
note_on 72
velocity 62
time 14
note_off 64
time 52
note_off 72
time 91
note_on 66
velocity 73
time 44
note_on 70
velocity 69
time 3
note_off 66
time 85
note_off 70
time 24
note_on 74
velocity 73
time 0
note_off 74
time 7
note_on 72
velocity 79
time 11
note_on 68
velocity 72
time 6
note_off 68
time 9
note_off 72
time 14
note_on 76
velocity 72
time 1
note_on 70
velocity 74
time 18
note_on 80
velocity 81
time 2
note_off 76
time 0
note_off 70
time 14
note_off 80
time 11
note_on 72
velocity 83
time 16
note_off 72
time 5
note_on 74
velocity 83
time 1
note_off 74
time 45
note_on 82
velocity 70
time 10
note_on 80
velocity 84
time 102
note_off 82
time 9
note_on 76
velocity 78
time 31
note_off 76
time 72
note_on 82
velocity 75
time 0
note_off 80
time 164
note_on 74
velocity 75
time 10
note_on 84
velocity 81
time 5
note_off 82
time 7
note_on 78
velocity 78
time 7
note_on 79
velocity 81
time 75
note_off 78
time 18
note_off 84
time 3
note_off 74
time 36
note_on 76
velocity 80
time 0
note_on 80
velocity 92
time 3
note_off 79
time 55
note_off 76
time 63
note_off 80
time 70
note_on 86
velocity 89
time 29
note_on 85
velocity 82
time 109
note_off 86
time 59
note_on 84
velocity 89
time 48
note_on 76
velocity 79
time 7
note_off 85
time 16
note_off 84
time 42
note_off 76
time 26
note_on 84
velocity 88
time 196
note_on 74
velocity 70
time 2
note_on 78
velocity 79
time 9
note_on 79
velocity 87
time 27
note_off 78
time 6
note_off 84
time 88
note_on 80
velocity 92
time 1
note_on 76
velocity 82
time 3
note_off 79
time 0
note_off 74
time 3
note_on 81
velocity 46
time 19
note_off 80
time 58
note_off 76
time 2
note_off 81
time 13
note_on 86
velocity 89
time 46
note_on 85
velocity 83
time 104
note_off 86
time 58
note_on 84
velocity 78
time 61
note_on 76
velocity 84
time 15
note_off 85
time 13
note_off 84
time 37
note_off 76
time 74
note_on 84
velocity 84
time 214
note_on 74
velocity 67
time 22
note_on 80
velocity 63
time 11
note_off 74
time 113
note_on 76
velocity 62
time 7
note_off 76
time 72
note_on 86
velocity 70
time 55
note_off 86
time 190
note_on 76
velocity 54
time 110
note_off 76
time 80
note_on 74
velocity 48
time 226
note_off 74
time 108
note_on 76
velocity 41
time 235
note_off 76
time 18
note_on 86
velocity 52
time 0
note_off 86
time 16
note_on 76
velocity 43
time 3
note_off 76
time 66
note_on 74
velocity 33
time 307
note_on 34
velocity 32
time 28
note_off 74
time 140
note_off 34
time 69
note_off 80
time 233
note_on 76
velocity 43
time 15
note_off 84
time 291
note_on 68
velocity 57
time 98
note_on 86
velocity 40
time 0
note_off 76
time 23
note_on 64
velocity 38
time 9
note_on 60
velocity 39
time 2
note_on 56
velocity 37
time 9
note_on 80
velocity 40
time 1
note_off 80
time 89
note_on 80
velocity 3
time 0
note_off 60
time 134
note_off 56
time 53
note_off 64
time 13
note_off 68
time 27
note_on 76
velocity 51
time 7
note_off 76
time 95
note_off 86
time 184
note_on 70
velocity 72
time 13
note_on 82
velocity 64
time 7
note_on 58
velocity 53
time 13
note_on 66
velocity 49
time 5
note_on 62
velocity 49
time 6
note_off 80
time 10
note_on 74
velocity 36
time 18
note_off 74
time 54
note_off 62
time 37
note_off 58
time 39
note_off 70
time 27
note_off 66
time 9
note_on 76
velocity 59
time 101
note_off 82
time 44
note_off 76
time 184
note_on 72
velocity 70
time 101
note_on 68
velocity 54
time 29
note_on 84
velocity 61
time 3
note_on 60
velocity 49
time 2
note_on 64
velocity 49
time 2
note_on 76
velocity 48
time 11
note_off 76
time 20
note_on 74
velocity 48
time 196
note_off 72
time 7
note_off 74
time 79
note_off 60
time 7
note_off 64
time 183
note_on 76
velocity 51
time 27
note_off 68
time 80
note_off 76
time 179
note_on 86
velocity 64
time 10
note_off 86
time 243
note_on 76
velocity 60
time 42
note_off 76
time 167
note_on 74
velocity 69
time 145
note_on 62
velocity 57
time 24
note_on 70
velocity 49
time 3
note_on 86
velocity 66
time 2
note_on 66
velocity 50
time 6
note_off 86
time 15
note_on 76
velocity 61
time 7
note_off 74
time 48
note_off 70
time 69
note_off 66
time 5
note_off 62
time 36
note_on 86
velocity 65
time 71
note_off 76
time 32
note_on 76
velocity 56
time 290
note_off 76
time 93
note_on 34
velocity 45
time 264
note_on 74
velocity 46
time 5
note_off 86
time 29
note_off 84
time 3
note_off 34
time 79
note_off 74
time 22
note_on 76
velocity 49
time 233
note_off 76
time 50
note_on 88
velocity 74
time 332
note_on 76
velocity 58
time 19
note_on 86
velocity 55
time 16
note_on 64
velocity 44
time 3
note_on 72
velocity 38
time 11
note_on 68
velocity 44
time 20
note_off 72
time 201
note_off 64
time 15
note_off 76
time 0
note_off 68
time 3
note_off 86
time 5
note_off 88
time 20
note_on 74
velocity 62
time 339
note_on 86
velocity 79
time 1
note_on 62
velocity 51
time 41
note_on 70
velocity 52
time 1
note_on 66
velocity 48
time 6
note_off 70
time 223
note_off 66
time 7
note_off 74
time 0
note_off 62
time 2
note_on 76
velocity 56
time 45
note_off 86
time 32
note_off 76
time 83
note_on 72
velocity 75
time 165
note_on 60
velocity 58
time 26
note_on 84
velocity 69
time 7
note_on 68
velocity 51
time 6
note_on 64
velocity 40
time 19
note_off 64
time 169
note_off 72
time 18
note_off 68
time 39
note_on 76
velocity 62
time 41
note_off 60
time 59
note_off 76
time 33
note_on 70
velocity 69
time 10
note_on 82
velocity 67
time 19
note_on 62
velocity 57
time 1
note_on 58
velocity 56
time 1
note_on 66
velocity 55
time 1
note_on 74
velocity 45
time 0
note_off 62
time 18
note_off 58
time 0
note_off 70
time 14
note_off 66
time 1
note_off 74
time 9
note_on 68
velocity 72
time 7
note_on 80
velocity 64
time 11
note_on 60
velocity 56
time 0
note_on 64
velocity 54
time 3
note_on 56
velocity 54
time 7
note_off 84
time 11
note_off 82
time 16
note_off 60
time 9
note_off 56
time 2
note_off 64
time 22
note_off 68
time 40
note_on 70
velocity 69
time 1
note_on 66
velocity 53
time 16
note_on 62
velocity 55
time 0
note_on 82
velocity 56
time 3
note_on 58
velocity 52
time 3
note_on 86
velocity 59
time 1
note_off 80
time 0
note_on 76
velocity 50
time 10
note_off 86
time 3
note_off 76
time 11
note_on 74
velocity 48
time 23
note_off 70
time 40
note_off 62
time 40
note_off 66
time 9
note_off 74
time 18
note_off 58
time 84
note_on 76
velocity 53
time 126
note_off 76
time 6
note_on 60
velocity 47
time 11
note_on 68
velocity 47
time 2
note_on 80
velocity 51
time 0
note_on 64
velocity 46
time 2
note_on 56
velocity 48
time 3
note_on 86
velocity 57
time 3
note_off 82
time 5
note_off 64
time 2
note_off 60
time 6
note_on 76
velocity 53
time 7
note_off 56
time 1
note_off 68
time 16
note_off 80
time 31
note_off 76
time 2
note_on 74
velocity 45
time 294
note_on 68
velocity 43
time 2
note_on 80
velocity 45
time 5
note_on 64
velocity 39
time 1
note_on 60
velocity 35
time 5
note_on 56
velocity 38
time 3
note_off 74
time 85
note_on 76
velocity 37
time 16
note_off 86
time 27
note_off 68
time 46
note_off 64
time 18
note_off 60
time 40
note_off 56
time 40
note_on 86
velocity 48
time 126
note_off 76
time 1
note_on 76
velocity 44
time 335
note_off 76
time 67
note_on 74
velocity 42
time 270
note_on 34
velocity 31
time 9
note_off 74
time 162
note_off 86
time 76
note_on 76
velocity 43
time 115
note_on 86
velocity 42
time 444
note_off 76
time 66
note_off 80
time 100
note_off 86
time 92
note_on 76
velocity 42
time 182
note_off 76
time 52
note_on 56
velocity 47
time 597
note_on 66
velocity 60
time 18
note_on 62
velocity 47
time 11
note_off 62
time 190
note_off 56
time 41
note_off 66
time 5
note_on 70
velocity 68
time 153
note_on 58
velocity 51
time 14
note_off 34
time 1
note_off 58
time 178
note_on 68
velocity 66
time 145
note_on 66
velocity 55
time 27
note_on 60
velocity 45
time 5
note_off 70
time 14
note_on 50
velocity 59
time 234
note_off 60
time 119
note_on 62
velocity 68
time 143
note_off 50
time 6
note_off 68
time 10
note_off 66
time 5
note_on 72
velocity 69
time 0
note_on 70
velocity 61
time 238
note_on 60
velocity 59
time 2
note_off 62
time 3
note_off 72
time 74
note_off 60
time 125
note_on 74
velocity 73
time 23
note_on 58
velocity 65
time 5
note_off 70
time 2
note_off 58
time 35
note_off 74
time 2
note_on 34
velocity 47
time 265
note_on 62
velocity 58
time 14
note_on 66
velocity 68
time 0
note_on 56
velocity 55
time 3
note_off 56
time 76
note_off 62
time 1
note_off 66
time 14
note_off 34
time 48
note_on 70
velocity 71
time 1
note_on 58
velocity 56
time 5
note_off 58
time 143
note_on 68
velocity 72
time 128
note_on 60
velocity 64
time 2
note_on 66
velocity 65
time 10
note_off 70
time 2
note_on 50
velocity 67
time 201
note_off 60
time 119
note_on 62
velocity 77
time 121
note_off 50
time 1
note_off 68
time 19
note_on 72
velocity 74
time 10
note_off 66
time 7
note_on 60
velocity 71
time 69
note_on 70
velocity 72
time 7
note_off 62
time 36
note_off 72
time 11
note_on 58
velocity 73
time 35
note_off 60
time 10
note_on 74
velocity 74
time 1
note_off 70
time 44
note_on 66
velocity 65
time 1
note_on 68
velocity 69
time 7
note_on 62
velocity 75
time 5
note_off 58
time 15
note_off 74
time 15
note_on 72
velocity 75
time 1
note_on 60
velocity 68
time 2
note_off 68
time 16
note_off 62
time 9
note_on 58
velocity 70
time 115
note_on 70
velocity 72
time 7
note_off 60
time 27
note_off 72
time 46
note_off 58
time 19
note_on 56
velocity 70
time 22
note_off 66
time 32
note_on 74
velocity 78
time 52
note_on 54
velocity 71
time 33
note_off 70
time 1
note_off 56
time 20
note_on 62
velocity 82
time 24
note_on 68
velocity 81
time 3
note_on 66
velocity 72
time 10
note_off 54
time 0
note_off 74
time 6
note_on 60
velocity 78
time 5
note_on 72
velocity 77
time 6
note_off 62
time 9
note_off 68
time 6
note_on 58
velocity 78
time 3
note_off 60
time 15
note_on 70
velocity 79
time 2
note_off 58
time 18
note_on 56
velocity 75
time 10
note_off 72
time 18
note_on 74
velocity 83
time 62
note_on 54
velocity 76
time 27
note_off 70
time 10
note_off 56
time 26
note_on 62
velocity 89
time 5
note_off 66
time 40
note_off 74
time 6
note_off 54
time 1
note_on 60
velocity 80
time 18
note_off 62
time 63
note_on 58
velocity 77
time 118
note_off 60
time 1
note_on 56
velocity 63
time 311
note_off 58
time 11
note_off 56
time 6
note_on 58
velocity 52
time 69
note_on 56
velocity 53
time 130
note_off 58
time 26
note_on 34
velocity 60
time 67
note_off 34
time 41
note_off 56
time 15
note_on 58
velocity 53
time 15
note_on 56
velocity 53
time 5
note_off 58
time 9
note_on 54
velocity 62
time 10
note_off 56
time 14
note_off 54
time 0
note_on 51
velocity 70
time 0
note_on 54
velocity 70
time 9
note_on 56
velocity 74
time 16
note_off 51
time 14
note_on 58
velocity 73
time 16
note_off 54
time 11
note_off 56
time 15
note_off 58
time 23
note_on 61
velocity 79
time 0
note_off 61
time 29
note_on 63
velocity 76
time 2
note_on 66
velocity 71
time 55
note_on 68
velocity 61
time 16
note_on 73
velocity 79
time 18
note_off 63
time 3
note_off 68
time 23
note_off 66
time 16
note_off 73
time 31
note_on 75
velocity 73
time 50
note_on 78
velocity 77
time 66
note_on 80
velocity 80
time 40
note_off 75
time 13
note_on 82
velocity 81
time 1
note_off 80
time 41
note_on 85
velocity 97
time 6
note_off 78
time 11
note_off 82
time 29
note_off 85
time 62
note_on 82
velocity 95
time 199
note_off 82
time 42
note_on 83
velocity 65
time 22
note_off 83
time 22
note_on 56
velocity 95
time 174
note_on 68
velocity 92
time 3
note_on 66
velocity 34
time 53
note_off 56
time 3
note_off 68
time 11
note_off 66
time 19
note_on 58
velocity 94
time 89
note_on 70
velocity 98
time 0
note_off 58
time 44
note_off 70
time 7
note_on 68
velocity 85
time 72
note_on 56
velocity 89
time 7
note_off 56
time 27
note_off 68
time 9
note_on 54
velocity 90
time 74
note_on 66
velocity 91
time 5
note_off 66
time 31
note_off 54
time 7
note_on 34
velocity 80
time 42
note_on 56
velocity 85
time 40
note_off 34
time 7
note_on 68
velocity 75
time 5
note_on 70
velocity 69
time 10
note_off 68
time 9
note_off 56
time 2
note_off 70
time 10
note_on 70
velocity 96
time 71
note_on 58
velocity 82
time 2
note_on 68
velocity 47
time 23
note_off 58
time 5
note_off 70
time 23
note_off 68
time 11
note_on 68
velocity 75
time 71
note_on 56
velocity 72
time 2
note_on 54
velocity 81
time 2
note_on 66
velocity 74
time 0
note_off 56
time 18
note_off 66
time 3
note_off 68
time 2
note_off 54
time 2
note_on 54
velocity 71
time 91
note_on 63
velocity 77
time 3
note_off 54
time 22
note_on 52
velocity 59
time 2
note_off 63
time 3
note_off 52
time 28
note_on 63
velocity 99
time 16
note_on 51
velocity 98
time 0
note_on 61
velocity 69
time 22
note_off 61
time 22
note_off 63
time 7
note_off 51
time 66
note_on 54
velocity 76
time 15
note_on 56
velocity 71
time 52
note_on 58
velocity 73
time 18
note_off 54
time 6
note_off 56
time 33
note_off 58
time 26
note_on 61
velocity 90
time 9
note_off 61
time 26
note_on 63
velocity 79
time 1
note_on 66
velocity 71
time 61
note_on 68
velocity 75
time 22
note_off 63
time 1
note_off 68
time 37
note_on 73
velocity 72
time 3
note_off 66
time 19
note_off 73
time 2
note_on 75
velocity 61
time 114
note_on 79
velocity 67
time 106
note_on 77
velocity 37
time 3
note_on 81
velocity 81
time 5
note_off 75
time 2
note_on 87
velocity 84
time 11
note_off 77
time 15
note_off 79
time 7
note_on 85
velocity 85
time 7
note_off 81
time 22
note_on 89
velocity 65
time 7
note_off 87
time 15
note_on 97
velocity 107
time 11
note_off 89
time 10
note_off 85
time 16
note_on 96
velocity 43
time 15
note_off 97
time 27
note_off 96
time 5
note_on 94
velocity 114
time 273
note_off 94
time 49
note_on 58
velocity 90
time 2
note_on 68
velocity 106
time 0
note_on 80
velocity 105
time 1
note_on 51
velocity 81
time 1
note_on 75
velocity 86
time 10
note_off 51
time 7
note_off 80
time 7
note_off 68
time 11
note_off 58
time 7
note_off 75
time 0
note_on 82
velocity 102
time 82
note_on 70
velocity 93
time 9
note_off 82
time 53
note_off 70
time 7
note_on 61
velocity 89
time 71
note_on 54
velocity 80
time 11
note_on 70
velocity 84
time 6
note_on 82
velocity 81
time 1
note_on 80
velocity 74
time 2
note_on 74
velocity 73
time 5
note_off 82
time 18
note_off 70
time 1
note_off 74
time 5
note_off 80
time 3
note_off 61
time 7
note_off 54
time 50
note_on 78
velocity 100
time 35
note_on 66
velocity 102
time 2
note_off 66
time 44
note_off 78
time 0
note_on 68
velocity 108
time 80
note_on 80
velocity 102
time 5
note_on 63
velocity 95
time 7
note_on 58
velocity 80
time 14
note_off 68
time 16
note_off 80
time 10
note_on 78
velocity 37
time 3
note_off 78
time 1
note_off 63
time 7
note_off 58
time 7
note_on 70
velocity 104
time 69
note_on 82
velocity 101
time 0
note_off 70
time 39
note_off 82
time 11
note_on 73
velocity 104
time 108
note_on 66
velocity 95
time 5
note_on 61
velocity 67
time 2
note_on 82
velocity 81
time 6
note_on 84
velocity 78
time 5
note_on 85
velocity 53
time 1
note_off 85
time 1
note_off 82
time 9
note_on 71
velocity 56
time 9
note_off 71
time 1
note_on 83
velocity 51
time 0
note_off 73
time 1
note_off 83
time 0
note_on 72
velocity 52
time 1
note_off 84
time 3
note_off 66
time 6
note_off 61
time 1
note_off 72
time 15
note_on 75
velocity 107
time 105
note_on 87
velocity 109
time 1
note_off 75
time 40
note_off 87
time 5
note_on 88
velocity 22
time 20
note_off 88
time 53
note_on 73
velocity 96
time 179
note_on 92
velocity 107
time 0
note_on 80
velocity 114
time 2
note_on 63
velocity 85
time 2
note_on 85
velocity 101
time 6
note_on 68
velocity 82
time 2
note_on 90
velocity 45
time 32
note_off 90
time 33
note_off 80
time 22
note_off 73
time 3
note_off 68
time 2
note_off 92
time 5
note_off 63
time 5
note_off 85
time 7
note_on 87
velocity 94
time 1278
note_on 75
velocity 95
time 5
note_on 85
velocity 47
time 39
note_off 85
time 36
note_off 87
time 273
note_off 75
time 5
note_on 85
velocity 97
time 184
note_on 73
velocity 89
time 5
note_off 85
time 235
note_off 73
time 42
note_on 82
velocity 74
time 438
note_on 70
velocity 61
time 20
note_off 70
time 156
note_off 82
time 11
note_on 73
velocity 55
time 0
note_on 61
velocity 50
time 1
note_on 68
velocity 49
time 14
note_on 56
velocity 36
time 1
note_on 49
velocity 38
time 1
note_off 61
time 5
note_off 73
time 40
note_off 56
time 20
note_on 75
velocity 68
time 15
note_off 68
time 14
note_on 63
velocity 59
time 3
note_off 63
time 83
note_off 75
time 32
note_on 75
velocity 70
time 16
note_on 63
velocity 47
time 14
note_on 51
velocity 37
time 2
note_on 54
velocity 40
time 1
note_off 49
time 10
note_on 66
velocity 48
time 3
note_off 54
time 6
note_off 51
time 10
note_off 63
time 10
note_off 66
time 45
note_off 75
time 36
note_on 34
velocity 39
time 205
note_off 34
time 252
note_on 78
velocity 65
time 235
note_on 66
velocity 50
time 20
note_off 78
time 128
note_off 66
time 13
note_on 73
velocity 59
time 7
note_on 61
velocity 54
time 9
note_on 68
velocity 51
time 6
note_on 56
velocity 43
time 6
note_on 49
velocity 38
time 7
note_off 61
time 9
note_off 73
time 15
note_on 75
velocity 59
time 6
note_on 63
velocity 57
time 1
note_off 56
time 1
note_off 68
time 7
note_off 63
time 65
note_off 75
time 42
note_on 51
velocity 43
time 15
note_on 75
velocity 63
time 1
note_on 63
velocity 48
time 6
note_on 54
velocity 42
time 7
note_on 66
velocity 48
time 0
note_off 49
time 15
note_off 51
time 15
note_off 54
time 0
note_off 75
time 131
note_off 66
time 6
note_off 63
time 9
note_on 34
velocity 34
time 272
note_off 34
time 285
note_on 73
velocity 55
time 792
note_on 68
velocity 61
time 5
note_on 61
velocity 47
time 3
note_on 49
velocity 42
time 7
note_on 56
velocity 34
time 10
note_off 61
time 1
note_off 73
time 6
note_on 75
velocity 57
time 3
note_on 63
velocity 53
time 13
note_off 56
time 18
note_off 68
time 10
note_off 63
time 33
note_off 75
time 46
note_on 75
velocity 67
time 3
note_on 63
velocity 48
time 1
note_on 51
velocity 40
time 6
note_on 66
velocity 55
time 2
note_on 54
velocity 40
time 2
note_off 49
time 9
note_off 54
time 15
note_off 51
time 16
note_off 63
time 91
note_off 66
time 16
note_off 75
time 59
note_on 34
velocity 35
time 175
note_on 82
velocity 66
time 580
note_on 70
velocity 50
time 15
note_off 34
time 13
note_off 82
time 171
note_off 70
time 37
note_on 73
velocity 52
time 9
note_on 61
velocity 43
time 1
note_on 49
velocity 40
time 7
note_on 68
velocity 43
time 0
note_on 56
velocity 35
time 0
note_off 61
time 9
note_on 75
velocity 58
time 16
note_off 73
time 0
note_on 63
velocity 47
time 14
note_off 56
time 58
note_off 68
time 0
note_off 63
time 80
note_off 75
time 49
note_on 54
velocity 38
time 0
note_on 51
velocity 36
time 2
note_on 75
velocity 53
time 1
note_on 63
velocity 36
time 5
note_on 66
velocity 45
time 5
note_off 49
time 15
note_off 54
time 13
note_off 51
time 22
note_on 34
velocity 26
time 972
note_off 34
time 248
note_on 34
velocity 33
time 1358
note_off 34
time 239
note_on 34
velocity 35
time 1205
note_off 34
time 213
note_on 34
velocity 43
time 802
note_off 75
time 29
note_off 66
time 20
note_off 63
time 5
note_off 34
time 28
note_on 54
velocity 51
time 498
note_off 54
time 272
note_on 56
velocity 31
time 32
note_off 56
time 41
note_on 58
velocity 44
time 2
note_off 58
time 44
note_on 60
velocity 48
time 53
note_off 60
time 59
note_on 62
velocity 41
time 28
note_on 66
velocity 54
time 48
note_off 62
time 23
note_off 66
time 41
note_on 68
velocity 51
time 27
note_on 70
velocity 50
time 44
note_off 68
time 24
note_off 70
time 11
note_on 72
velocity 48
time 26
note_off 72
time 63
note_on 74
velocity 46
time 10
note_off 74
time 95
note_on 46
velocity 46
time 697
note_off 46
time 247
note_on 34
velocity 44
time 596
note_off 34
time 49
note_on 56
velocity 54
time 536
note_off 56
time 230
note_on 58
velocity 43
time 15
note_off 58
time 57
note_on 60
velocity 41
time 31
note_off 60
time 59
note_on 62
velocity 38
time 23
note_off 62
time 44
note_on 64
velocity 47
time 20
note_on 68
velocity 49
time 67
note_off 64
time 14
note_on 70
velocity 50
time 84
note_off 68
time 46
note_on 74
velocity 43
time 53
note_off 70
time 13
note_on 76
velocity 56
time 85
note_off 74
time 23
note_off 76
time 91
note_on 46
velocity 45
time 701
note_off 46
time 229
note_on 34
velocity 47
time 661
note_off 34
time 26
note_on 54
velocity 40
time 514
note_on 80
velocity 62
time 1
note_off 80
time 109
note_off 54
time 97
note_on 56
velocity 48
time 24
note_off 56
time 42
note_on 58
velocity 43
time 16
note_off 58
time 50
note_on 60
velocity 45
time 16
note_off 60
time 33
note_on 62
velocity 51
time 27
note_on 66
velocity 54
time 54
note_off 62
time 28
note_off 66
time 18
note_on 70
velocity 55
time 36
note_on 68
velocity 46
time 1
note_off 68
time 54
note_off 70
time 0
note_on 74
velocity 50
time 39
note_off 74
time 57
note_on 82
velocity 66
time 222
note_off 82
time 153
note_on 84
velocity 67
time 712
note_on 46
velocity 50
time 14
note_off 46
time 66
note_off 84
time 75
note_on 34
velocity 47
time 717
note_off 34
time 122
note_on 56
velocity 56
time 638
note_off 56
time 143
note_on 58
velocity 45
time 28
note_off 58
time 44
note_on 60
velocity 37
time 41
note_on 62
velocity 52
time 31
note_off 60
time 6
note_off 62
time 44
note_on 64
velocity 53
time 22
note_off 64
time 54
note_on 68
velocity 60
time 2
note_off 68
time 79
note_on 70
velocity 57
time 14
note_off 70
time 67
note_on 72
velocity 44
time 1
note_off 72
time 28
note_on 74
velocity 52
time 3
note_on 76
velocity 61
time 44
note_off 74
time 18
note_off 76
time 27
note_on 86
velocity 71
time 332
note_off 86
time 130
note_on 46
velocity 47
time 683
note_off 46
time 164
note_on 34
velocity 47
time 727
note_off 34
time 39
note_on 88
velocity 69
time 608
note_on 54
velocity 38
time 41
note_off 88
time 53
note_off 54
time 170
note_on 56
velocity 44
time 5
note_off 56
time 36
note_on 58
velocity 40
time 14
note_off 58
time 32
note_on 60
velocity 47
time 22
note_off 60
time 33
note_on 62
velocity 50
time 23
note_off 62
time 65
note_on 66
velocity 63
time 10
note_off 66
time 67
note_on 68
velocity 50
time 22
note_on 70
velocity 50
time 20
note_off 68
time 27
note_off 70
time 15
note_on 74
velocity 56
time 26
note_on 72
velocity 54
time 9
note_off 72
time 27
note_off 74
time 11
note_on 86
velocity 72
time 272
note_off 86
time 122
note_on 84
velocity 62
time 688
note_on 46
velocity 45
time 7
note_off 84
time 128
note_off 46
time 111
note_on 82
velocity 60
time 618
note_on 34
velocity 35
time 31
note_off 82
time 110
note_off 34
time 62
note_on 80
velocity 62
time 236
note_off 80
time 156
note_on 82
velocity 61
time 239
note_on 56
velocity 44
time 84
note_off 82
time 71
note_on 58
velocity 39
time 195
note_off 56
time 19
note_off 58
time 20
note_on 60
velocity 32
time 48
note_on 62
velocity 47
time 37
note_off 60
time 1
note_off 62
time 41
note_on 64
velocity 51
time 15
note_off 64
time 96
note_on 68
velocity 51
time 9
note_off 68
time 59
note_on 70
velocity 50
time 24
note_on 72
velocity 46
time 61
note_off 70
time 2
note_off 72
time 52
note_on 74
velocity 42
time 23
note_off 74
time 59
note_on 76
velocity 46
time 18
note_off 76
time 50
note_on 80
velocity 65
time 777
note_on 46
velocity 47
time 13
note_off 80
time 140
note_off 46
time 102
note_on 92
velocity 70
time 717
note_on 34
velocity 40
time 11
note_on 82
velocity 44
time 5
note_on 84
velocity 46
time 1
note_off 34
time 5
note_off 92
time 37
note_off 84
time 28
note_off 82
time 23
note_on 88
velocity 64
time 472
note_on 58
velocity 45
time 22
note_on 48
velocity 46
time 2
note_on 80
velocity 53
time 0
note_on 78
velocity 47
time 2
note_on 54
velocity 39
time 9
note_off 88
time 140
note_off 48
time 16
note_off 80
time 2
note_off 78
time 2
note_off 54
time 52
note_off 58
time 33
note_on 80
velocity 72
time 501
note_on 72
velocity 52
time 20
note_on 62
velocity 42
time 1
note_on 70
velocity 52
time 3
note_on 58
velocity 35
time 7
note_on 52
velocity 33
time 40
note_off 72
time 115
note_off 70
time 3
note_off 80
time 57
note_off 52
time 32
note_off 58
time 33
note_off 62
time 24
note_on 92
velocity 70
time 532
note_on 82
velocity 48
time 28
note_on 60
velocity 37
time 1
note_on 64
velocity 37
time 3
note_on 84
velocity 46
time 1
note_on 54
velocity 39
time 6
note_off 64
time 156
note_off 84
time 26
note_off 82
time 1
note_off 60
time 6
note_off 92
time 20
note_off 54
time 54
note_on 34
velocity 44
time 671
note_off 34
time 19
note_on 54
velocity 55
time 500
note_off 54
time 285
note_on 56
velocity 50
time 5
note_off 56
time 40
note_on 58
velocity 49
time 10
note_off 58
time 42
note_on 60
velocity 51
time 35
note_off 60
time 40
note_on 62
velocity 49
time 28
note_off 62
time 78
note_on 66
velocity 52
time 19
note_off 66
time 58
note_on 68
velocity 49
time 33
note_on 70
velocity 52
time 46
note_off 68
time 23
note_off 70
time 24
note_on 72
velocity 56
time 10
note_off 72
time 135
note_on 74
velocity 61
time 3
note_off 74
time 100
note_on 46
velocity 49
time 739
note_off 46
time 274
note_on 94
velocity 68
time 639
note_on 34
velocity 44
time 14
note_on 86
velocity 52
time 2
note_on 84
velocity 32
time 5
note_off 34
time 16
note_off 94
time 65
note_off 84
time 24
note_off 86
time 23
note_on 90
velocity 73
time 501
note_on 50
velocity 40
time 32
note_on 82
velocity 50
time 3
note_on 56
velocity 40
time 5
note_on 60
velocity 36
time 7
note_on 80
velocity 42
time 7
note_off 90
time 141
note_off 80
time 45
note_off 82
time 16
note_off 50
time 15
note_off 56
time 50
note_off 60
time 1
note_on 82
velocity 70
time 492
note_on 60
velocity 42
time 16
note_on 64
velocity 43
time 7
note_on 74
velocity 47
time 3
note_on 54
velocity 39
time 7
note_on 72
velocity 47
time 1
note_off 72
time 132
note_off 74
time 23
note_off 82
time 61
note_off 54
time 31
note_off 64
time 3
note_off 60
time 3
note_on 94
velocity 69
time 570
note_on 86
velocity 49
time 18
note_on 66
velocity 43
time 1
note_on 62
velocity 44
time 1
note_on 56
velocity 39
time 14
note_on 84
velocity 47
time 0
note_off 66
time 192
note_off 62
time 11
note_off 84
time 3
note_off 94
time 18
note_off 86
time 59
note_off 56
time 18
note_on 34
velocity 44
time 661
note_off 34
time 2
note_on 56
velocity 52
time 532
note_off 56
time 305
note_on 58
velocity 37
time 20
note_off 58
time 35
note_on 60
velocity 40
time 22
note_off 60
time 55
note_on 62
velocity 47
time 2
note_off 62
time 57
note_on 64
velocity 47
time 3
note_off 64
time 89
note_on 68
velocity 53
time 10
note_off 68
time 67
note_on 70
velocity 47
time 33
note_on 72
velocity 46
time 62
note_off 70
time 19
note_on 74
velocity 41
time 39
note_off 72
time 27
note_on 76
velocity 45
time 72
note_off 74
time 40
note_off 76
time 83
note_on 46
velocity 46
time 776
note_off 46
time 244
note_on 92
velocity 69
time 658
note_on 34
velocity 42
time 10
note_on 84
velocity 44
time 7
note_on 82
velocity 40
time 1
note_off 34
time 9
note_off 84
time 40
note_off 92
time 0
note_off 82
time 18
note_on 88
velocity 67
time 494
note_on 48
velocity 39
time 23
note_on 58
velocity 42
time 0
note_on 78
velocity 44
time 7
note_on 80
velocity 47
time 3
note_on 54
velocity 31
time 15
note_off 48
time 175
note_off 88
time 22
note_off 78
time 50
note_off 54
time 9
note_off 80
time 1
note_off 58
time 66
note_on 80
velocity 69
time 592
note_on 52
velocity 39
time 5
note_on 62
velocity 35
time 7
note_on 58
velocity 30
time 3
note_on 76
velocity 56
time 5
note_off 52
time 246
note_off 58
time 88
note_off 62
time 70
note_off 80
time 141
note_off 76
time 276
note_on 60
velocity 42
time 36
note_on 64
velocity 41
time 1
note_on 54
velocity 37
time 7
note_off 64
time 96
note_off 60
time 2
note_off 54
time 15
note_on 78
velocity 58
time 32
note_on 74
velocity 48
time 11
note_off 74
time 141
note_on 76
velocity 56
time 29
note_off 78
time 9
note_on 72
velocity 56
time 14
note_off 76
time 3
note_off 72
time 65
note_on 74
velocity 51
time 109
note_on 70
velocity 56
time 5
note_on 72
velocity 61
time 2
note_off 74
time 0
note_on 34
velocity 38
time 3
note_on 68
velocity 42
time 2
note_off 70
time 0
note_off 34
time 5
note_off 68
time 54
note_off 72
time 26
note_on 60
velocity 55
time 434
note_on 50
velocity 45
time 9
note_on 56
velocity 45
time 0
note_off 50
time 298
note_off 56
time 32
note_off 60
time 24
note_on 84
velocity 65
time 313
note_on 80
velocity 59
time 28
note_on 82
velocity 70
time 140
note_on 64
velocity 62
time 1
note_on 78
velocity 52
time 35
note_on 54
velocity 41
time 1
note_off 80
time 10
note_on 60
velocity 34
time 3
note_off 84
time 144
note_off 54
time 109
note_off 60
time 2
note_off 64
time 32
note_off 78
time 486
note_on 66
velocity 61
time 91
note_off 82
time 5
note_on 62
velocity 43
time 33
note_on 56
velocity 40
time 9
note_off 62
time 248
note_off 66
time 5
note_off 56
time 75
note_on 92
velocity 67
time 16
note_on 34
velocity 45
time 3
note_on 84
velocity 51
time 9
note_on 82
velocity 36
time 6
note_off 34
time 20
note_off 92
time 7
note_off 84
time 15
note_off 82
time 36
note_on 88
velocity 67
time 496
note_on 58
velocity 42
time 14
note_on 48
velocity 44
time 3
note_on 54
velocity 35
time 5
note_on 78
velocity 46
time 3
note_on 80
velocity 52
time 3
note_off 48
time 199
note_off 88
time 29
note_off 54
time 45
note_off 78
time 0
note_off 80
time 44
note_off 58
time 92
note_on 80
velocity 65
time 497
note_on 62
velocity 47
time 23
note_on 76
velocity 50
time 7
note_on 52
velocity 39
time 3
note_on 58
velocity 31
time 10
note_off 52
time 236
note_off 58
time 96
note_off 62
time 41
note_off 80
time 239
note_on 64
velocity 37
time 244
note_on 54
velocity 35
time 1
note_on 60
velocity 36
time 5
note_off 76
time 23
note_off 64
time 83
note_off 60
time 24
note_off 54
time 41
note_on 78
velocity 51
time 19
note_on 74
velocity 41
time 9
note_off 74
time 162
note_on 76
velocity 60
time 31
note_off 78
time 24
note_on 72
velocity 49
time 7
note_off 76
time 7
note_off 72
time 74
note_on 74
velocity 62
time 89
note_on 70
velocity 49
time 24
note_on 68
velocity 50
time 0
note_on 72
velocity 58
time 1
note_on 34
velocity 40
time 3
note_off 70
time 6
note_off 74
time 16
note_off 34
time 16
note_on 60
velocity 54
time 513
note_on 50
velocity 41
time 22
note_on 56
velocity 44
time 2
note_off 50
time 364
note_off 56
time 76
note_off 60
time 1
note_off 72
time 457
note_on 64
velocity 46
time 75
note_on 60
velocity 33
time 26
note_on 54
velocity 35
time 13
note_on 70
velocity 54
time 506
note_off 68
time 3
note_on 66
velocity 44
time 13
note_off 64
time 138
note_off 54
time 14
note_off 60
time 119
note_off 70
time 496
note_off 66
time 123
note_on 68
velocity 59
time 11
note_on 64
velocity 47
time 23
note_off 68
time 157
note_off 64
time 72
note_on 54
velocity 44
time 334
note_on 66
velocity 57
time 6
note_on 62
velocity 48
time 13
note_on 64
velocity 53
time 66
note_on 60
velocity 44
time 3
note_off 62
time 48
note_off 66
time 15
note_off 60
time 14
note_off 64
time 23
note_off 54
time 102
note_on 56
velocity 44
time 48
note_off 56
time 52
note_on 58
velocity 43
time 29
note_off 58
time 65
note_on 60
velocity 44
time 14
note_off 60
time 41
note_on 62
velocity 50
time 55
note_on 64
velocity 52
time 104
note_off 64
time 36
note_off 62
time 10
note_on 66
velocity 58
time 7
note_off 66
time 70
note_on 68
velocity 47
time 40
note_on 70
velocity 44
time 48
note_off 68
time 39
note_off 70
time 14
note_on 72
velocity 49
time 9
note_off 72
time 138
note_on 74
velocity 47
time 13
note_off 74
time 91
note_on 66
velocity 57
time 1367
note_on 54
velocity 42
time 6
note_on 62
velocity 47
time 10
note_on 60
velocity 46
time 3
note_on 64
velocity 57
time 0
note_off 66
time 36
note_off 62
time 117
note_off 60
time 1
note_off 64
time 9
note_on 56
velocity 45
time 50
note_off 54
time 7
note_off 56
time 66
note_on 58
velocity 42
time 16
note_off 58
time 69
note_on 60
velocity 51
time 19
note_off 60
time 31
note_on 62
velocity 45
time 85
note_off 62
time 91
note_on 64
velocity 41
time 15
note_off 64
time 49
note_on 66
velocity 47
time 28
note_off 66
time 96
note_on 68
velocity 45
time 13
note_on 70
velocity 47
time 41
note_off 68
time 59
note_off 70
time 22
note_on 72
velocity 43
time 23
note_on 74
velocity 48
time 139
note_off 72
time 3
note_off 74
time 109
note_on 66
velocity 55
time 1445
note_on 62
velocity 42
time 13
note_off 66
time 272
note_off 62
time 88
note_on 62
velocity 51
time 138
note_on 66
velocity 52
time 0
note_off 66
time 257
note_off 62
time 29
note_on 64
velocity 60
time 85
note_on 60
velocity 49
time 14
note_off 64
time 210
note_off 60
time 2
note_on 66
velocity 56
time 322
note_on 54
velocity 40
time 14
note_on 62
velocity 41
time 6
note_on 64
velocity 51
time 71
note_on 60
velocity 42
time 7
note_off 66
time 2
note_off 62
time 83
note_off 60
time 3
note_off 64
time 44
note_off 54
time 234
note_on 56
velocity 36
time 3
note_off 56
time 57
note_on 58
velocity 35
time 59
note_off 58
time 67
note_on 60
velocity 42
time 2
note_off 60
time 55
note_on 62
velocity 38
time 66
note_on 64
velocity 47
time 106
note_off 62
time 9
note_off 64
time 23
note_on 66
velocity 50
time 50
note_off 66
time 109
note_on 68
velocity 49
time 14
note_off 68
time 74
note_on 70
velocity 43
time 2
note_on 72
velocity 42
time 49
note_off 70
time 19
note_off 72
time 139
note_on 74
velocity 46
time 10
note_off 74
time 127
note_on 64
velocity 44
time 2542
note_on 60
velocity 38
time 3
note_off 60
time 20
note_off 64
time 6
