note_on 53
velocity 22
time 29
note_off 53
time 42
note_on 60
velocity 48
time 39
note_off 60
time 105
note_on 65
velocity 39
time 31
note_on 69
velocity 57
time 235
note_off 65
time 24
note_on 60
velocity 47
time 351
note_off 69
time 151
note_on 69
velocity 59
time 315
note_on 65
velocity 50
time 9
note_off 65
time 32
note_off 69
time 0
note_off 60
time 16
note_on 67
velocity 57
time 6
note_on 64
velocity 40
time 11
note_off 67
time 18
note_on 62
velocity 46
time 9
note_on 65
velocity 43
time 0
note_off 64
time 5
note_off 62
time 0
note_off 65
time 92
note_on 53
velocity 30
time 24
note_on 62
velocity 45
time 5
note_on 65
velocity 48
time 5
note_off 65
time 9
note_off 62
time 80
note_on 64
velocity 51
time 10
note_on 60
velocity 37
time 6
note_off 60
time 23
note_on 62
velocity 55
time 14
note_off 64
time 1
note_on 58
velocity 48
time 14
note_off 53
time 0
note_on 53
velocity 50
time 57
note_off 58
time 37
note_off 62
time 28
note_on 62
velocity 63
time 13
note_on 58
velocity 50
time 13
note_off 58
time 2
note_off 62
time 5
note_off 53
time 15
note_on 60
velocity 68
time 6
note_on 57
velocity 56
time 7
note_off 57
time 10
note_off 60
time 18
note_on 59
velocity 65
time 10
note_on 56
velocity 54
time 3
note_off 56
time 2
note_on 55
velocity 53
time 35
note_on 53
velocity 45
time 7
note_on 50
velocity 37
time 9
note_off 50
time 13
note_off 53
time 13
note_off 59
time 3
note_on 49
velocity 42
time 57
note_off 55
time 6
note_on 53
velocity 40
time 3
note_on 58
velocity 57
time 18
note_off 53
time 2
note_off 49
time 3
note_on 52
velocity 43
time 6
note_on 48
velocity 39
time 6
note_off 52
time 1
note_off 58
time 16
note_off 48
time 11
note_on 55
velocity 44
time 6
note_on 60
velocity 49
time 1
note_on 52
velocity 44
time 3
note_off 52
time 0
note_off 60
time 5
note_on 53
velocity 38
time 7
note_on 57
velocity 45
time 0
note_off 55
time 14
note_off 53
time 15
note_off 57
time 0
note_on 53
velocity 47
time 45
note_off 53
time 29
note_on 69
velocity 48
time 96
note_on 65
velocity 29
time 18
note_off 65
time 67
note_off 69
time 19
note_on 64
velocity 37
time 394
note_on 67
velocity 36
time 16
note_on 81
velocity 66
time 14
note_on 69
velocity 48
time 7
note_off 67
time 11
note_off 64
time 2
note_on 62
velocity 37
time 0
note_on 65
velocity 41
time 1
note_off 62
time 9
note_on 53
velocity 45
time 53
note_off 65
time 0
note_on 65
velocity 46
time 11
note_on 62
velocity 37
time 0
note_off 65
time 10
note_off 69
time 61
note_off 62
time 5
note_on 60
velocity 38
time 3
note_on 64
velocity 47
time 6
note_off 60
time 58
note_on 62
velocity 50
time 31
note_off 64
time 0
note_on 58
velocity 37
time 11
note_off 53
time 11
note_off 58
time 9
note_on 53
velocity 40
time 15
note_off 62
time 72
note_on 82
velocity 68
time 18
note_on 70
velocity 44
time 3
note_off 81
time 32
note_off 70
time 11
note_on 58
velocity 44
time 5
note_on 62
velocity 48
time 3
note_off 58
time 1
note_off 82
time 10
note_on 84
velocity 72
time 5
note_off 62
time 3
note_on 57
velocity 46
time 2
note_on 60
velocity 55
time 2
note_on 72
velocity 55
time 0
note_off 57
time 1
note_off 60
time 9
note_off 72
time 5
note_on 86
velocity 77
time 3
note_on 74
velocity 58
time 14
note_on 59
velocity 48
time 10
note_on 56
velocity 38
time 2
note_off 84
time 16
note_off 53
time 10
note_off 56
time 1
note_off 74
time 6
note_on 55
velocity 44
time 16
note_off 86
time 6
note_off 59
time 14
note_on 89
velocity 81
time 7
note_on 50
velocity 40
time 3
note_on 77
velocity 60
time 7
note_on 53
velocity 42
time 6
note_off 55
time 15
note_off 50
time 13
note_off 77
time 13
note_off 53
time 0
note_on 55
velocity 33
time 50
note_on 49
velocity 42
time 6
note_on 58
velocity 37
time 9
note_on 88
velocity 78
time 18
note_on 76
velocity 57
time 2
note_off 89
time 14
note_off 49
time 0
note_off 76
time 11
note_off 58
time 16
note_on 48
velocity 44
time 1
note_off 88
time 48
note_on 91
velocity 84
time 0
note_off 55
time 14
note_on 79
velocity 65
time 2
note_on 60
velocity 49
time 7
note_on 52
velocity 45
time 5
note_off 52
time 3
note_off 60
time 3
note_off 79
time 1
note_on 53
velocity 50
time 31
note_on 57
velocity 49
time 18
note_off 48
time 6
note_on 93
velocity 87
time 20
note_on 81
velocity 59
time 27
note_off 91
time 39
note_off 81
time 18
note_on 45
velocity 47
time 5
note_off 53
time 13
note_off 57
time 45
note_off 93
time 14
note_on 57
velocity 50
time 18
note_on 53
velocity 45
time 1
note_off 53
time 10
note_off 57
time 5
note_on 52
velocity 47
time 222
note_on 55
velocity 42
time 14
note_on 93
velocity 89
time 16
note_on 81
velocity 65
time 0
note_off 55
time 14
note_off 52
time 13
note_on 53
velocity 48
time 9
note_on 50
velocity 39
time 1
note_off 45
time 13
note_on 45
velocity 41
time 7
note_off 50
time 15
note_off 53
time 91
note_off 45
time 18
note_on 52
velocity 45
time 16
note_on 49
velocity 43
time 1
note_off 52
time 16
note_off 49
time 11
note_on 45
velocity 46
time 11
note_off 81
time 5
note_off 93
time 14
note_on 93
velocity 77
time 9
note_on 55
velocity 51
time 7
note_on 81
velocity 61
time 3
note_on 58
velocity 46
time 0
note_off 55
time 10
note_off 58
time 6
note_off 81
time 0
note_on 95
velocity 82
time 15
note_on 53
velocity 46
time 6
note_on 83
velocity 57
time 3
note_on 57
velocity 46
time 2
note_off 93
time 7
note_off 53
time 13
note_off 57
time 6
note_off 83
time 18
note_off 45
time 9
note_on 55
velocity 57
time 0
note_on 52
velocity 43
time 3
note_off 55
time 7
note_on 97
velocity 84
time 9
note_on 85
velocity 68
time 11
note_on 45
velocity 51
time 2
note_off 95
time 0
note_off 45
time 7
note_off 85
time 14
note_off 52
time 0
note_on 53
velocity 61
time 14
note_on 50
velocity 55
time 3
note_off 97
time 3
note_on 98
velocity 85
time 11
note_on 86
velocity 68
time 15
note_off 50
time 16
note_off 53
time 7
note_on 38
velocity 62
time 27
note_off 38
time 87
note_off 86
time 57
note_on 55
velocity 54
time 187
note_on 100
velocity 90
time 26
note_on 88
velocity 71
time 15
note_off 98
time 20
note_off 88
time 18
note_on 57
velocity 54
time 3
note_off 55
time 13
note_on 101
velocity 85
time 15
note_on 89
velocity 65
time 11
note_off 100
time 9
note_on 50
velocity 50
time 14
note_off 50
time 0
note_on 48
velocity 51
time 11
note_off 48
time 5
note_on 47
velocity 50
time 11
note_off 101
time 0
note_off 57
time 2
note_on 56
velocity 52
time 13
note_off 89
time 101
note_off 56
time 158
note_on 55
velocity 48
time 29
note_on 100
velocity 75
time 2
note_on 88
velocity 55
time 0
note_off 47
time 7
note_off 55
time 20
note_off 88
time 9
note_on 43
velocity 34
time 52
note_off 100
time 39
note_on 47
velocity 37
time 18
note_on 98
velocity 61
time 19
note_on 86
velocity 47
time 11
note_on 53
velocity 40
time 15
note_off 86
time 16
note_on 86
velocity 6
time 0
note_off 53
time 18
note_off 86
time 11
note_on 100
velocity 62
time 7
note_on 88
velocity 44
time 0
note_on 55
velocity 36
time 11
note_off 88
time 19
note_on 88
velocity 6
time 0
note_off 55
time 9
note_off 100
time 14
note_off 98
time 5
note_off 88
time 79
note_on 53
velocity 38
time 83
note_off 47
time 23
note_off 53
time 71
note_off 43
time 42
note_on 98
velocity 58
time 196
note_on 86
velocity 42
time 23
note_on 36
velocity 37
time 173
note_off 86
time 42
note_off 98
time 13
note_on 96
velocity 54
time 0
note_on 84
velocity 44
time 16
note_on 52
velocity 48
time 11
note_off 36
time 15
note_off 52
time 48
note_on 55
velocity 59
time 281
note_on 58
velocity 57
time 0
note_off 55
time 13
note_on 57
velocity 65
time 11
note_off 58
time 6
note_on 54
velocity 48
time 19
note_off 57
time 6
note_on 58
velocity 60
time 88
note_on 62
velocity 60
time 2
note_off 54
time 13
note_on 55
velocity 49
time 382
note_on 53
velocity 47
time 414
note_off 55
time 14
note_off 53
time 2
note_on 52
velocity 46
time 7
note_off 96
time 19
note_off 62
time 0
note_off 58
time 3
note_on 61
velocity 61
time 6
note_on 58
velocity 38
time 10
note_off 58
time 15
note_off 61
time 31
note_on 60
velocity 66
time 44
note_off 52
time 7
note_on 57
velocity 52
time 2
note_off 60
time 13
note_on 49
velocity 47
time 6
note_on 52
velocity 51
time 16
note_off 57
time 22
note_off 84
time 27
note_on 55
velocity 47
time 0
note_on 59
velocity 63
time 11
note_off 59
time 3
note_off 52
time 28
note_off 55
time 3
note_on 57
velocity 41
time 6
note_on 60
velocity 54
time 5
note_off 60
time 10
note_off 57
time 85
note_on 58
velocity 45
time 14
note_on 55
velocity 37
time 6
note_on 77
velocity 36
time 72
note_off 49
time 109
note_on 84
velocity 45
time 3
note_off 77
time 26
note_on 89
velocity 48
time 6
note_off 84
time 15
note_off 58
time 2
note_off 55
time 6
note_on 57
velocity 40
time 9
note_on 93
velocity 59
time 0
note_on 53
velocity 38
time 6
note_off 89
time 15
note_on 81
velocity 54
time 2
note_off 53
time 36
note_off 57
time 18
note_off 93
time 20
note_on 93
velocity 57
time 131
note_on 89
velocity 34
time 44
note_off 89
time 70
note_on 91
velocity 64
time 380
note_on 57
velocity 63
time 3
note_off 81
time 3
note_on 88
velocity 47
time 1
note_on 41
velocity 50
time 11
note_off 93
time 18
note_off 88
time 5
note_off 91
time 3
note_on 89
velocity 57
time 7
note_on 86
velocity 45
time 18
note_on 77
velocity 53
time 71
note_off 89
time 5
note_off 86
time 9
note_off 41
time 36
note_on 86
velocity 45
time 3
note_on 89
velocity 55
time 2
note_off 86
time 3
note_on 88
velocity 58
time 7
note_on 84
velocity 50
time 9
note_off 84
time 6
note_on 86
velocity 53
time 18
note_on 82
velocity 54
time 1
note_off 89
time 16
note_off 77
time 1
note_off 86
time 13
note_off 88
time 2
note_off 82
time 18
note_on 58
velocity 67
time 0
note_on 53
velocity 49
time 9
note_off 57
time 5
note_on 77
velocity 61
time 0
note_on 74
velocity 51
time 0
note_on 82
velocity 54
time 7
note_off 74
time 9
note_on 86
velocity 56
time 0
note_off 77
time 15
note_off 82
time 20
note_on 60
velocity 74
time 11
note_on 84
velocity 59
time 16
note_off 58
time 7
note_on 81
velocity 45
time 2
note_off 86
time 16
note_off 84
time 16
note_off 81
time 5
note_off 53
time 11
note_on 56
velocity 57
time 1
note_on 62
velocity 66
time 14
note_on 83
velocity 65
time 1
note_on 77
velocity 62
time 7
note_off 60
time 15
note_off 77
time 0
note_on 74
velocity 48
time 5
note_off 56
time 19
note_off 74
time 10
note_on 79
velocity 59
time 18
note_on 65
velocity 71
time 1
note_off 83
time 2
note_off 62
time 6
note_on 71
velocity 47
time 5
note_on 55
velocity 54
time 5
note_off 55
time 11
note_off 79
time 2
note_off 65
time 7
note_on 48
velocity 53
time 3
note_off 48
time 20
note_on 82
velocity 62
time 10
note_off 71
time 3
note_on 79
velocity 39
time 1
note_on 73
velocity 44
time 1
note_on 64
velocity 65
time 6
note_off 79
time 31
note_off 73
time 7
note_on 72
velocity 46
time 46
note_off 72
time 27
note_on 70
velocity 55
time 33
note_off 82
time 39
note_off 70
time 10
note_on 76
velocity 50
time 62
note_on 67
velocity 66
time 59
note_on 84
velocity 61
time 24
note_off 76
time 7
note_off 64
time 16
note_off 84
time 91
note_off 67
time 71
note_on 69
velocity 58
time 15
note_on 81
velocity 61
time 0
note_on 77
velocity 52
time 10
note_on 53
velocity 40
time 1
note_off 53
time 42
note_on 53
velocity 3
time 0
note_off 69
time 3
note_off 53
time 1
note_on 69
velocity 58
time 14
note_off 77
time 66
note_off 81
time 74
note_on 81
velocity 59
time 173
note_on 77
velocity 47
time 6
note_on 57
velocity 57
time 20
note_on 41
velocity 45
time 0
note_on 79
velocity 56
time 2
note_on 76
velocity 46
time 2
note_off 81
time 2
note_off 77
time 0
note_off 69
time 2
note_off 76
time 16
note_off 79
time 9
note_on 77
velocity 57
time 5
note_on 74
velocity 37
time 28
note_on 65
velocity 49
time 6
note_off 77
time 0
note_off 74
time 19
note_on 74
velocity 44
time 50
note_on 77
velocity 51
time 5
note_off 41
time 37
note_off 74
time 2
note_on 72
velocity 50
time 40
note_on 76
velocity 54
time 1
note_off 72
time 132
note_on 74
velocity 54
time 212
note_on 70
velocity 51
time 24
note_off 65
time 26
note_off 77
time 50
note_off 76
time 9
note_off 74
time 15
note_off 70
time 46
note_on 58
velocity 69
time 14
note_on 65
velocity 62
time 3
note_on 62
velocity 47
time 11
note_on 53
velocity 54
time 1
note_off 57
time 0
note_off 62
time 13
note_on 70
velocity 58
time 3
note_on 74
velocity 55
time 2
note_off 65
time 11
note_off 70
time 0
note_on 60
velocity 73
time 10
note_on 72
velocity 59
time 2
note_on 69
velocity 51
time 19
note_off 58
time 2
note_off 74
time 9
note_off 72
time 10
note_off 69
time 14
note_off 60
time 14
note_off 53
time 9
note_on 62
velocity 65
time 7
note_on 56
velocity 53
time 6
note_on 71
velocity 60
time 16
note_on 65
velocity 58
time 3
note_off 62
time 13
note_off 65
time 23
note_on 62
velocity 49
time 24
note_on 55
velocity 44
time 1
note_off 56
time 7
note_off 62
time 89
note_off 55
time 139
note_on 53
velocity 46
time 62
note_on 50
velocity 35
time 10
note_on 67
velocity 66
time 6
note_on 59
velocity 40
time 31
note_off 71
time 9
note_off 53
time 10
note_off 50
time 3
note_off 67
time 31
note_on 70
velocity 67
time 16
note_on 67
velocity 52
time 14
note_on 49
velocity 45
time 0
note_on 52
velocity 42
time 2
note_off 59
time 27
note_off 67
time 14
note_off 52
time 10
note_on 55
velocity 41
time 7
note_on 64
velocity 42
time 9
note_off 49
time 6
note_off 64
time 11
note_off 55
time 11
note_off 70
time 6
note_on 58
velocity 47
time 2
note_off 58
time 0
note_on 64
velocity 46
time 33
note_on 55
velocity 37
time 18
note_off 64
time 3
note_on 60
velocity 38
time 1
note_on 72
velocity 57
time 15
note_on 48
velocity 37
time 2
note_off 60
time 14
note_off 48
time 2
note_off 72
time 11
note_off 55
time 125
note_on 53
velocity 37
time 18
note_on 57
velocity 33
time 14
note_on 69
velocity 48
time 1
note_on 65
velocity 36
time 13
note_off 57
time 2
note_off 53
time 5
note_on 57
velocity 40
time 125
note_off 65
time 87
note_on 66
velocity 48
time 329
note_on 63
velocity 37
time 11
note_off 63
time 199
note_off 66
time 123
note_off 69
time 50
note_on 29
velocity 35
time 135
note_on 41
velocity 35
time 5
note_off 57
time 39
note_on 69
velocity 57
time 0
note_on 65
velocity 50
time 16
note_on 61
velocity 25
time 14
note_off 61
time 18
note_on 63
velocity 49
time 14
note_on 60
velocity 32
time 11
note_off 65
time 0
note_on 57
velocity 39
time 7
note_off 60
time 10
note_off 63
time 28
note_off 57
time 153
note_on 63
velocity 49
time 26
note_on 60
velocity 25
time 48
note_off 60
time 303
note_off 63
time 5
note_on 57
velocity 35
time 2
note_off 29
time 204
note_off 41
time 134
note_on 66
velocity 56
time 7
note_off 69
time 27
note_on 63
velocity 25
time 24
note_off 63
time 83
note_off 66
time 27
note_off 57
time 11
note_on 29
velocity 42
time 24
note_on 41
velocity 33
time 23
note_on 69
velocity 65
time 7
note_on 65
velocity 58
time 1
note_on 61
velocity 44
time 1
note_off 61
time 11
note_on 63
velocity 52
time 18
note_on 60
velocity 39
time 16
note_off 65
time 9
note_off 69
time 16
note_off 60
time 7
note_off 63
time 0
note_on 57
velocity 50
time 15
note_off 57
time 57
note_on 70
velocity 70
time 15
note_on 63
velocity 53
time 7
note_on 66
velocity 60
time 6
note_off 66
time 3
note_off 63
time 13
note_on 65
velocity 54
time 10
note_on 61
velocity 51
time 0
note_off 61
time 117
note_on 58
velocity 60
time 13
note_off 65
time 3
note_off 70
time 37
note_off 41
time 20
note_off 29
time 22
note_off 58
time 54
note_on 29
velocity 48
time 180
note_on 41
velocity 46
time 6
note_on 72
velocity 73
time 3
note_on 69
velocity 54
time 1
note_on 63
velocity 53
time 2
note_on 66
velocity 49
time 3
note_off 66
time 2
note_off 63
time 13
note_on 61
velocity 59
time 19
note_on 65
velocity 58
time 6
note_off 65
time 6
note_off 61
time 14
note_on 63
velocity 66
time 121
note_on 60
velocity 55
time 6
note_off 69
time 39
note_off 72
time 7
note_off 63
time 23
note_off 60
time 44
note_on 73
velocity 72
time 58
note_on 70
velocity 64
time 1
note_on 61
velocity 49
time 9
note_on 65
velocity 52
time 5
note_off 65
time 13
note_off 61
time 26
note_on 63
velocity 61
time 6
note_on 60
velocity 50
time 1
note_off 41
time 15
note_off 60
time 16
note_off 63
time 3
note_off 29
time 28
note_on 29
velocity 50
time 16
note_on 58
velocity 43
time 5
note_on 41
velocity 26
time 7
note_off 41
time 11
note_off 29
time 23
note_off 58
time 35
note_on 58
velocity 54
time 65
note_on 30
velocity 48
time 33
note_on 42
velocity 50
time 14
note_off 58
time 125
note_off 73
time 3
note_on 72
velocity 66
time 190
note_on 63
velocity 60
time 6
note_on 60
velocity 54
time 6
note_off 30
time 18
note_off 70
time 15
note_off 60
time 16
note_off 63
time 13
note_off 42
time 78
note_on 43
velocity 43
time 1
note_on 31
velocity 32
time 7
note_on 70
velocity 67
time 14
note_on 64
velocity 54
time 7
note_off 72
time 19
note_on 61
velocity 45
time 15
note_off 64
time 18
note_off 43
time 10
note_off 70
time 0
note_off 61
time 18
note_on 32
velocity 42
time 80
note_on 44
velocity 44
time 5
note_off 31
time 3
note_on 70
velocity 68
time 3
note_on 65
velocity 51
time 11
note_on 61
velocity 41
time 3
note_off 44
time 1
note_off 32
time 24
note_off 61
time 26
note_on 56
velocity 50
time 15
note_off 70
time 9
note_off 65
time 16
note_on 49
velocity 52
time 46
note_on 68
velocity 73
time 5
note_off 49
time 11
note_off 56
time 0
note_on 61
velocity 44
time 2
note_on 65
velocity 38
time 13
note_on 32
velocity 55
time 15
note_off 32
time 22
note_off 68
time 13
note_off 65
time 3
note_on 70
velocity 81
time 2
note_on 65
velocity 44
time 0
note_on 59
velocity 61
time 3
note_off 61
time 35
note_on 50
velocity 31
time 32
note_off 59
time 0
note_on 61
velocity 16
time 19
note_off 70
time 6
note_off 61
time 10
note_on 56
velocity 67
time 3
note_off 65
time 0
note_on 44
velocity 51
time 11
note_off 56
time 45
note_off 50
time 5
note_on 68
velocity 77
time 5
note_on 65
velocity 52
time 6
note_off 44
time 3
note_on 59
velocity 3
time 13
note_off 59
time 3
note_off 65
time 3
note_off 68
time 6
note_on 32
velocity 45
time 6
note_off 32
time 50
note_on 70
velocity 76
time 9
note_on 60
velocity 50
time 14
note_on 66
velocity 40
time 16
note_on 51
velocity 34
time 2
note_off 60
time 13
note_off 70
time 16
note_off 66
time 15
note_on 68
velocity 74
time 13
note_on 56
velocity 47
time 3
note_on 44
velocity 43
time 5
note_off 56
time 11
note_on 66
velocity 62
time 18
note_on 60
velocity 39
time 11
note_off 51
time 6
note_off 68
time 15
note_off 66
time 2
note_on 66
velocity 57
time 1
note_off 60
time 2
note_on 48
velocity 45
time 9
note_off 44
time 6
note_on 56
velocity 33
time 10
note_off 66
time 9
note_on 68
velocity 54
time 7
note_off 56
time 1
note_on 66
velocity 53
time 5
note_off 68
time 7
note_off 48
time 1
note_on 44
velocity 40
time 3
note_on 65
velocity 56
time 2
note_on 54
velocity 47
time 16
note_off 66
time 15
note_off 44
time 3
note_off 65
time 2
note_off 54
time 26
note_on 32
velocity 35
time 5
note_off 32
time 10
note_on 63
velocity 49
time 10
note_on 48
velocity 29
time 18
note_on 56
velocity 32
time 1
note_on 54
velocity 18
time 2
note_off 63
time 2
note_off 48
time 37
note_on 37
velocity 34
time 101
note_on 44
velocity 38
time 85
note_off 54
time 44
note_on 49
velocity 35
time 118
note_on 61
velocity 48
time 10
note_on 53
velocity 37
time 5
note_off 56
time 2
note_off 37
time 9
note_off 44
time 9
note_off 53
time 6
note_off 49
time 11
note_on 49
velocity 37
time 22
note_off 61
time 6
note_off 49
time 69
note_on 65
velocity 44
time 217
note_on 61
velocity 31
time 19
note_off 61
time 61
note_off 65
time 46
note_on 60
velocity 38
time 174
note_on 63
velocity 20
time 41
note_on 77
velocity 64
time 16
note_on 65
velocity 49
time 16
note_off 60
time 5
note_off 63
time 2
note_on 61
velocity 44
time 7
note_on 58
velocity 41
time 1
note_on 49
velocity 47
time 39
note_off 58
time 35
note_off 61
time 2
note_on 58
velocity 41
time 18
note_on 61
velocity 50
time 10
note_off 61
time 39
note_off 65
time 19
note_off 58
time 15
note_on 56
velocity 51
time 13
note_on 60
velocity 50
time 1
note_off 56
time 2
note_off 60
time 11
note_on 58
velocity 53
time 2
note_on 54
velocity 42
time 6
note_off 49
time 14
note_on 49
velocity 47
time 27
note_off 54
time 9
note_off 58
time 13
note_on 78
velocity 72
time 2
note_on 66
velocity 55
time 3
note_off 77
time 3
note_on 58
velocity 50
time 16
note_on 54
velocity 40
time 1
note_off 66
time 31
note_off 54
time 15
note_on 80
velocity 75
time 1
note_off 78
time 9
note_off 58
time 7
note_on 68
velocity 56
time 0
note_on 56
velocity 51
time 0
note_on 53
velocity 41
time 10
note_off 53
time 1
note_off 56
time 6
note_off 68
time 3
note_off 49
time 10
note_on 82
velocity 76
time 13
note_on 70
velocity 57
time 10
note_on 52
velocity 49
time 9
note_on 55
velocity 43
time 2
note_off 80
time 3
note_off 70
time 1
note_off 52
time 14
note_on 49
velocity 53
time 1
note_off 55
time 50
note_off 82
time 39
note_off 49
time 76
note_on 46
velocity 54
time 19
note_on 85
velocity 76
time 14
note_on 73
velocity 55
time 28
note_off 85
time 5
note_off 73
time 15
note_on 51
velocity 38
time 1
note_on 45
velocity 39
time 5
note_on 54
velocity 39
time 9
note_on 84
velocity 76
time 10
note_on 72
velocity 57
time 7
note_off 46
time 1
note_off 45
time 11
note_off 72
time 19
note_off 84
time 7
note_on 87
velocity 78
time 5
note_on 44
velocity 51
time 2
note_on 75
velocity 56
time 5
note_off 54
time 14
note_off 75
time 2
note_off 51
time 13
note_off 87
time 0
note_on 48
velocity 50
time 24
note_on 56
velocity 48
time 16
note_on 92
velocity 82
time 0
note_on 80
velocity 64
time 16
note_off 56
time 5
note_off 92
time 18
note_off 80
time 1
note_off 48
time 24
note_on 49
velocity 59
time 0
note_on 53
velocity 57
time 6
note_on 89
velocity 81
time 9
note_on 77
velocity 67
time 1
note_off 44
time 3
note_off 53
time 11
note_off 49
time 15
note_on 37
velocity 64
time 28
note_off 37
time 58
note_off 89
time 147
note_on 49
velocity 57
time 28
note_on 53
velocity 53
time 1
note_off 49
time 55
note_off 53
time 59
note_off 77
time 121
note_on 48
velocity 51
time 225
note_on 51
velocity 55
time 9
note_on 89
velocity 80
time 0
note_on 77
velocity 68
time 10
note_off 48
time 14
note_off 51
time 11
note_on 46
velocity 48
time 1
note_on 49
velocity 40
time 14
note_on 37
velocity 45
time 85
note_off 49
time 20
note_off 46
time 35
note_on 49
velocity 45
time 7
note_on 46
velocity 43
time 2
note_off 49
time 7
note_off 46
time 22
note_on 44
velocity 51
time 0
note_on 48
velocity 52
time 3
note_off 77
time 0
note_off 48
time 44
note_off 44
time 1
note_on 46
velocity 54
time 26
note_on 42
velocity 39
time 20
note_off 37
time 6
note_off 42
time 11
note_on 37
velocity 41
time 48
note_off 46
time 53
note_on 90
velocity 74
time 3
note_on 78
velocity 54
time 7
note_off 78
time 2
note_on 78
velocity 13
time 0
note_off 89
time 3
note_on 46
velocity 46
time 0
note_on 42
velocity 44
time 6
note_off 78
time 32
note_on 92
velocity 78
time 104
note_off 90
time 11
note_on 80
velocity 56
time 11
note_on 44
velocity 51
time 1
note_off 46
time 1
note_on 41
velocity 36
time 6
note_off 41
time 59
note_off 42
time 27
note_off 80
time 1
note_off 44
time 5
note_off 37
time 2
note_on 94
velocity 81
time 11
note_on 82
velocity 67
time 5
note_on 40
velocity 48
time 7
note_on 43
velocity 55
time 3
note_off 92
time 0
note_off 82
time 15
note_on 37
velocity 53
time 14
note_off 40
time 15
note_off 94
time 58
note_on 97
velocity 84
time 218
note_on 46
velocity 59
time 15
note_on 85
velocity 67
time 0
note_off 43
time 0
note_off 46
time 10
note_off 97
time 24
note_off 85
time 24
note_on 96
velocity 88
time 3
note_on 84
velocity 77
time 11
note_off 37
time 0
note_on 45
velocity 55
time 10
note_on 42
velocity 47
time 2
note_on 39
velocity 40
time 5
note_off 39
time 3
note_off 84
time 0
note_off 45
time 3
note_off 42
time 7
note_on 37
velocity 55
time 3
note_off 96
time 7
note_on 99
velocity 89
time 13
note_on 44
velocity 56
time 0
note_on 87
velocity 79
time 1
note_on 48
velocity 54
time 7
note_off 37
time 3
note_off 87
time 63
note_off 99
time 19
note_on 37
velocity 59
time 40
note_off 48
time 6
note_on 101
velocity 93
time 29
note_on 89
velocity 77
time 10
note_off 44
time 2
note_off 37
time 6
note_on 41
velocity 82
time 15
note_on 53
velocity 72
time 10
note_on 49
velocity 67
time 1
note_off 53
time 24
note_off 101
time 13
note_off 49
time 3
note_off 89
time 67
note_on 51
velocity 67
time 140
note_on 48
velocity 64
time 5
note_on 101
velocity 93
time 22
note_on 89
velocity 83
time 7
note_off 48
time 1
note_off 51
time 20
note_on 46
velocity 64
time 15
note_on 49
velocity 71
time 0
note_off 41
time 18
note_on 41
velocity 64
time 14
note_off 46
time 2
note_off 49
time 13
note_off 41
time 6
note_on 48
velocity 72
time 13
note_on 45
velocity 68
time 5
note_off 45
time 11
note_off 48
time 6
note_on 41
velocity 78
time 1
note_off 101
time 1
note_on 54
velocity 74
time 6
note_on 51
velocity 68
time 10
note_off 51
time 14
note_off 54
time 1
note_off 89
time 3
note_on 53
velocity 61
time 14
note_on 49
velocity 62
time 2
note_on 101
velocity 90
time 35
note_on 89
velocity 77
time 6
note_off 53
time 5
note_off 49
time 11
note_off 41
time 33
note_on 48
velocity 61
time 3
note_on 51
velocity 62
time 6
note_off 48
time 36
note_on 41
velocity 60
time 2
note_off 51
time 55
note_off 41
time 3
note_on 46
velocity 58
time 19
note_on 49
velocity 58
time 3
note_off 46
time 15
note_off 49
time 15
note_on 53
velocity 65
time 40
note_off 101
time 3
note_on 61
velocity 58
time 15
note_on 65
velocity 60
time 0
note_off 89
time 5
note_off 65
time 6
note_off 61
time 3
note_on 63
velocity 55
time 13
note_on 60
velocity 52
time 1
note_on 89
velocity 79
time 2
note_on 77
velocity 65
time 13
note_off 60
time 6
note_on 61
velocity 61
time 3
note_on 58
velocity 54
time 3
note_off 63
time 14
note_off 53
time 1
note_off 58
time 3
note_on 53
velocity 48
time 10
note_off 61
time 48
note_off 53
time 6
note_on 60
velocity 53
time 15
note_on 57
velocity 47
time 1
note_off 57
time 6
note_off 60
time 16
note_on 53
velocity 59
time 16
note_on 63
velocity 57
time 11
note_on 66
velocity 63
time 0
note_off 89
time 1
note_off 63
time 11
note_off 66
time 0
note_off 77
time 23
note_on 65
velocity 52
time 48
note_on 61
velocity 43
time 9
note_on 89
velocity 71
time 2
note_on 77
velocity 57
time 14
note_off 65
time 18
note_off 61
time 14
note_on 63
velocity 55
time 11
note_on 60
velocity 56
time 5
note_off 53
time 20
note_on 53
velocity 52
time 29
note_off 63
time 0
note_off 60
time 3
note_on 63
velocity 51
time 1
note_on 60
velocity 44
time 6
note_off 63
time 10
note_off 53
time 18
note_off 89
time 10
note_on 61
velocity 60
time 2
note_off 60
time 1
note_on 58
velocity 45
time 10
note_off 77
time 7
note_off 58
time 27
note_on 53
velocity 47
time 14
note_off 61
time 11
note_off 53
time 15
note_on 77
velocity 58
time 15
note_on 65
velocity 49
time 0
note_on 58
velocity 35
time 1
note_on 61
velocity 47
time 2
note_off 61
time 6
note_on 57
velocity 48
time 7
note_on 60
velocity 49
time 6
note_off 58
time 3
note_off 57
time 15
note_off 60
time 11
note_on 41
velocity 54
time 160
note_off 41
time 48
note_on 60
velocity 43
time 308
note_on 57
velocity 44
time 7
note_on 58
velocity 50
time 29
note_off 60
time 19
note_on 55
velocity 45
time 13
note_off 57
time 9
note_off 65
time 11
note_off 55
time 16
note_off 77
time 1
note_on 53
velocity 32
time 2
note_off 58
time 14
note_on 77
velocity 56
time 11
note_on 65
velocity 46
time 6
note_on 60
velocity 45
time 0
note_on 63
velocity 43
time 6
note_off 65
time 20
note_on 65
velocity 6
time 0
note_off 53
time 36
note_off 60
time 1
note_off 63
time 10
note_on 61
velocity 52
time 13
note_on 58
velocity 41
time 5
note_off 61
time 11
note_off 58
time 2
note_off 65
time 70
note_on 41
velocity 40
time 96
note_off 77
time 97
note_off 41
time 40
note_on 81
velocity 58
time 7
note_on 60
velocity 42
time 10
note_on 69
velocity 38
time 11
note_on 77
velocity 41
time 3
note_on 65
velocity 29
time 0
note_on 53
velocity 23
time 5
note_off 53
time 7
note_off 60
time 15
note_off 65
time 3
note_off 69
time 6
note_off 81
time 32
note_off 77
time 40
note_on 72
velocity 57
time 0
note_on 69
velocity 49
time 6
note_on 60
velocity 43
time 3
note_on 53
velocity 29
time 11
note_off 53
time 10
note_off 72
time 7
note_off 60
time 10
note_off 69
time 10
note_on 81
velocity 63
time 10
note_on 69
velocity 56
time 6
note_on 72
velocity 50
time 13
note_on 60
velocity 28
time 2
note_on 65
velocity 35
time 3
note_on 53
velocity 31
time 3
note_off 60
time 11
note_off 69
time 0
note_off 72
time 3
note_off 81
time 2
note_off 53
time 9
note_off 65
time 13
note_on 79
velocity 67
time 3
note_on 70
velocity 59
time 9
note_on 53
velocity 44
time 1
note_on 64
velocity 44
time 0
note_on 73
velocity 52
time 10
note_on 67
velocity 42
time 14
note_off 67
time 1
note_off 64
time 2
note_off 79
time 7
note_off 73
time 5
note_off 70
time 1
note_off 53
time 3
note_on 77
velocity 67
time 9
note_on 74
velocity 56
time 2
note_on 70
velocity 54
time 5
note_on 62
velocity 39
time 6
note_on 65
velocity 32
time 1
note_on 53
velocity 33
time 11
note_off 65
time 7
note_off 53
time 3
note_off 70
time 11
note_off 74
time 1
note_off 77
time 3
note_off 62
time 3
note_on 70
velocity 65
time 5
note_on 65
velocity 49
time 13
note_on 62
velocity 47
time 7
note_on 53
velocity 24
time 7
note_off 65
time 9
note_off 53
time 5
note_off 62
time 6
note_off 70
time 13
note_on 77
velocity 71
time 14
note_on 71
velocity 58
time 11
note_on 62
velocity 49
time 3
note_on 68
velocity 55
time 2
note_on 65
velocity 43
time 0
note_on 53
velocity 24
time 6
note_off 68
time 10
note_off 65
time 5
note_off 53
time 5
note_off 71
time 5
note_off 77
time 1
note_off 62
time 3
note_on 76
velocity 73
time 6
note_on 60
velocity 38
time 22
note_on 53
velocity 40
time 6
note_on 69
velocity 57
time 2
note_on 72
velocity 57
time 1
note_on 64
velocity 49
time 1
note_off 69
time 18
note_off 64
time 7
note_off 60
time 2
note_off 72
time 0
note_off 76
time 5
note_off 53
time 6
note_on 74
velocity 73
time 2
note_on 70
velocity 69
time 7
note_on 53
velocity 43
time 19
note_on 58
velocity 32
time 9
note_on 62
velocity 36
time 0
note_on 65
velocity 24
time 5
note_off 65
time 5
note_off 62
time 9
note_off 70
time 6
note_off 53
time 0
note_off 58
time 16
note_on 65
velocity 67
time 15
note_on 62
velocity 59
time 7
note_on 53
velocity 39
time 3
note_on 58
velocity 42
time 0
note_off 62
time 3
note_off 74
time 7
note_off 65
time 3
note_off 58
time 20
note_off 53
time 20
note_on 74
velocity 72
time 18
note_on 70
velocity 67
time 7
note_on 65
velocity 58
time 0
note_on 62
velocity 45
time 6
note_on 58
velocity 21
time 9
note_on 53
velocity 28
time 2
note_off 62
time 14
note_off 65
time 1
note_off 74
time 7
note_off 58
time 1
note_off 70
time 3
note_off 53
time 14
note_on 72
velocity 77
time 13
note_on 65
velocity 58
time 11
note_on 69
velocity 61
time 2
note_on 60
velocity 44
time 7
note_on 53
velocity 41
time 16
note_off 69
time 2
note_off 65
time 7
note_off 60
time 18
note_off 72
time 10
note_off 53
time 16
note_on 71
velocity 76
time 7
note_on 56
velocity 45
time 0
note_on 68
velocity 64
time 5
note_on 53
velocity 43
time 7
note_on 59
velocity 43
time 2
note_on 65
velocity 26
time 23
note_off 68
time 5
note_off 53
time 5
note_off 65
time 14
note_on 55
velocity 45
time 9
note_on 67
velocity 58
time 6
note_on 64
velocity 58
time 1
note_on 52
velocity 51
time 13
note_off 56
time 3
note_off 55
time 9
note_off 64
time 11
note_off 52
time 18
note_on 65
velocity 51
time 59
note_on 50
velocity 42
time 7
note_on 62
velocity 45
time 6
note_on 53
velocity 34
time 2
note_off 62
time 102
note_off 50
time 9
note_off 71
time 6
note_off 59
time 15
note_off 67
time 24
note_off 53
time 32
note_off 65
time 16
note_on 70
velocity 71
time 15
note_on 53
velocity 38
time 1
note_on 61
velocity 36
time 10
note_on 58
velocity 42
time 5
note_on 65
velocity 37
time 0
note_on 49
velocity 45
time 5
note_off 53
time 15
note_off 49
time 7
note_off 65
time 1
note_off 61
time 1
note_on 64
velocity 53
time 19
note_on 60
velocity 32
time 15
note_on 52
velocity 46
time 2
note_on 48
velocity 43
time 6
note_off 58
time 14
note_off 60
time 42
note_off 52
time 14
note_off 70
time 35
note_off 64
time 11
note_off 48
time 7
note_on 72
velocity 58
time 0
note_on 67
velocity 49
time 16
note_on 52
velocity 34
time 1
note_on 64
velocity 34
time 7
note_on 60
velocity 43
time 7
note_on 55
velocity 31
time 7
note_off 52
time 5
note_off 60
time 0
note_off 72
time 33
note_off 64
time 42
note_off 67
time 33
note_on 69
velocity 57
time 11
note_off 55
time 5
note_on 65
velocity 40
time 14
note_on 57
velocity 41
time 1
note_on 53
velocity 42
time 0
note_off 53
time 3
note_off 65
time 9
note_off 57
time 2
note_off 69
time 6
note_on 72
velocity 58
time 7
note_on 69
velocity 51
time 7
note_on 60
velocity 37
time 13
note_on 53
velocity 33
time 5
note_off 60
time 16
note_off 69
time 15
note_off 53
time 3
note_off 72
time 10
note_on 81
velocity 74
time 13
note_on 60
velocity 38
time 11
note_on 72
velocity 55
time 1
note_on 69
velocity 42
time 6
note_on 53
velocity 40
time 5
note_on 65
velocity 46
time 3
note_off 69
time 13
note_off 60
time 3
note_off 53
time 3
note_off 72
time 5
note_off 81
time 18
note_off 65
time 11
note_on 79
velocity 74
time 10
note_on 53
velocity 40
time 7
note_on 64
velocity 37
time 0
note_on 73
velocity 54
time 7
note_on 70
velocity 45
time 1
note_on 67
velocity 44
time 19
note_off 64
time 9
note_off 67
time 3
note_off 70
time 7
note_off 79
time 3
note_off 73
time 0
note_off 53
time 11
note_on 77
velocity 73
time 6
note_on 74
velocity 64
time 0
note_on 70
velocity 56
time 9
note_on 62
velocity 47
time 2
note_on 65
velocity 50
time 3
note_on 53
velocity 30
time 13
note_off 65
time 2
note_off 70
time 5
note_off 74
time 0
note_off 62
time 3
note_off 53
time 5
note_off 77
time 3
note_on 70
velocity 70
time 0
note_on 65
velocity 56
time 13
note_on 62
velocity 49
time 5
note_on 53
velocity 35
time 0
note_off 65
time 19
note_off 62
time 10
note_off 70
time 2
note_off 53
time 5
note_on 77
velocity 71
time 3
note_on 71
velocity 61
time 6
note_on 68
velocity 61
time 0
note_on 62
velocity 49
time 15
note_on 65
velocity 50
time 3
note_on 53
velocity 34
time 6
note_off 68
time 18
note_off 65
time 2
note_off 53
time 9
note_off 71
time 6
note_off 77
time 0
note_off 62
time 22
note_on 76
velocity 79
time 3
note_on 53
velocity 48
time 0
note_on 69
velocity 63
time 0
note_on 60
velocity 31
time 3
note_on 64
velocity 55
time 0
note_on 72
velocity 60
time 0
note_off 60
time 9
note_off 69
time 2
note_off 72
time 2
note_off 64
time 0
note_off 76
time 13
note_off 53
time 13
note_on 74
velocity 70
time 10
note_on 70
velocity 71
time 6
note_on 65
velocity 55
time 14
note_on 53
velocity 36
time 10
note_on 58
velocity 45
time 0
note_on 62
velocity 48
time 0
note_off 65
time 33
note_off 62
time 15
note_off 70
time 16
note_off 58
time 3
note_off 53
time 6
note_on 65
velocity 70
time 11
note_on 62
velocity 65
time 0
note_on 58
velocity 52
time 10
note_on 53
velocity 44
time 13
note_off 62
time 10
note_off 65
time 15
note_off 74
time 2
note_off 53
time 0
note_off 58
time 3
note_on 74
velocity 78
time 5
note_on 70
velocity 70
time 5
note_on 65
velocity 63
time 6
note_on 58
velocity 52
time 2
note_on 62
velocity 46
time 0
note_on 53
velocity 46
time 16
note_off 58
time 9
note_off 62
time 5
note_off 74
time 18
note_off 53
time 11
note_off 70
time 2
note_off 65
time 18
note_on 72
velocity 81
time 6
note_on 69
velocity 64
time 10
note_on 60
velocity 53
time 14
note_on 65
velocity 55
time 1
note_on 53
velocity 38
time 23
note_on 57
velocity 26
time 0
note_off 69
time 13
note_off 65
time 5
note_off 60
time 0
note_off 57
time 5
note_off 72
time 6
note_off 53
time 6
note_on 71
velocity 77
time 0
note_on 68
velocity 69
time 1
note_on 59
velocity 42
time 18
note_on 53
velocity 48
time 3
note_on 56
velocity 38
time 0
note_on 65
velocity 41
time 0
note_off 65
time 84
note_on 65
velocity 6
time 2
note_off 53
time 6
note_off 68
time 5
note_off 65
time 9
note_on 55
velocity 47
time 2
note_on 52
velocity 53
time 0
note_on 67
velocity 62
time 0
note_on 64
velocity 57
time 7
note_off 56
time 1
note_off 64
time 79
note_off 55
time 1
note_off 52
time 5
note_on 65
velocity 61
time 13
note_off 67
time 10
note_on 53
velocity 36
time 6
note_on 62
velocity 45
time 2
note_on 50
velocity 42
time 3
note_off 50
time 45
note_off 71
time 1
note_off 62
time 3
note_off 59
time 11
note_off 65
time 7
note_off 53
time 1
note_on 70
velocity 71
time 5
note_on 53
velocity 30
time 5
note_on 58
velocity 44
time 19
note_on 65
velocity 45
time 3
note_on 61
velocity 39
time 3
note_on 49
velocity 45
time 2
note_off 53
time 9
note_off 49
time 13
note_off 65
time 3
note_off 61
time 2
note_on 64
velocity 49
time 48
note_on 52
velocity 49
time 10
note_on 48
velocity 43
time 5
note_on 60
velocity 30
time 10
note_off 58
time 16
note_off 60
time 16
note_off 52
time 11
note_off 70
time 19
note_off 64
time 11
note_off 48
time 1
note_on 72
velocity 57
time 1
note_on 67
velocity 47
time 10
note_on 52
velocity 37
time 0
note_on 60
velocity 42
time 3
note_on 55
velocity 31
time 13
note_on 64
velocity 8
time 2
note_off 52
time 7
note_off 60
time 13
note_off 72
time 11
note_off 64
time 19
note_off 67
time 187
note_off 55
time 32
note_on 69
velocity 49
time 13
note_on 65
velocity 36
time 11
note_on 53
velocity 33
time 0
note_on 57
velocity 44
time 1
note_off 53
time 13
note_off 69
time 2
note_off 65
time 3
note_off 57
time 98
note_on 69
velocity 45
time 393
note_on 66
velocity 35
time 2
note_on 57
velocity 30
time 2
note_on 45
velocity 38
time 1
note_off 45
time 3
note_off 57
time 7
note_off 69
time 5
note_off 66
time 10
note_on 69
velocity 41
time 138
note_on 67
velocity 41
time 16
note_on 45
velocity 31
time 15
note_on 57
velocity 32
time 2
note_on 64
velocity 19
time 9
note_off 45
time 18
note_off 57
time 9
note_off 69
time 9
note_off 67
time 14
note_off 64
time 11
note_on 69
velocity 44
time 9
note_on 66
velocity 45
time 1
note_on 57
velocity 32
time 3
note_on 62
velocity 22
time 7
note_on 45
velocity 25
time 14
note_off 69
time 2
note_off 57
time 11
note_off 66
time 0
note_off 62
time 1
note_off 45
time 14
note_on 69
velocity 47
time 1
note_on 67
velocity 46
time 0
note_on 64
velocity 40
time 5
note_on 57
velocity 31
time 2
note_on 45
velocity 32
time 6
note_off 67
time 18
note_off 57
time 10
note_off 69
time 1
note_off 64
time 16
note_off 45
time 6
note_on 69
velocity 62
time 15
note_on 66
velocity 55
time 0
note_on 62
velocity 47
time 14
note_on 57
velocity 42
time 0
note_on 45
velocity 36
time 18
note_off 66
time 15
note_off 69
time 13
note_off 45
time 9
note_off 57
time 15
note_off 62
time 23
note_on 69
velocity 52
time 7
note_on 64
velocity 47
time 7
note_on 57
velocity 37
time 16
note_on 61
velocity 20
time 16
note_on 45
velocity 21
time 3
note_off 61
time 14
note_off 64
time 18
note_off 45
time 11
note_off 57
time 11
note_off 69
time 1
note_on 71
velocity 60
time 7
note_on 67
velocity 54
time 3
note_on 57
velocity 33
time 13
note_on 45
velocity 34
time 2
note_off 71
time 14
note_off 45
time 7
note_off 57
time 11
note_off 67
time 11
note_on 69
velocity 66
time 11
note_on 57
velocity 45
time 11
note_on 45
velocity 37
time 1
note_on 66
velocity 48
time 0
note_off 57
time 35
note_off 69
time 19
note_off 66
time 7
note_off 45
time 14
note_on 67
velocity 60
time 19
note_on 69
velocity 59
time 0
note_on 64
velocity 46
time 6
note_on 57
velocity 43
time 5
note_on 45
velocity 36
time 10
note_off 69
time 7
note_off 57
time 19
note_off 64
time 16
note_off 45
time 2
note_off 67
time 6
note_on 69
velocity 67
time 7
note_on 66
velocity 60
time 10
note_on 45
velocity 39
time 3
note_on 57
velocity 44
time 0
note_off 45
time 13
note_off 57
time 1
note_off 69
time 2
note_off 66
time 13
note_on 69
velocity 65
time 15
note_on 67
velocity 57
time 3
note_on 57
velocity 45
time 2
note_on 64
velocity 51
time 1
note_on 45
velocity 40
time 2
note_off 45
time 9
note_off 64
time 3
note_off 67
time 3
note_off 69
time 0
note_off 57
time 9
note_on 69
velocity 54
time 1
note_on 66
velocity 54
time 14
note_on 57
velocity 41
time 7
note_on 62
velocity 48
time 1
note_on 45
velocity 34
time 6
note_off 57
time 2
note_off 62
time 15
note_off 45
time 10
note_off 69
time 5
note_off 66
time 22
note_on 69
velocity 58
time 0
note_on 65
velocity 49
time 7
note_on 57
velocity 37
time 11
note_on 33
velocity 34
time 22
note_on 45
velocity 26
time 9
note_off 69
time 7
note_off 65
time 2
note_off 33
time 3
note_off 45
time 2
note_off 57
time 3
note_on 69
velocity 61
time 7
note_on 57
velocity 46
time 11
note_on 45
velocity 39
time 2
note_on 64
velocity 47
time 2
note_on 33
velocity 36
time 5
note_on 67
velocity 43
time 5
note_off 57
time 16
note_off 67
time 1
note_off 69
time 0
note_off 64
time 10
note_off 45
time 0
note_off 33
time 16
note_on 69
velocity 59
time 15
note_on 65
velocity 50
time 10
note_on 57
velocity 43
time 5
note_on 45
velocity 43
time 7
note_on 62
velocity 50
time 0
note_on 33
velocity 45
time 6
note_off 57
time 14
note_off 62
time 26
note_off 65
time 14
note_off 69
time 0
note_off 45
time 5
note_off 33
time 9
note_on 69
velocity 66
time 31
note_on 64
velocity 58
time 13
note_on 57
velocity 42
time 6
note_on 67
velocity 54
time 1
note_on 45
velocity 49
time 23
note_on 33
velocity 43
time 15
note_off 69
time 96
note_off 67
time 10
note_off 64
time 3
note_off 57
time 18
note_off 45
time 3
note_off 33
time 71
note_on 69
velocity 67
time 53
note_on 65
velocity 59
time 3
note_on 57
velocity 52
time 5
note_on 62
velocity 55
time 0
note_on 33
velocity 38
time 11
note_on 45
velocity 46
time 11
note_off 65
time 0
note_off 62
time 15
note_off 57
time 3
note_off 69
time 10
note_off 33
time 7
note_off 45
time 0
note_on 69
velocity 69
time 16
note_on 57
velocity 53
time 0
note_on 64
velocity 52
time 10
note_on 61
velocity 51
time 0
note_on 45
velocity 44
time 15
note_on 33
velocity 47
time 3
note_off 64
time 16
note_off 61
time 3
note_off 69
time 11
note_off 57
time 11
note_off 45
time 18
note_off 33
time 0
note_on 67
velocity 64
time 3
note_on 70
velocity 76
time 0
note_on 45
velocity 54
time 0
note_on 57
velocity 50
time 2
note_on 33
velocity 54
time 5
note_off 45
time 15
note_off 70
time 11
note_off 67
time 16
note_off 33
time 11
note_off 57
time 2
note_on 46
velocity 73
time 2
note_on 69
velocity 72
time 0
note_on 57
velocity 63
time 11
note_on 65
velocity 61
time 0
note_on 33
velocity 56
time 2
note_off 57
time 3
note_off 46
time 3
note_off 69
time 3
note_off 65
time 3
note_off 33
time 16
note_on 69
velocity 73
time 2
note_on 57
velocity 68
time 2
note_on 47
velocity 70
time 2
note_on 67
velocity 64
time 5
note_on 33
velocity 63
time 1
note_on 64
velocity 58
time 0
note_off 33
time 26
note_off 47
time 0
note_off 57
time 32
note_off 69
time 9
note_off 67
time 0
note_off 64
time 2
note_on 69
velocity 78
time 15
note_on 48
velocity 69
time 1
note_on 57
velocity 63
time 5
note_on 65
velocity 70
time 0
note_on 33
velocity 31
time 3
note_off 48
time 15
note_off 33
time 1
note_on 33
velocity 71
time 88
note_off 69
time 85
note_off 57
time 19
note_off 65
time 1
note_on 69
velocity 80
time 5
note_on 49
velocity 73
time 6
note_on 57
velocity 67
time 3
note_on 67
velocity 68
time 3
note_on 64
velocity 66
time 0
note_off 33
time 3
note_off 64
time 9
note_off 69
time 1
note_off 67
time 1
note_off 57
time 5
note_off 49
time 2
note_on 50
velocity 54
time 33
note_on 38
velocity 50
time 6
note_on 69
velocity 81
time 0
note_on 57
velocity 69
time 9
note_on 65
velocity 68
time 3
note_on 62
velocity 61
time 3
note_off 62
time 2
note_off 65
time 14
note_on 67
velocity 75
time 70
note_on 63
velocity 68
time 1
note_off 63
time 6
note_off 67
time 10
note_on 68
velocity 77
time 16
note_on 64
velocity 56
time 5
note_off 69
time 13
note_off 64
time 1
note_off 68
time 65
note_on 69
velocity 72
time 9
note_on 65
velocity 64
time 10
note_off 38
time 69
note_on 61
velocity 59
time 0
note_on 52
velocity 47
time 1
note_off 57
time 16
note_off 50
time 11
note_off 61
time 13
note_on 60
velocity 61
time 65
note_on 53
velocity 49
time 14
note_off 52
time 24
note_on 59
velocity 59
time 39
note_on 55
velocity 42
time 15
note_off 53
time 3
note_off 60
time 2
note_off 65
time 18
note_off 69
time 5
note_on 43
velocity 41
time 58
note_on 68
velocity 66
time 9
note_on 65
velocity 35
time 35
note_off 68
time 18
note_off 43
time 11
note_off 65
time 9
note_on 67
velocity 57
time 14
note_on 44
velocity 38
time 1
note_on 64
velocity 48
time 11
note_off 59
time 20
note_off 44
time 7
note_off 64
time 11
note_off 67
time 9
note_on 66
velocity 60
time 1
note_on 63
velocity 49
time 7
note_on 45
velocity 35
time 0
note_off 45
time 171
note_off 66
time 24
note_on 67
velocity 55
time 33
note_on 46
velocity 40
time 5
note_on 64
velocity 47
time 10
note_off 63
time 28
note_off 64
time 300
note_off 67
time 13
note_on 65
velocity 48
time 11
note_off 46
time 11
note_on 62
velocity 31
time 1
note_on 47
velocity 39
time 11
note_off 65
time 355
note_on 64
velocity 46
time 23
note_off 62
time 5
note_on 48
velocity 41
time 14
note_on 60
velocity 35
time 0
note_off 47
time 11
note_off 64
time 19
note_on 70
velocity 70
time 9
note_on 67
velocity 54
time 0
note_off 70
time 42
note_off 60
time 2
note_on 69
velocity 72
time 13
note_on 66
velocity 66
time 13
note_off 67
time 5
note_off 69
time 16
note_off 66
time 79
note_on 74
velocity 72
time 79
note_on 70
velocity 68
time 5
note_on 67
velocity 57
time 207
note_on 58
velocity 44
time 36
note_off 67
time 299
note_off 55
time 19
note_on 65
velocity 47
time 11
note_on 59
velocity 39
time 2
note_off 58
time 18
note_on 64
velocity 49
time 343
note_on 60
velocity 45
time 22
note_off 59
time 41
note_off 65
time 15
note_off 48
time 33
note_off 74
time 7
note_off 70
time 9
note_on 48
velocity 45
time 59
note_on 73
velocity 61
time 19
note_on 70
velocity 47
time 9
note_off 70
time 9
note_off 73
time 2
note_off 64
time 7
note_on 72
velocity 58
time 9
note_on 69
velocity 58
time 3
note_on 49
velocity 37
time 3
note_off 48
time 53
note_off 49
time 71
note_off 72
time 14
note_off 69
time 14
note_on 71
velocity 54
time 0
note_on 50
velocity 40
time 15
note_on 68
velocity 30
time 2
note_off 50
time 16
note_on 51
velocity 34
time 19
note_on 72
velocity 57
time 0
note_on 69
velocity 45
time 2
note_off 68
time 1
note_off 71
time 0
note_off 69
time 70
note_off 51
time 10
note_on 70
velocity 55
time 0
note_off 72
time 9
note_on 52
velocity 36
time 42
note_on 67
velocity 29
time 0
note_off 52
time 71
note_off 70
time 0
note_off 67
time 2
note_on 69
velocity 51
time 2
note_on 53
velocity 35
time 0
note_on 65
velocity 24
time 1
note_off 53
time 15
note_off 69
time 18
note_off 65
time 1
note_off 60
time 18
note_on 69
velocity 57
time 2
note_on 60
velocity 31
time 13
note_on 53
velocity 34
time 5
note_on 65
velocity 27
time 7
note_off 69
time 13
note_off 65
time 3
note_off 60
time 0
note_off 53
time 7
note_on 81
velocity 73
time 29
note_on 72
velocity 45
time 13
note_on 60
velocity 33
time 7
note_on 69
velocity 44
time 2
note_on 53
velocity 33
time 18
note_on 65
velocity 28
time 0
note_off 60
time 36
note_off 69
time 15
note_off 72
time 10
note_off 53
time 2
note_off 81
time 3
note_off 65
time 15
note_on 79
velocity 68
time 14
note_on 53
velocity 44
time 15
note_on 70
velocity 47
time 1
note_on 73
velocity 44
time 9
note_on 64
velocity 25
time 0
note_on 67
velocity 24
time 9
note_off 64
time 18
note_off 79
time 6
note_off 70
time 18
note_off 67
time 3
note_off 73
time 2
note_off 53
time 10
note_on 77
velocity 71
time 7
note_on 74
velocity 55
time 2
note_on 65
velocity 51
time 14
note_on 70
velocity 38
time 1
note_on 53
velocity 42
time 14
note_on 62
velocity 37
time 11
note_off 65
time 7
note_off 70
time 7
note_off 53
time 6
note_off 74
time 14
note_off 62
time 16
note_off 77
time 0
note_on 70
velocity 63
time 9
note_on 65
velocity 54
time 7
note_on 53
velocity 37
time 14
note_on 62
velocity 50
time 1
note_off 65
time 7
note_off 53
time 9
note_off 62
time 19
note_off 70
time 3
note_on 77
velocity 73
time 13
note_on 68
velocity 57
time 11
note_on 71
velocity 59
time 0
note_on 62
velocity 44
time 7
note_on 65
velocity 41
time 3
note_on 53
velocity 18
time 0
note_off 68
time 10
note_off 53
time 2
note_off 65
time 2
note_off 71
time 0
note_off 77
time 7
note_off 62
time 59
note_on 76
velocity 75
time 3
note_on 69
velocity 60
time 14
note_on 60
velocity 38
time 0
note_on 72
velocity 55
time 10
note_on 53
velocity 36
time 1
note_on 64
velocity 51
time 0
note_off 72
time 7
note_off 60
time 5
note_off 69
time 1
note_off 64
time 6
note_off 76
time 5
note_off 53
time 1
note_on 74
velocity 72
time 14
note_on 70
velocity 67
time 2
note_on 65
velocity 45
time 3
note_on 53
velocity 44
time 0
note_on 62
velocity 37
time 1
note_on 58
velocity 28
time 20
note_off 62
time 0
note_off 65
time 11
note_off 70
time 15
note_off 53
time 6
note_off 58
time 15
note_on 65
velocity 68
time 0
note_on 62
velocity 59
time 16
note_on 58
velocity 50
time 1
note_on 53
velocity 44
time 7
note_off 74
time 10
note_off 62
time 1
note_off 65
time 11
note_off 58
time 0
note_off 53
time 22
note_on 74
velocity 75
time 19
note_on 62
velocity 47
time 11
note_on 65
velocity 52
time 3
note_on 58
velocity 24
time 1
note_on 53
velocity 45
time 3
note_off 62
time 0
note_off 58
time 13
note_off 53
time 1
note_off 65
time 14
note_off 74
time 18
note_on 72
velocity 82
time 5
note_on 63
velocity 54
time 6
note_on 66
velocity 67
time 0
note_on 57
velocity 40
time 14
note_on 53
velocity 31
time 9
note_off 57
time 9
note_off 63
time 7
note_off 66
time 2
note_off 72
time 11
note_on 56
velocity 42
time 26
note_on 62
velocity 46
time 6
note_on 59
velocity 36
time 3
note_on 71
velocity 84
time 6
note_on 65
velocity 51
time 16
note_on 68
velocity 56
time 2
note_off 53
time 9
note_off 65
time 48
note_off 68
time 6
note_off 62
time 1
note_off 59
time 9
note_off 71
time 1
note_on 55
velocity 47
time 1
note_on 67
velocity 56
time 2
note_off 56
time 7
note_off 55
time 5
note_off 67
time 9
note_on 70
velocity 79
time 2
note_on 67
velocity 59
time 15
note_on 53
velocity 39
time 3
note_on 58
velocity 53
time 1
note_on 61
velocity 53
time 3
note_on 55
velocity 33
time 9
note_off 61
time 13
note_on 60
velocity 63
time 3
note_on 52
velocity 52
time 3
note_off 67
time 3
note_off 53
time 9
note_off 58
time 13
note_off 70
time 7
note_off 55
time 10
note_off 60
time 5
note_off 52
time 31
note_on 58
velocity 50
time 13
note_on 55
velocity 43
time 6
note_on 49
velocity 43
time 15
note_on 73
velocity 72
time 9
note_on 65
velocity 56
time 26
note_on 61
velocity 55
time 7
note_off 65
time 13
note_off 58
time 1
note_off 49
time 0
note_off 55
time 2
note_off 61
time 11
note_off 73
time 72
note_on 72
velocity 63
time 6
note_on 60
velocity 54
time 5
note_on 64
velocity 44
time 1
note_on 58
velocity 46
time 3
note_on 48
velocity 43
time 3
note_on 55
velocity 39
time 0
note_off 58
time 9
note_off 64
time 7
note_off 60
time 5
note_on 57
velocity 43
time 14
note_on 69
velocity 68
time 1
note_off 55
time 6
note_off 72
time 2
note_on 53
velocity 42
time 1
note_on 65
velocity 43
time 13
note_on 60
velocity 15
time 13
note_off 48
time 15
note_off 57
time 7
note_off 53
time 15
note_on 41
velocity 61
time 5
note_off 69
time 14
note_off 65
time 1
note_off 41
time 5
note_off 60
time 0
note_on 48
velocity 58
time 10
note_off 48
time 53
note_on 53
velocity 53
time 9
note_on 69
velocity 77
time 26
note_on 60
velocity 56
time 10
note_off 53
time 2
note_on 65
velocity 63
time 2
note_on 57
velocity 58
time 22
note_off 60
time 2
note_off 65
time 14
note_off 57
time 18
note_off 69
time 9
note_on 81
velocity 84
time 15
note_on 72
velocity 69
time 1
note_on 69
velocity 66
time 11
note_on 65
velocity 50
time 22
note_on 60
velocity 36
time 2
note_on 53
velocity 42
time 9
note_on 79
velocity 20
time 31
note_off 79
time 1
note_off 81
time 0
note_off 72
time 6
note_off 53
time 5
note_off 65
time 5
note_off 60
time 18
note_off 69
time 7
note_on 79
velocity 82
time 16
note_on 67
velocity 63
time 10
note_on 70
velocity 63
time 5
note_on 73
velocity 60
time 0
note_on 58
velocity 41
time 3
note_on 53
velocity 35
time 7
note_on 64
velocity 46
time 0
note_on 61
velocity 31
time 10
note_off 67
time 41
note_off 64
time 16
note_off 58
time 7
note_off 73
time 0
note_off 79
time 0
note_off 70
time 13
note_off 53
time 7
note_off 61
time 6
note_on 77
velocity 76
time 0
note_on 74
velocity 63
time 7
note_on 70
velocity 62
time 3
note_on 62
velocity 51
time 14
note_on 65
velocity 62
time 0
note_on 58
velocity 44
time 2
note_on 53
velocity 42
time 7
note_off 65
time 46
note_on 65
velocity 14
time 0
note_off 65
time 5
note_off 70
time 6
note_off 74
time 6
note_off 62
time 6
note_off 58
time 15
note_off 77
time 0
note_off 53
time 5
note_on 70
velocity 73
time 57
note_on 65
velocity 62
time 7
note_on 62
velocity 59
time 3
note_on 53
velocity 41
time 15
note_off 65
time 5
note_off 53
time 3
note_off 62
time 0
note_off 70
time 0
note_on 77
velocity 75
time 9
note_on 71
velocity 65
time 1
note_on 68
velocity 64
time 6
note_on 65
velocity 52
time 9
note_on 62
velocity 54
time 5
note_on 53
velocity 37
time 19
note_off 65
time 3
note_off 68
time 5
note_off 71
time 3
note_off 77
time 0
note_off 53
time 2
note_off 62
time 33
note_on 76
velocity 81
time 3
note_on 60
velocity 47
time 5
note_on 72
velocity 67
time 10
note_on 64
velocity 58
time 3
note_on 69
velocity 63
time 0
note_on 53
velocity 42
time 5
note_off 60
time 0
note_off 69
time 14
note_off 72
time 3
note_off 64
time 6
note_off 76
time 6
note_off 53
time 13
note_on 74
velocity 79
time 15
note_on 70
velocity 71
time 10
note_on 53
velocity 49
time 9
note_on 65
velocity 47
time 2
note_on 58
velocity 48
time 3
note_on 62
velocity 40
time 7
note_off 65
time 7
note_off 62
time 14
note_off 70
time 1
note_off 58
time 11
note_off 53
time 10
note_on 65
velocity 72
time 31
note_on 62
velocity 67
time 2
note_on 58
velocity 39
time 27
note_on 53
velocity 46
time 6
note_off 74
time 16
note_off 62
time 3
note_off 65
time 16
note_off 53
time 9
note_off 58
time 13
note_on 74
velocity 85
time 9
note_on 58
velocity 29
time 1
note_on 62
velocity 59
time 7
note_on 65
velocity 67
time 13
note_on 53
velocity 44
time 16
note_off 62
time 2
note_off 53
time 10
note_off 65
time 0
note_off 74
time 2
note_off 58
time 10
note_on 63
velocity 62
time 3
note_on 57
velocity 43
time 2
note_on 72
velocity 88
time 0
note_on 53
velocity 49
time 10
note_on 66
velocity 69
time 6
note_off 57
time 16
note_off 63
time 14
note_off 72
time 6
note_off 66
time 11
note_off 53
time 11
note_on 56
velocity 49
time 40
note_on 59
velocity 45
time 10
note_on 62
velocity 52
time 0
note_on 71
velocity 89
time 13
note_on 68
velocity 61
time 19
note_on 65
velocity 58
time 2
note_off 65
time 41
note_off 68
time 16
note_off 62
time 9
note_off 59
time 3
note_off 56
time 3
note_on 55
velocity 43
time 0
note_on 67
velocity 62
time 11
note_off 71
time 0
note_off 55
time 0
note_off 67
time 16
note_on 70
velocity 84
time 16
note_on 67
velocity 57
time 19
note_on 53
velocity 42
time 2
note_on 58
velocity 52
time 1
note_on 61
velocity 48
time 14
note_on 55
velocity 38
time 2
note_off 61
time 80
note_on 61
velocity 18
time 0
note_off 53
time 18
note_off 61
time 11
note_on 52
velocity 42
time 13
note_on 60
velocity 63
time 0
note_off 67
time 3
note_off 58
time 3
note_off 55
time 22
note_off 70
time 138
note_off 60
time 28
note_off 52
time 106
note_on 55
velocity 46
time 40
note_on 49
velocity 46
time 7
note_on 58
velocity 35
time 11
note_on 73
velocity 74
time 1
note_on 65
velocity 44
time 28
note_on 61
velocity 43
time 7
note_off 49
time 15
note_off 65
time 3
note_off 55
time 16
note_off 58
time 3
note_off 61
time 9
note_on 72
velocity 58
time 1
note_on 58
velocity 38
time 0
note_on 55
velocity 34
time 1
note_on 48
velocity 30
time 5
note_on 60
velocity 36
time 9
note_off 73
time 1
note_on 64
velocity 29
time 5
note_off 72
time 9
note_off 64
time 18
note_off 58
time 7
note_off 48
time 28
note_off 60
time 58
note_off 55
time 109
note_on 57
velocity 43
time 14
note_on 69
velocity 46
time 1
note_on 53
velocity 39
time 5
note_on 65
velocity 35
time 9
note_on 60
velocity 10
time 15
note_off 53
time 3
note_off 69
time 18
note_off 57
time 10
note_off 65
time 7
note_off 60
time 20
note_on 72
velocity 33
time 1
note_on 41
velocity 33
time 15
note_on 53
velocity 12
time 10
note_on 69
velocity 30
time 1
note_off 72
time 3
note_off 41
time 18
note_off 53
time 5
note_off 69
time 13
note_on 64
velocity 27
time 7
note_on 67
velocity 37
time 0
note_on 72
velocity 40
time 1
note_on 41
velocity 19
time 14
note_on 53
velocity 12
time 2
note_off 64
time 27
note_off 41
time 7
note_off 72
time 7
note_off 53
time 6
note_off 67
time 23
note_on 72
velocity 48
time 13
note_on 65
velocity 41
time 14
note_on 62
velocity 29
time 6
note_on 41
velocity 33
time 16
note_on 53
velocity 30
time 0
note_off 62
time 15
note_off 53
time 13
note_off 41
time 16
note_off 72
time 14
note_off 65
time 0
note_on 72
velocity 51
time 9
note_on 53
velocity 40
time 2
note_on 64
velocity 44
time 1
note_on 41
velocity 37
time 7
note_on 67
velocity 43
time 0
note_off 64
time 5
note_off 41
time 9
note_off 72
time 0
note_off 53
time 5
note_off 67
time 5
note_on 72
velocity 57
time 16
note_on 53
velocity 36
time 1
note_on 62
velocity 39
time 1
note_on 41
velocity 30
time 2
note_on 65
velocity 40
time 1
note_off 62
time 7
note_off 41
time 7
note_off 53
time 11
note_off 72
time 2
note_off 65
time 9
note_on 72
velocity 53
time 19
note_on 53
velocity 40
time 6
note_on 64
velocity 46
time 3
note_on 41
velocity 25
time 14
note_on 60
velocity 28
time 0
note_off 60
time 13
note_off 64
time 0
note_off 72
time 37
note_off 53
time 18
note_off 41
time 22
note_on 74
velocity 54
time 18
note_on 70
velocity 52
time 2
note_on 41
velocity 40
time 5
note_on 53
velocity 28
time 6
note_on 67
velocity 37
time 7
note_off 53
time 16
note_off 74
time 1
note_off 70
time 9
note_off 41
time 1
note_off 67
time 10
note_on 74
velocity 59
time 5
note_on 69
velocity 52
time 1
note_on 53
velocity 34
time 6
note_on 41
velocity 39
time 3
note_on 65
velocity 39
time 3
note_off 65
time 16
note_off 74
time 5
note_off 53
time 13
note_off 69
time 9
note_off 41
time 2
note_on 74
velocity 56
time 11
note_on 64
velocity 56
time 3
note_on 67
velocity 57
time 5
note_on 53
velocity 45
time 5
note_on 41
velocity 43
time 2
note_off 64
time 0
note_off 74
time 9
note_off 53
time 7
note_off 67
time 3
note_off 41
time 13
note_on 74
velocity 60
time 10
note_on 69
velocity 52
time 2
note_on 65
velocity 55
time 5
note_on 53
velocity 42
time 0
note_on 41
velocity 40
time 1
note_off 65
time 7
note_off 74
time 3
note_off 69
time 3
note_off 53
time 1
note_off 41
time 3
note_on 74
velocity 66
time 0
note_on 67
velocity 52
time 2
note_on 64
velocity 46
time 1
note_on 53
velocity 42
time 7
note_on 41
velocity 36
time 5
note_off 74
time 9
note_off 67
time 1
note_off 41
time 18
note_off 64
time 3
note_off 53
time 6
note_on 74
velocity 66
time 18
note_on 65
velocity 59
time 6
note_on 41
velocity 36
time 7
note_on 62
velocity 47
time 1
note_on 53
velocity 40
time 15
note_off 62
time 0
note_off 65
time 15
note_off 74
time 44
note_off 41
time 2
note_off 53
time 7
note_on 77
velocity 74
time 15
note_on 70
velocity 58
time 3
note_on 41
velocity 34
time 1
note_on 53
velocity 38
time 2
note_on 65
velocity 46
time 10
note_on 74
velocity 53
time 3
note_off 77
time 5
note_off 70
time 14
note_off 74
time 6
note_off 41
time 5
note_off 53
time 2
note_off 65
time 7
note_on 77
velocity 72
time 3
note_on 65
velocity 68
time 10
note_on 41
velocity 43
time 7
note_on 72
velocity 54
time 3
note_on 53
velocity 49
time 1
note_on 69
velocity 53
time 0
note_off 65
time 11
note_off 69
time 1
note_off 72
time 3
note_off 77
time 11
note_off 41
time 13
note_off 53
time 2
note_on 77
velocity 76
time 6
note_on 70
velocity 59
time 0
note_on 67
velocity 49
time 1
note_on 65
velocity 48
time 6
note_on 53
velocity 46
time 7
note_on 41
velocity 33
time 3
note_off 70
time 1
note_off 67
time 0
note_off 77
time 0
note_off 53
time 7
note_off 65
time 2
note_off 41
time 20
note_on 77
velocity 71
time 11
note_on 74
velocity 56
time 6
note_on 70
velocity 59
time 0
note_on 65
velocity 54
time 10
note_on 53
velocity 42
time 1
note_on 41
velocity 35
time 7
note_off 65
time 14
note_off 70
time 0
note_off 53
time 3
note_off 74
time 6
note_off 77
time 1
note_off 41
time 5
note_on 72
velocity 59
time 91
note_on 77
velocity 69
time 2
note_on 65
velocity 61
time 3
note_on 69
velocity 61
time 11
note_on 41
velocity 46
time 19
note_on 53
velocity 52
time 0
note_off 53
time 126
note_off 65
time 24
note_off 77
time 6
note_off 72
time 2
note_off 69
time 2
note_off 41
time 2
note_on 77
velocity 79
time 13
note_on 53
velocity 52
time 3
note_on 65
velocity 60
time 1
note_on 69
velocity 60
time 2
note_on 41
velocity 55
time 1
note_off 41
time 5
note_off 53
time 5
note_off 65
time 0
note_off 69
time 3
note_off 77
time 19
note_on 81
velocity 81
time 1
note_on 53
velocity 52
time 7
note_on 60
velocity 43
time 5
note_on 72
velocity 59
time 2
note_on 69
velocity 62
time 1
note_on 65
velocity 39
time 9
note_off 65
time 16
note_off 53
time 3
note_off 69
time 32
note_off 60
time 3
note_off 81
time 3
note_off 72
time 5
note_on 79
velocity 80
time 10
note_on 67
velocity 67
time 3
note_on 60
velocity 44
time 5
note_on 72
velocity 66
time 1
note_on 64
velocity 53
time 2
note_on 53
velocity 33
time 13
note_off 53
time 13
note_off 64
time 2
note_off 67
time 9
note_off 60
time 9
note_off 79
time 9
note_off 72
time 5
note_on 77
velocity 76
time 5
note_on 65
velocity 64
time 2
note_on 72
velocity 67
time 2
note_on 53
velocity 43
time 2
note_on 62
velocity 43
time 11
note_on 60
velocity 35
time 11
note_off 62
time 10
note_off 65
time 11
note_off 53
time 7
note_off 77
time 10
note_off 72
time 13
note_off 60
time 3
note_on 79
velocity 80
time 15
note_on 67
velocity 69
time 3
note_on 72
velocity 64
time 11
note_on 64
velocity 47
time 7
note_on 53
velocity 48
time 5
note_on 60
velocity 42
time 5
note_off 64
time 3
note_off 79
time 9
note_off 67
time 2
note_off 60
time 5
note_off 72
time 0
note_off 53
time 5
note_on 77
velocity 80
time 130
note_on 65
velocity 69
time 10
note_on 72
velocity 72
time 5
note_on 60
velocity 53
time 13
note_on 62
velocity 53
time 0
note_on 53
velocity 43
time 16
note_off 77
time 9
note_off 62
time 11
note_off 65
time 1
note_off 72
time 1
note_off 53
time 11
note_off 60
time 2
note_on 76
velocity 81
time 0
note_on 64
velocity 66
time 9
note_on 72
velocity 63
time 0
note_on 60
velocity 48
time 5
note_off 64
time 3
note_on 53
velocity 45
time 3
note_off 60
time 6
note_off 53
time 9
note_off 72
time 7
note_off 76
time 2
note_on 82
velocity 81
time 0
note_on 74
velocity 69
time 6
note_on 70
velocity 67
time 3
note_on 62
velocity 46
time 13
note_on 53
velocity 38
time 2
note_on 67
velocity 55
time 0
note_off 70
time 5
note_on 70
velocity 13
time 0
note_off 67
time 9
note_off 62
time 0
note_off 53
time 7
note_off 74
time 14
note_off 70
time 10
note_off 82
time 2
note_on 81
velocity 84
time 101
note_on 62
velocity 51
time 13
note_on 69
velocity 69
time 1
note_on 74
velocity 67
time 1
note_on 53
velocity 49
time 2
note_on 65
velocity 48
time 13
note_off 65
time 79
note_off 62
time 39
note_off 69
time 11
note_off 81
time 13
note_off 53
time 0
note_off 74
time 3
note_on 79
velocity 86
time 0
note_on 67
velocity 72
time 14
note_on 64
velocity 57
time 3
note_on 62
velocity 53
time 1
note_on 74
velocity 65
time 3
note_on 53
velocity 52
time 7
note_off 64
time 10
note_off 53
time 2
note_off 67
time 9
note_off 79
time 10
note_off 74
time 0
note_off 62
time 36
note_on 81
velocity 84
time 3
note_on 69
velocity 71
time 10
note_on 65
velocity 56
time 3
note_on 53
velocity 50
time 5
note_on 62
velocity 35
time 1
note_on 74
velocity 60
time 0
note_off 65
time 2
note_off 53
time 9
note_off 81
time 3
note_off 69
time 5
note_off 74
time 1
note_off 62
time 7
note_on 79
velocity 84
time 22
note_on 62
velocity 45
time 3
note_on 53
velocity 53
time 3
note_on 67
velocity 76
time 2
note_on 74
velocity 68
time 10
note_on 64
velocity 53
time 2
note_off 64
time 16
note_off 53
time 1
note_off 67
time 7
note_off 79
time 6
note_off 62
time 6
note_off 74
time 0
note_on 62
velocity 47
time 16
note_on 53
velocity 61
time 7
note_on 77
velocity 87
time 11
note_on 65
velocity 75
time 6
note_on 74
velocity 68
time 2
note_off 53
time 10
note_off 65
time 5
note_on 53
velocity 63
time 2
note_off 62
time 1
note_off 74
time 2
note_off 77
time 0
note_off 53
time 14
note_on 62
velocity 64
time 0
note_on 86
velocity 87
time 11
note_on 77
velocity 80
time 0
note_on 74
velocity 74
time 6
note_on 70
velocity 62
time 13
note_off 70
time 11
note_off 62
time 5
note_off 74
time 10
note_off 77
time 5
note_off 86
time 6
note_on 53
velocity 57
time 2
note_off 53
time 9
note_on 60
velocity 54
time 7
note_on 84
velocity 88
time 16
note_on 72
velocity 79
time 9
note_on 69
velocity 67
time 7
note_on 77
velocity 73
time 0
note_off 60
time 2
note_off 69
time 10
note_off 72
time 0
note_off 84
time 15
note_on 53
velocity 67
time 19
note_on 58
velocity 65
time 3
note_off 77
time 24
note_on 82
velocity 89
time 18
note_on 67
velocity 76
time 2
note_on 70
velocity 84
time 7
note_on 77
velocity 50
time 3
note_off 53
time 3
note_off 67
time 16
note_off 70
time 7
note_off 58
time 7
note_on 53
velocity 69
time 3
note_off 53
time 32
note_off 82
time 19
note_on 62
velocity 65
time 1
note_off 77
time 3
note_on 77
velocity 66
time 11
note_on 86
velocity 92
time 3
note_on 74
velocity 88
time 1
note_on 70
velocity 75
time 19
note_on 84
velocity 17
time 13
note_off 84
time 1
note_off 70
time 6
note_off 86
time 0
note_off 62
time 5
note_off 74
time 3
note_off 77
time 0
note_on 53
velocity 67
time 6
note_on 60
velocity 48
time 11
note_off 53
time 6
note_on 62
velocity 25
time 1
note_on 84
velocity 90
time 13
note_on 77
velocity 85
time 3
note_on 72
velocity 84
time 1
note_on 69
velocity 75
time 24
note_off 60
time 20
note_off 69
time 11
note_off 84
time 0
note_off 72
time 9
note_off 77
time 2
note_off 62
time 5
note_on 81
velocity 92
time 1
note_on 69
velocity 92
time 2
note_on 57
velocity 50
time 13
note_on 77
velocity 73
time 0
note_on 65
velocity 62
time 3
note_on 53
velocity 48
time 9
note_off 69
time 2
note_off 77
time 14
note_off 65
time 13
note_off 81
time 7
note_off 53
time 6
note_off 57
time 0
note_on 89
velocity 90
time 3
note_on 77
velocity 86
time 3
note_on 86
velocity 75
time 3
note_on 82
velocity 75
time 3
note_on 58
velocity 52
time 14
note_on 65
velocity 56
time 2
note_on 53
velocity 48
time 2
note_on 62
velocity 49
time 5
note_off 62
time 3
note_off 58
time 3
note_off 86
time 7
note_off 65
time 0
note_off 82
time 7
note_off 77
time 9
note_off 89
time 3
note_off 53
time 6
note_on 77
velocity 92
time 11
note_on 89
velocity 83
time 2
note_on 81
velocity 81
time 1
note_on 84
velocity 76
time 0
note_on 65
velocity 71
time 11
note_on 53
velocity 66
time 3
note_on 57
velocity 56
time 5
note_on 60
velocity 52
time 6
note_off 60
time 15
note_off 65
time 16
note_off 77
time 0
note_off 57
time 2
note_off 81
time 0
note_off 84
time 7
note_off 53
time 9
note_off 89
time 2
note_on 89
velocity 95
time 14
note_on 79
velocity 86
time 0
note_on 82
velocity 82
time 3
note_on 65
velocity 73
time 1
note_on 77
velocity 83
time 0
note_on 58
velocity 63
time 3
note_on 55
velocity 52
time 2
note_on 53
velocity 55
time 2
note_off 58
time 9
note_off 55
time 3
note_off 79
time 0
note_off 77
time 0
note_off 53
time 3
note_off 89
time 7
note_off 65
time 5
note_off 82
time 1
note_on 82
velocity 90
time 13
note_on 89
velocity 86
time 1
note_on 77
velocity 92
time 1
note_on 86
velocity 77
time 0
note_on 62
velocity 64
time 5
note_on 58
velocity 51
time 6
note_on 65
velocity 61
time 0
note_on 53
velocity 51
time 11
note_off 62
time 18
note_off 77
time 13
note_off 86
time 0
note_off 53
time 5
note_off 58
time 0
note_off 82
time 0
note_off 65
time 6
note_off 89
time 3
note_on 89
velocity 87
time 71
note_on 77
velocity 95
time 2
note_on 84
velocity 82
time 0
note_on 81
velocity 86
time 2
note_on 57
velocity 67
time 5
note_on 65
velocity 73
time 7
note_on 60
velocity 62
time 5
note_on 53
velocity 65
time 10
note_off 57
time 11
note_off 53
time 1
note_off 77
time 9
note_off 65
time 1
note_off 81
time 0
note_off 89
time 0
note_off 84
time 13
note_off 60
time 27
note_on 89
velocity 94
time 14
note_on 77
velocity 93
time 0
note_on 65
velocity 75
time 2
note_on 81
velocity 87
time 1
note_on 57
velocity 63
time 6
note_on 53
velocity 66
time 7
note_off 65
time 9
note_off 81
time 2
note_off 77
time 5
note_off 57
time 11
note_off 53
time 10
note_off 89
time 5
note_on 41
velocity 68
time 7
note_off 41
time 27
note_on 50
velocity 70
time 5
note_on 94
velocity 97
time 13
note_on 86
velocity 76
time 1
note_on 82
velocity 96
time 1
note_on 58
velocity 81
time 16
note_off 86
time 20
note_off 58
time 10
note_off 94
time 0
note_off 82
time 1
note_off 50
time 13
note_on 41
velocity 67
time 13
note_on 48
velocity 64
time 11
note_off 41
time 9
note_on 84
velocity 79
time 2
note_on 93
velocity 99
time 1
note_on 57
velocity 81
time 2
note_on 81
velocity 99
time 0
note_off 84
time 37
note_off 93
time 14
note_off 48
time 16
note_off 57
time 13
note_off 81
time 18
note_on 41
velocity 76
time 2
note_on 46
velocity 78
time 11
note_on 55
velocity 87
time 1
note_on 79
velocity 98
time 6
note_on 91
velocity 96
time 0
note_on 82
velocity 97
time 1
note_off 79
time 18
note_off 82
time 5
note_off 91
time 7
note_off 41
time 3
note_off 55
time 9
note_on 41
velocity 72
time 0
note_off 41
time 9
note_on 50
velocity 78
time 19
note_off 46
time 14
note_on 86
velocity 82
time 16
note_on 94
velocity 93
time 2
note_on 82
velocity 100
time 2
note_on 58
velocity 88
time 2
note_off 86
time 7
note_off 58
time 10
note_off 94
time 16
note_off 82
time 32
note_off 50
time 9
note_on 41
velocity 72
time 7
note_on 48
velocity 75
time 33
note_off 41
time 5
note_on 93
velocity 107
time 0
note_on 84
velocity 92
time 2
note_on 81
velocity 101
time 1
note_on 57
velocity 88
time 11
note_off 81
time 16
note_off 93
time 0
note_off 84
time 3
note_off 57
time 13
note_off 48
time 84
note_on 41
velocity 75
time 15
note_on 48
velocity 79
time 11
note_off 41
time 6
note_on 93
velocity 107
time 23
note_on 57
velocity 89
time 5
note_on 81
velocity 107
time 1
note_off 48
time 9
note_off 57
time 14
note_off 93
time 16
note_off 81
time 9
note_on 84
velocity 100
time 9
note_on 89
velocity 95
time 3
note_on 53
velocity 68
time 26
note_off 84
time 33
note_on 60
velocity 72
time 48
note_off 53
time 5
note_on 63
velocity 72
time 49
note_on 93
velocity 106
time 40
note_on 81
velocity 101
time 2
note_on 69
velocity 90
time 11
note_off 89
time 27
note_off 60
time 40
note_off 69
time 2
note_off 63
time 40
note_off 81
time 160
note_off 93
time 1
note_on 91
velocity 102
time 143
note_on 79
velocity 99
time 5
note_off 91
time 253
note_off 79
time 3
note_on 77
velocity 99
time 111
note_on 89
velocity 101
time 0
note_on 53
velocity 68
time 188
note_off 77
time 57
note_off 89
time 15
note_on 60
velocity 69
time 1
note_off 53
time 13
note_on 63
velocity 76
time 31
note_on 81
velocity 100
time 32
note_on 84
velocity 87
time 2
note_on 69
velocity 83
time 20
note_off 81
time 175
note_off 84
time 0
note_on 89
velocity 100
time 106
note_on 77
velocity 93
time 7
note_off 77
time 135
note_off 69
time 13
note_off 89
time 23
note_on 87
velocity 99
time 123
note_on 75
velocity 92
time 7
note_off 60
time 55
note_off 63
time 33
note_on 53
velocity 63
time 16
note_off 53
time 75
note_on 60
velocity 65
time 1
note_off 87
time 3
note_off 75
time 7
note_on 63
velocity 72
time 39
note_on 86
velocity 97
time 66
note_on 74
velocity 97
time 2
note_on 69
velocity 79
time 11
note_off 74
time 196
note_off 86
time 6
note_on 81
velocity 97
time 101
note_on 77
velocity 96
time 1
note_off 69
time 82
note_off 77
time 97
note_off 81
time 0
note_off 63
time 66
note_on 86
velocity 96
time 62
note_off 60
time 2
note_on 74
velocity 98
time 1
note_on 53
velocity 60
time 126
note_off 74
time 91
note_off 86
time 2
note_on 60
velocity 63
time 2
note_off 53
time 5
note_on 63
velocity 74
time 44
note_on 84
velocity 103
time 5
note_on 72
velocity 101
time 1
note_on 69
velocity 85
time 1
note_off 60
time 0
note_off 69
time 0
note_off 63
time 16
note_off 84
time 0
note_off 72
time 2
note_on 81
velocity 103
time 39
note_on 69
velocity 100
time 1
note_off 81
time 36
note_off 69
time 188
note_on 75
velocity 95
time 74
note_on 72
velocity 90
time 2
note_on 41
velocity 64
time 177
note_off 72
time 23
note_off 75
time 11
note_on 48
velocity 73
time 14
note_off 41
time 13
note_on 51
velocity 71
time 5
note_on 81
velocity 104
time 0
note_on 69
velocity 98
time 2
note_on 57
velocity 80
time 5
note_off 81
time 7
note_off 69
time 3
note_on 79
velocity 99
time 15
note_on 67
velocity 99
time 1
note_off 57
time 13
note_off 79
time 7
note_off 67
time 3
note_off 51
time 72
note_on 77
velocity 94
time 20
note_on 65
velocity 94
time 6
note_on 41
velocity 69
time 115
note_off 48
time 22
note_off 41
time 6
note_on 48
velocity 57
time 13
note_off 65
time 1
note_on 51
velocity 73
time 11
note_off 77
time 5
note_on 69
velocity 93
time 11
note_on 72
velocity 90
time 1
note_on 57
velocity 77
time 10
note_off 69
time 6
note_off 72
time 6
note_on 77
velocity 98
time 3
note_on 65
velocity 94
time 6
note_off 57
time 11
note_off 65
time 39
note_off 77
time 33
note_on 75
velocity 92
time 5
note_on 63
velocity 93
time 2
note_off 51
time 28
note_off 48
time 2
note_on 41
velocity 63
time 7
note_on 48
velocity 59
time 76
note_off 41
time 1
note_off 63
time 7
note_off 75
time 2
note_on 51
velocity 69
time 14
note_on 74
velocity 97
time 15
note_on 57
velocity 72
time 3
note_on 62
velocity 93
time 0
note_off 74
time 5
note_off 62
time 6
note_on 69
velocity 91
time 9
note_on 65
velocity 95
time 1
note_off 57
time 2
note_off 69
time 3
note_off 65
time 7
note_off 51
time 55
note_on 74
velocity 97
time 23
note_on 62
velocity 94
time 6
note_on 41
velocity 68
time 92
note_off 48
time 7
note_on 48
velocity 61
time 7
note_off 41
time 7
note_off 62
time 15
note_off 74
time 2
note_on 51
velocity 68
time 5
note_on 72
velocity 99
time 18
note_on 60
velocity 95
time 2
note_on 57
velocity 72
time 5
note_off 60
time 16
note_off 72
time 0
note_off 57
time 5
note_on 69
velocity 106
time 101
note_on 57
velocity 98
time 2
note_off 69
time 48
note_off 51
time 5
note_off 48
time 23
note_off 57
time 175
note_on 63
velocity 98
time 123
note_on 60
velocity 91
time 6
note_off 60
time 13
note_off 63
time 2
note_on 69
velocity 99
time 6
note_on 53
velocity 92
time 1
note_on 57
velocity 95
time 1
note_on 51
velocity 83
time 3
note_on 48
velocity 79
time 0
note_on 41
velocity 69
time 2
note_off 69
time 15
note_off 57
time 15
note_on 67
velocity 92
time 24
note_on 63
velocity 86
time 2
note_on 60
velocity 82
time 7
note_off 67
time 1
note_off 60
time 13
note_off 63
time 1
note_on 65
velocity 95
time 117
note_off 41
time 5
note_on 57
velocity 83
time 9
note_off 48
time 87
note_off 53
time 0
note_off 51
time 22
note_off 57
time 1
note_on 41
velocity 64
time 16
note_on 48
velocity 70
time 28
note_off 41
time 9
note_on 51
velocity 74
time 10
note_on 63
velocity 96
time 44
note_on 57
velocity 91
time 2
note_on 60
velocity 90
time 2
note_off 65
time 11
note_off 48
time 20
note_off 57
time 2
note_off 51
time 9
note_off 60
time 3
note_off 63
time 7
note_on 69
velocity 103
time 42
note_on 57
velocity 94
time 5
note_off 69
time 101
note_off 57
time 76
note_on 63
velocity 94
time 98
note_on 60
velocity 90
time 7
note_off 60
time 132
note_off 63
time 3
note_on 69
velocity 98
time 9
note_on 53
velocity 91
time 2
note_on 57
velocity 92
time 1
note_on 51
velocity 78
time 3
note_on 48
velocity 78
time 1
note_on 41
velocity 68
time 6
note_off 69
time 1
note_off 57
time 18
note_on 67
velocity 93
time 15
note_on 63
velocity 86
time 2
note_on 60
velocity 85
time 3
note_off 67
time 209
note_off 60
time 75
note_off 63
time 0
note_on 65
velocity 95
time 151
note_on 57
velocity 85
time 10
note_off 41
time 54
note_off 53
time 114
note_off 57
time 31
note_off 48
time 79
note_on 41
velocity 70
time 20
note_off 51
time 42
note_on 48
velocity 77
time 55
note_off 41
time 15
note_on 51
velocity 76
time 16
note_off 65
time 2
note_on 63
velocity 96
time 15
note_on 60
velocity 94
time 9
note_on 57
velocity 95
time 6
note_off 60
time 70
note_off 63
time 18
note_off 57
time 11
note_off 51
time 0
note_off 48
time 15
note_on 69
velocity 100
time 10
note_on 57
velocity 96
time 3
note_on 52
velocity 89
time 0
note_on 40
velocity 77
time 3
note_on 49
velocity 77
time 0
note_off 40
time 5
note_off 52
time 1
note_off 49
time 7
note_on 64
velocity 64
time 131
note_on 61
velocity 50
time 35
note_off 57
time 83
note_off 69
time 20
note_on 81
velocity 97
time 118
note_on 73
velocity 86
time 7
note_on 76
velocity 73
time 10
note_on 69
velocity 78
time 14
note_on 57
velocity 75
time 3
note_off 64
time 26
note_off 61
time 1
note_off 69
time 104
note_off 81
time 89
note_off 76
time 41
note_off 73
time 11
note_on 83
velocity 102
time 149
note_on 68
velocity 84
time 5
note_on 76
velocity 80
time 0
note_on 73
velocity 85
time 3
note_on 61
velocity 70
time 19
note_off 57
time 23
note_off 83
time 138
note_off 73
time 18
note_on 57
velocity 69
time 5
note_on 66
velocity 71
time 5
note_off 61
time 2
note_off 76
time 18
note_off 68
time 78
note_off 57
time 41
note_on 85
velocity 93
time 139
note_on 76
velocity 67
time 9
note_on 64
velocity 73
time 15
note_on 73
velocity 66
time 6
note_on 61
velocity 74
time 5
note_off 66
time 3
note_off 85
time 3
note_off 76
time 33
note_off 73
time 9
note_on 47
velocity 50
time 351
note_on 40
velocity 79
time 1
note_on 68
velocity 91
time 9
note_on 50
velocity 76
time 2
note_on 52
velocity 75
time 0
note_on 56
velocity 94
time 0
note_off 64
time 2
note_off 61
time 22
note_off 40
time 170
note_off 50
time 5
note_off 52
time 10
note_off 47
time 3
note_on 59
velocity 61
time 91
note_on 62
velocity 65
time 0
note_off 56
time 23
note_off 68
time 10
note_on 86
velocity 99
time 210
note_on 74
velocity 74
time 9
note_on 76
velocity 77
time 15
note_on 68
velocity 76
time 5
note_on 56
velocity 77
time 2
note_off 59
time 46
note_off 68
time 96
note_on 66
velocity 71
time 173
note_on 59
velocity 60
time 15
note_off 56
time 13
note_off 86
time 57
note_off 74
time 91
note_off 76
time 7
note_off 62
time 10
note_on 56
velocity 57
time 127
note_on 64
velocity 61
time 0
note_off 66
time 98
note_off 59
time 27
note_on 80
velocity 88
time 111
note_on 74
velocity 66
time 16
note_on 76
velocity 71
time 1
note_on 62
velocity 72
time 24
note_off 56
time 13
note_on 59
velocity 54
time 0
note_off 80
time 5
note_off 74
time 2
note_off 76
time 0
note_off 64
time 46
note_on 68
velocity 85
time 11
note_on 56
velocity 83
time 2
note_on 48
velocity 67
time 1
note_on 39
velocity 64
time 1
note_off 59
time 1
note_on 51
velocity 74
time 3
note_off 62
time 11
note_off 48
time 18
note_off 39
time 3
note_off 51
time 0
note_on 63
velocity 67
time 24
note_on 60
velocity 57
time 15
note_off 56
time 27
note_off 68
time 24
note_on 80
velocity 99
time 218
note_on 72
velocity 67
time 32
note_on 68
velocity 74
time 1
note_on 75
velocity 58
time 5
note_on 56
velocity 67
time 3
note_off 68
time 200
note_off 60
time 5
note_off 80
time 32
note_off 75
time 26
note_off 72
time 16
note_on 82
velocity 104
time 157
note_on 72
velocity 74
time 6
note_on 75
velocity 69
time 6
note_on 67
velocity 68
time 2
note_off 56
time 9
note_on 60
velocity 64
time 5
note_off 63
time 171
note_off 72
time 74
note_off 75
time 5
note_off 82
time 0
note_on 56
velocity 58
time 41
note_off 60
time 3
note_on 65
velocity 62
time 3
note_off 67
time 52
note_off 56
time 59
note_on 84
velocity 86
time 179
note_on 75
velocity 71
time 6
note_on 72
velocity 58
time 18
note_on 63
velocity 76
time 18
note_off 84
time 2
note_on 60
velocity 68
time 5
note_off 72
time 1
note_off 75
time 37
note_on 39
velocity 65
time 7
note_on 67
velocity 87
time 0
note_on 46
velocity 68
time 1
note_on 49
velocity 62
time 3
note_on 55
velocity 81
time 1
note_off 63
time 1
note_on 51
velocity 65
time 0
note_off 60
time 6
note_off 65
time 40
note_off 39
time 1
note_off 46
time 5
note_off 49
time 11
note_off 51
time 2
note_on 58
velocity 61
time 0
note_on 61
velocity 65
time 6
note_off 55
time 59
note_off 67
time 55
note_on 75
velocity 66
time 179
note_on 85
velocity 95
time 0
note_on 67
velocity 76
time 15
note_on 55
velocity 74
time 2
note_on 73
velocity 72
time 9
note_off 58
time 10
note_off 61
time 37
note_off 67
time 88
note_on 65
velocity 65
time 195
note_off 85
time 1
note_on 58
velocity 55
time 13
note_off 55
time 28
note_off 75
time 26
note_off 58
time 235
note_on 63
velocity 67
time 10
note_on 55
velocity 55
time 7
note_off 73
time 40
note_on 79
velocity 80
time 236
note_on 75
velocity 66
time 15
note_on 73
velocity 65
time 2
note_on 61
velocity 72
time 16
note_off 65
time 5
note_on 58
velocity 57
time 9
note_off 79
time 2
note_off 75
time 7
note_off 55
time 6
note_off 73
time 0
note_off 63
time 11
note_on 66
velocity 84
time 1
note_on 46
velocity 69
time 2
note_on 54
velocity 77
time 3
note_on 49
velocity 65
time 1
note_on 37
velocity 54
time 9
note_off 58
time 2
note_off 61
time 6
note_off 37
time 144
note_off 46
time 0
note_off 49
time 3
note_on 61
velocity 68
time 20
note_on 58
velocity 60
time 6
note_off 54
time 40
note_off 66
time 79
note_on 73
velocity 69
time 151
note_on 78
velocity 89
time 2
note_on 70
velocity 74
time 3
note_on 66
velocity 75
time 7
note_on 54
velocity 64
time 9
note_off 58
time 54
note_off 61
time 14
note_off 66
time 201
note_off 78
time 20
note_off 70
time 7
note_off 73
time 20
note_on 77
velocity 89
time 102
note_on 73
velocity 69
time 11
note_on 65
velocity 66
time 1
note_on 70
velocity 75
time 1
note_on 58
velocity 61
time 2
note_off 54
time 2
note_off 77
time 3
note_off 70
time 1
note_on 63
velocity 65
time 3
note_off 73
time 2
note_off 58
time 2
note_on 54
velocity 48
time 2
note_off 54
time 27
note_off 65
time 10
note_on 75
velocity 78
time 145
note_on 70
velocity 58
time 7
note_on 66
velocity 68
time 10
note_on 61
velocity 70
time 2
note_on 58
velocity 57
time 13
note_off 75
time 31
note_off 70
time 6
note_off 66
time 31
note_off 63
time 52
note_off 61
time 104
note_on 62
velocity 78
time 169
note_off 58
time 5
note_on 53
velocity 64
time 3
note_on 37
velocity 60
time 9
note_on 47
velocity 58
time 0
note_on 49
velocity 61
time 6
note_off 37
time 0
note_off 47
time 14
note_off 49
time 15
note_on 56
velocity 56
time 15
note_on 59
velocity 56
time 2
note_off 53
time 10
note_off 62
time 3
note_on 74
velocity 77
time 67
note_off 56
time 7
note_on 62
velocity 73
time 3
note_on 68
velocity 63
time 1
note_off 59
time 1
note_on 65
velocity 64
time 0
note_on 53
velocity 64
time 1
note_on 71
velocity 61
time 1
note_on 61
velocity 63
time 7
note_off 53
time 10
note_on 56
velocity 47
time 10
note_off 62
time 2
note_off 71
time 5
note_off 74
time 37
note_off 68
time 7
note_off 65
time 117
note_on 53
velocity 53
time 32
note_on 59
velocity 57
time 5
note_off 56
time 1
note_off 61
time 3
note_off 59
time 87
note_on 73
velocity 75
time 14
note_on 65
velocity 70
time 2
note_on 71
velocity 61
time 11
note_on 56
velocity 53
time 9
note_off 73
time 39
note_off 71
time 3
note_off 53
time 11
note_off 65
time 10
note_off 56
time 20
note_on 66
velocity 76
time 10
note_on 54
velocity 68
time 3
note_on 49
velocity 62
time 9
note_on 46
velocity 59
time 9
note_on 37
velocity 51
time 7
note_off 37
time 63
note_off 46
time 6
note_off 49
time 0
note_on 58
velocity 56
time 15
note_off 54
time 1
note_on 61
velocity 59
time 0
note_off 66
time 18
note_on 82
velocity 86
time 197
note_on 70
velocity 66
time 13
note_on 73
velocity 61
time 10
note_on 66
velocity 69
time 1
note_on 54
velocity 67
time 3
note_off 58
time 23
note_off 70
time 158
note_off 82
time 2
note_off 73
time 13
note_off 66
time 85
note_on 80
velocity 82
time 15
note_on 65
velocity 69
time 7
note_off 54
time 5
note_on 70
velocity 65
time 1
note_on 73
velocity 59
time 2
note_on 58
velocity 57
time 3
note_off 61
time 13
note_off 80
time 0
note_off 58
time 13
note_on 63
velocity 60
time 3
note_on 54
velocity 51
time 1
note_off 70
time 0
note_off 73
time 1
note_on 78
velocity 76
time 13
note_off 54
time 15
note_on 73
velocity 45
time 14
note_on 70
velocity 50
time 2
note_on 61
velocity 59
time 7
note_off 65
time 16
note_on 58
velocity 50
time 3
note_off 73
time 7
note_off 78
time 1
note_off 70
time 29
note_off 63
time 98
note_off 61
time 53
note_on 62
velocity 68
time 2
note_on 53
velocity 58
time 1
note_off 58
time 7
note_on 37
velocity 53
time 1
note_on 49
velocity 51
time 13
note_on 47
velocity 50
time 5
note_off 37
time 9
note_off 49
time 18
note_off 47
time 16
note_off 53
time 31
note_on 56
velocity 52
time 3
note_on 59
velocity 53
time 3
note_off 62
time 20
note_on 77
velocity 66
time 3
note_on 68
velocity 60
time 7
note_on 62
velocity 64
time 2
note_on 53
velocity 52
time 0
note_on 71
velocity 49
time 0
note_off 59
time 16
note_off 56
time 9
note_off 53
time 10
note_on 61
velocity 55
time 5
note_on 56
velocity 40
time 18
note_off 62
time 15
note_off 56
time 16
note_on 59
velocity 53
time 9
note_off 61
time 1
note_on 53
velocity 38
time 6
note_off 77
time 16
note_off 71
time 1
note_off 68
time 11
note_off 53
time 27
note_on 56
velocity 44
time 14
note_off 59
time 10
note_on 53
velocity 57
time 308
note_on 50
velocity 62
time 351
note_off 53
time 2
note_off 56
time 46
note_on 53
velocity 42
time 10
note_off 50
time 11
note_on 49
velocity 59
time 18
note_off 53
time 13
note_on 47
velocity 44
time 15
note_on 44
velocity 47
time 13
note_off 47
time 6
note_off 49
time 19
note_off 44
time 93
note_on 41
velocity 50
time 119
note_on 38
velocity 55
time 15
note_off 41
time 1
note_on 41
velocity 40
time 2
note_on 37
velocity 50
time 156
note_off 41
time 15
note_off 38
time 3
note_on 41
velocity 43
time 313
note_on 35
velocity 42
time 282
note_off 37
time 6
note_off 41
time 2
note_on 36
velocity 42
time 3
note_off 35
time 11
note_on 60
velocity 36
time 0
note_off 60
time 32
note_on 69
velocity 50
time 26
note_on 65
velocity 32
time 11
note_off 69
time 3
note_on 72
velocity 58
time 5
note_on 64
velocity 39
time 5
note_off 65
time 6
note_on 67
velocity 40
time 7
note_off 64
time 2
note_off 67
time 18
note_on 65
velocity 33
time 2
note_on 62
velocity 36
time 2
note_off 62
time 3
note_off 65
time 141
note_on 60
velocity 44
time 5
note_off 36
time 134
note_on 35
velocity 33
time 14
note_off 60
time 14
note_off 35
time 14
note_on 67
velocity 54
time 13
note_on 64
velocity 43
time 1
note_on 36
velocity 27
time 39
note_off 64
time 13
note_off 67
time 18
note_on 62
velocity 51
time 20
note_off 62
time 102
note_on 70
velocity 67
time 11
note_on 67
velocity 42
time 26
note_off 72
time 33
note_off 70
time 201
note_off 67
time 130
note_on 74
velocity 69
time 3
note_on 69
velocity 65
time 3
note_on 65
velocity 51
time 10
note_off 65
time 13
note_off 69
time 2
note_on 67
velocity 40
time 11
note_on 64
velocity 40
time 5
note_off 64
time 13
note_off 67
time 5
note_on 62
velocity 49
time 13
note_off 36
time 13
note_on 35
velocity 42
time 6
note_off 35
time 18
note_off 62
time 14
note_on 69
velocity 65
time 11
note_on 36
velocity 30
time 6
note_on 65
velocity 49
time 0
note_off 65
time 2
note_off 69
time 27
note_on 65
velocity 55
time 9
note_off 74
time 6
note_on 77
velocity 71
time 11
note_on 74
velocity 52
time 10
note_off 65
time 13
note_off 77
time 1
note_off 74
time 15
note_on 77
velocity 73
time 7
note_on 76
velocity 64
time 3
note_on 72
velocity 61
time 5
note_off 72
time 14
note_on 74
velocity 56
time 6
note_on 70
velocity 50
time 7
note_off 76
time 11
note_off 74
time 7
note_on 65
velocity 52
time 1
note_off 70
time 14
note_off 65
time 11
note_off 77
time 6
note_on 77
velocity 72
time 10
note_on 72
velocity 52
time 7
note_on 69
velocity 50
time 10
note_off 72
time 1
note_off 69
time 1
note_on 74
velocity 58
time 7
note_on 70
velocity 50
time 3
note_off 70
time 11
note_off 77
time 16
note_on 65
velocity 44
time 0
note_off 65
time 11
note_off 74
time 15
note_on 77
velocity 69
time 14
note_on 70
velocity 51
time 18
note_on 67
velocity 43
time 6
note_off 36
time 16
note_off 67
time 28
note_off 70
time 44
note_on 72
velocity 56
time 9
note_on 69
velocity 46
time 26
note_off 69
time 15
note_off 72
time 6
note_on 65
velocity 54
time 13
note_off 77
time 2
note_on 69
velocity 47
time 18
note_off 65
time 3
note_on 77
velocity 60
time 13
note_off 69
time 48
note_off 77
time 36
note_on 84
velocity 72
time 0
note_off 84
time 65
note_on 53
velocity 42
time 149
note_off 53
time 36
note_on 69
velocity 45
time 217
note_on 65
velocity 40
time 10
note_off 69
time 59
note_off 65
time 16
note_on 67
velocity 39
time 145
note_on 64
velocity 37
time 7
note_on 84
velocity 76
time 11
note_on 72
velocity 56
time 16
note_off 67
time 54
note_on 65
velocity 45
time 16
note_off 64
time 6
note_on 62
velocity 43
time 7
note_off 62
time 5
note_on 53
velocity 50
time 55
note_off 65
time 11
note_off 53
time 177
note_on 64
velocity 51
time 148
note_on 60
velocity 49
time 13
note_off 60
time 7
note_off 64
time 6
note_on 53
velocity 38
time 1
note_off 53
time 2
note_off 72
time 46
note_on 70
velocity 61
time 65
note_on 67
velocity 41
time 24
note_off 70
time 87
note_on 65
velocity 44
time 66
note_on 69
velocity 51
time 10
note_off 67
time 13
note_on 86
velocity 75
time 32
note_on 74
velocity 42
time 18
note_off 84
time 10
note_off 65
time 13
note_off 69
time 14
note_on 67
velocity 54
time 5
note_on 64
velocity 48
time 1
note_off 64
time 9
note_off 67
time 79
note_on 53
velocity 21
time 75
note_off 53
time 128
note_on 62
velocity 48
time 41
note_on 65
velocity 41
time 2
note_off 65
time 11
note_on 53
velocity 41
time 14
note_off 62
time 2
note_off 74
time 32
note_on 62
velocity 35
time 46
note_on 65
velocity 38
time 5
note_off 65
time 70
note_off 53
time 37
note_off 62
time 174
note_on 64
velocity 37
time 82
note_on 60
velocity 27
time 1
note_off 86
time 15
note_on 89
velocity 67
time 0
note_on 77
velocity 51
time 13
note_off 60
time 7
note_on 58
velocity 44
time 5
note_on 62
velocity 46
time 6
note_off 64
time 14
note_off 62
time 67
note_on 53
velocity 39
time 15
note_off 58
time 22
note_off 77
time 23
note_off 89
time 109
note_on 89
velocity 71
time 70
note_off 53
time 3
note_on 77
velocity 49
time 2
note_on 60
velocity 40
time 2
note_on 57
velocity 46
time 2
note_off 57
time 7
note_off 60
time 3
note_on 58
velocity 55
time 9
note_on 62
velocity 57
time 0
note_off 58
time 3
note_on 53
velocity 50
time 2
note_off 62
time 7
note_off 89
time 3
note_off 77
time 19
note_off 53
time 46
note_on 58
velocity 52
time 13
note_on 55
velocity 40
time 2
note_on 89
velocity 80
time 13
note_on 77
velocity 59
time 9
note_off 55
time 0
note_on 57
velocity 54
time 18
note_on 60
velocity 50
time 15
note_off 58
time 54
note_off 60
time 18
note_off 57
time 9
note_off 77
time 3
note_on 53
velocity 50
time 1
note_off 89
time 20
note_on 57
velocity 52
time 1
note_on 96
velocity 80
time 14
note_on 84
velocity 62
time 13
note_off 53
time 16
note_off 57
time 45
note_on 41
velocity 48
time 22
note_off 41
time 20
note_on 53
velocity 50
time 0
note_on 57
velocity 51
time 0
note_off 53
time 9
note_off 57
time 9
note_off 96
time 14
note_off 84
time 33
note_on 55
velocity 45
time 19
note_on 52
velocity 48
time 0
note_on 96
velocity 75
time 2
note_on 84
velocity 57
time 6
note_off 55
time 3
note_on 53
velocity 52
time 2
note_on 50
velocity 50
time 11
note_off 52
time 3
note_off 50
time 13
note_on 41
velocity 50
time 1
note_off 53
time 14
note_off 84
time 41
note_off 96
time 6
note_on 96
velocity 66
time 3
note_on 84
velocity 49
time 13
note_on 52
velocity 46
time 13
note_on 48
velocity 46
time 2
note_off 84
time 16
note_on 84
velocity 5
time 0
note_off 48
time 11
note_off 52
time 5
note_off 41
time 15
note_on 53
velocity 47
time 24
note_on 50
velocity 47
time 5
note_off 53
time 6
note_on 41
velocity 47
time 10
note_off 50
time 18
note_off 96
time 10
note_off 84
time 7
note_on 96
velocity 60
time 15
note_off 41
time 3
note_on 84
velocity 44
time 0
note_on 50
velocity 36
time 6
note_on 46
velocity 36
time 15
note_off 50
time 6
note_off 46
time 6
note_on 48
velocity 47
time 11
note_on 52
velocity 45
time 11
note_off 84
time 20
note_off 96
time 27
note_off 48
time 27
note_off 52
time 31
note_on 41
velocity 38
time 13
note_on 45
velocity 36
time 738
note_on 48
velocity 25
time 5
note_on 101
velocity 58
time 5
note_on 89
velocity 45
time 5
note_off 41
time 19
note_on 41
velocity 42
time 18
note_off 45
time 16
note_off 48
time 31
note_on 40
velocity 46
time 210
note_off 41
time 6
note_off 40
time 371
note_on 41
velocity 46
time 36
note_on 45
velocity 44
time 3
note_on 38
velocity 38
time 13
note_off 38
time 3
note_on 40
velocity 42
time 10
note_off 45
time 0
note_off 41
time 19
note_off 40
time 98
note_on 38
velocity 37
time 10
note_off 38
time 15
note_on 41
velocity 39
time 16
note_on 45
velocity 41
time 3
note_on 36
velocity 40
time 3
note_off 36
time 10
note_on 38
velocity 39
time 0
note_off 45
time 0
note_off 41
time 1
note_on 36
velocity 36
time 14
note_off 38
time 18
note_off 36
time 14
note_on 45
velocity 30
time 6
note_on 34
velocity 39
time 2
note_on 41
velocity 30
time 1
note_off 34
time 11
note_on 36
velocity 33
time 5
note_off 89
time 24
note_off 101
time 16
note_on 34
velocity 31
time 96
note_off 41
time 28
note_off 34
time 42
note_off 45
time 69
note_off 36
time 95
note_on 33
velocity 23
time 16
note_off 33
time 59
note_on 41
velocity 38
time 11
note_on 101
velocity 52
time 13
note_on 89
velocity 41
time 2
note_on 48
velocity 46
time 10
note_off 41
time 53
note_on 41
velocity 43
time 19
note_off 48
time 55
note_on 40
velocity 47
time 70
note_off 41
time 117
note_off 40
time 265
note_on 45
velocity 45
time 15
note_on 38
velocity 34
time 9
note_on 41
velocity 33
time 6
note_off 38
time 2
note_on 40
velocity 44
time 10
note_off 89
time 41
note_off 101
time 33
note_off 45
time 106
note_off 40
time 23
note_on 38
velocity 42
time 6
note_off 41
time 45
note_off 38
time 118
note_on 101
velocity 63
time 0
note_on 89
velocity 46
time 1
note_on 41
velocity 35
time 2
note_on 36
velocity 36
time 11
note_on 45
velocity 37
time 6
note_off 36
time 2
note_on 38
velocity 40
time 3
note_off 45
time 7
note_off 41
time 24
note_on 36
velocity 42
time 134
note_off 38
time 28
note_on 41
velocity 38
time 397
note_on 45
velocity 42
time 9
note_on 34
velocity 45
time 1
note_off 36
time 1
note_off 34
time 335
note_on 36
velocity 44
time 9
note_on 34
velocity 30
time 9
note_off 41
time 46
note_off 45
time 9
note_off 89
time 0
note_off 34
time 3
note_off 101
time 0
note_off 36
time 18
note_on 33
velocity 33
time 164
note_off 33
time 88
note_on 41
velocity 35
time 71
note_on 101
velocity 54
time 16
note_on 89
velocity 48
time 9
note_on 48
velocity 45
time 14
note_off 41
time 18
note_on 41
velocity 50
time 158
note_off 48
time 10
note_on 40
velocity 53
time 10
note_off 41
time 92
note_off 40
time 72
note_on 45
velocity 45
time 7
note_on 41
velocity 39
time 5
note_on 38
velocity 40
time 9
note_off 89
time 5
note_off 101
time 16
note_off 38
time 212
note_on 38
velocity 49
time 3
note_off 45
time 105
note_on 36
velocity 51
time 36
note_off 38
time 152
note_off 41
time 1
note_on 41
velocity 32
time 10
note_on 34
velocity 47
time 9
note_off 36
time 2
note_on 45
velocity 12
time 11
note_off 34
time 2
note_on 35
velocity 47
time 31
note_off 41
time 2
note_off 45
time 11
note_off 35
time 13
note_on 35
velocity 48
time 429
note_on 36
velocity 55
time 10
note_off 35
time 10
note_off 36
time 118
note_on 38
velocity 51
time 37
note_off 38
time 118
note_on 45
velocity 43
time 9
note_on 41
velocity 40
time 1
note_on 36
velocity 42
time 2
note_off 41
time 35
note_off 36
time 9
note_on 33
velocity 40
time 889
note_off 33
time 9
note_off 45
time 37
note_on 29
velocity 30
time 1350
note_on 41
velocity 34
time 6
note_off 29
time 26
note_on 45
velocity 29
time 131
note_off 41
time 3
note_off 45
time 0
