note_on 61
velocity 34
time 1
note_off 61
time 7
note_on 70
velocity 43
time 46
note_on 69
velocity 34
time 20
note_on 67
velocity 28
time 18
note_off 70
time 7
note_off 67
time 49
note_off 69
time 6
note_on 73
velocity 51
time 304
note_on 77
velocity 50
time 0
note_off 77
time 240
note_off 73
time 50
note_on 70
velocity 42
time 382
note_on 69
velocity 39
time 18
note_on 67
velocity 38
time 11
note_off 67
time 0
note_off 69
time 13
note_off 70
time 7
note_on 61
velocity 44
time 1
note_off 61
time 14
note_on 67
velocity 35
time 89
note_on 69
velocity 36
time 5
note_on 71
velocity 31
time 0
note_off 67
time 39
note_off 71
time 0
note_off 69
time 39
note_on 78
velocity 52
time 346
note_on 73
velocity 50
time 16
note_off 78
time 279
note_off 73
time 41
note_on 67
velocity 36
time 477
note_on 69
velocity 30
time 2
note_on 71
velocity 39
time 23
note_off 67
time 242
note_off 71
time 18
note_off 69
time 11
note_on 61
velocity 48
time 238
note_off 61
time 546
note_on 33
velocity 47
time 10
note_off 33
time 11
note_on 59
velocity 33
time 70
note_on 57
velocity 27
time 13
note_on 55
velocity 25
time 16
note_off 55
time 187
note_off 57
time 41
note_off 59
time 37
note_on 66
velocity 43
time 118
note_on 61
velocity 43
time 6
note_off 61
time 109
note_off 66
time 22
note_on 69
velocity 34
time 231
note_on 71
velocity 39
time 2
note_on 67
velocity 39
time 5
note_off 67
time 118
note_off 71
time 37
note_off 69
time 11
note_on 73
velocity 36
time 27
note_on 78
velocity 31
time 0
note_off 73
time 16
note_off 78
time 7
note_on 83
velocity 34
time 72
note_on 81
velocity 34
time 11
note_on 79
velocity 34
time 9
note_on 85
velocity 45
time 635
note_on 90
velocity 40
time 7
note_off 85
time 119
note_off 90
time 20
note_off 79
time 986
note_off 83
time 3
note_off 81
time 26
note_on 68
velocity 78
time 463
note_on 62
velocity 65
time 1
note_on 73
velocity 80
time 0
note_on 74
velocity 76
time 9
note_off 73
time 16
note_on 80
velocity 79
time 7
note_off 68
time 18
note_off 62
time 1
note_off 74
time 31
note_on 85
velocity 75
time 13
note_on 82
velocity 75
time 19
note_off 80
time 19
note_off 85
time 22
note_on 70
velocity 89
time 16
note_off 70
time 7
note_off 82
time 0
note_on 70
velocity 85
time 31
note_on 69
velocity 89
time 15
note_on 64
velocity 52
time 3
note_on 58
velocity 60
time 2
note_on 76
velocity 82
time 2
note_off 70
time 6
note_off 69
time 7
note_off 58
time 10
note_on 81
velocity 79
time 6
note_on 83
velocity 84
time 3
note_on 82
velocity 61
time 2
note_off 64
time 13
note_off 82
time 3
note_off 76
time 1
note_off 83
time 10
note_off 81
time 5
note_on 33
velocity 41
time 872
note_off 33
time 0
note_on 59
velocity 37
time 71
note_on 57
velocity 28
time 20
note_on 55
velocity 23
time 13
note_off 55
time 132
note_off 57
time 39
note_off 59
time 7
note_on 66
velocity 35
time 178
note_on 61
velocity 28
time 6
note_off 61
time 105
note_off 66
time 2
note_on 71
velocity 42
time 239
note_on 67
velocity 27
time 10
note_on 69
velocity 40
time 9
note_off 67
time 48
note_off 69
time 16
note_off 71
time 26
note_on 78
velocity 42
time 175
note_on 73
velocity 42
time 10
note_off 73
time 128
note_off 78
time 35
note_on 83
velocity 37
time 223
note_on 81
velocity 35
time 27
note_on 79
velocity 27
time 11
note_off 79
time 147
note_off 83
time 10
note_off 81
time 24
note_on 90
velocity 35
time 420
note_on 85
velocity 43
time 10
note_off 90
time 179
note_off 85
time 98
note_on 74
velocity 71
time 222
note_on 68
velocity 85
time 2
note_on 62
velocity 67
time 3
note_on 73
velocity 77
time 7
note_on 80
velocity 75
time 16
note_off 73
time 14
note_off 68
time 13
note_off 62
time 2
note_off 74
time 15
note_on 85
velocity 69
time 37
note_off 80
time 11
note_on 82
velocity 74
time 2
note_off 85
time 39
note_on 70
velocity 90
time 18
note_on 71
velocity 75
time 31
note_off 70
time 24
note_off 82
time 0
note_off 71
time 6
note_on 72
velocity 31
time 13
note_off 72
time 41
note_on 70
velocity 84
time 31
note_on 76
velocity 52
time 3
note_on 64
velocity 60
time 7
note_on 69
velocity 88
time 2
note_on 58
velocity 68
time 13
note_off 69
time 33
note_off 70
time 10
note_off 58
time 5
note_on 81
velocity 100
time 10
note_off 76
time 6
note_off 64
time 2
note_off 81
time 0
note_on 55
velocity 62
time 259
note_on 61
velocity 71
time 1
note_on 66
velocity 67
time 2
note_on 67
velocity 65
time 5
note_off 66
time 18
note_off 61
time 11
note_off 55
time 13
note_on 73
velocity 63
time 3
note_off 67
time 31
note_on 78
velocity 67
time 39
note_off 73
time 9
note_on 75
velocity 72
time 19
note_on 63
velocity 80
time 35
note_on 58
velocity 50
time 33
note_off 78
time 3
note_off 63
time 7
note_on 52
velocity 18
time 19
note_on 70
velocity 75
time 0
note_off 58
time 2
note_off 75
time 9
note_on 64
velocity 62
time 3
note_off 64
time 23
note_off 52
time 14
note_off 70
time 24
note_on 63
velocity 76
time 55
note_on 69
velocity 70
time 24
note_on 62
velocity 64
time 1
note_on 51
velocity 38
time 18
note_on 57
velocity 43
time 1
note_off 63
time 15
note_on 74
velocity 76
time 10
note_off 62
time 3
note_off 51
time 2
note_off 69
time 15
note_off 74
time 9
note_off 57
time 2
note_on 34
velocity 25
time 480
note_on 41
velocity 29
time 14
note_on 49
velocity 33
time 18
note_on 56
velocity 42
time 6
note_off 34
time 16
note_off 41
time 3
note_off 49
time 0
note_on 58
velocity 53
time 24
note_off 56
time 11
note_on 60
velocity 49
time 16
note_off 58
time 0
note_on 62
velocity 53
time 31
note_off 62
time 35
note_on 67
velocity 48
time 23
note_off 60
time 14
note_on 68
velocity 44
time 26
note_on 72
velocity 59
time 44
note_off 67
time 59
note_on 74
velocity 63
time 24
note_off 68
time 9
note_off 72
time 1
note_off 74
time 16
note_on 79
velocity 66
time 11
note_off 79
time 1
note_on 81
velocity 56
time 0
note_off 81
time 13
note_on 86
velocity 66
time 3
note_off 86
time 3
note_on 74
velocity 50
time 41
note_on 99
velocity 79
time 393
note_on 87
velocity 65
time 13
note_off 74
time 1
note_off 99
time 19
note_on 75
velocity 46
time 3
note_off 87
time 0
note_off 75
time 50
note_on 100
velocity 76
time 451
note_on 88
velocity 66
time 18
note_on 76
velocity 60
time 6
note_off 100
time 5
note_off 88
time 15
note_off 76
time 5
note_on 49
velocity 46
time 45
note_on 34
velocity 38
time 13
note_on 56
velocity 44
time 3
note_on 41
velocity 39
time 3
note_off 34
time 11
note_off 41
time 0
note_off 49
time 13
note_on 58
velocity 50
time 41
note_off 56
time 57
note_on 60
velocity 54
time 2
note_off 58
time 16
note_on 62
velocity 52
time 18
note_off 62
time 14
note_on 67
velocity 49
time 2
note_off 60
time 2
note_on 68
velocity 53
time 35
note_off 67
time 65
note_on 72
velocity 58
time 3
note_off 68
time 46
note_off 72
time 26
note_on 74
velocity 58
time 9
note_off 74
time 9
note_on 79
velocity 65
time 6
note_off 79
time 22
note_on 80
velocity 59
time 19
note_on 82
velocity 67
time 5
note_off 80
time 57
note_on 86
velocity 61
time 10
note_off 82
time 3
note_off 86
time 11
note_on 74
velocity 46
time 11
note_off 74
time 149
note_on 99
velocity 66
time 98
note_on 87
velocity 55
time 16
note_on 75
velocity 42
time 7
note_off 99
time 16
note_off 87
time 7
note_off 75
time 20
note_on 100
velocity 53
time 696
note_on 76
velocity 30
time 7
note_on 88
velocity 47
time 7
note_off 100
time 42
note_off 88
time 23
note_off 76
time 23
note_on 63
velocity 36
time 651
note_on 74
velocity 31
time 605
note_on 64
velocity 21
time 13
note_on 62
velocity 26
time 2
note_on 76
velocity 33
time 23
note_off 63
time 50
note_off 62
time 337
note_off 64
time 7
note_off 76
time 7
note_off 74
time 7
note_on 63
velocity 37
time 1014
note_on 64
velocity 37
time 5
note_on 62
velocity 30
time 16
note_off 63
time 5
note_off 62
time 7
note_off 64
time 14
note_on 82
velocity 70
time 304
note_on 81
velocity 59
time 9
note_on 58
velocity 49
time 22
note_off 81
time 1
note_off 82
time 20
note_on 70
velocity 76
time 1
note_on 69
velocity 68
time 2
note_off 70
time 26
note_on 57
velocity 61
time 1
note_off 58
time 3
note_off 69
time 5
note_on 63
velocity 51
time 552
note_off 63
time 250
note_on 66
velocity 61
time 13
note_off 66
time 42
note_on 63
velocity 50
time 207
note_off 63
time 36
note_on 82
velocity 68
time 311
note_off 57
time 28
note_on 81
velocity 18
time 18
note_on 58
velocity 56
time 3
note_on 70
velocity 78
time 10
note_off 82
time 2
note_on 69
velocity 76
time 10
note_off 70
time 22
note_off 81
time 2
note_off 69
time 7
note_on 57
velocity 67
time 35
note_off 58
time 0
note_on 63
velocity 50
time 414
note_on 66
velocity 67
time 9
note_on 69
velocity 69
time 5
note_off 63
time 11
note_on 70
velocity 65
time 16
note_on 67
velocity 50
time 3
note_off 57
time 6
note_off 69
time 6
note_off 67
time 6
note_on 57
velocity 34
time 2
note_off 66
time 3
note_on 75
velocity 65
time 0
note_on 73
velocity 64
time 1
note_off 70
time 6
note_off 75
time 10
note_on 69
velocity 74
time 11
note_on 67
velocity 73
time 7
note_off 73
time 1
note_off 69
time 6
note_off 67
time 53
note_on 66
velocity 69
time 16
note_on 63
velocity 79
time 28
note_off 66
time 10
note_off 63
time 0
note_off 57
time 10
note_on 82
velocity 75
time 5
note_on 58
velocity 65
time 3
note_on 81
velocity 47
time 10
note_on 69
velocity 74
time 11
note_on 70
velocity 83
time 2
note_off 82
time 0
note_off 81
time 3
note_off 69
time 10
note_off 70
time 1
note_on 57
velocity 64
time 3
note_off 58
time 29
note_on 63
velocity 53
time 442
note_off 63
time 208
note_on 66
velocity 60
time 28
note_off 66
time 40
note_on 63
velocity 63
time 199
note_off 63
time 39
note_on 82
velocity 66
time 247
note_on 81
velocity 52
time 24
note_off 57
time 6
note_off 81
time 20
note_off 82
time 5
note_on 58
velocity 58
time 2
note_on 70
velocity 78
time 2
note_on 69
velocity 74
time 19
note_off 69
time 31
note_off 70
time 1
note_on 57
velocity 63
time 22
note_off 58
time 13
note_on 63
velocity 52
time 382
note_on 69
velocity 66
time 72
note_on 66
velocity 66
time 9
note_on 70
velocity 70
time 7
note_on 67
velocity 55
time 3
note_off 63
time 1
note_off 69
time 5
note_off 67
time 2
note_on 75
velocity 66
time 13
note_on 73
velocity 68
time 2
note_off 66
time 3
note_off 70
time 6
note_off 75
time 5
note_on 69
velocity 79
time 15
note_off 73
time 1
note_on 67
velocity 74
time 3
note_off 69
time 9
note_off 67
time 6
note_on 66
velocity 76
time 5
note_on 63
velocity 72
time 55
note_off 66
time 11
note_off 63
time 6
note_off 57
time 23
note_on 82
velocity 71
time 0
note_on 81
velocity 51
time 3
note_on 58
velocity 62
time 3
note_off 81
time 10
note_on 70
velocity 83
time 3
note_on 69
velocity 75
time 6
note_off 82
time 3
note_on 57
velocity 69
time 3
note_off 69
time 9
note_off 70
time 0
note_off 58
time 41
note_on 63
velocity 56
time 388
note_on 66
velocity 72
time 63
note_on 69
velocity 72
time 3
note_off 63
time 14
note_on 70
velocity 68
time 1
note_on 67
velocity 40
time 9
note_off 69
time 5
note_off 67
time 10
note_off 66
time 3
note_on 75
velocity 71
time 0
note_on 73
velocity 72
time 2
note_off 70
time 0
note_off 75
time 13
note_on 69
velocity 79
time 11
note_off 73
time 18
note_on 67
velocity 66
time 7
note_off 69
time 0
note_off 67
time 3
note_on 66
velocity 66
time 13
note_off 66
time 78
note_on 63
velocity 60
time 15
note_off 63
time 7
note_off 57
time 35
note_on 57
velocity 53
time 16
note_on 63
velocity 50
time 19
note_on 66
velocity 62
time 26
note_on 69
velocity 66
time 2
note_off 63
time 11
note_on 67
velocity 58
time 3
note_on 70
velocity 64
time 6
note_off 66
time 1
note_off 69
time 3
note_off 67
time 2
note_on 75
velocity 66
time 15
note_on 73
velocity 65
time 3
note_off 70
time 24
note_off 75
time 23
note_on 69
velocity 69
time 28
note_off 73
time 11
note_off 69
time 20
note_on 67
velocity 53
time 3
note_off 67
time 10
note_on 66
velocity 58
time 15
note_off 66
time 104
note_on 63
velocity 54
time 14
note_off 63
time 10
note_off 57
time 5
note_on 38
velocity 61
time 1
note_on 56
velocity 77
time 13
note_off 56
time 10
note_on 50
velocity 55
time 1
note_off 50
time 16
note_on 54
velocity 59
time 5
note_on 57
velocity 65
time 11
note_off 54
time 6
note_off 57
time 11
note_on 45
velocity 48
time 84
note_off 38
time 11
note_on 64
velocity 20
time 3
note_on 62
velocity 13
time 5
note_off 64
time 11
note_off 45
time 2
note_on 67
velocity 59
time 1
note_off 62
time 7
note_on 69
velocity 69
time 2
note_off 67
time 2
note_off 69
time 0
note_on 74
velocity 68
time 15
note_on 78
velocity 79
time 66
note_off 74
time 10
note_on 81
velocity 84
time 97
note_off 78
time 26
note_on 57
velocity 64
time 97
note_on 69
velocity 82
time 13
note_off 69
time 313
note_off 81
time 110
note_off 57
time 259
note_on 64
velocity 61
time 401
note_on 88
velocity 82
time 6
note_on 76
velocity 81
time 5
note_off 88
time 904
note_off 64
time 69
note_off 76
time 33
note_on 57
velocity 39
time 196
note_on 81
velocity 54
time 22
note_on 69
velocity 48
time 10
note_on 76
velocity 51
time 1
note_off 69
time 79
note_off 76
time 41
note_off 81
time 15
note_off 57
time 70
note_on 88
velocity 56
time 235
note_on 64
velocity 37
time 6
note_on 76
velocity 41
time 27
note_off 88
time 236
note_off 64
time 92
note_off 76
time 28
note_on 57
velocity 36
time 613
note_on 81
velocity 42
time 50
note_on 76
velocity 37
time 2
note_on 69
velocity 23
time 18
note_off 69
time 108
note_off 76
time 39
note_off 81
time 14
note_off 57
time 32
note_on 88
velocity 52
time 545
note_on 64
velocity 35
time 6
note_on 76
velocity 39
time 15
note_off 76
time 128
note_off 64
time 82
note_off 88
time 1
note_on 81
velocity 38
time 493
note_on 86
velocity 45
time 11
note_on 62
velocity 28
time 5
note_on 69
velocity 25
time 19
note_off 86
time 214
note_on 64
velocity 42
time 15
note_off 62
time 9
note_on 88
velocity 52
time 10
note_off 64
time 48
note_off 88
time 2
note_off 81
time 1
note_off 69
time 108
note_on 88
velocity 57
time 13
note_on 81
velocity 41
time 7
note_on 64
velocity 49
time 18
note_off 64
time 121
note_on 90
velocity 69
time 0
note_on 66
velocity 55
time 7
note_off 81
time 10
note_off 88
time 1
note_off 66
time 39
note_off 90
time 13
note_on 90
velocity 74
time 95
note_on 66
velocity 67
time 3
note_on 81
velocity 42
time 27
note_off 81
time 42
note_off 66
time 65
note_on 92
velocity 74
time 5
note_on 68
velocity 70
time 1
note_off 90
time 26
note_off 68
time 33
note_off 92
time 9
note_on 92
velocity 77
time 78
note_on 68
velocity 75
time 10
note_on 93
velocity 83
time 138
note_on 69
velocity 79
time 7
note_off 68
time 2
note_off 92
time 18
note_off 93
time 54
note_off 69
time 1
note_on 93
velocity 83
time 97
note_on 69
velocity 74
time 2
note_on 81
velocity 69
time 18
note_on 68
velocity 73
time 119
note_on 92
velocity 78
time 6
note_off 93
time 35
note_off 68
time 31
note_off 92
time 9
note_off 69
time 3
note_off 81
time 10
note_on 92
velocity 78
time 63
note_on 69
velocity 31
time 2
note_on 68
velocity 74
time 3
note_on 81
velocity 36
time 23
note_off 81
time 46
note_on 66
velocity 76
time 57
note_on 90
velocity 77
time 0
note_off 92
time 28
note_off 68
time 1
note_off 66
time 29
note_off 90
time 11
note_off 69
time 71
note_on 66
velocity 65
time 2
note_on 90
velocity 73
time 5
note_on 69
velocity 24
time 13
note_on 81
velocity 46
time 24
note_off 81
time 31
note_off 66
time 53
note_on 88
velocity 74
time 1
note_on 64
velocity 70
time 10
note_off 90
time 27
note_off 88
time 55
note_off 64
time 16
note_off 69
time 5
note_on 88
velocity 77
time 69
note_on 64
velocity 59
time 9
note_on 81
velocity 58
time 13
note_on 69
velocity 34
time 13
note_off 81
time 95
note_off 64
time 2
note_on 62
velocity 64
time 5
note_off 69
time 10
note_on 69
velocity 9
time 0
note_on 86
velocity 77
time 0
note_off 88
time 15
note_off 62
time 32
note_off 86
time 16
note_off 69
time 87
note_on 86
velocity 73
time 24
note_on 81
velocity 65
time 1
note_on 62
velocity 61
time 2
note_on 85
velocity 76
time 131
note_on 61
velocity 65
time 2
note_off 81
time 11
note_off 62
time 5
note_off 86
time 13
note_off 85
time 53
note_off 61
time 3
note_on 85
velocity 72
time 92
note_on 81
velocity 68
time 2
note_on 61
velocity 56
time 9
note_on 69
velocity 50
time 35
note_off 69
time 42
note_off 61
time 24
note_off 81
time 2
note_on 62
velocity 61
time 63
note_on 86
velocity 77
time 1
note_on 69
velocity 43
time 24
note_off 85
time 11
note_off 62
time 23
note_off 69
time 5
note_on 69
velocity 13
time 0
note_on 85
velocity 67
time 41
note_on 81
velocity 58
time 14
note_on 61
velocity 53
time 23
note_off 86
time 0
note_off 81
time 71
note_off 69
time 32
note_on 83
velocity 74
time 71
note_on 59
velocity 55
time 16
note_off 85
time 5
note_off 83
time 7
note_off 61
time 29
note_off 59
time 1
note_on 66
velocity 85
time 10
note_on 45
velocity 76
time 3
note_on 38
velocity 61
time 7
note_off 45
time 3
note_off 38
time 6
note_on 55
velocity 68
time 0
note_off 66
time 14
note_on 58
velocity 55
time 18
note_off 55
time 1
note_on 61
velocity 67
time 5
note_off 58
time 3
note_off 61
time 29
note_on 66
velocity 46
time 54
note_off 66
time 23
note_on 67
velocity 56
time 16
note_off 67
time 46
note_on 73
velocity 59
time 54
note_off 73
time 55
note_on 78
velocity 65
time 18
note_off 78
time 0
note_on 63
velocity 80
time 11
note_off 63
time 2
note_on 75
velocity 75
time 5
note_off 75
time 0
note_on 75
velocity 71
time 140
note_on 87
velocity 64
time 135
note_off 75
time 1
note_off 87
time 95
note_on 61
velocity 84
time 13
note_off 61
time 1
note_on 73
velocity 72
time 16
note_off 73
time 9
note_on 73
velocity 73
time 9
note_off 73
time 102
note_on 85
velocity 65
time 24
note_off 85
time 35
note_on 38
velocity 64
time 7
note_on 45
velocity 69
time 2
note_on 66
velocity 86
time 3
note_off 45
time 3
note_off 38
time 2
note_on 55
velocity 68
time 0
note_off 66
time 16
note_off 55
time 36
note_on 58
velocity 53
time 0
note_on 61
velocity 74
time 63
note_off 58
time 20
note_off 61
time 19
note_on 66
velocity 71
time 82
note_off 66
time 42
note_on 67
velocity 71
time 19
note_off 67
time 71
note_on 70
velocity 62
time 10
note_on 73
velocity 65
time 26
note_off 70
time 55
note_on 78
velocity 71
time 13
note_off 73
time 2
note_off 78
time 16
note_on 63
velocity 83
time 6
note_off 63
time 0
note_on 75
velocity 69
time 7
note_off 75
time 5
note_on 75
velocity 77
time 37
note_off 75
time 111
note_on 87
velocity 67
time 14
note_off 87
time 95
note_on 70
velocity 78
time 7
note_off 70
time 16
note_on 82
velocity 81
time 14
note_off 82
time 14
note_on 82
velocity 81
time 1
note_off 82
time 114
note_on 94
velocity 77
time 49
note_off 94
time 66
note_on 45
velocity 41
time 5
note_on 38
velocity 39
time 1
note_on 83
velocity 49
time 5
note_on 76
velocity 38
time 16
note_off 38
time 9
note_off 45
time 2
note_off 83
time 5
note_on 81
velocity 44
time 10
note_on 78
velocity 43
time 11
note_off 76
time 0
note_on 57
velocity 50
time 238
note_on 71
velocity 57
time 1
note_on 62
velocity 43
time 37
note_off 78
time 3
note_on 83
velocity 54
time 7
note_off 81
time 15
note_on 66
velocity 22
time 20
note_off 57
time 167
note_off 71
time 16
note_off 83
time 41
note_off 62
time 14
note_on 81
velocity 48
time 9
note_on 78
velocity 45
time 18
note_off 81
time 243
note_off 66
time 2
note_off 78
time 15
note_on 72
velocity 73
time 1
note_on 83
velocity 50
time 13
note_on 76
velocity 36
time 53
note_off 83
time 100
note_on 78
velocity 42
time 36
note_off 76
time 3
note_on 81
velocity 41
time 0
note_off 72
time 144
note_off 78
time 11
note_off 81
time 6
note_on 83
velocity 47
time 19
note_on 76
velocity 42
time 1
note_off 76
time 138
note_off 83
time 6
note_on 71
velocity 57
time 22
note_on 78
velocity 43
time 5
note_on 81
velocity 46
time 10
note_off 71
time 32
note_off 81
time 118
note_off 78
time 11
note_on 83
velocity 47
time 7
note_on 71
velocity 61
time 3
note_on 76
velocity 31
time 11
note_off 71
time 78
note_off 76
time 13
note_off 83
time 23
note_on 69
velocity 61
time 9
note_on 78
velocity 40
time 16
note_on 81
velocity 42
time 22
note_off 69
time 3
note_on 69
velocity 62
time 45
note_off 81
time 7
note_off 78
time 3
note_on 83
velocity 51
time 2
note_on 76
velocity 39
time 20
note_off 76
time 79
note_off 69
time 15
note_off 83
time 15
note_on 68
velocity 63
time 9
note_on 78
velocity 48
time 10
note_on 81
velocity 44
time 27
note_off 78
time 136
note_on 83
velocity 53
time 13
note_on 76
velocity 48
time 9
note_off 81
time 20
note_off 76
time 122
note_off 68
time 6
note_on 69
velocity 70
time 7
note_off 83
time 1
note_on 78
velocity 47
time 28
note_on 81
velocity 50
time 3
note_on 71
velocity 69
time 144
note_off 69
time 3
note_off 78
time 22
note_on 83
velocity 55
time 5
note_on 76
velocity 42
time 13
note_off 81
time 15
note_off 76
time 101
note_off 71
time 15
note_on 72
velocity 70
time 5
note_on 78
velocity 57
time 2
note_off 83
time 0
note_on 81
velocity 50
time 22
note_off 78
time 174
note_on 74
velocity 69
time 11
note_on 83
velocity 54
time 3
note_off 81
time 16
note_off 72
time 19
note_on 76
velocity 36
time 0
note_off 76
time 85
note_off 83
time 46
note_on 78
velocity 52
time 13
note_on 72
velocity 70
time 6
note_on 81
velocity 48
time 2
note_off 74
time 9
note_off 72
time 147
note_off 78
time 1
note_on 83
velocity 56
time 14
note_off 81
time 1
note_on 76
velocity 37
time 39
note_off 76
time 91
note_off 83
time 40
note_on 78
velocity 46
time 27
note_on 81
velocity 49
time 3
note_off 78
time 153
note_off 81
time 2
note_on 83
velocity 53
time 5
note_on 69
velocity 67
time 2
note_on 76
velocity 13
time 71
note_off 76
time 53
note_off 83
time 16
note_on 78
velocity 44
time 10
note_on 81
velocity 52
time 26
note_off 69
time 74
note_off 78
time 61
note_off 81
time 22
note_on 83
velocity 47
time 0
note_on 66
velocity 64
time 26
note_on 76
velocity 27
time 27
note_off 66
time 24
note_off 83
time 71
note_on 78
velocity 44
time 31
note_off 76
time 6
note_on 81
velocity 34
time 9
note_off 78
time 32
note_off 81
time 10
note_on 54
velocity 52
time 3
note_on 62
velocity 55
time 1
note_on 60
velocity 51
time 11
note_on 71
velocity 41
time 11
note_on 64
velocity 21
time 9
note_off 64
time 66
note_off 71
time 1
note_off 62
time 9
note_on 69
velocity 47
time 1
note_off 60
time 10
note_on 66
velocity 37
time 10
note_off 54
time 5
note_off 66
time 57
note_off 69
time 10
note_on 71
velocity 50
time 27
note_on 64
velocity 41
time 26
note_off 64
time 85
note_on 53
velocity 54
time 3
note_on 61
velocity 73
time 9
note_on 59
velocity 48
time 2
note_off 71
time 9
note_on 68
velocity 51
time 31
note_off 53
time 24
note_off 59
time 23
note_on 65
velocity 36
time 7
note_off 61
time 14
note_off 65
time 16
note_off 68
time 9
note_on 62
velocity 77
time 3
note_on 71
velocity 52
time 2
note_on 54
velocity 49
time 13
note_on 60
velocity 56
time 0
note_on 64
velocity 12
time 18
note_off 62
time 13
note_off 64
time 2
note_off 60
time 6
note_off 54
time 24
note_off 71
time 0
note_on 69
velocity 45
time 44
note_on 66
velocity 23
time 31
note_off 66
time 136
note_off 69
time 52
note_on 38
velocity 49
time 10
note_on 71
velocity 44
time 5
note_off 38
time 40
note_on 69
velocity 44
time 109
note_off 71
time 11
note_off 69
time 27
note_on 66
velocity 79
time 39
note_on 71
velocity 35
time 3
note_on 61
velocity 55
time 9
note_on 57
velocity 48
time 0
note_off 61
time 1
note_off 57
time 2
note_on 69
velocity 45
time 6
note_off 71
time 0
note_off 66
time 6
note_off 69
time 44
note_on 64
velocity 72
time 20
note_on 71
velocity 46
time 2
note_on 55
velocity 55
time 7
note_on 60
velocity 55
time 15
note_off 55
time 48
note_off 64
time 18
note_off 71
time 48
note_on 69
velocity 46
time 33
note_on 66
velocity 14
time 97
note_off 60
time 2
note_off 69
time 7
note_on 60
velocity 35
time 9
note_on 62
velocity 73
time 11
note_off 66
time 0
note_on 54
velocity 58
time 3
note_on 71
velocity 38
time 0
note_on 64
velocity 18
time 58
note_off 64
time 11
note_off 62
time 13
note_off 60
time 14
note_on 69
velocity 40
time 2
note_off 71
time 2
note_on 66
velocity 31
time 13
note_off 54
time 7
note_off 66
time 109
note_off 69
time 3
note_on 71
velocity 42
time 0
note_on 64
velocity 18
time 63
note_on 38
velocity 45
time 61
note_off 64
time 5
note_off 71
time 1
note_on 69
velocity 40
time 54
note_on 66
velocity 33
time 5
note_off 38
time 48
note_off 66
time 122
note_off 69
time 7
note_on 71
velocity 43
time 0
note_on 64
velocity 27
time 53
note_off 71
time 92
note_on 69
velocity 35
time 33
note_on 66
velocity 34
time 2
note_off 64
time 24
note_off 69
time 7
note_off 66
time 27
note_on 60
velocity 66
time 15
note_on 52
velocity 53
time 19
note_on 57
velocity 44
time 1
note_on 69
velocity 38
time 13
note_on 63
velocity 20
time 20
note_off 69
time 14
note_off 63
time 15
note_off 60
time 0
note_off 57
time 0
note_on 67
velocity 39
time 9
note_on 64
velocity 44
time 10
note_off 52
time 2
note_off 64
time 114
note_on 69
velocity 43
time 23
note_off 67
time 15
note_on 63
velocity 34
time 13
note_off 69
time 84
note_off 63
time 53
note_on 36
velocity 54
time 5
note_on 64
velocity 48
time 5
note_on 67
velocity 45
time 7
note_off 36
time 62
note_off 64
time 1
note_on 69
velocity 43
time 28
note_off 67
time 2
note_on 63
velocity 36
time 5
note_off 69
time 108
note_on 67
velocity 40
time 42
note_on 64
velocity 37
time 19
note_off 67
time 61
note_off 63
time 6
note_off 64
time 0
note_on 59
velocity 65
time 1
note_on 51
velocity 52
time 13
note_on 67
velocity 47
time 7
note_on 57
velocity 44
time 6
note_off 59
time 11
note_off 57
time 3
note_off 67
time 9
note_off 51
time 14
note_on 66
velocity 47
time 3
note_on 63
velocity 39
time 27
note_on 35
velocity 67
time 1
note_off 35
time 53
note_off 63
time 0
note_on 67
velocity 49
time 23
note_off 66
time 3
note_off 67
time 98
note_on 66
velocity 51
time 11
note_on 61
velocity 74
time 11
note_off 61
time 18
note_on 62
velocity 47
time 0
note_off 66
time 3
note_on 59
velocity 72
time 9
note_on 67
velocity 28
time 24
note_off 59
time 27
note_off 62
time 85
note_on 63
velocity 42
time 2
note_off 67
time 3
note_off 63
time 35
note_on 57
velocity 69
time 5
note_on 49
velocity 60
time 5
note_on 55
velocity 60
time 1
note_on 66
velocity 45
time 5
note_off 57
time 7
note_off 66
time 7
note_off 55
time 9
note_on 60
velocity 45
time 0
note_on 64
velocity 35
time 24
note_off 49
time 16
note_off 64
time 48
note_on 66
velocity 55
time 26
note_off 60
time 32
note_on 59
velocity 27
time 5
note_off 66
time 98
note_off 59
time 50
note_on 60
velocity 49
time 5
note_on 64
velocity 37
time 2
note_on 33
velocity 46
time 19
note_off 33
time 55
note_off 60
time 22
note_off 64
time 42
note_on 66
velocity 46
time 16
note_on 59
velocity 32
time 31
note_off 66
time 61
note_off 59
time 78
note_on 64
velocity 45
time 16
note_off 64
time 22
note_on 61
velocity 51
time 6
note_on 69
velocity 69
time 6
note_on 67
velocity 55
time 5
note_on 78
velocity 42
time 7
note_off 69
time 7
note_off 67
time 9
note_off 78
time 14
note_on 72
velocity 42
time 13
note_off 61
time 1
note_on 76
velocity 34
time 9
note_off 76
time 71
note_off 72
time 40
note_on 78
velocity 53
time 19
note_on 71
velocity 16
time 65
note_off 71
time 70
note_off 78
time 45
note_on 72
velocity 49
time 3
note_on 45
velocity 40
time 1
note_on 76
velocity 40
time 11
note_off 45
time 44
note_off 72
time 54
note_on 78
velocity 47
time 62
note_off 76
time 6
note_on 71
velocity 25
time 57
note_off 78
time 74
note_off 71
time 80
note_on 76
velocity 48
time 2
note_off 76
time 35
note_on 81
velocity 61
time 18
note_on 90
velocity 54
time 1
note_on 79
velocity 43
time 14
note_off 81
time 15
note_off 90
time 5
note_off 79
time 5
note_on 84
velocity 47
time 1
note_on 88
velocity 54
time 2
note_off 84
time 171
note_off 88
time 6
note_on 90
velocity 52
time 53
note_on 83
velocity 24
time 23
note_off 83
time 170
note_on 57
velocity 41
time 40
note_on 84
velocity 41
time 6
note_on 88
velocity 46
time 0
note_off 90
time 24
note_off 57
time 145
note_off 84
time 11
note_off 88
time 31
note_on 90
velocity 45
time 23
note_on 83
velocity 29
time 22
note_off 83
time 250
note_off 90
time 41
note_on 85
velocity 37
time 52
note_on 88
velocity 47
time 6
note_off 88
time 160
note_off 85
time 35
note_on 38
velocity 49
time 9
note_on 45
velocity 57
time 0
note_off 38
time 10
note_off 45
time 5
note_on 62
velocity 35
time 201
note_on 69
velocity 35
time 9
note_on 81
velocity 49
time 36
note_on 86
velocity 51
time 11
note_off 69
time 87
note_on 69
velocity 5
time 0
note_on 64
velocity 51
time 22
note_off 62
time 11
note_off 81
time 33
note_off 86
time 3
note_off 69
time 3
note_on 88
velocity 50
time 19
note_off 64
time 1
note_off 88
time 37
note_on 88
velocity 62
time 100
note_on 64
velocity 45
time 6
note_on 81
velocity 55
time 0
note_on 69
velocity 33
time 26
note_on 66
velocity 63
time 91
note_off 64
time 6
note_on 90
velocity 73
time 1
note_off 88
time 16
note_off 81
time 9
note_off 66
time 26
note_off 90
time 13
note_on 90
velocity 72
time 78
note_on 81
velocity 57
time 2
note_on 66
velocity 74
time 16
note_off 69
time 71
note_off 81
time 7
note_off 66
time 42
note_on 92
velocity 80
time 7
note_on 68
velocity 72
time 1
note_off 90
time 33
note_off 68
time 37
note_off 92
time 5
note_on 92
velocity 73
time 74
note_on 68
velocity 74
time 3
note_on 81
velocity 34
time 11
note_off 81
time 42
note_on 93
velocity 84
time 49
note_off 68
time 2
note_on 69
velocity 75
time 2
note_off 92
time 36
note_off 69
time 49
note_off 93
time 1
note_on 93
velocity 77
time 109
note_on 69
velocity 68
time 1
note_on 81
velocity 58
time 19
note_on 68
velocity 70
time 125
note_on 92
velocity 74
time 22
note_off 93
time 42
note_off 68
time 13
note_off 92
time 15
note_off 81
time 10
note_on 68
velocity 65
time 62
note_on 92
velocity 76
time 15
note_on 81
velocity 39
time 19
note_on 66
velocity 76
time 89
note_on 90
velocity 78
time 11
note_off 68
time 22
note_off 92
time 22
note_off 81
time 16
note_off 66
time 18
note_off 69
time 1
note_off 90
time 3
note_on 66
velocity 64
time 70
note_on 90
velocity 66
time 1
note_on 69
velocity 16
time 33
note_off 69
time 82
note_off 90
time 6
note_on 88
velocity 72
time 7
note_off 66
time 10
note_on 64
velocity 63
time 3
note_on 69
velocity 13
time 7
note_off 88
time 58
note_off 69
time 15
note_off 64
time 7
note_on 64
velocity 49
time 78
note_on 88
velocity 67
time 3
note_on 81
velocity 51
time 31
note_off 64
time 121
note_on 62
velocity 61
time 3
note_off 81
time 3
note_on 86
velocity 64
time 11
note_off 88
time 9
note_off 86
time 35
note_off 62
time 6
note_on 81
velocity 49
time 139
note_on 86
velocity 63
time 1
note_on 62
velocity 56
time 14
note_on 85
velocity 63
time 139
note_on 61
velocity 58
time 3
note_off 62
time 5
note_off 86
time 10
note_off 81
time 20
note_off 61
time 18
note_off 85
time 16
note_on 81
velocity 47
time 128
note_on 85
velocity 58
time 2
note_on 61
velocity 45
time 3
note_on 69
velocity 10
time 36
note_off 61
time 63
note_off 81
time 5
note_on 86
velocity 64
time 75
note_on 62
velocity 45
time 2
note_off 85
time 10
note_off 62
time 31
note_off 69
time 140
note_on 85
velocity 51
time 45
note_off 86
time 2
note_on 61
velocity 34
time 42
note_on 81
velocity 30
time 0
note_off 81
time 106
note_on 83
velocity 54
time 136
note_off 85
time 3
note_off 61
time 11
note_on 59
velocity 41
time 6
note_off 83
time 5
note_off 59
time 48
note_on 82
velocity 76
time 128
note_on 81
velocity 66
time 5
note_on 58
velocity 49
time 10
note_off 81
time 9
note_on 70
velocity 79
time 1
note_off 82
time 1
note_on 69
velocity 75
time 9
note_on 57
velocity 69
time 6
note_off 58
time 10
note_off 70
time 5
note_off 69
time 9
note_on 63
velocity 53
time 475
note_off 63
time 221
note_on 66
velocity 66
time 13
note_off 66
time 49
note_off 57
time 119
note_on 57
velocity 25
time 40
note_on 63
velocity 68
time 15
note_off 63
time 44
note_on 82
velocity 67
time 296
note_off 57
time 7
note_on 81
velocity 46
time 16
note_on 58
velocity 56
time 5
note_off 81
time 24
note_on 70
velocity 79
time 2
note_on 69
velocity 69
time 9
note_off 82
time 0
note_off 69
time 39
note_off 70
time 7
note_on 57
velocity 75
time 10
note_off 58
time 5
note_on 63
velocity 47
time 390
note_on 66
velocity 66
time 1
note_on 69
velocity 70
time 1
note_off 63
time 11
note_on 67
velocity 64
time 11
note_off 57
time 6
note_on 70
velocity 68
time 7
note_on 57
velocity 37
time 3
note_off 66
time 5
note_off 67
time 2
note_off 69
time 5
note_on 73
velocity 73
time 11
note_on 75
velocity 61
time 2
note_off 70
time 10
note_off 75
time 19
note_on 67
velocity 71
time 1
note_on 69
velocity 67
time 9
note_off 73
time 3
note_off 69
time 22
note_on 66
velocity 70
time 22
note_off 67
time 2
note_on 63
velocity 73
time 29
note_off 66
time 15
note_off 57
time 1
note_off 63
time 3
note_on 82
velocity 77
time 208
note_on 58
velocity 65
time 5
note_on 81
velocity 43
time 11
note_off 82
time 0
note_on 69
velocity 75
time 5
note_on 70
velocity 75
time 1
note_on 57
velocity 69
time 0
note_off 81
time 3
note_off 70
time 10
note_off 69
time 1
note_off 58
time 31
note_on 63
velocity 61
time 410
note_off 63
time 214
note_on 66
velocity 58
time 23
note_off 66
time 37
note_off 57
time 196
note_on 57
velocity 3
time 0
note_on 63
velocity 62
time 9
note_off 63
time 46
note_on 82
velocity 66
time 291
note_off 57
time 20
note_on 81
velocity 47
time 2
note_on 58
velocity 54
time 14
note_off 81
time 13
note_on 70
velocity 76
time 7
note_off 82
time 3
note_on 69
velocity 74
time 7
note_off 70
time 24
note_off 69
time 14
note_on 57
velocity 73
time 29
note_off 58
time 31
note_on 63
velocity 58
time 363
note_on 66
velocity 67
time 66
note_on 67
velocity 60
time 18
note_on 69
velocity 68
time 2
note_on 70
velocity 72
time 19
note_off 67
time 0
note_off 69
time 14
note_off 63
time 1
note_off 66
time 14
note_on 73
velocity 72
time 7
note_on 75
velocity 70
time 1
note_off 70
time 1
note_off 75
time 2
note_on 67
velocity 74
time 1
note_on 69
velocity 79
time 1
note_off 73
time 6
note_off 69
time 14
note_off 67
time 24
note_on 66
velocity 76
time 9
note_off 57
time 9
note_on 63
velocity 68
time 14
note_off 66
time 13
note_off 63
time 1664
note_on 63
velocity 62
time 394
note_off 63
time 44
note_on 63
velocity 71
time 343
note_off 63
time 45
note_on 63
velocity 69
time 330
note_off 63
time 45
note_on 63
velocity 71
time 365
note_off 63
time 40
note_on 64
velocity 57
time 360
note_off 64
time 50
note_on 63
velocity 50
time 427
note_off 63
time 442
note_on 62
velocity 46
time 28
note_off 62
time 470
note_on 61
velocity 51
time 16
note_off 61
time 2520
note_on 67
velocity 55
time 0
note_off 67
time 13
note_on 47
velocity 44
time 1119
note_on 67
velocity 44
time 9
note_on 55
velocity 37
time 9
note_on 63
velocity 40
time 13
note_off 47
time 89
note_on 39
velocity 37
time 52
note_off 39
time 98
note_on 47
velocity 35
time 57
note_off 47
time 82
note_on 39
velocity 28
time 88
note_off 39
time 57
note_on 47
velocity 38
time 49
note_off 47
time 95
note_on 39
velocity 33
time 35
note_off 39
time 102
note_on 47
velocity 38
time 62
note_off 47
time 92
note_on 39
velocity 35
time 63
note_off 39
time 69
note_on 47
velocity 39
time 67
note_off 47
time 83
note_on 39
velocity 35
time 40
note_off 39
time 104
note_on 47
velocity 35
time 59
note_off 47
time 87
note_on 39
velocity 33
time 71
note_off 39
time 58
note_on 47
velocity 38
time 70
note_off 47
time 85
note_on 39
velocity 26
time 59
note_off 39
time 97
note_on 47
velocity 32
time 79
note_off 47
time 75
note_on 39
velocity 32
time 63
note_off 39
time 75
note_on 47
velocity 33
time 75
note_off 47
time 76
note_on 39
velocity 34
time 53
note_off 39
time 97
note_on 47
velocity 35
time 78
note_off 47
time 100
note_on 39
velocity 33
time 44
note_off 55
time 49
note_off 39
time 50
note_on 47
velocity 36
time 85
note_off 67
time 48
note_off 63
time 3
note_off 47
time 52
note_on 39
velocity 30
time 45
note_off 39
time 101
note_on 47
velocity 35
time 72
note_off 47
time 121
note_on 39
velocity 32
time 41
note_off 39
time 122
note_on 47
velocity 43
time 44
note_off 47
time 167
note_on 39
velocity 34
time 13
note_on 83
velocity 57
time 95
note_off 39
time 5
note_off 83
time 23
note_on 47
velocity 39
time 37
note_on 83
velocity 66
time 79
note_off 47
time 5
note_off 83
time 31
note_on 39
velocity 36
time 42
note_on 83
velocity 68
time 54
note_off 39
time 9
note_off 83
time 32
note_on 47
velocity 40
time 20
note_off 47
time 75
note_on 83
velocity 61
time 20
note_on 39
velocity 35
time 39
note_off 83
time 2
note_on 83
velocity 69
time 98
note_off 39
time 5
note_on 47
velocity 40
time 54
note_off 83
time 3
note_off 47
time 115
note_on 39
velocity 30
time 61
note_on 83
velocity 61
time 55
note_off 39
time 33
note_off 83
time 3
note_on 47
velocity 40
time 49
note_on 83
velocity 62
time 50
note_off 47
time 28
note_off 83
time 10
note_on 39
velocity 36
time 71
note_on 83
velocity 72
time 20
note_off 39
time 48
note_on 47
velocity 39
time 55
note_off 83
time 32
note_on 84
velocity 69
time 1
note_off 47
time 61
note_on 39
velocity 31
time 55
note_off 84
time 14
note_on 83
velocity 68
time 9
note_off 39
time 80
note_off 83
time 24
note_on 82
velocity 68
time 11
note_on 47
velocity 45
time 2
note_off 47
time 98
note_off 82
time 52
note_on 81
velocity 66
time 2
note_on 39
velocity 40
time 16
note_off 81
time 35
note_off 39
time 52
note_on 47
velocity 38
time 55
note_off 47
time 119
note_on 39
velocity 39
time 35
note_off 39
time 139
note_on 47
velocity 36
time 40
note_off 47
time 10
note_on 39
velocity 34
time 3
note_on 65
velocity 62
time 5
note_on 53
velocity 57
time 2
note_on 63
velocity 49
time 2
note_off 53
time 11
note_off 65
time 9
note_off 63
time 2
note_off 39
time 15
note_on 47
velocity 36
time 3
note_on 87
velocity 70
time 9
note_off 47
time 9
note_on 39
velocity 36
time 1
note_off 87
time 10
note_on 47
velocity 45
time 58
note_off 39
time 5
note_on 39
velocity 40
time 191
note_off 47
time 6
note_off 39
time 134
note_on 47
velocity 50
time 32
note_off 47
time 48
note_on 39
velocity 46
time 18
note_off 39
time 76
note_on 47
velocity 39
time 7
note_on 63
velocity 58
time 11
note_on 67
velocity 62
time 7
note_on 55
velocity 53
time 9
note_off 55
time 3
note_off 47
time 5
note_off 63
time 18
note_off 67
time 10
note_on 39
velocity 38
time 13
note_off 39
time 160
note_on 83
velocity 58
time 31
note_on 47
velocity 42
time 11
note_off 83
time 15
note_off 47
time 50
note_on 83
velocity 69
time 49
note_on 39
velocity 40
time 29
note_off 83
time 3
note_off 39
time 61
note_on 83
velocity 61
time 48
note_on 47
velocity 41
time 16
note_off 83
time 16
note_off 47
time 59
note_on 39
velocity 42
time 42
note_on 83
velocity 69
time 1
note_off 83
time 44
note_off 39
time 71
note_on 83
velocity 69
time 57
note_on 47
velocity 46
time 10
note_off 83
time 55
note_off 47
time 52
note_on 39
velocity 44
time 24
note_off 39
time 127
note_on 47
velocity 46
time 48
note_on 83
velocity 59
time 0
note_off 83
time 32
note_off 47
time 59
note_on 83
velocity 54
time 50
note_on 39
velocity 41
time 15
note_off 83
time 10
note_off 39
time 70
note_on 83
velocity 70
time 23
note_on 47
velocity 39
time 53
note_off 47
time 85
note_off 83
time 0
note_on 84
velocity 68
time 3
note_on 39
velocity 38
time 45
note_on 83
velocity 63
time 109
note_off 84
time 0
note_off 39
time 5
note_on 47
velocity 43
time 53
note_off 83
time 71
note_on 82
velocity 66
time 9
note_off 47
time 14
note_on 39
velocity 41
time 62
note_off 82
time 91
note_on 81
velocity 65
time 3
note_off 39
time 7
note_off 81
time 41
note_on 47
velocity 43
time 9
note_off 47
time 102
note_on 39
velocity 39
time 52
note_off 39
time 87
note_on 47
velocity 46
time 46
note_off 47
time 114
note_on 39
velocity 39
time 44
note_off 39
time 16
note_on 69
velocity 60
time 7
note_on 57
velocity 50
time 0
note_on 65
velocity 52
time 2
note_on 47
velocity 34
time 10
note_off 57
time 2
note_off 65
time 3
note_off 69
time 11
note_on 39
velocity 34
time 41
note_off 47
time 7
note_off 39
time 79
note_on 77
velocity 64
time 7
note_on 47
velocity 34
time 1
note_on 39
velocity 41
time 13
note_off 47
time 6
note_off 77
time 7
note_off 39
time 71
note_on 47
velocity 48
time 13
note_off 47
time 242
note_on 39
velocity 44
time 28
note_off 39
time 66
note_on 27
velocity 65
time 7
note_off 27
time 7
note_on 51
velocity 41
time 88
note_on 63
velocity 49
time 0
note_on 75
velocity 54
time 7
note_on 70
velocity 44
time 14
note_on 58
velocity 35
time 13
note_off 63
time 5
note_off 51
time 10
note_off 58
time 31
note_on 77
velocity 63
time 32
note_off 70
time 24
note_off 75
time 1
note_off 77
time 45
note_on 77
velocity 54
time 72
note_on 65
velocity 59
time 16
note_on 53
velocity 41
time 13
note_on 58
velocity 34
time 1
note_on 70
velocity 43
time 20
note_off 53
time 18
note_off 65
time 0
note_off 58
time 11
note_on 79
velocity 66
time 42
note_off 77
time 19
note_off 70
time 6
note_off 79
time 53
note_on 79
velocity 62
time 75
note_on 67
velocity 61
time 1
note_on 55
velocity 35
time 20
note_on 70
velocity 53
time 9
note_on 58
velocity 27
time 13
note_off 67
time 5
note_off 55
time 19
note_off 58
time 19
note_off 70
time 37
note_on 81
velocity 72
time 2
note_off 79
time 3
note_off 81
time 63
note_on 81
velocity 72
time 80
note_on 58
velocity 47
time 11
note_on 69
velocity 58
time 0
note_on 70
velocity 54
time 6
note_off 69
time 24
note_off 70
time 9
note_off 58
time 44
note_on 82
velocity 77
time 41
note_off 81
time 13
note_off 82
time 50
note_on 82
velocity 76
time 13
note_on 58
velocity 49
time 36
note_on 81
velocity 78
time 1
note_off 82
time 7
note_off 58
time 14
note_off 81
time 59
note_on 81
velocity 79
time 91
note_on 70
velocity 76
time 3
note_on 69
velocity 55
time 2
note_on 58
velocity 45
time 28
note_off 69
time 0
note_on 57
velocity 18
time 7
note_off 58
time 27
note_off 57
time 29
note_on 79
velocity 70
time 27
note_off 81
time 10
note_off 70
time 9
note_off 79
time 59
note_on 79
velocity 62
time 55
note_on 67
velocity 55
time 6
note_on 58
velocity 40
time 5
note_on 70
velocity 74
time 7
note_off 67
time 31
note_on 77
velocity 72
time 97
note_off 58
time 28
note_off 70
time 1
note_off 79
time 10
note_off 77
time 28
note_on 77
velocity 71
time 74
note_on 70
velocity 72
time 27
note_on 65
velocity 43
time 3
note_off 65
time 42
note_on 75
velocity 69
time 76
note_off 77
time 16
note_off 70
time 6
note_off 75
time 46
note_on 63
velocity 59
time 79
note_on 75
velocity 69
time 0
note_on 70
velocity 66
time 18
note_on 58
velocity 40
time 13
note_on 51
velocity 41
time 2
note_off 63
time 57
note_off 58
time 19
note_off 51
time 10
note_on 74
velocity 69
time 18
note_off 75
time 9
note_off 70
time 20
note_off 74
time 44
note_on 62
velocity 56
time 88
note_on 74
velocity 60
time 1
note_on 58
velocity 52
time 2
note_on 70
velocity 60
time 15
note_on 50
velocity 42
time 3
note_off 62
time 24
note_off 50
time 41
note_off 58
time 9
note_off 70
time 1
note_on 75
velocity 70
time 0
note_off 74
time 0
note_off 75
time 16
note_on 70
velocity 56
time 24
note_on 74
velocity 65
time 0
note_on 48
velocity 49
time 23
note_off 70
time 7
note_off 48
time 39
note_off 74
time 65
note_on 72
velocity 63
time 3
note_off 72
time 35
note_on 46
velocity 68
time 23
note_on 39
velocity 53
time 1
note_on 67
velocity 78
time 2
note_off 46
time 9
note_off 39
time 6
note_off 67
time 7
note_on 59
velocity 61
time 10
note_on 56
velocity 52
time 29
note_off 56
time 29
note_off 59
time 5
note_on 62
velocity 60
time 10
note_off 62
time 28
note_on 67
velocity 69
time 114
note_off 67
time 41
note_on 71
velocity 63
time 49
note_on 74
velocity 63
time 57
note_off 71
time 37
note_on 79
velocity 66
time 20
note_off 74
time 14
note_off 79
time 27
note_on 64
velocity 79
time 14
note_on 76
velocity 63
time 16
note_off 64
time 0
note_off 76
time 11
note_on 76
velocity 70
time 97
note_off 76
time 140
note_on 88
velocity 63
time 2
note_off 88
time 62
note_on 62
velocity 78
time 3
note_on 74
velocity 63
time 11
note_off 74
time 6
note_off 62
time 37
note_on 74
velocity 69
time 40
note_off 74
time 96
note_on 86
velocity 56
time 20
note_off 86
time 27
note_on 39
velocity 66
time 11
note_on 46
velocity 77
time 0
note_on 67
velocity 82
time 5
note_off 46
time 3
note_off 39
time 14
note_on 59
velocity 67
time 10
note_off 67
time 22
note_on 56
velocity 71
time 44
note_off 59
time 24
note_on 62
velocity 65
time 2
note_off 56
time 5
note_off 62
time 28
note_on 67
velocity 73
time 121
note_off 67
time 42
note_on 68
velocity 58
time 23
note_off 68
time 27
note_on 71
velocity 58
time 39
note_on 74
velocity 65
time 39
note_off 71
time 40
note_on 79
velocity 61
time 36
note_off 74
time 3
note_off 79
time 11
note_on 64
velocity 82
time 0
note_off 64
time 13
note_on 76
velocity 58
time 13
note_off 76
time 18
note_on 76
velocity 72
time 136
note_off 76
time 15
note_on 88
velocity 70
time 13
note_off 88
time 54
note_on 71
velocity 72
time 16
note_off 71
time 11
note_on 84
velocity 36
time 18
note_off 84
time 18
note_on 83
velocity 70
time 16
note_on 95
velocity 71
time 20
note_off 83
time 15
note_off 95
time 44
note_on 63
velocity 62
time 802
note_off 63
time 35
note_on 63
velocity 66
time 481
note_off 63
time 33
note_on 63
velocity 67
time 524
note_off 63
time 36
note_on 63
velocity 68
time 554
note_off 63
time 41
note_on 63
velocity 60
time 643
note_off 63
time 27
note_on 63
velocity 64
time 1118
note_off 63
time 42
note_on 63
velocity 75
time 503
note_off 63
time 42
note_on 63
velocity 73
time 514
note_off 63
time 41
note_on 64
velocity 73
time 565
note_off 64
time 52
note_on 63
velocity 53
time 639
note_off 63
time 61
note_on 62
velocity 53
time 696
note_off 62
time 87
note_on 61
velocity 45
time 869
note_on 67
velocity 57
time 2600
note_off 61
time 20
note_on 75
velocity 14
time 1475
note_on 70
velocity 36
time 18
note_off 75
time 7
note_on 64
velocity 35
time 37
note_off 67
time 1
note_off 64
time 156
note_on 67
velocity 28
time 3
note_off 70
time 2
note_on 61
velocity 43
time 16
note_on 75
velocity 40
time 35
note_off 75
time 222
note_on 70
velocity 37
time 1
note_on 64
velocity 34
time 115
note_off 70
time 79
note_off 64
time 50
note_on 75
velocity 34
time 23
note_off 75
time 80
note_on 70
velocity 48
time 19
note_off 70
time 122
note_on 64
velocity 42
time 5
note_off 64
time 76
note_on 75
velocity 31
time 57
note_off 75
time 59
note_on 70
velocity 46
time 13
note_on 64
velocity 42
time 118
note_off 70
time 2
note_off 64
time 66
note_on 75
velocity 41
time 54
note_off 75
time 71
note_on 70
velocity 46
time 6
note_off 61
time 85
note_off 67
time 23
note_on 64
velocity 44
time 6
note_off 64
time 83
note_off 70
time 9
note_on 75
velocity 35
time 101
note_on 61
velocity 47
time 6
note_on 67
velocity 47
time 7
note_on 70
velocity 43
time 147
note_off 75
time 28
note_on 64
velocity 44
time 113
note_off 70
time 33
note_off 64
time 78
note_on 75
velocity 45
time 41
note_off 75
time 110
note_on 70
velocity 45
time 11
note_off 67
time 3
note_off 61
time 9
note_off 70
time 102
note_on 64
velocity 25
time 9
note_off 64
time 119
note_on 67
velocity 37
time 11
note_on 75
velocity 42
time 10
note_on 61
velocity 47
time 6
note_on 70
velocity 42
time 182
note_off 67
time 62
note_off 75
time 13
note_off 61
time 20
note_on 54
velocity 41
time 23
note_off 70
time 29
note_on 64
velocity 47
time 6
note_on 67
velocity 47
time 76
note_off 54
time 3
note_off 64
time 3
note_on 75
velocity 47
time 40
note_on 61
velocity 40
time 15
note_off 67
time 31
note_off 61
time 10
note_off 75
time 46
note_on 54
velocity 42
time 16
note_on 70
velocity 42
time 1
note_off 70
time 69
note_on 64
velocity 39
time 15
note_off 54
time 5
note_on 67
velocity 42
time 27
note_off 64
time 9
note_on 61
velocity 31
time 9
note_on 75
velocity 49
time 42
note_off 67
time 20
note_off 61
time 6
note_off 75
time 62
note_on 54
velocity 44
time 3
note_on 70
velocity 50
time 10
note_off 54
time 71
note_off 70
time 16
note_on 64
velocity 38
time 11
note_on 67
velocity 44
time 10
note_on 61
velocity 31
time 15
note_off 64
time 22
note_on 75
velocity 48
time 53
note_off 61
time 3
note_off 67
time 24
note_on 54
velocity 42
time 53
note_off 75
time 16
note_on 70
velocity 44
time 14
note_off 54
time 53
note_off 70
time 29
note_on 64
velocity 40
time 14
note_on 67
velocity 40
time 10
note_on 61
velocity 31
time 20
note_off 64
time 16
note_on 75
velocity 50
time 46
note_off 61
time 14
note_off 67
time 59
note_off 75
time 15
note_on 70
velocity 47
time 1
note_on 54
velocity 37
time 7
note_on 64
velocity 43
time 66
note_off 70
time 23
note_off 54
time 28
note_off 64
time 3
note_on 67
velocity 36
time 22
note_on 75
velocity 50
time 35
note_on 61
velocity 27
time 13
note_off 61
time 78
note_on 70
velocity 51
time 2
note_off 75
time 11
note_off 67
time 11
note_on 54
velocity 36
time 39
note_on 64
velocity 50
time 29
note_off 70
time 15
note_off 64
time 59
note_on 67
velocity 34
time 45
note_on 75
velocity 48
time 9
note_off 54
time 20
note_on 61
velocity 19
time 19
note_off 75
time 75
note_on 70
velocity 45
time 13
note_off 61
time 39
note_on 64
velocity 53
time 42
note_off 67
time 1
note_on 54
velocity 35
time 15
note_off 70
time 33
note_off 64
time 37
note_on 67
velocity 34
time 102
note_on 78
velocity 63
time 3
note_on 75
velocity 55
time 11
note_off 54
time 26
note_on 61
velocity 19
time 20
note_off 61
time 91
note_off 78
time 9
note_on 70
velocity 48
time 13
note_off 75
time 15
note_off 67
time 7
note_on 54
velocity 42
time 19
note_on 64
velocity 63
time 7
note_off 64
time 65
note_off 70
time 23
note_on 67
velocity 44
time 44
note_on 75
velocity 62
time 22
note_on 78
velocity 70
time 5
note_off 54
time 10
note_on 61
velocity 9
time 35
note_off 67
time 13
note_off 78
time 40
note_off 61
time 6
note_on 70
velocity 52
time 19
note_off 75
time 10
note_on 64
velocity 54
time 23
note_on 54
velocity 41
time 14
note_off 64
time 14
note_off 54
time 53
note_off 70
time 0
note_on 78
velocity 75
time 42
note_on 67
velocity 33
time 1
note_on 61
velocity 21
time 5
note_on 75
velocity 70
time 2
note_off 67
time 54
note_off 61
time 31
note_off 78
time 22
note_on 70
velocity 59
time 20
note_on 54
velocity 36
time 23
note_off 75
time 0
note_on 64
velocity 43
time 20
note_off 64
time 46
note_off 54
time 35
note_off 70
time 16
note_on 78
velocity 70
time 15
note_on 75
velocity 63
time 10
note_on 61
velocity 28
time 1
note_on 67
velocity 30
time 0
note_off 67
time 65
note_off 61
time 2
note_off 78
time 27
note_on 70
velocity 41
time 29
note_on 64
velocity 40
time 20
note_on 54
velocity 26
time 32
note_off 64
time 6
note_off 75
time 5
note_off 70
time 28
note_off 54
time 7
note_on 76
velocity 61
time 11
note_on 79
velocity 68
time 0
note_on 61
velocity 29
time 5
note_on 67
velocity 20
time 7
note_off 67
time 1
note_off 79
time 3
note_off 61
time 5
note_off 76
time 1
note_on 70
velocity 53
time 1
note_on 54
velocity 37
time 22
note_off 70
time 15
note_off 54
time 10
note_on 78
velocity 72
time 6
note_on 75
velocity 55
time 14
note_on 67
velocity 31
time 14
note_on 61
velocity 26
time 14
note_off 67
time 0
note_off 61
time 5
note_off 78
time 18
note_on 54
velocity 37
time 50
note_off 75
time 2
note_off 54
time 7
note_on 77
velocity 73
time 5
note_on 67
velocity 31
time 3
note_on 74
velocity 57
time 2
note_on 61
velocity 19
time 11
note_off 67
time 10
note_off 61
time 15
note_off 77
time 6
note_off 74
time 9
note_on 70
velocity 47
time 24
note_on 54
velocity 36
time 36
note_off 70
time 57
note_off 54
time 18
note_on 76
velocity 66
time 19
note_on 73
velocity 57
time 10
note_on 67
velocity 22
time 7
note_off 67
time 13
note_off 76
time 3
note_off 73
time 24
note_on 70
velocity 43
time 6
note_on 54
velocity 41
time 3
note_off 70
time 16
note_on 64
velocity 36
time 2
note_off 64
time 5
note_off 54
time 14
note_on 61
velocity 24
time 15
note_on 73
velocity 58
time 11
note_off 61
time 74
note_off 73
time 11
note_on 70
velocity 46
time 14
note_on 54
velocity 41
time 53
note_on 64
velocity 36
time 39
note_off 70
time 5
note_off 64
time 71
note_off 54
time 13
note_on 73
velocity 39
time 28
note_on 67
velocity 26
time 11
note_on 61
velocity 15
time 52
note_off 73
time 20
note_on 70
velocity 45
time 33
note_off 61
time 3
note_off 67
time 9
note_on 54
velocity 36
time 50
note_off 70
time 59
note_on 64
velocity 38
time 10
note_off 54
time 18
note_on 67
velocity 38
time 63
note_off 64
time 11
note_on 61
velocity 9
time 50
note_on 73
velocity 56
time 20
note_off 67
time 41
note_off 73
time 80
note_on 70
velocity 51
time 24
note_off 61
time 37
note_on 54
velocity 40
time 13
note_off 54
time 97
note_off 70
time 10
note_on 64
velocity 46
time 2
note_off 64
time 31
note_on 49
velocity 41
time 14
note_on 82
velocity 69
time 10
note_on 56
velocity 44
time 1
note_off 49
time 13
note_off 82
time 3
note_on 58
velocity 36
time 33
note_off 56
time 29
note_off 58
time 31
note_on 64
velocity 50
time 18
note_on 68
velocity 43
time 92
note_off 64
time 9
note_off 68
time 49
note_on 70
velocity 60
time 16
note_off 70
time 85
note_on 76
velocity 53
time 26
note_on 80
velocity 66
time 96
note_off 76
time 18
note_off 80
time 16
note_on 70
velocity 57
time 9
note_on 61
velocity 41
time 9
note_on 67
velocity 41
time 18
note_off 70
time 26
note_on 75
velocity 56
time 41
note_off 67
time 11
note_on 70
velocity 56
time 13
note_off 61
time 2
note_off 75
time 1
note_on 54
velocity 39
time 14
note_on 64
velocity 56
time 13
note_off 70
time 10
note_off 64
time 6
note_off 54
time 41
note_on 61
velocity 25
time 40
note_on 67
velocity 18
time 7
note_on 75
velocity 51
time 24
note_on 78
velocity 53
time 10
note_off 61
time 28
note_off 67
time 0
note_off 78
time 71
note_on 54
velocity 39
time 3
note_on 70
velocity 62
time 5
note_off 75
time 26
note_on 64
velocity 65
time 55
note_off 64
time 36
note_off 70
time 3
note_off 54
time 23
note_on 67
velocity 46
time 26
note_on 61
velocity 30
time 19
note_on 75
velocity 65
time 23
note_on 78
velocity 70
time 0
note_off 67
time 27
note_off 61
time 11
note_off 78
time 65
note_on 70
velocity 60
time 1
note_off 75
time 16
note_on 54
velocity 38
time 6
note_on 64
velocity 58
time 46
note_off 64
time 26
note_off 70
time 22
note_on 67
velocity 38
time 59
note_off 54
time 1
note_on 75
velocity 72
time 1
note_on 61
velocity 36
time 2
note_on 78
velocity 74
time 1
note_off 67
time 63
note_off 61
time 13
note_on 70
velocity 65
time 35
note_off 78
time 1
note_off 75
time 28
note_on 54
velocity 36
time 28
note_on 64
velocity 56
time 7
note_off 64
time 44
note_off 70
time 20
note_off 54
time 29
note_on 67
velocity 39
time 20
note_on 78
velocity 72
time 15
note_on 61
velocity 20
time 2
note_on 75
velocity 66
time 1
note_off 67
time 52
note_on 73
velocity 20
time 10
note_off 61
time 3
note_on 70
velocity 61
time 41
note_off 78
time 5
note_off 75
time 20
note_off 73
time 1
note_on 54
velocity 42
time 16
note_on 64
velocity 60
time 22
note_off 64
time 69
note_off 70
time 3
note_off 54
time 101
note_on 79
velocity 68
time 6
note_on 67
velocity 13
time 1
note_on 76
velocity 30
time 11
note_off 67
time 6
note_off 79
time 5
note_on 54
velocity 50
time 13
note_off 76
time 7
note_on 70
velocity 60
time 3
note_off 70
time 66
note_off 54
time 28
note_on 78
velocity 71
time 10
note_on 75
velocity 52
time 16
note_on 70
velocity 56
time 6
note_off 78
time 11
note_off 75
time 16
note_on 54
velocity 46
time 2
note_on 64
velocity 46
time 69
note_off 70
time 16
note_off 54
time 29
note_off 64
time 15
note_on 75
velocity 49
time 58
note_off 75
time 57
note_on 70
velocity 49
time 26
note_on 54
velocity 36
time 40
note_on 64
velocity 49
time 13
note_off 70
time 27
note_off 54
time 96
note_on 75
velocity 47
time 0
note_off 64
time 15
note_on 61
velocity 19
time 28
note_on 70
velocity 52
time 54
note_off 75
time 1
note_off 61
time 27
note_on 54
velocity 38
time 53
note_off 70
time 13
note_on 64
velocity 48
time 10
note_off 54
time 19
note_off 64
time 53
note_on 65
velocity 44
time 1
note_on 58
velocity 49
time 7
note_on 75
velocity 65
time 3
note_on 72
velocity 53
time 18
note_off 65
time 76
note_off 58
time 14
note_off 72
time 0
note_on 51
velocity 42
time 11
note_off 75
time 3
note_on 67
velocity 24
time 5
note_on 61
velocity 41
time 1
note_off 67
time 13
note_off 61
time 44
note_on 72
velocity 43
time 45
note_off 51
time 7
note_on 58
velocity 32
time 16
note_off 72
time 52
note_on 67
velocity 45
time 6
note_off 58
time 29
note_on 61
velocity 40
time 27
note_off 67
time 44
note_on 51
velocity 28
time 23
note_off 61
time 58
note_on 72
velocity 48
time 1
note_off 51
time 5
note_on 58
velocity 36
time 67
note_on 67
velocity 49
time 39
note_off 72
time 0
note_off 58
time 18
note_off 67
time 11
note_on 51
velocity 36
time 14
note_on 61
velocity 41
time 10
note_off 51
time 72
note_off 61
time 7
note_on 72
velocity 57
time 16
note_on 55
velocity 36
time 7
note_on 69
velocity 51
time 10
note_on 62
velocity 27
time 2
note_off 62
time 10
note_off 72
time 7
note_on 64
velocity 47
time 0
note_off 69
time 7
note_off 55
time 5
note_on 48
velocity 40
time 10
note_on 58
velocity 49
time 18
note_off 64
time 6
note_off 48
time 36
note_on 69
velocity 52
time 35
note_off 58
time 5
note_on 55
velocity 35
time 11
note_off 69
time 67
note_on 64
velocity 45
time 33
note_off 55
time 2
note_on 48
velocity 43
time 32
note_on 58
velocity 52
time 15
note_off 64
time 10
note_off 58
time 69
note_on 69
velocity 48
time 32
note_off 48
time 16
note_on 55
velocity 35
time 15
note_off 69
time 22
note_on 64
velocity 50
time 18
note_off 64
time 45
note_on 58
velocity 45
time 10
note_off 55
time 54
note_on 48
velocity 43
time 7
note_on 69
velocity 45
time 33
note_off 58
time 10
note_off 48
time 63
note_off 69
time 39
note_on 64
velocity 53
time 15
note_on 55
velocity 37
time 7
note_off 64
time 54
note_on 58
velocity 49
time 31
note_off 58
time 57
note_on 48
velocity 29
time 16
note_off 55
time 13
note_off 48
time 29
note_on 75
velocity 68
time 14
note_on 65
velocity 44
time 7
note_on 58
velocity 44
time 7
note_on 72
velocity 60
time 3
note_off 65
time 36
note_off 75
time 2
note_off 72
time 14
note_on 67
velocity 52
time 1
note_off 58
time 7
note_on 51
velocity 42
time 2
note_off 67
time 16
note_on 61
velocity 50
time 16
note_off 51
time 9
note_off 61
time 26
note_on 72
velocity 55
time 11
note_on 58
velocity 34
time 28
note_on 67
velocity 51
time 50
note_off 72
time 33
note_on 51
velocity 38
time 83
note_off 67
time 5
note_on 61
velocity 52
time 13
note_off 58
time 28
note_off 61
time 11
note_off 51
time 15
note_on 61
velocity 41
time 11
note_on 78
velocity 65
time 0
note_on 75
velocity 58
time 15
note_on 67
velocity 30
time 14
note_off 67
time 6
note_off 78
time 1
note_off 61
time 7
note_off 75
time 9
note_on 70
velocity 48
time 5
note_on 54
velocity 47
time 16
note_off 70
time 49
note_on 64
velocity 50
time 3
note_off 54
time 67
note_off 64
time 24
note_on 75
velocity 43
time 31
note_on 61
velocity 21
time 3
note_off 75
time 66
note_off 61
time 18
note_on 70
velocity 44
time 6
note_on 54
velocity 41
time 52
note_on 64
velocity 49
time 2
note_off 70
time 15
note_off 54
time 45
note_off 64
time 44
note_on 75
velocity 45
time 27
note_on 61
velocity 27
time 15
note_off 75
time 57
note_on 70
velocity 47
time 23
note_off 61
time 32
note_on 54
velocity 33
time 9
note_off 70
time 13
note_on 64
velocity 46
time 23
note_off 54
time 11
note_off 64
time 39
note_on 65
velocity 48
time 13
note_on 75
velocity 59
time 2
note_on 58
velocity 44
time 3
note_on 72
velocity 57
time 6
note_off 65
time 11
note_off 58
time 40
note_off 75
time 24
note_off 72
time 3
note_on 51
velocity 36
time 15
note_on 67
velocity 43
time 0
note_off 67
time 55
note_on 61
velocity 45
time 3
note_off 51
time 31
note_off 61
time 35
note_on 58
velocity 33
time 18
note_on 72
velocity 46
time 28
note_off 58
time 67
note_off 72
time 0
note_on 67
velocity 41
time 16
note_on 51
velocity 43
time 31
note_on 61
velocity 46
time 23
note_off 67
time 45
note_off 51
time 44
note_off 61
time 45
note_on 72
velocity 50
time 1
note_on 58
velocity 28
time 32
note_off 72
time 57
note_on 67
velocity 44
time 16
note_off 58
time 26
note_off 67
time 32
note_on 51
velocity 43
time 3
note_on 61
velocity 52
time 15
note_off 51
time 23
note_off 61
time 41
note_on 72
velocity 61
time 11
note_on 55
velocity 42
time 2
note_on 69
velocity 55
time 3
note_on 62
velocity 42
time 1
note_off 62
time 3
note_off 72
time 15
note_off 69
time 1
note_off 55
time 5
note_on 64
velocity 46
time 3
note_on 48
velocity 39
time 1
note_off 64
time 50
note_on 58
velocity 40
time 13
note_off 48
time 14
note_off 58
time 42
note_on 69
velocity 45
time 5
note_on 55
velocity 31
time 36
note_off 69
time 70
note_off 55
time 3
note_on 64
velocity 43
time 27
note_on 48
velocity 34
time 22
note_on 58
velocity 49
time 6
note_off 64
time 20
note_off 58
time 10
note_off 48
time 9
note_on 69
velocity 48
time 7
note_on 55
velocity 34
time 2
note_off 69
time 26
note_on 64
velocity 48
time 2
note_off 55
time 62
note_on 48
velocity 44
time 7
note_off 64
time 16
note_on 58
velocity 47
time 13
note_off 48
time 42
note_off 58
time 20
note_on 69
velocity 61
time 3
note_on 66
velocity 53
time 9
note_on 59
velocity 41
time 1
note_on 52
velocity 33
time 16
note_off 59
time 5
note_off 69
time 5
note_on 61
velocity 47
time 13
note_off 52
time 3
note_off 66
time 10
note_on 45
velocity 42
time 11
note_off 61
time 26
note_on 55
velocity 42
time 5
note_off 45
time 24
note_off 55
time 37
note_on 66
velocity 50
time 33
note_on 52
velocity 20
time 53
note_off 66
time 41
note_off 52
time 15
note_on 61
velocity 39
time 1
note_on 55
velocity 48
time 42
note_on 45
velocity 23
time 14
note_off 61
time 16
note_off 55
time 76
note_on 66
velocity 51
time 16
note_off 45
time 15
note_on 52
velocity 38
time 7
note_off 66
time 95
note_on 61
velocity 42
time 6
note_off 52
time 11
note_off 61
time 55
note_on 55
velocity 44
time 19
note_on 45
velocity 25
time 1
note_off 45
time 55
note_off 55
time 5
note_on 55
velocity 37
time 5
note_on 66
velocity 57
time 9
note_on 49
velocity 40
time 15
note_on 63
velocity 50
time 6
note_off 55
time 11
note_off 66
time 2
note_on 58
velocity 43
time 13
note_off 63
time 5
note_off 49
time 3
note_on 42
velocity 37
time 6
note_off 58
time 19
note_on 52
velocity 36
time 19
note_off 52
time 6
note_off 42
time 39
note_on 63
velocity 39
time 15
note_on 49
velocity 31
time 15
note_off 63
time 33
note_on 58
velocity 30
time 11
note_on 52
velocity 41
time 18
note_on 42
velocity 38
time 3
note_off 49
time 2
note_off 58
time 9
note_off 42
time 14
note_on 63
velocity 44
time 26
note_off 52
time 15
note_on 49
velocity 38
time 19
note_off 63
time 59
note_on 58
velocity 33
time 42
note_on 42
velocity 36
time 52
note_off 58
time 0
note_on 52
velocity 48
time 1
note_off 49
time 24
note_off 52
time 48
note_off 42
time 14
note_on 53
velocity 39
time 18
note_on 63
velocity 43
time 2
note_on 46
velocity 37
time 6
note_on 60
velocity 45
time 10
note_off 53
time 1
note_off 60
time 1
note_on 55
velocity 31
time 9
note_off 63
time 0
note_off 46
time 6
note_on 39
velocity 41
time 2
note_on 49
velocity 40
time 29
note_off 55
time 130
note_on 60
velocity 38
time 24
note_on 46
velocity 26
time 7
note_off 39
time 1
note_off 49
time 40
note_off 60
time 57
note_on 55
velocity 38
time 0
note_off 46
time 15
note_on 39
velocity 22
time 32
note_on 49
velocity 37
time 95
note_off 39
time 14
note_on 46
velocity 36
time 36
note_off 55
time 16
note_off 49
time 20
note_on 60
velocity 41
time 0
note_off 60
time 22
note_on 55
velocity 41
time 26
note_off 46
time 58
note_on 39
velocity 32
time 6
note_off 39
time 110
note_on 49
velocity 45
time 127
note_off 49
time 114
note_off 55
time 52
note_on 33
velocity 45
time 10
note_on 45
velocity 33
time 18
note_on 43
velocity 27
time 5
note_off 45
time 42
note_off 43
time 14
note_off 33
time 1
note_on 31
velocity 46
time 32
note_off 31
time 88
note_on 34
velocity 46
time 42
note_off 34
time 87
note_on 31
velocity 55
time 31
note_off 31
time 108
note_on 35
velocity 60
time 32
note_on 43
velocity 22
time 31
note_on 45
velocity 35
time 10
note_off 45
time 45
note_off 43
time 1
note_off 35
time 3
note_on 31
velocity 41
time 72
note_off 31
time 52
note_on 36
velocity 50
time 36
note_off 36
time 71
note_on 31
velocity 52
time 42
note_off 31
time 114
note_on 37
velocity 57
time 46
note_on 45
velocity 36
time 31
note_on 43
velocity 17
time 6
note_off 37
time 11
note_off 45
time 24
note_off 43
time 24
note_on 31
velocity 56
time 11
note_off 31
time 113
note_on 38
velocity 57
time 52
note_off 38
time 52
note_on 31
velocity 52
time 66
note_off 31
time 113
note_on 39
velocity 59
time 36
note_on 45
velocity 48
time 20
note_on 43
velocity 37
time 14
note_off 39
time 9
note_off 45
time 14
note_off 43
time 27
note_on 31
velocity 62
time 20
note_off 31
time 115
note_on 38
velocity 59
time 53
note_off 38
time 52
note_on 31
velocity 54
time 65
note_off 31
time 139
note_on 37
velocity 56
time 41
note_on 45
velocity 47
time 23
note_on 43
velocity 33
time 7
note_off 37
time 11
note_off 45
time 16
note_off 43
time 23
note_on 31
velocity 57
time 18
note_off 31
time 118
note_on 36
velocity 51
time 46
note_off 36
time 59
note_on 31
velocity 50
time 72
note_off 31
time 122
note_on 35
velocity 66
time 19
note_on 45
velocity 44
time 35
note_on 43
velocity 16
time 19
note_off 35
time 7
note_off 45
time 11
note_off 43
time 40
note_on 31
velocity 56
time 28
note_off 31
time 119
note_on 34
velocity 59
time 13
note_off 34
time 92
note_on 31
velocity 56
time 66
note_off 31
time 85
note_on 33
velocity 62
time 29
note_on 43
velocity 52
time 14
note_on 45
velocity 61
time 6
note_off 45
time 32
note_off 43
time 7
note_off 33
time 45
note_on 31
velocity 52
time 32
note_off 31
time 83
note_on 34
velocity 48
time 44
note_on 51
velocity 67
time 5
note_off 51
time 44
note_off 34
time 22
note_on 31
velocity 60
time 31
note_on 51
velocity 69
time 28
note_off 51
time 35
note_off 31
time 9
note_on 35
velocity 49
time 57
note_on 51
velocity 78
time 9
note_on 43
velocity 7
time 9
note_on 45
velocity 35
time 5
note_off 51
time 35
note_off 45
time 10
note_off 35
time 13
note_off 43
time 6
note_on 51
velocity 71
time 58
note_on 31
velocity 47
time 6
note_off 51
time 29
note_off 31
time 23
note_on 36
velocity 49
time 45
note_on 51
velocity 77
time 9
note_off 51
time 63
note_off 36
time 7
note_on 31
velocity 54
time 29
note_off 31
time 145
note_on 51
velocity 67
time 31
note_on 37
velocity 46
time 16
note_off 51
time 24
note_off 37
time 27
note_on 51
velocity 74
time 49
note_on 31
velocity 55
time 22
note_off 51
time 16
note_off 31
time 54
note_on 51
velocity 78
time 28
note_on 38
velocity 61
time 23
note_off 38
time 55
note_off 51
time 14
note_on 52
velocity 69
time 24
note_on 31
velocity 60
time 27
note_off 31
time 101
note_on 51
velocity 64
time 24
note_off 52
time 2
note_on 39
velocity 55
time 23
note_on 43
velocity 5
time 32
note_off 39
time 20
note_off 51
time 16
note_on 50
velocity 65
time 31
note_off 43
time 2
note_on 31
velocity 58
time 26
note_off 31
time 106
note_on 49
velocity 64
time 16
note_off 50
time 11
note_on 38
velocity 47
time 40
note_off 38
time 44
note_on 31
velocity 60
time 50
note_off 31
time 104
note_on 37
velocity 63
time 35
note_on 43
velocity 35
time 23
note_on 45
velocity 50
time 9
note_off 37
time 20
note_off 45
time 15
note_off 43
time 3
note_on 31
velocity 60
time 57
note_off 31
time 89
note_on 36
velocity 60
time 46
note_off 36
time 71
note_on 31
velocity 60
time 40
note_off 31
time 119
note_off 49
time 15
note_on 35
velocity 63
time 7
note_on 55
velocity 72
time 5
note_on 43
velocity 37
time 19
note_on 45
velocity 50
time 13
note_off 35
time 28
note_off 43
time 6
note_off 45
time 1
note_on 31
velocity 64
time 69
note_off 31
time 109
note_on 34
velocity 56
time 23
note_off 34
time 69
note_on 31
velocity 60
time 63
note_off 55
time 69
note_off 31
time 24
note_on 33
velocity 64
time 22
note_on 45
velocity 53
time 41
note_on 43
velocity 40
time 1
note_off 45
time 31
note_off 43
time 15
note_off 33
time 6
note_on 31
velocity 58
time 55
note_off 31
time 79
note_on 34
velocity 56
time 23
note_on 51
velocity 62
time 15
note_on 39
velocity 54
time 2
note_off 34
time 48
note_off 39
time 11
note_on 31
velocity 62
time 46
note_off 31
time 114
note_off 51
time 28
note_on 35
velocity 53
time 7
note_on 45
velocity 59
time 19
note_on 43
velocity 42
time 19
note_off 45
time 20
note_off 43
time 31
note_off 35
time 33
note_on 31
velocity 58
time 36
note_off 31
time 71
note_on 36
velocity 59
time 20
note_off 36
time 92
note_on 31
velocity 65
time 32
note_off 31
time 97
note_on 63
velocity 68
time 15
note_on 51
velocity 59
time 16
note_on 37
velocity 62
time 3
note_on 43
velocity 27
time 33
note_on 45
velocity 31
time 9
note_off 37
time 14
note_off 45
time 28
note_off 43
time 1
note_on 31
velocity 68
time 42
note_off 31
time 92
note_on 38
velocity 63
time 32
note_off 51
time 9
note_off 63
time 7
note_off 38
time 2
note_on 31
velocity 69
time 24
note_off 31
time 105
note_on 41
velocity 71
time 20
note_off 41
time 76
note_on 31
velocity 64
time 84
note_off 31
time 78
note_on 51
velocity 70
time 24
note_on 63
velocity 69
time 0
note_on 42
velocity 77
time 7
note_off 42
time 67
note_on 31
velocity 72
time 58
note_off 51
time 63
note_off 31
time 36
note_on 43
velocity 73
time 33
note_off 63
time 3
note_off 43
time 62
note_on 31
velocity 69
time 54
note_off 31
time 71
note_on 44
velocity 61
time 53
note_off 44
time 52
note_on 31
velocity 72
time 75
note_off 31
time 83
note_on 75
velocity 76
time 31
note_on 63
velocity 77
time 3
note_on 47
velocity 76
time 31
note_off 47
time 45
note_on 45
velocity 13
time 3
note_off 45
time 58
note_on 31
velocity 70
time 11
note_off 75
time 32
note_off 63
time 45
note_off 31
time 7
note_on 46
velocity 81
time 36
note_off 46
time 44
note_on 31
velocity 66
time 105
note_on 45
velocity 66
time 82
note_off 31
time 15
note_on 43
velocity 58
time 40
note_off 45
time 3
note_off 43
time 41
note_on 31
velocity 67
time 69
note_off 31
time 88
note_on 46
velocity 65
time 5
note_on 34
velocity 55
time 13
note_off 46
time 55
note_off 34
time 6
note_on 31
velocity 57
time 35
note_off 31
time 126
note_on 47
velocity 63
time 11
note_on 43
velocity 64
time 22
note_on 35
velocity 56
time 1
note_on 45
velocity 46
time 6
note_off 45
time 40
note_off 47
time 0
note_off 43
time 5
note_off 35
time 39
note_on 31
velocity 65
time 42
note_off 31
time 78
note_on 36
velocity 62
time 24
note_on 48
velocity 66
time 10
note_off 36
time 58
note_off 48
time 6
note_on 31
velocity 63
time 45
note_off 31
time 87
note_on 43
velocity 63
time 20
note_on 49
velocity 71
time 2
note_on 37
velocity 63
time 1
note_on 45
velocity 45
time 23
note_off 43
time 23
note_off 45
time 11
note_off 37
time 13
note_off 49
time 35
note_on 31
velocity 71
time 22
note_off 31
time 98
note_on 50
velocity 61
time 19
note_on 38
velocity 72
time 1
note_off 50
time 62
note_off 38
time 15
note_on 31
velocity 64
time 70
note_off 31
time 55
note_on 53
velocity 69
time 35
note_on 43
velocity 66
time 7
note_off 43
time 61
note_off 53
time 27
note_on 41
velocity 79
time 41
note_off 41
time 61
note_on 54
velocity 76
time 50
note_off 54
time 71
note_on 42
velocity 84
time 37
note_off 42
time 87
note_on 55
velocity 83
time 32
note_off 55
time 79
note_on 43
velocity 90
time 27
note_off 43
time 92
note_on 56
velocity 93
time 27
note_off 56
time 78
note_on 44
velocity 94
time 36
note_off 44
time 72
note_on 57
velocity 94
time 31
note_on 55
velocity 81
time 6
note_off 55
time 45
note_off 57
time 40
note_on 45
velocity 94
time 42
note_off 45
time 83
note_on 58
velocity 92
time 22
note_off 58
time 71
note_on 46
velocity 94
time 66
note_off 46
time 40
note_on 58
velocity 37
time 419
note_on 63
velocity 35
time 510
note_off 63
time 197
note_on 66
velocity 38
time 31
note_on 63
velocity 44
time 251
note_off 66
time 29
note_off 63
time 1
note_on 61
velocity 47
time 440
note_on 73
velocity 43
time 24
note_off 58
time 31
note_off 61
time 13
note_off 73
time 11
note_on 75
velocity 47
time 111
note_off 75
time 79
note_on 78
velocity 61
time 10
note_on 81
velocity 65
time 16
note_off 81
time 18
note_on 82
velocity 70
time 0
note_off 78
time 11
note_on 87
velocity 70
time 5
note_on 85
velocity 69
time 1
note_off 82
time 2
note_off 87
time 6
note_on 81
velocity 85
time 15
note_off 85
time 24
note_on 79
velocity 60
time 2
note_off 81
time 3
note_off 79
time 55
note_on 78
velocity 53
time 39
note_on 75
velocity 62
time 91
note_off 78
time 14
note_off 75
time 65
note_on 58
velocity 47
time 3
note_on 63
velocity 40
time 441
note_off 63
time 212
note_on 66
velocity 43
time 19
note_on 63
velocity 49
time 261
note_off 66
time 1
note_off 63
time 40
note_off 58
time 460
note_on 73
velocity 48
time 11
note_on 61
velocity 50
time 2
note_off 61
time 1
note_off 73
time 11
note_on 75
velocity 42
time 76
note_off 75
time 40
note_on 78
velocity 66
time 26
note_on 81
velocity 63
time 24
note_on 82
velocity 69
time 31
note_off 81
time 5
note_on 87
velocity 73
time 14
note_off 78
time 1
note_on 85
velocity 68
time 0
note_off 87
time 2
note_off 82
time 10
note_on 81
velocity 84
time 13
note_off 85
time 13
note_off 81
time 9
note_on 79
velocity 59
time 9
note_off 79
time 70
note_on 78
velocity 66
time 20
note_on 75
velocity 58
time 91
note_off 78
time 22
note_off 75
time 71
note_on 63
velocity 51
time 408
note_on 66
velocity 66
time 46
note_off 63
time 15
note_on 69
velocity 65
time 7
note_on 70
velocity 74
time 15
note_off 66
time 1
note_on 67
velocity 59
time 3
note_off 69
time 3
note_off 67
time 13
note_on 75
velocity 69
time 2
note_on 73
velocity 74
time 1
note_off 75
time 9
note_off 70
time 7
note_off 73
time 22
note_on 69
velocity 66
time 2
note_off 69
time 22
note_on 67
velocity 62
time 16
note_off 67
time 55
note_on 66
velocity 57
time 23
note_on 63
velocity 59
time 87
note_off 66
time 2
note_off 63
time 88
note_on 51
velocity 49
time 466
note_on 49
velocity 52
time 79
note_off 51
time 5
note_on 46
velocity 60
time 55
note_off 49
time 13
note_off 46
time 58
note_on 26
velocity 55
time 36
note_off 26
time 9
note_on 57
velocity 48
time 187
note_on 62
velocity 49
time 82
note_off 57
time 10
note_on 66
velocity 47
time 42
note_on 69
velocity 53
time 49
note_off 62
time 5
note_off 69
time 39
note_on 61
velocity 60
time 9
note_off 61
time 65
note_on 70
velocity 57
time 15
note_off 66
time 41
note_off 70
time 13
note_on 73
velocity 51
time 9
note_on 69
velocity 59
time 10
note_off 73
time 19
note_off 69
time 41
note_on 74
velocity 55
time 1
note_on 78
velocity 62
time 40
note_off 74
time 28
note_on 81
velocity 52
time 0
note_on 73
velocity 65
time 3
note_off 81
time 24
note_off 73
time 48
note_on 82
velocity 61
time 10
note_off 78
time 20
note_off 82
time 2
note_on 85
velocity 59
time 7
note_on 81
velocity 67
time 2
note_off 85
time 14
note_on 86
velocity 70
time 36
note_on 90
velocity 66
time 36
note_on 93
velocity 74
time 15
note_on 94
velocity 79
time 10
note_off 94
time 0
note_off 93
time 9
note_off 86
time 7
note_off 90
time 6
note_off 81
time 33
note_on 58
velocity 39
time 285
note_on 70
velocity 48
time 2
note_on 54
velocity 34
time 6
note_on 61
velocity 34
time 0
note_on 66
velocity 46
time 14
note_on 73
velocity 45
time 2
note_off 70
time 106
note_off 61
time 6
note_off 73
time 11
note_off 66
time 20
note_off 58
time 128
note_off 54
time 3
note_on 26
velocity 49
time 6
note_off 26
time 5
note_on 57
velocity 50
time 10
note_off 57
time 2
note_on 62
velocity 45
time 7
note_on 66
velocity 52
time 54
note_off 62
time 28
note_on 69
velocity 52
time 7
note_off 66
time 20
note_off 69
time 23
note_on 61
velocity 52
time 9
note_on 66
velocity 50
time 41
note_off 61
time 15
note_on 70
velocity 52
time 23
note_off 66
time 15
note_on 73
velocity 56
time 29
note_off 70
time 1
note_off 73
time 26
note_on 69
velocity 36
time 15
note_on 71
velocity 40
time 0
note_off 71
time 35
note_on 74
velocity 50
time 3
note_off 69
time 1
note_on 78
velocity 58
time 0
note_off 74
time 1
note_on 73
velocity 67
time 31
note_on 83
velocity 35
time 16
note_off 78
time 15
note_on 78
velocity 50
time 5
note_off 83
time 5
note_off 73
time 7
note_on 82
velocity 52
time 6
note_off 78
time 7
note_on 81
velocity 44
time 13
note_off 82
time 2
note_on 86
velocity 68
time 3
note_on 90
velocity 68
time 32
note_on 93
velocity 73
time 41
note_on 94
velocity 65
time 39
note_off 94
time 1
note_on 97
velocity 50
time 5
note_off 97
time 1
note_on 96
velocity 35
time 18
note_off 96
time 0
note_off 93
time 134
note_off 86
time 11
note_off 90
time 10
note_off 81
time 28
note_on 58
velocity 33
time 31
note_on 54
velocity 36
time 5
note_on 61
velocity 28
time 28
note_on 70
velocity 44
time 14
note_on 66
velocity 43
time 5
note_on 73
velocity 46
time 14
note_off 61
time 106
note_off 70
time 40
note_off 73
time 3
note_off 66
time 23
note_off 58
time 55
note_off 54
time 15
note_on 38
velocity 44
time 14
note_on 57
velocity 49
time 0
note_off 38
time 16
note_off 57
time 1
note_on 62
velocity 49
time 13
note_on 66
velocity 52
time 16
note_off 62
time 14
note_on 69
velocity 48
time 0
note_off 66
time 15
note_off 69
time 5
note_on 61
velocity 48
time 15
note_on 66
velocity 30
time 10
note_off 61
time 0
note_on 70
velocity 50
time 19
note_off 66
time 7
note_off 70
time 15
note_on 73
velocity 44
time 7
note_on 69
velocity 45
time 11
note_off 73
time 3
note_off 69
time 75
note_on 74
velocity 42
time 1
note_on 78
velocity 50
time 31
note_on 81
velocity 51
time 2
note_off 74
time 16
note_off 78
time 31
note_off 81
time 9
note_on 85
velocity 64
time 74
note_on 82
velocity 54
time 41
note_off 85
time 10
note_on 78
velocity 61
time 20
note_off 82
time 53
note_on 73
velocity 50
time 9
note_off 78
time 33
note_on 69
velocity 53
time 10
note_off 73
time 1
note_on 74
velocity 48
time 35
note_off 69
time 54
note_on 78
velocity 34
time 1
note_off 74
time 10
note_on 81
velocity 48
time 6
note_off 78
time 28
note_off 81
time 7
note_on 73
velocity 63
time 32
note_off 73
time 59
note_on 70
velocity 46
time 32
note_on 66
velocity 57
time 36
note_off 70
time 23
note_on 61
velocity 54
time 65
note_off 66
time 7
note_off 61
time 14
note_on 57
velocity 58
time 58
note_on 62
velocity 60
time 67
note_off 57
time 28
note_on 66
velocity 55
time 65
note_on 69
velocity 55
time 14
note_on 61
velocity 51
time 11
note_off 62
time 7
note_off 69
time 7
note_off 61
time 22
note_on 70
velocity 55
time 20
note_off 66
time 27
note_off 70
time 26
note_on 73
velocity 45
time 16
note_on 69
velocity 66
time 11
note_off 73
time 2
note_on 74
velocity 59
time 24
note_off 69
time 32
note_on 78
velocity 55
time 23
note_on 81
velocity 58
time 5
note_off 74
time 42
note_off 78
time 7
note_on 85
velocity 68
time 67
note_off 81
time 27
note_on 82
velocity 57
time 14
note_off 85
time 42
note_on 78
velocity 69
time 1
note_off 82
time 61
note_on 73
velocity 57
time 14
note_off 78
time 14
note_on 69
velocity 58
time 18
note_off 73
time 7
note_on 74
velocity 55
time 24
note_on 78
velocity 42
time 57
note_off 69
time 3
note_on 81
velocity 56
time 13
note_off 74
time 40
note_off 78
time 39
note_on 73
velocity 57
time 6
note_off 81
time 46
note_off 73
time 54
note_on 70
velocity 58
time 6
note_on 66
velocity 57
time 53
note_off 70
time 70
note_on 61
velocity 51
time 22
note_off 66
time 16
note_off 61
time 20
note_on 38
velocity 49
time 2
note_off 38
time 7
note_on 57
velocity 42
time 27
note_off 57
time 39
note_on 62
velocity 47
time 9
note_on 66
velocity 56
time 58
note_on 61
velocity 51
time 9
note_on 69
velocity 53
time 16
note_off 62
time 11
note_off 69
time 36
note_off 61
time 10
note_on 70
velocity 59
time 9
note_off 66
time 36
note_off 70
time 31
note_on 73
velocity 53
time 10
note_off 73
time 29
note_on 71
velocity 50
time 29
note_off 71
time 10
note_on 72
velocity 34
time 16
note_off 72
time 14
note_on 81
velocity 39
time 27
note_off 81
time 152
note_on 81
velocity 8
time 0
note_on 86
velocity 77
time 35
note_on 90
velocity 67
time 1
note_on 93
velocity 74
time 22
note_on 97
velocity 90
time 3
note_on 94
velocity 77
time 11
note_off 97
time 52
note_off 94
time 42
note_off 86
time 65
note_off 93
time 6
note_off 81
time 6
note_off 90
time 1
note_on 50
velocity 36
time 410
note_on 57
velocity 46
time 1
note_off 50
time 2
note_off 57
time 15
note_on 62
velocity 46
time 55
note_on 66
velocity 49
time 149
note_on 69
velocity 52
time 147
note_on 78
velocity 66
time 382
note_on 74
velocity 55
time 9
note_off 78
time 4610
note_off 66
time 18
note_off 62
time 67
note_off 74
time 622
note_off 69
time 223
