note_on 60
velocity 57
time 908
note_off 60
time 115
note_on 65
velocity 58
time 45
note_off 65
time 40
note_on 65
velocity 64
time 102
note_off 65
time 48
note_on 64
velocity 56
time 96
note_off 64
time 31
note_on 62
velocity 71
time 114
note_off 62
time 41
note_on 62
velocity 56
time 113
note_off 62
time 32
note_on 60
velocity 62
time 92
note_off 60
time 35
note_on 58
velocity 68
time 123
note_off 58
time 39
note_on 57
velocity 62
time 101
note_off 57
time 45
note_on 58
velocity 70
time 95
note_off 58
time 50
note_on 60
velocity 71
time 92
note_off 60
time 49
note_on 62
velocity 70
time 98
note_off 62
time 41
note_on 72
velocity 71
time 79
note_on 64
velocity 71
time 14
note_off 64
time 40
note_on 65
velocity 68
time 89
note_on 77
velocity 68
time 0
note_off 72
time 3
note_off 65
time 22
note_off 77
time 33
note_on 77
velocity 19
time 130
note_off 77
time 28
note_on 58
velocity 55
time 197
note_off 58
time 42
note_on 72
velocity 31
time 126
note_off 72
time 37
note_on 62
velocity 72
time 169
note_off 62
time 33
note_on 70
velocity 60
time 5
note_off 70
time 33
note_on 69
velocity 62
time 95
note_off 69
time 40
note_on 70
velocity 68
time 76
note_off 70
time 53
note_on 60
velocity 52
time 89
note_on 72
velocity 61
time 31
note_off 60
time 7
note_off 72
time 11
note_on 60
velocity 76
time 39
note_off 60
time 31
note_on 70
velocity 74
time 26
note_off 70
time 37
note_on 70
velocity 31
time 131
note_off 70
time 1
note_on 69
velocity 71
time 109
note_on 72
velocity 77
time 3
note_off 69
time 27
note_off 72
time 39
note_on 67
velocity 71
time 63
note_on 82
velocity 75
time 7
note_off 67
time 32
note_off 82
time 29
note_on 82
velocity 67
time 82
note_on 67
velocity 66
time 2
note_off 82
time 36
note_off 67
time 1
note_on 65
velocity 73
time 79
note_on 81
velocity 70
time 14
note_off 65
time 19
note_off 81
time 14
note_on 79
velocity 77
time 102
note_on 70
velocity 79
time 2
note_off 79
time 32
note_off 70
time 14
note_on 70
velocity 67
time 93
note_on 79
velocity 57
time 6
note_off 79
time 29
note_off 70
time 13
note_on 77
velocity 75
time 72
note_on 69
velocity 69
time 6
note_off 77
time 46
note_off 69
time 22
note_on 67
velocity 71
time 57
note_on 76
velocity 75
time 2
note_off 67
time 35
note_off 76
time 16
note_on 67
velocity 78
time 83
note_on 76
velocity 62
time 3
note_off 67
time 39
note_off 76
time 7
note_on 65
velocity 74
time 92
note_on 74
velocity 70
time 3
note_off 65
time 35
note_off 74
time 0
note_on 64
velocity 72
time 100
note_on 72
velocity 68
time 1
note_off 72
time 36
note_off 64
time 15
note_on 60
velocity 74
time 85
note_on 72
velocity 64
time 6
note_off 60
time 27
note_off 72
time 13
note_on 64
velocity 81
time 80
note_on 70
velocity 78
time 9
note_on 67
velocity 54
time 26
note_off 64
time 11
note_off 67
time 15
note_off 70
time 6
note_on 65
velocity 88
time 78
note_on 69
velocity 81
time 1
note_off 69
time 49
note_off 65
time 5
note_on 70
velocity 79
time 83
note_on 67
velocity 72
time 9
note_off 67
time 35
note_off 70
time 19
note_on 57
velocity 82
time 63
note_on 69
velocity 61
time 23
note_on 72
velocity 56
time 0
note_off 69
time 27
note_off 57
time 3
note_off 72
time 24
note_on 67
velocity 55
time 71
note_on 58
velocity 95
time 6
note_on 69
velocity 51
time 37
note_off 67
time 11
note_off 58
time 10
note_off 69
time 7
note_on 65
velocity 77
time 76
note_on 69
velocity 75
time 10
note_off 65
time 26
note_off 69
time 7
note_on 67
velocity 84
time 89
note_on 60
velocity 79
time 7
note_on 64
velocity 69
time 6
note_off 60
time 26
note_off 67
time 11
note_off 64
time 1
note_on 53
velocity 87
time 115
note_on 65
velocity 88
time 6
note_off 53
time 18
note_off 65
time 39
note_on 48
velocity 82
time 50
note_off 48
time 11
note_on 53
velocity 79
time 63
note_off 53
time 53
note_on 53
velocity 70
time 98
note_off 53
time 45
note_on 52
velocity 82
time 82
note_on 60
velocity 77
time 18
note_off 52
time 14
note_off 60
time 29
note_on 57
velocity 76
time 85
note_on 65
velocity 78
time 2
note_off 65
time 41
note_on 65
velocity 73
time 105
note_off 65
time 39
note_on 64
velocity 73
time 83
note_on 55
velocity 69
time 1
note_off 57
time 24
note_off 64
time 11
note_off 55
time 89
note_on 53
velocity 75
time 5
note_on 69
velocity 72
time 5
note_off 69
time 39
note_on 69
velocity 75
time 91
note_off 69
time 42
note_on 72
velocity 77
time 93
note_off 53
time 3
note_on 48
velocity 67
time 9
note_on 67
velocity 62
time 5
note_off 72
time 16
note_off 48
time 14
note_off 67
time 0
note_on 57
velocity 79
time 102
note_on 65
velocity 73
time 2
note_on 77
velocity 81
time 0
note_off 65
time 31
note_off 77
time 11
note_on 77
velocity 69
time 101
note_off 77
time 44
note_on 76
velocity 74
time 84
note_on 55
velocity 74
time 1
note_off 57
time 20
note_off 55
time 7
note_off 76
time 1
note_on 53
velocity 81
time 109
note_on 81
velocity 83
time 2
note_off 81
time 37
note_off 53
time 22
note_on 79
velocity 31
time 118
note_on 81
velocity 25
time 11
note_off 79
time 23
note_off 81
time 23
note_on 48
velocity 77
time 31
note_on 79
velocity 59
time 24
note_off 48
time 13
note_off 79
time 10
note_on 77
velocity 72
time 98
note_on 53
velocity 80
time 2
note_on 41
velocity 76
time 5
note_off 53
time 36
note_off 41
time 3
note_off 77
time 1
note_on 81
velocity 67
time 101
note_on 77
velocity 47
time 19
note_off 81
time 23
note_off 77
time 5
note_on 76
velocity 66
time 67
note_on 79
velocity 56
time 22
note_off 76
time 14
note_off 79
time 15
note_on 55
velocity 66
time 79
note_on 43
velocity 68
time 2
note_on 77
velocity 71
time 2
note_on 74
velocity 64
time 7
note_off 55
time 20
note_off 77
time 7
note_off 74
time 3
note_off 43
time 3
note_on 76
velocity 68
time 96
note_on 72
velocity 71
time 1
note_off 72
time 32
note_off 76
time 28
note_on 74
velocity 63
time 70
note_on 71
velocity 56
time 7
note_off 71
time 24
note_off 74
time 9
note_on 72
velocity 63
time 141
note_on 48
velocity 40
time 1
note_on 76
velocity 58
time 0
note_on 36
velocity 46
time 11
note_off 36
time 10
note_off 48
time 3
note_off 72
time 1
note_off 76
time 0
note_on 43
velocity 77
time 42
note_off 43
time 7
note_on 48
velocity 73
time 61
note_off 48
time 42
note_on 48
velocity 77
time 105
note_off 48
time 40
note_on 47
velocity 79
time 91
note_on 55
velocity 75
time 19
note_off 47
time 18
note_off 55
time 33
note_on 52
velocity 72
time 80
note_on 60
velocity 75
time 3
note_off 60
time 36
note_on 60
velocity 73
time 104
note_off 60
time 37
note_on 59
velocity 68
time 95
note_on 50
velocity 65
time 20
note_off 52
time 16
note_off 59
time 13
note_on 64
velocity 71
time 89
note_on 48
velocity 70
time 7
note_off 50
time 1
note_off 64
time 37
note_on 64
velocity 69
time 82
note_off 64
time 48
note_off 48
time 69
note_on 43
velocity 63
time 6
note_on 67
velocity 76
time 2
note_on 62
velocity 61
time 18
note_off 67
time 15
note_off 43
time 2
note_off 62
time 7
note_on 52
velocity 77
time 104
note_on 60
velocity 77
time 0
note_on 72
velocity 79
time 5
note_off 60
time 23
note_off 72
time 18
note_on 72
velocity 71
time 92
note_off 72
time 46
note_on 71
velocity 77
time 78
note_on 50
velocity 69
time 9
note_off 71
time 23
note_off 52
time 3
note_off 50
time 102
note_on 48
velocity 76
time 1
note_on 76
velocity 79
time 9
note_off 76
time 39
note_on 76
velocity 75
time 102
note_off 76
time 49
note_off 48
time 36
note_on 43
velocity 61
time 5
note_on 79
velocity 82
time 41
note_off 79
time 28
note_off 43
time 2
note_on 74
velocity 41
time 3
note_off 74
time 32
note_on 52
velocity 82
time 55
note_on 84
velocity 84
time 16
note_on 72
velocity 78
time 2
note_off 72
time 27
note_off 84
time 23
note_on 84
velocity 71
time 80
note_off 84
time 52
note_off 52
time 78
note_on 83
velocity 82
time 7
note_on 48
velocity 66
time 1
note_off 83
time 35
note_on 53
velocity 68
time 97
note_on 81
velocity 81
time 2
note_off 48
time 11
note_off 81
time 23
note_on 81
velocity 73
time 104
note_off 81
time 32
note_on 79
velocity 71
time 105
note_off 53
time 7
note_on 55
velocity 59
time 0
note_off 79
time 32
note_on 77
velocity 71
time 93
note_off 55
time 18
note_off 77
time 20
note_on 57
velocity 56
time 6
note_on 76
velocity 67
time 88
note_off 76
time 42
note_on 74
velocity 60
time 80
note_on 59
velocity 56
time 29
note_off 57
time 1
note_off 74
time 2
note_off 59
time 89
note_on 72
velocity 70
time 6
note_on 74
velocity 65
time 28
note_off 72
time 14
note_on 57
velocity 67
time 3
note_on 60
velocity 63
time 10
note_off 57
time 29
note_off 60
time 11
note_off 74
time 0
note_on 72
velocity 50
time 11
note_on 71
velocity 58
time 44
note_off 72
time 19
note_off 71
time 27
note_on 78
velocity 67
time 88
note_on 45
velocity 32
time 50
note_off 78
time 1
note_off 45
time 48
note_on 79
velocity 67
time 140
note_on 43
velocity 57
time 11
note_off 43
time 1
note_off 79
time 3
note_on 55
velocity 79
time 2
note_on 67
velocity 79
time 0
note_on 79
velocity 88
time 3
note_off 67
time 3
note_on 71
velocity 66
time 80
note_on 65
velocity 71
time 5
note_off 71
time 32
note_off 65
time 1
note_on 71
velocity 61
time 115
note_off 71
time 37
note_on 64
velocity 62
time 96
note_on 72
velocity 63
time 7
note_off 72
time 39
note_off 64
time 1
note_on 62
velocity 62
time 105
note_on 74
velocity 61
time 5
note_off 62
time 20
note_off 74
time 14
note_on 74
velocity 50
time 108
note_off 74
time 26
note_on 76
velocity 63
time 97
note_on 60
velocity 54
time 1
note_off 76
time 26
note_off 60
time 19
note_off 79
time 11
note_on 59
velocity 55
time 70
note_on 77
velocity 68
time 3
note_off 59
time 24
note_off 77
time 14
note_on 77
velocity 60
time 117
note_off 77
time 45
note_off 55
time 18
note_on 76
velocity 70
time 42
note_on 60
velocity 48
time 9
note_off 76
time 24
note_off 60
time 11
note_on 67
velocity 97
time 11
note_on 71
velocity 86
time 1
note_on 79
velocity 89
time 0
note_on 43
velocity 95
time 2
note_on 74
velocity 79
time 0
note_on 38
velocity 61
time 3
note_on 31
velocity 80
time 3
note_on 35
velocity 68
time 11
note_on 76
velocity 62
time 18
note_off 31
time 3
note_off 67
time 0
note_off 71
time 5
note_off 38
time 3
note_off 76
time 0
note_off 74
time 2
note_off 35
time 1
note_off 43
time 7
note_off 79
time 5
note_on 79
velocity 79
time 54
note_on 55
velocity 69
time 1
note_on 67
velocity 59
time 15
note_off 67
time 0
note_on 71
velocity 66
time 19
note_on 65
velocity 74
time 7
note_off 71
time 29
note_off 65
time 2
note_on 71
velocity 63
time 115
note_off 71
time 40
note_on 72
velocity 69
time 100
note_on 64
velocity 60
time 10
note_off 72
time 23
note_off 64
time 22
note_on 62
velocity 71
time 84
note_on 74
velocity 60
time 5
note_off 62
time 31
note_off 74
time 3
note_on 74
velocity 68
time 98
note_off 74
time 31
note_on 76
velocity 70
time 105
note_on 60
velocity 60
time 3
note_off 76
time 33
note_off 60
time 9
note_off 79
time 27
note_on 77
velocity 72
time 65
note_on 59
velocity 63
time 3
note_off 59
time 33
note_off 77
time 20
note_on 77
velocity 56
time 92
note_off 55
time 91
note_off 77
time 3
note_on 76
velocity 71
time 13
note_on 60
velocity 44
time 16
note_off 76
time 14
note_off 60
time 22
note_on 74
velocity 59
time 0
note_on 67
velocity 95
time 3
note_on 79
velocity 87
time 0
note_on 71
velocity 85
time 2
note_on 43
velocity 83
time 9
note_on 31
velocity 71
time 0
note_on 38
velocity 61
time 1
note_on 35
velocity 55
time 13
note_off 67
time 5
note_off 71
time 5
note_off 31
time 5
note_off 38
time 3
note_off 74
time 7
note_off 35
time 5
note_off 43
time 5
note_off 79
time 0
note_on 64
velocity 73
time 78
note_on 84
velocity 88
time 0
note_off 64
time 15
note_off 84
time 1
note_on 65
velocity 86
time 18
note_on 84
velocity 85
time 9
note_off 65
time 31
note_off 84
time 22
note_on 74
velocity 71
time 80
note_off 74
time 39
note_on 69
velocity 79
time 71
note_on 81
velocity 82
time 19
note_off 69
time 26
note_off 81
time 28
note_on 67
velocity 87
time 61
note_on 81
velocity 78
time 18
note_off 67
time 24
note_off 81
time 24
note_on 71
velocity 71
time 79
note_off 71
time 35
note_on 76
velocity 70
time 87
note_on 64
velocity 55
time 2
note_on 72
velocity 67
time 3
note_off 72
time 35
note_off 64
time 5
note_off 76
time 26
note_on 74
velocity 71
time 78
note_on 77
velocity 62
time 7
note_on 65
velocity 61
time 10
note_off 74
time 28
note_off 65
time 5
note_off 77
time 0
note_on 76
velocity 63
time 87
note_on 72
velocity 57
time 5
note_off 72
time 23
note_off 76
time 16
note_on 74
velocity 66
time 71
note_on 67
velocity 56
time 1
note_on 71
velocity 55
time 13
note_off 71
time 27
note_off 74
time 0
note_off 67
time 11
note_on 72
velocity 53
time 160
note_on 76
velocity 58
time 5
note_on 60
velocity 44
time 6
note_off 72
time 15
note_off 60
time 6
note_off 76
time 11
note_on 55
velocity 80
time 3
note_on 79
velocity 85
time 5
note_on 67
velocity 78
time 2
note_off 67
time 3
note_on 71
velocity 66
time 83
note_on 65
velocity 70
time 14
note_off 71
time 33
note_off 65
time 1
note_on 71
velocity 60
time 98
note_off 71
time 42
note_on 72
velocity 68
time 100
note_on 64
velocity 60
time 18
note_off 72
time 20
note_off 64
time 19
note_on 74
velocity 64
time 92
note_on 62
velocity 65
time 19
note_off 74
time 15
note_off 62
time 24
note_on 74
velocity 56
time 87
note_off 74
time 27
note_on 76
velocity 63
time 102
note_on 60
velocity 64
time 5
note_off 76
time 28
note_off 60
time 6
note_off 79
time 57
note_on 77
velocity 70
time 41
note_on 59
velocity 50
time 18
note_off 77
time 16
note_off 59
time 16
note_on 77
velocity 66
time 108
note_off 77
time 49
note_off 55
time 11
note_on 76
velocity 75
time 42
note_on 60
velocity 61
time 6
note_off 76
time 19
note_off 60
time 5
note_on 43
velocity 90
time 0
note_on 67
velocity 96
time 2
note_on 79
velocity 94
time 1
note_on 38
velocity 67
time 1
note_on 71
velocity 90
time 0
note_on 74
velocity 82
time 0
note_on 35
velocity 66
time 3
note_on 31
velocity 80
time 2
note_off 31
time 10
note_off 67
time 1
note_off 38
time 2
note_off 71
time 0
note_off 35
time 2
note_off 74
time 3
note_off 43
time 13
note_off 79
time 2
note_on 55
velocity 76
time 15
note_on 67
velocity 72
time 1
note_on 79
velocity 83
time 5
note_off 67
time 7
note_on 71
velocity 71
time 65
note_on 65
velocity 71
time 3
note_off 65
time 33
note_off 71
time 5
note_on 71
velocity 63
time 122
note_off 71
time 37
note_on 64
velocity 56
time 102
note_on 72
velocity 72
time 0
note_off 72
time 31
note_off 64
time 15
note_on 74
velocity 63
time 98
note_on 62
velocity 61
time 5
note_off 62
time 27
note_off 74
time 0
note_on 74
velocity 63
time 109
note_off 74
time 36
note_on 60
velocity 64
time 84
note_on 76
velocity 68
time 11
note_off 60
time 24
note_off 76
time 7
note_off 79
time 32
note_on 77
velocity 74
time 72
note_on 59
velocity 63
time 2
note_off 59
time 23
note_off 77
time 19
note_on 77
velocity 70
time 96
note_off 55
time 69
note_off 77
time 7
note_on 76
velocity 75
time 48
note_on 60
velocity 66
time 6
note_off 60
time 22
note_off 76
time 0
note_on 74
velocity 49
time 16
note_on 43
velocity 90
time 1
note_on 67
velocity 93
time 1
note_on 79
velocity 89
time 1
note_on 38
velocity 68
time 2
note_on 71
velocity 87
time 0
note_on 35
velocity 57
time 3
note_on 31
velocity 73
time 2
note_off 67
time 2
note_off 31
time 1
note_off 71
time 1
note_off 35
time 9
note_off 38
time 0
note_off 74
time 6
note_off 43
time 5
note_off 79
time 2
note_on 64
velocity 78
time 95
note_on 84
velocity 85
time 3
note_off 64
time 16
note_off 84
time 2
note_on 65
velocity 86
time 26
note_on 84
velocity 84
time 11
note_off 65
time 18
note_off 84
time 46
note_on 74
velocity 71
time 72
note_off 74
time 35
note_on 69
velocity 77
time 93
note_on 81
velocity 86
time 10
note_off 69
time 33
note_off 81
time 24
note_on 67
velocity 87
time 76
note_on 81
velocity 80
time 2
note_off 67
time 41
note_off 81
time 18
note_on 71
velocity 70
time 83
note_off 71
time 33
note_on 64
velocity 59
time 79
note_on 72
velocity 64
time 9
note_on 76
velocity 63
time 0
note_off 72
time 36
note_off 64
time 1
note_off 76
time 7
note_on 77
velocity 70
time 87
note_on 65
velocity 70
time 1
note_on 74
velocity 68
time 0
note_off 65
time 36
note_off 74
time 0
note_off 77
time 14
note_on 76
velocity 69
time 75
note_on 72
velocity 61
time 11
note_off 72
time 24
note_off 76
time 15
note_on 67
velocity 58
time 82
note_on 74
velocity 70
time 7
note_on 71
velocity 60
time 14
note_off 67
time 19
note_off 71
time 22
note_off 74
time 10
note_on 72
velocity 73
time 9
note_on 60
velocity 61
time 22
note_off 72
time 14
note_off 60
time 2
note_on 72
velocity 79
time 44
note_on 52
velocity 75
time 2
note_off 52
time 0
note_off 72
time 1
note_on 53
velocity 88
time 41
note_on 72
velocity 78
time 2
note_off 53
time 44
note_off 72
time 27
note_on 62
velocity 78
time 71
note_off 62
time 49
note_on 57
velocity 80
time 71
note_on 69
velocity 66
time 18
note_on 67
velocity 69
time 9
note_off 57
time 23
note_off 67
time 14
note_off 69
time 5
note_on 55
velocity 97
time 75
note_on 69
velocity 69
time 23
note_off 55
time 22
note_off 69
time 14
note_on 59
velocity 72
time 82
note_off 59
time 53
note_on 52
velocity 80
time 66
note_on 60
velocity 78
time 14
note_on 64
velocity 69
time 7
note_off 52
time 26
note_off 60
time 10
note_off 64
time 16
note_on 62
velocity 80
time 80
note_on 65
velocity 77
time 0
note_on 53
velocity 89
time 1
note_off 53
time 37
note_off 65
time 9
note_off 62
time 3
note_on 60
velocity 79
time 78
note_on 64
velocity 77
time 0
note_off 60
time 40
note_off 64
time 29
note_on 62
velocity 86
time 74
note_on 55
velocity 78
time 1
note_on 59
velocity 80
time 6
note_off 55
time 27
note_off 59
time 0
note_off 62
time 1
note_on 48
velocity 85
time 225
note_on 60
velocity 93
time 3
note_on 36
velocity 80
time 2
note_off 36
time 48
note_off 60
time 2
note_off 48
time 1
note_on 69
velocity 69
time 269
note_on 73
velocity 68
time 18
note_on 76
velocity 59
time 20
note_on 79
velocity 83
time 44
note_on 45
velocity 90
time 6
note_off 69
time 0
note_on 33
velocity 78
time 7
note_on 40
velocity 75
time 3
note_off 73
time 0
note_off 76
time 1
note_off 33
time 2
note_off 45
time 1
note_off 40
time 1
note_off 79
time 9
note_on 69
velocity 78
time 10
note_off 69
time 29
note_on 77
velocity 78
time 62
note_on 74
velocity 58
time 26
note_off 74
time 27
note_off 77
time 18
note_on 69
velocity 77
time 84
note_on 76
velocity 68
time 11
note_off 69
time 15
note_on 73
velocity 39
time 2
note_off 76
time 16
note_off 73
time 20
note_on 69
velocity 77
time 72
note_off 69
time 35
note_on 74
velocity 77
time 69
note_on 71
velocity 57
time 7
note_off 71
time 26
note_off 74
time 15
note_on 69
velocity 83
time 13
note_on 73
velocity 78
time 3
note_on 67
velocity 68
time 2
note_off 67
time 42
note_off 73
time 11
note_on 57
velocity 66
time 49
note_off 57
time 42
note_on 65
velocity 74
time 108
note_off 65
time 32
note_on 71
velocity 58
time 1
note_on 74
velocity 58
time 2
note_off 71
time 24
note_off 74
time 14
note_on 64
velocity 72
time 79
note_on 76
velocity 75
time 14
note_on 73
velocity 60
time 31
note_off 64
time 3
note_off 73
time 20
note_off 76
time 7
note_on 57
velocity 66
time 83
note_off 57
time 40
note_on 62
velocity 72
time 95
note_on 77
velocity 74
time 7
note_on 74
velocity 70
time 5
note_off 62
time 24
note_off 69
time 13
note_off 74
time 0
note_off 77
time 9
note_on 61
velocity 79
time 97
note_on 76
velocity 73
time 7
note_on 79
velocity 78
time 3
note_on 69
velocity 70
time 6
note_off 61
time 54
note_off 76
time 79
note_on 57
velocity 72
time 5
note_off 57
time 45
note_off 79
time 93
note_on 77
velocity 71
time 1
note_on 62
velocity 75
time 2
note_on 74
velocity 62
time 6
note_off 69
time 16
note_off 62
time 20
note_off 74
time 1
note_off 77
time 26
note_on 79
velocity 73
time 69
note_on 55
velocity 74
time 10
note_on 77
velocity 74
time 0
note_on 70
velocity 76
time 3
note_off 55
time 48
note_off 79
time 42
note_on 76
velocity 71
time 50
note_on 57
velocity 73
time 2
note_off 70
time 11
note_on 70
velocity 21
time 0
note_off 57
time 28
note_off 77
time 23
note_off 70
time 45
note_on 74
velocity 70
time 28
note_on 58
velocity 75
time 5
note_on 70
velocity 30
time 5
note_off 76
time 20
note_off 58
time 7
note_off 70
time 15
note_off 74
time 2
note_on 57
velocity 75
time 98
note_on 69
velocity 78
time 3
note_on 76
velocity 72
time 2
note_on 73
velocity 63
time 7
note_off 57
time 27
note_off 69
time 20
note_on 69
velocity 43
time 59
note_on 55
velocity 73
time 18
note_off 76
time 18
note_off 55
time 37
note_off 73
time 3
note_off 69
time 39
note_on 53
velocity 72
time 46
note_on 77
velocity 72
time 14
note_on 74
velocity 31
time 35
note_off 53
time 7
note_off 74
time 28
note_off 77
time 9
note_on 79
velocity 68
time 46
note_on 55
velocity 74
time 15
note_on 70
velocity 70
time 10
note_on 77
velocity 61
time 0
note_off 55
time 32
note_off 70
time 50
note_off 79
time 1
note_on 57
velocity 60
time 70
note_on 76
velocity 59
time 2
note_off 57
time 41
note_off 77
time 7
note_on 74
velocity 72
time 85
note_on 58
velocity 63
time 10
note_off 76
time 27
note_off 58
time 14
note_off 74
time 7
note_on 57
velocity 65
time 102
note_on 69
velocity 62
time 26
note_on 76
velocity 62
time 1
note_on 73
velocity 59
time 1
note_off 57
time 18
note_on 55
velocity 61
time 95
note_off 69
time 6
note_off 55
time 49
note_off 73
time 0
note_off 76
time 10
note_on 53
velocity 65
time 85
note_on 77
velocity 59
time 13
note_on 74
velocity 48
time 7
note_off 53
time 19
note_off 74
time 9
note_off 77
time 15
note_on 79
velocity 68
time 82
note_on 55
velocity 64
time 9
note_on 77
velocity 65
time 23
note_on 70
velocity 53
time 1
note_off 55
time 14
note_off 70
time 14
note_off 79
time 27
note_on 76
velocity 55
time 93
note_on 57
velocity 59
time 13
note_off 77
time 14
note_off 57
time 36
note_off 76
time 52
note_on 74
velocity 70
time 22
note_on 58
velocity 62
time 9
note_off 74
time 40
note_off 58
time 7
note_on 74
velocity 63
time 139
note_on 57
velocity 59
time 6
note_off 74
time 16
note_on 76
velocity 58
time 10
note_off 76
time 37
note_on 77
velocity 66
time 15
note_off 77
time 50
note_on 76
velocity 67
time 44
note_off 76
time 36
note_on 77
velocity 61
time 19
note_off 77
time 59
note_on 76
velocity 70
time 28
note_off 76
time 39
note_on 77
velocity 56
time 16
note_off 77
time 39
note_on 76
velocity 61
time 40
note_on 45
velocity 44
time 45
note_on 77
velocity 64
time 29
note_off 76
time 7
note_on 76
velocity 38
time 22
note_off 77
time 9
note_off 76
time 28
note_off 57
time 14
note_off 45
time 39
note_on 70
velocity 67
time 179
note_on 74
velocity 62
time 13
note_on 77
velocity 58
time 44
note_off 70
time 31
note_on 80
velocity 83
time 0
note_on 34
velocity 90
time 13
note_off 74
time 9
note_off 77
time 3
note_off 34
time 6
note_off 80
time 6
note_on 70
velocity 81
time 10
note_off 70
time 1
note_on 75
velocity 66
time 123
note_on 79
velocity 71
time 7
note_off 75
time 37
note_off 79
time 7
note_on 70
velocity 76
time 15
note_on 77
velocity 70
time 0
note_on 74
velocity 54
time 18
note_off 70
time 18
note_off 74
time 7
note_off 77
time 37
note_on 70
velocity 80
time 69
note_on 72
velocity 62
time 23
note_off 70
time 2
note_on 75
velocity 64
time 13
note_off 72
time 10
note_off 75
time 29
note_on 74
velocity 80
time 16
note_on 70
velocity 74
time 13
note_on 68
velocity 72
time 1
note_off 68
time 53
note_off 74
time 20
note_on 58
velocity 68
time 50
note_off 58
time 33
note_on 67
velocity 70
time 125
note_on 75
velocity 61
time 9
note_on 72
velocity 61
time 2
note_off 67
time 18
note_off 72
time 7
note_off 75
time 13
note_on 65
velocity 76
time 84
note_on 77
velocity 74
time 9
note_on 74
velocity 63
time 18
note_off 65
time 20
note_off 74
time 22
note_off 77
time 22
note_on 58
velocity 67
time 48
note_off 58
time 40
note_on 63
velocity 71
time 82
note_on 79
velocity 63
time 9
note_on 75
velocity 67
time 6
note_off 70
time 28
note_off 63
time 2
note_off 79
time 1
note_off 75
time 11
note_on 77
velocity 72
time 101
note_on 62
velocity 70
time 1
note_on 80
velocity 74
time 2
note_on 70
velocity 71
time 6
note_off 62
time 57
note_on 58
velocity 66
time 98
note_off 70
time 2
note_on 70
velocity 7
time 0
note_off 77
time 71
note_off 70
time 24
note_off 58
time 1
note_off 80
time 14
note_on 63
velocity 69
time 22
note_on 79
velocity 70
time 3
note_on 75
velocity 61
time 5
note_off 63
time 36
note_off 75
time 5
note_off 79
time 27
note_on 80
velocity 74
time 57
note_on 56
velocity 65
time 13
note_on 79
velocity 68
time 1
note_on 72
velocity 74
time 2
note_off 56
time 44
note_off 80
time 32
note_off 72
time 52
note_on 72
velocity 22
time 0
note_on 77
velocity 66
time 19
note_on 58
velocity 61
time 3
note_off 79
time 24
note_off 58
time 24
note_on 75
velocity 67
time 84
note_off 77
time 1
note_on 60
velocity 59
time 16
note_off 75
time 19
note_off 60
time 24
note_off 72
time 2
note_on 72
velocity 26
time 53
note_on 74
velocity 60
time 33
note_on 77
velocity 60
time 9
note_on 58
velocity 58
time 3
note_off 72
time 22
note_off 58
time 27
note_off 74
time 32
note_on 56
velocity 63
time 57
note_off 56
time 54
note_off 77
time 39
note_on 79
velocity 63
time 52
note_on 75
velocity 65
time 5
note_on 55
velocity 61
time 6
note_off 75
time 42
note_off 55
time 9
note_off 79
time 15
note_on 80
velocity 62
time 63
note_on 79
velocity 63
time 19
note_on 56
velocity 68
time 1
note_on 72
velocity 64
time 0
note_off 56
time 54
note_off 80
time 14
note_on 58
velocity 55
time 93
note_on 77
velocity 56
time 1
note_off 58
time 40
note_off 79
time 1
note_on 75
velocity 63
time 76
note_on 60
velocity 54
time 29
note_off 77
time 0
note_off 75
time 14
note_off 60
time 35
note_on 58
velocity 65
time 87
note_on 74
velocity 57
time 9
note_on 77
velocity 60
time 0
note_off 72
time 29
note_off 58
time 9
note_off 74
time 58
note_on 56
velocity 59
time 52
note_off 56
time 55
note_off 77
time 15
note_on 55
velocity 51
time 92
note_on 79
velocity 59
time 10
note_on 75
velocity 47
time 18
note_off 55
time 39
note_off 75
time 1
note_off 79
time 27
note_on 80
velocity 68
time 67
note_on 56
velocity 60
time 15
note_on 72
velocity 59
time 7
note_on 79
velocity 48
time 6
note_off 80
time 36
note_off 56
time 2
note_on 77
velocity 58
time 130
note_on 58
velocity 55
time 5
note_off 79
time 9
note_off 72
time 1
note_off 58
time 37
note_off 77
time 26
note_on 75
velocity 56
time 108
note_on 60
velocity 47
time 10
note_off 60
time 32
note_off 75
time 6
note_on 77
velocity 45
time 253
note_on 74
velocity 39
time 14
note_on 58
velocity 37
time 10
note_off 58
time 0
note_off 74
time 39
note_off 77
time 14
note_on 46
velocity 60
time 1
note_off 46
time 15
note_on 51
velocity 68
time 125
note_off 51
time 41
note_on 51
velocity 63
time 95
note_off 51
time 55
note_on 50
velocity 75
time 80
note_on 58
velocity 67
time 28
note_off 50
time 13
note_off 58
time 23
note_on 55
velocity 66
time 93
note_on 63
velocity 63
time 2
note_off 63
time 59
note_on 63
velocity 61
time 93
note_off 63
time 49
note_on 53
velocity 56
time 85
note_off 55
time 2
note_on 62
velocity 64
time 0
note_off 62
time 42
note_off 53
time 50
note_on 51
velocity 60
time 27
note_on 67
velocity 68
time 18
note_off 67
time 39
note_on 67
velocity 60
time 106
note_off 67
time 44
note_on 50
velocity 47
time 57
note_off 51
time 13
note_on 66
velocity 72
time 9
note_off 66
time 42
note_off 50
time 18
note_on 55
velocity 62
time 62
note_on 70
velocity 64
time 19
note_off 70
time 55
note_on 70
velocity 61
time 70
note_off 55
time 10
note_off 70
time 58
note_on 53
velocity 60
time 66
note_on 69
velocity 74
time 10
note_off 69
time 44
note_off 53
time 29
note_on 65
velocity 71
time 65
note_on 74
velocity 73
time 1
note_off 74
time 48
note_on 74
velocity 71
time 92
note_off 74
time 55
note_on 73
velocity 77
time 69
note_on 64
velocity 67
time 10
note_off 65
time 27
note_off 73
time 9
note_on 62
velocity 76
time 80
note_off 64
time 15
note_on 77
velocity 80
time 2
note_off 77
time 54
note_on 77
velocity 78
time 76
note_off 77
time 57
note_off 62
time 62
note_on 76
velocity 77
time 18
note_on 60
velocity 77
time 16
note_off 76
time 32
note_on 81
velocity 86
time 95
note_off 81
time 53
note_on 81
velocity 81
time 85
note_off 81
time 53
note_on 59
velocity 64
time 66
note_on 80
velocity 85
time 2
note_off 60
time 44
note_off 80
time 9
note_off 59
time 80
note_on 57
velocity 70
time 2
note_on 84
velocity 86
time 14
note_off 84
time 49
note_on 84
velocity 79
time 84
note_off 84
time 50
note_off 57
time 72
note_on 59
velocity 64
time 6
note_on 83
velocity 78
time 3
note_off 83
time 54
note_off 59
time 23
note_on 60
velocity 76
time 61
note_on 81
velocity 81
time 2
note_off 81
time 49
note_on 81
velocity 75
time 91
note_off 81
time 78
note_on 57
velocity 61
time 29
note_off 60
time 32
note_on 79
velocity 74
time 0
note_off 57
time 10
note_off 79
time 42
note_on 62
velocity 78
time 80
note_on 77
velocity 64
time 9
note_on 50
velocity 67
time 6
note_off 77
time 39
note_off 50
time 13
note_on 76
velocity 61
time 79
note_off 76
time 52
note_on 52
velocity 62
time 70
note_on 74
velocity 65
time 14
note_off 52
time 26
note_off 74
time 13
note_on 72
velocity 63
time 108
note_on 59
velocity 47
time 6
note_on 57
velocity 51
time 1
note_off 72
time 53
note_off 62
time 28
note_off 57
time 9
note_off 59
time 15
note_on 71
velocity 63
time 22
note_off 71
time 57
note_on 69
velocity 63
time 82
note_off 69
time 41
note_on 64
velocity 47
time 132
note_on 71
velocity 54
time 10
note_on 57
velocity 45
time 2
note_on 52
velocity 23
time 24
note_off 64
time 1
note_off 57
time 9
note_off 52
time 3
note_off 71
time 3
note_on 52
velocity 68
time 32
note_off 52
time 11
note_on 57
velocity 67
time 41
note_off 57
time 53
note_on 57
velocity 50
time 88
note_off 57
time 63
note_on 56
velocity 68
time 59
note_on 64
velocity 64
time 1
note_off 56
time 40
note_off 64
time 0
note_on 60
velocity 69
time 109
note_on 69
velocity 70
time 0
note_off 69
time 35
note_on 69
velocity 71
time 109
note_off 69
time 46
note_on 68
velocity 71
time 74
note_on 59
velocity 58
time 23
note_off 60
time 3
note_off 68
time 20
note_off 59
time 76
note_on 57
velocity 64
time 14
note_on 72
velocity 64
time 16
note_off 72
time 39
note_on 72
velocity 58
time 108
note_off 72
time 42
note_off 57
time 37
note_on 55
velocity 58
time 14
note_on 71
velocity 69
time 27
note_off 55
time 36
note_off 71
time 3
note_on 60
velocity 72
time 76
note_on 76
velocity 70
time 23
note_off 76
time 39
note_on 76
velocity 68
time 100
note_off 76
time 45
note_on 74
velocity 69
time 89
note_on 58
velocity 72
time 1
note_off 74
time 40
note_off 60
time 3
note_on 79
velocity 79
time 85
note_off 79
time 46
note_on 79
velocity 76
time 84
note_off 79
time 52
note_on 57
velocity 66
time 74
note_on 78
velocity 86
time 3
note_off 58
time 40
note_off 57
time 9
note_off 78
time 5
note_on 82
velocity 83
time 91
note_on 67
velocity 87
time 10
note_off 82
time 54
note_on 82
velocity 74
time 63
note_off 82
time 63
note_on 81
velocity 83
time 83
note_on 65
velocity 85
time 5
note_off 81
time 52
note_on 86
velocity 85
time 85
note_off 86
time 59
note_on 86
velocity 79
time 78
note_off 67
time 10
note_off 86
time 53
note_on 64
velocity 74
time 50
note_on 85
velocity 87
time 2
note_off 65
time 6
note_off 64
time 22
note_off 85
time 23
note_on 62
velocity 88
time 102
note_on 89
velocity 91
time 6
note_on 50
velocity 76
time 9
note_off 50
time 44
note_off 89
time 5
note_on 89
velocity 80
time 83
note_off 89
time 49
note_on 52
velocity 60
time 80
note_on 88
velocity 78
time 7
note_off 52
time 40
note_off 88
time 9
note_on 53
velocity 67
time 80
note_on 86
velocity 79
time 2
note_off 86
time 41
note_off 53
time 45
note_on 86
velocity 72
time 67
note_off 86
time 44
note_on 50
velocity 64
time 88
note_on 84
velocity 74
time 1
note_off 62
time 37
note_off 84
time 2
note_off 50
time 1
note_on 82
velocity 83
time 101
note_on 55
velocity 71
time 6
note_on 62
velocity 73
time 0
note_off 82
time 46
note_off 55
time 23
note_on 81
velocity 76
time 71
note_on 53
velocity 64
time 1
note_off 81
time 42
note_on 52
velocity 62
time 79
note_on 79
velocity 63
time 2
note_off 53
time 13
note_off 79
time 14
note_off 52
time 20
note_on 77
velocity 84
time 72
note_on 79
velocity 71
time 19
note_on 50
velocity 76
time 9
note_off 77
time 7
note_off 50
time 37
note_on 77
velocity 67
time 36
note_off 79
time 11
note_on 76
velocity 67
time 44
note_off 77
time 18
note_off 76
time 18
note_on 50
velocity 69
time 98
note_on 83
velocity 76
time 3
note_on 77
velocity 61
time 7
note_off 62
time 24
note_off 77
time 0
note_off 83
time 31
note_off 50
time 7
note_on 48
velocity 92
time 76
note_on 79
velocity 82
time 10
note_on 84
velocity 78
time 0
note_off 84
time 1
note_off 79
time 13
note_on 72
velocity 81
time 5
note_on 60
velocity 71
time 11
note_off 60
time 27
note_off 72
time 0
note_on 76
velocity 74
time 65
note_on 58
velocity 67
time 19
note_off 76
time 3
note_off 58
time 3
note_on 77
velocity 75
time 45
note_on 57
velocity 68
time 20
note_off 77
time 14
note_on 79
velocity 70
time 7
note_off 57
time 26
note_off 79
time 10
note_on 77
velocity 64
time 27
note_on 55
velocity 57
time 41
note_on 79
velocity 86
time 14
note_off 77
time 11
note_off 79
time 59
note_off 55
time 15
note_off 48
time 20
note_on 53
velocity 71
time 3
note_on 81
velocity 83
time 31
note_off 53
time 7
note_off 81
time 33
note_on 79
velocity 86
time 106
note_on 48
velocity 84
time 6
note_off 79
time 37
note_on 72
velocity 68
time 110
note_on 60
velocity 74
time 2
note_off 72
time 31
note_off 60
time 9
note_on 58
velocity 62
time 75
note_on 76
velocity 64
time 5
note_off 58
time 31
note_off 76
time 2
note_on 57
velocity 66
time 95
note_on 77
velocity 69
time 0
note_off 77
time 33
note_off 57
time 3
note_on 79
velocity 65
time 6
note_off 79
time 31
note_on 77
velocity 62
time 31
note_on 55
velocity 53
time 40
note_off 77
time 15
note_off 48
time 3
note_on 79
velocity 72
time 3
note_off 55
time 40
note_off 79
time 13
note_on 53
velocity 46
time 67
note_on 81
velocity 64
time 19
note_off 53
time 16
note_off 81
time 19
note_on 79
velocity 68
time 183
note_on 48
velocity 52
time 27
note_off 79
time 5
note_off 48
time 14
note_on 60
velocity 83
time 7
note_on 72
velocity 76
time 9
note_on 84
velocity 89
time 0
note_off 72
time 5
note_on 76
velocity 72
time 104
note_on 70
velocity 74
time 7
note_off 70
time 44
note_off 76
time 0
note_on 76
velocity 62
time 104
note_off 76
time 35
note_on 69
velocity 59
time 105
note_on 77
velocity 71
time 0
note_off 77
time 32
note_off 69
time 16
note_on 79
velocity 67
time 88
note_on 67
velocity 65
time 20
note_off 67
time 36
note_off 79
time 0
note_on 79
velocity 63
time 96
note_off 79
time 39
note_off 84
time 84
note_on 84
velocity 8
time 0
note_on 81
velocity 70
time 16
note_on 65
velocity 48
time 11
note_off 81
time 19
note_off 65
time 11
note_off 84
time 16
note_on 64
velocity 56
time 63
note_on 82
velocity 73
time 11
note_off 64
time 19
note_off 82
time 35
note_on 82
velocity 64
time 79
note_off 82
time 65
note_off 60
time 23
note_on 81
velocity 67
time 36
note_on 65
velocity 48
time 10
note_off 81
time 23
note_off 65
time 13
note_on 48
velocity 96
time 226
note_on 72
velocity 98
time 3
note_on 76
velocity 94
time 0
note_on 79
velocity 89
time 1
note_on 43
velocity 64
time 2
note_on 84
velocity 96
time 0
note_on 36
velocity 85
time 0
note_on 40
velocity 56
time 15
note_on 81
velocity 48
time 0
note_off 36
time 1
note_off 72
time 5
note_off 43
time 5
note_off 76
time 0
note_off 40
time 2
note_off 48
time 5
note_off 79
time 5
note_off 81
time 16
note_off 84
time 5
note_on 60
velocity 70
time 36
note_on 84
velocity 77
time 5
note_on 72
velocity 37
time 6
note_off 72
time 5
note_on 76
velocity 64
time 36
note_on 70
velocity 74
time 9
note_off 76
time 39
note_off 70
time 7
note_on 76
velocity 70
time 100
note_off 76
time 36
note_on 77
velocity 73
time 106
note_on 69
velocity 67
time 6
note_off 77
time 31
note_off 69
time 5
note_on 79
velocity 70
time 89
note_on 67
velocity 68
time 9
note_off 67
time 32
note_off 79
time 1
note_on 79
velocity 63
time 97
note_off 79
time 53
note_on 81
velocity 71
time 87
note_on 65
velocity 61
time 10
note_off 81
time 22
note_off 65
time 18
note_off 84
time 18
note_on 82
velocity 78
time 69
note_on 64
velocity 60
time 5
note_off 64
time 26
note_off 82
time 29
note_on 82
velocity 62
time 80
note_off 60
time 92
note_off 82
time 13
note_on 81
velocity 78
time 6
note_on 65
velocity 68
time 5
note_off 81
time 20
note_off 65
time 2
note_on 48
velocity 90
time 11
note_on 79
velocity 69
time 0
note_on 76
velocity 93
time 2
note_on 72
velocity 92
time 1
note_on 84
velocity 95
time 1
note_on 36
velocity 72
time 3
note_on 43
velocity 76
time 0
note_on 40
velocity 50
time 9
note_off 72
time 2
note_off 76
time 13
note_off 43
time 2
note_off 36
time 1
note_off 79
time 5
note_off 48
time 3
note_off 40
time 5
note_off 84
time 1
note_on 69
velocity 77
time 0
note_on 89
velocity 89
time 2
note_off 69
time 18
note_off 89
time 5
note_on 70
velocity 89
time 35
note_on 89
velocity 85
time 7
note_off 70
time 44
note_off 89
time 18
note_on 79
velocity 72
time 72
note_off 79
time 36
note_on 74
velocity 73
time 84
note_on 86
velocity 88
time 7
note_off 74
time 37
note_off 86
time 18
note_on 72
velocity 87
time 70
note_on 86
velocity 82
time 7
note_off 72
time 36
note_off 86
time 20
note_on 76
velocity 71
time 82
note_off 76
time 31
note_on 69
velocity 65
time 85
note_on 84
velocity 73
time 1
note_on 81
velocity 73
time 3
note_off 81
time 31
note_off 69
time 9
note_off 84
time 13
note_on 79
velocity 70
time 84
note_on 82
velocity 70
time 6
note_on 70
velocity 64
time 24
note_off 79
time 1
note_off 82
time 11
note_off 70
time 24
note_on 81
velocity 72
time 62
note_on 77
velocity 58
time 20
note_off 77
time 26
note_off 81
time 32
note_on 79
velocity 70
time 54
note_on 72
velocity 55
time 2
note_on 76
velocity 64
time 1
note_off 76
time 27
note_off 79
time 9
note_off 72
time 9
note_on 65
velocity 51
time 132
note_on 77
velocity 69
time 9
note_on 81
velocity 71
time 11
note_off 77
time 31
note_off 65
time 11
note_off 81
time 7
note_on 60
velocity 79
time 57
note_on 84
velocity 82
time 3
note_on 72
velocity 75
time 7
note_off 72
time 2
note_on 76
velocity 73
time 85
note_on 70
velocity 72
time 6
note_off 70
time 33
note_off 76
time 1
note_on 76
velocity 67
time 123
note_off 76
time 35
note_on 69
velocity 59
time 96
note_on 77
velocity 65
time 2
note_off 77
time 36
note_off 69
time 10
note_on 79
velocity 64
time 85
note_on 67
velocity 59
time 20
note_off 79
time 19
note_off 67
time 5
note_on 79
velocity 60
time 100
note_off 79
time 40
note_on 81
velocity 65
time 93
note_on 65
velocity 53
time 2
note_off 81
time 26
note_off 65
time 13
note_off 84
time 28
note_on 82
velocity 73
time 58
note_on 64
velocity 60
time 2
note_off 64
time 26
note_off 82
time 29
note_on 82
velocity 60
time 72
note_off 82
time 67
note_off 60
time 3
note_on 81
velocity 71
time 57
note_on 65
velocity 43
time 20
note_off 81
time 9
note_off 65
time 28
note_on 48
velocity 91
time 205
note_on 40
velocity 63
time 7
note_on 79
velocity 87
time 0
note_on 72
velocity 93
time 2
note_on 36
velocity 76
time 0
note_on 43
velocity 72
time 0
note_on 76
velocity 87
time 0
note_on 84
velocity 91
time 0
note_off 72
time 11
note_off 36
time 2
note_off 76
time 0
note_on 81
velocity 36
time 2
note_off 40
time 1
note_off 43
time 1
note_off 79
time 9
note_off 48
time 0
note_off 84
time 18
note_off 81
time 5
note_on 60
velocity 75
time 57
note_on 72
velocity 59
time 11
note_on 84
velocity 81
time 0
note_off 72
time 14
note_on 76
velocity 69
time 57
note_on 70
velocity 70
time 3
note_off 70
time 36
note_off 76
time 5
note_on 76
velocity 70
time 100
note_off 76
time 41
note_on 77
velocity 74
time 114
note_on 69
velocity 66
time 5
note_off 77
time 33
note_off 69
time 2
note_on 79
velocity 69
time 92
note_on 67
velocity 66
time 22
note_off 79
time 22
note_off 67
time 13
note_on 79
velocity 66
time 83
note_off 79
time 50
note_on 81
velocity 68
time 95
note_on 65
velocity 59
time 5
note_off 81
time 28
note_off 65
time 13
note_off 84
time 75
note_on 82
velocity 76
time 10
note_on 64
velocity 62
time 9
note_off 64
time 27
note_off 82
time 26
note_on 82
velocity 66
time 72
note_off 82
time 72
note_off 60
time 42
note_on 65
velocity 70
time 3
note_on 81
velocity 82
time 0
note_off 65
time 27
note_off 81
time 9
note_on 48
velocity 86
time 7
note_on 76
velocity 88
time 5
note_on 72
velocity 91
time 1
note_on 79
velocity 73
time 0
note_on 84
velocity 90
time 0
note_on 36
velocity 68
time 1
note_on 43
velocity 64
time 5
note_off 72
time 9
note_off 76
time 9
note_off 79
time 3
note_off 36
time 2
note_off 48
time 1
note_off 43
time 6
note_off 84
time 9
note_on 69
velocity 75
time 0
note_on 89
velocity 90
time 2
note_off 69
time 14
note_off 89
time 5
note_on 70
velocity 87
time 61
note_on 89
velocity 83
time 3
note_off 70
time 35
note_off 89
time 23
note_on 79
velocity 72
time 74
note_off 79
time 29
note_on 74
velocity 70
time 96
note_on 86
velocity 82
time 5
note_off 74
time 31
note_off 86
time 26
note_on 72
velocity 84
time 80
note_on 86
velocity 81
time 3
note_off 72
time 48
note_off 86
time 23
note_on 76
velocity 67
time 71
note_off 76
time 23
note_on 69
velocity 63
time 88
note_on 84
velocity 64
time 7
note_on 81
velocity 58
time 9
note_off 69
time 22
note_off 81
time 1
note_off 84
time 23
note_on 82
velocity 67
time 79
note_on 79
velocity 60
time 2
note_off 79
time 23
note_off 82
time 3
note_on 70
velocity 62
time 1
note_off 70
time 44
note_on 81
velocity 63
time 58
note_on 77
velocity 27
time 36
note_off 81
time 6
note_off 77
time 37
note_on 79
velocity 65
time 52
note_on 76
velocity 56
time 7
note_on 72
velocity 61
time 1
note_off 76
time 22
note_off 79
time 13
note_off 72
time 3
note_on 65
velocity 56
time 114
note_on 77
velocity 67
time 0
note_off 65
time 15
note_off 77
time 0
note_on 57
velocity 75
time 23
note_on 77
velocity 79
time 1
note_off 57
time 37
note_off 77
time 5
note_on 58
velocity 88
time 20
note_on 77
velocity 78
time 6
note_off 58
time 49
note_off 77
time 18
note_on 67
velocity 71
time 69
note_off 67
time 33
note_on 62
velocity 85
time 87
note_on 74
velocity 79
time 6
note_off 62
time 42
note_off 74
time 16
note_on 60
velocity 95
time 82
note_on 74
velocity 78
time 6
note_off 60
time 33
note_off 74
time 35
note_on 64
velocity 73
time 50
note_off 64
time 36
note_on 69
velocity 74
time 95
note_on 72
velocity 67
time 2
note_on 57
velocity 77
time 1
note_off 69
time 31
note_off 57
time 7
note_off 72
time 11
note_on 67
velocity 70
time 87
note_on 70
velocity 73
time 2
note_off 67
time 32
note_on 58
velocity 69
time 2
note_off 70
time 5
note_off 58
time 36
note_on 69
velocity 72
time 54
note_on 65
velocity 69
time 11
note_off 65
time 35
note_off 69
time 18
note_on 59
velocity 66
time 70
note_on 67
velocity 70
time 6
note_on 64
velocity 64
time 6
note_off 59
time 18
note_off 67
time 16
note_off 64
time 3
note_on 69
velocity 69
time 114
note_on 65
velocity 60
time 3
note_on 53
velocity 71
time 10
note_on 41
velocity 71
time 6
note_off 53
time 24
note_off 65
time 0
note_off 41
time 10
note_off 69
time 5
note_on 72
velocity 60
time 105
note_on 48
velocity 76
time 101
note_on 36
velocity 67
time 10
note_off 48
time 27
note_off 36
time 14
note_on 70
velocity 71
time 46
note_on 65
velocity 62
time 31
note_on 69
velocity 70
time 9
note_off 72
time 0
note_on 53
velocity 82
time 23
note_off 65
time 6
note_on 41
velocity 73
time 6
note_off 53
time 20
note_off 70
time 0
note_off 69
time 13
note_off 41
time 6
note_on 72
velocity 83
time 79
note_on 48
velocity 90
time 132
note_on 36
velocity 78
time 9
note_off 36
time 39
note_off 48
time 0
note_on 70
velocity 70
time 66
note_on 65
velocity 82
time 28
note_on 69
velocity 84
time 1
note_on 53
velocity 93
time 9
note_off 72
time 7
note_on 41
velocity 89
time 2
note_off 65
time 23
note_off 53
time 13
note_off 70
time 0
note_off 41
time 9
note_off 69
time 1
note_on 72
velocity 87
time 83
note_on 48
velocity 91
time 130
note_on 36
velocity 82
time 7
note_off 48
time 39
note_off 36
time 1
note_on 70
velocity 69
time 63
note_on 65
velocity 74
time 24
note_on 69
velocity 74
time 10
note_on 53
velocity 89
time 16
note_off 72
time 0
note_on 41
velocity 90
time 7
note_off 65
time 16
note_off 69
time 14
note_off 53
time 5
note_off 70
time 6
note_off 41
time 3
note_on 76
velocity 86
time 88
note_on 67
velocity 80
time 2
note_off 67
time 37
note_off 76
time 11
note_on 48
velocity 86
time 140
note_on 36
velocity 79
time 5
note_off 48
time 27
note_off 36
time 5
note_on 41
velocity 84
time 295
note_on 77
velocity 91
time 0
note_on 65
velocity 92
time 1
note_on 53
velocity 79
time 1
note_off 65
time 2
note_off 53
time 1
note_off 77
time 5
note_off 41
time 5
