note_on 56
velocity 67
time 2
note_on 63
velocity 90
time 0
note_on 60
velocity 67
time 2
note_on 60
velocity 0
time 28
note_on 56
velocity 0
time 9
note_on 63
velocity 0
time 0
note_on 68
velocity 81
time 57
note_on 67
velocity 89
time 114
note_on 68
velocity 0
time 14
note_on 67
velocity 0
time 33
note_on 68
velocity 72
time 1
note_on 68
velocity 0
time 29
note_on 72
velocity 72
time 264
note_on 72
velocity 0
time 58
note_on 63
velocity 74
time 230
note_on 63
velocity 0
time 115
note_on 68
velocity 80
time 165
note_on 68
velocity 0
time 36
note_on 63
velocity 93
time 266
note_on 55
velocity 77
time 1
note_on 58
velocity 74
time 3
note_on 55
velocity 0
time 15
note_on 63
velocity 0
time 10
note_on 70
velocity 82
time 5
note_on 58
velocity 0
time 13
note_on 68
velocity 90
time 23
note_on 70
velocity 0
time 19
note_on 70
velocity 85
time 92
note_on 68
velocity 0
time 9
note_on 70
velocity 0
time 71
note_on 73
velocity 78
time 218
note_on 73
velocity 0
time 48
note_on 63
velocity 65
time 209
note_on 63
velocity 0
time 41
note_on 70
velocity 70
time 13
note_on 70
velocity 0
time 10
note_on 72
velocity 75
time 13
note_on 72
velocity 0
time 9
note_on 56
velocity 71
time 140
note_on 56
velocity 0
time 93
note_on 55
velocity 66
time 2
note_on 55
velocity 0
time 9
note_on 75
velocity 58
time 0
note_on 56
velocity 67
time 2
note_on 80
velocity 93
time 1
note_on 72
velocity 75
time 5
note_on 56
velocity 0
time 0
note_on 60
velocity 59
time 186
note_on 75
velocity 0
time 23
note_on 60
velocity 0
time 13
note_on 72
velocity 0
time 22
note_on 51
velocity 65
time 5
note_on 51
velocity 0
time 48
note_on 75
velocity 77
time 13
note_on 56
velocity 64
time 5
note_on 72
velocity 67
time 2
note_on 80
velocity 0
time 3
note_on 72
velocity 0
time 23
note_on 56
velocity 0
time 3
note_on 75
velocity 0
time 0
note_on 73
velocity 82
time 5
note_on 70
velocity 82
time 1
note_on 70
velocity 0
time 16
note_on 73
velocity 0
time 13
note_on 58
velocity 75
time 45
note_on 56
velocity 76
time 28
note_on 58
velocity 0
time 2
note_on 56
velocity 0
time 1
note_on 58
velocity 76
time 13
note_on 79
velocity 94
time 5
note_on 58
velocity 0
time 14
note_on 61
velocity 70
time 52
note_on 61
velocity 0
time 48
note_on 51
velocity 67
time 19
note_on 51
velocity 0
time 63
note_on 79
velocity 0
time 40
note_on 79
velocity 77
time 153
note_on 58
velocity 66
time 7
note_on 70
velocity 65
time 7
note_on 79
velocity 0
time 23
note_on 73
velocity 33
time 2
note_on 70
velocity 0
time 2
note_on 58
velocity 0
time 1
note_on 73
velocity 0
time 40
note_on 80
velocity 93
time 69
note_on 68
velocity 84
time 3
note_on 75
velocity 71
time 5
note_on 68
velocity 0
time 7
note_on 75
velocity 0
time 6
note_on 80
velocity 0
time 2
note_on 60
velocity 72
time 5
note_on 58
velocity 71
time 100
note_on 60
velocity 0
time 3
note_on 58
velocity 0
time 1
note_on 75
velocity 97
time 10
note_on 60
velocity 64
time 9
note_on 60
velocity 0
time 20
note_on 63
velocity 63
time 166
note_on 63
velocity 0
time 50
note_on 56
velocity 58
time 87
note_on 56
velocity 0
time 55
note_on 75
velocity 0
time 75
note_on 60
velocity 51
time 115
note_on 75
velocity 72
time 0
note_on 70
velocity 55
time 6
note_on 60
velocity 0
time 24
note_on 70
velocity 0
time 0
note_on 75
velocity 0
time 15
note_on 53
velocity 58
time 7
note_on 75
velocity 67
time 0
note_on 68
velocity 55
time 3
note_on 68
velocity 0
time 3
note_on 75
velocity 0
time 5
note_on 53
velocity 0
time 3
note_on 80
velocity 71
time 52
note_on 79
velocity 71
time 16
note_on 80
velocity 0
time 9
note_on 65
velocity 70
time 13
note_on 79
velocity 0
time 22
note_on 80
velocity 76
time 7
note_on 80
velocity 0
time 207
note_on 65
velocity 0
time 52
note_on 77
velocity 74
time 5
note_on 77
velocity 0
time 55
note_on 72
velocity 70
time 240
note_on 72
velocity 0
time 46
note_on 75
velocity 68
time 217
note_on 75
velocity 0
time 37
note_on 73
velocity 76
time 247
note_on 70
velocity 67
time 7
note_on 58
velocity 68
time 317
note_on 58
velocity 0
time 96
note_on 56
velocity 76
time 3
note_on 70
velocity 0
time 101
note_on 58
velocity 78
time 29
note_on 56
velocity 0
time 1
note_on 80
velocity 83
time 6
note_on 73
velocity 0
time 10
note_on 58
velocity 0
time 45
note_on 61
velocity 75
time 242
note_on 61
velocity 0
time 55
note_on 55
velocity 66
time 207
note_on 55
velocity 0
time 67
note_on 68
velocity 71
time 9
note_on 58
velocity 68
time 2
note_on 73
velocity 65
time 7
note_on 80
velocity 0
time 14
note_on 68
velocity 0
time 5
note_on 58
velocity 0
time 3
note_on 73
velocity 0
time 1
note_on 51
velocity 79
time 5
note_on 67
velocity 63
time 1
note_on 73
velocity 70
time 1
note_on 51
velocity 0
time 0
note_on 67
velocity 0
time 6
note_on 73
velocity 0
time 6
note_on 82
velocity 76
time 42
note_on 82
velocity 0
time 15
note_on 80
velocity 82
time 0
note_on 63
velocity 93
time 9
note_on 82
velocity 85
time 0
note_on 80
velocity 0
time 9
note_on 82
velocity 0
time 216
note_on 79
velocity 78
time 36
note_on 79
velocity 0
time 28
note_on 63
velocity 0
time 7
note_on 73
velocity 71
time 45
note_on 73
velocity 0
time 45
note_on 82
velocity 78
time 89
note_on 73
velocity 63
time 14
note_on 67
velocity 52
time 1
note_on 73
velocity 0
time 16
note_on 67
velocity 0
time 2
note_on 82
velocity 0
time 0
note_on 72
velocity 72
time 195
note_on 68
velocity 58
time 3
note_on 56
velocity 68
time 57
note_on 72
velocity 0
time 9
note_on 56
velocity 0
time 23
note_on 68
velocity 0
time 3
note_on 55
velocity 66
time 9
note_on 56
velocity 82
time 84
note_on 55
velocity 0
time 7
note_on 56
velocity 0
time 36
note_on 75
velocity 59
time 93
note_on 75
velocity 0
time 16
note_on 60
velocity 61
time 6
note_on 77
velocity 60
time 10
note_on 60
velocity 0
time 1
note_on 79
velocity 67
time 119
note_on 77
velocity 0
time 32
note_on 79
velocity 0
time 54
note_on 53
velocity 58
time 24
note_on 80
velocity 73
time 3
note_on 53
velocity 0
time 35
note_on 77
velocity 63
time 88
note_on 80
velocity 0
time 5
note_on 56
velocity 55
time 27
note_on 77
velocity 0
time 5
note_on 74
velocity 60
time 3
note_on 56
velocity 0
time 29
note_on 77
velocity 61
time 87
note_on 74
velocity 0
time 6
note_on 77
velocity 0
time 42
note_on 50
velocity 57
time 23
note_on 70
velocity 73
time 2
note_on 50
velocity 0
time 6
note_on 55
velocity 72
time 7
note_on 53
velocity 74
time 100
note_on 55
velocity 0
time 3
note_on 70
velocity 0
time 31
note_on 53
velocity 0
time 71
note_on 55
velocity 82
time 2
note_on 55
velocity 0
time 20
note_on 74
velocity 61
time 72
note_on 74
velocity 0
time 37
note_on 75
velocity 66
time 44
note_on 58
velocity 55
time 1
note_on 58
velocity 0
time 35
note_on 75
velocity 0
time 52
note_on 77
velocity 69
time 24
note_on 51
velocity 53
time 134
note_on 77
velocity 0
time 7
note_on 79
velocity 64
time 7
note_on 51
velocity 0
time 29
note_on 75
velocity 63
time 87
note_on 79
velocity 0
time 26
note_on 75
velocity 0
time 109
note_on 55
velocity 52
time 6
note_on 72
velocity 67
time 1
note_on 55
velocity 0
time 57
note_on 72
velocity 0
time 57
note_on 75
velocity 63
time 15
note_on 75
velocity 0
time 40
note_on 48
velocity 58
time 82
note_on 68
velocity 77
time 11
note_on 48
velocity 0
time 9
note_on 70
velocity 68
time 33
note_on 68
velocity 0
time 11
note_on 70
velocity 0
time 20
note_on 53
velocity 65
time 40
note_on 67
velocity 71
time 3
note_on 53
velocity 0
time 110
note_on 67
velocity 0
time 1
note_on 70
velocity 72
time 10
note_on 51
velocity 67
time 1
note_on 70
velocity 0
time 41
note_on 51
velocity 0
time 19
note_on 53
velocity 79
time 46
note_on 68
velocity 74
time 3
note_on 53
velocity 0
time 50
note_on 68
velocity 0
time 42
note_on 72
velocity 65
time 46
note_on 72
velocity 0
time 97
note_on 74
velocity 64
time 29
note_on 56
velocity 53
time 5
note_on 56
velocity 0
time 32
note_on 75
velocity 67
time 79
note_on 74
velocity 0
time 19
note_on 50
velocity 58
time 89
note_on 77
velocity 63
time 9
note_on 75
velocity 0
time 14
note_on 50
velocity 0
time 24
note_on 74
velocity 68
time 84
note_on 77
velocity 0
time 26
note_on 74
velocity 0
time 52
note_on 53
velocity 65
time 49
note_on 70
velocity 68
time 11
note_on 53
velocity 0
time 20
note_on 70
velocity 0
time 2
note_on 74
velocity 65
time 11
note_on 74
velocity 0
time 69
note_on 46
velocity 64
time 16
note_on 67
velocity 69
time 13
note_on 46
velocity 0
time 26
note_on 68
velocity 70
time 72
note_on 67
velocity 0
time 1
note_on 68
velocity 0
time 84
note_on 51
velocity 74
time 36
note_on 65
velocity 76
time 5
note_on 51
velocity 0
time 67
note_on 50
velocity 66
time 42
note_on 65
velocity 0
time 2
note_on 68
velocity 78
time 0
note_on 68
velocity 0
time 82
note_on 51
velocity 77
time 23
note_on 50
velocity 0
time 7
note_on 67
velocity 78
time 11
note_on 51
velocity 0
time 15
note_on 70
velocity 72
time 31
note_on 67
velocity 0
time 18
note_on 70
velocity 0
time 106
note_on 72
velocity 69
time 5
note_on 55
velocity 55
time 9
note_on 55
velocity 0
time 29
note_on 74
velocity 67
time 63
note_on 72
velocity 0
time 39
note_on 74
velocity 0
time 26
note_on 75
velocity 71
time 20
note_on 48
velocity 58
time 13
note_on 48
velocity 0
time 61
note_on 72
velocity 60
time 67
note_on 75
velocity 0
time 18
note_on 72
velocity 0
time 98
note_on 68
velocity 66
time 10
note_on 51
velocity 49
time 16
note_on 51
velocity 0
time 45
note_on 68
velocity 0
time 41
note_on 72
velocity 65
time 23
note_on 72
velocity 0
time 89
note_on 44
velocity 64
time 53
note_on 65
velocity 74
time 0
note_on 44
velocity 0
time 57
note_on 65
velocity 0
time 26
note_on 75
velocity 66
time 57
note_on 75
velocity 0
time 109
note_on 53
velocity 63
time 6
note_on 74
velocity 65
time 7
note_on 53
velocity 0
time 101
note_on 51
velocity 63
time 24
note_on 75
velocity 73
time 0
note_on 74
velocity 0
time 6
note_on 75
velocity 0
time 88
note_on 51
velocity 0
time 13
note_on 68
velocity 92
time 1
note_on 53
velocity 75
time 3
note_on 53
velocity 0
time 66
note_on 68
velocity 0
time 27
note_on 75
velocity 67
time 46
note_on 75
velocity 0
time 98
note_on 74
velocity 63
time 36
note_on 56
velocity 65
time 11
note_on 56
velocity 0
time 13
note_on 74
velocity 0
time 57
note_on 75
velocity 70
time 2
note_on 75
velocity 0
time 108
note_on 65
velocity 75
time 36
note_on 50
velocity 59
time 7
note_on 50
velocity 0
time 57
note_on 65
velocity 0
time 28
note_on 75
velocity 61
time 44
note_on 75
velocity 0
time 80
note_on 53
velocity 63
time 52
note_on 74
velocity 59
time 7
note_on 53
velocity 0
time 46
note_on 75
velocity 67
time 63
note_on 74
velocity 0
time 3
note_on 75
velocity 0
time 128
note_on 46
velocity 63
time 23
note_on 67
velocity 77
time 2
note_on 46
velocity 0
time 59
note_on 67
velocity 0
time 42
note_on 75
velocity 66
time 32
note_on 75
velocity 0
time 95
note_on 74
velocity 69
time 41
note_on 55
velocity 66
time 6
note_on 55
velocity 0
time 96
note_on 75
velocity 79
time 11
note_on 53
velocity 68
time 2
note_on 74
velocity 0
time 15
note_on 75
velocity 0
time 101
note_on 53
velocity 0
time 1
note_on 70
velocity 90
time 2
note_on 55
velocity 75
time 5
note_on 55
velocity 0
time 54
note_on 70
velocity 0
time 16
note_on 75
velocity 69
time 46
note_on 75
velocity 0
time 92
note_on 74
velocity 63
time 50
note_on 58
velocity 62
time 7
note_on 58
velocity 0
time 32
note_on 75
velocity 68
time 72
note_on 74
velocity 0
time 15
note_on 75
velocity 0
time 85
note_on 67
velocity 75
time 39
note_on 51
velocity 49
time 7
note_on 51
velocity 0
time 65
note_on 67
velocity 0
time 19
note_on 75
velocity 64
time 41
note_on 75
velocity 0
time 98
note_on 55
velocity 52
time 37
note_on 74
velocity 63
time 5
note_on 55
velocity 0
time 54
note_on 74
velocity 0
time 41
note_on 75
velocity 69
time 22
note_on 75
velocity 0
time 92
note_on 48
velocity 61
time 27
note_on 68
velocity 84
time 1
note_on 48
velocity 0
time 36
note_on 68
velocity 0
time 53
note_on 75
velocity 72
time 35
note_on 75
velocity 0
time 95
note_on 74
velocity 63
time 40
note_on 56
velocity 71
time 16
note_on 56
velocity 0
time 11
note_on 55
velocity 62
time 29
note_on 75
velocity 72
time 0
note_on 74
velocity 0
time 46
note_on 75
velocity 0
time 83
note_on 72
velocity 79
time 3
note_on 56
velocity 83
time 1
note_on 55
velocity 0
time 3
note_on 56
velocity 0
time 31
note_on 72
velocity 0
time 46
note_on 75
velocity 74
time 44
note_on 75
velocity 0
time 108
note_on 70
velocity 70
time 35
note_on 60
velocity 52
time 10
note_on 60
velocity 0
time 27
note_on 70
velocity 0
time 41
note_on 75
velocity 67
time 53
note_on 75
velocity 0
time 53
note_on 53
velocity 55
time 65
note_on 68
velocity 69
time 6
note_on 53
velocity 0
time 46
note_on 68
velocity 0
time 2
note_on 75
velocity 68
time 69
note_on 75
velocity 0
time 80
note_on 56
velocity 57
time 48
note_on 67
velocity 66
time 10
note_on 56
velocity 0
time 32
note_on 67
velocity 0
time 20
note_on 75
velocity 64
time 52
note_on 75
velocity 0
time 105
note_on 50
velocity 54
time 40
note_on 65
velocity 65
time 0
note_on 50
velocity 0
time 49
note_on 65
velocity 0
time 26
note_on 75
velocity 64
time 52
note_on 75
velocity 0
time 74
note_on 53
velocity 52
time 28
note_on 67
velocity 68
time 18
note_on 53
velocity 0
time 55
note_on 67
velocity 0
time 33
note_on 75
velocity 68
time 32
note_on 75
velocity 0
time 65
note_on 68
velocity 78
time 57
note_on 46
velocity 65
time 11
note_on 46
velocity 0
time 58
note_on 68
velocity 0
time 40
note_on 74
velocity 65
time 23
note_on 75
velocity 70
time 105
note_on 50
velocity 65
time 9
note_on 74
velocity 0
time 3
note_on 50
velocity 0
time 48
note_on 75
velocity 0
time 80
note_on 77
velocity 71
time 5
note_on 77
velocity 0
time 62
note_on 51
velocity 72
time 62
note_on 67
velocity 66
time 11
note_on 51
velocity 0
time 46
note_on 70
velocity 67
time 57
note_on 67
velocity 0
time 13
note_on 70
velocity 0
time 52
note_on 48
velocity 68
time 67
note_on 68
velocity 72
time 6
note_on 48
velocity 0
time 27
note_on 68
velocity 0
time 72
note_on 72
velocity 68
time 15
note_on 72
velocity 0
time 52
note_on 70
velocity 73
time 79
note_on 43
velocity 86
time 7
note_on 43
velocity 0
time 52
note_on 75
velocity 69
time 61
note_on 70
velocity 0
time 5
note_on 75
velocity 0
time 109
note_on 41
velocity 86
time 35
note_on 74
velocity 61
time 2
note_on 41
velocity 0
time 59
note_on 74
velocity 0
time 27
note_on 72
velocity 70
time 42
note_on 72
velocity 0
time 135
note_on 43
velocity 88
time 2
note_on 70
velocity 69
time 13
note_on 43
velocity 0
time 35
note_on 70
velocity 0
time 80
note_on 68
velocity 73
time 6
note_on 44
velocity 94
time 118
note_on 70
velocity 70
time 23
note_on 68
velocity 0
time 20
note_on 44
velocity 0
time 18
note_on 70
velocity 0
time 3
note_on 72
velocity 58
time 3
note_on 72
velocity 0
time 41
note_on 65
velocity 68
time 132
note_on 46
velocity 88
time 5
note_on 62
velocity 50
time 13
note_on 65
velocity 0
time 36
note_on 67
velocity 76
time 7
note_on 65
velocity 60
time 44
note_on 67
velocity 0
time 44
note_on 46
velocity 0
time 279
note_on 63
velocity 70
time 35
note_on 65
velocity 0
time 15
note_on 62
velocity 0
time 19
note_on 63
velocity 0
time 3
note_on 63
velocity 89
time 61
note_on 63
velocity 0
time 10
note_on 51
velocity 72
time 123
note_on 51
velocity 0
time 31
note_on 50
velocity 63
time 6
note_on 50
velocity 0
time 14
note_on 70
velocity 73
time 10
note_on 75
velocity 89
time 2
note_on 67
velocity 79
time 1
note_on 51
velocity 64
time 1
note_on 51
velocity 0
time 18
note_on 55
velocity 54
time 199
note_on 55
velocity 0
time 59
note_on 70
velocity 0
time 19
note_on 46
velocity 65
time 191
note_on 46
velocity 0
time 52
note_on 67
velocity 0
time 48
note_on 70
velocity 75
time 164
note_on 51
velocity 42
time 9
note_on 67
velocity 62
time 2
note_on 75
velocity 0
time 5
note_on 67
velocity 0
time 22
note_on 70
velocity 0
time 0
note_on 51
velocity 0
time 7
note_on 68
velocity 89
time 27
note_on 65
velocity 82
time 1
note_on 65
velocity 0
time 9
note_on 68
velocity 0
time 10
note_on 53
velocity 77
time 72
note_on 53
velocity 0
time 109
note_on 51
velocity 71
time 1
note_on 74
velocity 94
time 15
note_on 51
velocity 0
time 1
note_on 53
velocity 69
time 9
note_on 53
velocity 0
time 2
note_on 56
velocity 66
time 166
note_on 56
velocity 0
time 48
note_on 46
velocity 70
time 226
note_on 46
velocity 0
time 57
note_on 74
velocity 0
time 50
note_on 74
velocity 81
time 131
note_on 53
velocity 60
time 2
note_on 65
velocity 63
time 13
note_on 68
velocity 47
time 9
note_on 53
velocity 0
time 16
note_on 65
velocity 0
time 5
note_on 74
velocity 0
time 3
note_on 68
velocity 0
time 7
note_on 55
velocity 67
time 14
note_on 70
velocity 84
time 0
note_on 63
velocity 88
time 2
note_on 75
velocity 89
time 0
note_on 55
velocity 0
time 5
note_on 70
velocity 0
time 6
note_on 75
velocity 0
time 9
note_on 63
velocity 0
time 3
note_on 63
velocity 68
time 2
note_on 63
velocity 0
time 14
note_on 62
velocity 73
time 11
note_on 62
velocity 0
time 5
note_on 63
velocity 72
time 16
note_on 63
velocity 0
time 1
note_on 51
velocity 59
time 6
note_on 67
velocity 66
time 2
note_on 67
velocity 0
time 18
note_on 53
velocity 59
time 18
note_on 51
velocity 0
time 11
note_on 58
velocity 66
time 3
note_on 53
velocity 0
time 9
note_on 55
velocity 65
time 0
note_on 58
velocity 0
time 14
note_on 55
velocity 0
time 31
note_on 53
velocity 59
time 7
note_on 53
velocity 0
time 115
note_on 63
velocity 68
time 24
note_on 55
velocity 68
time 3
note_on 63
velocity 0
time 52
note_on 55
velocity 0
time 29
note_on 51
velocity 60
time 23
note_on 51
velocity 0
time 134
note_on 58
velocity 74
time 36
note_on 58
velocity 0
time 261
note_on 46
velocity 63
time 3
note_on 65
velocity 61
time 26
note_on 46
velocity 0
time 28
note_on 63
velocity 68
time 78
note_on 65
velocity 0
time 6
note_on 63
velocity 0
time 118
note_on 65
velocity 67
time 10
note_on 65
velocity 0
time 41
note_on 68
velocity 70
time 238
note_on 46
velocity 63
time 11
note_on 68
velocity 0
time 37
note_on 48
velocity 59
time 89
note_on 46
velocity 0
time 24
note_on 48
velocity 0
time 88
note_on 50
velocity 68
time 14
note_on 58
velocity 56
time 0
note_on 58
velocity 0
time 67
note_on 50
velocity 0
time 48
note_on 48
velocity 61
time 18
note_on 48
velocity 0
time 125
note_on 50
velocity 60
time 22
note_on 65
velocity 77
time 5
note_on 65
velocity 0
time 33
note_on 50
velocity 0
time 57
note_on 46
velocity 60
time 15
note_on 46
velocity 0
time 121
note_on 51
velocity 77
time 48
note_on 67
velocity 98
time 11
note_on 51
velocity 0
time 10
note_on 39
velocity 62
time 16
note_on 70
velocity 83
time 11
note_on 39
velocity 0
time 10
note_on 67
velocity 0
time 5
note_on 70
velocity 0
time 16
note_on 68
velocity 83
time 0
note_on 70
velocity 82
time 59
note_on 68
velocity 0
time 3
note_on 70
velocity 0
time 35
note_on 75
velocity 75
time 247
note_on 61
velocity 55
time 5
note_on 75
velocity 0
time 39
note_on 61
velocity 0
time 26
note_on 60
velocity 57
time 67
note_on 60
velocity 0
time 108
note_on 67
velocity 67
time 40
note_on 58
velocity 66
time 3
note_on 67
velocity 0
time 57
note_on 58
velocity 0
time 2
note_on 60
velocity 56
time 70
note_on 60
velocity 0
time 92
note_on 56
velocity 64
time 29
note_on 70
velocity 69
time 9
note_on 70
velocity 0
time 40
note_on 56
velocity 0
time 45
note_on 58
velocity 62
time 44
note_on 58
velocity 0
time 141
note_on 63
velocity 88
time 18
note_on 55
velocity 60
time 6
note_on 55
velocity 0
time 82
note_on 56
velocity 58
time 55
note_on 63
velocity 0
time 76
note_on 56
velocity 0
time 35
note_on 67
velocity 74
time 31
note_on 53
velocity 60
time 3
note_on 53
velocity 0
time 55
note_on 65
velocity 79
time 59
note_on 67
velocity 0
time 16
note_on 55
velocity 58
time 1
note_on 55
velocity 0
time 93
note_on 65
velocity 0
time 0
note_on 67
velocity 79
time 24
note_on 51
velocity 67
time 10
note_on 67
velocity 0
time 36
note_on 51
velocity 0
time 19
note_on 53
velocity 56
time 70
note_on 53
velocity 0
time 104
note_on 70
velocity 78
time 23
note_on 49
velocity 61
time 2
note_on 70
velocity 0
time 46
note_on 49
velocity 0
time 23
note_on 51
velocity 55
time 57
note_on 51
velocity 0
time 74
note_on 63
velocity 77
time 66
note_on 48
velocity 60
time 3
note_on 63
velocity 0
time 48
note_on 48
velocity 0
time 36
note_on 49
velocity 51
time 67
note_on 49
velocity 0
time 102
note_on 67
velocity 69
time 3
note_on 46
velocity 63
time 26
note_on 67
velocity 0
time 33
note_on 46
velocity 0
time 26
note_on 48
velocity 59
time 55
note_on 48
velocity 0
time 113
note_on 44
velocity 81
time 14
note_on 60
velocity 69
time 2
note_on 44
velocity 0
time 9
note_on 60
velocity 0
time 35
note_on 63
velocity 73
time 14
note_on 61
velocity 79
time 7
note_on 63
velocity 0
time 6
note_on 63
velocity 80
time 7
note_on 61
velocity 0
time 6
note_on 63
velocity 0
time 27
note_on 78
velocity 65
time 253
note_on 68
velocity 40
time 9
note_on 68
velocity 0
time 37
note_on 78
velocity 0
time 33
note_on 77
velocity 64
time 52
note_on 77
velocity 0
time 74
note_on 60
velocity 49
time 35
note_on 75
velocity 60
time 26
note_on 60
velocity 0
time 7
note_on 75
velocity 0
time 7
note_on 77
velocity 65
time 3
note_on 77
velocity 0
time 19
note_on 63
velocity 60
time 1
note_on 73
velocity 68
time 15
note_on 63
velocity 0
time 16
note_on 75
velocity 65
time 15
note_on 73
velocity 0
time 7
note_on 75
velocity 0
time 1
note_on 56
velocity 62
time 7
note_on 72
velocity 67
time 2
note_on 56
velocity 0
time 5
note_on 73
velocity 67
time 0
note_on 72
velocity 0
time 5
note_on 60
velocity 76
time 11
note_on 70
velocity 71
time 3
note_on 73
velocity 0
time 0
note_on 58
velocity 78
time 58
note_on 60
velocity 0
time 16
note_on 72
velocity 71
time 1
note_on 70
velocity 0
time 1
note_on 72
velocity 0
time 65
note_on 58
velocity 0
time 19
note_on 60
velocity 83
time 46
note_on 68
velocity 81
time 0
note_on 60
velocity 0
time 66
note_on 68
velocity 0
time 26
note_on 70
velocity 71
time 39
note_on 70
velocity 0
time 66
note_on 63
velocity 77
time 59
note_on 66
velocity 76
time 6
note_on 63
velocity 0
time 44
note_on 66
velocity 0
time 41
note_on 68
velocity 66
time 62
note_on 68
velocity 0
time 89
note_on 56
velocity 64
time 20
note_on 65
velocity 70
time 13
note_on 56
velocity 0
time 33
note_on 66
velocity 67
time 96
note_on 65
velocity 0
time 15
note_on 66
velocity 0
time 71
note_on 63
velocity 70
time 45
note_on 60
velocity 67
time 15
note_on 60
velocity 0
time 39
note_on 63
velocity 0
time 42
note_on 65
velocity 66
time 28
note_on 65
velocity 0
time 88
note_on 53
velocity 81
time 63
note_on 61
velocity 68
time 9
note_on 61
velocity 0
time 115
note_on 73
velocity 65
time 204
note_on 73
velocity 0
time 58
note_on 72
velocity 75
time 46
note_on 73
velocity 77
time 141
note_on 72
velocity 0
time 10
note_on 73
velocity 0
time 45
note_on 56
velocity 71
time 70
note_on 53
velocity 0
time 29
note_on 58
velocity 75
time 113
note_on 77
velocity 65
time 32
note_on 56
velocity 0
time 14
note_on 77
velocity 0
time 61
note_on 60
velocity 79
time 20
note_on 58
velocity 0
time 19
note_on 60
velocity 0
time 87
note_on 61
velocity 83
time 18
note_on 70
velocity 69
time 16
note_on 70
velocity 0
time 87
note_on 58
velocity 62
time 31
note_on 61
velocity 0
time 16
note_on 58
velocity 0
time 100
note_on 55
velocity 57
time 27
note_on 73
velocity 69
time 0
note_on 73
velocity 0
time 40
note_on 55
velocity 0
time 84
note_on 58
velocity 69
time 18
note_on 58
velocity 0
time 101
note_on 51
velocity 77
time 53
note_on 67
velocity 76
time 7
note_on 67
velocity 0
time 187
note_on 72
velocity 65
time 111
note_on 72
velocity 0
time 48
note_on 70
velocity 77
time 66
note_on 70
velocity 0
time 82
note_on 72
velocity 75
time 49
note_on 72
velocity 0
time 46
note_on 51
velocity 0
time 36
note_on 55
velocity 56
time 46
note_on 56
velocity 69
time 132
note_on 55
velocity 0
time 28
note_on 75
velocity 71
time 3
note_on 75
velocity 0
time 59
note_on 58
velocity 64
time 65
note_on 56
velocity 0
time 9
note_on 58
velocity 0
time 89
note_on 60
velocity 58
time 22
note_on 68
velocity 60
time 13
note_on 68
velocity 0
time 52
note_on 60
velocity 0
time 66
note_on 56
velocity 60
time 11
note_on 56
velocity 0
time 119
note_on 53
velocity 57
time 24
note_on 72
velocity 67
time 22
note_on 72
velocity 0
time 48
note_on 53
velocity 0
time 40
note_on 56
velocity 64
time 39
note_on 56
velocity 0
time 139
note_on 65
velocity 66
time 3
note_on 49
velocity 61
time 18
note_on 49
velocity 0
time 122
note_on 51
velocity 58
time 9
note_on 70
velocity 65
time 122
note_on 51
velocity 0
time 9
note_on 48
velocity 68
time 7
note_on 65
velocity 0
time 24
note_on 68
velocity 73
time 83
note_on 48
velocity 0
time 5
note_on 51
velocity 61
time 5
note_on 70
velocity 0
time 19
note_on 49
velocity 68
time 91
note_on 51
velocity 0
time 0
note_on 70
velocity 80
time 11
note_on 68
velocity 0
time 3
note_on 70
velocity 0
time 76
note_on 49
velocity 0
time 33
note_on 53
velocity 60
time 10
note_on 53
velocity 0
time 115
note_on 73
velocity 77
time 24
note_on 55
velocity 56
time 18
note_on 73
velocity 0
time 49
note_on 55
velocity 0
time 44
note_on 56
velocity 62
time 31
note_on 56
velocity 0
time 106
note_on 58
velocity 73
time 24
note_on 67
velocity 73
time 6
note_on 67
velocity 0
time 96
note_on 58
velocity 0
time 26
note_on 55
velocity 60
time 16
note_on 55
velocity 0
time 109
note_on 51
velocity 56
time 26
note_on 70
velocity 72
time 7
note_on 70
velocity 0
time 76
note_on 51
velocity 0
time 9
note_on 55
velocity 63
time 15
note_on 55
velocity 0
time 9
note_on 48
velocity 69
time 11
note_on 63
velocity 80
time 6
note_on 48
velocity 0
time 11
note_on 49
velocity 60
time 10
note_on 63
velocity 0
time 7
note_on 49
velocity 0
time 19
note_on 46
velocity 75
time 35
note_on 68
velocity 71
time 1
note_on 67
velocity 77
time 26
note_on 46
velocity 0
time 5
note_on 68
velocity 0
time 1
note_on 49
velocity 61
time 10
note_on 49
velocity 0
time 23
note_on 68
velocity 78
time 37
note_on 67
velocity 0
time 1
note_on 48
velocity 67
time 14
note_on 68
velocity 0
time 11
note_on 48
velocity 0
time 87
note_on 51
velocity 57
time 2
note_on 51
velocity 0
time 123
note_on 53
velocity 62
time 0
note_on 72
velocity 67
time 10
note_on 72
velocity 0
time 58
note_on 53
velocity 0
time 27
note_on 55
velocity 56
time 40
note_on 55
velocity 0
time 15
note_on 56
velocity 63
time 14
note_on 65
velocity 66
time 14
note_on 65
velocity 0
time 10
note_on 56
velocity 0
time 24
note_on 53
velocity 47
time 40
note_on 53
velocity 0
time 3
note_on 49
velocity 53
time 18
note_on 68
velocity 67
time 9
note_on 49
velocity 0
time 3
note_on 68
velocity 0
time 1
note_on 53
velocity 50
time 1
note_on 53
velocity 0
time 105
note_on 61
velocity 67
time 49
note_on 46
velocity 57
time 13
note_on 46
velocity 0
time 83
note_on 56
velocity 49
time 28
note_on 56
velocity 0
time 111
note_on 61
velocity 0
time 19
note_on 55
velocity 45
time 27
note_on 70
velocity 55
time 3
note_on 55
velocity 0
time 69
note_on 70
velocity 0
time 37
note_on 68
velocity 68
time 6
note_on 56
velocity 42
time 10
note_on 56
velocity 0
time 45
note_on 49
velocity 55
time 59
note_on 68
velocity 0
time 10
note_on 70
velocity 74
time 5
note_on 70
velocity 0
time 50
note_on 49
velocity 0
time 10
note_on 56
velocity 40
time 36
note_on 56
velocity 0
time 136
note_on 73
velocity 75
time 42
note_on 55
velocity 44
time 5
note_on 73
velocity 0
time 57
note_on 55
velocity 0
time 53
note_on 56
velocity 48
time 27
note_on 56
velocity 0
time 85
note_on 46
velocity 55
time 55
note_on 67
velocity 75
time 1
note_on 67
velocity 0
time 63
note_on 46
velocity 0
time 11
note_on 56
velocity 46
time 45
note_on 56
velocity 0
time 72
note_on 55
velocity 46
time 69
note_on 70
velocity 72
time 10
note_on 70
velocity 0
time 41
note_on 55
velocity 0
time 49
note_on 56
velocity 40
time 16
note_on 56
velocity 0
time 117
note_on 48
velocity 50
time 45
note_on 63
velocity 80
time 23
note_on 48
velocity 0
time 31
note_on 56
velocity 50
time 1
note_on 56
velocity 0
time 123
note_on 63
velocity 0
time 14
note_on 55
velocity 40
time 42
note_on 72
velocity 58
time 1
note_on 55
velocity 0
time 82
note_on 70
velocity 76
time 16
note_on 56
velocity 56
time 18
note_on 72
velocity 0
time 0
note_on 56
velocity 0
time 13
note_on 70
velocity 0
time 42
note_on 51
velocity 58
time 3
note_on 72
velocity 76
time 2
note_on 72
velocity 0
time 49
note_on 51
velocity 0
time 15
note_on 56
velocity 53
time 58
note_on 56
velocity 0
time 9
note_on 75
velocity 82
time 9
note_on 55
velocity 53
time 7
note_on 75
velocity 0
time 13
note_on 55
velocity 0
time 14
note_on 56
velocity 51
time 14
note_on 56
velocity 0
time 53
note_on 48
velocity 58
time 32
note_on 68
velocity 84
time 6
note_on 68
velocity 0
time 61
note_on 48
velocity 0
time 28
note_on 56
velocity 55
time 46
note_on 56
velocity 0
time 114
note_on 55
velocity 55
time 42
note_on 72
velocity 83
time 5
note_on 72
velocity 0
time 53
note_on 55
velocity 0
time 33
note_on 56
velocity 58
time 28
note_on 56
velocity 0
time 118
note_on 49
velocity 69
time 40
note_on 65
velocity 93
time 3
note_on 49
velocity 0
time 96
note_on 56
velocity 60
time 23
note_on 56
velocity 0
time 108
note_on 55
velocity 44
time 49
note_on 73
velocity 61
time 26
note_on 65
velocity 0
time 35
note_on 55
velocity 0
time 41
note_on 56
velocity 50
time 19
note_on 72
velocity 73
time 5
note_on 73
velocity 0
time 0
note_on 56
velocity 0
time 69
note_on 53
velocity 51
time 44
note_on 73
velocity 82
time 15
note_on 72
velocity 0
time 14
note_on 53
velocity 0
time 54
note_on 73
velocity 0
time 3
note_on 56
velocity 50
time 44
note_on 56
velocity 0
time 138
note_on 77
velocity 83
time 19
note_on 51
velocity 61
time 5
note_on 77
velocity 0
time 50
note_on 51
velocity 0
time 18
note_on 56
velocity 60
time 50
note_on 56
velocity 0
time 109
note_on 49
velocity 57
time 36
note_on 70
velocity 84
time 2
note_on 70
velocity 0
time 52
note_on 49
velocity 0
time 18
note_on 56
velocity 54
time 42
note_on 56
velocity 0
time 72
note_on 48
velocity 53
time 58
note_on 73
velocity 84
time 22
note_on 48
velocity 0
time 49
note_on 73
velocity 0
time 15
note_on 56
velocity 53
time 23
note_on 56
velocity 0
time 147
note_on 46
velocity 60
time 7
note_on 67
velocity 81
time 27
note_on 67
velocity 0
time 61
note_on 46
velocity 0
time 26
note_on 49
velocity 52
time 27
note_on 70
velocity 81
time 138
note_on 49
velocity 0
time 9
note_on 48
velocity 59
time 13
note_on 70
velocity 0
time 41
note_on 48
velocity 0
time 66
note_on 51
velocity 59
time 16
note_on 51
velocity 0
time 106
note_on 49
velocity 62
time 7
note_on 63
velocity 82
time 19
note_on 63
velocity 0
time 58
note_on 49
velocity 0
time 6
note_on 53
velocity 50
time 28
note_on 53
velocity 0
time 127
note_on 51
velocity 59
time 28
note_on 67
velocity 77
time 18
note_on 67
velocity 0
time 48
note_on 51
velocity 0
time 35
note_on 49
velocity 58
time 23
note_on 49
velocity 0
time 135
note_on 68
velocity 93
time 35
note_on 48
velocity 61
time 7
note_on 48
velocity 0
time 115
note_on 51
velocity 57
time 16
note_on 51
velocity 0
time 95
note_on 49
velocity 60
time 27
note_on 49
velocity 0
time 66
note_on 53
velocity 63
time 46
note_on 53
velocity 0
time 89
note_on 51
velocity 69
time 48
note_on 51
velocity 0
time 36
note_on 68
velocity 0
time 74
note_on 67
velocity 61
time 22
note_on 67
velocity 0
time 126
note_on 68
velocity 68
time 3
note_on 53
velocity 54
time 3
note_on 53
velocity 0
time 32
note_on 68
velocity 0
time 82
note_on 70
velocity 68
time 9
note_on 49
velocity 61
time 19
note_on 49
velocity 0
time 49
note_on 70
velocity 0
time 15
note_on 72
velocity 68
time 65
note_on 51
velocity 50
time 23
note_on 67
velocity 35
time 3
note_on 51
velocity 0
time 29
note_on 72
velocity 0
time 20
note_on 70
velocity 70
time 18
note_on 67
velocity 0
time 44
note_on 70
velocity 0
time 9
note_on 72
velocity 62
time 39
note_on 72
velocity 0
time 59
note_on 49
velocity 59
time 2
note_on 49
velocity 0
time 31
note_on 70
velocity 56
time 0
note_on 70
velocity 0
time 26
note_on 72
velocity 56
time 16
note_on 72
velocity 0
time 58
note_on 70
velocity 76
time 11
note_on 70
velocity 0
time 41
note_on 72
velocity 61
time 24
note_on 51
velocity 53
time 32
note_on 70
velocity 71
time 46
note_on 51
velocity 0
time 1
note_on 72
velocity 0
time 10
note_on 39
velocity 42
time 276
note_on 39
velocity 0
time 62
note_on 70
velocity 0
time 79
note_on 68
velocity 63
time 9
note_on 68
velocity 0
time 58
note_on 68
velocity 62
time 59
note_on 44
velocity 51
time 24
note_on 75
velocity 60
time 335
note_on 68
velocity 0
time 84
note_on 73
velocity 65
time 27
note_on 75
velocity 0
time 6
note_on 44
velocity 0
time 46
note_on 75
velocity 57
time 39
note_on 73
velocity 0
time 11
note_on 56
velocity 47
time 5
note_on 75
velocity 0
time 49
note_on 72
velocity 69
time 252
note_on 72
velocity 0
time 54
note_on 67
velocity 64
time 229
note_on 67
velocity 0
time 54
note_on 70
velocity 71
time 205
note_on 70
velocity 0
time 37
note_on 56
velocity 0
time 23
note_on 68
velocity 58
time 162
note_on 65
velocity 37
time 3
note_on 68
velocity 0
time 59
note_on 67
velocity 71
time 1
note_on 65
velocity 0
time 27
note_on 68
velocity 66
time 27
note_on 67
velocity 0
time 16
note_on 53
velocity 60
time 269
note_on 53
velocity 0
time 91
note_on 51
velocity 62
time 5
note_on 51
velocity 0
time 109
note_on 75
velocity 86
time 23
note_on 53
velocity 66
time 1
note_on 68
velocity 0
time 31
note_on 53
velocity 0
time 16
note_on 56
velocity 64
time 266
note_on 56
velocity 0
time 46
note_on 49
velocity 65
time 239
note_on 49
velocity 0
time 53
note_on 66
velocity 66
time 70
note_on 75
velocity 0
time 39
note_on 66
velocity 0
time 63
note_on 53
velocity 57
time 20
note_on 65
velocity 64
time 6
note_on 53
velocity 0
time 37
note_on 65
velocity 0
time 76
note_on 63
velocity 64
time 9
note_on 63
velocity 0
time 132
note_on 61
velocity 75
time 44
note_on 46
velocity 73
time 3
note_on 61
velocity 0
time 265
note_on 73
velocity 68
time 70
note_on 72
velocity 78
time 101
note_on 73
velocity 0
time 0
note_on 46
velocity 0
time 130
note_on 56
velocity 87
time 2
note_on 73
velocity 76
time 14
note_on 72
velocity 0
time 3
note_on 73
velocity 0
time 213
note_on 70
velocity 71
time 71
note_on 70
velocity 0
time 49
note_on 65
velocity 66
time 247
note_on 65
velocity 0
time 42
note_on 56
velocity 0
time 138
note_on 68
velocity 70
time 88
note_on 68
velocity 0
time 63
note_on 67
velocity 66
time 135
note_on 67
velocity 0
time 44
note_on 68
velocity 65
time 14
note_on 67
velocity 71
time 52
note_on 68
velocity 0
time 20
note_on 51
velocity 65
time 244
note_on 51
velocity 0
time 85
note_on 49
velocity 62
time 22
note_on 51
velocity 75
time 46
note_on 49
velocity 0
time 3
note_on 73
velocity 79
time 2
note_on 67
velocity 0
time 6
note_on 51
velocity 0
time 5
note_on 55
velocity 56
time 11
note_on 55
velocity 0
time 7
note_on 48
velocity 55
time 11
note_on 48
velocity 0
time 5
note_on 73
velocity 0
time 7
note_on 65
velocity 54
time 6
note_on 65
velocity 0
time 5
note_on 63
velocity 62
time 3
note_on 51
velocity 30
time 6
note_on 51
velocity 0
time 0
note_on 63
velocity 0
time 14
note_on 61
velocity 64
time 5
note_on 61
velocity 0
time 7
note_on 60
velocity 57
time 6
note_on 44
velocity 56
time 7
note_on 60
velocity 0
time 0
note_on 44
velocity 0
time 6
note_on 72
velocity 53
time 52
note_on 56
velocity 45
time 3
note_on 56
velocity 0
time 70
note_on 72
velocity 0
time 1
note_on 70
velocity 55
time 62
note_on 56
velocity 39
time 104
note_on 70
velocity 0
time 0
note_on 72
velocity 58
time 10
note_on 56
velocity 0
time 76
note_on 72
velocity 0
time 3
note_on 53
velocity 47
time 50
note_on 68
velocity 64
time 1
note_on 53
velocity 0
time 58
note_on 68
velocity 0
time 19
note_on 56
velocity 47
time 33
note_on 72
velocity 66
time 2
note_on 72
velocity 0
time 89
note_on 56
velocity 0
time 14
note_on 51
velocity 56
time 37
note_on 67
velocity 67
time 1
note_on 51
velocity 0
time 39
note_on 67
velocity 0
time 11
note_on 72
velocity 66
time 32
note_on 56
velocity 55
time 11
note_on 56
velocity 0
time 66
note_on 72
velocity 0
time 20
note_on 49
velocity 62
time 26
note_on 65
velocity 75
time 5
note_on 49
velocity 0
time 28
note_on 65
velocity 0
time 32
note_on 56
velocity 48
time 14
note_on 72
velocity 64
time 36
note_on 56
velocity 0
time 18
note_on 72
velocity 0
time 50
note_on 48
velocity 55
time 7
note_on 63
velocity 85
time 18
note_on 48
velocity 0
time 50
note_on 56
velocity 62
time 5
note_on 63
velocity 0
time 7
note_on 72
velocity 73
time 0
note_on 56
velocity 0
time 9
note_on 72
velocity 0
time 16
note_on 61
velocity 93
time 24
note_on 46
velocity 71
time 5
note_on 46
velocity 0
time 84
note_on 61
velocity 0
time 27
note_on 58
velocity 61
time 10
note_on 73
velocity 73
time 7
note_on 58
velocity 0
time 58
note_on 73
velocity 0
time 54
note_on 72
velocity 70
time 23
note_on 56
velocity 49
time 7
note_on 56
velocity 0
time 67
note_on 58
velocity 60
time 31
note_on 72
velocity 0
time 31
note_on 73
velocity 65
time 5
note_on 73
velocity 0
time 61
note_on 58
velocity 0
time 27
note_on 55
velocity 47
time 41
note_on 70
velocity 63
time 2
note_on 55
velocity 0
time 57
note_on 58
velocity 47
time 50
note_on 70
velocity 0
time 2
note_on 73
velocity 65
time 11
note_on 73
velocity 0
time 62
note_on 58
velocity 0
time 29
note_on 68
velocity 68
time 42
note_on 53
velocity 53
time 2
note_on 53
velocity 0
time 55
note_on 58
velocity 55
time 53
note_on 68
velocity 0
time 11
note_on 73
velocity 64
time 3
note_on 58
velocity 0
time 66
note_on 73
velocity 0
time 40
note_on 51
velocity 57
time 15
note_on 67
velocity 75
time 6
note_on 51
velocity 0
time 50
note_on 67
velocity 0
time 54
note_on 58
velocity 53
time 1
note_on 73
velocity 68
time 41
note_on 58
velocity 0
time 24
note_on 73
velocity 0
time 57
note_on 49
velocity 42
time 27
note_on 65
velocity 70
time 28
note_on 49
velocity 0
time 32
note_on 58
velocity 50
time 55
note_on 65
velocity 0
time 0
note_on 73
velocity 64
time 28
note_on 58
velocity 0
time 67
note_on 63
velocity 72
time 80
note_on 48
velocity 63
time 3
note_on 73
velocity 0
time 37
note_on 63
velocity 0
time 104
note_on 48
velocity 0
time 48
note_on 60
velocity 52
time 88
note_on 68
velocity 60
time 11
note_on 60
velocity 0
time 7
note_on 68
velocity 0
time 6
note_on 70
velocity 60
time 11
note_on 70
velocity 0
time 13
note_on 68
velocity 80
time 7
note_on 67
velocity 79
time 7
note_on 68
velocity 0
time 2
note_on 68
velocity 76
time 3
note_on 67
velocity 0
time 6
note_on 68
velocity 0
time 3
note_on 53
velocity 57
time 92
note_on 72
velocity 67
time 19
note_on 72
velocity 0
time 52
note_on 53
velocity 0
time 33
note_on 55
velocity 58
time 20
note_on 55
velocity 0
time 131
note_on 65
velocity 73
time 5
note_on 56
velocity 65
time 3
note_on 65
velocity 0
time 53
note_on 56
velocity 0
time 58
note_on 55
velocity 51
time 33
note_on 55
velocity 0
time 76
note_on 56
velocity 60
time 40
note_on 68
velocity 72
time 13
note_on 56
velocity 0
time 71
note_on 68
velocity 0
time 14
note_on 53
velocity 48
time 20
note_on 53
velocity 0
time 126
note_on 73
velocity 76
time 42
note_on 58
velocity 72
time 2
note_on 73
velocity 0
time 126
note_on 58
velocity 0
time 167
note_on 46
velocity 56
time 5
note_on 67
velocity 62
time 11
note_on 46
velocity 0
time 53
note_on 67
velocity 0
time 7
note_on 68
velocity 69
time 14
note_on 68
velocity 0
time 41
note_on 67
velocity 64
time 15
note_on 67
velocity 0
time 55
note_on 65
velocity 72
time 11
note_on 67
velocity 73
time 63
note_on 65
velocity 0
time 1
note_on 67
velocity 0
time 63
note_on 51
velocity 55
time 188
note_on 70
velocity 75
time 16
note_on 70
velocity 0
time 57
note_on 53
velocity 57
time 71
note_on 51
velocity 0
time 6
note_on 63
velocity 77
time 140
note_on 53
velocity 0
time 6
note_on 55
velocity 59
time 3
note_on 63
velocity 0
time 58
note_on 55
velocity 0
time 76
note_on 53
velocity 62
time 11
note_on 53
velocity 0
time 105
note_on 67
velocity 82
time 1
note_on 55
velocity 66
time 20
note_on 67
velocity 0
time 35
note_on 55
velocity 0
time 53
note_on 51
velocity 52
time 37
note_on 51
velocity 0
time 76
note_on 56
velocity 55
time 67
note_on 72
velocity 91
time 2
note_on 72
velocity 0
time 7
note_on 68
velocity 85
time 3
note_on 49
velocity 66
time 2
note_on 65
velocity 71
time 9
note_on 61
velocity 79
time 2
note_on 56
velocity 0
time 7
note_on 49
velocity 0
time 7
note_on 65
velocity 0
time 5
note_on 61
velocity 0
time 23
note_on 68
velocity 0
time 20
note_on 68
velocity 94
time 1
note_on 63
velocity 71
time 10
note_on 58
velocity 72
time 1
note_on 51
velocity 53
time 13
note_on 51
velocity 0
time 9
note_on 49
velocity 53
time 11
note_on 68
velocity 0
time 125
note_on 63
velocity 0
time 33
note_on 58
velocity 0
time 9
note_on 49
velocity 0
time 3
note_on 67
velocity 94
time 13
note_on 51
velocity 62
time 0
note_on 67
velocity 0
time 9
note_on 39
velocity 54
time 20
note_on 51
velocity 0
time 66
note_on 39
velocity 0
time 227
note_on 63
velocity 64
time 5
note_on 68
velocity 79
time 2
note_on 44
velocity 40
time 5
note_on 60
velocity 52
time 0
note_on 44
velocity 0
time 27
note_on 63
velocity 0
time 29
note_on 60
velocity 0
time 14
note_on 68
velocity 0
time 49
note_on 56
velocity 49
time 82
note_on 63
velocity 60
time 91
note_on 56
velocity 0
time 354
note_on 60
velocity 65
time 0
note_on 63
velocity 0
time 87
note_on 56
velocity 53
time 268
note_on 60
velocity 0
time 156
note_on 65
velocity 66
time 28
note_on 56
velocity 0
time 148
note_on 61
velocity 63
time 29
note_on 65
velocity 0
time 144
note_on 63
velocity 51
time 69
note_on 61
velocity 0
time 117
note_on 51
velocity 39
time 28
note_on 61
velocity 50
time 216
note_on 63
velocity 0
time 52
note_on 56
velocity 67
time 37
note_on 60
velocity 42
time 37
note_on 61
velocity 0
time 16
note_on 51
velocity 0
time 174
note_on 61
velocity 50
time 11
note_on 60
velocity 0
time 20
note_on 55
velocity 67
time 251
note_on 63
velocity 53
time 26
note_on 61
velocity 0
time 14
note_on 56
velocity 0
time 10
note_on 63
velocity 0
time 145
note_on 65
velocity 61
time 14
note_on 51
velocity 50
time 252
note_on 67
velocity 68
time 37
note_on 65
velocity 0
time 22
note_on 55
velocity 0
time 22
note_on 63
velocity 67
time 222
note_on 67
velocity 0
time 5
note_on 60
velocity 62
time 15
note_on 68
velocity 73
time 2
note_on 63
velocity 0
time 66
note_on 70
velocity 70
time 110
note_on 68
velocity 0
time 54
note_on 72
velocity 73
time 153
note_on 56
velocity 58
time 10
note_on 70
velocity 0
time 36
note_on 60
velocity 0
time 19
note_on 51
velocity 0
time 32
note_on 70
velocity 76
time 0
note_on 68
velocity 75
time 89
note_on 58
velocity 47
time 6
note_on 56
velocity 0
time 32
note_on 72
velocity 0
time 44
note_on 67
velocity 74
time 11
note_on 70
velocity 0
time 7
note_on 68
velocity 0
time 3
note_on 51
velocity 43
time 57
note_on 65
velocity 75
time 10
note_on 58
velocity 0
time 40
note_on 67
velocity 0
time 32
note_on 68
velocity 69
time 174
note_on 65
velocity 0
time 109
note_on 67
velocity 60
time 216
note_on 58
velocity 39
time 7
note_on 68
velocity 0
time 45
note_on 51
velocity 0
time 100
note_on 55
velocity 45
time 438
note_on 58
velocity 0
time 139
note_on 56
velocity 49
time 446
note_on 55
velocity 0
time 95
note_on 56
velocity 0
time 476
note_on 51
velocity 35
time 20
note_on 65
velocity 61
time 39
note_on 56
velocity 37
time 10
note_on 67
velocity 0
time 26
note_on 51
velocity 0
time 1
note_on 53
velocity 44
time 145
note_on 55
velocity 46
time 9
note_on 53
velocity 0
time 7
note_on 56
velocity 0
time 35
note_on 63
velocity 56
time 225
note_on 65
velocity 0
time 29
note_on 62
velocity 68
time 247
note_on 63
velocity 0
time 104
note_on 65
velocity 63
time 157
note_on 62
velocity 0
time 53
note_on 63
velocity 59
time 240
note_on 65
velocity 0
time 36
note_on 48
velocity 51
time 199
note_on 55
velocity 0
time 207
note_on 49
velocity 61
time 101
note_on 48
velocity 0
time 161
note_on 51
velocity 65
time 101
note_on 49
velocity 0
time 265
note_on 53
velocity 69
time 2
note_on 51
velocity 0
time 106
note_on 53
velocity 0
time 144
note_on 55
velocity 56
time 19
note_on 61
velocity 53
time 260
note_on 56
velocity 48
time 10
note_on 55
velocity 0
time 2
note_on 63
velocity 0
time 22
note_on 56
velocity 0
time 174
note_on 53
velocity 49
time 33
note_on 60
velocity 53
time 7
note_on 61
velocity 0
time 61
note_on 60
velocity 0
time 191
note_on 58
velocity 42
time 6
note_on 61
velocity 60
time 1
note_on 58
velocity 0
time 239
note_on 65
velocity 67
time 23
note_on 60
velocity 48
time 14
note_on 61
velocity 0
time 1
note_on 60
velocity 0
time 201
note_on 70
velocity 72
time 37
note_on 61
velocity 49
time 16
note_on 65
velocity 0
time 23
note_on 61
velocity 0
time 186
note_on 68
velocity 75
time 29
note_on 60
velocity 51
time 3
note_on 60
velocity 0
time 248
note_on 67
velocity 76
time 6
note_on 58
velocity 53
time 1
note_on 70
velocity 0
time 52
note_on 68
velocity 0
time 44
note_on 53
velocity 0
time 52
note_on 58
velocity 0
time 70
note_on 56
velocity 54
time 22
note_on 65
velocity 78
time 11
note_on 56
velocity 0
time 213
note_on 55
velocity 47
time 42
note_on 63
velocity 76
time 13
note_on 65
velocity 0
time 15
note_on 67
velocity 0
time 14
note_on 63
velocity 0
time 180
note_on 58
velocity 53
time 16
note_on 61
velocity 66
time 9
note_on 58
velocity 0
time 212
note_on 55
velocity 0
time 27
note_on 60
velocity 47
time 52
note_on 68
velocity 72
time 0
note_on 56
velocity 47
time 2
note_on 61
velocity 0
time 113
note_on 58
velocity 58
time 48
note_on 60
velocity 0
time 76
note_on 60
velocity 52
time 19
note_on 75
velocity 82
time 9
note_on 58
velocity 0
time 0
note_on 60
velocity 0
time 15
note_on 61
velocity 68
time 1
note_on 61
velocity 0
time 52
note_on 68
velocity 0
time 67
note_on 72
velocity 80
time 66
note_on 63
velocity 63
time 5
note_on 44
velocity 69
time 197
note_on 63
velocity 0
time 106
note_on 75
velocity 0
time 88
note_on 46
velocity 64
time 11
note_on 68
velocity 84
time 23
note_on 72
velocity 0
time 59
note_on 44
velocity 0
time 11
note_on 48
velocity 61
time 46
note_on 46
velocity 0
time 71
note_on 48
velocity 0
time 41
note_on 49
velocity 58
time 20
note_on 77
velocity 87
time 5
note_on 68
velocity 0
time 14
note_on 51
velocity 56
time 14
note_on 73
velocity 86
time 76
note_on 53
velocity 62
time 0
note_on 51
velocity 0
time 19
note_on 74
velocity 37
time 7
note_on 77
velocity 0
time 9
note_on 74
velocity 0
time 5
note_on 49
velocity 0
time 7
note_on 51
velocity 58
time 9
note_on 53
velocity 0
time 69
note_on 56
velocity 0
time 1
note_on 75
velocity 74
time 75
note_on 49
velocity 49
time 1
note_on 55
velocity 43
time 15
note_on 73
velocity 0
time 29
note_on 51
velocity 0
time 5
note_on 49
velocity 0
time 6
note_on 48
velocity 48
time 27
note_on 46
velocity 53
time 11
note_on 48
velocity 0
time 15
note_on 55
velocity 0
time 63
note_on 49
velocity 50
time 76
note_on 46
velocity 0
time 10
note_on 49
velocity 0
time 15
note_on 48
velocity 48
time 10
note_on 63
velocity 60
time 6
note_on 56
velocity 38
time 5
note_on 58
velocity 65
time 32
note_on 56
velocity 0
time 40
note_on 48
velocity 0
time 46
note_on 60
velocity 79
time 126
note_on 68
velocity 76
time 2
note_on 63
velocity 0
time 115
note_on 58
velocity 0
time 49
note_on 50
velocity 67
time 71
note_on 60
velocity 0
time 40
note_on 51
velocity 63
time 10
note_on 67
velocity 77
time 6
note_on 68
velocity 0
time 85
note_on 50
velocity 0
time 24
note_on 53
velocity 74
time 16
note_on 51
velocity 0
time 71
note_on 55
velocity 78
time 123
note_on 67
velocity 0
time 2
note_on 63
velocity 79
time 3
note_on 53
velocity 0
time 6
note_on 63
velocity 0
time 80
note_on 58
velocity 78
time 33
note_on 55
velocity 0
time 6
note_on 75
velocity 0
time 175
note_on 56
velocity 58
time 6
note_on 72
velocity 72
time 13
note_on 80
velocity 89
time 1
note_on 55
velocity 59
time 0
note_on 58
velocity 0
time 18
note_on 56
velocity 0
time 6
note_on 68
velocity 87
time 0
note_on 60
velocity 65
time 5
note_on 53
velocity 61
time 6
note_on 55
velocity 0
time 14
note_on 72
velocity 0
time 1
note_on 60
velocity 0
time 3
note_on 51
velocity 61
time 13
note_on 53
velocity 0
time 0
note_on 51
velocity 0
time 41
note_on 80
velocity 0
time 31
note_on 53
velocity 48
time 1
note_on 70
velocity 61
time 0
note_on 80
velocity 87
time 3
note_on 50
velocity 49
time 3
note_on 68
velocity 0
time 83
note_on 46
velocity 60
time 13
note_on 50
velocity 0
time 3
note_on 53
velocity 0
time 3
note_on 48
velocity 60
time 144
note_on 46
velocity 0
time 153
note_on 50
velocity 60
time 48
note_on 48
velocity 0
time 18
note_on 50
velocity 0
time 41
note_on 80
velocity 0
time 95
note_on 51
velocity 53
time 18
note_on 79
velocity 73
time 1
note_on 70
velocity 0
time 117
note_on 63
velocity 49
time 0
note_on 79
velocity 0
time 52
note_on 65
velocity 60
time 71
note_on 65
velocity 0
time 33
note_on 63
velocity 0
time 18
note_on 67
velocity 58
time 36
note_on 77
velocity 70
time 24
note_on 68
velocity 53
time 6
note_on 67
velocity 0
time 3
note_on 70
velocity 56
time 49
note_on 68
velocity 0
time 14
note_on 56
velocity 67
time 11
note_on 72
velocity 58
time 1
note_on 70
velocity 0
time 9
note_on 51
velocity 0
time 0
note_on 70
velocity 52
time 41
note_on 72
velocity 0
time 5
note_on 50
velocity 65
time 0
note_on 68
velocity 62
time 18
note_on 56
velocity 0
time 18
note_on 70
velocity 0
time 32
note_on 67
velocity 60
time 33
note_on 68
velocity 0
time 14
note_on 67
velocity 0
time 106
note_on 58
velocity 60
time 10
note_on 65
velocity 59
time 2
note_on 50
velocity 0
time 31
note_on 65
velocity 0
time 44
note_on 68
velocity 59
time 19
note_on 68
velocity 0
time 11
note_on 51
velocity 48
time 10
note_on 67
velocity 51
time 10
note_on 58
velocity 0
time 63
note_on 70
velocity 53
time 0
note_on 77
velocity 0
time 9
note_on 72
velocity 75
time 33
note_on 70
velocity 0
time 82
note_on 74
velocity 76
time 165
note_on 72
velocity 0
time 54
note_on 51
velocity 0
time 152
note_on 75
velocity 75
time 24
note_on 74
velocity 0
time 37
note_on 51
velocity 55
time 24
note_on 67
velocity 0
time 6
note_on 53
velocity 56
time 10
note_on 51
velocity 0
time 33
note_on 55
velocity 67
time 80
note_on 53
velocity 0
time 26
note_on 55
velocity 0
time 44
note_on 56
velocity 64
time 14
note_on 65
velocity 62
time 5
note_on 58
velocity 48
time 9
note_on 56
velocity 0
time 9
note_on 58
velocity 0
time 74
note_on 80
velocity 79
time 27
note_on 60
velocity 46
time 15
note_on 75
velocity 0
time 19
note_on 58
velocity 50
time 125
note_on 60
velocity 0
time 14
note_on 56
velocity 48
time 11
note_on 73
velocity 80
time 7
note_on 80
velocity 0
time 6
note_on 58
velocity 0
time 14
note_on 55
velocity 40
time 0
note_on 56
velocity 0
time 22
note_on 65
velocity 0
time 39
note_on 82
velocity 78
time 35
note_on 53
velocity 48
time 5
note_on 55
velocity 0
time 0
note_on 82
velocity 0
time 18
note_on 73
velocity 0
time 105
note_on 56
velocity 48
time 98
note_on 53
velocity 0
time 19
note_on 55
velocity 46
time 231
note_on 73
velocity 70
time 10
note_on 56
velocity 0
time 2
note_on 63
velocity 44
time 13
note_on 55
velocity 0
time 2
note_on 65
velocity 51
time 3
note_on 63
velocity 0
time 11
note_on 51
velocity 38
time 2
note_on 67
velocity 47
time 7
note_on 51
velocity 0
time 18
note_on 73
velocity 0
time 1
note_on 65
velocity 0
time 11
note_on 67
velocity 0
time 26
note_on 68
velocity 51
time 6
note_on 72
velocity 64
time 1
note_on 44
velocity 39
time 9
note_on 45
velocity 44
time 27
note_on 45
velocity 0
time 23
note_on 46
velocity 64
time 46
note_on 44
velocity 0
time 3
note_on 46
velocity 0
time 154
note_on 48
velocity 64
time 16
note_on 68
velocity 0
time 24
note_on 49
velocity 63
time 2
note_on 70
velocity 58
time 15
note_on 48
velocity 0
time 18
note_on 72
velocity 0
time 45
note_on 51
velocity 70
time 33
note_on 49
velocity 0
time 5
note_on 53
velocity 73
time 16
note_on 51
velocity 0
time 6
note_on 53
velocity 0
time 6
note_on 51
velocity 58
time 5
note_on 51
velocity 0
time 26
note_on 67
velocity 49
time 11
note_on 49
velocity 57
time 2
note_on 49
velocity 0
time 1
note_on 48
velocity 54
time 16
note_on 48
velocity 0
time 72
note_on 46
velocity 52
time 10
note_on 46
velocity 0
time 70
note_on 49
velocity 45
time 22
note_on 67
velocity 0
time 10
note_on 49
velocity 0
time 1
note_on 48
velocity 48
time 7
note_on 68
velocity 54
time 14
note_on 70
velocity 0
time 7
note_on 67
velocity 47
time 6
note_on 67
velocity 0
time 13
note_on 65
velocity 51
time 15
note_on 56
velocity 65
time 23
note_on 65
velocity 0
time 10
note_on 63
velocity 48
time 24
note_on 48
velocity 0
time 15
note_on 63
velocity 0
time 67
note_on 56
velocity 0
time 27
note_on 61
velocity 53
time 24
note_on 49
velocity 59
time 1
note_on 49
velocity 0
time 37
note_on 61
velocity 0
time 10
note_on 63
velocity 89
time 218
note_on 51
velocity 74
time 13
note_on 63
velocity 0
time 101
note_on 51
velocity 0
time 3
note_on 48
velocity 63
time 139
note_on 61
velocity 49
time 40
note_on 61
velocity 0
time 57
note_on 48
velocity 0
time 204
note_on 68
velocity 0
time 11
note_on 60
velocity 89
time 2
note_on 53
velocity 65
time 16
note_on 63
velocity 54
time 13
note_on 68
velocity 52
time 19
note_on 63
velocity 0
time 114
note_on 56
velocity 80
time 111
note_on 70
velocity 57
time 11
note_on 68
velocity 0
time 50
note_on 60
velocity 0
time 62
note_on 72
velocity 72
time 19
note_on 70
velocity 0
time 74
note_on 73
velocity 83
time 31
note_on 65
velocity 63
time 6
note_on 72
velocity 0
time 11
note_on 56
velocity 0
time 7
note_on 53
velocity 0
time 10
note_on 51
velocity 63
time 6
note_on 53
velocity 43
time 5
note_on 61
velocity 86
time 1
note_on 56
velocity 68
time 5
note_on 51
velocity 0
time 3
note_on 65
velocity 0
time 2
note_on 49
velocity 71
time 62
note_on 53
velocity 0
time 14
note_on 61
velocity 0
time 5
note_on 56
velocity 0
time 46
note_on 49
velocity 0
time 23
note_on 63
velocity 84
time 18
note_on 56
velocity 71
time 10
note_on 70
velocity 57
time 3
note_on 56
velocity 0
time 11
note_on 73
velocity 0
time 1
note_on 55
velocity 49
time 1
note_on 55
velocity 0
time 0
note_on 56
velocity 54
time 0
note_on 72
velocity 62
time 11
note_on 70
velocity 0
time 0
note_on 58
velocity 45
time 23
note_on 75
velocity 68
time 1
note_on 72
velocity 0
time 5
note_on 58
velocity 0
time 27
note_on 75
velocity 0
time 1
note_on 56
velocity 0
time 5
note_on 80
velocity 68
time 5
note_on 60
velocity 45
time 13
note_on 79
velocity 76
time 2
note_on 80
velocity 0
time 18
note_on 55
velocity 45
time 72
note_on 80
velocity 79
time 0
note_on 79
velocity 0
time 6
note_on 82
velocity 66
time 5
note_on 80
velocity 0
time 16
note_on 55
velocity 0
time 15
note_on 56
velocity 37
time 18
note_on 84
velocity 54
time 0
note_on 82
velocity 0
time 16
note_on 60
velocity 0
time 15
note_on 82
velocity 53
time 3
note_on 84
velocity 0
time 42
note_on 80
velocity 52
time 16
note_on 53
velocity 33
time 1
note_on 56
velocity 0
time 156
note_on 63
velocity 0
time 3
note_on 82
velocity 0
time 55
note_on 79
velocity 51
time 7
note_on 80
velocity 0
time 29
note_on 79
velocity 0
time 28
note_on 77
velocity 46
time 27
note_on 61
velocity 41
time 5
note_on 58
velocity 31
time 1
note_on 53
velocity 0
time 2
note_on 79
velocity 48
time 13
note_on 77
velocity 0
time 16
note_on 80
velocity 55
time 10
note_on 53
velocity 20
time 2
note_on 79
velocity 0
time 2
note_on 84
velocity 56
time 135
note_on 80
velocity 0
time 13
note_on 53
velocity 0
time 136
note_on 55
velocity 37
time 76
note_on 82
velocity 49
time 35
note_on 58
velocity 0
time 82
note_on 80
velocity 54
time 179
note_on 82
velocity 0
time 71
note_on 55
velocity 0
time 97
note_on 51
velocity 38
time 32
note_on 79
velocity 50
time 16
note_on 80
velocity 0
time 29
note_on 84
velocity 0
time 178
note_on 79
velocity 0
time 3
note_on 77
velocity 54
time 3
note_on 61
velocity 0
time 174
note_on 56
velocity 34
time 85
note_on 75
velocity 50
time 10
note_on 51
velocity 0
time 3
note_on 60
velocity 37
time 2
note_on 77
velocity 0
time 49
note_on 77
velocity 58
time 59
note_on 75
velocity 0
time 3
note_on 51
velocity 38
time 244
note_on 79
velocity 55
time 32
note_on 77
velocity 0
time 132
note_on 82
velocity 55
time 84
note_on 79
velocity 0
time 63
note_on 51
velocity 0
time 191
note_on 53
velocity 39
time 7
note_on 80
velocity 58
time 11
note_on 56
velocity 0
time 2
note_on 79
velocity 61
time 7
note_on 82
velocity 0
time 1
note_on 80
velocity 0
time 7
note_on 60
velocity 0
time 19
note_on 79
velocity 0
time 22
note_on 50
velocity 33
time 9
note_on 77
velocity 60
time 14
note_on 53
velocity 0
time 93
note_on 75
velocity 57
time 44
note_on 77
velocity 0
time 7
note_on 50
velocity 0
time 2
note_on 58
velocity 45
time 10
note_on 74
velocity 55
time 5
note_on 55
velocity 41
time 0
note_on 75
velocity 0
time 11
note_on 75
velocity 49
time 0
note_on 74
velocity 0
time 16
note_on 50
velocity 31
time 10
note_on 77
velocity 54
time 2
note_on 75
velocity 0
time 0
note_on 80
velocity 59
time 32
note_on 77
velocity 0
time 9
note_on 50
velocity 0
time 10
note_on 79
velocity 61
time 14
note_on 52
velocity 37
time 7
note_on 80
velocity 0
time 7
note_on 55
velocity 0
time 9
note_on 77
velocity 67
time 5
note_on 79
velocity 0
time 5
note_on 48
velocity 39
time 11
note_on 58
velocity 0
time 3
note_on 76
velocity 68
time 3
note_on 52
velocity 0
time 14
note_on 77
velocity 0
time 9
note_on 79
velocity 71
time 40
note_on 76
velocity 0
time 6
note_on 79
velocity 0
time 61
note_on 48
velocity 0
time 16
note_on 56
velocity 42
time 5
note_on 50
velocity 46
time 11
note_on 77
velocity 76
time 0
note_on 65
velocity 74
time 0
note_on 77
velocity 0
time 1
note_on 76
velocity 65
time 15
note_on 65
velocity 0
time 9
note_on 76
velocity 0
time 2
note_on 56
velocity 0
time 0
note_on 72
velocity 85
time 9
note_on 52
velocity 48
time 3
note_on 55
velocity 48
time 3
note_on 77
velocity 78
time 2
note_on 50
velocity 0
time 6
note_on 79
velocity 73
time 3
note_on 52
velocity 0
time 3
note_on 77
velocity 0
time 42
note_on 72
velocity 0
time 121
note_on 79
velocity 0
time 104
note_on 68
velocity 83
time 11
note_on 72
velocity 83
time 1
note_on 53
velocity 57
time 2
note_on 55
velocity 0
time 10
note_on 53
velocity 0
time 9
note_on 68
velocity 0
time 9
note_on 58
velocity 57
time 9
note_on 77
velocity 94
time 89
note_on 65
velocity 78
time 13
note_on 56
velocity 50
time 2
note_on 72
velocity 0
time 35
note_on 58
velocity 0
time 24
note_on 65
velocity 0
time 114
note_on 55
velocity 53
time 29
note_on 56
velocity 0
time 39
note_on 55
velocity 0
time 7
note_on 46
velocity 58
time 0
note_on 73
velocity 86
time 6
note_on 53
velocity 42
time 10
note_on 76
velocity 32
time 16
note_on 77
velocity 0
time 10
note_on 76
velocity 0
time 6
note_on 53
velocity 0
time 6
note_on 52
velocity 44
time 5
note_on 70
velocity 88
time 82
note_on 79
velocity 76
time 10
note_on 53
velocity 50
time 26
note_on 46
velocity 0
time 7
note_on 52
velocity 0
time 0
note_on 73
velocity 0
time 29
note_on 53
velocity 0
time 54
note_on 76
velocity 54
time 5
note_on 55
velocity 51
time 14
note_on 70
velocity 0
time 31
note_on 55
velocity 0
time 14
note_on 79
velocity 0
time 46
note_on 76
velocity 0
time 70
note_on 56
velocity 55
time 2
note_on 72
velocity 74
time 11
note_on 77
velocity 77
time 2
note_on 53
velocity 45
time 18
note_on 56
velocity 0
time 13
note_on 76
velocity 72
time 6
note_on 58
velocity 55
time 10
note_on 77
velocity 0
time 28
note_on 58
velocity 0
time 41
note_on 56
velocity 56
time 13
note_on 77
velocity 86
time 16
note_on 76
velocity 0
time 20
note_on 53
velocity 0
time 42
note_on 56
velocity 0
time 44
note_on 79
velocity 89
time 18
note_on 55
velocity 59
time 15
note_on 77
velocity 0
time 19
note_on 79
velocity 0
time 93
note_on 55
velocity 0
time 0
note_on 72
velocity 0
time 11
note_on 53
velocity 51
time 2
note_on 77
velocity 54
time 3
note_on 80
velocity 78
time 0
note_on 41
velocity 64
time 28
note_on 53
velocity 0
time 7
note_on 72
velocity 65
time 37
note_on 43
velocity 66
time 10
note_on 41
velocity 0
time 3
note_on 44
velocity 73
time 148
note_on 43
velocity 0
time 109
note_on 46
velocity 83
time 6
note_on 73
velocity 66
time 1
note_on 72
velocity 0
time 9
note_on 44
velocity 0
time 3
note_on 44
velocity 69
time 180
note_on 46
velocity 0
time 62
note_on 77
velocity 0
time 16
note_on 44
velocity 0
time 72
note_on 43
velocity 55
time 23
note_on 70
velocity 66
time 9
note_on 41
velocity 50
time 19
note_on 43
velocity 0
time 2
note_on 80
velocity 0
time 11
note_on 41
velocity 0
time 0
note_on 39
velocity 49
time 2
note_on 79
velocity 68
time 1
note_on 75
velocity 55
time 10
note_on 70
velocity 0
time 15
note_on 73
velocity 0
time 14
note_on 41
velocity 48
time 0
note_on 39
velocity 0
time 10
note_on 41
velocity 0
time 2
note_on 70
velocity 59
time 16
note_on 43
velocity 46
time 0
note_on 46
velocity 53
time 76
note_on 43
velocity 0
time 106
note_on 46
velocity 0
time 106
note_on 44
velocity 47
time 36
note_on 72
velocity 61
time 2
note_on 70
velocity 0
time 15
note_on 44
velocity 0
time 26
note_on 43
velocity 54
time 45
note_on 43
velocity 0
time 105
note_on 68
velocity 56
time 59
note_on 41
velocity 39
time 6
note_on 72
velocity 0
time 40
note_on 79
velocity 0
time 165
note_on 39
velocity 48
time 28
note_on 41
velocity 0
time 24
note_on 39
velocity 0
time 218
note_on 77
velocity 64
time 48
note_on 37
velocity 39
time 1
note_on 73
velocity 51
time 6
note_on 68
velocity 0
time 79
note_on 75
velocity 0
time 27
note_on 39
velocity 49
time 131
note_on 37
velocity 0
time 18
note_on 39
velocity 0
time 7
note_on 41
velocity 46
time 2
note_on 68
velocity 56
time 29
note_on 73
velocity 0
time 2
note_on 41
velocity 0
time 28
note_on 44
velocity 46
time 3
note_on 43
velocity 46
time 20
note_on 70
velocity 51
time 0
note_on 44
velocity 0
time 2
note_on 77
velocity 0
time 0
note_on 68
velocity 0
time 33
note_on 72
velocity 65
time 10
note_on 70
velocity 0
time 52
note_on 46
velocity 46
time 7
note_on 73
velocity 74
time 7
note_on 72
velocity 0
time 59
note_on 43
velocity 0
time 19
note_on 72
velocity 68
time 3
note_on 73
velocity 0
time 1
note_on 76
velocity 70
time 0
note_on 48
velocity 38
time 5
note_on 70
velocity 56
time 10
note_on 46
velocity 0
time 14
note_on 68
velocity 64
time 31
note_on 70
velocity 0
time 5
note_on 68
velocity 0
time 54
note_on 36
velocity 47
time 18
note_on 67
velocity 68
time 10
note_on 72
velocity 0
time 79
note_on 36
velocity 0
time 15
note_on 76
velocity 0
time 108
note_on 70
velocity 70
time 9
note_on 67
velocity 0
time 39
note_on 70
velocity 0
time 5
note_on 41
velocity 53
time 10
note_on 48
velocity 0
time 19
note_on 77
velocity 72
time 3
note_on 68
velocity 58
time 14
note_on 48
velocity 70
time 5
note_on 41
velocity 0
time 3
note_on 50
velocity 73
time 40
note_on 68
velocity 0
time 6
note_on 48
velocity 0
time 13
note_on 52
velocity 80
time 28
note_on 50
velocity 0
time 3
note_on 53
velocity 75
time 14
note_on 52
velocity 0
time 7
note_on 75
velocity 46
time 1
note_on 73
velocity 64
time 48
note_on 77
velocity 0
time 37
note_on 75
velocity 0
time 36
note_on 72
velocity 70
time 2
note_on 73
velocity 0
time 42
note_on 70
velocity 69
time 13
note_on 72
velocity 0
time 19
note_on 68
velocity 72
time 153
note_on 70
velocity 0
time 158
note_on 58
velocity 77
time 98
note_on 67
velocity 57
time 1
note_on 68
velocity 0
time 27
note_on 53
velocity 0
time 24
note_on 68
velocity 63
time 210
note_on 67
velocity 0
time 19
note_on 52
velocity 75
time 182
note_on 70
velocity 57
time 5
note_on 58
velocity 0
time 2
note_on 68
velocity 0
time 22
note_on 73
velocity 57
time 13
note_on 70
velocity 0
time 14
note_on 60
velocity 72
time 26
note_on 72
velocity 55
time 0
note_on 73
velocity 0
time 15
note_on 52
velocity 0
time 2
note_on 72
velocity 0
time 3
note_on 70
velocity 51
time 9
note_on 70
velocity 0
time 5
note_on 51
velocity 50
time 16
note_on 69
velocity 54
time 13
note_on 60
velocity 0
time 18
note_on 72
velocity 47
time 13
note_on 57
velocity 53
time 6
note_on 72
velocity 0
time 0
note_on 73
velocity 51
time 0
note_on 69
velocity 0
time 5
note_on 51
velocity 0
time 5
note_on 75
velocity 44
time 0
note_on 73
velocity 0
time 7
note_on 75
velocity 0
time 2
note_on 57
velocity 0
time 3
note_on 77
velocity 50
time 13
note_on 58
velocity 54
time 3
note_on 49
velocity 47
time 1
note_on 75
velocity 46
time 19
note_on 77
velocity 0
time 29
note_on 65
velocity 75
time 11
note_on 73
velocity 59
time 6
note_on 49
velocity 0
time 15
note_on 65
velocity 0
time 15
note_on 72
velocity 61
time 2
note_on 75
velocity 0
time 7
note_on 73
velocity 0
time 36
note_on 61
velocity 81
time 1
note_on 58
velocity 0
time 3
note_on 70
velocity 67
time 3
note_on 54
velocity 62
time 2
note_on 72
velocity 0
time 7
note_on 73
velocity 53
time 11
note_on 78
velocity 65
time 240
note_on 58
velocity 71
time 6
note_on 78
velocity 0
time 14
note_on 70
velocity 0
time 10
note_on 61
velocity 0
time 35
note_on 77
velocity 68
time 54
note_on 73
velocity 0
time 10
note_on 66
velocity 74
time 1
note_on 75
velocity 65
time 13
note_on 58
velocity 0
time 1
note_on 77
velocity 0
time 2
note_on 54
velocity 0
time 63
note_on 73
velocity 72
time 42
note_on 75
velocity 0
time 42
note_on 66
velocity 0
time 15
note_on 73
velocity 0
time 35
note_on 54
velocity 50
time 42
note_on 72
velocity 85
time 7
note_on 63
velocity 80
time 3
note_on 54
velocity 0
time 15
note_on 70
velocity 76
time 1
note_on 53
velocity 53
time 10
note_on 53
velocity 0
time 58
note_on 51
velocity 47
time 22
note_on 69
velocity 73
time 15
note_on 65
velocity 64
time 9
note_on 72
velocity 0
time 31
note_on 70
velocity 0
time 41
note_on 63
velocity 0
time 13
note_on 54
velocity 58
time 167
note_on 51
velocity 0
time 3
note_on 54
velocity 0
time 1
note_on 53
velocity 69
time 9
note_on 69
velocity 0
time 24
note_on 65
velocity 0
time 54
note_on 53
velocity 0
time 9
note_on 51
velocity 64
time 45
note_on 51
velocity 0
time 165
note_on 65
velocity 80
time 11
note_on 70
velocity 78
time 3
note_on 49
velocity 59
time 9
note_on 58
velocity 60
time 3
note_on 72
velocity 65
time 16
note_on 48
velocity 48
time 7
note_on 49
velocity 0
time 15
note_on 70
velocity 0
time 5
note_on 48
velocity 0
time 41
note_on 72
velocity 0
time 13
note_on 46
velocity 58
time 35
note_on 70
velocity 71
time 7
note_on 73
velocity 75
time 9
note_on 58
velocity 0
time 5
note_on 65
velocity 0
time 15
note_on 49
velocity 53
time 15
note_on 46
velocity 0
time 10
note_on 66
velocity 87
time 5
note_on 51
velocity 49
time 1
note_on 49
velocity 0
time 10
note_on 70
velocity 0
time 15
note_on 51
velocity 0
time 15
note_on 53
velocity 53
time 1
note_on 66
velocity 0
time 20
note_on 73
velocity 0
time 49
note_on 53
velocity 0
time 57
note_on 54
velocity 57
time 6
note_on 63
velocity 84
time 2
note_on 72
velocity 72
time 10
note_on 51
velocity 62
time 234
note_on 73
velocity 71
time 11
note_on 54
velocity 0
time 3
note_on 51
velocity 0
time 37
note_on 72
velocity 0
time 6
note_on 63
velocity 0
time 49
note_on 73
velocity 0
time 75
note_on 72
velocity 77
time 1
note_on 75
velocity 83
time 7
note_on 53
velocity 52
time 2
note_on 57
velocity 52
time 3
note_on 58
velocity 48
time 14
note_on 57
velocity 0
time 6
note_on 58
velocity 0
time 27
note_on 60
velocity 50
time 20
note_on 69
velocity 89
time 7
note_on 75
velocity 0
time 160
note_on 57
velocity 56
time 58
note_on 69
velocity 0
time 3
note_on 60
velocity 0
time 11
note_on 53
velocity 0
time 18
note_on 57
velocity 0
time 9
note_on 72
velocity 0
time 23
note_on 70
velocity 87
time 15
note_on 46
velocity 55
time 13
note_on 53
velocity 37
time 9
note_on 72
velocity 60
time 18
note_on 46
velocity 0
time 9
note_on 53
velocity 0
time 16
note_on 73
velocity 62
time 15
note_on 58
velocity 39
time 14
note_on 58
velocity 0
time 19
note_on 70
velocity 0
time 14
note_on 73
velocity 0
time 82
note_on 60
velocity 45
time 1
note_on 72
velocity 0
time 0
note_on 77
velocity 66
time 0
note_on 60
velocity 0
time 32
note_on 77
velocity 0
time 57
note_on 61
velocity 45
time 27
note_on 82
velocity 64
time 3
note_on 65
velocity 44
time 0
note_on 65
velocity 0
time 10
note_on 77
velocity 68
time 1
note_on 66
velocity 43
time 3
note_on 66
velocity 0
time 65
note_on 68
velocity 42
time 19
note_on 68
velocity 0
time 66
note_on 70
velocity 38
time 243
note_on 78
velocity 74
time 9
note_on 77
velocity 0
time 61
note_on 70
velocity 0
time 91
note_on 68
velocity 45
time 9
note_on 68
velocity 0
time 180
note_on 66
velocity 43
time 40
note_on 61
velocity 0
time 1
note_on 75
velocity 67
time 20
note_on 82
velocity 0
time 5
note_on 66
velocity 0
time 177
note_on 65
velocity 37
time 52
note_on 78
velocity 0
time 110
note_on 65
velocity 0
time 6
note_on 60
velocity 28
time 13
note_on 63
velocity 32
time 18
note_on 80
velocity 65
time 16
note_on 75
velocity 0
time 33
note_on 65
velocity 37
time 7
note_on 63
velocity 0
time 9
note_on 65
velocity 0
time 31
note_on 66
velocity 40
time 2
note_on 75
velocity 57
time 2
note_on 66
velocity 0
time 29
note_on 70
velocity 44
time 15
note_on 80
velocity 0
time 175
note_on 70
velocity 0
time 83
note_on 68
velocity 42
time 22
note_on 77
velocity 64
time 19
note_on 75
velocity 0
time 62
note_on 68
velocity 0
time 72
note_on 66
velocity 46
time 36
note_on 60
velocity 0
time 88
note_on 66
velocity 0
time 33
note_on 65
velocity 40
time 57
note_on 73
velocity 75
time 3
note_on 77
velocity 0
time 80
note_on 77
velocity 72
time 123
note_on 65
velocity 0
time 20
note_on 63
velocity 41
time 1
note_on 73
velocity 0
time 79
note_on 63
velocity 0
time 9
note_on 58
velocity 35
time 0
note_on 78
velocity 63
time 0
note_on 61
velocity 35
time 1
note_on 77
velocity 0
time 18
note_on 63
velocity 33
time 2
note_on 61
velocity 0
time 1
note_on 63
velocity 0
time 49
note_on 73
velocity 60
time 2
note_on 65
velocity 36
time 18
note_on 68
velocity 48
time 226
note_on 65
velocity 0
time 35
note_on 68
velocity 0
time 2
note_on 66
velocity 38
time 3
note_on 75
velocity 68
time 10
note_on 73
velocity 0
time 3
note_on 66
velocity 0
time 10
note_on 58
velocity 0
time 11
note_on 65
velocity 42
time 0
note_on 63
velocity 47
time 58
note_on 72
velocity 67
time 0
note_on 78
velocity 0
time 41
note_on 63
velocity 0
time 74
note_on 65
velocity 0
time 22
note_on 61
velocity 47
time 19
note_on 75
velocity 0
time 26
note_on 61
velocity 0
time 170
note_on 60
velocity 34
time 2
note_on 57
velocity 36
time 1
note_on 77
velocity 68
time 3
note_on 72
velocity 0
time 2
note_on 60
velocity 0
time 7
note_on 61
velocity 43
time 0
note_on 61
velocity 0
time 39
note_on 63
velocity 37
time 6
note_on 72
velocity 61
time 46
note_on 77
velocity 0
time 6
note_on 72
velocity 0
time 149
note_on 66
velocity 63
time 36
note_on 66
velocity 0
time 118
note_on 63
velocity 0
time 71
note_on 58
velocity 42
time 3
note_on 73
velocity 66
time 1
note_on 65
velocity 43
time 7
note_on 57
velocity 0
time 10
note_on 63
velocity 54
time 13
note_on 65
velocity 0
time 15
note_on 61
velocity 66
time 11
note_on 63
velocity 0
time 16
note_on 58
velocity 0
time 134
note_on 61
velocity 0
time 14
note_on 60
velocity 61
time 9
note_on 58
velocity 50
time 11
note_on 65
velocity 77
time 9
note_on 56
velocity 54
time 10
note_on 58
velocity 0
time 9
note_on 60
velocity 0
time 48
note_on 56
velocity 0
time 10
note_on 70
velocity 87
time 24
note_on 55
velocity 51
time 2
note_on 55
velocity 0
time 15
note_on 53
velocity 54
time 36
note_on 53
velocity 0
time 2
note_on 67
velocity 84
time 9
note_on 51
velocity 51
time 6
note_on 65
velocity 0
time 22
note_on 61
velocity 61
time 11
note_on 51
velocity 0
time 23
note_on 61
velocity 0
time 24
note_on 60
velocity 57
time 7
note_on 63
velocity 80
time 0
note_on 73
velocity 0
time 75
note_on 67
velocity 0
time 3
note_on 58
velocity 62
time 41
note_on 70
velocity 0
time 6
note_on 58
velocity 0
time 11
note_on 56
velocity 59
time 1
note_on 72
velocity 84
time 10
note_on 63
velocity 0
time 7
note_on 56
velocity 0
time 27
note_on 55
velocity 52
time 15
note_on 72
velocity 0
time 13
note_on 60
velocity 0
time 69
note_on 55
velocity 0
time 82
note_on 53
velocity 52
time 37
note_on 77
velocity 87
time 0
note_on 68
velocity 69
time 11
note_on 77
velocity 0
time 199
note_on 53
velocity 0
time 11
note_on 55
velocity 56
time 2
note_on 56
velocity 52
time 13
note_on 74
velocity 86
time 0
note_on 65
velocity 64
time 13
note_on 68
velocity 0
time 1
note_on 55
velocity 0
time 0
note_on 60
velocity 62
time 28
note_on 56
velocity 0
time 5
note_on 65
velocity 0
time 29
note_on 70
velocity 83
time 134
note_on 58
velocity 63
time 1
note_on 60
velocity 0
time 2
note_on 62
velocity 63
time 3
note_on 74
velocity 0
time 52
note_on 62
velocity 0
time 40
note_on 56
velocity 63
time 0
note_on 58
velocity 0
time 15
note_on 55
velocity 71
time 3
note_on 56
velocity 0
time 7
note_on 75
velocity 78
time 9
note_on 70
velocity 0
time 24
note_on 53
velocity 76
time 37
note_on 55
velocity 0
time 15
note_on 51
velocity 71
time 72
note_on 67
velocity 47
time 31
note_on 53
velocity 0
time 26
note_on 49
velocity 71
time 183
note_on 51
velocity 0
time 23
note_on 48
velocity 61
time 248
note_on 68
velocity 59
time 23
note_on 49
velocity 0
time 11
note_on 67
velocity 0
time 72
note_on 70
velocity 53
time 18
note_on 68
velocity 0
time 5
note_on 75
velocity 0
time 0
note_on 72
velocity 62
time 11
note_on 56
velocity 46
time 5
note_on 70
velocity 0
time 1
note_on 48
velocity 0
time 0
note_on 70
velocity 55
time 22
note_on 72
velocity 0
time 41
note_on 56
velocity 0
time 216
note_on 70
velocity 0
time 2
note_on 74
velocity 59
time 1
note_on 58
velocity 40
time 10
note_on 68
velocity 48
time 3
note_on 67
velocity 54
time 1
note_on 68
velocity 0
time 15
note_on 67
velocity 0
time 3
note_on 65
velocity 56
time 19
note_on 46
velocity 45
time 2
note_on 74
velocity 0
time 46
note_on 65
velocity 0
time 2
note_on 68
velocity 55
time 13
note_on 58
velocity 0
time 5
note_on 68
velocity 0
time 19
note_on 51
velocity 38
time 15
note_on 75
velocity 50
time 2
note_on 67
velocity 35
time 10
note_on 46
velocity 0
time 5
note_on 68
velocity 51
time 126
note_on 67
velocity 0
time 20
note_on 70
velocity 52
time 256
note_on 68
velocity 0
time 40
note_on 67
velocity 57
time 210
note_on 70
velocity 0
time 39
note_on 63
velocity 47
time 15
note_on 53
velocity 56
time 83
note_on 67
velocity 0
time 39
note_on 51
velocity 0
time 50
note_on 53
velocity 0
time 7
note_on 55
velocity 64
time 11
note_on 70
velocity 55
time 11
note_on 56
velocity 73
time 49
note_on 55
velocity 0
time 28
note_on 63
velocity 0
time 36
note_on 58
velocity 76
time 22
note_on 67
velocity 61
time 11
note_on 56
velocity 0
time 78
note_on 60
velocity 79
time 2
note_on 58
velocity 0
time 7
note_on 75
velocity 0
time 3
note_on 61
velocity 73
time 5
note_on 63
velocity 70
time 7
note_on 60
velocity 0
time 0
note_on 60
velocity 66
time 0
note_on 61
velocity 0
time 0
note_on 70
velocity 0
time 41
note_on 58
velocity 55
time 9
note_on 73
velocity 76
time 13
note_on 60
velocity 0
time 19
note_on 67
velocity 0
time 2
note_on 58
velocity 0
time 24
note_on 56
velocity 51
time 15
note_on 56
velocity 0
time 23
note_on 55
velocity 43
time 29
note_on 70
velocity 67
time 11
note_on 55
velocity 0
time 6
note_on 58
velocity 51
time 15
note_on 63
velocity 0
time 7
note_on 58
velocity 0
time 79
note_on 56
velocity 45
time 16
note_on 72
velocity 57
time 13
note_on 73
velocity 0
time 11
note_on 70
velocity 0
time 13
note_on 51
velocity 46
time 15
note_on 56
velocity 0
time 16
note_on 53
velocity 54
time 2
note_on 51
velocity 0
time 23
note_on 53
velocity 0
time 11
note_on 55
velocity 59
time 18
note_on 55
velocity 0
time 11
note_on 56
velocity 48
time 16
note_on 68
velocity 68
time 22
note_on 72
velocity 0
time 58
note_on 58
velocity 55
time 6
note_on 56
velocity 0
time 9
note_on 58
velocity 0
time 7
note_on 60
velocity 49
time 6
note_on 75
velocity 80
time 15
note_on 61
velocity 63
time 15
note_on 60
velocity 0
time 9
note_on 68
velocity 0
time 7
note_on 63
velocity 74
time 7
note_on 72
velocity 79
time 10
note_on 61
velocity 0
time 98
note_on 65
velocity 74
time 33
note_on 63
velocity 0
time 11
note_on 66
velocity 69
time 50
note_on 68
velocity 81
time 10
note_on 65
velocity 0
time 6
note_on 66
velocity 0
time 10
note_on 65
velocity 56
time 6
note_on 75
velocity 0
time 3
note_on 72
velocity 0
time 2
note_on 63
velocity 52
time 15
note_on 65
velocity 0
time 2
note_on 78
velocity 83
time 0
note_on 63
velocity 0
time 14
note_on 61
velocity 51
time 15
note_on 61
velocity 0
time 2
note_on 75
velocity 72
time 0
note_on 60
velocity 48
time 6
note_on 72
velocity 53
time 1
note_on 78
velocity 0
time 2
note_on 60
velocity 0
time 29
note_on 63
velocity 45
time 15
note_on 63
velocity 0
time 10
note_on 61
velocity 49
time 7
note_on 77
velocity 66
time 13
note_on 75
velocity 0
time 54
note_on 72
velocity 0
time 14
note_on 68
velocity 0
time 14
note_on 61
velocity 0
time 2
note_on 63
velocity 40
time 9
note_on 63
velocity 0
time 16
note_on 65
velocity 38
time 5
note_on 68
velocity 47
time 9
note_on 65
velocity 0
time 2
note_on 63
velocity 42
time 23
note_on 77
velocity 0
time 23
note_on 68
velocity 0
time 62
note_on 63
velocity 0
time 6
note_on 61
velocity 44
time 1
note_on 70
velocity 54
time 15
note_on 77
velocity 71
time 0
note_on 61
velocity 0
time 3
note_on 60
velocity 45
time 3
note_on 77
velocity 0
time 13
note_on 60
velocity 0
time 35
note_on 58
velocity 46
time 69
note_on 70
velocity 0
time 0
note_on 79
velocity 71
time 7
note_on 73
velocity 52
time 16
note_on 61
velocity 41
time 183
note_on 58
velocity 0
time 35
note_on 61
velocity 0
time 11
note_on 60
velocity 41
time 0
note_on 75
velocity 64
time 2
note_on 73
velocity 0
time 48
note_on 79
velocity 0
time 2
note_on 61
velocity 37
time 15
note_on 60
velocity 0
time 6
note_on 61
velocity 0
time 50
note_on 63
velocity 42
time 37
note_on 67
velocity 46
time 9
note_on 67
velocity 0
time 74
note_on 61
velocity 32
time 10
note_on 63
velocity 0
time 13
note_on 75
velocity 0
time 62
note_on 61
velocity 0
time 6
note_on 60
velocity 39
time 9
note_on 75
velocity 57
time 1
note_on 69
velocity 40
time 3
note_on 60
velocity 0
time 3
note_on 58
velocity 41
time 22
note_on 69
velocity 0
time 92
note_on 58
velocity 0
time 1
note_on 75
velocity 0
time 0
note_on 77
velocity 63
time 2
note_on 57
velocity 34
time 14
note_on 72
velocity 46
time 6
note_on 57
velocity 0
time 1
note_on 60
velocity 38
time 32
note_on 60
velocity 0
time 3
note_on 58
velocity 43
time 13
note_on 72
velocity 0
time 0
note_on 73
velocity 57
time 11
note_on 58
velocity 0
time 16
note_on 60
velocity 35
time 7
note_on 77
velocity 0
time 9
note_on 60
velocity 0
time 9
note_on 65
velocity 54
time 18
note_on 61
velocity 43
time 6
note_on 65
velocity 0
time 44
note_on 73
velocity 0
time 32
note_on 61
velocity 0
time 23
note_on 60
velocity 40
time 61
note_on 60
velocity 0
time 256
note_on 73
velocity 76
time 6
note_on 58
velocity 49
time 7
note_on 70
velocity 64
time 3
note_on 58
velocity 0
time 3
note_on 56
velocity 48
time 13
note_on 70
velocity 0
time 42
note_on 56
velocity 0
time 28
note_on 55
velocity 47
time 61
note_on 82
velocity 85
time 13
note_on 82
velocity 0
time 23
note_on 58
velocity 46
time 50
note_on 55
velocity 0
time 225
note_on 72
velocity 85
time 14
note_on 56
velocity 57
time 7
note_on 58
velocity 0
time 7
note_on 73
velocity 0
time 5
note_on 56
velocity 0
time 9
note_on 55
velocity 56
time 19
note_on 73
velocity 79
time 164
note_on 55
velocity 0
time 10
note_on 53
velocity 60
time 16
note_on 72
velocity 0
time 19
note_on 70
velocity 86
time 127
note_on 51
velocity 63
time 9
note_on 53
velocity 0
time 3
note_on 73
velocity 0
time 2
note_on 70
velocity 0
time 29
note_on 49
velocity 60
time 18
note_on 72
velocity 81
time 0
note_on 68
velocity 69
time 10
note_on 51
velocity 0
time 6
note_on 53
velocity 63
time 1
note_on 49
velocity 0
time 31
note_on 80
velocity 93
time 3
note_on 72
velocity 0
time 62
note_on 80
velocity 0
time 19
note_on 51
velocity 21
time 29
note_on 51
velocity 0
time 5
note_on 70
velocity 76
time 7
note_on 51
velocity 68
time 5
note_on 53
velocity 0
time 14
note_on 68
velocity 0
time 13
note_on 49
velocity 61
time 28
note_on 51
velocity 0
time 9
note_on 67
velocity 86
time 6
note_on 49
velocity 0
time 37
note_on 70
velocity 0
time 5
note_on 48
velocity 73
time 31
note_on 68
velocity 79
time 32
note_on 67
velocity 0
time 188
note_on 46
velocity 80
time 11
note_on 70
velocity 77
time 20
note_on 48
velocity 0
time 50
note_on 68
velocity 0
time 16
note_on 70
velocity 0
time 55
note_on 44
velocity 81
time 6
note_on 72
velocity 65
time 10
note_on 46
velocity 0
time 9
note_on 75
velocity 72
time 55
note_on 51
velocity 87
time 65
note_on 77
velocity 79
time 10
note_on 75
velocity 0
time 7
note_on 44
velocity 0
time 7
note_on 79
velocity 80
time 74
note_on 77
velocity 0
time 147
note_on 48
velocity 83
time 13
note_on 80
velocity 83
time 2
note_on 79
velocity 0
time 6
note_on 51
velocity 0
time 6
note_on 72
velocity 0
time 5
note_on 73
velocity 59
time 9
note_on 73
velocity 0
time 7
note_on 44
velocity 75
time 6
note_on 75
velocity 62
time 0
note_on 48
velocity 0
time 3
note_on 72
velocity 56
time 15
note_on 75
velocity 0
time 10
note_on 53
velocity 80
time 5
note_on 73
velocity 52
time 27
note_on 72
velocity 0
time 84
note_on 80
velocity 0
time 5
note_on 79
velocity 49
time 16
note_on 73
velocity 0
time 18
note_on 53
velocity 0
time 3
note_on 49
velocity 65
time 5
note_on 77
velocity 57
time 6
note_on 44
velocity 0
time 0
note_on 79
velocity 0
time 7
note_on 80
velocity 59
time 93
note_on 77
velocity 0
time 50
note_on 80
velocity 0
time 15
note_on 51
velocity 47
time 0
note_on 73
velocity 44
time 14
note_on 79
velocity 57
time 1
note_on 49
velocity 0
time 2
note_on 73
velocity 0
time 10
note_on 72
velocity 51
time 2
note_on 70
velocity 58
time 35
note_on 72
velocity 0
time 87
note_on 51
velocity 0
time 71
note_on 73
velocity 59
time 74
note_on 70
velocity 0
time 2
note_on 72
velocity 65
time 6
note_on 55
velocity 48
time 5
note_on 73
velocity 0
time 0
note_on 52
velocity 46
time 14
note_on 58
velocity 46
time 7
note_on 55
velocity 0
time 2
note_on 79
velocity 0
time 2
note_on 52
velocity 0
time 2
note_on 58
velocity 0
time 2
note_on 60
velocity 77
time 1
note_on 56
velocity 60
time 9
note_on 55
velocity 62
time 72
note_on 56
velocity 0
time 22
note_on 56
velocity 83
time 2
note_on 55
velocity 0
time 6
note_on 70
velocity 61
time 1
note_on 72
velocity 0
time 13
note_on 53
velocity 85
time 18
note_on 68
velocity 60
time 6
note_on 70
velocity 0
time 0
note_on 56
velocity 0
time 13
note_on 60
velocity 0
time 5
note_on 67
velocity 56
time 93
note_on 68
velocity 0
time 28
note_on 62
velocity 88
time 1
note_on 68
velocity 53
time 6
note_on 72
velocity 57
time 9
note_on 68
velocity 0
time 2
note_on 59
velocity 82
time 33
note_on 77
velocity 62
time 11
note_on 72
velocity 0
time 15
note_on 67
velocity 0
time 19
note_on 62
velocity 0
time 6
note_on 53
velocity 0
time 7
note_on 68
velocity 48
time 48
note_on 59
velocity 0
time 26
note_on 60
velocity 86
time 0
note_on 67
velocity 67
time 1
note_on 68
velocity 0
time 6
note_on 48
velocity 80
time 1
note_on 51
velocity 56
time 1
note_on 75
velocity 57
time 27
note_on 60
velocity 0
time 23
note_on 53
velocity 57
time 0
note_on 51
velocity 0
time 18
note_on 74
velocity 62
time 0
note_on 77
velocity 0
time 28
note_on 75
velocity 0
time 1
note_on 53
velocity 0
time 29
note_on 77
velocity 82
time 35
note_on 55
velocity 56
time 11
note_on 74
velocity 0
time 0
note_on 67
velocity 0
time 2
note_on 77
velocity 0
time 9
note_on 56
velocity 63
time 15
note_on 75
velocity 80
time 2
note_on 55
velocity 0
time 3
note_on 63
velocity 70
time 9
note_on 58
velocity 54
time 13
note_on 48
velocity 0
time 15
note_on 75
velocity 0
time 70
note_on 60
velocity 53
time 88
note_on 58
velocity 0
time 2
note_on 68
velocity 89
time 6
note_on 56
velocity 0
time 53
note_on 60
velocity 0
time 88
note_on 58
velocity 57
time 45
note_on 58
velocity 0
time 80
note_on 63
velocity 0
time 14
note_on 65
velocity 84
time 16
note_on 49
velocity 49
time 3
note_on 56
velocity 49
time 6
note_on 55
velocity 41
time 16
note_on 56
velocity 0
time 14
note_on 55
velocity 0
time 5
note_on 61
velocity 87
time 2
note_on 53
velocity 44
time 1
note_on 68
velocity 0
time 3
note_on 65
velocity 0
time 1
note_on 55
velocity 45
time 13
note_on 53
velocity 0
time 15
note_on 55
velocity 0
time 3
note_on 56
velocity 49
time 0
note_on 70
velocity 81
time 2
note_on 73
velocity 76
time 6
note_on 55
velocity 43
time 11
note_on 61
velocity 0
time 14
note_on 56
velocity 0
time 14
note_on 67
velocity 88
time 57
note_on 53
velocity 50
time 29
note_on 55
velocity 0
time 40
note_on 49
velocity 0
time 59
note_on 53
velocity 0
time 67
note_on 51
velocity 56
time 23
note_on 51
velocity 0
time 79
note_on 67
velocity 0
time 10
note_on 73
velocity 0
time 158
note_on 68
velocity 93
time 15
note_on 70
velocity 0
time 15
note_on 44
velocity 51
time 2
note_on 53
velocity 46
time 7
note_on 53
velocity 0
time 11
note_on 72
velocity 58
time 2
note_on 51
velocity 42
time 1
note_on 51
velocity 0
time 76
note_on 49
velocity 40
time 28
note_on 70
velocity 60
time 18
note_on 72
velocity 0
time 45
note_on 73
velocity 63
time 92
note_on 49
velocity 0
time 2
note_on 70
velocity 0
time 1
note_on 53
velocity 33
time 15
note_on 73
velocity 0
time 0
note_on 44
velocity 0
time 6
note_on 72
velocity 66
time 3
note_on 51
velocity 48
time 6
note_on 53
velocity 0
time 6
note_on 51
velocity 0
time 65
note_on 41
velocity 59
time 85
note_on 77
velocity 70
time 14
note_on 43
velocity 66
time 0
note_on 72
velocity 0
time 6
note_on 41
velocity 0
time 5
note_on 44
velocity 71
time 93
note_on 43
velocity 0
time 113
note_on 46
velocity 74
time 89
note_on 73
velocity 63
time 16
note_on 68
velocity 0
time 6
note_on 44
velocity 0
time 14
note_on 46
velocity 0
time 14
note_on 48
velocity 65
time 10
note_on 48
velocity 0
time 39
note_on 49
velocity 58
time 3
note_on 70
velocity 62
time 1
note_on 77
velocity 0
time 1
note_on 49
velocity 0
time 136
note_on 51
velocity 50
time 1
note_on 51
velocity 0
time 11
note_on 49
velocity 42
time 10
note_on 78
velocity 70
time 9
note_on 73
velocity 0
time 15
note_on 49
velocity 0
time 15
note_on 48
velocity 44
time 0
note_on 48
velocity 0
time 10
note_on 46
velocity 46
time 26
note_on 72
velocity 46
time 29
note_on 75
velocity 61
time 0
note_on 78
velocity 0
time 32
note_on 46
velocity 0
time 72
note_on 44
velocity 46
time 5
note_on 72
velocity 0
time 6
note_on 44
velocity 0
time 6
note_on 77
velocity 65
time 7
note_on 49
velocity 42
time 5
note_on 75
velocity 0
time 33
note_on 49
velocity 0
time 14
note_on 48
velocity 40
time 3
note_on 48
velocity 0
time 1
note_on 49
velocity 40
time 13
note_on 73
velocity 52
time 14
note_on 77
velocity 0
time 16
note_on 49
velocity 0
time 18
note_on 53
velocity 41
time 1
note_on 51
velocity 46
time 10
note_on 80
velocity 76
time 5
note_on 53
velocity 0
time 15
note_on 73
velocity 0
time 14
note_on 51
velocity 0
time 15
note_on 50
velocity 46
time 5
note_on 50
velocity 0
time 139
note_on 77
velocity 82
time 20
note_on 74
velocity 74
time 3
note_on 48
velocity 50
time 14
note_on 80
velocity 0
time 110
note_on 46
velocity 55
time 122
note_on 48
velocity 0
time 35
note_on 70
velocity 0
time 24
note_on 51
velocity 45
time 15
note_on 79
velocity 78
time 0
note_on 46
velocity 0
time 5
note_on 70
velocity 51
time 11
note_on 74
velocity 0
time 22
note_on 77
velocity 0
time 6
note_on 51
velocity 0
time 15
note_on 50
velocity 45
time 11
note_on 50
velocity 0
time 48
note_on 75
velocity 82
time 3
note_on 51
velocity 48
time 6
note_on 79
velocity 0
time 109
note_on 70
velocity 0
time 50
note_on 51
velocity 0
time 48
note_on 55
velocity 44
time 37
note_on 82
velocity 89
time 10
note_on 53
velocity 44
time 0
note_on 53
velocity 0
time 6
note_on 52
velocity 50
time 3
note_on 75
velocity 0
time 22
note_on 55
velocity 0
time 76
note_on 82
velocity 0
time 84
note_on 52
velocity 0
time 9
note_on 79
velocity 82
time 13
note_on 76
velocity 71
time 6
note_on 72
velocity 67
time 1
note_on 50
velocity 51
time 7
note_on 50
velocity 0
time 191
note_on 76
velocity 0
time 24
note_on 48
velocity 51
time 9
note_on 79
velocity 0
time 204
note_on 53
velocity 41
time 15
note_on 80
velocity 86
time 2
note_on 77
velocity 68
time 3
note_on 72
velocity 0
time 41
note_on 53
velocity 0
time 11
note_on 48
velocity 0
time 0
note_on 55
velocity 49
time 15
note_on 56
velocity 50
time 139
note_on 72
velocity 84
time 20
note_on 55
velocity 0
time 40
note_on 53
velocity 53
time 48
note_on 56
velocity 0
time 1
note_on 73
velocity 82
time 10
note_on 58
velocity 55
time 0
note_on 72
velocity 0
time 16
note_on 58
velocity 0
time 7
note_on 56
velocity 50
time 1
note_on 53
velocity 0
time 26
note_on 77
velocity 0
time 20
note_on 80
velocity 0
time 26
note_on 56
velocity 0
time 9
note_on 55
velocity 50
time 33
note_on 70
velocity 79
time 5
note_on 55
velocity 0
time 55
note_on 53
velocity 54
time 28
note_on 70
velocity 0
time 11
note_on 51
velocity 49
time 6
note_on 53
velocity 0
time 3
note_on 67
velocity 80
time 10
note_on 51
velocity 0
time 37
note_on 49
velocity 52
time 14
note_on 73
velocity 0
time 28
note_on 49
velocity 0
time 23
note_on 48
velocity 57
time 33
note_on 75
velocity 85
time 13
note_on 46
velocity 61
time 192
note_on 48
velocity 0
time 46
note_on 75
velocity 0
time 0
note_on 72
velocity 88
time 5
note_on 44
velocity 57
time 19
note_on 46
velocity 0
time 13
note_on 67
velocity 0
time 0
note_on 46
velocity 54
time 0
note_on 44
velocity 0
time 0
note_on 46
velocity 0
time 33
note_on 48
velocity 58
time 16
note_on 77
velocity 90
time 0
note_on 68
velocity 76
time 3
note_on 72
velocity 0
time 6
note_on 65
velocity 69
time 5
note_on 68
velocity 0
time 93
note_on 77
velocity 0
time 5
note_on 49
velocity 68
time 115
note_on 65
velocity 0
time 14
note_on 48
velocity 0
time 42
note_on 72
velocity 87
time 16
note_on 68
velocity 64
time 2
note_on 51
velocity 66
time 7
note_on 63
velocity 81
time 7
note_on 49
velocity 0
time 42
note_on 49
velocity 66
time 7
note_on 51
velocity 0
time 1
note_on 48
velocity 80
time 151
note_on 49
velocity 0
time 18
note_on 68
velocity 0
time 117
note_on 49
velocity 85
time 83
note_on 63
velocity 0
time 11
note_on 48
velocity 0
time 59
note_on 51
velocity 80
time 16
note_on 70
velocity 90
time 9
note_on 61
velocity 74
time 14
note_on 49
velocity 0
time 33
note_on 72
velocity 0
time 19
note_on 39
velocity 74
time 18
note_on 67
velocity 81
time 11
note_on 51
velocity 0
time 15
note_on 67
velocity 0
time 10
note_on 61
velocity 0
time 0
note_on 39
velocity 0
time 9
note_on 41
velocity 67
time 39
note_on 65
velocity 83
time 28
note_on 60
velocity 78
time 9
note_on 65
velocity 0
time 18
note_on 68
velocity 86
time 72
note_on 60
velocity 0
time 9
note_on 41
velocity 0
time 36
note_on 67
velocity 88
time 13
note_on 70
velocity 0
time 3
note_on 68
velocity 0
time 6
note_on 68
velocity 90
time 15
note_on 67
velocity 0
time 14
note_on 39
velocity 72
time 23
note_on 68
velocity 0
time 14
note_on 70
velocity 80
time 13
note_on 41
velocity 71
time 1
note_on 75
velocity 86
time 2
note_on 63
velocity 80
time 1
note_on 39
velocity 0
time 15
note_on 41
velocity 0
time 1
note_on 43
velocity 76
time 9
note_on 70
velocity 0
time 1
note_on 44
velocity 84
time 10
note_on 72
velocity 79
time 2
note_on 43
velocity 0
time 0
note_on 46
velocity 85
time 7
note_on 63
velocity 0
time 0
note_on 44
velocity 0
time 11
note_on 75
velocity 0
time 111
note_on 48
velocity 80
time 7
note_on 46
velocity 0
time 22
note_on 68
velocity 95
time 7
note_on 72
velocity 0
time 52
note_on 51
velocity 80
time 24
note_on 48
velocity 0
time 62
note_on 49
velocity 66
time 0
note_on 77
velocity 94
time 2
note_on 51
velocity 0
time 42
note_on 68
velocity 0
time 1
note_on 49
velocity 0
time 9
note_on 48
velocity 60
time 2
note_on 73
velocity 88
time 3
note_on 65
velocity 78
time 3
note_on 70
velocity 78
time 6
note_on 46
velocity 63
time 0
note_on 48
velocity 0
time 1
note_on 77
velocity 0
time 39
note_on 44
velocity 55
time 6
note_on 46
velocity 0
time 22
note_on 44
velocity 0
time 11
note_on 43
velocity 56
time 18
note_on 75
velocity 88
time 9
note_on 70
velocity 0
time 22
note_on 73
velocity 0
time 3
note_on 41
velocity 55
time 16
note_on 43
velocity 0
time 3
note_on 67
velocity 77
time 7
note_on 39
velocity 53
time 5
note_on 41
velocity 0
time 1
note_on 65
velocity 0
time 19
note_on 75
velocity 0
time 0
note_on 39
velocity 0
time 7
note_on 37
velocity 50
time 13
note_on 67
velocity 0
time 15
note_on 37
velocity 0
time 75
note_on 36
velocity 50
time 13
note_on 68
velocity 81
time 3
note_on 39
velocity 45
time 5
note_on 36
velocity 0
time 11
note_on 39
velocity 0
time 1
note_on 37
velocity 45
time 10
note_on 58
velocity 61
time 0
note_on 65
velocity 71
time 0
note_on 41
velocity 52
time 0
note_on 58
velocity 0
time 14
note_on 37
velocity 0
time 6
note_on 41
velocity 0
time 16
note_on 39
velocity 44
time 6
note_on 58
velocity 74
time 10
note_on 65
velocity 0
time 41
note_on 60
velocity 66
time 261
note_on 58
velocity 0
time 16
note_on 61
velocity 76
time 9
note_on 60
velocity 0
time 58
note_on 68
velocity 0
time 89
note_on 65
velocity 81
time 5
note_on 61
velocity 0
time 14
note_on 51
velocity 42
time 7
note_on 67
velocity 83
time 11
note_on 63
velocity 68
time 2
note_on 65
velocity 0
time 14
note_on 39
velocity 0
time 11
note_on 61
velocity 67
time 9
note_on 63
velocity 0
time 0
note_on 60
velocity 65
time 6
note_on 61
velocity 0
time 18
note_on 61
velocity 62
time 10
note_on 60
velocity 0
time 14
note_on 67
velocity 0
time 5
note_on 51
velocity 0
time 7
note_on 68
velocity 72
time 359
note_on 44
velocity 37
time 14
note_on 60
velocity 53
time 3
note_on 51
velocity 31
time 5
note_on 61
velocity 0
time 18
note_on 51
velocity 0
time 2
note_on 44
velocity 0
time 11
note_on 60
velocity 0
time 7
note_on 68
velocity 0
time 15
