note_on 63
velocity 73
time 1052
note_on 64
velocity 73
time 11
note_on 63
velocity 0
time 15
note_on 64
velocity 0
time 10
note_on 63
velocity 68
time 246
note_on 68
velocity 61
time 148
note_on 71
velocity 78
time 13
note_on 62
velocity 68
time 9
note_on 63
velocity 0
time 3
note_on 68
velocity 0
time 0
note_on 62
velocity 0
time 108
note_on 61
velocity 55
time 272
note_on 70
velocity 71
time 0
note_on 39
velocity 51
time 7
note_on 67
velocity 57
time 0
note_on 71
velocity 0
time 6
note_on 67
velocity 0
time 13
note_on 70
velocity 0
time 11
note_on 61
velocity 0
time 6
note_on 68
velocity 64
time 438
note_on 44
velocity 45
time 23
note_on 39
velocity 0
time 6
note_on 51
velocity 33
time 442
note_on 56
velocity 27
time 23
note_on 59
velocity 32
time 1
note_on 63
velocity 34
time 10
note_on 59
velocity 0
time 191
note_on 63
velocity 0
time 11
note_on 56
velocity 0
time 3
note_on 51
velocity 0
time 5
note_on 68
velocity 0
time 304
note_on 44
velocity 0
time 337
note_on 70
velocity 45
time 466
note_on 71
velocity 58
time 380
note_on 70
velocity 0
time 75
note_on 73
velocity 72
time 196
note_on 71
velocity 0
time 97
note_on 75
velocity 68
time 41
note_on 73
velocity 0
time 46
note_on 75
velocity 0
time 11
note_on 78
velocity 69
time 286
note_on 76
velocity 67
time 14
note_on 78
velocity 0
time 37
note_on 76
velocity 0
time 0
note_on 75
velocity 56
time 265
note_on 80
velocity 60
time 7
note_on 75
velocity 0
time 10
note_on 80
velocity 0
time 2
note_on 75
velocity 58
time 7
note_on 68
velocity 46
time 1
note_on 71
velocity 45
time 5
note_on 56
velocity 34
time 1
note_on 63
velocity 35
time 0
note_on 75
velocity 0
time 13
note_on 63
velocity 0
time 240
note_on 56
velocity 0
time 16
note_on 75
velocity 74
time 72
note_on 71
velocity 0
time 166
note_on 68
velocity 0
time 179
note_on 73
velocity 71
time 96
note_on 76
velocity 75
time 0
note_on 70
velocity 58
time 2
note_on 61
velocity 50
time 0
note_on 49
velocity 53
time 7
note_on 68
velocity 43
time 6
note_on 75
velocity 0
time 2
note_on 73
velocity 0
time 2
note_on 70
velocity 0
time 88
note_on 61
velocity 0
time 9
note_on 49
velocity 0
time 2
note_on 68
velocity 0
time 1
note_on 75
velocity 69
time 313
note_on 76
velocity 0
time 18
note_on 68
velocity 47
time 1
note_on 71
velocity 50
time 10
note_on 56
velocity 44
time 1
note_on 44
velocity 47
time 9
note_on 71
velocity 0
time 13
note_on 68
velocity 0
time 9
note_on 75
velocity 0
time 7
note_on 56
velocity 0
time 5
note_on 44
velocity 0
time 16
note_on 73
velocity 67
time 32
note_on 71
velocity 65
time 6
note_on 73
velocity 0
time 14
note_on 70
velocity 59
time 427
note_on 71
velocity 0
time 119
note_on 73
velocity 60
time 48
note_on 64
velocity 46
time 24
note_on 68
velocity 47
time 0
note_on 49
velocity 33
time 2
note_on 37
velocity 24
time 15
note_on 70
velocity 0
time 7
note_on 68
velocity 0
time 0
note_on 49
velocity 0
time 13
note_on 37
velocity 0
time 9
note_on 64
velocity 0
time 9
note_on 71
velocity 55
time 339
note_on 63
velocity 44
time 14
note_on 32
velocity 44
time 2
note_on 68
velocity 46
time 5
note_on 44
velocity 38
time 2
note_on 73
velocity 0
time 3
note_on 68
velocity 0
time 3
note_on 71
velocity 0
time 16
note_on 63
velocity 0
time 7
note_on 44
velocity 0
time 11
note_on 32
velocity 0
time 7
note_on 64
velocity 73
time 177
note_on 63
velocity 74
time 145
note_on 64
velocity 0
time 27
note_on 71
velocity 70
time 158
note_on 68
velocity 62
time 13
note_on 62
velocity 56
time 7
note_on 63
velocity 0
time 14
note_on 68
velocity 0
time 9
note_on 62
velocity 0
time 18
note_on 70
velocity 64
time 265
note_on 61
velocity 56
time 2
note_on 67
velocity 54
time 9
note_on 39
velocity 51
time 5
note_on 71
velocity 0
time 6
note_on 67
velocity 0
time 6
note_on 70
velocity 0
time 18
note_on 61
velocity 0
time 11
note_on 44
velocity 46
time 382
note_on 68
velocity 64
time 7
note_on 39
velocity 0
time 0
note_on 51
velocity 33
time 14
note_on 59
velocity 32
time 5
note_on 63
velocity 41
time 13
note_on 56
velocity 21
time 5
note_on 68
velocity 0
time 10
note_on 59
velocity 0
time 13
note_on 63
velocity 0
time 0
note_on 51
velocity 0
time 13
note_on 56
velocity 0
time 10
note_on 71
velocity 64
time 119
note_on 59
velocity 40
time 1
note_on 51
velocity 33
time 19
note_on 63
velocity 46
time 2
note_on 56
velocity 24
time 18
note_on 59
velocity 0
time 31
note_on 63
velocity 0
time 14
note_on 71
velocity 0
time 22
note_on 44
velocity 0
time 286
note_on 56
velocity 0
time 96
note_on 75
velocity 73
time 23
note_on 51
velocity 0
time 9
note_on 73
velocity 71
time 85
note_on 76
velocity 79
time 5
note_on 70
velocity 59
time 6
note_on 61
velocity 56
time 6
note_on 68
velocity 54
time 2
note_on 49
velocity 53
time 7
note_on 75
velocity 0
time 1
note_on 73
velocity 0
time 19
note_on 68
velocity 0
time 10
note_on 68
velocity 25
time 0
note_on 70
velocity 0
time 14
note_on 61
velocity 0
time 7
note_on 49
velocity 0
time 10
note_on 68
velocity 0
time 11
note_on 75
velocity 69
time 246
note_on 68
velocity 37
time 29
note_on 71
velocity 52
time 2
note_on 56
velocity 43
time 22
note_on 76
velocity 0
time 2
note_on 44
velocity 48
time 1
note_on 71
velocity 0
time 18
note_on 75
velocity 0
time 0
note_on 68
velocity 0
time 5
note_on 56
velocity 0
time 55
note_on 44
velocity 0
time 59
note_on 73
velocity 66
time 110
note_on 71
velocity 71
time 108
note_on 73
velocity 0
time 92
note_on 70
velocity 65
time 252
note_on 71
velocity 0
time 72
note_on 73
velocity 69
time 130
note_on 49
velocity 40
time 1
note_on 37
velocity 37
time 6
note_on 68
velocity 52
time 6
note_on 64
velocity 54
time 1
note_on 70
velocity 0
time 29
note_on 68
velocity 0
time 18
note_on 49
velocity 0
time 7
note_on 37
velocity 0
time 6
note_on 64
velocity 0
time 3
note_on 71
velocity 56
time 292
note_on 63
velocity 48
time 19
note_on 68
velocity 52
time 2
note_on 32
velocity 40
time 9
note_on 73
velocity 0
time 1
note_on 44
velocity 36
time 2
note_on 68
velocity 0
time 13
note_on 71
velocity 0
time 1
note_on 63
velocity 0
time 10
note_on 44
velocity 0
time 89
note_on 32
velocity 0
time 44
note_on 64
velocity 58
time 49
note_on 64
velocity 0
time 71
note_on 66
velocity 63
time 16
note_on 64
velocity 66
time 75
note_on 66
velocity 0
time 14
note_on 63
velocity 73
time 13
note_on 64
velocity 0
time 15
note_on 71
velocity 69
time 184
note_on 68
velocity 59
time 9
note_on 62
velocity 62
time 5
note_on 63
velocity 0
time 9
note_on 68
velocity 0
time 6
note_on 62
velocity 0
time 10
note_on 70
velocity 62
time 5
note_on 61
velocity 47
time 6
note_on 67
velocity 49
time 3
note_on 39
velocity 44
time 3
note_on 71
velocity 0
time 36
note_on 67
velocity 0
time 18
note_on 70
velocity 0
time 0
note_on 61
velocity 0
time 10
note_on 44
velocity 45
time 377
note_on 68
velocity 52
time 19
note_on 39
velocity 0
time 13
note_on 56
velocity 34
time 243
note_on 63
velocity 42
time 22
note_on 59
velocity 36
time 1
note_on 59
velocity 0
time 127
note_on 68
velocity 0
time 65
note_on 63
velocity 0
time 28
note_on 56
velocity 0
time 148
note_on 44
velocity 0
time 285
note_on 71
velocity 62
time 14
note_on 64
velocity 46
time 22
note_on 55
velocity 43
time 7
note_on 55
velocity 0
time 85
note_on 64
velocity 0
time 220
note_on 70
velocity 67
time 345
note_on 54
velocity 41
time 13
note_on 64
velocity 45
time 0
note_on 61
velocity 43
time 2
note_on 71
velocity 0
time 5
note_on 59
velocity 43
time 205
note_on 68
velocity 61
time 3
note_on 61
velocity 0
time 76
note_on 58
velocity 54
time 22
note_on 66
velocity 62
time 13
note_on 70
velocity 0
time 35
note_on 59
velocity 0
time 1
note_on 68
velocity 0
time 22
note_on 71
velocity 76
time 15
note_on 63
velocity 55
time 9
note_on 54
velocity 0
time 3
note_on 66
velocity 0
time 5
note_on 64
velocity 0
time 1
note_on 63
velocity 0
time 19
note_on 70
velocity 73
time 75
note_on 64
velocity 54
time 18
note_on 61
velocity 59
time 7
note_on 54
velocity 53
time 9
note_on 58
velocity 0
time 2
note_on 71
velocity 0
time 10
note_on 59
velocity 63
time 26
note_on 68
velocity 68
time 1
note_on 61
velocity 0
time 16
note_on 66
velocity 79
time 15
note_on 58
velocity 64
time 2
note_on 70
velocity 0
time 3
note_on 59
velocity 0
time 9
note_on 68
velocity 0
time 18
note_on 68
velocity 81
time 18
note_on 59
velocity 68
time 19
note_on 66
velocity 0
time 50
note_on 54
velocity 0
time 19
note_on 58
velocity 0
time 9
note_on 64
velocity 0
time 45
note_on 70
velocity 78
time 303
note_on 54
velocity 63
time 11
note_on 61
velocity 68
time 0
note_on 64
velocity 67
time 0
note_on 66
velocity 66
time 5
note_on 59
velocity 0
time 7
note_on 68
velocity 0
time 18
note_on 70
velocity 0
time 6
note_on 54
velocity 0
time 41
note_on 61
velocity 0
time 2
note_on 66
velocity 0
time 13
note_on 71
velocity 81
time 76
note_on 64
velocity 0
time 16
note_on 63
velocity 66
time 11
note_on 71
velocity 0
time 16
note_on 63
velocity 0
time 27
note_on 73
velocity 91
time 69
note_on 64
velocity 75
time 14
note_on 66
velocity 76
time 3
note_on 70
velocity 61
time 20
note_on 54
velocity 57
time 1
note_on 66
velocity 0
time 114
note_on 73
velocity 0
time 36
note_on 72
velocity 86
time 33
note_on 63
velocity 80
time 5
note_on 69
velocity 79
time 5
note_on 70
velocity 0
time 19
note_on 64
velocity 0
time 13
note_on 69
velocity 0
time 33
note_on 72
velocity 0
time 27
note_on 54
velocity 0
time 29
note_on 63
velocity 0
time 0
note_on 73
velocity 87
time 341
note_on 61
velocity 68
time 1
note_on 66
velocity 70
time 2
note_on 70
velocity 79
time 0
note_on 54
velocity 58
time 23
note_on 61
velocity 0
time 0
note_on 70
velocity 0
time 14
note_on 66
velocity 0
time 52
note_on 80
velocity 86
time 125
note_on 65
velocity 65
time 28
note_on 62
velocity 63
time 3
note_on 71
velocity 69
time 0
note_on 73
velocity 0
time 69
note_on 71
velocity 0
time 72
note_on 78
velocity 87
time 153
note_on 62
velocity 0
time 22
note_on 61
velocity 72
time 2
note_on 70
velocity 73
time 0
note_on 80
velocity 0
time 0
note_on 54
velocity 0
time 2
note_on 65
velocity 0
time 44
note_on 63
velocity 78
time 14
note_on 61
velocity 0
time 2
note_on 61
velocity 81
time 109
note_on 63
velocity 0
time 11
note_on 70
velocity 0
time 54
note_on 71
velocity 84
time 126
note_on 78
velocity 0
time 9
note_on 68
velocity 75
time 2
note_on 77
velocity 80
time 207
note_on 83
velocity 83
time 6
note_on 73
velocity 69
time 1
note_on 68
velocity 0
time 67
note_on 77
velocity 0
time 3
note_on 73
velocity 0
time 167
note_on 71
velocity 0
time 1
note_on 82
velocity 67
time 6
note_on 66
velocity 55
time 5
note_on 78
velocity 57
time 0
note_on 83
velocity 0
time 3
note_on 61
velocity 0
time 13
note_on 78
velocity 0
time 2
note_on 82
velocity 0
time 3
note_on 66
velocity 0
time 3
note_on 66
velocity 56
time 156
note_on 66
velocity 0
time 29
note_on 68
velocity 71
time 28
note_on 66
velocity 71
time 15
note_on 68
velocity 0
time 50
note_on 65
velocity 57
time 75
note_on 66
velocity 0
time 1
note_on 61
velocity 38
time 15
note_on 49
velocity 44
time 1
note_on 71
velocity 70
time 1
note_on 56
velocity 41
time 3
note_on 65
velocity 0
time 0
note_on 70
velocity 68
time 7
note_on 54
velocity 58
time 3
note_on 66
velocity 59
time 16
note_on 49
velocity 0
time 7
note_on 71
velocity 0
time 11
note_on 56
velocity 0
time 5
note_on 61
velocity 0
time 10
note_on 66
velocity 0
time 1
note_on 70
velocity 0
time 13
note_on 54
velocity 0
time 24
note_on 78
velocity 74
time 259
note_on 78
velocity 0
time 74
note_on 80
velocity 79
time 3
note_on 78
velocity 69
time 59
note_on 80
velocity 0
time 76
note_on 77
velocity 84
time 48
note_on 78
velocity 0
time 72
note_on 68
velocity 64
time 58
note_on 83
velocity 84
time 6
note_on 73
velocity 62
time 1
note_on 61
velocity 58
time 5
note_on 73
velocity 0
time 3
note_on 82
velocity 70
time 2
note_on 68
velocity 0
time 3
note_on 78
velocity 58
time 7
note_on 66
velocity 57
time 6
note_on 77
velocity 0
time 0
note_on 83
velocity 0
time 3
note_on 61
velocity 0
time 0
note_on 78
velocity 0
time 5
note_on 82
velocity 0
time 6
note_on 66
velocity 0
time 58
note_on 66
velocity 69
time 278
note_on 66
velocity 0
time 52
note_on 68
velocity 65
time 32
note_on 66
velocity 64
time 71
note_on 68
velocity 0
time 2
note_on 65
velocity 65
time 167
note_on 61
velocity 43
time 145
note_on 71
velocity 68
time 0
note_on 56
velocity 41
time 2
note_on 66
velocity 0
time 2
note_on 49
velocity 42
time 2
note_on 70
velocity 72
time 9
note_on 54
velocity 54
time 3
note_on 66
velocity 57
time 3
note_on 56
velocity 0
time 9
note_on 49
velocity 0
time 10
note_on 61
velocity 0
time 11
note_on 71
velocity 0
time 1
note_on 65
velocity 0
time 13
note_on 66
velocity 0
time 16
note_on 68
velocity 82
time 380
note_on 52
velocity 65
time 19
note_on 54
velocity 0
time 119
note_on 70
velocity 0
time 10
note_on 64
velocity 64
time 0
note_on 61
velocity 59
time 5
note_on 56
velocity 53
time 1
note_on 56
velocity 0
time 119
note_on 68
velocity 0
time 7
note_on 61
velocity 0
time 1
note_on 70
velocity 74
time 15
note_on 64
velocity 0
time 23
note_on 70
velocity 0
time 80
note_on 68
velocity 72
time 110
note_on 64
velocity 59
time 22
note_on 61
velocity 60
time 6
note_on 68
velocity 0
time 10
note_on 70
velocity 75
time 9
note_on 56
velocity 41
time 10
note_on 61
velocity 0
time 29
note_on 68
velocity 82
time 36
note_on 56
velocity 0
time 1
note_on 64
velocity 0
time 13
note_on 70
velocity 0
time 13
note_on 68
velocity 0
time 58
note_on 67
velocity 81
time 27
note_on 68
velocity 82
time 213
note_on 64
velocity 57
time 3
note_on 61
velocity 57
time 2
note_on 56
velocity 51
time 0
note_on 67
velocity 0
time 7
note_on 68
velocity 0
time 42
note_on 73
velocity 85
time 101
note_on 73
velocity 0
time 83
note_on 75
velocity 88
time 140
note_on 75
velocity 0
time 7
note_on 64
velocity 0
time 39
note_on 56
velocity 0
time 45
note_on 61
velocity 0
time 3
note_on 52
velocity 0
time 16
note_on 76
velocity 92
time 229
note_on 76
velocity 0
time 101
note_on 64
velocity 83
time 446
note_on 42
velocity 54
time 24
note_on 42
velocity 0
time 19
note_on 66
velocity 88
time 263
note_on 69
velocity 21
time 29
note_on 49
velocity 52
time 1
note_on 58
velocity 50
time 3
note_on 54
velocity 54
time 7
note_on 64
velocity 0
time 108
note_on 58
velocity 0
time 91
note_on 54
velocity 0
time 19
note_on 49
velocity 0
time 65
note_on 58
velocity 55
time 105
note_on 54
velocity 60
time 9
note_on 49
velocity 51
time 11
note_on 58
velocity 0
time 50
note_on 49
velocity 0
time 48
note_on 69
velocity 0
time 24
note_on 61
velocity 77
time 36
note_on 66
velocity 0
time 41
note_on 54
velocity 0
time 69
note_on 47
velocity 64
time 111
note_on 63
velocity 81
time 7
note_on 61
velocity 0
time 52
note_on 66
velocity 85
time 15
note_on 63
velocity 0
time 19
note_on 68
velocity 78
time 114
note_on 59
velocity 48
time 9
note_on 54
velocity 50
time 7
note_on 51
velocity 51
time 1
note_on 66
velocity 0
time 15
note_on 68
velocity 0
time 3
note_on 51
velocity 0
time 40
note_on 54
velocity 0
time 19
note_on 59
velocity 0
time 9
note_on 47
velocity 0
time 14
note_on 63
velocity 69
time 221
note_on 51
velocity 52
time 7
note_on 59
velocity 36
time 2
note_on 54
velocity 43
time 3
note_on 59
velocity 0
time 9
note_on 54
velocity 0
time 9
note_on 51
velocity 0
time 0
note_on 63
velocity 0
time 0
note_on 42
velocity 51
time 11
note_on 76
velocity 67
time 1
note_on 64
velocity 52
time 1
note_on 42
velocity 0
time 9
note_on 64
velocity 0
time 5
note_on 76
velocity 0
time 18
note_on 78
velocity 70
time 390
note_on 66
velocity 53
time 19
note_on 58
velocity 35
time 20
note_on 54
velocity 30
time 16
note_on 49
velocity 34
time 2
note_on 78
velocity 0
time 139
note_on 66
velocity 0
time 3
note_on 58
velocity 0
time 66
note_on 49
velocity 0
time 3
note_on 54
velocity 0
time 15
note_on 58
velocity 46
time 135
note_on 54
velocity 52
time 13
note_on 49
velocity 41
time 5
note_on 58
velocity 0
time 53
note_on 49
velocity 0
time 1
note_on 54
velocity 0
time 27
note_on 61
velocity 69
time 83
note_on 73
velocity 72
time 1
note_on 61
velocity 0
time 62
note_on 73
velocity 0
time 24
note_on 47
velocity 52
time 14
note_on 75
velocity 73
time 2
note_on 63
velocity 62
time 0
note_on 63
velocity 0
time 16
note_on 75
velocity 0
time 3
note_on 78
velocity 85
time 95
note_on 66
velocity 75
time 1
note_on 66
velocity 0
time 57
note_on 78
velocity 0
time 32
note_on 80
velocity 81
time 184
note_on 68
velocity 71
time 6
note_on 59
velocity 43
time 0
note_on 54
velocity 37
time 9
note_on 51
velocity 38
time 2
note_on 47
velocity 0
time 10
note_on 68
velocity 0
time 9
note_on 80
velocity 0
time 10
note_on 51
velocity 0
time 10
note_on 59
velocity 0
time 40
note_on 54
velocity 0
time 5
note_on 75
velocity 78
time 178
note_on 63
velocity 67
time 22
note_on 59
velocity 36
time 10
note_on 51
velocity 44
time 2
note_on 54
velocity 32
time 10
note_on 59
velocity 0
time 28
note_on 54
velocity 0
time 15
note_on 51
velocity 0
time 6
note_on 63
velocity 0
time 63
note_on 75
velocity 0
time 29
note_on 76
velocity 72
time 18
note_on 64
velocity 53
time 10
note_on 42
velocity 52
time 2
note_on 42
velocity 0
time 0
note_on 64
velocity 0
time 16
note_on 76
velocity 0
time 16
note_on 78
velocity 72
time 365
note_on 66
velocity 56
time 7
note_on 58
velocity 37
time 31
note_on 54
velocity 34
time 2
note_on 49
velocity 35
time 9
note_on 78
velocity 0
time 192
note_on 66
velocity 0
time 1
note_on 49
velocity 0
time 35
note_on 58
velocity 0
time 11
note_on 54
velocity 0
time 29
note_on 54
velocity 38
time 230
note_on 58
velocity 41
time 0
note_on 49
velocity 44
time 16
note_on 58
velocity 0
time 87
note_on 54
velocity 0
time 110
note_on 49
velocity 0
time 22
note_on 73
velocity 59
time 5
note_on 61
velocity 50
time 19
note_on 61
velocity 0
time 93
note_on 73
velocity 0
time 14
note_on 47
velocity 44
time 266
note_on 75
velocity 66
time 5
note_on 63
velocity 46
time 20
note_on 63
velocity 0
time 3
note_on 75
velocity 0
time 13
note_on 54
velocity 39
time 0
note_on 59
velocity 35
time 6
note_on 47
velocity 0
time 322
note_on 59
velocity 0
time 10
note_on 54
velocity 0
time 52
note_on 66
velocity 85
time 130
note_on 52
velocity 75
time 519
note_on 40
velocity 69
time 3
note_on 68
velocity 91
time 3
note_on 66
velocity 0
time 7
note_on 40
velocity 0
time 49
note_on 52
velocity 0
time 39
note_on 64
velocity 78
time 341
note_on 52
velocity 66
time 1
note_on 61
velocity 71
time 14
note_on 56
velocity 60
time 15
note_on 56
velocity 0
time 128
note_on 61
velocity 0
time 10
note_on 68
velocity 0
time 29
note_on 52
velocity 0
time 1
note_on 64
velocity 0
time 10
note_on 70
velocity 73
time 20
note_on 70
velocity 0
time 106
note_on 68
velocity 68
time 111
note_on 64
velocity 71
time 1
note_on 61
velocity 60
time 10
note_on 52
velocity 59
time 10
note_on 56
velocity 48
time 9
note_on 68
velocity 0
time 9
note_on 70
velocity 76
time 11
note_on 61
velocity 0
time 6
note_on 56
velocity 0
time 13
note_on 64
velocity 0
time 19
note_on 52
velocity 0
time 19
note_on 68
velocity 83
time 10
note_on 70
velocity 0
time 39
note_on 68
velocity 0
time 49
note_on 67
velocity 81
time 9
note_on 68
velocity 84
time 171
note_on 61
velocity 63
time 11
note_on 64
velocity 67
time 1
note_on 56
velocity 56
time 9
note_on 52
velocity 63
time 1
note_on 67
velocity 0
time 15
note_on 68
velocity 0
time 0
note_on 73
velocity 82
time 83
note_on 73
velocity 0
time 104
note_on 75
velocity 88
time 97
note_on 75
velocity 0
time 10
note_on 64
velocity 0
time 33
note_on 61
velocity 0
time 52
note_on 56
velocity 0
time 3
note_on 52
velocity 0
time 3
note_on 76
velocity 92
time 247
note_on 76
velocity 0
time 96
note_on 64
velocity 90
time 440
note_on 42
velocity 61
time 1
note_on 42
velocity 0
time 0
note_on 66
velocity 89
time 330
note_on 49
velocity 49
time 5
note_on 58
velocity 47
time 3
note_on 54
velocity 46
time 5
note_on 64
velocity 0
time 85
note_on 58
velocity 0
time 125
note_on 54
velocity 0
time 7
note_on 49
velocity 0
time 26
note_on 58
velocity 55
time 151
note_on 49
velocity 54
time 13
note_on 54
velocity 56
time 2
note_on 58
velocity 0
time 109
note_on 49
velocity 0
time 66
note_on 54
velocity 0
time 14
note_on 61
velocity 76
time 1
note_on 66
velocity 0
time 69
note_on 63
velocity 79
time 169
note_on 47
velocity 62
time 9
note_on 66
velocity 80
time 9
note_on 63
velocity 0
time 18
note_on 61
velocity 0
time 11
note_on 68
velocity 75
time 7
note_on 59
velocity 49
time 18
note_on 54
velocity 42
time 3
note_on 51
velocity 43
time 16
note_on 66
velocity 0
time 3
note_on 68
velocity 0
time 10
note_on 47
velocity 0
time 14
note_on 59
velocity 0
time 104
note_on 51
velocity 0
time 20
note_on 54
velocity 0
time 2
note_on 63
velocity 66
time 2
note_on 59
velocity 40
time 6
note_on 54
velocity 23
time 22
note_on 51
velocity 36
time 3
note_on 59
velocity 0
time 15
note_on 63
velocity 0
time 13
note_on 54
velocity 0
time 0
note_on 51
velocity 0
time 11
note_on 76
velocity 66
time 11
note_on 42
velocity 46
time 5
note_on 64
velocity 47
time 0
note_on 42
velocity 0
time 10
note_on 76
velocity 0
time 55
note_on 64
velocity 0
time 6
note_on 78
velocity 72
time 320
note_on 66
velocity 54
time 10
note_on 58
velocity 37
time 19
note_on 49
velocity 38
time 3
note_on 54
velocity 31
time 18
note_on 78
velocity 0
time 153
note_on 66
velocity 0
time 3
note_on 58
velocity 0
time 58
note_on 54
velocity 0
time 16
note_on 49
velocity 0
time 3
note_on 58
velocity 45
time 139
note_on 54
velocity 50
time 18
note_on 49
velocity 55
time 9
note_on 58
velocity 0
time 9
note_on 54
velocity 0
time 23
note_on 49
velocity 0
time 20
note_on 73
velocity 68
time 105
note_on 61
velocity 62
time 3
note_on 61
velocity 0
time 88
note_on 73
velocity 0
time 19
note_on 75
velocity 72
time 35
note_on 63
velocity 62
time 1
note_on 35
velocity 52
time 6
note_on 47
velocity 34
time 15
note_on 63
velocity 0
time 14
note_on 35
velocity 0
time 1
note_on 75
velocity 0
time 6
note_on 47
velocity 0
time 1
note_on 78
velocity 80
time 108
note_on 66
velocity 65
time 7
note_on 66
velocity 0
time 54
note_on 78
velocity 0
time 36
note_on 59
velocity 47
time 171
note_on 80
velocity 77
time 2
note_on 54
velocity 42
time 7
note_on 68
velocity 58
time 6
note_on 51
velocity 41
time 3
note_on 68
velocity 0
time 0
note_on 80
velocity 0
time 16
note_on 59
velocity 0
time 24
note_on 51
velocity 0
time 5
note_on 54
velocity 0
time 57
note_on 75
velocity 78
time 171
note_on 63
velocity 64
time 11
note_on 54
velocity 39
time 20
note_on 59
velocity 47
time 3
note_on 51
velocity 48
time 10
note_on 59
velocity 0
time 20
note_on 51
velocity 0
time 36
note_on 54
velocity 0
time 2
note_on 75
velocity 0
time 87
note_on 63
velocity 0
time 2
note_on 30
velocity 47
time 5
note_on 76
velocity 70
time 1
note_on 64
velocity 49
time 2
note_on 42
velocity 32
time 2
note_on 30
velocity 0
time 13
note_on 42
velocity 0
time 13
note_on 64
velocity 0
time 11
note_on 76
velocity 0
time 11
note_on 78
velocity 65
time 410
note_on 66
velocity 45
time 27
note_on 58
velocity 41
time 2
note_on 49
velocity 39
time 20
note_on 54
velocity 31
time 5
note_on 66
velocity 0
time 156
note_on 78
velocity 0
time 14
note_on 58
velocity 0
time 48
note_on 49
velocity 0
time 10
note_on 54
velocity 0
time 23
note_on 58
velocity 43
time 282
note_on 54
velocity 39
time 7
note_on 49
velocity 42
time 7
note_on 58
velocity 0
time 70
note_on 49
velocity 0
time 11
note_on 54
velocity 0
time 15
note_on 73
velocity 56
time 179
note_on 61
velocity 53
time 2
note_on 61
velocity 0
time 134
note_on 73
velocity 0
time 10
note_on 63
velocity 50
time 315
note_on 75
velocity 60
time 2
note_on 47
velocity 38
time 15
note_on 35
velocity 39
time 3
note_on 35
velocity 0
time 0
note_on 47
velocity 0
time 3
note_on 75
velocity 0
time 317
note_on 63
velocity 0
time 106
note_on 54
velocity 36
time 109
note_on 59
velocity 39
time 11
note_on 59
velocity 0
time 248
note_on 54
velocity 0
time 145
note_on 63
velocity 68
time 36
note_on 64
velocity 63
time 824
note_on 63
velocity 0
time 28
note_on 64
velocity 0
time 117
note_on 63
velocity 80
time 166
note_on 71
velocity 74
time 162
note_on 68
velocity 64
time 11
note_on 62
velocity 62
time 5
note_on 63
velocity 0
time 63
note_on 68
velocity 0
time 40
note_on 62
velocity 0
time 121
note_on 61
velocity 56
time 247
note_on 70
velocity 71
time 3
note_on 39
velocity 50
time 2
note_on 67
velocity 57
time 0
note_on 71
velocity 0
time 32
note_on 67
velocity 0
time 20
note_on 70
velocity 0
time 7
note_on 61
velocity 0
time 19
note_on 68
velocity 63
time 425
note_on 44
velocity 39
time 19
note_on 39
velocity 0
time 0
note_on 63
velocity 34
time 287
note_on 51
velocity 29
time 26
note_on 56
velocity 26
time 0
note_on 59
velocity 31
time 1
note_on 59
velocity 0
time 260
note_on 63
velocity 0
time 44
note_on 51
velocity 0
time 169
note_on 68
velocity 0
time 44
note_on 56
velocity 0
time 151
note_on 44
velocity 0
time 368
note_on 70
velocity 47
time 274
note_on 71
velocity 48
time 369
note_on 70
velocity 0
time 24
note_on 73
velocity 64
time 233
note_on 71
velocity 0
time 196
note_on 75
velocity 68
time 54
note_on 73
velocity 0
time 5
note_on 75
velocity 0
time 2
note_on 78
velocity 68
time 300
note_on 76
velocity 68
time 93
note_on 78
velocity 0
time 7
note_on 76
velocity 0
time 1
note_on 75
velocity 53
time 308
note_on 80
velocity 57
time 175
note_on 75
velocity 0
time 5
note_on 80
velocity 0
time 18
note_on 75
velocity 57
time 251
note_on 68
velocity 41
time 621
note_on 71
velocity 47
time 0
note_on 56
velocity 34
time 5
note_on 63
velocity 27
time 16
note_on 75
velocity 0
time 10
note_on 75
velocity 72
time 171
note_on 63
velocity 0
time 19
note_on 56
velocity 0
time 16
note_on 71
velocity 0
time 101
note_on 68
velocity 0
time 52
note_on 73
velocity 69
time 253
note_on 76
velocity 75
time 128
note_on 70
velocity 58
time 1
note_on 61
velocity 54
time 9
note_on 49
velocity 54
time 1
note_on 68
velocity 44
time 9
note_on 73
velocity 0
time 5
note_on 75
velocity 0
time 6
note_on 68
velocity 0
time 42
note_on 68
velocity 4
time 0
note_on 61
velocity 0
time 7
note_on 70
velocity 0
time 3
note_on 49
velocity 0
time 40
note_on 68
velocity 0
time 49
note_on 75
velocity 65
time 309
note_on 71
velocity 47
time 18
note_on 68
velocity 40
time 7
note_on 44
velocity 48
time 13
note_on 56
velocity 43
time 0
note_on 76
velocity 0
time 3
note_on 71
velocity 0
time 15
note_on 68
velocity 0
time 10
note_on 75
velocity 0
time 5
note_on 56
velocity 0
time 114
note_on 44
velocity 0
time 67
note_on 73
velocity 63
time 36
note_on 71
velocity 65
time 85
note_on 73
velocity 0
time 18
note_on 70
velocity 63
time 145
note_on 71
velocity 0
time 187
note_on 73
velocity 68
time 1
note_on 49
velocity 41
time 6
note_on 68
velocity 55
time 3
note_on 37
velocity 37
time 3
note_on 64
velocity 42
time 24
note_on 70
velocity 0
time 23
note_on 49
velocity 0
time 16
note_on 68
velocity 0
time 1
note_on 64
velocity 0
time 2
note_on 37
velocity 0
time 5
note_on 71
velocity 60
time 188
note_on 63
velocity 48
time 15
note_on 68
velocity 52
time 0
note_on 32
velocity 46
time 7
note_on 44
velocity 39
time 0
note_on 73
velocity 0
time 15
note_on 68
velocity 0
time 14
note_on 71
velocity 0
time 7
note_on 63
velocity 0
time 97
note_on 32
velocity 0
time 23
note_on 44
velocity 0
time 2
note_on 64
velocity 72
time 130
note_on 63
velocity 76
time 134
note_on 64
velocity 0
time 46
note_on 71
velocity 72
time 171
note_on 68
velocity 61
time 5
note_on 62
velocity 66
time 3
note_on 63
velocity 0
time 55
note_on 68
velocity 0
time 14
note_on 62
velocity 0
time 44
note_on 39
velocity 49
time 257
note_on 70
velocity 66
time 9
note_on 61
velocity 50
time 5
note_on 67
velocity 52
time 0
note_on 71
velocity 0
time 54
note_on 67
velocity 0
time 13
note_on 70
velocity 0
time 16
note_on 61
velocity 0
time 3
note_on 68
velocity 62
time 423
note_on 44
velocity 43
time 2
note_on 39
velocity 0
time 9
note_on 51
velocity 28
time 5
note_on 63
velocity 35
time 0
note_on 56
velocity 33
time 11
note_on 59
velocity 28
time 10
note_on 68
velocity 0
time 7
note_on 59
velocity 0
time 9
note_on 63
velocity 0
time 3
note_on 51
velocity 0
time 15
note_on 56
velocity 0
time 27
note_on 71
velocity 63
time 317
note_on 63
velocity 38
time 22
note_on 59
velocity 28
time 5
note_on 51
velocity 31
time 1
note_on 56
velocity 27
time 10
note_on 59
velocity 0
time 95
note_on 63
velocity 0
time 19
note_on 71
velocity 0
time 27
note_on 44
velocity 0
time 243
note_on 56
velocity 0
time 54
note_on 51
velocity 0
time 57
note_on 75
velocity 68
time 29
note_on 73
velocity 68
time 455
note_on 76
velocity 72
time 153
note_on 70
velocity 58
time 10
note_on 61
velocity 52
time 0
note_on 75
velocity 0
time 1
note_on 49
velocity 50
time 10
note_on 68
velocity 34
time 7
note_on 73
velocity 0
time 3
note_on 70
velocity 0
time 15
note_on 61
velocity 0
time 7
note_on 68
velocity 0
time 6
note_on 49
velocity 0
time 0
note_on 75
velocity 65
time 317
note_on 71
velocity 50
time 7
note_on 68
velocity 40
time 10
note_on 56
velocity 43
time 5
note_on 44
velocity 43
time 15
note_on 76
velocity 0
time 14
note_on 71
velocity 0
time 7
note_on 75
velocity 0
time 9
note_on 68
velocity 0
time 0
note_on 56
velocity 0
time 41
note_on 44
velocity 0
time 59
note_on 73
velocity 68
time 76
note_on 71
velocity 69
time 105
note_on 73
velocity 0
time 45
note_on 70
velocity 62
time 204
note_on 71
velocity 0
time 145
note_on 73
velocity 65
time 40
note_on 68
velocity 53
time 15
note_on 37
velocity 37
time 7
note_on 64
velocity 48
time 0
note_on 49
velocity 28
time 1
note_on 70
velocity 0
time 39
note_on 49
velocity 0
time 5
note_on 68
velocity 0
time 10
note_on 37
velocity 0
time 16
note_on 64
velocity 0
time 52
note_on 71
velocity 51
time 309
note_on 63
velocity 49
time 9
note_on 68
velocity 49
time 6
note_on 44
velocity 29
time 13
note_on 32
velocity 37
time 1
note_on 73
velocity 0
time 32
note_on 71
velocity 0
time 1
note_on 68
velocity 0
time 5
note_on 63
velocity 0
time 65
note_on 32
velocity 0
time 109
note_on 44
velocity 0
time 10
note_on 64
velocity 59
time 160
note_on 64
velocity 0
time 57
note_on 66
velocity 64
time 10
note_on 64
velocity 70
time 88
note_on 66
velocity 0
time 5
note_on 63
velocity 75
time 69
note_on 64
velocity 0
time 57
note_on 71
velocity 72
time 250
note_on 68
velocity 63
time 9
note_on 62
velocity 67
time 5
note_on 63
velocity 0
time 2
note_on 68
velocity 0
time 3
note_on 62
velocity 0
time 14
note_on 61
velocity 53
time 15
note_on 70
velocity 63
time 2
note_on 67
velocity 51
time 5
note_on 39
velocity 46
time 3
note_on 71
velocity 0
time 3
note_on 67
velocity 0
time 19
note_on 70
velocity 0
time 11
note_on 61
velocity 0
time 10
note_on 68
velocity 57
time 417
note_on 44
velocity 42
time 11
note_on 39
velocity 0
time 14
note_on 63
velocity 47
time 184
note_on 59
velocity 36
time 16
note_on 51
velocity 24
time 39
note_on 56
velocity 27
time 7
note_on 59
velocity 0
time 1253
note_on 63
velocity 0
time 114
note_on 68
velocity 0
time 57
note_on 44
velocity 0
time 14
note_on 56
velocity 0
time 0
note_on 51
velocity 0
time 0
