note_on 52
velocity 38
time 996
note_on 64
velocity 47
time 43
note_on 68
velocity 63
time 348
note_off 64
time 193
note_on 71
velocity 69
time 67
note_off 68
time 69
note_on 76
velocity 77
time 222
note_off 71
time 4
note_on 56
velocity 42
time 2
note_on 75
velocity 73
time 272
note_off 76
time 35
note_on 76
velocity 79
time 238
note_off 75
time 27
note_on 57
velocity 40
time 272
note_off 76
time 30
note_on 75
velocity 62
time 15
note_off 75
time 67
note_off 56
time 11
note_on 73
velocity 67
time 15
note_off 73
time 51
note_on 75
velocity 71
time 13
note_on 73
velocity 69
time 67
note_off 75
time 13
note_on 71
velocity 68
time 78
note_off 73
time 7
note_on 73
velocity 74
time 259
note_off 71
time 71
note_on 76
velocity 62
time 237
note_off 73
time 75
note_on 56
velocity 45
time 2
note_off 57
time 9
note_on 54
velocity 48
time 148
note_off 56
time 15
note_on 56
velocity 42
time 345
note_off 76
time 0
note_on 73
velocity 53
time 14
note_off 73
time 48
note_off 54
time 21
note_on 71
velocity 62
time 1
note_off 71
time 48
note_on 73
velocity 68
time 26
note_off 73
time 48
note_on 71
velocity 63
time 28
note_off 71
time 63
note_on 69
velocity 41
time 10
note_on 71
velocity 54
time 291
note_off 69
time 117
note_on 76
velocity 57
time 156
note_off 71
time 96
note_on 57
velocity 46
time 207
note_off 56
time 26
note_on 56
velocity 47
time 223
note_off 57
time 181
note_on 69
velocity 49
time 98
note_on 54
velocity 42
time 4
note_off 56
time 59
note_off 76
time 3
note_on 71
velocity 60
time 0
note_off 69
time 14
note_on 73
velocity 65
time 10
note_off 71
time 7
note_on 51
velocity 42
time 144
note_on 71
velocity 54
time 3
note_off 73
time 19
note_off 52
time 168
note_off 54
time 36
note_on 73
velocity 66
time 56
note_off 71
time 205
note_off 73
time 56
note_on 69
velocity 52
time 16
note_off 51
time 266
note_on 68
velocity 57
time 11
note_on 52
velocity 52
time 11
note_off 69
time 9
note_off 68
time 247
note_on 71
velocity 72
time 6
note_on 56
velocity 50
time 27
note_on 76
velocity 82
time 262
note_on 59
velocity 61
time 4
note_off 71
time 60
note_off 56
time 62
note_off 52
time 83
note_on 80
velocity 78
time 122
note_on 64
velocity 46
time 44
note_off 59
time 37
note_off 76
time 62
note_on 63
velocity 54
time 186
note_off 64
time 80
note_on 64
velocity 61
time 185
note_off 63
time 75
note_on 58
velocity 60
time 192
note_off 64
time 71
note_on 78
velocity 72
time 202
note_off 80
time 221
note_on 61
velocity 44
time 25
note_on 76
velocity 69
time 7
note_off 78
time 37
note_off 61
time 58
note_on 66
velocity 45
time 186
note_on 75
velocity 60
time 9
note_off 76
time 21
note_off 75
time 273
note_on 76
velocity 63
time 2
note_off 66
time 6
note_off 58
time 15
note_on 73
velocity 56
time 103
note_off 73
time 96
note_on 47
velocity 42
time 173
note_on 73
velocity 50
time 9
note_off 76
time 6
note_off 73
time 35
note_on 75
velocity 52
time 0
note_on 51
velocity 43
time 0
note_off 75
time 17
note_on 76
velocity 56
time 5
note_off 76
time 4
note_on 75
velocity 62
time 7
note_off 75
time 5
note_on 54
velocity 48
time 9
note_on 76
velocity 65
time 14
note_off 47
time 23
note_off 76
time 0
note_on 75
velocity 59
time 0
note_off 51
time 5
note_off 75
time 15
note_on 76
velocity 71
time 23
note_off 76
time 43
note_on 75
velocity 66
time 9
note_on 59
velocity 49
time 28
note_off 54
time 9
note_off 75
time 14
note_on 76
velocity 69
time 29
note_off 76
time 46
note_on 75
velocity 59
time 29
note_off 75
time 52
note_on 76
velocity 68
time 27
note_off 76
time 38
note_on 58
velocity 48
time 3
note_on 75
velocity 59
time 37
note_off 59
time 20
note_on 76
velocity 66
time 4
note_off 76
time 32
note_off 75
time 13
note_on 75
velocity 48
time 0
note_off 75
time 41
note_off 58
time 20
note_on 59
velocity 46
time 9
note_on 76
velocity 63
time 0
note_off 76
time 37
note_on 75
velocity 63
time 36
note_on 52
velocity 39
time 2
note_off 59
time 47
note_on 76
velocity 53
time 11
note_off 75
time 154
note_on 59
velocity 42
time 19
note_on 78
velocity 55
time 14
note_off 59
time 143
note_on 64
velocity 43
time 136
note_on 80
velocity 59
time 0
note_off 76
time 5
note_off 78
time 8
note_on 73
velocity 61
time 242
note_off 80
time 20
note_on 76
velocity 64
time 4
note_off 73
time 43
note_on 54
velocity 38
time 177
note_on 66
velocity 46
time 36
note_off 76
time 5
note_off 52
time 69
note_on 70
velocity 59
time 217
note_on 73
velocity 70
time 269
note_off 66
time 10
note_on 63
velocity 43
time 256
note_on 78
velocity 69
time 12
note_off 73
time 45
note_off 70
time 47
note_off 64
time 82
note_on 76
velocity 73
time 98
note_off 78
time 48
note_on 78
velocity 75
time 222
note_off 76
time 55
note_on 68
velocity 66
time 222
note_off 78
time 268
note_on 71
velocity 73
time 9
note_off 68
time 197
note_on 75
velocity 71
time 103
note_off 71
time 328
note_on 76
velocity 69
time 5
note_off 75
time 62
note_on 61
velocity 49
time 232
note_off 63
time 34
note_on 59
velocity 56
time 232
note_off 61
time 10
note_on 66
velocity 56
time 297
note_on 58
velocity 40
time 22
note_off 59
time 67
note_off 76
time 190
note_on 70
velocity 52
time 21
note_on 73
velocity 58
time 264
note_on 76
velocity 54
time 314
note_off 73
time 6
note_off 76
time 50
note_on 75
velocity 51
time 32
note_on 49
velocity 40
time 269
note_off 66
time 11
note_on 76
velocity 52
time 11
note_off 75
time 86
note_off 70
time 44
note_on 50
velocity 43
time 208
note_off 49
time 4
note_on 66
velocity 51
time 11
note_off 76
time 317
note_on 70
velocity 48
time 32
note_off 66
time 186
note_on 73
velocity 56
time 109
note_off 70
time 210
note_off 73
time 89
note_on 74
velocity 51
time 0
note_on 59
velocity 37
time 7
note_off 54
time 55
note_off 58
time 61
note_on 52
velocity 49
time 156
note_off 50
time 40
note_on 54
velocity 59
time 225
note_off 52
time 12
note_on 55
velocity 59
time 280
note_off 59
time 0
note_off 54
time 11
note_on 61
velocity 41
time 9
note_on 76
velocity 66
time 7
note_off 74
time 13
note_on 74
velocity 63
time 11
note_on 62
velocity 52
time 5
note_off 76
time 42
note_off 61
time 35
note_on 73
velocity 70
time 158
note_on 64
velocity 50
time 15
note_off 62
time 27
note_off 74
time 53
note_on 74
velocity 72
time 178
note_off 73
time 61
note_on 71
velocity 67
time 11
note_off 74
time 5
note_off 71
time 14
note_on 54
velocity 55
time 272
note_on 71
velocity 64
time 4
note_off 55
time 22
note_off 71
time 21
note_on 70
velocity 68
time 7
note_off 70
time 0
note_on 71
velocity 63
time 14
note_off 64
time 0
note_on 70
velocity 71
time 14
note_off 71
time 8
note_on 68
velocity 68
time 25
note_off 70
time 39
note_on 66
velocity 75
time 10
note_off 68
time 2
note_off 66
time 231
note_on 79
velocity 78
time 47
note_on 78
velocity 83
time 410
note_on 56
velocity 51
time 13
note_on 63
velocity 46
time 12
note_off 79
time 28
note_on 77
velocity 79
time 13
note_on 58
velocity 51
time 4
note_on 61
velocity 48
time 9
note_off 63
time 0
note_off 78
time 12
note_off 54
time 35
note_on 59
velocity 53
time 11
note_on 76
velocity 73
time 0
note_off 77
time 5
note_off 61
time 7
note_off 58
time 11
note_off 56
time 22
note_on 75
velocity 66
time 10
note_off 76
time 0
note_on 74
velocity 64
time 154
note_on 53
velocity 39
time 13
note_off 75
time 5
note_off 74
time 276
note_on 73
velocity 60
time 23
note_on 54
velocity 39
time 21
note_off 53
time 77
note_on 75
velocity 58
time 32
note_off 73
time 11
note_off 59
time 73
note_off 75
time 21
note_on 76
velocity 61
time 29
note_on 58
velocity 40
time 27
note_off 54
time 9
note_off 76
time 4
note_on 70
velocity 53
time 17
note_on 64
velocity 46
time 30
note_off 64
time 40
note_off 58
time 13
note_on 47
velocity 39
time 325
note_on 71
velocity 48
time 10
note_on 63
velocity 43
time 11
note_off 70
time 9
note_on 51
velocity 49
time 11
note_off 47
time 100
note_on 54
velocity 58
time 36
note_off 51
time 128
note_on 59
velocity 59
time 166
note_off 54
time 14
note_on 57
velocity 53
time 269
note_off 63
time 26
note_off 71
time 25
note_off 59
time 22
note_off 57
time 214
note_on 59
velocity 36
time 16
note_on 56
velocity 40
time 6
note_off 59
time 0
note_on 75
velocity 50
time 77
note_on 78
velocity 64
time 282
note_on 83
velocity 61
time 266
note_off 78
time 27
note_off 75
time 41
note_on 81
velocity 65
time 212
note_on 54
velocity 40
time 25
note_off 83
time 22
note_off 56
time 30
note_on 56
velocity 44
time 213
note_on 83
velocity 67
time 0
note_off 54
time 4
note_off 81
time 44
note_on 53
velocity 38
time 260
note_on 73
velocity 63
time 27
note_off 56
time 25
note_on 77
velocity 71
time 275
note_on 56
velocity 37
time 5
note_off 83
time 65
note_off 73
time 83
note_on 80
velocity 68
time 116
note_on 59
velocity 46
time 27
note_off 56
time 11
note_on 83
velocity 66
time 321
note_on 62
velocity 39
time 4
note_off 59
time 41
note_off 77
time 4
note_off 80
time 20
note_off 62
time 194
note_on 59
velocity 47
time 34
note_on 61
velocity 45
time 297
note_off 59
time 5
note_on 54
velocity 47
time 331
note_off 53
time 156
note_on 80
velocity 63
time 151
note_off 83
time 9
note_off 61
time 158
note_on 81
velocity 68
time 107
note_off 80
time 34
note_on 50
velocity 37
time 21
note_on 59
velocity 37
time 0
note_off 54
time 0
note_on 78
velocity 73
time 11
note_off 81
time 23
note_on 80
velocity 75
time 263
note_off 78
time 88
note_on 51
velocity 51
time 182
note_on 60
velocity 59
time 14
note_off 59
time 60
note_off 50
time 144
note_on 77
velocity 76
time 71
note_off 80
time 14
note_off 60
time 13
note_on 78
velocity 74
time 17
note_off 77
time 68
note_on 49
velocity 40
time 13
note_on 61
velocity 20
time 10
note_off 78
time 14
note_on 77
velocity 59
time 0
note_off 51
time 9
note_on 78
velocity 63
time 9
note_off 77
time 5
note_off 78
time 96
note_on 80
velocity 61
time 40
note_off 80
time 68
note_off 61
time 6
note_on 73
velocity 61
time 7
note_off 49
time 28
note_on 47
velocity 44
time 361
note_on 74
velocity 67
time 8
note_off 73
time 14
note_on 50
velocity 30
time 8
note_on 71
velocity 61
time 10
note_on 68
velocity 66
time 11
note_on 53
velocity 47
time 21
note_off 71
time 0
note_off 50
time 7
note_on 65
velocity 55
time 30
note_on 56
velocity 55
time 15
note_off 53
time 13
note_off 68
time 57
note_on 68
velocity 62
time 177
note_on 59
velocity 56
time 4
note_off 56
time 33
note_off 65
time 0
note_on 57
velocity 58
time 244
note_off 68
time 9
note_on 66
velocity 62
time 2
note_off 59
time 35
note_on 68
velocity 68
time 240
note_off 47
time 9
note_on 59
velocity 58
time 4
note_off 57
time 40
note_off 66
time 11
note_on 71
velocity 70
time 205
note_on 56
velocity 58
time 7
note_off 59
time 11
note_off 68
time 17
note_off 71
time 196
note_on 54
velocity 60
time 25
note_on 69
velocity 64
time 12
note_off 56
time 25
note_on 56
velocity 52
time 240
note_on 71
velocity 68
time 27
note_off 54
time 42
note_off 74
time 20
note_on 57
velocity 62
time 60
note_off 69
time 0
note_off 56
time 34
note_off 57
time 90
note_on 59
velocity 60
time 7
note_on 74
velocity 61
time 0
note_off 74
time 237
note_on 53
velocity 49
time 13
note_off 59
time 8
note_on 73
velocity 66
time 31
note_off 73
time 148
note_on 73
velocity 63
time 222
note_on 54
velocity 39
time 9
note_off 53
time 47
note_off 71
time 141
note_on 69
velocity 59
time 130
note_on 68
velocity 70
time 31
note_off 73
time 27
note_off 69
time 8
note_on 45
velocity 46
time 271
note_on 66
velocity 74
time 11
note_off 68
time 0
note_on 71
velocity 69
time 13
note_on 69
velocity 65
time 252
note_off 71
time 62
note_on 47
velocity 43
time 228
note_on 68
velocity 69
time 9
note_off 69
time 59
note_off 45
time 8
note_on 69
velocity 52
time 229
note_off 68
time 66
note_on 71
velocity 56
time 207
note_off 69
time 121
note_off 66
time 29
note_on 49
velocity 34
time 135
note_off 71
time 3
note_on 65
velocity 45
time 15
note_off 47
time 228
note_on 69
velocity 43
time 69
note_off 69
time 250
note_on 68
velocity 43
time 25
note_on 42
velocity 36
time 327
note_on 66
velocity 45
time 4
note_on 69
velocity 42
time 26
note_off 68
time 47
note_off 65
time 15
note_off 49
time 22
note_off 54
time 205
note_on 45
velocity 42
time 51
note_on 49
velocity 49
time 270
note_off 45
time 153
note_off 42
time 31
note_on 54
velocity 63
time 70
note_off 49
time 2
note_on 52
velocity 49
time 268
note_off 69
time 0
note_on 71
velocity 65
time 9
note_off 54
time 30
note_off 52
time 227
note_on 54
velocity 52
time 13
note_on 68
velocity 68
time 0
note_off 71
time 0
note_on 64
velocity 55
time 4
note_off 66
time 61
note_off 68
time 244
note_on 47
velocity 41
time 7
note_on 69
velocity 50
time 5
note_on 63
velocity 47
time 17
note_off 54
time 50
note_off 64
time 16
note_on 51
velocity 45
time 198
note_off 47
time 142
note_on 54
velocity 44
time 150
note_off 51
time 198
note_off 54
time 70
note_on 59
velocity 50
time 11
note_off 69
time 232
note_off 63
time 7
note_off 59
time 5
note_on 71
velocity 56
time 13
note_on 57
velocity 44
time 16
note_off 71
time 104
note_on 69
velocity 51
time 15
note_off 69
time 71
note_off 57
time 13
note_on 68
velocity 61
time 5
note_on 59
velocity 47
time 25
note_off 68
time 91
note_on 66
velocity 51
time 20
note_off 59
time 107
note_off 66
time 4
note_on 52
velocity 44
time 14
note_on 68
velocity 58
time 12
note_off 68
time 110
note_on 66
velocity 57
time 31
note_off 66
time 100
note_on 56
velocity 43
time 28
note_on 64
velocity 59
time 7
note_on 66
velocity 56
time 134
note_off 52
time 9
note_off 64
time 0
note_off 66
time 79
note_on 68
velocity 62
time 8
note_on 59
velocity 49
time 20
note_off 56
time 18
note_on 69
velocity 57
time 90
note_off 68
time 4
note_off 69
time 114
note_on 71
velocity 66
time 9
note_off 59
time 5
note_on 64
velocity 55
time 4
note_off 71
time 101
note_on 69
velocity 65
time 28
note_on 68
velocity 75
time 120
note_off 69
time 0
note_off 64
time 5
note_on 62
velocity 47
time 25
note_off 68
time 87
note_on 69
velocity 68
time 18
note_on 71
velocity 70
time 131
note_on 61
velocity 50
time 12
note_off 62
time 4
note_off 69
time 31
note_on 73
velocity 70
time 67
note_off 71
time 50
note_on 74
velocity 63
time 117
note_off 73
time 5
note_on 59
velocity 40
time 13
note_off 61
time 38
note_on 73
velocity 69
time 96
note_off 74
time 5
note_on 71
velocity 63
time 109
note_off 73
time 39
note_off 71
time 64
note_on 69
velocity 59
time 18
note_off 59
time 125
note_off 69
time 0
note_on 57
velocity 43
time 5
note_on 68
velocity 63
time 0
note_on 66
velocity 58
time 117
note_off 68
time 0
note_off 57
time 80
note_on 56
velocity 57
time 34
note_on 64
velocity 53
time 32
note_off 66
time 79
note_off 56
time 20
note_on 62
velocity 61
time 20
note_off 64
time 36
note_off 62
time 47
note_on 61
velocity 54
time 30
note_off 61
time 67
note_on 59
velocity 56
time 64
note_off 59
time 115
note_on 57
velocity 49
time 30
note_off 57
time 94
note_on 56
velocity 46
time 33
note_on 57
velocity 25
time 228
note_on 69
velocity 45
time 4
note_off 56
time 4
note_on 73
velocity 62
time 315
note_off 69
time 126
note_on 76
velocity 73
time 142
note_on 81
velocity 70
time 285
note_off 76
time 8
note_off 73
time 18
note_on 61
velocity 33
time 4
note_on 80
velocity 74
time 250
note_off 81
time 51
note_on 81
velocity 73
time 237
note_off 80
time 40
note_on 62
velocity 42
time 215
note_on 80
velocity 64
time 70
note_off 81
time 1
note_off 80
time 73
note_on 78
velocity 70
time 11
note_off 78
time 51
note_on 80
velocity 73
time 13
note_off 61
time 25
note_on 78
velocity 79
time 61
note_off 80
time 0
note_on 76
velocity 71
time 65
note_off 78
time 17
note_on 78
velocity 77
time 268
note_off 76
time 73
note_on 81
velocity 62
time 251
note_off 78
time 113
note_on 61
velocity 42
time 155
note_off 62
time 104
note_off 61
time 14
note_on 59
velocity 48
time 0
note_on 61
velocity 34
time 201
note_off 81
time 79
note_on 78
velocity 55
time 7
note_off 59
time 25
note_off 78
time 32
note_on 76
velocity 64
time 21
note_off 76
time 41
note_on 78
velocity 68
time 27
note_off 78
time 38
note_on 76
velocity 67
time 33
note_off 76
time 59
note_on 74
velocity 51
time 13
note_on 76
velocity 55
time 294
note_off 74
time 68
note_on 81
velocity 52
time 203
note_off 76
time 83
note_on 62
velocity 44
time 213
note_off 61
time 54
note_on 61
velocity 45
time 198
note_off 62
time 125
note_on 59
velocity 36
time 176
note_on 74
velocity 57
time 6
note_off 61
time 44
note_off 81
time 105
note_on 76
velocity 67
time 144
note_off 74
time 150
note_on 78
velocity 71
time 105
note_off 76
time 134
note_on 56
velocity 38
time 135
note_on 76
velocity 72
time 22
note_off 78
time 61
note_off 57
time 19
note_off 59
time 22
note_on 78
velocity 70
time 0
note_off 56
time 0
note_off 76
time 13
note_off 78
time 6
note_on 74
velocity 59
time 4
note_on 45
velocity 41
time 212
note_on 73
velocity 67
time 2
note_off 74
time 0
note_on 69
velocity 61
time 13
note_on 49
velocity 43
time 4
note_off 73
time 14
note_on 52
velocity 50
time 7
note_on 71
velocity 70
time 0
note_off 49
time 96
note_off 69
time 12
note_off 45
time 117
note_on 73
velocity 71
time 28
note_on 57
velocity 51
time 16
note_off 52
time 18
note_off 71
time 76
note_on 56
velocity 57
time 160
note_off 57
time 61
note_on 57
velocity 59
time 212
note_off 56
time 61
note_on 51
velocity 51
time 216
note_off 57
time 77
note_on 71
velocity 57
time 209
note_off 73
time 129
note_on 54
velocity 49
time 135
note_on 69
velocity 57
time 5
note_off 71
time 0
note_off 54
time 129
note_on 59
velocity 38
time 166
note_on 68
velocity 53
time 4
note_off 69
time 45
note_on 69
velocity 43
time 4
note_off 68
time 4
note_off 59
time 4
note_off 51
time 4
note_on 66
velocity 53
time 17
note_off 69
time 7
note_on 40
velocity 30
time 22
note_on 68
velocity 52
time 15
note_on 44
velocity 45
time 18
note_on 64
velocity 58
time 0
note_off 68
time 35
note_off 66
time 25
note_on 66
velocity 51
time 7
note_on 47
velocity 45
time 3
note_off 44
time 137
note_off 64
time 64
note_off 40
time 25
note_on 68
velocity 57
time 81
note_on 52
velocity 41
time 25
note_off 66
time 10
note_off 47
time 12
note_on 51
velocity 50
time 20
note_off 52
time 26
note_on 52
velocity 42
time 0
note_off 51
time 41
note_off 52
time 6
note_on 45
velocity 36
time 4
note_on 69
velocity 50
time 151
note_off 68
time 191
note_on 52
velocity 41
time 92
note_on 71
velocity 56
time 7
note_off 69
time 111
note_off 52
time 15
note_on 57
velocity 44
time 140
note_on 73
velocity 65
time 9
note_off 71
time 41
note_off 73
time 238
note_on 66
velocity 65
time 5
note_on 69
velocity 61
time 258
note_off 66
time 62
note_on 47
velocity 44
time 201
note_on 59
velocity 53
time 38
note_off 45
time 16
note_off 69
time 91
note_on 63
velocity 65
time 182
note_on 66
velocity 68
time 280
note_off 59
time 103
note_on 56
velocity 46
time 176
note_on 71
velocity 65
time 5
note_off 66
time 45
note_off 63
time 15
note_off 57
time 192
note_on 69
velocity 65
time 20
note_off 71
time 53
note_on 71
velocity 75
time 225
note_off 69
time 41
note_on 61
velocity 61
time 235
note_on 64
velocity 72
time 298
note_off 71
time 48
note_off 61
time 91
note_on 68
velocity 75
time 150
note_on 69
velocity 68
time 306
note_off 64
time 25
note_off 68
time 28
note_on 54
velocity 61
time 229
note_off 56
time 32
note_on 52
velocity 67
time 244
note_off 54
time 28
note_on 51
velocity 52
time 312
note_on 59
velocity 59
time 4
note_off 52
time 79
note_on 63
velocity 58
time 247
note_off 69
time 9
note_on 66
velocity 60
time 275
note_on 69
velocity 32
time 333
note_on 71
velocity 36
time 11
note_off 71
time 242
note_on 68
velocity 58
time 3
note_off 69
time 8
note_on 42
velocity 44
time 303
note_on 69
velocity 52
time 2
note_off 66
time 105
note_off 68
time 7
note_off 59
time 11
note_off 63
time 28
note_off 42
time 135
note_on 43
velocity 43
time 60
note_on 59
velocity 49
time 9
note_on 63
velocity 49
time 347
note_off 69
time 0
note_on 66
velocity 47
time 301
note_off 59
time 314
note_on 52
velocity 27
time 9
note_on 67
velocity 46
time 4
note_off 66
time 12
note_off 63
time 37
note_off 51
time 70
note_off 47
time 10
note_on 45
velocity 44
time 181
note_off 43
time 66
note_on 47
velocity 55
time 209
note_off 45
time 2
note_off 47
time 294
note_on 48
velocity 50
time 7
note_off 52
time 39
note_on 69
velocity 59
time 248
note_on 54
velocity 42
time 9
note_off 67
time 47
note_on 67
velocity 65
time 214
note_on 55
velocity 40
time 17
note_off 69
time 56
note_off 54
time 93
note_on 66
velocity 62
time 120
note_on 57
velocity 47
time 7
note_off 55
time 42
note_off 67
time 29
note_on 67
velocity 64
time 205
note_off 66
time 47
note_on 64
velocity 63
time 4
note_off 67
time 2
note_off 64
time 18
note_on 47
velocity 51
time 207
note_on 64
velocity 62
time 0
note_off 64
time 56
note_off 48
time 28
note_on 63
velocity 59
time 0
note_off 63
time 11
note_on 64
velocity 68
time 5
note_on 63
velocity 70
time 0
note_off 64
time 10
note_off 57
time 3
note_on 61
velocity 66
time 0
note_off 63
time 6
note_on 59
velocity 73
time 19
note_off 61
time 4
note_off 59
time 75
note_on 72
velocity 80
time 162
note_on 49
velocity 48
time 384
note_on 71
velocity 76
time 14
note_on 56
velocity 39
time 16
note_off 72
time 17
note_on 70
velocity 75
time 13
note_on 54
velocity 46
time 5
note_on 51
velocity 47
time 5
note_off 56
time 4
note_off 71
time 3
note_off 47
time 16
note_on 52
velocity 53
time 9
note_on 69
velocity 67
time 4
note_off 70
time 6
note_off 54
time 9
note_off 49
time 95
note_off 51
time 0
note_on 68
velocity 69
time 98
note_off 69
time 42
note_on 46
velocity 45
time 205
note_on 67
velocity 62
time 22
note_off 68
time 37
note_off 46
time 111
note_on 47
velocity 42
time 90
note_off 67
time 33
note_on 66
velocity 62
time 18
note_on 68
velocity 61
time 137
note_off 66
time 9
note_off 52
time 68
note_off 68
time 27
note_on 51
velocity 47
time 8
note_on 69
velocity 55
time 17
note_off 69
time 278
note_off 47
time 12
note_on 57
velocity 43
time 11
note_on 63
velocity 52
time 0
note_off 51
time 23
note_on 49
velocity 32
time 331
note_on 56
velocity 32
time 12
note_on 64
velocity 53
time 0
note_off 63
time 19
note_off 57
time 112
note_on 52
velocity 48
time 228
note_off 56
time 26
note_on 56
velocity 49
time 236
note_off 52
time 18
note_on 57
velocity 50
time 263
note_off 56
time 41
note_on 56
velocity 49
time 236
note_off 57
time 7
note_on 57
velocity 53
time 9
note_off 57
time 10
note_off 56
time 9
note_off 49
time 28
note_on 44
velocity 40
time 229
note_on 52
velocity 34
time 15
note_on 56
velocity 51
time 13
note_on 59
velocity 56
time 145
note_off 56
time 101
note_on 62
velocity 56
time 213
note_off 59
time 35
note_off 62
time 233
note_on 61
velocity 49
time 31
note_on 62
velocity 47
time 6
note_off 61
time 10
note_off 44
time 48
note_on 45
velocity 36
time 5
note_off 62
time 4
note_on 61
velocity 49
time 11
note_off 52
time 0
note_on 49
velocity 41
time 4
note_on 52
velocity 47
time 25
note_off 49
time 158
note_on 57
velocity 44
time 192
note_off 52
time 55
note_on 56
velocity 40
time 296
note_off 57
time 139
note_on 57
velocity 32
time 447
note_on 63
velocity 43
time 9
note_on 60
velocity 39
time 9
note_off 64
time 47
note_off 56
time 61
note_off 61
time 67
note_on 40
velocity 11
time 561
note_on 64
velocity 50
time 46
note_off 60
time 9
note_off 63
time 11
note_off 45
time 4
note_off 57
time 5
note_on 59
velocity 41
time 19
note_on 56
velocity 42
time 95
note_off 59
time 68
note_on 59
velocity 47
time 276
note_off 64
time 11
note_on 64
velocity 51
time 109
note_off 64
time 70
note_on 63
velocity 51
time 36
note_off 63
time 118
note_on 64
velocity 42
time 35
note_off 56
time 1660
note_off 64
time 66
note_off 59
time 26
note_off 40
time 386
note_on 64
velocity 79
time 462
note_off 64
time 35
note_on 66
velocity 85
time 273
note_off 66
time 616
note_on 59
velocity 56
time 144
note_off 59
time 128
note_on 61
velocity 54
time 22
note_off 61
time 150
note_on 63
velocity 62
time 0
note_off 63
time 132
note_on 64
velocity 61
time 13
note_off 64
time 134
note_on 63
velocity 61
time 13
note_off 63
time 105
note_on 64
velocity 68
time 28
note_on 66
velocity 71
time 132
note_off 64
time 12
note_on 68
velocity 73
time 137
note_off 66
time 5
note_on 69
velocity 73
time 132
note_off 68
time 7
note_off 69
time 48
note_on 71
velocity 81
time 73
note_off 71
time 31
note_on 68
velocity 70
time 111
note_off 68
time 119
note_on 73
velocity 90
time 43
note_on 64
velocity 60
time 18
note_off 64
time 114
note_on 63
velocity 63
time 15
note_off 63
time 141
note_on 64
velocity 64
time 20
note_off 73
time 105
note_off 64
time 21
note_on 66
velocity 59
time 20
note_off 66
time 129
note_on 64
velocity 61
time 29
note_off 64
time 82
note_on 63
velocity 60
time 47
note_on 66
velocity 62
time 0
note_off 63
time 120
note_off 66
time 9
note_on 64
velocity 58
time 2
note_on 68
velocity 64
time 10
note_off 64
time 101
note_off 68
time 16
note_on 70
velocity 67
time 7
note_on 66
velocity 58
time 25
note_off 66
time 95
note_off 70
time 19
note_on 63
velocity 64
time 17
note_on 71
velocity 65
time 0
note_off 63
time 98
note_on 70
velocity 68
time 27
note_off 71
time 0
note_on 61
velocity 56
time 12
note_off 70
time 102
note_on 63
velocity 63
time 28
note_on 71
velocity 76
time 6
note_off 61
time 15
note_off 63
time 117
note_on 73
velocity 83
time 13
note_on 64
velocity 60
time 9
note_off 71
time 75
note_on 75
velocity 85
time 51
note_off 64
time 4
note_on 66
velocity 60
time 13
note_on 76
velocity 87
time 116
note_on 68
velocity 70
time 12
note_off 66
time 9
note_off 73
time 0
note_off 68
time 104
note_on 69
velocity 63
time 18
note_off 75
time 0
note_on 78
velocity 85
time 4
note_off 76
time 5
note_off 69
time 65
note_on 75
velocity 71
time 63
note_on 66
velocity 38
time 11
note_off 78
time 0
note_off 66
time 46
note_on 68
velocity 70
time 70
note_off 75
time 8
note_on 71
velocity 68
time 12
note_off 68
time 31
note_off 71
time 78
note_on 69
velocity 53
time 26
note_on 59
velocity 58
time 147
note_on 71
velocity 53
time 19
note_off 59
time 18
note_off 69
time 34
note_off 71
time 75
note_on 73
velocity 54
time 14
note_on 64
velocity 61
time 133
note_on 71
velocity 55
time 20
note_off 73
time 0
note_off 71
time 130
note_on 69
velocity 53
time 4
note_on 52
velocity 78
time 125
note_on 71
velocity 67
time 21
note_off 69
time 13
note_off 52
time 14
note_on 73
velocity 62
time 108
note_off 71
time 57
note_off 64
time 69
note_on 54
velocity 89
time 13
note_off 73
time 0
note_on 69
velocity 63
time 9
note_off 69
time 84
note_on 68
velocity 75
time 47
note_off 68
time 60
note_on 63
velocity 73
time 98
note_on 69
velocity 67
time 9
note_off 63
time 70
note_on 71
velocity 70
time 83
note_off 69
time 4
note_off 54
time 91
note_off 71
time 20
note_on 66
velocity 64
time 27
note_on 69
velocity 54
time 0
note_off 69
time 56
note_on 47
velocity 62
time 60
note_on 68
velocity 73
time 13
note_off 47
time 73
note_off 66
time 44
note_on 49
velocity 58
time 7
note_on 69
velocity 57
time 37
note_off 68
time 78
note_off 49
time 8
note_on 51
velocity 68
time 5
note_off 69
time 21
note_on 71
velocity 72
time 0
note_off 51
time 118
note_on 52
velocity 71
time 15
note_on 68
velocity 72
time 14
note_off 71
time 0
note_off 68
time 68
note_on 66
velocity 73
time 48
note_on 51
velocity 74
time 5
note_off 52
time 39
note_off 66
time 7
note_off 51
time 77
note_on 52
velocity 72
time 32
note_on 68
velocity 79
time 0
note_on 59
velocity 67
time 11
note_off 59
time 56
note_on 70
velocity 75
time 51
note_on 54
velocity 75
time 8
note_off 52
time 25
note_off 68
time 27
note_off 70
time 18
note_on 56
velocity 76
time 71
note_on 71
velocity 77
time 20
note_off 54
time 17
note_on 64
velocity 65
time 3
note_off 64
time 94
note_on 57
velocity 78
time 13
note_off 56
time 9
note_off 57
time 137
note_on 63
velocity 82
time 11
note_on 59
velocity 75
time 5
note_off 63
time 39
note_off 59
time 79
note_on 56
velocity 69
time 22
note_off 56
time 147
note_on 61
velocity 69
time 9
note_on 52
velocity 59
time 5
note_off 52
time 108
note_on 51
velocity 62
time 19
note_off 51
time 133
note_on 52
velocity 57
time 18
note_off 52
time 129
note_on 54
velocity 53
time 15
note_off 54
time 156
note_on 52
velocity 53
time 8
note_on 70
velocity 63
time 7
note_off 71
time 11
note_off 52
time 106
note_on 51
velocity 58
time 22
note_off 61
time 118
note_off 51
time 16
note_on 52
velocity 55
time 20
note_off 70
time 56
note_off 52
time 16
note_on 54
velocity 55
time 56
note_off 54
time 123
note_on 51
velocity 65
time 27
note_on 59
velocity 61
time 0
note_on 71
velocity 73
time 8
note_off 59
time 23
note_off 71
time 23
note_off 51
time 71
note_on 49
velocity 55
time 19
note_on 83
velocity 89
time 129
note_on 51
velocity 68
time 5
note_off 83
time 30
note_off 49
time 7
note_off 51
time 97
note_on 52
velocity 52
time 18
note_off 52
time 128
note_on 75
velocity 77
time 9
note_on 54
velocity 53
time 17
note_off 75
time 11
note_on 56
velocity 57
time 121
note_off 54
time 2
note_off 56
time 117
note_on 78
velocity 87
time 0
note_on 57
velocity 65
time 26
note_off 78
time 16
note_off 57
time 93
note_on 54
velocity 59
time 4
note_off 54
time 157
note_on 56
velocity 60
time 8
note_on 71
velocity 83
time 4
note_off 56
time 137
note_on 54
velocity 62
time 9
note_on 76
velocity 74
time 154
note_off 54
time 13
note_on 56
velocity 60
time 0
note_off 76
time 42
note_off 56
time 90
note_on 57
velocity 60
time 20
note_off 57
time 112
note_on 68
velocity 73
time 35
note_off 71
time 4
note_on 59
velocity 59
time 4
note_off 68
time 19
note_off 59
time 107
note_on 61
velocity 52
time 15
note_on 71
velocity 76
time 139
note_off 61
time 10
note_on 62
velocity 45
time 22
note_off 62
time 103
note_on 59
velocity 52
time 33
note_off 59
time 128
note_on 64
velocity 61
time 6
note_on 61
velocity 58
time 4
note_off 64
time 25
note_off 61
time 86
note_on 59
velocity 47
time 51
note_off 59
time 104
note_on 61
velocity 57
time 8
note_on 69
velocity 65
time 16
note_on 66
velocity 51
time 10
note_off 71
time 7
note_off 66
time 48
note_off 61
time 59
note_on 63
velocity 61
time 15
note_off 63
time 122
note_on 68
velocity 83
time 14
note_on 64
velocity 71
time 10
note_off 69
time 14
note_off 68
time 18
note_off 64
time 35
note_on 63
velocity 68
time 61
note_off 63
time 131
note_on 76
velocity 95
time 0
note_on 61
velocity 67
time 9
note_on 64
velocity 71
time 0
note_off 64
time 19
note_off 61
time 22
note_off 76
time 0
note_on 59
velocity 51
time 83
note_off 59
time 33
note_on 78
velocity 98
time 122
note_on 57
velocity 56
time 11
note_on 64
velocity 75
time 0
note_on 56
velocity 66
time 152
note_off 64
time 13
note_off 57
time 2
note_off 78
time 108
note_on 57
velocity 73
time 42
note_off 56
time 6
note_on 59
velocity 65
time 131
note_off 57
time 8
note_on 63
velocity 82
time 115
note_off 59
time 10
note_on 57
velocity 78
time 9
note_off 63
time 41
note_off 57
time 72
note_on 71
velocity 79
time 0
note_on 56
velocity 72
time 11
note_off 71
time 36
note_off 56
time 44
note_on 73
velocity 85
time 38
note_on 57
velocity 76
time 11
note_on 66
velocity 61
time 16
note_off 73
time 22
note_off 66
time 3
note_off 57
time 43
note_on 59
velocity 62
time 37
note_on 75
velocity 75
time 0
note_off 59
time 41
note_off 75
time 7
note_on 56
velocity 68
time 115
note_on 59
velocity 53
time 0
note_on 76
velocity 71
time 4
note_off 56
time 55
note_off 76
time 51
note_on 75
velocity 67
time 23
note_off 75
time 117
note_on 76
velocity 83
time 38
note_on 54
velocity 58
time 7
note_off 59
time 36
note_off 54
time 15
note_on 78
velocity 87
time 88
note_off 76
time 54
note_on 80
velocity 85
time 83
note_on 52
velocity 61
time 10
note_off 52
time 42
note_off 78
time 14
note_on 81
velocity 78
time 58
note_off 80
time 66
note_off 81
time 11
note_on 51
velocity 69
time 75
note_on 83
velocity 78
time 0
note_on 71
velocity 82
time 7
note_off 51
time 25
note_off 83
time 13
note_off 71
time 42
note_on 80
velocity 76
time 43
note_off 80
time 53
note_on 49
velocity 62
time 101
note_on 73
velocity 90
time 6
note_on 76
velocity 69
time 30
note_off 49
time 8
note_on 75
velocity 65
time 130
note_off 76
time 4
note_off 73
time 117
note_on 59
velocity 59
time 18
note_on 76
velocity 78
time 0
note_off 75
time 23
note_off 59
time 26
note_off 76
time 82
note_on 78
velocity 73
time 4
note_off 78
time 89
note_on 58
velocity 62
time 30
note_on 76
velocity 79
time 19
note_off 76
time 78
note_on 75
velocity 79
time 56
note_on 66
velocity 77
time 8
note_off 66
time 39
note_off 75
time 5
note_off 58
time 59
note_on 54
velocity 65
time 4
note_on 68
velocity 75
time 23
note_on 76
velocity 82
time 8
note_off 68
time 32
note_off 76
time 14
note_on 70
velocity 69
time 79
note_on 78
velocity 75
time 0
note_off 78
time 71
note_on 71
velocity 73
time 64
note_on 59
velocity 47
time 14
note_on 75
velocity 55
time 7
note_off 70
time 13
note_off 54
time 102
note_off 71
time 5
note_on 70
velocity 79
time 12
note_off 75
time 5
note_on 73
velocity 70
time 12
note_off 59
time 13
note_off 73
time 25
note_off 70
time 25
note_on 75
velocity 86
time 58
note_on 71
velocity 75
time 2
note_off 71
time 51
note_off 75
time 13
note_on 73
velocity 85
time 45
note_on 76
velocity 73
time 34
note_off 73
time 4
note_off 76
time 28
note_on 75
velocity 56
time 61
note_on 78
velocity 94
time 20
note_off 75
time 113
note_on 76
velocity 72
time 13
note_on 80
velocity 88
time 0
note_off 78
time 46
note_off 80
time 37
note_off 76
time 44
note_on 78
velocity 72
time 21
note_on 81
velocity 93
time 4
note_off 78
time 134
note_on 75
velocity 64
time 5
note_off 75
time 139
note_on 71
velocity 41
time 65
note_on 72
velocity 7
time 39
note_off 72
time 23
note_off 71
time 4
note_on 69
velocity 54
time 21
note_off 69
time 135
note_on 71
velocity 54
time 14
note_on 75
velocity 59
time 12
note_off 75
time 29
note_off 71
time 73
note_on 73
velocity 61
time 17
note_off 73
time 147
note_on 80
velocity 87
time 11
note_on 71
velocity 53
time 12
note_off 81
time 90
note_off 71
time 36
note_on 69
velocity 57
time 17
note_off 69
time 138
note_on 71
velocity 59
time 7
note_off 71
time 95
note_on 73
velocity 63
time 30
note_off 73
time 130
note_on 69
velocity 57
time 25
note_off 69
time 119
note_on 68
velocity 60
time 27
note_on 78
velocity 67
time 120
note_off 68
time 20
note_on 69
velocity 47
time 9
note_off 80
time 27
note_off 69
time 29
note_off 78
time 33
note_on 76
velocity 70
time 12
note_on 71
velocity 49
time 3
note_off 71
time 38
note_on 69
velocity 44
time 77
note_off 76
time 9
note_on 75
velocity 62
time 16
note_off 69
time 31
note_on 68
velocity 68
time 58
note_off 68
time 34
note_off 75
time 105
note_on 59
velocity 79
time 18
note_on 69
velocity 64
time 27
note_off 59
time 5
note_off 69
time 69
note_on 71
velocity 67
time 31
note_on 61
velocity 83
time 155
note_off 71
time 5
note_on 68
velocity 61
time 2
note_on 76
velocity 66
time 45
note_off 76
time 116
note_on 75
velocity 66
time 4
note_off 68
time 120
note_on 64
velocity 63
time 12
note_off 64
time 29
note_on 76
velocity 71
time 0
note_off 75
time 112
note_on 78
velocity 72
time 21
note_off 76
time 3
note_off 61
time 96
note_on 76
velocity 68
time 46
note_on 69
velocity 51
time 11
note_off 78
time 4
note_off 76
time 69
note_on 54
velocity 58
time 47
note_on 75
velocity 68
time 9
note_off 69
time 53
note_off 54
time 77
note_on 56
velocity 59
time 4
note_on 76
velocity 61
time 9
note_off 75
time 100
note_off 56
time 13
note_on 57
velocity 63
time 11
note_on 78
velocity 72
time 9
note_off 76
time 14
note_off 57
time 100
note_on 59
velocity 68
time 14
note_on 75
velocity 71
time 4
note_off 78
time 11
note_off 59
time 104
note_on 57
velocity 71
time 21
note_on 73
velocity 79
time 5
note_off 75
time 17
note_off 57
time 86
note_on 59
velocity 72
time 25
note_on 75
velocity 77
time 5
note_off 59
time 128
note_on 61
velocity 63
time 0
note_on 76
velocity 83
time 3
note_off 73
time 100
note_off 61
time 38
note_on 63
velocity 70
time 0
note_on 78
velocity 86
time 4
note_off 75
time 10
note_off 76
time 41
note_off 63
time 45
note_on 64
velocity 68
time 28
note_on 72
velocity 75
time 14
note_off 64
time 85
note_on 63
velocity 66
time 26
note_off 72
time 23
note_on 73
velocity 65
time 16
note_off 63
time 68
note_off 73
time 26
note_on 61
velocity 58
time 7
note_on 75
velocity 66
time 6
note_off 61
time 114
note_off 75
time 0
note_on 68
velocity 71
time 38
note_on 60
velocity 43
time 20
note_off 78
time 43
note_on 56
velocity 59
time 90
note_off 60
time 2
note_off 56
time 135
note_on 58
velocity 61
time 7
note_on 76
velocity 70
time 14
note_off 58
time 84
note_off 76
time 18
note_on 60
velocity 62
time 5
note_on 75
velocity 72
time 4
note_off 60
time 83
note_on 76
velocity 81
time 54
note_on 61
velocity 59
time 2
note_off 75
time 3
note_off 68
time 6
note_off 61
time 117
note_on 63
velocity 56
time 23
note_off 63
time 121
note_on 73
velocity 67
time 18
note_on 64
velocity 60
time 30
note_off 73
time 19
note_off 64
time 72
note_on 61
velocity 50
time 47
note_off 76
time 104
note_off 61
time 7
note_on 66
velocity 65
time 15
note_on 57
velocity 52
time 15
note_off 57
time 129
note_on 56
velocity 54
time 21
note_on 76
velocity 65
time 137
note_off 56
time 5
note_on 57
velocity 52
time 19
note_off 66
time 61
note_off 57
time 50
note_on 59
velocity 49
time 28
note_off 59
time 112
note_on 57
velocity 57
time 33
note_on 75
velocity 62
time 0
note_off 76
time 75
note_off 57
time 13
note_on 56
velocity 56
time 48
note_off 56
time 93
note_on 57
velocity 53
time 40
note_on 73
velocity 66
time 16
note_off 75
time 5
note_off 57
time 59
note_off 73
time 13
note_on 59
velocity 46
time 46
note_off 59
time 118
note_on 72
velocity 77
time 25
note_on 56
velocity 54
time 10
note_off 72
time 27
note_off 56
time 96
note_on 52
velocity 46
time 20
note_off 52
time 133
note_on 68
velocity 73
time 5
note_on 54
velocity 57
time 6
note_off 68
time 38
note_off 54
time 56
note_on 56
velocity 62
time 18
note_off 56
time 146
note_on 73
velocity 75
time 14
note_on 57
velocity 59
time 2
note_on 64
velocity 52
time 17
note_off 57
time 71
note_off 64
time 23
note_on 59
velocity 53
time 27
note_off 59
time 137
note_on 61
velocity 52
time 25
note_on 69
velocity 57
time 7
note_off 61
time 56
note_on 57
velocity 56
time 80
note_on 54
velocity 60
time 144
note_off 57
time 0
note_on 63
velocity 55
time 19
note_off 69
time 40
note_off 63
time 4
note_off 73
time 22
note_off 54
time 43
note_on 52
velocity 55
time 13
note_on 75
velocity 88
time 126
note_off 52
time 14
note_on 66
velocity 72
time 0
note_on 54
velocity 59
time 18
note_off 66
time 16
note_off 75
time 36
note_on 56
velocity 62
time 65
note_off 54
time 5
note_off 56
time 141
note_on 54
velocity 69
time 7
note_on 68
velocity 81
time 3
note_on 60
velocity 81
time 6
note_off 60
time 91
note_off 54
time 19
note_on 52
velocity 68
time 8
note_off 68
time 79
note_on 54
velocity 71
time 69
note_off 52
time 9
note_on 63
velocity 56
time 4
note_on 70
velocity 71
time 5
note_off 63
time 39
note_off 70
time 37
note_on 56
velocity 73
time 15
note_off 54
time 10
note_off 56
time 32
note_on 72
velocity 72
time 11
note_off 72
time 77
note_on 56
velocity 69
time 50
note_on 73
velocity 82
time 2
note_on 52
velocity 55
time 14
note_off 56
time 39
note_off 52
time 4
note_off 73
time 29
note_on 72
velocity 72
time 33
note_on 51
velocity 59
time 187
note_off 72
time 0
note_on 73
velocity 78
time 0
note_off 51
time 45
note_on 75
velocity 79
time 75
note_off 73
time 44
note_on 76
velocity 86
time 106
note_on 49
velocity 56
time 11
note_off 75
time 10
note_off 49
time 53
note_on 78
velocity 84
time 62
note_off 76
time 54
note_on 52
velocity 66
time 76
note_on 80
velocity 81
time 11
note_off 52
time 29
note_off 78
time 26
note_on 76
velocity 73
time 70
note_off 80
time 3
note_off 76
time 148
note_on 46
velocity 54
time 8
note_on 73
velocity 71
time 7
note_off 46
time 44
note_off 73
time 63
note_on 71
velocity 59
time 18
note_on 56
velocity 79
time 132
note_on 73
velocity 64
time 17
note_off 56
time 20
note_off 71
time 41
note_on 75
velocity 64
time 67
note_off 73
time 16
note_on 55
velocity 60
time 142
note_on 58
velocity 79
time 2
note_on 73
velocity 70
time 10
note_off 55
time 31
note_off 75
time 19
note_on 71
velocity 64
time 110
note_off 73
time 2
note_on 51
velocity 58
time 115
note_off 71
time 30
note_on 73
velocity 62
time 9
note_off 51
time 5
note_on 75
velocity 54
time 135
note_off 73
time 80
note_on 44
velocity 50
time 21
note_off 75
time 7
note_on 71
velocity 56
time 44
note_off 44
time 33
note_off 71
time 92
note_on 70
velocity 62
time 5
note_on 46
velocity 43
time 116
note_off 70
time 9
note_on 71
velocity 75
time 9
note_off 58
time 14
note_off 46
time 97
note_on 73
velocity 75
time 18
note_off 71
time 114
note_on 47
velocity 44
time 20
note_on 75
velocity 63
time 9
note_on 56
velocity 33
time 16
note_off 47
time 48
note_off 73
time 37
note_off 75
time 7
note_on 76
velocity 61
time 27
note_on 46
velocity 49
time 131
note_off 76
time 5
note_on 78
velocity 62
time 6
note_off 46
time 46
note_off 78
time 86
note_on 75
velocity 50
time 17
note_on 44
velocity 53
time 122
note_off 56
time 5
note_off 75
time 7
note_on 71
velocity 48
time 23
note_off 44
time 36
note_off 71
time 58
note_on 69
velocity 43
time 33
note_on 54
velocity 65
time 119
note_off 69
time 5
note_on 71
velocity 51
time 4
note_off 54
time 39
note_off 71
time 102
note_on 73
velocity 55
time 0
note_on 53
velocity 42
time 167
note_on 56
velocity 58
time 0
note_on 71
velocity 53
time 5
note_off 73
time 18
note_off 53
time 22
note_off 71
time 55
note_on 69
velocity 46
time 28
note_on 49
velocity 52
time 133
note_off 69
time 6
note_on 71
velocity 46
time 27
note_off 49
time 20
note_on 73
velocity 50
time 108
note_off 71
time 108
note_off 73
time 9
note_on 42
velocity 51
time 13
note_on 69
velocity 47
time 37
note_off 42
time 59
note_off 69
time 70
note_on 68
velocity 55
time 15
note_on 44
velocity 55
time 106
note_off 68
time 0
note_off 56
time 11
note_on 69
velocity 54
time 20
note_off 44
time 64
note_on 71
velocity 59
time 51
note_off 69
time 11
note_on 73
velocity 53
time 132
note_on 45
velocity 39
time 17
note_on 54
velocity 37
time 0
note_off 71
time 28
note_off 45
time 40
note_on 75
velocity 50
time 56
note_off 75
time 90
note_off 73
time 7
note_on 76
velocity 55
time 42
note_on 44
velocity 52
time 9
note_off 44
time 54
note_on 73
velocity 48
time 63
note_off 76
time 12
note_off 73
time 114
note_on 42
velocity 42
time 11
note_on 75
velocity 51
time 7
note_off 54
time 31
note_off 42
time 32
note_off 75
time 27
note_on 73
velocity 53
time 64
note_on 52
velocity 58
time 137
note_on 75
velocity 53
time 0
note_off 52
time 41
note_off 73
time 0
note_off 75
time 34
note_on 76
velocity 60
time 55
note_on 51
velocity 49
time 150
note_on 54
velocity 51
time 3
note_on 78
velocity 60
time 4
note_off 76
time 4
note_off 51
time 65
note_on 80
velocity 55
time 51
note_off 78
time 130
note_off 80
time 7
note_on 49
velocity 48
time 13
note_on 81
velocity 51
time 17
note_off 49
time 47
note_on 78
velocity 60
time 79
note_off 81
time 55
note_on 48
velocity 54
time 97
note_on 80
velocity 66
time 0
note_off 78
time 4
note_off 54
time 20
note_off 48
time 23
note_on 78
velocity 72
time 102
note_off 80
time 59
note_off 78
time 64
note_on 76
velocity 74
time 13
note_on 44
velocity 65
time 3
note_off 44
time 103
note_on 75
velocity 71
time 41
note_off 76
time 31
note_on 52
velocity 75
time 119
note_on 45
velocity 65
time 4
note_on 73
velocity 86
time 0
note_off 45
time 36
note_off 52
time 5
note_off 75
time 8
note_on 71
velocity 78
time 89
note_off 73
time 53
note_on 61
velocity 86
time 76
note_on 52
velocity 76
time 6
note_off 71
time 0
note_on 69
velocity 79
time 6
note_off 52
time 32
note_off 61
time 0
note_on 68
velocity 82
time 106
note_off 69
time 42
note_on 63
velocity 84
time 96
note_on 54
velocity 78
time 4
note_on 66
velocity 84
time 23
note_off 68
time 25
note_on 52
velocity 75
time 100
note_on 68
velocity 85
time 10
note_off 54
time 5
note_off 66
time 34
note_off 68
time 73
note_off 63
time 21
note_on 69
velocity 75
time 4
note_on 54
velocity 81
time 4
note_off 52
time 41
note_off 69
time 31
note_on 66
velocity 79
time 48
note_off 66
time 91
note_off 54
time 37
note_on 56
velocity 88
time 7
note_on 63
velocity 81
time 7
note_off 56
time 54
note_off 63
time 5
note_on 56
velocity 82
time 86
note_off 56
time 57
note_on 58
velocity 78
time 83
note_on 44
velocity 78
time 7
note_on 68
velocity 80
time 5
note_off 58
time 26
note_on 60
velocity 72
time 82
note_off 68
time 80
note_on 64
velocity 80
time 64
note_on 61
velocity 70
time 5
note_off 60
time 2
note_on 49
velocity 72
time 11
note_off 64
time 13
note_off 61
time 7
note_off 44
time 19
note_off 49
time 38
note_on 60
velocity 69
time 70
note_on 61
velocity 76
time 137
note_on 68
velocity 88
time 5
note_off 60
time 8
note_off 68
time 19
note_on 63
velocity 75
time 126
note_off 61
time 26
note_on 73
velocity 93
time 90
note_on 64
velocity 77
time 32
note_off 63
time 5
note_off 73
time 4
note_off 64
time 121
note_on 66
velocity 79
time 0
note_off 66
time 122
note_on 71
velocity 87
time 13
note_on 68
velocity 84
time 4
note_off 71
time 27
note_off 68
time 38
note_on 64
velocity 70
time 53
note_on 76
velocity 86
time 151
note_off 64
time 7
note_on 61
velocity 66
time 5
note_off 61
time 132
note_on 75
velocity 84
time 0
note_on 59
velocity 49
time 19
note_on 60
velocity 38
time 37
note_off 60
time 42
note_on 73
velocity 90
time 48
note_on 61
velocity 67
time 2
note_off 59
time 5
note_off 76
time 7
note_off 75
time 120
note_on 63
velocity 63
time 7
note_on 71
velocity 87
time 0
note_off 61
time 11
note_off 73
time 52
note_on 69
velocity 81
time 87
note_off 63
time 2
note_on 61
velocity 68
time 5
note_off 71
time 11
note_on 59
velocity 68
time 130
note_off 61
time 0
note_off 59
time 137
note_on 61
velocity 66
time 9
note_on 63
velocity 67
time 133
note_off 61
time 95
note_off 63
time 44
note_on 59
velocity 69
time 17
note_on 56
velocity 69
time 105
note_off 59
time 0
note_off 69
time 143
note_on 57
velocity 72
time 19
note_on 63
velocity 82
time 4
note_off 56
time 20
note_off 63
time 26
note_off 57
time 41
note_on 59
velocity 67
time 29
note_off 59
time 143
note_on 61
velocity 63
time 4
note_on 69
velocity 79
time 18
note_off 69
time 28
note_off 61
time 97
note_on 63
velocity 64
time 4
note_off 63
time 137
note_on 68
velocity 77
time 10
note_on 64
velocity 64
time 20
note_off 68
time 20
note_off 64
time 48
note_on 61
velocity 56
time 53
note_off 61
time 131
note_on 73
velocity 66
time 0
note_on 57
velocity 52
time 22
note_off 57
time 125
note_on 71
velocity 59
time 4
note_on 56
velocity 55
time 20
note_off 71
time 90
note_on 69
velocity 58
time 19
note_off 73
time 5
note_off 56
time 17
note_on 57
velocity 55
time 17
note_off 69
time 109
note_on 68
velocity 59
time 7
note_off 57
time 8
note_on 59
velocity 48
time 28
note_off 68
time 95
note_on 66
velocity 57
time 16
note_off 59
time 4
note_on 57
velocity 57
time 23
note_off 57
time 105
note_on 56
velocity 61
time 32
note_off 56
time 133
note_on 57
velocity 60
time 5
note_off 57
time 88
note_on 59
velocity 57
time 39
note_off 59
time 107
note_on 56
velocity 54
time 47
note_off 56
time 75
note_on 54
velocity 60
time 38
note_off 54
time 84
note_off 66
time 25
note_on 56
velocity 60
time 34
note_on 64
velocity 67
time 31
note_off 56
time 80
note_on 57
velocity 53
time 26
note_off 64
time 28
note_on 63
velocity 62
time 6
note_off 57
time 21
note_on 56
velocity 70
time 80
note_off 63
time 19
note_off 56
time 13
note_on 64
velocity 71
time 9
note_off 64
time 71
note_on 66
velocity 66
time 58
note_on 52
velocity 68
time 132
note_on 59
velocity 75
time 0
note_off 66
time 0
note_on 68
velocity 76
time 2
note_off 52
time 42
note_off 68
time 71
note_on 64
velocity 72
time 21
note_off 64
time 107
note_on 54
velocity 83
time 44
note_off 59
time 11
note_on 61
velocity 54
time 6
note_on 68
velocity 64
time 131
note_off 61
time 36
note_off 54
time 111
note_on 57
velocity 71
time 0
note_on 66
velocity 67
time 5
note_off 68
time 4
note_off 66
time 88
note_off 57
time 13
note_on 56
velocity 67
time 25
note_on 64
velocity 73
time 0
note_off 56
time 93
note_on 57
velocity 63
time 33
note_on 63
velocity 69
time 18
note_off 64
time 13
note_off 57
time 8
note_off 63
time 97
note_on 47
velocity 68
time 4
note_on 61
velocity 65
time 9
note_off 47
time 64
note_on 49
velocity 62
time 60
note_on 59
velocity 69
time 23
note_off 61
time 17
note_off 59
time 77
note_on 51
velocity 69
time 13
note_off 49
time 4
note_on 57
velocity 71
time 6
note_off 51
time 114
note_on 52
velocity 64
time 15
note_off 57
time 6
note_on 56
velocity 75
time 6
note_off 56
time 64
note_off 52
time 32
note_on 51
velocity 70
time 20
note_on 59
velocity 72
time 31
note_off 51
time 67
note_on 52
velocity 61
time 35
note_off 59
time 12
note_on 61
velocity 71
time 18
note_off 52
time 121
note_on 63
velocity 75
time 20
note_on 54
velocity 48
time 7
note_off 61
time 11
note_off 63
time 77
note_on 56
velocity 53
time 21
note_off 54
time 4
note_on 64
velocity 76
time 8
note_off 64
time 94
note_off 56
time 17
note_on 57
velocity 60
time 19
note_on 66
velocity 77
time 2
note_off 57
time 88
note_on 68
velocity 89
time 50
note_on 59
velocity 62
time 17
note_off 66
time 12
note_off 68
time 39
note_off 59
time 34
note_on 64
velocity 74
time 28
note_on 56
velocity 61
time 13
note_on 73
velocity 97
time 142
note_off 56
time 3
note_on 52
velocity 61
time 17
note_off 64
time 32
note_off 52
time 82
note_on 51
velocity 61
time 20
note_off 51
time 135
note_on 52
velocity 57
time 26
note_off 52
time 75
note_on 54
velocity 57
time 33
note_off 54
time 117
note_on 52
velocity 62
time 23
note_off 52
time 70
note_on 51
velocity 67
time 48
note_on 66
velocity 61
time 36
note_off 73
time 7
note_off 51
time 31
note_on 52
velocity 58
time 55
note_on 68
velocity 65
time 21
note_off 66
time 9
note_off 52
time 55
note_on 54
velocity 53
time 36
note_off 68
time 18
note_on 70
velocity 60
time 23
note_off 54
time 31
note_off 70
time 39
note_on 51
velocity 66
time 43
note_on 71
velocity 68
time 13
note_off 51
time 25
note_off 71
time 78
note_on 70
velocity 69
time 23
note_off 70
time 108
note_on 54
velocity 65
time 50
note_on 71
velocity 74
time 0
note_off 54
time 52
note_off 71
time 47
note_on 73
velocity 78
time 27
note_on 75
velocity 81
time 145
note_on 47
velocity 77
time 7
note_off 73
time 20
note_off 47
time 19
note_off 75
time 28
note_on 76
velocity 67
time 72
note_on 77
velocity 61
time 16
note_off 77
time 38
note_on 64
velocity 93
time 80
note_on 78
velocity 80
time 2
note_on 52
velocity 74
time 13
note_off 76
time 0
note_off 78
time 42
note_on 80
velocity 78
time 55
note_off 64
time 44
note_off 80
time 4
note_on 66
velocity 88
time 136
note_on 69
velocity 70
time 6
note_off 52
time 101
note_off 69
time 6
note_on 68
velocity 83
time 41
note_off 66
time 95
note_on 51
velocity 77
time 38
note_on 69
velocity 74
time 0
note_off 68
time 79
note_off 51
time 45
note_on 49
velocity 74
time 10
note_on 71
velocity 77
time 3
note_off 69
time 22
note_off 71
time 51
note_off 49
time 11
note_on 69
velocity 78
time 61
note_on 51
velocity 74
time 4
note_off 69
time 46
note_on 68
velocity 86
time 73
note_on 59
velocity 79
time 4
note_off 59
time 33
note_off 68
time 22
note_on 69
velocity 79
time 80
note_on 61
velocity 70
time 4
note_on 59
velocity 61
time 5
note_off 51
time 12
note_off 61
time 18
note_off 69
time 15
note_on 63
velocity 77
time 63
note_on 71
velocity 73
time 4
note_off 71
time 52
note_off 63
time 23
note_off 59
time 33
note_on 64
velocity 82
time 48
note_on 68
velocity 72
time 14
note_on 61
velocity 82
time 13
note_off 68
time 33
note_off 64
time 5
note_on 63
velocity 78
time 72
note_on 66
velocity 71
time 4
note_off 66
time 41
note_off 63
time 23
note_on 68
velocity 83
time 63
note_on 64
velocity 65
time 20
note_off 68
time 30
note_off 64
time 6
note_on 66
velocity 78
time 64
note_on 69
velocity 65
time 26
note_off 66
time 18
note_off 69
time 15
note_on 68
velocity 91
time 106
note_on 71
velocity 76
time 11
note_off 71
time 35
note_off 61
time 10
note_off 68
time 4
note_on 73
velocity 81
time 58
note_on 69
velocity 68
time 11
note_off 69
time 47
note_off 73
time 11
note_on 71
velocity 81
time 77
note_on 74
velocity 84
time 9
note_on 56
velocity 81
time 4
note_off 71
time 42
note_off 56
time 4
note_on 68
velocity 79
time 84
note_off 74
time 47
note_off 68
time 73
note_on 64
velocity 84
time 23
note_on 57
velocity 69
time 21
note_off 57
time 64
note_on 63
velocity 79
time 51
note_off 64
time 30
note_off 63
time 31
note_on 73
velocity 90
time 80
note_on 64
velocity 79
time 7
note_on 56
velocity 70
time 4
note_off 56
time 35
note_off 64
time 5
note_on 66
velocity 75
time 68
note_on 71
velocity 72
time 9
note_off 73
time 4
note_off 71
time 106
note_off 66
time 48
note_on 73
velocity 91
time 0
note_on 64
velocity 83
time 5
note_on 57
velocity 67
time 9
note_off 57
time 42
note_off 64
time 68
note_on 63
velocity 61
time 33
note_on 64
velocity 56
time 137
note_off 63
time 5
note_on 52
velocity 62
time 21
note_off 52
time 42
note_off 64
time 57
note_on 66
velocity 59
time 27
note_on 54
velocity 65
time 153
note_on 63
velocity 60
time 0
note_off 54
time 40
note_off 66
time 3
note_off 63
time 82
note_on 61
velocity 48
time 4
note_off 61
time 109
note_on 63
velocity 56
time 56
note_on 57
velocity 43
time 36
note_off 73
time 14
note_off 57
time 30
note_off 63
time 35
note_on 64
velocity 63
time 4
note_off 64
time 136
note_on 71
velocity 70
time 42
note_on 56
velocity 55
time 2
note_on 66
velocity 66
time 9
note_off 56
time 32
note_off 66
time 33
note_on 68
velocity 62
time 66
note_on 54
velocity 60
time 145
note_off 68
time 4
note_on 69
velocity 45
time 25
note_off 54
time 22
note_off 69
time 50
note_on 66
velocity 55
time 35
note_off 66
time 116
note_on 52
velocity 59
time 33
note_on 62
velocity 59
time 14
note_off 52
time 27
note_off 62
time 107
note_on 61
velocity 59
time 6
note_on 54
velocity 57
time 143
note_on 62
velocity 66
time 4
note_off 61
time 9
note_off 54
time 30
note_on 64
velocity 72
time 94
note_off 62
time 13
note_off 71
time 11
note_on 56
velocity 55
time 126
note_on 71
velocity 84
time 7
note_off 64
time 13
note_on 62
velocity 64
time 9
note_off 56
time 26
note_off 62
time 73
note_on 61
velocity 60
time 41
note_on 52
velocity 60
time 109
note_on 62
velocity 49
time 37
note_off 52
time 7
note_off 61
time 7
note_off 62
time 94
note_on 64
velocity 55
time 41
note_on 57
velocity 63
time 107
note_on 61
velocity 56
time 27
note_off 64
time 9
note_off 57
time 6
note_off 61
time 83
note_on 59
velocity 50
time 20
note_off 59
time 70
note_on 59
velocity 66
time 65
note_on 61
velocity 51
time 15
note_off 59
time 25
note_off 71
time 0
note_off 61
time 27
note_on 62
velocity 57
time 69
note_off 62
time 148
note_on 69
velocity 59
time 13
note_on 61
velocity 57
time 6
note_on 64
velocity 47
time 21
note_off 61
time 21
note_off 64
time 22
note_on 66
velocity 50
time 94
note_on 59
velocity 60
time 139
note_on 68
velocity 53
time 0
note_off 59
time 40
note_off 66
time 10
note_off 68
time 21
note_on 64
velocity 57
time 64
note_off 64
time 96
note_on 57
velocity 55
time 65
note_on 61
velocity 48
time 7
note_off 57
time 38
note_off 61
time 55
note_on 59
velocity 61
time 36
note_off 69
time 66
note_on 52
velocity 65
time 70
note_on 61
velocity 49
time 12
note_off 52
time 35
note_off 61
time 72
note_on 62
velocity 67
time 0
note_off 59
time 7
note_off 62
time 41
note_on 54
velocity 66
time 121
note_on 69
velocity 71
time 2
note_on 61
velocity 58
time 13
note_off 54
time 28
note_off 61
time 96
note_on 59
velocity 64
time 14
note_on 49
velocity 64
time 142
note_on 61
velocity 63
time 3
note_off 59
time 16
note_off 49
time 29
note_off 61
time 84
note_on 62
velocity 70
time 4
note_off 69
time 7
note_off 62
time 119
note_on 59
velocity 77
time 20
note_on 51
velocity 69
time 16
note_off 51
time 51
note_on 57
velocity 76
time 77
note_off 59
time 11
note_off 57
time 113
note_on 47
velocity 73
time 6
note_on 59
velocity 76
time 13
note_off 47
time 30
note_on 61
velocity 58
time 113
note_off 59
time 42
note_on 59
velocity 68
time 87
note_on 68
velocity 89
time 0
note_off 61
time 7
note_on 52
velocity 54
time 4
note_off 68
time 31
note_off 59
time 42
note_on 57
velocity 60
time 64
note_off 57
time 132
note_on 76
velocity 95
time 0
note_on 59
velocity 62
time 9
note_off 76
time 17
note_off 59
time 101
note_on 61
velocity 62
time 12
note_off 61
time 164
note_on 78
velocity 94
time 15
note_on 57
velocity 59
time 13
note_off 57
time 118
note_on 56
velocity 60
time 9
note_off 52
time 39
note_on 57
velocity 67
time 109
note_off 56
time 37
note_off 57
time 83
note_on 59
velocity 62
time 9
note_off 78
time 33
note_off 59
time 27
note_on 51
velocity 61
time 77
note_on 57
velocity 60
time 15
note_off 57
time 76
note_on 56
velocity 54
time 58
note_on 71
velocity 61
time 8
note_off 56
time 111
note_on 57
velocity 55
time 9
note_on 73
velocity 66
time 16
note_off 71
time 13
note_off 73
time 120
note_off 57
time 5
note_on 75
velocity 59
time 4
note_on 59
velocity 44
time 13
note_off 59
time 104
note_off 75
time 6
note_on 56
velocity 62
time 6
note_on 76
velocity 65
time 14
note_off 56
time 47
note_on 75
velocity 70
time 83
note_off 76
time 15
note_off 75
time 119
note_off 51
time 6
note_on 59
velocity 63
time 20
note_on 76
velocity 84
time 0
note_off 59
time 38
note_on 78
velocity 81
time 94
note_off 76
time 65
note_on 80
velocity 84
time 80
note_on 49
velocity 54
time 7
note_on 52
velocity 52
time 2
note_on 81
velocity 80
time 118
note_off 78
time 62
note_off 52
time 76
note_on 83
velocity 83
time 16
note_off 80
time 5
note_off 49
time 7
note_on 56
velocity 64
time 0
note_off 81
time 26
note_off 56
time 31
note_on 80
velocity 86
time 62
note_off 83
time 38
note_on 42
velocity 56
time 121
note_on 81
velocity 84
time 5
note_off 80
time 40
note_on 80
velocity 91
time 126
note_off 81
time 39
note_on 54
velocity 67
time 105
note_off 42
time 21
note_on 81
velocity 89
time 0
note_on 83
velocity 86
time 131
note_on 49
velocity 57
time 9
note_off 80
time 2
note_off 81
time 28
note_on 51
velocity 67
time 105
note_on 81
velocity 87
time 0
note_off 49
time 5
note_off 54
time 0
note_off 51
time 51
note_on 80
velocity 90
time 86
note_off 83
time 27
note_off 81
time 11
note_on 47
velocity 60
time 112
note_on 81
velocity 84
time 0
note_off 47
time 65
note_on 83
velocity 85
time 51
note_off 80
time 12
note_off 81
time 50
note_on 52
velocity 69
time 92
note_on 80
velocity 90
time 7
note_off 83
time 26
note_off 52
time 23
note_on 78
velocity 88
time 88
note_off 80
time 35
note_on 80
velocity 84
time 107
note_on 47
velocity 67
time 9
note_off 47
time 57
note_on 81
velocity 81
time 52
note_off 80
time 45
note_off 78
time 26
note_on 52
velocity 74
time 108
note_on 80
velocity 90
time 0
note_on 49
velocity 43
time 19
note_off 81
time 58
note_off 49
time 11
note_on 78
velocity 88
time 48
note_off 80
time 93
note_on 76
velocity 81
time 57
note_off 78
time 7
note_on 44
velocity 89
time 5
note_off 44
time 96
note_on 75
velocity 76
time 25
note_off 76
time 26
note_off 52
time 146
note_on 45
velocity 93
time 5
note_on 73
velocity 74
time 2
note_off 75
time 31
note_on 71
velocity 79
time 84
note_off 73
time 15
note_off 71
time 46
note_on 73
velocity 84
time 105
note_on 64
velocity 85
time 4
note_off 45
time 14
note_off 64
time 63
note_on 74
velocity 82
time 57
note_on 40
velocity 78
time 4
note_off 73
time 0
note_off 40
time 160
note_on 69
velocity 90
time 18
note_on 42
velocity 70
time 9
note_on 73
velocity 72
time 5
note_off 74
time 8
note_off 42
time 71
note_on 71
velocity 80
time 75
note_off 73
time 2
note_on 37
velocity 70
time 130
note_on 73
velocity 85
time 21
note_off 37
time 50
note_off 71
time 59
note_on 74
velocity 77
time 18
note_off 73
time 30
note_on 39
velocity 76
time 105
note_on 71
velocity 83
time 21
note_off 39
time 11
note_off 74
time 3
note_on 73
velocity 84
time 110
note_off 69
time 113
note_on 75
velocity 89
time 47
note_on 59
velocity 78
time 8
note_off 71
time 4
note_off 73
time 27
note_off 59
time 2
note_on 71
velocity 74
time 115
note_on 61
velocity 73
time 203
note_on 76
velocity 93
time 0
note_off 71
time 4
note_off 75
time 2
note_on 68
velocity 68
time 5
note_off 68
time 47
note_on 64
velocity 78
time 122
note_on 66
velocity 79
time 158
note_off 64
time 8
note_on 68
velocity 85
time 140
note_off 66
time 31
note_off 68
time 67
note_on 69
velocity 82
time 42
note_on 71
velocity 89
time 156
note_on 54
velocity 57
time 14
note_off 76
time 7
note_off 69
time 26
note_off 61
time 71
note_on 73
velocity 97
time 61
note_on 56
velocity 67
time 16
note_off 71
time 17
note_on 57
velocity 73
time 130
note_off 54
time 28
note_off 56
time 33
note_on 59
velocity 81
time 134
note_on 75
velocity 90
time 16
note_off 57
time 4
note_off 59
time 21
note_off 73
time 11
note_on 73
velocity 87
time 144
note_on 47
velocity 70
time 225
note_on 71
velocity 87
time 4
note_off 47
time 26
note_off 73
time 47
note_on 69
velocity 83
time 135
note_off 71
time 0
note_on 76
velocity 95
time 336
note_on 40
velocity 62
time 13
note_off 75
time 43
note_on 68
velocity 81
time 330
note_off 69
time 22
note_off 68
time 15
note_on 66
velocity 86
time 251
note_off 66
time 35
note_on 68
velocity 82
time 301
note_off 68
time 82
note_on 66
velocity 83
time 4
note_on 68
velocity 80
time 96
note_off 66
time 5
note_off 76
time 772
note_off 68
time 9
note_off 40
time 27
