note_on 48
velocity 98
time 269
note_on 36
velocity 85
time 10
note_on 55
velocity 76
time 57
note_on 60
velocity 66
time 112
note_off 55
time 56
note_on 64
velocity 80
time 23
note_off 60
time 4
note_off 64
time 30
note_on 60
velocity 81
time 47
note_on 67
velocity 83
time 81
note_off 60
time 9
note_on 72
velocity 79
time 83
note_off 67
time 31
note_on 76
velocity 80
time 33
note_off 72
time 4
note_off 76
time 23
note_on 72
velocity 89
time 37
note_on 79
velocity 89
time 80
note_off 72
time 4
note_on 84
velocity 78
time 87
note_off 79
time 37
note_on 88
velocity 94
time 20
note_off 84
time 9
note_off 88
time 15
note_on 84
velocity 86
time 51
note_on 91
velocity 84
time 71
note_off 84
time 19
note_on 96
velocity 83
time 61
note_off 91
time 58
note_on 100
velocity 102
time 7
note_off 96
time 15
note_on 96
velocity 81
time 61
note_on 91
velocity 75
time 60
note_off 100
time 7
note_off 96
time 32
note_off 91
time 36
note_on 84
velocity 79
time 4
note_off 84
time 58
note_on 88
velocity 89
time 35
note_on 84
velocity 83
time 82
note_off 88
time 36
note_on 79
velocity 80
time 27
note_off 84
time 28
note_off 79
time 39
note_on 72
velocity 78
time 8
note_off 72
time 55
note_on 76
velocity 92
time 38
note_off 48
time 9
note_off 36
time 29
note_on 72
velocity 87
time 37
note_off 76
time 28
note_on 67
velocity 70
time 46
note_off 72
time 15
note_off 67
time 34
note_on 60
velocity 74
time 13
note_off 60
time 70
note_on 64
velocity 82
time 34
note_on 60
velocity 79
time 71
note_off 64
time 29
note_on 55
velocity 70
time 55
note_off 60
time 8
note_on 48
velocity 68
time 68
note_off 48
time 94
note_on 41
velocity 90
time 39
note_on 29
velocity 80
time 6
note_off 55
time 11
note_on 48
velocity 69
time 22
note_off 48
time 50
note_on 57
velocity 77
time 20
note_on 60
velocity 79
time 4
note_off 57
time 31
note_off 60
time 60
note_on 65
velocity 76
time 4
note_off 65
time 30
note_on 60
velocity 84
time 41
note_off 60
time 71
note_on 69
velocity 82
time 6
note_on 72
velocity 89
time 77
note_off 69
time 32
note_off 72
time 36
note_on 77
velocity 84
time 8
note_off 77
time 28
note_on 72
velocity 93
time 40
note_off 41
time 50
note_on 81
velocity 87
time 26
note_off 72
time 4
note_on 84
velocity 86
time 66
note_off 81
time 35
note_on 89
velocity 94
time 36
note_off 84
time 4
note_off 89
time 20
note_on 84
velocity 85
time 44
note_on 93
velocity 87
time 80
note_off 84
time 18
note_on 96
velocity 90
time 67
note_off 93
time 66
note_on 42
velocity 94
time 46
note_on 30
velocity 83
time 6
note_off 96
time 32
note_on 100
velocity 88
time 4
note_off 29
time 7
note_on 32
velocity 52
time 3
note_off 32
time 0
note_on 96
velocity 80
time 0
note_on 93
velocity 79
time 69
note_off 100
time 6
note_off 96
time 35
note_off 93
time 15
note_on 84
velocity 74
time 0
note_off 84
time 33
note_on 88
velocity 81
time 32
note_on 84
velocity 80
time 62
note_off 88
time 58
note_on 81
velocity 77
time 13
note_off 84
time 44
note_on 72
velocity 82
time 19
note_off 81
time 5
note_off 72
time 65
note_on 76
velocity 82
time 40
note_on 72
velocity 82
time 77
note_on 74
velocity 5
time 7
note_off 76
time 28
note_on 69
velocity 64
time 35
note_off 74
time 4
note_off 72
time 22
note_off 69
time 12
note_on 60
velocity 73
time 20
note_off 60
time 78
note_off 30
time 37
note_on 62
velocity 76
time 15
note_off 42
time 69
note_on 60
velocity 67
time 16
note_off 62
time 11
note_on 57
velocity 60
time 73
note_off 60
time 9
note_on 48
velocity 54
time 46
note_off 57
time 4
note_off 48
time 54
note_on 43
velocity 71
time 95
note_on 31
velocity 60
time 15
note_on 47
velocity 60
time 18
note_off 47
time 81
note_on 55
velocity 64
time 0
note_on 59
velocity 72
time 11
note_off 43
time 21
note_off 55
time 0
note_off 59
time 33
note_on 62
velocity 83
time 5
note_off 62
time 29
note_on 59
velocity 81
time 32
note_off 59
time 86
note_on 67
velocity 83
time 3
note_on 71
velocity 83
time 61
note_off 67
time 65
note_off 71
time 29
note_on 74
velocity 93
time 4
note_on 30
velocity 91
time 0
note_on 42
velocity 100
time 0
note_off 31
time 5
note_off 74
time 0
note_on 71
velocity 84
time 6
note_off 71
time 9
note_on 79
velocity 88
time 11
note_on 83
velocity 78
time 70
note_off 42
time 14
note_off 79
time 43
note_on 86
velocity 86
time 35
note_off 83
time 4
note_on 28
velocity 101
time 7
note_on 40
velocity 98
time 0
note_off 30
time 0
note_off 86
time 9
note_on 83
velocity 84
time 36
note_on 91
velocity 84
time 16
note_off 83
time 9
note_on 93
velocity 86
time 52
note_off 40
time 15
note_off 91
time 41
note_off 28
time 56
note_off 93
time 4
note_on 98
velocity 100
time 0
note_on 26
velocity 98
time 4
note_on 38
velocity 107
time 0
note_on 33
velocity 47
time 8
note_off 33
time 18
note_on 93
velocity 85
time 0
note_off 98
time 59
note_on 90
velocity 75
time 13
note_off 93
time 44
note_on 84
velocity 67
time 19
note_off 90
time 9
note_off 84
time 6
note_on 86
velocity 91
time 12
note_off 26
time 17
note_on 81
velocity 80
time 11
note_off 86
time 66
note_on 78
velocity 77
time 11
note_off 81
time 36
note_off 78
time 16
note_on 72
velocity 76
time 4
note_off 72
time 75
note_on 74
velocity 88
time 34
note_on 69
velocity 74
time 68
note_off 74
time 57
note_on 66
velocity 69
time 20
note_off 69
time 32
note_off 66
time 21
note_on 60
velocity 71
time 4
note_off 60
time 85
note_on 62
velocity 76
time 52
note_on 57
velocity 70
time 76
note_off 62
time 53
note_on 54
velocity 62
time 25
note_off 57
time 7
note_on 48
velocity 56
time 65
note_off 54
time 0
note_off 48
time 63
note_on 43
velocity 64
time 16
note_on 31
velocity 52
time 13
note_off 38
time 39
note_on 48
velocity 51
time 39
note_off 48
time 64
note_on 53
velocity 60
time 20
note_on 56
velocity 57
time 82
note_off 53
time 7
note_off 56
time 61
note_on 62
velocity 62
time 26
note_off 62
time 39
note_on 60
velocity 65
time 4
note_off 60
time 10
note_on 65
velocity 62
time 6
note_on 68
velocity 70
time 0
note_off 65
time 8
note_off 68
time 19
note_on 74
velocity 76
time 0
note_off 74
time 29
note_on 72
velocity 76
time 9
note_off 72
time 35
note_on 77
velocity 69
time 44
note_on 80
velocity 68
time 64
note_off 77
time 4
note_off 80
time 31
note_on 86
velocity 78
time 5
note_off 86
time 12
note_on 84
velocity 68
time 11
note_off 84
time 35
note_on 89
velocity 71
time 31
note_on 92
velocity 67
time 33
note_off 89
time 0
note_on 98
velocity 75
time 13
note_off 92
time 0
note_on 91
velocity 69
time 6
note_off 98
time 7
note_on 89
velocity 62
time 0
note_off 91
time 5
note_off 89
time 13
note_on 83
velocity 62
time 32
note_off 83
time 51
note_on 86
velocity 63
time 50
note_on 79
velocity 79
time 62
note_off 86
time 40
note_on 77
velocity 65
time 44
note_off 79
time 17
note_off 77
time 20
note_on 71
velocity 72
time 14
note_off 71
time 71
note_on 74
velocity 96
time 34
note_off 31
time 26
note_on 67
velocity 75
time 59
note_off 74
time 37
note_on 65
velocity 51
time 32
note_off 67
time 25
note_off 65
time 12
note_on 59
velocity 75
time 17
note_off 59
time 97
note_on 63
velocity 88
time 21
note_on 55
velocity 87
time 89
note_off 63
time 51
note_on 53
velocity 82
time 40
note_on 47
velocity 82
time 92
note_off 55
time 64
note_off 47
time 48
note_off 53
time 65
note_on 48
velocity 100
time 27
note_on 36
velocity 91
time 8
note_off 43
time 42
note_on 55
velocity 77
time 34
note_on 60
velocity 72
time 13
note_off 55
time 5
note_on 64
velocity 81
time 8
note_off 60
time 4
note_off 64
time 20
note_on 60
velocity 82
time 51
note_on 67
velocity 86
time 76
note_off 60
time 9
note_on 72
velocity 82
time 80
note_off 67
time 41
note_on 76
velocity 90
time 25
note_off 72
time 9
note_off 76
time 17
note_on 72
velocity 88
time 51
note_on 79
velocity 92
time 68
note_off 72
time 7
note_on 84
velocity 78
time 86
note_off 79
time 46
note_on 88
velocity 92
time 22
note_off 84
time 11
note_off 88
time 18
note_on 84
velocity 83
time 56
note_on 91
velocity 89
time 65
note_off 84
time 20
note_on 96
velocity 90
time 68
note_off 91
time 65
note_on 100
velocity 99
time 12
note_off 96
time 18
note_on 96
velocity 84
time 78
note_off 100
time 61
note_on 91
velocity 81
time 9
note_off 96
time 39
note_off 91
time 34
note_on 84
velocity 72
time 4
note_off 84
time 60
note_on 88
velocity 93
time 35
note_on 84
velocity 81
time 81
note_off 88
time 35
note_on 79
velocity 77
time 30
note_off 84
time 36
note_off 79
time 37
note_on 72
velocity 77
time 4
note_off 72
time 65
note_on 76
velocity 83
time 40
note_off 76
time 71
note_on 72
velocity 80
time 10
note_off 48
time 30
note_on 67
velocity 63
time 39
note_off 72
time 12
note_off 67
time 43
note_on 60
velocity 68
time 16
note_off 60
time 48
note_on 64
velocity 70
time 69
note_off 64
time 44
note_on 60
velocity 69
time 23
note_on 55
velocity 55
time 104
note_off 60
time 22
note_on 48
velocity 59
time 51
note_off 48
time 122
note_on 45
velocity 77
time 120
note_on 33
velocity 69
time 11
note_off 55
time 25
note_off 36
time 5
note_on 48
velocity 52
time 0
note_off 48
time 52
note_on 53
velocity 67
time 23
note_on 60
velocity 63
time 5
note_off 53
time 4
note_on 65
velocity 76
time 8
note_off 60
time 5
note_off 65
time 0
note_on 60
velocity 72
time 52
note_off 60
time 62
note_on 65
velocity 70
time 13
note_on 72
velocity 77
time 92
note_off 65
time 7
note_on 77
velocity 89
time 52
note_off 72
time 8
note_off 77
time 23
note_on 72
velocity 84
time 50
note_off 72
time 78
note_on 77
velocity 81
time 5
note_on 84
velocity 77
time 84
note_off 77
time 7
note_on 89
velocity 86
time 51
note_off 84
time 13
note_off 89
time 17
note_on 84
velocity 71
time 57
note_off 84
time 68
note_on 89
velocity 80
time 7
note_on 96
velocity 79
time 88
note_off 89
time 25
note_on 100
velocity 87
time 39
note_off 96
time 7
note_on 96
velocity 76
time 73
note_off 100
time 39
note_on 90
velocity 73
time 54
note_off 96
time 20
note_on 84
velocity 71
time 36
note_off 90
time 5
note_off 84
time 61
note_on 88
velocity 86
time 33
note_on 86
velocity 52
time 44
note_on 84
velocity 62
time 42
note_off 86
time 0
note_on 83
velocity 69
time 4
note_off 88
time 0
note_on 78
velocity 81
time 56
note_off 84
time 16
note_off 83
time 16
note_off 78
time 14
note_on 72
velocity 80
time 20
note_off 72
time 61
note_on 76
velocity 101
time 30
note_on 72
velocity 93
time 73
note_off 76
time 42
note_on 66
velocity 83
time 41
note_off 72
time 51
note_on 60
velocity 82
time 27
note_off 66
time 8
note_off 45
time 61
note_off 60
time 17
note_on 64
velocity 97
time 21
note_on 60
velocity 76
time 90
note_off 64
time 72
note_on 54
velocity 89
time 20
note_off 60
time 53
note_on 48
velocity 92
time 28
note_off 48
time 140
note_on 31
velocity 88
time 32
note_on 43
velocity 97
time 0
note_on 38
velocity 19
time 12
note_off 33
time 41
note_off 54
time 14
note_off 38
time 9
note_on 48
velocity 77
time 0
note_off 48
time 19
note_on 55
velocity 75
time 5
note_on 60
velocity 71
time 87
note_off 55
time 9
note_on 62
velocity 85
time 14
note_off 60
time 9
note_off 62
time 13
note_on 60
velocity 80
time 43
note_off 60
time 78
note_on 67
velocity 74
time 9
note_on 69
velocity 72
time 0
note_on 72
velocity 79
time 71
note_off 69
time 47
note_off 67
time 6
note_on 74
velocity 91
time 21
note_off 72
time 9
note_off 74
time 19
note_on 72
velocity 89
time 46
note_on 79
velocity 93
time 73
note_off 72
time 10
note_on 84
velocity 82
time 84
note_off 79
time 36
note_on 86
velocity 87
time 25
note_off 84
time 17
note_off 86
time 8
note_on 84
velocity 87
time 48
note_on 91
velocity 87
time 75
note_off 84
time 18
note_on 96
velocity 90
time 73
note_off 91
time 58
note_on 98
velocity 89
time 18
note_off 96
time 22
note_on 95
velocity 83
time 62
note_on 96
velocity 50
time 21
note_off 96
time 30
note_off 98
time 11
note_on 91
velocity 76
time 11
note_on 89
velocity 56
time 39
note_off 95
time 9
note_off 89
time 20
note_off 91
time 11
note_on 83
velocity 74
time 5
note_off 83
time 71
note_on 86
velocity 96
time 16
note_off 31
time 68
note_on 83
velocity 84
time 16
note_off 86
time 70
note_on 79
velocity 83
time 5
note_off 83
time 42
note_off 79
time 25
note_on 71
velocity 81
time 2
note_off 71
time 68
note_on 74
velocity 93
time 29
note_on 71
velocity 88
time 82
note_off 74
time 63
note_on 67
velocity 79
time 9
note_off 71
time 44
note_off 67
time 22
note_on 59
velocity 81
time 12
note_off 59
time 65
note_on 62
velocity 96
time 35
note_on 59
velocity 88
time 81
note_off 62
time 63
note_on 55
velocity 84
time 23
note_off 59
time 72
note_on 47
velocity 90
time 2
note_off 47
time 70
note_on 48
velocity 107
time 80
note_on 36
velocity 96
time 4
note_off 55
time 35
note_off 43
time 10
note_on 50
velocity 83
time 61
note_on 55
velocity 77
time 18
note_off 50
time 4
note_on 62
velocity 79
time 87
note_off 55
time 9
note_on 64
velocity 88
time 5
note_off 62
time 14
note_off 64
time 32
note_on 62
velocity 81
time 45
note_off 62
time 56
note_on 67
velocity 83
time 5
note_on 74
velocity 84
time 87
note_off 67
time 41
note_on 76
velocity 93
time 27
note_off 74
time 18
note_off 76
time 16
note_on 74
velocity 86
time 52
note_on 79
velocity 91
time 68
note_off 74
time 11
note_on 86
velocity 81
time 81
note_off 79
time 45
note_on 84
velocity 27
time 11
note_on 88
velocity 91
time 10
note_off 86
time 11
note_off 88
time 7
note_off 84
time 20
note_on 86
velocity 88
time 36
note_on 91
velocity 89
time 81
note_off 86
time 14
note_on 98
velocity 85
time 71
note_off 91
time 64
note_on 100
velocity 95
time 12
note_off 98
time 14
note_on 96
velocity 83
time 84
note_on 91
velocity 80
time 70
note_off 100
time 5
note_off 96
time 46
note_off 91
time 27
note_on 84
velocity 73
time 7
note_off 84
time 61
note_on 88
velocity 84
time 37
note_on 84
velocity 76
time 78
note_off 88
time 36
note_on 79
velocity 71
time 18
note_off 84
time 36
note_off 79
time 37
note_on 72
velocity 75
time 6
note_off 72
time 68
note_on 76
velocity 65
time 58
note_on 72
velocity 67
time 78
note_off 76
time 0
note_on 67
velocity 60
time 66
note_off 72
time 22
note_off 67
time 4
note_on 60
velocity 62
time 11
note_off 60
time 0
note_on 64
velocity 70
time 0
note_off 48
time 11
note_on 60
velocity 61
time 8
note_off 64
time 10
note_on 55
velocity 51
time 85
note_off 60
time 15
note_off 55
time 73
note_on 48
velocity 25
time 53
note_on 50
velocity 32
time 9
note_off 48
time 36
note_off 50
time 9
note_on 33
velocity 42
time 6
note_on 45
velocity 39
time 13
note_off 36
time 17
note_on 52
velocity 32
time 54
note_off 52
time 44
note_on 60
velocity 57
time 23
note_on 64
velocity 55
time 85
note_off 60
time 9
note_off 64
time 45
note_on 65
velocity 44
time 25
note_off 65
time 32
note_on 64
velocity 72
time 32
note_off 64
time 40
note_on 72
velocity 73
time 16
note_on 76
velocity 67
time 5
note_off 72
time 0
note_off 76
time 6
note_on 76
velocity 73
time 8
note_off 76
time 41
note_on 84
velocity 68
time 40
note_on 88
velocity 68
time 79
note_off 84
time 27
note_on 89
velocity 71
time 32
note_off 88
time 6
note_off 89
time 27
note_on 88
velocity 71
time 48
note_off 45
time 34
note_off 88
time 15
note_on 96
velocity 79
time 17
note_on 100
velocity 61
time 102
note_off 96
time 27
note_off 100
time 52
note_on 101
velocity 76
time 5
note_on 35
velocity 51
time 0
note_on 47
velocity 49
time 0
note_on 98
velocity 68
time 16
note_off 33
time 3
note_off 101
time 0
note_on 95
velocity 66
time 6
note_off 98
time 0
note_off 95
time 9
note_on 86
velocity 66
time 29
note_off 86
time 67
note_on 89
velocity 61
time 61
note_on 91
velocity 30
time 20
note_off 91
time 39
note_on 86
velocity 63
time 13
note_off 47
time 11
note_off 89
time 4
note_on 83
velocity 54
time 54
note_off 86
time 26
note_off 83
time 17
note_on 74
velocity 66
time 33
note_off 74
time 43
note_on 77
velocity 78
time 78
note_on 45
velocity 57
time 5
note_on 33
velocity 44
time 4
note_on 74
velocity 66
time 16
note_off 35
time 6
note_off 77
time 0
note_on 71
velocity 66
time 0
note_off 74
time 0
note_off 71
time 5
note_on 62
velocity 67
time 36
note_off 62
time 68
note_off 45
time 5
note_on 65
velocity 64
time 46
note_off 65
time 62
note_on 62
velocity 71
time 21
note_on 59
velocity 59
time 82
note_off 62
time 26
note_on 50
velocity 65
time 47
note_off 50
time 118
note_off 59
time 40
note_on 44
velocity 82
time 36
note_on 32
velocity 76
time 7
note_off 33
time 11
note_on 50
velocity 63
time 11
note_on 59
velocity 64
time 85
note_off 50
time 12
note_on 62
velocity 64
time 83
note_off 59
time 13
note_on 64
velocity 67
time 17
note_off 62
time 0
note_off 64
time 16
note_on 62
velocity 71
time 9
note_off 62
time 25
note_on 71
velocity 76
time 30
note_on 74
velocity 74
time 86
note_off 71
time 29
note_on 76
velocity 77
time 36
note_off 74
time 4
note_off 76
time 25
note_on 74
velocity 79
time 53
note_off 74
time 72
note_on 83
velocity 79
time 12
note_off 32
time 34
note_on 86
velocity 74
time 38
note_off 83
time 36
note_on 88
velocity 82
time 28
note_off 86
time 13
note_off 88
time 16
note_off 44
time 48
note_on 86
velocity 83
time 4
note_on 95
velocity 78
time 84
note_off 86
time 4
note_on 98
velocity 80
time 67
note_off 95
time 62
note_off 98
time 41
note_on 100
velocity 86
time 7
note_on 45
velocity 77
time 6
note_on 33
velocity 65
time 5
note_on 96
velocity 83
time 9
note_off 100
time 5
note_on 93
velocity 76
time 18
note_off 96
time 4
note_on 84
velocity 76
time 18
note_off 93
time 0
note_off 84
time 89
note_on 88
velocity 90
time 26
note_on 84
velocity 83
time 81
note_off 88
time 58
note_on 81
velocity 70
time 27
note_off 84
time 46
note_off 45
time 22
note_on 72
velocity 84
time 0
note_off 81
time 0
note_off 72
time 91
note_on 76
velocity 93
time 37
note_on 43
velocity 94
time 7
note_on 31
velocity 83
time 11
note_off 33
time 44
note_on 72
velocity 84
time 11
note_off 76
time 4
note_on 69
velocity 76
time 50
note_off 72
time 12
note_off 69
time 15
note_on 60
velocity 79
time 4
note_off 60
time 76
note_on 64
velocity 97
time 27
note_off 43
time 35
note_on 60
velocity 88
time 56
note_off 64
time 71
note_on 57
velocity 85
time 31
note_off 60
time 76
note_on 48
velocity 88
time 17
note_off 48
time 179
note_on 41
velocity 103
time 18
note_on 29
velocity 93
time 6
note_off 31
time 46
note_off 57
time 11
note_on 48
velocity 76
time 8
note_off 48
time 66
note_on 57
velocity 77
time 11
note_on 60
velocity 73
time 11
note_off 57
time 6
note_on 64
velocity 80
time 15
note_off 60
time 18
note_off 64
time 26
note_on 60
velocity 77
time 51
note_off 60
time 78
note_on 69
velocity 68
time 17
note_on 67
velocity 61
time 16
note_off 67
time 26
note_on 72
velocity 77
time 28
note_off 69
time 40
note_off 72
time 30
note_on 77
velocity 75
time 5
note_on 76
velocity 58
time 4
note_off 77
time 29
note_off 76
time 4
note_on 72
velocity 91
time 33
note_off 72
time 90
note_on 81
velocity 71
time 8
note_on 79
velocity 33
time 51
note_off 79
time 2
note_on 84
velocity 72
time 16
note_off 81
time 38
note_on 88
velocity 86
time 19
note_off 84
time 23
note_off 88
time 15
note_on 84
velocity 82
time 45
note_on 93
velocity 89
time 80
note_off 84
time 22
note_on 96
velocity 82
time 56
note_off 93
time 54
note_on 99
velocity 94
time 41
note_off 96
time 11
note_on 95
velocity 86
time 54
note_on 93
velocity 70
time 93
note_off 99
time 5
note_off 95
time 37
note_off 93
time 4
note_on 92
velocity 30
time 16
note_on 83
velocity 76
time 11
note_off 83
time 32
note_off 92
time 4
note_on 87
velocity 80
time 76
note_on 83
velocity 65
time 72
note_on 81
velocity 72
time 68
note_off 87
time 27
note_off 83
time 34
note_on 71
velocity 83
time 28
note_off 81
time 0
note_off 71
time 37
note_on 75
velocity 90
time 85
note_on 70
velocity 75
time 70
note_on 68
velocity 67
time 27
note_on 71
velocity 55
time 47
note_off 75
time 23
note_off 68
time 4
note_on 69
velocity 57
time 7
note_off 71
time 19
note_off 70
time 9
note_on 59
velocity 86
time 11
note_off 69
time 0
note_off 59
time 64
note_on 63
velocity 89
time 63
note_on 64
velocity 60
time 37
note_off 41
time 9
note_off 64
time 19
note_on 59
velocity 67
time 27
note_on 60
velocity 64
time 0
note_on 58
velocity 59
time 11
note_off 58
time 39
note_off 63
time 44
note_on 57
velocity 81
time 4
note_off 60
time 46
note_on 47
velocity 76
time 21
note_off 59
time 11
note_off 47
time 117
note_on 28
velocity 96
time 21
note_on 40
velocity 96
time 0
note_off 57
time 37
note_off 29
time 4
note_on 47
velocity 66
time 0
note_off 47
time 53
note_on 57
velocity 72
time 33
note_on 59
velocity 75
time 18
note_off 57
time 11
note_on 64
velocity 82
time 9
note_off 59
time 5
note_off 64
time 5
note_on 59
velocity 75
time 59
note_on 60
velocity 49
time 37
note_off 59
time 28
note_off 60
time 9
note_on 69
velocity 79
time 4
note_on 71
velocity 86
time 73
note_off 69
time 43
note_off 71
time 37
note_on 76
velocity 89
time 0
note_off 76
time 30
note_on 71
velocity 88
time 47
note_off 71
time 73
note_on 81
velocity 84
time 9
note_on 83
velocity 83
time 68
note_off 81
time 48
note_on 88
velocity 90
time 34
note_off 83
time 5
note_off 88
time 29
note_on 83
velocity 90
time 45
note_on 93
velocity 87
time 87
note_off 83
time 7
note_on 95
velocity 87
time 65
note_off 93
time 53
note_on 100
velocity 101
time 25
note_off 95
time 22
note_on 95
velocity 78
time 71
note_off 100
time 41
note_on 92
velocity 77
time 26
note_off 95
time 48
note_off 92
time 22
note_on 83
velocity 75
time 5
note_off 83
time 64
note_on 88
velocity 91
time 41
note_off 28
time 48
note_on 83
velocity 82
time 26
note_off 88
time 47
note_on 80
velocity 67
time 34
note_off 83
time 22
note_off 80
time 19
note_on 71
velocity 67
time 26
note_off 71
time 79
note_on 76
velocity 68
time 56
note_on 71
velocity 72
time 67
note_off 76
time 27
note_on 68
velocity 59
time 56
note_off 71
time 9
note_off 68
time 36
note_on 59
velocity 55
time 37
note_off 59
time 52
note_on 64
velocity 72
time 77
note_off 64
time 91
note_on 59
velocity 58
time 2
note_on 56
velocity 60
time 91
note_off 59
time 9
note_on 47
velocity 57
time 86
note_off 56
time 34
note_off 47
time 9
note_on 33
velocity 39
time 4
note_on 45
velocity 42
time 0
note_off 40
time 63
note_on 52
velocity 51
time 18
note_off 52
time 65
note_on 57
velocity 59
time 22
note_off 57
time 16
note_on 61
velocity 54
time 0
note_off 61
time 7
note_on 67
velocity 62
time 3
note_off 67
time 13
note_on 64
velocity 65
time 6
note_off 64
time 21
note_on 69
velocity 67
time 16
note_on 73
velocity 67
time 70
note_off 33
time 23
note_off 69
time 0
note_off 73
time 47
note_on 79
velocity 78
time 5
note_off 79
time 26
note_on 76
velocity 70
time 70
note_off 76
time 62
note_on 81
velocity 63
time 15
note_on 85
velocity 69
time 69
note_off 81
time 51
note_off 85
time 22
note_on 91
velocity 78
time 9
note_on 85
velocity 62
time 89
note_off 91
time 29
note_on 81
velocity 60
time 38
note_off 85
time 58
note_on 76
velocity 58
time 30
note_off 76
time 63
note_off 81
time 30
note_on 38
velocity 41
time 7
note_on 50
velocity 41
time 0
note_on 91
velocity 63
time 6
note_on 89
velocity 60
time 0
note_off 89
time 11
note_off 91
time 14
note_on 84
velocity 59
time 4
note_on 81
velocity 55
time 9
note_off 84
time 6
note_off 45
time 23
note_off 81
time 0
note_on 76
velocity 65
time 22
note_off 76
time 41
note_on 79
velocity 87
time 59
note_on 72
velocity 71
time 81
note_off 79
time 36
note_on 69
velocity 63
time 39
note_off 72
time 43
note_off 69
time 29
note_on 64
velocity 72
time 8
note_off 64
time 75
note_on 67
velocity 92
time 35
note_off 50
time 7
note_on 60
velocity 77
time 81
note_off 67
time 41
note_on 57
velocity 68
time 51
note_on 52
velocity 76
time 77
note_off 60
time 9
note_off 52
time 71
note_on 66
velocity 93
time 28
note_off 57
time 27
note_on 60
velocity 76
time 56
note_off 66
time 93
note_on 57
velocity 75
time 5
note_off 60
time 45
note_on 50
velocity 70
time 14
note_off 57
time 9
note_off 50
time 109
note_on 43
velocity 86
time 68
note_on 31
velocity 72
time 11
note_off 38
time 14
note_on 50
velocity 65
time 7
note_off 50
time 65
note_on 55
velocity 73
time 14
note_on 60
velocity 66
time 9
note_off 55
time 0
note_on 65
velocity 77
time 2
note_off 60
time 5
note_off 65
time 15
note_on 62
velocity 75
time 66
note_on 64
velocity 36
time 46
note_on 67
velocity 83
time 25
note_off 62
time 4
note_off 64
time 13
note_on 72
velocity 78
time 72
note_off 67
time 27
note_on 77
velocity 87
time 29
note_off 72
time 15
note_off 77
time 27
note_on 74
velocity 85
time 51
note_on 79
velocity 84
time 79
note_off 74
time 10
note_on 84
velocity 66
time 85
note_off 79
time 34
note_on 89
velocity 90
time 25
note_off 84
time 21
note_off 89
time 17
note_on 86
velocity 90
time 48
note_on 91
velocity 90
time 82
note_off 86
time 11
note_on 96
velocity 73
time 71
note_off 91
time 50
note_on 101
velocity 104
time 9
note_off 96
time 26
note_on 95
velocity 89
time 52
note_off 101
time 57
note_on 91
velocity 78
time 11
note_off 95
time 45
note_off 91
time 32
note_on 86
velocity 77
time 5
note_off 86
time 62
note_on 89
velocity 94
time 35
note_on 83
velocity 83
time 81
note_off 89
time 41
note_on 79
velocity 70
time 33
note_off 31
time 25
note_off 83
time 18
note_on 74
velocity 77
time 18
note_off 79
time 11
note_off 74
time 77
note_on 77
velocity 99
time 30
note_on 71
velocity 83
time 73
note_off 77
time 62
note_on 67
velocity 67
time 25
note_off 71
time 37
note_on 62
velocity 75
time 28
note_off 67
time 9
note_off 62
time 80
note_on 65
velocity 96
time 32
note_on 59
velocity 86
time 84
note_off 65
time 69
note_on 55
velocity 78
time 15
note_off 59
time 38
note_on 50
velocity 82
time 32
note_off 55
time 55
note_off 50
time 93
note_on 36
velocity 93
time 55
note_off 43
time 31
note_on 48
velocity 71
time 5
note_on 55
velocity 68
time 65
note_off 48
time 4
note_on 58
velocity 74
time 0
note_off 55
time 2
note_off 58
time 17
note_on 64
velocity 56
time 13
note_on 65
velocity 66
time 0
note_off 64
time 27
note_off 65
time 7
note_on 60
velocity 81
time 34
note_on 67
velocity 82
time 83
note_off 60
time 4
note_on 70
velocity 76
time 60
note_off 67
time 45
note_on 76
velocity 70
time 45
note_off 70
time 4
note_on 77
velocity 63
time 13
note_off 76
time 17
note_off 77
time 5
note_on 72
velocity 94
time 33
note_on 79
velocity 90
time 85
note_off 72
time 7
note_on 82
velocity 79
time 58
note_off 79
time 41
note_on 88
velocity 95
time 39
note_off 82
time 18
note_off 88
time 17
note_on 84
velocity 85
time 52
note_on 91
velocity 78
time 71
note_off 84
time 5
note_on 94
velocity 89
time 72
note_off 91
time 23
note_on 42
velocity 100
time 83
note_on 30
velocity 91
time 5
note_off 36
time 29
note_off 94
time 42
note_on 99
velocity 93
time 13
note_on 94
velocity 87
time 12
note_off 99
time 34
note_on 87
velocity 79
time 17
note_off 94
time 0
note_on 84
velocity 80
time 20
note_off 87
time 4
note_off 84
time 4
note_on 87
velocity 84
time 68
note_on 82
velocity 78
time 68
note_off 87
time 52
note_on 75
velocity 84
time 16
note_off 82
time 39
note_on 72
velocity 87
time 26
note_off 75
time 9
note_off 72
time 18
note_on 75
velocity 85
time 86
note_on 73
velocity 47
time 44
note_on 70
velocity 85
time 23
note_off 75
time 43
note_on 63
velocity 74
time 20
note_off 70
time 20
note_off 63
time 20
note_on 60
velocity 73
time 15
note_on 59
velocity 72
time 13
note_off 73
time 4
note_off 60
time 13
note_off 59
time 16
note_on 63
velocity 88
time 79
note_on 58
velocity 84
time 79
note_off 30
time 18
note_off 42
time 55
note_on 51
velocity 81
time 0
note_off 63
time 9
note_off 58
time 42
note_on 48
velocity 82
time 11
note_off 48
time 116
note_on 41
velocity 99
time 57
note_on 29
velocity 90
time 7
note_off 51
time 5
note_on 48
velocity 69
time 5
note_on 51
velocity 76
time 68
note_off 48
time 8
note_on 57
velocity 62
time 15
note_off 51
time 0
note_on 63
velocity 81
time 27
note_off 57
time 15
note_off 29
time 26
note_off 63
time 0
note_on 60
velocity 85
time 58
note_on 63
velocity 84
time 80
note_off 60
time 13
note_off 63
time 80
note_on 69
velocity 49
time 13
note_on 70
velocity 43
time 20
note_on 71
velocity 67
time 0
note_on 75
velocity 85
time 29
note_off 70
time 4
note_off 71
time 0
note_off 69
time 5
note_off 75
time 52
note_on 72
velocity 89
time 36
note_on 74
velocity 27
time 53
note_on 75
velocity 91
time 28
note_off 72
time 7
note_off 74
time 15
note_off 75
time 67
note_on 81
velocity 60
time 0
note_on 76
velocity 33
time 4
note_on 83
velocity 68
time 0
note_off 76
time 38
note_on 87
velocity 90
time 29
note_off 81
time 15
note_off 83
time 0
note_off 87
time 45
note_on 84
velocity 90
time 33
note_on 87
velocity 93
time 84
note_off 84
time 14
note_on 93
velocity 74
time 66
note_on 47
velocity 105
time 113
note_on 35
velocity 94
time 9
note_off 93
time 5
note_off 87
time 11
note_off 41
time 17
note_on 99
velocity 97
time 5
note_on 94
velocity 43
time 4
note_off 94
time 34
note_on 92
velocity 83
time 43
note_off 99
time 6
note_on 87
velocity 74
time 4
note_off 92
time 26
note_on 83
velocity 88
time 14
note_off 87
time 16
note_off 83
time 10
note_on 87
velocity 94
time 76
note_on 80
velocity 88
time 68
note_on 85
velocity 47
time 0
note_off 87
time 53
note_on 75
velocity 75
time 33
note_off 80
time 28
note_off 85
time 0
note_on 71
velocity 87
time 4
note_off 75
time 13
note_off 71
time 10
note_on 75
velocity 94
time 83
note_on 68
velocity 85
time 84
note_off 75
time 57
note_on 63
velocity 77
time 16
note_off 68
time 55
note_on 59
velocity 82
time 19
note_off 63
time 21
note_off 59
time 14
note_on 63
velocity 89
time 93
note_off 47
time 17
note_on 56
velocity 80
time 67
note_off 63
time 63
note_on 51
velocity 81
time 9
note_on 47
velocity 75
time 94
note_off 47
time 110
note_off 51
time 32
note_on 34
velocity 86
time 51
note_off 35
time 33
note_off 56
time 20
note_on 46
velocity 64
time 9
note_on 53
velocity 65
time 0
note_off 46
time 8
note_on 56
velocity 68
time 13
note_off 53
time 5
note_on 62
velocity 85
time 9
note_off 56
time 9
note_off 62
time 33
note_on 58
velocity 75
time 72
note_off 58
time 64
note_on 65
velocity 63
time 11
note_on 68
velocity 82
time 48
note_off 65
time 50
note_on 74
velocity 90
time 32
note_off 68
time 11
note_off 74
time 28
note_on 70
velocity 83
time 63
note_on 77
velocity 79
time 61
note_off 70
time 30
note_on 80
velocity 85
time 39
note_off 77
time 37
note_on 86
velocity 87
time 47
note_off 80
time 4
note_off 86
time 17
note_on 82
velocity 88
time 66
note_on 89
velocity 77
time 80
note_off 82
time 50
note_on 92
velocity 85
time 17
note_off 89
time 91
note_on 46
velocity 101
time 26
note_on 98
velocity 99
time 0
note_off 92
time 5
note_on 92
velocity 64
time 4
note_on 93
velocity 62
time 18
note_off 98
time 6
note_on 88
velocity 82
time 13
note_off 93
time 8
note_off 92
time 40
note_off 88
time 5
note_on 82
velocity 76
time 2
note_off 82
time 30
note_on 86
velocity 89
time 92
note_on 80
velocity 79
time 84
note_off 86
time 36
note_on 76
velocity 76
time 41
note_off 80
time 46
note_off 76
time 11
note_on 70
velocity 74
time 11
note_off 70
time 35
note_on 74
velocity 86
time 92
note_off 74
time 73
note_on 68
velocity 79
time 11
note_on 64
velocity 64
time 80
note_off 68
time 37
note_off 64
time 16
note_on 58
velocity 68
time 20
note_off 58
time 39
note_off 46
time 76
note_off 34
time 4
note_on 62
velocity 79
time 16
note_off 62
time 66
note_on 56
velocity 63
time 31
note_on 52
velocity 61
time 81
note_off 56
time 75
note_on 46
velocity 61
time 23
note_off 46
time 92
note_off 52
time 100
note_on 33
velocity 66
time 8
note_on 45
velocity 62
time 31
note_off 45
time 0
note_on 52
velocity 58
time 5
note_on 57
velocity 62
time 7
note_off 52
time 38
note_on 45
velocity 35
time 62
note_on 61
velocity 56
time 0
note_off 57
time 5
note_off 61
time 25
note_on 57
velocity 68
time 61
note_off 57
time 75
note_on 64
velocity 77
time 22
note_on 69
velocity 63
time 77
note_off 64
time 14
note_on 73
velocity 73
time 51
note_off 69
time 13
note_off 73
time 30
note_on 69
velocity 66
time 53
note_off 69
time 87
note_on 76
velocity 80
time 7
note_on 81
velocity 66
time 78
note_off 76
time 27
note_off 81
time 41
note_on 85
velocity 72
time 11
note_off 85
time 32
note_on 81
velocity 70
time 68
note_on 83
velocity 35
time 54
note_on 88
velocity 80
time 13
note_off 81
time 9
note_off 83
time 15
note_on 93
velocity 62
time 76
note_off 93
time 64
note_on 97
velocity 89
time 0
note_off 88
time 9
note_on 93
velocity 72
time 76
note_off 97
time 56
note_on 88
velocity 67
time 20
note_off 93
time 22
note_off 88
time 26
note_on 81
velocity 74
time 16
note_off 81
time 30
note_on 85
velocity 76
time 93
note_on 81
velocity 68
time 89
note_on 76
velocity 68
time 51
note_off 85
time 4
note_off 81
time 39
note_off 76
time 22
note_on 69
velocity 70
time 14
note_off 69
time 35
note_on 73
velocity 75
time 101
note_on 69
velocity 41
time 81
note_off 73
time 45
note_on 64
velocity 50
time 30
note_off 69
time 26
note_off 64
time 37
note_on 57
velocity 66
time 22
note_off 57
time 39
note_off 45
time 79
note_on 61
velocity 47
time 56
note_on 58
velocity 7
time 110
note_on 57
velocity 70
time 11
note_off 58
time 35
note_off 61
time 0
note_on 52
velocity 57
time 31
note_off 57
time 27
note_on 45
velocity 55
time 61
note_off 52
time 23
note_off 45
time 105
note_on 38
velocity 58
time 0
note_on 45
velocity 46
time 11
note_off 33
time 39
note_off 45
time 38
note_on 50
velocity 55
time 14
note_off 50
time 82
note_on 54
velocity 60
time 5
note_off 54
time 17
note_on 60
velocity 63
time 14
note_off 60
time 14
note_on 57
velocity 69
time 14
note_off 57
time 50
note_on 62
velocity 70
time 34
note_on 66
velocity 70
time 69
note_off 62
time 18
note_on 72
velocity 76
time 64
note_off 66
time 4
note_off 72
time 32
note_on 69
velocity 72
time 54
note_off 69
time 62
note_on 74
velocity 70
time 20
note_on 78
velocity 75
time 79
note_off 74
time 25
note_off 78
time 55
note_on 84
velocity 71
time 0
note_off 84
time 27
note_on 81
velocity 73
time 62
note_off 81
time 61
note_on 86
velocity 69
time 18
note_on 90
velocity 72
time 81
note_off 86
time 48
note_off 90
time 1
note_on 96
velocity 83
time 4
note_on 31
velocity 42
time 5
note_on 43
velocity 44
time 6
note_on 89
velocity 76
time 0
note_off 96
time 10
note_off 38
time 2
note_on 86
velocity 62
time 9
note_off 89
time 4
note_off 86
time 32
note_on 79
velocity 72
time 9
note_off 79
time 67
note_on 84
velocity 67
time 57
note_on 86
velocity 52
time 9
note_off 86
time 29
note_on 77
velocity 72
time 38
note_off 84
time 4
note_on 74
velocity 64
time 64
note_off 77
time 35
note_off 74
time 18
note_on 67
velocity 68
time 13
note_off 67
time 68
note_on 71
velocity 69
time 62
note_on 72
velocity 63
time 7
note_off 72
time 36
note_off 71
time 45
note_on 64
velocity 65
time 13
note_on 65
velocity 45
time 0
note_off 65
time 45
note_off 64
time 41
note_on 60
velocity 22
time 16
note_on 55
velocity 69
time 19
note_off 60
time 31
note_off 43
time 28
note_off 55
time 14
note_on 59
velocity 92
time 38
note_on 53
velocity 74
time 95
note_off 59
time 57
note_on 50
velocity 74
time 15
note_off 53
time 52
note_on 43
velocity 80
time 28
note_off 43
time 126
note_on 36
velocity 91
time 44
note_off 50
time 0
note_on 43
velocity 73
time 87
note_off 31
time 4
note_on 48
velocity 70
time 5
note_off 43
time 15
note_on 52
velocity 79
time 68
note_off 48
time 25
note_on 59
velocity 89
time 4
note_off 52
time 3
note_off 59
time 18
note_on 55
velocity 81
time 60
note_on 60
velocity 83
time 79
note_off 55
time 4
note_on 64
velocity 88
time 67
note_off 60
time 32
note_on 71
velocity 93
time 53
note_off 64
time 9
note_off 71
time 22
note_on 65
velocity 71
time 64
note_on 67
velocity 72
time 0
note_off 65
time 41
note_off 67
time 22
note_on 72
velocity 92
time 5
note_on 76
velocity 94
time 73
note_off 72
time 35
note_on 83
velocity 94
time 47
note_off 76
time 9
note_off 83
time 30
note_on 79
velocity 91
time 46
note_on 84
velocity 83
time 96
note_off 79
time 7
note_on 88
velocity 90
time 68
note_off 84
time 52
note_off 88
time 59
note_on 41
velocity 97
time 8
note_on 95
velocity 101
time 0
note_on 29
velocity 89
time 4
note_off 36
time 43
note_on 88
velocity 87
time 18
note_off 95
time 5
note_on 84
velocity 69
time 11
note_off 88
time 10
note_on 77
velocity 76
time 13
note_off 84
time 6
note_off 77
time 55
note_on 83
velocity 98
time 43
note_on 76
velocity 87
time 83
note_off 83
time 41
note_on 72
velocity 73
time 34
note_off 76
time 38
note_off 72
time 32
note_on 65
velocity 68
time 5
note_on 67
velocity 44
time 13
note_off 67
time 40
note_off 65
time 15
note_on 71
velocity 101
time 30
note_on 64
velocity 78
time 89
note_off 41
time 26
note_off 71
time 27
note_on 60
velocity 68
time 30
note_off 64
time 45
note_on 53
velocity 76
time 22
note_off 60
time 9
note_off 53
time 91
note_on 57
velocity 98
time 15
note_on 52
velocity 81
time 92
note_on 55
velocity 21
time 26
note_on 48
velocity 78
time 50
note_off 57
time 0
note_off 55
time 9
note_off 52
time 46
note_on 41
velocity 75
time 39
note_off 41
time 108
note_on 35
velocity 101
time 16
note_off 48
time 71
note_on 41
velocity 81
time 4
note_off 29
time 9
note_off 41
time 42
note_on 47
velocity 73
time 11
note_on 50
velocity 81
time 0
note_off 47
time 16
note_off 50
time 78
note_on 57
velocity 87
time 0
note_off 57
time 29
note_on 53
velocity 87
time 54
note_on 59
velocity 85
time 82
note_off 53
time 11
note_on 62
velocity 88
time 63
note_off 59
time 41
note_on 69
velocity 88
time 50
note_off 62
time 4
note_off 69
time 32
note_on 65
velocity 88
time 47
note_off 65
time 78
note_on 71
velocity 86
time 8
note_on 74
velocity 85
time 76
note_off 71
time 13
note_on 81
velocity 94
time 60
note_off 74
time 11
note_off 81
time 21
note_on 77
velocity 96
time 48
note_on 83
velocity 85
time 94
note_off 77
time 4
note_on 86
velocity 87
time 83
note_off 83
time 92
note_on 40
velocity 98
time 33
note_on 28
velocity 96
time 8
note_on 91
velocity 104
time 2
note_off 86
time 15
note_off 35
time 11
note_on 86
velocity 78
time 5
note_off 91
time 8
note_on 83
velocity 78
time 15
note_off 28
time 17
note_off 86
time 20
note_off 83
time 30
note_on 76
velocity 71
time 7
note_off 76
time 58
note_on 79
velocity 97
time 27
note_on 74
velocity 85
time 77
note_off 79
time 58
note_on 71
velocity 78
time 19
note_off 74
time 48
note_off 71
time 28
note_on 64
velocity 74
time 11
note_on 69
velocity 84
time 89
note_on 45
velocity 109
time 9
note_on 33
velocity 97
time 4
note_off 64
time 0
note_off 40
time 9
note_on 72
velocity 88
time 6
note_off 69
time 33
note_on 79
velocity 96
time 4
note_off 72
time 4
note_off 79
time 15
note_off 45
time 43
note_on 76
velocity 96
time 21
note_off 76
time 84
note_on 81
velocity 86
time 5
note_on 84
velocity 81
time 78
note_off 81
time 21
note_on 91
velocity 86
time 45
note_off 84
time 5
note_on 88
velocity 81
time 72
note_off 91
time 12
note_on 89
velocity 89
time 89
note_on 38
velocity 98
time 6
note_off 88
time 4
note_on 26
velocity 100
time 4
note_off 33
time 9
note_on 84
velocity 81
time 20
note_off 89
time 7
note_on 81
velocity 72
time 10
note_off 84
time 27
note_off 26
time 34
note_on 74
velocity 73
time 0
note_off 81
time 2
note_off 74
time 77
note_on 77
velocity 87
time 39
note_on 76
velocity 72
time 21
note_off 76
time 28
note_on 72
velocity 84
time 27
note_off 77
time 73
note_on 69
velocity 76
time 7
note_off 72
time 57
note_off 69
time 33
note_on 62
velocity 76
time 8
note_off 62
time 81
note_on 43
velocity 106
time 5
note_on 31
velocity 93
time 6
note_on 67
velocity 92
time 0
note_off 38
time 2
note_on 71
velocity 78
time 47
note_off 67
time 2
note_on 72
velocity 79
time 5
note_off 71
time 8
note_off 72
time 4
note_off 43
time 9
note_on 77
velocity 69
time 0
note_on 79
velocity 84
time 0
note_off 77
time 20
note_off 79
time 7
note_on 74
velocity 97
time 53
note_off 74
time 75
note_on 79
velocity 80
time 15
note_on 83
velocity 82
time 89
note_off 79
time 22
note_off 83
time 57
note_on 89
velocity 89
time 0
note_on 86
velocity 87
time 71
note_off 89
time 0
note_on 84
velocity 25
time 64
note_off 84
time 3
note_on 36
velocity 105
time 18
note_on 24
velocity 103
time 4
note_on 88
velocity 87
time 5
note_off 86
time 8
note_off 31
time 10
note_on 83
velocity 87
time 42
note_off 24
time 13
note_off 88
time 3
note_on 79
velocity 77
time 0
note_off 83
time 14
note_on 72
velocity 80
time 32
note_off 79
time 0
note_off 72
time 66
note_on 76
velocity 99
time 37
note_on 71
velocity 88
time 77
note_off 76
time 71
note_on 67
velocity 75
time 8
note_off 71
time 50
note_off 67
time 25
note_on 60
velocity 76
time 13
note_on 41
velocity 113
time 81
note_on 29
velocity 94
time 6
note_on 65
velocity 89
time 7
note_off 60
time 3
note_off 36
time 0
note_on 69
velocity 80
time 38
note_off 65
time 16
note_off 29
time 13
note_on 76
velocity 95
time 5
note_off 69
time 11
note_off 76
time 25
note_on 72
velocity 94
time 56
note_off 72
time 94
note_on 77
velocity 86
time 5
note_on 81
velocity 82
time 80
note_off 77
time 32
note_off 81
time 40
note_on 88
velocity 93
time 4
note_on 84
velocity 82
time 80
note_off 88
time 7
note_on 47
velocity 117
time 59
note_on 35
velocity 96
time 8
note_on 86
velocity 89
time 16
note_off 41
time 0
note_off 84
time 2
note_on 45
velocity 6
time 52
note_off 45
time 4
note_on 81
velocity 82
time 9
note_on 77
velocity 76
time 9
note_off 86
time 0
note_off 81
time 30
note_off 77
time 29
note_on 71
velocity 75
time 4
note_off 71
time 82
note_on 74
velocity 100
time 23
note_on 69
velocity 79
time 84
note_off 74
time 51
note_on 65
velocity 67
time 11
note_off 69
time 46
note_on 59
velocity 81
time 20
note_off 65
time 9
note_off 47
time 79
note_off 59
time 4
note_off 35
time 5
note_on 62
velocity 102
time 17
note_on 57
velocity 83
time 79
note_off 62
time 60
note_on 53
velocity 68
time 17
note_on 47
velocity 71
time 67
note_off 47
time 35
note_off 53
time 45
note_off 57
time 19
note_on 35
velocity 101
time 13
note_on 47
velocity 109
time 13
note_on 87
velocity 105
time 0
note_on 81
velocity 85
time 8
note_off 87
time 41
note_on 78
velocity 72
time 19
note_off 81
time 25
note_off 78
time 30
note_on 71
velocity 82
time 16
note_off 71
time 28
note_on 75
velocity 102
time 83
note_on 69
velocity 70
time 105
note_on 66
velocity 75
time 69
note_off 75
time 2
note_off 69
time 53
note_off 66
time 25
note_on 59
velocity 78
time 4
note_off 59
time 36
note_off 47
time 64
note_on 63
velocity 99
time 20
note_off 35
time 47
note_on 57
velocity 81
time 39
note_on 54
velocity 77
time 78
note_off 63
time 25
note_on 47
velocity 79
time 65
note_off 57
time 0
note_off 54
time 28
note_off 47
time 35
note_on 35
velocity 103
time 112
note_off 35
time 87
note_on 40
velocity 115
time 516
note_on 28
velocity 105
time 9
note_on 47
velocity 75
time 28
note_on 52
velocity 70
time 4
note_off 47
time 9
note_on 56
velocity 79
time 61
note_off 52
time 7
note_on 64
velocity 88
time 89
note_off 56
time 4
note_off 64
time 34
note_on 59
velocity 83
time 65
note_on 64
velocity 82
time 77
note_off 59
time 4
note_on 68
velocity 87
time 79
note_off 64
time 27
note_on 76
velocity 94
time 56
note_off 68
time 4
note_off 76
time 25
note_on 71
velocity 94
time 57
note_off 71
time 73
note_on 76
velocity 86
time 13
note_on 80
velocity 89
time 78
note_off 76
time 23
note_on 88
velocity 98
time 63
note_off 80
time 4
note_off 88
time 23
note_on 83
velocity 91
time 54
note_on 88
velocity 83
time 93
note_off 83
time 9
note_on 92
velocity 87
time 69
note_off 88
time 36
note_off 92
time 48
note_on 100
velocity 99
time 0
note_on 98
velocity 82
time 13
note_on 92
velocity 87
time 64
note_off 98
time 0
note_on 98
velocity 52
time 0
note_off 100
time 23
note_off 98
time 18
note_on 88
velocity 76
time 27
note_off 92
time 50
note_on 83
velocity 81
time 18
note_off 88
time 13
note_off 83
time 71
note_on 88
velocity 94
time 35
note_on 89
velocity 78
time 10
note_off 89
time 18
note_on 80
velocity 88
time 56
note_off 88
time 42
note_on 76
velocity 50
time 77
note_on 77
velocity 35
time 4
note_off 80
time 5
note_off 76
time 39
note_off 77
time 0
note_on 71
velocity 70
time 9
note_on 72
velocity 37
time 13
note_off 72
time 43
note_off 71
time 15
note_on 76
velocity 93
time 31
note_on 74
velocity 93
time 4
note_off 76
time 81
note_on 68
velocity 82
time 5
note_off 74
time 43
note_on 64
velocity 78
time 46
note_off 68
time 54
note_on 59
velocity 78
time 39
note_off 64
time 11
note_off 40
time 41
note_off 59
time 56
note_on 65
velocity 92
time 10
note_on 38
velocity 112
time 0
note_on 64
velocity 84
time 5
note_on 26
velocity 100
time 5
note_off 28
time 42
note_on 33
velocity 11
time 4
note_off 64
time 4
note_on 60
velocity 62
time 2
note_on 64
velocity 6
time 0
note_on 59
velocity 73
time 3
note_off 33
time 4
note_off 65
time 14
note_off 64
time 4
note_on 55
velocity 81
time 64
note_off 60
time 34
note_off 59
time 21
note_on 50
velocity 85
time 60
note_off 55
time 43
note_off 38
time 19
note_off 50
time 116
note_on 36
velocity 116
time 79
note_on 24
velocity 101
time 5
note_on 31
velocity 61
time 26
note_off 26
time 17
note_off 31
time 0
note_on 48
velocity 71
time 18
note_on 55
velocity 68
time 80
note_off 24
time 18
note_off 48
time 9
note_on 60
velocity 69
time 12
note_off 55
time 50
note_on 64
velocity 80
time 29
note_off 60
time 18
note_off 64
time 31
note_on 60
velocity 79
time 52
note_off 60
time 73
note_on 67
velocity 78
time 5
note_on 72
velocity 80
time 82
note_off 67
time 48
note_on 76
velocity 91
time 26
note_off 72
time 15
note_off 76
time 33
note_on 72
velocity 85
time 47
note_off 72
time 70
note_on 79
velocity 89
time 9
note_on 84
velocity 79
time 86
note_off 79
time 46
note_on 88
velocity 96
time 25
note_off 84
time 9
note_off 88
time 39
note_on 84
velocity 82
time 44
note_on 91
velocity 81
time 65
note_off 84
time 27
note_on 96
velocity 93
time 62
note_off 91
time 64
note_on 48
velocity 109
time 16
note_on 100
velocity 105
time 0
note_off 96
time 17
note_on 96
velocity 81
time 70
note_off 100
time 56
note_on 91
velocity 73
time 14
note_off 96
time 39
note_on 84
velocity 82
time 34
note_off 91
time 2
note_off 84
time 69
note_on 88
velocity 96
time 41
note_on 84
velocity 81
time 82
note_off 88
time 47
note_on 79
velocity 77
time 25
note_off 84
time 40
note_off 79
time 32
note_on 72
velocity 81
time 9
note_off 72
time 66
note_on 76
velocity 89
time 38
note_off 48
time 45
note_on 72
velocity 82
time 28
note_off 76
time 13
note_on 67
velocity 59
time 78
note_off 72
time 12
note_off 67
time 35
note_on 60
velocity 77
time 9
note_off 60
time 79
note_on 64
velocity 77
time 44
note_off 64
time 59
note_on 60
velocity 63
time 27
note_on 55
velocity 58
time 77
note_off 60
time 48
note_on 48
velocity 55
time 37
note_off 48
time 70
note_on 41
velocity 79
time 101
note_on 29
velocity 73
time 7
note_off 55
time 4
note_off 36
time 4
note_on 48
velocity 56
time 22
note_off 48
time 55
note_on 57
velocity 70
time 39
note_on 60
velocity 72
time 5
note_off 57
time 13
note_off 60
time 35
note_on 65
velocity 71
time 0
note_off 65
time 32
note_on 60
velocity 71
time 51
note_off 60
time 81
note_on 69
velocity 81
time 0
note_on 72
velocity 84
time 71
note_off 69
time 38
note_off 72
time 34
note_on 77
velocity 88
time 0
note_off 77
time 32
note_on 72
velocity 81
time 58
note_on 81
velocity 82
time 78
note_off 72
time 5
note_off 41
time 56
note_on 84
velocity 78
time 9
note_off 81
time 33
note_on 89
velocity 85
time 44
note_off 84
time 9
note_off 89
time 20
note_on 84
velocity 80
time 47
note_on 93
velocity 83
time 88
note_off 84
time 10
note_on 96
velocity 89
time 63
note_off 93
time 90
note_on 30
velocity 92
time 39
note_on 42
velocity 97
time 4
note_off 29
time 35
note_on 100
velocity 90
time 0
note_off 96
time 11
note_on 96
velocity 80
time 8
note_on 97
velocity 60
time 9
note_off 97
time 19
note_off 100
time 0
note_on 93
velocity 73
time 10
note_off 96
time 13
note_on 84
velocity 78
time 9
note_off 93
time 0
note_off 84
time 53
note_on 88
velocity 92
time 30
note_on 84
velocity 83
time 80
note_off 88
time 52
note_on 81
velocity 71
time 27
note_on 85
velocity 34
time 0
note_off 85
time 41
note_off 84
time 5
note_off 81
time 17
note_on 72
velocity 85
time 7
note_off 72
time 87
note_on 76
velocity 77
time 41
note_on 74
velocity 49
time 39
note_on 72
velocity 81
time 38
note_off 74
time 4
note_off 76
time 13
note_on 69
velocity 56
time 72
note_off 72
time 19
note_off 69
time 15
note_on 60
velocity 64
time 34
note_off 60
time 75
note_on 62
velocity 76
time 52
note_on 60
velocity 65
time 80
note_off 62
time 39
note_on 57
velocity 60
time 47
note_off 60
time 34
note_off 30
time 12
note_on 48
velocity 56
time 21
note_off 57
time 52
note_off 42
time 26
note_off 48
time 41
note_on 31
velocity 71
time 135
note_on 43
velocity 73
time 5
note_on 47
velocity 52
time 34
note_off 47
time 54
note_on 55
velocity 59
time 14
note_on 59
velocity 70
time 25
note_off 55
time 35
note_off 43
time 36
note_on 62
velocity 78
time 17
note_off 59
time 5
note_off 62
time 32
note_on 59
velocity 74
time 48
note_off 59
time 91
note_on 67
velocity 62
time 0
note_on 65
velocity 58
time 19
note_off 65
time 34
note_on 71
velocity 81
time 11
note_off 67
time 59
note_on 30
velocity 94
time 28
note_on 42
velocity 96
time 0
note_on 74
velocity 83
time 8
note_off 71
time 5
note_off 31
time 8
note_off 74
time 0
note_on 71
velocity 82
time 9
note_on 79
velocity 90
time 36
note_off 71
time 4
note_on 83
velocity 77
time 65
note_off 42
time 9
note_off 79
time 39
note_on 40
velocity 99
time 39
note_on 86
velocity 86
time 0
note_on 28
velocity 93
time 4
note_off 30
time 0
note_off 83
time 2
note_off 86
time 14
note_on 83
velocity 78
time 32
note_on 91
velocity 79
time 14
note_off 83
time 9
note_off 40
time 68
note_on 93
velocity 86
time 19
note_off 91
time 60
note_on 98
velocity 103
time 39
note_on 38
velocity 106
time 4
note_off 93
time 5
note_on 26
velocity 100
time 4
note_off 28
time 11
note_on 93
velocity 80
time 9
note_off 98
time 30
note_on 90
velocity 75
time 9
note_off 93
time 47
note_on 84
velocity 64
time 0
note_off 90
time 0
note_off 84
time 4
note_on 86
velocity 88
time 6
note_off 26
time 47
note_on 81
velocity 74
time 25
note_off 86
time 56
note_on 78
velocity 70
time 20
note_off 81
time 34
note_off 78
time 22
note_on 72
velocity 76
time 3
note_off 72
time 85
note_on 74
velocity 86
time 36
note_on 69
velocity 71
time 88
note_off 74
time 38
note_on 66
velocity 71
time 16
note_off 69
time 41
note_on 60
velocity 69
time 37
note_off 66
time 0
note_off 60
time 83
note_on 62
velocity 76
time 44
note_on 57
velocity 67
time 83
note_off 62
time 37
note_off 57
time 25
note_on 54
velocity 54
time 4
note_on 48
velocity 54
time 71
note_off 54
time 0
note_off 48
time 10
note_on 43
velocity 55
time 17
note_on 31
velocity 43
time 9
note_off 38
time 16
note_on 48
velocity 40
time 54
note_off 48
time 54
note_on 53
velocity 54
time 21
note_on 56
velocity 60
time 69
note_off 53
time 4
note_off 56
time 68
note_on 62
velocity 67
time 9
note_off 62
time 39
note_on 60
velocity 68
time 53
note_off 60
time 47
note_on 65
velocity 64
time 41
note_on 68
velocity 72
time 4
note_off 65
time 13
note_off 68
time 9
note_on 74
velocity 72
time 4
note_off 74
time 35
note_on 72
velocity 80
time 4
note_off 72
time 15
note_on 77
velocity 70
time 29
note_on 80
velocity 76
time 68
note_off 77
time 36
note_on 86
velocity 80
time 31
note_off 80
time 4
note_off 86
time 31
note_on 84
velocity 75
time 62
note_off 84
time 56
note_on 89
velocity 66
time 30
note_on 92
velocity 71
time 62
note_off 89
time 34
note_on 98
velocity 79
time 42
note_off 92
time 6
note_on 91
velocity 78
time 80
note_off 98
time 27
note_on 89
velocity 65
time 33
note_off 91
time 35
note_off 89
time 21
note_on 83
velocity 69
time 16
note_off 83
time 70
note_on 86
velocity 84
time 31
note_on 79
velocity 81
time 79
note_off 86
time 16
note_on 77
velocity 70
time 35
note_off 79
time 50
note_off 77
time 17
note_on 71
velocity 74
time 18
note_off 71
time 87
note_on 74
velocity 93
time 22
note_off 31
time 37
note_on 67
velocity 80
time 50
note_off 74
time 45
note_on 65
velocity 62
time 16
note_off 67
time 43
note_off 65
time 28
note_on 59
velocity 81
time 2
note_off 59
time 112
note_on 63
velocity 95
time 19
note_on 55
velocity 87
time 89
note_off 63
time 35
note_on 58
velocity 18
time 54
note_on 53
velocity 81
time 5
note_off 58
time 56
note_on 47
velocity 83
time 39
note_off 47
time 130
note_off 55
time 9
note_off 53
time 47
note_on 48
velocity 96
time 4
note_on 36
velocity 88
time 5
note_off 43
time 54
note_on 55
velocity 72
time 34
note_on 60
velocity 66
time 95
note_off 55
time 13
note_on 64
velocity 80
time 7
note_off 60
time 0
note_off 64
time 5
note_on 60
velocity 76
time 21
note_off 60
time 67
note_on 67
velocity 81
time 7
note_on 72
velocity 81
time 87
note_off 67
time 42
note_on 76
velocity 89
time 25
note_off 72
time 11
note_off 76
time 18
note_on 72
velocity 87
time 58
note_on 79
velocity 83
time 76
note_off 72
time 9
note_on 84
velocity 76
time 81
note_off 79
time 52
note_on 88
velocity 89
time 19
note_off 84
time 16
note_off 88
time 11
note_on 84
velocity 76
time 63
note_on 91
velocity 86
time 72
note_off 84
time 16
note_on 96
velocity 79
time 78
note_off 91
time 76
note_on 100
velocity 99
time 8
note_off 96
time 20
note_on 96
velocity 78
time 64
note_off 100
time 68
note_on 91
velocity 73
time 6
note_off 96
time 39
note_on 84
velocity 71
time 35
note_off 91
time 0
note_off 84
time 70
note_on 88
velocity 89
time 32
note_on 84
velocity 74
time 92
note_off 88
time 4
note_on 79
velocity 69
time 50
note_off 84
time 35
note_on 72
velocity 76
time 45
note_off 79
time 5
note_off 72
time 72
note_on 77
velocity 39
time 62
note_on 76
velocity 41
time 27
note_off 77
time 19
note_on 72
velocity 65
time 16
note_off 76
time 7
note_off 48
time 58
note_off 72
time 15
note_on 67
velocity 46
time 9
note_off 67
time 41
note_on 60
velocity 66
time 18
note_off 60
time 54
note_on 64
velocity 72
time 62
note_off 64
time 71
note_on 60
velocity 69
time 4
note_off 60
time 97
note_on 55
velocity 51
time 5
note_on 48
velocity 55
time 87
note_off 48
time 85
note_off 55
time 93
note_on 45
velocity 64
time 13
note_on 33
velocity 50
time 2
note_off 36
time 20
note_on 48
velocity 49
time 13
note_off 48
time 44
note_on 53
velocity 61
time 35
note_off 53
time 4
note_on 60
velocity 62
time 5
note_on 65
velocity 67
time 9
note_off 60
time 9
note_off 65
time 7
note_on 60
velocity 70
time 53
note_on 65
velocity 57
time 73
note_off 60
time 6
note_on 72
velocity 77
time 88
note_off 65
time 11
note_on 77
velocity 85
time 44
note_off 72
time 17
note_off 77
time 16
note_on 72
velocity 77
time 61
note_off 72
time 72
note_on 77
velocity 77
time 9
note_on 84
velocity 69
time 84
note_off 77
time 5
note_on 89
velocity 81
time 53
note_off 84
time 12
note_off 89
time 16
note_on 84
velocity 69
time 62
note_off 84
time 77
note_on 89
velocity 75
time 4
note_on 96
velocity 71
time 81
note_off 89
time 17
note_off 96
time 32
note_on 100
velocity 86
time 9
note_on 96
velocity 78
time 85
note_off 100
time 25
note_on 90
velocity 74
time 41
note_off 96
time 39
note_on 84
velocity 71
time 32
note_off 90
time 17
note_off 84
time 13
note_on 88
velocity 89
time 78
note_on 84
velocity 78
time 78
note_off 88
time 27
note_on 78
velocity 79
time 44
note_off 84
time 46
note_off 45
time 31
note_on 72
velocity 88
time 0
note_off 78
time 0
note_off 72
time 27
note_on 75
velocity 92
time 82
note_on 72
velocity 80
time 89
note_off 75
time 96
note_on 66
velocity 81
time 2
note_off 72
time 53
note_on 60
velocity 84
time 28
note_off 66
time 20
note_off 60
time 47
note_on 44
velocity 109
time 88
note_on 32
velocity 90
time 4
note_on 63
velocity 95
time 9
note_off 33
time 44
note_on 60
velocity 65
time 60
note_on 59
velocity 70
time 4
note_off 32
time 60
note_off 44
time 6
note_on 54
velocity 88
time 36
note_off 59
time 83
note_off 60
time 0
note_off 63
time 21
note_on 48
velocity 94
time 29
note_off 54
time 75
note_off 48
time 167
note_on 43
velocity 117
time 46
note_on 31
velocity 95
time 4
note_on 41
velocity 22
time 63
note_off 41
time 11
note_on 48
velocity 70
time 38
note_off 48
time 7
note_on 55
velocity 69
time 18
note_on 60
velocity 70
time 0
note_off 55
time 46
note_on 62
velocity 76
time 47
note_off 60
time 11
note_off 62
time 20
note_on 60
velocity 74
time 51
note_on 62
velocity 37
time 56
note_on 67
velocity 78
time 30
note_off 60
time 4
note_off 62
time 0
note_on 72
velocity 76
time 83
note_off 67
time 38
note_on 74
velocity 87
time 22
note_off 72
time 16
note_off 74
time 19
note_on 72
velocity 88
time 52
note_on 79
velocity 85
time 73
note_off 72
time 5
note_on 84
velocity 73
time 84
note_off 79
time 39
note_on 86
velocity 89
time 17
note_off 84
time 22
note_off 86
time 5
note_on 84
velocity 69
time 59
note_on 86
velocity 66
time 15
note_off 86
time 36
note_off 84
time 37
note_on 91
velocity 69
time 7
note_on 93
velocity 71
time 8
note_on 96
velocity 82
time 57
note_off 93
time 50
note_off 91
time 10
note_on 98
velocity 94
time 12
note_off 96
time 8
note_on 95
velocity 84
time 87
note_off 98
time 51
note_on 91
velocity 71
time 19
note_off 95
time 37
note_off 91
time 5
note_on 83
velocity 68
time 35
note_off 83
time 68
note_on 86
velocity 90
time 37
note_on 83
velocity 74
time 82
note_off 86
time 29
note_on 79
velocity 66
time 34
note_off 83
time 28
note_off 79
time 13
note_on 71
velocity 68
time 27
note_off 71
time 70
note_on 74
velocity 78
time 50
note_off 74
time 85
note_on 71
velocity 72
time 5
note_on 67
velocity 49
time 60
note_off 71
time 4
note_off 67
time 32
note_off 43
time 34
note_on 59
velocity 58
time 13
note_off 59
time 50
note_on 62
velocity 70
time 72
note_off 62
time 47
note_on 59
velocity 59
time 13
note_on 55
velocity 53
time 113
note_off 59
time 5
note_on 47
velocity 52
time 73
note_off 47
time 40
note_off 55
time 20
note_on 42
velocity 66
time 0
note_on 30
velocity 58
time 7
note_off 31
time 54
note_on 48
velocity 56
time 15
note_off 48
time 68
note_on 57
velocity 62
time 13
note_on 60
velocity 60
time 14
note_off 57
time 16
note_off 60
time 0
note_on 62
velocity 69
time 5
note_off 62
time 26
note_on 60
velocity 66
time 50
note_off 60
time 40
note_on 69
velocity 49
time 71
note_on 71
velocity 51
time 0
note_on 72
velocity 74
time 41
note_off 69
time 12
note_off 71
time 6
note_off 72
time 59
note_on 74
velocity 69
time 0
note_off 74
time 28
note_on 72
velocity 73
time 51
note_off 72
time 56
note_on 81
velocity 77
time 16
note_on 84
velocity 70
time 72
note_off 81
time 40
note_on 86
velocity 79
time 22
note_off 84
time 13
note_off 86
time 16
note_on 84
velocity 74
time 62
note_on 93
velocity 78
time 88
note_off 84
time 4
note_off 42
time 58
note_on 96
velocity 69
time 15
note_off 93
time 60
note_off 96
time 14
note_on 99
velocity 84
time 17
note_on 29
velocity 61
time 7
note_on 41
velocity 66
time 0
note_off 30
time 5
note_on 96
velocity 77
time 9
note_on 93
velocity 70
time 5
note_off 99
time 4
note_off 96
time 17
note_off 93
time 2
note_on 84
velocity 78
time 4
note_off 84
time 33
note_on 87
velocity 83
time 88
note_on 84
velocity 71
time 78
note_on 81
velocity 66
time 73
note_off 87
time 0
note_off 81
time 45
note_off 84
time 4
note_on 72
velocity 86
time 17
note_off 72
time 41
note_on 75
velocity 86
time 72
note_on 71
velocity 65
time 91
note_on 72
velocity 67
time 2
note_on 69
velocity 74
time 39
note_off 75
time 30
note_off 72
time 23
note_off 71
time 7
note_off 69
time 26
note_on 59
velocity 84
time 8
note_on 60
velocity 34
time 34
note_off 59
time 4
note_off 60
time 35
note_on 63
velocity 96
time 38
note_on 59
velocity 75
time 80
note_off 41
time 41
note_on 57
velocity 77
time 5
note_off 63
time 45
note_off 59
time 51
note_on 47
velocity 77
time 4
note_on 48
velocity 17
time 30
note_off 48
time 62
note_off 47
time 11
note_on 40
velocity 106
time 37
note_on 28
velocity 98
time 9
note_off 29
time 28
note_off 57
time 9
note_on 47
velocity 67
time 0
note_off 47
time 45
note_on 56
velocity 73
time 4
note_on 59
velocity 78
time 9
note_off 56
time 12
note_off 28
time 14
note_on 64
velocity 84
time 0
note_off 59
time 4
note_off 64
time 32
note_on 59
velocity 79
time 55
note_on 68
velocity 84
time 76
note_off 59
time 4
note_on 71
velocity 83
time 65
note_off 68
time 50
note_off 71
time 41
note_on 76
velocity 94
time 0
note_off 76
time 30
note_on 71
velocity 83
time 53
note_off 71
time 80
note_on 80
velocity 89
time 0
note_on 83
velocity 82
time 71
note_off 80
time 63
note_on 88
velocity 95
time 22
note_off 83
time 7
note_off 88
time 37
note_on 83
velocity 88
time 40
note_on 92
velocity 91
time 91
note_off 83
time 9
note_on 95
velocity 91
time 62
note_off 92
time 70
note_on 52
velocity 95
time 100
note_on 53
velocity 102
time 5
note_on 100
velocity 107
time 9
note_off 95
time 4
note_on 95
velocity 87
time 86
note_off 53
time 48
note_off 100
time 20
note_on 92
velocity 73
time 20
note_off 95
time 35
note_off 92
time 32
note_on 84
velocity 47
time 7
note_on 83
velocity 65
time 2
note_off 84
time 28
note_off 83
time 26
note_on 88
velocity 96
time 40
note_on 83
velocity 77
time 86
note_off 88
time 38
note_on 80
velocity 72
time 35
note_on 84
velocity 3
time 0
note_off 83
time 28
note_off 84
time 19
note_off 80
time 5
note_on 71
velocity 72
time 7
note_off 71
time 72
note_on 76
velocity 99
time 39
note_on 71
velocity 86
time 75
note_off 52
time 36
note_off 76
time 9
note_on 68
velocity 75
time 31
note_off 71
time 34
note_on 59
velocity 76
time 39
note_off 68
time 0
note_off 59
time 81
note_on 64
velocity 96
time 32
note_on 59
velocity 90
time 89
note_off 64
time 31
note_on 56
velocity 77
time 51
note_off 59
time 43
note_on 47
velocity 79
time 39
note_off 47
time 89
note_off 56
time 55
note_on 38
velocity 89
time 15
note_off 40
time 0
note_on 50
velocity 60
time 17
note_off 50
time 88
note_on 57
velocity 71
time 0
note_on 60
velocity 74
time 14
note_off 57
time 15
note_off 60
time 10
note_on 65
velocity 74
time 0
note_off 65
time 26
note_on 62
velocity 79
time 51
note_off 62
time 82
note_on 69
velocity 65
time 4
note_on 72
velocity 81
time 64
note_off 69
time 41
note_on 77
velocity 86
time 47
note_off 72
time 4
note_off 77
time 33
note_on 74
velocity 76
time 58
note_off 74
time 80
note_on 81
velocity 72
time 4
note_on 84
velocity 72
time 69
note_off 81
time 21
note_off 84
time 59
note_on 89
velocity 82
time 2
note_off 89
time 26
note_on 86
velocity 73
time 58
note_off 86
time 59
note_on 93
velocity 65
time 25
note_on 96
velocity 67
time 103
note_on 31
velocity 42
time 0
note_on 43
velocity 44
time 0
note_off 93
time 0
note_off 96
time 18
note_on 101
velocity 81
time 5
note_off 38
time 27
note_on 95
velocity 72
time 29
note_off 101
time 14
note_on 91
velocity 58
time 2
note_off 95
time 17
note_off 91
time 10
note_on 86
velocity 67
time 13
note_off 86
time 55
note_on 89
velocity 76
time 54
note_off 89
time 72
note_on 83
velocity 69
time 4
note_on 79
velocity 60
time 71
note_off 83
time 18
note_off 79
time 33
note_on 74
velocity 69
time 12
note_off 74
time 68
note_on 77
velocity 59
time 67
note_on 79
velocity 26
time 20
note_on 71
velocity 68
time 35
note_off 77
time 9
note_off 79
time 4
note_on 67
velocity 53
time 56
note_off 71
time 17
note_off 67
time 39
note_on 62
velocity 70
time 11
note_off 62
time 63
note_on 65
velocity 72
time 63
note_off 65
time 41
note_on 59
velocity 69
time 26
note_off 59
time 58
note_on 55
velocity 49
time 33
note_on 50
velocity 52
time 68
note_off 55
time 7
note_off 50
time 57
note_on 36
velocity 64
time 0
note_off 31
time 16
note_off 43
time 5
note_on 48
velocity 54
time 20
note_off 48
time 0
note_on 55
velocity 62
time 0
note_on 60
velocity 57
time 20
note_off 55
time 0
note_on 64
velocity 68
time 46
note_off 60
time 9
note_off 64
time 27
note_on 60
velocity 70
time 55
note_on 67
velocity 75
time 77
note_off 60
time 9
note_off 67
time 79
note_on 72
velocity 47
time 23
note_on 76
velocity 60
time 21
note_off 72
time 11
note_off 76
time 13
note_on 72
velocity 67
time 68
note_off 72
time 52
note_on 82
velocity 67
time 21
note_on 84
velocity 74
time 69
note_off 82
time 51
note_off 84
time 58
note_on 91
velocity 89
time 4
note_on 84
velocity 70
time 79
note_off 91
time 32
note_on 82
velocity 62
time 51
note_on 76
velocity 59
time 79
note_off 84
time 52
note_off 76
time 5
note_off 82
time 45
note_on 48
velocity 59
time 18
note_on 90
velocity 93
time 7
note_on 84
velocity 70
time 19
note_off 90
time 0
note_on 81
velocity 62
time 9
note_off 84
time 9
note_off 81
time 9
note_on 75
velocity 70
time 21
note_off 75
time 30
note_on 78
velocity 79
time 86
note_on 72
velocity 73
time 83
note_on 69
velocity 62
time 55
note_off 78
time 27
note_off 72
time 23
note_on 63
velocity 66
time 42
note_off 63
time 31
note_off 69
time 21
note_on 77
velocity 81
time 51
note_on 71
velocity 68
time 77
note_off 77
time 41
note_on 68
velocity 57
time 33
note_off 71
time 16
note_off 68
time 35
note_on 62
velocity 62
time 14
note_off 62
time 51
note_off 48
time 42
note_off 36
time 20
note_on 65
velocity 70
time 8
note_on 59
velocity 66
time 71
note_off 65
time 23
note_off 59
time 38
note_on 56
velocity 54
time 27
note_off 56
time 56
note_on 50
velocity 55
time 11
note_off 50
time 72
note_on 36
velocity 72
time 7
note_on 48
velocity 44
time 27
note_off 48
time 2
note_on 55
velocity 57
time 0
note_on 60
velocity 57
time 16
note_off 55
time 12
note_on 64
velocity 67
time 43
note_off 60
time 4
note_off 64
time 34
note_on 60
velocity 59
time 76
note_off 60
time 63
note_on 67
velocity 70
time 4
note_on 72
velocity 54
time 98
note_off 67
time 21
note_on 71
velocity 34
time 21
note_on 76
velocity 76
time 10
note_off 72
time 14
note_off 76
time 18
note_off 71
time 2
note_on 72
velocity 69
time 66
note_off 72
time 66
note_on 79
velocity 76
time 14
note_on 84
velocity 61
time 82
note_off 79
time 36
note_off 84
time 16
note_on 88
velocity 76
time 19
note_on 84
velocity 65
time 78
note_off 88
time 36
note_on 79
velocity 71
time 35
note_off 84
time 41
note_on 72
velocity 54
time 63
note_off 72
time 32
note_on 31
velocity 43
time 42
note_off 79
time 4
note_on 43
velocity 52
time 13
note_on 87
velocity 81
time 10
note_on 81
velocity 64
time 3
note_off 36
time 2
note_off 87
time 4
note_on 78
velocity 75
time 5
note_off 81
time 7
note_on 72
velocity 74
time 34
note_off 78
time 7
note_off 72
time 25
note_on 75
velocity 81
time 75
note_on 69
velocity 77
time 73
note_on 66
velocity 79
time 67
note_off 75
time 27
note_on 60
velocity 80
time 51
note_off 69
time 5
note_off 66
time 44
note_off 60
time 31
note_on 74
velocity 90
time 22
note_on 72
velocity 77
time 14
note_off 72
time 25
note_on 68
velocity 84
time 32
note_off 74
time 66
note_on 65
velocity 74
time 2
note_off 31
time 4
note_off 43
time 9
note_off 68
time 53
note_on 59
velocity 79
time 4
note_off 65
time 0
note_on 60
velocity 49
time 23
note_off 60
time 28
note_off 59
time 38
note_on 62
velocity 101
time 27
note_on 60
velocity 53
time 36
note_on 56
velocity 88
time 40
note_on 58
velocity 60
time 14
note_off 58
time 53
note_off 62
time 4
note_on 53
velocity 68
time 11
note_off 60
time 5
note_on 52
velocity 52
time 27
note_on 47
velocity 89
time 32
note_off 52
time 5
note_off 56
time 57
note_off 53
time 4
note_off 47
time 33
note_on 43
velocity 123
time 55
note_on 31
velocity 99
time 8
note_on 46
velocity 76
time 0
note_on 52
velocity 72
time 50
note_off 46
time 4
note_on 55
velocity 78
time 17
note_off 52
time 55
note_on 61
velocity 84
time 39
note_off 55
time 2
note_off 61
time 29
note_on 58
velocity 81
time 68
note_on 64
velocity 80
time 80
note_off 58
time 34
note_on 67
velocity 83
time 37
note_off 64
time 39
note_on 73
velocity 96
time 39
note_off 67
time 4
note_off 73
time 38
note_on 70
velocity 88
time 62
note_on 76
velocity 79
time 81
note_off 70
time 26
note_on 79
velocity 84
time 50
note_off 76
time 31
note_on 85
velocity 91
time 59
note_off 79
time 5
note_off 85
time 29
note_on 82
velocity 82
time 57
note_on 88
velocity 81
time 83
note_off 82
time 51
note_on 91
velocity 78
time 17
note_on 90
velocity 10
time 25
note_off 90
time 17
note_off 88
time 7
note_on 97
velocity 103
time 30
note_off 91
time 4
note_on 90
velocity 88
time 78
note_off 97
time 61
note_on 87
velocity 80
time 7
note_off 90
time 63
note_off 87
time 15
note_on 81
velocity 84
time 2
note_off 81
time 28
note_on 85
velocity 97
time 76
note_on 78
velocity 87
time 76
note_off 85
time 60
note_on 75
velocity 76
time 9
note_off 78
time 58
note_on 69
velocity 73
time 11
note_off 75
time 16
note_off 69
time 26
note_on 73
velocity 102
time 79
note_on 66
velocity 86
time 92
note_off 73
time 78
note_on 63
velocity 80
time 4
note_off 31
time 46
note_off 43
time 31
note_on 57
velocity 82
time 0
note_off 66
time 4
note_off 57
time 65
note_on 72
velocity 108
time 40
note_off 63
time 15
note_on 66
velocity 88
time 79
note_on 63
velocity 83
time 67
note_off 72
time 4
note_on 57
velocity 89
time 73
note_off 66
time 21
note_off 63
time 26
note_off 57
time 63
note_on 43
velocity 111
time 21
note_on 31
velocity 96
time 8
note_on 56
velocity 83
time 30
note_on 62
velocity 72
time 8
note_off 56
time 16
note_on 65
velocity 75
time 46
note_off 62
time 38
note_on 72
velocity 92
time 42
note_off 65
time 2
note_off 72
time 22
note_on 68
velocity 82
time 80
note_on 74
velocity 77
time 71
note_off 68
time 18
note_on 77
velocity 85
time 47
note_off 74
time 13
note_on 84
velocity 89
time 77
note_off 77
time 5
note_off 84
time 13
note_on 80
velocity 80
time 80
note_on 86
velocity 74
time 80
note_off 80
time 20
note_on 89
velocity 74
time 52
note_on 88
velocity 72
time 16
note_off 86
time 18
note_off 88
time 11
note_on 96
velocity 103
time 37
note_off 89
time 11
note_on 89
velocity 77
time 73
note_on 90
velocity 46
time 16
note_off 96
time 4
note_off 90
time 34
note_on 86
velocity 61
time 7
note_on 80
velocity 81
time 97
note_off 89
time 7
note_off 80
time 71
note_on 95
velocity 109
time 20
note_off 86
time 12
note_on 89
velocity 66
time 53
note_off 95
time 66
note_on 86
velocity 66
time 18
note_off 89
time 28
note_off 86
time 11
note_on 79
velocity 78
time 35
note_off 79
time 88
note_on 83
velocity 95
time 29
note_on 77
velocity 86
time 90
note_off 83
time 65
note_on 74
velocity 69
time 7
note_off 77
time 51
note_on 67
velocity 79
time 25
note_off 74
time 8
note_off 67
time 69
note_on 71
velocity 106
time 38
note_on 65
velocity 80
time 83
note_off 71
time 80
note_on 62
velocity 70
time 8
note_off 65
time 48
note_on 55
velocity 80
time 32
note_off 62
time 4
note_off 55
time 101
note_off 43
time 22
note_on 59
velocity 107
time 4
note_off 31
time 67
note_on 53
velocity 87
time 37
note_off 59
time 80
note_on 50
velocity 82
time 20
note_on 43
velocity 87
time 109
note_off 53
time 54
note_off 50
time 34
note_off 43
time 138
note_on 36
velocity 111
time 14
note_on 24
velocity 101
time 8
note_on 43
velocity 72
time 25
note_off 43
time 10
note_on 52
velocity 78
time 0
note_on 55
velocity 78
time 67
note_off 52
time 51
note_on 60
velocity 86
time 48
note_off 55
time 5
note_off 60
time 22
note_on 55
velocity 81
time 60
note_off 55
time 78
note_on 64
velocity 86
time 6
note_on 67
velocity 85
time 82
note_off 64
time 54
note_on 72
velocity 95
time 35
note_off 67
time 5
note_off 72
time 35
note_on 67
velocity 88
time 58
note_on 69
velocity 31
time 55
note_off 67
time 36
note_on 76
velocity 88
time 0
note_off 69
time 9
note_on 79
velocity 87
time 65
note_off 76
time 52
note_on 84
velocity 97
time 44
note_off 79
time 5
note_off 84
time 34
note_on 79
velocity 93
time 56
note_off 79
time 85
note_on 88
velocity 86
time 9
note_on 91
velocity 82
time 101
note_off 88
time 68
note_on 96
velocity 107
time 20
note_off 91
time 19
note_on 91
velocity 78
time 68
note_off 96
time 54
note_on 88
velocity 73
time 46
note_off 91
time 35
note_off 88
time 35
note_on 79
velocity 72
time 5
note_off 79
time 87
note_on 84
velocity 99
time 30
note_on 79
velocity 89
time 104
note_off 84
time 52
note_on 76
velocity 80
time 41
note_off 79
time 67
note_on 67
velocity 76
time 32
note_off 76
time 0
note_off 67
time 91
note_on 72
velocity 106
time 46
note_on 67
velocity 82
time 115
note_off 72
time 62
note_on 64
velocity 81
time 42
note_off 67
time 82
note_on 55
velocity 84
time 36
note_off 64
time 3
note_off 55
time 121
note_on 60
velocity 104
time 29
note_on 55
velocity 83
time 156
note_off 24
time 56
note_off 36
time 15
note_off 60
time 4
note_on 52
velocity 89
time 88
note_on 43
velocity 95
time 161
note_off 43
time 310
note_on 36
velocity 110
time 16
note_on 24
velocity 96
time 4
note_off 52
time 9
note_off 55
time 4
note_on 31
velocity 25
time 42
note_off 31
time 5
note_off 24
time 4
note_off 36
time 0
