note_on 76
velocity 52
time 1003
note_on 72
velocity 43
time 90
note_on 68
velocity 44
time 4
note_off 76
time 5
note_off 68
time 71
note_off 72
time 4
note_on 75
velocity 56
time 0
note_on 80
velocity 48
time 64
note_off 75
time 4
note_off 80
time 47
note_on 72
velocity 58
time 33
note_on 69
velocity 56
time 75
note_off 72
time 0
note_on 66
velocity 53
time 21
note_off 69
time 59
note_off 66
time 6
note_on 73
velocity 57
time 13
note_on 78
velocity 60
time 48
note_off 73
time 4
note_off 78
time 52
note_on 71
velocity 50
time 36
note_off 71
time 65
note_on 67
velocity 34
time 16
note_on 63
velocity 47
time 26
note_off 67
time 17
note_off 63
time 36
note_on 70
velocity 58
time 7
note_off 70
time 79
note_on 75
velocity 42
time 0
note_off 75
time 38
note_on 76
velocity 57
time 37
note_on 72
velocity 55
time 50
note_off 76
time 39
note_on 68
velocity 52
time 14
note_off 72
time 8
note_off 68
time 42
note_on 75
velocity 60
time 38
note_on 80
velocity 46
time 38
note_off 75
time 13
note_on 77
velocity 62
time 22
note_off 80
time 25
note_off 77
time 70
note_on 74
velocity 62
time 5
note_on 73
velocity 50
time 61
note_off 74
time 0
note_on 80
velocity 64
time 62
note_off 73
time 4
note_on 85
velocity 52
time 39
note_off 80
time 14
note_on 79
velocity 65
time 27
note_off 85
time 16
note_on 76
velocity 60
time 92
note_off 79
time 8
note_on 75
velocity 50
time 27
note_off 76
time 28
note_off 75
time 40
note_on 82
velocity 53
time 18
note_on 87
velocity 59
time 33
note_off 82
time 10
note_off 87
time 33
note_on 76
velocity 59
time 33
note_on 72
velocity 53
time 57
note_off 76
time 31
note_on 68
velocity 54
time 37
note_off 72
time 13
note_off 68
time 46
note_on 75
velocity 62
time 8
note_off 75
time 48
note_on 80
velocity 54
time 3
note_off 80
time 53
note_on 72
velocity 56
time 7
note_off 72
time 66
note_on 69
velocity 22
time 42
note_on 66
velocity 51
time 29
note_off 69
time 14
note_off 66
time 37
note_on 73
velocity 62
time 11
note_off 73
time 45
note_on 78
velocity 52
time 9
note_on 71
velocity 50
time 34
note_off 78
time 16
note_on 67
velocity 56
time 58
note_off 71
time 15
note_off 67
time 42
note_on 63
velocity 49
time 25
note_off 63
time 47
note_on 70
velocity 53
time 23
note_off 70
time 44
note_on 75
velocity 55
time 2
note_off 75
time 32
note_on 60
velocity 14
time 138
note_on 56
velocity 50
time 28
note_off 60
time 44
note_on 63
velocity 54
time 15
note_off 56
time 2
note_off 63
time 43
note_on 68
velocity 49
time 17
note_off 68
time 35
note_on 60
velocity 58
time 35
note_on 57
velocity 56
time 52
note_off 60
time 27
note_on 54
velocity 46
time 31
note_off 57
time 15
note_off 54
time 33
note_on 61
velocity 60
time 4
note_off 61
time 48
note_on 66
velocity 50
time 23
note_on 59
velocity 55
time 30
note_off 66
time 4
note_on 55
velocity 54
time 54
note_off 59
time 41
note_off 55
time 35
note_on 51
velocity 53
time 9
note_on 58
velocity 61
time 52
note_off 51
time 5
note_off 58
time 52
note_on 63
velocity 51
time 9
note_off 63
time 0
note_on 46
velocity 53
time 7
note_on 39
velocity 35
time 5
note_off 46
time 0
note_on 47
velocity 53
time 5
note_off 47
time 18
note_off 39
time 17
note_on 58
velocity 70
time 4
note_on 51
velocity 43
time 6
note_off 58
time 27
note_off 51
time 6
note_on 59
velocity 70
time 11
note_off 59
time 54
note_on 58
velocity 77
time 15
note_off 58
time 85
note_on 59
velocity 63
time 0
note_on 60
velocity 52
time 7
note_off 59
time 33
note_off 60
time 0
note_on 70
velocity 53
time 96
note_on 63
velocity 59
time 7
note_off 70
time 22
note_off 63
time 9
note_on 64
velocity 62
time 22
note_on 71
velocity 66
time 0
note_on 72
velocity 30
time 28
note_off 71
time 20
note_on 70
velocity 71
time 10
note_off 64
time 5
note_off 72
time 16
note_off 70
time 37
note_on 71
velocity 78
time 11
note_off 71
time 37
note_on 58
velocity 79
time 280
note_on 66
velocity 84
time 9
note_on 67
velocity 69
time 34
note_on 82
velocity 56
time 20
note_on 63
velocity 70
time 8
note_on 75
velocity 60
time 0
note_off 66
time 12
note_off 75
time 13
note_off 58
time 20
note_off 82
time 10
note_on 83
velocity 59
time 4
note_off 83
time 75
note_on 75
velocity 52
time 80
note_on 82
velocity 42
time 5
note_off 82
time 0
note_off 75
time 11
note_on 83
velocity 55
time 14
note_off 83
time 2
note_on 82
velocity 56
time 0
note_on 75
velocity 52
time 25
note_off 82
time 23
note_off 75
time 6
note_on 83
velocity 53
time 22
note_off 83
time 53
note_on 75
velocity 59
time 13
note_off 75
time 0
note_on 82
velocity 7
time 6
note_on 83
velocity 53
time 4
note_off 83
time 42
note_off 82
time 44
note_on 82
velocity 29
time 0
note_on 75
velocity 55
time 9
note_off 75
time 47
note_on 83
velocity 54
time 14
note_off 82
time 4
note_off 83
time 0
note_on 75
velocity 47
time 14
note_on 82
velocity 48
time 8
note_off 75
time 9
note_off 82
time 0
note_on 83
velocity 54
time 28
note_off 83
time 33
note_on 82
velocity 57
time 33
note_on 75
velocity 50
time 11
note_off 75
time 21
note_off 82
time 7
note_on 83
velocity 52
time 7
note_off 83
time 18
note_on 75
velocity 51
time 28
note_off 75
time 33
note_on 82
velocity 34
time 0
note_off 82
time 45
note_on 83
velocity 50
time 4
note_off 83
time 4
note_on 75
velocity 49
time 4
note_on 82
velocity 52
time 0
note_off 75
time 13
note_off 82
time 15
note_on 83
velocity 54
time 0
note_off 83
time 28
note_on 75
velocity 52
time 63
note_on 82
velocity 52
time 14
note_off 75
time 34
note_off 82
time 7
note_on 83
velocity 53
time 30
note_off 83
time 39
note_on 82
velocity 52
time 7
note_on 75
velocity 55
time 4
note_off 75
time 50
note_off 82
time 13
note_on 83
velocity 52
time 9
note_off 83
time 43
note_on 75
velocity 53
time 58
note_on 82
velocity 45
time 26
note_off 75
time 9
note_off 82
time 25
note_on 83
velocity 46
time 38
note_off 83
time 34
note_on 82
velocity 57
time 34
note_on 75
velocity 54
time 4
note_off 75
time 2
note_off 82
time 15
note_on 83
velocity 53
time 5
note_off 83
time 59
note_on 75
velocity 53
time 63
note_on 82
velocity 46
time 25
note_off 75
time 13
note_off 82
time 25
note_on 83
velocity 52
time 29
note_off 83
time 35
note_on 82
velocity 57
time 44
note_on 75
velocity 52
time 4
note_off 75
time 45
note_on 83
velocity 52
time 20
note_off 82
time 5
note_off 83
time 33
note_on 75
velocity 48
time 59
note_on 82
velocity 46
time 27
note_off 75
time 11
note_off 82
time 23
note_on 83
velocity 50
time 34
note_off 83
time 38
note_on 82
velocity 55
time 42
note_on 75
velocity 54
time 4
note_off 75
time 1
note_off 82
time 11
note_on 83
velocity 52
time 11
note_off 67
time 40
note_off 83
time 13
note_off 63
time 9
note_on 75
velocity 55
time 45
note_on 82
velocity 55
time 20
note_off 75
time 15
note_off 82
time 22
note_on 83
velocity 53
time 25
note_off 83
time 43
note_on 82
velocity 63
time 9
note_on 75
velocity 58
time 8
note_off 75
time 42
note_off 82
time 5
note_on 83
velocity 60
time 15
note_off 83
time 44
note_on 75
velocity 57
time 42
note_on 82
velocity 54
time 12
note_off 75
time 40
note_off 82
time 9
note_on 83
velocity 56
time 9
note_on 58
velocity 60
time 8
note_off 83
time 5
note_on 66
velocity 66
time 4
note_on 67
velocity 74
time 16
note_off 66
time 6
note_on 63
velocity 60
time 7
note_on 75
velocity 54
time 0
note_on 82
velocity 60
time 0
note_off 58
time 7
note_off 75
time 11
note_off 82
time 12
note_on 83
velocity 47
time 4
note_off 67
time 18
note_off 83
time 0
note_off 63
time 0
note_on 82
velocity 58
time 18
note_on 75
velocity 47
time 16
note_off 75
time 50
note_off 82
time 40
note_on 83
velocity 47
time 4
note_off 83
time 16
note_on 64
velocity 62
time 14
note_on 75
velocity 59
time 10
note_on 68
velocity 62
time 5
note_on 82
velocity 55
time 0
note_off 68
time 9
note_off 75
time 0
note_off 82
time 4
note_on 83
velocity 45
time 0
note_off 64
time 5
note_off 83
time 9
note_on 75
velocity 57
time 47
note_on 82
velocity 57
time 3
note_off 75
time 47
note_off 82
time 12
note_on 83
velocity 58
time 36
note_on 58
velocity 63
time 16
note_off 83
time 0
note_on 67
velocity 65
time 4
note_on 63
velocity 53
time 0
note_on 75
velocity 65
time 11
note_on 82
velocity 60
time 7
note_off 75
time 5
note_off 82
time 5
note_on 83
velocity 56
time 8
note_off 83
time 0
note_on 75
velocity 66
time 5
note_on 82
velocity 59
time 2
note_off 75
time 38
note_off 58
time 12
note_off 82
time 5
note_on 83
velocity 61
time 23
note_off 83
time 41
note_off 63
time 26
note_on 75
velocity 66
time 17
note_on 82
velocity 66
time 6
note_off 67
time 6
note_off 75
time 35
note_off 82
time 18
note_on 83
velocity 68
time 15
note_off 83
time 52
note_on 82
velocity 60
time 38
note_on 75
velocity 74
time 3
note_off 75
time 62
note_off 82
time 16
note_on 83
velocity 72
time 9
note_on 70
velocity 76
time 14
note_off 83
time 0
note_on 63
velocity 67
time 14
note_on 67
velocity 61
time 0
note_on 75
velocity 70
time 4
note_on 82
velocity 66
time 0
note_off 70
time 0
note_off 75
time 0
note_off 82
time 13
note_on 83
velocity 74
time 0
note_off 67
time 11
note_off 63
time 19
note_off 83
time 32
note_on 82
velocity 65
time 11
note_on 75
velocity 70
time 19
note_off 75
time 73
note_on 83
velocity 74
time 14
note_off 82
time 16
note_on 61
velocity 58
time 15
note_off 83
time 0
note_on 64
velocity 50
time 0
note_on 82
velocity 66
time 16
note_on 56
velocity 24
time 8
note_on 75
velocity 59
time 2
note_on 58
velocity 32
time 0
note_on 62
velocity 12
time 37
note_off 75
time 7
note_off 82
time 8
note_on 83
velocity 64
time 14
note_off 62
time 5
note_off 61
time 4
note_off 64
time 4
note_on 82
velocity 67
time 5
note_off 83
time 11
note_off 58
time 11
note_off 56
time 4
note_off 82
time 42
note_on 83
velocity 57
time 32
note_off 83
time 39
note_on 82
velocity 37
time 22
note_off 82
time 39
note_on 80
velocity 74
time 9
note_on 73
velocity 57
time 26
note_on 44
velocity 64
time 4
note_off 80
time 18
note_on 82
velocity 57
time 23
note_on 80
velocity 62
time 45
note_off 73
time 13
note_off 80
time 27
note_on 80
velocity 77
time 69
note_off 82
time 22
note_off 80
time 25
note_on 78
velocity 59
time 118
note_on 85
velocity 70
time 0
note_on 37
velocity 64
time 13
note_off 78
time 16
note_off 85
time 10
note_on 87
velocity 76
time 22
note_off 44
time 29
note_off 37
time 14
note_on 85
velocity 64
time 46
note_off 85
time 38
note_off 87
time 13
note_on 87
velocity 48
time 0
note_on 85
velocity 81
time 46
note_off 87
time 30
note_off 85
time 40
note_on 83
velocity 54
time 80
note_on 76
velocity 73
time 15
note_on 85
velocity 70
time 4
note_off 83
time 7
note_off 85
time 67
note_on 83
velocity 74
time 19
note_off 83
time 53
note_on 85
velocity 61
time 11
note_off 85
time 13
note_on 83
velocity 64
time 14
note_off 83
time 50
note_on 82
velocity 68
time 8
note_on 75
velocity 66
time 4
note_off 76
time 9
note_off 82
time 5
note_on 83
velocity 59
time 8
note_off 83
time 37
note_on 83
velocity 56
time 13
note_off 75
time 11
note_off 83
time 26
note_on 82
velocity 57
time 43
note_off 82
time 38
note_on 73
velocity 63
time 42
note_on 80
velocity 62
time 14
note_off 73
time 29
note_off 80
time 4
note_on 82
velocity 71
time 12
note_off 82
time 76
note_on 80
velocity 70
time 8
note_off 80
time 42
note_on 63
velocity 65
time 7
note_off 63
time 12
note_on 70
velocity 61
time 40
note_off 70
time 31
note_on 71
velocity 64
time 19
note_on 70
velocity 17
time 116
note_off 71
time 4
note_on 63
velocity 65
time 22
note_off 70
time 16
note_off 63
time 27
note_on 61
velocity 63
time 35
note_off 61
time 32
note_on 68
velocity 77
time 11
note_off 68
time 38
note_on 70
velocity 58
time 18
note_off 70
time 51
note_on 68
velocity 79
time 32
note_off 68
time 32
note_on 61
velocity 60
time 45
note_off 61
time 46
note_on 66
velocity 71
time 66
note_on 73
velocity 73
time 0
note_off 73
time 35
note_off 66
time 4
note_on 75
velocity 67
time 14
note_off 75
time 57
note_on 73
velocity 82
time 11
note_off 73
time 44
note_on 66
velocity 15
time 139
note_on 64
velocity 74
time 4
note_on 71
velocity 76
time 18
note_off 66
time 45
note_off 64
time 6
note_off 71
time 6
note_on 73
velocity 56
time 9
note_off 73
time 40
note_on 71
velocity 61
time 19
note_off 71
time 35
note_on 64
velocity 75
time 104
note_on 70
velocity 67
time 34
note_off 64
time 35
note_off 70
time 3
note_on 71
velocity 60
time 15
note_on 70
velocity 58
time 64
note_off 71
time 9
note_off 70
time 43
note_on 63
velocity 68
time 101
note_on 68
velocity 75
time 40
note_off 63
time 11
note_off 68
time 33
note_on 70
velocity 65
time 20
note_off 70
time 53
note_on 68
velocity 73
time 31
note_off 68
time 30
note_on 61
velocity 66
time 91
note_off 61
time 43
note_on 68
velocity 53
time 30
note_off 68
time 53
note_on 70
velocity 63
time 13
note_off 70
time 53
note_on 68
velocity 65
time 34
note_off 68
time 34
note_on 70
velocity 55
time 22
note_on 68
velocity 71
time 55
note_off 70
time 4
note_off 68
time 44
note_on 68
velocity 53
time 114
note_off 68
time 29
note_on 70
velocity 60
time 15
note_off 70
time 41
note_on 68
velocity 71
time 27
note_off 68
time 50
note_on 70
velocity 55
time 25
note_off 70
time 50
note_on 68
velocity 54
time 33
note_off 68
time 39
note_on 70
velocity 60
time 31
note_off 70
time 40
note_on 68
velocity 63
time 26
note_off 68
time 40
note_on 70
velocity 57
time 27
note_off 70
time 98
note_on 59
velocity 38
time 34
note_on 68
velocity 50
time 0
note_on 56
velocity 41
time 4
note_on 65
velocity 34
time 3
note_on 62
velocity 40
time 9
note_on 70
velocity 56
time 17
note_off 68
time 8
note_off 59
time 4
note_off 70
time 5
note_off 56
time 2
note_off 62
time 0
note_on 71
velocity 74
time 6
note_off 65
time 20
note_on 74
velocity 74
time 0
note_off 71
time 9
note_on 76
velocity 75
time 35
note_on 77
velocity 59
time 40
note_off 74
time 44
note_off 76
time 18
note_on 79
velocity 74
time 4
note_on 80
velocity 74
time 27
note_off 77
time 9
note_off 79
time 0
note_on 82
velocity 75
time 81
note_off 80
time 27
note_on 83
velocity 69
time 31
note_off 82
time 2
note_on 86
velocity 76
time 55
note_on 88
velocity 83
time 82
note_on 89
velocity 81
time 21
note_on 91
velocity 91
time 73
note_off 86
time 11
note_off 88
time 23
note_off 83
time 2
note_off 89
time 25
note_off 91
time 40
note_on 39
velocity 46
time 144
note_on 46
velocity 52
time 0
note_off 46
time 0
note_on 47
velocity 50
time 4
note_off 47
time 5
note_on 46
velocity 56
time 4
note_off 46
time 9
note_off 39
time 4
note_on 47
velocity 64
time 7
note_off 47
time 4
note_on 58
velocity 66
time 0
note_on 51
velocity 48
time 11
note_off 58
time 29
note_off 51
time 4
note_on 59
velocity 71
time 11
note_off 59
time 69
note_on 58
velocity 80
time 7
note_on 59
velocity 66
time 76
note_off 58
time 8
note_off 59
time 45
note_on 63
velocity 32
time 114
note_on 69
velocity 34
time 5
note_on 71
velocity 66
time 42
note_off 69
time 11
note_off 71
time 19
note_on 70
velocity 78
time 15
note_off 63
time 60
note_off 70
time 7
note_on 71
velocity 72
time 22
note_off 71
time 0
note_on 76
velocity 62
time 0
note_on 72
velocity 58
time 0
note_off 76
time 13
note_off 72
time 33
note_on 68
velocity 44
time 62
note_off 68
time 40
note_on 75
velocity 56
time 5
note_off 75
time 54
note_on 80
velocity 62
time 6
note_off 80
time 65
note_on 72
velocity 55
time 9
note_on 69
velocity 52
time 11
note_off 72
time 29
note_off 69
time 28
note_on 66
velocity 57
time 62
note_off 66
time 53
note_on 73
velocity 56
time 20
note_on 71
velocity 59
time 36
note_off 73
time 4
note_on 78
velocity 57
time 5
note_off 78
time 42
note_on 67
velocity 51
time 39
note_off 71
time 13
note_off 67
time 34
note_on 63
velocity 51
time 63
note_off 63
time 45
note_on 70
velocity 55
time 7
note_on 75
velocity 57
time 47
note_off 70
time 4
note_off 75
time 45
note_on 46
velocity 58
time 0
note_on 39
velocity 47
time 12
note_off 46
time 16
note_on 47
velocity 57
time 12
note_off 47
time 14
note_on 46
velocity 43
time 4
note_off 39
time 6
note_off 46
time 5
note_on 47
velocity 65
time 4
note_off 47
time 37
note_on 51
velocity 33
time 56
note_on 58
velocity 68
time 0
note_off 51
time 45
note_off 58
time 9
note_on 59
velocity 73
time 0
note_off 59
time 67
note_on 59
velocity 60
time 86
note_off 59
time 42
note_on 70
velocity 73
time 93
note_on 63
velocity 67
time 14
note_off 70
time 36
note_on 71
velocity 81
time 15
note_off 71
time 72
note_on 70
velocity 70
time 7
note_off 63
time 29
note_off 70
time 4
note_on 71
velocity 75
time 36
note_off 71
time 33
note_on 64
velocity 72
time 9
note_off 64
time 12
note_on 60
velocity 63
time 2
note_off 60
time 9
note_on 56
velocity 56
time 5
note_off 56
time 57
note_on 63
velocity 55
time 19
note_on 68
velocity 68
time 32
note_off 63
time 12
note_off 68
time 44
note_on 60
velocity 51
time 13
note_off 60
time 66
note_on 54
velocity 45
time 85
note_off 54
time 45
note_on 61
velocity 48
time 18
note_off 61
time 41
note_on 66
velocity 51
time 9
note_off 66
time 33
note_on 59
velocity 58
time 2
note_off 59
time 69
note_on 55
velocity 53
time 22
note_off 55
time 54
note_on 51
velocity 42
time 31
note_off 51
time 42
note_on 58
velocity 53
time 23
note_off 58
time 42
note_on 63
velocity 48
time 21
note_off 63
time 36
note_on 55
velocity 51
time 3
note_off 55
time 57
note_on 52
velocity 53
time 17
note_off 52
time 53
note_on 51
velocity 48
time 27
note_off 51
time 54
note_on 58
velocity 39
time 26
note_off 58
time 51
note_on 63
velocity 47
time 2
note_off 63
time 57
note_on 59
velocity 59
time 829
note_off 59
time 46
note_on 55
velocity 57
time 5
note_off 55
time 44
note_on 51
velocity 3
time 116
note_on 58
velocity 52
time 0
note_off 58
time 47
note_on 63
velocity 51
time 0
note_off 51
time 5
note_on 55
velocity 37
time 34
note_off 63
time 9
note_on 52
velocity 56
time 35
note_off 55
time 16
note_off 52
time 44
note_on 51
velocity 39
time 93
note_on 58
velocity 53
time 33
note_off 51
time 9
note_off 58
time 45
note_on 63
velocity 30
time 26
note_on 59
velocity 44
time 17
note_off 63
time 25
note_on 55
velocity 38
time 39
note_off 59
time 5
note_off 55
time 56
note_on 58
velocity 30
time 137
note_off 58
time 54
note_on 63
velocity 28
time 20
note_off 63
time 107
note_on 55
velocity 48
time 682
note_on 52
velocity 51
time 42
note_off 55
time 35
note_off 52
time 32
note_on 51
velocity 26
time 32
note_on 58
velocity 41
time 52
note_off 51
time 11
note_on 63
velocity 39
time 53
note_off 58
time 25
note_off 63
time 153
note_on 32
velocity 46
time 1182
note_on 39
velocity 52
time 76
note_on 44
velocity 58
time 12
note_off 32
time 0
note_off 39
time 0
note_on 51
velocity 75
time 9
note_off 44
time 2
note_off 51
time 4
note_on 56
velocity 55
time 775
note_on 61
velocity 49
time 62
note_off 56
time 43
note_off 61
time 17
note_on 63
velocity 35
time 86
note_on 66
velocity 57
time 8
note_on 87
velocity 95
time 8
note_on 70
velocity 62
time 8
note_on 82
velocity 73
time 9
note_on 75
velocity 72
time 4
note_on 78
velocity 73
time 0
note_off 75
time 418
note_off 87
time 76
note_off 70
time 96
note_off 66
time 107
note_off 78
time 14
note_on 85
velocity 84
time 219
note_on 73
velocity 76
time 10
note_on 61
velocity 48
time 17
note_off 63
time 34
note_off 73
time 193
note_off 85
time 7
note_off 61
time 27
note_off 82
time 37
note_on 84
velocity 82
time 13
note_on 72
velocity 81
time 15
note_on 60
velocity 64
time 4
note_off 72
time 64
note_off 84
time 164
note_on 58
velocity 51
time 8
note_on 82
velocity 71
time 5
note_on 70
velocity 55
time 2
note_off 60
time 9
note_off 70
time 0
note_off 82
time 7
note_off 58
time 48
note_on 51
velocity 49
time 7
note_on 58
velocity 38
time 6
note_on 61
velocity 40
time 0
note_on 75
velocity 56
time 6
note_on 63
velocity 49
time 0
note_on 70
velocity 32
time 18
note_off 63
time 57
note_off 51
time 66
note_on 53
velocity 51
time 14
note_on 77
velocity 68
time 23
note_on 65
velocity 52
time 22
note_off 53
time 5
note_off 70
time 0
note_off 61
time 4
note_off 75
time 0
note_off 58
time 4
note_off 65
time 25
note_off 77
time 31
note_on 78
velocity 70
time 87
note_on 54
velocity 58
time 4
note_on 73
velocity 52
time 0
note_on 66
velocity 52
time 20
note_on 63
velocity 53
time 1
note_on 75
velocity 37
time 0
note_on 61
velocity 46
time 11
note_off 66
time 15
note_off 75
time 40
note_on 56
velocity 61
time 88
note_on 80
velocity 70
time 0
note_on 68
velocity 67
time 5
note_off 68
time 28
note_off 80
time 9
note_off 54
time 51
note_off 73
time 5
note_off 78
time 8
note_on 58
velocity 59
time 0
note_on 82
velocity 73
time 7
note_on 70
velocity 63
time 7
note_off 56
time 5
note_off 58
time 9
note_off 61
time 4
note_off 63
time 4
note_off 70
time 4
note_off 82
time 15
note_on 87
velocity 91
time 9
note_on 66
velocity 63
time 2
note_on 75
velocity 73
time 0
note_on 56
velocity 36
time 7
note_on 61
velocity 47
time 4
note_on 63
velocity 53
time 0
note_on 70
velocity 59
time 0
note_on 82
velocity 34
time 33
note_off 82
time 4
note_off 75
time 5
note_off 87
time 50
note_off 70
time 32
note_off 66
time 5
note_off 63
time 9
note_on 90
velocity 94
time 13
note_on 78
velocity 87
time 4
note_off 61
time 20
note_off 56
time 109
note_off 78
time 4
note_off 90
time 9
note_on 67
velocity 63
time 34
note_on 61
velocity 44
time 13
note_on 64
velocity 65
time 4
note_on 70
velocity 72
time 0
note_on 85
velocity 61
time 0
note_on 88
velocity 92
time 0
note_on 76
velocity 81
time 5
note_on 82
velocity 45
time 0
note_off 82
time 13
note_off 76
time 4
note_off 85
time 5
note_off 88
time 30
note_on 91
velocity 89
time 103
note_on 79
velocity 83
time 7
note_off 79
time 68
note_off 91
time 2
note_off 61
time 45
note_off 70
time 42
note_off 64
time 25
note_on 93
velocity 96
time 4
note_on 81
velocity 86
time 7
note_off 67
time 57
note_off 81
time 5
note_off 93
time 4
note_on 91
velocity 97
time 131
note_on 79
velocity 90
time 5
note_on 62
velocity 62
time 9
note_off 79
time 59
note_off 91
time 6
note_off 62
time 158
note_on 66
velocity 48
time 61
note_on 70
velocity 49
time 0
note_on 72
velocity 54
time 0
note_on 63
velocity 40
time 0
note_on 87
velocity 88
time 5
note_on 82
velocity 70
time 11
note_on 84
velocity 70
time 0
note_on 75
velocity 63
time 5
note_off 75
time 0
note_off 82
time 28
note_off 84
time 0
note_off 87
time 23
note_off 72
time 229
note_on 94
velocity 83
time 5
note_on 82
velocity 69
time 11
note_off 70
time 29
note_off 66
time 39
note_off 63
time 9
note_off 82
time 11
note_off 94
time 15
note_on 34
velocity 50
time 4
note_on 32
velocity 46
time 5
note_off 34
time 34
note_on 35
velocity 48
time 20
note_off 35
time 78
note_on 60
velocity 69
time 271
note_on 36
velocity 49
time 14
note_on 53
velocity 55
time 8
note_on 56
velocity 46
time 5
note_off 36
time 53
note_on 37
velocity 51
time 17
note_off 60
time 17
note_off 37
time 0
note_off 53
time 16
note_off 56
time 3
note_on 39
velocity 57
time 7
note_off 39
time 67
note_on 59
velocity 61
time 125
note_on 40
velocity 52
time 6
note_on 55
velocity 49
time 0
note_on 52
velocity 55
time 2
note_off 40
time 4
note_off 52
time 32
note_off 55
time 21
note_off 59
time 0
note_on 42
velocity 47
time 17
note_off 42
time 5
note_on 58
velocity 59
time 89
note_on 54
velocity 49
time 14
note_on 51
velocity 54
time 5
note_on 44
velocity 56
time 7
note_off 51
time 9
note_off 44
time 5
note_off 54
time 8
note_off 58
time 22
note_on 46
velocity 58
time 12
note_off 46
time 0
note_off 32
time 4
note_on 57
velocity 57
time 72
note_on 50
velocity 50
time 9
note_on 53
velocity 33
time 5
note_off 50
time 0
note_off 53
time 9
note_off 57
time 16
note_on 50
velocity 67
time 14
note_off 50
time 7
note_on 53
velocity 58
time 63
note_off 53
time 42
note_on 55
velocity 54
time 151
note_off 55
time 39
note_on 57
velocity 59
time 139
note_off 57
time 39
note_on 59
velocity 56
time 143
note_off 59
time 32
note_on 60
velocity 53
time 147
note_off 60
time 29
note_on 62
velocity 62
time 139
note_off 62
time 37
note_on 65
velocity 48
time 161
note_off 65
time 51
note_on 67
velocity 56
time 157
note_off 67
time 26
note_on 69
velocity 53
time 202
note_off 69
time 43
note_on 71
velocity 51
time 238
note_off 71
time 38
note_on 72
velocity 55
time 278
note_off 72
time 39
note_on 74
velocity 46
time 403
note_off 74
time 59
note_on 71
velocity 32
time 0
note_on 69
velocity 24
time 5
note_on 66
velocity 25
time 7
note_on 87
velocity 73
time 7
note_on 75
velocity 58
time 16
note_on 81
velocity 39
time 27
note_off 87
time 432
note_off 75
time 118
note_on 67
velocity 37
time 8
note_on 86
velocity 79
time 13
note_on 74
velocity 53
time 9
note_off 66
time 18
note_off 67
time 7
note_off 74
time 27
note_off 86
time 2
note_on 68
velocity 36
time 8
note_on 85
velocity 58
time 12
note_on 73
velocity 44
time 10
note_off 68
time 207
note_on 61
velocity 26
time 131
note_off 73
time 280
note_on 68
velocity 47
time 23
note_on 87
velocity 63
time 193
note_on 75
velocity 38
time 42
note_off 85
time 0
note_off 75
time 43
note_off 87
time 39
note_on 85
velocity 54
time 10
note_on 73
velocity 38
time 18
note_off 68
time 295
note_off 61
time 52
note_on 61
velocity 45
time 358
note_off 73
time 209
note_on 67
velocity 38
time 153
note_on 87
velocity 60
time 42
note_on 75
velocity 44
time 26
note_off 85
time 0
note_off 75
time 53
note_off 87
time 35
note_on 85
velocity 45
time 0
note_on 73
velocity 31
time 14
note_off 61
time 15
note_off 67
time 60
note_on 61
velocity 32
time 36
note_off 73
time 9
note_off 61
time 157
note_on 87
velocity 72
time 56
note_on 66
velocity 45
time 13
note_on 75
velocity 47
time 26
note_off 75
time 144
note_off 66
time 67
note_off 81
time 30
note_off 71
time 18
note_off 69
time 25
note_off 87
time 2
note_off 85
time 45
note_on 65
velocity 36
time 229
note_on 92
velocity 72
time 91
note_on 80
velocity 59
time 21
note_off 65
time 105
note_on 64
velocity 46
time 94
note_off 92
time 0
note_off 80
time 22
note_off 64
time 34
note_on 63
velocity 45
time 294
note_on 71
velocity 37
time 18
note_on 69
velocity 14
time 0
note_on 80
velocity 78
time 4
note_on 68
velocity 60
time 4
note_off 71
time 0
note_on 61
velocity 49
time 68
note_off 69
time 18
note_off 61
time 28
note_off 63
time 18
note_off 80
time 90
note_off 68
time 22
note_on 54
velocity 53
time 92
note_on 75
velocity 67
time 184
note_on 63
velocity 56
time 13
note_off 75
time 36
note_off 63
time 14
note_off 54
time 131
note_on 47
velocity 39
time 32
note_on 73
velocity 65
time 5
note_on 61
velocity 55
time 17
note_off 73
time 95
note_off 61
time 73
note_on 54
velocity 46
time 14
note_on 66
velocity 56
time 16
note_on 62
velocity 56
time 0
note_on 69
velocity 42
time 4
note_off 54
time 35
note_off 47
time 40
note_on 60
velocity 50
time 15
note_off 69
time 128
note_off 60
time 44
note_off 62
time 9
note_on 45
velocity 50
time 36
note_off 66
time 2
note_on 72
velocity 74
time 165
note_on 60
velocity 54
time 15
note_off 60
time 55
note_off 72
time 26
note_on 74
velocity 66
time 141
note_on 38
velocity 46
time 6
note_off 45
time 5
note_on 62
velocity 63
time 4
note_off 38
time 48
note_off 62
time 30
note_off 74
time 48
note_on 63
velocity 35
time 17
note_on 71
velocity 10
time 11
note_on 69
velocity 19
time 9
note_on 80
velocity 55
time 0
note_on 68
velocity 53
time 9
note_off 71
time 0
note_on 61
velocity 48
time 6
note_off 69
time 4
note_off 61
time 42
note_off 63
time 31
note_off 80
time 67
note_off 68
time 37
note_on 54
velocity 50
time 65
note_on 75
velocity 62
time 171
note_on 63
velocity 53
time 22
note_off 75
time 20
note_off 63
time 22
note_on 47
velocity 36
time 151
note_off 54
time 9
note_on 73
velocity 67
time 4
note_on 61
velocity 42
time 42
note_off 73
time 65
note_off 61
time 48
note_on 66
velocity 49
time 0
note_on 54
velocity 38
time 16
note_on 71
velocity 42
time 0
note_on 69
velocity 42
time 5
note_on 62
velocity 40
time 5
note_off 54
time 4
note_off 47
time 11
note_on 60
velocity 43
time 35
note_off 62
time 78
note_off 60
time 9
note_off 69
time 0
note_off 71
time 14
note_off 66
time 13
note_on 45
velocity 33
time 14
note_on 72
velocity 45
time 121
note_on 60
velocity 28
time 11
note_off 72
time 8
note_off 60
time 7
note_off 45
time 58
note_on 38
velocity 35
time 11
note_on 62
velocity 33
time 26
note_on 74
velocity 27
time 15
note_off 62
time 76
note_off 74
time 15
note_on 54
velocity 31
time 9
note_off 54
time 206
note_off 38
time 26
note_on 60
velocity 17
time 400
note_on 62
velocity 44
time 192
note_off 60
time 2
note_off 62
time 210
note_on 66
velocity 44
time 16
note_on 68
velocity 37
time 0
note_on 54
velocity 42
time 315
note_off 68
time 127
note_off 66
time 10
note_off 54
time 233
note_on 60
velocity 33
time 633
note_off 60
time 277
note_on 62
velocity 35
time 109
note_off 62
time 168
note_on 68
velocity 31
time 196
note_on 66
velocity 30
time 4
note_off 68
time 50
note_off 66
time 6
note_on 32
velocity 46
time 571
note_on 54
velocity 37
time 4
note_off 32
time 272
note_on 60
velocity 49
time 180
note_off 54
time 25
note_on 62
velocity 57
time 185
note_off 60
time 87
note_on 68
velocity 53
time 96
note_on 66
velocity 39
time 8
note_on 54
velocity 65
time 195
note_off 54
time 21
note_off 62
time 9
note_off 66
time 117
note_off 68
time 13
note_on 60
velocity 70
time 189
note_on 63
velocity 64
time 216
note_on 69
velocity 53
time 102
note_on 66
velocity 47
time 11
note_off 69
time 34
note_off 66
time 25
note_off 63
time 42
note_off 60
time 27
note_on 32
velocity 59
time 196
note_on 55
velocity 71
time 3
note_off 32
time 267
note_on 61
velocity 68
time 68
note_on 64
velocity 76
time 211
note_off 61
time 14
note_off 55
time 25
note_off 64
time 54
note_on 67
velocity 72
time 123
note_on 72
velocity 84
time 5
note_on 84
velocity 88
time 447
note_on 76
velocity 71
time 36
note_on 79
velocity 56
time 22
note_off 76
time 718
note_off 79
time 138
note_off 84
time 6
note_on 83
velocity 62
time 10
note_off 83
time 145
note_on 84
velocity 65
time 82
note_on 83
velocity 69
time 53
note_off 84
time 178
note_on 82
velocity 72
time 64
note_off 72
time 43
note_off 83
time 15
note_off 67
time 25
note_on 79
velocity 84
time 122
note_off 82
time 22
note_off 79
time 154
note_on 76
velocity 84
time 14
note_off 76
time 126
note_on 72
velocity 82
time 58
note_on 71
velocity 81
time 178
note_off 72
time 65
note_off 71
time 4
note_on 74
velocity 47
time 119
note_on 72
velocity 63
time 5
note_on 71
velocity 78
time 17
note_off 74
time 22
note_off 72
time 21
note_on 70
velocity 78
time 142
note_off 71
time 22
note_off 70
time 132
note_on 67
velocity 76
time 28
note_off 67
time 11
note_on 64
velocity 73
time 9
note_off 64
time 5
note_on 60
velocity 67
time 13
note_off 60
time 13
note_on 63
velocity 62
time 0
note_on 61
velocity 64
time 10
note_off 63
time 7
note_off 61
time 11
note_on 58
velocity 59
time 5
note_off 58
time 102
note_on 55
velocity 63
time 40
note_on 52
velocity 60
time 16
note_on 60
velocity 62
time 0
note_off 52
time 16
note_off 55
time 0
note_off 60
time 38
note_on 63
velocity 59
time 13
note_on 61
velocity 53
time 28
note_off 63
time 30
note_on 32
velocity 52
time 28
note_off 61
time 12
note_on 57
velocity 50
time 15
note_off 32
time 12
note_off 57
time 62
note_on 54
velocity 58
time 77
note_off 54
time 52
note_on 54
velocity 40
time 0
note_on 60
velocity 52
time 5
note_on 51
velocity 43
time 5
note_off 60
time 14
note_on 63
velocity 49
time 9
note_on 61
velocity 45
time 4
note_off 63
time 13
note_off 61
time 18
note_on 58
velocity 56
time 13
note_off 58
time 103
note_off 54
time 3
note_on 55
velocity 54
time 27
note_off 55
time 21
note_on 60
velocity 58
time 8
note_off 60
time 55
note_on 63
velocity 53
time 25
note_on 61
velocity 50
time 35
note_off 63
time 16
note_off 61
time 34
note_off 51
time 2
note_on 58
velocity 53
time 36
note_off 58
time 42
note_on 55
velocity 57
time 79
note_on 60
velocity 60
time 13
note_on 52
velocity 52
time 0
note_on 63
velocity 45
time 0
note_off 60
time 5
note_on 61
velocity 45
time 9
note_off 63
time 0
note_off 55
time 4
note_off 52
time 53
note_off 61
time 38
note_on 58
velocity 50
time 28
note_off 58
time 131
note_on 55
velocity 51
time 19
note_off 55
time 10
note_on 60
velocity 47
time 7
note_on 44
velocity 30
time 7
note_off 60
time 9
note_on 63
velocity 40
time 0
note_on 61
velocity 46
time 10
note_off 63
time 7
note_off 61
time 155
note_on 58
velocity 32
time 37
note_off 44
time 206
note_off 58
time 47
note_on 55
velocity 28
time 153
note_off 55
time 107
note_on 37
velocity 36
time 9
note_off 37
time 65
note_on 51
velocity 48
time 531
note_on 61
velocity 32
time 39
note_on 56
velocity 38
time 12
note_on 63
velocity 65
time 69
note_on 67
velocity 61
time 26
note_on 72
velocity 77
time 320
note_off 67
time 75
note_off 63
time 153
note_off 72
time 4
note_on 64
velocity 82
time 3
note_on 68
velocity 71
time 4
note_on 52
velocity 54
time 11
note_off 51
time 97
note_off 68
time 81
note_on 65
velocity 80
time 32
note_on 53
velocity 56
time 5
note_off 52
time 13
note_off 64
time 4
note_off 56
time 23
note_off 53
time 4
note_off 65
time 46
note_off 61
time 36
note_on 61
velocity 38
time 213
note_on 65
velocity 46
time 20
note_on 56
velocity 38
time 7
note_on 70
velocity 77
time 2
note_on 77
velocity 72
time 17
note_off 70
time 184
note_on 82
velocity 63
time 20
note_off 65
time 35
note_off 61
time 76
note_off 56
time 13
note_off 77
time 18
note_on 37
velocity 34
time 517
note_off 37
time 137
note_on 77
velocity 71
time 131
note_off 82
time 210
note_on 62
velocity 47
time 8
note_on 65
velocity 51
time 13
note_on 56
velocity 41
time 0
note_on 71
velocity 82
time 4
note_off 77
time 13
note_on 77
velocity 59
time 25
note_off 65
time 295
note_off 62
time 58
note_off 56
time 46
note_on 82
velocity 59
time 32
note_off 77
time 75
note_off 71
time 727
note_on 37
velocity 32
time 73
note_off 37
time 263
note_off 82
time 109
note_on 77
velocity 38
time 189
note_off 77
time 259
note_on 56
velocity 34
time 0
note_on 62
velocity 38
time 16
note_on 66
velocity 19
time 12
note_on 72
velocity 67
time 10
note_off 56
time 23
note_off 62
time 5
note_off 72
time 43
note_off 66
time 13
note_on 77
velocity 56
time 9
note_off 77
time 45
note_on 82
velocity 58
time 18
note_off 82
time 84
note_on 81
velocity 58
time 4
note_on 78
velocity 57
time 42
note_off 81
time 10
note_on 70
velocity 38
time 44
note_off 78
time 9
note_on 74
velocity 56
time 22
note_off 70
time 13
note_on 69
velocity 45
time 4
note_on 66
velocity 57
time 30
note_off 74
time 4
note_off 69
time 33
note_on 62
velocity 60
time 60
note_off 66
time 20
note_off 62
time 21
note_on 44
velocity 52
time 12
note_on 37
velocity 37
time 17
note_off 44
time 6
note_on 58
velocity 47
time 20
note_on 51
velocity 39
time 13
note_on 56
velocity 20
time 35
note_off 51
time 18
note_off 37
time 41
note_off 56
time 51
note_off 58
time 7
note_on 56
velocity 41
time 572
note_on 61
velocity 29
time 0
note_on 65
velocity 27
time 11
note_on 70
velocity 41
time 11
note_on 77
velocity 51
time 21
note_on 82
velocity 55
time 4
note_on 73
velocity 45
time 11
note_off 65
time 57
note_off 70
time 0
note_off 56
time 7
note_off 61
time 0
note_off 82
time 9
note_off 73
time 11
note_off 77
time 0
note_on 56
velocity 52
time 486
note_on 58
velocity 57
time 73
note_off 56
time 22
note_on 61
velocity 60
time 36
note_off 58
time 54
note_off 61
time 23
note_on 68
velocity 61
time 20
note_on 70
velocity 57
time 94
note_off 68
time 22
note_off 70
time 36
note_on 73
velocity 54
time 5
note_on 75
velocity 66
time 60
note_on 80
velocity 72
time 25
note_off 73
time 6
note_off 75
time 46
note_on 82
velocity 74
time 14
note_off 80
time 60
note_off 82
time 56
note_on 58
velocity 54
time 18
note_on 67
velocity 63
time 0
note_on 64
velocity 60
time 7
note_on 72
velocity 88
time 17
note_off 72
time 20
note_off 58
time 19
note_off 67
time 30
note_off 64
time 5
note_on 84
velocity 57
time 83
note_off 84
time 47
note_on 87
velocity 62
time 19
note_on 85
velocity 67
time 61
note_on 82
velocity 64
time 61
note_off 87
time 0
note_on 75
velocity 56
time 21
note_off 85
time 20
note_off 82
time 34
note_on 73
velocity 54
time 3
note_off 75
time 9
note_on 79
velocity 67
time 4
note_on 70
velocity 60
time 23
note_off 79
time 9
note_off 73
time 32
note_on 67
velocity 59
time 39
note_off 70
time 3
note_off 67
time 14
note_on 69
velocity 74
time 18
note_off 69
time 55
note_on 66
velocity 75
time 5
note_on 64
velocity 84
time 0
note_off 66
time 9
note_off 64
time 259
note_on 60
velocity 69
time 5
note_off 60
time 53
note_on 37
velocity 53
time 22
note_on 52
velocity 43
time 0
note_on 57
velocity 60
time 0
note_on 55
velocity 42
time 15
note_off 52
time 7
note_off 55
time 19
note_off 57
time 23
note_on 60
velocity 58
time 165
note_off 60
time 46
note_on 63
velocity 58
time 14
note_off 63
time 60
note_on 61
velocity 62
time 4
note_off 37
time 54
note_on 58
velocity 64
time 0
note_on 42
velocity 11
time 11
note_on 55
velocity 43
time 4
note_off 55
time 35
note_off 58
time 9
note_off 61
time 6
note_off 42
time 5
note_on 63
velocity 43
time 23
note_off 63
time 30
note_on 67
velocity 58
time 58
note_on 70
velocity 70
time 39
note_off 67
time 9
note_off 70
time 50
note_on 58
velocity 76
time 25
note_on 61
velocity 73
time 413
note_on 64
velocity 83
time 4
note_on 66
velocity 82
time 288
note_off 64
time 66
note_off 61
time 23
note_off 58
time 5
note_off 66
time 54
note_on 67
velocity 70
time 251
note_on 58
velocity 65
time 4
note_on 64
velocity 67
time 4
note_on 72
velocity 86
time 16
note_off 72
time 31
note_off 58
time 145
note_on 84
velocity 58
time 0
note_off 84
time 39
note_on 87
velocity 67
time 15
note_off 64
time 4
note_off 67
time 0
note_on 85
velocity 70
time 66
note_on 82
velocity 72
time 37
note_off 87
time 17
note_off 85
time 16
note_on 79
velocity 83
time 17
note_off 82
time 14
note_off 79
time 16
note_on 55
velocity 76
time 8
note_on 61
velocity 66
time 47
note_on 75
velocity 40
time 43
note_on 64
velocity 82
time 2
note_on 70
velocity 74
time 32
note_off 75
time 5
note_off 55
time 23
note_on 69
velocity 91
time 20
note_off 70
time 0
note_off 64
time 18
note_on 67
velocity 72
time 9
note_off 61
time 13
note_off 67
time 20
note_off 69
time 98
note_on 67
velocity 63
time 17
note_on 72
velocity 85
time 5
note_on 64
velocity 66
time 7
note_on 58
velocity 61
time 2
note_off 72
time 20
note_on 84
velocity 65
time 156
note_off 84
time 36
note_off 58
time 9
note_on 87
velocity 71
time 6
note_off 64
time 30
note_off 67
time 10
note_on 85
velocity 73
time 25
note_on 82
velocity 78
time 48
note_off 87
time 6
note_off 85
time 25
note_on 79
velocity 82
time 28
note_off 82
time 4
note_on 55
velocity 73
time 22
note_off 79
time 0
note_on 61
velocity 65
time 36
note_on 75
velocity 59
time 38
note_on 64
velocity 77
time 29
note_on 73
velocity 74
time 5
note_off 75
time 8
note_off 55
time 20
note_on 70
velocity 70
time 9
note_off 73
time 0
note_on 69
velocity 92
time 25
note_off 64
time 22
note_off 70
time 7
note_off 61
time 4
note_on 67
velocity 76
time 4
note_off 67
time 31
note_off 69
time 191
note_on 72
velocity 85
time 5
note_on 58
velocity 65
time 5
note_on 64
velocity 68
time 7
note_on 67
velocity 71
time 0
note_off 72
time 0
note_off 58
time 5
note_off 67
time 4
note_off 64
time 5
note_on 60
velocity 72
time 48
note_off 60
time 51
note_on 63
velocity 75
time 16
note_on 61
velocity 75
time 102
note_off 63
time 52
note_off 61
time 4
note_on 58
velocity 66
time 7
note_off 58
time 33
note_on 55
velocity 57
time 31
note_on 58
velocity 62
time 83
note_off 55
time 0
note_on 61
velocity 69
time 16
note_off 58
time 17
note_on 63
velocity 67
time 0
note_off 61
time 8
note_off 63
time 14
note_on 67
velocity 66
time 34
note_off 67
time 80
note_on 69
velocity 75
time 16
note_off 69
time 9
note_on 72
velocity 69
time 16
note_on 70
velocity 80
time 5
note_off 72
time 15
note_on 67
velocity 67
time 26
note_off 70
time 7
note_off 67
time 62
note_on 64
velocity 61
time 7
note_on 72
velocity 82
time 34
note_off 72
time 4
note_off 64
time 0
note_on 75
velocity 79
time 6
note_off 75
time 13
note_on 73
velocity 70
time 19
note_on 70
velocity 68
time 33
note_off 73
time 19
note_on 67
velocity 74
time 48
note_off 70
time 26
note_off 67
time 42
note_on 69
velocity 81
time 8
note_on 72
velocity 78
time 26
note_off 69
time 16
note_on 70
velocity 77
time 46
note_off 72
time 76
note_on 67
velocity 75
time 11
note_off 70
time 25
note_off 67
time 53
note_on 64
velocity 57
time 11
note_on 72
velocity 72
time 4
note_off 72
time 0
note_on 75
velocity 74
time 8
note_off 64
time 0
note_off 75
time 4
note_on 73
velocity 76
time 4
note_on 70
velocity 69
time 20
note_off 73
time 11
note_on 67
velocity 61
time 35
note_off 70
time 15
note_off 67
time 0
note_on 69
velocity 66
time 9
note_off 69
time 0
note_on 72
velocity 59
time 0
note_on 70
velocity 63
time 4
note_off 72
time 21
note_on 67
velocity 65
time 68
note_off 70
time 15
note_off 67
time 16
note_on 64
velocity 54
time 4
note_off 64
time 9
note_on 76
velocity 68
time 5
note_off 76
time 4
note_on 79
velocity 59
time 17
note_off 79
time 63
note_on 80
velocity 39
time 8
note_off 80
time 28
note_on 81
velocity 45
time 0
note_off 81
time 11
note_on 43
velocity 26
time 155
note_on 31
velocity 15
time 2
note_on 77
velocity 53
time 7
note_on 82
velocity 66
time 4
note_on 74
velocity 48
time 3
note_on 70
velocity 37
time 0
note_off 31
time 17
note_off 43
time 29
note_on 50
velocity 53
time 363
note_on 53
velocity 52
time 63
note_off 50
time 45
note_on 56
velocity 59
time 20
note_off 82
time 0
note_off 53
time 42
note_off 70
time 8
note_on 59
velocity 63
time 9
note_off 56
time 32
note_off 59
time 7
note_on 62
velocity 61
time 43
note_off 62
time 80
note_on 80
velocity 76
time 13
note_on 65
velocity 53
time 23
note_on 68
velocity 57
time 13
note_off 65
time 22
note_off 74
time 14
note_off 77
time 0
note_off 68
time 16
note_off 80
time 13
note_on 45
velocity 48
time 6
note_on 33
velocity 50
time 4
note_on 77
velocity 71
time 0
note_on 69
velocity 44
time 12
note_on 65
velocity 45
time 7
note_on 72
velocity 60
time 6
note_off 33
time 17
note_off 45
time 0
note_off 77
time 35
note_off 65
time 4
note_off 72
time 8
note_off 69
time 11
note_on 51
velocity 58
time 150
note_on 74
velocity 73
time 9
note_on 68
velocity 54
time 19
note_on 62
velocity 46
time 22
note_on 66
velocity 52
time 2
note_on 54
velocity 62
time 60
note_off 62
time 0
note_off 51
time 6
note_off 74
time 22
note_off 54
time 36
note_on 57
velocity 60
time 4
note_on 63
velocity 44
time 112
note_on 72
velocity 76
time 20
note_off 63
time 13
note_off 57
time 9
note_on 60
velocity 58
time 5
note_off 68
time 17
note_off 66
time 17
note_off 60
time 16
note_off 72
time 0
note_on 35
velocity 51
time 5
note_on 69
velocity 67
time 5
note_on 47
velocity 36
time 0
note_on 65
velocity 49
time 6
note_on 57
velocity 53
time 7
note_on 63
velocity 38
time 0
note_off 35
time 5
note_off 47
time 10
note_on 51
velocity 65
time 184
note_off 57
time 4
note_off 63
time 53
note_off 65
time 30
note_on 53
velocity 70
time 11
note_off 69
time 0
note_off 51
time 22
note_on 57
velocity 67
time 35
note_on 63
velocity 68
time 69
note_off 53
time 39
note_off 63
time 0
note_off 57
time 5
note_on 71
velocity 83
time 31
note_on 59
velocity 71
time 28
note_off 59
time 103
note_off 71
time 36
note_on 32
velocity 55
time 5
note_on 44
velocity 50
time 0
note_on 66
velocity 47
time 11
note_on 72
velocity 54
time 0
note_on 74
velocity 66
time 4
note_on 60
velocity 52
time 2
note_on 68
velocity 47
time 0
note_off 32
time 2
note_off 44
time 14
note_off 74
time 18
note_off 60
time 7
note_on 51
velocity 67
time 4
note_off 66
time 5
note_off 72
time 0
note_on 54
velocity 66
time 0
note_off 68
time 0
note_off 51
time 13
note_on 56
velocity 68
time 47
note_on 63
velocity 73
time 58
note_off 54
time 7
note_off 63
time 27
note_off 56
time 6
note_on 74
velocity 90
time 68
note_on 62
velocity 80
time 9
note_off 62
time 69
note_off 74
time 39
note_on 43
velocity 56
time 208
note_on 31
velocity 53
time 13
note_on 82
velocity 86
time 5
note_on 74
velocity 68
time 0
note_on 77
velocity 74
time 0
note_on 70
velocity 68
time 4
note_off 31
time 11
note_off 43
time 0
note_on 50
velocity 70
time 167
note_on 53
velocity 66
time 53
note_off 82
time 0
note_off 70
time 40
note_off 50
time 30
note_on 56
velocity 64
time 7
note_off 53
time 35
note_on 59
velocity 72
time 13
note_off 56
time 43
note_off 59
time 0
note_on 62
velocity 57
time 42
note_on 80
velocity 85
time 54
note_on 68
velocity 79
time 21
note_on 65
velocity 73
time 4
note_off 62
time 12
note_off 65
time 20
note_off 77
time 0
note_off 74
time 4
note_off 68
time 36
note_off 80
time 0
note_on 33
velocity 59
time 0
note_on 45
velocity 60
time 0
note_on 77
velocity 81
time 10
note_on 69
velocity 64
time 8
note_on 65
velocity 68
time 5
note_on 72
velocity 70
time 0
note_off 33
time 11
note_off 45
time 10
note_off 77
time 32
note_off 65
time 2
note_off 69
time 11
note_off 72
time 0
note_on 51
velocity 70
time 135
note_on 74
velocity 81
time 9
note_on 68
velocity 64
time 12
note_on 66
velocity 66
time 7
note_on 62
velocity 46
time 19
note_on 64
velocity 57
time 9
note_off 62
time 54
note_off 64
time 0
note_on 54
velocity 68
time 9
note_off 74
time 31
note_on 57
velocity 74
time 23
note_off 51
time 34
note_on 63
velocity 75
time 76
note_off 57
time 38
note_on 72
velocity 81
time 0
note_off 54
time 4
note_off 63
time 0
note_on 60
velocity 68
time 4
note_off 68
time 90
note_off 60
time 5
note_off 66
time 23
note_off 72
time 6
note_on 81
velocity 104
time 82
note_on 83
velocity 80
time 168
note_off 81
time 10
note_off 83
time 36
note_on 81
velocity 84
time 12
note_on 83
velocity 72
time 4
note_off 81
time 4
note_off 83
time 5
note_on 81
velocity 78
time 19
note_on 83
velocity 79
time 51
note_off 81
time 4
note_off 83
time 9
note_on 81
velocity 77
time 0
note_on 83
velocity 73
time 34
note_off 81
time 5
note_off 83
time 60
note_on 81
velocity 77
time 8
note_on 83
velocity 74
time 60
note_off 81
time 2
note_off 83
time 63
note_on 81
velocity 76
time 22
note_off 81
time 52
note_on 83
velocity 72
time 0
note_off 83
time 66
note_on 81
velocity 67
time 13
note_off 81
time 54
note_on 83
velocity 70
time 8
note_off 83
time 63
note_on 81
velocity 66
time 0
note_off 81
time 4
note_on 83
velocity 64
time 4
note_off 83
time 18
note_on 81
velocity 61
time 0
note_off 81
time 20
note_on 83
velocity 52
time 9
note_off 83
time 46
note_on 81
velocity 58
time 17
note_off 81
time 39
note_on 83
velocity 45
time 4
note_off 83
time 65
note_on 81
velocity 53
time 22
note_off 81
time 39
note_on 83
velocity 47
time 14
note_off 83
time 4
note_on 81
velocity 47
time 13
note_off 81
time 0
note_on 83
velocity 43
time 0
note_off 83
time 8
note_on 81
velocity 43
time 0
note_off 81
time 9
note_on 83
velocity 41
time 5
note_off 83
time 38
note_on 81
velocity 43
time 28
note_off 81
time 35
note_on 83
velocity 45
time 9
note_off 83
time 18
note_on 81
velocity 32
time 15
note_off 81
time 15
note_on 83
velocity 38
time 4
note_on 81
velocity 39
time 61
note_off 81
time 44
note_on 81
velocity 20
time 129
note_off 81
time 47
note_on 78
velocity 51
time 43
note_on 73
velocity 43
time 18
note_on 67
velocity 38
time 35
note_on 69
velocity 25
time 19
note_on 81
velocity 9
time 29
note_off 81
time 66
note_off 67
time 22
note_off 78
time 5
note_off 69
time 20
note_on 81
velocity 32
time 26
note_off 83
time 4
note_off 73
time 22
note_off 81
time 15
note_on 81
velocity 39
time 83
note_off 81
time 17
note_on 81
velocity 40
time 107
note_off 81
time 38
note_on 81
velocity 38
time 114
note_on 77
velocity 55
time 14
note_on 72
velocity 51
time 19
note_on 68
velocity 46
time 6
note_off 81
time 3
note_on 66
velocity 39
time 4
note_on 83
velocity 27
time 9
note_off 83
time 69
note_on 81
velocity 39
time 51
note_off 81
time 35
note_on 83
velocity 43
time 19
note_off 83
time 14
note_off 66
time 15
note_on 81
velocity 23
time 5
note_off 77
time 0
note_on 83
velocity 44
time 22
note_off 68
time 12
note_off 72
time 7
note_off 83
time 4
note_off 81
time 14
note_on 81
velocity 36
time 0
note_off 81
time 39
note_on 81
velocity 40
time 9
note_off 81
time 38
note_on 81
velocity 23
time 30
note_off 81
time 47
note_on 81
velocity 27
time 0
note_off 81
time 4
note_on 81
velocity 32
time 9
note_on 76
velocity 39
time 5
note_on 71
velocity 37
time 12
note_on 65
velocity 32
time 7
note_off 81
time 5
note_on 67
velocity 28
time 9
note_on 81
velocity 26
time 11
note_on 83
velocity 38
time 17
note_off 81
time 5
note_off 83
time 5
note_on 81
velocity 31
time 10
note_off 81
time 5
note_on 83
velocity 41
time 0
note_off 83
time 2
note_on 81
velocity 39
time 11
note_off 81
time 30
note_on 83
velocity 45
time 32
note_off 83
time 46
note_off 76
time 11
note_on 81
velocity 47
time 3
note_off 81
time 52
note_on 83
velocity 47
time 18
note_off 83
time 58
note_on 81
velocity 50
time 12
note_off 81
time 60
note_off 71
time 53
note_off 67
time 7
note_off 65
time 9
note_on 83
velocity 47
time 94
note_off 83
time 58
note_on 81
velocity 52
time 29
note_off 81
time 50
note_on 64
velocity 55
time 251
note_on 53
velocity 40
time 41
note_on 59
velocity 32
time 18
note_on 55
velocity 33
time 15
note_on 69
velocity 56
time 17
note_off 64
time 40
note_off 69
time 7
note_off 59
time 45
note_on 71
velocity 47
time 0
note_off 55
time 22
note_off 53
time 11
note_off 71
time 167
note_on 69
velocity 49
time 16
note_off 69
time 31
note_on 71
velocity 31
time 28
note_off 71
time 84
note_on 69
velocity 28
time 27
note_on 71
velocity 42
time 51
note_off 69
time 2
note_on 43
velocity 34
time 17
note_on 31
velocity 31
time 15
note_off 71
time 18
note_on 69
velocity 37
time 17
note_off 69
time 45
note_on 71
velocity 41
time 30
note_off 71
time 51
note_off 43
time 20
note_on 69
velocity 26
time 26
note_on 71
velocity 48
time 50
note_off 31
time 4
note_off 69
time 0
note_on 69
velocity 33
time 73
note_off 69
time 127
note_on 69
velocity 37
time 4
note_off 71
time 18
note_off 69
time 34
note_on 69
velocity 31
time 96
note_off 69
time 55
note_on 69
velocity 20
time 112
note_on 71
velocity 37
time 35
note_off 71
time 70
note_on 71
velocity 37
time 81
note_off 69
time 8
note_on 69
velocity 11
time 55
note_off 69
time 72
note_on 69
velocity 32
time 69
note_off 69
time 123
note_on 69
velocity 22
time 1
note_off 71
time 15
note_on 71
velocity 12
time 0
note_off 69
time 17
note_on 69
velocity 26
time 89
note_off 69
time 47
note_off 71
time 7
note_on 71
velocity 33
time 0
note_off 71
time 60
note_on 69
velocity 28
time 22
note_off 69
time 41
note_on 71
velocity 37
time 23
note_off 71
time 48
note_on 69
velocity 36
time 38
note_off 69
time 34
note_on 71
velocity 37
time 38
note_off 71
time 51
note_on 69
velocity 29
time 41
note_off 69
time 55
note_on 71
velocity 39
time 7
note_off 71
time 53
note_on 69
velocity 32
time 18
note_off 69
time 63
note_on 71
velocity 40
time 5
note_off 71
time 60
note_on 69
velocity 29
time 18
note_off 69
time 65
note_on 71
velocity 38
time 0
note_off 71
time 55
note_on 69
velocity 32
time 10
note_off 69
time 48
note_on 71
velocity 41
time 32
note_off 71
time 44
note_on 69
velocity 41
time 26
note_off 69
time 52
note_on 71
velocity 37
time 42
note_off 71
time 54
note_on 69
velocity 35
time 7
note_off 69
time 47
note_on 71
velocity 40
time 18
note_off 71
time 65
note_on 69
velocity 38
time 9
note_on 71
velocity 31
time 88
note_on 61
velocity 29
time 38
note_off 61
time 221
note_on 61
velocity 33
time 0
note_off 61
time 64
note_on 64
velocity 51
time 191
note_off 64
time 55
note_on 64
velocity 47
time 190
note_off 64
time 54
note_off 69
time 25
note_on 69
velocity 3
time 0
note_off 69
time 31
note_on 69
velocity 9
time 4
note_off 71
time 83
note_on 71
velocity 3
time 0
note_off 69
time 67
note_on 69
velocity 30
time 0
note_off 71
time 69
note_on 71
velocity 15
time 5
note_off 69
time 113
note_on 69
velocity 14
time 4
note_off 71
time 63
note_on 71
velocity 26
time 0
note_on 61
velocity 41
time 5
note_off 61
time 57
note_off 71
time 100
note_on 71
velocity 31
time 4
note_on 61
velocity 52
time 40
note_off 61
time 47
note_on 64
velocity 39
time 153
note_off 64
time 38
note_off 69
time 63
note_on 69
velocity 22
time 34
note_on 64
velocity 43
time 50
note_off 71
time 14
note_on 71
velocity 11
time 34
note_off 64
time 26
note_off 69
time 47
note_on 69
velocity 27
time 0
note_off 69
time 76
note_off 71
time 10
note_on 71
velocity 36
time 0
note_off 71
time 79
note_on 69
velocity 30
time 10
note_on 61
velocity 53
time 87
note_on 71
velocity 28
time 0
note_off 69
time 67
note_on 69
velocity 30
time 0
note_off 69
time 71
note_off 71
time 11
note_on 71
velocity 11
time 2
note_off 61
time 16
note_on 69
velocity 40
time 44
note_off 71
time 76
note_on 71
velocity 15
time 0
note_off 69
time 7
note_on 69
velocity 37
time 104
note_on 65
velocity 52
time 18
note_off 71
time 37
note_on 71
velocity 18
time 0
note_off 69
time 13
note_on 69
velocity 43
time 108
note_off 71
time 38
note_on 71
velocity 22
time 0
note_off 69
time 20
note_off 71
time 175
note_on 71
velocity 26
time 4
note_off 65
time 13
note_on 59
velocity 37
time 56
note_on 55
velocity 35
time 15
note_off 71
time 4
note_on 69
velocity 36
time 20
note_off 69
time 39
note_off 59
time 9
note_off 55
time 13
note_on 71
velocity 23
time 2
note_off 71
time 66
note_on 69
velocity 44
time 17
note_off 69
time 37
note_on 71
velocity 34
time 38
note_off 71
time 50
note_on 69
velocity 36
time 47
note_off 69
time 41
note_on 71
velocity 42
time 31
note_off 71
time 51
note_on 69
velocity 37
time 19
note_off 69
time 41
note_on 71
velocity 38
time 41
note_off 71
time 51
note_on 69
velocity 26
time 50
note_off 69
time 59
note_on 71
velocity 28
time 15
note_on 31
velocity 40
time 40
note_on 69
velocity 18
time 37
note_off 31
time 20
note_off 71
time 57
note_off 69
time 4
note_on 71
velocity 15
time 0
note_on 69
velocity 14
time 67
note_off 71
time 36
note_on 71
velocity 8
time 0
note_off 69
time 77
note_on 69
velocity 16
time 0
note_off 69
time 192
note_on 69
velocity 7
time 0
note_on 64
velocity 43
time 14
note_off 69
time 87
note_on 69
velocity 30
time 73
note_off 71
time 31
note_off 69
time 23
note_on 71
velocity 19
time 14
note_on 69
velocity 28
time 96
note_off 71
time 59
note_on 71
velocity 29
time 0
note_off 69
time 1
note_on 69
velocity 31
time 88
note_off 71
time 52
note_on 71
velocity 25
time 0
note_off 64
time 18
note_off 69
time 63
note_on 69
velocity 21
time 0
note_off 71
time 56
note_on 71
velocity 35
time 0
note_off 69
time 21
note_off 71
time 53
note_on 69
velocity 27
time 18
note_off 69
time 40
note_on 71
velocity 39
time 12
note_on 69
velocity 11
time 159
note_on 59
velocity 42
time 121
note_on 52
velocity 37
time 30
note_on 57
velocity 30
time 13
note_off 69
time 64
note_on 55
velocity 18
time 17
note_on 67
velocity 49
time 12
note_off 67
time 85
note_on 69
velocity 20
time 73
note_off 57
time 31
note_off 69
time 88
note_on 69
velocity 12
time 0
note_off 69
time 87
note_off 55
time 5
note_off 59
time 34
note_on 69
velocity 33
time 43
note_on 62
velocity 43
time 56
note_off 69
time 0
note_off 62
time 90
note_on 69
velocity 36
time 30
note_off 71
time 36
note_on 71
velocity 13
time 0
note_off 69
time 28
note_on 59
velocity 48
time 18
note_off 52
time 35
note_off 59
time 8
note_off 71
time 88
note_on 71
velocity 21
time 0
note_on 31
velocity 44
time 280
note_off 31
time 57
note_off 71
time 31
note_on 71
velocity 3
time 0
note_on 69
velocity 34
time 85
note_off 69
time 45
note_off 71
time 15
note_on 71
velocity 3
time 0
note_on 69
velocity 36
time 102
note_off 69
time 42
note_off 71
time 21
note_on 71
velocity 22
time 0
note_on 62
velocity 58
time 43
note_on 69
velocity 41
time 48
note_off 69
time 43
note_off 71
time 28
note_on 71
velocity 36
time 0
note_off 71
time 66
note_on 69
velocity 41
time 20
note_on 71
velocity 45
time 50
note_off 69
time 2
note_on 69
velocity 38
time 79
note_off 69
time 77
note_on 64
velocity 63
time 14
note_off 62
time 2
note_on 69
velocity 35
time 51
note_off 71
time 26
note_off 69
time 30
note_on 67
velocity 15
time 26
note_off 67
time 70
note_on 69
velocity 13
time 67
note_off 69
time 243
note_on 69
velocity 26
time 0
note_off 69
time 77
note_on 69
velocity 30
time 80
note_off 69
time 34
note_on 69
velocity 26
time 120
note_on 71
velocity 22
time 48
note_off 69
time 2
note_on 69
velocity 31
time 89
note_off 69
time 44
note_off 71
time 18
note_on 71
velocity 30
time 0
note_on 69
velocity 26
time 101
note_off 64
time 30
note_off 71
time 19
note_on 71
velocity 33
time 0
note_off 69
time 4
note_on 69
velocity 25
time 90
note_off 71
time 66
note_on 71
velocity 27
time 4
note_off 69
time 2
note_off 71
time 73
note_on 69
velocity 24
time 5
note_off 69
time 92
note_on 71
velocity 8
time 18
note_on 59
velocity 43
time 14
note_on 69
velocity 24
time 43
note_off 71
time 58
note_on 71
velocity 9
time 0
note_off 69
time 9
note_on 69
velocity 31
time 86
note_off 71
time 57
note_on 71
velocity 22
time 0
note_off 69
time 9
note_on 69
velocity 28
time 73
note_off 71
time 64
note_on 71
velocity 23
time 0
note_off 59
time 27
note_off 69
time 5
note_on 69
velocity 18
time 4
note_off 71
time 55
note_on 71
velocity 27
time 0
note_off 69
time 91
note_on 69
velocity 21
time 0
note_off 71
time 65
note_on 71
velocity 23
time 5
note_off 71
time 16
note_on 71
velocity 36
time 0
note_off 69
time 0
note_on 69
velocity 9
time 89
note_off 71
time 114
note_off 69
time 8
note_on 43
velocity 48
time 0
note_on 31
velocity 46
time 9
note_on 50
velocity 58
time 11
note_on 55
velocity 43
time 0
note_on 52
velocity 45
time 0
note_on 53
velocity 39
time 5
note_on 57
velocity 42
time 15
note_off 57
time 7
note_off 52
time 8
note_off 53
time 5
note_off 55
time 2
note_on 59
velocity 74
time 4
note_off 50
time 11
note_off 59
time 67
note_off 31
time 6
note_off 43
time 37
note_on 57
velocity 23
time 5
note_on 55
velocity 52
time 2
note_on 59
velocity 69
time 26
note_off 55
time 9
note_off 57
time 7
note_off 59
time 16
note_on 67
velocity 74
time 121
note_on 69
velocity 68
time 8
note_on 64
velocity 70
time 11
note_on 62
velocity 54
time 11
note_off 64
time 27
note_off 67
time 0
note_off 69
time 0
note_off 62
time 4
note_on 71
velocity 85
time 4
note_off 71
time 63
note_on 71
velocity 76
time 62
note_off 71
time 29
note_on 74
velocity 82
time 116
note_on 77
velocity 89
time 0
note_on 79
velocity 87
time 0
note_on 81
velocity 79
time 4
note_off 79
time 19
note_on 83
velocity 82
time 14
note_off 81
time 4
note_on 81
velocity 66
time 17
note_off 83
time 0
note_off 81
time 5
note_on 83
velocity 73
time 9
note_off 83
time 4
note_on 81
velocity 81
time 5
note_on 83
velocity 70
time 63
note_off 81
time 4
note_off 83
time 25
note_on 81
velocity 75
time 9
note_on 83
velocity 72
time 9
note_off 81
time 6
note_off 83
time 58
note_on 81
velocity 78
time 17
note_off 81
time 27
note_on 83
velocity 76
time 5
note_off 83
time 46
note_on 81
velocity 74
time 30
note_off 77
time 4
note_off 74
time 9
note_off 81
time 33
note_on 83
velocity 73
time 17
note_off 83
time 36
note_on 81
velocity 69
time 45
note_off 81
time 8
note_on 83
velocity 75
time 14
note_off 83
time 14
note_on 81
velocity 63
time 19
note_off 81
time 4
note_on 83
velocity 73
time 16
note_off 83
time 35
note_on 81
velocity 58
time 38
note_off 81
time 54
note_on 83
velocity 66
time 19
note_off 83
time 12
note_on 81
velocity 51
time 0
note_off 81
time 11
note_on 83
velocity 60
time 0
note_off 83
time 4
note_on 81
velocity 53
time 4
note_off 81
time 17
note_on 83
velocity 58
time 8
note_off 83
time 0
note_on 81
velocity 50
time 35
note_off 81
time 22
note_on 83
velocity 53
time 21
note_off 83
time 47
note_on 81
velocity 51
time 34
note_off 81
time 44
note_on 83
velocity 60
time 28
note_off 83
time 41
note_on 81
velocity 53
time 26
note_off 81
time 57
note_on 83
velocity 51
time 36
note_off 83
time 37
note_on 81
velocity 51
time 14
note_off 81
time 37
note_on 83
velocity 50
time 9
note_off 83
time 45
note_on 81
velocity 45
time 30
note_off 81
time 27
note_on 83
velocity 53
time 39
note_off 83
time 44
note_on 81
velocity 40
time 0
note_off 81
time 31
note_on 83
velocity 55
time 23
note_off 83
time 5
note_on 81
velocity 34
time 21
note_off 81
time 19
note_on 83
velocity 52
time 5
note_off 83
time 50
note_on 81
velocity 44
time 20
note_off 81
time 35
note_on 83
velocity 47
time 25
note_off 83
time 12
note_on 81
velocity 43
time 14
note_off 81
time 7
note_on 83
velocity 38
time 13
note_on 81
velocity 41
time 33
note_off 83
time 15
note_off 81
time 39
note_on 83
velocity 43
time 15
note_off 83
time 5
note_on 81
velocity 38
time 14
note_off 81
time 57
note_on 81
velocity 29
time 37
note_off 81
time 7
note_on 81
velocity 36
time 4
note_off 81
time 40
note_on 83
velocity 39
time 11
note_on 81
velocity 31
time 67
note_off 83
time 0
note_on 83
velocity 29
time 101
note_on 78
velocity 53
time 19
note_on 73
velocity 46
time 26
note_on 67
velocity 38
time 6
note_on 69
velocity 24
time 0
note_off 83
time 18
note_on 83
velocity 9
time 0
note_off 81
time 43
note_on 81
velocity 26
time 22
note_off 83
time 67
note_on 83
velocity 25
time 0
note_off 81
time 23
note_on 81
velocity 32
time 72
note_off 83
time 7
note_off 81
time 53
note_on 83
velocity 21
time 37
note_off 78
time 3
note_off 67
time 31
note_off 69
time 26
note_off 83
time 5
note_on 81
velocity 34
time 9
note_off 73
time 25
note_off 81
time 22
note_on 83
velocity 30
time 32
note_off 83
time 57
note_on 81
velocity 40
time 11
note_off 81
time 53
note_on 83
velocity 36
time 36
note_off 83
time 51
note_on 81
velocity 35
time 32
note_off 81
time 44
note_on 77
velocity 63
time 17
note_on 72
velocity 51
time 20
note_on 83
velocity 35
time 12
note_on 68
velocity 44
time 7
note_on 66
velocity 42
time 6
note_off 83
time 34
note_on 81
velocity 35
time 33
note_off 81
time 39
note_on 83
velocity 42
time 41
note_off 83
time 40
note_on 81
velocity 39
time 32
note_off 81
time 35
note_off 66
time 33
note_on 83
velocity 46
time 16
note_off 77
time 29
note_off 83
time 9
note_on 81
velocity 43
time 18
note_off 68
time 11
note_off 72
time 22
note_off 81
time 16
note_on 83
velocity 44
time 32
note_off 83
time 53
note_on 81
velocity 40
time 17
note_off 81
time 53
note_on 83
velocity 42
time 38
note_off 83
time 52
note_on 81
velocity 35
time 9
note_on 83
velocity 39
time 80
note_off 83
time 58
note_off 81
time 18
note_on 81
velocity 11
time 0
note_on 83
velocity 26
time 96
note_on 76
velocity 38
time 6
note_off 81
time 0
note_on 81
velocity 16
time 0
note_on 71
velocity 36
time 0
note_on 67
velocity 33
time 10
note_on 65
velocity 28
time 0
note_off 83
time 0
note_on 83
velocity 25
time 0
note_off 81
time 35
note_on 81
velocity 18
time 0
note_off 83
time 4
note_on 83
velocity 18
time 0
note_off 81
time 16
note_on 81
velocity 10
time 0
note_off 83
time 2
note_on 83
velocity 25
time 20
note_off 83
time 31
note_off 81
time 4
note_on 81
velocity 13
time 0
note_on 83
velocity 28
time 4
note_off 83
time 13
note_off 81
time 2
note_on 81
velocity 28
time 0
note_off 76
time 5
note_on 83
velocity 33
time 64
note_off 71
time 50
note_off 67
time 5
note_off 65
time 4
note_off 81
time 62
note_on 81
velocity 24
time 0
note_off 81
time 53
note_off 83
time 14
note_on 64
velocity 36
time 319
note_on 59
velocity 34
time 11
note_on 55
velocity 33
time 4
note_on 53
velocity 32
time 20
note_off 64
time 40
note_on 69
velocity 30
time 11
note_off 59
time 18
note_off 55
time 21
note_off 53
time 13
note_on 71
velocity 51
time 0
note_off 69
time 4
note_on 69
velocity 42
time 57
note_off 69
time 71
note_off 71
time 255
note_on 69
velocity 27
time 11
note_on 43
velocity 32
time 52
note_on 31
velocity 24
time 13
note_off 69
time 66
note_on 69
velocity 30
time 0
note_off 69
time 53
note_off 43
time 103
note_on 69
velocity 34
time 8
note_off 69
time 39
note_on 71
velocity 30
time 14
note_off 71
time 71
note_on 69
velocity 21
time 57
note_on 71
velocity 38
time 46
note_off 69
time 61
note_on 69
velocity 25
time 0
note_off 71
time 4
note_on 71
velocity 42
time 76
note_off 69
time 65
note_on 69
velocity 31
time 5
note_off 69
time 57
note_off 71
time 91
note_on 69
velocity 38
time 0
note_off 69
time 9
note_on 71
velocity 32
time 13
note_off 31
time 26
note_on 69
velocity 40
time 20
note_off 69
time 15
note_off 71
time 5
note_on 71
velocity 30
time 0
note_on 69
velocity 23
time 8
note_off 69
time 20
note_off 71
time 0
note_on 71
velocity 39
time 0
note_off 71
time 22
note_on 69
velocity 22
time 27
note_on 71
velocity 31
time 47
note_off 69
time 16
note_off 71
time 25
note_on 69
velocity 32
time 5
note_off 69
time 50
note_on 71
velocity 26
time 21
note_off 71
time 64
note_on 69
velocity 38
time 4
note_off 69
time 38
note_on 71
velocity 28
time 37
note_off 71
time 66
note_on 69
velocity 37
time 2
note_off 69
time 0
note_on 71
velocity 35
time 25
note_off 71
time 12
note_on 69
velocity 32
time 23
note_off 69
time 54
note_on 71
velocity 33
time 19
note_off 71
time 60
note_on 69
velocity 25
time 19
note_off 69
time 80
note_on 69
velocity 23
time 95
note_on 31
velocity 32
time 83
note_off 31
time 0
note_off 69
time 0
note_on 69
velocity 31
time 4
note_off 69
time 25
note_on 71
velocity 22
time 5
note_off 71
time 86
note_on 69
velocity 36
time 3
note_on 71
velocity 17
time 122
note_off 69
time 48
note_on 69
velocity 25
time 0
note_off 69
time 6
note_off 71
time 50
note_on 71
velocity 8
time 0
note_on 69
velocity 29
time 52
note_on 61
velocity 40
time 19
note_off 61
time 75
note_on 61
velocity 31
time 166
note_off 69
time 122
note_on 69
velocity 19
time 0
note_on 64
velocity 43
time 9
note_off 61
time 14
note_off 69
time 11
note_off 64
time 5
note_on 69
velocity 17
time 0
note_on 64
velocity 46
time 14
note_off 64
time 100
note_off 71
time 16
note_on 71
velocity 16
time 0
note_off 69
time 93
note_on 69
velocity 26
time 4
note_off 69
time 50
note_off 71
time 13
note_on 71
velocity 39
time 0
note_off 71
time 55
note_on 69
velocity 37
time 42
note_off 69
time 56
note_on 71
velocity 43
time 37
note_off 71
time 37
note_on 69
velocity 36
time 38
note_off 69
time 53
note_on 71
velocity 15
time 81
note_on 61
velocity 42
time 5
note_on 69
velocity 37
time 38
note_off 61
time 47
note_off 71
time 20
note_on 71
velocity 17
time 0
note_on 61
velocity 39
time 130
note_off 69
time 23
note_off 61
time 64
note_on 69
velocity 28
time 39
note_on 64
velocity 41
time 104
note_off 64
time 36
note_off 71
time 75
note_on 64
velocity 49
time 102
note_off 64
time 60
note_off 69
time 102
note_on 69
velocity 3
time 0
note_off 69
time 148
note_on 69
velocity 13
time 0
note_on 61
velocity 46
time 152
note_off 69
time 12
note_on 69
velocity 21
time 0
note_off 61
time 134
note_off 69
time 26
note_on 69
velocity 26
time 0
note_off 69
time 145
note_on 69
velocity 21
time 0
note_on 71
velocity 3
time 98
note_off 69
time 48
note_on 69
velocity 10
time 0
note_off 69
time 175
note_on 69
velocity 21
time 5
note_on 65
velocity 42
time 2
note_off 69
time 58
note_on 69
velocity 30
time 129
note_off 71
time 50
note_on 71
velocity 13
time 0
note_off 69
time 9
note_on 69
velocity 21
time 89
note_off 71
time 58
note_on 71
velocity 20
time 5
note_off 69
time 81
note_on 69
velocity 25
time 0
note_off 71
time 75
note_on 71
velocity 13
time 0
note_off 69
time 66
note_on 69
velocity 26
time 0
note_off 69
time 71
note_on 69
velocity 36
time 98
note_off 69
time 46
note_on 69
velocity 21
time 135
note_off 71
time 27
note_on 71
velocity 17
time 34
note_off 69
time 69
note_on 69
velocity 18
time 0
note_off 69
time 69
note_off 71
time 17
note_on 71
velocity 19
time 5
note_off 71
time 70
note_on 69
velocity 22
time 12
note_off 69
time 58
note_on 71
velocity 25
time 9
note_off 71
time 64
note_on 69
velocity 25
time 23
note_off 69
time 66
note_on 71
velocity 25
time 19
note_on 69
velocity 23
time 63
note_off 69
time 80
note_on 69
velocity 23
time 81
note_off 69
time 146
note_on 69
velocity 20
time 5
note_off 71
time 37
note_off 69
time 35
note_on 71
velocity 3
time 31
note_on 69
velocity 17
time 86
note_off 69
time 54
note_off 71
time 12
note_on 71
velocity 26
time 0
note_off 71
time 69
note_on 69
velocity 11
time 34
note_on 71
velocity 31
time 70
note_off 69
time 4
note_off 71
time 59
note_on 69
velocity 16
time 15
note_off 69
time 66
note_on 71
velocity 34
time 14
note_off 71
time 57
note_on 69
velocity 28
time 11
note_off 69
time 79
note_on 69
velocity 30
time 77
note_off 69
time 168
note_on 69
velocity 18
time 0
note_off 65
time 43
note_on 71
velocity 3
time 36
note_off 69
time 96
note_on 69
velocity 6
time 0
note_off 69
time 80
note_off 71
time 6
note_on 71
velocity 6
time 0
note_on 69
velocity 12
time 80
note_off 71
time 5
note_off 69
time 70
note_on 71
velocity 37
time 16
note_off 71
time 64
note_on 69
velocity 14
time 40
note_on 71
velocity 27
time 67
note_off 69
time 5
note_off 71
time 57
note_on 69
velocity 7
time 33
note_off 69
time 235
note_on 76
velocity 56
time 6
note_on 72
velocity 48
time 9
note_off 76
time 4
note_off 72
time 4
note_on 68
velocity 51
time 14
note_off 68
time 33
note_on 75
velocity 54
time 4
note_off 75
time 76
note_on 80
velocity 50
time 0
note_off 80
time 56
note_on 72
velocity 39
time 41
note_on 69
velocity 39
time 51
note_off 72
time 28
note_on 66
velocity 45
time 42
note_off 69
time 6
note_on 73
velocity 65
time 56
note_off 66
time 5
note_on 78
velocity 60
time 56
note_off 73
time 4
note_on 71
velocity 56
time 25
note_off 78
time 32
note_on 67
velocity 58
time 45
note_off 71
time 16
note_off 67
time 33
note_on 63
velocity 55
time 30
note_on 70
velocity 63
time 62
note_off 63
time 5
note_on 75
velocity 45
time 77
note_off 70
time 13
note_off 75
time 37
note_on 76
velocity 64
time 4
note_on 72
velocity 57
time 57
note_off 76
time 35
note_on 68
velocity 58
time 21
note_off 72
time 34
note_off 68
time 56
note_on 75
velocity 63
time 4
note_on 80
velocity 45
time 70
note_on 77
velocity 70
time 18
note_off 75
time 10
note_off 80
time 28
note_on 74
velocity 61
time 62
note_off 77
time 20
note_on 73
velocity 57
time 29
note_off 74
time 34
note_on 80
velocity 69
time 51
note_off 73
time 16
note_on 85
velocity 45
time 57
note_off 80
time 5
note_on 79
velocity 66
time 8
note_off 85
time 36
note_on 76
velocity 60
time 65
note_off 79
time 5
note_on 75
velocity 57
time 29
note_off 76
time 26
note_off 75
time 63
note_on 82
velocity 66
time 9
note_on 87
velocity 64
time 36
note_off 82
time 4
note_off 87
time 38
note_on 76
velocity 57
time 16
note_on 72
velocity 57
time 66
note_off 76
time 36
note_on 68
velocity 62
time 39
note_off 72
time 14
note_off 68
time 44
note_on 75
velocity 64
time 10
note_off 75
time 52
note_on 80
velocity 53
time 20
note_on 72
velocity 62
time 39
note_off 80
time 4
note_on 69
velocity 51
time 53
note_off 72
time 25
note_on 66
velocity 61
time 58
note_off 69
time 2
note_off 66
time 62
note_on 73
velocity 66
time 11
note_off 73
time 39
note_on 78
velocity 59
time 18
note_on 71
velocity 54
time 20
note_off 78
time 21
note_on 67
velocity 57
time 55
note_off 71
time 21
note_off 67
time 41
note_on 63
velocity 55
time 23
note_off 63
time 53
note_on 70
velocity 63
time 7
note_off 70
time 46
note_on 75
velocity 58
time 7
note_off 75
time 41
note_on 64
velocity 56
time 33
note_on 60
velocity 59
time 45
note_off 64
time 35
note_off 60
time 33
note_on 56
velocity 46
time 34
note_off 56
time 33
note_on 63
velocity 58
time 5
note_off 63
time 36
note_on 68
velocity 48
time 39
note_on 60
velocity 57
time 38
note_off 68
time 4
note_on 57
velocity 61
time 46
note_off 60
time 38
note_on 54
velocity 47
time 60
note_off 57
time 3
note_off 54
time 43
note_on 61
velocity 56
time 11
note_off 61
time 31
note_on 66
velocity 53
time 37
note_on 59
velocity 57
time 27
note_off 66
time 0
note_on 55
velocity 61
time 73
note_off 59
time 31
note_off 55
time 27
note_on 51
velocity 58
time 13
note_off 51
time 62
note_on 58
velocity 59
time 6
note_on 63
velocity 53
time 76
note_off 58
time 51
note_off 63
time 13
note_on 46
velocity 55
time 15
note_on 39
velocity 46
time 10
note_off 46
time 7
note_on 47
velocity 54
time 4
note_off 47
time 11
note_on 46
velocity 40
time 64
note_off 39
time 5
note_on 47
velocity 62
time 9
note_off 46
time 8
note_on 51
velocity 47
time 13
note_on 58
velocity 64
time 16
note_off 47
time 4
note_off 51
time 34
note_off 58
time 8
note_on 59
velocity 40
time 36
note_on 60
velocity 26
time 13
note_off 59
time 23
note_on 58
velocity 79
time 4
note_off 60
time 21
note_off 58
time 57
note_on 59
velocity 78
time 5
note_off 59
time 35
note_on 70
velocity 74
time 85
note_on 63
velocity 60
time 20
note_off 70
time 39
note_on 71
velocity 78
time 18
note_on 70
velocity 66
time 35
note_off 71
time 11
note_off 63
time 51
note_off 70
time 20
note_on 71
velocity 76
time 25
note_off 71
time 7
note_on 76
velocity 64
time 12
note_on 72
velocity 63
time 21
note_off 76
time 21
note_off 72
time 32
note_on 68
velocity 57
time 26
note_off 68
time 62
note_on 75
velocity 62
time 4
note_off 75
time 62
note_on 80
velocity 68
time 0
note_off 80
time 60
note_on 72
velocity 57
time 4
note_on 69
velocity 44
time 46
note_off 72
time 22
note_off 69
time 50
note_on 66
velocity 59
time 18
note_off 66
time 63
note_on 73
velocity 60
time 20
note_off 73
time 44
note_on 71
velocity 57
time 18
note_on 78
velocity 58
time 0
note_off 78
time 44
note_on 67
velocity 59
time 29
note_off 71
time 17
note_off 67
time 23
note_on 63
velocity 56
time 61
note_off 63
time 62
note_on 70
velocity 53
time 17
note_on 75
velocity 61
time 44
note_off 70
time 7
note_off 75
time 44
note_on 46
velocity 50
time 35
note_on 39
velocity 44
time 0
note_off 46
time 15
note_on 47
velocity 49
time 19
note_off 47
time 16
note_on 46
velocity 49
time 15
note_off 39
time 9
note_off 46
time 0
note_on 47
velocity 52
time 4
note_off 47
time 0
note_on 51
velocity 51
time 22
note_on 58
velocity 69
time 9
note_off 58
time 46
note_off 51
time 3
note_on 59
velocity 70
time 13
note_off 59
time 53
note_on 58
velocity 76
time 20
note_off 58
time 87
note_on 59
velocity 68
time 2
note_off 59
time 61
note_on 70
velocity 79
time 38
note_on 63
velocity 64
time 26
note_off 70
time 37
note_on 71
velocity 81
time 18
note_on 70
velocity 70
time 50
note_off 71
time 12
note_off 63
time 34
note_off 70
time 0
note_on 71
velocity 64
time 39
note_off 71
time 36
note_on 64
velocity 65
time 5
note_off 64
time 4
note_on 60
velocity 47
time 4
note_on 56
velocity 42
time 44
note_off 60
time 0
note_on 63
velocity 61
time 44
note_off 56
time 5
note_off 63
time 48
note_on 68
velocity 61
time 16
note_off 68
time 48
note_on 60
velocity 52
time 30
note_off 60
time 46
note_on 57
velocity 43
time 5
note_off 57
time 51
note_on 54
velocity 61
time 13
note_off 54
time 51
note_on 61
velocity 53
time 5
note_on 66
velocity 63
time 52
note_off 61
time 7
note_on 59
velocity 57
time 17
note_off 66
time 37
note_off 59
time 44
note_on 55
velocity 49
time 9
note_off 55
time 75
note_on 51
velocity 60
time 21
note_off 51
time 42
note_on 58
velocity 52
time 4
note_off 58
time 52
note_on 63
velocity 53
time 15
note_off 63
time 50
note_on 59
velocity 59
time 2
note_off 59
time 68
note_on 55
velocity 42
time 16
note_off 55
time 48
note_on 51
velocity 49
time 30
note_off 51
time 61
note_on 58
velocity 58
time 0
note_off 58
time 55
note_on 63
velocity 52
time 20
note_on 59
velocity 57
time 45
note_off 63
time 4
note_off 59
time 53
note_on 55
velocity 56
time 5
note_off 55
time 75
note_on 51
velocity 50
time 11
note_on 58
velocity 61
time 64
note_off 51
time 2
note_off 58
time 52
note_on 63
velocity 49
time 21
note_off 63
time 38
note_on 57
velocity 62
time 16
note_off 57
time 68
note_on 53
velocity 50
time 13
note_on 49
velocity 52
time 48
note_off 53
time 12
note_off 49
time 40
note_on 56
velocity 61
time 3
note_off 56
time 56
note_on 61
velocity 53
time 17
note_on 57
velocity 55
time 55
note_off 61
time 0
note_on 53
velocity 59
time 72
note_off 57
time 32
note_on 49
velocity 54
time 14
note_off 53
time 10
note_off 49
time 47
note_on 56
velocity 63
time 9
note_on 61
velocity 57
time 64
note_off 56
time 27
note_off 61
time 30
note_on 64
velocity 74
time 31
note_on 60
velocity 63
time 59
note_on 56
velocity 70
time 40
note_off 64
time 0
note_off 60
time 45
note_on 63
velocity 73
time 41
note_off 56
time 14
note_on 68
velocity 71
time 31
note_off 63
time 16
note_off 68
time 38
note_on 60
velocity 65
time 30
note_on 57
velocity 59
time 65
note_off 60
time 26
note_off 57
time 34
note_on 54
velocity 58
time 4
note_on 61
velocity 61
time 57
note_off 54
time 5
note_off 61
time 56
note_on 66
velocity 51
time 13
note_off 66
time 37
note_on 59
velocity 57
time 15
note_on 55
velocity 53
time 57
note_off 59
time 12
note_off 55
time 42
note_on 51
velocity 58
time 34
note_off 51
time 75
note_on 58
velocity 54
time 4
note_off 58
time 47
note_on 63
velocity 51
time 16
note_off 63
time 60
note_on 59
velocity 49
time 26
note_off 59
time 47
note_on 55
velocity 51
time 7
note_off 55
time 58
note_on 51
velocity 33
time 33
note_off 51
time 61
note_on 58
velocity 57
time 0
note_on 63
velocity 55
time 45
note_off 58
time 7
note_off 63
time 43
note_on 57
velocity 67
time 8
note_off 57
time 62
note_on 53
velocity 48
time 16
note_on 49
velocity 49
time 56
note_off 53
time 5
note_off 49
time 45
note_on 56
velocity 60
time 7
note_off 56
time 47
note_on 61
velocity 55
time 12
note_on 57
velocity 59
time 44
note_off 61
time 11
note_on 53
velocity 57
time 75
note_off 57
time 47
note_on 49
velocity 46
time 8
note_off 53
time 4
note_off 49
time 58
note_on 56
velocity 64
time 0
note_on 61
velocity 56
time 58
note_off 56
time 28
note_off 61
time 34
note_on 64
velocity 74
time 21
note_on 60
velocity 55
time 66
note_on 56
velocity 67
time 29
note_off 64
time 5
note_off 60
time 52
note_off 56
time 14
note_on 63
velocity 70
time 11
note_on 68
velocity 69
time 39
note_off 63
time 14
note_off 68
time 38
note_on 60
velocity 64
time 37
note_on 57
velocity 64
time 56
note_off 60
time 7
note_on 54
velocity 53
time 45
note_off 57
time 5
note_off 54
time 56
note_on 61
velocity 56
time 4
note_on 66
velocity 55
time 55
note_off 61
time 5
note_off 66
time 55
note_on 71
velocity 56
time 63
note_off 71
time 57
note_on 67
velocity 45
time 4
note_off 67
time 50
note_on 63
velocity 46
time 4
note_off 63
time 62
note_on 70
velocity 53
time 19
note_off 70
time 42
note_on 75
velocity 53
time 13
note_on 71
velocity 61
time 38
note_off 75
time 5
note_off 71
time 52
note_on 67
velocity 37
time 21
note_off 67
time 50
note_on 63
velocity 35
time 23
note_off 63
time 44
note_on 70
velocity 60
time 0
note_off 70
time 56
note_on 75
velocity 55
time 0
note_off 75
time 52
note_on 69
velocity 54
time 20
note_off 69
time 62
note_on 65
velocity 55
time 5
note_off 65
time 45
note_on 61
velocity 51
time 4
note_off 61
time 56
note_on 68
velocity 62
time 7
note_off 68
time 48
note_on 73
velocity 61
time 13
note_off 73
time 57
note_on 69
velocity 55
time 18
note_on 65
velocity 51
time 60
note_off 69
time 26
note_on 61
velocity 34
time 43
note_off 65
time 14
note_on 68
velocity 68
time 15
note_off 61
time 18
note_on 73
velocity 64
time 41
note_off 68
time 22
note_off 73
time 30
note_on 76
velocity 78
time 26
note_on 72
velocity 73
time 64
note_on 68
velocity 75
time 17
note_off 76
time 51
note_on 75
velocity 74
time 43
note_off 72
time 4
note_off 68
time 5
note_on 80
velocity 67
time 38
note_off 75
time 25
note_off 80
time 40
note_on 72
velocity 72
time 22
note_on 69
velocity 52
time 73
note_off 72
time 13
note_on 66
velocity 59
time 34
note_off 69
time 20
note_off 66
time 55
note_on 73
velocity 68
time 0
note_off 73
time 50
note_on 78
velocity 60
time 5
note_off 78
time 56
note_on 71
velocity 31
time 39
note_off 71
time 43
note_on 63
velocity 37
time 104
note_on 70
velocity 61
time 48
note_off 63
time 4
note_off 70
time 52
note_on 75
velocity 49
time 19
note_on 71
velocity 51
time 40
note_off 75
time 4
note_on 67
velocity 42
time 39
note_off 71
time 42
note_off 67
time 10
note_on 63
velocity 39
time 41
note_off 63
time 39
note_on 70
velocity 63
time 0
note_off 70
time 51
note_on 75
velocity 54
time 15
note_off 75
time 33
note_on 69
velocity 61
time 4
note_off 69
time 78
note_on 65
velocity 53
time 8
note_off 65
time 56
note_on 61
velocity 48
time 12
note_on 68
velocity 69
time 35
note_off 61
time 10
note_off 68
time 44
note_on 73
velocity 60
time 16
note_on 69
velocity 55
time 31
note_off 73
time 20
note_on 65
velocity 57
time 65
note_off 65
time 41
note_off 69
time 5
note_on 61
velocity 48
time 16
note_on 68
velocity 73
time 51
note_off 61
time 3
note_on 73
velocity 66
time 41
note_off 68
time 23
note_off 73
time 35
note_on 76
velocity 72
time 20
note_on 72
velocity 64
time 46
note_on 68
velocity 67
time 42
note_off 76
time 4
note_off 72
time 44
note_off 68
time 29
note_on 75
velocity 69
time 7
note_on 80
velocity 63
time 43
note_off 75
time 9
note_off 80
time 40
note_on 72
velocity 66
time 29
note_on 69
velocity 53
time 70
note_on 66
velocity 63
time 40
note_off 72
time 56
note_on 73
velocity 70
time 18
note_off 66
time 13
note_on 78
velocity 68
time 12
note_off 73
time 0
note_off 78
time 19
note_off 69
time 134
note_on 96
velocity 70
time 442
note_off 96
time 70
note_on 93
velocity 67
time 623
note_off 93
time 40
note_on 89
velocity 73
time 320
note_off 89
time 37
note_on 87
velocity 59
time 298
note_off 87
time 39
note_on 84
velocity 38
time 336
note_off 84
time 35
note_on 81
velocity 55
time 425
note_off 81
time 65
note_on 84
velocity 49
time 658
note_off 84
time 95
note_on 87
velocity 58
time 284
note_off 87
time 68
note_on 89
velocity 54
time 269
note_off 89
time 46
note_on 93
velocity 53
time 334
note_off 93
time 37
note_on 71
velocity 53
time 177
note_on 67
velocity 47
time 61
note_off 71
time 70
note_on 63
velocity 58
time 7
note_off 67
time 38
note_off 63
time 0
note_on 70
velocity 60
time 4
note_on 75
velocity 59
time 10
note_off 70
time 4
note_off 75
time 9
note_on 69
velocity 47
time 13
note_off 69
time 64
note_on 65
velocity 34
time 9
note_on 61
velocity 37
time 75
note_on 68
velocity 50
time 5
note_off 61
time 1
note_on 73
velocity 51
time 16
note_off 68
time 16
note_off 73
time 20
note_off 65
time 104
note_on 85
velocity 47
time 262
note_off 85
time 30
note_on 97
velocity 71
time 23
note_off 97
time 38
note_on 61
velocity 47
time 364
note_on 63
velocity 47
time 5
note_off 63
time 17
note_on 65
velocity 33
time 1808
note_off 65
time 180
note_off 61
time 2633
