note_on 69
velocity 67
time 1014
note_on 45
velocity 49
time 13
note_off 69
time 106
note_on 71
velocity 78
time 21
note_off 71
time 103
note_on 73
velocity 86
time 47
note_off 45
time 59
note_off 73
time 19
note_on 69
velocity 71
time 59
note_off 69
time 111
note_on 57
velocity 58
time 51
note_on 78
velocity 81
time 7
note_off 78
time 85
note_on 78
velocity 81
time 237
note_off 78
time 73
note_off 57
time 212
note_on 56
velocity 46
time 50
note_on 78
velocity 71
time 0
note_on 75
velocity 68
time 146
note_off 78
time 16
note_off 75
time 76
note_on 76
velocity 67
time 68
note_off 56
time 307
note_on 55
velocity 60
time 17
note_off 76
time 35
note_on 76
velocity 87
time 131
note_off 76
time 112
note_on 78
velocity 92
time 43
note_on 64
velocity 61
time 3
note_off 78
time 94
note_on 79
velocity 95
time 53
note_off 79
time 100
note_off 55
time 45
note_on 54
velocity 61
time 19
note_on 81
velocity 87
time 2
note_on 79
velocity 88
time 163
note_off 81
time 12
note_off 64
time 111
note_on 57
velocity 68
time 26
note_on 78
velocity 92
time 0
note_off 79
time 8
note_off 57
time 45
note_off 78
time 75
note_on 81
velocity 82
time 20
note_off 81
time 106
note_off 54
time 36
note_on 59
velocity 63
time 19
note_on 74
velocity 87
time 9
note_off 74
time 116
note_on 73
velocity 89
time 20
note_off 73
time 110
note_on 71
velocity 84
time 50
note_on 62
velocity 56
time 9
note_off 71
time 68
note_on 81
velocity 78
time 70
note_off 59
time 142
note_on 52
velocity 46
time 17
note_on 80
velocity 76
time 9
note_off 81
time 34
note_on 78
velocity 84
time 112
note_off 80
time 12
note_off 78
time 146
note_on 56
velocity 58
time 4
note_on 76
velocity 85
time 0
note_off 62
time 5
note_off 56
time 41
note_off 76
time 59
note_on 80
velocity 82
time 23
note_off 52
time 154
note_off 80
time 0
note_on 73
velocity 81
time 22
note_on 57
velocity 55
time 8
note_on 71
velocity 79
time 140
note_off 73
time 7
note_off 71
time 97
note_on 61
velocity 51
time 44
note_on 69
velocity 72
time 6
note_off 69
time 95
note_on 79
velocity 76
time 62
note_off 57
time 86
note_on 50
velocity 47
time 80
note_on 78
velocity 74
time 13
note_off 79
time 5
note_off 61
time 53
note_off 78
time 83
note_on 76
velocity 80
time 5
note_off 76
time 139
note_off 50
time 19
note_on 74
velocity 80
time 5
note_on 59
velocity 61
time 9
note_off 59
time 83
note_off 74
time 25
note_on 78
velocity 82
time 18
note_on 57
velocity 61
time 16
note_off 57
time 94
note_off 78
time 22
note_on 56
velocity 57
time 6
note_on 71
velocity 76
time 20
note_on 52
velocity 61
time 12
note_off 56
time 21
note_on 57
velocity 57
time 15
note_off 71
time 31
note_off 57
time 56
note_on 78
velocity 70
time 5
note_on 56
velocity 52
time 13
note_off 56
time 94
note_off 78
time 39
note_on 76
velocity 75
time 20
note_off 52
time 109
note_off 76
time 4
note_on 56
velocity 62
time 18
note_on 74
velocity 68
time 20
note_off 56
time 32
note_off 74
time 105
note_on 45
velocity 66
time 20
note_on 57
velocity 65
time 4
note_on 73
velocity 73
time 14
note_off 57
time 64
note_off 73
time 48
note_on 71
velocity 76
time 22
note_off 71
time 115
note_off 45
time 34
note_on 69
velocity 80
time 5
note_on 57
velocity 78
time 4
note_off 69
time 126
note_on 71
velocity 83
time 5
note_off 71
time 153
note_off 57
time 13
note_on 73
velocity 90
time 0
note_on 56
velocity 74
time 4
note_off 73
time 126
note_on 75
velocity 84
time 7
note_off 75
time 139
note_on 54
velocity 77
time 31
note_off 56
time 0
note_on 76
velocity 91
time 0
note_on 78
velocity 89
time 145
note_off 76
time 20
note_off 54
time 104
note_off 78
time 5
note_on 80
velocity 90
time 37
note_on 52
velocity 83
time 6
note_off 80
time 117
note_on 81
velocity 83
time 18
note_on 54
velocity 77
time 13
note_off 52
time 2
note_off 81
time 121
note_on 56
velocity 85
time 27
note_off 54
time 2
note_on 83
velocity 79
time 5
note_off 56
time 137
note_on 52
velocity 84
time 5
note_on 80
velocity 84
time 0
note_off 83
time 4
note_off 52
time 137
note_off 80
time 0
note_on 61
velocity 82
time 16
note_on 76
velocity 83
time 16
note_off 61
time 53
note_on 78
velocity 73
time 91
note_off 76
time 43
note_off 78
time 109
note_on 61
velocity 78
time 13
note_on 80
velocity 76
time 7
note_off 61
time 40
note_on 76
velocity 77
time 90
note_off 76
time 123
note_off 80
time 4
note_on 61
velocity 69
time 41
note_on 78
velocity 74
time 7
note_on 75
velocity 68
time 6
note_off 61
time 85
note_off 78
time 36
note_on 58
velocity 66
time 18
note_on 80
velocity 67
time 4
note_off 58
time 105
note_off 80
time 17
note_on 59
velocity 61
time 40
note_on 81
velocity 69
time 8
note_off 75
time 31
note_off 81
time 111
note_on 78
velocity 81
time 12
note_on 71
velocity 76
time 161
note_on 74
velocity 78
time 0
note_off 59
time 27
note_on 59
velocity 84
time 135
note_off 78
time 66
note_off 74
time 16
note_off 59
time 79
note_on 61
velocity 74
time 0
note_on 83
velocity 83
time 9
note_off 61
time 137
note_on 62
velocity 71
time 9
note_off 71
time 120
note_off 62
time 19
note_on 64
velocity 61
time 33
note_on 73
velocity 68
time 11
note_off 64
time 128
note_on 62
velocity 60
time 9
note_off 62
time 145
note_on 61
velocity 58
time 25
note_on 76
velocity 72
time 7
note_off 83
time 4
note_off 61
time 110
note_off 73
time 21
note_on 64
velocity 65
time 16
note_off 76
time 13
note_off 64
time 140
note_on 57
velocity 67
time 11
note_on 78
velocity 82
time 4
note_off 57
time 121
note_on 56
velocity 71
time 16
note_on 54
velocity 70
time 155
note_off 56
time 2
note_on 81
velocity 70
time 21
note_off 54
time 114
note_on 64
velocity 72
time 30
note_off 78
time 121
note_off 64
time 33
note_on 63
velocity 73
time 4
note_on 71
velocity 51
time 22
note_on 61
velocity 68
time 130
note_off 63
time 0
note_off 61
time 159
note_on 59
velocity 68
time 19
note_on 75
velocity 60
time 14
note_off 81
time 15
note_off 59
time 71
note_on 63
velocity 66
time 40
note_off 75
time 72
note_off 63
time 96
note_on 56
velocity 66
time 7
note_off 71
time 2
note_on 76
velocity 69
time 5
note_off 56
time 128
note_on 54
velocity 66
time 18
note_off 54
time 143
note_on 52
velocity 69
time 18
note_on 80
velocity 62
time 25
note_off 52
time 91
note_on 62
velocity 64
time 45
note_off 80
time 137
note_off 62
time 11
note_on 61
velocity 64
time 7
note_on 81
velocity 57
time 21
note_on 59
velocity 75
time 130
note_off 61
time 0
note_off 81
time 15
note_on 80
velocity 68
time 5
note_off 76
time 69
note_off 59
time 53
note_on 57
velocity 80
time 9
note_on 78
velocity 78
time 21
note_off 80
time 0
note_off 57
time 112
note_on 61
velocity 73
time 15
note_off 78
time 21
note_on 81
velocity 76
time 0
note_off 61
time 128
note_off 81
time 11
note_on 54
velocity 73
time 11
note_on 75
velocity 82
time 0
note_on 61
velocity 66
time 140
note_on 81
velocity 73
time 7
note_off 54
time 4
note_off 61
time 129
note_on 80
velocity 78
time 22
note_on 59
velocity 69
time 7
note_off 59
time 141
note_on 57
velocity 71
time 4
note_on 78
velocity 83
time 0
note_off 81
time 0
note_off 75
time 9
note_off 80
time 34
note_off 78
time 77
note_off 57
time 26
note_on 56
velocity 66
time 13
note_on 76
velocity 77
time 18
note_off 56
time 101
note_on 54
velocity 67
time 29
note_off 54
time 158
note_on 52
velocity 68
time 18
note_on 71
velocity 57
time 30
note_off 52
time 107
note_on 54
velocity 68
time 7
note_off 76
time 109
note_on 56
velocity 73
time 60
note_off 54
time 4
note_on 76
velocity 75
time 43
note_off 71
time 9
note_on 57
velocity 76
time 90
note_off 56
time 7
note_off 76
time 122
note_off 57
time 9
note_on 59
velocity 76
time 28
note_on 79
velocity 91
time 20
note_on 76
velocity 72
time 17
note_off 59
time 109
note_on 61
velocity 73
time 11
note_off 76
time 94
note_off 79
time 0
note_off 61
time 61
note_on 62
velocity 74
time 10
note_on 79
velocity 74
time 5
note_on 76
velocity 74
time 9
note_off 62
time 100
note_on 64
velocity 65
time 41
note_off 64
time 144
note_off 76
time 9
note_on 66
velocity 63
time 25
note_off 79
time 0
note_on 78
velocity 67
time 11
note_on 74
velocity 53
time 11
note_off 66
time 111
note_on 62
velocity 65
time 18
note_off 74
time 97
note_off 78
time 45
note_off 62
time 3
note_on 59
velocity 74
time 19
note_off 59
time 150
note_on 61
velocity 66
time 1
note_off 61
time 142
note_on 78
velocity 70
time 20
note_on 62
velocity 63
time 2
note_on 74
velocity 59
time 11
note_off 74
time 58
note_off 78
time 18
note_off 62
time 20
note_on 59
velocity 66
time 35
note_off 59
time 155
note_on 61
velocity 55
time 17
note_on 78
velocity 68
time 9
note_on 74
velocity 56
time 12
note_off 61
time 100
note_on 62
velocity 55
time 30
note_off 62
time 131
note_off 74
time 38
note_on 64
velocity 56
time 5
note_off 78
time 4
note_on 73
velocity 60
time 22
note_on 76
velocity 60
time 0
note_off 64
time 79
note_on 61
velocity 55
time 44
note_off 76
time 119
note_off 73
time 20
note_off 61
time 14
note_on 57
velocity 66
time 21
note_on 59
velocity 71
time 137
note_off 57
time 4
note_off 59
time 144
note_on 61
velocity 63
time 21
note_on 76
velocity 76
time 0
note_on 73
velocity 74
time 10
note_off 76
time 67
note_off 73
time 9
note_off 61
time 52
note_on 57
velocity 68
time 20
note_on 59
velocity 65
time 164
note_on 76
velocity 77
time 4
note_off 57
time 15
note_on 73
velocity 70
time 4
note_off 59
time 108
note_on 61
velocity 56
time 15
note_off 61
time 144
note_off 73
time 30
note_on 62
velocity 59
time 4
note_on 74
velocity 62
time 11
note_off 76
time 5
note_on 71
velocity 49
time 22
note_off 62
time 107
note_on 59
velocity 65
time 9
note_off 71
time 59
note_off 74
time 65
note_off 59
time 21
note_on 56
velocity 73
time 16
note_on 57
velocity 79
time 145
note_off 56
time 4
note_off 57
time 148
note_on 59
velocity 78
time 15
note_on 74
velocity 85
time 15
note_off 59
time 136
note_on 56
velocity 81
time 9
note_off 56
time 81
note_off 74
time 45
note_on 57
velocity 84
time 46
note_on 74
velocity 80
time 13
note_on 59
velocity 80
time 138
note_off 57
time 165
note_on 61
velocity 75
time 5
note_on 73
velocity 89
time 4
note_off 59
time 11
note_off 74
time 11
note_on 57
velocity 77
time 120
note_off 61
time 4
note_off 73
time 132
note_on 66
velocity 78
time 32
note_on 81
velocity 82
time 9
note_off 57
time 129
note_off 66
time 0
note_on 61
velocity 72
time 4
note_off 61
time 132
note_on 66
velocity 76
time 27
note_on 57
velocity 74
time 4
note_off 66
time 121
note_on 54
velocity 78
time 34
note_off 57
time 26
note_off 54
time 60
note_on 66
velocity 71
time 82
note_on 80
velocity 79
time 7
note_on 61
velocity 72
time 4
note_off 81
time 41
note_on 63
velocity 76
time 107
note_off 66
time 0
note_off 63
time 131
note_on 64
velocity 79
time 41
note_off 80
time 221
note_on 79
velocity 84
time 94
note_off 61
time 66
note_off 64
time 22
note_on 64
velocity 79
time 75
note_off 64
time 146
note_on 66
velocity 85
time 5
note_on 67
velocity 82
time 138
note_off 66
time 9
note_off 67
time 166
note_on 69
velocity 72
time 13
note_on 78
velocity 83
time 0
note_off 79
time 28
note_on 67
velocity 71
time 113
note_off 69
time 67
note_off 67
time 100
note_on 66
velocity 74
time 8
note_on 57
velocity 77
time 5
note_off 66
time 140
note_on 69
velocity 75
time 6
note_off 78
time 113
note_off 57
time 37
note_off 69
time 0
note_on 62
velocity 77
time 13
note_on 83
velocity 84
time 11
note_off 62
time 129
note_on 61
velocity 72
time 11
note_off 61
time 144
note_on 62
velocity 77
time 12
note_on 59
velocity 72
time 13
note_off 83
time 71
note_on 69
velocity 74
time 66
note_off 59
time 125
note_off 69
time 18
note_on 68
velocity 78
time 48
note_on 76
velocity 83
time 0
note_off 62
time 39
note_on 66
velocity 76
time 100
note_off 68
time 11
note_off 66
time 132
note_on 64
velocity 76
time 27
note_on 56
velocity 72
time 14
note_off 64
time 128
note_on 68
velocity 75
time 17
note_off 76
time 57
note_off 68
time 94
note_off 56
time 11
note_on 81
velocity 76
time 0
note_on 61
velocity 66
time 4
note_off 61
time 126
note_on 59
velocity 68
time 28
note_off 59
time 143
note_on 61
velocity 67
time 11
note_on 57
velocity 67
time 19
note_off 61
time 68
note_on 67
velocity 74
time 73
note_off 67
time 136
note_off 57
time 9
note_on 66
velocity 68
time 18
note_on 62
velocity 60
time 9
note_off 66
time 102
note_off 62
time 7
note_on 64
velocity 71
time 31
note_off 64
time 156
note_on 62
velocity 64
time 15
note_on 59
velocity 63
time 6
note_off 62
time 96
note_off 59
time 3
note_on 66
velocity 76
time 40
note_on 59
velocity 59
time 161
note_off 66
time 0
note_on 80
velocity 75
time 14
note_off 81
time 25
note_off 59
time 70
note_on 66
velocity 70
time 42
note_off 66
time 92
note_on 52
velocity 63
time 84
note_on 64
velocity 75
time 0
note_off 52
time 28
note_off 64
time 52
note_on 62
velocity 68
time 67
note_off 62
time 134
note_on 57
velocity 56
time 36
note_on 61
velocity 52
time 0
note_off 57
time 106
note_on 78
velocity 77
time 67
note_off 80
time 6
note_on 56
velocity 60
time 147
note_off 78
time 5
note_on 77
velocity 84
time 2
note_off 56
time 64
note_off 77
time 83
note_on 80
velocity 87
time 4
note_on 78
velocity 86
time 151
note_off 80
time 11
note_on 57
velocity 59
time 5
note_off 57
time 61
note_on 76
velocity 64
time 90
note_off 76
time 133
note_on 54
velocity 50
time 22
note_on 74
velocity 52
time 14
note_off 54
time 55
note_off 74
time 18
note_on 73
velocity 66
time 72
note_off 73
time 114
note_on 56
velocity 51
time 36
note_on 71
velocity 60
time 4
note_off 61
time 21
note_off 56
time 26
note_off 71
time 34
note_on 69
velocity 56
time 58
note_off 69
time 132
note_on 68
velocity 67
time 43
note_off 78
time 5
note_on 59
velocity 52
time 8
note_off 59
time 45
note_off 68
time 92
note_on 71
velocity 66
time 4
note_off 71
time 117
note_on 61
velocity 46
time 51
note_on 77
velocity 70
time 0
note_off 61
time 65
note_on 74
velocity 56
time 100
note_off 74
time 62
note_on 49
velocity 49
time 93
note_on 73
velocity 60
time 18
note_off 49
time 29
note_off 73
time 38
note_on 71
velocity 66
time 66
note_off 71
time 40
note_off 77
time 79
note_on 69
velocity 67
time 54
note_on 78
velocity 76
time 0
note_on 54
velocity 59
time 8
note_off 54
time 40
note_on 80
velocity 76
time 93
note_off 78
time 11
note_on 42
velocity 54
time 166
note_on 81
velocity 78
time 0
note_off 42
time 38
note_off 80
time 5
note_off 81
time 109
note_on 78
velocity 79
time 3
note_off 78
time 76
note_on 54
velocity 53
time 98
note_on 74
velocity 68
time 0
note_on 73
velocity 69
time 157
note_off 74
time 7
note_off 69
time 36
note_off 73
time 53
note_on 74
velocity 71
time 78
note_on 71
velocity 62
time 9
note_off 71
time 121
note_on 69
velocity 63
time 28
note_off 74
time 54
note_off 69
time 61
note_off 54
time 6
note_on 53
velocity 50
time 34
note_on 74
velocity 65
time 9
note_on 68
velocity 51
time 42
note_off 74
time 97
note_on 72
velocity 69
time 15
note_off 72
time 96
note_on 73
velocity 62
time 75
note_on 56
velocity 48
time 164
note_off 68
time 51
note_off 53
time 82
note_off 56
time 5
note_on 61
velocity 54
time 32
note_on 52
velocity 47
time 18
note_off 73
time 11
note_on 73
velocity 76
time 112
note_off 73
time 139
note_on 74
velocity 80
time 31
note_off 74
time 120
note_on 76
velocity 71
time 33
note_off 52
time 143
note_off 76
time 4
note_on 51
velocity 46
time 13
note_on 78
velocity 64
time 18
note_on 76
velocity 67
time 155
note_off 78
time 12
note_on 54
velocity 60
time 123
note_off 76
time 5
note_off 61
time 2
note_on 75
velocity 73
time 11
note_off 54
time 39
note_off 75
time 72
note_on 78
velocity 79
time 26
note_off 51
time 168
note_on 56
velocity 62
time 4
note_on 71
velocity 79
time 7
note_off 78
time 0
note_on 69
velocity 81
time 144
note_off 71
time 4
note_off 69
time 127
note_on 68
velocity 86
time 37
note_on 59
velocity 58
time 9
note_off 68
time 105
note_on 78
velocity 88
time 37
note_on 77
velocity 85
time 171
note_on 49
velocity 57
time 4
note_off 56
time 9
note_on 75
velocity 84
time 150
note_off 78
time 5
note_off 77
time 9
note_off 75
time 125
note_on 53
velocity 65
time 12
note_on 73
velocity 91
time 4
note_off 53
time 58
note_off 59
time 0
note_off 73
time 83
note_on 83
velocity 84
time 18
note_off 49
time 173
note_on 54
velocity 59
time 2
note_on 81
velocity 81
time 0
note_off 83
time 44
note_on 80
velocity 85
time 108
note_off 81
time 35
note_on 57
velocity 61
time 121
note_on 78
velocity 87
time 12
note_off 80
time 14
note_off 78
time 142
note_on 77
velocity 90
time 1
note_off 54
time 134
note_on 50
velocity 56
time 27
note_on 78
velocity 88
time 3
note_off 57
time 8
note_off 77
time 23
note_off 78
time 116
note_on 77
velocity 94
time 7
note_off 50
time 116
note_on 47
velocity 55
time 37
note_on 56
velocity 61
time 4
note_on 78
velocity 87
time 0
note_off 77
time 55
note_off 47
time 27
note_off 56
time 43
note_on 54
velocity 63
time 17
note_on 80
velocity 90
time 0
note_off 78
time 19
note_off 80
time 105
note_off 54
time 29
note_on 81
velocity 75
time 18
note_on 53
velocity 61
time 4
note_on 49
velocity 57
time 7
note_on 80
velocity 81
time 85
note_off 81
time 0
note_off 80
time 59
note_on 81
velocity 74
time 7
note_on 80
velocity 73
time 75
note_off 81
time 3
note_off 80
time 50
note_on 81
velocity 68
time 11
note_on 59
velocity 60
time 40
note_on 80
velocity 80
time 16
note_off 81
time 39
note_off 59
time 30
note_on 78
velocity 86
time 81
note_off 80
time 18
note_off 78
time 60
note_off 53
time 35
note_off 49
time 32
note_on 54
velocity 43
time 28
note_on 78
velocity 68
time 11
note_on 57
velocity 44
time 12
note_on 74
velocity 62
time 155
note_off 74
time 116
note_off 57
time 30
note_on 73
velocity 67
time 13
note_off 54
time 132
note_off 73
time 4
note_on 71
velocity 66
time 28
note_on 69
velocity 53
time 165
note_off 71
time 14
note_off 78
time 59
note_off 69
time 70
note_on 68
velocity 64
time 8
note_off 68
time 130
note_on 66
velocity 58
time 39
note_on 81
velocity 71
time 9
note_off 81
time 76
note_off 66
time 12
note_on 64
velocity 53
time 57
note_off 64
time 146
note_on 63
velocity 55
time 22
note_on 81
velocity 64
time 18
note_off 63
time 110
note_on 61
velocity 46
time 42
note_off 61
time 127
note_off 81
time 37
note_on 80
velocity 59
time 6
note_on 59
velocity 49
time 11
note_off 59
time 127
note_on 57
velocity 61
time 23
note_off 57
time 133
note_on 56
velocity 66
time 22
note_off 80
time 30
note_off 56
time 86
note_on 54
velocity 63
time 33
note_off 54
time 121
note_on 52
velocity 61
time 33
note_on 80
velocity 69
time 4
note_on 76
velocity 56
time 31
note_off 52
time 67
note_on 58
velocity 57
time 47
note_off 80
time 91
note_off 58
time 28
note_off 76
time 6
note_on 47
velocity 49
time 58
note_on 80
velocity 60
time 5
note_on 76
velocity 57
time 159
note_off 76
time 139
note_on 78
velocity 74
time 32
note_off 80
time 4
note_on 75
velocity 56
time 9
note_off 47
time 126
note_off 75
time 0
note_on 73
velocity 82
time 18
note_off 73
time 153
note_on 71
velocity 81
time 9
note_off 78
time 13
note_on 69
velocity 74
time 135
note_off 71
time 22
note_on 83
velocity 90
time 135
note_on 68
velocity 80
time 8
note_off 69
time 5
note_off 83
time 66
note_off 68
time 58
note_on 66
velocity 78
time 18
note_off 66
time 147
note_on 64
velocity 72
time 26
note_on 83
velocity 87
time 0
note_on 63
velocity 64
time 159
note_off 64
time 4
note_off 63
time 144
note_on 81
velocity 66
time 13
note_on 61
velocity 58
time 4
note_off 83
time 37
note_off 61
time 112
note_on 59
velocity 71
time 13
note_off 59
time 150
note_on 57
velocity 79
time 5
note_on 56
velocity 77
time 142
note_off 57
time 7
note_off 81
time 36
note_on 54
velocity 75
time 109
note_on 81
velocity 79
time 9
note_off 56
time 5
note_on 78
velocity 84
time 8
note_off 54
time 109
note_on 63
velocity 75
time 30
note_off 81
time 109
note_off 63
time 58
note_on 52
velocity 62
time 6
note_off 78
time 5
note_on 81
velocity 71
time 10
note_on 78
velocity 68
time 140
note_off 78
time 135
note_off 81
time 5
note_on 80
velocity 70
time 25
note_on 76
velocity 57
time 7
note_off 76
time 108
note_on 74
velocity 67
time 45
note_off 74
time 151
note_off 80
time 9
note_on 73
velocity 80
time 4
note_on 71
velocity 86
time 143
note_off 73
time 14
note_off 52
time 35
note_off 71
time 101
note_on 76
velocity 84
time 26
note_on 69
velocity 70
time 2
note_off 69
time 123
note_on 68
velocity 81
time 19
note_off 76
time 32
note_off 68
time 70
note_on 76
velocity 86
time 64
note_on 66
velocity 72
time 9
note_off 76
time 146
note_on 64
velocity 69
time 15
note_off 64
time 160
note_on 69
velocity 68
time 9
note_on 62
velocity 68
time 8
note_off 62
time 141
note_off 69
time 0
note_on 61
velocity 64
time 9
note_off 61
time 146
note_on 59
velocity 69
time 27
note_on 74
velocity 80
time 5
note_off 66
time 21
note_on 57
velocity 78
time 127
note_off 59
time 4
note_off 74
time 20
note_on 56
velocity 75
time 139
note_on 74
velocity 85
time 1
note_off 57
time 3
note_on 71
velocity 83
time 4
note_off 56
time 132
note_on 59
velocity 80
time 16
note_off 74
time 106
note_off 71
time 7
note_off 59
time 4
note_on 45
velocity 81
time 63
note_on 74
velocity 76
time 4
note_on 71
velocity 82
time 9
note_on 47
velocity 80
time 148
note_off 45
time 25
note_off 74
time 90
note_on 49
velocity 83
time 36
note_on 73
velocity 82
time 4
note_off 47
time 11
note_on 64
velocity 69
time 5
note_off 71
time 0
note_off 49
time 116
note_on 45
velocity 77
time 16
note_off 64
time 148
note_off 45
time 4
note_on 54
velocity 88
time 9
note_on 69
velocity 73
time 17
note_off 54
time 58
note_off 73
time 2
note_on 76
velocity 72
time 98
note_on 54
velocity 87
time 153
note_on 74
velocity 74
time 25
note_off 76
time 32
note_off 54
time 7
note_on 73
velocity 74
time 102
note_off 74
time 4
note_off 73
time 77
note_off 69
time 34
note_on 54
velocity 76
time 44
note_on 68
velocity 81
time 9
note_on 71
velocity 78
time 6
note_off 54
time 79
note_on 51
velocity 78
time 41
note_off 71
time 7
note_on 73
velocity 73
time 27
note_off 51
time 128
note_on 52
velocity 74
time 13
note_off 73
time 33
note_on 74
velocity 75
time 0
note_off 68
time 63
note_off 74
time 79
note_on 71
velocity 74
time 11
note_on 64
velocity 79
time 153
note_on 67
velocity 74
time 8
note_off 52
time 35
note_on 52
velocity 80
time 118
note_off 67
time 79
note_off 71
time 52
note_on 54
velocity 78
time 33
note_on 76
velocity 87
time 5
note_off 52
time 9
note_off 54
time 145
note_on 55
velocity 72
time 2
note_off 64
time 152
note_off 55
time 13
note_on 66
velocity 66
time 7
note_on 57
velocity 70
time 4
note_on 55
velocity 62
time 157
note_off 57
time 14
note_off 55
time 145
note_on 54
velocity 64
time 13
note_on 69
velocity 68
time 7
note_off 76
time 4
note_off 54
time 126
note_on 57
velocity 69
time 20
note_off 66
time 62
note_off 69
time 7
note_on 50
velocity 68
time 106
note_off 57
time 3
note_on 71
velocity 80
time 9
note_off 50
time 119
note_on 49
velocity 70
time 11
note_off 49
time 152
note_on 47
velocity 71
time 32
note_on 74
velocity 78
time 0
note_off 47
time 134
note_on 57
velocity 63
time 30
note_off 71
time 123
note_off 57
time 31
note_on 56
velocity 66
time 14
note_on 64
velocity 62
time 16
note_on 54
velocity 65
time 145
note_off 56
time 4
note_off 54
time 160
note_on 68
velocity 68
time 15
note_on 52
velocity 64
time 4
note_off 52
time 101
note_off 74
time 23
note_on 56
velocity 59
time 13
note_off 68
time 89
note_off 56
time 87
note_off 64
time 2
note_on 49
velocity 58
time 5
note_on 69
velocity 65
time 2
note_off 49
time 136
note_on 47
velocity 61
time 25
note_off 47
time 120
note_on 45
velocity 64
time 51
note_on 73
velocity 67
time 0
note_off 45
time 134
note_on 55
velocity 59
time 32
note_off 73
time 146
note_off 55
time 9
note_on 54
velocity 62
time 5
note_on 74
velocity 57
time 13
note_on 52
velocity 72
time 140
note_off 54
time 12
note_off 74
time 0
note_on 73
velocity 70
time 4
note_off 69
time 83
note_off 52
time 59
note_on 50
velocity 74
time 7
note_off 73
time 12
note_on 71
velocity 76
time 7
note_off 50
time 127
note_on 54
velocity 73
time 14
note_on 73
velocity 80
time 9
note_off 71
time 6
note_off 73
time 126
note_off 54
time 22
note_on 47
velocity 73
time 4
note_on 68
velocity 88
time 0
note_on 74
velocity 78
time 5
note_off 74
time 138
note_off 47
time 14
note_on 54
velocity 68
time 0
note_on 73
velocity 85
time 0
note_off 54
time 155
note_on 74
velocity 84
time 5
note_on 52
velocity 73
time 2
note_off 73
time 16
note_off 52
time 131
note_on 50
velocity 74
time 2
note_on 76
velocity 88
time 4
note_off 68
time 19
note_off 74
time 0
note_off 76
time 90
note_on 69
velocity 87
time 44
note_on 49
velocity 74
time 4
note_off 50
time 9
note_off 49
time 127
note_on 71
velocity 88
time 17
note_on 47
velocity 78
time 7
note_off 69
time 8
note_off 47
time 126
note_on 45
velocity 79
time 18
note_on 73
velocity 95
time 0
note_off 71
time 8
note_off 73
time 103
note_on 69
velocity 81
time 36
note_on 49
velocity 75
time 11
note_off 45
time 25
note_off 69
time 121
note_on 57
velocity 78
time 17
note_off 49
time 4
note_on 50
velocity 75
time 0
note_on 78
velocity 91
time 4
note_off 78
time 103
note_off 50
time 40
note_on 52
velocity 76
time 4
note_on 50
velocity 72
time 172
note_on 78
velocity 93
time 5
note_off 52
time 4
note_off 57
time 80
note_off 78
time 25
note_on 49
velocity 76
time 34
note_off 50
time 8
note_off 49
time 106
note_on 56
velocity 67
time 69
note_on 47
velocity 65
time 4
note_on 78
velocity 95
time 2
note_on 77
velocity 74
time 115
note_on 45
velocity 72
time 26
note_on 75
velocity 83
time 14
note_off 47
time 8
note_off 77
time 14
note_off 78
time 0
note_off 45
time 84
note_off 75
time 21
note_on 76
velocity 93
time 25
note_on 44
velocity 80
time 4
note_off 56
time 83
note_off 44
time 83
note_on 47
velocity 72
time 4
note_off 47
time 162
note_on 49
velocity 75
time 13
note_on 55
velocity 76
time 0
note_off 76
time 19
note_off 49
time 108
note_on 76
velocity 90
time 29
note_on 52
velocity 80
time 167
note_on 78
velocity 96
time 0
note_off 76
time 17
note_off 78
time 100
note_on 79
velocity 93
time 38
note_off 79
time 115
note_on 54
velocity 74
time 60
note_on 81
velocity 89
time 0
note_off 55
time 23
note_off 52
time 57
note_on 79
velocity 87
time 72
note_off 81
time 37
note_on 78
velocity 94
time 127
note_on 45
velocity 64
time 4
note_off 79
time 9
note_off 45
time 59
note_on 81
velocity 88
time 82
note_off 78
time 7
note_off 81
time 125
note_off 54
time 46
note_on 59
velocity 75
time 0
note_on 74
velocity 93
time 4
note_on 73
velocity 93
time 148
note_off 74
time 4
note_off 73
time 137
note_on 50
velocity 62
time 22
note_on 71
velocity 89
time 9
note_off 71
time 111
note_on 81
velocity 85
time 39
note_off 59
time 92
note_on 80
velocity 82
time 85
note_on 52
velocity 55
time 30
note_off 81
time 28
note_on 78
velocity 86
time 88
note_off 80
time 58
note_off 50
time 55
note_on 76
velocity 85
time 57
note_on 44
velocity 62
time 22
note_off 78
time 5
note_off 44
time 118
note_off 76
time 0
note_on 80
velocity 81
time 9
note_off 80
time 150
note_on 57
velocity 64
time 28
note_on 73
velocity 85
time 0
note_off 52
time 16
note_on 71
velocity 79
time 128
note_off 73
time 9
note_off 71
time 109
note_on 69
velocity 67
time 48
note_on 49
velocity 55
time 4
note_off 57
time 69
note_on 79
velocity 71
time 82
note_off 69
time 44
note_on 50
velocity 60
time 123
note_on 78
velocity 73
time 8
note_off 49
time 9
note_off 79
time 26
note_off 78
time 102
note_on 76
velocity 73
time 10
note_off 76
time 156
note_on 47
velocity 55
time 27
note_on 74
velocity 72
time 0
note_off 47
time 91
note_off 74
time 28
note_on 45
velocity 52
time 32
note_on 78
velocity 76
time 5
note_off 50
time 104
note_off 45
time 23
note_off 78
time 0
note_on 44
velocity 62
time 30
note_on 71
velocity 74
time 0
note_off 71
time 96
note_on 50
velocity 54
time 53
note_on 78
velocity 72
time 0
note_off 50
time 136
note_off 78
time 13
note_on 49
velocity 53
time 7
note_on 76
velocity 73
time 11
note_off 49
time 121
note_off 76
time 0
note_off 44
time 15
note_on 47
velocity 58
time 2
note_on 74
velocity 72
time 21
note_off 47
time 126
note_off 74
time 23
note_on 73
velocity 72
time 9
note_on 45
velocity 52
time 4
note_off 73
time 146
note_on 47
velocity 60
time 8
note_on 71
velocity 77
time 0
note_off 45
time 6
note_off 71
time 101
note_off 47
time 35
note_on 69
velocity 70
time 13
note_on 49
velocity 65
time 4
note_off 49
time 140
note_off 69
time 4
note_on 73
velocity 77
time 5
note_on 45
velocity 57
time 4
note_off 45
time 151
note_on 50
velocity 62
time 4
note_on 66
velocity 74
time 14
note_off 73
time 0
note_off 50
time 120
note_on 52
velocity 64
time 31
note_on 64
velocity 77
time 0
note_off 66
time 16
note_off 64
time 106
note_off 52
time 28
note_on 54
velocity 68
time 5
note_on 62
velocity 72
time 4
note_off 54
time 118
note_on 66
velocity 72
time 31
note_on 50
velocity 64
time 6
note_off 62
time 0
note_off 66
time 153
note_off 50
time 5
note_on 56
velocity 65
time 3
note_on 59
velocity 77
time 0
note_off 56
time 123
note_on 57
velocity 68
time 20
note_on 61
velocity 75
time 9
note_off 59
time 8
note_off 61
time 127
note_on 56
velocity 68
time 14
note_off 57
time 6
note_on 62
velocity 84
time 7
note_on 54
velocity 69
time 140
note_off 56
time 0
note_on 64
velocity 85
time 12
note_off 62
time 5
note_off 54
time 156
note_off 64
time 0
note_on 52
velocity 74
time 5
note_on 66
velocity 81
time 0
note_off 66
time 126
note_off 52
time 5
note_on 68
velocity 85
time 13
note_on 62
velocity 72
time 4
note_off 68
time 133
note_on 61
velocity 74
time 26
note_off 62
time 7
note_on 69
velocity 86
time 0
note_on 59
velocity 76
time 157
note_off 61
time 0
note_on 71
velocity 89
time 5
note_off 69
time 4
note_off 59
time 86
note_off 71
time 62
note_on 57
velocity 75
time 13
note_on 73
velocity 90
time 4
note_off 73
time 133
note_on 54
velocity 74
time 25
note_off 57
time 0
note_on 74
velocity 94
time 6
note_on 52
velocity 74
time 167
note_off 54
time 0
note_on 76
velocity 93
time 5
note_off 74
time 8
note_off 52
time 93
note_on 50
velocity 77
time 51
note_on 78
velocity 95
time 0
note_off 76
time 19
note_on 49
velocity 77
time 145
note_on 80
velocity 90
time 0
note_off 50
time 4
note_off 78
time 7
note_off 80
time 134
note_on 81
velocity 91
time 22
note_on 47
velocity 76
time 7
note_off 49
time 4
note_off 47
time 145
note_off 81
time 9
note_on 45
velocity 77
time 17
note_on 83
velocity 96
time 15
note_off 45
time 160
note_on 44
velocity 79
time 5
note_on 80
velocity 97
time 17
note_off 83
time 33
note_off 80
time 127
note_on 42
velocity 79
time 35
note_off 44
time 7
note_on 81
velocity 94
time 10
note_on 40
velocity 75
time 187
note_off 42
time 0
note_on 80
velocity 88
time 15
note_off 40
time 201
note_on 38
velocity 76
time 10
note_on 78
velocity 95
time 13
note_off 80
time 80
note_off 78
time 129
note_on 76
velocity 91
time 7
note_off 38
time 117
note_off 76
time 65
note_on 40
velocity 77
time 56
note_on 74
velocity 86
time 2
note_off 74
time 239
note_on 73
velocity 92
time 3
note_off 40
time 233
note_off 73
time 18
note_on 52
velocity 74
time 62
note_on 71
velocity 89
time 0
note_on 80
velocity 89
time 350
note_off 81
time 82
note_off 71
time 419
note_off 80
time 26
note_off 52
time 11
note_on 81
velocity 79
time 17
note_on 73
velocity 78
time 16
note_on 45
velocity 50
time 9
note_off 81
time 32
note_off 45
time 7
note_off 73
time 0
note_on 69
velocity 63
time 1791
note_off 69
time 577
note_on 68
velocity 63
time 636
note_off 68
time 296
note_on 73
velocity 73
time 14
note_off 73
time 300
note_on 69
velocity 71
time 21
note_off 69
time 263
note_on 74
velocity 70
time 20
note_off 74
time 248
note_on 71
velocity 65
time 35
note_off 71
time 268
note_on 76
velocity 66
time 20
note_on 64
velocity 54
time 7
note_off 76
time 238
note_on 73
velocity 76
time 31
note_off 64
time 262
note_off 73
time 7
note_on 78
velocity 75
time 13
note_on 76
velocity 75
time 277
note_off 78
time 4
note_off 76
time 262
note_on 61
velocity 52
time 30
note_on 81
velocity 63
time 0
note_off 81
time 243
note_off 61
time 18
note_on 74
velocity 69
time 15
note_on 66
velocity 55
time 5
note_off 66
time 265
note_on 64
velocity 62
time 18
note_off 74
time 226
note_off 64
time 40
note_on 73
velocity 73
time 7
note_on 69
velocity 57
time 10
note_off 69
time 257
note_off 73
time 4
note_on 75
velocity 81
time 5
note_on 66
velocity 66
time 4
note_off 66
time 243
note_on 71
velocity 70
time 28
note_off 75
time 11
note_on 80
velocity 83
time 0
note_on 68
velocity 80
time 258
note_off 71
time 11
note_off 80
time 4
note_on 76
velocity 84
time 2
note_off 76
time 280
note_on 73
velocity 83
time 2
note_on 81
velocity 74
time 7
note_off 68
time 4
note_off 81
time 269
note_on 71
velocity 77
time 9
note_on 80
velocity 76
time 0
note_off 73
time 4
note_off 71
time 257
note_on 76
velocity 76
time 12
note_off 80
time 277
note_on 69
velocity 53
time 5
note_off 76
time 0
note_on 78
velocity 67
time 13
note_off 78
time 232
note_on 71
velocity 64
time 35
note_off 69
time 215
note_off 71
time 32
note_on 68
velocity 49
time 28
note_on 76
velocity 62
time 9
note_off 68
time 12
note_on 74
velocity 62
time 6
note_off 76
time 0
note_on 71
velocity 60
time 10
note_off 71
time 16
note_on 57
velocity 69
time 53
note_on 64
velocity 63
time 9
note_off 74
time 238
note_off 64
time 23
note_on 73
velocity 65
time 9
note_on 69
velocity 52
time 6
note_off 69
time 228
note_off 57
time 7
note_off 73
time 16
note_on 75
velocity 67
time 19
note_on 66
velocity 55
time 16
note_off 75
time 193
note_off 66
time 32
note_on 68
velocity 59
time 47
note_on 76
velocity 60
time 11
note_off 76
time 246
note_on 56
velocity 72
time 34
note_on 71
velocity 56
time 7
note_off 68
time 229
note_off 71
time 33
note_on 61
velocity 70
time 14
note_on 76
velocity 67
time 19
note_off 56
time 2
note_on 57
velocity 78
time 275
note_on 73
velocity 65
time 8
note_off 61
time 10
note_off 73
time 242
note_off 76
time 18
note_on 62
velocity 76
time 4
note_off 57
time 5
note_on 78
velocity 79
time 0
note_on 69
velocity 59
time 11
note_off 69
time 234
note_off 62
time 26
note_on 59
velocity 82
time 5
note_on 74
velocity 66
time 13
note_off 74
time 248
note_off 78
time 10
note_off 59
time 7
note_on 80
velocity 76
time 7
note_on 64
velocity 83
time 4
note_on 71
velocity 65
time 9
note_off 71
time 208
note_on 61
velocity 77
time 64
note_on 76
velocity 77
time 11
note_off 64
time 29
note_off 76
time 220
note_on 66
velocity 81
time 20
note_off 61
time 5
note_off 80
time 0
note_on 81
velocity 69
time 2
note_on 74
velocity 67
time 4
note_off 81
time 273
note_on 64
velocity 79
time 5
note_on 80
velocity 69
time 0
note_off 66
time 9
note_off 74
time 237
note_off 64
time 23
note_on 69
velocity 66
time 14
note_on 73
velocity 58
time 11
note_off 69
time 254
note_off 80
time 10
note_on 62
velocity 58
time 5
note_on 78
velocity 63
time 21
note_off 73
time 248
note_off 78
time 15
note_on 80
velocity 73
time 13
note_on 71
velocity 58
time 13
note_on 61
velocity 67
time 264
note_off 71
time 0
note_off 62
time 4
note_on 81
velocity 68
time 8
note_on 76
velocity 71
time 4
note_off 80
time 9
note_off 61
time 253
note_on 63
velocity 78
time 7
note_off 76
time 0
note_on 78
velocity 79
time 8
note_off 63
time 188
note_off 78
time 86
note_on 52
velocity 82
time 19
note_on 71
velocity 74
time 22
note_off 71
time 216
note_off 81
time 20
note_on 76
velocity 71
time 14
note_on 80
velocity 70
time 4
note_off 76
time 252
note_on 83
velocity 75
time 13
note_off 52
time 13
note_on 74
velocity 65
time 3
note_off 80
time 10
note_off 83
time 86
note_off 74
time 134
note_on 76
velocity 77
time 60
note_on 49
velocity 62
time 277
note_on 73
velocity 64
time 15
note_off 73
time 71
note_on 71
velocity 61
time 26
note_off 71
time 130
note_off 76
time 4
note_on 73
velocity 66
time 11
note_on 75
velocity 65
time 0
note_on 54
velocity 66
time 5
note_off 49
time 13
note_off 73
time 75
note_on 69
velocity 59
time 30
note_off 69
time 107
note_off 75
time 31
note_off 54
time 9
note_on 52
velocity 62
time 6
note_on 68
velocity 61
time 5
note_on 76
velocity 63
time 4
note_off 68
time 252
note_off 52
time 7
note_on 57
velocity 64
time 25
note_on 73
velocity 65
time 0
note_off 73
time 253
note_on 54
velocity 69
time 20
note_off 57
time 0
note_on 69
velocity 58
time 4
note_off 69
time 237
note_off 54
time 30
note_on 59
velocity 70
time 11
note_on 66
velocity 63
time 4
note_off 76
time 256
note_on 56
velocity 71
time 12
note_off 66
time 4
note_on 71
velocity 66
time 7
note_off 59
time 8
note_on 74
velocity 66
time 0
note_off 71
time 259
note_off 74
time 9
note_on 73
velocity 77
time 8
note_on 61
velocity 75
time 18
note_on 69
velocity 60
time 0
note_off 56
time 7
note_on 59
velocity 77
time 265
note_off 73
time 6
note_off 61
time 7
note_on 74
velocity 72
time 0
note_off 69
time 138
note_off 59
time 103
note_on 64
velocity 69
time 22
note_on 68
velocity 70
time 4
note_off 68
time 195
note_off 64
time 21
note_off 74
time 31
note_on 57
velocity 54
time 34
note_on 69
velocity 51
time 0
note_on 73
velocity 61
time 0
note_off 73
time 172
note_off 69
time 31
note_on 62
velocity 57
time 84
note_on 71
velocity 57
time 4
note_off 57
time 253
note_on 56
velocity 62
time 18
note_off 56
time 246
note_on 59
velocity 67
time 27
note_off 62
time 131
note_off 59
time 126
note_on 49
velocity 56
time 19
note_off 71
time 250
note_on 61
velocity 58
time 36
note_on 69
velocity 56
time 9
note_on 73
velocity 74
time 268
note_off 69
time 5
note_off 61
time 8
note_on 64
velocity 75
time 0
note_off 73
time 118
note_on 66
velocity 68
time 156
note_on 57
velocity 65
time 16
note_off 64
time 23
note_off 49
time 236
note_on 45
velocity 66
time 16
note_on 50
velocity 71
time 278
note_off 45
time 20
note_off 57
time 11
note_off 66
time 186
note_off 50
time 43
note_on 47
velocity 61
time 9
note_on 62
velocity 67
time 0
note_on 68
velocity 68
time 162
note_off 47
time 57
note_on 69
velocity 45
time 21
note_off 68
time 2
note_on 52
velocity 59
time 23
note_off 69
time 66
note_on 68
velocity 72
time 4
note_off 68
time 76
note_on 69
velocity 65
time 11
note_off 52
time 65
note_on 68
velocity 64
time 6
note_off 69
time 2
note_on 40
velocity 53
time 28
note_off 68
time 25
note_on 69
velocity 60
time 15
note_on 68
velocity 58
time 59
note_off 62
time 28
note_off 69
time 4
note_off 68
time 20
note_on 66
velocity 72
time 4
note_off 66
time 53
note_on 68
velocity 60
time 0
note_off 40
time 30
note_off 68
time 25
note_on 45
velocity 44
time 12
note_on 69
velocity 66
time 4
note_off 45
time 111
note_on 57
velocity 55
time 178
note_on 61
velocity 49
time 0
note_off 69
time 240
note_on 66
velocity 58
time 27
note_off 61
time 78
note_off 66
time 162
note_on 59
velocity 70
time 51
note_off 59
time 227
note_on 68
velocity 79
time 48
note_on 56
velocity 57
time 3
note_on 64
velocity 70
time 0
note_off 57
time 18
note_off 64
time 92
note_off 68
time 69
note_off 56
time 70
note_on 52
velocity 61
time 21
note_on 73
velocity 85
time 0
note_on 68
velocity 68
time 26
note_off 52
time 226
note_off 68
time 0
note_on 54
velocity 60
time 29
note_on 69
velocity 79
time 0
note_off 73
time 22
note_off 54
time 241
note_on 47
velocity 51
time 9
note_on 74
velocity 84
time 10
note_on 66
velocity 66
time 4
note_off 69
time 0
note_off 66
time 82
note_off 47
time 181
note_on 52
velocity 57
time 6
note_on 71
velocity 82
time 5
note_on 68
velocity 75
time 14
note_off 74
time 0
note_off 52
time 239
note_on 49
velocity 54
time 27
note_on 76
velocity 86
time 8
note_off 71
time 9
note_off 68
time 81
note_off 49
time 171
note_on 73
velocity 81
time 13
note_on 69
velocity 72
time 5
note_on 54
velocity 58
time 4
note_off 76
time 5
note_off 69
time 196
note_off 73
time 42
note_off 54
time 4
note_on 78
velocity 87
time 22
note_on 50
velocity 52
time 15
note_on 71
velocity 70
time 0
note_off 50
time 232
note_off 71
time 25
note_off 78
time 14
note_on 76
velocity 85
time 5
note_on 57
velocity 59
time 7
note_on 73
velocity 69
time 6
note_off 73
time 94
note_off 57
time 150
note_on 54
velocity 55
time 18
note_on 81
velocity 80
time 4
note_off 76
time 7
note_off 54
time 258
note_off 81
time 6
note_on 74
velocity 75
time 9
note_on 59
velocity 55
time 4
note_off 59
time 250
note_on 52
velocity 58
time 34
note_on 71
velocity 66
time 0
note_on 57
velocity 68
time 269
note_on 73
velocity 85
time 13
note_off 74
time 26
note_off 52
time 30
note_off 71
time 9
note_on 75
velocity 79
time 203
note_on 54
velocity 66
time 13
note_on 69
velocity 61
time 0
note_off 57
time 4
note_off 73
time 5
note_on 76
velocity 78
time 271
note_off 54
time 1
note_off 69
time 0
note_off 75
time 5
note_on 61
velocity 53
time 2
note_on 68
velocity 59
time 262
note_off 68
time 217
note_off 61
time 37
note_on 59
velocity 52
time 26
note_on 73
velocity 63
time 10
note_off 59
time 211
note_off 73
time 25
note_on 58
velocity 45
time 21
note_on 66
velocity 58
time 11
note_off 66
time 187
note_off 76
time 43
note_off 58
time 22
note_on 74
velocity 61
time 17
note_on 59
velocity 44
time 18
note_on 71
velocity 48
time 5
note_off 59
time 226
note_off 74
time 0
note_on 52
velocity 44
time 33
note_on 79
velocity 68
time 8
note_off 52
time 239
note_off 79
time 7
note_on 54
velocity 47
time 30
note_on 73
velocity 66
time 9
note_off 71
time 208
note_off 73
time 26
note_on 78
velocity 63
time 42
note_on 69
velocity 47
time 9
note_on 74
velocity 61
time 278
note_off 78
time 53
note_off 74
time 191
note_off 69
time 5
note_on 68
velocity 56
time 26
note_on 71
velocity 54
time 17
note_off 54
time 234
note_on 53
velocity 55
time 28
note_off 53
time 234
note_on 56
velocity 67
time 42
note_on 45
velocity 64
time 284
note_off 56
time 11
note_off 68
time 18
note_off 71
time 237
note_on 69
velocity 69
time 6
note_on 66
velocity 68
time 5
note_off 69
time 269
note_on 47
velocity 73
time 5
note_off 45
time 2
note_on 74
velocity 73
time 5
note_on 49
velocity 64
time 269
note_off 47
time 7
note_off 74
time 7
note_on 68
velocity 83
time 4
note_off 66
time 223
note_off 68
time 30
note_on 73
velocity 79
time 14
note_on 65
velocity 60
time 18
note_off 65
time 237
note_off 73
time 9
note_on 37
velocity 73
time 18
note_on 68
velocity 67
time 10
note_on 71
velocity 51
time 34
note_off 49
time 9
note_on 72
velocity 41
time 4
note_off 72
time 34
note_off 71
time 95
note_off 68
time 59
note_off 37
time 67
note_on 42
velocity 67
time 0
note_on 69
velocity 62
time 18
note_on 66
velocity 46
time 287
note_off 66
time 190
note_on 64
velocity 57
time 58
note_off 42
time 203
note_off 64
time 35
note_on 62
velocity 57
time 63
note_on 53
velocity 71
time 270
note_on 68
velocity 56
time 9
note_off 69
time 31
note_off 68
time 214
note_on 57
velocity 76
time 23
note_on 66
velocity 62
time 6
note_on 61
velocity 47
time 8
note_off 53
time 16
note_off 61
time 55
note_off 62
time 20
note_off 66
time 81
note_on 54
velocity 73
time 93
note_off 57
time 14
note_on 74
velocity 66
time 7
note_on 59
velocity 77
time 275
note_off 54
time 48
note_on 56
velocity 79
time 241
note_on 71
velocity 67
time 25
note_off 59
time 18
note_on 61
velocity 79
time 239
note_on 65
velocity 53
time 16
note_off 56
time 15
note_off 65
time 92
note_off 74
time 98
note_off 71
time 38
note_on 57
velocity 83
time 9
note_on 73
velocity 69
time 16
note_on 66
velocity 64
time 8
note_off 61
time 23
note_off 66
time 169
note_off 73
time 62
note_on 78
velocity 73
time 5
note_on 62
velocity 83
time 14
note_off 57
time 63
note_off 78
time 206
note_on 61
velocity 83
time 16
note_on 68
velocity 63
time 0
note_off 62
time 21
note_off 68
time 213
note_on 66
velocity 79
time 34
note_off 61
time 14
note_on 70
velocity 66
time 11
note_on 76
velocity 70
time 5
note_off 70
time 180
note_off 76
time 66
note_on 59
velocity 71
time 13
note_on 74
velocity 60
time 9
note_off 66
time 5
note_on 71
velocity 63
time 4
note_off 71
time 206
note_off 74
time 61
note_on 73
velocity 69
time 20
note_on 64
velocity 59
time 4
note_on 56
velocity 70
time 273
note_off 59
time 28
note_on 58
velocity 74
time 242
note_off 56
time 9
note_off 64
time 39
note_off 58
time 227
note_on 59
velocity 60
time 9
note_on 62
velocity 61
time 9
note_off 73
time 17
note_off 59
time 250
note_on 47
velocity 61
time 5
note_on 71
velocity 61
time 7
note_off 71
time 254
note_on 52
velocity 66
time 22
note_on 70
velocity 62
time 0
note_off 47
time 12
note_on 67
velocity 56
time 8
note_off 62
time 215
note_off 67
time 31
note_on 50
velocity 67
time 20
note_off 52
time 5
note_off 70
time 4
note_on 71
velocity 63
time 0
note_on 66
velocity 60
time 14
note_off 66
time 196
note_off 50
time 36
note_on 64
velocity 54
time 32
note_on 55
velocity 57
time 3
note_off 55
time 241
note_off 71
time 14
note_on 73
velocity 66
time 20
note_on 52
velocity 53
time 3
note_off 64
time 53
note_off 52
time 180
note_off 73
time 6
note_on 66
velocity 51
time 36
note_on 54
velocity 51
time 4
note_on 62
velocity 48
time 20
note_off 62
time 268
note_on 71
velocity 54
time 5
note_off 71
time 236
note_on 42
velocity 44
time 22
note_on 70
velocity 56
time 16
note_on 61
velocity 38
time 11
note_off 54
time 9
note_off 66
time 105
note_off 61
time 26
note_off 70
time 21
note_off 42
time 16
note_on 47
velocity 40
time 96
note_on 71
velocity 54
time 5
note_on 62
velocity 37
time 34
note_off 62
time 55
note_off 71
time 31
note_on 74
velocity 58
time 180
note_on 66
velocity 47
time 19
note_off 66
time 175
note_on 71
velocity 65
time 78
note_off 47
time 85
note_off 71
time 173
note_on 68
velocity 74
time 36
note_on 52
velocity 68
time 269
note_off 74
time 0
note_on 73
velocity 76
time 18
note_off 68
time 42
note_off 73
time 128
note_on 57
velocity 76
time 95
note_on 78
velocity 80
time 4
note_off 52
time 16
note_on 73
velocity 61
time 0
note_off 73
time 251
note_off 57
time 11
note_on 56
velocity 81
time 5
note_on 71
velocity 66
time 9
note_on 76
velocity 85
time 272
note_on 61
velocity 74
time 5
note_off 78
time 4
note_off 56
time 2
note_off 71
time 223
note_off 61
time 48
note_on 57
velocity 70
time 4
note_on 81
velocity 83
time 5
note_off 76
time 2
note_on 73
velocity 71
time 17
note_off 73
time 230
note_on 63
velocity 77
time 20
note_on 71
velocity 69
time 16
note_off 57
time 4
note_on 59
velocity 76
time 261
note_off 63
time 4
note_on 80
velocity 73
time 6
note_off 81
time 28
note_on 78
velocity 79
time 79
note_off 80
time 15
note_off 78
time 89
note_off 59
time 4
note_on 64
velocity 70
time 33
note_on 80
velocity 81
time 9
note_off 71
time 220
note_off 64
time 51
note_on 57
velocity 74
time 7
note_on 78
velocity 70
time 301
note_on 69
velocity 53
time 17
note_off 80
time 4
note_off 69
time 209
note_off 78
time 32
note_on 76
velocity 65
time 19
note_on 73
velocity 50
time 19
note_off 73
time 237
note_on 66
velocity 65
time 34
note_off 57
time 234
note_off 76
time 9
note_on 59
velocity 51
time 27
note_on 75
velocity 62
time 5
note_off 75
time 244
note_off 59
time 2
note_on 54
velocity 45
time 28
note_on 78
velocity 69
time 5
note_off 78
time 228
note_off 66
time 20
note_off 54
time 11
note_on 71
velocity 62
time 16
note_on 56
velocity 46
time 12
note_on 64
velocity 57
time 283
note_off 64
time 234
note_on 68
velocity 61
time 60
note_off 68
time 242
note_on 61
velocity 56
time 31
note_off 56
time 237
note_on 49
velocity 49
time 35
note_off 49
time 265
note_on 54
velocity 55
time 0
note_on 69
velocity 65
time 0
note_off 71
time 0
note_on 66
velocity 77
time 278
note_on 51
velocity 56
time 13
note_off 54
time 0
note_off 61
time 0
note_off 69
time 230
note_on 68
velocity 78
time 25
note_on 52
velocity 61
time 15
note_on 59
velocity 64
time 0
note_off 51
time 4
note_off 66
time 0
note_on 64
velocity 82
time 276
note_off 59
time 45
note_on 45
velocity 71
time 255
note_on 61
velocity 70
time 18
note_off 64
time 18
note_off 52
time 105
note_off 68
time 136
note_on 66
velocity 70
time 15
note_on 69
velocity 72
time 290
note_off 61
time 63
note_off 66
time 115
note_on 59
velocity 82
time 98
note_off 69
time 0
note_on 63
velocity 74
time 14
note_on 44
velocity 76
time 256
note_off 45
time 15
note_on 71
velocity 79
time 0
note_off 63
time 83
note_on 49
velocity 68
time 192
note_on 68
velocity 70
time 5
note_on 64
velocity 83
time 2
note_off 59
time 17
note_off 44
time 4
note_off 71
time 8
note_off 68
time 229
note_off 49
time 30
note_on 45
velocity 61
time 5
note_on 73
velocity 76
time 0
note_off 45
time 266
note_on 66
velocity 67
time 18
note_on 47
velocity 53
time 4
note_off 64
time 10
note_off 73
time 43
note_on 63
velocity 46
time 247
note_off 47
time 217
note_off 63
time 5
note_off 66
time 7
note_on 64
velocity 50
time 67
note_on 40
velocity 31
time 15
note_on 76
velocity 51
time 4
note_off 64
time 81
note_off 40
time 19
note_off 76
time 22
note_on 71
velocity 57
time 0
note_off 71
time 0
note_on 73
velocity 68
time 13
note_off 73
time 5
note_on 78
velocity 65
time 17
note_on 69
velocity 50
time 20
note_off 69
time 162
note_on 64
velocity 61
time 23
note_on 73
velocity 70
time 0
note_off 78
time 0
note_off 64
time 220
note_off 73
time 0
note_on 66
velocity 61
time 17
note_on 74
velocity 65
time 19
note_off 66
time 248
note_on 71
velocity 64
time 26
note_off 71
time 130
note_on 66
velocity 61
time 9
note_off 66
time 272
note_on 68
velocity 56
time 26
note_off 74
time 223
note_on 71
velocity 61
time 53
note_on 76
velocity 70
time 98
note_off 71
time 103
note_off 68
time 120
note_on 64
velocity 60
time 32
note_on 73
velocity 79
time 15
note_off 76
time 4
note_off 64
time 141
note_on 69
velocity 63
time 0
note_on 78
velocity 81
time 7
note_off 73
time 22
note_off 69
time 102
note_on 66
velocity 72
time 10
note_on 74
velocity 79
time 4
note_off 78
time 16
note_on 71
velocity 80
time 32
note_on 80
velocity 79
time 5
note_off 66
time 20
note_off 74
time 16
note_off 80
time 129
note_on 68
velocity 82
time 6
note_on 76
velocity 85
time 5
note_off 71
time 33
note_on 81
velocity 86
time 219
note_on 73
velocity 86
time 5
note_off 68
time 13
note_off 76
time 0
note_on 69
velocity 75
time 61
note_on 78
velocity 93
time 9
note_off 73
time 11
note_off 81
time 4
note_on 74
velocity 87
time 73
note_off 69
time 10
note_on 83
velocity 89
time 270
note_off 78
time 54
note_on 76
velocity 92
time 223
note_off 83
time 19
note_off 74
time 5
note_on 81
velocity 89
time 0
note_on 73
velocity 81
time 5
note_off 76
time 57
note_on 78
velocity 85
time 100
note_off 73
time 28
note_on 71
velocity 84
time 55
note_off 78
time 20
note_on 80
velocity 84
time 260
note_off 81
time 17
note_off 71
time 4
note_on 78
velocity 85
time 33
note_on 76
velocity 86
time 119
note_off 78
time 25
note_off 76
time 62
note_on 74
velocity 78
time 41
note_off 80
time 4
note_off 74
time 7
note_on 81
velocity 81
time 6
note_on 45
velocity 83
time 5
note_on 73
velocity 82
time 0
note_off 81
time 88
note_off 73
time 22
note_on 74
velocity 56
time 27
note_on 72
velocity 48
time 36
note_off 72
time 36
note_off 74
time 11
note_on 76
velocity 74
time 60
note_off 76
time 122
note_on 73
velocity 72
time 5
note_off 45
time 69
note_on 71
velocity 77
time 57
note_off 73
time 0
note_off 71
time 81
note_on 69
velocity 69
time 50
note_off 69
time 120
note_on 68
velocity 77
time 13
note_off 68
time 101
note_on 69
velocity 65
time 22
note_off 69
time 114
note_on 71
velocity 65
time 30
note_on 44
velocity 57
time 18
note_off 71
time 100
note_on 68
velocity 68
time 10
note_off 68
time 139
note_off 44
time 15
note_on 49
velocity 63
time 0
note_on 66
velocity 63
time 5
note_off 66
time 86
note_on 64
velocity 67
time 29
note_off 64
time 121
note_on 66
velocity 68
time 20
note_off 49
time 6
note_on 45
velocity 69
time 4
note_off 66
time 79
note_on 64
velocity 63
time 55
note_off 64
time 127
note_on 66
velocity 66
time 13
note_off 45
time 7
note_on 50
velocity 72
time 0
note_off 66
time 91
note_on 69
velocity 62
time 36
note_off 50
time 128
note_on 47
velocity 76
time 4
note_off 69
time 5
note_on 68
velocity 72
time 8
note_off 68
time 104
note_on 66
velocity 73
time 16
note_off 47
time 132
note_on 52
velocity 75
time 20
note_on 68
velocity 70
time 0
note_off 66
time 7
note_off 68
time 100
note_on 71
velocity 74
time 18
note_on 69
velocity 70
time 144
note_off 71
time 0
note_on 49
velocity 70
time 2
note_off 52
time 19
note_off 69
time 98
note_on 68
velocity 79
time 4
note_off 68
time 112
note_on 69
velocity 76
time 32
note_on 54
velocity 77
time 7
note_off 49
time 11
note_off 69
time 104
note_on 71
velocity 81
time 4
note_on 52
velocity 78
time 147
note_on 73
velocity 85
time 4
note_off 54
time 4
note_off 71
time 5
note_off 73
time 119
note_on 71
velocity 84
time 5
note_off 52
time 130
note_on 57
velocity 75
time 17
note_on 73
velocity 84
time 0
note_off 71
time 4
note_off 73
time 103
note_on 74
velocity 83
time 19
note_off 74
time 142
note_on 76
velocity 83
time 5
note_on 50
velocity 71
time 8
note_off 57
time 0
note_off 76
time 109
note_on 78
velocity 82
time 18
note_on 80
velocity 78
time 141
note_off 78
time 13
note_off 80
time 113
note_on 83
velocity 72
time 10
note_on 49
velocity 74
time 138
note_on 81
velocity 73
time 11
note_off 50
time 11
note_off 83
time 9
note_on 80
velocity 80
time 115
note_off 81
time 0
note_on 51
velocity 80
time 128
note_on 78
velocity 87
time 5
note_off 80
time 16
note_off 49
time 17
note_off 78
time 97
note_on 81
velocity 82
time 0
note_off 51
time 64
note_on 80
velocity 85
time 79
note_on 64
velocity 85
time 4
note_off 81
time 0
note_on 52
velocity 79
time 9
note_on 81
velocity 75
time 126
note_off 80
time 4
note_off 81
time 113
note_off 52
time 22
note_on 83
velocity 68
time 0
note_on 54
velocity 68
time 4
note_off 83
time 7
note_on 78
velocity 70
time 16
note_off 78
time 86
note_off 54
time 5
note_on 76
velocity 73
time 17
note_on 56
velocity 48
time 9
note_off 64
time 36
note_off 76
time 27
note_off 56
time 48
note_on 74
velocity 61
time 12
note_off 74
time 76
note_on 57
velocity 50
time 103
note_on 73
velocity 55
time 0
note_off 73
time 1
note_on 61
velocity 74
time 15
note_off 61
time 5
note_on 66
velocity 76
time 0
note_off 57
time 5
note_on 64
velocity 77
time 2
note_off 66
time 9
note_on 73
velocity 76
time 176
note_on 69
velocity 72
time 5
note_on 45
velocity 54
time 5
note_off 64
time 0
note_off 69
time 26
note_off 73
time 46
note_off 45
time 10
note_on 50
velocity 61
time 5
note_on 66
velocity 82
time 6
note_on 69
velocity 70
time 0
note_off 50
time 105
note_on 74
velocity 83
time 17
note_on 71
velocity 78
time 5
note_on 47
velocity 58
time 6
note_off 69
time 7
note_off 66
time 9
note_off 71
time 122
note_off 47
time 102
note_on 52
velocity 65
time 15
note_on 71
velocity 87
time 7
note_on 68
velocity 87
time 3
note_off 74
time 0
note_on 49
velocity 66
time 283
note_on 73
velocity 82
time 0
note_on 76
velocity 86
time 0
note_off 52
time 4
note_off 68
time 2
note_off 71
time 9
note_off 73
time 158
note_off 76
time 72
note_off 49
time 18
note_on 54
velocity 69
time 18
note_on 69
velocity 73
time 0
note_on 73
velocity 95
time 4
note_off 69
time 230
note_off 54
time 23
note_on 78
velocity 89
time 20
note_on 50
velocity 63
time 4
note_on 74
velocity 79
time 26
note_off 73
time 25
note_off 50
time 198
note_on 57
velocity 70
time 37
note_on 73
velocity 81
time 5
note_on 76
velocity 88
time 0
note_off 74
time 4
note_off 78
time 28
note_off 76
time 116
note_on 81
velocity 84
time 115
note_on 54
velocity 68
time 16
note_on 78
velocity 88
time 0
note_off 57
time 2
note_off 73
time 38
note_off 81
time 86
note_off 54
time 42
note_on 80
velocity 80
time 0
note_on 59
velocity 71
time 2
note_off 78
time 0
note_on 75
velocity 70
time 5
note_on 78
velocity 83
time 76
note_off 80
time 11
note_off 59
time 29
note_on 57
velocity 75
time 0
note_off 78
time 9
note_on 80
velocity 80
time 7
note_on 78
velocity 84
time 71
note_off 80
time 5
note_off 57
time 4
note_on 56
velocity 75
time 5
note_off 78
time 20
note_on 80
velocity 78
time 3
note_on 54
velocity 76
time 67
note_off 56
time 0
note_on 78
velocity 83
time 9
note_off 75
time 103
note_off 80
time 33
note_on 56
velocity 73
time 5
note_off 78
time 7
note_on 78
velocity 23
time 4
note_off 54
time 4
note_on 76
velocity 91
time 0
note_off 78
time 13
note_off 56
time 87
note_on 57
velocity 72
time 0
note_on 78
velocity 85
time 26
note_off 57
time 89
note_on 59
velocity 70
time 11
note_on 80
velocity 86
time 0
note_off 76
time 10
note_off 78
time 14
note_off 59
time 0
note_off 80
time 4
note_on 56
velocity 65
time 6
note_on 76
velocity 92
time 0
note_on 83
velocity 42
time 17
note_off 83
time 14
note_off 56
time 0
note_on 54
velocity 69
time 11
note_on 80
velocity 85
time 7
note_off 76
time 32
note_off 54
time 65
note_off 80
time 6
note_on 52
velocity 62
time 22
note_on 81
velocity 81
time 5
note_off 52
time 109
note_off 81
time 13
note_on 51
velocity 61
time 20
note_on 83
velocity 80
time 0
note_off 83
time 0
note_off 51
time 0
note_on 52
velocity 56
time 18
note_off 52
time 7
note_on 63
velocity 80
time 2
note_on 54
velocity 60
time 10
note_off 54
time 31
note_on 51
velocity 65
time 9
note_off 51
time 4
note_off 63
time 32
note_on 49
velocity 61
time 2
note_on 68
velocity 77
time 5
note_off 49
time 46
note_on 47
velocity 57
time 21
note_off 47
time 85
note_on 49
velocity 58
time 26
note_on 64
velocity 67
time 14
note_off 68
time 9
note_off 49
time 0
note_on 47
velocity 59
time 17
note_off 47
time 100
note_on 69
velocity 65
time 25
note_on 49
velocity 54
time 9
note_off 64
time 0
note_off 49
time 66
note_on 52
velocity 57
time 41
note_off 52
time 82
note_on 66
velocity 77
time 25
note_on 51
velocity 61
time 8
note_off 69
time 0
note_off 51
time 115
note_on 49
velocity 63
time 11
note_off 49
time 93
note_on 51
velocity 65
time 11
note_on 71
velocity 85
time 8
note_off 66
time 4
note_off 51
time 117
note_on 54
velocity 73
time 9
note_off 54
time 86
note_on 52
velocity 70
time 52
note_on 68
velocity 90
time 0
note_off 71
time 8
note_off 52
time 126
note_on 51
velocity 73
time 4
note_off 51
time 126
note_on 73
velocity 90
time 25
note_on 52
velocity 72
time 3
note_off 68
time 21
note_on 54
velocity 71
time 115
note_off 52
time 7
note_off 54
time 59
note_on 56
velocity 71
time 9
note_on 71
velocity 90
time 3
note_off 73
time 30
note_off 56
time 98
note_on 54
velocity 74
time 6
note_on 56
velocity 72
time 91
note_off 54
time 4
note_on 76
velocity 93
time 5
note_off 71
time 4
note_off 56
time 116
note_on 57
velocity 70
time 3
note_off 57
time 120
note_on 69
velocity 79
time 41
note_on 59
velocity 66
time 2
note_off 76
time 23
note_off 59
time 97
note_on 61
velocity 61
time 16
note_off 61
time 133
note_on 63
velocity 67
time 17
note_off 63
time 41
note_on 66
velocity 65
time 23
note_off 66
time 78
note_off 69
time 23
note_on 66
velocity 60
time 50
note_on 64
velocity 60
time 0
note_off 64
time 2
note_on 63
velocity 60
time 13
note_off 63
time 5
note_off 66
time 18
note_on 61
velocity 56
time 8
note_on 71
velocity 64
time 18
note_off 61
time 56
note_on 59
velocity 58
time 55
note_off 59
time 77
note_off 71
time 62
note_on 68
velocity 64
time 7
note_on 64
velocity 50
time 4
note_off 68
time 5
note_off 64
time 15
note_on 83
velocity 62
time 19
note_on 52
velocity 47
time 2
note_on 81
velocity 66
time 0
note_off 83
time 4
note_on 80
velocity 75
time 4
note_off 81
time 0
note_off 52
time 9
note_on 57
velocity 63
time 0
note_on 78
velocity 80
time 118
note_off 80
time 7
note_off 78
time 119
note_off 57
time 18
note_on 76
velocity 81
time 2
note_on 56
velocity 68
time 11
note_on 78
velocity 78
time 125
note_off 76
time 8
note_off 78
time 125
note_off 56
time 17
note_on 64
velocity 74
time 4
note_on 80
velocity 79
time 9
note_off 80
time 90
note_on 76
velocity 77
time 48
note_on 57
velocity 77
time 13
note_on 74
velocity 82
time 2
note_off 64
time 17
note_off 76
time 19
note_off 74
time 57
note_on 73
velocity 84
time 10
note_off 73
time 126
note_on 66
velocity 85
time 16
note_on 74
velocity 82
time 7
note_off 57
time 15
note_on 73
velocity 82
time 112
note_off 74
time 0
note_off 73
time 136
note_on 59
velocity 79
time 14
note_on 74
velocity 87
time 0
note_off 66
time 4
note_off 74
time 36
note_on 78
velocity 83
time 20
note_on 68
velocity 74
time 148
note_on 76
velocity 79
time 0
note_off 59
time 4
note_off 78
time 17
note_on 74
velocity 80
time 95
note_off 76
time 11
note_off 68
time 59
note_off 74
time 18
note_on 69
velocity 61
time 66
note_on 73
velocity 86
time 0
note_off 69
time 128
note_on 66
velocity 65
time 7
note_off 66
time 122
note_on 64
velocity 60
time 32
note_on 69
velocity 79
time 2
note_off 73
time 79
note_off 64
time 20
note_on 62
velocity 72
time 40
note_off 62
time 148
note_on 61
velocity 66
time 5
note_on 74
velocity 87
time 9
note_off 69
time 28
note_off 61
time 107
note_on 59
velocity 71
time 4
note_off 59
time 136
note_on 57
velocity 73
time 9
note_on 73
velocity 89
time 7
note_off 74
time 9
note_off 57
time 123
note_on 59
velocity 73
time 4
note_off 59
time 122
note_on 61
velocity 62
time 18
note_on 81
velocity 81
time 2
note_off 61
time 11
note_off 73
time 0
note_on 57
velocity 65
time 28
note_off 57
time 137
note_on 55
velocity 64
time 7
note_on 74
velocity 82
time 14
note_off 81
time 8
note_off 55
time 108
note_on 54
velocity 67
time 11
note_off 54
time 111
note_on 55
velocity 58
time 36
note_on 71
velocity 80
time 10
note_off 74
time 26
note_off 55
time 83
note_on 54
velocity 63
time 6
note_off 54
time 157
note_on 55
velocity 62
time 0
note_on 76
velocity 74
time 14
note_off 71
time 44
note_off 55
time 32
note_on 59
velocity 59
time 21
note_off 59
time 120
note_off 76
time 22
note_on 73
velocity 72
time 7
note_on 57
velocity 57
time 12
note_off 57
time 13
note_on 55
velocity 53
time 12
note_off 55
time 6
note_off 73
time 8
note_on 74
velocity 61
time 36
note_on 54
velocity 53
time 4
note_off 54
time 14
note_on 55
velocity 48
time 15
note_off 55
time 97
note_off 74
time 20
note_on 57
velocity 62
time 21
note_off 57
time 5
note_on 54
velocity 65
time 0
note_off 54
time 5
note_on 52
velocity 66
time 4
note_on 62
velocity 86
time 9
note_off 52
time 0
note_on 50
velocity 64
time 30
note_off 50
time 87
note_on 57
velocity 77
time 15
note_on 61
velocity 84
time 39
note_off 62
time 0
note_on 64
velocity 69
time 29
note_on 54
velocity 67
time 22
note_off 57
time 6
note_off 64
time 16
note_on 66
velocity 79
time 16
note_on 69
velocity 83
time 0
note_on 55
velocity 70
time 4
note_off 61
time 0
note_off 54
time 20
note_off 55
time 109
note_on 57
velocity 74
time 9
note_off 66
time 58
note_off 69
time 51
note_off 57
time 13
note_on 59
velocity 76
time 13
note_on 62
velocity 79
time 0
note_on 66
velocity 90
time 0
note_on 57
velocity 71
time 141
note_off 59
time 7
note_off 66
time 68
note_on 67
velocity 89
time 44
note_off 62
time 11
note_off 57
time 9
note_on 55
velocity 66
time 4
note_on 71
velocity 61
time 0
note_off 55
time 125
note_on 59
velocity 69
time 11
note_off 71
time 92
note_off 59
time 54
note_off 67
time 0
note_on 64
velocity 86
time 5
note_on 73
velocity 89
time 0
note_on 57
velocity 71
time 2
note_off 57
time 128
note_on 55
velocity 66
time 15
note_off 55
time 120
note_on 54
velocity 76
time 17
note_on 69
velocity 87
time 0
note_off 64
time 39
note_off 54
time 26
note_on 52
velocity 72
time 73
note_on 50
velocity 76
time 72
note_off 52
time 0
note_off 69
time 0
note_on 66
velocity 90
time 16
note_on 74
velocity 78
time 4
note_off 73
time 9
note_off 50
time 95
note_on 54
velocity 76
time 4
note_off 66
time 51
note_off 54
time 79
note_on 52
velocity 74
time 25
note_on 71
velocity 86
time 0
note_off 74
time 6
note_on 79
velocity 89
time 4
note_off 52
time 72
note_on 50
velocity 71
time 4
note_off 50
time 23
note_on 49
velocity 69
time 14
note_off 71
time 4
note_on 69
velocity 86
time 16
note_off 49
time 11
note_on 45
velocity 65
time 15
note_off 45
time 103
note_on 47
velocity 65
time 0
note_on 74
velocity 87
time 9
note_on 78
velocity 80
time 4
note_off 69
time 5
note_off 79
time 4
note_off 47
time 7
note_on 49
velocity 67
time 8
note_off 78
time 118
note_off 49
time 38
note_on 50
velocity 65
time 11
note_off 74
time 9
note_on 67
velocity 78
time 11
note_on 76
velocity 72
time 9
note_off 50
time 85
note_on 52
velocity 63
time 39
note_off 52
time 135
note_on 54
velocity 66
time 15
note_on 69
velocity 51
time 48
note_off 67
time 50
note_off 54
time 28
note_on 55
velocity 64
time 22
note_off 76
time 106
note_off 69
time 7
note_off 55
time 15
note_on 66
velocity 65
time 31
note_on 57
velocity 59
time 4
note_on 74
velocity 59
time 5
note_off 57
time 67
note_on 54
velocity 54
time 66
note_off 66
time 30
note_off 74
time 75
note_off 54
time 9
note_on 64
velocity 63
time 44
note_on 55
velocity 49
time 13
note_on 73
velocity 62
time 0
note_off 55
time 48
note_on 57
velocity 52
time 63
note_off 57
time 77
note_off 73
time 67
note_off 64
time 14
note_on 50
velocity 38
time 45
note_on 66
velocity 49
time 14
note_on 74
velocity 32
time 11
note_off 66
time 5
note_off 74
time 6
note_on 78
velocity 65
time 9
note_off 78
time 10
note_on 76
velocity 71
time 8
note_off 50
time 4
note_on 74
velocity 74
time 14
note_off 76
time 7
note_off 74
time 12
note_on 73
velocity 74
time 7
note_off 73
time 44
note_on 71
velocity 69
time 2
note_off 71
time 7
note_on 74
velocity 63
time 20
note_off 74
time 80
note_on 49
velocity 54
time 44
note_on 73
velocity 55
time 4
note_on 76
velocity 58
time 9
note_off 73
time 51
note_on 71
velocity 53
time 73
note_off 71
time 114
note_off 49
time 35
note_on 54
velocity 69
time 0
note_on 70
velocity 58
time 2
note_off 70
time 92
note_on 68
velocity 63
time 35
note_off 68
time 97
note_on 50
velocity 72
time 53
note_off 54
time 0
note_on 66
velocity 58
time 12
note_off 76
time 119
note_on 73
velocity 64
time 20
note_off 66
time 22
note_off 50
time 114
note_on 55
velocity 75
time 5
note_on 71
velocity 58
time 11
note_off 73
time 0
note_on 74
velocity 57
time 6
note_off 71
time 57
note_on 69
velocity 57
time 52
note_off 69
time 112
note_on 52
velocity 78
time 34
note_off 55
time 5
note_on 67
velocity 61
time 5
note_off 67
time 18
note_on 66
velocity 70
time 6
note_off 66
time 84
note_off 52
time 14
note_on 58
velocity 75
time 0
note_on 64
velocity 68
time 5
note_off 74
time 82
note_on 71
velocity 67
time 51
note_off 64
time 53
note_on 54
velocity 78
time 40
note_off 71
time 7
note_off 58
time 20
note_on 70
velocity 65
time 0
note_on 73
velocity 70
time 0
note_off 70
time 83
note_on 68
velocity 72
time 31
note_off 68
time 112
note_off 54
time 10
note_on 59
velocity 78
time 9
note_on 66
velocity 67
time 22
note_off 66
time 105
note_on 64
velocity 69
time 22
note_off 59
time 88
note_off 64
time 37
note_on 56
velocity 80
time 15
note_on 62
velocity 72
time 22
note_off 62
time 17
note_off 73
time 66
note_on 71
velocity 72
time 4
note_off 71
time 134
note_on 61
velocity 70
time 4
note_on 64
velocity 78
time 0
note_on 70
velocity 76
time 4
note_off 56
time 5
note_off 70
time 84
note_on 71
velocity 71
time 7
note_on 58
velocity 80
time 142
note_off 61
time 4
note_off 71
time 5
note_on 73
velocity 77
time 12
note_off 73
time 126
note_on 74
velocity 77
time 18
note_off 74
time 117
note_on 62
velocity 74
time 6
note_on 66
velocity 82
time 5
note_on 76
velocity 77
time 13
note_off 64
time 14
note_off 58
time 12
note_on 74
velocity 80
time 61
note_off 76
time 2
note_off 74
time 81
note_on 76
velocity 81
time 61
note_on 71
velocity 85
time 9
note_on 59
velocity 80
time 10
note_off 62
time 9
note_off 66
time 0
note_off 76
time 52
note_on 78
velocity 78
time 16
note_on 64
velocity 83
time 100
note_off 78
time 9
note_on 79
velocity 79
time 2
note_off 59
time 109
note_off 79
time 13
note_on 76
velocity 78
time 5
note_off 71
time 33
note_off 76
time 73
note_on 73
velocity 88
time 40
note_on 82
velocity 84
time 8
note_on 78
velocity 78
time 131
note_off 64
time 134
note_on 66
velocity 79
time 4
note_on 62
velocity 72
time 9
note_off 82
time 0
note_off 78
time 9
note_on 83
velocity 74
time 0
note_off 73
time 129
note_on 81
velocity 68
time 4
note_off 83
time 47
note_on 61
velocity 76
time 100
note_on 79
velocity 74
time 0
note_off 62
time 5
note_off 66
time 23
note_off 81
time 0
note_off 79
time 85
note_on 78
velocity 72
time 17
note_off 78
time 133
note_off 61
time 16
note_on 67
velocity 71
time 0
note_on 59
velocity 63
time 13
note_on 76
velocity 68
time 4
note_off 67
time 71
note_on 74
velocity 63
time 79
note_off 76
time 9
note_off 59
time 95
note_off 74
time 25
note_on 55
velocity 60
time 6
note_on 64
velocity 69
time 5
note_on 73
velocity 71
time 0
note_off 55
time 47
note_off 73
time 5
note_on 71
velocity 62
time 54
note_off 64
time 80
note_off 71
time 27
note_on 66
velocity 58
time 22
note_on 50
velocity 58
time 4
note_on 70
velocity 61
time 0
note_off 66
time 60
note_off 70
time 13
note_on 71
velocity 58
time 67
note_off 50
time 123
note_off 71
time 18
note_on 59
velocity 57
time 6
note_on 52
velocity 56
time 5
note_on 79
velocity 70
time 13
note_off 79
time 111
note_on 78
velocity 65
time 13
note_off 52
time 118
note_off 59
time 10
note_on 54
velocity 57
time 17
note_off 78
time 0
note_on 76
velocity 66
time 11
note_on 58
velocity 48
time 7
note_off 58
time 47
note_off 76
time 17
note_off 54
time 4
note_on 74
velocity 63
time 51
note_off 74
time 123
note_on 73
velocity 63
time 36
note_on 42
velocity 65
time 4
note_off 42
time 0
note_on 71
velocity 66
time 70
note_off 73
time 0
note_off 71
time 0
note_on 71
velocity 66
time 72
note_on 47
velocity 56
time 13
note_off 47
time 90
note_on 54
velocity 47
time 36
note_off 54
time 22
note_off 71
time 32
note_on 59
velocity 55
time 34
note_on 74
velocity 62
time 0
note_on 66
velocity 51
time 2
note_off 59
time 70
note_on 57
velocity 53
time 6
note_off 57
time 112
note_off 66
time 15
note_on 56
velocity 54
time 23
note_on 71
velocity 64
time 2
note_off 56
time 67
note_on 54
velocity 55
time 52
note_off 54
time 102
note_off 71
time 36
note_on 52
velocity 57
time 11
note_on 68
velocity 66
time 13
note_off 52
time 11
note_on 54
velocity 57
time 21
note_off 54
time 111
note_on 52
velocity 56
time 53
note_on 71
velocity 80
time 5
note_off 74
time 22
note_off 52
time 64
note_on 50
velocity 57
time 29
note_off 50
time 86
note_on 49
velocity 59
time 20
note_off 71
time 13
note_on 76
velocity 87
time 5
note_off 49
time 7
note_on 47
velocity 61
time 27
note_off 47
time 143
note_on 45
velocity 65
time 4
note_on 73
velocity 85
time 18
note_off 76
time 38
note_on 47
velocity 59
time 43
note_off 45
time 0
note_off 68
time 7
note_on 68
velocity 19
time 0
note_off 73
time 48
note_off 47
time 9
note_on 78
velocity 87
time 50
note_on 45
velocity 65
time 3
note_off 68
time 4
note_on 73
velocity 75
time 0
note_off 45
time 86
note_on 44
velocity 66
time 13
note_off 44
time 140
note_on 69
velocity 68
time 0
note_off 73
time 0
note_on 75
velocity 78
time 4
note_off 78
time 0
note_on 42
velocity 64
time 5
note_off 42
time 82
note_off 75
time 0
note_on 40
velocity 57
time 25
note_off 40
time 137
note_on 71
velocity 77
time 5
note_on 39
velocity 66
time 4
note_off 69
time 28
note_off 39
time 60
note_on 47
velocity 62
time 5
note_off 47
time 116
note_on 68
velocity 73
time 55
note_on 52
velocity 58
time 2
note_off 52
time 105
note_on 51
velocity 65
time 26
note_off 51
time 112
note_on 49
velocity 55
time 5
note_on 63
velocity 67
time 8
note_off 49
time 108
note_on 47
velocity 58
time 30
note_off 68
time 98
note_off 63
time 18
note_off 47
time 17
note_on 49
velocity 62
time 8
note_on 64
velocity 62
time 14
note_off 49
time 38
note_on 56
velocity 55
time 18
note_off 56
time 92
note_off 71
time 26
note_on 68
velocity 68
time 30
note_on 61
velocity 55
time 4
note_off 61
time 64
note_on 59
velocity 58
time 64
note_off 59
time 117
note_on 57
velocity 59
time 32
note_off 68
time 4
note_on 73
velocity 72
time 0
note_off 57
time 98
note_on 56
velocity 59
time 25
note_off 64
time 109
note_off 56
time 25
note_on 54
velocity 54
time 29
note_on 69
velocity 64
time 0
note_off 73
time 9
note_off 54
time 121
note_on 56
velocity 54
time 17
note_off 56
time 142
note_on 54
velocity 61
time 19
note_on 61
velocity 69
time 0
note_off 54
time 81
note_on 52
velocity 59
time 53
note_on 66
velocity 75
time 142
note_on 51
velocity 66
time 9
note_off 52
time 2
note_off 51
time 139
note_on 49
velocity 63
time 4
note_off 61
time 47
note_off 69
time 20
note_off 49
time 70
note_on 63
velocity 80
time 0
note_on 47
velocity 69
time 6
note_off 66
time 56
note_off 47
time 77
note_on 49
velocity 75
time 7
note_off 49
time 120
note_on 68
velocity 79
time 18
note_on 71
velocity 74
time 0
note_on 47
velocity 69
time 5
note_off 63
time 0
note_off 47
time 137
note_on 45
velocity 65
time 11
note_off 45
time 132
note_on 44
velocity 73
time 4
note_on 65
velocity 76
time 0
note_off 44
time 127
note_on 42
velocity 68
time 11
note_off 42
time 83
note_off 68
time 7
note_on 41
velocity 70
time 10
note_off 65
time 5
note_on 61
velocity 77
time 10
note_off 41
time 67
note_on 49
velocity 61
time 64
note_off 71
time 32
note_off 49
time 19
note_on 54
velocity 63
time 36
note_on 69
velocity 81
time 28
note_off 54
time 83
note_on 52
velocity 61
time 25
note_off 52
time 113
note_on 50
velocity 57
time 28
note_on 65
velocity 76
time 36
note_off 50
time 88
note_on 49
velocity 58
time 30
note_off 49
time 132
note_off 61
time 23
note_on 50
velocity 48
time 8
note_off 69
time 18
note_on 66
velocity 68
time 4
note_off 65
time 10
note_off 50
time 77
note_on 52
velocity 55
time 36
note_off 52
time 103
note_on 50
velocity 51
time 5
note_on 57
velocity 56
time 26
note_off 50
time 77
note_on 49
velocity 50
time 44
note_off 49
time 117
note_off 57
time 41
note_on 47
velocity 46
time 16
note_on 62
velocity 62
time 4
note_off 47
time 80
note_on 45
velocity 51
time 47
note_off 45
time 119
note_off 62
time 45
note_on 44
velocity 51
time 5
note_on 59
velocity 59
time 15
note_off 44
time 79
note_on 45
velocity 52
time 31
note_off 45
time 153
note_off 66
time 9
note_on 44
velocity 55
time 8
note_on 63
velocity 61
time 4
note_off 44
time 45
note_on 42
velocity 49
time 36
note_off 42
time 95
note_on 41
velocity 51
time 47
note_off 63
time 7
note_on 68
velocity 61
time 7
note_off 41
time 111
note_on 39
velocity 46
time 4
note_off 39
time 80
note_off 59
time 6
note_off 68
time 33
note_on 37
velocity 51
time 11
note_on 65
velocity 56
time 5
note_off 37
time 11
note_on 61
velocity 49
time 10
note_off 65
time 11
note_off 61
time 5
note_on 45
velocity 65
time 9
note_on 57
velocity 58
time 5
note_on 63
velocity 55
time 9
note_off 57
time 0
note_off 63
time 38
note_on 65
velocity 60
time 0
note_off 45
time 50
note_on 50
velocity 54
time 0
note_on 59
velocity 64
time 7
note_off 65
time 6
note_on 66
velocity 71
time 2
note_off 66
time 88
note_on 68
velocity 73
time 13
note_off 59
time 92
note_off 68
time 20
note_on 49
velocity 64
time 38
note_on 53
velocity 64
time 0
note_on 69
velocity 71
time 0
note_off 50
time 0
note_on 66
velocity 72
time 13
note_off 69
time 0
note_on 68
velocity 76
time 9
note_on 54
velocity 85
time 7
note_off 66
time 0
note_off 53
time 7
note_off 68
time 17
note_on 69
velocity 70
time 33
note_off 49
time 11
note_on 51
velocity 83
time 78
note_off 69
time 9
note_on 71
velocity 76
time 10
note_off 54
time 6
note_off 71
time 125
note_on 73
velocity 78
time 8
note_on 56
velocity 81
time 62
note_on 74
velocity 76
time 2
note_off 73
time 36
note_off 51
time 11
note_off 74
time 26
note_on 71
velocity 78
time 19
note_on 53
velocity 82
time 165
note_on 73
velocity 80
time 7
note_off 71
time 4
note_off 56
time 9
note_on 75
velocity 75
time 123
note_off 73
time 6
note_off 75
time 7
note_on 77
velocity 80
time 34
note_on 57
velocity 81
time 11
note_off 53
time 34
note_off 77
time 50
note_on 78
velocity 78
time 0
note_off 78
time 161
note_on 54
velocity 80
time 2
note_on 74
velocity 72
time 28
note_off 57
time 5
note_off 74
time 71
note_on 76
velocity 76
time 26
note_off 76
time 70
note_on 59
velocity 84
time 32
note_on 74
velocity 68
time 2
note_off 54
time 46
note_on 73
velocity 79
time 41
note_off 74
time 4
note_on 56
velocity 84
time 137
note_off 73
time 9
note_on 71
velocity 76
time 4
note_off 59
time 29
note_off 71
time 52
note_on 69
velocity 70
time 58
note_off 69
time 144
note_on 68
velocity 73
time 9
note_on 61
velocity 78
time 5
note_off 56
time 0
note_off 68
time 96
note_on 71
velocity 70
time 16
note_on 57
velocity 85
time 77
note_on 69
velocity 73
time 10
note_off 71
time 6
note_off 61
time 27
note_off 69
time 0
note_on 68
velocity 80
time 13
note_off 68
time 130
note_on 62
velocity 81
time 4
note_on 66
velocity 76
time 5
note_off 57
time 25
note_off 66
time 55
note_on 65
velocity 70
time 22
note_off 65
time 0
note_on 71
velocity 85
time 70
note_off 62
time 137
note_on 64
velocity 78
time 5
note_on 62
velocity 77
time 80
note_on 68
velocity 86
time 5
note_off 64
time 8
note_on 61
velocity 79
time 10
note_off 62
time 5
note_off 61
time 25
note_on 63
velocity 86
time 0
note_on 59
velocity 83
time 4
note_on 57
velocity 85
time 39
note_off 59
time 9
note_off 68
time 33
note_off 63
time 38
note_off 71
time 79
note_on 56
velocity 82
time 0
note_off 57
time 0
note_on 65
velocity 79
time 0
note_on 69
velocity 76
time 122
note_off 65
time 71
note_off 56
time 13
note_on 53
velocity 83
time 8
note_off 69
time 0
note_on 71
velocity 82
time 0
note_on 61
velocity 78
time 8
note_on 68
velocity 76
time 126
note_off 71
time 88
note_off 53
time 78
note_on 54
velocity 79
time 13
note_on 66
velocity 86
time 0
note_on 69
velocity 81
time 0
note_off 61
time 4
note_off 68
time 9
note_off 54
time 53
note_on 47
velocity 84
time 22
note_off 69
time 109
note_off 66
time 29
note_on 71
velocity 83
time 28
note_off 47
time 181
note_on 68
velocity 88
time 11
note_on 49
velocity 79
time 6
note_on 65
velocity 79
time 0
note_off 71
time 20
note_on 37
velocity 80
time 301
note_off 49
time 9
note_on 66
velocity 88
time 9
note_off 68
time 13
note_off 65
time 160
note_off 66
time 39
note_on 42
velocity 74
time 56
note_off 37
time 17
note_on 66
velocity 87
time 11
note_on 45
velocity 63
time 15
note_off 42
time 15
note_on 61
velocity 51
time 22
note_off 66
time 26
note_off 45
time 55
note_on 42
velocity 58
time 25
note_on 66
velocity 66
time 7
note_off 61
time 77
note_on 49
velocity 42
time 73
note_off 42
time 5
note_off 66
time 11
note_on 64
velocity 63
time 4
note_on 56
velocity 75
time 298
note_off 49
time 303
note_off 64
time 9
note_on 45
velocity 52
time 4
note_off 56
time 4
note_on 61
velocity 61
time 5
note_on 69
velocity 61
time 17
note_off 69
time 267
note_off 45
time 39
note_on 50
velocity 57
time 0
note_on 57
velocity 79
time 7
note_off 61
time 6
note_on 66
velocity 64
time 5
note_off 50
time 289
note_on 62
velocity 75
time 19
note_on 47
velocity 62
time 3
note_off 66
time 8
note_on 71
velocity 74
time 0
note_off 57
time 34
note_off 71
time 193
note_off 47
time 4
note_on 52
velocity 68
time 5
note_on 59
velocity 82
time 11
note_off 62
time 5
note_on 68
velocity 73
time 13
note_off 59
time 205
note_on 49
velocity 64
time 88
note_on 64
velocity 78
time 0
note_off 68
time 4
note_on 73
velocity 79
time 0
note_off 52
time 16
note_off 64
time 278
note_off 49
time 9
note_on 61
velocity 76
time 4
note_on 54
velocity 68
time 6
note_on 69
velocity 67
time 20
note_off 73
time 13
note_off 61
time 203
note_off 54
time 58
note_on 50
velocity 61
time 19
note_on 66
velocity 70
time 5
note_off 69
time 0
note_on 74
velocity 70
time 4
note_off 50
time 206
note_off 66
time 48
note_on 57
velocity 61
time 9
note_on 64
velocity 80
time 4
note_off 74
time 53
note_off 57
time 226
note_on 69
velocity 69
time 27
note_on 45
velocity 58
time 5
note_on 73
velocity 73
time 0
note_off 64
time 4
note_off 73
time 160
note_off 45
time 72
note_off 69
time 4
note_on 47
velocity 56
time 6
note_on 62
velocity 70
time 0
note_on 71
velocity 67
time 0
note_off 47
time 268
note_on 49
velocity 52
time 25
note_on 64
velocity 68
time 8
note_off 62
time 13
note_off 71
time 168
note_off 49
time 64
note_off 64
time 0
note_on 69
velocity 62
time 0
note_on 61
velocity 57
time 9
note_on 54
velocity 47
time 5
note_off 54
time 272
note_on 47
velocity 43
time 15
note_off 61
time 0
note_on 63
velocity 56
time 14
note_off 63
time 238
note_off 47
time 95
note_on 52
velocity 49
time 0
note_on 64
velocity 47
time 0
note_off 69
time 71
note_off 64
time 21
note_on 59
velocity 56
time 28
note_on 68
velocity 54
time 4
note_off 59
time 131
note_off 68
time 12
note_on 71
velocity 53
time 17
note_on 62
velocity 55
time 9
note_off 52
time 227
note_off 71
time 46
note_on 64
velocity 67
time 48
note_off 64
time 291
note_off 62
time 6
note_on 49
velocity 72
time 16
note_on 69
velocity 61
time 13
note_on 61
velocity 64
time 5
note_on 54
velocity 75
time 297
note_on 63
velocity 76
time 7
note_off 61
time 9
note_off 49
time 19
note_off 69
time 241
note_off 63
time 30
note_on 52
velocity 81
time 9
note_off 54
time 13
note_on 68
velocity 62
time 0
note_on 64
velocity 67
time 4
note_off 68
time 277
note_on 57
velocity 77
time 14
note_on 73
velocity 72
time 4
note_off 52
time 4
note_off 64
time 262
note_off 73
time 12
note_on 54
velocity 79
time 15
note_on 69
velocity 65
time 7
note_on 66
velocity 61
time 10
note_off 57
time 8
note_off 54
time 278
note_on 59
velocity 80
time 4
note_on 74
velocity 68
time 29
note_off 69
time 8
note_off 66
time 75
note_on 56
velocity 76
time 196
note_off 59
time 18
note_on 71
velocity 73
time 0
note_off 71
time 282
note_on 61
velocity 80
time 16
note_on 64
velocity 72
time 4
note_off 56
time 34
note_off 74
time 237
note_on 57
velocity 80
time 33
note_on 73
velocity 70
time 0
note_off 61
time 11
note_off 64
time 43
note_on 62
velocity 73
time 260
note_on 78
velocity 69
time 0
note_off 73
time 15
note_on 54
velocity 67
time 298
note_off 62
time 4
note_off 57
time 7
note_on 61
velocity 55
time 4
note_off 54
time 297
note_off 61
time 0
note_on 56
velocity 65
time 13
note_on 59
velocity 64
time 6
note_off 78
time 7
note_on 76
velocity 74
time 230
note_on 52
velocity 64
time 5
note_off 56
time 0
note_on 68
velocity 59
time 2
note_on 71
velocity 72
time 146
note_off 68
time 4
note_off 76
time 0
note_on 56
velocity 65
time 7
note_on 74
velocity 66
time 0
note_off 59
time 16
note_off 52
time 56
note_off 71
time 190
note_off 56
time 53
note_on 64
velocity 70
time 0
note_on 57
velocity 67
time 0
note_off 74
time 11
note_on 73
velocity 63
time 38
note_on 45
velocity 64
time 8
note_off 57
time 0
note_off 45
time 313
note_on 49
velocity 67
time 0
note_off 49
time 67
note_on 38
velocity 65
time 5
note_off 64
time 4
note_off 73
time 21
note_on 71
velocity 66
time 0
note_on 62
velocity 62
time 11
note_off 38
time 9
note_off 71
time 7
note_off 62
time 4
note_on 50
velocity 72
time 4
note_on 66
velocity 66
time 5
note_on 69
velocity 60
time 0
note_on 59
velocity 73
time 35
note_off 69
time 34
note_on 52
velocity 64
time 13
note_on 68
velocity 76
time 2
note_off 66
time 10
note_off 50
time 35
note_off 68
time 235
note_on 47
velocity 59
time 28
note_on 71
velocity 70
time 9
note_off 71
time 202
note_off 47
time 60
note_off 52
time 31
note_on 49
velocity 55
time 31
note_on 76
velocity 62
time 15
note_off 59
time 215
note_on 57
velocity 75
time 43
note_on 61
velocity 77
time 157
note_off 57
time 42
note_off 61
time 240
note_on 66
velocity 81
time 45
note_on 42
velocity 68
time 128
note_off 49
time 0
note_on 47
velocity 74
time 0
note_off 76
time 14
note_on 74
velocity 70
time 4
note_off 42
time 8
note_on 44
velocity 79
time 18
note_on 71
velocity 76
time 0
note_off 66
time 16
note_off 47
time 22
note_off 74
time 9
note_off 71
time 9
note_on 73
velocity 71
time 0
note_on 45
velocity 68
time 4
note_on 64
velocity 64
time 4
note_off 44
time 19
note_on 69
velocity 78
time 40
note_off 64
time 68
note_on 38
velocity 74
time 4
note_on 66
velocity 81
time 3
note_off 45
time 42
note_off 69
time 0
note_on 50
velocity 72
time 153
note_on 71
velocity 81
time 11
note_off 73
time 5
note_off 38
time 8
note_on 74
velocity 83
time 305
note_off 66
time 193
note_off 71
time 26
note_off 74
time 72
note_on 64
velocity 86
time 5
note_on 68
velocity 74
time 6
note_on 76
velocity 86
time 115
note_on 49
velocity 65
time 5
note_off 50
time 28
note_off 68
time 90
note_on 54
velocity 69
time 179
note_on 73
velocity 77
time 0
note_on 69
velocity 84
time 5
note_off 64
time 19
note_off 49
time 5
note_off 76
time 0
note_off 73
time 226
note_on 50
velocity 60
time 0
note_off 54
time 0
note_on 78
velocity 88
time 5
note_off 69
time 19
note_off 50
time 5
note_on 52
velocity 64
time 30
note_on 71
velocity 88
time 0
note_on 69
velocity 71
time 4
note_off 78
time 14
note_off 52
time 15
note_on 40
velocity 63
time 9
note_on 68
velocity 83
time 9
note_off 69
time 0
note_off 40
time 137
note_off 71
time 42
note_off 68
time 16
note_on 45
velocity 58
time 22
note_on 69
velocity 72
time 0
note_off 45
time 11
note_on 76
velocity 66
time 31
note_on 45
velocity 59
time 2
note_off 69
time 4
note_on 74
velocity 72
time 10
note_off 76
time 0
note_on 73
velocity 77
time 0
note_off 74
time 0
note_on 50
velocity 59
time 4
note_off 45
time 5
note_on 71
velocity 75
time 0
note_off 73
time 0
note_off 71
time 11
note_off 50
time 7
note_on 49
velocity 57
time 11
note_on 69
velocity 66
time 4
note_off 69
time 115
note_on 71
velocity 71
time 7
note_off 71
time 122
note_off 49
time 41
note_on 73
velocity 70
time 0
note_on 57
velocity 59
time 11
note_off 73
time 29
note_on 69
velocity 62
time 55
note_off 57
time 143
note_off 69
time 8
note_on 50
velocity 52
time 12
note_on 67
velocity 65
time 0
note_off 67
time 104
note_on 66
velocity 69
time 31
note_off 50
time 55
note_off 66
time 10
note_on 59
velocity 57
time 7
note_on 67
velocity 69
time 9
note_off 67
time 97
note_on 66
velocity 71
time 35
note_off 59
time 47
note_off 66
time 26
note_on 52
velocity 55
time 6
note_on 67
velocity 68
time 5
note_off 67
time 88
note_on 71
velocity 66
time 43
note_off 71
time 62
note_off 52
time 14
note_on 61
velocity 52
time 5
note_on 69
velocity 62
time 0
note_off 69
time 40
note_on 67
velocity 62
time 27
note_off 61
time 65
note_off 67
time 66
note_on 62
velocity 51
time 28
note_on 66
velocity 64
time 4
note_off 62
time 111
note_on 61
velocity 54
time 18
note_off 61
time 134
note_off 66
time 5
note_on 62
velocity 72
time 18
note_on 59
velocity 57
time 8
note_off 59
time 81
note_on 57
velocity 66
time 54
note_off 62
time 128
note_off 57
time 19
note_on 56
velocity 66
time 11
note_on 69
velocity 75
time 0
note_off 56
time 129
note_on 54
velocity 71
time 5
note_off 54
time 161
note_on 52
velocity 71
time 6
note_on 68
velocity 88
time 7
note_off 69
time 7
note_on 54
velocity 72
time 130
note_off 52
time 4
note_on 56
velocity 68
time 163
note_on 76
velocity 88
time 0
note_off 54
time 1
note_off 68
time 92
note_off 56
time 36
note_on 52
velocity 71
time 7
note_on 50
velocity 72
time 147
note_off 52
time 15
note_on 69
velocity 86
time 4
note_off 76
time 0
note_off 50
time 136
note_on 49
velocity 69
time 4
note_off 49
time 148
note_on 50
velocity 74
time 4
note_on 78
velocity 94
time 7
note_off 69
time 55
note_on 49
velocity 74
time 98
note_off 50
time 5
note_on 71
velocity 91
time 140
note_on 50
velocity 74
time 9
note_off 49
time 13
note_off 78
time 46
note_on 54
velocity 74
time 86
note_off 50
time 4
note_on 74
velocity 21
time 134
note_off 54
time 9
note_on 80
velocity 89
time 0
note_on 52
velocity 70
time 11
note_off 71
time 41
note_off 74
time 3
note_on 50
velocity 73
time 96
note_off 52
time 0
note_on 49
velocity 68
time 152
note_on 81
velocity 88
time 2
note_off 50
time 6
note_off 80
time 53
note_off 49
time 67
note_on 47
velocity 75
time 18
note_on 45
velocity 69
time 156
note_off 47
time 5
note_on 73
velocity 81
time 4
note_on 76
velocity 87
time 5
note_off 81
time 8
note_off 45
time 108
note_on 47
velocity 71
time 19
note_off 47
time 148
note_on 49
velocity 68
time 9
note_off 49
time 139
note_on 45
velocity 60
time 25
note_on 50
velocity 71
time 143
note_off 45
time 16
note_off 50
time 119
note_on 49
velocity 69
time 11
note_off 73
time 20
note_off 49
time 128
note_on 50
velocity 68
time 4
note_on 71
velocity 74
time 22
note_on 74
velocity 77
time 5
note_off 76
time 20
note_off 50
time 86
note_on 52
velocity 67
time 15
note_off 74
time 153
note_off 52
time 7
note_on 78
velocity 83
time 0
note_on 49
velocity 60
time 6
note_on 69
velocity 71
time 5
note_off 71
time 15
note_off 49
time 126
note_on 50
velocity 64
time 6
note_off 78
time 33
note_off 50
time 106
note_on 71
velocity 80
time 12
note_on 52
velocity 61
time 9
note_off 52
time 143
note_on 50
velocity 63
time 15
note_off 69
time 89
note_off 50
time 39
note_on 52
velocity 63
time 14
note_on 68
velocity 76
time 0
note_off 52
time 130
note_on 54
velocity 62
time 0
note_off 54
time 115
note_on 50
velocity 57
time 56
note_off 68
time 0
note_on 64
velocity 71
time 14
note_off 50
time 98
note_on 52
velocity 65
time 22
note_off 52
time 145
note_off 64
time 7
note_on 54
velocity 60
time 8
note_on 61
velocity 69
time 22
note_off 54
time 104
note_on 56
velocity 59
time 4
note_off 71
time 38
note_off 61
time 32
note_off 56
time 31
note_on 54
velocity 60
time 4
note_on 69
velocity 70
time 21
note_on 62
velocity 64
time 4
note_off 54
time 26
note_on 52
velocity 58
time 28
note_off 52
time 141
note_off 69
time 5
note_on 50
velocity 61
time 11
note_off 62
time 0
note_on 67
velocity 61
time 13
note_on 64
velocity 68
time 7
note_off 50
time 104
note_on 49
velocity 57
time 5
note_off 67
time 147
note_off 49
time 5
note_on 50
velocity 55
time 15
note_on 66
velocity 64
time 11
note_off 50
time 112
note_on 52
velocity 58
time 32
note_off 64
time 66
note_off 52
time 59
note_on 50
velocity 57
time 32
note_on 57
velocity 68
time 0
note_off 50
time 91
note_on 49
velocity 58
time 17
note_off 49
time 109
note_off 57
time 48
note_on 47
velocity 55
time 4
note_on 62
velocity 77
time 0
note_off 47
time 132
note_on 45
velocity 54
time 16
note_off 45
time 131
note_on 44
velocity 60
time 23
note_on 71
velocity 68
time 11
note_off 44
time 116
note_off 62
time 19
note_on 47
velocity 58
time 7
note_off 71
time 93
note_off 47
time 23
note_on 45
velocity 63
time 13
note_on 61
velocity 69
time 27
note_on 64
velocity 69
time 0
note_off 66
time 5
note_off 45
time 76
note_on 44
velocity 66
time 16
note_off 44
time 14
note_on 42
velocity 65
time 7
note_on 69
velocity 70
time 2
note_off 64
time 2
note_off 42
time 156
note_on 40
velocity 57
time 6
note_on 42
velocity 62
time 148
note_off 69
time 6
note_on 62
velocity 71
time 9
note_off 40
time 27
note_off 42
time 106
note_on 45
velocity 60
time 16
note_on 44
velocity 70
time 0
note_on 59
velocity 74
time 0
note_off 45
time 5
note_off 61
time 38
note_off 62
time 2
note_on 42
velocity 68
time 33
note_off 44
time 6
note_off 42
time 123
note_on 40
velocity 67
time 18
note_on 62
velocity 79
time 5
note_off 59
time 20
note_on 38
velocity 69
time 91
note_off 40
time 0
note_off 38
time 34
note_on 37
velocity 68
time 13
note_on 56
velocity 81
time 19
note_off 37
time 46
note_on 48
velocity 69
time 64
note_off 48
time 111
note_on 50
velocity 72
time 54
note_off 62
time 0
note_on 64
velocity 84
time 0
note_on 61
velocity 71
time 0
note_off 56
time 9
note_off 50
time 72
note_on 52
velocity 76
time 16
note_off 61
time 125
note_on 69
velocity 79
time 20
note_on 54
velocity 75
time 5
note_off 52
time 21
note_on 61
velocity 72
time 9
note_off 64
time 113
note_on 56
velocity 77
time 34
note_off 54
time 4
note_on 57
velocity 75
time 115
note_off 56
time 9
note_on 66
velocity 82
time 8
note_off 69
time 25
note_off 57
time 38
note_on 50
velocity 71
time 27
note_off 50
time 109
note_off 66
time 4
note_on 69
velocity 78
time 0
note_on 59
velocity 78
time 2
note_on 52
velocity 68
time 3
note_off 61
time 51
note_on 68
velocity 79
time 563
note_on 40
velocity 63
time 2
note_off 52
time 4
note_off 69
time 75
note_on 45
velocity 57
time 859
note_on 61
velocity 61
time 0
note_on 69
velocity 71
time 0
note_off 40
time 4
note_off 59
time 4
note_off 68
time 45
note_off 61
time 141
note_off 69
time 16
note_off 45
time 15
