note_on 42
velocity 86
time 967
note_on 30
velocity 79
time 4
note_off 30
time 12
note_off 42
time 31
note_on 61
velocity 74
time 546
note_on 66
velocity 87
time 0
note_on 54
velocity 67
time 6
note_on 57
velocity 79
time 0
note_on 49
velocity 63
time 0
note_off 49
time 21
note_off 54
time 36
note_off 66
time 48
note_off 57
time 7
note_off 61
time 48
note_on 49
velocity 61
time 13
note_on 42
velocity 56
time 4
note_off 49
time 11
note_off 42
time 5
note_on 49
velocity 36
time 9
note_on 66
velocity 45
time 0
note_on 61
velocity 40
time 6
note_on 57
velocity 41
time 4
note_on 54
velocity 27
time 9
note_off 61
time 8
note_off 57
time 7
note_off 66
time 0
note_off 49
time 9
note_off 54
time 4
note_on 49
velocity 43
time 16
note_on 42
velocity 40
time 11
note_off 49
time 16
note_off 42
time 0
note_on 49
velocity 37
time 4
note_on 66
velocity 44
time 11
note_on 57
velocity 45
time 5
note_on 61
velocity 34
time 0
note_on 54
velocity 33
time 14
note_off 49
time 27
note_off 57
time 5
note_off 61
time 0
note_off 66
time 0
note_off 54
time 10
note_on 49
velocity 31
time 200
note_on 42
velocity 30
time 14
note_off 49
time 31
note_off 42
time 19
note_on 49
velocity 34
time 216
note_on 66
velocity 40
time 0
note_on 61
velocity 40
time 4
note_on 57
velocity 37
time 19
note_on 54
velocity 27
time 4
note_off 61
time 26
note_off 49
time 9
note_off 66
time 0
note_off 57
time 4
note_off 54
time 6
note_on 71
velocity 63
time 0
note_on 42
velocity 46
time 4
note_on 49
velocity 43
time 2
note_on 69
velocity 68
time 7
note_on 61
velocity 60
time 8
note_off 71
time 0
note_on 66
velocity 59
time 5
note_off 49
time 14
note_off 61
time 4
note_off 42
time 4
note_off 66
time 3
note_off 69
time 5
note_on 69
velocity 68
time 323
note_on 49
velocity 47
time 9
note_on 61
velocity 49
time 18
note_on 54
velocity 36
time 3
note_on 66
velocity 49
time 9
note_off 49
time 18
note_off 54
time 18
note_off 61
time 4
note_off 66
time 11
note_off 69
time 51
note_on 71
velocity 70
time 10
note_on 50
velocity 48
time 185
note_off 71
time 0
note_on 42
velocity 47
time 7
note_on 69
velocity 65
time 0
note_on 61
velocity 46
time 19
note_on 66
velocity 50
time 9
note_off 50
time 13
note_off 42
time 4
note_off 61
time 9
note_off 66
time 7
note_off 69
time 4
note_on 50
velocity 47
time 334
note_on 68
velocity 69
time 7
note_on 59
velocity 56
time 9
note_on 54
velocity 37
time 9
note_on 65
velocity 38
time 18
note_off 50
time 4
note_off 59
time 5
note_off 68
time 4
note_off 54
time 13
note_off 65
time 10
note_on 69
velocity 55
time 166
note_on 71
velocity 70
time 40
note_off 69
time 15
note_on 42
velocity 50
time 58
note_on 69
velocity 67
time 4
note_off 71
time 0
note_on 73
velocity 76
time 13
note_on 49
velocity 25
time 5
note_off 42
time 20
note_off 69
time 4
note_off 49
time 22
note_on 66
velocity 59
time 311
note_on 49
velocity 41
time 9
note_on 57
velocity 45
time 9
note_off 73
time 28
note_off 66
time 8
note_off 57
time 7
note_off 49
time 5
note_on 61
velocity 3
time 5
note_off 61
time 57
note_on 69
velocity 51
time 136
note_on 71
velocity 74
time 37
note_off 69
time 13
note_on 42
velocity 49
time 57
note_on 69
velocity 72
time 4
note_on 49
velocity 39
time 5
note_off 71
time 0
note_on 73
velocity 77
time 4
note_off 42
time 30
note_off 49
time 4
note_off 69
time 9
note_on 66
velocity 59
time 345
note_on 49
velocity 45
time 4
note_off 73
time 13
note_on 57
velocity 35
time 9
note_on 61
velocity 51
time 0
note_off 66
time 25
note_off 61
time 9
note_off 57
time 5
note_off 49
time 4
note_on 71
velocity 57
time 302
note_on 42
velocity 42
time 66
note_on 49
velocity 38
time 0
note_on 69
velocity 67
time 0
note_on 66
velocity 51
time 4
note_on 61
velocity 51
time 6
note_off 71
time 4
note_off 66
time 33
note_off 49
time 5
note_off 42
time 4
note_off 61
time 0
note_off 69
time 9
note_on 49
velocity 43
time 358
note_on 69
velocity 63
time 8
note_on 54
velocity 41
time 16
note_on 61
velocity 43
time 6
note_on 66
velocity 46
time 9
note_off 49
time 25
note_off 54
time 11
note_off 66
time 28
note_off 61
time 9
note_off 69
time 37
note_on 71
velocity 67
time 10
note_off 71
time 184
note_on 44
velocity 44
time 70
note_on 60
velocity 51
time 0
note_on 69
velocity 52
time 0
note_on 54
velocity 36
time 11
note_on 63
velocity 52
time 13
note_off 60
time 31
note_off 63
time 5
note_off 69
time 9
note_off 44
time 5
note_off 54
time 0
note_on 73
velocity 55
time 442
note_on 49
velocity 36
time 7
note_on 59
velocity 39
time 15
note_on 68
velocity 45
time 0
note_on 65
velocity 41
time 4
note_off 68
time 47
note_off 65
time 5
note_off 59
time 14
note_off 73
time 0
note_off 49
time 13
note_on 42
velocity 45
time 287
note_on 73
velocity 60
time 43
note_on 49
velocity 38
time 32
note_off 42
time 15
note_off 73
time 31
note_off 49
time 4
note_on 66
velocity 48
time 5
note_on 69
velocity 25
time 4
note_on 57
velocity 63
time 4
note_on 78
velocity 73
time 0
note_off 57
time 46
note_on 57
velocity 52
time 285
note_on 61
velocity 55
time 13
note_on 49
velocity 41
time 11
note_off 57
time 12
note_off 69
time 0
note_off 66
time 9
note_off 78
time 6
note_off 61
time 4
note_off 49
time 19
note_on 73
velocity 62
time 237
note_on 42
velocity 34
time 13
note_on 49
velocity 52
time 7
note_off 42
time 32
note_on 69
velocity 31
time 2
note_off 49
time 16
note_on 57
velocity 63
time 11
note_on 66
velocity 59
time 18
note_off 73
time 4
note_on 78
velocity 72
time 4
note_off 57
time 25
note_off 69
time 306
note_on 57
velocity 49
time 19
note_on 49
velocity 35
time 16
note_on 61
velocity 40
time 14
note_off 78
time 4
note_off 66
time 7
note_off 49
time 19
note_off 57
time 4
note_off 61
time 4
note_on 79
velocity 50
time 342
note_on 50
velocity 37
time 51
note_on 57
velocity 31
time 17
note_on 66
velocity 46
time 5
note_off 79
time 2
note_on 78
velocity 46
time 4
note_on 74
velocity 17
time 10
note_off 66
time 31
note_off 78
time 5
note_off 50
time 8
note_off 57
time 0
note_off 74
time 0
note_on 57
velocity 42
time 322
note_on 78
velocity 65
time 4
note_on 66
velocity 52
time 4
note_on 62
velocity 34
time 13
note_on 74
velocity 42
time 5
note_off 57
time 22
note_off 62
time 12
note_off 66
time 17
note_off 78
time 18
note_off 74
time 18
note_on 79
velocity 64
time 26
note_off 79
time 92
note_on 78
velocity 71
time 68
note_on 49
velocity 53
time 7
note_on 58
velocity 50
time 15
note_on 76
velocity 78
time 0
note_on 66
velocity 48
time 16
note_off 49
time 16
note_off 76
time 9
note_off 58
time 4
note_off 66
time 7
note_off 78
time 4
note_on 78
velocity 86
time 319
note_on 58
velocity 52
time 5
note_on 76
velocity 76
time 0
note_on 66
velocity 72
time 4
note_on 64
velocity 50
time 9
note_off 58
time 28
note_off 66
time 0
note_off 64
time 6
note_off 76
time 5
note_off 78
time 21
note_on 47
velocity 46
time 173
note_on 54
velocity 57
time 15
note_off 47
time 11
note_on 78
velocity 85
time 12
note_on 74
velocity 60
time 0
note_on 66
velocity 64
time 12
note_off 54
time 0
note_on 62
velocity 63
time 0
note_off 66
time 51
note_off 62
time 38
note_off 74
time 4
note_off 78
time 90
note_on 62
velocity 76
time 219
note_on 54
velocity 57
time 18
note_on 83
velocity 77
time 0
note_on 71
velocity 43
time 31
note_on 74
velocity 49
time 0
note_off 74
time 48
note_off 71
time 4
note_off 83
time 4
note_on 64
velocity 87
time 167
note_off 62
time 69
note_off 64
time 16
note_off 54
time 44
note_on 44
velocity 50
time 12
note_on 66
velocity 62
time 4
note_on 73
velocity 50
time 20
note_on 74
velocity 44
time 0
note_on 78
velocity 57
time 0
note_off 44
time 12
note_off 73
time 0
note_off 74
time 220
note_on 59
velocity 25
time 44
note_on 71
velocity 43
time 15
note_on 54
velocity 36
time 22
note_on 62
velocity 14
time 26
note_off 66
time 16
note_off 78
time 10
note_off 59
time 58
note_off 62
time 0
note_off 71
time 4
note_off 54
time 57
note_on 49
velocity 60
time 20
note_on 61
velocity 57
time 4
note_on 73
velocity 78
time 5
note_on 69
velocity 58
time 11
note_off 49
time 9
note_off 61
time 0
note_off 69
time 0
note_off 73
time 21
note_on 71
velocity 71
time 92
note_on 68
velocity 60
time 20
note_off 68
time 38
note_off 71
time 21
note_on 69
velocity 77
time 73
note_on 61
velocity 64
time 16
note_on 66
velocity 69
time 4
note_off 66
time 43
note_off 69
time 5
note_off 61
time 4
note_on 71
velocity 82
time 80
note_on 62
velocity 64
time 2
note_on 68
velocity 33
time 39
note_off 68
time 21
note_off 71
time 0
note_off 62
time 15
note_on 61
velocity 63
time 85
note_on 69
velocity 70
time 5
note_on 73
velocity 80
time 0
note_off 61
time 31
note_off 69
time 7
note_off 73
time 22
note_on 74
velocity 75
time 80
note_on 66
velocity 69
time 9
note_off 66
time 35
note_off 74
time 31
note_on 49
velocity 51
time 87
note_on 73
velocity 77
time 0
note_on 69
velocity 40
time 20
note_on 59
velocity 20
time 5
note_off 49
time 15
note_off 69
time 18
note_off 73
time 4
note_off 59
time 22
note_on 77
velocity 74
time 59
note_on 68
velocity 57
time 10
note_off 68
time 30
note_off 77
time 11
note_on 78
velocity 67
time 150
note_on 49
velocity 45
time 11
note_on 57
velocity 46
time 0
note_on 66
velocity 42
time 15
note_on 73
velocity 40
time 17
note_off 49
time 16
note_off 57
time 0
note_on 49
velocity 37
time 292
note_on 42
velocity 44
time 5
note_off 49
time 46
note_off 42
time 7
note_off 66
time 129
note_off 78
time 22
note_off 73
time 4
note_on 57
velocity 40
time 165
note_on 78
velocity 52
time 7
note_on 49
velocity 26
time 4
note_on 66
velocity 33
time 0
note_on 73
velocity 28
time 0
note_off 57
time 78
note_off 49
time 9
note_off 78
time 333
note_on 49
velocity 33
time 28
note_on 42
velocity 31
time 8
note_off 73
time 17
note_off 49
time 27
note_off 42
time 5
note_off 66
time 0
note_on 71
velocity 54
time 367
note_on 69
velocity 72
time 29
note_on 49
velocity 45
time 15
note_on 42
velocity 45
time 5
note_on 61
velocity 45
time 4
note_on 66
velocity 74
time 0
note_off 71
time 0
note_off 61
time 33
note_off 49
time 31
note_off 69
time 0
note_off 42
time 4
note_on 49
velocity 44
time 384
note_on 69
velocity 61
time 7
note_on 54
velocity 29
time 15
note_on 61
velocity 26
time 4
note_off 49
time 28
note_off 54
time 14
note_off 61
time 4
note_off 69
time 45
note_on 71
velocity 67
time 23
note_off 71
time 108
note_off 66
time 43
note_on 50
velocity 56
time 35
note_on 69
velocity 69
time 0
note_on 65
velocity 70
time 4
note_on 42
velocity 47
time 13
note_off 50
time 44
note_off 42
time 4
note_off 69
time 19
note_on 50
velocity 50
time 290
note_on 68
velocity 70
time 14
note_on 54
velocity 27
time 11
note_off 50
time 26
note_off 54
time 21
note_off 65
time 111
note_on 69
velocity 60
time 17
note_off 68
time 7
note_on 71
velocity 38
time 69
note_off 69
time 39
note_on 66
velocity 78
time 11
note_on 73
velocity 86
time 9
note_on 42
velocity 58
time 8
note_on 48
velocity 62
time 4
note_off 71
time 5
note_on 49
velocity 28
time 30
note_off 42
time 5
note_off 48
time 18
note_off 49
time 30
note_on 57
velocity 51
time 292
note_on 61
velocity 56
time 12
note_on 48
velocity 38
time 6
note_on 49
velocity 32
time 5
note_off 73
time 9
note_off 57
time 4
note_off 48
time 32
note_off 49
time 0
note_off 61
time 0
note_on 69
velocity 51
time 175
note_on 71
velocity 55
time 64
note_off 69
time 54
note_on 48
velocity 43
time 34
note_on 73
velocity 68
time 0
note_on 42
velocity 35
time 12
note_off 71
time 0
note_on 49
velocity 27
time 9
note_off 42
time 38
note_off 48
time 9
note_off 49
time 6
note_off 73
time 332
note_on 57
velocity 33
time 4
note_on 61
velocity 49
time 5
note_on 48
velocity 32
time 4
note_on 49
velocity 22
time 11
note_off 57
time 25
note_off 48
time 11
note_off 49
time 18
note_off 61
time 0
note_on 71
velocity 56
time 312
note_on 69
velocity 70
time 62
note_on 49
velocity 40
time 4
note_off 66
time 0
note_off 71
time 2
note_on 42
velocity 43
time 7
note_on 61
velocity 69
time 4
note_off 49
time 62
note_off 69
time 7
note_off 42
time 5
note_on 63
velocity 47
time 398
note_on 47
velocity 42
time 8
note_on 54
velocity 36
time 7
note_on 69
velocity 54
time 7
note_off 47
time 37
note_off 54
time 9
note_off 69
time 77
note_off 63
time 32
note_on 71
velocity 57
time 4
note_off 71
time 218
note_off 61
time 33
note_on 69
velocity 59
time 4
note_on 54
velocity 37
time 12
note_on 44
velocity 45
time 2
note_on 60
velocity 56
time 15
note_off 44
time 63
note_off 69
time 4
note_off 54
time 4
note_on 49
velocity 34
time 447
note_on 73
velocity 50
time 0
note_on 59
velocity 51
time 20
note_on 65
velocity 33
time 0
note_on 68
velocity 47
time 0
note_off 60
time 9
note_off 65
time 37
note_off 49
time 4
note_off 68
time 11
note_off 73
time 37
note_off 59
time 9
note_on 73
velocity 50
time 152
note_on 42
velocity 47
time 25
note_off 73
time 15
note_on 49
velocity 45
time 0
note_off 42
time 14
note_on 78
velocity 60
time 16
note_on 66
velocity 45
time 7
note_off 49
time 0
note_on 57
velocity 58
time 4
note_on 69
velocity 24
time 9
note_off 57
time 13
note_on 57
velocity 18
time 19
note_on 50
velocity 49
time 5
note_on 61
velocity 52
time 0
note_off 69
time 10
note_off 57
time 11
note_off 61
time 4
note_on 49
velocity 4
time 9
note_off 50
time 22
note_off 49
time 5
note_off 66
time 38
note_off 78
time 15
note_on 42
velocity 48
time 11
note_on 73
velocity 61
time 0
note_off 42
time 26
note_on 49
velocity 14
time 30
note_on 69
velocity 43
time 5
note_off 73
time 4
note_on 78
velocity 63
time 9
note_on 57
velocity 54
time 0
note_on 66
velocity 48
time 0
note_off 49
time 8
note_off 57
time 16
note_off 69
time 182
note_on 57
velocity 45
time 40
note_on 49
velocity 24
time 9
note_on 61
velocity 50
time 22
note_on 50
velocity 40
time 5
note_off 78
time 0
note_off 66
time 22
note_off 49
time 4
note_off 57
time 5
note_off 61
time 6
note_off 50
time 5
note_on 79
velocity 62
time 177
note_on 78
velocity 80
time 41
note_on 50
velocity 51
time 7
note_on 57
velocity 52
time 2
note_off 79
time 0
note_on 66
velocity 78
time 9
note_off 57
time 16
note_off 50
time 0
note_off 78
time 2
note_on 57
velocity 48
time 338
note_on 78
velocity 75
time 11
note_on 62
velocity 23
time 18
note_on 74
velocity 47
time 10
note_off 57
time 19
note_off 62
time 18
note_off 78
time 30
note_off 74
time 28
note_on 79
velocity 70
time 22
note_on 78
velocity 66
time 52
note_on 49
velocity 56
time 3
note_off 79
time 5
note_on 58
velocity 53
time 2
note_off 66
time 0
note_on 76
velocity 82
time 4
note_off 49
time 16
note_off 58
time 8
note_off 78
time 0
note_on 66
velocity 53
time 335
note_on 78
velocity 60
time 0
note_on 64
velocity 46
time 9
note_on 58
velocity 40
time 7
note_off 64
time 33
note_off 78
time 0
note_off 58
time 7
note_off 66
time 18
note_on 47
velocity 29
time 235
note_on 54
velocity 46
time 11
note_off 47
time 16
note_on 78
velocity 59
time 9
note_on 74
velocity 62
time 3
note_on 66
velocity 43
time 13
note_off 54
time 5
note_off 78
time 5
note_on 62
velocity 51
time 4
note_off 66
time 0
note_off 76
time 7
note_off 62
time 4
note_on 62
velocity 44
time 315
note_on 54
velocity 42
time 4
note_on 83
velocity 60
time 18
note_on 71
velocity 43
time 19
note_off 83
time 67
note_off 71
time 45
note_off 74
time 22
note_on 64
velocity 57
time 92
note_off 62
time 31
note_off 64
time 27
note_off 54
time 32
note_on 44
velocity 41
time 9
note_on 73
velocity 58
time 0
note_on 74
velocity 32
time 4
note_on 78
velocity 47
time 4
note_on 66
velocity 34
time 4
note_off 44
time 4
note_off 73
time 63
note_off 74
time 241
note_on 59
velocity 23
time 22
note_on 71
velocity 51
time 4
note_on 54
velocity 30
time 38
note_off 78
time 40
note_off 66
time 10
note_off 71
time 52
note_off 59
time 40
note_off 54
time 71
note_on 49
velocity 65
time 10
note_on 61
velocity 63
time 0
note_on 73
velocity 74
time 1
note_on 69
velocity 56
time 4
note_off 49
time 15
note_off 61
time 0
note_off 69
time 15
note_off 73
time 0
note_on 71
velocity 66
time 4
note_off 71
time 47
note_on 69
velocity 71
time 79
note_on 61
velocity 76
time 2
note_on 66
velocity 60
time 19
note_off 66
time 42
note_off 69
time 0
note_off 61
time 36
note_on 62
velocity 81
time 37
note_on 71
velocity 78
time 11
note_off 71
time 55
note_off 62
time 30
note_on 61
velocity 72
time 55
note_on 73
velocity 80
time 13
note_on 69
velocity 60
time 11
note_off 61
time 8
note_off 69
time 31
note_on 68
velocity 10
time 8
note_off 68
time 5
note_off 73
time 0
note_on 74
velocity 76
time 48
note_on 66
velocity 74
time 4
note_off 66
time 14
note_off 74
time 31
note_on 49
velocity 62
time 73
note_on 69
velocity 64
time 6
note_on 73
velocity 80
time 4
note_on 59
velocity 53
time 7
note_off 49
time 21
note_off 69
time 4
note_off 59
time 7
note_off 73
time 32
note_on 77
velocity 76
time 60
note_on 68
velocity 64
time 11
note_off 68
time 37
note_off 77
time 27
note_on 78
velocity 70
time 139
note_on 49
velocity 48
time 4
note_on 50
velocity 53
time 5
note_on 57
velocity 52
time 0
note_on 66
velocity 54
time 5
note_on 73
velocity 53
time 9
note_off 57
time 18
note_off 49
time 19
note_off 50
time 8
note_on 48
velocity 49
time 303
note_on 49
velocity 35
time 4
note_on 42
velocity 35
time 5
note_off 42
time 48
note_off 48
time 2
note_off 49
time 8
note_off 66
time 172
note_off 78
time 4
note_off 73
time 13
note_on 49
velocity 35
time 126
note_on 57
velocity 34
time 4
note_on 50
velocity 33
time 15
note_on 78
velocity 54
time 0
note_on 66
velocity 35
time 22
note_on 73
velocity 36
time 5
note_off 57
time 19
note_off 50
time 13
note_off 49
time 16
note_off 66
time 13
note_on 66
velocity 6
time 0
note_on 48
velocity 33
time 342
note_on 49
velocity 34
time 11
note_on 42
velocity 22
time 14
note_off 78
time 59
note_off 42
time 3
note_off 48
time 12
note_off 49
time 0
note_off 73
time 27
note_off 66
time 4
note_on 52
velocity 31
time 464
note_on 45
velocity 36
time 12
note_on 73
velocity 70
time 0
note_off 45
time 67
note_off 52
time 4
note_on 69
velocity 48
time 355
note_on 52
velocity 49
time 16
note_on 57
velocity 42
time 18
note_off 57
time 37
note_off 52
time 5
note_off 69
time 43
note_on 54
velocity 53
time 37
note_off 54
time 37
note_off 73
time 36
note_on 73
velocity 85
time 102
note_on 52
velocity 50
time 6
note_on 45
velocity 36
time 26
note_off 52
time 29
note_off 45
time 14
note_on 51
velocity 54
time 273
note_on 57
velocity 61
time 4
note_on 61
velocity 66
time 6
note_on 69
velocity 59
time 0
note_off 57
time 48
note_off 51
time 4
note_off 69
time 4
note_off 61
time 3
note_off 73
time 154
note_on 45
velocity 34
time 134
note_on 52
velocity 41
time 0
note_on 73
velocity 68
time 38
note_off 45
time 48
note_off 52
time 16
note_off 73
time 72
note_on 74
velocity 72
time 9
note_on 76
velocity 86
time 155
note_on 62
velocity 74
time 6
note_on 53
velocity 43
time 14
note_on 57
velocity 49
time 0
note_on 68
velocity 73
time 0
note_off 74
time 0
note_off 62
time 13
note_off 57
time 23
note_off 53
time 9
note_off 76
time 63
note_on 74
velocity 86
time 9
note_off 68
time 7
note_off 74
time 73
note_on 74
velocity 74
time 119
note_on 45
velocity 43
time 9
note_on 53
velocity 44
time 4
note_off 45
time 60
note_off 53
time 10
note_on 62
velocity 51
time 273
note_on 69
velocity 50
time 0
note_on 54
velocity 39
time 5
note_on 57
velocity 44
time 4
note_off 54
time 33
note_off 57
time 18
note_off 62
time 0
note_off 74
time 62
note_off 69
time 9
note_on 73
velocity 64
time 7
note_off 73
time 47
note_on 73
velocity 61
time 123
note_on 47
velocity 47
time 20
note_on 71
velocity 71
time 22
note_on 57
velocity 41
time 13
note_on 66
velocity 55
time 0
note_off 73
time 0
note_off 47
time 15
note_off 57
time 22
note_off 66
time 0
note_off 71
time 13
note_on 57
velocity 50
time 270
note_on 62
velocity 58
time 11
note_on 71
velocity 73
time 0
note_off 62
time 26
note_on 66
velocity 46
time 4
note_off 57
time 12
note_off 66
time 26
note_off 71
time 25
note_on 68
velocity 67
time 27
note_off 68
time 96
note_on 73
velocity 84
time 87
note_on 40
velocity 43
time 4
note_on 50
velocity 47
time 7
note_on 66
velocity 58
time 13
note_off 40
time 20
note_off 50
time 4
note_off 73
time 76
note_on 71
velocity 80
time 8
note_off 66
time 34
note_off 71
time 75
note_on 69
velocity 71
time 61
note_on 50
velocity 53
time 16
note_on 56
velocity 66
time 0
note_on 65
velocity 60
time 9
note_off 50
time 26
note_off 56
time 14
note_off 69
time 17
note_off 65
time 41
note_on 71
velocity 79
time 11
note_off 71
time 55
note_on 45
velocity 49
time 125
note_on 71
velocity 73
time 8
note_on 52
velocity 35
time 20
note_off 45
time 9
note_off 52
time 37
note_on 52
velocity 57
time 255
note_on 62
velocity 46
time 16
note_on 57
velocity 43
time 8
note_on 64
velocity 42
time 0
note_off 57
time 40
note_off 62
time 5
note_off 64
time 0
note_off 52
time 4
note_on 54
velocity 52
time 76
note_off 54
time 50
note_on 45
velocity 43
time 143
note_on 52
velocity 38
time 13
note_off 71
time 9
note_on 73
velocity 64
time 4
note_off 52
time 50
note_off 45
time 9
note_on 52
velocity 49
time 318
note_on 57
velocity 57
time 7
note_on 64
velocity 59
time 9
note_on 61
velocity 37
time 10
note_off 52
time 19
note_off 64
time 13
note_off 57
time 5
note_off 61
time 4
note_off 73
time 25
note_on 49
velocity 56
time 215
note_on 76
velocity 74
time 18
note_on 57
velocity 51
time 5
note_off 49
time 47
note_off 76
time 7
note_off 57
time 13
note_on 81
velocity 89
time 5
note_on 69
velocity 74
time 4
note_on 64
velocity 77
time 9
note_on 73
velocity 63
time 13
note_off 64
time 20
note_on 64
velocity 76
time 292
note_on 57
velocity 69
time 8
note_off 73
time 32
note_off 64
time 11
note_off 57
time 31
note_off 69
time 37
note_off 81
time 4
note_on 66
velocity 79
time 11
note_on 76
velocity 84
time 46
note_off 66
time 4
note_off 76
time 56
note_on 57
velocity 86
time 52
note_on 64
velocity 88
time 0
note_on 81
velocity 92
time 0
note_on 69
velocity 87
time 4
note_on 73
velocity 86
time 12
note_off 64
time 16
note_off 57
time 15
note_on 65
velocity 83
time 289
note_on 57
velocity 79
time 4
note_off 81
time 3
note_off 65
time 44
note_off 57
time 3
note_off 69
time 7
note_off 73
time 47
note_on 50
velocity 57
time 6
note_on 58
velocity 54
time 12
note_on 80
velocity 88
time 10
note_on 66
velocity 75
time 8
note_on 76
velocity 72
time 0
note_off 76
time 9
note_off 80
time 0
note_on 78
velocity 90
time 38
note_off 50
time 35
note_off 66
time 42
note_off 78
time 13
note_on 64
velocity 75
time 39
note_on 54
velocity 60
time 11
note_on 74
velocity 84
time 9
note_on 77
velocity 87
time 9
note_off 58
time 9
note_off 64
time 0
note_off 54
time 29
note_off 74
time 20
note_off 77
time 4
note_on 78
velocity 93
time 60
note_off 78
time 0
note_on 49
velocity 66
time 16
note_on 78
velocity 81
time 0
note_on 76
velocity 58
time 20
note_on 71
velocity 39
time 17
note_off 49
time 9
note_off 71
time 32
note_off 76
time 4
note_on 64
velocity 77
time 42
note_on 69
velocity 69
time 11
note_off 64
time 29
note_off 69
time 13
note_on 48
velocity 75
time 73
note_on 68
velocity 82
time 28
note_off 48
time 13
note_on 75
velocity 59
time 11
note_off 68
time 20
note_off 75
time 17
note_on 63
velocity 61
time 54
note_on 69
velocity 66
time 20
note_off 63
time 15
note_off 69
time 23
note_off 78
time 20
note_on 47
velocity 50
time 84
note_on 52
velocity 54
time 18
note_on 78
velocity 74
time 5
note_on 74
velocity 62
time 0
note_on 68
velocity 59
time 0
note_off 47
time 17
note_off 52
time 0
note_off 68
time 4
note_off 78
time 0
note_off 74
time 11
note_on 76
velocity 85
time 0
note_off 76
time 66
note_on 52
velocity 71
time 15
note_on 56
velocity 73
time 2
note_on 76
velocity 73
time 9
note_on 74
velocity 73
time 2
note_on 62
velocity 53
time 11
note_on 72
velocity 58
time 4
note_off 62
time 6
note_off 72
time 0
note_off 74
time 16
note_off 76
time 0
note_on 57
velocity 84
time 3
note_off 52
time 5
note_off 56
time 22
note_off 57
time 4
note_on 40
velocity 47
time 0
note_on 59
velocity 61
time 5
note_on 50
velocity 41
time 9
note_on 56
velocity 57
time 15
note_off 40
time 7
note_off 56
time 9
note_off 50
time 0
note_off 59
time 14
note_on 57
velocity 53
time 15
note_on 76
velocity 69
time 5
note_on 52
velocity 28
time 1
note_off 76
time 4
note_off 57
time 5
note_off 52
time 15
note_on 56
velocity 52
time 8
note_off 56
time 38
note_on 57
velocity 47
time 54
note_on 52
velocity 32
time 358
note_on 45
velocity 39
time 7
note_on 64
velocity 44
time 9
note_on 76
velocity 51
time 2
note_on 69
velocity 32
time 9
note_off 64
time 28
note_off 76
time 0
note_off 69
time 8
note_off 52
time 7
note_off 45
time 4
note_off 57
time 26
note_on 57
velocity 39
time 311
note_on 76
velocity 41
time 410
note_on 52
velocity 30
time 5
note_on 64
velocity 23
time 4
note_on 45
velocity 29
time 9
note_on 69
velocity 34
time 7
note_off 76
time 14
note_on 73
velocity 14
time 11
note_off 69
time 16
note_off 45
time 2
note_off 64
time 2
note_off 52
time 7
note_off 57
time 9
note_off 73
time 0
note_on 45
velocity 54
time 393
note_on 52
velocity 53
time 4
note_on 73
velocity 64
time 0
note_off 45
time 35
note_off 52
time 5
note_on 57
velocity 63
time 319
note_on 52
velocity 47
time 5
note_on 69
velocity 45
time 11
note_off 57
time 26
note_on 61
velocity 19
time 0
note_off 52
time 4
note_off 69
time 2
note_off 73
time 7
note_off 61
time 38
note_on 54
velocity 65
time 42
note_off 54
time 50
note_on 52
velocity 74
time 128
note_on 45
velocity 62
time 9
note_on 73
velocity 75
time 7
note_off 52
time 16
note_off 45
time 9
note_on 51
velocity 77
time 284
note_on 57
velocity 76
time 5
note_on 69
velocity 45
time 4
note_on 61
velocity 45
time 13
note_off 51
time 15
note_off 57
time 2
note_off 69
time 0
note_off 61
time 18
note_off 73
time 11
note_on 52
velocity 74
time 263
note_on 45
velocity 59
time 11
note_on 73
velocity 74
time 5
note_off 52
time 27
note_off 45
time 9
note_off 73
time 39
note_on 74
velocity 75
time 73
note_off 74
time 75
note_on 53
velocity 68
time 72
note_on 76
velocity 84
time 5
note_on 57
velocity 63
time 4
note_on 62
velocity 49
time 28
note_on 68
velocity 52
time 13
note_off 53
time 5
note_off 57
time 0
note_off 76
time 15
note_off 62
time 4
note_off 68
time 6
note_on 74
velocity 74
time 58
note_off 74
time 54
note_on 45
velocity 73
time 93
note_on 74
velocity 88
time 15
note_on 54
velocity 70
time 4
note_off 45
time 27
note_on 62
velocity 40
time 17
note_off 54
time 7
note_off 62
time 25
note_on 57
velocity 75
time 50
note_off 57
time 43
note_off 74
time 65
note_on 69
velocity 77
time 41
note_on 59
velocity 70
time 17
note_off 59
time 41
note_off 69
time 25
note_on 73
velocity 89
time 55
note_off 73
time 85
note_on 71
velocity 79
time 102
note_on 73
velocity 85
time 0
note_on 66
velocity 74
time 11
note_on 47
velocity 71
time 14
note_on 57
velocity 73
time 0
note_off 47
time 40
note_off 66
time 0
note_off 71
time 4
note_off 57
time 9
note_off 73
time 4
note_on 50
velocity 67
time 93
note_off 50
time 38
note_on 57
velocity 68
time 96
note_on 50
velocity 66
time 5
note_on 66
velocity 83
time 0
note_on 71
velocity 87
time 0
note_off 57
time 39
note_off 50
time 4
note_off 66
time 9
note_off 71
time 11
note_on 68
velocity 82
time 65
note_off 68
time 73
note_on 73
velocity 97
time 80
note_on 50
velocity 82
time 4
note_on 40
velocity 54
time 9
note_on 65
velocity 77
time 0
note_on 38
velocity 40
time 13
note_off 50
time 16
note_off 40
time 6
note_off 65
time 7
note_off 38
time 25
note_off 73
time 13
note_on 71
velocity 68
time 64
note_on 62
velocity 64
time 26
note_off 71
time 16
note_off 62
time 22
note_on 69
velocity 79
time 81
note_on 59
velocity 74
time 11
note_off 69
time 40
note_off 59
time 29
note_on 56
velocity 66
time 58
note_on 71
velocity 69
time 6
note_off 56
time 25
note_off 71
time 22
note_on 52
velocity 58
time 129
note_on 71
velocity 60
time 0
note_on 45
velocity 61
time 7
note_off 45
time 41
note_off 52
time 0
note_on 62
velocity 53
time 285
note_on 52
velocity 55
time 20
note_on 56
velocity 56
time 0
note_off 62
time 13
note_on 64
velocity 39
time 0
note_off 56
time 30
note_off 64
time 11
note_off 52
time 30
note_on 54
velocity 54
time 46
note_off 54
time 53
note_off 71
time 112
note_on 73
velocity 62
time 31
note_on 52
velocity 39
time 10
note_on 45
velocity 42
time 12
note_off 52
time 27
note_off 45
time 11
note_on 52
velocity 44
time 290
note_on 57
velocity 65
time 14
note_on 64
velocity 53
time 0
note_on 61
velocity 28
time 7
note_off 52
time 15
note_off 64
time 9
note_off 57
time 6
note_off 73
time 9
note_off 61
time 2
note_on 76
velocity 68
time 221
note_on 49
velocity 64
time 17
note_on 57
velocity 30
time 16
note_off 76
time 12
note_off 49
time 40
note_on 69
velocity 74
time 0
note_on 81
velocity 86
time 0
note_off 57
time 11
note_on 64
velocity 94
time 0
note_on 73
velocity 71
time 5
note_off 64
time 7
note_off 73
time 248
note_on 64
velocity 87
time 32
note_on 57
velocity 81
time 5
note_off 57
time 34
note_off 64
time 0
note_off 81
time 6
note_off 69
time 9
note_on 66
velocity 87
time 89
note_on 76
velocity 78
time 13
note_off 66
time 42
note_off 76
time 6
note_on 58
velocity 4
time 19
note_off 58
time 53
note_on 81
velocity 91
time 9
note_on 69
velocity 82
time 9
note_on 64
velocity 94
time 5
note_on 57
velocity 93
time 4
note_on 73
velocity 76
time 5
note_off 64
time 33
note_off 57
time 22
note_off 81
time 259
note_on 65
velocity 87
time 29
note_on 57
velocity 84
time 4
note_off 69
time 22
note_off 65
time 18
note_off 73
time 0
note_off 57
time 4
note_on 50
velocity 44
time 244
note_on 58
velocity 60
time 4
note_on 66
velocity 87
time 15
note_on 80
velocity 87
time 0
note_on 76
velocity 41
time 15
note_off 76
time 20
note_off 80
time 2
note_on 78
velocity 88
time 5
note_off 50
time 58
note_off 66
time 9
note_off 78
time 5
note_off 58
time 43
note_on 64
velocity 79
time 7
note_on 54
velocity 60
time 4
note_on 74
velocity 79
time 11
note_on 77
velocity 92
time 0
note_off 54
time 0
note_off 64
time 6
note_off 77
time 10
note_off 74
time 0
note_on 78
velocity 87
time 22
note_off 78
time 5
note_on 59
velocity 79
time 0
note_on 78
velocity 83
time 4
note_on 62
velocity 68
time 9
note_on 73
velocity 69
time 2
note_on 74
velocity 31
time 38
note_off 59
time 4
note_off 62
time 0
note_off 73
time 0
note_off 74
time 56
note_on 71
velocity 71
time 11
note_on 54
velocity 64
time 4
note_off 71
time 39
note_off 54
time 19
note_on 70
velocity 69
time 92
note_on 50
velocity 47
time 8
note_off 50
time 36
note_off 70
time 7
note_on 69
velocity 64
time 70
note_on 49
velocity 56
time 21
note_off 78
time 22
note_off 69
time 6
note_off 49
time 21
note_on 50
velocity 51
time 5
note_on 78
velocity 65
time 16
note_on 47
velocity 37
time 5
note_on 68
velocity 52
time 8
note_on 74
velocity 36
time 0
note_off 47
time 2
note_off 50
time 15
note_off 78
time 0
note_off 74
time 13
note_on 76
velocity 82
time 4
note_off 68
time 30
note_off 76
time 34
note_on 52
velocity 71
time 10
note_on 56
velocity 74
time 4
note_on 76
velocity 80
time 8
note_on 74
velocity 67
time 13
note_on 62
velocity 39
time 11
note_off 74
time 16
note_off 62
time 18
note_off 76
time 11
note_on 57
velocity 85
time 7
note_off 52
time 9
note_off 56
time 0
note_off 57
time 0
note_on 40
velocity 45
time 0
note_on 59
velocity 68
time 9
note_on 50
velocity 54
time 16
note_on 56
velocity 63
time 2
note_off 40
time 4
note_off 50
time 4
note_off 56
time 2
note_off 59
time 12
note_on 57
velocity 57
time 15
note_on 52
velocity 45
time 12
note_on 76
velocity 69
time 0
note_on 62
velocity 40
time 4
note_off 76
time 13
note_off 62
time 18
note_off 57
time 25
note_off 52
time 45
note_on 56
velocity 55
time 5
note_off 56
time 130
note_on 57
velocity 52
time 53
note_on 45
velocity 46
time 333
note_on 52
velocity 37
time 6
note_on 63
velocity 58
time 5
note_on 76
velocity 54
time 11
note_off 63
time 18
note_on 73
velocity 36
time 0
note_on 69
velocity 41
time 4
note_off 45
time 22
note_off 52
time 3
note_off 57
time 0
note_on 64
velocity 49
time 4
note_off 73
time 10
note_off 76
time 0
note_off 69
time 7
note_off 64
time 18
note_on 57
velocity 48
time 281
note_on 45
velocity 34
time 387
note_on 63
velocity 53
time 15
note_on 52
velocity 32
time 9
note_on 76
velocity 47
time 4
note_off 63
time 20
note_off 45
time 18
note_on 69
velocity 23
time 4
note_on 73
velocity 13
time 0
note_off 52
time 7
note_off 57
time 8
note_on 64
velocity 35
time 18
note_off 69
time 6
note_off 76
time 4
note_off 73
time 13
note_off 64
time 21
note_on 77
velocity 73
time 350
note_on 73
velocity 64
time 4
note_on 61
velocity 52
time 9
note_on 65
velocity 46
time 0
note_off 61
time 38
note_on 57
velocity 58
time 329
note_on 61
velocity 67
time 6
note_off 57
time 65
note_off 61
time 14
note_on 62
velocity 78
time 50
note_off 77
time 21
note_off 65
time 14
note_off 73
time 21
note_off 62
time 30
note_on 77
velocity 94
time 82
note_on 56
velocity 78
time 5
note_on 61
velocity 68
time 0
note_on 65
velocity 82
time 4
note_on 73
velocity 86
time 5
note_off 61
time 25
note_off 56
time 11
note_off 65
time 289
note_on 49
velocity 72
time 15
note_on 59
velocity 88
time 5
note_off 73
time 20
note_off 77
time 11
note_off 49
time 9
note_off 59
time 12
note_on 59
velocity 64
time 264
note_on 78
velocity 76
time 0
note_on 54
velocity 64
time 28
note_on 69
velocity 87
time 31
note_on 73
velocity 63
time 0
note_on 81
velocity 90
time 9
note_off 59
time 16
note_on 57
velocity 82
time 4
note_off 73
time 11
note_off 78
time 5
note_off 69
time 6
note_off 54
time 5
note_off 81
time 18
note_on 55
velocity 22
time 216
note_off 57
time 33
note_on 50
velocity 43
time 12
note_off 55
time 5
note_on 42
velocity 77
time 13
note_on 69
velocity 85
time 7
note_on 81
velocity 92
time 0
note_on 73
velocity 85
time 5
note_off 50
time 10
note_off 42
time 22
note_off 81
time 45
note_off 73
time 6
note_on 80
velocity 86
time 66
note_off 69
time 41
note_off 80
time 44
note_on 56
velocity 78
time 67
note_on 78
velocity 97
time 0
note_off 56
time 44
note_on 57
velocity 77
time 107
note_off 78
time 33
note_off 57
time 17
note_on 59
velocity 78
time 101
note_on 76
velocity 86
time 13
note_on 66
velocity 79
time 9
note_off 59
time 20
note_on 68
velocity 53
time 2
note_off 66
time 7
note_off 68
time 26
note_off 76
time 11
note_on 74
velocity 81
time 64
note_on 60
velocity 74
time 5
note_off 60
time 41
note_off 74
time 20
note_on 73
velocity 89
time 115
note_on 61
velocity 71
time 12
note_off 61
time 50
note_on 69
velocity 67
time 284
note_on 64
velocity 62
time 4
note_on 57
velocity 69
time 9
note_on 61
velocity 61
time 4
note_off 64
time 16
note_off 69
time 17
note_off 57
time 18
note_off 61
time 4
note_on 62
velocity 71
time 73
note_off 62
time 59
note_off 73
time 111
note_on 77
velocity 86
time 28
note_on 61
velocity 52
time 5
note_on 56
velocity 62
time 4
note_off 56
time 35
note_off 61
time 0
note_on 49
velocity 63
time 11
note_on 73
velocity 66
time 4
note_on 68
velocity 70
time 9
note_on 59
velocity 63
time 2
note_on 65
velocity 54
time 0
note_off 65
time 27
note_off 49
time 11
note_off 68
time 0
note_off 73
time 0
note_off 59
time 9
note_off 77
time 14
note_on 78
velocity 42
time 37
note_on 59
velocity 50
time 33
note_on 80
velocity 69
time 21
note_on 54
velocity 53
time 14
note_on 73
velocity 61
time 0
note_on 69
velocity 65
time 4
note_on 81
velocity 80
time 0
note_off 78
time 15
note_off 59
time 9
note_off 80
time 0
note_on 57
velocity 71
time 5
note_off 69
time 5
note_off 73
time 0
note_off 54
time 4
note_off 81
time 13
note_off 57
time 272
note_on 81
velocity 79
time 27
note_on 42
velocity 71
time 4
note_on 50
velocity 17
time 7
note_on 69
velocity 62
time 1
note_on 73
velocity 73
time 0
note_off 42
time 38
note_off 50
time 5
note_off 73
time 18
note_off 81
time 6
note_on 80
velocity 76
time 89
note_off 80
time 84
note_on 56
velocity 55
time 92
note_on 78
velocity 73
time 0
note_off 56
time 32
note_off 78
time 91
note_on 57
velocity 61
time 40
note_off 57
time 46
note_on 76
velocity 66
time 136
note_on 58
velocity 51
time 20
note_on 68
velocity 61
time 9
note_off 58
time 36
note_off 76
time 48
note_off 69
time 4
note_on 59
velocity 59
time 116
note_on 74
velocity 61
time 2
note_off 59
time 46
note_off 74
time 13
note_on 67
velocity 56
time 284
note_on 73
velocity 56
time 19
note_on 70
velocity 5
time 45
note_off 68
time 25
note_off 70
time 48
note_on 54
velocity 36
time 11
note_on 64
velocity 24
time 9
note_on 70
velocity 37
time 0
note_off 67
time 47
note_on 71
velocity 55
time 97
note_off 70
time 48
note_off 73
time 0
note_off 64
time 57
note_off 71
time 46
note_on 66
velocity 65
time 53
note_on 73
velocity 66
time 15
note_off 54
time 17
note_off 66
time 15
note_on 54
velocity 37
time 12
note_on 64
velocity 61
time 11
note_on 70
velocity 60
time 0
note_off 54
time 0
note_off 64
time 12
note_off 73
time 54
note_off 70
time 35
note_on 50
velocity 51
time 20
note_on 58
velocity 53
time 11
note_on 73
velocity 76
time 15
note_on 66
velocity 65
time 5
note_on 74
velocity 80
time 131
note_off 73
time 42
note_on 76
velocity 85
time 50
note_on 59
velocity 63
time 2
note_off 74
time 16
note_off 58
time 4
note_off 50
time 0
note_off 59
time 9
note_on 74
velocity 80
time 4
note_off 76
time 5
note_off 74
time 35
note_off 66
time 7
note_on 47
velocity 56
time 83
note_on 65
velocity 64
time 6
note_on 74
velocity 76
time 0
note_on 57
velocity 60
time 17
note_off 47
time 15
note_off 57
time 27
note_off 74
time 230
note_on 62
velocity 54
time 56
note_on 57
velocity 48
time 6
note_on 73
velocity 73
time 0
note_off 62
time 34
note_off 57
time 5
note_off 73
time 35
note_on 71
velocity 71
time 68
note_off 65
time 36
note_off 71
time 127
note_on 61
velocity 56
time 33
note_on 69
velocity 75
time 4
note_on 52
velocity 57
time 8
note_off 61
time 25
note_on 64
velocity 62
time 4
note_off 52
time 19
note_off 69
time 0
note_on 40
velocity 46
time 269
note_on 69
velocity 55
time 6
note_on 63
velocity 54
time 11
note_off 64
time 0
note_off 40
time 26
note_on 52
velocity 28
time 14
note_off 63
time 0
note_off 69
time 0
note_off 52
time 47
note_on 52
velocity 54
time 241
note_on 59
velocity 48
time 7
note_on 62
velocity 63
time 4
note_on 69
velocity 60
time 5
note_off 59
time 31
note_off 52
time 4
note_off 62
time 10
note_off 69
time 41
note_on 71
velocity 72
time 61
note_off 71
time 94
note_on 40
velocity 52
time 32
note_on 66
velocity 73
time 18
note_on 73
velocity 76
time 0
note_off 40
time 22
note_on 52
velocity 23
time 25
note_off 66
time 0
note_off 73
time 32
note_off 52
time 21
note_on 71
velocity 66
time 32
note_on 68
velocity 49
time 18
note_off 71
time 25
note_off 68
time 9
note_on 51
velocity 51
time 117
note_on 45
velocity 44
time 18
note_on 66
velocity 39
time 19
note_on 69
velocity 51
time 3
note_on 52
velocity 47
time 4
note_off 51
time 9
note_on 61
velocity 36
time 0
note_off 45
time 7
note_off 66
time 25
note_off 52
time 10
note_on 52
velocity 52
time 269
note_on 57
velocity 39
time 17
note_off 69
time 33
note_off 57
time 9
note_off 61
time 0
note_off 52
time 5
note_on 51
velocity 42
time 287
note_on 66
velocity 45
time 37
note_on 45
velocity 33
time 2
note_on 61
velocity 43
time 16
note_on 52
velocity 44
time 6
note_on 69
velocity 45
time 9
note_off 66
time 30
note_off 45
time 11
note_off 51
time 0
note_off 52
time 0
note_on 52
velocity 46
time 391
note_off 61
time 0
note_on 57
velocity 40
time 13
note_off 69
time 0
note_off 52
time 33
note_off 57
time 7
note_on 61
velocity 70
time 470
note_on 77
velocity 89
time 5
note_on 65
velocity 72
time 12
note_on 73
velocity 82
time 0
note_off 61
time 16
note_off 73
time 20
note_on 61
velocity 75
time 373
note_on 73
velocity 89
time 7
note_on 57
velocity 68
time 2
note_off 77
time 30
note_off 57
time 51
note_off 73
time 0
note_off 61
time 9
note_on 74
velocity 89
time 27
note_on 62
velocity 82
time 7
note_off 65
time 32
note_off 74
time 53
note_off 62
time 2
note_on 77
velocity 100
time 79
note_on 56
velocity 82
time 5
note_on 61
velocity 73
time 0
note_on 65
velocity 88
time 0
note_on 73
velocity 90
time 2
note_off 61
time 28
note_off 56
time 4
note_off 73
time 54
note_on 49
velocity 68
time 247
note_on 59
velocity 84
time 0
note_on 71
velocity 87
time 7
note_off 49
time 31
note_off 59
time 4
note_off 65
time 0
note_off 71
time 13
note_off 77
time 9
note_on 59
velocity 66
time 227
note_on 54
velocity 60
time 32
note_on 78
velocity 90
time 0
note_on 73
velocity 41
time 4
note_on 69
velocity 73
time 18
note_on 81
velocity 84
time 19
note_on 57
velocity 79
time 14
note_off 73
time 4
note_off 59
time 5
note_off 69
time 15
note_off 78
time 4
note_off 54
time 10
note_off 81
time 46
note_on 50
velocity 42
time 219
note_off 57
time 0
note_on 42
velocity 77
time 35
note_on 69
velocity 85
time 0
note_on 81
velocity 93
time 0
note_on 73
velocity 88
time 8
note_off 50
time 4
note_off 42
time 30
note_off 73
time 32
note_off 81
time 0
note_on 80
velocity 86
time 69
note_off 80
time 86
note_on 56
velocity 77
time 64
note_on 78
velocity 96
time 7
note_off 56
time 38
note_off 69
time 4
note_on 57
velocity 78
time 101
note_off 78
time 39
note_off 57
time 5
note_on 59
velocity 75
time 109
note_on 76
velocity 88
time 0
note_on 66
velocity 86
time 5
note_on 68
velocity 65
time 17
note_off 66
time 9
note_off 59
time 10
note_off 68
time 18
note_off 76
time 16
note_on 74
velocity 81
time 57
note_on 60
velocity 72
time 9
note_off 60
time 41
note_off 74
time 18
note_on 73
velocity 92
time 121
note_on 61
velocity 75
time 4
note_off 61
time 45
note_on 64
velocity 68
time 280
note_on 69
velocity 75
time 0
note_on 57
velocity 63
time 17
note_on 61
velocity 60
time 0
note_off 64
time 19
note_off 73
time 23
note_off 57
time 7
note_off 69
time 0
note_off 61
time 4
note_on 73
velocity 77
time 52
note_on 62
velocity 69
time 22
note_on 71
velocity 53
time 8
note_off 71
time 31
note_off 62
time 15
note_off 73
time 14
note_on 61
velocity 60
time 108
note_on 77
velocity 93
time 9
note_on 73
velocity 74
time 2
note_on 56
velocity 62
time 4
note_off 61
time 16
note_off 56
time 12
note_off 73
time 4
note_on 49
velocity 34
time 372
note_on 74
velocity 52
time 7
note_on 59
velocity 53
time 2
note_on 68
velocity 71
time 11
note_on 65
velocity 57
time 7
note_off 49
time 15
note_off 59
time 16
note_off 65
time 0
note_off 68
time 0
note_off 74
time 4
note_off 77
time 51
note_on 78
velocity 58
time 202
note_on 59
velocity 48
time 23
note_on 80
velocity 70
time 13
note_on 54
velocity 39
time 16
note_on 73
velocity 59
time 0
note_on 69
velocity 56
time 17
note_on 81
velocity 76
time 9
note_off 59
time 11
note_off 78
time 4
note_off 54
time 13
note_off 73
time 0
note_on 57
velocity 59
time 7
note_off 69
time 7
note_off 80
time 0
note_off 81
time 20
note_off 57
time 291
note_on 42
velocity 64
time 44
note_on 81
velocity 76
time 4
note_on 73
velocity 69
time 9
note_on 69
velocity 57
time 5
note_off 42
time 28
note_off 73
time 31
note_off 81
time 0
note_on 80
velocity 70
time 101
note_off 80
time 58
note_on 56
velocity 60
time 126
note_on 78
velocity 68
time 7
note_off 56
time 46
note_off 78
time 10
note_on 76
velocity 57
time 169
note_on 57
velocity 51
time 19
note_off 57
time 51
note_off 76
time 118
note_off 69
time 37
note_on 58
velocity 46
time 64
note_on 68
velocity 35
time 11
note_on 75
velocity 52
time 0
note_off 58
time 39
note_off 75
time 17
note_off 68
time 16
note_on 68
velocity 17
time 0
note_on 74
velocity 36
time 254
note_on 59
velocity 35
time 4
note_off 74
time 40
note_off 59
time 10
note_on 67
velocity 44
time 372
note_on 73
velocity 47
time 12
note_on 70
velocity 18
time 41
note_off 68
time 57
note_off 70
time 5
note_on 54
velocity 36
time 14
note_on 70
velocity 48
time 9
note_on 64
velocity 28
time 9
note_off 67
time 98
note_off 73
time 25
note_on 71
velocity 58
time 48
note_off 70
time 36
note_off 64
time 42
note_off 71
time 75
note_on 66
velocity 70
time 12
note_on 73
velocity 57
time 5
note_off 54
time 4
note_off 66
time 52
note_on 54
velocity 42
time 46
note_on 64
velocity 56
time 0
note_on 70
velocity 57
time 4
note_off 64
time 55
note_off 73
time 9
note_off 54
time 2
note_off 70
time 37
note_on 50
velocity 48
time 227
note_on 58
velocity 49
time 15
note_on 66
velocity 61
time 12
note_on 73
velocity 74
time 0
note_off 73
time 45
note_on 74
velocity 75
time 6
note_on 76
velocity 86
time 18
note_on 59
velocity 64
time 0
note_off 58
time 9
note_off 74
time 11
note_off 50
time 13
note_off 59
time 9
note_off 76
time 88
note_on 74
velocity 80
time 4
note_off 66
time 92
note_off 74
time 9
note_on 47
velocity 56
time 56
note_on 57
velocity 68
time 4
note_on 74
velocity 74
time 5
note_on 65
velocity 71
time 4
note_off 47
time 21
note_off 57
time 31
note_on 56
velocity 60
time 92
note_off 56
time 41
note_off 74
time 30
note_on 57
velocity 69
time 91
note_on 73
velocity 79
time 0
note_off 57
time 34
note_off 73
time 37
note_on 71
velocity 78
time 71
note_on 62
velocity 67
time 11
note_off 65
time 15
note_off 62
time 25
note_off 71
time 83
note_on 69
velocity 82
time 54
note_on 61
velocity 67
time 6
note_on 52
velocity 64
time 8
note_on 64
velocity 72
time 15
note_off 61
time 14
note_off 69
time 9
note_off 52
time 8
note_on 69
velocity 64
time 277
note_on 40
velocity 51
time 2
note_on 63
velocity 61
time 7
note_off 64
time 13
note_on 52
velocity 50
time 8
note_off 40
time 17
note_off 63
time 4
note_off 69
time 11
note_off 52
time 9
note_on 52
velocity 59
time 279
note_on 59
velocity 59
time 4
note_on 62
velocity 68
time 3
note_on 69
velocity 69
time 13
note_off 59
time 21
note_off 52
time 9
note_off 62
time 8
note_off 69
time 40
note_on 71
velocity 78
time 65
note_on 70
velocity 30
time 37
note_off 70
time 20
note_off 71
time 27
note_on 40
velocity 56
time 56
note_on 73
velocity 80
time 0
note_on 66
velocity 75
time 4
note_on 52
velocity 43
time 33
note_off 40
time 4
note_off 66
time 4
note_off 73
time 26
note_off 52
time 4
note_on 68
velocity 64
time 61
note_on 71
velocity 69
time 0
note_off 71
time 43
note_off 68
time 11
note_on 51
velocity 53
time 111
note_on 45
velocity 42
time 23
note_on 66
velocity 57
time 2
note_on 69
velocity 59
time 17
note_on 61
velocity 51
time 3
note_on 52
velocity 63
time 4
note_off 45
time 17
note_off 51
time 5
note_off 66
time 5
note_off 52
time 20
note_on 52
velocity 46
time 305
note_on 57
velocity 48
time 0
note_off 69
time 39
note_off 57
time 9
note_off 52
time 13
note_off 61
time 0
note_on 51
velocity 38
time 348
note_on 66
velocity 43
time 19
note_on 61
velocity 38
time 20
note_on 45
velocity 26
time 9
note_on 69
velocity 50
time 0
note_on 52
velocity 34
time 15
note_off 45
time 43
note_off 51
time 0
note_off 52
time 9
note_off 66
time 0
note_off 69
time 431
note_on 52
velocity 37
time 22
note_off 61
time 0
note_on 57
velocity 43
time 4
note_off 52
time 47
note_off 57
time 4
note_on 71
velocity 61
time 537
note_on 30
velocity 50
time 44
note_on 61
velocity 54
time 19
note_on 69
velocity 68
time 0
note_on 66
velocity 71
time 1
note_off 71
time 13
note_on 42
velocity 45
time 9
note_off 61
time 27
note_off 30
time 13
note_off 42
time 9
note_off 69
time 9
note_on 69
velocity 60
time 292
note_on 61
velocity 48
time 2
note_on 54
velocity 52
time 5
note_on 49
velocity 56
time 4
note_off 54
time 27
note_off 49
time 5
note_off 61
time 13
note_off 69
time 55
note_on 71
velocity 63
time 38
note_off 71
time 92
note_off 66
time 40
note_on 65
velocity 77
time 38
note_on 69
velocity 73
time 0
note_on 30
velocity 66
time 14
note_on 42
velocity 69
time 2
note_off 30
time 45
note_off 42
time 0
note_on 59
velocity 5
time 11
note_off 69
time 11
note_off 59
time 67
note_on 54
velocity 63
time 226
note_on 68
velocity 78
time 10
note_on 50
velocity 59
time 1
note_on 59
velocity 57
time 9
note_off 54
time 15
note_off 50
time 12
note_off 59
time 5
note_off 68
time 29
note_off 65
time 127
note_on 69
velocity 63
time 0
note_on 71
velocity 65
time 69
note_off 69
time 9
note_on 64
velocity 93
time 37
note_on 73
velocity 94
time 3
note_on 30
velocity 70
time 7
note_on 42
velocity 77
time 3
note_off 71
time 22
note_off 42
time 18
note_off 30
time 2
note_on 57
velocity 71
time 319
note_on 49
velocity 61
time 9
note_on 54
velocity 64
time 0
note_off 57
time 20
note_off 49
time 17
note_off 54
time 0
note_off 73
time 125
note_off 64
time 30
note_on 69
velocity 65
time 17
note_on 71
velocity 83
time 42
note_off 69
time 35
note_on 70
velocity 35
time 4
note_off 70
time 31
note_on 30
velocity 82
time 8
note_on 73
velocity 98
time 0
note_on 42
velocity 88
time 5
note_on 63
velocity 96
time 4
note_off 71
time 25
note_off 30
time 13
note_off 42
time 0
note_on 57
velocity 74
time 312
note_on 54
velocity 72
time 4
note_on 49
velocity 61
time 5
note_off 57
time 27
note_off 54
time 4
note_off 49
time 9
note_off 73
time 7
note_on 71
velocity 79
time 227
note_off 63
time 32
note_on 32
velocity 75
time 52
note_on 44
velocity 87
time 7
note_on 69
velocity 87
time 0
note_on 62
velocity 99
time 4
note_off 71
time 14
note_off 32
time 29
note_off 44
time 0
note_off 69
time 34
note_on 60
velocity 81
time 365
note_on 54
velocity 77
time 10
note_on 69
velocity 89
time 7
note_off 60
time 18
note_off 54
time 20
note_on 71
velocity 88
time 94
note_off 69
time 35
note_off 62
time 20
note_on 37
velocity 77
time 53
note_off 37
time 80
note_on 45
velocity 13
time 15
note_on 69
velocity 83
time 0
note_on 61
velocity 88
time 2
note_on 53
velocity 86
time 15
note_off 45
time 51
note_off 71
time 2
note_off 53
time 5
note_off 69
time 71
note_on 59
velocity 96
time 280
note_on 73
velocity 91
time 9
note_on 65
velocity 74
time 4
note_on 49
velocity 64
time 9
note_on 68
velocity 83
time 0
note_off 61
time 16
note_off 65
time 8
note_off 49
time 15
note_off 68
time 17
note_off 73
time 11
note_off 59
time 21
note_on 73
velocity 86
time 186
note_on 42
velocity 69
time 8
note_on 69
velocity 27
time 21
note_on 49
velocity 70
time 14
note_on 78
velocity 101
time 18
note_on 66
velocity 93
time 5
note_off 42
time 11
note_off 69
time 0
note_on 69
velocity 39
time 0
note_off 73
time 6
note_on 57
velocity 95
time 5
note_off 49
time 26
note_off 69
time 0
note_off 78
time 0
note_off 66
time 5
note_off 57
time 2
note_on 62
velocity 81
time 208
note_off 62
time 34
note_on 61
velocity 73
time 5
note_on 57
velocity 76
time 5
note_on 49
velocity 70
time 8
note_off 61
time 21
note_off 57
time 11
note_off 49
time 22
note_on 69
velocity 53
time 139
note_on 73
velocity 85
time 36
note_on 78
velocity 95
time 16
note_on 40
velocity 78
time 9
note_on 52
velocity 96
time 0
note_on 66
velocity 88
time 4
note_off 73
time 27
note_off 40
time 18
note_off 69
time 0
note_off 78
time 11
note_off 52
time 0
note_off 66
time 4
note_on 62
velocity 82
time 196
note_off 62
time 38
note_on 61
velocity 80
time 34
note_on 57
velocity 83
time 4
note_on 49
velocity 80
time 6
note_off 61
time 18
note_off 57
time 9
note_off 49
time 38
note_on 79
velocity 85
time 8
note_on 78
velocity 93
time 25
note_on 38
velocity 77
time 16
note_on 50
velocity 89
time 7
note_on 66
velocity 102
time 0
note_off 79
time 0
note_off 38
time 7
note_off 50
time 0
note_off 78
time 14
note_on 62
velocity 78
time 43
note_on 78
velocity 95
time 5
note_on 57
velocity 70
time 6
note_on 74
velocity 77
time 0
note_on 54
velocity 65
time 7
note_off 62
time 13
note_off 57
time 10
note_off 54
time 14
note_on 79
velocity 87
time 84
note_off 74
time 9
note_off 78
time 0
note_off 79
time 123
note_off 66
time 18
note_on 78
velocity 94
time 9
note_on 49
velocity 92
time 10
note_on 76
velocity 97
time 0
note_on 37
velocity 79
time 0
note_off 37
time 7
note_off 49
time 4
note_off 78
time 2
note_on 64
velocity 86
time 142
note_on 58
velocity 76
time 7
note_on 66
velocity 93
time 5
note_on 78
velocity 95
time 0
note_on 54
velocity 70
time 12
note_off 64
time 7
note_off 58
time 16
note_off 54
time 18
note_off 66
time 0
note_off 78
time 33
note_on 35
velocity 71
time 227
note_off 76
time 14
note_on 47
velocity 82
time 13
note_on 75
velocity 90
time 2
note_on 66
velocity 89
time 7
note_on 78
velocity 90
time 0
note_off 35
time 6
note_off 47
time 15
note_off 66
time 11
note_off 78
time 67
note_off 75
time 102
note_on 54
velocity 77
time 250
note_on 71
velocity 89
time 0
note_on 83
velocity 89
time 0
note_on 59
velocity 82
time 7
note_on 62
velocity 84
time 0
note_on 74
velocity 92
time 0
note_off 71
time 67
note_off 83
time 25
note_off 74
time 61
note_on 64
velocity 96
time 70
note_off 62
time 60
note_off 64
time 9
note_off 59
time 11
note_off 54
time 45
note_on 73
velocity 87
time 251
note_on 66
velocity 81
time 0
note_on 33
velocity 71
time 3
note_on 45
velocity 82
time 0
note_on 78
velocity 87
time 0
note_on 74
velocity 66
time 0
note_off 45
time 20
note_off 73
time 42
note_off 33
time 15
note_on 32
velocity 68
time 312
note_on 44
velocity 73
time 4
note_on 71
velocity 75
time 4
note_off 74
time 0
note_off 78
time 0
note_off 66
time 6
note_off 32
time 14
note_off 71
time 20
note_off 44
time 22
note_on 37
velocity 61
time 287
note_off 37
time 13
note_on 49
velocity 64
time 0
note_off 49
time 15
note_on 62
velocity 55
time 13
note_on 73
velocity 84
time 11
note_off 62
time 2
note_on 69
velocity 65
time 0
note_on 61
velocity 65
time 5
note_off 69
time 34
note_off 61
time 4
note_off 73
time 26
note_on 71
velocity 62
time 101
note_on 68
velocity 53
time 11
note_off 68
time 33
note_off 71
time 13
note_on 69
velocity 64
time 94
note_on 61
velocity 58
time 15
note_on 68
velocity 45
time 0
note_on 57
velocity 56
time 3
note_off 69
time 30
note_off 68
time 8
note_off 57
time 22
note_off 61
time 9
note_on 71
velocity 83
time 42
note_on 62
velocity 63
time 27
note_off 71
time 19
note_off 62
time 35
note_on 69
velocity 69
time 80
note_on 54
velocity 67
time 6
note_on 73
velocity 78
time 0
note_on 61
velocity 49
time 4
note_off 61
time 31
note_off 54
time 4
note_off 69
time 5
note_off 73
time 0
note_on 74
velocity 75
time 89
note_on 66
velocity 68
time 7
note_off 66
time 41
note_off 74
time 21
note_on 49
velocity 59
time 82
note_on 69
velocity 51
time 4
note_on 73
velocity 75
time 0
note_off 69
time 31
note_off 49
time 5
note_on 59
velocity 29
time 0
note_off 73
time 9
note_off 59
time 45
note_on 77
velocity 81
time 39
note_on 68
velocity 65
time 14
note_off 68
time 32
note_off 77
time 0
note_on 57
velocity 49
time 14
note_on 49
velocity 28
time 4
note_on 78
velocity 64
time 9
note_on 66
velocity 56
time 9
note_on 73
velocity 52
time 6
note_off 78
time 15
note_off 49
time 5
note_off 57
time 0
note_off 73
time 1
note_off 66
time 29
note_on 42
velocity 53
time 236
note_on 59
velocity 60
time 17
note_on 49
velocity 44
time 4
note_on 61
velocity 49
time 0
note_off 49
time 54
note_off 42
time 31
note_off 59
time 5
note_off 61
time 14
note_on 57
velocity 44
time 10
note_on 66
velocity 50
time 0
note_on 49
velocity 29
time 3
note_on 78
velocity 57
time 5
note_on 73
velocity 45
time 8
note_off 57
time 0
note_off 78
time 0
note_off 73
time 11
note_off 49
time 12
note_off 66
time 6
note_on 42
velocity 42
time 190
note_on 49
velocity 34
time 16
note_on 56
velocity 43
time 50
note_on 61
velocity 49
time 9
note_off 42
time 90
note_off 49
time 0
note_off 56
time 0
note_off 61
time 70
note_on 81
velocity 60
time 14
note_on 47
velocity 53
time 0
note_on 71
velocity 75
time 0
note_on 54
velocity 53
time 5
note_on 80
velocity 88
time 5
note_on 74
velocity 60
time 0
note_off 81
time 8
note_off 47
time 5
note_off 54
time 4
note_off 74
time 9
note_off 80
time 36
note_on 59
velocity 48
time 279
note_on 62
velocity 50
time 0
note_on 80
velocity 84
time 11
note_on 54
velocity 48
time 5
note_on 74
velocity 72
time 0
note_off 62
time 16
note_on 77
velocity 69
time 0
note_off 59
time 4
note_off 54
time 18
note_off 77
time 17
note_off 74
time 17
note_on 81
velocity 79
time 36
note_off 80
time 36
note_off 81
time 129
note_on 47
velocity 53
time 5
note_on 80
velocity 81
time 4
note_on 74
velocity 57
time 4
note_on 77
velocity 66
time 9
note_on 54
velocity 46
time 4
note_off 47
time 13
note_off 74
time 5
note_off 54
time 17
note_off 77
time 0
note_off 80
time 16
note_on 59
velocity 19
time 0
note_on 54
velocity 34
time 4
note_on 80
velocity 75
time 11
note_on 62
velocity 39
time 0
note_on 74
velocity 42
time 5
note_on 77
velocity 39
time 0
note_off 59
time 9
note_off 62
time 0
note_off 74
time 0
note_off 54
time 4
note_off 77
time 10
note_off 80
time 18
note_on 48
velocity 35
time 0
note_on 54
velocity 39
time 7
note_on 83
velocity 69
time 0
note_on 75
velocity 38
time 5
note_on 78
velocity 43
time 5
note_off 54
time 18
note_off 48
time 8
note_off 78
time 29
note_off 83
time 17
note_off 75
time 9
note_on 63
velocity 40
time 173
note_on 54
velocity 21
time 3
note_on 81
velocity 70
time 34
note_off 63
time 9
note_on 78
velocity 57
time 20
note_off 71
time 4
note_off 54
time 35
note_on 44
velocity 49
time 15
note_on 54
velocity 17
time 19
note_on 69
velocity 52
time 0
note_off 81
time 12
note_off 44
time 17
note_off 78
time 13
note_off 54
time 4
note_on 80
velocity 69
time 11
note_on 54
velocity 33
time 0
note_on 60
velocity 40
time 5
note_on 75
velocity 45
time 0
note_off 60
time 54
note_off 54
time 46
note_off 80
time 40
note_on 78
velocity 67
time 9
note_off 69
time 6
note_off 75
time 0
note_off 78
time 9
note_on 74
velocity 68
time 14
note_on 61
velocity 46
time 5
note_on 69
velocity 46
time 13
note_off 74
time 0
note_on 73
velocity 74
time 5
note_off 69
time 15
note_off 73
time 2
note_on 49
velocity 48
time 276
note_on 73
velocity 74
time 4
note_off 61
time 4
note_on 69
velocity 55
time 0
note_off 69
time 63
note_off 73
time 13
note_on 74
velocity 80
time 43
note_off 74
time 114
note_off 49
time 53
note_on 73
velocity 82
time 9
note_on 61
velocity 58
time 4
note_on 69
velocity 58
time 13
note_off 73
time 27
note_off 61
time 8
note_off 69
time 0
note_on 77
velocity 75
time 267
note_on 68
velocity 62
time 20
note_on 71
velocity 51
time 0
note_on 61
velocity 49
time 5
note_off 71
time 26
note_off 68
time 9
note_off 61
time 18
note_off 77
time 73
note_on 62
velocity 46
time 9
note_off 62
time 86
note_on 61
velocity 51
time 97
note_on 69
velocity 53
time 4
note_on 78
velocity 77
time 4
note_on 54
velocity 50
time 13
note_on 66
velocity 53
time 8
note_off 61
time 7
note_off 54
time 26
note_on 42
velocity 51
time 283
note_on 49
velocity 38
time 17
note_off 42
time 31
note_off 49
time 8
note_off 66
time 112
note_off 78
time 11
note_off 69
time 15
note_on 61
velocity 36
time 164
note_on 78
velocity 54
time 4
note_on 54
velocity 42
time 15
note_on 69
velocity 45
time 0
note_on 66
velocity 36
time 14
note_off 61
time 33
note_off 54
time 26
note_on 42
velocity 40
time 316
note_on 49
velocity 38
time 21
note_off 78
time 9
note_off 69
time 27
note_off 42
time 9
note_off 49
time 0
note_off 66
time 40
note_on 74
velocity 68
time 298
note_on 69
velocity 60
time 9
note_on 68
velocity 77
time 29
note_on 47
velocity 54
time 15
note_on 54
velocity 54
time 0
note_on 65
velocity 63
time 5
note_off 69
time 32
note_off 65
time 6
note_off 47
time 9
note_off 54
time 0
note_off 68
time 0
note_on 65
velocity 58
time 294
note_on 68
velocity 71
time 11
note_on 62
velocity 48
time 9
note_on 54
velocity 47
time 4
note_on 59
velocity 51
time 0
note_off 65
time 21
note_off 62
time 4
note_off 59
time 5
note_off 54
time 16
note_off 68
time 17
note_on 69
velocity 75
time 52
note_on 66
velocity 64
time 23
note_off 66
time 56
note_off 69
time 9
note_on 68
velocity 74
time 104
note_on 54
velocity 54
time 9
note_on 47
velocity 38
time 9
note_on 65
velocity 65
time 0
note_off 54
time 33
note_off 47
time 6
note_off 65
time 4
note_off 68
time 14
note_on 68
velocity 53
time 390
note_on 54
velocity 23
time 7
note_on 65
velocity 45
time 0
note_on 62
velocity 31
time 20
note_on 59
velocity 15
time 12
note_off 62
time 17
note_off 59
time 0
note_off 54
time 7
note_off 65
time 13
note_off 74
time 22
note_off 68
time 106
note_on 48
velocity 28
time 0
note_on 57
velocity 33
time 12
note_on 71
velocity 47
time 0
note_on 75
velocity 58
time 0
note_on 66
velocity 38
time 0
note_off 57
time 5
note_off 66
time 0
note_on 69
velocity 50
time 10
note_on 63
velocity 43
time 9
note_on 53
velocity 38
time 5
note_off 71
time 5
note_on 60
velocity 37
time 15
note_off 48
time 4
note_off 60
time 5
note_off 53
time 5
note_on 44
velocity 53
time 4
note_on 54
velocity 42
time 4
note_off 69
time 5
note_off 44
time 18
note_off 75
time 0
note_off 54
time 0
note_off 63
time 118
note_on 56
velocity 34
time 7
note_on 65
velocity 38
time 6
note_on 68
velocity 48
time 0
note_on 60
velocity 32
time 12
note_off 68
time 11
note_off 60
time 7
note_on 66
velocity 42
time 12
note_off 65
time 0
note_on 63
velocity 27
time 17
note_off 63
time 20
note_off 56
time 20
note_off 66
time 8
note_on 61
velocity 45
time 0
note_on 73
velocity 71
time 0
note_on 70
velocity 60
time 4
note_on 66
velocity 58
time 4
note_off 70
time 9
note_off 73
time 0
note_on 49
velocity 45
time 297
note_off 61
time 4
note_on 73
velocity 74
time 0
note_on 70
velocity 57
time 13
note_off 70
time 55
note_off 73
time 4
note_on 75
velocity 67
time 53
note_on 71
velocity 64
time 11
note_off 71
time 45
note_off 75
time 25
note_off 49
time 80
note_on 73
velocity 78
time 13
note_on 61
velocity 58
time 5
note_on 70
velocity 64
time 0
note_off 61
time 41
note_off 70
time 7
note_off 66
time 17
note_off 73
time 0
note_on 61
velocity 58
time 271
note_on 65
velocity 54
time 11
note_on 75
velocity 63
time 0
note_on 71
velocity 60
time 9
note_off 65
time 41
note_off 71
time 4
note_off 75
time 0
note_off 61
time 81
note_on 63
velocity 59
time 21
note_off 63
time 36
note_on 75
velocity 60
time 100
note_on 66
velocity 56
time 32
note_on 61
velocity 42
time 15
note_on 70
velocity 58
time 6
note_on 73
velocity 73
time 0
note_off 75
time 17
note_off 70
time 37
note_off 73
time 7
note_on 49
velocity 39
time 290
note_off 61
time 4
note_on 73
velocity 68
time 4
note_on 70
velocity 56
time 19
note_off 70
time 42
note_off 73
time 0
note_on 71
velocity 60
time 77
note_on 75
velocity 53
time 20
note_off 71
time 27
note_off 75
time 21
note_off 49
time 106
note_on 61
velocity 48
time 7
note_on 73
velocity 62
time 20
note_on 70
velocity 43
time 6
note_off 61
time 33
note_off 70
time 4
note_off 73
time 9
note_off 66
time 16
note_on 75
velocity 59
time 308
note_on 67
velocity 40
time 34
note_on 61
velocity 36
time 6
note_on 64
velocity 29
time 0
note_on 58
velocity 26
time 7
note_off 75
time 28
note_off 67
time 4
note_off 64
time 9
note_off 61
time 97
note_on 63
velocity 45
time 18
note_off 58
time 29
note_off 63
time 8
note_on 75
velocity 41
time 182
note_on 59
velocity 43
time 15
note_on 65
velocity 25
time 30
note_off 75
time 9
note_on 61
velocity 34
time 9
note_on 68
velocity 45
time 0
note_on 73
velocity 57
time 4
note_off 73
time 58
note_off 68
time 6
note_on 49
velocity 22
time 329
note_on 73
velocity 64
time 5
note_on 68
velocity 54
time 9
note_off 49
time 36
note_off 59
time 4
note_off 61
time 11
note_off 68
time 26
note_off 73
time 19
note_on 75
velocity 69
time 18
note_on 61
velocity 37
time 176
note_on 73
velocity 71
time 5
note_on 58
velocity 51
time 2
note_off 75
time 9
note_on 70
velocity 55
time 4
note_off 61
time 30
note_off 65
time 0
note_off 58
time 5
note_off 70
time 2
note_off 73
time 4
note_on 77
velocity 70
time 360
note_on 56
velocity 47
time 18
note_on 71
velocity 52
time 6
note_on 61
velocity 37
time 5
note_off 71
time 27
note_off 77
time 0
note_off 56
time 13
note_off 61
time 16
note_on 53
velocity 26
time 351
note_on 61
velocity 34
time 53
note_on 54
velocity 40
time 0
note_on 78
velocity 62
time 4
note_off 53
time 4
note_on 66
velocity 47
time 5
note_on 70
velocity 53
time 4
note_off 61
time 12
note_off 54
time 11
note_off 70
time 0
note_off 78
time 4
note_off 66
time 10
note_on 42
velocity 45
time 260
note_on 59
velocity 41
time 29
note_on 63
velocity 48
time 4
note_on 49
velocity 19
time 7
note_off 42
time 4
note_off 59
time 23
note_off 63
time 11
note_off 49
time 13
note_on 53
velocity 42
time 5
note_on 61
velocity 41
time 7
note_on 54
velocity 43
time 7
note_on 66
velocity 36
time 0
note_on 70
velocity 41
time 0
note_on 78
velocity 58
time 0
note_off 53
time 18
note_off 61
time 0
note_off 54
time 0
note_off 78
time 0
note_off 70
time 4
note_off 66
time 9
note_on 49
velocity 36
time 25
note_on 59
velocity 46
time 13
note_on 42
velocity 30
time 6
note_on 56
velocity 31
time 27
note_off 59
time 55
note_off 56
time 6
note_off 42
time 5
note_off 49
time 0
note_on 42
velocity 46
time 0
note_on 49
velocity 49
time 7
note_on 73
velocity 81
time 9
note_on 61
velocity 65
time 0
note_on 70
velocity 61
time 11
note_off 49
time 19
note_off 42
time 4
note_off 70
time 5
note_off 73
time 20
note_on 73
velocity 76
time 28
note_on 49
velocity 38
time 0
note_on 54
velocity 29
time 5
note_on 70
velocity 48
time 0
note_off 49
time 7
note_off 54
time 9
note_off 70
time 0
note_off 73
time 5
note_on 75
velocity 56
time 39
note_on 71
velocity 62
time 41
note_off 71
time 46
note_off 75
time 10
note_on 73
velocity 80
time 93
note_on 42
velocity 53
time 4
note_on 70
velocity 42
time 0
note_on 49
velocity 28
time 32
note_off 42
time 13
note_off 70
time 0
note_off 73
time 5
note_off 49
time 28
note_on 49
velocity 36
time 237
note_on 64
velocity 59
time 6
note_on 70
velocity 67
time 0
note_on 55
velocity 29
time 16
note_off 49
time 32
note_off 64
time 5
note_off 55
time 8
note_off 70
time 7
note_on 42
velocity 31
time 8
note_on 49
velocity 31
time 5
note_on 65
velocity 40
time 4
note_on 71
velocity 52
time 0
note_off 49
time 22
note_off 65
time 8
note_off 42
time 3
note_off 61
time 6
note_on 63
velocity 65
time 141
note_on 59
velocity 57
time 4
note_on 42
velocity 11
time 30
note_on 49
velocity 24
time 10
note_off 71
time 50
note_off 42
time 36
note_off 49
time 22
note_off 63
time 10
note_on 51
velocity 47
time 1
note_off 59
time 92
note_on 42
velocity 37
time 15
note_on 49
velocity 37
time 4
note_on 68
velocity 54
time 0
note_on 65
velocity 54
time 2
note_on 71
velocity 66
time 4
note_off 51
time 5
note_off 42
time 11
note_off 49
time 4
note_on 42
velocity 33
time 9
note_on 49
velocity 35
time 0
note_off 65
time 9
note_on 66
velocity 53
time 11
note_on 63
velocity 54
time 14
note_off 42
time 4
note_off 71
time 0
note_off 49
time 0
note_on 51
velocity 39
time 0
note_off 66
time 12
note_off 63
time 4
note_off 68
time 0
note_off 51
time 4
note_on 42
velocity 48
time 9
note_on 49
velocity 39
time 0
note_on 71
velocity 74
time 0
note_on 65
velocity 63
time 3
note_on 61
velocity 53
time 0
note_off 49
time 5
note_off 42
time 9
note_off 65
time 6
note_off 71
time 4
note_on 55
velocity 50
time 112
note_on 71
velocity 74
time 8
note_on 49
velocity 38
time 4
note_on 65
velocity 54
time 9
note_off 55
time 26
note_off 49
time 9
note_off 65
time 18
note_off 71
time 53
note_on 73
velocity 64
time 20
note_on 71
velocity 69
time 18
note_off 73
time 15
note_on 42
velocity 43
time 0
note_on 65
velocity 62
time 0
note_on 49
velocity 31
time 7
note_off 42
time 35
note_off 65
time 0
note_off 49
time 0
note_off 71
time 0
note_on 59
velocity 57
time 305
note_on 65
velocity 53
time 0
note_on 49
velocity 38
time 9
note_on 56
velocity 48
time 4
note_off 59
time 19
note_off 49
time 26
note_off 56
time 0
note_off 65
time 0
note_on 42
velocity 29
time 0
note_on 66
velocity 54
time 0
note_on 49
velocity 30
time 4
note_on 58
velocity 41
time 12
note_off 58
time 0
note_off 49
time 14
note_off 42
time 8
note_on 42
velocity 29
time 0
note_off 61
time 10
note_on 61
velocity 44
time 0
note_on 49
velocity 29
time 0
note_on 58
velocity 46
time 5
note_off 66
time 35
note_off 42
time 37
note_off 61
time 0
note_off 58
time 22
note_off 49
time 14
note_on 51
velocity 45
time 9
note_on 49
velocity 29
time 8
note_on 66
velocity 52
time 5
note_on 42
velocity 33
time 2
note_on 59
velocity 47
time 5
note_on 63
velocity 35
time 11
note_off 51
time 4
note_off 42
time 2
note_off 59
time 4
note_off 49
time 8
note_off 63
time 1
note_on 49
velocity 29
time 6
note_on 42
velocity 33
time 5
note_on 60
velocity 40
time 5
note_on 57
velocity 39
time 4
note_off 57
time 16
note_off 42
time 12
note_off 60
time 0
note_off 49
time 0
note_on 51
velocity 38
time 0
note_off 66
time 15
note_off 51
time 5
note_on 49
velocity 55
time 9
note_on 42
velocity 54
time 0
note_on 73
velocity 72
time 11
note_on 61
velocity 60
time 0
note_on 70
velocity 58
time 4
note_off 49
time 6
note_off 42
time 9
note_off 70
time 10
note_off 73
time 13
note_on 53
velocity 71
time 173
note_on 73
velocity 79
time 11
note_on 49
velocity 53
time 11
note_off 53
time 19
note_off 49
time 10
note_off 73
time 36
note_on 75
velocity 69
time 45
note_on 71
velocity 56
time 19
note_off 71
time 39
note_off 75
time 0
note_on 54
velocity 82
time 108
note_on 73
velocity 77
time 0
note_on 42
velocity 73
time 4
note_on 70
velocity 7
time 23
note_off 54
time 13
note_off 42
time 2
note_off 73
time 4
note_off 70
time 9
note_on 70
velocity 67
time 300
note_on 64
velocity 50
time 16
note_on 55
velocity 68
time 17
note_on 49
velocity 51
time 26
note_off 64
time 6
note_off 55
time 12
note_off 49
time 19
note_off 70
time 0
note_on 42
velocity 39
time 17
note_on 56
velocity 45
time 0
note_on 71
velocity 47
time 4
note_on 65
velocity 29
time 9
note_off 56
time 9
note_off 65
time 4
note_off 42
time 5
note_on 42
velocity 32
time 232
note_off 61
time 3
note_on 65
velocity 45
time 41
note_on 68
velocity 67
time 0
note_on 49
velocity 33
time 4
note_off 71
time 55
note_off 42
time 143
note_off 49
time 27
note_on 51
velocity 45
time 0
note_off 65
time 39
note_off 68
time 10
note_on 49
velocity 32
time 16
note_on 42
velocity 26
time 7
note_on 67
velocity 51
time 0
note_on 71
velocity 56
time 0
note_on 64
velocity 47
time 6
note_off 51
time 4
note_off 64
time 33
note_off 42
time 17
note_off 49
time 0
note_on 42
velocity 40
time 79
note_on 49
velocity 28
time 30
note_off 71
time 0
note_on 66
velocity 42
time 5
note_on 63
velocity 43
time 4
note_off 67
time 11
note_off 66
time 2
note_off 42
time 7
note_off 63
time 4
note_off 49
time 18
note_on 51
velocity 44
time 4
note_on 71
velocity 60
time 5
note_on 42
velocity 56
time 4
note_off 51
time 0
note_on 61
velocity 50
time 4
note_on 49
velocity 38
time 7
note_on 65
velocity 45
time 2
note_off 71
time 12
note_off 42
time 0
note_off 49
time 4
note_off 65
time 14
note_on 49
velocity 56
time 83
note_on 55
velocity 47
time 4
note_on 71
velocity 70
time 0
note_on 65
velocity 55
time 7
note_off 55
time 32
note_off 49
time 16
note_off 65
time 62
note_off 71
time 4
note_on 73
velocity 71
time 5
note_off 73
time 176
note_on 42
velocity 55
time 5
note_on 71
velocity 69
time 0
note_on 56
velocity 54
time 4
note_on 65
velocity 61
time 9
note_off 56
time 36
note_off 65
time 9
note_off 42
time 7
note_off 71
time 0
note_on 59
velocity 47
time 285
note_on 65
velocity 58
time 0
note_on 42
velocity 37
time 23
note_on 49
velocity 45
time 0
note_off 59
time 34
note_off 42
time 37
note_off 65
time 7
note_off 49
time 18
note_on 51
velocity 16
time 22
note_off 51
time 9
note_on 42
velocity 33
time 7
note_on 49
velocity 32
time 0
note_on 66
velocity 53
time 0
note_on 58
velocity 41
time 4
note_off 58
time 4
note_off 49
time 0
note_off 42
time 5
note_off 61
time 13
note_on 42
velocity 35
time 4
note_on 49
velocity 35
time 6
note_on 61
velocity 45
time 5
note_on 58
velocity 44
time 17
note_off 66
time 41
note_off 61
time 43
note_off 58
time 32
note_off 42
time 0
note_off 49
time 40
note_on 51
velocity 35
time 25
note_on 42
velocity 33
time 20
note_on 66
velocity 50
time 0
note_on 49
velocity 27
time 10
note_on 59
velocity 50
time 0
note_on 63
velocity 37
time 16
note_off 51
time 11
note_off 59
time 13
note_off 49
time 2
note_off 42
time 6
note_off 63
time 16
note_on 42
velocity 35
time 7
note_on 49
velocity 29
time 4
note_on 60
velocity 49
time 6
note_on 57
velocity 44
time 0
note_off 42
time 13
note_off 57
time 0
note_off 60
time 0
note_off 49
time 19
note_on 51
velocity 38
time 19
note_off 66
time 0
note_on 42
velocity 41
time 19
note_on 49
velocity 40
time 6
note_off 51
time 0
note_on 61
velocity 47
time 5
note_on 66
velocity 54
time 0
note_on 58
velocity 43
time 14
note_off 42
time 9
note_off 49
time 0
note_off 58
time 4
note_off 61
time 0
note_on 59
velocity 49
time 133
note_on 61
velocity 52
time 4
note_on 51
velocity 48
time 5
note_on 54
velocity 39
time 2
note_off 51
time 34
note_off 54
time 7
note_off 59
time 7
note_off 66
time 51
note_off 61
time 5
note_on 63
velocity 53
time 4
note_off 63
time 134
note_on 61
velocity 59
time 9
note_on 49
velocity 53
time 4
note_on 58
velocity 59
time 8
note_on 66
velocity 55
time 0
note_on 42
velocity 44
time 5
note_off 49
time 39
note_off 42
time 9
note_off 58
time 0
note_off 61
time 4
note_on 51
velocity 55
time 213
note_on 57
velocity 62
time 0
note_on 61
velocity 64
time 0
note_on 54
velocity 48
time 5
note_off 66
time 15
note_off 51
time 20
note_off 54
time 0
note_off 57
time 5
note_off 61
time 54
note_on 63
velocity 64
time 0
note_off 63
time 72
note_on 49
velocity 60
time 61
note_on 58
velocity 62
time 0
note_on 66
velocity 60
time 0
note_on 61
velocity 61
time 5
note_on 42
velocity 45
time 9
note_off 58
time 25
note_off 49
time 7
note_off 61
time 3
note_off 42
time 4
note_on 61
velocity 52
time 91
note_on 51
velocity 50
time 11
note_on 54
velocity 40
time 8
note_on 59
velocity 49
time 0
note_off 66
time 18
note_off 51
time 17
note_off 59
time 0
note_off 54
time 4
note_off 61
time 11
note_on 63
velocity 58
time 22
note_off 63
time 63
note_on 66
velocity 55
time 60
note_on 49
velocity 51
time 5
note_on 61
velocity 54
time 0
note_on 58
velocity 51
time 4
note_on 42
velocity 39
time 14
note_off 58
time 22
note_off 49
time 4
note_off 61
time 0
note_off 42
time 15
note_on 61
velocity 47
time 164
note_off 66
time 5
note_on 51
velocity 38
time 15
note_on 59
velocity 34
time 9
note_on 54
velocity 21
time 3
note_off 51
time 27
note_off 59
time 8
note_off 61
time 0
note_on 63
velocity 58
time 19
note_off 54
time 5
note_off 63
time 46
note_on 66
velocity 57
time 52
note_on 61
velocity 55
time 28
note_on 49
velocity 49
time 7
note_on 42
velocity 41
time 4
note_on 58
velocity 26
time 9
note_off 66
time 13
note_off 61
time 5
note_off 49
time 4
note_off 42
time 13
note_off 58
time 15
note_on 66
velocity 58
time 106
note_on 60
velocity 43
time 6
note_on 74
velocity 50
time 5
note_on 62
velocity 44
time 10
note_off 66
time 34
note_off 74
time 5
note_on 76
velocity 71
time 32
note_off 60
time 13
note_on 74
velocity 74
time 4
note_off 76
time 5
note_on 67
velocity 47
time 8
note_on 59
velocity 46
time 0
note_off 74
time 4
note_off 62
time 19
note_off 67
time 0
note_off 59
time 0
note_on 77
velocity 69
time 210
note_on 59
velocity 37
time 18
note_on 68
velocity 45
time 4
note_on 61
velocity 38
time 4
note_off 77
time 16
note_off 68
time 14
note_off 59
time 9
note_off 61
time 0
note_on 78
velocity 59
time 256
note_on 61
velocity 33
time 23
note_on 66
velocity 47
time 0
note_on 58
velocity 40
time 4
note_on 73
velocity 49
time 0
note_off 61
time 40
note_off 66
time 0
note_off 73
time 4
note_off 78
time 0
note_off 58
time 4
note_on 66
velocity 50
time 28
note_on 42
velocity 31
time 13
note_on 54
velocity 47
time 5
note_on 58
velocity 41
time 0
note_on 49
velocity 31
time 13
note_off 66
time 25
note_off 58
time 7
note_off 54
time 4
note_off 42
time 4
note_off 49
time 4
