note_on 36
velocity 87
time 13
note_on 48
velocity 108
time 0
note_on 48
velocity 0
time 68
note_on 48
velocity 28
time 158
note_on 48
velocity 0
time 23
note_on 55
velocity 69
time 20
note_on 55
velocity 0
time 46
note_on 60
velocity 58
time 47
note_on 48
velocity 28
time 11
note_on 59
velocity 33
time 16
note_on 64
velocity 59
time 9
note_on 60
velocity 0
time 9
note_on 59
velocity 0
time 38
note_on 64
velocity 0
time 0
note_on 62
velocity 14
time 4
note_on 60
velocity 72
time 43
note_on 62
velocity 0
time 18
note_on 60
velocity 0
time 31
note_on 67
velocity 75
time 40
note_on 67
velocity 0
time 59
note_on 72
velocity 78
time 0
note_on 76
velocity 86
time 73
note_on 72
velocity 0
time 11
note_on 76
velocity 0
time 37
note_on 72
velocity 82
time 36
note_on 72
velocity 0
time 65
note_on 79
velocity 84
time 22
note_on 84
velocity 75
time 57
note_on 79
velocity 0
time 18
note_on 88
velocity 87
time 61
note_on 84
velocity 0
time 25
note_on 88
velocity 0
time 27
note_on 84
velocity 71
time 29
note_on 84
velocity 0
time 83
note_on 91
velocity 62
time 15
note_on 89
velocity 53
time 16
note_on 89
velocity 0
time 29
note_on 96
velocity 67
time 25
note_on 91
velocity 0
time 7
note_on 95
velocity 61
time 0
note_on 95
velocity 0
time 0
note_on 96
velocity 0
time 0
note_on 100
velocity 100
time 0
note_on 96
velocity 83
time 16
note_on 100
velocity 0
time 0
note_on 96
velocity 0
time 71
note_on 91
velocity 86
time 9
note_on 91
velocity 0
time 43
note_on 84
velocity 66
time 47
note_on 84
velocity 0
time 21
note_on 88
velocity 86
time 40
note_on 84
velocity 66
time 59
note_on 88
velocity 0
time 14
note_on 79
velocity 79
time 80
note_on 84
velocity 0
time 0
note_on 79
velocity 0
time 47
note_on 48
velocity 0
time 4
note_on 72
velocity 74
time 36
note_on 72
velocity 0
time 40
note_on 76
velocity 85
time 39
note_on 72
velocity 81
time 64
note_on 76
velocity 0
time 4
note_on 72
velocity 0
time 67
note_on 67
velocity 76
time 25
note_on 67
velocity 0
time 36
note_on 62
velocity 68
time 44
note_on 62
velocity 0
time 50
note_on 36
velocity 0
time 23
note_on 65
velocity 63
time 25
note_on 64
velocity 73
time 6
note_on 65
velocity 0
time 37
note_on 64
velocity 0
time 11
note_on 60
velocity 76
time 12
note_on 55
velocity 80
time 72
note_on 60
velocity 0
time 4
note_on 55
velocity 0
time 41
note_on 48
velocity 79
time 51
note_on 48
velocity 0
time 60
note_on 41
velocity 102
time 51
note_on 29
velocity 93
time 7
note_on 48
velocity 71
time 41
note_on 48
velocity 0
time 7
note_on 57
velocity 50
time 4
note_on 60
velocity 69
time 17
note_on 57
velocity 0
time 0
note_on 60
velocity 0
time 11
note_on 65
velocity 73
time 0
note_on 65
velocity 0
time 17
note_on 60
velocity 76
time 39
note_on 60
velocity 0
time 66
note_on 69
velocity 75
time 31
note_on 69
velocity 0
time 75
note_on 72
velocity 85
time 0
note_on 77
velocity 86
time 75
note_on 72
velocity 0
time 9
note_on 77
velocity 0
time 54
note_on 72
velocity 86
time 18
note_on 72
velocity 0
time 80
note_on 81
velocity 77
time 9
note_on 84
velocity 80
time 66
note_on 81
velocity 0
time 16
note_on 41
velocity 0
time 15
note_on 29
velocity 0
time 13
note_on 89
velocity 89
time 34
note_on 84
velocity 0
time 11
note_on 89
velocity 0
time 25
note_on 84
velocity 75
time 44
note_on 93
velocity 84
time 70
note_on 84
velocity 0
time 9
note_on 96
velocity 93
time 66
note_on 93
velocity 0
time 22
note_on 42
velocity 111
time 9
note_on 100
velocity 99
time 0
note_on 30
velocity 81
time 9
note_on 96
velocity 0
time 5
note_on 96
velocity 79
time 4
note_on 100
velocity 0
time 4
note_on 96
velocity 0
time 4
note_on 93
velocity 85
time 4
note_on 93
velocity 0
time 47
note_on 84
velocity 65
time 34
note_on 84
velocity 0
time 32
note_on 88
velocity 94
time 46
note_on 84
velocity 68
time 68
note_on 88
velocity 0
time 11
note_on 81
velocity 77
time 71
note_on 84
velocity 0
time 3
note_on 81
velocity 0
time 60
note_on 72
velocity 82
time 25
note_on 72
velocity 0
time 59
note_on 76
velocity 98
time 33
note_on 72
velocity 85
time 88
note_on 76
velocity 0
time 1
note_on 72
velocity 0
time 76
note_on 69
velocity 70
time 10
note_on 69
velocity 0
time 54
note_on 60
velocity 76
time 45
note_on 60
velocity 0
time 63
note_on 62
velocity 82
time 34
note_on 64
velocity 85
time 8
note_on 42
velocity 0
time 16
note_on 30
velocity 0
time 9
note_on 64
velocity 0
time 10
note_on 62
velocity 0
time 42
note_on 60
velocity 81
time 13
note_on 60
velocity 0
time 76
note_on 57
velocity 85
time 2
note_on 57
velocity 0
time 38
note_on 48
velocity 79
time 57
note_on 48
velocity 0
time 68
note_on 43
velocity 101
time 30
note_on 31
velocity 93
time 8
note_on 47
velocity 67
time 7
note_on 47
velocity 0
time 32
note_on 55
velocity 69
time 67
note_on 59
velocity 71
time 16
note_on 55
velocity 0
time 5
note_on 62
velocity 80
time 3
note_on 59
velocity 0
time 8
note_on 62
velocity 0
time 5
note_on 43
velocity 0
time 26
note_on 59
velocity 76
time 19
note_on 59
velocity 0
time 63
note_on 67
velocity 81
time 34
note_on 71
velocity 82
time 79
note_on 67
velocity 0
time 9
note_on 31
velocity 0
time 36
note_on 30
velocity 83
time 0
note_on 42
velocity 93
time 0
note_on 74
velocity 82
time 7
note_on 71
velocity 0
time 0
note_on 74
velocity 0
time 4
note_on 71
velocity 77
time 5
note_on 42
velocity 0
time 20
note_on 71
velocity 0
time 34
note_on 79
velocity 87
time 13
note_on 83
velocity 85
time 75
note_on 79
velocity 0
time 26
note_on 28
velocity 85
time 51
note_on 40
velocity 88
time 4
note_on 86
velocity 92
time 7
note_on 83
velocity 0
time 16
note_on 30
velocity 0
time 11
note_on 86
velocity 0
time 28
note_on 40
velocity 0
time 17
note_on 28
velocity 0
time 12
note_on 83
velocity 76
time 0
note_on 91
velocity 86
time 82
note_on 83
velocity 0
time 11
note_on 93
velocity 91
time 60
note_on 91
velocity 0
time 32
note_on 38
velocity 99
time 20
note_on 98
velocity 99
time 0
note_on 26
velocity 92
time 2
note_on 93
velocity 0
time 12
note_on 93
velocity 77
time 58
note_on 98
velocity 0
time 9
note_on 27
velocity 3
time 10
note_on 90
velocity 78
time 0
note_on 27
velocity 0
time 4
note_on 93
velocity 0
time 6
note_on 90
velocity 0
time 2
note_on 84
velocity 65
time 15
note_on 84
velocity 0
time 9
note_on 86
velocity 92
time 15
note_on 81
velocity 76
time 63
note_on 86
velocity 0
time 16
note_on 78
velocity 73
time 4
note_on 81
velocity 0
time 5
note_on 78
velocity 0
time 15
note_on 72
velocity 73
time 22
note_on 72
velocity 0
time 38
note_on 74
velocity 89
time 39
note_on 26
velocity 0
time 31
note_on 69
velocity 75
time 57
note_on 74
velocity 0
time 0
note_on 66
velocity 73
time 54
note_on 69
velocity 0
time 5
note_on 66
velocity 0
time 16
note_on 60
velocity 74
time 23
note_on 60
velocity 0
time 43
note_on 38
velocity 0
time 32
note_on 62
velocity 83
time 4
note_on 62
velocity 0
time 69
note_on 57
velocity 73
time 22
note_on 57
velocity 0
time 0
note_on 54
velocity 76
time 10
note_on 54
velocity 0
time 17
note_on 48
velocity 69
time 47
note_on 48
velocity 0
time 56
note_on 43
velocity 84
time 9
note_on 31
velocity 73
time 0
note_on 48
velocity 44
time 60
note_on 48
velocity 0
time 41
note_on 53
velocity 57
time 50
note_on 53
velocity 0
time 16
note_on 56
velocity 65
time 0
note_on 56
velocity 0
time 7
note_on 62
velocity 68
time 7
note_on 62
velocity 0
time 4
note_on 60
velocity 78
time 50
note_on 60
velocity 0
time 69
note_on 65
velocity 65
time 23
note_on 68
velocity 81
time 57
note_on 65
velocity 0
time 18
note_on 74
velocity 75
time 56
note_on 68
velocity 0
time 2
note_on 74
velocity 0
time 35
note_on 72
velocity 87
time 42
note_on 72
velocity 0
time 17
note_on 77
velocity 83
time 0
note_on 80
velocity 82
time 3
note_on 77
velocity 0
time 4
note_on 86
velocity 87
time 6
note_on 80
velocity 0
time 27
note_on 86
velocity 0
time 38
note_on 84
velocity 86
time 19
note_on 89
velocity 82
time 73
note_on 84
velocity 0
time 2
note_on 92
velocity 75
time 56
note_on 89
velocity 0
time 21
note_on 92
velocity 0
time 0
note_on 98
velocity 100
time 12
note_on 91
velocity 89
time 12
note_on 98
velocity 0
time 4
note_on 91
velocity 0
time 36
note_on 89
velocity 73
time 8
note_on 89
velocity 0
time 51
note_on 83
velocity 68
time 31
note_on 83
velocity 0
time 39
note_on 86
velocity 96
time 31
note_on 86
velocity 0
time 4
note_on 79
velocity 81
time 16
note_on 79
velocity 0
time 6
note_on 77
velocity 71
time 3
note_on 77
velocity 0
time 38
note_on 71
velocity 77
time 36
note_on 71
velocity 0
time 44
note_on 74
velocity 89
time 0
note_on 74
velocity 0
time 0
note_on 67
velocity 69
time 14
note_on 67
velocity 0
time 46
note_on 65
velocity 64
time 33
note_on 65
velocity 0
time 40
note_on 59
velocity 67
time 50
note_on 59
velocity 0
time 39
note_on 63
velocity 82
time 4
note_on 63
velocity 0
time 11
note_on 55
velocity 54
time 60
note_on 31
velocity 0
time 12
note_on 43
velocity 0
time 10
note_on 55
velocity 0
time 73
note_on 53
velocity 64
time 13
note_on 53
velocity 0
time 69
note_on 47
velocity 65
time 62
note_on 47
velocity 0
time 58
note_on 48
velocity 91
time 95
note_on 36
velocity 73
time 15
note_on 38
velocity 75
time 9
note_on 50
velocity 77
time 0
note_on 50
velocity 0
time 18
note_on 38
velocity 0
time 4
note_on 48
velocity 0
time 65
note_on 55
velocity 67
time 78
note_on 55
velocity 0
time 7
note_on 60
velocity 63
time 13
note_on 60
velocity 0
time 14
note_on 64
velocity 76
time 0
note_on 64
velocity 0
time 5
note_on 48
velocity 54
time 8
note_on 60
velocity 71
time 11
note_on 60
velocity 0
time 44
note_on 67
velocity 77
time 41
note_on 67
velocity 0
time 66
note_on 72
velocity 79
time 9
note_on 76
velocity 80
time 72
note_on 72
velocity 0
time 4
note_on 76
velocity 0
time 43
note_on 72
velocity 84
time 36
note_on 72
velocity 0
time 58
note_on 79
velocity 83
time 27
note_on 84
velocity 73
time 69
note_on 79
velocity 0
time 4
note_on 88
velocity 78
time 72
note_on 84
velocity 0
time 18
note_on 88
velocity 0
time 21
note_on 84
velocity 73
time 35
note_on 84
velocity 0
time 82
note_on 91
velocity 77
time 0
note_on 96
velocity 85
time 75
note_on 91
velocity 0
time 4
note_on 100
velocity 93
time 13
note_on 96
velocity 0
time 5
note_on 96
velocity 86
time 17
note_on 100
velocity 0
time 0
note_on 91
velocity 81
time 47
note_on 96
velocity 0
time 4
note_on 91
velocity 0
time 44
note_on 84
velocity 68
time 34
note_on 84
velocity 0
time 34
note_on 88
velocity 88
time 44
note_on 84
velocity 70
time 9
note_on 88
velocity 0
time 7
note_on 84
velocity 0
time 23
note_on 79
velocity 73
time 9
note_on 79
velocity 0
time 35
note_on 72
velocity 71
time 41
note_on 72
velocity 0
time 39
note_on 76
velocity 70
time 60
note_on 74
velocity 63
time 17
note_on 74
velocity 0
time 25
note_on 72
velocity 67
time 11
note_on 76
velocity 0
time 0
note_on 48
velocity 0
time 72
note_on 72
velocity 0
time 22
note_on 67
velocity 73
time 4
note_on 67
velocity 0
time 45
note_on 60
velocity 71
time 33
note_on 60
velocity 0
time 60
note_on 36
velocity 0
time 30
note_on 64
velocity 78
time 14
note_on 64
velocity 0
time 77
note_on 60
velocity 70
time 11
note_on 60
velocity 0
time 53
note_on 55
velocity 71
time 15
note_on 55
velocity 0
time 40
note_on 48
velocity 69
time 57
note_on 48
velocity 0
time 54
note_on 45
velocity 76
time 0
note_on 33
velocity 65
time 9
note_on 48
velocity 41
time 66
note_on 48
velocity 0
time 38
note_on 53
velocity 65
time 11
note_on 53
velocity 0
time 0
note_on 60
velocity 56
time 11
note_on 60
velocity 0
time 0
note_on 64
velocity 53
time 9
note_on 64
velocity 0
time 4
note_on 65
velocity 38
time 5
note_on 65
velocity 0
time 7
note_on 60
velocity 65
time 0
note_on 60
velocity 0
time 0
note_on 65
velocity 76
time 13
note_on 65
velocity 0
time 0
note_on 72
velocity 74
time 0
note_on 77
velocity 80
time 11
note_on 72
velocity 0
time 4
note_on 77
velocity 0
time 12
note_on 72
velocity 77
time 4
note_on 72
velocity 0
time 28
note_on 77
velocity 83
time 0
note_on 84
velocity 74
time 7
note_on 77
velocity 0
time 13
note_on 89
velocity 71
time 5
note_on 84
velocity 0
time 7
note_on 89
velocity 0
time 12
note_on 84
velocity 68
time 38
note_on 89
velocity 71
time 10
note_on 84
velocity 0
time 5
note_on 96
velocity 81
time 20
note_on 89
velocity 0
time 0
note_on 95
velocity 72
time 0
note_on 95
velocity 0
time 4
note_on 100
velocity 91
time 7
note_on 96
velocity 0
time 5
note_on 96
velocity 83
time 4
note_on 100
velocity 0
time 10
note_on 90
velocity 83
time 56
note_on 96
velocity 0
time 6
note_on 90
velocity 0
time 52
note_on 84
velocity 66
time 16
note_on 84
velocity 0
time 31
note_on 88
velocity 93
time 10
note_on 84
velocity 68
time 3
note_on 88
velocity 0
time 0
note_on 78
velocity 78
time 31
note_on 84
velocity 0
time 22
note_on 78
velocity 0
time 52
note_on 72
velocity 60
time 26
note_on 72
velocity 0
time 29
note_on 76
velocity 87
time 8
note_on 72
velocity 68
time 17
note_on 76
velocity 0
time 7
note_on 66
velocity 73
time 13
note_on 72
velocity 0
time 4
note_on 66
velocity 0
time 17
note_on 60
velocity 68
time 14
note_on 60
velocity 0
time 52
note_on 45
velocity 0
time 16
note_on 33
velocity 0
time 19
note_on 64
velocity 87
time 5
note_on 64
velocity 0
time 4
note_on 60
velocity 74
time 0
note_on 54
velocity 73
time 12
note_on 60
velocity 0
time 12
note_on 54
velocity 0
time 51
note_on 48
velocity 67
time 18
note_on 48
velocity 0
time 54
note_on 43
velocity 100
time 0
note_on 31
velocity 84
time 13
note_on 48
velocity 54
time 10
note_on 48
velocity 0
time 36
note_on 55
velocity 69
time 47
note_on 55
velocity 0
time 78
note_on 60
velocity 64
time 10
note_on 62
velocity 74
time 15
note_on 60
velocity 0
time 6
note_on 62
velocity 0
time 12
note_on 60
velocity 67
time 0
note_on 60
velocity 0
time 0
note_on 67
velocity 77
time 6
note_on 72
velocity 78
time 13
note_on 67
velocity 0
time 4
note_on 72
velocity 0
time 11
note_on 74
velocity 63
time 0
note_on 74
velocity 0
time 14
note_on 72
velocity 76
time 11
note_on 72
velocity 0
time 38
note_on 79
velocity 84
time 10
note_on 84
velocity 69
time 18
note_on 79
velocity 0
time 4
note_on 86
velocity 75
time 4
note_on 84
velocity 0
time 16
note_on 86
velocity 0
time 11
note_on 84
velocity 69
time 30
note_on 91
velocity 81
time 72
note_on 84
velocity 0
time 7
note_on 96
velocity 85
time 75
note_on 91
velocity 0
time 17
note_on 98
velocity 98
time 11
note_on 96
velocity 0
time 6
note_on 95
velocity 91
time 0
note_on 98
velocity 0
time 4
note_on 91
velocity 78
time 18
note_on 95
velocity 0
time 0
note_on 91
velocity 0
time 46
note_on 83
velocity 63
time 35
note_on 83
velocity 0
time 40
note_on 86
velocity 94
time 34
note_on 86
velocity 0
time 9
note_on 83
velocity 76
time 0
note_on 79
velocity 84
time 4
note_on 83
velocity 0
time 0
note_on 79
velocity 0
time 34
note_on 71
velocity 70
time 33
note_on 71
velocity 0
time 41
note_on 74
velocity 87
time 52
note_on 31
velocity 0
time 21
note_on 72
velocity 65
time 8
note_on 72
velocity 0
time 29
note_on 74
velocity 0
time 14
note_on 71
velocity 75
time 4
note_on 67
velocity 82
time 75
note_on 71
velocity 0
time 6
note_on 67
velocity 0
time 60
note_on 59
velocity 78
time 26
note_on 43
velocity 0
time 41
note_on 59
velocity 0
time 32
note_on 62
velocity 89
time 23
note_on 62
velocity 0
time 80
note_on 59
velocity 77
time 6
note_on 55
velocity 84
time 54
note_on 59
velocity 0
time 7
note_on 55
velocity 0
time 45
note_on 47
velocity 79
time 45
note_on 47
velocity 0
time 61
note_on 48
velocity 53
time 11
note_on 36
velocity 94
time 0
note_on 50
velocity 64
time 55
note_on 52
velocity 38
time 29
note_on 50
velocity 0
time 13
note_on 52
velocity 0
time 33
note_on 55
velocity 71
time 12
note_on 55
velocity 0
time 18
note_on 62
velocity 69
time 0
note_on 64
velocity 74
time 11
note_on 62
velocity 0
time 0
note_on 64
velocity 0
time 4
note_on 62
velocity 73
time 27
note_on 62
velocity 0
time 13
note_on 67
velocity 80
time 18
note_on 74
velocity 69
time 13
note_on 67
velocity 0
time 4
note_on 76
velocity 81
time 8
note_on 74
velocity 0
time 13
note_on 76
velocity 0
time 5
note_on 74
velocity 75
time 11
note_on 74
velocity 0
time 0
note_on 79
velocity 75
time 13
note_on 86
velocity 77
time 17
note_on 79
velocity 0
time 11
note_on 88
velocity 83
time 8
note_on 86
velocity 0
time 6
note_on 88
velocity 0
time 0
note_on 86
velocity 78
time 0
note_on 91
velocity 81
time 19
note_on 86
velocity 0
time 11
note_on 98
velocity 80
time 0
note_on 91
velocity 0
time 15
note_on 98
velocity 0
time 13
note_on 100
velocity 98
time 0
note_on 96
velocity 91
time 14
note_on 100
velocity 0
time 4
note_on 91
velocity 81
time 7
note_on 96
velocity 0
time 6
note_on 91
velocity 0
time 54
note_on 84
velocity 63
time 32
note_on 84
velocity 0
time 35
note_on 88
velocity 81
time 20
note_on 88
velocity 0
time 17
note_on 84
velocity 55
time 8
note_on 79
velocity 77
time 5
note_on 84
velocity 0
time 4
note_on 79
velocity 0
time 28
note_on 72
velocity 63
time 42
note_on 72
velocity 0
time 15
note_on 76
velocity 61
time 4
note_on 77
velocity 48
time 6
note_on 77
velocity 0
time 6
note_on 72
velocity 70
time 5
note_on 76
velocity 0
time 0
note_on 72
velocity 0
time 16
note_on 67
velocity 62
time 16
note_on 67
velocity 0
time 40
note_on 60
velocity 69
time 43
note_on 60
velocity 0
time 48
note_on 64
velocity 71
time 67
note_on 48
velocity 0
time 3
note_on 64
velocity 0
time 0
note_on 60
velocity 61
time 4
note_on 36
velocity 0
time 12
note_on 60
velocity 0
time 11
note_on 55
velocity 61
time 22
note_on 55
velocity 0
time 44
note_on 48
velocity 36
time 100
note_on 48
velocity 0
time 4
note_on 45
velocity 59
time 9
note_on 33
velocity 50
time 0
note_on 52
velocity 53
time 4
note_on 52
velocity 0
time 48
note_on 60
velocity 60
time 72
note_on 60
velocity 0
time 65
note_on 64
velocity 60
time 32
note_on 65
velocity 61
time 51
note_on 64
velocity 0
time 7
note_on 65
velocity 0
time 27
note_on 64
velocity 64
time 60
note_on 64
velocity 0
time 41
note_on 72
velocity 69
time 46
note_on 72
velocity 0
time 57
note_on 76
velocity 63
time 19
note_on 77
velocity 72
time 61
note_on 76
velocity 0
time 23
note_on 77
velocity 0
time 9
note_on 76
velocity 57
time 16
note_on 76
velocity 0
time 5
note_on 84
velocity 66
time 9
note_on 84
velocity 0
time 0
note_on 88
velocity 63
time 9
note_on 89
velocity 67
time 7
note_on 88
velocity 0
time 0
note_on 89
velocity 0
time 16
note_on 88
velocity 65
time 42
note_on 88
velocity 0
time 61
note_on 45
velocity 0
time 16
note_on 96
velocity 74
time 25
note_on 96
velocity 0
time 90
note_on 100
velocity 59
time 16
note_on 33
velocity 0
time 15
note_on 100
velocity 0
time 5
note_on 47
velocity 50
time 14
note_on 101
velocity 63
time 0
note_on 35
velocity 28
time 11
note_on 101
velocity 0
time 34
note_on 98
velocity 66
time 0
note_on 98
velocity 0
time 10
note_on 95
velocity 63
time 7
note_on 95
velocity 0
time 0
note_on 86
velocity 63
time 29
note_on 86
velocity 0
time 41
note_on 47
velocity 0
time 43
note_on 89
velocity 66
time 9
note_on 91
velocity 22
time 15
note_on 89
velocity 0
time 6
note_on 86
velocity 58
time 19
note_on 91
velocity 0
time 11
note_on 86
velocity 0
time 39
note_on 83
velocity 68
time 13
note_on 83
velocity 0
time 55
note_on 74
velocity 61
time 44
note_on 74
velocity 0
time 11
note_on 33
velocity 48
time 7
note_on 45
velocity 44
time 4
note_on 77
velocity 72
time 5
note_on 35
velocity 0
time 11
note_on 77
velocity 0
time 14
note_on 74
velocity 61
time 22
note_on 74
velocity 0
time 46
note_on 71
velocity 66
time 26
note_on 71
velocity 0
time 35
note_on 62
velocity 67
time 41
note_on 62
velocity 0
time 59
note_on 65
velocity 69
time 44
note_on 45
velocity 0
time 9
note_on 65
velocity 0
time 44
note_on 62
velocity 57
time 54
note_on 62
velocity 0
time 38
note_on 59
velocity 66
time 5
note_on 59
velocity 0
time 40
note_on 50
velocity 58
time 76
note_on 50
velocity 0
time 53
note_on 33
velocity 0
time 4
note_on 44
velocity 74
time 42
note_on 32
velocity 68
time 4
note_on 50
velocity 51
time 0
note_on 50
velocity 0
time 0
note_on 59
velocity 65
time 19
note_on 59
velocity 0
time 63
note_on 62
velocity 62
time 13
note_on 64
velocity 69
time 47
note_on 62
velocity 0
time 7
note_on 64
velocity 0
time 28
note_on 62
velocity 62
time 46
note_on 62
velocity 0
time 35
note_on 71
velocity 75
time 43
note_on 71
velocity 0
time 66
note_on 74
velocity 64
time 19
note_on 76
velocity 76
time 60
note_on 74
velocity 0
time 11
note_on 76
velocity 0
time 0
note_on 74
velocity 62
time 0
note_on 74
velocity 0
time 13
note_on 83
velocity 71
time 9
note_on 83
velocity 0
time 8
note_on 86
velocity 69
time 10
note_on 88
velocity 73
time 4
note_on 86
velocity 0
time 0
note_on 88
velocity 0
time 18
note_on 86
velocity 58
time 45
note_on 44
velocity 0
time 50
note_on 86
velocity 0
time 0
note_on 95
velocity 61
time 40
note_on 32
velocity 0
time 34
note_on 98
velocity 75
time 43
note_on 95
velocity 0
time 15
note_on 98
velocity 0
time 54
note_on 33
velocity 59
time 13
note_on 45
velocity 67
time 0
note_on 100
velocity 85
time 0
note_on 100
velocity 0
time 11
note_on 96
velocity 86
time 0
note_on 96
velocity 0
time 12
note_on 93
velocity 75
time 5
note_on 93
velocity 0
time 37
note_on 45
velocity 0
time 36
note_on 84
velocity 69
time 3
note_on 84
velocity 0
time 40
note_on 88
velocity 74
time 52
note_on 88
velocity 0
time 50
note_on 84
velocity 72
time 14
note_on 84
velocity 0
time 63
note_on 81
velocity 76
time 2
note_on 81
velocity 0
time 65
note_on 72
velocity 77
time 22
note_on 72
velocity 0
time 41
note_on 76
velocity 97
time 43
note_on 43
velocity 90
time 4
note_on 31
velocity 81
time 14
note_on 33
velocity 0
time 7
note_on 72
velocity 79
time 15
note_on 76
velocity 0
time 0
note_on 69
velocity 76
time 12
note_on 72
velocity 0
time 4
note_on 69
velocity 0
time 59
note_on 60
velocity 76
time 32
note_on 43
velocity 0
time 88
note_on 60
velocity 0
time 0
note_on 64
velocity 93
time 15
note_on 31
velocity 0
time 80
note_on 64
velocity 0
time 13
note_on 60
velocity 78
time 4
note_on 57
velocity 86
time 60
note_on 60
velocity 0
time 7
note_on 57
velocity 0
time 52
note_on 48
velocity 80
time 41
note_on 48
velocity 0
time 80
note_on 41
velocity 103
time 36
note_on 29
velocity 88
time 9
note_on 48
velocity 74
time 5
note_on 48
velocity 0
time 9
note_on 57
velocity 80
time 77
note_on 57
velocity 0
time 15
note_on 60
velocity 62
time 4
note_on 64
velocity 84
time 7
note_on 60
velocity 0
time 5
note_on 64
velocity 0
time 0
note_on 60
velocity 80
time 21
note_on 60
velocity 0
time 61
note_on 69
velocity 82
time 34
note_on 72
velocity 80
time 71
note_on 69
velocity 0
time 4
note_on 76
velocity 85
time 0
note_on 72
velocity 0
time 0
note_on 76
velocity 0
time 12
note_on 72
velocity 81
time 25
note_on 72
velocity 0
time 69
note_on 81
velocity 83
time 14
note_on 84
velocity 80
time 9
note_on 81
velocity 0
time 14
note_on 88
velocity 86
time 3
note_on 84
velocity 0
time 14
note_on 88
velocity 0
time 19
note_on 84
velocity 76
time 11
note_on 84
velocity 0
time 42
note_on 93
velocity 84
time 6
note_on 96
velocity 82
time 32
note_on 93
velocity 0
time 0
note_on 99
velocity 93
time 14
note_on 96
velocity 0
time 14
note_on 99
velocity 0
time 4
note_on 95
velocity 41
time 0
note_on 93
velocity 82
time 11
note_on 95
velocity 0
time 5
note_on 93
velocity 0
time 42
note_on 83
velocity 71
time 50
note_on 83
velocity 0
time 36
note_on 87
velocity 85
time 17
note_on 87
velocity 0
time 5
note_on 83
velocity 64
time 0
note_on 83
velocity 0
time 4
note_on 81
velocity 73
time 12
note_on 81
velocity 0
time 33
note_on 71
velocity 77
time 57
note_on 71
velocity 0
time 33
note_on 75
velocity 84
time 15
note_on 75
velocity 0
time 18
note_on 71
velocity 61
time 13
note_on 71
velocity 0
time 0
note_on 69
velocity 69
time 10
note_on 69
velocity 0
time 38
note_on 59
velocity 79
time 56
note_on 59
velocity 0
time 42
note_on 63
velocity 84
time 51
note_on 41
velocity 0
time 28
note_on 29
velocity 0
time 7
note_on 63
velocity 0
time 28
note_on 59
velocity 86
time 33
note_on 59
velocity 0
time 60
note_on 57
velocity 87
time 11
note_on 57
velocity 0
time 31
note_on 47
velocity 89
time 71
note_on 47
velocity 0
time 70
note_on 40
velocity 95
time 31
note_on 28
velocity 96
time 3
note_on 47
velocity 71
time 4
note_on 47
velocity 0
time 18
note_on 57
velocity 81
time 84
note_on 57
velocity 0
time 5
note_on 59
velocity 77
time 0
note_on 59
velocity 0
time 9
note_on 64
velocity 72
time 10
note_on 64
velocity 0
time 0
note_on 59
velocity 76
time 0
note_on 59
velocity 0
time 40
note_on 69
velocity 79
time 11
note_on 71
velocity 81
time 9
note_on 69
velocity 0
time 0
note_on 76
velocity 86
time 5
note_on 71
velocity 0
time 7
note_on 76
velocity 0
time 2
note_on 71
velocity 78
time 22
note_on 71
velocity 0
time 18
note_on 81
velocity 77
time 19
note_on 83
velocity 81
time 5
note_on 81
velocity 0
time 13
note_on 88
velocity 81
time 4
note_on 83
velocity 0
time 7
note_on 88
velocity 0
time 61
note_on 83
velocity 83
time 12
note_on 83
velocity 0
time 58
note_on 93
velocity 86
time 17
note_on 95
velocity 91
time 5
note_on 93
velocity 0
time 7
note_on 100
velocity 102
time 15
note_on 95
velocity 0
time 11
note_on 95
velocity 89
time 18
note_on 100
velocity 0
time 7
note_on 92
velocity 77
time 11
note_on 95
velocity 0
time 0
note_on 92
velocity 0
time 11
note_on 83
velocity 65
time 13
note_on 83
velocity 0
time 26
note_on 88
velocity 88
time 5
note_on 83
velocity 71
time 19
note_on 88
velocity 0
time 0
note_on 80
velocity 77
time 16
note_on 83
velocity 0
time 0
note_on 80
velocity 0
time 0
note_on 71
velocity 67
time 11
note_on 71
velocity 0
time 9
note_on 76
velocity 75
time 9
note_on 76
velocity 0
time 4
note_on 71
velocity 62
time 9
note_on 28
velocity 0
time 4
note_on 71
velocity 0
time 13
note_on 68
velocity 73
time 0
note_on 68
velocity 0
time 18
note_on 59
velocity 67
time 0
note_on 59
velocity 0
time 0
note_on 64
velocity 70
time 15
note_on 64
velocity 0
time 7
note_on 59
velocity 66
time 37
note_on 59
velocity 0
time 40
note_on 40
velocity 0
time 22
note_on 56
velocity 64
time 9
note_on 56
velocity 0
time 27
note_on 47
velocity 64
time 0
note_on 47
velocity 0
time 3
note_on 45
velocity 66
time 13
note_on 33
velocity 52
time 4
note_on 52
velocity 54
time 10
note_on 52
velocity 0
time 9
note_on 57
velocity 58
time 45
note_on 57
velocity 0
time 66
note_on 61
velocity 60
time 21
note_on 61
velocity 0
time 14
note_on 67
velocity 46
time 12
note_on 67
velocity 0
time 10
note_on 64
velocity 67
time 14
note_on 64
velocity 0
time 13
note_on 69
velocity 64
time 25
note_on 69
velocity 0
time 8
note_on 73
velocity 71
time 0
note_on 79
velocity 71
time 0
note_on 73
velocity 0
time 14
note_on 79
velocity 0
time 0
note_on 33
velocity 0
time 5
note_on 76
velocity 71
time 0
note_on 76
velocity 0
time 13
note_on 81
velocity 64
time 19
note_on 85
velocity 71
time 7
note_on 81
velocity 0
time 4
note_on 85
velocity 0
time 5
note_on 91
velocity 85
time 0
note_on 91
velocity 0
time 15
note_on 85
velocity 73
time 7
note_on 81
velocity 67
time 9
note_on 85
velocity 0
time 33
note_on 76
velocity 64
time 4
note_on 76
velocity 0
time 42
note_on 81
velocity 0
time 5
note_on 50
velocity 70
time 10
note_on 45
velocity 0
time 0
note_on 91
velocity 78
time 4
note_on 38
velocity 57
time 8
note_on 91
velocity 0
time 6
note_on 84
velocity 61
time 9
note_on 84
velocity 0
time 0
note_on 81
velocity 67
time 5
note_on 81
velocity 0
time 4
note_on 76
velocity 74
time 31
note_on 76
velocity 0
time 4
note_on 79
velocity 88
time 0
note_on 79
velocity 0
time 5
note_on 72
velocity 75
time 4
note_on 69
velocity 70
time 17
note_on 72
velocity 0
time 14
note_on 69
velocity 0
time 54
note_on 50
velocity 0
time 21
note_on 64
velocity 78
time 11
note_on 64
velocity 0
time 39
note_on 67
velocity 94
time 63
note_on 60
velocity 75
time 16
note_on 67
velocity 0
time 4
note_on 57
velocity 78
time 9
note_on 60
velocity 0
time 26
note_on 52
velocity 85
time 62
note_on 52
velocity 0
time 68
note_on 38
velocity 0
time 50
note_on 66
velocity 94
time 26
note_on 57
velocity 0
time 46
note_on 60
velocity 79
time 48
note_on 66
velocity 0
time 31
note_on 57
velocity 90
time 57
note_on 60
velocity 0
time 42
note_on 50
velocity 89
time 51
note_on 57
velocity 0
time 10
note_on 50
velocity 0
time 61
note_on 43
velocity 99
time 58
note_on 31
velocity 89
time 7
note_on 50
velocity 65
time 8
note_on 50
velocity 0
time 31
note_on 55
velocity 74
time 52
note_on 55
velocity 0
time 0
note_on 60
velocity 74
time 0
note_on 59
velocity 37
time 15
note_on 65
velocity 71
time 14
note_on 60
velocity 0
time 5
note_on 59
velocity 0
time 4
note_on 65
velocity 0
time 8
note_on 62
velocity 90
time 16
note_on 62
velocity 0
time 17
note_on 67
velocity 85
time 16
note_on 72
velocity 85
time 8
note_on 67
velocity 0
time 0
note_on 71
velocity 50
time 17
note_on 77
velocity 82
time 13
note_on 71
velocity 0
time 10
note_on 72
velocity 0
time 0
note_on 77
velocity 0
time 6
note_on 74
velocity 86
time 14
note_on 74
velocity 0
time 40
note_on 79
velocity 88
time 16
note_on 84
velocity 73
time 17
note_on 79
velocity 0
time 0
note_on 89
velocity 80
time 15
note_on 83
velocity 5
time 0
note_on 84
velocity 0
time 4
note_on 89
velocity 0
time 8
note_on 86
velocity 81
time 22
note_on 83
velocity 0
time 7
note_on 86
velocity 0
time 19
note_on 91
velocity 82
time 5
note_on 96
velocity 93
time 4
note_on 91
velocity 0
time 10
note_on 95
velocity 36
time 0
note_on 101
velocity 97
time 7
note_on 95
velocity 0
time 12
note_on 96
velocity 0
time 0
note_on 95
velocity 85
time 15
note_on 101
velocity 0
time 4
note_on 91
velocity 79
time 4
note_on 95
velocity 0
time 7
note_on 91
velocity 0
time 17
note_on 86
velocity 72
time 0
note_on 86
velocity 0
time 14
note_on 89
velocity 93
time 15
note_on 83
velocity 75
time 10
note_on 89
velocity 0
time 2
note_on 79
velocity 76
time 13
note_on 83
velocity 0
time 0
note_on 79
velocity 0
time 45
note_on 74
velocity 68
time 22
note_on 74
velocity 0
time 38
note_on 77
velocity 79
time 5
note_on 77
velocity 0
time 1
note_on 71
velocity 64
time 6
note_on 71
velocity 0
time 10
note_on 67
velocity 69
time 4
note_on 67
velocity 0
time 50
note_on 62
velocity 73
time 45
note_on 62
velocity 0
time 17
note_on 31
velocity 0
time 16
note_on 65
velocity 70
time 15
note_on 65
velocity 0
time 4
note_on 59
velocity 68
time 63
note_on 43
velocity 0
time 34
note_on 59
velocity 0
time 21
note_on 55
velocity 68
time 12
note_on 55
velocity 0
time 59
note_on 50
velocity 68
time 44
note_on 50
velocity 0
time 61
note_on 48
velocity 61
time 13
note_on 36
velocity 51
time 11
note_on 55
velocity 58
time 5
note_on 55
velocity 0
time 9
note_on 58
velocity 58
time 0
note_on 48
velocity 0
time 5
note_on 58
velocity 0
time 11
note_on 64
velocity 65
time 4
note_on 64
velocity 0
time 37
note_on 60
velocity 64
time 5
note_on 60
velocity 0
time 8
note_on 67
velocity 74
time 16
note_on 70
velocity 72
time 18
note_on 67
velocity 0
time 0
note_on 76
velocity 68
time 8
note_on 70
velocity 0
time 7
note_on 76
velocity 0
time 5
note_on 72
velocity 72
time 16
note_on 72
velocity 0
time 47
note_on 79
velocity 75
time 33
note_on 82
velocity 70
time 45
note_on 79
velocity 0
time 10
note_on 82
velocity 0
time 64
note_on 88
velocity 59
time 7
note_on 88
velocity 0
time 17
note_on 84
velocity 69
time 42
note_on 84
velocity 0
time 46
note_on 91
velocity 67
time 27
note_on 91
velocity 0
time 50
note_on 96
velocity 82
time 20
note_on 96
velocity 0
time 35
note_on 36
velocity 0
time 5
note_on 30
velocity 57
time 11
note_on 42
velocity 58
time 3
note_on 97
velocity 57
time 0
note_on 97
velocity 0
time 17
note_on 87
velocity 66
time 11
note_on 87
velocity 0
time 7
note_on 84
velocity 42
time 2
note_on 84
velocity 0
time 18
note_on 82
velocity 40
time 123
note_on 82
velocity 0
time 40
note_on 75
velocity 68
time 7
note_on 75
velocity 0
time 36
note_on 72
velocity 58
time 45
note_on 72
velocity 0
time 30
note_on 75
velocity 70
time 50
note_on 75
velocity 0
time 103
note_on 71
velocity 6
time 42
note_on 63
velocity 61
time 25
note_on 63
velocity 0
time 39
note_on 71
velocity 0
time 4
note_on 60
velocity 58
time 34
note_on 60
velocity 0
time 39
note_on 63
velocity 56
time 47
note_on 42
velocity 0
time 17
note_on 30
velocity 0
time 27
note_on 63
velocity 0
time 26
note_on 58
velocity 55
time 13
note_on 58
velocity 0
time 60
note_on 51
velocity 57
time 23
note_on 51
velocity 0
time 87
note_on 48
velocity 56
time 4
note_on 48
velocity 0
time 52
note_on 41
velocity 69
time 64
note_on 29
velocity 63
time 0
note_on 48
velocity 59
time 0
note_on 48
velocity 0
time 20
note_on 51
velocity 54
time 12
note_on 51
velocity 0
time 7
note_on 57
velocity 57
time 19
note_on 57
velocity 0
time 61
note_on 63
velocity 70
time 13
note_on 63
velocity 0
time 19
note_on 60
velocity 76
time 57
note_on 60
velocity 0
time 5
note_on 29
velocity 0
time 4
note_on 63
velocity 60
time 15
note_on 63
velocity 0
time 15
note_on 69
velocity 62
time 44
note_on 69
velocity 0
time 48
note_on 75
velocity 73
time 15
note_on 75
velocity 0
time 30
note_on 72
velocity 74
time 59
note_on 72
velocity 0
time 38
note_on 75
velocity 45
time 32
note_on 75
velocity 0
time 82
note_on 81
velocity 62
time 16
note_on 81
velocity 0
time 30
note_on 87
velocity 78
time 18
note_on 87
velocity 0
time 30
note_on 84
velocity 31
time 94
note_on 84
velocity 0
time 44
note_on 87
velocity 66
time 5
note_on 87
velocity 0
time 0
note_on 93
velocity 68
time 9
note_on 93
velocity 0
time 4
note_on 41
velocity 0
time 5
note_on 47
velocity 56
time 0
note_on 99
velocity 88
time 0
note_on 35
velocity 51
time 9
note_on 99
velocity 0
time 6
note_on 92
velocity 75
time 12
note_on 87
velocity 70
time 7
note_on 92
velocity 0
time 0
note_on 87
velocity 0
time 19
note_on 83
velocity 67
time 9
note_on 83
velocity 0
time 4
note_on 87
velocity 70
time 46
note_on 87
velocity 0
time 61
note_on 80
velocity 75
time 2
note_on 75
velocity 72
time 72
note_on 80
velocity 0
time 0
note_on 75
velocity 0
time 62
note_on 71
velocity 75
time 16
note_on 71
velocity 0
time 35
note_on 75
velocity 77
time 66
note_on 75
velocity 0
time 63
note_on 68
velocity 76
time 13
note_on 63
velocity 70
time 62
note_on 68
velocity 0
time 9
note_on 35
velocity 0
time 8
note_on 47
velocity 0
time 29
note_on 63
velocity 0
time 22
note_on 59
velocity 75
time 15
note_on 59
velocity 0
time 42
note_on 63
velocity 67
time 72
note_on 63
velocity 0
time 77
note_on 56
velocity 66
time 3
note_on 51
velocity 70
time 66
note_on 56
velocity 0
time 36
note_on 47
velocity 73
time 55
note_on 47
velocity 0
time 59
note_on 51
velocity 0
time 13
note_on 34
velocity 87
time 71
note_on 46
velocity 62
time 13
note_on 46
velocity 0
time 39
note_on 53
velocity 56
time 16
note_on 53
velocity 0
time 13
note_on 56
velocity 64
time 0
note_on 62
velocity 75
time 10
note_on 56
velocity 0
time 5
note_on 62
velocity 0
time 30
note_on 58
velocity 75
time 62
note_on 58
velocity 0
time 36
note_on 65
velocity 66
time 62
note_on 68
velocity 79
time 60
note_on 65
velocity 0
time 25
note_on 68
velocity 0
time 46
note_on 74
velocity 80
time 4
note_on 74
velocity 0
time 30
note_on 70
velocity 85
time 48
note_on 70
velocity 0
time 61
note_on 77
velocity 78
time 25
note_on 80
velocity 89
time 73
note_on 77
velocity 0
time 39
note_on 86
velocity 76
time 40
note_on 80
velocity 0
time 3
note_on 86
velocity 0
time 22
note_on 82
velocity 91
time 48
note_on 82
velocity 0
time 79
note_on 88
velocity 69
time 25
note_on 89
velocity 77
time 0
note_on 88
velocity 0
time 46
note_on 92
velocity 84
time 19
note_on 89
velocity 0
time 41
note_on 98
velocity 99
time 0
note_on 46
velocity 113
time 4
note_on 92
velocity 0
time 14
note_on 92
velocity 78
time 33
note_on 98
velocity 0
time 8
note_on 88
velocity 71
time 10
note_on 92
velocity 0
time 20
note_on 89
velocity 39
time 11
note_on 88
velocity 0
time 42
note_on 89
velocity 0
time 0
note_on 82
velocity 82
time 4
note_on 82
velocity 0
time 27
note_on 86
velocity 79
time 13
note_on 88
velocity 61
time 16
note_on 88
velocity 0
time 18
note_on 80
velocity 85
time 8
note_on 86
velocity 0
time 4
note_on 76
velocity 71
time 46
note_on 80
velocity 0
time 5
note_on 76
velocity 0
time 50
note_on 70
velocity 87
time 4
note_on 70
velocity 0
time 25
note_on 74
velocity 89
time 0
note_on 68
velocity 82
time 4
note_on 74
velocity 0
time 0
note_on 63
velocity 79
time 26
note_on 68
velocity 0
time 10
note_on 63
velocity 0
time 42
note_on 64
velocity 48
time 33
note_on 58
velocity 85
time 9
note_on 64
velocity 0
time 23
note_on 58
velocity 0
time 7
note_on 46
velocity 0
time 41
note_on 34
velocity 0
time 11
note_on 62
velocity 92
time 25
note_on 56
velocity 82
time 85
note_on 62
velocity 0
time 4
note_on 52
velocity 75
time 81
note_on 56
velocity 0
time 4
note_on 46
velocity 88
time 77
note_on 52
velocity 0
time 57
note_on 46
velocity 0
time 9
note_on 45
velocity 101
time 52
note_on 33
velocity 92
time 5
note_on 47
velocity 42
time 18
note_on 45
velocity 0
time 5
note_on 47
velocity 0
time 0
note_on 52
velocity 61
time 9
note_on 52
velocity 0
time 25
note_on 57
velocity 26
time 58
note_on 45
velocity 57
time 15
note_on 61
velocity 70
time 4
note_on 59
velocity 7
time 9
note_on 61
velocity 0
time 21
note_on 59
velocity 0
time 47
note_on 59
velocity 3
time 4
note_on 59
velocity 0
time 18
note_on 57
velocity 0
time 5
note_on 64
velocity 75
time 10
note_on 64
velocity 0
time 11
note_on 69
velocity 70
time 0
note_on 69
velocity 0
time 15
note_on 72
velocity 69
time 0
note_on 72
velocity 0
time 16
note_on 69
velocity 67
time 28
note_on 69
velocity 0
time 9
note_on 76
velocity 80
time 30
note_on 76
velocity 0
time 73
note_on 82
velocity 47
time 27
note_on 81
velocity 45
time 16
note_on 82
velocity 0
time 22
note_on 85
velocity 77
time 8
note_on 81
velocity 0
time 11
note_on 85
velocity 0
time 13
note_on 81
velocity 70
time 45
note_on 81
velocity 0
time 38
note_on 88
velocity 76
time 17
note_on 93
velocity 80
time 7
note_on 88
velocity 0
time 0
note_on 93
velocity 0
time 9
note_on 97
velocity 87
time 9
note_on 97
velocity 0
time 12
note_on 93
velocity 65
time 15
note_on 93
velocity 0
time 4
note_on 88
velocity 78
time 10
note_on 88
velocity 0
time 56
note_on 81
velocity 61
time 51
note_on 81
velocity 0
time 39
note_on 85
velocity 70
time 45
note_on 85
velocity 0
time 0
note_on 81
velocity 63
time 4
note_on 81
velocity 0
time 9
note_on 76
velocity 71
time 9
note_on 76
velocity 0
time 7
note_on 69
velocity 49
time 32
note_on 69
velocity 0
time 5
note_on 73
velocity 74
time 2
note_on 73
velocity 0
time 0
note_on 68
velocity 57
time 15
note_on 69
velocity 41
time 21
note_on 68
velocity 0
time 4
note_on 69
velocity 0
time 4
note_on 64
velocity 71
time 4
note_on 64
velocity 0
time 39
note_on 57
velocity 70
time 59
note_on 57
velocity 0
time 46
note_on 61
velocity 64
time 64
note_on 61
velocity 0
time 39
note_on 57
velocity 60
time 62
note_on 45
velocity 0
time 11
note_on 57
velocity 0
time 66
note_on 52
velocity 69
time 18
note_on 52
velocity 0
time 43
note_on 45
velocity 51
time 14
note_on 45
velocity 0
time 50
note_on 33
velocity 0
time 16
note_on 38
velocity 59
time 0
note_on 45
velocity 49
time 13
note_on 45
velocity 0
time 18
note_on 50
velocity 45
time 77
note_on 50
velocity 0
time 39
note_on 54
velocity 53
time 30
note_on 54
velocity 0
time 53
note_on 60
velocity 58
time 21
note_on 60
velocity 0
time 36
note_on 57
velocity 70
time 46
note_on 57
velocity 0
time 42
note_on 62
velocity 67
time 46
note_on 66
velocity 67
time 61
note_on 62
velocity 0
time 4
note_on 72
velocity 69
time 69
note_on 66
velocity 0
time 4
note_on 72
velocity 0
time 43
note_on 69
velocity 64
time 52
note_on 69
velocity 0
time 44
note_on 74
velocity 67
time 33
note_on 78
velocity 72
time 64
note_on 74
velocity 0
time 11
note_on 84
velocity 72
time 63
note_on 78
velocity 0
time 13
note_on 84
velocity 0
time 30
note_on 81
velocity 72
time 53
note_on 81
velocity 0
time 55
note_on 86
velocity 70
time 18
note_on 90
velocity 75
time 59
note_on 86
velocity 0
time 16
note_on 38
velocity 0
time 28
note_on 43
velocity 43
time 32
note_on 90
velocity 0
time 0
note_on 31
velocity 43
time 4
note_on 96
velocity 84
time 15
note_on 96
velocity 0
time 43
note_on 89
velocity 68
time 41
note_on 89
velocity 0
time 5
note_on 86
velocity 69
time 0
note_on 86
velocity 0
time 4
note_on 79
velocity 70
time 5
note_on 79
velocity 0
time 5
note_on 84
velocity 69
time 15
note_on 84
velocity 0
time 0
note_on 77
velocity 58
time 9
note_on 77
velocity 0
time 6
note_on 74
velocity 68
time 30
note_on 74
velocity 0
time 44
note_on 67
velocity 61
time 62
note_on 67
velocity 0
time 9
note_on 72
velocity 80
time 18
note_on 72
velocity 0
time 4
note_on 65
velocity 49
time 13
note_on 65
velocity 0
time 12
note_on 62
velocity 63
time 7
note_on 62
velocity 0
time 17
note_on 55
velocity 61
time 59
note_on 55
velocity 0
time 67
note_on 59
velocity 78
time 50
note_on 43
velocity 0
time 13
note_on 59
velocity 0
time 0
note_on 53
velocity 65
time 0
note_on 53
velocity 0
time 29
note_on 50
velocity 66
time 16
note_on 50
velocity 0
time 37
note_on 43
velocity 68
time 65
note_on 43
velocity 0
time 58
note_on 36
velocity 74
time 59
note_on 31
velocity 0
time 0
note_on 43
velocity 57
time 7
note_on 43
velocity 0
time 4
note_on 48
velocity 59
time 10
note_on 48
velocity 0
time 58
note_on 52
velocity 56
time 29
note_on 52
velocity 0
time 57
note_on 59
velocity 59
time 20
note_on 59
velocity 0
time 41
note_on 55
velocity 72
time 40
note_on 55
velocity 0
time 39
note_on 60
velocity 72
time 50
note_on 60
velocity 0
time 76
note_on 64
velocity 75
time 4
note_on 71
velocity 71
time 57
note_on 64
velocity 0
time 7
note_on 71
velocity 0
time 27
note_on 67
velocity 80
time 54
note_on 67
velocity 0
time 57
note_on 72
velocity 84
time 22
note_on 76
velocity 88
time 77
note_on 72
velocity 0
time 14
note_on 83
velocity 80
time 63
note_on 76
velocity 0
time 16
note_on 83
velocity 0
time 34
note_on 79
velocity 84
time 41
note_on 79
velocity 0
time 62
note_on 84
velocity 73
time 16
note_on 88
velocity 81
time 69
note_on 84
velocity 0
time 9
note_on 36
velocity 0
time 41
note_on 95
velocity 83
time 28
note_on 88
velocity 0
time 2
note_on 41
velocity 57
time 2
note_on 29
velocity 47
time 14
note_on 95
velocity 0
time 45
note_on 88
velocity 69
time 27
note_on 88
velocity 0
time 60
note_on 84
velocity 63
time 20
note_on 84
velocity 0
time 39
note_on 77
velocity 68
time 39
note_on 77
velocity 0
time 43
note_on 83
velocity 73
time 52
note_on 83
velocity 0
time 44
note_on 76
velocity 60
time 45
note_on 76
velocity 0
time 50
note_on 72
velocity 69
time 18
note_on 72
velocity 0
time 4
note_on 65
velocity 60
time 12
note_on 65
velocity 0
time 17
note_on 71
velocity 66
time 40
note_on 71
velocity 0
time 0
note_on 64
velocity 57
time 0
note_on 64
velocity 0
time 18
note_on 60
velocity 64
time 11
note_on 60
velocity 0
time 48
note_on 53
velocity 65
time 60
note_on 53
velocity 0
time 53
note_on 57
velocity 66
time 59
note_on 41
velocity 0
time 20
note_on 57
velocity 0
time 61
note_on 52
velocity 70
time 5
note_on 52
velocity 0
time 50
note_on 49
velocity 47
time 35
note_on 48
velocity 60
time 4
note_on 48
velocity 0
time 5
note_on 49
velocity 0
time 0
note_on 41
velocity 70
time 33
note_on 41
velocity 0
time 55
note_on 35
velocity 73
time 0
note_on 29
velocity 0
time 6
note_on 41
velocity 66
time 4
note_on 41
velocity 0
time 0
note_on 47
velocity 65
time 5
note_on 47
velocity 0
time 7
note_on 50
velocity 66
time 0
note_on 50
velocity 0
time 75
note_on 57
velocity 73
time 4
note_on 57
velocity 0
time 42
note_on 53
velocity 82
time 40
note_on 53
velocity 0
time 37
note_on 59
velocity 78
time 58
note_on 62
velocity 82
time 75
note_on 59
velocity 0
time 5
note_on 69
velocity 78
time 68
note_on 62
velocity 0
time 5
note_on 69
velocity 0
time 34
note_on 65
velocity 75
time 53
note_on 65
velocity 0
time 45
note_on 71
velocity 77
time 44
note_on 74
velocity 79
time 12
note_on 71
velocity 0
time 2
note_on 74
velocity 0
time 13
note_on 81
velocity 50
time 9
note_on 81
velocity 0
time 33
note_on 77
velocity 74
time 48
note_on 77
velocity 0
time 37
note_on 83
velocity 49
time 44
note_on 83
velocity 0
time 79
note_on 86
velocity 67
time 9
note_on 35
velocity 0
time 8
note_on 28
velocity 48
time 0
note_on 86
velocity 0
time 5
note_on 40
velocity 30
time 7
note_on 91
velocity 63
time 7
note_on 91
velocity 0
time 4
note_on 86
velocity 57
time 16
note_on 86
velocity 0
time 0
note_on 83
velocity 68
time 11
note_on 28
velocity 0
time 11
note_on 83
velocity 0
time 30
note_on 76
velocity 70
time 52
note_on 76
velocity 0
time 35
note_on 79
velocity 65
time 62
note_on 79
velocity 0
time 46
note_on 74
velocity 58
time 20
note_on 76
velocity 17
time 31
note_on 74
velocity 0
time 18
note_on 71
velocity 67
time 28
note_on 76
velocity 0
time 15
note_on 71
velocity 0
time 26
note_on 64
velocity 73
time 53
note_on 40
velocity 0
time 58
note_on 45
velocity 82
time 11
note_on 33
velocity 70
time 0
note_on 64
velocity 0
time 4
note_on 69
velocity 71
time 4
note_on 72
velocity 85
time 13
note_on 69
velocity 0
time 0
note_on 45
velocity 0
time 18
note_on 72
velocity 0
time 27
note_on 79
velocity 82
time 4
note_on 79
velocity 0
time 41
note_on 76
velocity 86
time 48
note_on 76
velocity 0
time 68
note_on 81
velocity 81
time 13
note_on 84
velocity 82
time 76
note_on 81
velocity 0
time 25
note_on 84
velocity 0
time 47
note_on 91
velocity 83
time 2
note_on 88
velocity 77
time 105
note_on 91
velocity 0
time 7
note_on 88
velocity 0
time 43
note_on 38
velocity 87
time 9
note_on 26
velocity 73
time 4
note_on 33
velocity 0
time 0
note_on 89
velocity 85
time 9
note_on 84
velocity 71
time 20
note_on 89
velocity 0
time 5
note_on 26
velocity 0
time 21
note_on 81
velocity 76
time 28
note_on 84
velocity 0
time 15
note_on 81
velocity 0
time 52
note_on 74
velocity 77
time 28
note_on 74
velocity 0
time 67
note_on 77
velocity 88
time 16
note_on 72
velocity 81
time 72
note_on 77
velocity 0
time 6
note_on 69
velocity 83
time 73
note_on 72
velocity 0
time 4
note_on 69
velocity 0
time 69
note_on 62
velocity 79
time 39
note_on 38
velocity 0
time 37
note_on 43
velocity 97
time 31
note_on 31
velocity 87
time 5
note_on 62
velocity 0
time 7
note_on 67
velocity 80
time 3
note_on 71
velocity 85
time 28
note_on 67
velocity 0
time 17
note_on 77
velocity 90
time 37
note_on 71
velocity 0
time 9
note_on 77
velocity 0
time 50
note_on 43
velocity 0
time 5
note_on 74
velocity 92
time 29
note_on 74
velocity 0
time 76
note_on 31
velocity 0
time 17
note_on 79
velocity 90
time 0
note_on 83
velocity 91
time 72
note_on 79
velocity 0
time 41
note_on 89
velocity 95
time 37
note_on 83
velocity 0
time 11
note_on 86
velocity 87
time 90
note_on 89
velocity 0
time 18
note_on 86
velocity 0
time 40
note_on 36
velocity 99
time 39
note_on 24
velocity 90
time 5
note_on 88
velocity 99
time 2
note_on 83
velocity 77
time 5
note_on 88
velocity 0
time 8
note_on 79
velocity 81
time 57
note_on 83
velocity 0
time 25
note_on 24
velocity 0
time 45
note_on 79
velocity 0
time 5
note_on 72
velocity 89
time 13
note_on 72
velocity 0
time 59
note_on 76
velocity 86
time 42
note_on 74
velocity 73
time 17
note_on 74
velocity 0
time 22
note_on 71
velocity 84
time 23
note_on 76
velocity 0
time 17
note_on 67
velocity 90
time 64
note_on 71
velocity 0
time 15
note_on 67
velocity 0
time 51
note_on 60
velocity 85
time 30
note_on 36
velocity 0
time 53
note_on 60
velocity 0
time 34
note_on 41
velocity 101
time 4
note_on 29
velocity 91
time 10
note_on 65
velocity 80
time 0
note_on 69
velocity 80
time 34
note_on 65
velocity 0
time 41
note_on 76
velocity 92
time 16
note_on 69
velocity 0
time 0
note_on 76
velocity 0
time 9
note_on 72
velocity 94
time 5
note_on 29
velocity 0
time 44
note_on 72
velocity 0
time 23
note_on 77
velocity 95
time 33
note_on 81
velocity 87
time 67
note_on 77
velocity 0
time 44
note_on 88
velocity 94
time 31
note_on 81
velocity 0
time 14
note_on 84
velocity 86
time 90
note_on 88
velocity 0
time 36
note_on 84
velocity 0
time 2
note_on 83
velocity 12
time 4
note_on 41
velocity 0
time 9
note_on 47
velocity 107
time 16
note_on 35
velocity 86
time 5
note_on 86
velocity 103
time 0
note_on 83
velocity 0
time 4
note_on 81
velocity 78
time 87
note_on 86
velocity 0
time 25
note_on 77
velocity 83
time 5
note_on 81
velocity 0
time 5
note_on 77
velocity 0
time 22
note_on 71
velocity 78
time 0
note_on 71
velocity 0
time 45
note_on 74
velocity 80
time 13
note_on 72
velocity 69
time 15
note_on 72
velocity 0
time 0
note_on 69
velocity 77
time 11
note_on 74
velocity 0
time 4
note_on 65
velocity 80
time 45
note_on 69
velocity 0
time 9
note_on 65
velocity 0
time 55
note_on 59
velocity 84
time 25
note_on 47
velocity 0
time 48
note_on 59
velocity 0
time 13
note_on 35
velocity 0
time 8
note_on 62
velocity 93
time 20
note_on 57
velocity 89
time 72
note_on 62
velocity 0
time 14
note_on 54
velocity 97
time 79
note_on 57
velocity 0
time 21
note_on 53
velocity 78
time 4
note_on 54
velocity 0
time 37
note_on 53
velocity 0
time 19
note_on 47
velocity 92
time 16
note_on 47
velocity 0
time 78
note_on 35
velocity 101
time 22
note_on 87
velocity 98
time 4
note_on 47
velocity 109
time 4
note_on 81
velocity 79
time 6
note_on 87
velocity 0
time 9
note_on 78
velocity 88
time 48
note_on 81
velocity 0
time 18
note_on 78
velocity 0
time 54
note_on 71
velocity 78
time 13
note_on 71
velocity 0
time 39
note_on 75
velocity 88
time 52
note_on 69
velocity 79
time 76
note_on 75
velocity 0
time 18
note_on 66
velocity 82
time 68
note_on 69
velocity 0
time 4
note_on 66
velocity 0
time 63
note_on 59
velocity 82
time 13
note_on 47
velocity 0
time 4
note_on 59
velocity 0
time 45
note_on 35
velocity 0
time 17
note_on 63
velocity 86
time 39
note_on 57
velocity 80
time 83
note_on 63
velocity 0
time 11
note_on 54
velocity 88
time 76
note_on 57
velocity 0
time 32
note_on 54
velocity 0
time 39
note_on 47
velocity 97
time 25
note_on 47
velocity 0
time 76
note_on 35
velocity 106
time 31
note_on 35
velocity 0
time 63
note_on 40
velocity 103
time 122
note_on 28
velocity 89
time 15
note_on 47
velocity 63
time 34
note_on 47
velocity 0
time 4
note_on 52
velocity 63
time 15
note_on 52
velocity 0
time 13
note_on 56
velocity 74
time 3
note_on 64
velocity 76
time 15
note_on 56
velocity 0
time 9
note_on 64
velocity 0
time 13
note_on 59
velocity 77
time 52
note_on 59
velocity 0
time 70
note_on 64
velocity 81
time 7
note_on 68
velocity 86
time 75
note_on 64
velocity 0
time 32
note_on 76
velocity 81
time 52
note_on 68
velocity 0
time 17
note_on 76
velocity 0
time 55
note_on 71
velocity 81
time 15
note_on 71
velocity 0
time 5
note_on 76
velocity 87
time 12
note_on 80
velocity 88
time 4
note_on 76
velocity 0
time 9
note_on 88
velocity 91
time 23
note_on 80
velocity 0
time 25
note_on 88
velocity 0
time 9
note_on 83
velocity 83
time 60
note_on 83
velocity 0
time 68
note_on 88
velocity 82
time 5
note_on 92
velocity 43
time 0
note_on 92
velocity 0
time 1
note_on 91
velocity 67
time 10
note_on 88
velocity 0
time 1
note_on 91
velocity 0
time 4
note_on 100
velocity 99
time 5
note_on 100
velocity 0
time 15
note_on 92
velocity 72
time 11
note_on 88
velocity 77
time 45
note_on 92
velocity 0
time 11
note_on 88
velocity 0
time 57
note_on 83
velocity 65
time 32
note_on 83
velocity 0
time 58
note_on 88
velocity 87
time 11
note_on 88
velocity 0
time 0
note_on 80
velocity 76
time 6
note_on 80
velocity 0
time 0
note_on 76
velocity 70
time 6
note_on 76
velocity 0
time 45
note_on 71
velocity 64
time 38
note_on 71
velocity 0
time 34
note_on 76
velocity 75
time 17
note_on 76
velocity 0
time 2
note_on 68
velocity 63
time 0
note_on 68
velocity 0
time 29
note_on 64
velocity 64
time 37
note_on 40
velocity 0
time 30
note_on 64
velocity 0
time 9
note_on 59
velocity 59
time 61
note_on 59
velocity 0
time 107
note_on 28
velocity 0
time 9
note_on 26
velocity 46
time 0
note_on 65
velocity 29
time 0
note_on 38
velocity 51
time 8
note_on 64
velocity 33
time 20
note_on 64
velocity 0
time 11
note_on 59
velocity 54
time 0
note_on 65
velocity 0
time 0
note_on 59
velocity 0
time 0
note_on 38
velocity 0
time 18
note_on 55
velocity 57
time 19
note_on 55
velocity 0
time 92
note_on 50
velocity 27
time 110
note_on 50
velocity 0
time 52
note_on 26
velocity 0
time 55
note_on 36
velocity 63
time 4
note_on 24
velocity 52
time 0
note_on 48
velocity 40
time 18
note_on 48
velocity 0
time 11
note_on 24
velocity 0
time 39
note_on 55
velocity 52
time 51
note_on 55
velocity 0
time 48
note_on 60
velocity 51
time 51
note_on 64
velocity 65
time 48
note_on 60
velocity 0
time 5
note_on 64
velocity 0
time 39
note_on 60
velocity 59
time 8
note_on 60
velocity 0
time 9
note_on 67
velocity 70
time 36
note_on 67
velocity 0
time 51
note_on 72
velocity 32
time 95
note_on 74
velocity 40
time 0
note_on 76
velocity 58
time 32
note_on 74
velocity 0
time 2
note_on 72
velocity 0
time 5
note_on 76
velocity 0
time 26
note_on 72
velocity 41
time 64
note_on 72
velocity 0
time 37
note_on 79
velocity 76
time 18
note_on 79
velocity 0
time 65
note_on 84
velocity 61
time 18
note_on 88
velocity 76
time 66
note_on 84
velocity 0
time 7
note_on 88
velocity 0
time 35
note_on 84
velocity 60
time 59
note_on 84
velocity 0
time 45
note_on 91
velocity 72
time 21
note_on 96
velocity 76
time 89
note_on 91
velocity 0
time 7
note_on 48
velocity 81
time 0
note_on 96
velocity 0
time 5
note_on 100
velocity 81
time 9
note_on 100
velocity 0
time 34
note_on 96
velocity 71
time 6
note_on 96
velocity 0
time 16
note_on 91
velocity 48
time 11
note_on 89
velocity 56
time 4
note_on 89
velocity 0
time 4
note_on 91
velocity 0
time 0
note_on 84
velocity 44
time 50
note_on 84
velocity 0
time 35
note_on 88
velocity 79
time 19
note_on 84
velocity 68
time 72
note_on 88
velocity 0
time 0
note_on 84
velocity 0
time 81
note_on 79
velocity 68
time 10
note_on 48
velocity 0
time 34
note_on 79
velocity 0
time 7
note_on 72
velocity 75
time 31
note_on 72
velocity 0
time 50
note_on 76
velocity 79
time 52
note_on 76
velocity 0
time 39
note_on 72
velocity 75
time 32
note_on 72
velocity 0
time 73
note_on 67
velocity 72
time 5
note_on 67
velocity 0
time 54
note_on 60
velocity 76
time 29
note_on 60
velocity 0
time 63
note_on 36
velocity 0
time 25
note_on 64
velocity 80
time 13
note_on 64
velocity 0
time 72
note_on 60
velocity 73
time 16
note_on 55
velocity 72
time 65
note_on 60
velocity 0
time 6
note_on 55
velocity 0
time 38
note_on 48
velocity 74
time 41
note_on 48
velocity 0
time 68
note_on 41
velocity 90
time 48
note_on 29
velocity 79
time 6
note_on 48
velocity 47
time 9
note_on 48
velocity 0
time 28
note_on 57
velocity 71
time 53
note_on 57
velocity 0
time 7
note_on 60
velocity 70
time 2
note_on 65
velocity 70
time 15
note_on 60
velocity 0
time 0
note_on 65
velocity 0
time 9
note_on 60
velocity 76
time 13
note_on 60
velocity 0
time 72
note_on 69
velocity 78
time 25
note_on 72
velocity 86
time 13
note_on 69
velocity 0
time 7
note_on 77
velocity 84
time 16
note_on 72
velocity 0
time 4
note_on 77
velocity 0
time 58
note_on 72
velocity 83
time 23
note_on 72
velocity 0
time 65
note_on 81
velocity 79
time 17
note_on 84
velocity 85
time 70
note_on 81
velocity 0
time 18
note_on 89
velocity 86
time 65
note_on 84
velocity 0
time 9
note_on 41
velocity 0
time 4
note_on 89
velocity 0
time 44
note_on 29
velocity 0
time 7
note_on 84
velocity 69
time 14
note_on 84
velocity 0
time 66
note_on 93
velocity 85
time 6
note_on 96
velocity 93
time 82
note_on 93
velocity 0
time 15
note_on 42
velocity 106
time 0
note_on 100
velocity 102
time 4
note_on 30
velocity 82
time 7
note_on 96
velocity 0
time 4
note_on 96
velocity 76
time 48
note_on 100
velocity 0
time 4
note_on 96
velocity 0
time 11
note_on 93
velocity 89
time 9
note_on 93
velocity 0
time 52
note_on 84
velocity 71
time 31
note_on 84
velocity 0
time 57
note_on 88
velocity 95
time 23
note_on 84
velocity 79
time 11
note_on 88
velocity 0
time 6
note_on 81
velocity 75
time 68
note_on 84
velocity 0
time 6
note_on 81
velocity 0
time 56
note_on 72
velocity 80
time 29
note_on 72
velocity 0
time 69
note_on 76
velocity 100
time 22
note_on 76
velocity 0
time 12
note_on 72
velocity 80
time 5
note_on 69
velocity 68
time 34
note_on 72
velocity 0
time 4
note_on 69
velocity 0
time 73
note_on 60
velocity 76
time 35
note_on 60
velocity 0
time 60
note_on 62
velocity 100
time 47
note_on 42
velocity 0
time 70
note_on 30
velocity 0
time 5
note_on 60
velocity 83
time 35
note_on 62
velocity 0
time 33
note_on 57
velocity 89
time 69
note_on 60
velocity 0
time 5
note_on 57
velocity 0
time 63
note_on 48
velocity 86
time 42
note_on 48
velocity 0
time 82
note_on 43
velocity 109
time 62
note_on 31
velocity 94
time 5
note_on 47
velocity 65
time 17
note_on 47
velocity 0
time 30
note_on 55
velocity 68
time 85
note_on 59
velocity 76
time 0
note_on 55
velocity 0
time 9
note_on 62
velocity 79
time 9
note_on 59
velocity 0
time 6
note_on 62
velocity 0
time 25
note_on 43
velocity 0
time 30
note_on 59
velocity 73
time 21
note_on 59
velocity 0
time 45
note_on 67
velocity 81
time 56
note_on 71
velocity 82
time 83
note_on 67
velocity 0
time 16
note_on 30
velocity 87
time 0
note_on 42
velocity 105
time 0
note_on 74
velocity 86
time 4
note_on 71
velocity 0
time 5
note_on 31
velocity 0
time 11
note_on 74
velocity 0
time 15
note_on 71
velocity 80
time 0
note_on 42
velocity 0
time 11
note_on 71
velocity 0
time 39
note_on 79
velocity 87
time 15
note_on 83
velocity 83
time 91
note_on 79
velocity 0
time 43
note_on 40
velocity 92
time 14
note_on 28
velocity 91
time 5
note_on 86
velocity 93
time 11
note_on 30
velocity 0
time 16
note_on 83
velocity 0
time 0
note_on 86
velocity 0
time 17
note_on 83
velocity 78
time 15
note_on 40
velocity 0
time 2
note_on 83
velocity 0
time 52
note_on 91
velocity 90
time 6
note_on 28
velocity 0
time 22
note_on 93
velocity 90
time 66
note_on 91
velocity 0
time 35
note_on 98
velocity 102
time 3
note_on 38
velocity 108
time 7
note_on 26
velocity 97
time 5
note_on 93
velocity 0
time 0
note_on 93
velocity 75
time 26
note_on 98
velocity 0
time 26
note_on 90
velocity 84
time 70
note_on 93
velocity 0
time 13
note_on 90
velocity 0
time 16
note_on 84
velocity 69
time 15
note_on 84
velocity 0
time 13
note_on 86
velocity 88
time 15
note_on 81
velocity 75
time 13
note_on 86
velocity 0
time 7
note_on 78
velocity 81
time 45
note_on 81
velocity 0
time 5
note_on 78
velocity 0
time 68
note_on 72
velocity 77
time 19
note_on 72
velocity 0
time 36
note_on 26
velocity 0
time 40
note_on 74
velocity 85
time 5
note_on 69
velocity 72
time 81
note_on 74
velocity 0
time 9
note_on 66
velocity 79
time 52
note_on 69
velocity 0
time 9
note_on 66
velocity 0
time 62
note_on 60
velocity 79
time 15
note_on 60
velocity 0
time 60
note_on 62
velocity 88
time 27
note_on 38
velocity 0
time 37
note_on 57
velocity 86
time 38
note_on 62
velocity 0
time 12
note_on 54
velocity 83
time 75
note_on 57
velocity 0
time 4
note_on 54
velocity 0
time 69
note_on 48
velocity 82
time 4
note_on 48
velocity 0
time 86
note_on 43
velocity 101
time 42
note_on 31
velocity 89
time 9
note_on 48
velocity 65
time 6
note_on 48
velocity 0
time 36
note_on 53
velocity 67
time 50
note_on 56
velocity 72
time 16
note_on 53
velocity 0
time 17
note_on 62
velocity 72
time 14
note_on 56
velocity 0
time 0
note_on 62
velocity 0
time 11
note_on 60
velocity 81
time 10
note_on 65
velocity 78
time 9
note_on 60
velocity 0
time 4
note_on 68
velocity 84
time 4
note_on 65
velocity 0
time 13
note_on 74
velocity 71
time 0
note_on 68
velocity 0
time 8
note_on 74
velocity 0
time 4
note_on 72
velocity 77
time 16
note_on 72
velocity 0
time 4
note_on 77
velocity 78
time 7
note_on 80
velocity 85
time 9
note_on 77
velocity 0
time 16
note_on 86
velocity 85
time 8
note_on 80
velocity 0
time 7
note_on 86
velocity 0
time 46
note_on 84
velocity 81
time 27
note_on 84
velocity 0
time 70
note_on 89
velocity 70
time 9
note_on 91
velocity 72
time 0
note_on 92
velocity 81
time 58
note_on 89
velocity 0
time 35
note_on 91
velocity 0
time 0
note_on 92
velocity 0
time 7
note_on 98
velocity 94
time 9
note_on 96
velocity 76
time 10
note_on 91
velocity 85
time 11
note_on 98
velocity 0
time 9
note_on 96
velocity 0
time 7
note_on 89
velocity 83
time 15
note_on 91
velocity 0
time 9
note_on 89
velocity 0
time 62
note_on 83
velocity 64
time 34
note_on 83
velocity 0
time 41
note_on 86
velocity 87
time 4
note_on 86
velocity 0
time 19
note_on 79
velocity 71
time 5
note_on 77
velocity 76
time 7
note_on 79
velocity 0
time 3
note_on 77
velocity 0
time 36
note_on 71
velocity 74
time 27
note_on 71
velocity 0
time 42
note_on 74
velocity 76
time 4
note_on 74
velocity 0
time 9
note_on 67
velocity 62
time 4
note_on 67
velocity 0
time 4
note_on 65
velocity 65
time 10
note_on 65
velocity 0
time 35
note_on 59
velocity 59
time 63
note_on 59
velocity 0
time 45
note_on 63
velocity 67
time 14
note_on 63
velocity 0
time 0
note_on 55
velocity 58
time 6
note_on 55
velocity 0
time 68
note_on 31
velocity 0
time 4
note_on 53
velocity 70
time 5
note_on 43
velocity 0
time 2
note_on 53
velocity 0
time 61
note_on 47
velocity 54
time 82
note_on 47
velocity 0
time 59
note_on 48
velocity 59
time 12
note_on 36
velocity 46
time 4
note_on 48
velocity 0
time 0
note_on 48
velocity 29
time 14
note_on 48
velocity 0
time 38
note_on 55
velocity 55
time 91
note_on 55
velocity 0
time 52
note_on 60
velocity 56
time 44
note_on 60
velocity 0
time 50
note_on 64
velocity 57
time 13
note_on 64
velocity 0
time 36
note_on 60
velocity 70
time 40
note_on 60
velocity 0
time 38
note_on 67
velocity 71
time 53
note_on 48
velocity 19
time 42
note_on 67
velocity 0
time 16
note_on 72
velocity 68
time 25
note_on 72
velocity 0
time 15
note_on 76
velocity 62
time 0
note_on 76
velocity 0
time 0
note_on 72
velocity 68
time 28
note_on 72
velocity 0
time 0
note_on 79
velocity 77
time 7
note_on 79
velocity 0
time 43
note_on 84
velocity 65
time 13
note_on 88
velocity 76
time 29
note_on 84
velocity 0
time 7
note_on 88
velocity 0
time 38
note_on 84
velocity 62
time 36
note_on 84
velocity 0
time 73
note_on 91
velocity 75
time 0
note_on 96
velocity 70
time 11
note_on 91
velocity 0
time 0
note_on 98
velocity 52
time 14
note_on 98
velocity 0
time 23
note_on 96
velocity 0
time 6
note_on 100
velocity 91
time 0
note_on 100
velocity 0
time 0
note_on 95
velocity 62
time 13
note_on 96
velocity 67
time 4
note_on 96
velocity 0
time 8
note_on 95
velocity 0
time 0
note_on 89
velocity 60
time 0
note_on 89
velocity 0
time 4
note_on 84
velocity 56
time 5
note_on 84
velocity 0
time 0
note_on 88
velocity 88
time 2
note_on 84
velocity 56
time 21
note_on 88
velocity 0
time 0
note_on 84
velocity 0
time 12
note_on 79
velocity 72
time 3
note_on 79
velocity 0
time 11
note_on 72
velocity 69
time 43
note_on 72
velocity 0
time 40
note_on 76
velocity 76
time 4
note_on 76
velocity 0
time 5
note_on 72
velocity 65
time 9
note_on 72
velocity 0
time 3
note_on 67
velocity 58
time 12
note_on 67
velocity 0
time 6
note_on 48
velocity 0
time 4
note_on 60
velocity 63
time 22
note_on 60
velocity 0
time 56
note_on 64
velocity 59
time 22
note_on 36
velocity 0
time 4
note_on 64
velocity 0
time 34
note_on 60
velocity 57
time 26
note_on 60
velocity 0
time 12
note_on 55
velocity 65
time 0
note_on 55
velocity 0
time 19
note_on 48
velocity 61
time 0
note_on 48
velocity 0
time 16
note_on 45
velocity 67
time 8
note_on 33
velocity 58
time 0
note_on 48
velocity 42
time 5
note_on 48
velocity 0
time 20
note_on 53
velocity 61
time 55
note_on 53
velocity 0
time 0
note_on 60
velocity 59
time 9
note_on 60
velocity 0
time 31
note_on 65
velocity 59
time 9
note_on 65
velocity 0
time 0
note_on 60
velocity 66
time 4
note_on 60
velocity 0
time 9
note_on 65
velocity 60
time 4
note_on 65
velocity 0
time 0
note_on 72
velocity 74
time 2
note_on 77
velocity 71
time 11
note_on 72
velocity 0
time 4
note_on 77
velocity 0
time 14
note_on 72
velocity 77
time 14
note_on 72
velocity 0
time 31
note_on 77
velocity 77
time 15
note_on 84
velocity 75
time 4
note_on 77
velocity 0
time 9
note_on 89
velocity 74
time 11
note_on 84
velocity 0
time 0
note_on 89
velocity 0
time 9
note_on 84
velocity 67
time 4
note_on 84
velocity 0
time 26
note_on 89
velocity 78
time 12
note_on 96
velocity 83
time 20
note_on 89
velocity 0
time 15
note_on 96
velocity 0
time 15
note_on 100
velocity 87
time 0
note_on 96
velocity 80
time 10
note_on 100
velocity 0
time 5
note_on 90
velocity 73
time 10
note_on 96
velocity 0
time 0
note_on 84
velocity 62
time 18
note_on 90
velocity 0
time 4
note_on 84
velocity 0
time 13
note_on 88
velocity 79
time 10
note_on 88
velocity 0
time 8
note_on 84
velocity 60
time 7
note_on 78
velocity 75
time 11
note_on 84
velocity 0
time 0
note_on 78
velocity 0
time 14
note_on 72
velocity 59
time 0
note_on 72
velocity 0
time 9
note_on 75
velocity 69
time 6
note_on 45
velocity 0
time 13
note_on 73
velocity 72
time 0
note_on 75
velocity 0
time 10
note_on 73
velocity 0
time 7
note_on 66
velocity 66
time 15
note_on 66
velocity 0
time 6
note_on 60
velocity 55
time 8
note_on 60
velocity 0
time 0
note_on 44
velocity 54
time 5
note_on 63
velocity 67
time 0
note_on 32
velocity 48
time 4
note_on 33
velocity 0
time 2
note_on 60
velocity 40
time 0
note_on 63
velocity 0
time 8
note_on 54
velocity 61
time 17
note_on 60
velocity 0
time 5
note_on 44
velocity 0
time 9
note_on 48
velocity 55
time 52
note_on 48
velocity 0
time 57
note_on 54
velocity 0
time 13
note_on 43
velocity 65
time 9
note_on 31
velocity 60
time 4
note_on 32
velocity 0
time 7
note_on 48
velocity 18
time 43
note_on 48
velocity 0
time 5
note_on 55
velocity 52
time 9
note_on 55
velocity 0
time 0
note_on 60
velocity 53
time 42
note_on 60
velocity 0
time 53
note_on 62
velocity 64
time 0
note_on 62
velocity 0
time 31
note_on 60
velocity 49
time 20
note_on 60
velocity 0
time 29
note_on 67
velocity 68
time 47
note_on 67
velocity 0
time 69
note_on 72
velocity 63
time 9
note_on 72
velocity 0
time 10
note_on 74
velocity 72
time 0
note_on 74
velocity 0
time 36
note_on 72
velocity 68
time 14
note_on 72
velocity 0
time 4
note_on 79
velocity 73
time 16
note_on 79
velocity 0
time 15
note_on 84
velocity 47
time 44
note_on 86
velocity 43
time 13
note_on 86
velocity 0
time 38
note_on 84
velocity 0
time 11
note_on 84
velocity 58
time 57
note_on 84
velocity 0
time 71
note_on 91
velocity 65
time 37
note_on 96
velocity 76
time 4
note_on 91
velocity 0
time 5
note_on 96
velocity 0
time 16
note_on 98
velocity 84
time 0
note_on 98
velocity 0
time 8
note_on 95
velocity 83
time 4
note_on 95
velocity 0
time 15
note_on 91
velocity 75
time 12
note_on 91
velocity 0
time 6
note_on 83
velocity 69
time 0
note_on 83
velocity 0
time 0
note_on 86
velocity 74
time 14
note_on 86
velocity 0
time 17
note_on 83
velocity 72
time 0
note_on 83
velocity 0
time 0
note_on 79
velocity 73
time 0
note_on 79
velocity 0
time 5
note_on 71
velocity 66
time 0
note_on 71
velocity 0
time 41
note_on 74
velocity 70
time 55
note_on 74
velocity 0
time 58
note_on 71
velocity 72
time 5
note_on 71
velocity 0
time 80
note_on 67
velocity 72
time 9
note_on 67
velocity 0
time 51
note_on 59
velocity 68
time 29
note_on 59
velocity 0
time 64
note_on 62
velocity 84
time 35
note_on 43
velocity 0
time 58
note_on 31
velocity 0
time 27
note_on 62
velocity 0
time 0
note_on 59
velocity 82
time 7
note_on 59
velocity 0
time 67
note_on 55
velocity 80
time 5
note_on 55
velocity 0
time 48
note_on 47
velocity 75
time 50
note_on 47
velocity 0
time 78
note_on 42
velocity 101
time 55
note_on 30
velocity 87
time 5
note_on 41
velocity 33
time 56
note_on 29
velocity 31
time 4
note_on 48
velocity 67
time 9
note_on 29
velocity 0
time 13
note_on 41
velocity 0
time 0
note_on 48
velocity 0
time 17
note_on 57
velocity 75
time 18
note_on 60
velocity 72
time 0
note_on 57
velocity 0
time 2
note_on 62
velocity 81
time 9
note_on 60
velocity 0
time 9
note_on 62
velocity 0
time 9
note_on 60
velocity 74
time 39
note_on 60
velocity 0
time 11
note_on 69
velocity 84
time 0
note_on 72
velocity 83
time 20
note_on 69
velocity 0
time 9
note_on 74
velocity 83
time 11
note_on 72
velocity 0
time 16
note_on 74
velocity 0
time 14
note_on 72
velocity 84
time 37
note_on 72
velocity 0
time 75
note_on 81
velocity 72
time 23
note_on 83
velocity 84
time 11
note_on 42
velocity 0
time 30
note_on 84
velocity 71
time 38
note_on 81
velocity 0
time 4
note_on 86
velocity 79
time 0
note_on 83
velocity 0
time 15
note_on 84
velocity 0
time 56
note_on 86
velocity 0
time 9
note_on 30
velocity 0
time 4
note_on 84
velocity 77
time 33
note_on 84
velocity 0
time 66
note_on 93
velocity 78
time 18
note_on 96
velocity 92
time 81
note_on 93
velocity 0
time 12
note_on 41
velocity 111
time 4
note_on 29
velocity 89
time 4
note_on 99
velocity 94
time 5
note_on 96
velocity 0
time 0
note_on 99
velocity 0
time 13
note_on 96
velocity 77
time 5
note_on 93
velocity 79
time 25
note_on 96
velocity 0
time 2
note_on 93
velocity 0
time 63
note_on 86
velocity 82
time 14
note_on 86
velocity 0
time 29
note_on 86
velocity 79
time 16
note_on 83
velocity 59
time 18
note_on 86
velocity 0
time 6
note_on 84
velocity 35
time 15
note_on 83
velocity 0
time 20
note_on 81
velocity 68
time 5
note_on 84
velocity 0
time 8
note_on 81
velocity 0
time 45
note_on 72
velocity 74
time 40
note_on 72
velocity 0
time 32
note_on 75
velocity 90
time 54
note_on 75
velocity 0
time 18
note_on 71
velocity 74
time 5
note_on 71
velocity 0
time 23
note_on 69
velocity 72
time 4
note_on 69
velocity 0
time 36
note_on 59
velocity 76
time 70
note_on 59
velocity 0
time 37
note_on 63
velocity 94
time 64
note_on 61
velocity 31
time 50
note_on 41
velocity 0
time 26
note_on 63
velocity 0
time 0
note_on 61
velocity 0
time 21
note_on 29
velocity 0
time 9
note_on 59
velocity 81
time 0
note_on 59
velocity 0
time 101
note_on 57
velocity 85
time 16
note_on 57
velocity 0
time 34
note_on 55
velocity 42
time 18
note_on 55
velocity 0
time 37
note_on 47
velocity 95
time 8
note_on 47
velocity 0
time 78
note_on 28
velocity 93
time 46
note_on 40
velocity 99
time 0
note_on 47
velocity 73
time 22
note_on 47
velocity 0
time 38
note_on 56
velocity 73
time 18
note_on 28
velocity 0
time 7
note_on 56
velocity 0
time 8
note_on 59
velocity 69
time 6
note_on 59
velocity 0
time 11
note_on 64
velocity 83
time 0
note_on 64
velocity 0
time 13
note_on 59
velocity 78
time 27
note_on 59
velocity 0
time 4
note_on 68
velocity 84
time 25
note_on 71
velocity 77
time 77
note_on 68
velocity 0
time 17
note_on 76
velocity 93
time 5
note_on 71
velocity 0
time 0
note_on 76
velocity 0
time 12
note_on 71
velocity 81
time 14
note_on 71
velocity 0
time 9
note_on 80
velocity 86
time 32
note_on 83
velocity 85
time 80
note_on 80
velocity 0
time 36
note_on 88
velocity 98
time 51
note_on 83
velocity 0
time 8
note_on 88
velocity 0
time 56
note_on 83
velocity 77
time 16
note_on 83
velocity 0
time 18
note_on 92
velocity 84
time 30
note_on 95
velocity 88
time 87
note_on 92
velocity 0
time 41
note_on 52
velocity 111
time 5
note_on 100
velocity 99
time 0
note_on 95
velocity 0
time 10
note_on 95
velocity 80
time 42
note_on 100
velocity 0
time 0
note_on 92
velocity 78
time 0
note_on 95
velocity 0
time 11
note_on 92
velocity 0
time 35
note_on 83
velocity 76
time 18
note_on 83
velocity 0
time 14
note_on 88
velocity 78
time 7
note_on 86
velocity 73
time 8
note_on 88
velocity 0
time 7
note_on 86
velocity 0
time 4
note_on 83
velocity 74
time 3
note_on 80
velocity 79
time 12
note_on 83
velocity 0
time 9
note_on 80
velocity 0
time 54
note_on 71
velocity 79
time 35
note_on 71
velocity 0
time 47
note_on 76
velocity 80
time 11
note_on 76
velocity 0
time 7
note_on 71
velocity 77
time 8
note_on 71
velocity 0
time 17
note_on 68
velocity 73
time 5
note_on 68
velocity 0
time 54
note_on 59
velocity 81
time 36
note_on 59
velocity 0
time 14
note_on 64
velocity 71
time 25
note_on 52
velocity 0
time 9
note_on 64
velocity 0
time 5
note_on 59
velocity 79
time 22
note_on 40
velocity 0
time 16
note_on 59
velocity 0
time 53
note_on 56
velocity 80
time 23
note_on 56
velocity 0
time 33
note_on 47
velocity 67
time 0
note_on 47
velocity 0
time 32
note_on 38
velocity 70
time 0
note_on 50
velocity 46
time 11
note_on 50
velocity 0
time 37
note_on 57
velocity 64
time 55
note_on 57
velocity 0
time 54
note_on 60
velocity 59
time 35
note_on 60
velocity 0
time 47
note_on 65
velocity 60
time 19
note_on 65
velocity 0
time 37
note_on 62
velocity 60
time 59
note_on 62
velocity 0
time 43
note_on 69
velocity 58
time 36
note_on 69
velocity 0
time 42
note_on 72
velocity 67
time 15
note_on 72
velocity 0
time 57
note_on 77
velocity 66
time 15
note_on 77
velocity 0
time 43
note_on 74
velocity 67
time 55
note_on 74
velocity 0
time 48
note_on 81
velocity 63
time 30
note_on 81
velocity 0
time 53
note_on 84
velocity 41
time 39
note_on 84
velocity 0
time 48
note_on 89
velocity 75
time 0
note_on 89
velocity 0
time 50
note_on 86
velocity 63
time 60
note_on 84
velocity 38
time 14
note_on 84
velocity 0
time 35
note_on 86
velocity 0
time 0
note_on 93
velocity 70
time 15
note_on 96
velocity 75
time 75
note_on 93
velocity 0
time 9
note_on 96
velocity 0
time 27
note_on 101
velocity 87
time 9
note_on 38
velocity 0
time 5
note_on 43
velocity 59
time 13
note_on 31
velocity 54
time 5
note_on 101
velocity 0
time 10
note_on 95
velocity 77
time 4
note_on 95
velocity 0
time 4
note_on 91
velocity 69
time 4
note_on 91
velocity 0
time 7
note_on 86
velocity 74
time 4
note_on 86
velocity 0
time 4
note_on 89
velocity 75
time 18
note_on 89
velocity 0
time 6
note_on 83
velocity 62
time 18
note_on 83
velocity 0
time 4
note_on 79
velocity 69
time 7
note_on 79
velocity 0
time 47
note_on 74
velocity 67
time 47
note_on 74
velocity 0
time 39
note_on 77
velocity 66
time 54
note_on 77
velocity 0
time 57
note_on 71
velocity 68
time 23
note_on 71
velocity 0
time 51
note_on 31
velocity 0
time 19
note_on 67
velocity 64
time 7
note_on 67
velocity 0
time 40
note_on 62
velocity 67
time 45
note_on 62
velocity 0
time 41
note_on 65
velocity 62
time 68
note_on 65
velocity 0
time 57
note_on 59
velocity 69
time 38
note_on 59
velocity 0
time 65
note_on 55
velocity 62
time 22
note_on 55
velocity 0
time 54
note_on 50
velocity 71
time 8
note_on 43
velocity 0
time 10
note_on 50
velocity 0
time 4
note_on 36
velocity 75
time 15
note_on 48
velocity 48
time 7
note_on 48
velocity 0
time 5
note_on 55
velocity 61
time 21
note_on 55
velocity 0
time 15
note_on 60
velocity 53
time 18
note_on 60
velocity 0
time 36
note_on 64
velocity 34
time 17
note_on 64
velocity 0
time 47
note_on 60
velocity 72
time 22
note_on 60
velocity 0
time 58
note_on 67
velocity 71
time 44
note_on 67
velocity 0
time 70
note_on 72
velocity 66
time 13
note_on 76
velocity 74
time 70
note_on 72
velocity 0
time 13
note_on 76
velocity 0
time 27
note_on 72
velocity 63
time 65
note_on 72
velocity 0
time 33
note_on 82
velocity 70
time 48
note_on 84
velocity 54
time 108
note_on 82
velocity 0
time 4
note_on 83
velocity 61
time 0
note_on 83
velocity 0
time 18
note_on 89
velocity 85
time 0
note_on 91
velocity 85
time 0
note_on 84
velocity 0
time 4
note_on 91
velocity 0
time 18
note_on 89
velocity 0
time 12
note_on 84
velocity 50
time 25
note_on 83
velocity 39
time 31
note_on 82
velocity 66
time 15
note_on 84
velocity 0
time 4
note_on 83
velocity 0
time 18
note_on 82
velocity 0
time 51
note_on 72
velocity 21
time 57
note_on 72
velocity 0
time 58
note_on 81
velocity 22
time 5
note_on 90
velocity 87
time 15
note_on 81
velocity 0
time 16
note_on 48
velocity 50
time 5
note_on 84
velocity 63
time 20
note_on 90
velocity 0
time 0
note_on 81
velocity 60
time 51
note_on 84
velocity 0
time 7
note_on 81
velocity 0
time 37
note_on 75
velocity 65
time 48
note_on 75
velocity 0
time 27
note_on 78
velocity 76
time 16
note_on 72
velocity 72
time 0
note_on 78
velocity 0
time 0
note_on 69
velocity 55
time 21
note_on 63
velocity 65
time 55
note_on 72
velocity 0
time 31
note_on 63
velocity 0
time 7
note_on 69
velocity 0
time 58
note_on 77
velocity 85
time 4
note_on 71
velocity 69
time 14
note_on 77
velocity 0
time 0
note_on 68
velocity 79
time 21
note_on 71
velocity 0
time 14
note_on 68
velocity 0
time 55
note_on 62
velocity 69
time 7
note_on 48
velocity 0
time 18
note_on 62
velocity 0
time 20
note_on 65
velocity 64
time 66
note_on 67
velocity 65
time 3
note_on 36
velocity 0
time 13
note_on 67
velocity 0
time 11
note_on 65
velocity 0
time 36
note_on 59
velocity 66
time 21
note_on 60
velocity 65
time 7
note_on 60
velocity 0
time 40
note_on 56
velocity 77
time 19
note_on 59
velocity 0
time 4
note_on 50
velocity 79
time 75
note_on 56
velocity 0
time 5
note_on 50
velocity 0
time 76
note_on 36
velocity 96
time 17
note_on 48
velocity 74
time 16
note_on 48
velocity 0
time 44
note_on 55
velocity 74
time 15
note_on 60
velocity 70
time 9
note_on 55
velocity 0
time 0
note_on 64
velocity 75
time 0
note_on 60
velocity 0
time 7
note_on 64
velocity 0
time 0
note_on 60
velocity 71
time 47
note_on 60
velocity 0
time 51
note_on 67
velocity 83
time 25
note_on 72
velocity 83
time 88
note_on 67
velocity 0
time 13
note_on 76
velocity 82
time 72
note_on 72
velocity 0
time 5
note_on 76
velocity 0
time 27
note_on 72
velocity 85
time 46
note_on 72
velocity 0
time 70
note_on 79
velocity 84
time 14
note_on 84
velocity 78
time 76
note_on 79
velocity 0
time 14
note_on 36
velocity 0
time 10
note_on 88
velocity 105
time 0
note_on 84
velocity 0
time 0
note_on 84
velocity 63
time 4
note_on 88
velocity 0
time 45
note_on 79
velocity 78
time 43
note_on 72
velocity 74
time 91
note_on 72
velocity 0
time 38
note_on 84
velocity 0
time 26
note_on 79
velocity 0
time 45
note_on 81
velocity 4
time 18
note_on 43
velocity 83
time 0
note_on 87
velocity 95
time 0
note_on 31
velocity 67
time 7
note_on 81
velocity 0
time 10
note_on 81
velocity 74
time 6
note_on 87
velocity 0
time 15
note_on 78
velocity 81
time 36
note_on 81
velocity 0
time 10
note_on 78
velocity 0
time 63
note_on 72
velocity 68
time 16
note_on 72
velocity 0
time 38
note_on 75
velocity 88
time 54
note_on 69
velocity 67
time 19
note_on 75
velocity 0
time 43
note_on 66
velocity 75
time 26
note_on 69
velocity 0
time 56
note_on 60
velocity 75
time 32
note_on 60
velocity 0
time 81
note_on 74
velocity 92
time 18
note_on 66
velocity 0
time 5
note_on 68
velocity 85
time 0
note_on 74
velocity 0
time 21
note_on 65
velocity 72
time 66
note_on 68
velocity 0
time 39
note_on 65
velocity 0
time 35
note_on 59
velocity 83
time 4
note_on 59
velocity 0
time 50
note_on 62
velocity 94
time 59
note_on 31
velocity 0
time 17
note_on 43
velocity 0
time 7
note_on 56
velocity 82
time 72
note_on 62
velocity 0
time 33
note_on 53
velocity 79
time 45
note_on 56
velocity 0
time 65
note_on 47
velocity 89
time 31
note_on 53
velocity 0
time 63
note_on 47
velocity 0
time 11
note_on 43
velocity 111
time 69
note_on 31
velocity 91
time 8
note_on 46
velocity 76
time 37
note_on 46
velocity 0
time 45
note_on 52
velocity 71
time 59
note_on 55
velocity 69
time 9
note_on 52
velocity 0
time 9
note_on 55
velocity 0
time 11
note_on 61
velocity 79
time 0
note_on 61
velocity 0
time 12
note_on 58
velocity 84
time 15
note_on 58
velocity 0
time 7
note_on 64
velocity 76
time 0
note_on 67
velocity 75
time 4
note_on 64
velocity 0
time 30
note_on 73
velocity 91
time 5
note_on 67
velocity 0
time 8
note_on 73
velocity 0
time 0
note_on 70
velocity 85
time 11
note_on 70
velocity 0
time 11
note_on 76
velocity 86
time 13
note_on 79
velocity 86
time 11
note_on 76
velocity 0
time 39
note_on 79
velocity 0
time 38
note_on 85
velocity 86
time 0
note_on 85
velocity 0
time 22
note_on 82
velocity 56
time 58
note_on 82
velocity 0
time 68
note_on 88
velocity 75
time 42
note_on 91
velocity 72
time 65
note_on 88
velocity 0
time 5
note_on 97
velocity 100
time 8
note_on 91
velocity 0
time 0
note_on 90
velocity 87
time 8
note_on 97
velocity 0
time 9
note_on 87
velocity 77
time 26
note_on 90
velocity 0
time 22
note_on 87
velocity 0
time 45
note_on 81
velocity 65
time 11
note_on 81
velocity 0
time 36
note_on 85
velocity 81
time 62
note_on 78
velocity 78
time 9
note_on 85
velocity 0
time 9
note_on 75
velocity 72
time 9
note_on 78
velocity 0
time 30
note_on 75
velocity 0
time 35
note_on 69
velocity 72
time 14
note_on 69
velocity 0
time 36
note_on 73
velocity 95
time 94
note_on 70
velocity 44
time 15
note_on 66
velocity 62
time 0
note_on 70
velocity 0
time 5
note_on 73
velocity 0
time 66
note_on 63
velocity 63
time 41
note_on 66
velocity 0
time 89
note_on 57
velocity 64
time 20
note_on 57
velocity 0
time 88
note_on 72
velocity 93
time 51
note_on 63
velocity 0
time 50
note_on 66
velocity 76
time 0
note_on 72
velocity 0
time 0
note_on 63
velocity 73
time 20
note_on 43
velocity 0
time 72
note_on 31
velocity 0
time 5
note_on 57
velocity 85
time 9
note_on 63
velocity 0
time 56
note_on 57
velocity 0
time 15
note_on 43
velocity 114
time 53
note_on 31
velocity 88
time 10
note_on 66
velocity 0
time 26
note_on 56
velocity 78
time 57
note_on 56
velocity 0
time 45
note_on 62
velocity 72
time 41
note_on 65
velocity 78
time 0
note_on 62
velocity 0
time 34
note_on 72
velocity 90
time 4
note_on 65
velocity 0
time 11
note_on 72
velocity 0
time 4
note_on 68
velocity 94
time 18
note_on 68
velocity 0
time 40
note_on 74
velocity 83
time 42
note_on 77
velocity 86
time 75
note_on 74
velocity 0
time 0
note_on 84
velocity 88
time 12
note_on 77
velocity 0
time 9
note_on 84
velocity 0
time 15
note_on 80
velocity 94
time 29
note_on 80
velocity 0
time 52
note_on 86
velocity 79
time 38
note_on 89
velocity 89
time 75
note_on 86
velocity 0
time 35
note_on 96
velocity 105
time 4
note_on 89
velocity 0
time 4
note_on 89
velocity 80
time 11
note_on 96
velocity 0
time 25
note_on 86
velocity 77
time 95
note_on 80
velocity 83
time 73
note_on 80
velocity 0
time 34
note_on 95
velocity 111
time 9
note_on 86
velocity 0
time 0
note_on 89
velocity 0
time 5
note_on 95
velocity 0
time 8
note_on 89
velocity 82
time 9
note_on 86
velocity 77
time 64
note_on 89
velocity 0
time 16
note_on 86
velocity 0
time 62
note_on 79
velocity 90
time 4
note_on 79
velocity 0
time 62
note_on 83
velocity 93
time 19
note_on 77
velocity 78
time 93
note_on 83
velocity 0
time 8
note_on 74
velocity 78
time 51
note_on 77
velocity 0
time 35
note_on 74
velocity 0
time 50
note_on 67
velocity 83
time 18
note_on 67
velocity 0
time 54
note_on 71
velocity 98
time 39
note_on 71
velocity 0
time 102
note_on 65
velocity 69
time 5
note_on 43
velocity 0
time 15
note_on 62
velocity 80
time 57
note_on 65
velocity 0
time 29
note_on 62
velocity 0
time 52
note_on 55
velocity 84
time 26
note_on 55
velocity 0
time 95
note_on 59
velocity 95
time 28
note_on 31
velocity 0
time 92
note_on 53
velocity 94
time 35
note_on 59
velocity 0
time 15
note_on 50
velocity 92
time 111
note_on 53
velocity 0
time 42
note_on 50
velocity 0
time 39
note_on 43
velocity 94
time 50
note_on 43
velocity 0
time 162
note_on 36
velocity 115
time 30
note_on 24
velocity 101
time 5
note_on 43
velocity 71
time 21
note_on 43
velocity 0
time 50
note_on 52
velocity 76
time 80
note_on 55
velocity 78
time 0
note_on 52
velocity 0
time 14
note_on 60
velocity 79
time 0
note_on 55
velocity 0
time 9
note_on 60
velocity 0
time 6
note_on 55
velocity 77
time 0
note_on 55
velocity 0
time 22
note_on 64
velocity 86
time 5
note_on 67
velocity 86
time 5
note_on 64
velocity 0
time 8
note_on 72
velocity 88
time 15
note_on 67
velocity 0
time 4
note_on 72
velocity 0
time 0
note_on 67
velocity 84
time 11
note_on 67
velocity 0
time 9
note_on 76
velocity 86
time 0
note_on 79
velocity 90
time 14
note_on 76
velocity 0
time 34
note_on 84
velocity 86
time 10
note_on 79
velocity 0
time 9
note_on 84
velocity 0
time 10
note_on 79
velocity 86
time 11
note_on 88
velocity 84
time 27
note_on 79
velocity 0
time 5
note_on 91
velocity 87
time 0
note_on 88
velocity 0
time 16
note_on 96
velocity 98
time 13
note_on 91
velocity 0
time 0
note_on 91
velocity 77
time 0
note_on 96
velocity 0
time 0
note_on 88
velocity 85
time 0
note_on 91
velocity 0
time 9
note_on 88
velocity 0
time 9
note_on 79
velocity 75
time 30
note_on 79
velocity 0
time 51
note_on 84
velocity 79
time 4
note_on 79
velocity 76
time 26
note_on 84
velocity 0
time 2
note_on 79
velocity 0
time 6
note_on 76
velocity 78
time 7
note_on 76
velocity 0
time 4
note_on 67
velocity 70
time 13
note_on 67
velocity 0
time 43
note_on 72
velocity 73
time 19
note_on 72
velocity 0
time 41
note_on 67
velocity 61
time 4
note_on 67
velocity 0
time 13
note_on 64
velocity 70
time 5
note_on 64
velocity 0
time 23
note_on 55
velocity 74
time 66
note_on 55
velocity 0
time 104
note_on 60
velocity 79
time 13
note_on 60
velocity 0
time 128
note_on 55
velocity 80
time 2
note_on 36
velocity 0
time 95
note_on 24
velocity 0
time 12
note_on 52
velocity 80
time 46
note_on 55
velocity 0
time 13
note_on 52
velocity 0
time 115
note_on 43
velocity 79
time 38
note_on 43
velocity 0
time 296
note_on 36
velocity 94
time 52
note_on 24
velocity 86
time 4
note_on 24
velocity 0
time 2429
note_on 36
velocity 0
time 28
