note_on 58
velocity 45
time 1000
note_on 61
velocity 41
time 0
note_off 58
time 471
note_on 70
velocity 46
time 496
note_on 58
velocity 31
time 9
note_on 65
velocity 39
time 13
note_off 58
time 4
note_on 72
velocity 55
time 5
note_off 70
time 38
note_off 65
time 175
note_off 72
time 176
note_on 73
velocity 54
time 19
note_on 70
velocity 39
time 28
note_on 58
velocity 28
time 21
note_off 70
time 4
note_off 73
time 11
note_off 58
time 7
note_off 61
time 41
note_on 73
velocity 67
time 404
note_on 65
velocity 37
time 37
note_on 70
velocity 53
time 0
note_on 58
velocity 36
time 6
note_on 61
velocity 37
time 0
note_off 58
time 414
note_off 73
time 4
note_off 61
time 18
note_off 70
time 0
note_off 65
time 419
note_on 73
velocity 73
time 25
note_on 70
velocity 65
time 13
note_on 66
velocity 45
time 4
note_on 58
velocity 40
time 14
note_on 63
velocity 44
time 0
note_off 58
time 125
note_off 73
time 71
note_on 72
velocity 62
time 202
note_on 69
velocity 45
time 9
note_off 70
time 34
note_on 58
velocity 37
time 7
note_on 73
velocity 65
time 4
note_on 70
velocity 58
time 11
note_off 58
time 9
note_off 72
time 4
note_off 69
time 16
note_on 58
velocity 39
time 9
note_on 75
velocity 66
time 0
note_on 72
velocity 60
time 13
note_off 73
time 7
note_off 70
time 36
note_off 72
time 13
note_off 75
time 31
note_off 66
time 81
note_off 58
time 6
note_off 63
time 0
note_on 75
velocity 70
time 293
note_on 66
velocity 45
time 16
note_on 72
velocity 66
time 2
note_on 60
velocity 48
time 9
note_on 63
velocity 47
time 10
note_on 58
velocity 43
time 26
note_off 60
time 16
note_off 72
time 32
note_off 75
time 0
note_off 58
time 85
note_on 75
velocity 68
time 373
note_on 72
velocity 62
time 11
note_on 61
velocity 40
time 18
note_on 58
velocity 38
time 9
note_on 65
velocity 40
time 0
note_off 66
time 22
note_off 63
time 15
note_off 58
time 489
note_on 73
velocity 60
time 202
note_on 70
velocity 46
time 9
note_on 58
velocity 30
time 21
note_off 72
time 110
note_off 75
time 15
note_on 75
velocity 65
time 234
note_on 72
velocity 59
time 9
note_off 58
time 96
note_off 73
time 11
note_on 58
velocity 42
time 310
note_on 73
velocity 63
time 13
note_on 77
velocity 66
time 0
note_off 75
time 61
note_off 72
time 5
note_off 70
time 6
note_off 58
time 7
note_off 65
time 0
note_off 77
time 10
note_off 61
time 26
note_off 73
time 19
note_on 77
velocity 77
time 443
note_on 73
velocity 69
time 6
note_on 65
velocity 41
time 16
note_on 61
velocity 45
time 7
note_on 58
velocity 43
time 2
note_off 61
time 418
note_off 77
time 7
note_off 73
time 51
note_off 58
time 36
note_on 77
velocity 81
time 9
note_on 69
velocity 49
time 5
note_on 73
velocity 65
time 2
note_on 60
velocity 46
time 4
note_on 58
velocity 49
time 5
note_off 65
time 16
note_off 58
time 192
note_on 58
velocity 31
time 7
note_on 75
velocity 62
time 5
note_on 72
velocity 53
time 13
note_off 77
time 9
note_off 73
time 4
note_on 77
velocity 79
time 261
note_on 73
velocity 70
time 9
note_off 75
time 102
note_off 72
time 16
note_off 58
time 53
note_on 58
velocity 42
time 264
note_on 78
velocity 82
time 0
note_on 75
velocity 64
time 19
note_off 77
time 39
note_off 69
time 62
note_off 73
time 11
note_off 60
time 4
note_off 58
time 0
note_off 78
time 18
note_off 75
time 46
note_on 69
velocity 73
time 485
note_on 78
velocity 80
time 0
note_on 75
velocity 69
time 14
note_on 60
velocity 53
time 18
note_on 58
velocity 45
time 4
note_off 78
time 37
note_off 75
time 13
note_off 58
time 98
note_off 60
time 114
note_off 69
time 8
note_on 78
velocity 80
time 236
note_on 70
velocity 60
time 5
note_on 75
velocity 65
time 0
note_on 58
velocity 48
time 4
note_off 58
time 34
note_off 78
time 156
note_off 75
time 392
note_on 77
velocity 61
time 5
note_on 58
velocity 46
time 17
note_on 73
velocity 56
time 9
note_on 75
velocity 59
time 33
note_on 60
velocity 55
time 12
note_off 77
time 48
note_off 58
time 75
note_on 61
velocity 54
time 293
note_off 75
time 5
note_on 77
velocity 61
time 0
note_off 60
time 44
note_off 70
time 73
note_off 77
time 18
note_off 61
time 11
note_off 73
time 81
note_on 61
velocity 66
time 271
note_on 77
velocity 62
time 15
note_on 70
velocity 52
time 14
note_on 73
velocity 56
time 0
note_off 61
time 359
note_off 77
time 22
note_off 70
time 55
note_on 61
velocity 63
time 371
note_on 67
velocity 61
time 11
note_on 77
velocity 70
time 0
note_on 70
velocity 56
time 5
note_off 73
time 155
note_off 67
time 54
note_off 61
time 4
note_on 66
velocity 50
time 0
note_on 75
velocity 60
time 0
note_on 60
velocity 44
time 0
note_off 77
time 0
note_on 73
velocity 64
time 210
note_on 61
velocity 51
time 4
note_off 75
time 4
note_off 60
time 30
note_on 72
velocity 63
time 369
note_on 63
velocity 45
time 15
note_off 61
time 4
note_off 73
time 21
note_off 70
time 33
note_off 66
time 92
note_off 63
time 7
note_on 73
velocity 71
time 438
note_on 63
velocity 61
time 4
note_on 66
velocity 52
time 8
note_on 70
velocity 60
time 0
note_off 72
time 76
note_off 63
time 230
note_on 75
velocity 77
time 82
note_off 73
time 161
note_off 70
time 43
note_off 66
time 38
note_on 63
velocity 56
time 9
note_on 69
velocity 69
time 4
note_on 65
velocity 55
time 17
note_off 75
time 62
note_off 65
time 8
note_off 69
time 60
note_on 61
velocity 47
time 9
note_on 77
velocity 72
time 0
note_on 70
velocity 61
time 7
note_off 63
time 9
note_on 72
velocity 69
time 166
note_on 63
velocity 49
time 13
note_off 61
time 61
note_off 70
time 156
note_off 63
time 176
note_on 73
velocity 67
time 33
note_on 65
velocity 38
time 10
note_off 72
time 18
note_off 77
time 45
note_off 65
time 129
note_on 79
velocity 70
time 479
note_on 65
velocity 32
time 20
note_off 65
time 280
note_on 81
velocity 73
time 16
note_off 79
time 16
note_on 66
velocity 50
time 17
note_on 65
velocity 43
time 5
note_on 82
velocity 76
time 4
note_off 81
time 7
note_off 73
time 83
note_off 65
time 9
note_on 72
velocity 53
time 416
note_on 63
velocity 33
time 37
note_on 73
velocity 64
time 16
note_on 61
velocity 35
time 5
note_off 63
time 5
note_off 72
time 47
note_on 75
velocity 53
time 158
note_on 60
velocity 36
time 18
note_off 61
time 60
note_off 73
time 5
note_on 81
velocity 63
time 282
note_on 58
velocity 42
time 19
note_off 82
time 63
note_off 60
time 0
note_on 82
velocity 73
time 4
note_off 81
time 44
note_on 57
velocity 46
time 263
note_on 84
velocity 71
time 35
note_off 58
time 30
note_off 82
time 98
note_off 75
time 38
note_on 78
velocity 53
time 356
note_on 75
velocity 49
time 11
note_off 75
time 17
note_off 78
time 5
note_on 77
velocity 51
time 143
note_on 73
velocity 51
time 9
note_off 77
time 16
note_off 84
time 5
note_off 73
time 11
note_on 75
velocity 43
time 160
note_on 72
velocity 46
time 25
note_off 57
time 58
note_off 75
time 121
note_on 84
velocity 68
time 340
note_on 57
velocity 46
time 39
note_off 72
time 152
note_on 82
velocity 72
time 187
note_on 58
velocity 56
time 25
note_off 66
time 10
note_off 57
time 9
note_off 84
time 4
note_on 81
velocity 69
time 5
note_on 60
velocity 43
time 14
note_off 82
time 4
note_off 58
time 7
note_on 75
velocity 51
time 790
note_on 72
velocity 38
time 18
note_on 73
velocity 54
time 372
note_on 70
velocity 32
time 28
note_off 72
time 22
note_off 75
time 37
note_off 81
time 279
note_on 69
velocity 37
time 45
note_on 72
velocity 49
time 5
note_off 70
time 89
note_off 73
time 48
note_off 60
time 4
note_on 81
velocity 69
time 359
note_on 60
velocity 44
time 12
note_off 69
time 294
note_on 84
velocity 75
time 78
note_on 61
velocity 45
time 9
note_off 81
time 69
note_off 60
time 80
note_on 77
velocity 75
time 2
note_on 63
velocity 45
time 5
note_off 61
time 9
note_off 72
time 0
note_off 84
time 5
note_on 69
velocity 46
time 715
note_on 65
velocity 31
time 23
note_on 70
velocity 57
time 353
note_on 67
velocity 40
time 19
note_off 69
time 27
note_off 65
time 64
note_on 72
velocity 54
time 325
note_on 69
velocity 36
time 17
note_off 70
time 4
note_off 67
time 19
note_off 72
time 11
note_off 63
time 0
note_on 72
velocity 58
time 394
note_on 63
velocity 37
time 13
note_on 73
velocity 68
time 13
note_on 61
velocity 42
time 11
note_off 63
time 14
note_off 72
time 16
note_off 69
time 21
note_on 60
velocity 37
time 4
note_on 75
velocity 61
time 0
note_off 61
time 4
note_off 73
time 35
note_off 60
time 65
note_on 72
velocity 65
time 348
note_on 60
velocity 51
time 26
note_on 69
velocity 52
time 0
note_off 69
time 159
note_on 73
velocity 77
time 5
note_on 58
velocity 56
time 4
note_on 70
velocity 61
time 4
note_off 72
time 0
note_off 75
time 5
note_off 60
time 11
note_on 75
velocity 66
time 9
note_on 57
velocity 48
time 25
note_on 72
velocity 46
time 0
note_off 70
time 0
note_off 73
time 11
note_off 58
time 3
note_on 69
velocity 40
time 628
note_on 55
velocity 39
time 11
note_off 57
time 133
note_on 53
velocity 50
time 266
note_off 55
time 31
note_off 77
time 465
note_on 65
velocity 50
time 18
note_on 58
velocity 36
time 39
note_off 69
time 7
note_off 72
time 64
note_off 75
time 0
note_off 53
time 83
note_on 77
velocity 49
time 16
note_on 73
velocity 38
time 0
note_on 75
velocity 58
time 314
note_on 72
velocity 57
time 4
note_off 73
time 51
note_on 73
velocity 68
time 5
note_on 70
velocity 51
time 4
note_off 72
time 5
note_off 77
time 5
note_off 75
time 2
note_off 70
time 120
note_off 65
time 343
note_on 75
velocity 63
time 3
note_on 66
velocity 40
time 15
note_on 69
velocity 48
time 0
note_off 73
time 18
note_on 72
velocity 61
time 5
note_on 63
velocity 38
time 15
note_off 69
time 18
note_off 66
time 11
note_off 75
time 13
note_off 72
time 360
note_off 63
time 17
note_on 73
velocity 50
time 0
note_on 65
velocity 31
time 22
note_on 70
velocity 40
time 4
note_off 70
time 19
note_off 73
time 18
note_on 70
velocity 58
time 523
note_on 61
velocity 36
time 43
note_off 58
time 37
note_on 72
velocity 74
time 15
note_on 60
velocity 48
time 4
note_off 61
time 4
note_off 70
time 10
note_off 65
time 17
note_off 60
time 18
note_on 73
velocity 74
time 6
note_on 58
velocity 41
time 0
note_off 72
time 59
note_off 73
time 58
note_on 73
velocity 76
time 367
note_on 70
velocity 59
time 4
note_on 56
velocity 43
time 13
note_on 65
velocity 54
time 0
note_off 58
time 13
note_off 65
time 0
note_off 70
time 40
note_off 73
time 48
note_on 73
velocity 82
time 425
note_on 70
velocity 63
time 28
note_on 55
velocity 47
time 6
note_off 56
time 5
note_on 63
velocity 58
time 0
note_off 63
time 4
note_off 70
time 0
note_on 72
velocity 76
time 383
note_off 55
time 22
note_on 68
velocity 59
time 0
note_on 56
velocity 51
time 11
note_on 63
velocity 51
time 2
note_on 70
velocity 71
time 121
note_on 55
velocity 55
time 5
note_off 56
time 4
note_off 73
time 4
note_off 72
time 59
note_on 72
velocity 78
time 327
note_on 53
velocity 54
time 23
note_off 70
time 43
note_off 55
time 6
note_off 63
time 11
note_off 68
time 13
note_off 72
time 28
note_on 72
velocity 80
time 467
note_on 51
velocity 57
time 16
note_on 68
velocity 70
time 0
note_off 53
time 9
note_off 72
time 85
note_off 68
time 28
note_on 72
velocity 84
time 413
note_on 68
velocity 70
time 13
note_on 65
velocity 62
time 2
note_off 51
time 9
note_on 50
velocity 61
time 4
note_off 65
time 12
note_off 50
time 18
note_off 68
time 68
note_on 70
velocity 71
time 429
note_on 55
velocity 54
time 2
note_on 67
velocity 58
time 4
note_on 65
velocity 44
time 2
note_off 72
time 5
note_on 68
velocity 74
time 104
note_on 53
velocity 54
time 14
note_off 55
time 57
note_off 70
time 11
note_off 53
time 336
note_on 70
velocity 68
time 18
note_on 52
velocity 50
time 1
note_off 68
time 7
note_off 65
time 7
note_off 67
time 4
note_off 70
time 4
note_on 67
velocity 60
time 392
note_on 70
velocity 71
time 0
note_off 52
time 9
note_on 55
velocity 49
time 0
note_on 65
velocity 52
time 14
note_off 67
time 35
note_off 70
time 4
note_off 55
time 407
note_on 70
velocity 78
time 56
note_on 67
velocity 61
time 20
note_on 48
velocity 48
time 3
note_on 64
velocity 59
time 6
note_off 65
time 9
note_off 64
time 9
note_off 67
time 11
note_off 48
time 13
note_on 68
velocity 75
time 409
note_on 65
velocity 52
time 11
note_on 53
velocity 47
time 11
note_on 60
velocity 52
time 0
note_on 67
velocity 73
time 13
note_off 70
time 23
note_on 51
velocity 48
time 4
note_off 68
time 48
note_off 53
time 41
note_on 68
velocity 72
time 306
note_on 49
velocity 45
time 6
note_off 51
time 9
note_off 67
time 77
note_off 60
time 14
note_off 65
time 5
note_off 68
time 130
note_on 68
velocity 65
time 206
note_on 48
velocity 52
time 6
note_on 65
velocity 50
time 9
note_off 49
time 2
note_on 60
velocity 27
time 13
note_off 65
time 192
note_off 60
time 7
note_off 68
time 59
note_on 68
velocity 66
time 364
note_on 46
velocity 42
time 4
note_on 65
velocity 46
time 7
note_off 48
time 4
note_on 61
velocity 38
time 5
note_off 65
time 14
note_off 61
time 6
note_off 46
time 114
note_on 67
velocity 64
time 279
note_on 46
velocity 33
time 34
note_on 58
velocity 36
time 5
note_on 61
velocity 43
time 6
note_off 68
time 69
note_on 68
velocity 80
time 16
note_off 46
time 0
note_off 67
time 9
note_on 46
velocity 45
time 9
note_off 58
time 18
note_on 70
velocity 75
time 0
note_off 61
time 11
note_off 68
time 59
note_off 46
time 136
note_on 67
velocity 61
time 300
note_on 61
velocity 48
time 30
note_on 46
velocity 34
time 13
note_on 58
velocity 42
time 2
note_off 58
time 25
note_off 46
time 28
note_off 70
time 38
note_off 61
time 134
note_on 64
velocity 59
time 235
note_on 46
velocity 41
time 7
note_on 55
velocity 40
time 4
note_on 60
velocity 51
time 0
note_off 67
time 0
note_off 60
time 39
note_off 64
time 25
note_off 55
time 9
note_on 56
velocity 39
time 477
note_on 44
velocity 43
time 17
note_on 72
velocity 70
time 38
note_on 65
velocity 50
time 27
note_off 46
time 9
note_off 65
time 173
note_on 64
velocity 53
time 12
note_on 65
velocity 43
time 7
note_on 49
velocity 37
time 6
note_off 64
time 10
note_off 44
time 16
note_off 56
time 15
note_off 65
time 14
note_off 49
time 90
note_on 70
velocity 56
time 338
note_on 49
velocity 36
time 9
note_on 65
velocity 40
time 4
note_on 55
velocity 33
time 16
note_on 68
velocity 66
time 18
note_on 53
velocity 46
time 0
note_off 70
time 15
note_off 49
time 44
note_off 65
time 7
note_off 72
time 0
note_off 55
time 63
note_on 70
velocity 73
time 0
note_on 65
velocity 51
time 4
note_on 49
velocity 41
time 4
note_on 55
velocity 34
time 0
note_off 53
time 18
note_off 68
time 0
note_off 65
time 142
note_off 70
time 11
note_off 55
time 7
note_on 70
velocity 73
time 433
note_on 64
velocity 69
time 9
note_on 48
velocity 46
time 7
note_off 49
time 25
note_on 55
velocity 46
time 0
note_on 62
velocity 70
time 4
note_on 46
velocity 46
time 11
note_off 48
time 7
note_off 64
time 18
note_on 64
velocity 59
time 361
note_on 48
velocity 36
time 4
note_off 46
time 25
note_off 62
time 0
note_off 55
time 103
note_off 48
time 58
note_off 64
time 39
note_on 68
velocity 54
time 377
note_on 60
velocity 43
time 4
note_on 48
velocity 41
time 6
note_on 64
velocity 46
time 7
note_off 70
time 190
note_on 67
velocity 67
time 155
note_off 48
time 27
note_off 68
time 23
note_off 60
time 45
note_off 64
time 16
note_on 68
velocity 77
time 318
note_on 64
velocity 64
time 0
note_on 48
velocity 41
time 4
note_on 60
velocity 44
time 11
note_off 67
time 4
note_off 60
time 7
note_off 64
time 23
note_off 68
time 33
note_on 41
velocity 38
time 457
note_on 65
velocity 66
time 9
note_on 68
velocity 72
time 0
note_on 60
velocity 49
time 26
note_off 48
time 15
note_on 63
velocity 69
time 4
note_off 65
time 129
note_on 61
velocity 63
time 183
note_on 46
velocity 41
time 30
note_off 41
time 18
note_off 60
time 0
note_off 63
time 88
note_off 61
time 4
note_off 46
time 27
note_on 66
velocity 51
time 428
note_on 58
velocity 39
time 18
note_on 61
velocity 34
time 6
note_on 46
velocity 34
time 29
note_on 65
velocity 62
time 335
note_off 58
time 19
note_on 57
velocity 50
time 27
note_off 66
time 25
note_off 61
time 63
note_off 46
time 63
note_off 57
time 10
note_off 68
time 34
note_on 66
velocity 74
time 16
note_on 58
velocity 47
time 17
note_on 61
velocity 50
time 0
note_on 46
velocity 44
time 7
note_off 65
time 0
note_off 61
time 5
note_off 46
time 59
note_off 58
time 18
note_off 66
time 16
note_on 70
velocity 72
time 442
note_on 73
velocity 75
time 0
note_on 54
velocity 53
time 17
note_on 46
velocity 47
time 12
note_on 69
velocity 75
time 5
note_on 53
velocity 61
time 6
note_off 70
time 50
note_off 54
time 5
note_off 46
time 9
note_on 54
velocity 55
time 183
note_on 70
velocity 78
time 4
note_on 46
velocity 45
time 13
note_off 53
time 84
note_off 69
time 4
note_off 46
time 27
note_off 73
time 129
note_on 46
velocity 48
time 359
note_on 72
velocity 72
time 13
note_off 70
time 80
note_off 54
time 160
note_off 46
time 8
note_on 70
velocity 81
time 109
note_off 72
time 62
note_on 55
velocity 49
time 397
note_on 46
velocity 47
time 13
note_on 76
velocity 85
time 4
note_on 72
velocity 68
time 5
note_off 70
time 15
note_off 55
time 45
note_off 72
time 0
note_off 46
time 86
note_on 72
velocity 79
time 357
note_on 65
velocity 66
time 13
note_on 56
velocity 59
time 4
note_on 44
velocity 51
time 16
note_off 65
time 9
note_off 76
time 0
note_off 56
time 5
note_on 55
velocity 65
time 29
note_on 67
velocity 77
time 4
note_off 44
time 94
note_off 67
time 93
note_off 55
time 30
note_off 72
time 16
note_on 53
velocity 50
time 286
note_on 49
velocity 52
time 16
note_on 68
velocity 76
time 0
note_on 77
velocity 87
time 0
note_off 68
time 9
note_off 49
time 159
note_on 72
velocity 67
time 277
note_on 68
velocity 59
time 9
note_on 48
velocity 46
time 4
note_off 68
time 0
note_off 72
time 75
note_off 48
time 12
note_on 73
velocity 68
time 390
note_on 68
velocity 45
time 13
note_on 46
velocity 45
time 14
note_off 77
time 55
note_off 53
time 0
note_off 46
time 18
note_on 52
velocity 55
time 426
note_on 70
velocity 68
time 0
note_on 67
velocity 56
time 4
note_on 49
velocity 45
time 9
note_off 68
time 21
note_off 73
time 9
note_on 68
velocity 77
time 15
note_on 53
velocity 64
time 0
note_off 67
time 0
note_off 70
time 4
note_off 52
time 4
note_off 53
time 107
note_off 49
time 15
note_on 76
velocity 84
time 147
note_on 48
velocity 67
time 9
note_on 70
velocity 69
time 4
note_on 55
velocity 60
time 4
note_off 68
time 48
note_off 55
time 0
note_off 48
time 3
note_off 70
time 37
note_on 55
velocity 62
time 425
note_on 48
velocity 60
time 2
note_on 72
velocity 78
time 7
note_on 70
velocity 75
time 7
note_off 55
time 16
note_off 76
time 7
note_off 48
time 9
note_off 70
time 52
note_off 72
time 4
note_on 77
velocity 87
time 760
note_on 41
velocity 56
time 6
note_on 53
velocity 62
time 3
note_on 70
velocity 65
time 4
note_on 72
velocity 73
time 4
note_off 70
time 183
note_off 72
time 20
note_on 68
velocity 57
time 402
note_on 72
velocity 67
time 0
note_on 70
velocity 64
time 172
note_off 72
time 9
note_on 67
velocity 48
time 5
note_off 68
time 13
note_off 77
time 233
note_off 67
time 67
note_on 68
velocity 48
time 0
note_on 72
velocity 55
time 4
note_off 70
time 8
note_off 41
time 0
note_off 53
time 0
note_off 68
time 221
note_off 72
time 17
note_on 77
velocity 47
time 14
note_on 53
velocity 25
time 17
note_on 75
velocity 42
time 213
note_off 77
time 110
note_on 58
velocity 36
time 344
note_on 74
velocity 51
time 0
note_off 53
time 136
note_off 75
time 21
note_on 71
velocity 54
time 6
note_on 68
velocity 42
time 7
note_on 70
velocity 66
time 247
note_on 66
velocity 50
time 6
note_off 71
time 89
note_off 68
time 18
note_off 74
time 4
note_on 68
velocity 58
time 11
note_on 65
velocity 44
time 14
note_off 70
time 19
note_off 66
time 9
note_off 58
time 16
note_on 75
velocity 51
time 187
note_on 58
velocity 40
time 9
note_off 65
time 132
note_on 77
velocity 66
time 246
note_off 75
time 18
note_off 68
time 13
note_off 58
time 11
note_on 51
velocity 44
time 0
note_on 78
velocity 67
time 13
note_off 77
time 11
note_on 66
velocity 51
time 57
note_on 63
velocity 30
time 46
note_off 78
time 57
note_off 51
time 4
note_on 68
velocity 66
time 263
note_off 66
time 2
note_on 65
velocity 45
time 40
note_off 63
time 11
note_on 70
velocity 58
time 9
note_off 65
time 5
note_on 66
velocity 30
time 6
note_off 68
time 10
note_off 66
time 4
note_off 70
time 4
note_on 75
velocity 66
time 389
note_on 51
velocity 40
time 17
note_on 73
velocity 74
time 15
note_on 56
velocity 41
time 10
note_on 72
velocity 71
time 9
note_off 51
time 16
note_off 75
time 9
note_off 73
time 14
note_on 60
velocity 28
time 11
note_on 63
velocity 42
time 0
note_on 61
velocity 41
time 11
note_on 65
velocity 50
time 0
note_off 63
time 7
note_off 60
time 15
note_off 65
time 29
note_off 61
time 8
note_on 66
velocity 43
time 0
note_on 63
velocity 28
time 26
note_off 72
time 94
note_off 56
time 0
note_on 73
velocity 64
time 455
note_on 56
velocity 40
time 30
note_off 63
time 197
note_on 75
velocity 71
time 172
note_off 56
time 18
note_off 66
time 77
note_off 73
time 97
note_on 49
velocity 42
time 282
note_on 77
velocity 72
time 14
note_off 75
time 6
note_off 49
time 64
note_off 77
time 286
note_on 68
velocity 48
time 259
note_on 65
velocity 27
time 26
note_off 68
time 371
note_on 66
velocity 40
time 19
note_on 63
velocity 36
time 11
note_off 65
time 45
note_off 66
time 14
note_off 63
time 6
note_on 65
velocity 39
time 0
note_on 61
velocity 34
time 12
note_on 73
velocity 50
time 655
note_on 49
velocity 33
time 4
note_on 72
velocity 59
time 379
note_off 73
time 72
note_off 49
time 390
note_on 54
velocity 31
time 2
note_on 70
velocity 43
time 0
note_on 66
velocity 38
time 20
note_off 65
time 22
note_off 72
time 7
note_off 66
time 9
note_off 54
time 88
note_off 70
time 5
note_on 70
velocity 62
time 365
note_on 66
velocity 51
time 15
note_on 54
velocity 39
time 20
note_off 61
time 355
note_on 53
velocity 56
time 20
note_off 70
time 13
note_off 54
time 37
note_off 53
time 156
note_off 66
time 20
note_on 78
velocity 71
time 9
note_on 70
velocity 58
time 0
note_on 51
velocity 45
time 0
note_on 63
velocity 40
time 4
note_off 70
time 109
note_off 78
time 19
note_off 51
time 36
note_off 63
time 21
note_on 51
velocity 43
time 285
note_on 78
velocity 73
time 4
note_on 70
velocity 60
time 8
note_on 63
velocity 45
time 7
note_off 51
time 116
note_on 77
velocity 81
time 261
note_on 65
velocity 59
time 30
note_off 63
time 47
note_off 65
time 131
note_on 60
velocity 51
time 12
note_on 66
velocity 47
time 6
note_on 75
velocity 70
time 4
note_off 78
time 9
note_off 77
time 130
note_off 70
time 17
note_off 66
time 66
note_off 75
time 34
note_off 60
time 81
note_on 75
velocity 80
time 309
note_on 66
velocity 47
time 16
note_on 60
velocity 52
time 5
note_on 69
velocity 59
time 14
note_on 70
velocity 81
time 354
note_on 58
velocity 61
time 7
note_off 69
time 39
note_off 60
time 11
note_off 75
time 0
note_off 70
time 35
note_off 66
time 22
note_off 58
time 253
note_on 84
velocity 81
time 48
note_on 57
velocity 52
time 9
note_on 66
velocity 47
time 0
note_on 72
velocity 71
time 0
note_off 72
time 28
note_off 66
time 52
note_off 84
time 14
note_off 57
time 50
note_on 84
velocity 77
time 456
note_on 65
velocity 38
time 27
note_on 72
velocity 50
time 14
note_on 57
velocity 35
time 15
note_off 72
time 43
note_on 72
velocity 35
time 4
note_on 82
velocity 75
time 7
note_off 72
time 72
note_off 65
time 185
note_on 81
velocity 63
time 132
note_on 77
velocity 54
time 34
note_off 84
time 4
note_on 63
velocity 41
time 5
note_on 72
velocity 44
time 26
note_off 82
time 0
note_off 57
time 16
note_off 72
time 39
note_on 72
velocity 6
time 0
note_off 72
time 0
note_off 81
time 40
note_off 77
time 11
note_on 81
velocity 68
time 372
note_on 77
velocity 55
time 19
note_on 65
velocity 46
time 1
note_off 63
time 8
note_on 72
velocity 55
time 3
note_off 72
time 347
note_on 63
velocity 60
time 16
note_off 77
time 79
note_off 65
time 132
note_off 81
time 190
note_on 82
velocity 66
time 9
note_on 62
velocity 58
time 9
note_on 70
velocity 52
time 4
note_on 77
velocity 57
time 9
note_off 63
time 11
note_off 82
time 34
note_off 70
time 14
note_off 62
time 20
note_off 77
time 20
note_on 82
velocity 70
time 315
note_on 62
velocity 54
time 21
note_on 77
velocity 61
time 3
note_on 70
velocity 48
time 3
note_on 80
velocity 75
time 4
note_off 77
time 57
note_off 70
time 44
note_on 63
velocity 43
time 9
note_on 78
velocity 69
time 0
note_on 77
velocity 57
time 6
note_on 70
velocity 40
time 11
note_off 62
time 0
note_off 82
time 5
note_off 80
time 18
note_off 70
time 11
note_off 77
time 0
note_off 63
time 120
note_off 78
time 7
note_on 78
velocity 74
time 284
note_on 70
velocity 55
time 26
note_on 75
velocity 61
time 0
note_on 63
velocity 53
time 9
note_off 75
time 288
note_off 78
time 26
note_off 70
time 48
note_on 61
velocity 64
time 13
note_off 63
time 157
note_off 61
time 9
note_on 78
velocity 71
time 5
note_on 75
velocity 68
time 10
note_on 70
velocity 57
time 1
note_on 60
velocity 57
time 0
note_off 60
time 13
note_off 78
time 80
note_off 75
time 56
note_on 60
velocity 64
time 268
note_on 69
velocity 65
time 0
note_on 78
velocity 70
time 0
note_on 75
velocity 66
time 9
note_off 70
time 30
note_on 70
velocity 78
time 336
note_on 58
velocity 64
time 2
note_off 75
time 58
note_off 78
time 50
note_off 60
time 15
note_off 69
time 7
note_off 58
time 0
note_on 78
velocity 79
time 0
note_on 57
velocity 58
time 9
note_on 72
velocity 71
time 0
note_on 75
velocity 67
time 4
note_off 70
time 61
note_off 72
time 55
note_off 57
time 5
note_off 78
time 69
note_on 77
velocity 81
time 347
note_on 65
velocity 43
time 16
note_on 73
velocity 69
time 11
note_on 57
velocity 33
time 11
note_off 75
time 4
note_on 72
velocity 69
time 14
note_on 63
velocity 47
time 8
note_off 77
time 17
note_off 73
time 5
note_off 65
time 9
note_off 63
time 90
note_off 72
time 207
note_on 77
velocity 63
time 20
note_on 70
velocity 53
time 8
note_on 58
velocity 43
time 7
note_on 61
velocity 37
time 9
note_off 57
time 0
note_off 70
time 12
note_off 61
time 17
note_off 58
time 32
note_on 78
velocity 65
time 364
note_on 61
velocity 37
time 3
note_on 70
velocity 44
time 18
note_off 77
time 19
note_on 58
velocity 38
time 12
note_off 58
time 0
note_on 56
velocity 50
time 5
note_on 77
velocity 67
time 9
note_off 56
time 50
note_off 70
time 9
note_off 61
time 11
note_on 61
velocity 35
time 12
note_on 75
velocity 58
time 4
note_on 70
velocity 47
time 0
note_on 54
velocity 37
time 7
note_off 78
time 58
note_off 77
time 29
note_off 70
time 15
note_off 54
time 0
note_off 75
time 7
note_off 61
time 35
note_on 75
velocity 55
time 429
note_on 69
velocity 41
time 14
note_on 54
velocity 33
time 0
note_on 60
velocity 38
time 14
note_off 54
time 0
note_on 61
velocity 40
time 6
note_on 73
velocity 73
time 0
note_on 70
velocity 62
time 4
note_on 53
velocity 45
time 0
note_off 69
time 0
note_off 60
time 25
note_off 53
time 104
note_off 70
time 41
note_off 61
time 16
note_on 72
velocity 74
time 207
note_on 70
velocity 69
time 4
note_on 63
velocity 55
time 5
note_on 51
velocity 53
time 4
note_off 73
time 48
note_off 75
time 0
note_off 63
time 8
note_off 72
time 103
note_off 51
time 10
note_off 70
time 11
note_on 72
velocity 74
time 340
note_on 69
velocity 60
time 4
note_on 66
velocity 60
time 4
note_on 51
velocity 53
time 11
note_on 49
velocity 61
time 44
note_on 73
velocity 85
time 0
note_on 70
velocity 75
time 4
note_off 72
time 40
note_off 66
time 46
note_off 69
time 0
note_off 51
time 8
note_off 73
time 150
note_on 75
velocity 82
time 14
note_on 48
velocity 64
time 4
note_off 49
time 0
note_on 69
velocity 51
time 11
note_on 66
velocity 64
time 5
note_off 70
time 32
note_off 48
time 0
note_off 66
time 70
note_off 69
time 30
note_on 48
velocity 73
time 358
note_on 69
velocity 67
time 8
note_on 72
velocity 82
time 0
note_on 66
velocity 64
time 9
note_off 75
time 13
note_on 73
velocity 85
time 4
note_on 46
velocity 71
time 10
note_on 70
velocity 77
time 0
note_off 72
time 9
note_off 48
time 27
note_off 66
time 22
note_off 69
time 4
note_off 73
time 140
note_on 45
velocity 56
time 0
note_on 75
velocity 76
time 7
note_on 72
velocity 77
time 4
note_on 66
velocity 62
time 9
note_off 46
time 0
note_off 70
time 9
note_off 75
time 4
note_off 66
time 3
note_off 72
time 153
note_on 73
velocity 75
time 278
note_on 41
velocity 49
time 9
note_on 65
velocity 60
time 5
note_on 70
velocity 64
time 0
note_off 45
time 0
note_on 72
velocity 71
time 4
note_on 69
velocity 60
time 0
note_off 70
time 6
note_off 73
time 5
note_off 65
time 7
note_off 69
time 284
note_on 73
velocity 67
time 12
note_on 70
velocity 59
time 15
note_on 46
velocity 46
time 4
note_on 65
velocity 43
time 0
note_off 72
time 7
note_off 41
time 9
note_off 46
time 11
note_on 46
velocity 59
time 406
note_on 44
velocity 71
time 13
note_off 46
time 4
note_on 42
velocity 65
time 61
note_off 44
time 96
note_off 65
time 18
note_off 42
time 0
note_off 70
time 81
note_on 42
velocity 61
time 330
note_on 70
velocity 66
time 0
note_on 65
velocity 59
time 11
note_on 41
velocity 68
time 9
note_off 65
time 42
note_off 42
time 21
note_off 70
time 9
note_on 39
velocity 41
time 13
note_on 70
velocity 60
time 0
note_on 66
velocity 48
time 0
note_off 41
time 4
note_off 73
time 44
note_off 39
time 18
note_on 78
velocity 62
time 487
note_on 39
velocity 41
time 16
note_off 78
time 192
note_off 39
time 86
note_on 77
velocity 74
time 153
note_on 39
velocity 46
time 409
note_on 75
velocity 71
time 23
note_off 39
time 8
note_off 77
time 13
note_on 73
velocity 79
time 83
note_off 66
time 62
note_off 70
time 32
note_off 75
time 11
note_off 73
time 50
note_on 72
velocity 82
time 340
note_on 66
velocity 69
time 21
note_on 39
velocity 46
time 9
note_on 63
velocity 57
time 11
note_off 63
time 0
note_on 70
velocity 76
time 0
note_on 61
velocity 52
time 4
note_off 72
time 13
note_off 66
time 70
note_off 61
time 48
note_off 70
time 38
note_off 39
time 139
note_on 69
velocity 67
time 437
note_on 65
velocity 53
time 18
note_on 41
velocity 39
time 4
note_on 60
velocity 46
time 0
note_off 41
time 125
note_off 60
time 48
note_off 69
time 55
note_off 65
time 4
note_on 65
velocity 34
time 4
note_on 53
velocity 25
time 0
note_on 57
velocity 27
time 0
note_on 67
velocity 50
time 266
note_on 58
velocity 39
time 14
note_off 57
time 77
note_off 65
time 4
note_off 53
time 71
note_off 67
time 246
note_off 58
time 11
note_on 69
velocity 49
time 4
note_on 60
velocity 35
time 13
note_on 53
velocity 30
time 5
note_off 53
time 73
note_off 69
time 17
note_off 60
time 40
note_on 69
velocity 61
time 351
note_on 63
velocity 60
time 4
note_on 65
velocity 48
time 29
note_on 53
velocity 33
time 4
note_on 60
velocity 36
time 3
note_off 65
time 300
note_off 69
time 83
note_off 53
time 8
note_off 63
time 287
note_off 60
time 91
note_on 69
velocity 53
time 6
note_on 61
velocity 51
time 5
note_on 65
velocity 43
time 0
note_on 58
velocity 33
time 4
note_on 53
velocity 19
time 9
note_off 69
time 11
note_off 53
time 77
note_off 65
time 2
note_off 61
time 108
note_on 67
velocity 49
time 191
note_on 53
velocity 30
time 15
note_on 64
velocity 45
time 9
note_off 67
time 9
note_on 69
velocity 61
time 5
note_off 64
time 5
note_on 65
velocity 47
time 4
note_off 53
time 16
note_off 69
time 68
note_on 53
velocity 35
time 276
note_on 70
velocity 66
time 11
note_off 65
time 23
note_on 67
velocity 50
time 14
note_off 53
time 4
note_off 67
time 0
note_off 58
time 11
note_off 70
time 6
note_on 70
velocity 70
time 500
note_on 65
velocity 59
time 16
note_on 67
velocity 56
time 11
note_on 61
velocity 45
time 4
note_on 53
velocity 45
time 22
note_off 67
time 18
note_off 70
time 27
note_off 53
time 103
note_off 61
time 300
note_on 64
velocity 69
time 17
note_on 70
velocity 71
time 0
note_on 60
velocity 46
time 8
note_on 53
velocity 35
time 7
note_on 67
velocity 57
time 8
note_off 65
time 0
note_off 60
time 59
note_off 53
time 12
note_off 70
time 30
note_off 67
time 106
note_on 65
velocity 62
time 279
note_on 69
velocity 65
time 9
note_on 60
velocity 52
time 9
note_on 53
velocity 31
time 31
note_off 64
time 10
note_on 70
velocity 79
time 8
note_on 61
velocity 54
time 0
note_on 67
velocity 62
time 11
note_off 69
time 4
note_off 60
time 9
note_off 65
time 68
note_off 53
time 8
note_off 70
time 0
note_off 61
time 61
note_off 67
time 22
note_on 53
velocity 49
time 0
note_on 63
velocity 52
time 13
note_on 72
velocity 71
time 4
note_on 69
velocity 56
time 6
note_off 53
time 9
note_off 63
time 5
note_off 69
time 34
note_off 72
time 73
note_on 72
velocity 68
time 404
note_on 63
velocity 48
time 21
note_on 53
velocity 45
time 5
note_on 69
velocity 50
time 0
note_on 65
velocity 42
time 9
note_off 53
time 341
note_off 72
time 39
note_off 69
time 17
note_off 63
time 48
note_on 72
velocity 83
time 411
note_on 61
velocity 50
time 11
note_on 69
velocity 62
time 7
note_on 53
velocity 50
time 4
note_off 65
time 9
note_off 53
time 41
note_off 61
time 7
note_on 53
velocity 35
time 450
note_on 70
velocity 59
time 6
note_on 65
velocity 43
time 14
note_on 61
velocity 39
time 9
note_off 69
time 14
note_off 72
time 43
note_on 72
velocity 66
time 294
note_on 69
velocity 52
time 13
note_on 60
velocity 46
time 9
note_off 70
time 18
note_off 61
time 9
note_off 53
time 46
note_on 73
velocity 68
time 1
note_on 58
velocity 45
time 4
note_on 70
velocity 54
time 9
note_off 60
time 0
note_off 69
time 5
note_off 72
time 0
note_on 53
velocity 31
time 19
note_off 65
time 0
note_off 58
time 6
note_off 53
time 9
note_off 73
time 93
note_off 70
time 7
note_on 73
velocity 79
time 282
note_on 70
velocity 64
time 12
note_on 58
velocity 55
time 4
note_on 65
velocity 60
time 2
note_on 53
velocity 37
time 40
note_off 70
time 264
note_off 73
time 17
note_on 56
velocity 73
time 40
note_off 58
time 154
note_off 53
time 9
note_off 56
time 240
note_on 73
velocity 87
time 12
note_on 70
velocity 73
time 12
note_on 66
velocity 72
time 4
note_on 53
velocity 61
time 10
note_on 54
velocity 59
time 0
note_off 65
time 38
note_off 53
time 41
note_off 54
time 23
note_off 66
time 44
note_off 70
time 50
note_off 73
time 3
note_on 54
velocity 68
time 338
note_on 72
velocity 83
time 0
note_on 69
velocity 66
time 12
note_on 51
velocity 70
time 10
note_on 66
velocity 70
time 8
note_on 53
velocity 72
time 13
note_on 73
velocity 90
time 0
note_on 49
velocity 64
time 5
note_on 70
velocity 78
time 0
note_off 54
time 4
note_off 51
time 0
note_off 72
time 0
note_off 69
time 5
note_off 66
time 15
note_off 73
time 117
note_off 53
time 15
note_off 49
time 70
note_on 75
velocity 82
time 9
note_on 48
velocity 59
time 13
note_on 51
velocity 60
time 0
note_on 72
velocity 79
time 0
note_on 54
velocity 60
time 0
note_on 66
velocity 69
time 8
note_off 70
time 10
note_on 69
velocity 17
time 5
note_off 48
time 0
note_off 54
time 4
note_off 51
time 37
note_off 66
time 4
note_off 69
time 26
note_off 75
time 9
note_off 72
time 4
note_on 75
velocity 87
time 425
note_on 69
velocity 74
time 8
note_on 51
velocity 76
time 3
note_on 54
velocity 78
time 5
note_on 48
velocity 73
time 5
note_on 66
velocity 76
time 0
note_on 72
velocity 81
time 0
note_off 72
time 0
note_off 75
time 27
note_off 66
time 22
note_off 48
time 60
note_off 51
time 80
note_on 77
velocity 93
time 106
note_on 49
velocity 73
time 5
note_on 46
velocity 78
time 4
note_on 73
velocity 89
time 5
note_off 54
time 5
note_off 69
time 4
note_off 46
time 14
note_off 49
time 53
note_off 73
time 67
note_on 45
velocity 74
time 133
note_on 48
velocity 66
time 47
note_on 51
velocity 72
time 92
note_on 54
velocity 75
time 15
note_on 66
velocity 78
time 53
note_off 77
time 11
note_on 69
velocity 72
time 62
note_on 72
velocity 88
time 111
note_on 75
velocity 89
time 107
note_on 78
velocity 93
time 291
note_off 66
time 1916
note_off 48
time 210
note_off 51
time 0
note_off 45
time 29
note_off 69
time 7
note_off 72
time 33
note_off 78
time 13
note_off 54
time 9
note_off 75
time 12
note_on 77
velocity 69
time 86
note_on 65
velocity 36
time 18
note_on 72
velocity 51
time 4
note_on 57
velocity 42
time 11
note_off 72
time 346
note_off 65
time 130
note_off 57
time 303
note_on 73
velocity 52
time 4
note_on 70
velocity 44
time 0
note_on 58
velocity 27
time 10
note_on 65
velocity 23
time 6
note_off 77
time 0
note_off 65
time 4
note_off 70
time 0
note_off 58
time 58
note_on 75
velocity 60
time 460
note_on 58
velocity 36
time 7
note_off 73
time 6
note_on 70
velocity 50
time 12
note_on 54
velocity 18
time 19
note_on 72
velocity 71
time 339
note_on 66
velocity 57
time 30
note_on 51
velocity 42
time 9
note_off 54
time 27
note_off 70
time 0
note_off 58
time 95
note_off 66
time 11
note_off 75
time 20
note_on 73
velocity 67
time 13
note_on 70
velocity 52
time 7
note_on 53
velocity 39
time 0
note_on 65
velocity 31
time 12
note_off 51
time 14
note_off 72
time 17
note_off 65
time 13
note_off 70
time 65
note_off 73
time 214
note_on 72
velocity 53
time 318
note_on 41
velocity 25
time 4
note_on 69
velocity 41
time 17
note_on 63
velocity 26
time 20
note_on 70
velocity 50
time 0
note_off 72
time 5
note_off 69
time 13
note_off 70
time 25
note_off 63
time 48
note_off 53
time 306
note_on 70
velocity 50
time 97
note_on 46
velocity 33
time 13
note_on 62
velocity 47
time 13
note_off 41
time 79
note_off 62
time 7
note_off 46
time 41
note_on 65
velocity 40
time 484
note_on 62
velocity 44
time 4
note_on 53
velocity 34
time 25
note_on 46
velocity 30
time 9
note_off 62
time 94
note_on 66
velocity 55
time 277
note_on 51
velocity 46
time 13
note_off 65
time 0
note_on 63
velocity 38
time 13
note_off 46
time 115
note_off 53
time 56
note_off 51
time 4
note_on 68
velocity 44
time 11
note_on 50
velocity 25
time 4
note_off 63
time 3
note_on 65
velocity 31
time 4
note_on 46
velocity 17
time 4
note_off 66
time 40
note_off 65
time 12
note_off 68
time 34
note_on 48
velocity 42
time 20
note_off 50
time 11
note_off 46
time 88
note_on 68
velocity 63
time 257
note_on 65
velocity 47
time 11
note_on 46
velocity 28
time 26
note_on 51
velocity 40
time 0
note_off 48
time 34
note_off 65
time 0
note_on 50
velocity 55
time 10
note_off 68
time 0
note_off 51
time 9
note_off 50
time 90
note_off 46
time 13
note_on 68
velocity 66
time 11
note_on 65
velocity 50
time 13
note_on 50
velocity 40
time 2
note_on 46
velocity 33
time 7
note_off 46
time 39
note_off 50
time 416
note_on 51
velocity 37
time 32
note_on 66
velocity 52
time 3
note_on 46
velocity 40
time 5
note_on 63
velocity 40
time 4
note_off 65
time 0
note_off 68
time 0
note_on 53
velocity 53
time 156
note_off 51
time 133
note_off 46
time 107
note_on 54
velocity 48
time 262
note_on 46
velocity 29
time 53
note_off 53
time 43
note_off 46
time 4
note_off 54
time 58
note_off 66
time 11
note_off 63
time 52
note_on 54
velocity 35
time 452
note_on 65
velocity 38
time 0
note_on 46
velocity 36
time 5
note_on 62
velocity 41
time 0
note_off 62
time 14
note_on 60
velocity 30
time 15
note_on 63
velocity 37
time 3
note_off 65
time 13
note_off 60
time 47
note_off 46
time 48
note_on 65
velocity 40
time 776
note_on 53
velocity 37
time 18
note_on 46
velocity 32
time 6
note_on 62
velocity 36
time 1
note_off 54
time 47
note_off 63
time 0
note_off 46
time 900
note_off 53
time 4
note_off 62
time 32
note_off 65
time 34
note_off 70
time 9
note_on 70
velocity 69
time 1473
note_on 65
velocity 61
time 1069
note_off 70
time 10
note_off 65
time 230
note_on 78
velocity 73
time 4
note_on 77
velocity 70
time 431
note_off 78
time 80
note_on 75
velocity 64
time 398
note_off 77
time 104
note_on 65
velocity 65
time 388
note_on 73
velocity 63
time 4
note_off 75
time 68
note_off 73
time 430
note_on 72
velocity 69
time 4
note_on 58
velocity 62
time 469
note_on 73
velocity 62
time 18
note_off 72
time 13
note_off 65
time 58
note_on 75
velocity 62
time 9
note_off 58
time 4
note_off 73
time 16
note_on 77
velocity 71
time 4
note_off 75
time 8
note_on 73
velocity 52
time 434
note_off 77
time 5
note_on 76
velocity 61
time 7
note_on 77
velocity 69
time 179
note_off 76
time 104
note_on 72
velocity 58
time 150
note_on 79
velocity 80
time 9
note_off 73
time 81
note_off 77
time 67
note_on 70
velocity 68
time 290
note_off 72
time 83
note_off 79
time 229
note_on 68
velocity 69
time 133
note_off 70
time 108
note_on 80
velocity 71
time 328
note_on 67
velocity 56
time 10
note_off 68
time 95
note_on 79
velocity 76
time 102
note_on 68
velocity 61
time 246
note_on 77
velocity 68
time 9
note_off 80
time 4
note_off 67
time 33
note_off 79
time 63
note_on 70
velocity 58
time 338
note_off 68
time 30
note_on 72
velocity 62
time 421
note_off 70
time 71
note_on 75
velocity 50
time 388
note_off 77
time 29
note_off 75
time 169
note_on 73
velocity 51
time 9
note_on 75
velocity 56
time 247
note_off 73
time 100
note_on 77
velocity 66
time 302
note_on 70
velocity 44
time 2
note_off 72
time 158
note_off 75
time 11
note_on 69
velocity 54
time 13
note_off 70
time 39
note_on 78
velocity 75
time 257
note_on 70
velocity 55
time 9
note_off 69
time 42
note_off 77
time 92
note_off 70
time 280
note_on 72
velocity 66
time 20
note_on 73
velocity 67
time 432
note_off 72
time 26
note_on 77
velocity 63
time 443
note_off 78
time 50
note_on 75
velocity 64
time 162
note_off 77
time 19
note_on 77
velocity 72
time 194
note_off 75
time 101
note_on 79
velocity 76
time 330
note_on 72
velocity 56
time 9
note_off 73
time 65
note_off 77
time 96
note_on 70
velocity 65
time 35
note_off 72
time 19
note_on 80
velocity 80
time 235
note_on 72
velocity 70
time 17
note_off 70
time 36
note_off 79
time 48
note_on 74
velocity 72
time 320
note_off 72
time 68
note_on 75
velocity 73
time 411
note_off 74
time 151
note_on 79
velocity 73
time 0
note_off 80
time 13
note_on 77
velocity 82
time 88
note_off 79
time 55
note_off 75
time 11
note_on 79
velocity 80
time 182
note_off 77
time 147
note_on 81
velocity 79
time 13
note_on 73
velocity 71
time 11
note_off 79
time 12
note_off 73
time 22
note_off 81
time 67
note_on 72
velocity 73
time 50
note_off 72
time 157
note_on 58
velocity 77
time 161
note_on 82
velocity 64
time 6
note_on 73
velocity 56
time 17
note_on 75
velocity 60
time 386
note_off 73
time 62
note_on 53
velocity 74
time 355
note_off 75
time 7
note_on 77
velocity 60
time 28
note_off 58
time 39
note_off 82
time 34
note_on 81
velocity 63
time 21
note_off 53
time 13
note_on 79
velocity 77
time 9
note_off 81
time 40
note_off 77
time 12
note_on 81
velocity 76
time 20
note_off 79
time 11
note_on 66
velocity 71
time 201
note_on 82
velocity 73
time 21
note_on 75
velocity 62
time 16
note_off 81
time 4
note_off 82
time 14
note_off 75
time 7
note_on 73
velocity 72
time 5
note_off 66
time 170
note_on 65
velocity 54
time 5
note_on 84
velocity 79
time 7
note_on 75
velocity 66
time 4
note_off 73
time 5
note_off 65
time 26
note_on 63
velocity 68
time 4
note_off 84
time 9
note_off 63
time 0
note_off 75
time 21
note_on 53
velocity 78
time 339
note_on 61
velocity 66
time 8
note_off 61
time 4
note_on 60
velocity 77
time 29
note_on 82
velocity 76
time 0
note_on 77
velocity 69
time 26
note_off 53
time 13
note_off 60
time 23
note_on 75
velocity 77
time 119
note_on 81
velocity 79
time 12
note_off 77
time 32
note_off 82
time 10
note_off 75
time 13
note_on 46
velocity 79
time 0
note_on 82
velocity 81
time 8
note_on 73
velocity 73
time 2
note_on 58
velocity 62
time 5
note_off 81
time 34
note_off 73
time 6
note_off 46
time 0
note_off 58
time 4
note_on 60
velocity 66
time 164
note_on 80
velocity 73
time 20
note_on 72
velocity 65
time 4
note_off 82
time 88
note_off 72
time 2
note_on 61
velocity 63
time 83
note_off 60
time 20
note_on 63
velocity 66
time 11
note_on 78
velocity 68
time 4
note_on 70
velocity 46
time 7
note_off 61
time 7
note_off 80
time 42
note_off 63
time 322
note_on 61
velocity 65
time 13
note_on 65
velocity 55
time 5
note_on 77
velocity 74
time 0
note_off 78
time 30
note_off 61
time 313
note_on 75
velocity 69
time 86
note_on 60
velocity 66
time 2
note_off 65
time 9
note_off 70
time 78
note_off 77
time 28
note_on 58
velocity 59
time 312
note_off 60
time 4
note_on 69
velocity 59
time 0
note_off 69
time 184
note_on 70
velocity 63
time 9
note_off 58
time 118
note_on 72
velocity 66
time 98
note_on 57
velocity 56
time 2
note_off 70
time 5
note_on 65
velocity 48
time 4
note_off 57
time 9
note_off 65
time 10
note_off 72
time 20
note_on 53
velocity 44
time 5
note_off 75
time 0
note_on 77
velocity 69
time 0
note_on 69
velocity 57
time 4
note_on 63
velocity 31
time 15
note_off 63
time 15
note_off 69
time 5
note_on 78
velocity 75
time 4
note_off 77
time 0
note_off 53
time 18
note_on 77
velocity 78
time 11
note_off 78
time 0
note_on 55
velocity 43
time 14
note_on 61
velocity 38
time 0
note_on 70
velocity 50
time 0
note_off 61
time 12
note_on 75
velocity 75
time 6
note_on 60
velocity 51
time 8
note_on 57
velocity 59
time 4
note_off 70
time 9
note_on 72
velocity 68
time 0
note_off 77
time 0
note_off 55
time 0
note_off 60
time 11
note_off 72
time 9
note_off 75
time 20
note_off 57
time 5
note_on 46
velocity 80
time 20
note_on 73
velocity 82
time 11
note_on 58
velocity 64
time 5
note_on 61
velocity 55
time 7
note_off 61
time 4
note_off 58
time 8
note_on 48
velocity 53
time 50
note_on 70
velocity 64
time 13
note_on 63
velocity 48
time 25
note_off 48
time 20
note_off 46
time 19
note_off 63
time 48
note_off 73
time 27
note_off 70
time 20
note_on 69
velocity 60
time 30
note_on 41
velocity 80
time 8
note_on 49
velocity 62
time 7
note_on 70
velocity 77
time 9
note_off 69
time 4
note_on 65
velocity 35
time 0
note_off 65
time 90
note_on 65
velocity 12
time 0
note_off 65
time 4
note_off 49
time 6
note_on 66
velocity 64
time 4
note_on 51
velocity 57
time 4
note_on 43
velocity 23
time 9
note_off 43
time 12
note_off 41
time 30
note_off 51
time 13
note_on 72
velocity 71
time 8
note_on 53
velocity 53
time 9
note_on 60
velocity 45
time 7
note_off 66
time 5
note_off 53
time 58
note_on 54
velocity 67
time 16
note_on 56
velocity 54
time 466
note_on 68
velocity 64
time 15
note_on 53
velocity 52
time 5
note_on 65
velocity 43
time 22
note_off 54
time 58
note_off 60
time 2
note_off 70
time 107
note_off 72
time 53
note_off 53
time 177
note_on 51
velocity 62
time 6
note_off 56
time 431
note_on 50
velocity 43
time 25
note_on 70
velocity 60
time 0
note_off 51
time 9
note_on 58
velocity 35
time 0
note_on 62
velocity 58
time 426
note_off 65
time 0
note_on 46
velocity 44
time 4
note_off 50
time 46
note_on 48
velocity 56
time 375
note_on 63
velocity 60
time 0
note_off 62
time 28
note_off 46
time 26
note_on 50
velocity 59
time 369
note_off 63
time 9
note_on 65
velocity 54
time 13
note_off 48
time 56
note_off 68
time 276
note_off 65
time 83
note_on 66
velocity 57
time 11
note_off 50
time 7
note_on 51
velocity 53
time 0
note_off 70
time 71
note_on 63
velocity 49
time 361
note_off 51
time 13
note_on 53
velocity 43
time 4
note_off 63
time 120
note_on 62
velocity 63
time 28
note_off 58
time 116
note_off 62
time 100
note_on 63
velocity 67
time 9
note_on 51
velocity 52
time 18
note_off 53
time 15
note_on 75
velocity 66
time 18
note_off 51
time 0
note_on 49
velocity 43
time 5
note_off 75
time 63
note_off 49
time 9
note_on 68
velocity 68
time 10
note_on 48
velocity 32
time 9
note_on 60
velocity 42
time 0
note_off 60
time 17
note_off 48
time 4
note_on 48
velocity 60
time 9
note_on 44
velocity 60
time 7
note_on 49
velocity 58
time 157
note_on 46
velocity 62
time 18
note_off 48
time 22
note_off 44
time 65
note_off 63
time 212
note_off 49
time 92
note_on 48
velocity 44
time 43
note_on 51
velocity 44
time 0
note_off 46
time 23
note_off 48
time 212
note_on 61
velocity 43
time 185
note_on 65
velocity 50
time 8
note_on 53
velocity 47
time 9
note_on 49
velocity 37
time 5
note_off 66
time 94
note_off 51
time 5
note_off 53
time 358
note_on 51
velocity 60
time 4
note_off 61
time 5
note_on 73
velocity 75
time 431
note_on 70
velocity 70
time 5
note_on 46
velocity 36
time 15
note_on 53
velocity 40
time 0
note_off 51
time 36
note_off 68
time 17
note_off 49
time 7
note_off 53
time 0
note_on 54
velocity 65
time 13
note_off 46
time 14
note_off 73
time 102
note_off 54
time 84
note_off 70
time 96
note_on 53
velocity 51
time 10
note_on 56
velocity 50
time 20
note_on 72
velocity 80
time 0
note_on 68
velocity 68
time 11
note_off 65
time 55
note_off 56
time 6
note_on 58
velocity 70
time 0
note_off 53
time 122
note_off 58
time 15
note_on 60
velocity 74
time 20
note_off 60
time 70
note_on 49
velocity 37
time 250
note_on 58
velocity 40
time 5
note_on 77
velocity 86
time 9
note_on 73
velocity 75
time 6
note_off 72
time 5
note_off 68
time 7
note_off 58
time 20
note_on 56
velocity 59
time 4
note_off 49
time 5
note_on 51
velocity 46
time 0
note_off 56
time 0
note_on 70
velocity 60
time 0
note_on 54
velocity 42
time 0
note_off 73
time 16
note_off 54
time 20
note_on 72
velocity 73
time 0
note_on 68
velocity 56
time 12
note_on 53
velocity 49
time 0
note_on 56
velocity 46
time 0
note_off 70
time 0
note_off 77
time 13
note_off 51
time 0
note_off 68
time 0
note_off 53
time 13
note_on 75
velocity 66
time 4
note_off 56
time 11
note_on 66
velocity 38
time 10
note_on 54
velocity 33
time 0
note_on 70
velocity 41
time 0
note_on 58
velocity 28
time 14
note_off 72
time 11
note_off 66
time 12
note_on 73
velocity 75
time 113
note_off 58
time 9
note_on 60
velocity 47
time 0
note_on 65
velocity 37
time 8
note_off 75
time 5
note_off 65
time 5
note_off 60
time 7
note_off 70
time 4
note_on 61
velocity 57
time 10
note_off 61
time 0
note_on 72
velocity 78
time 0
note_on 56
velocity 51
time 9
note_on 68
velocity 62
time 9
note_on 63
velocity 43
time 12
note_off 54
time 18
note_off 73
time 0
note_on 53
velocity 48
time 264
note_off 63
time 190
note_on 73
velocity 78
time 241
note_on 51
velocity 43
time 20
note_on 65
velocity 34
time 25
note_off 53
time 12
note_off 72
time 47
note_off 65
time 193
note_on 49
velocity 51
time 18
note_off 56
time 14
note_off 51
time 13
note_on 63
velocity 51
time 0
note_on 56
velocity 47
time 2
note_off 73
time 75
note_off 68
time 21
note_off 49
time 13
note_on 70
velocity 71
time 98
note_off 56
time 379
note_on 72
velocity 76
time 4
note_on 44
velocity 45
time 7
note_on 68
velocity 58
time 7
note_off 70
time 4
note_off 63
time 14
note_off 72
time 9
note_off 68
time 8
note_on 66
velocity 54
time 5
note_off 66
time 4
note_off 44
time 4
note_on 73
velocity 81
time 13
note_on 49
velocity 42
time 11
note_on 61
velocity 43
time 7
note_on 65
velocity 54
time 0
note_off 61
time 5
note_off 65
time 65
note_off 49
time 4
note_on 63
velocity 47
time 12
note_on 60
velocity 40
time 5
note_off 63
time 4
note_on 63
velocity 27
time 5
note_on 68
velocity 76
time 7
note_on 61
velocity 41
time 14
note_on 65
velocity 50
time 0
note_off 60
time 0
note_off 63
time 0
note_off 65
time 271
note_on 66
velocity 50
time 97
note_on 63
velocity 45
time 4
note_off 61
time 5
note_off 66
time 9
note_off 68
time 18
note_off 73
time 8
note_on 65
velocity 32
time 16
note_on 68
velocity 41
time 4
note_off 63
time 15
note_on 83
velocity 61
time 238
note_off 65
time 10
note_on 65
velocity 35
time 4
note_on 82
velocity 63
time 4
note_on 62
velocity 35
time 0
note_off 68
time 59
note_off 83
time 18
note_on 80
velocity 68
time 15
note_off 82
time 12
note_on 70
velocity 64
time 36
note_on 78
velocity 62
time 4
note_on 63
velocity 50
time 6
note_off 62
time 5
note_off 80
time 0
note_off 65
time 4
note_off 63
time 242
note_off 78
time 7
note_on 77
velocity 68
time 4
note_on 63
velocity 65
time 448
note_on 78
velocity 68
time 4
note_off 77
time 6
note_off 70
time 15
note_on 80
velocity 73
time 240
note_on 65
velocity 52
time 16
note_off 78
time 202
note_off 65
time 234
note_on 82
velocity 73
time 11
note_on 66
velocity 56
time 5
note_off 80
time 41
note_off 63
time 13
note_on 63
velocity 54
time 0
note_on 81
velocity 65
time 4
note_off 82
time 6
note_on 78
velocity 61
time 4
note_off 66
time 0
note_on 82
velocity 75
time 56
note_off 81
time 78
note_on 69
velocity 58
time 13
note_off 78
time 9
note_on 84
velocity 77
time 0
note_on 77
velocity 66
time 9
note_off 63
time 16
note_off 82
time 0
note_off 69
time 12
note_on 75
velocity 64
time 0
note_on 67
velocity 46
time 5
note_off 77
time 10
note_off 84
time 7
note_off 67
time 45
note_on 65
velocity 56
time 46
note_off 65
time 28
note_on 58
velocity 80
time 280
note_on 70
velocity 58
time 11
note_on 73
velocity 70
time 0
note_off 75
time 16
note_off 70
time 15
note_on 77
velocity 69
time 4
note_on 82
velocity 78
time 0
note_off 73
time 14
note_off 58
time 361
note_on 53
velocity 71
time 48
note_on 75
velocity 61
time 26
note_off 77
time 0
note_off 82
time 0
note_on 72
velocity 57
time 20
note_off 53
time 48
note_on 81
velocity 75
time 44
note_off 72
time 13
note_off 81
time 103
note_off 75
time 26
note_on 82
velocity 77
time 13
note_on 74
velocity 65
time 9
note_on 70
velocity 54
time 5
note_on 66
velocity 72
time 202
note_off 74
time 122
note_on 75
velocity 66
time 362
note_on 65
velocity 53
time 21
note_off 66
time 9
note_on 63
velocity 60
time 408
note_off 65
time 56
note_on 77
velocity 68
time 391
note_on 62
velocity 53
time 16
note_off 63
time 30
note_off 82
time 82
note_off 75
time 11
note_off 62
time 278
note_on 58
velocity 62
time 15
note_on 60
velocity 55
time 459
note_on 80
velocity 73
time 4
note_off 58
time 50
note_off 77
time 65
note_off 70
time 19
note_off 60
time 17
note_on 62
velocity 72
time 0
note_off 62
time 54
note_on 51
velocity 80
time 398
note_on 63
velocity 65
time 0
note_on 78
velocity 74
time 6
note_on 70
velocity 57
time 0
note_off 63
time 0
note_on 75
velocity 68
time 154
note_on 53
velocity 61
time 5
note_off 80
time 19
note_off 51
time 16
note_off 53
time 7
note_off 70
time 30
note_on 74
velocity 77
time 112
note_off 75
time 4
note_off 78
time 165
note_on 46
velocity 78
time 14
note_on 54
velocity 59
time 4
note_on 75
velocity 79
time 4
note_on 70
velocity 59
time 5
note_off 74
time 11
note_off 54
time 5
note_on 56
velocity 67
time 4
note_off 46
time 32
note_on 77
velocity 78
time 9
note_off 56
time 7
note_on 58
velocity 65
time 0
note_on 59
velocity 75
time 271
note_off 58
time 5
note_off 59
time 420
note_on 61
velocity 56
time 13
note_on 58
velocity 58
time 4
note_on 76
velocity 74
time 12
note_on 73
velocity 60
time 17
note_off 75
time 26
note_off 77
time 11
note_off 58
time 322
note_on 56
velocity 65
time 28
note_off 61
time 347
note_off 56
time 46
note_on 63
velocity 33
time 28
note_on 55
velocity 43
time 20
note_on 75
velocity 61
time 0
note_off 73
time 10
note_off 76
time 9
note_off 55
time 4
note_off 75
time 22
note_off 63
time 56
note_on 55
velocity 43
time 139
note_on 75
velocity 61
time 4
note_on 51
velocity 34
time 16
note_on 76
velocity 72
time 12
note_off 75
time 0
note_off 55
time 13
note_on 75
velocity 77
time 0
note_on 53
velocity 55
time 0
note_on 56
velocity 56
time 0
note_off 51
time 13
note_off 76
time 16
note_on 73
velocity 83
time 17
note_off 53
time 5
note_off 56
time 0
note_on 55
velocity 59
time 9
note_on 58
velocity 50
time 0
note_off 75
time 14
note_off 70
time 0
note_off 55
time 32
note_off 58
time 217
note_on 71
velocity 82
time 9
note_on 59
velocity 66
time 0
note_on 68
velocity 69
time 5
note_on 56
velocity 59
time 0
note_off 73
time 0
note_off 59
time 10
note_off 68
time 6
note_off 56
time 23
note_on 54
velocity 63
time 187
note_on 58
velocity 68
time 0
note_on 70
velocity 86
time 0
note_off 71
time 0
note_off 54
time 13
note_off 58
time 75
note_off 70
time 178
note_on 52
velocity 59
time 21
note_on 56
velocity 57
time 0
note_on 80
velocity 77
time 15
note_on 76
velocity 70
time 16
note_on 71
velocity 58
time 13
note_off 56
time 13
note_off 52
time 4
note_on 51
velocity 70
time 5
note_on 54
velocity 66
time 4
note_off 54
time 85
note_off 51
time 4
note_on 52
velocity 71
time 18
note_on 49
velocity 56
time 7
note_on 70
velocity 65
time 0
note_off 71
time 9
note_on 75
velocity 73
time 128
note_off 80
time 210
note_on 73
velocity 78
time 5
note_off 76
time 0
note_on 46
velocity 65
time 11
note_off 49
time 41
note_off 75
time 5
note_on 51
velocity 62
time 348
note_off 52
time 5
note_on 79
velocity 88
time 52
note_off 46
time 4
note_on 76
velocity 58
time 0
note_off 73
time 95
note_on 39
velocity 48
time 72
note_on 75
velocity 67
time 4
note_off 70
time 63
note_off 79
time 40
note_off 76
time 11
note_on 73
velocity 74
time 64
note_off 75
time 20
note_off 73
time 26
note_off 51
time 46
note_off 39
time 4
note_on 44
velocity 54
time 4
note_on 80
velocity 84
time 0
note_on 72
velocity 58
time 11
note_on 68
velocity 72
time 11
note_off 68
time 27
note_off 80
time 61
note_off 72
time 20
note_off 44
time 121
note_on 56
velocity 56
time 0
note_on 61
velocity 74
time 444
note_on 46
velocity 47
time 19
note_on 54
velocity 53
time 0
note_off 56
time 4
note_off 46
time 4
note_on 44
velocity 52
time 115
note_on 53
velocity 53
time 14
note_off 54
time 22
note_off 44
time 179
note_off 61
time 200
note_on 51
velocity 48
time 22
note_on 42
velocity 46
time 11
note_off 53
time 4
note_off 51
time 379
note_off 42
time 82
note_on 49
velocity 36
time 31
note_on 77
velocity 58
time 5
note_on 58
velocity 36
time 427
note_on 75
velocity 52
time 11
note_on 54
velocity 35
time 25
note_off 77
time 23
note_off 49
time 13
note_on 73
velocity 60
time 377
note_off 75
time 48
note_on 56
velocity 34
time 402
note_on 72
velocity 56
time 9
note_off 73
time 0
note_off 58
time 96
note_on 68
velocity 60
time 332
note_off 54
time 27
note_on 53
velocity 26
time 18
note_on 66
velocity 37
time 0
note_off 72
time 40
note_off 56
time 318
note_off 66
time 34
note_on 70
velocity 69
time 3
note_on 54
velocity 42
time 13
note_off 53
time 18
note_off 68
time 34
note_on 65
velocity 23
time 4
note_off 65
time 297
note_on 72
velocity 75
time 9
note_on 63
velocity 55
time 5
note_off 70
time 4
note_on 56
velocity 39
time 0
note_off 54
time 5
note_off 72
time 9
note_off 63
time 21
note_on 73
velocity 72
time 11
note_on 58
velocity 45
time 12
note_on 61
velocity 48
time 2
note_off 56
time 18
note_on 66
velocity 69
time 282
note_off 61
time 11
note_off 58
time 423
note_on 54
velocity 41
time 9
note_on 65
velocity 48
time 440
note_off 66
time 122
note_on 63
velocity 46
time 341
note_on 56
velocity 33
time 5
note_off 54
time 55
note_off 65
time 64
note_off 56
time 289
note_on 58
velocity 45
time 0
note_on 56
velocity 40
time 433
note_on 72
velocity 55
time 18
note_off 58
time 54
note_off 63
time 52
note_off 73
time 16
note_on 54
velocity 41
time 287
note_off 56
time 28
note_on 73
velocity 62
time 450
note_off 72
time 14
note_on 53
velocity 40
time 9
note_off 54
time 19
note_on 56
velocity 21
time 6
note_on 71
velocity 50
time 398
note_off 73
time 59
note_on 70
velocity 63
time 108
note_off 71
time 3
note_off 70
time 216
note_on 71
velocity 62
time 0
note_on 68
velocity 56
time 14
note_off 53
time 340
note_on 51
velocity 38
time 39
note_on 66
velocity 49
time 15
note_off 68
time 67
note_off 51
time 107
note_off 66
time 5
note_on 49
velocity 34
time 8
note_on 65
velocity 43
time 16
note_off 65
time 173
note_off 49
time 11
note_on 51
velocity 42
time 4
note_on 66
velocity 52
time 23
note_on 61
velocity 47
time 380
note_on 70
velocity 60
time 7
note_on 53
velocity 43
time 7
note_off 66
time 4
note_off 51
time 34
note_on 68
velocity 71
time 133
note_off 71
time 17
note_off 70
time 9
note_off 56
time 200
note_off 53
time 11
note_on 70
velocity 70
time 0
note_off 61
time 20
note_on 54
velocity 40
time 2
note_off 68
time 18
note_on 72
velocity 73
time 36
note_on 63
velocity 45
time 30
note_off 70
time 0
note_off 72
time 39
note_on 73
velocity 76
time 404
note_on 56
velocity 46
time 15
note_off 63
time 4
note_off 54
time 6
note_on 53
velocity 41
time 177
note_on 68
velocity 61
time 13
note_off 53
time 123
note_on 51
velocity 47
time 38
note_on 66
velocity 65
time 17
note_off 68
time 7
note_off 51
time 192
note_on 68
velocity 67
time 26
note_on 53
velocity 47
time 4
note_off 66
time 5
note_off 68
time 13
note_on 63
velocity 65
time 11
note_on 72
velocity 70
time 0
note_off 56
time 17
note_on 55
velocity 45
time 4
note_off 53
time 48
note_off 73
time 38
note_on 70
velocity 75
time 81
note_off 72
time 33
note_on 72
velocity 73
time 187
note_off 55
time 12
note_on 56
velocity 55
time 12
note_off 70
time 53
note_off 63
time 14
note_on 74
velocity 75
time 91
note_off 72
time 11
note_on 65
velocity 66
time 4
note_off 74
time 51
note_on 58
velocity 63
time 17
note_on 75
velocity 79
time 0
note_off 65
time 17
note_off 56
time 6
note_on 55
velocity 56
time 241
note_on 53
velocity 62
time 160
note_off 55
time 14
note_on 55
velocity 59
time 245
note_off 53
time 9
note_off 58
time 320
note_on 57
velocity 61
time 54
note_on 65
velocity 80
time 2
note_on 73
velocity 75
time 8
note_off 55
time 9
note_off 75
time 5
note_on 72
velocity 62
time 0
note_off 73
time 16
note_on 73
velocity 57
time 26
note_on 58
velocity 51
time 4
note_off 57
time 4
note_off 72
time 0
note_off 58
time 0
note_off 73
time 0
note_on 60
velocity 62
time 9
note_on 75
velocity 63
time 9
note_on 58
velocity 80
time 20
note_off 75
time 7
note_on 73
velocity 70
time 16
note_off 60
time 3
note_off 65
time 11
note_on 75
velocity 56
time 187
note_on 60
velocity 53
time 11
note_off 73
time 151
note_off 60
time 55
note_on 61
velocity 61
time 4
note_on 77
velocity 75
time 0
note_off 75
time 34
note_on 60
velocity 64
time 9
note_off 61
time 0
note_off 58
time 18
note_on 73
velocity 78
time 0
note_on 58
velocity 61
time 4
note_off 60
time 12
note_on 56
velocity 73
time 31
note_off 58
time 34
note_on 75
velocity 75
time 181
note_on 54
velocity 57
time 13
note_off 56
time 5
note_on 72
velocity 56
time 0
note_off 73
time 82
note_off 54
time 77
note_on 53
velocity 68
time 12
note_off 77
time 9
note_off 53
time 16
note_on 70
velocity 67
time 18
note_on 54
velocity 62
time 2
note_off 72
time 17
note_off 70
time 16
note_off 54
time 0
note_on 51
velocity 70
time 18
note_off 75
time 53
note_on 53
velocity 82
time 5
note_on 69
velocity 60
time 0
note_off 51
time 7
note_on 70
velocity 69
time 138
note_off 69
time 20
note_off 70
time 11
note_on 72
velocity 67
time 0
note_on 75
velocity 75
time 0
note_off 72
time 130
note_on 69
velocity 61
time 7
note_off 53
time 14
note_on 46
velocity 79
time 5
note_on 73
velocity 70
time 26
note_off 69
time 4
note_off 75
time 0
note_on 65
velocity 54
time 20
note_off 46
time 20
note_on 72
velocity 73
time 61
note_on 68
velocity 68
time 15
note_off 65
time 4
note_off 73
time 41
note_off 72
time 7
note_on 66
velocity 65
time 7
note_on 70
velocity 72
time 0
note_off 68
time 13
note_off 66
time 16
note_on 72
velocity 69
time 14
note_off 70
time 15
note_on 65
velocity 66
time 9
note_on 61
velocity 65
time 3
note_on 73
velocity 77
time 0
note_off 72
time 11
note_off 73
time 142
note_on 70
velocity 58
time 7
note_off 70
time 178
note_on 63
velocity 66
time 19
note_off 65
time 5
note_on 68
velocity 69
time 0
note_on 60
velocity 63
time 13
note_off 61
time 8
note_off 68
time 28
note_on 66
velocity 61
time 44
note_off 66
time 37
note_on 68
velocity 68
time 51
note_off 68
time 47
note_on 66
velocity 55
time 28
note_off 66
time 47
note_on 68
velocity 66
time 32
note_off 60
time 11
note_on 58
velocity 48
time 16
note_off 68
time 9
note_on 61
velocity 43
time 23
note_on 66
velocity 64
time 9
note_off 63
time 34
note_off 66
time 9
note_on 68
velocity 73
time 0
note_off 68
time 44
note_on 66
velocity 64
time 6
note_off 66
time 4
note_on 65
velocity 63
time 13
note_on 66
velocity 77
time 39
note_off 65
time 4
note_off 66
time 13
note_off 58
time 7
note_on 57
velocity 57
time 183
note_off 61
time 82
note_on 77
velocity 93
time 0
note_on 65
velocity 71
time 10
note_on 62
velocity 52
time 32
note_off 62
time 166
note_on 60
velocity 59
time 15
note_on 70
velocity 80
time 4
note_on 62
velocity 68
time 4
note_off 57
time 12
note_off 60
time 0
note_off 77
time 204
note_off 65
time 42
note_on 54
velocity 58
time 40
note_off 62
time 115
note_on 53
velocity 60
time 39
note_off 54
time 19
note_off 70
time 150
note_on 54
velocity 63
time 93
note_off 53
time 4
note_on 63
velocity 66
time 0
note_on 56
velocity 50
time 441
note_on 83
velocity 79
time 4
note_off 54
time 56
note_off 63
time 148
note_on 58
velocity 55
time 238
note_on 82
velocity 79
time 4
note_on 62
velocity 53
time 16
note_off 56
time 5
note_off 83
time 11
note_off 62
time 14
note_on 80
velocity 83
time 36
note_on 77
velocity 72
time 14
note_off 82
time 27
note_off 77
time 9
note_off 80
time 25
note_on 78
velocity 88
time 0
note_on 51
velocity 79
time 6
note_on 63
velocity 80
time 0
note_off 58
time 7
note_on 75
velocity 72
time 5
note_off 63
time 0
note_on 73
velocity 79
time 132
note_off 75
time 15
note_off 78
time 0
note_on 70
velocity 68
time 9
note_off 70
time 91
note_off 51
time 146
note_on 44
velocity 81
time 5
note_off 73
time 0
note_on 76
velocity 82
time 4
note_on 68
velocity 72
time 0
note_on 71
velocity 70
time 5
note_off 68
time 17
note_off 44
time 70
note_on 75
velocity 79
time 134
note_on 66
velocity 76
time 12
note_off 76
time 10
note_off 71
time 79
note_off 66
time 86
note_on 53
velocity 81
time 9
note_on 70
velocity 59
time 6
note_on 74
velocity 72
time 0
note_on 65
velocity 64
time 5
note_off 75
time 17
note_off 65
time 4
note_off 53
time 11
note_on 42
velocity 76
time 7
note_off 70
time 54
note_off 42
time 304
note_on 41
velocity 59
time 54
note_on 46
velocity 70
time 23
note_on 75
velocity 84
time 4
note_on 66
velocity 65
time 5
note_on 70
velocity 68
time 4
note_off 74
time 9
note_off 41
time 0
note_off 66
time 2
note_on 39
velocity 72
time 16
note_off 46
time 19
note_on 46
velocity 63
time 8
note_off 39
time 11
note_on 65
velocity 63
time 9
note_on 59
velocity 77
time 77
note_off 59
time 204
note_off 65
time 0
note_on 58
velocity 73
time 251
note_on 74
velocity 77
time 6
note_off 75
time 15
note_off 70
time 9
note_on 56
velocity 74
time 35
note_off 58
time 7
note_off 56
time 222
note_on 51
velocity 58
time 253
note_on 54
velocity 60
time 12
note_off 46
time 7
note_on 75
velocity 90
time 8
note_on 70
velocity 71
time 4
note_on 63
velocity 77
time 5
note_off 74
time 57
note_off 63
time 15
note_off 75
time 29
note_off 70
time 43
note_off 54
time 34
note_on 53
velocity 78
time 4
note_on 54
velocity 64
time 13
note_on 63
velocity 80
time 4
note_on 58
velocity 74
time 4
note_off 53
time 6
note_off 51
time 4
note_off 54
time 288
note_on 56
velocity 70
time 12
note_on 53
velocity 67
time 8
note_off 58
time 192
note_off 63
time 66
note_on 54
velocity 71
time 145
note_off 56
time 0
note_on 58
velocity 72
time 4
note_off 53
time 16
note_off 58
time 401
note_on 60
velocity 61
time 6
note_on 77
velocity 83
time 0
note_on 73
velocity 73
time 11
note_off 60
time 167
note_on 61
velocity 70
time 5
note_on 63
velocity 66
time 246
note_on 72
velocity 70
time 4
note_on 75
velocity 75
time 5
note_off 61
time 36
note_off 73
time 2
note_off 77
time 95
note_off 63
time 14
note_on 73
velocity 77
time 6
note_on 70
velocity 64
time 5
note_off 72
time 4
note_off 75
time 7
note_off 54
time 8
note_off 70
time 245
note_on 72
velocity 67
time 84
note_off 73
time 5
note_on 69
velocity 51
time 4
note_on 61
velocity 42
time 52
note_on 70
velocity 60
time 0
note_on 67
velocity 53
time 11
note_off 69
time 0
note_on 53
velocity 43
time 6
note_off 72
time 7
note_off 61
time 7
note_off 53
time 16
note_off 67
time 4
note_off 70
time 9
note_on 69
velocity 51
time 5
note_on 72
velocity 61
time 0
note_on 51
velocity 50
time 6
note_on 60
velocity 46
time 5
note_off 51
time 8
note_off 60
time 84
note_off 72
time 48
note_on 73
velocity 74
time 38
note_on 58
velocity 61
time 6
note_on 70
velocity 68
time 0
note_on 49
velocity 52
time 4
note_off 69
time 4
note_off 49
time 60
note_off 58
time 14
note_on 75
velocity 77
time 3
note_off 70
time 5
note_on 72
velocity 73
time 4
note_on 57
velocity 63
time 4
note_off 73
time 9
note_on 48
velocity 50
time 4
note_off 75
time 2
note_off 48
time 137
note_off 72
time 153
note_on 78
velocity 86
time 4
note_on 75
velocity 63
time 32
note_off 57
time 13
note_on 77
velocity 73
time 385
note_on 73
velocity 74
time 15
note_off 75
time 14
note_on 56
velocity 47
time 4
note_on 53
velocity 50
time 0
note_off 78
time 20
note_off 77
time 127
note_on 75
velocity 64
time 16
note_on 71
velocity 50
time 7
note_off 73
time 41
note_off 53
time 84
note_on 46
velocity 46
time 4
note_on 74
velocity 63
time 13
note_off 71
time 5
note_on 70
velocity 48
time 8
note_off 75
time 9
note_off 74
time 5
note_off 56
time 216
note_on 77
velocity 81
time 39
note_on 74
velocity 71
time 11
note_off 70
time 106
note_on 51
velocity 46
time 333
note_on 72
velocity 63
time 2
note_off 46
time 5
note_on 54
velocity 44
time 0
note_on 75
velocity 64
time 2
note_off 74
time 0
note_off 77
time 5
note_off 51
time 11
note_off 54
time 7
note_on 73
velocity 70
time 30
note_on 70
velocity 62
time 4
note_off 72
time 66
note_off 75
time 36
note_off 73
time 65
note_off 70
time 105
note_on 72
velocity 78
time 156
note_on 69
velocity 67
time 11
note_on 53
velocity 62
time 9
note_on 49
velocity 57
time 5
note_off 69
time 235
note_on 73
velocity 71
time 23
note_on 51
velocity 51
time 5
note_on 48
velocity 47
time 21
note_on 70
velocity 51
time 6
note_off 53
time 3
note_off 72
time 0
note_off 49
time 4
note_off 51
time 337
note_off 48
time 27
note_on 49
velocity 48
time 16
note_on 46
velocity 45
time 29
note_off 46
time 400
note_on 58
velocity 37
time 7
note_on 54
velocity 38
time 4
note_on 63
velocity 51
time 5
note_off 49
time 9
note_on 72
velocity 70
time 12
note_off 70
time 65
note_off 73
time 9
note_off 63
time 0
note_on 55
velocity 45
time 2
note_on 64
velocity 48
time 0
note_off 58
time 12
note_off 54
time 4
note_on 70
velocity 61
time 35
note_on 60
velocity 37
time 9
note_off 64
time 18
note_off 72
time 102
note_on 53
velocity 46
time 4
note_on 61
velocity 38
time 0
note_off 55
time 5
note_on 69
velocity 49
time 4
note_off 60
time 5
note_off 70
time 0
note_on 65
velocity 27
time 4
note_off 65
time 0
note_off 69
time 5
note_on 78
velocity 70
time 85
note_on 69
velocity 45
time 21
note_on 60
velocity 47
time 4
note_off 61
time 4
note_off 78
time 42
note_on 77
velocity 82
time 130
note_on 61
velocity 56
time 17
note_on 70
velocity 66
time 2
note_off 69
time 13
note_off 60
time 4
note_off 70
time 20
note_off 61
time 0
note_on 75
velocity 80
time 1
note_on 63
velocity 63
time 11
note_on 72
velocity 78
time 4
note_off 77
time 0
note_off 63
time 31
note_off 72
time 0
note_off 75
time 0
note_on 73
velocity 89
time 258
note_on 65
velocity 71
time 4
note_off 53
time 20
note_off 65
time 11
note_on 70
velocity 84
time 268
note_off 73
time 75
note_off 70
time 43
note_on 72
velocity 86
time 353
note_on 41
velocity 75
time 4
note_on 69
velocity 76
time 11
note_on 70
velocity 78
time 517
note_on 42
velocity 75
time 5
note_off 69
time 32
note_off 72
time 4
note_off 41
time 18
note_on 65
velocity 56
time 9
note_on 68
velocity 70
time 4
note_off 65
time 96
note_on 66
velocity 69
time 5
note_on 63
velocity 51
time 0
note_off 68
time 18
note_off 63
time 54
note_on 65
velocity 62
time 17
note_on 61
velocity 42
time 9
note_off 70
time 4
note_off 66
time 9
note_off 65
time 41
note_off 61
time 39
note_on 68
velocity 67
time 215
note_on 63
velocity 59
time 17
note_on 59
velocity 55
time 13
note_on 41
velocity 58
time 62
note_off 63
time 25
note_on 62
velocity 61
time 17
note_off 42
time 11
note_on 63
velocity 56
time 13
note_off 62
time 0
note_on 39
velocity 49
time 9
note_on 65
velocity 54
time 0
note_off 41
time 7
note_off 63
time 0
note_off 68
time 102
note_off 59
time 175
note_on 38
velocity 53
time 76
note_off 39
time 32
note_on 66
velocity 62
time 417
note_on 39
velocity 51
time 9
note_on 58
velocity 48
time 15
note_off 65
time 14
note_off 38
time 67
note_on 61
velocity 49
time 17
note_on 65
velocity 60
time 0
note_off 58
time 56
note_on 51
velocity 55
time 316
note_on 63
velocity 64
time 17
note_on 60
velocity 48
time 0
note_off 61
time 11
note_off 39
time 0
note_off 65
time 82
note_off 60
time 16
note_on 61
velocity 56
time 9
note_off 51
time 16
note_on 51
velocity 3
time 0
note_on 58
velocity 50
time 0
note_off 63
time 1
note_off 66
time 18
note_off 58
time 58
note_on 57
velocity 48
time 15
note_on 65
velocity 50
time 8
note_on 60
velocity 36
time 4
note_off 51
time 5
note_off 61
time 9
note_on 49
velocity 36
time 18
note_on 63
velocity 49
time 5
note_off 65
time 16
note_off 57
time 14
note_on 48
velocity 44
time 11
note_off 49
time 5
note_off 60
time 6
note_off 48
time 16
note_on 70
velocity 72
time 4
note_on 49
velocity 35
time 13
note_on 58
velocity 34
time 0
note_off 63
time 9
note_on 61
velocity 45
time 451
note_on 51
velocity 47
time 5
note_off 58
time 41
note_off 49
time 17
note_off 51
time 360
note_on 65
velocity 58
time 29
note_off 61
time 5
note_on 53
velocity 37
time 17
note_on 57
velocity 32
time 28
note_on 60
velocity 31
time 5
note_off 70
time 43
note_on 51
velocity 61
time 23
note_off 57
time 19
note_off 53
time 40
note_off 51
time 83
note_off 65
time 101
note_off 60
time 43
note_on 58
velocity 77
time 144
note_on 49
velocity 53
time 38
note_off 49
time 87
note_on 48
velocity 58
time 9
note_off 58
time 26
note_on 78
velocity 81
time 0
note_off 48
time 83
note_on 53
velocity 83
time 335
note_on 49
velocity 63
time 28
note_on 77
velocity 73
time 4
note_off 49
time 4
note_on 45
velocity 72
time 9
note_on 75
velocity 69
time 0
note_on 72
velocity 71
time 4
note_off 53
time 7
note_off 78
time 4
note_off 77
time 11
note_off 45
time 15
note_off 72
time 20
note_off 75
time 12
note_on 46
velocity 89
time 383
note_on 73
velocity 83
time 30
note_on 70
velocity 70
time 0
note_on 66
velocity 53
time 6
note_off 66
time 87
note_on 72
velocity 84
time 64
note_on 69
velocity 67
time 9
note_on 66
velocity 75
time 6
note_off 70
time 0
note_off 73
time 29
note_off 46
time 111
note_off 66
time 66
note_on 41
velocity 85
time 16
note_on 73
velocity 86
time 4
note_on 65
velocity 65
time 23
note_on 70
velocity 62
time 4
note_off 72
time 11
note_off 69
time 0
note_off 41
time 11
note_off 73
time 28
note_off 70
time 165
note_on 75
velocity 82
time 91
note_off 65
time 5
note_on 60
velocity 82
time 4
note_on 69
velocity 71
time 0
note_off 69
time 16
note_off 75
time 7
note_on 61
velocity 66
time 280
note_on 58
velocity 69
time 5
note_on 77
velocity 88
time 0
note_on 70
velocity 82
time 4
note_off 60
time 4
note_off 70
time 0
note_off 58
time 152
note_off 61
time 2
note_on 60
velocity 76
time 89
note_on 54
velocity 70
time 4
note_on 57
velocity 71
time 0
note_on 72
velocity 91
time 0
note_on 75
velocity 87
time 0
note_off 77
time 5
note_off 72
time 18
note_off 75
time 5
note_off 60
time 4
note_off 57
time 5
note_off 54
time 16
note_on 73
velocity 94
time 236
note_on 61
velocity 78
time 4
note_on 53
velocity 75
time 5
note_on 70
velocity 81
time 0
note_on 58
velocity 73
time 10
note_off 53
time 5
note_on 63
velocity 79
time 11
note_off 58
time 45
note_off 73
time 13
note_off 63
time 15
note_off 70
time 66
note_off 61
time 9
note_on 51
velocity 72
time 9
note_on 60
velocity 67
time 2
note_on 72
velocity 96
time 0
note_on 65
velocity 83
time 6
note_on 69
velocity 75
time 5
note_off 60
time 11
note_off 51
time 5
note_on 70
velocity 88
time 7
note_on 61
velocity 83
time 9
note_on 49
velocity 75
time 0
note_off 65
time 0
note_off 72
time 0
note_off 69
time 9
note_off 49
time 135
note_off 61
time 17
note_on 66
velocity 76
time 62
note_on 63
velocity 76
time 5
note_on 48
velocity 74
time 4
note_off 63
time 46
note_on 50
velocity 74
time 196
note_on 58
velocity 68
time 11
note_on 68
velocity 87
time 4
note_on 65
velocity 69
time 4
note_off 48
time 4
note_off 70
time 8
note_off 66
time 14
note_off 65
time 31
note_off 58
time 272
note_on 51
velocity 77
time 8
note_on 72
velocity 93
time 0
note_on 66
velocity 73
time 11
note_on 63
velocity 72
time 4
note_off 68
time 20
note_off 50
time 25
note_off 63
time 9
note_off 72
time 40
note_off 66
time 50
note_on 73
velocity 93
time 334
note_on 53
velocity 79
time 4
note_on 61
velocity 79
time 7
note_on 65
velocity 77
time 0
note_off 51
time 36
note_on 54
velocity 81
time 161
note_off 53
time 27
note_on 52
velocity 85
time 214
note_off 54
time 3
note_off 52
time 256
note_on 53
velocity 87
time 18
note_off 73
time 0
note_off 61
time 59
note_off 53
time 63
note_on 40
velocity 79
time 315
note_on 67
velocity 83
time 14
note_off 65
time 19
note_on 73
velocity 87
time 20
note_off 73
time 127
note_on 72
velocity 87
time 311
note_on 60
velocity 72
time 11
note_on 70
velocity 76
time 143
note_off 72
time 51
note_off 67
time 12
note_off 60
time 4
note_off 70
time 95
note_on 41
velocity 72
time 440
note_on 70
velocity 76
time 14
note_on 65
velocity 64
time 12
note_on 60
velocity 59
time 12
note_off 40
time 56
note_on 66
velocity 72
time 18
note_off 60
time 36
note_off 65
time 55
note_off 70
time 15
note_off 66
time 37
note_on 69
velocity 73
time 523
note_on 53
velocity 50
time 9
note_on 65
velocity 61
time 13
note_on 63
velocity 70
time 181
note_off 69
time 87
note_off 65
time 32
note_off 63
time 156
note_on 70
velocity 81
time 746
note_on 46
velocity 53
time 14
note_on 62
velocity 70
time 0
note_on 58
velocity 56
time 4
note_off 41
time 81
note_off 53
time 2280
note_off 58
time 176
note_off 70
time 13
note_off 62
time 51
note_off 46
time 98
