note_on 53
velocity 44
time 162
note_on 77
velocity 57
time 13
note_off 53
time 50
note_off 77
time 86
note_on 72
velocity 57
time 7
note_on 57
velocity 58
time 95
note_off 72
time 5
note_on 69
velocity 57
time 11
note_off 57
time 21
note_off 69
time 72
note_on 67
velocity 56
time 25
note_off 67
time 23
note_on 60
velocity 53
time 5
note_on 69
velocity 64
time 4
note_off 60
time 37
note_off 69
time 46
note_on 72
velocity 69
time 26
note_off 72
time 108
note_on 57
velocity 57
time 9
note_on 65
velocity 59
time 7
note_off 57
time 36
note_on 69
velocity 61
time 62
note_off 65
time 9
note_off 69
time 97
note_on 72
velocity 68
time 12
note_on 53
velocity 54
time 22
note_off 53
time 46
note_off 72
time 26
note_on 75
velocity 72
time 7
note_off 75
time 70
note_on 74
velocity 68
time 72
note_on 57
velocity 64
time 5
note_off 57
time 44
note_off 74
time 53
note_on 72
velocity 72
time 4
note_off 72
time 106
note_on 74
velocity 74
time 23
note_on 58
velocity 59
time 9
note_off 58
time 41
note_on 70
velocity 70
time 73
note_off 74
time 0
note_off 70
time 102
note_on 65
velocity 68
time 11
note_on 62
velocity 59
time 9
note_off 62
time 41
note_off 65
time 5
note_on 64
velocity 70
time 21
note_on 58
velocity 60
time 98
note_off 64
time 21
note_on 65
velocity 69
time 4
note_off 58
time 13
note_off 65
time 75
note_on 70
velocity 68
time 20
note_on 62
velocity 60
time 137
note_on 41
velocity 36
time 30
note_off 70
time 11
note_on 65
velocity 61
time 69
note_off 62
time 4
note_on 69
velocity 65
time 123
note_off 65
time 18
note_off 69
time 80
note_on 72
velocity 72
time 7
note_off 41
time 20
note_on 70
velocity 68
time 106
note_off 72
time 13
note_on 69
velocity 61
time 0
note_off 70
time 5
note_off 69
time 111
note_on 53
velocity 60
time 11
note_on 70
velocity 62
time 12
note_off 53
time 32
note_on 67
velocity 63
time 73
note_off 70
time 43
note_off 67
time 82
note_on 64
velocity 57
time 5
note_on 55
velocity 61
time 2
note_off 55
time 42
note_off 64
time 45
note_on 62
velocity 58
time 11
note_on 58
velocity 67
time 129
note_on 64
velocity 63
time 19
note_off 62
time 13
note_off 58
time 15
note_off 64
time 57
note_on 67
velocity 65
time 8
note_off 67
time 129
note_on 55
velocity 60
time 4
note_on 60
velocity 60
time 10
note_off 55
time 28
note_off 60
time 65
note_on 64
velocity 65
time 5
note_on 52
velocity 64
time 126
note_on 67
velocity 63
time 5
note_off 64
time 5
note_off 52
time 37
note_on 70
velocity 71
time 56
note_off 67
time 2
note_on 48
velocity 62
time 125
note_on 69
velocity 65
time 2
note_off 70
time 34
note_off 48
time 2
note_on 67
velocity 66
time 77
note_off 69
time 14
note_on 53
velocity 63
time 111
note_off 67
time 6
note_on 69
velocity 63
time 3
note_off 53
time 29
note_on 67
velocity 63
time 86
note_off 69
time 29
note_on 65
velocity 68
time 83
note_off 67
time 5
note_on 57
velocity 59
time 11
note_off 57
time 44
note_off 65
time 39
note_on 64
velocity 62
time 18
note_on 53
velocity 59
time 116
note_off 64
time 0
note_on 65
velocity 67
time 10
note_off 53
time 32
note_off 65
time 68
note_on 69
velocity 56
time 13
note_on 41
velocity 51
time 137
note_on 60
velocity 56
time 0
note_off 69
time 107
note_on 64
velocity 62
time 7
note_off 60
time 4
note_on 65
velocity 62
time 127
note_off 64
time 9
note_off 65
time 77
note_on 69
velocity 68
time 11
note_off 41
time 46
note_on 67
velocity 64
time 68
note_off 69
time 40
note_on 65
velocity 60
time 75
note_off 67
time 9
note_off 65
time 26
note_on 53
velocity 53
time 106
note_on 69
velocity 61
time 7
note_off 69
time 58
note_on 71
velocity 63
time 7
note_off 53
time 35
note_on 50
velocity 52
time 17
note_off 71
time 7
note_on 72
velocity 64
time 12
note_off 72
time 62
note_on 71
velocity 58
time 25
note_off 50
time 5
note_on 47
velocity 58
time 13
note_off 71
time 25
note_on 72
velocity 61
time 14
note_off 47
time 34
note_off 72
time 15
note_on 45
velocity 55
time 5
note_on 71
velocity 61
time 19
note_off 71
time 48
note_on 72
velocity 66
time 18
note_off 45
time 7
note_on 47
velocity 62
time 18
note_off 72
time 13
note_on 71
velocity 64
time 19
note_off 47
time 35
note_off 71
time 18
note_on 72
velocity 70
time 11
note_on 50
velocity 60
time 4
note_off 72
time 48
note_on 71
velocity 65
time 22
note_off 71
time 69
note_on 72
velocity 69
time 0
note_off 50
time 4
note_on 43
velocity 62
time 15
note_off 72
time 33
note_on 71
velocity 63
time 0
note_on 72
velocity 65
time 63
note_off 71
time 8
note_on 47
velocity 62
time 9
note_off 43
time 4
note_off 72
time 29
note_on 71
velocity 61
time 8
note_off 47
time 50
note_on 50
velocity 69
time 8
note_on 72
velocity 66
time 9
note_off 71
time 11
note_off 72
time 36
note_on 71
velocity 62
time 26
note_off 50
time 7
note_on 53
velocity 69
time 18
note_on 72
velocity 68
time 30
note_off 71
time 12
note_off 72
time 39
note_on 71
velocity 60
time 22
note_on 52
velocity 65
time 4
note_off 53
time 10
note_off 71
time 61
note_off 52
time 11
note_on 69
velocity 62
time 4
note_on 50
velocity 54
time 3
note_off 50
time 38
note_on 71
velocity 67
time 19
note_off 69
time 11
note_on 50
velocity 65
time 86
note_off 71
time 7
note_on 72
velocity 79
time 9
note_off 50
time 65
note_on 52
velocity 61
time 17
note_off 72
time 48
note_on 67
velocity 69
time 4
note_off 52
time 11
note_on 53
velocity 56
time 30
note_off 67
time 71
note_on 64
velocity 78
time 2
note_on 52
velocity 59
time 13
note_off 53
time 0
note_off 52
time 76
note_on 53
velocity 54
time 21
note_off 64
time 8
note_on 62
velocity 74
time 9
note_on 52
velocity 57
time 0
note_off 53
time 7
note_off 62
time 56
note_on 64
velocity 78
time 0
note_off 52
time 5
note_on 53
velocity 55
time 34
note_off 64
time 58
note_on 52
velocity 54
time 14
note_off 53
time 11
note_on 67
velocity 70
time 0
note_off 52
time 60
note_on 53
velocity 58
time 26
note_off 67
time 36
note_on 60
velocity 68
time 6
note_on 52
velocity 56
time 32
note_off 53
time 13
note_off 52
time 48
note_off 60
time 18
note_on 64
velocity 72
time 0
note_on 53
velocity 54
time 9
note_on 52
velocity 58
time 90
note_off 53
time 0
note_on 67
velocity 72
time 20
note_off 64
time 11
note_on 53
velocity 36
time 44
note_off 67
time 51
note_off 52
time 7
note_on 70
velocity 74
time 0
note_on 50
velocity 50
time 93
note_off 70
time 5
note_on 69
velocity 69
time 8
note_off 53
time 79
note_on 52
velocity 59
time 14
note_off 50
time 23
note_on 67
velocity 74
time 2
note_off 69
time 31
note_off 67
time 4
note_off 52
time 65
note_on 55
velocity 64
time 16
note_on 74
velocity 71
time 40
note_on 73
velocity 71
time 52
note_off 74
time 7
note_off 55
time 25
note_on 52
velocity 73
time 7
note_on 71
velocity 77
time 33
note_off 73
time 0
note_on 73
velocity 64
time 64
note_off 71
time 4
note_off 52
time 18
note_on 49
velocity 71
time 4
note_off 73
time 36
note_on 74
velocity 70
time 9
note_on 73
velocity 73
time 82
note_off 74
time 5
note_on 47
velocity 69
time 4
note_off 49
time 0
note_off 73
time 42
note_on 74
velocity 53
time 22
note_on 49
velocity 71
time 54
note_off 47
time 13
note_on 73
velocity 70
time 0
note_off 74
time 6
note_off 73
time 40
note_on 74
velocity 62
time 28
note_off 49
time 29
note_on 52
velocity 71
time 5
note_on 73
velocity 77
time 36
note_off 74
time 0
note_off 73
time 47
note_on 74
velocity 66
time 30
note_off 52
time 25
note_on 45
velocity 69
time 13
note_on 73
velocity 73
time 25
note_off 74
time 7
note_off 73
time 40
note_on 74
velocity 60
time 28
note_on 49
velocity 66
time 22
note_off 45
time 5
note_on 73
velocity 76
time 43
note_off 74
time 3
note_off 73
time 46
note_on 52
velocity 73
time 9
note_off 49
time 4
note_on 74
velocity 59
time 13
note_on 73
velocity 69
time 69
note_off 52
time 15
note_on 55
velocity 75
time 11
note_off 73
time 19
note_on 73
velocity 78
time 76
note_off 74
time 10
note_on 53
velocity 71
time 2
note_off 55
time 8
note_off 73
time 55
note_on 71
velocity 74
time 9
note_off 53
time 32
note_on 52
velocity 64
time 4
note_off 52
time 38
note_on 73
velocity 75
time 4
note_off 71
time 7
note_on 52
velocity 63
time 88
note_off 73
time 5
note_on 74
velocity 78
time 0
note_on 53
velocity 63
time 86
note_off 52
time 11
note_on 69
velocity 68
time 38
note_off 74
time 0
note_off 53
time 27
note_on 55
velocity 61
time 23
note_on 65
velocity 74
time 63
note_off 69
time 9
note_on 53
velocity 63
time 7
note_off 55
time 7
note_off 53
time 82
note_off 65
time 20
note_on 55
velocity 60
time 4
note_on 64
velocity 77
time 5
note_on 53
velocity 59
time 42
note_off 55
time 7
note_on 65
velocity 75
time 45
note_off 64
time 18
note_off 53
time 12
note_on 55
velocity 58
time 25
note_on 53
velocity 51
time 42
note_off 65
time 0
note_on 69
velocity 70
time 0
note_off 55
time 13
note_off 53
time 69
note_on 55
velocity 60
time 26
note_on 62
velocity 75
time 32
note_off 69
time 4
note_on 53
velocity 55
time 35
note_off 55
time 9
note_off 62
time 65
note_on 65
velocity 70
time 0
note_off 53
time 5
note_on 55
velocity 54
time 23
note_on 53
velocity 55
time 67
note_off 55
time 5
note_on 69
velocity 72
time 31
note_off 65
time 26
note_off 53
time 10
note_on 55
velocity 55
time 23
note_off 69
time 43
note_on 72
velocity 75
time 7
note_on 53
velocity 59
time 27
note_off 55
time 4
note_off 53
time 87
note_on 55
velocity 60
time 8
note_on 70
velocity 73
time 4
note_off 72
time 5
note_on 52
velocity 43
time 69
note_off 55
time 15
note_off 70
time 27
note_on 69
velocity 63
time 5
note_on 53
velocity 63
time 10
note_off 52
time 42
note_off 69
time 64
note_on 55
velocity 66
time 13
note_on 70
velocity 69
time 4
note_off 53
time 5
note_off 55
time 36
note_on 67
velocity 64
time 92
note_off 70
time 9
note_on 64
velocity 71
time 23
note_off 67
time 9
note_on 58
velocity 68
time 9
note_off 58
time 44
note_off 64
time 48
note_on 62
velocity 64
time 23
note_on 55
velocity 62
time 136
note_on 64
velocity 71
time 0
note_off 62
time 5
note_off 55
time 34
note_off 64
time 76
note_on 67
velocity 61
time 17
note_off 67
time 109
note_on 52
velocity 64
time 15
note_on 60
velocity 62
time 14
note_off 52
time 27
note_on 64
velocity 67
time 85
note_off 60
time 4
note_on 48
velocity 68
time 112
note_on 67
velocity 70
time 11
note_off 64
time 26
note_off 48
time 4
note_off 67
time 85
note_on 70
velocity 68
time 5
note_on 52
velocity 75
time 113
note_on 69
velocity 68
time 7
note_off 52
time 37
note_off 70
time 18
note_on 67
velocity 69
time 65
note_off 69
time 15
note_on 53
velocity 72
time 119
note_off 67
time 0
note_on 69
velocity 72
time 9
note_off 53
time 36
note_on 65
velocity 62
time 89
note_off 69
time 0
note_off 65
time 134
note_on 57
velocity 69
time 4
note_on 62
velocity 66
time 0
note_off 57
time 43
note_off 62
time 64
note_on 61
velocity 67
time 9
note_on 53
velocity 67
time 127
note_off 61
time 3
note_on 62
velocity 73
time 5
note_off 53
time 31
note_off 62
time 59
note_on 65
velocity 72
time 17
note_on 50
velocity 66
time 144
note_off 65
time 4
note_on 58
velocity 67
time 7
note_off 50
time 38
note_off 58
time 36
note_on 62
velocity 65
time 34
note_off 62
time 134
note_on 46
velocity 63
time 4
note_on 65
velocity 69
time 0
note_off 46
time 41
note_off 65
time 66
note_on 69
velocity 66
time 2
note_on 67
velocity 70
time 136
note_on 50
velocity 64
time 4
note_off 69
time 7
note_off 50
time 14
note_on 65
velocity 66
time 78
note_off 67
time 0
note_off 65
time 140
note_on 52
velocity 64
time 4
note_on 67
velocity 68
time 0
note_off 52
time 54
note_on 64
velocity 68
time 66
note_off 67
time 0
note_on 61
velocity 65
time 120
note_off 64
time 0
note_on 55
velocity 63
time 13
note_off 55
time 51
note_off 61
time 54
note_on 59
velocity 63
time 18
note_on 52
velocity 69
time 113
note_on 61
velocity 66
time 13
note_off 59
time 13
note_off 52
time 9
note_off 61
time 90
note_on 64
velocity 69
time 9
note_off 64
time 105
note_on 49
velocity 63
time 21
note_on 57
velocity 65
time 19
note_off 49
time 35
note_on 61
velocity 59
time 73
note_off 57
time 4
note_off 61
time 120
note_on 45
velocity 57
time 4
note_on 64
velocity 72
time 0
note_off 45
time 40
note_off 64
time 61
note_on 67
velocity 68
time 6
note_on 49
velocity 60
time 152
note_on 65
velocity 61
time 0
note_off 67
time 30
note_off 49
time 5
note_on 64
velocity 65
time 76
note_off 65
time 9
note_off 64
time 128
note_on 50
velocity 52
time 13
note_on 65
velocity 60
time 9
note_off 65
time 64
note_off 50
time 47
note_on 45
velocity 43
time 34
note_off 45
time 109
note_on 69
velocity 65
time 4
note_on 41
velocity 61
time 5
note_off 69
time 36
note_off 41
time 72
note_on 40
velocity 46
time 22
note_off 40
time 107
note_on 41
velocity 57
time 6
note_on 74
velocity 71
time 8
note_off 74
time 38
note_off 41
time 36
note_on 45
velocity 55
time 27
note_off 45
time 92
note_on 69
velocity 69
time 9
note_on 38
velocity 51
time 4
note_off 69
time 41
note_off 38
time 63
note_on 41
velocity 55
time 4
note_off 41
time 104
note_on 45
velocity 55
time 7
note_on 65
velocity 70
time 30
note_off 65
time 50
note_off 45
time 16
note_on 48
velocity 57
time 27
note_off 48
time 130
note_on 46
velocity 60
time 11
note_on 62
velocity 68
time 10
note_off 62
time 40
note_off 46
time 55
note_on 45
velocity 56
time 13
note_off 45
time 116
note_on 50
velocity 55
time 26
note_on 67
velocity 71
time 10
note_off 67
time 48
note_off 50
time 40
note_on 46
velocity 60
time 25
note_off 46
time 118
note_on 43
velocity 66
time 8
note_on 70
velocity 78
time 14
note_off 70
time 45
note_on 42
velocity 61
time 58
note_off 43
time 8
note_on 43
velocity 61
time 130
note_off 42
time 5
note_on 74
velocity 78
time 14
note_off 74
time 65
note_off 43
time 28
note_on 46
velocity 64
time 13
note_off 46
time 131
note_on 38
velocity 63
time 8
note_on 70
velocity 81
time 9
note_off 70
time 71
note_off 38
time 44
note_on 43
velocity 60
time 4
note_on 67
velocity 81
time 139
note_on 46
velocity 67
time 4
note_off 43
time 16
note_off 67
time 26
note_off 46
time 48
note_on 50
velocity 64
time 15
note_off 50
time 125
note_on 49
velocity 63
time 4
note_on 62
velocity 75
time 18
note_off 62
time 47
note_on 47
velocity 65
time 41
note_off 49
time 8
note_off 47
time 118
note_on 49
velocity 64
time 32
note_on 67
velocity 78
time 13
note_off 67
time 64
note_off 49
time 50
note_on 46
velocity 68
time 9
note_on 44
velocity 74
time 118
note_off 46
time 0
note_on 73
velocity 85
time 19
note_off 73
time 75
note_on 42
velocity 65
time 30
note_off 44
time 9
note_on 43
velocity 55
time 114
note_off 42
time 3
note_on 76
velocity 82
time 14
note_off 76
time 76
note_off 43
time 5
note_on 46
velocity 65
time 14
note_off 46
time 125
note_on 73
velocity 83
time 15
note_on 38
velocity 62
time 7
note_off 73
time 8
note_off 38
time 33
note_on 43
velocity 65
time 6
note_on 67
velocity 83
time 16
note_off 43
time 4
note_on 49
velocity 66
time 0
note_off 67
time 53
note_off 49
time 37
note_on 52
velocity 64
time 4
note_on 50
velocity 65
time 146
note_on 64
velocity 79
time 21
note_off 52
time 28
note_on 52
velocity 17
time 5
note_off 64
time 5
note_off 52
time 42
note_off 50
time 10
note_on 49
velocity 65
time 4
note_off 49
time 162
note_on 50
velocity 67
time 4
note_on 74
velocity 68
time 7
note_off 50
time 30
note_off 74
time 90
note_on 69
velocity 61
time 6
note_on 65
velocity 67
time 122
note_off 69
time 0
note_on 53
velocity 66
time 15
note_off 53
time 38
note_on 64
velocity 71
time 76
note_off 65
time 0
note_on 65
velocity 76
time 127
note_on 57
velocity 75
time 7
note_off 64
time 2
note_off 57
time 11
note_off 65
time 61
note_on 69
velocity 72
time 0
note_on 53
velocity 77
time 152
note_on 62
velocity 72
time 0
note_off 69
time 2
note_off 53
time 40
note_on 65
velocity 73
time 61
note_off 62
time 14
note_on 69
velocity 77
time 121
note_on 50
velocity 73
time 17
note_off 65
time 5
note_off 50
time 40
note_off 69
time 44
note_on 72
velocity 78
time 5
note_on 53
velocity 76
time 141
note_on 70
velocity 76
time 4
note_off 72
time 0
note_off 53
time 39
note_off 70
time 56
note_on 69
velocity 73
time 13
note_off 69
time 138
note_on 77
velocity 74
time 16
note_on 38
velocity 69
time 4
note_off 38
time 55
note_on 74
velocity 77
time 70
note_off 77
time 31
note_on 41
velocity 81
time 84
note_off 74
time 18
note_on 70
velocity 82
time 5
note_off 41
time 31
note_on 69
velocity 74
time 86
note_off 70
time 13
note_on 46
velocity 81
time 11
note_on 70
velocity 83
time 23
note_off 69
time 13
note_off 46
time 22
note_off 70
time 72
note_on 74
velocity 74
time 13
note_on 50
velocity 75
time 131
note_on 65
velocity 71
time 20
note_off 74
time 0
note_on 70
velocity 79
time 92
note_off 65
time 13
note_off 70
time 12
note_on 74
velocity 84
time 0
note_on 77
velocity 86
time 17
note_off 74
time 4
note_off 50
time 0
note_on 76
velocity 80
time 108
note_off 77
time 23
note_on 74
velocity 81
time 9
note_off 76
time 11
note_off 74
time 9
note_on 62
velocity 67
time 13
note_on 81
velocity 71
time 9
note_on 80
velocity 74
time 0
note_off 81
time 11
note_off 80
time 0
note_on 59
velocity 62
time 4
note_off 62
time 0
note_on 78
velocity 78
time 0
note_on 80
velocity 75
time 7
note_off 78
time 15
note_off 59
time 9
note_on 56
velocity 68
time 0
note_off 80
time 9
note_on 81
velocity 71
time 5
note_off 56
time 20
note_on 54
velocity 66
time 0
note_on 80
velocity 79
time 0
note_off 81
time 5
note_off 80
time 10
note_on 81
velocity 60
time 4
note_on 56
velocity 67
time 36
note_on 80
velocity 79
time 16
note_off 81
time 2
note_off 54
time 7
note_off 80
time 35
note_off 56
time 34
note_on 81
velocity 67
time 4
note_on 59
velocity 68
time 7
note_off 81
time 36
note_on 80
velocity 83
time 0
note_off 80
time 4
note_off 59
time 9
note_on 81
velocity 65
time 4
note_on 52
velocity 73
time 14
note_off 81
time 12
note_on 80
velocity 79
time 9
note_off 80
time 0
note_on 81
velocity 64
time 17
note_off 52
time 7
note_on 56
velocity 61
time 0
note_on 80
velocity 85
time 33
note_off 81
time 0
note_off 80
time 0
note_on 59
velocity 64
time 4
note_off 56
time 5
note_on 81
velocity 62
time 12
note_off 59
time 8
note_on 80
velocity 77
time 4
note_on 62
velocity 70
time 14
note_off 80
time 23
note_off 62
time 52
note_on 61
velocity 65
time 4
note_on 80
velocity 77
time 11
note_off 81
time 18
note_off 61
time 58
note_off 80
time 1
note_on 59
velocity 62
time 4
note_on 78
velocity 74
time 5
note_off 59
time 29
note_on 80
velocity 74
time 10
note_off 78
time 5
note_on 59
velocity 62
time 15
note_off 80
time 18
note_on 81
velocity 75
time 3
note_off 59
time 15
note_on 61
velocity 57
time 5
note_off 81
time 0
note_on 76
velocity 72
time 4
note_off 61
time 5
note_on 62
velocity 64
time 6
note_on 73
velocity 80
time 29
note_on 61
velocity 61
time 0
note_off 62
time 0
note_off 76
time 0
note_off 61
time 40
note_on 62
velocity 63
time 4
note_off 73
time 8
note_on 71
velocity 75
time 0
note_on 61
velocity 61
time 47
note_off 62
time 2
note_on 73
velocity 83
time 23
note_off 61
time 20
note_off 71
time 5
note_on 62
velocity 62
time 10
note_on 61
velocity 60
time 79
note_off 62
time 11
note_on 76
velocity 82
time 0
note_off 73
time 6
note_off 61
time 64
note_on 62
velocity 59
time 19
note_off 76
time 41
note_on 69
velocity 76
time 9
note_on 61
velocity 58
time 13
note_off 62
time 16
note_off 61
time 57
note_on 73
velocity 78
time 18
note_on 62
velocity 54
time 5
note_off 69
time 9
note_on 61
velocity 55
time 47
note_off 62
time 13
note_on 76
velocity 81
time 43
note_off 61
time 14
note_off 73
time 7
note_on 62
velocity 54
time 31
note_on 61
velocity 48
time 59
note_off 62
time 0
note_on 79
velocity 83
time 2
note_off 76
time 7
note_off 61
time 43
note_on 62
velocity 61
time 27
note_on 78
velocity 79
time 52
note_off 79
time 29
note_off 62
time 14
note_on 61
velocity 51
time 35
note_on 59
velocity 51
time 6
note_on 76
velocity 79
time 35
note_off 59
time 21
note_off 78
time 0
note_off 76
time 23
note_off 61
time 56
note_on 60
velocity 63
time 14
note_on 76
velocity 69
time 23
note_on 78
velocity 72
time 39
note_off 76
time 30
note_off 60
time 44
note_off 78
time 5
note_on 57
velocity 65
time 11
note_on 79
velocity 74
time 0
note_off 79
time 79
note_on 78
velocity 74
time 2
note_off 57
time 46
note_on 54
velocity 68
time 5
note_off 78
time 28
note_on 79
velocity 69
time 0
note_on 78
velocity 69
time 73
note_off 79
time 0
note_off 54
time 12
note_on 52
velocity 70
time 7
note_off 78
time 53
note_on 79
velocity 62
time 4
note_on 54
velocity 75
time 72
note_on 78
velocity 68
time 0
note_off 79
time 0
note_off 52
time 11
note_off 78
time 47
note_on 79
velocity 59
time 4
note_off 54
time 42
note_on 57
velocity 72
time 7
note_on 78
velocity 69
time 20
note_off 79
time 5
note_off 78
time 65
note_on 79
velocity 62
time 4
note_off 57
time 40
note_on 50
velocity 70
time 9
note_on 78
velocity 67
time 15
note_off 79
time 4
note_off 78
time 67
note_on 79
velocity 61
time 4
note_on 54
velocity 67
time 33
note_off 50
time 16
note_on 78
velocity 68
time 13
note_off 79
time 0
note_off 78
time 69
note_on 79
velocity 59
time 10
note_on 57
velocity 71
time 19
note_off 54
time 9
note_on 78
velocity 64
time 17
note_off 79
time 6
note_off 78
time 62
note_off 57
time 6
note_on 79
velocity 67
time 7
note_on 60
velocity 64
time 4
note_on 78
velocity 65
time 63
note_off 79
time 13
note_off 60
time 41
note_on 59
velocity 61
time 7
note_off 78
time 27
note_on 76
velocity 72
time 18
note_off 59
time 42
note_on 57
velocity 52
time 15
note_off 57
time 32
note_on 78
velocity 65
time 5
note_off 76
time 4
note_on 79
velocity 73
time 89
note_on 57
velocity 61
time 4
note_off 78
time 2
note_on 59
velocity 59
time 90
note_off 57
time 8
note_off 79
time 37
note_on 74
velocity 69
time 8
note_off 59
time 9
note_on 60
velocity 58
time 26
note_off 74
time 60
note_on 59
velocity 60
time 5
note_off 60
time 0
note_on 71
velocity 73
time 0
note_off 59
time 61
note_on 60
velocity 54
time 31
note_off 71
time 17
note_on 69
velocity 68
time 9
note_on 59
velocity 61
time 56
note_off 60
time 0
note_off 59
time 64
note_on 71
velocity 77
time 5
note_off 69
time 18
note_on 60
velocity 57
time 12
note_off 60
time 77
note_on 59
velocity 58
time 5
note_off 71
time 0
note_on 74
velocity 71
time 9
note_off 59
time 44
note_on 60
velocity 55
time 31
note_off 74
time 54
note_on 67
velocity 72
time 4
note_on 59
velocity 57
time 17
note_off 60
time 5
note_off 59
time 48
note_on 60
velocity 52
time 31
note_off 67
time 18
note_on 71
velocity 72
time 0
note_on 59
velocity 62
time 63
note_off 60
time 0
note_off 59
time 58
note_on 74
velocity 74
time 10
note_off 71
time 5
note_on 60
velocity 52
time 14
note_on 59
velocity 56
time 76
note_off 60
time 0
note_off 74
time 5
note_on 77
velocity 72
time 4
note_off 59
time 85
note_on 60
velocity 56
time 16
note_on 75
velocity 71
time 23
note_off 77
time 17
note_on 57
velocity 58
time 40
note_off 60
time 12
note_on 74
velocity 68
time 50
note_off 75
time 3
note_off 57
time 40
note_on 59
velocity 60
time 6
note_off 74
time 71
note_on 60
velocity 68
time 7
note_off 59
time 4
note_on 75
velocity 70
time 7
note_off 60
time 33
note_on 72
velocity 67
time 101
note_off 75
time 14
note_on 69
velocity 64
time 118
note_off 72
time 4
note_on 63
velocity 65
time 7
note_off 63
time 42
note_off 69
time 55
note_on 67
velocity 55
time 26
note_on 60
velocity 65
time 126
note_on 69
velocity 60
time 2
note_off 67
time 23
note_off 60
time 13
note_off 69
time 78
note_on 72
velocity 70
time 8
note_off 72
time 109
note_on 57
velocity 69
time 28
note_on 65
velocity 59
time 12
note_off 57
time 29
note_on 69
velocity 61
time 80
note_off 65
time 7
note_on 72
velocity 72
time 121
note_on 53
velocity 64
time 7
note_off 69
time 8
note_off 53
time 33
note_off 72
time 81
note_on 75
velocity 67
time 8
note_on 74
velocity 70
time 114
note_on 57
velocity 73
time 13
note_off 75
time 35
note_off 57
time 6
note_on 72
velocity 71
time 77
note_off 74
time 8
note_off 72
time 113
note_on 58
velocity 71
time 9
note_on 74
velocity 71
time 14
note_off 58
time 28
note_on 70
velocity 72
time 71
note_off 74
time 7
note_off 70
time 125
note_on 67
velocity 69
time 5
note_on 62
velocity 62
time 15
note_off 62
time 43
note_off 67
time 53
note_on 66
velocity 74
time 13
note_on 67
velocity 72
time 128
note_on 58
velocity 70
time 6
note_off 66
time 9
note_off 58
time 29
note_off 67
time 79
note_on 70
velocity 74
time 0
note_on 55
velocity 67
time 135
note_on 63
velocity 69
time 9
note_off 70
time 25
note_off 55
time 9
note_off 63
time 45
note_on 67
velocity 65
time 37
note_on 70
velocity 76
time 130
note_on 51
velocity 64
time 9
note_off 67
time 9
note_off 51
time 34
note_on 74
velocity 71
time 64
note_off 70
time 9
note_on 72
velocity 67
time 130
note_on 55
velocity 63
time 4
note_off 74
time 43
note_off 55
time 4
note_on 70
velocity 62
time 57
note_off 72
time 2
note_off 70
time 136
note_on 57
velocity 67
time 6
note_on 72
velocity 73
time 0
note_off 57
time 41
note_on 69
velocity 61
time 102
note_off 72
time 6
note_on 66
velocity 70
time 107
note_off 69
time 5
note_on 60
velocity 49
time 29
note_off 60
time 30
note_off 66
time 54
note_on 64
velocity 63
time 11
note_on 57
velocity 59
time 127
note_on 66
velocity 70
time 2
note_off 64
time 8
note_off 57
time 30
note_off 66
time 87
note_on 69
velocity 61
time 0
note_on 54
velocity 65
time 107
note_off 69
time 2
note_on 62
velocity 61
time 18
note_off 54
time 21
note_off 62
time 85
note_on 66
velocity 67
time 4
note_on 69
velocity 64
time 136
note_on 50
velocity 60
time 5
note_off 66
time 30
note_off 50
time 9
note_off 69
time 63
note_on 72
velocity 72
time 4
note_on 54
velocity 66
time 142
note_on 70
velocity 58
time 5
note_off 72
time 19
note_off 54
time 11
note_on 69
velocity 58
time 81
note_off 70
time 17
note_off 69
time 21
note_on 55
velocity 59
time 92
note_on 69
velocity 61
time 0
note_on 70
velocity 62
time 57
note_off 69
time 16
note_off 55
time 36
note_on 50
velocity 57
time 25
note_off 70
time 0
note_on 72
velocity 63
time 4
note_on 70
velocity 65
time 79
note_off 72
time 6
note_off 50
time 9
note_on 46
velocity 63
time 16
note_off 70
time 46
note_on 72
velocity 65
time 9
note_off 46
time 47
note_on 45
velocity 57
time 17
note_on 70
velocity 63
time 4
note_off 72
time 5
note_off 70
time 72
note_on 72
velocity 62
time 10
note_off 45
time 38
note_on 46
velocity 63
time 2
note_on 70
velocity 60
time 15
note_off 72
time 0
note_off 70
time 77
note_off 46
time 7
note_on 72
velocity 69
time 0
note_on 50
velocity 61
time 9
note_on 70
velocity 63
time 58
note_off 72
time 4
note_off 50
time 59
note_off 70
time 17
note_on 72
velocity 63
time 0
note_on 43
velocity 62
time 7
note_on 70
velocity 60
time 55
note_off 72
time 4
note_on 46
velocity 65
time 73
note_off 70
time 5
note_on 72
velocity 64
time 0
note_off 43
time 31
note_off 72
time 38
note_on 70
velocity 66
time 2
note_on 50
velocity 63
time 45
note_off 46
time 15
note_off 70
time 22
note_on 72
velocity 63
time 10
note_on 70
velocity 63
time 62
note_off 72
time 4
note_off 50
time 5
note_on 53
velocity 68
time 13
note_off 70
time 58
note_on 72
velocity 63
time 9
note_on 52
velocity 76
time 46
note_off 53
time 7
note_on 70
velocity 67
time 28
note_off 72
time 0
note_on 50
velocity 75
time 84
note_off 70
time 4
note_off 52
time 9
note_on 72
velocity 59
time 29
note_on 64
velocity 71
time 43
note_off 50
time 3
note_off 72
time 8
note_on 48
velocity 71
time 21
note_on 70
velocity 63
time 0
note_off 70
time 81
note_on 72
velocity 65
time 22
note_off 48
time 30
note_on 43
velocity 67
time 11
note_off 72
time 9
note_on 70
velocity 56
time 5
note_off 70
time 65
note_off 43
time 20
note_on 40
velocity 64
time 9
note_on 72
velocity 69
time 0
note_off 72
time 55
note_on 70
velocity 64
time 5
note_off 40
time 47
note_on 38
velocity 63
time 11
note_off 70
time 9
note_on 72
velocity 62
time 31
note_on 70
velocity 63
time 46
note_off 72
time 5
note_on 40
velocity 62
time 18
note_off 38
time 29
note_off 70
time 6
note_on 72
velocity 68
time 36
note_off 40
time 21
note_on 43
velocity 68
time 13
note_off 72
time 13
note_on 70
velocity 58
time 4
note_off 70
time 60
note_on 72
velocity 64
time 34
note_off 43
time 11
note_on 36
velocity 71
time 21
note_off 72
time 21
note_on 70
velocity 65
time 3
note_off 70
time 56
note_off 36
time 45
note_on 72
velocity 56
time 0
note_on 43
velocity 71
time 4
note_on 70
velocity 56
time 60
note_off 43
time 11
note_on 48
velocity 62
time 22
note_off 70
time 14
note_off 48
time 90
note_on 52
velocity 59
time 17
note_on 70
velocity 53
time 0
note_off 72
time 45
note_off 70
time 27
note_on 50
velocity 47
time 12
note_on 69
velocity 54
time 0
note_off 52
time 14
note_off 64
time 28
note_on 70
velocity 63
time 28
note_off 69
time 37
note_on 48
velocity 63
time 14
note_off 50
time 4
note_off 70
time 9
note_on 69
velocity 63
time 71
note_off 48
time 25
note_on 63
velocity 67
time 0
note_on 53
velocity 63
time 29
note_off 63
time 22
note_on 65
velocity 60
time 17
note_off 53
time 63
note_off 65
time 23
note_on 48
velocity 63
time 4
note_on 63
velocity 65
time 17
note_off 63
time 50
note_on 65
velocity 55
time 9
note_off 48
time 8
note_on 45
velocity 60
time 21
note_off 65
time 35
note_on 63
velocity 65
time 31
note_off 45
time 21
note_off 63
time 14
note_on 43
velocity 56
time 8
note_on 65
velocity 53
time 0
note_off 65
time 59
note_on 63
velocity 65
time 25
note_on 45
velocity 56
time 30
note_off 43
time 2
note_off 63
time 19
note_on 65
velocity 56
time 9
note_off 45
time 54
note_off 65
time 4
note_on 63
velocity 65
time 25
note_on 48
velocity 59
time 5
note_off 63
time 44
note_on 65
velocity 59
time 11
note_off 48
time 63
note_off 65
time 0
note_on 63
velocity 69
time 20
note_on 41
velocity 64
time 13
note_off 63
time 42
note_on 65
velocity 61
time 4
note_off 65
time 61
note_off 41
time 22
note_on 48
velocity 64
time 0
note_on 63
velocity 63
time 4
note_off 63
time 60
note_on 65
velocity 59
time 0
note_off 48
time 29
note_off 65
time 26
note_on 53
velocity 60
time 5
note_on 63
velocity 58
time 15
note_on 65
velocity 60
time 61
note_off 63
time 4
note_off 53
time 11
note_on 57
velocity 68
time 10
note_off 65
time 7
note_on 63
velocity 61
time 28
note_on 65
velocity 56
time 56
note_off 63
time 9
note_off 57
time 4
note_on 55
velocity 63
time 6
note_off 65
time 39
note_on 63
velocity 51
time 25
note_off 63
time 30
note_on 53
velocity 61
time 9
note_off 55
time 4
note_on 62
velocity 65
time 0
note_off 53
time 53
note_off 69
time 20
note_on 63
velocity 63
time 4
note_off 62
time 25
note_off 63
time 61
note_on 57
velocity 64
time 9
note_on 62
velocity 57
time 0
note_off 57
time 66
note_on 58
velocity 66
time 15
note_off 58
time 50
note_on 69
velocity 63
time 4
note_off 62
time 19
note_on 60
velocity 55
time 7
note_on 65
velocity 65
time 75
note_off 60
time 13
note_off 69
time 0
note_on 58
velocity 60
time 16
note_off 58
time 75
note_on 64
velocity 69
time 16
note_off 65
time 0
note_on 60
velocity 56
time 29
note_off 60
time 67
note_on 58
velocity 61
time 31
note_on 65
velocity 67
time 9
note_off 64
time 7
note_off 58
time 43
note_on 60
velocity 60
time 48
note_on 69
velocity 69
time 22
note_off 65
time 5
note_off 60
time 57
note_on 58
velocity 57
time 27
note_on 62
velocity 73
time 38
note_off 69
time 4
note_off 58
time 23
note_on 60
velocity 51
time 40
note_off 62
time 60
note_on 65
velocity 67
time 0
note_off 60
time 15
note_on 58
velocity 54
time 25
note_off 58
time 71
note_on 69
velocity 73
time 11
note_on 60
velocity 60
time 32
note_off 65
time 0
note_off 60
time 73
note_on 72
velocity 75
time 7
note_off 69
time 2
note_on 58
velocity 58
time 9
note_off 58
time 71
note_on 60
velocity 59
time 34
note_on 70
velocity 76
time 15
note_off 72
time 16
note_off 60
time 51
note_on 58
velocity 56
time 6
note_on 69
velocity 76
time 42
note_off 70
time 35
note_off 58
time 4
note_on 60
velocity 56
time 30
note_off 69
time 76
note_on 67
velocity 75
time 2
note_off 60
time 14
note_on 58
velocity 59
time 2
note_off 58
time 76
note_on 60
velocity 55
time 19
note_on 74
velocity 77
time 7
note_off 67
time 15
note_off 60
time 68
note_on 58
velocity 55
time 9
note_on 70
velocity 73
time 34
note_off 58
time 34
note_off 74
time 17
note_on 60
velocity 52
time 4
note_on 69
velocity 74
time 52
note_off 70
time 29
note_on 58
velocity 57
time 8
note_off 60
time 0
note_off 58
time 68
note_on 60
velocity 58
time 23
note_on 70
velocity 81
time 11
note_off 69
time 39
note_on 58
velocity 61
time 46
note_off 60
time 2
note_on 74
velocity 75
time 28
note_off 70
time 10
note_off 58
time 25
note_on 60
velocity 51
time 17
note_on 67
velocity 76
time 73
note_on 58
velocity 63
time 15
note_off 60
time 13
note_off 74
time 14
note_off 58
time 58
note_on 60
velocity 53
time 11
note_on 70
velocity 80
time 9
note_off 67
time 39
note_on 58
velocity 54
time 34
note_off 60
time 12
note_on 74
velocity 80
time 44
note_off 58
time 25
note_off 70
time 8
note_on 60
velocity 54
time 9
note_on 77
velocity 87
time 26
note_on 58
velocity 60
time 11
note_off 74
time 4
note_off 60
time 9
note_off 58
time 70
note_on 60
velocity 58
time 19
note_on 76
velocity 87
time 20
note_off 77
time 28
note_on 58
velocity 57
time 39
note_off 60
time 9
note_on 74
velocity 90
time 47
note_off 58
time 32
note_off 76
time 5
note_on 60
velocity 59
time 15
note_on 58
velocity 61
time 79
note_off 60
time 14
note_on 76
velocity 89
time 0
note_off 74
time 45
note_off 58
time 32
note_on 60
velocity 59
time 14
note_on 79
velocity 86
time 20
note_off 76
time 34
note_on 58
velocity 55
time 27
note_off 60
time 11
note_on 76
velocity 90
time 66
note_off 58
time 4
note_on 60
velocity 57
time 20
note_off 79
time 14
note_on 58
velocity 62
time 67
note_on 74
velocity 86
time 0
note_off 60
time 9
note_off 76
time 15
note_off 58
time 56
note_on 60
velocity 57
time 22
note_on 76
velocity 87
time 37
note_on 58
velocity 58
time 25
note_off 74
time 18
note_off 60
time 4
note_on 79
velocity 87
time 60
note_off 58
time 4
note_on 60
velocity 55
time 15
note_off 76
time 12
note_on 58
velocity 57
time 73
note_off 60
time 15
note_on 72
velocity 87
time 19
note_off 79
time 2
note_off 58
time 41
note_on 60
velocity 55
time 12
note_on 76
velocity 85
time 72
note_on 58
velocity 58
time 14
note_off 72
time 7
note_off 60
time 9
note_off 58
time 48
note_on 60
velocity 54
time 27
note_on 79
velocity 81
time 17
note_off 76
time 36
note_on 58
velocity 64
time 25
note_off 60
time 4
note_on 82
velocity 82
time 54
note_off 79
time 8
note_off 58
time 20
note_on 60
velocity 62
time 10
note_on 81
velocity 78
time 81
note_off 60
time 12
note_on 58
velocity 58
time 6
note_off 82
time 14
note_on 79
velocity 81
time 81
note_on 57
velocity 71
time 5
note_off 58
time 0
note_off 81
time 34
note_off 57
time 36
note_on 58
velocity 63
time 15
note_off 58
time 56
note_on 84
velocity 74
time 0
note_on 57
velocity 67
time 5
note_off 79
time 6
note_off 57
time 35
note_on 81
velocity 70
time 95
note_off 84
time 43
note_on 60
velocity 71
time 81
note_on 77
velocity 80
time 10
note_off 81
time 3
note_off 60
time 30
note_on 76
velocity 78
time 95
note_off 77
time 4
note_on 57
velocity 78
time 115
note_on 77
velocity 84
time 7
note_off 76
time 25
note_off 57
time 6
note_off 77
time 91
note_on 81
velocity 74
time 0
note_on 53
velocity 71
time 128
note_on 74
velocity 76
time 6
note_off 81
time 19
note_off 53
time 23
note_on 77
velocity 81
time 63
note_off 74
time 29
note_on 81
velocity 76
time 125
note_on 50
velocity 71
time 3
note_off 77
time 43
note_off 50
time 7
note_on 84
velocity 70
time 60
note_off 81
time 6
note_on 53
velocity 76
time 129
note_on 82
velocity 75
time 9
note_off 53
time 39
note_off 84
time 4
note_on 81
velocity 72
time 89
note_off 82
time 8
note_on 55
velocity 71
time 119
note_on 82
velocity 75
time 11
note_off 81
time 15
note_off 55
time 9
note_on 79
velocity 74
time 114
note_off 82
time 70
note_on 76
velocity 75
time 45
note_on 58
velocity 65
time 4
note_off 79
time 15
note_off 58
time 34
note_off 76
time 72
note_on 74
velocity 70
time 12
note_on 55
velocity 72
time 102
note_on 76
velocity 78
time 18
note_off 74
time 7
note_off 55
time 16
note_off 76
time 92
note_on 79
velocity 75
time 2
note_on 52
velocity 74
time 118
note_off 79
time 4
note_on 72
velocity 75
time 12
note_off 52
time 27
note_on 76
velocity 73
time 94
note_off 72
time 4
note_on 48
velocity 72
time 114
note_on 79
velocity 74
time 5
note_off 76
time 14
note_off 48
time 18
note_on 82
velocity 69
time 95
note_off 79
time 4
note_on 52
velocity 74
time 112
note_on 81
velocity 67
time 11
note_off 52
time 29
note_off 82
time 59
note_off 81
time 32
note_on 79
velocity 71
time 4
note_on 53
velocity 63
time 116
note_off 79
time 14
note_on 81
velocity 71
time 11
note_on 48
velocity 60
time 110
note_off 53
time 0
note_on 77
velocity 77
time 21
note_off 81
time 4
note_off 48
time 92
note_on 45
velocity 67
time 13
note_off 77
time 0
note_on 72
velocity 77
time 5
note_off 45
time 118
note_on 43
velocity 62
time 4
note_on 70
velocity 83
time 10
note_off 72
time 5
note_on 45
velocity 68
time 105
note_off 43
time 14
note_on 72
velocity 79
time 0
note_off 70
time 16
note_off 45
time 79
note_on 48
velocity 67
time 15
note_on 77
velocity 77
time 13
note_off 72
time 4
note_off 48
time 22
note_on 41
velocity 68
time 27
note_on 69
velocity 77
time 4
note_off 77
time 73
note_on 72
velocity 82
time 50
note_on 45
velocity 64
time 10
note_off 69
time 4
note_off 41
time 25
note_off 45
time 83
note_on 48
velocity 71
time 5
note_on 75
velocity 81
time 4
note_off 72
time 43
note_off 48
time 16
note_on 51
velocity 76
time 26
note_on 79
velocity 82
time 16
note_off 75
time 15
note_off 51
time 102
note_on 50
velocity 66
time 10
note_on 77
velocity 85
time 4
note_off 79
time 51
note_on 48
velocity 67
time 61
note_on 75
velocity 81
time 0
note_off 50
time 9
note_off 77
time 17
note_off 75
time 41
note_off 48
time 73
note_on 53
velocity 66
time 11
note_on 75
velocity 79
time 5
note_off 75
time 55
note_on 74
velocity 77
time 8
note_off 53
time 29
note_on 50
velocity 65
time 12
note_on 75
velocity 71
time 21
note_off 74
time 2
note_off 75
time 61
note_on 74
velocity 72
time 16
note_off 50
time 6
note_on 46
velocity 66
time 13
note_off 74
time 52
note_on 75
velocity 71
time 4
note_off 75
time 44
note_off 46
time 9
note_on 74
velocity 70
time 6
note_on 45
velocity 61
time 7
note_on 75
velocity 73
time 51
note_off 74
time 11
note_off 75
time 40
note_off 45
time 6
note_on 46
velocity 64
time 0
note_on 74
velocity 68
time 9
note_on 75
velocity 75
time 47
note_off 74
time 6
note_off 46
time 32
note_on 50
velocity 60
time 20
note_on 74
velocity 70
time 2
note_off 75
time 18
note_off 50
time 100
note_on 41
velocity 63
time 52
note_on 46
velocity 56
time 103
note_off 41
time 14
note_on 72
velocity 74
time 11
note_off 74
time 23
note_on 70
velocity 78
time 73
note_on 50
velocity 59
time 14
note_off 46
time 18
note_off 72
time 9
note_on 69
velocity 80
time 81
note_off 50
time 5
note_off 70
time 7
note_on 53
velocity 63
time 9
note_on 67
velocity 86
time 117
note_on 52
velocity 69
time 17
note_off 53
time 0
note_off 69
time 5
note_on 65
velocity 78
time 107
note_off 67
time 4
note_on 50
velocity 70
time 7
note_off 52
time 4
note_off 65
time 28
note_off 50
time 73
note_on 52
velocity 70
time 26
note_on 70
velocity 88
time 7
note_off 70
time 66
note_off 52
time 41
note_on 48
velocity 68
time 4
note_on 46
velocity 69
time 135
note_off 48
time 4
note_on 79
velocity 92
time 16
note_off 79
time 77
note_off 46
time 25
note_on 45
velocity 62
time 7
note_off 45
time 145
note_on 46
velocity 69
time 0
note_on 76
velocity 91
time 9
note_off 76
time 72
note_off 46
time 14
note_on 52
velocity 61
time 17
note_off 52
time 132
note_on 43
velocity 63
time 18
note_on 72
velocity 91
time 6
note_off 72
time 62
note_on 46
velocity 65
time 66
note_off 43
time 20
note_on 70
velocity 86
time 123
note_on 52
velocity 68
time 2
note_off 46
time 5
note_off 70
time 37
note_off 52
time 69
note_on 55
velocity 66
time 12
note_on 53
velocity 73
time 144
note_off 55
time 4
note_on 79
velocity 82
time 0
note_off 79
time 63
note_on 52
velocity 72
time 60
note_off 53
time 0
note_off 52
time 157
note_on 53
velocity 72
time 2
note_on 69
velocity 70
time 11
note_off 53
time 66
note_on 67
velocity 72
time 70
note_off 69
time 53
note_on 65
velocity 79
time 85
note_on 45
velocity 76
time 5
note_off 67
time 27
note_off 45
time 25
note_on 64
velocity 78
time 83
note_off 65
time 9
note_on 65
velocity 77
time 135
note_on 50
velocity 75
time 4
note_off 64
time 11
note_off 50
time 33
note_off 65
time 76
note_on 69
velocity 70
time 4
note_on 45
velocity 67
time 0
note_off 69
time 2
note_on 62
velocity 77
time 26
note_on 46
velocity 72
time 16
note_off 45
time 5
note_off 46
time 59
note_on 48
velocity 67
time 9
note_on 65
velocity 71
time 10
note_off 62
time 4
note_on 46
velocity 66
time 39
note_off 48
time 6
note_off 65
time 58
note_on 62
velocity 72
time 12
note_off 46
time 4
note_on 48
velocity 58
time 0
note_on 46
velocity 56
time 66
note_on 58
velocity 77
time 77
note_on 45
velocity 67
time 7
note_off 46
time 8
note_off 48
time 34
note_off 62
time 4
note_on 46
velocity 51
time 35
note_off 45
time 16
note_on 48
velocity 62
time 35
note_off 46
time 17
note_on 55
velocity 74
time 0
note_off 58
time 28
note_on 64
velocity 81
time 142
note_off 55
time 68
note_on 41
velocity 67
time 104
note_off 48
time 3
note_on 65
velocity 73
time 4
note_off 64
time 5
note_on 58
velocity 73
time 179
note_on 57
velocity 80
time 194
note_off 58
time 0
note_off 65
time 13
note_on 55
velocity 73
time 173
note_off 57
time 19
note_on 57
velocity 70
time 182
note_off 55
time 29
note_off 57
time 191
note_on 60
velocity 64
time 0
note_on 53
velocity 58
time 255
note_off 60
time 84
note_off 41
time 119
note_on 48
velocity 51
time 20
note_on 45
velocity 51
time 248
note_off 48
time 7
note_on 48
velocity 47
time 292
note_off 45
time 4
note_on 41
velocity 50
time 412
note_off 53
time 35
note_off 48
time 12
note_off 41
time 993
note_on 60
velocity 64
time 1343
note_off 60
time 56
note_on 62
velocity 70
time 306
note_on 60
velocity 66
time 157
note_off 62
time 15
note_off 60
time 32
note_on 58
velocity 65
time 261
note_off 58
time 54
note_on 60
velocity 59
time 276
note_off 60
time 106
note_on 52
velocity 56
time 223
note_off 52
time 128
note_on 53
velocity 59
time 18
note_off 53
time 166
note_on 55
velocity 68
time 0
note_off 55
time 117
note_on 57
velocity 69
time 18
note_off 57
time 53
note_on 58
velocity 68
time 132
note_off 58
time 60
note_on 60
velocity 61
time 272
note_on 58
velocity 66
time 132
note_off 60
time 4
note_on 57
velocity 73
time 147
note_off 58
time 7
note_off 57
time 125
note_on 55
velocity 70
time 4
note_off 55
time 72
note_on 57
velocity 63
time 98
note_off 57
time 131
note_on 55
velocity 67
time 14
note_on 53
velocity 69
time 150
note_off 55
time 4
note_off 53
time 129
note_on 55
velocity 63
time 11
note_off 55
time 121
note_on 65
velocity 78
time 30
note_on 57
velocity 65
time 5
note_off 65
time 71
note_off 57
time 38
note_on 58
velocity 60
time 29
note_off 58
time 148
note_on 60
velocity 60
time 7
note_on 69
velocity 78
time 16
note_off 60
time 77
note_on 58
velocity 63
time 19
note_off 58
time 148
note_on 57
velocity 61
time 18
note_on 67
velocity 78
time 0
note_off 69
time 38
note_off 67
time 53
note_off 57
time 33
note_on 58
velocity 65
time 7
note_on 65
velocity 72
time 160
note_on 60
velocity 61
time 5
note_off 58
time 21
note_off 65
time 45
note_off 60
time 34
note_on 62
velocity 62
time 34
note_off 62
time 146
note_on 67
velocity 76
time 21
note_on 64
velocity 65
time 7
note_off 67
time 51
note_off 64
time 50
note_on 67
velocity 59
time 34
note_off 67
time 132
note_on 65
velocity 63
time 18
note_on 59
velocity 72
time 17
note_off 59
time 133
note_on 60
velocity 69
time 4
note_off 65
time 0
note_on 64
velocity 64
time 15
note_on 62
velocity 80
time 134
note_off 64
time 9
note_off 60
time 37
note_on 64
velocity 81
time 91
note_off 62
time 4
note_on 60
velocity 56
time 5
note_off 64
time 29
note_off 60
time 13
note_on 60
velocity 69
time 95
note_on 65
velocity 69
time 23
note_on 59
velocity 73
time 42
note_off 60
time 0
note_off 65
time 9
note_off 59
time 56
note_on 60
velocity 52
time 22
note_on 59
velocity 56
time 70
note_off 60
time 10
note_on 67
velocity 76
time 64
note_off 59
time 4
note_on 60
velocity 57
time 18
note_on 59
velocity 62
time 85
note_off 60
time 4
note_on 65
velocity 70
time 38
note_off 67
time 5
note_off 59
time 11
note_on 60
velocity 57
time 41
note_on 59
velocity 59
time 77
note_on 64
velocity 79
time 5
note_off 65
time 0
note_off 59
time 69
note_on 57
velocity 56
time 34
note_off 60
time 0
note_on 60
velocity 22
time 0
note_on 62
velocity 73
time 23
note_off 64
time 43
note_off 60
time 9
note_on 59
velocity 66
time 14
note_off 62
time 6
note_off 57
time 22
note_off 59
time 77
note_on 60
velocity 71
time 9
note_on 64
velocity 78
time 0
note_off 60
time 43
note_on 62
velocity 68
time 87
note_off 64
time 7
note_on 58
velocity 74
time 144
note_on 60
velocity 70
time 4
note_off 62
time 0
note_off 58
time 66
note_on 62
velocity 75
time 67
note_off 60
time 5
note_on 64
velocity 79
time 164
note_on 57
velocity 77
time 2
note_off 57
time 39
note_off 62
time 40
note_on 65
velocity 73
time 42
note_off 64
time 27
note_on 67
velocity 78
time 148
note_on 58
velocity 66
time 5
note_off 65
time 44
note_off 67
time 41
note_on 57
velocity 69
time 28
note_off 58
time 7
note_on 55
velocity 70
time 160
note_off 57
time 12
note_on 65
velocity 80
time 9
note_off 65
time 76
note_off 55
time 15
note_on 57
velocity 67
time 23
note_on 48
velocity 75
time 179
note_off 57
time 0
note_on 58
velocity 67
time 4
note_on 64
velocity 73
time 4
note_off 48
time 39
note_on 60
velocity 68
time 88
note_off 58
time 11
note_off 64
time 4
note_off 60
time 157
note_on 50
velocity 77
time 14
note_on 65
velocity 66
time 4
note_on 57
velocity 65
time 7
note_on 64
velocity 75
time 145
note_off 57
time 7
note_off 65
time 47
note_off 64
time 54
note_on 48
velocity 74
time 16
note_on 62
velocity 75
time 0
note_off 50
time 12
note_off 48
time 34
note_on 64
velocity 79
time 81
note_off 62
time 4
note_on 46
velocity 74
time 154
note_on 65
velocity 74
time 0
note_off 64
time 7
note_off 46
time 51
note_on 67
velocity 76
time 65
note_off 65
time 23
note_off 67
time 40
note_on 48
velocity 67
time 102
note_on 69
velocity 77
time 4
note_on 64
velocity 62
time 13
note_off 48
time 33
note_off 64
time 8
note_off 69
time 2
note_on 72
velocity 76
time 68
note_on 40
velocity 65
time 153
note_off 72
time 9
note_on 70
velocity 73
time 3
note_on 67
velocity 63
time 8
note_off 40
time 116
note_on 41
velocity 70
time 9
note_on 69
velocity 74
time 0
note_off 67
time 36
note_off 70
time 0
note_off 69
time 7
note_on 43
velocity 74
time 102
note_off 41
time 13
note_on 67
velocity 81
time 5
note_on 60
velocity 70
time 16
note_off 60
time 60
note_off 43
time 35
note_on 45
velocity 66
time 9
note_on 65
velocity 73
time 7
note_off 67
time 18
note_off 65
time 46
note_on 46
velocity 72
time 95
note_off 45
time 4
note_on 65
velocity 75
time 0
note_on 60
velocity 63
time 16
note_off 46
time 21
note_on 64
velocity 72
time 21
note_off 65
time 11
note_off 64
time 66
note_on 65
velocity 58
time 17
note_on 64
velocity 66
time 55
note_off 65
time 7
note_off 60
time 71
note_off 64
time 4
note_on 48
velocity 64
time 20
note_on 65
velocity 62
time 5
note_on 64
velocity 65
time 51
note_off 65
time 9
note_off 48
time 42
note_on 46
velocity 64
time 7
note_off 64
time 25
note_on 65
velocity 61
time 15
note_on 64
velocity 59
time 70
note_off 65
time 0
note_off 46
time 16
note_on 45
velocity 63
time 2
note_off 64
time 41
note_on 65
velocity 34
time 29
note_off 45
time 37
note_on 64
velocity 44
time 0
note_off 65
time 11
note_on 43
velocity 59
time 26
note_off 64
time 22
note_on 62
velocity 65
time 14
note_on 64
velocity 58
time 67
note_off 62
time 13
note_off 43
time 11
note_on 45
velocity 49
time 32
note_on 65
velocity 60
time 23
note_off 64
time 13
note_on 60
velocity 21
time 14
note_off 65
time 41
note_off 45
time 23
note_on 43
velocity 52
time 21
note_off 43
time 145
note_on 41
velocity 56
time 18
note_on 69
velocity 62
time 9
note_off 41
time 133
note_on 43
velocity 56
time 9
note_off 60
time 82
note_off 43
time 29
note_on 65
velocity 61
time 43
note_on 45
velocity 53
time 5
note_off 65
time 80
note_off 45
time 25
note_on 46
velocity 57
time 23
note_off 46
time 144
note_on 67
velocity 69
time 18
note_on 64
velocity 59
time 6
note_on 48
velocity 50
time 5
note_off 69
time 0
note_off 67
time 56
note_off 48
time 62
note_on 47
velocity 54
time 23
note_off 47
time 143
note_on 45
velocity 52
time 26
note_on 72
velocity 79
time 0
note_off 45
time 120
note_on 47
velocity 57
time 14
note_off 64
time 22
note_off 47
time 132
note_on 48
velocity 59
time 4
note_on 69
velocity 68
time 0
note_off 69
time 69
note_off 48
time 18
note_on 50
velocity 57
time 23
note_off 50
time 121
note_on 52
velocity 64
time 47
note_on 71
velocity 73
time 7
note_on 67
velocity 65
time 4
note_off 72
time 0
note_off 71
time 58
note_off 52
time 44
note_on 55
velocity 59
time 34
note_off 55
time 147
note_on 53
velocity 62
time 22
note_on 76
velocity 84
time 0
note_off 67
time 87
note_off 53
time 43
note_on 52
velocity 64
time 3
note_off 52
time 104
note_on 50
velocity 61
time 33
note_on 72
velocity 75
time 22
note_off 72
time 93
note_off 50
time 5
note_on 48
velocity 58
time 12
note_off 48
time 42
note_on 48
velocity 50
time 129
note_on 74
velocity 68
time 46
note_off 48
time 11
note_on 47
velocity 67
time 8
note_off 47
time 56
note_off 76
time 7
note_on 48
velocity 54
time 40
note_on 72
velocity 68
time 17
note_off 48
time 35
note_on 47
velocity 61
time 11
note_off 47
time 61
note_on 71
velocity 76
time 25
note_on 48
velocity 65
time 9
note_off 72
time 15
note_off 74
time 26
note_on 47
velocity 60
time 26
note_off 48
time 4
note_on 69
velocity 70
time 51
note_off 71
time 4
note_off 47
time 35
note_on 48
velocity 57
time 5
note_off 69
time 36
note_on 67
velocity 80
time 44
note_on 45
velocity 55
time 7
note_off 48
time 82
note_on 47
velocity 63
time 12
note_on 65
velocity 72
time 26
note_off 45
time 15
note_off 67
time 5
note_off 65
time 43
note_off 47
time 57
note_on 48
velocity 70
time 6
note_on 64
velocity 78
time 30
note_off 48
time 23
note_off 64
time 83
note_on 74
velocity 72
time 26
note_on 50
velocity 72
time 122
note_on 72
velocity 78
time 23
note_off 74
time 48
note_off 50
time 47
note_on 52
velocity 73
time 17
note_on 70
velocity 76
time 3
note_off 72
time 52
note_off 70
time 36
note_off 52
time 38
note_on 53
velocity 81
time 18
note_on 69
velocity 72
time 28
note_on 72
velocity 81
time 4
note_off 53
time 16
note_off 72
time 32
note_on 67
velocity 67
time 9
note_off 69
time 0
note_off 67
time 118
note_on 58
velocity 83
time 60
note_on 65
velocity 71
time 5
note_on 74
velocity 75
time 0
note_on 64
velocity 72
time 143
note_off 74
time 12
note_off 65
time 8
note_off 64
time 25
note_on 72
velocity 76
time 106
note_on 62
velocity 75
time 3
note_off 62
time 44
note_off 72
time 55
note_on 64
velocity 74
time 14
note_off 64
time 45
note_on 65
velocity 69
time 116
note_on 70
velocity 73
time 4
note_off 65
time 37
note_off 70
time 7
note_on 67
velocity 73
time 75
note_off 67
time 47
note_on 69
velocity 66
time 129
note_on 57
velocity 63
time 6
note_on 72
velocity 70
time 3
note_off 58
time 43
note_off 69
time 38
note_off 72
time 0
note_off 57
time 47
note_on 60
velocity 56
time 19
note_on 64
velocity 72
time 138
note_off 60
time 3
note_on 58
velocity 61
time 11
note_off 64
time 97
note_on 65
velocity 69
time 29
note_on 57
velocity 71
time 9
note_off 58
time 14
note_off 57
time 89
note_on 55
velocity 64
time 23
note_on 67
velocity 75
time 16
note_off 65
time 17
note_on 53
velocity 66
time 98
note_off 55
time 0
note_on 69
velocity 73
time 6
note_off 67
time 22
note_off 53
time 16
note_off 69
time 17
note_on 53
velocity 62
time 87
note_on 70
velocity 73
time 35
note_on 52
velocity 64
time 21
note_off 53
time 2
note_off 52
time 67
note_off 70
time 0
note_on 53
velocity 56
time 22
note_on 52
velocity 60
time 72
note_off 53
time 10
note_off 52
time 58
note_on 53
velocity 52
time 32
note_on 72
velocity 79
time 2
note_on 52
velocity 57
time 54
note_off 53
time 17
note_off 52
time 65
note_on 70
velocity 76
time 9
note_off 72
time 0
note_on 53
velocity 65
time 25
note_on 52
velocity 53
time 64
note_on 69
velocity 71
time 52
note_off 70
time 12
note_off 52
time 50
note_on 50
velocity 56
time 4
note_on 67
velocity 67
time 60
note_off 69
time 18
note_off 53
time 19
note_off 50
time 5
note_on 52
velocity 55
time 2
note_off 67
time 15
note_off 52
time 80
note_on 53
velocity 57
time 15
note_on 69
velocity 61
time 7
note_off 69
time 136
note_on 67
velocity 59
time 7
note_off 53
time 115
note_off 67
time 33
note_on 65
velocity 64
time 5
note_off 65
time 64
note_on 67
velocity 71
time 25
note_on 69
velocity 74
time 145
note_off 67
time 4
note_on 65
velocity 78
time 5
note_off 65
time 55
note_on 70
velocity 76
time 64
note_off 69
time 7
note_off 70
time 94
note_on 69
velocity 79
time 73
note_on 72
velocity 79
time 6
note_on 70
velocity 76
time 144
note_off 72
time 32
note_off 69
time 52
note_on 69
velocity 66
time 78
note_on 67
velocity 82
time 5
note_off 70
time 5
note_off 67
time 60
note_on 70
velocity 75
time 69
note_off 69
time 9
note_off 70
time 132
note_on 72
velocity 71
time 4
note_on 65
velocity 76
time 11
note_off 65
time 55
note_off 72
time 42
note_on 74
velocity 70
time 28
note_off 74
time 80
note_on 76
velocity 78
time 82
note_on 67
velocity 71
time 9
note_off 67
time 47
note_off 76
time 5
note_on 79
velocity 72
time 73
note_on 59
velocity 65
time 46
note_on 77
velocity 75
time 17
note_off 79
time 111
note_on 60
velocity 68
time 15
note_on 76
velocity 77
time 0
note_off 59
time 4
note_off 77
time 48
note_on 62
velocity 77
time 78
note_on 74
velocity 77
time 7
note_off 60
time 11
note_off 76
time 22
note_off 62
time 91
note_on 72
velocity 78
time 3
note_on 64
velocity 76
time 4
note_off 74
time 5
note_off 72
time 56
note_on 72
velocity 71
time 87
note_on 65
velocity 73
time 8
note_off 64
time 13
note_off 72
time 28
note_off 65
time 5
note_on 71
velocity 71
time 0
note_off 71
time 76
note_on 72
velocity 74
time 20
note_off 72
time 55
note_on 71
velocity 68
time 15
note_off 71
time 57
note_on 72
velocity 66
time 17
note_on 67
velocity 73
time 34
note_on 71
velocity 68
time 27
note_off 72
time 0
note_off 71
time 59
note_on 72
velocity 56
time 23
note_off 67
time 17
note_on 65
velocity 67
time 4
note_on 71
velocity 66
time 20
note_off 72
time 4
note_off 71
time 51
note_on 72
velocity 67
time 32
note_on 64
velocity 76
time 15
note_off 65
time 20
note_off 72
time 8
note_on 71
velocity 70
time 4
note_off 71
time 73
note_off 64
time 31
note_on 69
velocity 60
time 5
note_on 62
velocity 64
time 4
note_off 69
time 46
note_on 71
velocity 63
time 7
note_off 62
time 98
note_on 64
velocity 65
time 21
note_off 71
time 0
note_on 72
velocity 75
time 5
note_off 72
time 110
note_off 64
time 9
note_on 74
velocity 69
time 12
note_on 62
velocity 71
time 5
note_off 62
time 131
note_on 60
velocity 72
time 7
note_on 76
velocity 72
time 4
note_off 74
time 4
note_on 62
velocity 82
time 121
note_on 77
velocity 79
time 4
note_off 60
time 10
note_off 76
time 26
note_off 62
time 46
note_on 64
velocity 78
time 57
note_on 60
velocity 77
time 3
note_on 79
velocity 79
time 13
note_off 77
time 7
note_off 64
time 22
note_off 60
time 9
note_off 79
time 78
note_on 81
velocity 72
time 11
note_on 60
velocity 83
time 8
note_off 81
time 87
note_on 65
velocity 76
time 61
note_on 62
velocity 79
time 9
note_on 70
velocity 73
time 22
note_off 60
time 13
note_off 70
time 75
note_on 72
velocity 72
time 39
note_on 60
velocity 72
time 155
note_off 62
time 7
note_on 74
velocity 75
time 4
note_off 60
time 47
note_off 72
time 11
note_on 76
velocity 75
time 81
note_off 74
time 31
note_off 76
time 31
note_on 58
velocity 70
time 75
note_on 77
velocity 74
time 2
note_off 58
time 40
note_off 77
time 59
note_on 79
velocity 73
time 23
note_off 79
time 67
note_on 60
velocity 63
time 81
note_off 65
time 4
note_on 81
velocity 76
time 14
note_off 60
time 33
note_off 81
time 61
note_on 84
velocity 63
time 37
note_on 52
velocity 65
time 129
note_on 82
velocity 69
time 9
note_off 84
time 50
note_off 82
time 38
note_off 52
time 39
note_on 53
velocity 69
time 0
note_on 81
velocity 65
time 11
note_off 81
time 40
note_on 55
velocity 72
time 90
note_off 53
time 12
note_on 72
velocity 80
time 16
note_on 79
velocity 76
time 9
note_off 55
time 78
note_off 72
time 0
note_on 57
velocity 71
time 22
note_on 77
velocity 81
time 17
note_off 79
time 36
note_off 77
time 18
note_off 57
time 117
note_on 58
velocity 68
time 8
note_on 74
velocity 85
time 0
note_on 77
velocity 76
time 9
note_off 77
time 185
note_off 74
time 42
note_off 58
time 94
note_on 72
velocity 75
time 0
note_on 60
velocity 63
time 7
note_on 77
velocity 71
time 0
note_on 76
velocity 67
time 30
note_off 72
time 10
note_off 77
time 5
note_off 76
time 22
note_off 60
time 32
note_on 58
velocity 63
time 9
note_on 76
velocity 73
time 42
note_off 76
time 69
note_off 58
time 46
note_on 70
velocity 76
time 0
note_on 57
velocity 64
time 7
note_off 70
time 121
note_off 57
time 5
note_on 55
velocity 57
time 17
note_on 72
velocity 68
time 147
note_on 77
velocity 70
time 0
note_on 57
velocity 55
time 5
note_off 55
time 4
note_off 77
time 16
note_off 72
time 5
note_off 57
time 38
note_on 60
velocity 61
time 22
note_on 64
velocity 76
time 133
note_off 60
time 9
note_on 58
velocity 61
time 9
note_off 64
time 115
note_off 58
time 9
note_on 65
velocity 71
time 0
note_on 57
velocity 73
time 5
note_off 57
time 106
note_on 67
velocity 81
time 31
note_on 55
velocity 65
time 7
note_off 65
time 21
note_on 53
velocity 70
time 105
note_on 69
velocity 78
time 0
note_off 55
time 7
note_off 67
time 8
note_off 69
time 27
note_off 53
time 3
note_on 53
velocity 66
time 118
note_on 79
velocity 82
time 27
note_on 70
velocity 73
time 9
note_on 52
velocity 66
time 18
note_off 53
time 11
note_off 70
time 34
note_off 52
time 30
note_on 53
velocity 59
time 16
note_on 52
velocity 56
time 84
note_off 53
time 4
note_off 52
time 75
note_on 53
velocity 60
time 28
note_on 72
velocity 75
time 2
note_on 52
velocity 58
time 55
note_off 53
time 21
note_on 70
velocity 81
time 55
note_off 72
time 0
note_off 52
time 22
note_on 53
velocity 60
time 16
note_off 70
time 30
note_on 69
velocity 74
time 58
note_off 79
time 13
note_on 50
velocity 57
time 45
note_off 53
time 39
note_on 52
velocity 63
time 5
note_off 50
time 26
note_on 67
velocity 74
time 11
note_off 69
time 41
note_off 67
time 9
note_on 53
velocity 65
time 79
note_off 52
time 11
note_on 69
velocity 73
time 15
note_off 53
time 34
note_on 79
velocity 77
time 100
note_on 55
velocity 73
time 159
note_on 77
velocity 81
time 0
note_off 55
time 44
note_off 79
time 37
note_on 76
velocity 76
time 46
note_off 77
time 47
note_off 76
time 31
note_on 57
velocity 67
time 32
note_on 74
velocity 58
time 10
note_on 76
velocity 72
time 10
note_off 57
time 25
note_on 72
velocity 81
time 93
note_off 76
time 25
note_off 74
time 21
note_on 77
velocity 83
time 139
note_off 72
time 7
note_on 50
velocity 55
time 4
note_off 69
time 248
note_on 70
velocity 63
time 38
note_off 70
time 115
note_on 69
velocity 58
time 11
note_off 69
time 127
note_on 67
velocity 60
time 20
note_off 50
time 25
note_off 77
time 77
note_on 65
velocity 58
time 34
note_off 67
time 30
note_off 65
time 11
note_on 52
velocity 62
time 79
note_on 67
velocity 57
time 27
note_off 52
time 28
note_on 77
velocity 55
time 91
note_on 76
velocity 65
time 154
note_on 53
velocity 62
time 4
note_off 53
time 43
note_off 77
time 55
note_on 74
velocity 64
time 12
note_off 76
time 55
note_off 74
time 7
note_on 55
velocity 59
time 117
note_on 73
velocity 73
time 9
note_off 55
time 32
note_on 71
velocity 66
time 85
note_off 73
time 28
note_off 71
time 163
note_on 49
velocity 51
time 18
note_on 76
velocity 68
time 0
note_off 67
time 136
note_on 69
velocity 56
time 170
note_off 69
time 127
note_on 67
velocity 64
time 5
note_off 76
time 33
note_off 67
time 115
note_on 65
velocity 68
time 12
note_off 49
time 3
note_on 61
velocity 85
time 0
note_off 61
time 78
note_on 64
velocity 72
time 61
note_off 65
time 4
note_off 64
time 103
note_on 65
velocity 68
time 63
note_on 62
velocity 80
time 11
note_on 64
velocity 73
time 109
note_off 65
time 22
note_off 64
time 43
note_on 60
velocity 74
time 107
note_on 65
velocity 67
time 0
note_on 69
velocity 70
time 0
note_off 62
time 19
note_off 60
time 22
note_on 67
velocity 70
time 72
note_off 69
time 0
note_off 65
time 5
note_off 67
time 77
note_on 69
velocity 69
time 79
note_on 58
velocity 75
time 18
note_on 74
velocity 64
time 5
note_off 58
time 47
note_off 69
time 4
note_on 67
velocity 68
time 44
note_on 69
velocity 69
time 182
note_on 57
velocity 76
time 21
note_on 73
velocity 68
time 0
note_off 67
time 11
note_off 69
time 41
note_off 74
time 54
note_on 70
velocity 76
time 35
note_off 73
time 64
note_on 69
velocity 82
time 69
note_off 70
time 25
note_off 69
time 55
note_on 67
velocity 80
time 8
note_off 67
time 50
note_on 65
velocity 68
time 117
note_on 81
velocity 92
time 9
note_off 81
time 33
note_on 64
velocity 73
time 55
note_off 65
time 15
note_on 82
velocity 92
time 167
note_on 62
velocity 72
time 9
note_off 64
time 4
note_off 62
time 114
note_on 61
velocity 64
time 4
note_on 62
velocity 69
time 164
note_on 81
velocity 81
time 12
note_off 61
time 37
note_off 82
time 9
note_off 81
time 30
note_off 62
time 20
note_on 65
velocity 55
time 22
note_off 65
time 143
note_on 64
velocity 68
time 10
note_on 79
velocity 85
time 5
note_off 79
time 70
note_on 62
velocity 61
time 50
note_off 64
time 0
note_on 61
velocity 60
time 156
note_off 62
time 14
note_on 81
velocity 69
time 2
note_off 81
time 136
note_on 73
velocity 77
time 152
note_off 61
time 4
note_off 73
time 70
note_on 74
velocity 75
time 57
note_on 69
velocity 84
time 153
note_on 76
velocity 85
time 7
note_off 69
time 90
note_off 74
time 38
note_on 77
velocity 79
time 11
note_off 76
time 30
note_off 77
time 32
note_on 79
velocity 85
time 108
note_on 70
velocity 88
time 8
note_off 70
time 18
note_on 81
velocity 70
time 56
note_on 69
velocity 69
time 12
note_off 79
time 4
note_off 69
time 50
note_on 79
velocity 73
time 79
note_off 81
time 46
note_on 67
velocity 70
time 28
note_on 77
velocity 78
time 3
note_off 79
time 22
note_off 67
time 18
note_on 76
velocity 76
time 81
note_off 77
time 18
note_off 76
time 30
note_on 69
velocity 67
time 95
note_on 77
velocity 79
time 9
note_off 69
time 33
note_off 77
time 13
note_on 81
velocity 69
time 77
note_on 61
velocity 67
time 154
note_on 79
velocity 78
time 4
note_off 57
time 80
note_off 81
time 22
note_on 77
velocity 83
time 28
note_on 62
velocity 70
time 13
note_off 79
time 27
note_off 61
time 9
note_off 62
time 72
note_on 64
velocity 80
time 6
note_on 76
velocity 91
time 5
note_on 57
velocity 62
time 5
note_off 77
time 19
note_off 64
time 91
note_on 65
velocity 71
time 20
note_on 74
velocity 85
time 0
note_off 76
time 0
note_off 74
time 52
note_off 65
time 108
note_on 58
velocity 73
time 26
note_on 73
velocity 88
time 4
note_on 67
velocity 76
time 4
note_off 57
time 41
note_off 67
time 51
note_on 69
velocity 72
time 213
note_off 58
time 9
note_on 57
velocity 66
time 12
note_off 57
time 46
note_on 67
velocity 72
time 59
note_off 69
time 7
note_off 67
time 111
note_on 65
velocity 61
time 41
note_on 55
velocity 66
time 2
note_off 55
time 43
note_off 65
time 80
note_on 64
velocity 67
time 9
note_off 64
time 126
note_on 57
velocity 64
time 13
note_on 65
velocity 69
time 0
note_off 73
time 23
note_on 74
velocity 74
time 146
note_off 65
time 41
note_on 72
velocity 72
time 27
note_off 57
time 16
note_on 49
velocity 57
time 4
note_off 74
time 52
note_on 70
velocity 73
time 4
note_on 50
velocity 74
time 123
note_off 49
time 5
note_on 69
velocity 77
time 10
note_off 72
time 70
note_off 70
time 27
note_off 50
time 30
note_on 52
velocity 75
time 0
note_off 69
time 4
note_on 67
velocity 83
time 5
note_off 67
time 69
note_on 65
velocity 78
time 46
note_off 52
time 9
note_on 53
velocity 70
time 9
note_on 70
velocity 85
time 162
note_off 53
time 5
note_on 61
velocity 75
time 4
note_off 65
time 0
note_on 55
velocity 59
time 6
note_on 65
velocity 23
time 234
note_off 55
time 48
note_on 69
velocity 70
time 4
note_on 57
velocity 62
time 8
note_off 65
time 5
note_off 70
time 4
note_off 69
time 64
note_off 57
time 39
note_on 55
velocity 60
time 37
note_on 53
velocity 67
time 139
note_off 55
time 0
note_on 67
velocity 69
time 4
note_off 61
time 59
note_off 67
time 12
note_off 53
time 59
note_on 52
velocity 62
time 3
note_on 53
velocity 63
time 146
note_off 52
time 9
note_on 69
velocity 68
time 34
note_on 57
velocity 59
time 141
note_off 57
time 85
note_on 59
velocity 66
time 55
note_off 53
time 81
note_on 55
velocity 73
time 14
note_off 59
time 4
note_on 61
velocity 66
time 13
note_off 61
time 88
note_on 53
velocity 74
time 40
note_off 55
time 0
note_on 62
velocity 83
time 11
note_off 69
time 42
note_off 62
time 44
note_on 52
velocity 73
time 39
note_off 53
time 6
note_on 64
velocity 87
time 5
note_off 64
time 75
note_on 50
velocity 71
time 58
note_off 52
time 0
note_on 69
velocity 79
time 12
note_on 65
velocity 70
time 9
note_off 65
time 126
note_on 70
velocity 80
time 2
note_on 64
velocity 74
time 4
note_off 50
time 9
note_off 69
time 2
note_on 55
velocity 71
time 7
note_off 64
time 18
note_off 70
time 0
note_on 65
velocity 78
time 151
note_off 55
time 13
note_on 57
velocity 74
time 16
note_on 61
velocity 69
time 0
note_on 64
velocity 78
time 25
note_off 65
time 0
note_off 57
time 59
note_off 64
time 2
note_on 65
velocity 59
time 15
note_on 64
velocity 70
time 48
note_off 65
time 35
note_on 45
velocity 64
time 100
note_off 61
time 30
note_off 45
time 15
note_on 62
velocity 74
time 83
note_off 64
time 44
note_off 62
time 32
note_on 38
velocity 52
time 108
note_on 62
velocity 51
time 14
note_off 62
time 134
note_on 64
velocity 55
time 0
note_off 64
time 132
note_off 38
time 9
note_on 65
velocity 55
time 0
note_off 65
time 62
note_on 69
velocity 54
time 184
note_on 50
velocity 56
time 18
note_off 50
time 59
note_on 70
velocity 56
time 51
note_off 69
time 14
note_off 70
time 116
note_on 72
velocity 59
time 21
note_on 51
velocity 61
time 22
note_on 70
velocity 55
time 129
note_off 72
time 10
note_off 70
time 94
note_off 51
time 31
note_on 50
velocity 58
time 3
note_on 72
velocity 65
time 13
note_off 50
time 28
note_off 72
time 70
note_on 74
velocity 50
time 37
note_on 48
velocity 64
time 151
note_off 74
time 0
note_on 75
velocity 61
time 11
note_off 48
time 27
note_on 74
velocity 70
time 93
note_off 75
time 7
note_off 74
time 27
note_on 50
velocity 59
time 105
note_on 66
velocity 64
time 42
note_off 50
time 8
note_on 64
velocity 71
time 108
note_off 66
time 62
note_on 42
velocity 62
time 63
note_off 64
time 8
note_on 62
velocity 64
time 13
note_off 42
time 100
note_on 43
velocity 61
time 21
note_off 62
time 0
note_on 64
velocity 72
time 4
note_off 64
time 105
note_off 43
time 33
note_on 45
velocity 59
time 18
note_on 62
velocity 60
time 3
note_on 66
velocity 71
time 0
note_off 62
time 62
note_off 45
time 41
note_on 67
velocity 73
time 23
note_on 46
velocity 64
time 6
note_off 66
time 14
note_off 46
time 25
note_off 67
time 137
note_on 63
velocity 66
time 5
note_on 69
velocity 63
time 4
note_on 48
velocity 56
time 5
note_off 48
time 109
note_on 46
velocity 56
time 21
note_off 63
time 69
note_off 46
time 68
note_on 50
velocity 57
time 27
note_on 62
velocity 67
time 0
note_off 62
time 46
note_off 50
time 51
note_on 48
velocity 53
time 28
note_off 48
time 137
note_on 46
velocity 56
time 25
note_on 60
velocity 61
time 25
note_off 60
time 43
note_off 46
time 13
note_on 45
velocity 54
time 39
note_off 69
time 153
note_off 45
time 26
note_on 46
velocity 56
time 0
note_on 62
velocity 58
time 12
note_off 46
time 105
note_off 62
time 28
note_on 67
velocity 72
time 10
note_on 69
velocity 70
time 135
note_on 54
velocity 63
time 16
note_off 67
time 4
note_off 54
time 70
note_on 55
velocity 64
time 50
note_on 70
velocity 72
time 0
note_off 69
time 21
note_off 70
time 22
note_on 72
velocity 83
time 53
note_on 57
velocity 65
time 27
note_off 55
time 4
note_off 57
time 113
note_on 58
velocity 66
time 0
note_on 74
velocity 75
time 0
note_off 72
time 6
note_off 58
time 147
note_on 60
velocity 58
time 15
note_on 75
velocity 81
time 0
note_on 54
velocity 58
time 5
note_off 74
time 19
note_off 60
time 66
note_on 58
velocity 59
time 58
note_off 58
time 125
note_on 62
velocity 57
time 23
note_on 74
velocity 73
time 0
note_off 75
time 53
note_off 54
time 2
note_off 74
time 15
note_off 62
time 41
note_on 60
velocity 55
time 26
note_on 58
velocity 59
time 154
note_on 72
velocity 79
time 2
note_off 60
time 7
note_off 72
time 60
note_off 58
time 5
note_on 57
velocity 59
time 38
note_on 58
velocity 51
time 169
note_on 74
velocity 74
time 13
note_on 55
velocity 43
time 36
note_off 57
time 7
note_off 74
time 32
note_off 58
time 51
note_on 62
velocity 54
time 16
note_off 62
time 132
note_on 66
velocity 78
time 2
note_off 55
time 9
note_on 60
velocity 60
time 2
note_off 66
time 94
note_off 60
time 29
note_on 67
velocity 76
time 5
note_on 58
velocity 68
time 9
note_off 58
time 109
note_on 57
velocity 66
time 29
note_on 69
velocity 78
time 12
note_off 67
time 47
note_off 57
time 64
note_on 70
velocity 82
time 13
note_on 55
velocity 63
time 9
note_off 69
time 22
note_off 70
time 39
note_off 55
time 82
note_on 54
velocity 60
time 14
note_on 51
velocity 56
time 14
note_on 72
velocity 77
time 0
note_on 70
velocity 72
time 146
note_off 72
time 16
note_on 74
velocity 75
time 140
note_off 70
time 17
note_off 74
time 112
note_on 72
velocity 81
time 5
note_off 54
time 58
note_off 51
time 4
note_on 70
velocity 83
time 79
note_off 72
time 63
note_on 69
velocity 72
time 61
note_off 70
time 35
note_on 50
velocity 58
time 115
note_on 55
velocity 66
time 0
note_on 70
velocity 82
time 5
note_off 69
time 15
note_off 70
time 59
note_off 55
time 39
note_on 57
velocity 69
time 32
note_on 66
velocity 80
time 2
note_off 66
time 98
note_off 57
time 15
note_on 58
velocity 67
time 27
note_on 67
velocity 84
time 4
note_off 50
time 83
note_off 58
time 47
note_on 60
velocity 74
time 0
note_on 69
velocity 81
time 8
note_off 67
time 21
note_off 60
time 28
note_on 70
velocity 86
time 87
note_on 62
velocity 77
time 6
note_off 69
time 9
note_off 62
time 100
note_on 57
velocity 78
time 17
note_on 73
velocity 88
time 4
note_off 57
time 39
note_off 70
time 7
note_off 73
time 30
note_on 58
velocity 72
time 6
note_on 74
velocity 83
time 9
note_off 58
time 109
note_on 79
velocity 83
time 22
note_on 48
velocity 63
time 5
note_off 74
time 15
note_off 79
time 26
note_off 48
time 21
note_on 72
velocity 76
time 107
note_on 50
velocity 64
time 20
note_on 55
velocity 64
time 0
note_on 70
velocity 75
time 22
note_off 55
time 19
note_off 72
time 33
note_off 50
time 4
note_on 72
velocity 63
time 0
note_off 70
time 9
note_on 70
velocity 68
time 60
note_off 72
time 38
note_on 54
velocity 62
time 83
note_on 50
velocity 63
time 4
note_on 69
velocity 74
time 14
note_off 50
time 27
note_off 54
time 0
note_off 70
time 16
note_off 69
time 45
note_on 67
velocity 70
time 13
note_off 67
time 46
note_on 43
velocity 50
time 95
note_on 55
velocity 50
time 0
note_on 67
velocity 70
time 9
note_off 43
time 61
note_on 62
velocity 56
time 82
note_off 62
time 62
note_off 67
time 5
note_on 70
velocity 67
time 83
note_on 45
velocity 44
time 7
note_off 45
time 38
note_on 65
velocity 55
time 97
note_off 65
time 64
note_on 46
velocity 53
time 71
note_on 64
velocity 62
time 14
note_off 46
time 31
note_on 62
velocity 56
time 114
note_off 64
time 0
note_off 62
time 39
note_off 70
time 61
note_on 48
velocity 61
time 35
note_on 64
velocity 70
time 7
note_off 55
time 20
note_off 48
time 17
note_on 67
velocity 61
time 105
note_off 67
time 60
note_on 72
velocity 72
time 82
note_on 50
velocity 60
time 11
note_off 50
time 43
note_on 70
velocity 66
time 72
note_off 72
time 34
note_off 70
time 89
note_on 69
velocity 63
time 34
note_on 52
velocity 72
time 2
note_off 52
time 51
note_on 67
velocity 67
time 72
note_off 69
time 22
note_off 67
time 37
note_off 64
time 7
note_on 53
velocity 76
time 96
note_on 69
velocity 72
time 13
note_off 53
time 32
note_on 60
velocity 68
time 93
note_off 60
time 52
note_on 65
velocity 67
time 102
note_on 55
velocity 74
time 7
note_off 55
time 57
note_off 65
time 31
note_on 63
velocity 70
time 28
note_on 57
velocity 76
time 167
note_on 62
velocity 76
time 9
note_off 57
time 30
note_on 60
velocity 74
time 104
note_off 62
time 0
note_off 63
time 0
note_off 60
time 43
note_off 69
time 51
note_on 58
velocity 78
time 62
note_on 62
velocity 72
time 2
note_on 65
velocity 63
time 139
note_off 65
time 93
note_on 70
velocity 78
time 62
note_on 69
velocity 70
time 134
note_off 70
time 7
note_off 62
time 115
note_on 67
velocity 72
time 17
note_off 69
time 101
note_on 65
velocity 73
time 15
note_off 67
time 18
note_off 65
time 43
note_on 64
velocity 77
time 114
note_on 60
velocity 66
time 4
note_off 60
time 47
note_off 64
time 20
note_on 55
velocity 56
time 53
note_off 58
time 6
note_on 65
velocity 71
time 162
note_on 62
velocity 75
time 4
note_on 60
velocity 64
time 5
note_off 55
time 2
note_off 62
time 23
note_off 65
time 26
note_on 58
velocity 67
time 63
note_off 60
time 8
note_on 67
velocity 82
time 140
note_on 64
velocity 75
time 4
note_on 57
velocity 75
time 10
note_off 58
time 9
note_off 64
time 21
note_off 67
time 21
note_off 57
time 80
note_on 55
velocity 70
time 8
note_off 55
time 121
note_on 69
velocity 81
time 11
note_on 65
velocity 75
time 7
note_on 53
velocity 76
time 11
note_off 65
time 35
note_off 69
time 29
note_on 48
velocity 71
time 79
note_off 53
time 22
note_off 48
time 105
note_on 70
velocity 86
time 5
note_on 67
velocity 81
time 3
note_on 53
velocity 82
time 14
note_off 67
time 31
note_off 70
time 35
note_on 51
velocity 78
time 52
note_off 53
time 16
note_on 50
velocity 78
time 132
note_on 69
velocity 74
time 5
note_on 72
velocity 94
time 0
note_off 51
time 10
note_off 69
time 30
note_off 72
time 29
note_on 48
velocity 75
time 57
note_off 50
time 2
note_on 46
velocity 76
time 143
note_on 74
velocity 90
time 6
note_off 48
time 10
note_on 70
velocity 87
time 0
note_off 74
time 86
note_off 46
time 8
note_on 48
velocity 65
time 28
note_on 46
velocity 74
time 161
note_on 76
velocity 95
time 9
note_off 48
time 4
note_off 76
time 91
note_on 45
velocity 71
time 18
note_off 46
time 4
note_off 45
time 123
note_on 43
velocity 70
time 27
note_on 77
velocity 94
time 21
note_off 70
time 29
note_off 77
time 56
note_off 43
time 27
note_on 41
velocity 73
time 5
note_on 40
velocity 69
time 173
note_on 79
velocity 86
time 4
note_off 41
time 3
note_on 67
velocity 71
time 20
note_off 67
time 36
note_on 72
velocity 84
time 136
note_off 72
time 130
note_on 70
velocity 78
time 5
note_off 70
time 47
note_on 69
velocity 75
time 83
note_on 67
velocity 77
time 118
note_off 69
time 48
note_off 67
time 3
note_off 40
time 107
note_on 41
velocity 78
time 0
note_on 69
velocity 74
time 12
note_off 79
time 7
note_off 41
time 37
note_on 72
velocity 73
time 86
note_off 72
time 96
note_on 77
velocity 79
time 48
note_on 43
velocity 79
time 3
note_off 43
time 52
note_on 75
velocity 74
time 67
note_off 77
time 54
note_off 75
time 40
note_on 45
velocity 76
time 51
note_on 74
velocity 79
time 22
note_off 45
time 27
note_on 72
velocity 77
time 88
note_off 74
time 15
note_on 46
velocity 78
time 145
note_on 74
velocity 81
time 6
note_off 72
time 17
note_on 72
velocity 82
time 134
note_off 74
time 29
note_on 50
velocity 75
time 101
note_on 75
velocity 78
time 13
note_off 72
time 9
note_off 50
time 23
note_off 75
time 20
note_on 74
velocity 76
time 54
note_off 69
time 101
note_on 72
velocity 87
time 55
note_on 55
velocity 76
time 4
note_off 74
time 0
note_off 46
time 15
note_on 70
velocity 86
time 82
note_off 72
time 30
note_off 55
time 119
note_on 45
velocity 59
time 9
note_on 72
velocity 84
time 13
note_off 70
time 36
note_on 53
velocity 66
time 109
note_off 53
time 77
note_on 58
velocity 71
time 89
note_on 64
velocity 80
time 0
note_off 58
time 67
note_off 45
time 2
note_on 57
velocity 72
time 55
note_on 65
velocity 77
time 0
note_off 64
time 38
note_off 72
time 0
note_on 55
velocity 70
time 113
note_off 57
time 2
note_on 67
velocity 78
time 6
note_off 65
time 60
note_on 53
velocity 72
time 53
note_off 55
time 6
note_on 69
velocity 76
time 11
note_off 53
time 23
note_off 67
time 11
note_off 69
time 35
note_on 55
velocity 66
time 81
note_on 43
velocity 70
time 6
note_on 70
velocity 78
time 5
note_off 55
time 20
note_on 69
velocity 70
time 85
note_off 70
time 0
note_on 46
velocity 68
time 133
note_on 72
velocity 81
time 11
note_off 69
time 5
note_off 43
time 57
note_on 48
velocity 68
time 58
note_on 70
velocity 77
time 13
note_off 46
time 10
note_off 72
time 7
note_off 48
time 126
note_on 50
velocity 65
time 8
note_on 69
velocity 73
time 10
note_off 70
time 11
note_off 50
time 61
note_on 52
velocity 51
time 29
note_on 67
velocity 68
time 25
note_off 69
time 9
note_off 52
time 5
note_off 67
time 40
note_on 41
velocity 60
time 90
note_on 53
velocity 60
time 5
note_on 69
velocity 68
time 0
note_off 41
time 45
note_off 69
time 80
note_on 67
velocity 59
time 25
note_off 67
time 50
note_on 43
velocity 66
time 82
note_on 70
velocity 74
time 14
note_off 43
time 46
note_on 69
velocity 69
time 88
note_off 70
time 4
note_off 69
time 47
note_on 45
velocity 68
time 88
note_on 72
velocity 88
time 0
note_off 45
time 57
note_on 70
velocity 87
time 61
note_off 72
time 30
note_off 70
time 53
note_on 46
velocity 75
time 81
note_on 74
velocity 86
time 3
note_off 46
time 95
note_on 72
velocity 84
time 27
note_off 74
time 20
note_off 72
time 55
note_on 48
velocity 73
time 75
note_on 76
velocity 94
time 4
note_off 48
time 76
note_off 53
time 0
note_on 74
velocity 90
time 55
note_off 76
time 44
note_off 74
time 34
note_on 58
velocity 77
time 85
note_on 77
velocity 95
time 0
note_on 50
velocity 65
time 14
note_off 50
time 67
note_off 77
time 10
note_on 76
velocity 93
time 35
note_off 76
time 72
note_on 52
velocity 73
time 81
note_on 79
velocity 91
time 26
note_off 52
time 38
note_off 79
time 44
note_on 69
velocity 83
time 62
note_off 69
time 52
note_on 48
velocity 71
time 117
note_on 70
velocity 87
time 12
note_on 64
velocity 84
time 8
note_off 58
time 25
note_off 64
time 17
note_off 48
time 40
note_off 70
time 0
note_on 67
velocity 90
time 78
note_off 67
time 87
note_on 69
velocity 89
time 122
note_on 53
velocity 70
time 4
note_on 65
velocity 70
time 19
note_off 53
time 51
note_on 46
velocity 74
time 289
note_on 70
velocity 87
time 190
note_off 69
time 72
note_off 65
time 69
note_off 70
time 2
note_on 48
velocity 59
time 114
note_on 69
velocity 74
time 19
note_on 64
velocity 73
time 9
note_off 46
time 18
note_on 67
velocity 74
time 43
note_off 69
time 5
note_off 67
time 76
note_on 69
velocity 65
time 9
note_on 67
velocity 70
time 15
note_off 69
time 22
note_on 69
velocity 68
time 68
note_off 64
time 3
note_on 64
velocity 18
time 0
note_off 67
time 0
note_on 67
velocity 71
time 50
note_off 69
time 54
note_off 64
time 30
note_on 64
velocity 22
time 0
note_off 48
time 108
note_on 36
velocity 65
time 53
note_off 64
time 242
note_on 65
velocity 76
time 192
note_off 67
time 52
note_off 65
time 490
note_on 65
velocity 78
time 156
note_on 41
velocity 65
time 2
note_off 36
time 50
note_off 41
time 2471
note_off 65
time 27
