note_on 76
velocity 94
time 248
note_on 52
velocity 65
time 20
note_on 57
velocity 74
time 0
note_on 64
velocity 71
time 0
note_off 57
time 37
note_off 64
time 0
note_off 52
time 11
note_on 74
velocity 87
time 25
note_off 76
time 4
note_on 76
velocity 95
time 88
note_off 74
time 11
note_on 64
velocity 55
time 4
note_on 52
velocity 51
time 7
note_on 57
velocity 48
time 0
note_off 52
time 42
note_off 64
time 0
note_off 57
time 11
note_off 76
time 7
note_on 72
velocity 88
time 13
note_off 72
time 76
note_on 76
velocity 105
time 15
note_on 52
velocity 74
time 5
note_on 57
velocity 77
time 0
note_on 64
velocity 78
time 0
note_off 57
time 5
note_off 64
time 0
note_off 52
time 6
note_on 71
velocity 94
time 46
note_off 76
time 37
note_on 72
velocity 98
time 60
note_off 71
time 68
note_off 72
time 16
note_on 67
velocity 89
time 7
note_off 67
time 63
note_on 69
velocity 93
time 39
note_on 52
velocity 68
time 11
note_off 52
time 83
note_on 62
velocity 95
time 0
note_off 69
time 15
note_on 45
velocity 54
time 13
note_on 64
velocity 97
time 56
note_off 62
time 7
note_off 45
time 4
note_on 40
velocity 54
time 41
note_on 60
velocity 97
time 42
note_off 40
time 5
note_off 64
time 42
note_off 60
time 19
note_on 57
velocity 102
time 42
note_on 45
velocity 94
time 9
note_on 33
velocity 84
time 6
note_on 67
velocity 43
time 0
note_off 67
time 15
note_off 33
time 4
note_off 45
time 133
note_off 57
time 39
note_on 76
velocity 97
time 4
note_on 64
velocity 80
time 11
note_on 57
velocity 74
time 3
note_on 52
velocity 65
time 0
note_off 64
time 4
note_off 57
time 14
note_off 52
time 10
note_off 76
time 29
note_on 74
velocity 92
time 4
note_on 76
velocity 98
time 91
note_on 57
velocity 66
time 6
note_on 64
velocity 68
time 2
note_on 52
velocity 58
time 7
note_off 74
time 0
note_off 64
time 34
note_off 57
time 9
note_off 52
time 4
note_off 76
time 19
note_on 72
velocity 100
time 13
note_off 72
time 60
note_on 64
velocity 78
time 36
note_on 52
velocity 74
time 9
note_on 57
velocity 78
time 0
note_on 76
velocity 98
time 0
note_off 64
time 0
note_off 57
time 7
note_off 52
time 4
note_on 71
velocity 91
time 47
note_off 76
time 30
note_on 72
velocity 100
time 62
note_off 71
time 18
note_off 72
time 66
note_on 67
velocity 93
time 15
note_off 67
time 59
note_on 69
velocity 102
time 37
note_on 52
velocity 66
time 17
note_off 52
time 78
note_on 62
velocity 98
time 9
note_off 69
time 13
note_on 45
velocity 61
time 26
note_on 64
velocity 98
time 44
note_off 62
time 5
note_off 45
time 7
note_on 40
velocity 59
time 44
note_on 60
velocity 98
time 38
note_off 40
time 5
note_off 64
time 26
note_off 60
time 34
note_on 57
velocity 106
time 44
note_on 45
velocity 99
time 4
note_on 33
velocity 84
time 9
note_off 33
time 30
note_off 45
time 3
note_off 57
time 10
note_on 48
velocity 99
time 402
note_on 60
velocity 113
time 0
note_on 36
velocity 80
time 7
note_off 48
time 47
note_off 36
time 9
note_off 60
time 61
note_on 57
velocity 104
time 636
note_on 45
velocity 89
time 4
note_on 33
velocity 79
time 6
note_off 33
time 2187
note_off 45
time 5
note_off 57
time 0
note_on 76
velocity 56
time 944
note_off 76
time 57
note_on 74
velocity 42
time 50
note_off 74
time 47
note_on 76
velocity 61
time 30
note_off 76
time 52
note_on 72
velocity 47
time 53
note_off 72
time 52
note_on 76
velocity 62
time 35
note_off 76
time 89
note_on 71
velocity 48
time 29
note_off 71
time 55
note_on 72
velocity 60
time 25
note_off 72
time 45
note_on 69
velocity 47
time 55
note_off 69
time 51
note_on 76
velocity 80
time 43
note_on 72
velocity 60
time 15
note_off 76
time 18
note_off 72
time 59
note_on 67
velocity 54
time 38
note_off 67
time 56
note_on 76
velocity 73
time 19
note_on 69
velocity 60
time 7
note_off 76
time 15
note_off 69
time 33
note_on 65
velocity 58
time 33
note_off 65
time 60
note_on 72
velocity 81
time 39
note_on 69
velocity 62
time 10
note_off 72
time 11
note_off 69
time 65
note_on 64
velocity 61
time 21
note_off 64
time 48
note_on 65
velocity 58
time 23
note_off 65
time 45
note_on 62
velocity 69
time 44
note_off 62
time 42
note_on 60
velocity 84
time 64
note_off 60
time 31
note_on 64
velocity 61
time 83
note_off 64
time 47
note_on 60
velocity 56
time 35
note_on 69
velocity 55
time 18
note_off 60
time 18
note_on 71
velocity 64
time 65
note_off 69
time 10
note_off 71
time 79
note_on 57
velocity 76
time 9
note_on 72
velocity 69
time 0
note_off 57
time 5
note_off 72
time 10
note_on 69
velocity 63
time 9
note_off 69
time 53
note_on 72
velocity 62
time 63
note_off 72
time 69
note_on 81
velocity 71
time 13
note_off 81
time 71
note_on 76
velocity 70
time 6
note_off 76
time 12
note_on 74
velocity 65
time 41
note_off 74
time 38
note_on 76
velocity 62
time 60
note_off 76
time 45
note_on 72
velocity 64
time 38
note_off 72
time 40
note_on 76
velocity 68
time 64
note_off 76
time 92
note_on 71
velocity 63
time 4
note_off 71
time 55
note_on 72
velocity 68
time 31
note_off 72
time 46
note_on 69
velocity 58
time 56
note_off 69
time 57
note_on 76
velocity 82
time 25
note_off 76
time 32
note_on 72
velocity 67
time 6
note_off 72
time 83
note_on 67
velocity 63
time 8
note_off 67
time 57
note_on 76
velocity 78
time 15
note_on 69
velocity 71
time 15
note_off 76
time 6
note_off 69
time 52
note_on 65
velocity 63
time 36
note_off 65
time 51
note_on 72
velocity 88
time 31
note_on 69
velocity 69
time 20
note_off 72
time 5
note_off 69
time 75
note_on 64
velocity 75
time 4
note_off 64
time 67
note_on 65
velocity 66
time 38
note_off 65
time 44
note_on 62
velocity 69
time 36
note_off 62
time 39
note_on 60
velocity 86
time 62
note_off 60
time 30
note_on 64
velocity 64
time 82
note_off 64
time 50
note_on 60
velocity 65
time 29
note_on 69
velocity 65
time 19
note_off 60
time 18
note_on 71
velocity 67
time 83
note_off 69
time 5
note_on 57
velocity 82
time 75
note_on 72
velocity 77
time 9
note_off 71
time 8
note_off 57
time 11
note_off 72
time 16
note_on 69
velocity 68
time 42
note_off 69
time 53
note_on 72
velocity 75
time 44
note_off 72
time 87
note_on 81
velocity 76
time 16
note_off 81
time 2
note_on 76
velocity 78
time 7
note_off 76
time 39
note_on 74
velocity 65
time 44
note_off 74
time 37
note_on 76
velocity 75
time 53
note_off 76
time 48
note_on 72
velocity 55
time 52
note_off 72
time 40
note_on 76
velocity 75
time 48
note_off 76
time 85
note_on 71
velocity 65
time 9
note_off 71
time 66
note_on 72
velocity 76
time 4
note_off 72
time 48
note_on 69
velocity 72
time 56
note_off 69
time 61
note_on 84
velocity 103
time 40
note_on 81
velocity 77
time 20
note_off 84
time 2
note_on 79
velocity 81
time 81
note_off 81
time 15
note_on 76
velocity 77
time 88
note_off 79
time 8
note_on 72
velocity 75
time 83
note_off 76
time 0
note_off 72
time 50
note_on 81
velocity 97
time 57
note_on 79
velocity 88
time 4
note_off 81
time 15
note_on 77
velocity 78
time 78
note_off 79
time 14
note_on 74
velocity 73
time 81
note_off 77
time 9
note_off 74
time 76
note_on 71
velocity 65
time 16
note_off 71
time 47
note_on 65
velocity 62
time 53
note_on 77
velocity 69
time 3
note_off 65
time 32
note_off 77
time 57
note_on 76
velocity 66
time 9
note_off 76
time 101
note_on 72
velocity 61
time 4
note_off 72
time 62
note_on 69
velocity 57
time 27
note_off 69
time 56
note_on 62
velocity 52
time 57
note_on 76
velocity 62
time 0
note_off 62
time 34
note_off 76
time 43
note_on 74
velocity 60
time 8
note_off 74
time 70
note_on 70
velocity 61
time 33
note_off 70
time 76
note_on 67
velocity 61
time 13
note_off 67
time 58
note_on 77
velocity 96
time 44
note_on 74
velocity 72
time 14
note_off 77
time 10
note_off 74
time 80
note_on 72
velocity 73
time 4
note_on 69
velocity 63
time 100
note_off 72
time 0
note_off 69
time 61
note_on 65
velocity 59
time 32
note_off 65
time 51
note_on 74
velocity 90
time 46
note_on 72
velocity 73
time 17
note_off 74
time 9
note_on 71
velocity 71
time 78
note_off 72
time 0
note_off 71
time 89
note_on 68
velocity 68
time 12
note_off 68
time 46
note_on 64
velocity 58
time 42
note_off 64
time 32
note_on 76
velocity 74
time 81
note_on 60
velocity 56
time 4
note_off 60
time 27
note_off 76
time 16
note_on 74
velocity 69
time 40
note_off 74
time 43
note_on 60
velocity 60
time 43
note_on 76
velocity 70
time 9
note_off 60
time 31
note_off 76
time 13
note_on 72
velocity 42
time 77
note_off 72
time 36
note_on 57
velocity 66
time 48
note_on 76
velocity 72
time 6
note_off 57
time 16
note_off 76
time 38
note_on 71
velocity 58
time 13
note_off 71
time 60
note_on 72
velocity 65
time 33
note_off 72
time 48
note_on 69
velocity 62
time 51
note_off 69
time 4
note_on 72
velocity 68
time 31
note_on 76
velocity 81
time 0
note_off 76
time 18
note_off 72
time 65
note_on 67
velocity 63
time 15
note_off 67
time 62
note_on 69
velocity 68
time 34
note_on 76
velocity 74
time 0
note_off 76
time 30
note_off 69
time 19
note_on 65
velocity 64
time 43
note_off 65
time 53
note_on 72
velocity 90
time 43
note_on 69
velocity 69
time 11
note_off 72
time 11
note_off 69
time 77
note_on 64
velocity 67
time 6
note_off 64
time 66
note_on 65
velocity 67
time 23
note_off 65
time 45
note_on 62
velocity 67
time 52
note_off 62
time 39
note_on 60
velocity 82
time 62
note_off 60
time 31
note_on 64
velocity 69
time 72
note_off 64
time 50
note_on 60
velocity 64
time 45
note_on 69
velocity 60
time 16
note_off 60
time 27
note_on 71
velocity 72
time 59
note_off 69
time 15
note_on 72
velocity 76
time 82
note_off 71
time 2
note_on 57
velocity 79
time 7
note_off 57
time 34
note_off 72
time 6
note_on 69
velocity 66
time 45
note_off 69
time 61
note_on 72
velocity 70
time 43
note_off 72
time 78
note_on 81
velocity 70
time 8
note_off 81
time 79
note_on 57
velocity 90
time 39
note_on 76
velocity 79
time 0
note_off 57
time 31
note_off 76
time 59
note_on 74
velocity 73
time 8
note_off 74
time 53
note_on 57
velocity 86
time 47
note_on 76
velocity 79
time 4
note_off 57
time 28
note_off 76
time 13
note_on 72
velocity 75
time 53
note_off 72
time 52
note_on 53
velocity 85
time 61
note_on 76
velocity 83
time 5
note_off 53
time 9
note_off 76
time 47
note_on 71
velocity 69
time 4
note_off 71
time 84
note_on 72
velocity 77
time 9
note_off 72
time 58
note_on 69
velocity 71
time 30
note_off 69
time 72
note_on 72
velocity 79
time 0
note_on 76
velocity 92
time 3
note_off 76
time 7
note_off 72
time 73
note_on 67
velocity 70
time 14
note_off 67
time 96
note_on 69
velocity 72
time 0
note_on 76
velocity 94
time 0
note_off 76
time 18
note_off 69
time 30
note_on 65
velocity 65
time 39
note_off 65
time 69
note_on 72
velocity 94
time 38
note_on 69
velocity 75
time 5
note_off 72
time 17
note_off 69
time 82
note_on 64
velocity 72
time 6
note_off 64
time 91
note_on 65
velocity 72
time 4
note_off 65
time 47
note_on 62
velocity 77
time 39
note_off 62
time 32
note_on 57
velocity 93
time 72
note_off 57
time 27
note_on 64
velocity 77
time 69
note_off 64
time 52
note_on 57
velocity 91
time 44
note_on 69
velocity 74
time 5
note_off 57
time 21
note_on 71
velocity 77
time 79
note_off 69
time 21
note_on 53
velocity 93
time 76
note_on 72
velocity 88
time 0
note_off 71
time 19
note_off 53
time 8
note_off 72
time 34
note_on 69
velocity 73
time 52
note_off 69
time 77
note_on 72
velocity 78
time 27
note_off 72
time 81
note_on 81
velocity 76
time 8
note_off 81
time 87
note_on 76
velocity 86
time 9
note_on 52
velocity 90
time 11
note_off 52
time 32
note_off 76
time 52
note_on 74
velocity 83
time 7
note_off 74
time 87
note_on 52
velocity 81
time 11
note_on 76
velocity 88
time 0
note_off 52
time 33
note_off 76
time 22
note_on 72
velocity 79
time 51
note_off 72
time 40
note_on 48
velocity 82
time 65
note_on 76
velocity 85
time 0
note_off 48
time 28
note_on 71
velocity 74
time 59
note_off 76
time 4
note_off 71
time 79
note_on 72
velocity 83
time 0
note_off 72
time 65
note_on 69
velocity 73
time 45
note_off 69
time 80
note_on 84
velocity 108
time 13
note_on 81
velocity 83
time 4
note_off 84
time 8
note_on 79
velocity 86
time 76
note_off 81
time 21
note_on 76
velocity 82
time 80
note_off 79
time 14
note_on 72
velocity 79
time 71
note_off 76
time 4
note_off 72
time 46
note_on 79
velocity 90
time 59
note_on 81
velocity 102
time 3
note_off 81
time 19
note_on 77
velocity 86
time 70
note_off 79
time 18
note_on 74
velocity 78
time 78
note_off 77
time 7
note_off 74
time 76
note_on 70
velocity 74
time 6
note_off 70
time 61
note_on 65
velocity 72
time 62
note_on 77
velocity 74
time 0
note_off 65
time 31
note_on 76
velocity 75
time 58
note_off 77
time 5
note_on 72
velocity 72
time 104
note_off 76
time 4
note_off 72
time 82
note_on 69
velocity 64
time 14
note_off 69
time 53
note_on 62
velocity 66
time 34
note_on 76
velocity 73
time 16
note_off 62
time 22
note_on 74
velocity 70
time 69
note_off 76
time 4
note_on 70
velocity 67
time 98
note_off 74
time 0
note_on 67
velocity 71
time 85
note_off 70
time 4
note_off 67
time 52
note_on 77
velocity 99
time 48
note_on 74
velocity 81
time 11
note_off 77
time 22
note_on 72
velocity 78
time 76
note_off 74
time 14
note_on 69
velocity 72
time 81
note_off 72
time 20
note_off 69
time 63
note_on 65
velocity 66
time 18
note_off 65
time 60
note_on 74
velocity 99
time 31
note_on 72
velocity 79
time 17
note_off 74
time 17
note_on 71
velocity 76
time 68
note_off 72
time 15
note_off 71
time 85
note_on 68
velocity 72
time 7
note_off 68
time 63
note_on 64
velocity 67
time 27
note_off 64
time 56
note_on 59
velocity 69
time 51
note_on 71
velocity 67
time 11
note_off 59
time 20
note_on 69
velocity 64
time 67
note_off 71
time 9
note_off 69
time 79
note_on 65
velocity 58
time 18
note_off 65
time 60
note_on 62
velocity 64
time 30
note_off 62
time 70
note_on 56
velocity 62
time 33
note_on 70
velocity 70
time 5
note_off 56
time 32
note_off 70
time 39
note_on 69
velocity 54
time 20
note_off 69
time 75
note_on 65
velocity 51
time 36
note_off 65
time 66
note_on 62
velocity 62
time 21
note_off 62
time 57
note_on 71
velocity 90
time 44
note_on 69
velocity 60
time 15
note_off 71
time 13
note_off 69
time 46
note_on 65
velocity 56
time 33
note_off 65
time 88
note_on 64
velocity 63
time 4
note_off 64
time 64
note_on 62
velocity 59
time 35
note_off 62
time 52
note_on 68
velocity 83
time 40
note_on 65
velocity 62
time 25
note_off 68
time 7
note_on 64
velocity 63
time 97
note_off 65
time 0
note_off 64
time 55
note_on 63
velocity 55
time 27
note_off 63
time 44
note_on 62
velocity 65
time 31
note_off 62
time 42
note_on 35
velocity 56
time 91
note_on 47
velocity 46
time 7
note_on 76
velocity 52
time 6
note_off 35
time 23
note_off 47
time 13
note_off 76
time 19
note_on 74
velocity 65
time 23
note_on 35
velocity 54
time 93
note_off 74
time 0
note_on 76
velocity 63
time 9
note_on 47
velocity 25
time 14
note_off 35
time 20
note_off 76
time 12
note_off 47
time 29
note_on 72
velocity 64
time 28
note_off 72
time 68
note_on 28
velocity 58
time 61
note_on 40
velocity 34
time 0
note_on 76
velocity 59
time 4
note_off 28
time 14
note_off 40
time 16
note_on 71
velocity 38
time 73
note_off 76
time 33
note_off 71
time 35
note_on 72
velocity 53
time 0
note_on 48
velocity 66
time 9
note_off 72
time 46
note_on 69
velocity 59
time 37
note_on 51
velocity 81
time 87
note_off 48
time 4
note_off 69
time 7
note_on 72
velocity 73
time 2
note_off 51
time 23
note_on 68
velocity 72
time 76
note_off 72
time 22
note_on 57
velocity 71
time 96
note_off 68
time 2
note_on 63
velocity 91
time 12
note_on 69
velocity 64
time 0
note_on 54
velocity 73
time 0
note_off 69
time 65
note_on 66
velocity 71
time 9
note_off 66
time 7
note_on 69
velocity 74
time 14
note_off 63
time 71
note_on 62
velocity 79
time 15
note_off 69
time 7
note_off 57
time 45
note_off 62
time 37
note_on 63
velocity 77
time 6
note_on 60
velocity 78
time 96
note_off 63
time 54
note_on 57
velocity 78
time 8
note_off 60
time 15
note_off 57
time 2
note_on 60
velocity 49
time 50
note_on 63
velocity 63
time 97
note_off 60
time 4
note_off 63
time 60
note_on 66
velocity 56
time 33
note_off 66
time 31
note_on 69
velocity 58
time 69
note_off 69
time 73
note_on 72
velocity 62
time 22
note_off 72
time 97
note_on 75
velocity 60
time 9
note_off 75
time 11
note_on 56
velocity 54
time 9
note_on 64
velocity 55
time 0
note_off 64
time 11
note_on 76
velocity 60
time 5
note_off 54
time 13
note_off 56
time 0
note_off 76
time 0
note_on 74
velocity 63
time 31
note_off 74
time 97
note_on 76
velocity 72
time 9
note_off 76
time 67
note_on 72
velocity 61
time 26
note_off 72
time 14
note_on 28
velocity 62
time 0
note_on 40
velocity 49
time 10
note_on 76
velocity 68
time 0
note_off 28
time 5
note_off 40
time 9
note_on 71
velocity 68
time 75
note_off 76
time 14
note_on 72
velocity 80
time 81
note_on 48
velocity 78
time 6
note_off 71
time 6
note_off 72
time 60
note_on 69
velocity 79
time 28
note_off 69
time 66
note_off 48
time 9
note_on 51
velocity 89
time 18
note_on 72
velocity 86
time 6
note_off 51
time 31
note_on 68
velocity 84
time 67
note_off 72
time 12
note_on 57
velocity 89
time 11
note_on 63
velocity 97
time 2
note_on 69
velocity 84
time 0
note_on 54
velocity 73
time 5
note_off 68
time 14
note_on 66
velocity 82
time 11
note_off 69
time 0
note_off 54
time 19
note_off 57
time 14
note_off 66
time 0
note_off 63
time 2
note_on 69
velocity 85
time 29
note_on 62
velocity 84
time 94
note_off 69
time 10
note_off 62
time 80
note_on 63
velocity 81
time 11
note_on 60
velocity 80
time 102
note_off 63
time 29
note_off 60
time 58
note_on 84
velocity 101
time 32
note_on 57
velocity 85
time 7
note_off 84
time 41
note_on 84
velocity 95
time 167
note_on 60
velocity 81
time 10
note_off 57
time 2
note_on 63
velocity 71
time 129
note_off 60
time 13
note_off 84
time 22
note_on 81
velocity 94
time 28
note_on 66
velocity 82
time 33
note_off 63
time 5
note_off 81
time 0
note_off 66
time 28
note_on 69
velocity 78
time 80
note_off 69
time 90
note_on 72
velocity 76
time 13
note_on 75
velocity 74
time 87
note_off 72
time 13
note_off 75
time 8
note_on 64
velocity 82
time 4
note_on 56
velocity 77
time 4
note_on 76
velocity 90
time 6
note_on 74
velocity 79
time 15
note_off 76
time 5
note_on 76
velocity 90
time 43
note_off 74
time 11
note_off 64
time 9
note_off 56
time 30
note_off 76
time 31
note_on 72
velocity 83
time 20
note_on 76
velocity 94
time 92
note_off 72
time 9
note_on 71
velocity 85
time 91
note_off 76
time 13
note_on 72
velocity 90
time 88
note_off 71
time 4
note_off 72
time 59
note_on 69
velocity 71
time 22
note_off 69
time 34
note_on 48
velocity 90
time 11
note_on 64
velocity 95
time 2
note_on 36
velocity 83
time 0
note_off 48
time 14
note_off 36
time 12
note_off 64
time 61
note_on 57
velocity 83
time 8
note_off 57
time 58
note_on 36
velocity 64
time 35
note_on 48
velocity 86
time 0
note_on 60
velocity 84
time 0
note_off 36
time 30
note_off 48
time 0
note_off 60
time 18
note_on 52
velocity 83
time 54
note_off 52
time 39
note_on 45
velocity 93
time 81
note_on 33
velocity 90
time 5
note_off 45
time 9
note_off 33
time 6
note_on 57
velocity 69
time 193
note_off 57
time 88
note_on 60
velocity 53
time 25
note_off 60
time 13
note_on 64
velocity 75
time 0
note_on 30
velocity 71
time 4
note_on 42
velocity 67
time 0
note_off 30
time 34
note_off 42
time 0
note_off 64
time 66
note_on 52
velocity 48
time 12
note_off 52
time 34
note_on 59
velocity 71
time 51
note_on 32
velocity 54
time 17
note_on 44
velocity 60
time 0
note_off 44
time 35
note_off 32
time 6
note_off 59
time 15
note_on 62
velocity 70
time 30
note_on 60
velocity 70
time 98
note_on 45
velocity 74
time 2
note_on 33
velocity 69
time 5
note_off 62
time 22
note_off 45
time 7
note_off 33
time 11
note_on 56
velocity 77
time 42
note_off 60
time 4
note_on 47
velocity 84
time 114
note_on 35
velocity 79
time 5
note_off 56
time 0
note_on 57
velocity 78
time 0
note_off 47
time 20
note_off 35
time 4
note_on 52
velocity 83
time 69
note_off 57
time 14
note_off 52
time 26
note_on 48
velocity 92
time 63
note_on 36
velocity 87
time 9
note_off 48
time 19
note_off 36
time 6
note_on 57
velocity 88
time 68
note_off 57
time 100
note_on 52
velocity 88
time 4
note_on 40
velocity 78
time 5
note_on 60
velocity 83
time 11
note_off 52
time 17
note_off 40
time 7
note_on 64
velocity 88
time 65
note_off 60
time 30
note_off 64
time 38
note_on 48
velocity 91
time 46
note_on 67
velocity 104
time 0
note_on 43
velocity 87
time 4
note_on 52
velocity 99
time 0
note_off 48
time 16
note_off 52
time 0
note_off 43
time 0
note_off 67
time 0
note_on 67
velocity 90
time 9
note_on 52
velocity 87
time 4
note_on 40
velocity 76
time 0
note_off 52
time 15
note_off 40
time 15
note_on 60
velocity 87
time 46
note_off 67
time 7
note_on 64
velocity 87
time 95
note_on 40
velocity 61
time 9
note_on 52
velocity 83
time 0
note_off 60
time 0
note_off 52
time 29
note_off 40
time 16
note_off 64
time 21
note_on 55
velocity 81
time 29
note_off 55
time 45
note_on 48
velocity 100
time 60
note_on 36
velocity 90
time 9
note_off 48
time 9
note_off 36
time 4
note_on 60
velocity 66
time 189
note_off 60
time 87
note_on 64
velocity 62
time 15
note_off 64
time 7
note_on 67
velocity 75
time 1
note_on 45
velocity 69
time 11
note_on 33
velocity 66
time 4
note_off 45
time 25
note_off 33
time 7
note_off 67
time 45
note_on 55
velocity 63
time 9
note_off 55
time 47
note_on 47
velocity 70
time 64
note_on 62
velocity 62
time 0
note_on 35
velocity 55
time 11
note_off 47
time 19
note_off 35
time 23
note_off 62
time 17
note_on 65
velocity 64
time 20
note_on 64
velocity 70
time 103
note_on 48
velocity 79
time 5
note_on 36
velocity 67
time 8
note_off 65
time 0
note_off 48
time 22
note_off 36
time 8
note_on 59
velocity 79
time 54
note_off 64
time 0
note_on 50
velocity 85
time 98
note_on 38
velocity 79
time 9
note_off 59
time 4
note_on 60
velocity 76
time 0
note_off 50
time 19
note_off 38
time 8
note_on 55
velocity 79
time 72
note_off 60
time 11
note_off 55
time 28
note_on 52
velocity 99
time 58
note_on 40
velocity 84
time 5
note_off 52
time 20
note_off 40
time 9
note_on 60
velocity 84
time 60
note_off 60
time 100
note_on 55
velocity 88
time 6
note_on 43
velocity 85
time 4
note_on 64
velocity 84
time 5
note_off 43
time 26
note_off 55
time 5
note_on 67
velocity 85
time 55
note_off 64
time 22
note_off 67
time 51
note_on 52
velocity 94
time 46
note_on 55
velocity 95
time 0
note_on 71
velocity 101
time 0
note_on 47
velocity 91
time 4
note_off 47
time 0
note_off 52
time 0
note_off 55
time 0
note_off 71
time 168
note_on 64
velocity 74
time 37
note_off 64
time 92
note_on 67
velocity 68
time 0
note_on 71
velocity 85
time 11
note_off 67
time 4
note_on 49
velocity 85
time 0
note_on 37
velocity 79
time 4
note_off 49
time 15
note_off 37
time 5
note_on 59
velocity 78
time 52
note_off 71
time 38
note_off 59
time 40
note_on 66
velocity 74
time 26
note_on 51
velocity 82
time 5
note_on 39
velocity 71
time 13
note_off 51
time 22
note_off 39
time 19
note_off 66
time 37
note_on 69
velocity 74
time 4
note_on 52
velocity 93
time 100
note_on 67
velocity 80
time 0
note_on 40
velocity 73
time 9
note_off 52
time 26
note_off 40
time 8
note_off 69
time 0
note_on 63
velocity 82
time 50
note_off 67
time 9
note_on 54
velocity 88
time 100
note_on 64
velocity 86
time 5
note_on 42
velocity 81
time 4
note_off 63
time 5
note_off 54
time 21
note_off 42
time 11
note_on 59
velocity 83
time 66
note_off 64
time 12
note_off 59
time 27
note_on 55
velocity 97
time 53
note_on 43
velocity 91
time 4
note_off 55
time 31
note_off 43
time 4
note_on 64
velocity 89
time 71
note_off 64
time 88
note_on 59
velocity 98
time 7
note_on 47
velocity 91
time 7
note_on 67
velocity 84
time 13
note_off 47
time 16
note_off 59
time 17
note_on 71
velocity 91
time 59
note_off 67
time 22
note_off 71
time 42
note_on 55
velocity 98
time 40
note_on 50
velocity 94
time 5
note_on 59
velocity 95
time 0
note_on 74
velocity 105
time 0
note_off 59
time 11
note_off 50
time 4
note_off 55
time 0
note_off 74
time 186
note_on 67
velocity 77
time 25
note_on 71
velocity 73
time 96
note_off 67
time 5
note_on 74
velocity 91
time 88
note_on 52
velocity 94
time 11
note_off 71
time 0
note_on 40
velocity 78
time 0
note_off 52
time 4
note_off 40
time 4
note_on 62
velocity 80
time 48
note_off 74
time 14
note_off 62
time 71
note_on 54
velocity 89
time 11
note_on 69
velocity 78
time 7
note_on 42
velocity 80
time 4
note_off 54
time 26
note_off 42
time 9
note_off 69
time 62
note_on 72
velocity 91
time 4
note_on 55
velocity 99
time 98
note_on 71
velocity 84
time 0
note_on 43
velocity 88
time 5
note_off 55
time 29
note_off 43
time 4
note_off 72
time 5
note_on 66
velocity 88
time 50
note_off 71
time 11
note_off 66
time 66
note_on 57
velocity 96
time 31
note_on 45
velocity 87
time 7
note_on 67
velocity 87
time 4
note_off 45
time 30
note_off 57
time 0
note_on 62
velocity 89
time 75
note_off 67
time 18
note_off 62
time 26
note_on 59
velocity 107
time 46
note_on 47
velocity 95
time 6
note_off 47
time 29
note_off 59
time 15
note_on 67
velocity 91
time 43
note_on 62
velocity 94
time 113
note_on 71
velocity 89
time 0
note_on 50
velocity 84
time 2
note_off 67
time 0
note_off 50
time 35
note_off 62
time 15
note_on 74
velocity 87
time 26
note_off 71
time 19
note_off 74
time 56
note_on 62
velocity 100
time 68
note_on 77
velocity 102
time 0
note_on 70
velocity 100
time 4
note_on 53
velocity 89
time 9
note_on 58
velocity 89
time 0
note_on 74
velocity 84
time 0
note_off 62
time 20
note_off 53
time 0
note_off 74
time 5
note_off 58
time 8
note_off 70
time 0
note_off 77
time 0
note_on 65
velocity 97
time 380
note_on 77
velocity 98
time 5
note_on 74
velocity 92
time 4
note_on 58
velocity 86
time 5
note_on 70
velocity 82
time 0
note_on 50
velocity 63
time 16
note_on 53
velocity 67
time 0
note_off 58
time 18
note_off 53
time 12
note_off 65
time 5
note_off 70
time 0
note_off 50
time 5
note_off 77
time 13
note_off 74
time 5
note_on 65
velocity 96
time 119
note_on 77
velocity 101
time 5
note_on 58
velocity 91
time 4
note_on 50
velocity 65
time 4
note_on 70
velocity 82
time 0
note_on 74
velocity 90
time 0
note_on 53
velocity 60
time 4
note_off 50
time 30
note_off 58
time 0
note_off 53
time 5
note_on 58
velocity 96
time 187
note_on 46
velocity 91
time 10
note_off 58
time 15
note_off 46
time 0
note_off 65
time 17
note_off 77
time 6
note_off 74
time 13
note_off 70
time 9
note_on 77
velocity 101
time 338
note_on 53
velocity 88
time 8
note_on 70
velocity 94
time 0
note_on 74
velocity 94
time 0
note_on 41
velocity 77
time 5
note_on 50
velocity 77
time 0
note_on 46
velocity 66
time 8
note_off 53
time 8
note_off 50
time 5
note_off 41
time 8
note_off 46
time 5
note_on 69
velocity 88
time 28
note_off 70
time 18
note_off 74
time 5
note_off 77
time 0
note_off 69
time 36
note_on 50
velocity 67
time 40
note_on 77
velocity 89
time 4
note_on 41
velocity 71
time 9
note_on 53
velocity 78
time 0
note_on 70
velocity 87
time 0
note_on 74
velocity 83
time 0
note_on 46
velocity 43
time 6
note_off 53
time 22
note_off 50
time 4
note_off 46
time 11
note_off 41
time 7
note_on 65
velocity 92
time 44
note_on 50
velocity 102
time 112
note_on 38
velocity 93
time 8
note_off 70
time 0
note_on 70
velocity 37
time 5
note_off 65
time 13
note_off 77
time 4
note_off 38
time 4
note_off 50
time 5
note_off 70
time 4
note_off 74
time 0
note_on 65
velocity 104
time 16
note_on 77
velocity 108
time 0
note_on 46
velocity 103
time 0
note_on 70
velocity 92
time 0
note_on 74
velocity 87
time 5
note_on 34
velocity 79
time 4
note_on 41
velocity 80
time 0
note_on 38
velocity 72
time 9
note_off 41
time 41
note_off 65
time 4
note_off 34
time 5
note_off 38
time 0
note_off 46
time 4
note_off 70
time 0
note_off 74
time 0
note_off 77
time 8
note_on 79
velocity 107
time 16
note_on 76
velocity 101
time 5
note_on 33
velocity 86
time 5
note_on 45
velocity 99
time 0
note_off 33
time 44
note_off 45
time 6
note_on 74
velocity 85
time 14
note_off 76
time 5
note_off 79
time 15
note_on 76
velocity 92
time 84
note_off 74
time 4
note_on 72
velocity 92
time 90
note_off 76
time 7
note_on 76
velocity 107
time 116
note_off 72
time 4
note_on 41
velocity 100
time 9
note_on 29
velocity 95
time 11
note_off 29
time 41
note_off 41
time 0
note_on 71
velocity 94
time 94
note_off 76
time 14
note_on 76
velocity 112
time 114
note_on 41
velocity 98
time 9
note_off 71
time 4
note_on 29
velocity 90
time 8
note_off 29
time 41
note_off 41
time 0
note_off 76
time 61
note_on 69
velocity 90
time 45
note_off 69
time 137
note_on 38
velocity 104
time 81
note_on 79
velocity 114
time 0
note_on 76
velocity 112
time 4
note_on 26
velocity 92
time 5
note_off 26
time 46
note_off 38
time 79
note_on 74
velocity 84
time 16
note_off 76
time 4
note_on 76
velocity 85
time 111
note_off 74
time 9
note_on 72
velocity 85
time 92
note_off 76
time 0
note_off 72
time 80
note_on 76
velocity 96
time 37
note_on 45
velocity 99
time 11
note_off 45
time 63
note_off 76
time 41
note_on 71
velocity 91
time 8
note_off 71
time 116
note_on 76
velocity 93
time 0
note_off 76
time 106
note_on 69
velocity 84
time 9
note_on 64
velocity 112
time 114
note_on 55
velocity 81
time 7
note_off 69
time 7
note_on 57
velocity 75
time 8
note_on 76
velocity 95
time 0
note_off 55
time 138
note_off 76
time 5
note_on 74
velocity 75
time 35
note_on 76
velocity 79
time 102
note_off 74
time 22
note_off 76
time 61
note_on 72
velocity 78
time 18
note_off 64
time 13
note_off 57
time 41
note_off 72
time 41
note_on 76
velocity 78
time 14
note_off 76
time 86
note_on 71
velocity 74
time 20
note_off 71
time 58
note_on 76
velocity 77
time 50
note_off 76
time 60
note_off 79
time 11
note_on 69
velocity 72
time 13
note_off 69
time 41
note_on 77
velocity 108
time 59
note_on 62
velocity 97
time 4
note_on 53
velocity 74
time 0
note_on 76
velocity 82
time 9
note_on 57
velocity 74
time 4
note_on 74
velocity 81
time 8
note_off 76
time 5
note_off 77
time 21
note_on 76
velocity 81
time 84
note_off 74
time 4
note_off 62
time 2
note_off 57
time 62
note_off 53
time 18
note_on 72
velocity 79
time 11
note_off 76
time 6
note_on 76
velocity 82
time 85
note_off 72
time 4
note_off 76
time 72
note_on 71
velocity 77
time 20
note_off 71
time 88
note_on 76
velocity 86
time 18
note_on 43
velocity 66
time 14
note_off 43
time 92
note_off 76
time 11
note_on 69
velocity 77
time 1
note_on 53
velocity 81
time 14
note_off 69
time 56
note_on 77
velocity 106
time 13
note_on 59
velocity 98
time 14
note_on 76
velocity 93
time 0
note_off 53
time 39
note_off 59
time 7
note_off 76
time 13
note_on 74
velocity 82
time 54
note_off 77
time 0
note_on 76
velocity 64
time 97
note_off 74
time 28
note_on 72
velocity 80
time 84
note_off 76
time 8
note_off 72
time 58
note_on 76
velocity 97
time 34
note_on 40
velocity 91
time 8
note_on 28
velocity 92
time 9
note_off 40
time 31
note_off 28
time 9
note_on 71
velocity 92
time 50
note_off 76
time 9
note_off 71
time 51
note_on 28
velocity 80
time 38
note_on 76
velocity 105
time 0
note_on 40
velocity 88
time 4
note_off 40
time 36
note_off 28
time 16
note_on 69
velocity 89
time 45
note_off 76
time 27
note_off 69
time 37
note_on 36
velocity 100
time 54
note_on 77
velocity 103
time 0
note_on 24
velocity 91
time 5
note_on 76
velocity 99
time 4
note_on 74
velocity 81
time 111
note_off 77
time 11
note_off 76
time 4
note_off 24
time 5
note_off 36
time 31
note_on 76
velocity 84
time 39
note_off 74
time 7
note_on 72
velocity 82
time 84
note_off 76
time 9
note_on 76
velocity 93
time 87
note_off 72
time 9
note_on 43
velocity 96
time 2
note_off 43
time 44
note_on 71
velocity 81
time 44
note_off 76
time 7
note_off 71
time 75
note_on 76
velocity 85
time 28
note_on 69
velocity 76
time 111
note_off 76
time 4
note_off 69
time 92
note_on 62
velocity 110
time 34
note_on 53
velocity 83
time 8
note_on 57
velocity 81
time 4
note_on 76
velocity 92
time 9
note_off 76
time 125
note_on 74
velocity 70
time 5
note_off 53
time 19
note_on 76
velocity 81
time 66
note_off 74
time 19
note_off 62
time 70
note_off 76
time 17
note_on 72
velocity 75
time 4
note_off 57
time 37
note_on 76
velocity 72
time 58
note_off 72
time 5
note_off 76
time 75
note_on 71
velocity 68
time 19
note_off 71
time 44
note_on 76
velocity 70
time 54
note_off 76
time 69
note_on 69
velocity 69
time 17
note_off 69
time 58
note_on 60
velocity 88
time 0
note_on 52
velocity 70
time 5
note_on 76
velocity 103
time 0
note_on 55
velocity 71
time 10
note_on 74
velocity 68
time 4
note_off 76
time 9
note_off 74
time 97
note_on 76
velocity 72
time 0
note_off 52
time 93
note_on 72
velocity 71
time 4
note_off 76
time 0
note_off 60
time 5
note_off 55
time 19
note_on 76
velocity 74
time 64
note_off 72
time 9
note_off 76
time 68
note_on 71
velocity 67
time 29
note_off 71
time 66
note_on 76
velocity 75
time 19
note_on 50
velocity 69
time 14
note_on 69
velocity 73
time 79
note_off 50
time 9
note_on 59
velocity 71
time 14
note_off 76
time 0
note_off 69
time 4
note_on 74
velocity 101
time 38
note_on 65
velocity 87
time 0
note_off 65
time 35
note_off 59
time 38
note_on 76
velocity 75
time 115
note_off 74
time 9
note_on 72
velocity 76
time 85
note_off 76
time 0
note_off 72
time 114
note_on 76
velocity 79
time 0
note_off 76
time 79
note_on 71
velocity 69
time 12
note_off 71
time 67
note_on 76
velocity 72
time 41
note_on 69
velocity 66
time 92
note_off 76
time 4
note_off 69
time 4
note_on 40
velocity 51
time 13
note_on 72
velocity 75
time 0
note_off 40
time 13
note_off 72
time 152
note_on 76
velocity 80
time 17
note_on 52
velocity 70
time 7
note_off 52
time 14
note_on 74
velocity 77
time 0
note_off 76
time 0
note_on 76
velocity 86
time 106
note_on 57
velocity 71
time 13
note_off 74
time 0
note_off 57
time 39
note_on 72
velocity 86
time 36
note_off 76
time 15
note_off 72
time 50
note_on 76
velocity 88
time 46
note_on 62
velocity 64
time 25
note_off 62
time 45
note_on 71
velocity 85
time 16
note_off 76
time 0
note_off 71
time 59
note_on 64
velocity 74
time 54
note_on 76
velocity 93
time 7
note_off 64
time 58
note_on 62
velocity 71
time 55
note_on 69
velocity 79
time 5
note_off 76
time 20
note_off 62
time 31
note_off 69
time 19
note_on 64
velocity 76
time 14
note_off 64
time 65
note_on 60
velocity 76
time 31
note_off 60
time 81
note_on 64
velocity 75
time 23
note_on 76
velocity 91
time 0
note_on 67
velocity 83
time 88
note_off 76
time 15
note_on 59
velocity 58
time 47
note_off 64
time 7
note_off 67
time 0
note_on 76
velocity 87
time 33
note_off 59
time 22
note_on 57
velocity 53
time 4
note_off 57
time 38
note_off 76
time 10
note_on 65
velocity 80
time 23
note_off 65
time 39
note_on 57
velocity 70
time 59
note_on 64
velocity 91
time 6
note_on 53
velocity 74
time 5
note_off 57
time 32
note_off 53
time 4
note_off 64
time 38
note_on 62
velocity 79
time 25
note_off 62
time 54
note_on 52
velocity 63
time 44
note_on 55
velocity 63
time 0
note_on 64
velocity 85
time 5
note_off 55
time 23
note_off 52
time 11
note_off 64
time 35
note_on 60
velocity 76
time 31
note_off 60
time 54
note_on 53
velocity 62
time 35
note_on 50
velocity 56
time 9
note_on 64
velocity 83
time 0
note_off 53
time 28
note_off 50
time 2
note_off 64
time 32
note_on 59
velocity 71
time 48
note_off 59
time 37
note_on 52
velocity 51
time 43
note_on 64
velocity 77
time 5
note_on 48
velocity 48
time 4
note_off 52
time 27
note_off 64
time 5
note_off 48
time 2
note_on 57
velocity 73
time 46
note_off 57
time 43
note_on 60
velocity 77
time 80
note_on 40
velocity 39
time 33
note_on 55
velocity 48
time 9
note_off 55
time 120
note_on 53
velocity 48
time 71
note_on 38
velocity 46
time 7
note_off 53
time 35
note_off 38
time 4
note_off 40
time 4
note_on 52
velocity 59
time 148
note_on 36
velocity 41
time 30
note_off 52
time 13
note_off 36
time 37
note_on 50
velocity 44
time 165
note_on 35
velocity 40
time 6
note_off 50
time 34
note_off 35
time 11
note_on 48
velocity 33
time 11
note_on 57
velocity 38
time 0
note_on 33
velocity 20
time 16
note_off 48
time 9
note_off 57
time 7
note_off 60
time 15
note_off 33
time 10
note_on 72
velocity 20
time 315
note_on 76
velocity 58
time 62
note_off 72
time 11
note_on 84
velocity 87
time 0
note_off 76
time 7
note_on 77
velocity 67
time 0
note_off 84
time 5
note_off 77
time 54
note_on 74
velocity 63
time 11
note_off 74
time 71
note_on 77
velocity 64
time 37
note_off 77
time 48
note_on 72
velocity 64
time 30
note_off 72
time 60
note_on 81
velocity 84
time 46
note_on 76
velocity 71
time 12
note_off 81
time 13
note_off 76
time 48
note_on 72
velocity 66
time 26
note_off 72
time 65
note_on 76
velocity 58
time 59
note_off 76
time 53
note_on 71
velocity 59
time 25
note_off 71
time 57
note_on 65
velocity 51
time 53
note_on 75
velocity 58
time 6
note_off 65
time 25
note_off 75
time 29
note_on 72
velocity 54
time 58
note_off 72
time 53
note_on 75
velocity 59
time 32
note_off 75
time 45
note_on 71
velocity 59
time 65
note_off 71
time 55
note_on 62
velocity 66
time 42
note_on 74
velocity 66
time 0
note_off 62
time 38
note_off 74
time 46
note_on 70
velocity 55
time 27
note_off 70
time 52
note_on 74
velocity 54
time 17
note_off 74
time 76
note_on 69
velocity 51
time 25
note_off 69
time 92
note_on 73
velocity 67
time 20
note_on 77
velocity 92
time 0
note_off 77
time 25
note_off 73
time 38
note_on 71
velocity 62
time 36
note_off 71
time 94
note_on 73
velocity 73
time 10
note_off 73
time 90
note_on 69
velocity 62
time 7
note_off 69
time 43
note_on 69
velocity 63
time 76
note_on 72
velocity 75
time 5
note_off 69
time 30
note_off 72
time 0
note_on 64
velocity 58
time 205
note_on 57
velocity 46
time 6
note_off 64
time 20
note_off 57
time 19
note_on 81
velocity 67
time 165
note_on 88
velocity 85
time 0
note_off 81
time 33
note_off 88
time 22
note_on 76
velocity 60
time 48
note_off 76
time 28
note_on 71
velocity 57
time 64
note_on 88
velocity 90
time 4
note_on 81
velocity 51
time 30
note_off 71
time 7
note_off 81
time 23
note_off 88
time 13
note_on 79
velocity 69
time 37
note_off 79
time 37
note_on 60
velocity 69
time 4
note_on 84
velocity 88
time 5
note_on 79
velocity 73
time 9
note_on 70
velocity 39
time 5
note_off 60
time 15
note_off 79
time 10
note_off 70
time 12
note_on 72
velocity 82
time 59
note_off 84
time 15
note_off 72
time 61
note_on 79
velocity 74
time 25
note_on 53
velocity 55
time 9
note_on 60
velocity 41
time 8
note_off 53
time 27
note_off 60
time 5
note_on 81
velocity 80
time 54
note_off 79
time 16
note_on 84
velocity 83
time 13
note_off 81
time 6
note_off 84
time 59
note_on 72
velocity 79
time 18
note_off 72
time 34
note_on 69
velocity 57
time 78
note_on 84
velocity 78
time 5
note_on 62
velocity 47
time 6
note_on 77
velocity 63
time 12
note_off 69
time 13
note_off 62
time 3
note_off 77
time 13
note_off 84
time 18
note_on 76
velocity 71
time 33
note_off 76
time 35
note_on 57
velocity 62
time 66
note_on 81
velocity 79
time 19
note_on 76
velocity 68
time 4
note_on 67
velocity 40
time 2
note_off 57
time 35
note_off 67
time 9
note_off 76
time 0
note_on 69
velocity 68
time 27
note_off 81
time 5
note_off 69
time 78
note_on 76
velocity 68
time 25
note_on 57
velocity 61
time 5
note_on 50
velocity 45
time 11
note_off 57
time 23
note_off 50
time 16
note_on 77
velocity 76
time 45
note_off 76
time 27
note_off 77
time 4
note_on 81
velocity 69
time 5
note_off 81
time 5
note_on 69
velocity 67
time 33
note_off 69
time 40
note_on 81
velocity 66
time 71
note_on 74
velocity 63
time 8
note_on 65
velocity 57
time 7
note_on 62
velocity 57
time 4
note_off 62
time 38
note_off 65
time 4
note_off 74
time 0
note_off 81
time 5
note_on 72
velocity 61
time 43
note_on 76
velocity 78
time 98
note_on 64
velocity 63
time 13
note_on 57
velocity 56
time 5
note_off 72
time 14
note_off 76
time 7
note_on 69
velocity 65
time 45
note_on 72
velocity 80
time 100
note_off 69
time 77
note_off 72
time 14
note_on 76
velocity 84
time 0
note_off 76
time 25
note_on 84
velocity 92
time 73
note_off 57
time 4
note_off 64
time 7
note_on 81
velocity 95
time 0
note_on 79
velocity 94
time 46
note_off 81
time 25
note_off 84
time 0
note_off 79
time 29
note_on 76
velocity 80
time 56
note_off 76
time 30
note_on 72
velocity 86
time 76
note_on 81
velocity 99
time 88
note_off 72
time 8
note_on 79
velocity 90
time 0
note_off 81
time 13
note_on 77
velocity 81
time 87
note_off 79
time 29
note_on 74
velocity 73
time 72
note_off 77
time 13
note_off 74
time 68
note_on 71
velocity 72
time 17
note_off 71
time 50
note_on 65
velocity 62
time 39
note_on 77
velocity 72
time 22
note_off 65
time 4
note_on 76
velocity 70
time 89
note_off 77
time 5
note_on 72
velocity 69
time 93
note_off 76
time 9
note_off 72
time 67
note_on 69
velocity 60
time 34
note_off 69
time 54
note_on 62
velocity 64
time 40
note_on 76
velocity 71
time 11
note_off 62
time 26
note_on 74
velocity 67
time 69
note_off 76
time 6
note_on 70
velocity 70
time 86
note_off 74
time 0
note_off 70
time 102
note_on 67
velocity 63
time 7
note_off 67
time 61
note_on 77
velocity 96
time 33
note_on 74
velocity 74
time 18
note_off 77
time 4
note_on 72
velocity 76
time 90
note_off 74
time 11
note_on 69
velocity 65
time 87
note_off 72
time 13
note_off 69
time 67
note_on 65
velocity 59
time 35
note_off 65
time 66
note_on 72
velocity 73
time 20
note_on 69
velocity 53
time 17
note_off 72
time 15
note_off 69
time 13
note_on 53
velocity 61
time 175
note_on 60
velocity 60
time 5
note_off 60
time 27
note_off 53
time 4
note_on 84
velocity 81
time 198
note_on 77
velocity 76
time 7
note_off 77
time 38
note_off 84
time 4
note_on 72
velocity 72
time 45
note_off 72
time 36
note_on 84
velocity 84
time 78
note_on 62
velocity 53
time 9
note_on 69
velocity 55
time 0
note_on 77
velocity 68
time 17
note_off 62
time 12
note_off 69
time 4
note_off 77
time 9
note_off 84
time 25
note_on 76
velocity 72
time 34
note_off 76
time 39
note_on 81
velocity 88
time 72
note_on 57
velocity 61
time 9
note_on 67
velocity 59
time 0
note_on 76
velocity 68
time 11
note_off 67
time 9
note_off 57
time 4
note_off 76
time 0
note_on 69
velocity 70
time 73
note_off 81
time 21
note_off 69
time 55
note_on 76
velocity 67
time 16
note_on 50
velocity 53
time 25
note_on 57
velocity 50
time 9
note_off 50
time 35
note_off 57
time 4
note_on 77
velocity 77
time 36
note_off 76
time 11
note_on 81
velocity 81
time 15
note_off 77
time 0
note_off 81
time 41
note_on 69
velocity 66
time 16
note_off 69
time 40
note_on 65
velocity 62
time 60
note_on 57
velocity 53
time 10
note_on 81
velocity 74
time 4
note_on 74
velocity 63
time 5
note_off 65
time 20
note_off 57
time 4
note_off 74
time 20
note_off 81
time 9
note_on 72
velocity 63
time 60
note_off 72
time 40
note_on 77
velocity 65
time 81
note_on 63
velocity 45
time 11
note_on 72
velocity 44
time 4
note_on 53
velocity 45
time 5
note_off 63
time 7
note_off 72
time 11
note_off 53
time 1
note_on 65
velocity 60
time 17
note_off 77
time 15
note_off 65
time 38
note_on 46
velocity 62
time 57
note_on 53
velocity 52
time 6
note_on 72
velocity 54
time 5
note_off 46
time 23
note_off 53
time 12
note_on 74
velocity 62
time 55
note_off 72
time 5
note_off 74
time 4
note_on 77
velocity 79
time 0
note_off 77
time 19
note_on 65
velocity 59
time 31
note_off 65
time 39
note_on 77
velocity 72
time 63
note_on 58
velocity 57
time 9
note_on 62
velocity 55
time 4
note_on 70
velocity 61
time 3
note_off 62
time 30
note_off 77
time 4
note_off 58
time 2
note_off 70
time 7
note_on 69
velocity 54
time 60
note_off 69
time 28
note_on 59
velocity 62
time 59
note_on 52
velocity 45
time 6
note_on 71
velocity 64
time 0
note_on 68
velocity 47
time 7
note_off 59
time 6
note_off 71
time 4
note_off 52
time 7
note_off 68
time 4
note_on 76
velocity 68
time 192
note_off 76
time 69
note_on 78
velocity 75
time 4
note_on 79
velocity 92
time 71
note_off 78
time 35
note_on 80
velocity 111
time 17
note_off 79
time 12
note_on 72
velocity 65
time 4
note_off 80
time 6
note_off 72
time 46
note_on 69
velocity 67
time 36
note_off 69
time 61
note_on 72
velocity 78
time 28
note_off 72
time 87
note_on 68
velocity 72
time 15
note_off 68
time 71
note_on 76
velocity 98
time 14
note_on 71
velocity 74
time 18
note_off 76
time 4
note_off 71
time 80
note_on 68
velocity 72
time 14
note_off 68
time 64
note_on 71
velocity 51
time 51
note_off 71
time 37
note_on 67
velocity 59
time 52
note_off 67
time 53
note_on 60
velocity 57
time 51
note_on 70
velocity 64
time 2
note_off 60
time 36
note_off 70
time 16
note_on 67
velocity 57
time 44
note_off 67
time 45
note_on 70
velocity 64
time 45
note_off 70
time 60
note_on 66
velocity 62
time 50
note_off 66
time 53
note_on 69
velocity 66
time 50
note_on 57
velocity 64
time 4
note_off 57
time 35
note_off 69
time 16
note_on 66
velocity 52
time 55
note_off 66
time 53
note_on 69
velocity 61
time 32
note_off 69
time 69
note_on 65
velocity 55
time 41
note_off 65
time 79
note_on 72
velocity 83
time 34
note_on 68
velocity 68
time 5
note_off 72
time 29
note_off 68
time 30
note_on 65
velocity 58
time 46
note_off 65
time 62
note_on 68
velocity 65
time 34
note_off 68
time 58
note_on 64
velocity 39
time 88
note_on 47
velocity 34
time 108
note_on 67
velocity 40
time 21
note_off 64
time 17
note_off 67
time 8
note_on 40
velocity 38
time 94
note_off 47
time 22
note_off 40
time 25
note_on 64
velocity 70
time 0
note_on 83
velocity 69
time 7
note_on 59
velocity 59
time 4
note_on 55
velocity 45
time 0
note_on 76
velocity 56
time 4
note_off 64
time 5
note_off 59
time 5
note_off 76
time 5
note_off 55
time 9
note_off 83
time 4
note_on 71
velocity 57
time 46
note_off 71
time 29
note_on 59
velocity 57
time 66
note_on 55
velocity 40
time 15
note_on 62
velocity 58
time 0
note_on 83
velocity 74
time 0
note_on 76
velocity 55
time 8
note_off 59
time 19
note_off 62
time 0
note_off 55
time 13
note_off 76
time 10
note_off 83
time 19
note_on 74
velocity 62
time 39
note_off 74
time 36
note_on 79
velocity 68
time 87
note_on 50
velocity 49
time 13
note_on 74
velocity 49
time 5
note_off 74
time 8
note_on 67
velocity 66
time 26
note_off 79
time 9
note_off 67
time 59
note_on 43
velocity 52
time 28
note_off 50
time 0
note_on 74
velocity 65
time 9
note_off 43
time 27
note_off 74
time 65
note_on 72
velocity 76
time 4
note_off 72
time 34
note_on 72
velocity 73
time 9
note_on 62
velocity 68
time 0
note_on 65
velocity 65
time 0
note_on 55
velocity 60
time 4
note_on 74
velocity 71
time 0
note_off 62
time 7
note_off 65
time 0
note_off 72
time 0
note_off 55
time 13
note_off 74
time 0
note_on 67
velocity 69
time 66
note_off 67
time 59
note_on 55
velocity 63
time 30
note_on 62
velocity 51
time 0
note_on 64
velocity 58
time 14
note_on 76
velocity 81
time 7
note_on 71
velocity 65
time 11
note_off 62
time 4
note_off 64
time 6
note_off 55
time 10
note_off 71
time 14
note_off 76
time 38
note_on 67
velocity 65
time 18
note_off 67
time 52
note_on 77
velocity 85
time 59
note_on 53
velocity 61
time 14
note_on 70
velocity 63
time 4
note_off 70
time 12
note_off 53
time 9
note_on 65
velocity 71
time 19
note_off 77
time 44
note_off 65
time 38
note_on 70
velocity 66
time 11
note_on 46
velocity 70
time 4
note_off 46
time 31
note_off 70
time 10
note_on 74
velocity 72
time 40
note_off 74
time 35
note_on 67
velocity 70
time 5
note_on 86
velocity 94
time 0
note_on 62
velocity 65
time 4
note_on 58
velocity 63
time 5
note_on 79
velocity 73
time 7
note_off 79
time 0
note_off 62
time 4
note_off 67
time 0
note_off 58
time 7
note_off 86
time 22
note_on 74
velocity 68
time 37
note_off 74
time 34
note_on 86
velocity 92
time 63
note_on 58
velocity 55
time 7
note_on 62
velocity 46
time 0
note_on 65
velocity 56
time 5
note_on 79
velocity 65
time 10
note_off 62
time 18
note_off 65
time 0
note_off 79
time 10
note_off 58
time 5
note_off 86
time 13
note_on 77
velocity 74
time 28
note_off 77
time 37
note_on 82
velocity 85
time 82
note_on 77
velocity 61
time 4
note_on 58
velocity 67
time 18
note_off 77
time 9
note_on 70
velocity 71
time 51
note_off 58
time 14
note_off 82
time 9
note_off 70
time 8
note_on 77
velocity 82
time 55
note_on 51
velocity 45
time 18
note_off 51
time 38
note_on 79
velocity 89
time 47
note_off 77
time 4
note_off 79
time 39
note_on 69
velocity 75
time 57
note_on 62
velocity 71
time 4
note_on 77
velocity 91
time 5
note_on 58
velocity 62
time 4
note_off 69
time 4
note_off 62
time 9
note_off 58
time 5
note_off 77
time 13
note_on 74
velocity 82
time 48
note_off 74
time 43
note_on 58
velocity 57
time 55
note_on 62
velocity 58
time 11
note_on 67
velocity 60
time 0
note_on 79
velocity 87
time 0
note_off 62
time 34
note_off 67
time 0
note_off 58
time 9
note_off 79
time 16
note_on 75
velocity 75
time 36
note_off 75
time 35
note_on 81
velocity 80
time 76
note_on 62
velocity 60
time 2
note_off 81
time 45
note_off 62
time 4
note_on 74
velocity 76
time 8
note_off 74
time 56
note_on 53
velocity 48
time 31
note_on 81
velocity 66
time 20
note_off 53
time 17
note_off 81
time 71
note_on 86
velocity 66
time 4
note_off 86
time 33
note_on 74
velocity 46
time 11
note_on 89
velocity 68
time 4
note_on 65
velocity 35
time 15
note_on 82
velocity 28
time 0
note_off 89
time 4
note_off 82
time 5
note_off 74
time 4
note_on 77
velocity 71
time 22
note_off 77
time 46
note_on 69
velocity 59
time 63
note_on 89
velocity 78
time 4
note_on 82
velocity 51
time 4
note_off 69
time 30
note_off 82
time 8
note_off 89
time 25
note_off 65
time 5
note_on 81
velocity 67
time 29
note_off 81
time 38
note_on 86
velocity 81
time 0
note_on 65
velocity 64
time 4
note_on 81
velocity 74
time 3
note_off 81
time 16
note_off 65
time 3
note_off 86
time 4
note_on 74
velocity 79
time 5
note_off 74
time 32
note_on 58
velocity 67
time 45
note_on 81
velocity 74
time 28
note_off 58
time 8
note_off 81
time 21
note_on 81
velocity 79
time 73
note_off 81
time 9
note_on 69
velocity 68
time 7
note_on 77
velocity 75
time 4
note_on 93
velocity 91
time 0
note_on 86
velocity 81
time 0
note_off 86
time 0
note_off 77
time 4
note_off 93
time 10
note_on 81
velocity 81
time 0
note_off 81
time 52
note_on 74
velocity 81
time 45
note_on 93
velocity 97
time 2
note_on 86
velocity 81
time 9
note_off 74
time 20
note_off 86
time 17
note_off 69
time 17
note_off 93
time 20
note_on 84
velocity 78
time 20
note_off 84
time 29
note_on 69
velocity 80
time 16
note_on 89
velocity 94
time 0
note_on 84
velocity 81
time 6
note_off 84
time 15
note_off 89
time 6
note_on 77
velocity 87
time 12
note_off 69
time 9
note_off 77
time 30
note_on 62
velocity 68
time 41
note_on 84
velocity 86
time 14
note_off 62
time 19
note_off 84
time 18
note_on 84
velocity 76
time 72
note_off 84
time 88
note_on 89
velocity 97
time 11
note_on 69
velocity 81
time 2
note_on 77
velocity 86
time 0
note_on 96
velocity 100
time 0
note_off 89
time 15
note_off 96
time 16
note_on 84
velocity 88
time 17
note_off 77
time 4
note_off 84
time 53
note_on 74
velocity 95
time 58
note_on 91
velocity 92
time 0
note_on 96
velocity 95
time 0
note_off 69
time 34
note_off 74
time 21
note_off 91
time 8
note_off 96
time 9
note_on 89
velocity 90
time 27
note_off 89
time 38
note_on 93
velocity 103
time 0
note_on 69
velocity 91
time 2
note_off 93
time 8
note_off 69
time 14
note_on 81
velocity 87
time 7
note_on 63
velocity 67
time 98
note_off 81
time 5
note_on 84
velocity 86
time 0
note_off 63
time 29
note_on 89
velocity 92
time 63
note_off 84
time 14
note_off 89
time 33
note_on 96
velocity 105
time 11
note_on 72
velocity 93
time 8
note_on 81
velocity 91
time 0
note_off 81
time 0
note_on 84
velocity 92
time 0
note_off 96
time 10
note_off 72
time 23
note_off 84
time 22
note_on 77
velocity 98
time 45
note_on 89
velocity 94
time 6
note_on 96
velocity 102
time 4
note_off 77
time 25
note_on 88
velocity 91
time 73
note_off 89
time 12
note_off 96
time 10
note_off 88
time 32
note_on 84
velocity 101
time 11
note_on 65
velocity 73
time 4
note_on 72
velocity 94
time 0
note_on 76
velocity 99
time 0
note_on 88
velocity 108
time 0
note_on 69
velocity 76
time 4
note_off 65
time 6
note_off 88
time 0
note_off 84
time 6
note_off 76
time 3
note_off 72
time 6
note_off 69
time 6
note_on 84
velocity 95
time 231
note_on 88
velocity 99
time 0
note_off 88
time 45
note_off 84
time 7
note_on 82
velocity 96
time 67
note_on 79
velocity 77
time 21
note_off 79
time 35
note_off 82
time 5
note_on 84
velocity 93
time 29
note_on 88
velocity 106
time 0
note_off 88
time 0
note_off 84
time 4
note_on 78
velocity 90
time 0
note_on 81
velocity 86
time 0
note_off 81
time 12
note_off 78
time 9
note_on 81
velocity 94
time 33
note_on 93
velocity 103
time 4
note_off 81
time 42
note_off 93
time 5
note_on 72
velocity 95
time 48
note_off 72
time 72
note_on 81
velocity 92
time 39
note_on 84
velocity 90
time 5
note_off 81
time 47
note_off 84
time 5
note_on 80
velocity 91
time 47
note_on 77
velocity 75
time 13
note_off 77
time 45
note_off 80
time 6
note_on 81
velocity 98
time 32
note_on 84
velocity 92
time 4
note_off 81
time 53
note_off 84
time 13
note_on 79
velocity 94
time 20
note_on 76
velocity 91
time 4
note_off 76
time 59
note_off 79
time 0
note_on 81
velocity 99
time 51
note_on 84
velocity 93
time 4
note_off 81
time 46
note_off 84
time 11
note_on 75
velocity 90
time 31
note_on 78
velocity 93
time 5
note_off 78
time 43
note_off 75
time 4
note_on 76
velocity 96
time 63
note_on 88
velocity 96
time 0
note_off 76
time 46
note_off 88
time 0
note_on 69
velocity 81
time 44
note_off 69
time 63
note_on 78
velocity 85
time 57
note_on 81
velocity 76
time 4
note_off 78
time 41
note_off 81
time 0
note_on 74
velocity 74
time 56
note_on 77
velocity 79
time 5
note_off 74
time 41
note_off 77
time 0
note_on 81
velocity 84
time 51
note_on 78
velocity 87
time 4
note_off 81
time 55
note_off 78
time 8
note_on 73
velocity 86
time 42
note_on 76
velocity 88
time 0
note_off 73
time 40
note_off 76
time 9
note_on 78
velocity 92
time 48
note_on 81
velocity 89
time 0
note_off 81
time 55
note_off 78
time 7
note_on 72
velocity 89
time 33
note_on 75
velocity 85
time 9
note_off 75
time 23
note_off 72
time 11
note_on 72
velocity 96
time 66
note_on 84
velocity 88
time 4
note_off 84
time 45
note_off 72
time 4
note_on 64
velocity 82
time 27
note_on 72
velocity 96
time 112
note_on 76
velocity 92
time 8
note_off 64
time 30
note_on 69
velocity 85
time 69
note_off 72
time 20
note_off 76
time 13
note_off 69
time 48
note_on 71
velocity 83
time 25
note_on 75
velocity 89
time 4
note_off 75
time 53
note_off 71
time 22
note_on 64
velocity 85
time 29
note_off 64
time 110
note_on 72
velocity 92
time 0
note_on 76
velocity 95
time 0
note_off 72
time 84
note_on 69
velocity 81
time 14
note_off 76
time 21
note_off 69
time 50
note_on 74
velocity 86
time 32
note_on 70
velocity 81
time 10
note_off 70
time 35
note_off 74
time 13
note_on 64
velocity 82
time 47
note_off 64
time 83
note_on 72
velocity 89
time 25
note_on 76
velocity 92
time 0
note_off 72
time 77
note_on 69
velocity 78
time 21
note_off 76
time 18
note_off 69
time 46
note_on 69
velocity 58
time 35
note_on 73
velocity 82
time 4
note_off 69
time 52
note_off 73
time 0
note_on 64
velocity 76
time 57
note_off 64
time 79
note_on 72
velocity 80
time 16
note_on 76
velocity 85
time 4
note_off 72
time 50
note_on 69
velocity 77
time 52
note_off 76
time 4
note_off 69
time 42
note_on 72
velocity 70
time 58
note_on 68
velocity 68
time 22
note_off 72
time 36
note_on 64
velocity 70
time 55
note_off 68
time 0
note_off 64
time 37
note_on 72
velocity 75
time 73
note_on 76
velocity 75
time 8
note_off 72
time 23
note_off 76
time 9
note_on 68
velocity 59
time 459
note_on 60
velocity 45
time 11
note_on 52
velocity 42
time 5
note_on 64
velocity 31
time 10
note_off 68
time 12
note_off 60
time 6
note_off 52
time 9
note_off 64
time 9
note_on 57
velocity 39
time 9
note_off 57
time 17
note_on 64
velocity 41
time 51
note_on 69
velocity 44
time 88
note_off 64
time 25
note_on 72
velocity 51
time 75
note_off 69
time 39
note_on 76
velocity 63
time 54
note_on 81
velocity 85
time 34
note_off 81
time 28
note_off 76
time 36
note_on 69
velocity 59
time 11
note_off 72
time 25
note_off 69
time 80
note_on 76
velocity 68
time 16
note_on 69
velocity 70
time 98
note_off 76
time 0
note_on 72
velocity 86
time 13
note_off 69
time 4
note_on 60
velocity 91
time 5
note_off 60
time 0
note_on 64
velocity 78
time 14
note_off 72
time 10
note_on 69
velocity 78
time 81
note_off 64
time 31
note_on 72
velocity 87
time 66
note_off 69
time 40
note_on 84
velocity 98
time 63
note_on 76
velocity 86
time 10
note_off 84
time 35
note_off 72
time 17
note_on 69
velocity 74
time 48
note_off 76
time 11
note_off 69
time 94
note_on 76
velocity 84
time 5
note_on 69
velocity 79
time 98
note_off 76
time 0
note_off 69
time 7
note_on 57
velocity 94
time 4
note_on 72
velocity 91
time 5
note_off 57
time 44
note_on 64
velocity 83
time 4
note_off 72
time 9
note_on 69
velocity 77
time 88
note_off 64
time 17
note_on 72
velocity 83
time 75
note_off 69
time 26
note_on 76
velocity 89
time 82
note_on 81
velocity 95
time 4
note_off 72
time 33
note_off 81
time 0
note_on 69
velocity 72
time 71
note_off 76
time 8
note_off 69
time 88
note_on 76
velocity 78
time 6
note_off 76
time 90
note_on 69
velocity 74
time 9
note_off 69
time 65
note_on 53
velocity 92
time 7
note_on 72
velocity 87
time 0
note_off 53
time 50
note_on 60
velocity 74
time 11
note_off 72
time 20
note_on 65
velocity 75
time 70
note_off 60
time 25
note_on 69
velocity 74
time 81
note_off 65
time 16
note_on 72
velocity 80
time 103
note_on 77
velocity 97
time 0
note_off 69
time 28
note_off 77
time 4
note_off 72
time 70
note_on 65
velocity 68
time 9
note_off 65
time 92
note_on 72
velocity 75
time 14
note_off 72
time 76
note_on 65
velocity 62
time 30
note_off 65
time 40
note_on 50
velocity 85
time 18
note_on 69
velocity 74
time 0
note_off 50
time 39
note_on 57
velocity 70
time 0
note_off 69
time 14
note_on 62
velocity 72
time 81
note_off 57
time 13
note_on 65
velocity 64
time 95
note_off 62
time 7
note_on 74
velocity 92
time 84
note_on 69
velocity 62
time 15
note_off 74
time 16
note_off 65
time 11
note_off 69
time 63
note_on 62
velocity 66
time 13
note_off 62
time 73
note_on 69
velocity 57
time 32
note_off 69
time 62
note_on 62
velocity 54
time 48
note_off 62
time 38
note_on 46
velocity 77
time 12
note_on 65
velocity 69
time 5
note_off 46
time 30
note_on 53
velocity 61
time 5
note_off 65
time 76
note_on 58
velocity 62
time 5
note_off 53
time 9
note_on 62
velocity 54
time 100
note_off 58
time 6
note_off 62
time 48
note_on 70
velocity 86
time 17
note_on 65
velocity 58
time 11
note_off 70
time 17
note_off 65
time 70
note_on 58
velocity 59
time 20
note_off 58
time 87
note_on 65
velocity 51
time 35
note_off 65
time 45
note_on 58
velocity 47
time 44
note_off 58
time 41
note_on 43
velocity 68
time 8
note_on 62
velocity 62
time 0
note_off 43
time 37
note_on 50
velocity 56
time 20
note_off 62
time 55
note_off 50
time 15
note_on 55
velocity 58
time 30
note_off 55
time 91
note_on 58
velocity 45
time 15
note_off 58
time 64
note_on 62
velocity 57
time 28
note_on 67
velocity 71
time 0
note_off 67
time 34
note_off 62
time 35
note_on 55
velocity 47
time 39
note_off 55
time 58
note_on 62
velocity 46
time 73
note_off 62
time 61
note_on 55
velocity 41
time 13
note_off 55
time 73
note_on 58
velocity 43
time 0
note_on 41
velocity 64
time 4
note_off 58
time 15
note_off 41
time 8
note_on 50
velocity 48
time 5
note_off 50
time 66
note_on 55
velocity 48
time 42
note_off 55
time 76
note_on 58
velocity 46
time 33
note_off 58
time 97
note_on 65
velocity 56
time 27
note_off 65
time 39
note_on 62
velocity 46
time 19
note_off 62
time 92
note_on 58
velocity 41
time 43
note_off 58
time 80
note_on 62
velocity 45
time 77
note_on 58
velocity 36
time 126
note_off 58
time 90
note_off 62
time 60
note_on 26
velocity 53
time 152
note_on 38
velocity 46
time 22
note_on 57
velocity 46
time 13
note_on 53
velocity 33
time 7
note_off 53
time 15
note_off 57
time 11
note_off 26
time 38
note_off 38
time 37
note_on 60
velocity 38
time 321
note_on 64
velocity 47
time 17
note_on 45
velocity 38
time 26
note_off 60
time 28
note_off 64
time 20
note_on 69
velocity 50
time 4
note_off 69
time 38
note_on 69
velocity 68
time 87
note_on 50
velocity 43
time 31
note_on 64
velocity 39
time 16
note_off 69
time 8
note_off 64
time 33
note_on 72
velocity 71
time 17
note_off 72
time 29
note_off 50
time 30
note_on 72
velocity 72
time 37
note_off 45
time 7
note_on 53
velocity 58
time 0
note_off 72
time 37
note_off 53
time 1
note_on 76
velocity 76
time 50
note_off 76
time 35
note_on 81
velocity 82
time 69
note_on 72
velocity 67
time 7
note_on 60
velocity 53
time 35
note_off 72
time 10
note_off 60
time 81
note_on 57
velocity 50
time 181
note_on 76
velocity 54
time 16
note_off 57
time 44
note_off 76
time 4
note_on 72
velocity 54
time 50
note_off 72
time 54
note_on 50
velocity 44
time 33
note_on 76
velocity 58
time 13
note_off 50
time 27
note_off 76
time 38
note_on 71
velocity 59
time 50
note_off 71
time 38
note_on 45
velocity 59
time 39
note_on 76
velocity 67
time 15
note_off 45
time 28
note_off 76
time 53
note_off 81
time 33
note_on 69
velocity 47
time 13
note_off 69
time 31
note_on 60
velocity 73
time 57
note_on 81
velocity 90
time 6
note_on 76
velocity 83
time 5
note_off 60
time 45
note_off 76
time 20
note_on 74
velocity 83
time 36
note_off 74
time 54
note_on 76
velocity 88
time 41
note_on 57
velocity 68
time 11
note_off 57
time 67
note_off 76
time 0
note_on 72
velocity 85
time 20
note_off 72
time 72
note_on 76
velocity 90
time 30
note_on 50
velocity 75
time 4
note_on 53
velocity 66
time 5
note_off 50
time 37
note_off 53
time 0
note_off 76
time 39
note_on 71
velocity 86
time 19
note_off 71
time 64
note_on 76
velocity 96
time 38
note_on 45
velocity 75
time 2
note_off 45
time 53
note_off 81
time 7
note_off 76
time 28
note_on 69
velocity 82
time 16
note_off 69
time 56
note_on 81
velocity 96
time 47
note_on 76
velocity 102
time 5
note_on 60
velocity 68
time 12
note_on 62
velocity 68
time 0
note_off 62
time 39
note_off 60
time 4
note_off 76
time 41
note_on 74
velocity 92
time 7
note_off 81
time 36
note_off 74
time 22
note_on 57
velocity 81
time 42
note_on 76
velocity 99
time 7
note_off 57
time 68
note_off 76
time 29
note_on 72
velocity 91
time 7
note_off 72
time 62
note_on 50
velocity 83
time 42
note_on 76
velocity 102
time 4
note_on 53
velocity 78
time 3
note_off 53
time 36
note_off 50
time 7
note_on 71
velocity 92
time 79
note_off 76
time 13
note_off 71
time 70
note_on 45
velocity 85
time 36
note_on 76
velocity 109
time 4
note_off 45
time 30
note_on 69
velocity 88
time 97
note_off 76
time 38
note_off 69
time 14
note_on 38
velocity 98
time 2
note_on 26
velocity 96
time 7
note_on 91
velocity 104
time 0
note_on 89
velocity 94
time 4
note_on 92
velocity 78
time 4
note_off 26
time 10
note_off 38
time 7
note_off 89
time 89
note_off 91
time 2
note_off 92
time 10
note_on 89
velocity 79
time 122
note_on 88
velocity 81
time 5
note_on 86
velocity 81
time 64
note_off 88
time 0
note_off 89
time 0
note_on 45
velocity 79
time 4
note_off 86
time 77
note_on 90
velocity 63
time 13
note_on 95
velocity 59
time 9
note_on 93
velocity 66
time 4
note_off 90
time 27
note_on 50
velocity 86
time 42
note_off 93
time 5
note_on 86
velocity 83
time 4
note_off 95
time 0
note_off 45
time 53
note_off 86
time 9
note_on 90
velocity 82
time 37
note_on 93
velocity 75
time 15
note_off 50
time 18
note_on 92
velocity 46
time 0
note_on 54
velocity 95
time 26
note_off 92
time 14
note_off 90
time 9
note_off 54
time 33
note_off 93
time 19
note_on 85
velocity 78
time 34
note_off 85
time 89
note_on 57
velocity 95
time 15
note_on 59
velocity 89
time 2
note_on 93
velocity 67
time 4
note_on 90
velocity 38
time 38
note_off 57
time 21
note_off 59
time 3
note_off 90
time 27
note_off 93
time 34
note_on 83
velocity 73
time 11
note_on 62
velocity 104
time 61
note_off 83
time 16
note_off 62
time 29
note_on 90
velocity 41
time 18
note_on 93
velocity 60
time 7
note_on 92
velocity 27
time 15
note_off 90
time 43
note_off 92
time 0
note_off 93
time 9
note_on 80
velocity 77
time 69
note_on 66
velocity 110
time 5
note_off 66
time 45
note_off 80
time 39
note_on 69
velocity 98
time 139
note_on 80
velocity 84
time 4
note_off 80
time 32
note_off 69
time 31
note_on 79
velocity 19
time 15
note_off 79
time 56
note_on 60
velocity 88
time 0
note_on 72
velocity 109
time 0
note_on 81
velocity 88
time 4
note_on 80
velocity 64
time 5
note_on 79
velocity 75
time 4
note_on 78
velocity 40
time 10
note_off 72
time 9
note_off 60
time 9
note_off 79
time 11
note_off 78
time 2
note_off 80
time 5
note_on 77
velocity 46
time 13
note_off 81
time 6
note_on 76
velocity 59
time 13
note_off 76
time 11
note_on 79
velocity 63
time 29
note_off 77
time 4
note_on 80
velocity 54
time 15
note_off 79
time 29
note_off 80
time 0
note_on 63
velocity 29
time 40
note_on 74
velocity 84
time 0
note_on 81
velocity 40
time 9
note_off 81
time 37
note_off 74
time 17
note_off 63
time 5
note_on 69
velocity 105
time 45
note_on 57
velocity 88
time 14
note_on 78
velocity 76
time 0
note_on 81
velocity 72
time 4
note_on 73
velocity 89
time 48
note_off 78
time 0
note_off 81
time 13
note_off 69
time 23
note_off 73
time 10
note_off 57
time 4
note_on 78
velocity 75
time 5
note_on 81
velocity 48
time 25
note_off 78
time 78
note_on 71
velocity 88
time 2
note_off 81
time 20
note_off 71
time 60
note_on 81
velocity 83
time 29
note_on 78
velocity 80
time 14
note_off 81
time 71
note_off 78
time 8
note_on 69
velocity 83
time 14
note_off 69
time 51
note_on 81
velocity 78
time 14
note_on 78
velocity 74
time 5
note_off 81
time 4
note_off 78
time 8
note_on 68
velocity 90
time 6
note_off 68
time 6
note_on 81
velocity 74
time 9
note_on 78
velocity 66
time 0
note_off 78
time 5
note_off 81
time 0
note_on 67
velocity 80
time 36
note_off 67
time 41
note_on 78
velocity 75
time 54
note_off 78
time 52
note_on 66
velocity 67
time 66
note_off 66
time 21
note_on 69
velocity 53
time 9
note_on 65
velocity 44
time 9
note_off 65
time 5
note_on 66
velocity 50
time 4
note_off 69
time 4
note_off 66
time 47
note_on 57
velocity 38
time 39
note_on 61
velocity 41
time 4
note_off 57
time 65
note_on 62
velocity 52
time 45
note_off 61
time 18
note_off 62
time 34
note_on 69
velocity 50
time 45
note_on 65
velocity 41
time 9
note_off 65
time 90
note_on 66
velocity 57
time 13
note_off 69
time 9
note_off 66
time 35
note_on 58
velocity 45
time 55
note_on 62
velocity 54
time 5
note_off 58
time 69
note_off 62
time 18
note_on 63
velocity 60
time 8
note_off 63
time 55
note_on 69
velocity 60
time 35
note_on 65
velocity 56
time 7
note_off 65
time 107
note_on 66
velocity 68
time 9
note_off 69
time 0
note_off 66
time 50
note_on 63
velocity 63
time 57
note_on 59
velocity 44
time 13
note_off 59
time 100
note_on 64
velocity 66
time 4
note_off 63
time 13
note_off 64
time 30
note_on 69
velocity 65
time 37
note_on 65
velocity 66
time 8
note_on 66
velocity 81
time 89
note_off 65
time 22
note_off 69
time 15
note_off 66
time 42
note_on 64
velocity 77
time 51
note_on 60
velocity 68
time 8
note_off 64
time 92
note_on 65
velocity 71
time 7
note_off 60
time 6
note_off 65
time 45
note_on 69
velocity 87
time 28
note_on 65
velocity 66
time 4
note_on 66
velocity 88
time 98
note_off 69
time 26
note_off 65
time 5
note_off 66
time 57
note_on 61
velocity 78
time 18
note_on 65
velocity 81
time 98
note_off 61
time 28
note_off 65
time 6
note_on 65
velocity 80
time 65
note_on 69
velocity 92
time 0
note_on 66
velocity 90
time 100
note_off 65
time 31
note_off 69
time 4
note_off 66
time 60
note_on 62
velocity 88
time 18
note_on 65
velocity 83
time 90
note_off 62
time 15
note_off 65
time 29
note_on 69
velocity 95
time 66
note_on 65
velocity 89
time 7
note_on 66
velocity 95
time 94
note_off 69
time 29
note_off 65
time 5
note_off 66
time 55
note_on 63
velocity 89
time 34
note_on 67
velocity 88
time 103
note_off 63
time 19
note_off 67
time 27
note_on 69
velocity 94
time 55
note_on 65
velocity 89
time 4
note_on 66
velocity 91
time 93
note_off 69
time 26
note_off 65
time 4
note_off 66
time 40
note_on 64
velocity 83
time 48
note_on 68
velocity 93
time 93
note_off 64
time 9
note_off 68
time 25
note_on 65
velocity 97
time 76
note_on 69
velocity 97
time 2
note_off 65
time 32
note_off 69
time 5
note_on 65
velocity 59
time 451
note_on 69
velocity 70
time 0
note_off 69
time 31
note_off 65
time 11
note_on 69
velocity 53
time 426
note_on 65
velocity 45
time 5
note_off 65
time 37
note_off 69
time 0
note_on 65
velocity 44
time 442
note_on 69
velocity 49
time 0
note_off 65
time 37
note_off 69
time 0
note_on 68
velocity 66
time 398
note_on 64
velocity 43
time 22
note_off 68
time 13
note_off 64
time 22
note_on 65
velocity 40
time 238
note_on 69
velocity 50
time 4
note_off 65
time 62
note_off 69
time 0
note_on 72
velocity 55
time 6
note_off 72
time 37
note_on 68
velocity 75
time 17
note_on 64
velocity 61
time 15
note_off 68
time 20
note_off 64
time 17
note_on 65
velocity 43
time 221
note_on 69
velocity 52
time 9
note_off 69
time 65
note_off 65
time 5
note_on 72
velocity 64
time 0
note_off 72
time 46
note_on 71
velocity 85
time 33
note_on 68
velocity 69
time 17
note_off 71
time 10
note_off 68
time 21
note_on 65
velocity 46
time 225
note_on 69
velocity 52
time 0
note_off 65
time 82
note_off 69
time 0
note_on 72
velocity 63
time 4
note_off 72
time 42
note_on 71
velocity 83
time 23
note_on 68
velocity 73
time 11
note_off 71
time 17
note_off 68
time 14
note_on 69
velocity 50
time 232
note_on 65
velocity 43
time 5
note_off 69
time 65
note_on 72
velocity 63
time 0
note_off 65
time 4
note_off 72
time 47
note_on 75
velocity 80
time 37
note_on 71
velocity 68
time 11
note_off 75
time 18
note_off 71
time 16
note_on 65
velocity 45
time 211
note_on 69
velocity 47
time 7
note_off 69
time 68
note_off 65
time 2
note_on 72
velocity 52
time 16
note_off 72
time 60
note_on 75
velocity 59
time 20
note_on 71
velocity 59
time 5
note_off 75
time 34
note_off 71
time 5
note_on 65
velocity 34
time 218
note_on 69
velocity 38
time 6
note_off 69
time 73
note_on 72
velocity 49
time 4
note_off 65
time 16
note_off 72
time 51
note_on 75
velocity 56
time 22
note_on 71
velocity 54
time 4
note_off 75
time 37
note_off 71
time 5
note_on 69
velocity 40
time 214
note_on 65
velocity 33
time 5
note_off 69
time 72
note_off 65
time 15
note_on 72
velocity 44
time 0
note_off 72
time 62
note_on 75
velocity 53
time 26
note_on 71
velocity 50
time 4
note_off 71
time 31
note_off 75
time 4
note_on 65
velocity 27
time 227
note_on 69
velocity 36
time 18
note_off 65
time 66
note_off 69
time 16
note_on 72
velocity 39
time 6
note_off 72
time 73
note_on 84
velocity 51
time 20
note_on 81
velocity 47
time 8
note_off 81
time 28
note_off 84
time 4
note_on 64
velocity 36
time 892
note_on 40
velocity 23
time 20
note_on 56
velocity 33
time 0
note_on 60
velocity 30
time 9
note_on 52
velocity 25
time 14
note_on 48
velocity 22
time 9
note_off 60
time 52
note_off 48
time 26
note_off 56
time 4
note_off 52
time 4
note_off 40
time 26
note_off 64
time 20
note_on 33
velocity 99
time 9
note_off 33
time 71
note_on 81
velocity 102
time 504
note_on 76
velocity 101
time 2
note_on 52
velocity 81
time 7
note_on 64
velocity 91
time 0
note_on 60
velocity 83
time 4
note_on 57
velocity 76
time 5
note_on 74
velocity 98
time 206
note_off 76
time 11
note_on 76
velocity 101
time 100
note_off 74
time 13
note_on 72
velocity 99
time 87
note_on 69
velocity 99
time 120
note_off 52
time 2114
note_off 57
time 5
note_off 60
time 0
note_off 64
time 7
note_off 81
time 6
note_off 69
time 28
note_off 76
time 4
note_off 72
time 4
