note_on 45
velocity 53
time 42
note_on 60
velocity 63
time 0
note_on 69
velocity 61
time 0
note_on 45
velocity 0
time 31
note_on 60
velocity 0
time 17
note_on 69
velocity 0
time 4
note_on 70
velocity 68
time 42
note_on 70
velocity 0
time 82
note_on 71
velocity 68
time 21
note_on 71
velocity 0
time 86
note_on 72
velocity 68
time 5
note_on 72
velocity 0
time 80
note_on 64
velocity 67
time 10
note_on 57
velocity 57
time 4
note_on 52
velocity 50
time 5
note_on 69
velocity 56
time 0
note_on 73
velocity 70
time 0
note_on 60
velocity 21
time 20
note_on 52
velocity 0
time 8
note_on 57
velocity 0
time 0
note_on 64
velocity 0
time 9
note_on 69
velocity 0
time 7
note_on 60
velocity 0
time 28
note_on 73
velocity 0
time 6
note_on 74
velocity 63
time 11
note_on 74
velocity 0
time 70
note_on 75
velocity 62
time 31
note_on 75
velocity 0
time 60
note_on 76
velocity 66
time 34
note_on 45
velocity 56
time 82
note_on 76
velocity 0
time 5
note_on 77
velocity 82
time 0
note_on 69
velocity 65
time 11
note_on 45
velocity 0
time 19
note_on 74
velocity 42
time 5
note_on 69
velocity 0
time 32
note_on 74
velocity 0
time 0
note_on 77
velocity 0
time 0
note_on 78
velocity 75
time 28
note_on 78
velocity 0
time 66
note_on 79
velocity 67
time 31
note_on 79
velocity 0
time 71
note_on 80
velocity 68
time 16
note_on 80
velocity 0
time 68
note_on 57
velocity 70
time 22
note_on 62
velocity 64
time 0
note_on 53
velocity 66
time 5
note_on 81
velocity 68
time 0
note_on 74
velocity 70
time 11
note_on 77
velocity 23
time 7
note_on 62
velocity 0
time 4
note_on 57
velocity 0
time 11
note_on 53
velocity 0
time 6
note_on 77
velocity 0
time 0
note_on 81
velocity 0
time 20
note_on 74
velocity 0
time 32
note_on 82
velocity 73
time 0
note_on 82
velocity 0
time 73
note_on 83
velocity 72
time 16
note_on 83
velocity 0
time 89
note_on 84
velocity 69
time 0
note_on 84
velocity 0
time 94
note_on 85
velocity 75
time 4
note_on 33
velocity 65
time 5
note_on 76
velocity 71
time 2
note_on 45
velocity 53
time 9
note_on 81
velocity 42
time 4
note_on 33
velocity 0
time 5
note_on 45
velocity 0
time 0
note_on 81
velocity 0
time 5
note_on 76
velocity 0
time 9
note_on 85
velocity 0
time 5
note_on 86
velocity 77
time 0
note_on 86
velocity 0
time 89
note_on 87
velocity 77
time 7
note_on 87
velocity 0
time 86
note_on 88
velocity 78
time 9
note_on 88
velocity 0
time 85
note_on 89
velocity 87
time 5
note_on 57
velocity 75
time 6
note_on 52
velocity 70
time 5
note_on 60
velocity 77
time 0
note_on 81
velocity 60
time 9
note_on 57
velocity 0
time 0
note_on 52
velocity 0
time 5
note_on 60
velocity 0
time 0
note_on 81
velocity 0
time 14
note_on 88
velocity 80
time 47
note_on 89
velocity 0
time 5
note_on 87
velocity 75
time 86
note_on 88
velocity 0
time 4
note_on 87
velocity 0
time 36
note_on 86
velocity 75
time 59
note_on 60
velocity 68
time 95
note_on 85
velocity 78
time 0
note_on 57
velocity 62
time 4
note_on 64
velocity 73
time 0
note_on 86
velocity 0
time 0
note_on 76
velocity 73
time 4
note_on 57
velocity 0
time 21
note_on 64
velocity 0
time 0
note_on 60
velocity 0
time 3
note_on 76
velocity 0
time 11
note_on 85
velocity 0
time 16
note_on 84
velocity 67
time 44
note_on 84
velocity 0
time 75
note_on 83
velocity 70
time 5
note_on 83
velocity 0
time 106
note_on 82
velocity 65
time 11
note_on 82
velocity 0
time 59
note_on 81
velocity 70
time 18
note_on 72
velocity 76
time 4
note_on 76
velocity 72
time 0
note_on 72
velocity 0
time 33
note_on 76
velocity 0
time 0
note_on 81
velocity 0
time 42
note_on 80
velocity 79
time 13
note_on 80
velocity 0
time 103
note_on 83
velocity 62
time 14
note_on 83
velocity 0
time 83
note_on 81
velocity 68
time 9
note_on 40
velocity 57
time 79
note_on 81
velocity 0
time 4
note_on 80
velocity 75
time 5
note_on 71
velocity 69
time 8
note_on 40
velocity 0
time 19
note_on 80
velocity 0
time 9
note_on 71
velocity 0
time 11
note_on 79
velocity 71
time 46
note_on 79
velocity 0
time 67
note_on 78
velocity 73
time 28
note_on 78
velocity 0
time 72
note_on 77
velocity 63
time 36
note_on 59
velocity 59
time 67
note_on 62
velocity 60
time 0
note_on 52
velocity 67
time 5
note_on 77
velocity 0
time 0
note_on 68
velocity 69
time 6
note_on 76
velocity 72
time 0
note_on 62
velocity 0
time 11
note_on 59
velocity 0
time 7
note_on 52
velocity 0
time 15
note_on 68
velocity 0
time 32
note_on 75
velocity 71
time 33
note_on 76
velocity 0
time 0
note_on 75
velocity 0
time 59
note_on 77
velocity 73
time 11
note_on 77
velocity 0
time 90
note_on 76
velocity 69
time 6
note_on 76
velocity 0
time 89
note_on 69
velocity 65
time 14
note_on 75
velocity 66
time 0
note_on 45
velocity 56
time 7
note_on 75
velocity 0
time 20
note_on 45
velocity 0
time 13
note_on 69
velocity 0
time 0
note_on 74
velocity 77
time 43
note_on 74
velocity 0
time 85
note_on 73
velocity 71
time 23
note_on 73
velocity 0
time 56
note_on 72
velocity 72
time 25
note_on 72
velocity 0
time 86
note_on 60
velocity 70
time 13
note_on 71
velocity 67
time 0
note_on 52
velocity 64
time 9
note_on 64
velocity 67
time 0
note_on 69
velocity 61
time 0
note_on 57
velocity 55
time 4
note_on 60
velocity 0
time 8
note_on 52
velocity 0
time 14
note_on 57
velocity 0
time 11
note_on 64
velocity 0
time 21
note_on 69
velocity 0
time 5
note_on 71
velocity 0
time 8
note_on 72
velocity 73
time 16
note_on 72
velocity 0
time 85
note_on 74
velocity 73
time 9
note_on 74
velocity 0
time 82
note_on 72
velocity 74
time 11
note_on 72
velocity 0
time 96
note_on 71
velocity 76
time 4
note_on 52
velocity 55
time 12
note_on 64
velocity 60
time 0
note_on 68
velocity 64
time 0
note_on 52
velocity 0
time 40
note_on 64
velocity 0
time 4
note_on 68
velocity 0
time 13
note_on 71
velocity 0
time 9
note_on 72
velocity 79
time 11
note_on 72
velocity 0
time 84
note_on 71
velocity 75
time 11
note_on 71
velocity 0
time 80
note_on 72
velocity 77
time 12
note_on 72
velocity 0
time 59
note_on 71
velocity 87
time 41
note_on 53
velocity 77
time 6
note_on 59
velocity 81
time 0
note_on 69
velocity 71
time 0
note_on 63
velocity 85
time 2
note_on 69
velocity 0
time 4
note_on 72
velocity 83
time 9
note_on 71
velocity 0
time 5
note_on 72
velocity 0
time 92
note_on 71
velocity 75
time 19
note_on 63
velocity 0
time 73
note_on 71
velocity 0
time 0
note_on 72
velocity 80
time 12
note_on 53
velocity 0
time 4
note_on 59
velocity 0
time 5
note_on 52
velocity 62
time 9
note_on 68
velocity 82
time 4
note_on 72
velocity 0
time 0
note_on 71
velocity 77
time 16
note_on 52
velocity 0
time 5
note_on 68
velocity 0
time 21
note_on 71
velocity 0
time 45
note_on 76
velocity 81
time 11
note_on 76
velocity 0
time 87
note_on 75
velocity 79
time 5
note_on 75
velocity 0
time 77
note_on 74
velocity 74
time 21
note_on 68
velocity 68
time 79
note_on 62
velocity 73
time 8
note_on 73
velocity 80
time 0
note_on 74
velocity 0
time 0
note_on 68
velocity 0
time 17
note_on 62
velocity 0
time 9
note_on 73
velocity 0
time 62
note_on 72
velocity 77
time 7
note_on 72
velocity 0
time 73
note_on 71
velocity 69
time 11
note_on 71
velocity 0
time 55
note_on 70
velocity 72
time 38
note_on 70
velocity 0
time 68
note_on 60
velocity 73
time 30
note_on 69
velocity 69
time 0
note_on 43
velocity 39
time 18
note_on 60
velocity 0
time 43
note_on 43
velocity 0
time 23
note_on 70
velocity 68
time 25
note_on 69
velocity 0
time 7
note_on 70
velocity 0
time 43
note_on 71
velocity 70
time 29
note_on 71
velocity 0
time 101
note_on 72
velocity 65
time 5
note_on 72
velocity 0
time 75
note_on 73
velocity 74
time 4
note_on 60
velocity 60
time 5
note_on 64
velocity 72
time 0
note_on 57
velocity 57
time 4
note_on 69
velocity 63
time 0
note_on 52
velocity 58
time 2
note_on 60
velocity 0
time 16
note_on 52
velocity 0
time 16
note_on 57
velocity 0
time 0
note_on 64
velocity 0
time 4
note_on 69
velocity 0
time 5
note_on 73
velocity 0
time 39
note_on 74
velocity 61
time 16
note_on 74
velocity 0
time 78
note_on 75
velocity 71
time 15
note_on 75
velocity 0
time 63
note_on 76
velocity 69
time 37
note_on 45
velocity 65
time 90
note_on 69
velocity 66
time 9
note_on 76
velocity 0
time 0
note_on 77
velocity 76
time 0
note_on 45
velocity 0
time 27
note_on 69
velocity 0
time 16
note_on 77
velocity 0
time 28
note_on 78
velocity 73
time 21
note_on 78
velocity 0
time 76
note_on 79
velocity 70
time 20
note_on 79
velocity 0
time 84
note_on 80
velocity 65
time 20
note_on 80
velocity 0
time 54
note_on 57
velocity 72
time 27
note_on 53
velocity 72
time 4
note_on 62
velocity 60
time 0
note_on 74
velocity 66
time 5
note_on 81
velocity 68
time 0
note_on 62
velocity 0
time 20
note_on 53
velocity 0
time 6
note_on 57
velocity 0
time 0
note_on 74
velocity 0
time 47
note_on 81
velocity 0
time 4
note_on 82
velocity 73
time 13
note_on 82
velocity 0
time 72
note_on 83
velocity 68
time 26
note_on 84
velocity 64
time 86
note_on 83
velocity 0
time 5
note_on 84
velocity 0
time 93
note_on 85
velocity 74
time 5
note_on 33
velocity 66
time 4
note_on 45
velocity 70
time 0
note_on 76
velocity 66
time 6
note_on 81
velocity 52
time 9
note_on 33
velocity 0
time 9
note_on 45
velocity 0
time 4
note_on 81
velocity 0
time 4
note_on 76
velocity 0
time 9
note_on 85
velocity 0
time 7
note_on 86
velocity 73
time 4
note_on 87
velocity 76
time 96
note_on 86
velocity 0
time 4
note_on 87
velocity 0
time 78
note_on 88
velocity 79
time 15
note_on 57
velocity 79
time 0
note_on 89
velocity 86
time 0
note_on 52
velocity 70
time 5
note_on 60
velocity 74
time 0
note_on 88
velocity 0
time 0
note_on 81
velocity 62
time 4
note_on 52
velocity 0
time 13
note_on 57
velocity 0
time 0
note_on 60
velocity 0
time 5
note_on 81
velocity 0
time 17
note_on 88
velocity 78
time 32
note_on 89
velocity 0
time 36
note_on 87
velocity 74
time 66
note_on 88
velocity 0
time 0
note_on 87
velocity 0
time 33
note_on 86
velocity 79
time 58
note_on 60
velocity 71
time 96
note_on 64
velocity 74
time 2
note_on 57
velocity 65
time 7
note_on 85
velocity 74
time 0
note_on 76
velocity 77
time 4
note_on 86
velocity 0
time 0
note_on 64
velocity 0
time 13
note_on 57
velocity 0
time 7
note_on 60
velocity 0
time 4
note_on 76
velocity 0
time 14
note_on 85
velocity 0
time 0
note_on 84
velocity 64
time 54
note_on 84
velocity 0
time 78
note_on 83
velocity 70
time 9
note_on 82
velocity 68
time 104
note_on 83
velocity 0
time 0
note_on 82
velocity 0
time 69
note_on 81
velocity 75
time 13
note_on 72
velocity 73
time 2
note_on 76
velocity 65
time 5
note_on 72
velocity 0
time 27
note_on 76
velocity 0
time 0
note_on 80
velocity 82
time 59
note_on 81
velocity 0
time 2
note_on 83
velocity 70
time 105
note_on 80
velocity 0
time 4
note_on 81
velocity 66
time 80
note_on 83
velocity 0
time 0
note_on 81
velocity 0
time 33
note_on 47
velocity 67
time 63
note_on 79
velocity 85
time 13
note_on 71
velocity 74
time 6
note_on 47
velocity 0
time 18
note_on 71
velocity 0
time 27
note_on 79
velocity 0
time 27
note_on 80
velocity 72
time 16
note_on 80
velocity 0
time 93
note_on 81
velocity 69
time 16
note_on 81
velocity 0
time 82
note_on 82
velocity 66
time 9
note_on 82
velocity 0
time 64
note_on 64
velocity 76
time 14
note_on 67
velocity 71
time 0
note_on 59
velocity 75
time 14
note_on 76
velocity 71
time 0
note_on 83
velocity 79
time 0
note_on 67
velocity 0
time 6
note_on 64
velocity 0
time 15
note_on 59
velocity 0
time 11
note_on 76
velocity 0
time 51
note_on 84
velocity 77
time 11
note_on 83
velocity 0
time 2
note_on 83
velocity 75
time 107
note_on 84
velocity 0
time 6
note_on 82
velocity 72
time 86
note_on 83
velocity 0
time 4
note_on 82
velocity 0
time 23
note_on 47
velocity 75
time 57
note_on 81
velocity 82
time 6
note_on 75
velocity 71
time 21
note_on 47
velocity 0
time 6
note_on 81
velocity 0
time 51
note_on 80
velocity 74
time 10
note_on 75
velocity 0
time 6
note_on 80
velocity 0
time 67
note_on 79
velocity 74
time 29
note_on 79
velocity 0
time 82
note_on 78
velocity 74
time 9
note_on 66
velocity 76
time 91
note_on 77
velocity 81
time 11
note_on 59
velocity 72
time 4
note_on 69
velocity 62
time 0
note_on 71
velocity 65
time 0
note_on 75
velocity 71
time 0
note_on 78
velocity 0
time 0
note_on 66
velocity 0
time 16
note_on 69
velocity 0
time 5
note_on 71
velocity 0
time 4
note_on 59
velocity 0
time 4
note_on 75
velocity 0
time 48
note_on 77
velocity 0
time 6
note_on 78
velocity 84
time 0
note_on 78
velocity 0
time 76
note_on 79
velocity 76
time 18
note_on 78
velocity 73
time 97
note_on 79
velocity 0
time 0
note_on 76
velocity 83
time 85
note_on 52
velocity 76
time 7
note_on 68
velocity 87
time 0
note_on 64
velocity 53
time 11
note_on 78
velocity 0
time 18
note_on 52
velocity 0
time 9
note_on 64
velocity 0
time 0
note_on 68
velocity 0
time 13
note_on 76
velocity 0
time 5
note_on 77
velocity 78
time 41
note_on 77
velocity 0
time 81
note_on 75
velocity 77
time 4
note_on 75
velocity 0
time 75
note_on 76
velocity 79
time 19
note_on 52
velocity 81
time 107
note_on 65
velocity 80
time 0
note_on 69
velocity 79
time 0
note_on 74
velocity 80
time 0
note_on 40
velocity 75
time 5
note_on 76
velocity 0
time 0
note_on 65
velocity 0
time 4
note_on 69
velocity 0
time 4
note_on 76
velocity 80
time 4
note_on 74
velocity 0
time 5
note_on 76
velocity 0
time 42
note_on 73
velocity 86
time 5
note_on 73
velocity 0
time 67
note_on 74
velocity 84
time 26
note_on 74
velocity 0
time 82
note_on 69
velocity 67
time 20
note_on 72
velocity 65
time 0
note_on 64
velocity 62
time 4
note_on 64
velocity 0
time 39
note_on 69
velocity 0
time 0
note_on 72
velocity 0
time 16
note_on 74
velocity 77
time 0
note_on 52
velocity 0
time 8
note_on 40
velocity 0
time 19
note_on 74
velocity 0
time 42
note_on 71
velocity 71
time 11
note_on 71
velocity 0
time 60
note_on 72
velocity 71
time 42
note_on 72
velocity 0
time 78
note_on 52
velocity 53
time 22
note_on 71
velocity 61
time 3
note_on 68
velocity 45
time 4
note_on 40
velocity 45
time 7
note_on 62
velocity 50
time 0
note_on 52
velocity 0
time 21
note_on 62
velocity 0
time 11
note_on 68
velocity 0
time 0
note_on 40
velocity 0
time 12
note_on 71
velocity 0
time 38
note_on 72
velocity 73
time 4
note_on 72
velocity 0
time 72
note_on 70
velocity 59
time 46
note_on 70
velocity 0
time 56
note_on 71
velocity 53
time 39
note_on 71
velocity 0
time 112
note_on 45
velocity 42
time 28
note_on 69
velocity 45
time 4
note_on 45
velocity 0
time 32
note_on 69
velocity 0
time 57
note_on 70
velocity 54
time 18
note_on 70
velocity 0
time 41
note_on 71
velocity 59
time 34
note_on 71
velocity 0
time 84
note_on 72
velocity 59
time 32
note_on 72
velocity 0
time 48
note_on 60
velocity 69
time 7
note_on 57
velocity 62
time 4
note_on 73
velocity 64
time 7
note_on 52
velocity 60
time 4
note_on 64
velocity 60
time 4
note_on 60
velocity 0
time 5
note_on 69
velocity 42
time 6
note_on 57
velocity 0
time 5
note_on 52
velocity 0
time 5
note_on 64
velocity 0
time 8
note_on 69
velocity 0
time 15
note_on 73
velocity 0
time 8
note_on 74
velocity 63
time 30
note_on 74
velocity 0
time 85
note_on 75
velocity 62
time 25
note_on 75
velocity 0
time 72
note_on 76
velocity 57
time 37
note_on 45
velocity 59
time 60
note_on 76
velocity 0
time 5
note_on 77
velocity 57
time 13
note_on 69
velocity 42
time 4
note_on 45
velocity 0
time 15
note_on 69
velocity 0
time 36
note_on 77
velocity 0
time 7
note_on 78
velocity 63
time 27
note_on 78
velocity 0
time 65
note_on 79
velocity 55
time 35
note_on 79
velocity 0
time 58
note_on 80
velocity 60
time 25
note_on 80
velocity 0
time 69
note_on 62
velocity 75
time 34
note_on 81
velocity 64
time 0
note_on 57
velocity 74
time 7
note_on 53
velocity 67
time 5
note_on 74
velocity 52
time 13
note_on 62
velocity 0
time 7
note_on 57
velocity 0
time 9
note_on 53
velocity 0
time 4
note_on 81
velocity 0
time 23
note_on 74
velocity 0
time 18
note_on 82
velocity 64
time 8
note_on 82
velocity 0
time 65
note_on 83
velocity 64
time 30
note_on 83
velocity 0
time 86
note_on 84
velocity 59
time 9
note_on 84
velocity 0
time 87
note_on 33
velocity 54
time 9
note_on 85
velocity 56
time 11
note_on 45
velocity 42
time 13
note_on 76
velocity 50
time 4
note_on 33
velocity 0
time 5
note_on 45
velocity 0
time 6
note_on 85
velocity 0
time 0
note_on 76
velocity 0
time 0
note_on 86
velocity 67
time 12
note_on 86
velocity 0
time 29
note_on 87
velocity 68
time 13
note_on 87
velocity 0
time 90
note_on 88
velocity 67
time 11
note_on 88
velocity 0
time 87
note_on 60
velocity 81
time 6
note_on 89
velocity 70
time 11
note_on 57
velocity 61
time 5
note_on 52
velocity 56
time 9
note_on 81
velocity 43
time 18
note_on 57
velocity 0
time 8
note_on 52
velocity 0
time 14
note_on 60
velocity 0
time 12
note_on 81
velocity 0
time 9
note_on 88
velocity 73
time 18
note_on 89
velocity 0
time 5
note_on 88
velocity 0
time 85
note_on 87
velocity 74
time 4
note_on 87
velocity 0
time 30
note_on 86
velocity 81
time 64
note_on 64
velocity 94
time 14
note_on 60
velocity 75
time 0
note_on 86
velocity 0
time 2
note_on 57
velocity 64
time 9
note_on 85
velocity 72
time 0
note_on 60
velocity 0
time 8
note_on 64
velocity 0
time 0
note_on 76
velocity 64
time 0
note_on 57
velocity 0
time 10
note_on 85
velocity 0
time 5
note_on 76
velocity 0
time 22
note_on 84
velocity 67
time 40
note_on 84
velocity 0
time 78
note_on 83
velocity 64
time 8
note_on 83
velocity 0
time 104
note_on 82
velocity 63
time 5
note_on 82
velocity 0
time 61
note_on 72
velocity 68
time 41
note_on 76
velocity 62
time 0
note_on 81
velocity 64
time 0
note_on 76
velocity 0
time 25
note_on 72
velocity 0
time 4
note_on 81
velocity 0
time 36
note_on 80
velocity 69
time 15
note_on 80
velocity 0
time 92
note_on 83
velocity 52
time 21
note_on 83
velocity 0
time 77
note_on 81
velocity 65
time 15
note_on 81
velocity 0
time 68
note_on 80
velocity 66
time 25
note_on 40
velocity 42
time 5
note_on 71
velocity 64
time 5
note_on 80
velocity 0
time 29
note_on 40
velocity 0
time 5
note_on 71
velocity 0
time 9
note_on 79
velocity 70
time 34
note_on 79
velocity 0
time 62
note_on 78
velocity 67
time 38
note_on 78
velocity 0
time 61
note_on 77
velocity 47
time 52
note_on 77
velocity 0
time 58
note_on 62
velocity 81
time 17
note_on 59
velocity 70
time 9
note_on 76
velocity 48
time 11
note_on 52
velocity 65
time 5
note_on 62
velocity 0
time 4
note_on 68
velocity 63
time 4
note_on 59
velocity 0
time 14
note_on 77
velocity 37
time 4
note_on 52
velocity 0
time 7
note_on 76
velocity 0
time 29
note_on 68
velocity 0
time 5
note_on 77
velocity 0
time 4
note_on 75
velocity 64
time 21
note_on 75
velocity 0
time 54
note_on 77
velocity 68
time 18
note_on 77
velocity 0
time 96
note_on 76
velocity 60
time 17
note_on 76
velocity 0
time 71
note_on 45
velocity 64
time 21
note_on 69
velocity 61
time 0
note_on 75
velocity 58
time 5
note_on 45
velocity 0
time 35
note_on 75
velocity 0
time 4
note_on 69
velocity 0
time 4
note_on 74
velocity 72
time 43
note_on 74
velocity 0
time 80
note_on 73
velocity 63
time 29
note_on 73
velocity 0
time 32
note_on 72
velocity 67
time 44
note_on 72
velocity 0
time 89
note_on 71
velocity 65
time 20
note_on 60
velocity 78
time 7
note_on 69
velocity 58
time 0
note_on 64
velocity 61
time 7
note_on 57
velocity 61
time 10
note_on 52
velocity 48
time 14
note_on 60
velocity 0
time 4
note_on 57
velocity 0
time 8
note_on 64
velocity 0
time 20
note_on 69
velocity 0
time 0
note_on 52
velocity 0
time 5
note_on 71
velocity 0
time 13
note_on 72
velocity 71
time 0
note_on 72
velocity 0
time 91
note_on 74
velocity 70
time 16
note_on 74
velocity 0
time 83
note_on 72
velocity 69
time 4
note_on 72
velocity 0
time 105
note_on 71
velocity 72
time 7
note_on 59
velocity 64
time 10
note_on 68
velocity 58
time 4
note_on 52
velocity 50
time 5
note_on 64
velocity 56
time 0
note_on 59
velocity 0
time 18
note_on 64
velocity 0
time 12
note_on 52
velocity 0
time 4
note_on 68
velocity 0
time 5
note_on 71
velocity 0
time 18
note_on 72
velocity 69
time 11
note_on 72
velocity 0
time 87
note_on 71
velocity 70
time 18
note_on 71
velocity 0
time 77
note_on 72
velocity 64
time 19
note_on 72
velocity 0
time 56
note_on 59
velocity 73
time 37
note_on 63
velocity 85
time 0
note_on 69
velocity 67
time 6
note_on 53
velocity 73
time 1
note_on 71
velocity 83
time 0
note_on 69
velocity 0
time 8
note_on 71
velocity 0
time 6
note_on 72
velocity 79
time 7
note_on 72
velocity 0
time 83
note_on 71
velocity 74
time 23
note_on 53
velocity 0
time 78
note_on 71
velocity 0
time 0
note_on 72
velocity 75
time 17
note_on 63
velocity 0
time 12
note_on 59
velocity 0
time 15
note_on 72
velocity 0
time 0
note_on 52
velocity 66
time 9
note_on 68
velocity 80
time 0
note_on 64
velocity 57
time 6
note_on 71
velocity 64
time 0
note_on 52
velocity 0
time 14
note_on 68
velocity 0
time 7
note_on 64
velocity 0
time 5
note_on 71
velocity 0
time 20
note_on 76
velocity 78
time 39
note_on 76
velocity 0
time 91
note_on 75
velocity 77
time 4
note_on 75
velocity 0
time 57
note_on 74
velocity 73
time 40
note_on 74
velocity 0
time 69
note_on 68
velocity 69
time 9
note_on 62
velocity 64
time 12
note_on 73
velocity 71
time 4
note_on 68
velocity 0
time 15
note_on 62
velocity 0
time 20
note_on 73
velocity 0
time 43
note_on 72
velocity 77
time 9
note_on 72
velocity 0
time 73
note_on 71
velocity 69
time 15
note_on 71
velocity 0
time 53
note_on 70
velocity 66
time 48
note_on 70
velocity 0
time 62
note_on 45
velocity 51
time 35
note_on 60
velocity 66
time 0
note_on 69
velocity 55
time 4
note_on 45
velocity 0
time 32
note_on 60
velocity 0
time 17
note_on 69
velocity 0
time 53
note_on 70
velocity 63
time 10
note_on 70
velocity 0
time 68
note_on 71
velocity 62
time 10
note_on 72
velocity 70
time 93
note_on 71
velocity 0
time 3
note_on 72
velocity 0
time 82
note_on 57
velocity 72
time 16
note_on 60
velocity 76
time 0
note_on 69
velocity 63
time 0
note_on 73
velocity 72
time 0
note_on 64
velocity 65
time 4
note_on 52
velocity 59
time 9
note_on 60
velocity 0
time 16
note_on 57
velocity 0
time 9
note_on 64
velocity 0
time 0
note_on 69
velocity 0
time 0
note_on 52
velocity 0
time 7
note_on 73
velocity 0
time 34
note_on 74
velocity 67
time 5
note_on 74
velocity 0
time 91
note_on 75
velocity 67
time 15
note_on 75
velocity 0
time 78
note_on 76
velocity 62
time 29
note_on 45
velocity 61
time 86
note_on 77
velocity 69
time 4
note_on 76
velocity 0
time 6
note_on 69
velocity 57
time 5
note_on 45
velocity 0
time 22
note_on 77
velocity 0
time 15
note_on 69
velocity 0
time 6
note_on 78
velocity 72
time 37
note_on 78
velocity 0
time 66
note_on 79
velocity 65
time 26
note_on 79
velocity 0
time 77
note_on 80
velocity 69
time 18
note_on 80
velocity 0
time 84
note_on 81
velocity 68
time 19
note_on 62
velocity 82
time 4
note_on 57
velocity 78
time 5
note_on 53
velocity 67
time 12
note_on 62
velocity 0
time 9
note_on 57
velocity 0
time 10
note_on 74
velocity 40
time 0
note_on 76
velocity 42
time 14
note_on 53
velocity 0
time 6
note_on 81
velocity 0
time 16
note_on 76
velocity 0
time 13
note_on 74
velocity 0
time 2
note_on 82
velocity 70
time 18
note_on 82
velocity 0
time 85
note_on 83
velocity 60
time 21
note_on 83
velocity 0
time 71
note_on 84
velocity 57
time 4
note_on 84
velocity 0
time 80
note_on 76
velocity 62
time 21
note_on 85
velocity 60
time 4
note_on 33
velocity 51
time 7
note_on 45
velocity 52
time 4
note_on 33
velocity 0
time 0
note_on 45
velocity 0
time 0
note_on 85
velocity 0
time 5
note_on 76
velocity 0
time 15
note_on 86
velocity 67
time 2
note_on 86
velocity 0
time 48
note_on 87
velocity 67
time 9
note_on 87
velocity 0
time 80
note_on 88
velocity 72
time 14
note_on 88
velocity 0
time 90
note_on 89
velocity 76
time 11
note_on 60
velocity 85
time 5
note_on 57
velocity 66
time 7
note_on 81
velocity 52
time 4
note_on 52
velocity 61
time 7
note_on 60
velocity 0
time 17
note_on 57
velocity 0
time 10
note_on 52
velocity 0
time 4
note_on 81
velocity 0
time 16
note_on 88
velocity 78
time 22
note_on 89
velocity 0
time 22
note_on 87
velocity 75
time 83
note_on 88
velocity 0
time 0
note_on 87
velocity 0
time 29
note_on 86
velocity 81
time 62
note_on 86
velocity 0
time 3
note_on 60
velocity 77
time 4
note_on 57
velocity 68
time 9
note_on 64
velocity 76
time 0
note_on 85
velocity 75
time 0
note_on 76
velocity 77
time 4
note_on 64
velocity 0
time 18
note_on 60
velocity 0
time 2
note_on 62
velocity 45
time 4
note_on 57
velocity 0
time 5
note_on 62
velocity 0
time 0
note_on 76
velocity 0
time 6
note_on 85
velocity 0
time 12
note_on 84
velocity 58
time 58
note_on 84
velocity 0
time 75
note_on 83
velocity 66
time 4
note_on 83
velocity 0
time 100
note_on 82
velocity 62
time 4
note_on 82
velocity 0
time 62
note_on 81
velocity 67
time 28
note_on 72
velocity 74
time 9
note_on 76
velocity 68
time 5
note_on 76
velocity 0
time 20
note_on 72
velocity 0
time 4
note_on 81
velocity 0
time 44
note_on 80
velocity 73
time 15
note_on 80
velocity 0
time 94
note_on 83
velocity 59
time 25
note_on 83
velocity 0
time 79
note_on 81
velocity 56
time 11
note_on 81
velocity 0
time 50
note_on 38
velocity 65
time 20
note_on 50
velocity 54
time 9
note_on 74
velocity 60
time 14
note_on 82
velocity 61
time 5
note_on 38
velocity 0
time 10
note_on 50
velocity 0
time 4
note_on 74
velocity 0
time 34
note_on 82
velocity 0
time 28
note_on 83
velocity 53
time 20
note_on 83
velocity 0
time 98
note_on 84
velocity 60
time 0
note_on 84
velocity 0
time 72
note_on 85
velocity 70
time 17
note_on 85
velocity 0
time 75
note_on 86
velocity 73
time 10
note_on 58
velocity 63
time 4
note_on 62
velocity 65
time 0
note_on 77
velocity 67
time 4
note_on 50
velocity 61
time 5
note_on 53
velocity 56
time 4
note_on 62
velocity 0
time 7
note_on 58
velocity 0
time 9
note_on 50
velocity 0
time 9
note_on 53
velocity 0
time 4
note_on 77
velocity 0
time 7
note_on 86
velocity 0
time 34
note_on 87
velocity 76
time 4
note_on 87
velocity 0
time 101
note_on 88
velocity 75
time 5
note_on 89
velocity 78
time 89
note_on 88
velocity 0
time 7
note_on 89
velocity 0
time 78
note_on 52
velocity 82
time 18
note_on 80
velocity 84
time 0
note_on 88
velocity 74
time 0
note_on 40
velocity 72
time 5
note_on 86
velocity 73
time 0
note_on 52
velocity 0
time 30
note_on 40
velocity 0
time 9
note_on 80
velocity 0
time 25
note_on 86
velocity 0
time 4
note_on 88
velocity 0
time 29
note_on 89
velocity 82
time 4
note_on 89
velocity 0
time 59
note_on 90
velocity 84
time 30
note_on 90
velocity 0
time 96
note_on 91
velocity 72
time 7
note_on 86
velocity 89
time 80
note_on 59
velocity 86
time 7
note_on 92
velocity 82
time 0
note_on 62
velocity 82
time 4
note_on 91
velocity 0
time 0
note_on 52
velocity 82
time 5
note_on 59
velocity 0
time 17
note_on 62
velocity 0
time 5
note_on 52
velocity 0
time 10
note_on 86
velocity 0
time 18
note_on 93
velocity 82
time 35
note_on 92
velocity 0
time 9
note_on 93
velocity 0
time 85
note_on 94
velocity 84
time 4
note_on 94
velocity 0
time 83
note_on 95
velocity 80
time 13
note_on 53
velocity 96
time 88
note_on 41
velocity 91
time 5
note_on 84
velocity 73
time 1
note_on 93
velocity 75
time 7
note_on 53
velocity 0
time 0
note_on 41
velocity 0
time 4
note_on 95
velocity 0
time 5
note_on 92
velocity 83
time 30
note_on 93
velocity 0
time 13
note_on 92
velocity 0
time 20
note_on 84
velocity 0
time 8
note_on 91
velocity 86
time 53
note_on 90
velocity 81
time 94
note_on 91
velocity 0
time 5
note_on 90
velocity 0
time 21
note_on 60
velocity 82
time 25
note_on 65
velocity 74
time 0
note_on 57
velocity 80
time 12
note_on 89
velocity 97
time 0
note_on 81
velocity 83
time 9
note_on 60
velocity 0
time 9
note_on 65
velocity 0
time 8
note_on 57
velocity 0
time 2
note_on 81
velocity 0
time 73
note_on 88
velocity 78
time 0
note_on 89
velocity 0
time 34
note_on 87
velocity 76
time 51
note_on 88
velocity 0
time 15
note_on 87
velocity 0
time 12
note_on 86
velocity 64
time 77
note_on 88
velocity 72
time 4
note_on 88
velocity 0
time 86
note_on 48
velocity 81
time 6
note_on 76
velocity 84
time 0
note_on 85
velocity 77
time 0
note_on 36
velocity 65
time 9
note_on 86
velocity 0
time 0
note_on 48
velocity 0
time 22
note_on 85
velocity 0
time 11
note_on 36
velocity 0
time 5
note_on 76
velocity 0
time 10
note_on 84
velocity 69
time 43
note_on 83
velocity 73
time 89
note_on 84
velocity 0
time 27
note_on 82
velocity 71
time 65
note_on 83
velocity 0
time 5
note_on 82
velocity 0
time 23
note_on 81
velocity 80
time 60
note_on 72
velocity 76
time 9
note_on 57
velocity 78
time 5
note_on 52
velocity 68
time 13
note_on 57
velocity 0
time 16
note_on 52
velocity 0
time 19
note_on 81
velocity 0
time 26
note_on 80
velocity 75
time 11
note_on 72
velocity 0
time 5
note_on 80
velocity 0
time 38
note_on 79
velocity 82
time 53
note_on 79
velocity 0
time 90
note_on 78
velocity 73
time 10
note_on 78
velocity 0
time 35
note_on 74
velocity 76
time 62
note_on 50
velocity 72
time 7
note_on 77
velocity 84
time 0
note_on 38
velocity 63
time 4
note_on 70
velocity 69
time 2
note_on 50
velocity 0
time 35
note_on 38
velocity 0
time 4
note_on 74
velocity 0
time 32
note_on 76
velocity 76
time 10
note_on 70
velocity 0
time 9
note_on 77
velocity 0
time 31
note_on 75
velocity 79
time 57
note_on 76
velocity 0
time 0
note_on 75
velocity 0
time 27
note_on 74
velocity 75
time 69
note_on 74
velocity 0
time 102
note_on 62
velocity 82
time 7
note_on 70
velocity 71
time 0
note_on 53
velocity 61
time 11
note_on 73
velocity 65
time 0
note_on 58
velocity 67
time 5
note_on 65
velocity 56
time 0
note_on 50
velocity 62
time 1
note_on 73
velocity 0
time 11
note_on 65
velocity 0
time 4
note_on 74
velocity 76
time 7
note_on 70
velocity 0
time 3
note_on 53
velocity 0
time 23
note_on 58
velocity 0
time 30
note_on 50
velocity 0
time 8
note_on 74
velocity 0
time 9
note_on 77
velocity 81
time 7
note_on 62
velocity 0
time 66
note_on 74
velocity 81
time 20
note_on 77
velocity 0
time 10
note_on 71
velocity 83
time 86
note_on 64
velocity 74
time 6
note_on 60
velocity 66
time 5
note_on 69
velocity 66
time 0
note_on 74
velocity 0
time 0
note_on 52
velocity 59
time 4
note_on 57
velocity 61
time 0
note_on 64
velocity 0
time 9
note_on 60
velocity 0
time 5
note_on 52
velocity 0
time 10
note_on 57
velocity 0
time 0
note_on 69
velocity 0
time 36
note_on 71
velocity 0
time 11
note_on 72
velocity 80
time 7
note_on 72
velocity 0
time 86
note_on 76
velocity 75
time 9
note_on 72
velocity 81
time 92
note_on 76
velocity 0
time 7
note_on 68
velocity 74
time 88
note_on 72
velocity 0
time 5
note_on 59
velocity 76
time 4
note_on 70
velocity 73
time 0
note_on 62
velocity 65
time 5
note_on 52
velocity 65
time 6
note_on 59
velocity 0
time 4
note_on 62
velocity 0
time 5
note_on 52
velocity 0
time 7
note_on 68
velocity 0
time 7
note_on 70
velocity 0
time 13
note_on 71
velocity 78
time 0
note_on 71
velocity 0
time 78
note_on 76
velocity 74
time 12
note_on 76
velocity 0
time 66
note_on 71
velocity 74
time 30
note_on 71
velocity 0
time 10
note_on 60
velocity 68
time 0
note_on 45
velocity 64
time 4
note_on 69
velocity 70
time 0
note_on 57
velocity 52
time 15
note_on 45
velocity 0
time 19
note_on 57
velocity 0
time 17
note_on 60
velocity 0
time 5
note_on 70
velocity 73
time 45
note_on 69
velocity 0
time 37
note_on 70
velocity 0
time 51
note_on 71
velocity 70
time 8
note_on 72
velocity 77
time 76
note_on 71
velocity 0
time 31
note_on 72
velocity 0
time 59
note_on 64
velocity 65
time 4
note_on 68
velocity 66
time 5
note_on 40
velocity 56
time 6
note_on 73
velocity 71
time 0
note_on 40
velocity 0
time 11
note_on 64
velocity 0
time 0
note_on 68
velocity 0
time 0
note_on 73
velocity 0
time 4
note_on 74
velocity 69
time 13
note_on 74
velocity 0
time 81
note_on 75
velocity 70
time 11
note_on 75
velocity 0
time 89
note_on 76
velocity 64
time 13
note_on 76
velocity 0
time 35
note_on 33
velocity 42
time 4
note_on 45
velocity 34
time 9
note_on 81
velocity 65
time 15
note_on 72
velocity 58
time 6
note_on 72
velocity 0
time 0
note_on 80
velocity 67
time 16
note_on 81
velocity 0
time 0
note_on 33
velocity 0
time 25
note_on 80
velocity 0
time 22
note_on 45
velocity 0
time 5
note_on 79
velocity 69
time 28
note_on 79
velocity 0
time 61
note_on 78
velocity 76
time 23
note_on 78
velocity 0
time 76
note_on 77
velocity 79
time 16
note_on 77
velocity 0
time 76
note_on 76
velocity 79
time 4
note_on 76
velocity 0
time 86
note_on 75
velocity 67
time 10
note_on 75
velocity 0
time 62
note_on 74
velocity 61
time 32
note_on 74
velocity 0
time 37
note_on 36
velocity 60
time 59
note_on 48
velocity 55
time 4
note_on 73
velocity 69
time 0
note_on 70
velocity 45
time 14
note_on 36
velocity 0
time 19
note_on 48
velocity 0
time 0
note_on 73
velocity 0
time 0
note_on 70
velocity 0
time 14
note_on 72
velocity 62
time 64
note_on 72
velocity 0
time 63
note_on 71
velocity 59
time 38
note_on 71
velocity 0
time 50
note_on 72
velocity 66
time 35
note_on 72
velocity 0
time 80
note_on 64
velocity 54
time 15
note_on 55
velocity 47
time 11
note_on 70
velocity 57
time 0
note_on 73
velocity 63
time 4
note_on 48
velocity 46
time 4
note_on 64
velocity 0
time 16
note_on 55
velocity 0
time 12
note_on 48
velocity 0
time 8
note_on 70
velocity 0
time 7
note_on 73
velocity 0
time 32
note_on 74
velocity 62
time 14
note_on 74
velocity 0
time 84
note_on 75
velocity 63
time 18
note_on 75
velocity 0
time 72
note_on 76
velocity 68
time 25
note_on 76
velocity 0
time 94
note_on 41
velocity 54
time 3
note_on 77
velocity 71
time 0
note_on 69
velocity 61
time 4
note_on 41
velocity 0
time 30
note_on 69
velocity 0
time 22
note_on 77
velocity 0
time 26
note_on 78
velocity 73
time 16
note_on 78
velocity 0
time 72
note_on 79
velocity 66
time 29
note_on 79
velocity 0
time 71
note_on 80
velocity 67
time 18
note_on 80
velocity 0
time 69
note_on 57
velocity 63
time 22
note_on 48
velocity 61
time 16
note_on 72
velocity 66
time 0
note_on 81
velocity 76
time 0
note_on 57
velocity 0
time 13
note_on 72
velocity 0
time 12
note_on 48
velocity 0
time 13
note_on 81
velocity 0
time 18
note_on 76
velocity 79
time 36
note_on 76
velocity 0
time 54
note_on 77
velocity 68
time 61
note_on 77
velocity 0
time 87
note_on 74
velocity 69
time 17
note_on 74
velocity 0
time 79
note_on 73
velocity 72
time 2
note_on 70
velocity 72
time 9
note_on 36
velocity 54
time 6
note_on 73
velocity 0
time 18
note_on 70
velocity 0
time 16
note_on 36
velocity 0
time 5
note_on 72
velocity 73
time 47
note_on 72
velocity 0
time 85
note_on 71
velocity 66
time 21
note_on 71
velocity 0
time 58
note_on 72
velocity 64
time 33
note_on 72
velocity 0
time 96
note_on 55
velocity 45
time 11
note_on 64
velocity 51
time 0
note_on 60
velocity 39
time 4
note_on 73
velocity 67
time 0
note_on 48
velocity 39
time 12
note_on 60
velocity 0
time 9
note_on 64
velocity 0
time 0
note_on 73
velocity 0
time 0
note_on 74
velocity 68
time 9
note_on 55
velocity 0
time 6
note_on 48
velocity 0
time 11
note_on 74
velocity 0
time 57
note_on 75
velocity 74
time 7
note_on 75
velocity 0
time 87
note_on 76
velocity 79
time 7
note_on 37
velocity 80
time 0
note_on 77
velocity 86
time 0
note_on 68
velocity 82
time 4
note_on 76
velocity 0
time 11
note_on 37
velocity 0
time 4
note_on 77
velocity 0
time 19
note_on 78
velocity 79
time 5
note_on 68
velocity 0
time 0
note_on 78
velocity 0
time 61
note_on 79
velocity 81
time 0
note_on 79
velocity 0
time 92
note_on 80
velocity 82
time 5
note_on 80
velocity 0
time 4
note_on 49
velocity 74
time 4
note_on 56
velocity 70
time 0
note_on 59
velocity 58
time 0
note_on 79
velocity 84
time 0
note_on 71
velocity 74
time 5
note_on 56
velocity 0
time 7
note_on 49
velocity 0
time 9
note_on 59
velocity 0
time 2
note_on 79
velocity 0
time 55
note_on 71
velocity 0
time 18
note_on 78
velocity 76
time 0
note_on 78
velocity 0
time 53
note_on 77
velocity 73
time 42
note_on 77
velocity 0
time 103
note_on 76
velocity 67
time 12
note_on 75
velocity 60
time 67
note_on 76
velocity 0
time 5
note_on 72
velocity 79
time 4
note_on 38
velocity 53
time 7
note_on 75
velocity 0
time 23
note_on 38
velocity 0
time 20
note_on 72
velocity 0
time 0
note_on 74
velocity 74
time 50
note_on 74
velocity 0
time 83
note_on 73
velocity 63
time 27
note_on 73
velocity 0
time 72
note_on 74
velocity 57
time 20
note_on 74
velocity 0
time 70
note_on 57
velocity 65
time 9
note_on 60
velocity 51
time 2
note_on 50
velocity 63
time 5
note_on 75
velocity 71
time 0
note_on 66
velocity 71
time 10
note_on 57
velocity 0
time 12
note_on 60
velocity 0
time 9
note_on 50
velocity 0
time 7
note_on 66
velocity 0
time 26
note_on 75
velocity 0
time 15
note_on 76
velocity 70
time 22
note_on 76
velocity 0
time 76
note_on 77
velocity 64
time 26
note_on 77
velocity 0
time 79
note_on 78
velocity 75
time 11
note_on 78
velocity 0
time 104
note_on 79
velocity 76
time 0
note_on 70
velocity 68
time 2
note_on 43
velocity 64
time 4
note_on 43
velocity 0
time 39
note_on 70
velocity 0
time 14
note_on 79
velocity 0
time 0
note_on 80
velocity 74
time 41
note_on 80
velocity 0
time 84
note_on 81
velocity 70
time 13
note_on 81
velocity 0
time 83
note_on 82
velocity 70
time 11
note_on 82
velocity 0
time 62
note_on 50
velocity 69
time 41
note_on 58
velocity 59
time 0
note_on 81
velocity 70
time 1
note_on 55
velocity 55
time 4
note_on 74
velocity 67
time 5
note_on 58
velocity 0
time 19
note_on 50
velocity 0
time 2
note_on 55
velocity 0
time 7
note_on 81
velocity 0
time 15
note_on 74
velocity 0
time 44
note_on 78
velocity 73
time 7
note_on 78
velocity 0
time 35
note_on 79
velocity 74
time 45
note_on 79
velocity 0
time 90
note_on 75
velocity 64
time 21
note_on 75
velocity 0
time 83
note_on 74
velocity 68
time 5
note_on 38
velocity 71
time 7
note_on 72
velocity 75
time 6
note_on 38
velocity 0
time 28
note_on 74
velocity 0
time 13
note_on 72
velocity 0
time 32
note_on 75
velocity 74
time 22
note_on 75
velocity 0
time 107
note_on 73
velocity 69
time 5
note_on 73
velocity 0
time 82
note_on 74
velocity 69
time 7
note_on 66
velocity 67
time 89
note_on 74
velocity 0
time 0
note_on 57
velocity 60
time 3
note_on 50
velocity 53
time 6
note_on 60
velocity 47
time 0
note_on 75
velocity 66
time 0
note_on 60
velocity 0
time 8
note_on 57
velocity 0
time 5
note_on 50
velocity 0
time 4
note_on 66
velocity 0
time 0
note_on 75
velocity 0
time 0
note_on 76
velocity 69
time 15
note_on 76
velocity 0
time 77
note_on 77
velocity 78
time 4
note_on 77
velocity 0
time 92
note_on 78
velocity 78
time 11
note_on 39
velocity 90
time 15
note_on 79
velocity 85
time 5
note_on 78
velocity 0
time 5
note_on 70
velocity 76
time 2
note_on 39
velocity 0
time 5
note_on 79
velocity 0
time 0
note_on 80
velocity 77
time 4
note_on 70
velocity 0
time 4
note_on 80
velocity 0
time 53
note_on 81
velocity 71
time 8
note_on 81
velocity 0
time 96
note_on 82
velocity 81
time 0
note_on 82
velocity 0
time 93
note_on 58
velocity 79
time 10
note_on 61
velocity 70
time 0
note_on 51
velocity 84
time 4
note_on 73
velocity 77
time 0
note_on 81
velocity 74
time 0
note_on 61
velocity 0
time 13
note_on 58
velocity 0
time 3
note_on 51
velocity 0
time 4
note_on 81
velocity 0
time 28
note_on 80
velocity 71
time 41
note_on 73
velocity 0
time 8
note_on 80
velocity 0
time 44
note_on 79
velocity 78
time 28
note_on 78
velocity 81
time 97
note_on 79
velocity 0
time 3
note_on 78
velocity 0
time 41
note_on 40
velocity 73
time 62
note_on 74
velocity 86
time 9
note_on 77
velocity 83
time 0
note_on 40
velocity 0
time 23
note_on 74
velocity 0
time 52
note_on 76
velocity 72
time 25
note_on 77
velocity 0
time 4
note_on 76
velocity 0
time 92
note_on 75
velocity 70
time 9
note_on 75
velocity 0
time 100
note_on 76
velocity 65
time 9
note_on 59
velocity 78
time 71
note_on 77
velocity 81
time 0
note_on 52
velocity 80
time 9
note_on 62
velocity 69
time 0
note_on 68
velocity 80
time 0
note_on 76
velocity 0
time 6
note_on 59
velocity 0
time 17
note_on 62
velocity 0
time 0
note_on 52
velocity 0
time 5
note_on 77
velocity 0
time 35
note_on 68
velocity 0
time 12
note_on 78
velocity 75
time 19
note_on 78
velocity 0
time 89
note_on 79
velocity 76
time 5
note_on 79
velocity 0
time 90
note_on 80
velocity 75
time 11
note_on 80
velocity 0
time 101
note_on 45
velocity 80
time 4
note_on 81
velocity 76
time 0
note_on 72
velocity 78
time 7
note_on 45
velocity 0
time 22
note_on 81
velocity 0
time 12
note_on 72
velocity 0
time 55
note_on 82
velocity 75
time 5
note_on 82
velocity 0
time 77
note_on 83
velocity 71
time 17
note_on 84
velocity 73
time 98
note_on 83
velocity 0
time 4
note_on 60
velocity 80
time 86
note_on 64
velocity 76
time 5
note_on 83
velocity 79
time 0
note_on 57
velocity 82
time 4
note_on 76
velocity 79
time 0
note_on 52
velocity 75
time 6
note_on 64
velocity 0
time 12
note_on 60
velocity 0
time 9
note_on 84
velocity 0
time 0
note_on 57
velocity 0
time 2
note_on 52
velocity 0
time 11
note_on 83
velocity 0
time 59
note_on 82
velocity 71
time 4
note_on 76
velocity 0
time 16
note_on 82
velocity 0
time 13
note_on 81
velocity 76
time 60
note_on 80
velocity 82
time 101
note_on 81
velocity 0
time 5
note_on 80
velocity 0
time 22
note_on 79
velocity 88
time 67
note_on 40
velocity 75
time 5
note_on 74
velocity 75
time 11
note_on 40
velocity 0
time 18
note_on 79
velocity 0
time 60
note_on 74
velocity 0
time 4
note_on 78
velocity 78
time 7
note_on 78
velocity 0
time 39
note_on 77
velocity 74
time 50
note_on 77
velocity 0
time 93
note_on 76
velocity 71
time 11
note_on 59
velocity 55
time 90
note_on 76
velocity 0
time 4
note_on 62
velocity 58
time 5
note_on 68
velocity 68
time 0
note_on 77
velocity 72
time 0
note_on 52
velocity 51
time 4
note_on 62
velocity 0
time 0
note_on 77
velocity 0
time 7
note_on 78
velocity 77
time 6
note_on 68
velocity 0
time 4
note_on 59
velocity 0
time 10
note_on 52
velocity 0
time 6
note_on 79
velocity 83
time 44
note_on 78
velocity 0
time 7
note_on 79
velocity 0
time 94
note_on 80
velocity 81
time 0
note_on 57
velocity 94
time 88
note_on 45
velocity 85
time 0
note_on 81
velocity 80
time 5
note_on 72
velocity 80
time 4
note_on 80
velocity 0
time 4
note_on 81
velocity 0
time 9
note_on 82
velocity 77
time 5
note_on 72
velocity 0
time 11
note_on 83
velocity 79
time 38
note_on 82
velocity 0
time 4
note_on 57
velocity 0
time 57
note_on 84
velocity 74
time 33
note_on 83
velocity 0
time 26
note_on 45
velocity 0
time 4
note_on 55
velocity 97
time 8
note_on 43
velocity 96
time 5
note_on 76
velocity 81
time 0
note_on 85
velocity 83
time 0
note_on 81
velocity 73
time 0
note_on 84
velocity 0
time 4
note_on 76
velocity 0
time 14
note_on 81
velocity 0
time 0
note_on 86
velocity 80
time 3
note_on 85
velocity 0
time 11
note_on 87
velocity 83
time 47
note_on 86
velocity 0
time 7
note_on 55
velocity 0
time 29
note_on 87
velocity 0
time 9
note_on 88
velocity 82
time 0
note_on 43
velocity 0
time 53
note_on 53
velocity 102
time 5
note_on 41
velocity 87
time 5
note_on 81
velocity 81
time 4
note_on 89
velocity 88
time 0
note_on 41
velocity 0
time 4
note_on 88
velocity 0
time 0
note_on 53
velocity 0
time 5
note_on 88
velocity 75
time 26
note_on 81
velocity 0
time 5
note_on 89
velocity 0
time 45
note_on 87
velocity 72
time 52
note_on 88
velocity 0
time 4
note_on 87
velocity 0
time 27
note_on 86
velocity 85
time 56
note_on 59
velocity 97
time 109
note_on 77
velocity 82
time 0
note_on 85
velocity 77
time 0
note_on 47
velocity 79
time 5
note_on 81
velocity 83
time 0
note_on 86
velocity 0
time 4
note_on 59
velocity 0
time 7
note_on 47
velocity 0
time 4
note_on 48
velocity 24
time 15
note_on 85
velocity 0
time 0
note_on 81
velocity 0
time 4
note_on 77
velocity 0
time 5
note_on 48
velocity 0
time 35
note_on 84
velocity 80
time 0
note_on 83
velocity 81
time 102
note_on 84
velocity 0
time 37
note_on 82
velocity 77
time 55
note_on 83
velocity 0
time 9
note_on 82
velocity 0
time 16
note_on 81
velocity 85
time 76
note_on 74
velocity 76
time 15
note_on 77
velocity 64
time 4
note_on 74
velocity 0
time 36
note_on 77
velocity 0
time 0
note_on 81
velocity 0
time 41
note_on 80
velocity 70
time 9
note_on 80
velocity 0
time 36
note_on 79
velocity 81
time 52
note_on 79
velocity 0
time 87
note_on 78
velocity 75
time 10
note_on 78
velocity 0
time 9
note_on 52
velocity 84
time 13
note_on 68
velocity 82
time 0
note_on 77
velocity 74
time 0
note_on 74
velocity 71
time 5
note_on 52
velocity 0
time 0
note_on 64
velocity 27
time 7
note_on 64
velocity 0
time 4
note_on 68
velocity 0
time 0
note_on 74
velocity 0
time 8
note_on 76
velocity 70
time 7
note_on 77
velocity 0
time 4
note_on 76
velocity 0
time 83
note_on 75
velocity 67
time 4
note_on 75
velocity 0
time 51
note_on 76
velocity 74
time 29
note_on 76
velocity 0
time 70
note_on 87
velocity 89
time 25
note_on 51
velocity 82
time 4
note_on 39
velocity 79
time 4
note_on 79
velocity 84
time 5
note_on 51
velocity 0
time 5
note_on 39
velocity 0
time 11
note_on 87
velocity 0
time 0
note_on 79
velocity 0
time 0
note_on 86
velocity 68
time 15
note_on 86
velocity 0
time 55
note_on 85
velocity 69
time 5
note_on 85
velocity 0
time 34
note_on 84
velocity 65
time 77
note_on 57
velocity 93
time 80
note_on 45
velocity 78
time 0
note_on 75
velocity 67
time 0
note_on 83
velocity 77
time 0
note_on 45
velocity 0
time 7
note_on 57
velocity 0
time 0
note_on 84
velocity 0
time 7
note_on 83
velocity 0
time 55
note_on 82
velocity 66
time 7
note_on 75
velocity 0
time 6
note_on 82
velocity 0
time 25
note_on 81
velocity 81
time 53
note_on 81
velocity 0
time 96
note_on 80
velocity 71
time 16
note_on 80
velocity 0
time 34
note_on 75
velocity 73
time 56
note_on 79
velocity 87
time 0
note_on 72
velocity 75
time 15
note_on 75
velocity 0
time 16
note_on 72
velocity 0
time 13
note_on 79
velocity 0
time 48
note_on 78
velocity 73
time 5
note_on 78
velocity 0
time 34
note_on 77
velocity 82
time 58
note_on 76
velocity 77
time 115
note_on 77
velocity 0
time 38
note_on 75
velocity 66
time 8
note_on 50
velocity 75
time 2
note_on 72
velocity 63
time 0
note_on 66
velocity 66
time 0
note_on 76
velocity 0
time 0
note_on 75
velocity 0
time 10
note_on 50
velocity 0
time 5
note_on 66
velocity 0
time 18
note_on 72
velocity 0
time 5
note_on 74
velocity 77
time 20
note_on 73
velocity 81
time 14
note_on 74
velocity 0
time 4
note_on 73
velocity 0
time 62
note_on 74
velocity 69
time 12
note_on 74
velocity 0
time 29
note_on 43
velocity 69
time 11
note_on 55
velocity 62
time 5
note_on 86
velocity 83
time 0
note_on 82
velocity 76
time 11
note_on 43
velocity 0
time 6
note_on 55
velocity 0
time 0
note_on 86
velocity 0
time 7
note_on 79
velocity 56
time 1
note_on 82
velocity 0
time 55
note_on 79
velocity 0
time 11
note_on 84
velocity 35
time 110
note_on 86
velocity 15
time 16
note_on 86
velocity 0
time 43
note_on 83
velocity 62
time 11
note_on 84
velocity 0
time 26
note_on 82
velocity 68
time 0
note_on 51
velocity 58
time 6
note_on 63
velocity 62
time 0
note_on 73
velocity 71
time 0
note_on 83
velocity 0
time 5
note_on 73
velocity 0
time 18
note_on 82
velocity 0
time 0
note_on 81
velocity 66
time 31
note_on 81
velocity 0
time 72
note_on 80
velocity 67
time 18
note_on 80
velocity 0
time 39
note_on 63
velocity 0
time 55
note_on 79
velocity 73
time 5
note_on 79
velocity 0
time 78
note_on 50
velocity 67
time 10
note_on 62
velocity 49
time 7
note_on 69
velocity 65
time 4
note_on 78
velocity 75
time 0
note_on 50
velocity 0
time 14
note_on 74
velocity 49
time 0
note_on 51
velocity 0
time 0
note_on 62
velocity 0
time 0
note_on 69
velocity 0
time 7
note_on 74
velocity 0
time 16
note_on 78
velocity 0
time 16
note_on 79
velocity 73
time 7
note_on 79
velocity 0
time 84
note_on 80
velocity 78
time 16
note_on 80
velocity 0
time 84
note_on 81
velocity 73
time 9
note_on 77
velocity 85
time 98
note_on 82
velocity 81
time 0
note_on 57
velocity 96
time 4
note_on 72
velocity 81
time 2
note_on 45
velocity 83
time 5
note_on 81
velocity 0
time 0
note_on 77
velocity 0
time 5
note_on 72
velocity 0
time 4
note_on 83
velocity 75
time 0
note_on 82
velocity 0
time 5
note_on 57
velocity 0
time 72
note_on 84
velocity 76
time 7
note_on 83
velocity 0
time 11
note_on 83
velocity 72
time 84
note_on 84
velocity 0
time 15
note_on 83
velocity 0
time 35
note_on 45
velocity 0
time 57
note_on 41
velocity 72
time 16
note_on 53
velocity 70
time 5
note_on 86
velocity 84
time 0
note_on 77
velocity 69
time 4
note_on 81
velocity 68
time 0
note_on 41
velocity 0
time 5
note_on 53
velocity 0
time 0
note_on 81
velocity 0
time 50
note_on 77
velocity 0
time 18
note_on 84
velocity 62
time 5
note_on 86
velocity 0
time 33
note_on 83
velocity 3
time 46
note_on 83
velocity 0
time 2
note_on 82
velocity 71
time 10
note_on 84
velocity 0
time 0
note_on 82
velocity 0
time 30
note_on 81
velocity 81
time 66
note_on 80
velocity 75
time 88
note_on 81
velocity 0
time 0
note_on 49
velocity 82
time 7
note_on 61
velocity 88
time 0
note_on 77
velocity 73
time 0
note_on 71
velocity 63
time 5
note_on 80
velocity 0
time 11
note_on 77
velocity 0
time 0
note_on 71
velocity 0
time 6
note_on 79
velocity 87
time 4
note_on 79
velocity 0
time 80
note_on 78
velocity 81
time 4
note_on 78
velocity 0
time 64
note_on 49
velocity 0
time 25
note_on 77
velocity 78
time 9
note_on 61
velocity 0
time 21
note_on 77
velocity 0
time 4
note_on 48
velocity 70
time 12
note_on 60
velocity 63
time 0
note_on 72
velocity 71
time 0
note_on 67
velocity 63
time 4
note_on 76
velocity 71
time 0
note_on 60
velocity 0
time 11
note_on 48
velocity 0
time 12
note_on 67
velocity 0
time 0
note_on 72
velocity 0
time 5
note_on 76
velocity 0
time 41
note_on 77
velocity 84
time 5
note_on 77
velocity 0
time 103
note_on 78
velocity 75
time 7
note_on 78
velocity 0
time 91
note_on 79
velocity 73
time 8
note_on 79
velocity 0
time 88
note_on 80
velocity 67
time 11
note_on 43
velocity 73
time 4
note_on 75
velocity 69
time 0
note_on 70
velocity 57
time 8
note_on 55
velocity 58
time 0
note_on 43
velocity 0
time 0
note_on 70
velocity 0
time 4
note_on 55
velocity 0
time 9
note_on 75
velocity 0
time 3
note_on 80
velocity 0
time 15
note_on 81
velocity 78
time 9
note_on 82
velocity 75
time 88
note_on 81
velocity 0
time 15
note_on 81
velocity 70
time 70
note_on 82
velocity 0
time 27
note_on 84
velocity 84
time 34
note_on 51
velocity 95
time 0
note_on 39
velocity 84
time 7
note_on 75
velocity 76
time 0
note_on 81
velocity 0
time 4
note_on 51
velocity 0
time 7
note_on 39
velocity 0
time 9
note_on 84
velocity 0
time 57
note_on 82
velocity 71
time 8
note_on 75
velocity 0
time 19
note_on 82
velocity 0
time 0
note_on 81
velocity 76
time 5
note_on 80
velocity 80
time 92
note_on 81
velocity 0
time 7
note_on 80
velocity 0
time 53
note_on 63
velocity 95
time 51
note_on 51
velocity 88
time 5
note_on 70
velocity 91
time 6
note_on 75
velocity 96
time 0
note_on 79
velocity 92
time 0
note_on 51
velocity 0
time 5
note_on 63
velocity 0
time 9
note_on 70
velocity 0
time 35
note_on 78
velocity 76
time 2
note_on 79
velocity 0
time 5
note_on 75
velocity 0
time 22
note_on 78
velocity 0
time 20
note_on 77
velocity 81
time 69
note_on 76
velocity 75
time 92
note_on 77
velocity 0
time 27
note_on 75
velocity 79
time 62
note_on 67
velocity 76
time 13
note_on 70
velocity 66
time 0
note_on 76
velocity 0
time 2
note_on 75
velocity 0
time 15
note_on 70
velocity 0
time 7
note_on 67
velocity 0
time 4
note_on 74
velocity 80
time 66
note_on 74
velocity 0
time 83
note_on 73
velocity 73
time 14
note_on 73
velocity 0
time 36
note_on 72
velocity 82
time 50
note_on 72
velocity 0
time 96
note_on 70
velocity 82
time 9
note_on 51
velocity 90
time 0
note_on 61
velocity 84
time 0
note_on 67
velocity 77
time 0
note_on 39
velocity 85
time 4
note_on 67
velocity 0
time 13
note_on 61
velocity 0
time 6
note_on 70
velocity 0
time 0
note_on 69
velocity 76
time 4
note_on 69
velocity 0
time 60
note_on 68
velocity 68
time 25
note_on 68
velocity 0
time 42
note_on 67
velocity 74
time 54
note_on 51
velocity 0
time 4
note_on 39
velocity 0
time 18
note_on 67
velocity 0
time 4
note_on 38
velocity 76
time 4
note_on 50
velocity 64
time 0
note_on 57
velocity 82
time 0
note_on 66
velocity 71
time 0
note_on 62
velocity 68
time 6
note_on 50
velocity 0
time 15
note_on 38
velocity 0
time 5
note_on 57
velocity 0
time 4
note_on 62
velocity 0
time 6
note_on 66
velocity 0
time 37
note_on 67
velocity 55
time 25
note_on 67
velocity 0
time 76
note_on 68
velocity 63
time 19
note_on 68
velocity 0
time 85
note_on 69
velocity 45
time 36
note_on 69
velocity 0
time 72
note_on 70
velocity 55
time 10
note_on 67
velocity 40
time 4
note_on 45
velocity 42
time 0
note_on 61
velocity 34
time 0
note_on 39
velocity 43
time 4
note_on 67
velocity 0
time 15
note_on 70
velocity 0
time 20
note_on 69
velocity 53
time 4
note_on 69
velocity 0
time 51
note_on 68
velocity 61
time 27
note_on 61
velocity 0
time 52
note_on 68
velocity 0
time 0
note_on 67
velocity 68
time 52
note_on 67
velocity 0
time 2
note_on 45
velocity 0
time 25
note_on 62
velocity 69
time 0
note_on 38
velocity 57
time 5
note_on 39
velocity 0
time 0
note_on 50
velocity 49
time 0
note_on 57
velocity 61
time 0
note_on 66
velocity 59
time 0
note_on 50
velocity 0
time 26
note_on 38
velocity 0
time 5
note_on 62
velocity 0
time 0
note_on 57
velocity 0
time 4
note_on 66
velocity 0
time 37
note_on 67
velocity 46
time 17
note_on 67
velocity 0
time 52
note_on 68
velocity 64
time 41
note_on 68
velocity 0
time 87
note_on 69
velocity 52
time 15
note_on 69
velocity 0
time 13
note_on 61
velocity 49
time 0
note_on 39
velocity 45
time 4
note_on 45
velocity 45
time 0
note_on 70
velocity 61
time 0
note_on 67
velocity 48
time 5
note_on 67
velocity 0
time 37
note_on 69
velocity 66
time 21
note_on 70
velocity 0
time 23
note_on 69
velocity 0
time 51
note_on 68
velocity 68
time 9
note_on 61
velocity 0
time 33
note_on 68
velocity 0
time 13
note_on 67
velocity 68
time 64
note_on 67
velocity 0
time 78
note_on 50
velocity 60
time 6
note_on 38
velocity 65
time 8
note_on 45
velocity 0
time 0
note_on 57
velocity 70
time 0
note_on 62
velocity 70
time 0
note_on 66
velocity 66
time 0
note_on 39
velocity 0
time 14
note_on 50
velocity 0
time 7
note_on 38
velocity 0
time 5
note_on 57
velocity 0
time 15
note_on 62
velocity 0
time 0
note_on 66
velocity 0
time 34
note_on 67
velocity 61
time 5
note_on 67
velocity 0
time 71
note_on 68
velocity 70
time 22
note_on 68
velocity 0
time 83
note_on 69
velocity 68
time 18
note_on 69
velocity 0
time 55
note_on 47
velocity 67
time 4
note_on 72
velocity 81
time 3
note_on 41
velocity 65
time 5
note_on 63
velocity 77
time 6
note_on 71
velocity 74
time 54
note_on 63
velocity 0
time 4
note_on 72
velocity 0
time 44
note_on 71
velocity 0
time 51
note_on 70
velocity 61
time 7
note_on 70
velocity 0
time 27
note_on 69
velocity 72
time 70
note_on 41
velocity 0
time 47
note_on 52
velocity 73
time 37
note_on 40
velocity 70
time 2
note_on 47
velocity 0
time 4
note_on 68
velocity 75
time 5
note_on 69
velocity 0
time 0
note_on 64
velocity 69
time 7
note_on 59
velocity 66
time 0
note_on 40
velocity 0
time 0
note_on 52
velocity 0
time 0
note_on 59
velocity 0
time 7
note_on 64
velocity 0
time 8
note_on 68
velocity 0
time 39
note_on 69
velocity 55
time 20
note_on 69
velocity 0
time 62
note_on 70
velocity 67
time 20
note_on 70
velocity 0
time 90
note_on 71
velocity 64
time 26
note_on 47
velocity 44
time 73
note_on 71
velocity 0
time 18
note_on 72
velocity 65
time 7
note_on 41
velocity 35
time 8
note_on 63
velocity 53
time 0
note_on 69
velocity 57
time 0
note_on 72
velocity 0
time 8
note_on 71
velocity 70
time 5
note_on 69
velocity 0
time 0
note_on 71
velocity 0
time 52
note_on 70
velocity 61
time 22
note_on 63
velocity 0
time 9
note_on 70
velocity 0
time 29
note_on 69
velocity 65
time 70
note_on 41
velocity 0
time 129
note_on 69
velocity 0
time 57
note_on 47
velocity 0
time 11
note_on 52
velocity 28
time 0
note_on 40
velocity 30
time 11
note_on 68
velocity 60
time 2
note_on 64
velocity 42
time 5
note_on 59
velocity 28
time 11
note_on 59
velocity 0
time 17
note_on 64
velocity 0
time 11
note_on 68
velocity 0
time 18
note_on 88
velocity 53
time 530
note_on 80
velocity 38
time 22
note_on 80
velocity 0
time 47
note_on 89
velocity 66
time 63
note_on 88
velocity 0
time 29
note_on 89
velocity 0
time 45
note_on 86
velocity 59
time 29
note_on 86
velocity 0
time 53
note_on 88
velocity 73
time 28
note_on 88
velocity 0
time 15
note_on 76
velocity 69
time 0
note_on 84
velocity 60
time 0
note_on 76
velocity 0
time 18
note_on 84
velocity 0
time 4
note_on 86
velocity 74
time 13
note_on 86
velocity 0
time 68
note_on 83
velocity 64
time 17
note_on 83
velocity 0
time 48
note_on 84
velocity 71
time 46
note_on 84
velocity 0
time 51
note_on 76
velocity 66
time 5
note_on 81
velocity 47
time 4
note_on 72
velocity 23
time 8
note_on 76
velocity 0
time 4
note_on 83
velocity 66
time 4
note_on 72
velocity 0
time 2
note_on 81
velocity 0
time 0
note_on 83
velocity 0
time 50
note_on 79
velocity 63
time 32
note_on 79
velocity 0
time 46
note_on 81
velocity 65
time 51
note_on 81
velocity 0
time 43
note_on 69
velocity 40
time 7
note_on 72
velocity 51
time 7
note_on 77
velocity 55
time 0
note_on 69
velocity 0
time 9
note_on 72
velocity 0
time 0
note_on 77
velocity 0
time 18
note_on 79
velocity 70
time 10
note_on 79
velocity 0
time 9
note_on 76
velocity 68
time 25
note_on 76
velocity 0
time 39
note_on 77
velocity 74
time 47
note_on 86
velocity 67
time 4
note_on 81
velocity 56
time 7
note_on 81
velocity 0
time 12
note_on 77
velocity 0
time 5
note_on 88
velocity 77
time 5
note_on 86
velocity 0
time 4
note_on 88
velocity 0
time 28
note_on 84
velocity 65
time 20
note_on 84
velocity 0
time 32
note_on 86
velocity 74
time 61
note_on 86
velocity 0
time 0
note_on 83
velocity 69
time 14
note_on 74
velocity 67
time 6
note_on 74
velocity 0
time 21
note_on 83
velocity 0
time 0
note_on 84
velocity 69
time 5
note_on 84
velocity 0
time 26
note_on 81
velocity 60
time 40
note_on 81
velocity 0
time 33
note_on 83
velocity 67
time 71
note_on 83
velocity 0
time 9
note_on 80
velocity 72
time 4
note_on 74
velocity 69
time 4
note_on 71
velocity 59
time 10
note_on 74
velocity 0
time 2
note_on 71
velocity 0
time 5
note_on 80
velocity 0
time 4
note_on 81
velocity 64
time 12
note_on 81
velocity 0
time 0
note_on 77
velocity 66
time 0
note_on 77
velocity 0
time 15
note_on 79
velocity 70
time 64
note_on 79
velocity 0
time 5
note_on 71
velocity 59
time 0
note_on 76
velocity 60
time 10
note_on 68
velocity 42
time 5
note_on 71
velocity 0
time 4
note_on 68
velocity 0
time 6
note_on 76
velocity 0
time 18
note_on 77
velocity 65
time 7
note_on 77
velocity 0
time 0
note_on 75
velocity 69
time 8
note_on 75
velocity 0
time 51
note_on 76
velocity 73
time 38
note_on 81
velocity 53
time 16
note_on 84
velocity 53
time 0
note_on 76
velocity 0
time 18
note_on 81
velocity 0
time 0
note_on 86
velocity 73
time 13
note_on 84
velocity 0
time 5
note_on 86
velocity 0
time 29
note_on 83
velocity 64
time 23
note_on 83
velocity 0
time 43
note_on 84
velocity 68
time 54
note_on 84
velocity 0
time 0
note_on 81
velocity 72
time 16
note_on 72
velocity 64
time 5
note_on 72
velocity 0
time 6
note_on 81
velocity 0
time 18
note_on 83
velocity 71
time 4
note_on 83
velocity 0
time 4
note_on 79
velocity 65
time 44
note_on 79
velocity 0
time 34
note_on 81
velocity 73
time 44
note_on 81
velocity 0
time 14
note_on 72
velocity 77
time 16
note_on 69
velocity 54
time 12
note_on 77
velocity 65
time 0
note_on 69
velocity 0
time 0
note_on 72
velocity 0
time 8
note_on 79
velocity 68
time 15
note_on 77
velocity 0
time 4
note_on 40
velocity 0
time 6
note_on 79
velocity 0
time 5
note_on 76
velocity 58
time 7
note_on 76
velocity 0
time 15
note_on 77
velocity 71
time 42
note_on 77
velocity 0
time 5
note_on 69
velocity 61
time 4
note_on 74
velocity 52
time 9
note_on 65
velocity 36
time 17
note_on 69
velocity 0
time 15
note_on 65
velocity 0
time 10
note_on 76
velocity 61
time 9
note_on 74
velocity 0
time 7
note_on 76
velocity 0
time 0
note_on 72
velocity 56
time 37
note_on 72
velocity 0
time 11
note_on 74
velocity 63
time 25
note_on 74
velocity 0
time 9
note_on 65
velocity 45
time 13
note_on 71
velocity 53
time 0
note_on 62
velocity 41
time 3
note_on 65
velocity 0
time 9
note_on 62
velocity 0
time 5
note_on 71
velocity 0
time 0
note_on 72
velocity 60
time 15
note_on 72
velocity 0
time 9
note_on 69
velocity 51
time 38
note_on 69
velocity 0
time 63
note_on 71
velocity 45
time 78
note_on 59
velocity 37
time 11
note_on 62
velocity 36
time 5
note_on 71
velocity 0
time 16
note_on 68
velocity 55
time 15
note_on 68
velocity 0
time 9
note_on 65
velocity 49
time 13
note_on 65
velocity 0
time 5
note_on 63
velocity 60
time 9
note_on 62
velocity 0
time 4
note_on 59
velocity 0
time 0
note_on 63
velocity 0
time 10
note_on 52
velocity 0
time 11
note_on 64
velocity 66
time 8
note_on 64
velocity 0
time 79
note_on 65
velocity 69
time 5
note_on 65
velocity 0
time 40
note_on 66
velocity 63
time 20
note_on 66
velocity 0
time 64
note_on 67
velocity 54
time 37
note_on 67
velocity 0
time 67
note_on 68
velocity 56
time 29
note_on 68
velocity 0
time 52
note_on 69
velocity 58
time 19
note_on 45
velocity 56
time 3
note_on 60
velocity 58
time 15
note_on 45
velocity 0
time 16
note_on 69
velocity 0
time 4
note_on 60
velocity 0
time 36
note_on 70
velocity 59
time 39
note_on 70
velocity 0
time 66
note_on 71
velocity 59
time 32
note_on 71
velocity 0
time 57
note_on 72
velocity 58
time 18
note_on 72
velocity 0
time 75
note_on 69
velocity 54
time 26
note_on 64
velocity 55
time 5
note_on 57
velocity 57
time 2
note_on 60
velocity 41
time 4
note_on 73
velocity 60
time 0
note_on 52
velocity 43
time 11
note_on 57
velocity 0
time 16
note_on 64
velocity 0
time 4
note_on 60
velocity 0
time 9
note_on 69
velocity 0
time 0
note_on 52
velocity 0
time 12
note_on 73
velocity 0
time 8
note_on 74
velocity 63
time 22
note_on 74
velocity 0
time 96
note_on 75
velocity 59
time 26
note_on 75
velocity 0
time 70
note_on 76
velocity 63
time 30
note_on 45
velocity 67
time 76
note_on 77
velocity 73
time 0
note_on 76
velocity 0
time 5
note_on 69
velocity 57
time 7
note_on 45
velocity 0
time 22
note_on 69
velocity 0
time 17
note_on 77
velocity 0
time 0
note_on 78
velocity 61
time 57
note_on 78
velocity 0
time 65
note_on 79
velocity 66
time 18
note_on 79
velocity 0
time 87
note_on 80
velocity 62
time 21
note_on 57
velocity 69
time 79
note_on 62
velocity 67
time 5
note_on 80
velocity 0
time 0
note_on 81
velocity 67
time 4
note_on 53
velocity 59
time 4
note_on 74
velocity 64
time 7
note_on 62
velocity 0
time 4
note_on 57
velocity 0
time 18
note_on 53
velocity 0
time 4
note_on 74
velocity 0
time 21
note_on 81
velocity 0
time 18
note_on 82
velocity 64
time 37
note_on 82
velocity 0
time 79
note_on 83
velocity 26
time 66
note_on 84
velocity 52
time 14
note_on 83
velocity 0
time 33
note_on 84
velocity 0
time 66
note_on 33
velocity 55
time 11
note_on 45
velocity 53
time 4
note_on 76
velocity 59
time 16
note_on 33
velocity 0
time 13
note_on 45
velocity 0
time 0
note_on 85
velocity 41
time 0
note_on 76
velocity 0
time 10
note_on 85
velocity 0
time 4
note_on 86
velocity 69
time 0
note_on 86
velocity 0
time 58
note_on 87
velocity 57
time 16
note_on 87
velocity 0
time 96
note_on 88
velocity 71
time 0
note_on 88
velocity 0
time 96
note_on 89
velocity 79
time 5
note_on 57
velocity 69
time 4
note_on 60
velocity 62
time 9
note_on 81
velocity 49
time 4
note_on 52
velocity 55
time 4
note_on 57
velocity 0
time 18
note_on 60
velocity 0
time 0
note_on 81
velocity 0
time 9
note_on 52
velocity 0
time 7
note_on 88
velocity 77
time 45
note_on 89
velocity 0
time 32
note_on 87
velocity 74
time 57
note_on 88
velocity 0
time 6
note_on 87
velocity 0
time 22
note_on 86
velocity 82
time 73
note_on 60
velocity 68
time 14
note_on 86
velocity 0
time 5
note_on 64
velocity 69
time 0
note_on 85
velocity 72
time 0
note_on 76
velocity 72
time 14
note_on 57
velocity 41
time 7
note_on 64
velocity 0
time 0
note_on 85
velocity 0
time 0
note_on 60
velocity 0
time 9
note_on 76
velocity 0
time 18
note_on 57
velocity 0
time 14
note_on 84
velocity 58
time 25
note_on 84
velocity 0
time 101
note_on 83
velocity 66
time 5
note_on 82
velocity 65
time 94
note_on 83
velocity 0
time 7
note_on 82
velocity 0
time 77
note_on 72
velocity 65
time 15
note_on 76
velocity 54
time 5
note_on 81
velocity 64
time 0
note_on 72
velocity 0
time 20
note_on 76
velocity 0
time 11
note_on 81
velocity 0
time 40
note_on 80
velocity 76
time 12
note_on 80
velocity 0
time 104
note_on 83
velocity 63
time 16
note_on 83
velocity 0
time 73
note_on 81
velocity 60
time 14
note_on 81
velocity 0
time 81
note_on 40
velocity 61
time 5
note_on 80
velocity 66
time 4
note_on 71
velocity 61
time 18
note_on 80
velocity 0
time 12
note_on 40
velocity 0
time 6
note_on 71
velocity 0
time 19
note_on 79
velocity 77
time 33
note_on 79
velocity 0
time 86
note_on 78
velocity 62
time 34
note_on 78
velocity 0
time 43
note_on 77
velocity 63
time 42
note_on 62
velocity 62
time 92
note_on 59
velocity 59
time 7
note_on 77
velocity 0
time 5
note_on 52
velocity 61
time 5
note_on 76
velocity 72
time 0
note_on 68
velocity 68
time 4
note_on 62
velocity 0
time 4
note_on 59
velocity 0
time 9
note_on 52
velocity 0
time 7
note_on 68
velocity 0
time 47
note_on 76
velocity 0
time 12
note_on 75
velocity 74
time 3
note_on 75
velocity 0
time 90
note_on 77
velocity 69
time 14
note_on 76
velocity 66
time 90
note_on 77
velocity 0
time 18
note_on 75
velocity 72
time 85
note_on 76
velocity 0
time 0
note_on 45
velocity 61
time 4
note_on 69
velocity 62
time 5
note_on 75
velocity 0
time 16
note_on 45
velocity 0
time 6
note_on 69
velocity 0
time 16
note_on 74
velocity 74
time 53
note_on 74
velocity 0
time 83
note_on 73
velocity 53
time 40
note_on 73
velocity 0
time 30
note_on 72
velocity 65
time 43
note_on 72
velocity 0
time 84
note_on 71
velocity 64
time 8
note_on 57
velocity 67
time 6
note_on 60
velocity 64
time 0
note_on 69
velocity 62
time 3
note_on 52
velocity 59
time 8
note_on 64
velocity 59
time 5
note_on 57
velocity 0
time 11
note_on 60
velocity 0
time 0
note_on 52
velocity 0
time 18
note_on 69
velocity 0
time 15
note_on 64
velocity 0
time 5
note_on 71
velocity 0
time 16
note_on 72
velocity 68
time 9
note_on 72
velocity 0
time 87
note_on 74
velocity 61
time 20
note_on 74
velocity 0
time 70
note_on 72
velocity 66
time 9
note_on 71
velocity 72
time 105
note_on 72
velocity 0
time 0
note_on 52
velocity 55
time 5
note_on 68
velocity 63
time 4
note_on 64
velocity 59
time 8
note_on 59
velocity 27
time 11
note_on 52
velocity 0
time 17
note_on 68
velocity 0
time 4
note_on 59
velocity 0
time 8
note_on 64
velocity 0
time 3
note_on 71
velocity 0
time 18
note_on 72
velocity 71
time 8
note_on 72
velocity 0
time 95
note_on 71
velocity 71
time 11
note_on 71
velocity 0
time 77
note_on 72
velocity 68
time 5
note_on 72
velocity 0
time 63
note_on 59
velocity 56
time 28
note_on 53
velocity 70
time 9
note_on 63
velocity 77
time 8
note_on 69
velocity 71
time 0
note_on 71
velocity 81
time 0
note_on 69
velocity 0
time 15
note_on 71
velocity 0
time 26
note_on 72
velocity 81
time 0
note_on 72
velocity 0
time 90
note_on 71
velocity 73
time 16
note_on 53
velocity 0
time 45
note_on 71
velocity 0
time 20
note_on 72
velocity 76
time 12
note_on 63
velocity 0
time 4
note_on 59
velocity 0
time 76
note_on 52
velocity 70
time 6
note_on 68
velocity 77
time 4
note_on 72
velocity 0
time 0
note_on 71
velocity 74
time 5
note_on 52
velocity 0
time 6
note_on 68
velocity 0
time 18
note_on 71
velocity 0
time 16
note_on 76
velocity 76
time 48
note_on 76
velocity 0
time 89
note_on 75
velocity 71
time 6
note_on 75
velocity 0
time 80
note_on 74
velocity 67
time 26
note_on 74
velocity 0
time 55
note_on 68
velocity 69
time 15
note_on 62
velocity 68
time 6
note_on 73
velocity 69
time 14
note_on 68
velocity 0
time 7
note_on 62
velocity 0
time 18
note_on 72
velocity 72
time 63
note_on 73
velocity 0
time 0
note_on 72
velocity 0
time 66
note_on 71
velocity 63
time 23
note_on 71
velocity 0
time 43
note_on 70
velocity 62
time 45
note_on 70
velocity 0
time 79
note_on 45
velocity 55
time 25
note_on 60
velocity 61
time 0
note_on 69
velocity 55
time 4
note_on 45
velocity 0
time 28
note_on 60
velocity 0
time 11
note_on 69
velocity 0
time 61
note_on 70
velocity 67
time 13
note_on 70
velocity 0
time 61
note_on 71
velocity 63
time 16
note_on 71
velocity 0
time 79
note_on 72
velocity 59
time 11
note_on 72
velocity 0
time 83
note_on 57
velocity 63
time 5
note_on 64
velocity 70
time 0
note_on 69
velocity 67
time 0
note_on 60
velocity 46
time 4
note_on 73
velocity 69
time 0
note_on 52
velocity 47
time 9
note_on 57
velocity 0
time 11
note_on 64
velocity 0
time 7
note_on 60
velocity 0
time 6
note_on 69
velocity 0
time 4
note_on 52
velocity 0
time 18
note_on 73
velocity 0
time 21
note_on 74
velocity 58
time 20
note_on 74
velocity 0
time 82
note_on 75
velocity 61
time 18
note_on 75
velocity 0
time 100
note_on 76
velocity 63
time 11
note_on 77
velocity 76
time 86
note_on 45
velocity 64
time 4
note_on 69
velocity 58
time 7
note_on 76
velocity 0
time 2
note_on 45
velocity 0
time 22
note_on 69
velocity 0
time 9
note_on 77
velocity 0
time 27
note_on 78
velocity 69
time 33
note_on 78
velocity 0
time 80
note_on 79
velocity 65
time 26
note_on 79
velocity 0
time 86
note_on 80
velocity 59
time 25
note_on 57
velocity 70
time 70
note_on 62
velocity 63
time 3
note_on 81
velocity 66
time 4
note_on 53
velocity 61
time 5
note_on 80
velocity 0
time 0
note_on 57
velocity 0
time 15
note_on 74
velocity 60
time 0
note_on 62
velocity 0
time 2
note_on 53
velocity 0
time 11
note_on 74
velocity 0
time 35
note_on 81
velocity 0
time 8
note_on 82
velocity 62
time 33
note_on 82
velocity 0
time 94
note_on 83
velocity 62
time 7
note_on 84
velocity 65
time 78
note_on 83
velocity 0
time 11
note_on 84
velocity 0
time 76
note_on 33
velocity 55
time 30
note_on 76
velocity 70
time 4
note_on 45
velocity 54
time 5
note_on 85
velocity 64
time 0
note_on 81
velocity 56
time 3
note_on 33
velocity 0
time 9
note_on 45
velocity 0
time 0
note_on 76
velocity 0
time 0
note_on 81
velocity 0
time 0
note_on 85
velocity 0
time 11
note_on 86
velocity 68
time 4
note_on 86
velocity 0
time 105
note_on 87
velocity 61
time 11
note_on 88
velocity 67
time 92
note_on 87
velocity 0
time 9
note_on 88
velocity 0
time 90
note_on 57
velocity 67
time 4
note_on 89
velocity 81
time 0
note_on 60
velocity 58
time 5
note_on 81
velocity 55
time 0
note_on 52
velocity 55
time 4
note_on 57
velocity 0
time 14
note_on 81
velocity 0
time 8
note_on 60
velocity 0
time 5
note_on 52
velocity 0
time 8
note_on 88
velocity 74
time 54
note_on 89
velocity 0
time 20
note_on 87
velocity 71
time 66
note_on 88
velocity 0
time 9
note_on 87
velocity 0
time 22
note_on 86
velocity 80
time 67
note_on 86
velocity 0
time 5
note_on 60
velocity 72
time 7
note_on 64
velocity 70
time 0
note_on 76
velocity 79
time 0
note_on 85
velocity 68
time 0
note_on 57
velocity 57
time 5
note_on 60
velocity 0
time 7
note_on 64
velocity 0
time 5
note_on 85
velocity 0
time 3
note_on 76
velocity 0
time 1
note_on 57
velocity 0
time 4
note_on 84
velocity 72
time 40
note_on 84
velocity 0
time 91
note_on 83
velocity 67
time 7
note_on 82
velocity 68
time 101
note_on 83
velocity 0
time 4
note_on 82
velocity 0
time 81
note_on 72
velocity 74
time 13
note_on 81
velocity 72
time 0
note_on 76
velocity 53
time 9
note_on 72
velocity 0
time 21
note_on 76
velocity 0
time 13
note_on 81
velocity 0
time 37
note_on 80
velocity 77
time 9
note_on 80
velocity 0
time 104
note_on 83
velocity 61
time 18
note_on 83
velocity 0
time 87
note_on 81
velocity 52
time 13
note_on 81
velocity 0
time 44
note_on 82
velocity 69
time 34
note_on 38
velocity 53
time 4
note_on 74
velocity 63
time 10
note_on 38
velocity 0
time 32
note_on 74
velocity 0
time 9
note_on 82
velocity 0
time 26
note_on 83
velocity 54
time 38
note_on 83
velocity 0
time 75
note_on 84
velocity 59
time 4
note_on 84
velocity 0
time 84
note_on 85
velocity 65
time 14
note_on 85
velocity 0
time 91
note_on 86
velocity 71
time 2
note_on 58
velocity 70
time 4
note_on 62
velocity 62
time 5
note_on 50
velocity 64
time 11
note_on 53
velocity 54
time 0
note_on 58
velocity 0
time 9
note_on 77
velocity 60
time 0
note_on 62
velocity 0
time 7
note_on 50
velocity 0
time 9
note_on 53
velocity 0
time 11
note_on 77
velocity 0
time 32
note_on 86
velocity 0
time 0
note_on 87
velocity 68
time 13
note_on 87
velocity 0
time 107
note_on 88
velocity 63
time 4
note_on 89
velocity 74
time 87
note_on 88
velocity 0
time 3
note_on 89
velocity 0
time 50
note_on 88
velocity 77
time 40
note_on 40
velocity 74
time 6
note_on 52
velocity 79
time 0
note_on 80
velocity 83
time 0
note_on 86
velocity 70
time 0
note_on 40
velocity 0
time 0
note_on 52
velocity 0
time 9
note_on 80
velocity 0
time 4
note_on 86
velocity 0
time 0
note_on 88
velocity 0
time 18
note_on 89
velocity 76
time 13
note_on 89
velocity 0
time 43
note_on 90
velocity 78
time 9
note_on 90
velocity 0
time 91
note_on 91
velocity 74
time 9
note_on 59
velocity 85
time 77
note_on 62
velocity 82
time 0
note_on 52
velocity 80
time 7
note_on 86
velocity 86
time 0
note_on 92
velocity 85
time 0
note_on 91
velocity 0
time 7
note_on 59
velocity 0
time 12
note_on 62
velocity 0
time 0
note_on 52
velocity 0
time 12
note_on 86
velocity 0
time 23
note_on 93
velocity 80
time 47
note_on 92
velocity 0
time 4
note_on 93
velocity 0
time 70
note_on 94
velocity 78
time 22
note_on 94
velocity 0
time 100
note_on 95
velocity 75
time 9
note_on 96
velocity 59
time 15
note_on 96
velocity 0
time 58
note_on 41
velocity 84
time 11
note_on 53
velocity 86
time 0
note_on 93
velocity 83
time 5
note_on 84
velocity 73
time 4
note_on 53
velocity 0
time 23
note_on 41
velocity 0
time 4
note_on 95
velocity 0
time 6
note_on 92
velocity 76
time 4
note_on 93
velocity 0
time 14
note_on 92
velocity 0
time 15
note_on 84
velocity 0
time 20
note_on 91
velocity 79
time 32
note_on 90
velocity 82
time 100
note_on 91
velocity 0
time 0
note_on 90
velocity 0
time 30
note_on 60
velocity 74
time 0
note_on 65
velocity 45
time 0
note_on 89
velocity 90
time 0
note_on 57
velocity 55
time 8
note_on 60
velocity 0
time 3
note_on 65
velocity 0
time 17
note_on 81
velocity 73
time 0
note_on 57
velocity 0
time 14
note_on 88
velocity 73
time 53
note_on 81
velocity 0
time 5
note_on 89
velocity 0
time 30
note_on 87
velocity 72
time 56
note_on 88
velocity 0
time 7
note_on 87
velocity 0
time 27
note_on 86
velocity 55
time 70
note_on 88
velocity 69
time 0
note_on 88
velocity 0
time 53
note_on 86
velocity 0
time 5
note_on 85
velocity 68
time 34
note_on 48
velocity 79
time 4
note_on 36
velocity 63
time 6
note_on 76
velocity 75
time 2
note_on 85
velocity 0
time 19
note_on 48
velocity 0
time 6
note_on 36
velocity 0
time 10
note_on 76
velocity 0
time 30
note_on 84
velocity 75
time 13
note_on 83
velocity 72
time 100
note_on 84
velocity 0
time 28
note_on 82
velocity 68
time 61
note_on 83
velocity 0
time 7
note_on 82
velocity 0
time 25
note_on 81
velocity 78
time 72
note_on 64
velocity 68
time 10
note_on 52
velocity 68
time 7
note_on 57
velocity 71
time 0
note_on 72
velocity 75
time 0
note_on 64
velocity 0
time 22
note_on 57
velocity 0
time 11
note_on 52
velocity 0
time 5
note_on 81
velocity 0
time 29
note_on 80
velocity 60
time 25
note_on 72
velocity 0
time 6
note_on 80
velocity 0
time 28
note_on 79
velocity 76
time 52
note_on 79
velocity 0
time 92
note_on 78
velocity 70
time 13
note_on 78
velocity 0
time 36
note_on 38
velocity 64
time 53
note_on 50
velocity 64
time 5
note_on 74
velocity 76
time 2
note_on 77
velocity 77
time 4
note_on 70
velocity 73
time 11
note_on 50
velocity 0
time 9
note_on 38
velocity 0
time 4
note_on 74
velocity 0
time 48
note_on 70
velocity 0
time 18
note_on 76
velocity 71
time 8
note_on 77
velocity 0
time 18
note_on 76
velocity 0
time 77
note_on 75
velocity 63
time 7
note_on 75
velocity 0
time 32
note_on 74
velocity 65
time 70
note_on 74
velocity 0
time 77
note_on 62
velocity 78
time 9
note_on 58
velocity 65
time 5
note_on 70
velocity 70
time 0
note_on 65
velocity 58
time 4
note_on 53
velocity 54
time 7
note_on 50
velocity 62
time 4
note_on 73
velocity 57
time 4
note_on 65
velocity 0
time 0
note_on 70
velocity 0
time 0
note_on 73
velocity 0
time 11
note_on 74
velocity 75
time 5
note_on 53
velocity 0
time 34
note_on 74
velocity 0
time 25
note_on 77
velocity 79
time 4
note_on 50
velocity 0
time 5
note_on 58
velocity 0
time 9
note_on 62
velocity 0
time 52
note_on 74
velocity 76
time 28
note_on 77
velocity 0
time 7
note_on 71
velocity 73
time 13
note_on 64
velocity 71
time 0
note_on 74
velocity 0
time 0
note_on 60
velocity 61
time 2
note_on 69
velocity 60
time 0
note_on 57
velocity 53
time 11
note_on 52
velocity 52
time 0
note_on 64
velocity 0
time 7
note_on 60
velocity 0
time 8
note_on 57
velocity 0
time 16
note_on 52
velocity 0
time 9
note_on 69
velocity 0
time 11
note_on 71
velocity 0
time 4
note_on 72
velocity 75
time 17
note_on 72
velocity 0
time 86
note_on 76
velocity 73
time 9
note_on 76
velocity 0
time 77
note_on 72
velocity 72
time 7
note_on 59
velocity 75
time 96
note_on 70
velocity 68
time 4
note_on 72
velocity 0
time 0
note_on 62
velocity 65
time 4
note_on 68
velocity 70
time 0
note_on 52
velocity 63
time 10
note_on 59
velocity 0
time 4
note_on 62
velocity 0
time 4
note_on 52
velocity 0
time 9
note_on 68
velocity 0
time 7
note_on 70
velocity 0
time 12
note_on 71
velocity 77
time 4
note_on 71
velocity 0
time 67
note_on 76
velocity 69
time 8
note_on 76
velocity 0
time 81
note_on 71
velocity 73
time 29
note_on 71
velocity 0
time 0
note_on 69
velocity 68
time 18
note_on 57
velocity 60
time 0
note_on 60
velocity 63
time 8
note_on 45
velocity 40
time 6
note_on 57
velocity 0
time 19
note_on 60
velocity 0
time 7
note_on 45
velocity 0
time 28
note_on 70
velocity 65
time 31
note_on 69
velocity 0
time 19
note_on 70
velocity 0
time 37
note_on 71
velocity 64
time 26
note_on 71
velocity 0
time 103
note_on 72
velocity 62
time 0
note_on 72
velocity 0
time 81
note_on 73
velocity 67
time 13
note_on 62
velocity 56
time 5
note_on 41
velocity 49
time 4
note_on 53
velocity 42
time 0
note_on 62
velocity 0
time 28
note_on 73
velocity 0
time 12
note_on 74
velocity 58
time 9
note_on 74
velocity 0
time 14
note_on 75
velocity 60
time 26
note_on 75
velocity 0
time 73
note_on 76
velocity 68
time 14
note_on 77
velocity 75
time 109
note_on 69
velocity 58
time 4
note_on 76
velocity 0
time 0
note_on 69
velocity 0
time 42
note_on 77
velocity 0
time 32
note_on 53
velocity 0
time 4
note_on 78
velocity 70
time 9
note_on 78
velocity 0
time 82
note_on 79
velocity 66
time 27
note_on 79
velocity 0
time 67
note_on 80
velocity 62
time 32
note_on 41
velocity 0
time 62
note_on 80
velocity 0
time 7
note_on 40
velocity 61
time 4
note_on 81
velocity 62
time 0
note_on 52
velocity 38
time 10
note_on 74
velocity 62
time 0
note_on 40
velocity 0
time 8
note_on 81
velocity 0
time 16
note_on 52
velocity 0
time 14
note_on 82
velocity 61
time 52
note_on 74
velocity 0
time 5
note_on 82
velocity 0
time 79
note_on 83
velocity 59
time 16
note_on 84
velocity 58
time 89
note_on 83
velocity 0
time 17
note_on 84
velocity 0
time 19
note_on 33
velocity 57
time 38
note_on 72
velocity 66
time 7
note_on 45
velocity 42
time 4
note_on 81
velocity 65
time 5
note_on 33
velocity 0
time 29
note_on 72
velocity 0
time 0
note_on 45
velocity 0
time 14
note_on 82
velocity 68
time 54
note_on 81
velocity 0
time 22
note_on 82
velocity 0
time 51
note_on 83
velocity 68
time 14
note_on 84
velocity 62
time 98
note_on 83
velocity 0
time 32
note_on 84
velocity 0
time 55
note_on 29
velocity 51
time 8
note_on 85
velocity 56
time 3
note_on 74
velocity 54
time 5
note_on 41
velocity 43
time 11
note_on 81
velocity 39
time 0
note_on 74
velocity 0
time 11
note_on 81
velocity 0
time 15
note_on 85
velocity 0
time 18
note_on 86
velocity 64
time 12
note_on 86
velocity 0
time 22
note_on 87
velocity 59
time 26
note_on 87
velocity 0
time 85
note_on 88
velocity 63
time 11
note_on 89
velocity 63
time 105
note_on 88
velocity 0
time 4
note_on 81
velocity 47
time 4
note_on 81
velocity 0
time 56
note_on 89
velocity 0
time 29
note_on 90
velocity 65
time 19
note_on 41
velocity 0
time 34
note_on 90
velocity 0
time 58
note_on 91
velocity 61
time 16
note_on 91
velocity 0
time 112
note_on 92
velocity 50
time 31
note_on 29
velocity 0
time 6
note_on 28
velocity 44
time 0
note_on 40
velocity 36
time 4
note_on 92
velocity 0
time 0
note_on 93
velocity 56
time 9
note_on 86
velocity 41
time 4
note_on 93
velocity 0
time 11
note_on 94
velocity 59
time 18
note_on 28
velocity 0
time 16
note_on 40
velocity 0
time 11
note_on 95
velocity 62
time 9
note_on 94
velocity 0
time 23
note_on 96
velocity 64
time 108
note_on 95
velocity 0
time 27
note_on 96
velocity 0
time 25
note_on 86
velocity 0
time 51
note_on 87
velocity 54
time 4
note_on 33
velocity 39
time 0
note_on 93
velocity 59
time 11
note_on 87
velocity 0
time 18
note_on 84
velocity 31
time 13
note_on 93
velocity 0
time 15
note_on 92
velocity 64
time 8
note_on 92
velocity 0
time 0
note_on 84
velocity 0
time 11
note_on 91
velocity 70
time 4
note_on 91
velocity 0
time 82
note_on 90
velocity 68
time 0
note_on 90
velocity 0
time 14
note_on 89
velocity 74
time 5
note_on 86
velocity 54
time 0
note_on 81
velocity 30
time 4
note_on 86
velocity 0
time 0
note_on 81
velocity 0
time 10
note_on 88
velocity 64
time 5
note_on 89
velocity 0
time 5
note_on 88
velocity 0
time 76
note_on 87
velocity 61
time 13
note_on 87
velocity 0
time 28
note_on 86
velocity 79
time 62
note_on 86
velocity 0
time 20
note_on 85
velocity 62
time 0
note_on 77
velocity 61
time 7
note_on 85
velocity 0
time 12
note_on 77
velocity 0
time 18
note_on 84
velocity 67
time 4
note_on 83
velocity 67
time 68
note_on 84
velocity 0
time 9
note_on 83
velocity 0
time 66
note_on 81
velocity 67
time 12
note_on 77
velocity 62
time 0
note_on 74
velocity 34
time 0
note_on 77
velocity 0
time 13
note_on 81
velocity 0
time 3
note_on 74
velocity 0
time 8
note_on 80
velocity 57
time 12
note_on 80
velocity 0
time 12
note_on 79
velocity 74
time 28
note_on 79
velocity 0
time 78
note_on 78
velocity 65
time 16
note_on 78
velocity 0
time 26
note_on 77
velocity 70
time 16
note_on 74
velocity 53
time 4
note_on 69
velocity 48
time 5
note_on 74
velocity 0
time 8
note_on 69
velocity 0
time 8
note_on 76
velocity 61
time 14
note_on 77
velocity 0
time 0
note_on 76
velocity 0
time 4
note_on 75
velocity 62
time 15
note_on 75
velocity 0
time 21
note_on 74
velocity 75
time 63
note_on 74
velocity 0
time 15
note_on 73
velocity 64
time 18
note_on 65
velocity 52
time 9
note_on 73
velocity 0
time 22
note_on 65
velocity 0
time 4
note_on 72
velocity 70
time 12
note_on 71
velocity 65
time 14
note_on 72
velocity 0
time 4
note_on 71
velocity 0
time 8
note_on 70
velocity 53
time 0
note_on 70
velocity 0
time 31
note_on 69
velocity 73
time 68
note_on 65
velocity 52
time 5
note_on 65
velocity 0
time 13
note_on 69
velocity 0
time 0
note_on 68
velocity 66
time 18
note_on 68
velocity 0
time 8
note_on 67
velocity 62
time 9
note_on 67
velocity 0
time 26
note_on 66
velocity 65
time 0
note_on 66
velocity 0
time 18
note_on 65
velocity 46
time 0
note_on 62
velocity 52
time 11
note_on 57
velocity 32
time 4
note_on 62
velocity 0
time 15
note_on 65
velocity 0
time 0
note_on 64
velocity 54
time 14
note_on 64
velocity 0
time 9
note_on 63
velocity 51
time 14
note_on 57
velocity 0
time 0
note_on 63
velocity 0
time 0
note_on 62
velocity 54
time 36
note_on 61
velocity 43
time 17
note_on 57
velocity 35
time 13
note_on 52
velocity 37
time 5
note_on 62
velocity 0
time 5
note_on 61
velocity 0
time 118
note_on 57
velocity 0
time 0
note_on 52
velocity 0
time 4
note_on 33
velocity 0
time 35
