note_on 59
velocity 42
time 968
note_on 47
velocity 41
time 1
note_on 78
velocity 67
time 785
note_off 47
time 312
note_off 59
time 165
note_off 78
time 152
note_on 76
velocity 57
time 55
note_on 74
velocity 59
time 333
note_off 76
time 72
note_on 66
velocity 43
time 6
note_off 66
time 6
note_on 67
velocity 38
time 11
note_off 74
time 13
note_on 74
velocity 52
time 281
note_on 73
velocity 50
time 582
note_off 74
time 11
note_on 71
velocity 41
time 222
note_off 73
time 48
note_on 62
velocity 10
time 0
note_off 67
time 0
note_on 66
velocity 31
time 3
note_off 62
time 62
note_off 66
time 24
note_on 67
velocity 38
time 6
note_on 64
velocity 36
time 5
note_on 74
velocity 54
time 18
note_off 67
time 0
note_off 71
time 19
note_off 64
time 9
note_on 73
velocity 69
time 10
note_on 62
velocity 39
time 10
note_on 66
velocity 38
time 0
note_off 74
time 1
note_on 71
velocity 73
time 1
note_off 73
time 16
note_off 62
time 5
note_off 66
time 7
note_on 78
velocity 69
time 1
note_on 64
velocity 37
time 1
note_on 61
velocity 41
time 2
note_off 71
time 1
note_on 76
velocity 74
time 67
note_off 78
time 19
note_off 61
time 16
note_on 74
velocity 78
time 7
note_on 66
velocity 49
time 3
note_off 76
time 2
note_off 64
time 16
note_on 73
velocity 81
time 170
note_off 74
time 48
note_off 66
time 229
note_on 74
velocity 75
time 3
note_on 59
velocity 35
time 16
note_off 73
time 5
note_off 74
time 227
note_on 71
velocity 65
time 7
note_off 71
time 253
note_on 74
velocity 61
time 13
note_off 74
time 259
note_on 78
velocity 52
time 3
note_on 76
velocity 51
time 303
note_off 78
time 52
note_on 74
velocity 40
time 235
note_off 76
time 49
note_on 66
velocity 25
time 289
note_off 66
time 294
note_on 67
velocity 37
time 83
note_off 74
time 10
note_on 74
velocity 51
time 19
note_off 59
time 1
note_on 73
velocity 43
time 16
note_off 74
time 1
note_off 73
time 15
note_on 71
velocity 39
time 1
note_off 67
time 15
note_on 66
velocity 33
time 5
note_on 62
velocity 22
time 1
note_off 62
time 7
note_off 66
time 6
note_on 67
velocity 38
time 1
note_on 64
velocity 37
time 6
note_on 74
velocity 54
time 1
note_off 67
time 13
note_off 64
time 16
note_off 71
time 134
note_on 66
velocity 41
time 16
note_on 73
velocity 59
time 1
note_on 62
velocity 39
time 2
note_off 74
time 5
note_on 71
velocity 67
time 24
note_off 62
time 6
note_off 73
time 5
note_off 66
time 29
note_on 64
velocity 41
time 13
note_off 71
time 0
note_on 61
velocity 48
time 1
note_on 76
velocity 67
time 0
note_off 64
time 18
note_off 61
time 7
note_on 70
velocity 71
time 15
note_off 76
time 14
note_on 59
velocity 50
time 13
note_on 71
velocity 68
time 31
note_off 70
time 10
note_off 59
time 20
note_on 73
velocity 68
time 0
note_on 54
velocity 39
time 15
note_off 71
time 7
note_on 76
velocity 71
time 251
note_off 73
time 27
note_on 74
velocity 76
time 221
note_off 76
time 69
note_on 73
velocity 77
time 179
note_off 74
time 3
note_off 54
time 10
note_on 74
velocity 72
time 5
note_off 73
time 0
note_on 71
velocity 39
time 3
note_off 71
time 32
note_on 67
velocity 37
time 36
note_off 67
time 274
note_on 64
velocity 29
time 5
note_on 61
velocity 32
time 261
note_off 64
time 3
note_off 61
time 277
note_on 55
velocity 34
time 24
note_on 76
velocity 53
time 282
note_off 74
time 10
note_on 73
velocity 68
time 225
note_off 76
time 15
note_on 74
velocity 74
time 19
note_off 73
time 9
note_off 74
time 11
note_off 55
time 22
note_on 74
velocity 59
time 3
note_on 71
velocity 45
time 13
note_off 71
time 11
note_on 76
velocity 63
time 1
note_on 67
velocity 39
time 6
note_off 74
time 10
note_on 64
velocity 33
time 238
note_off 67
time 11
note_on 61
velocity 20
time 5
note_off 64
time 6
note_off 61
time 53
note_on 55
velocity 31
time 7
note_off 76
time 14
note_on 79
velocity 57
time 7
note_off 79
time 44
note_on 73
velocity 69
time 109
note_on 74
velocity 79
time 253
note_off 55
time 42
note_off 73
time 3
note_off 74
time 27
note_on 74
velocity 69
time 188
note_on 67
velocity 51
time 11
note_on 76
velocity 71
time 106
note_on 64
velocity 47
time 9
note_off 74
time 15
note_off 67
time 26
note_off 64
time 10
note_on 61
velocity 42
time 6
note_off 61
time 13
note_on 55
velocity 39
time 15
note_off 55
time 102
note_on 49
velocity 52
time 3
note_off 49
time 11
note_on 83
velocity 69
time 2
note_off 76
time 5
note_on 73
velocity 72
time 66
note_on 74
velocity 81
time 153
note_off 83
time 52
note_off 73
time 1
note_off 74
time 39
note_on 74
velocity 71
time 14
note_on 67
velocity 54
time 18
note_on 76
velocity 77
time 101
note_on 64
velocity 50
time 1
note_off 74
time 24
note_off 67
time 78
note_off 64
time 5
note_on 61
velocity 47
time 1
note_off 61
time 10
note_on 55
velocity 45
time 14
note_on 49
velocity 64
time 188
note_off 55
time 6
note_on 83
velocity 78
time 16
note_off 49
time 1
note_off 76
time 18
note_on 73
velocity 81
time 95
note_on 74
velocity 86
time 233
note_off 73
time 59
note_off 83
time 16
note_off 74
time 37
note_on 74
velocity 77
time 161
note_on 67
velocity 54
time 6
note_on 76
velocity 81
time 9
note_on 64
velocity 52
time 3
note_off 74
time 19
note_off 67
time 6
note_off 64
time 18
note_on 61
velocity 41
time 10
note_off 61
time 3
note_on 57
velocity 44
time 42
note_on 45
velocity 41
time 2
note_off 57
time 18
note_on 83
velocity 54
time 5
note_off 76
time 29
note_on 81
velocity 74
time 84
note_off 83
time 27
note_off 81
time 10
note_on 79
velocity 78
time 11
note_on 78
velocity 76
time 16
note_off 79
time 35
note_on 76
velocity 79
time 218
note_off 78
time 66
note_off 45
time 15
note_off 76
time 3
note_on 74
velocity 77
time 1
note_on 57
velocity 54
time 5
note_on 73
velocity 80
time 24
note_off 74
time 5
note_off 57
time 9
note_off 73
time 35
note_on 59
velocity 47
time 11
note_on 74
velocity 78
time 7
note_on 86
velocity 78
time 239
note_off 74
time 6
note_off 59
time 213
note_on 83
velocity 75
time 28
note_on 55
velocity 43
time 1
note_off 86
time 32
note_off 83
time 197
note_on 79
velocity 73
time 15
note_off 55
time 250
note_off 79
time 5
note_on 78
velocity 67
time 7
note_on 57
velocity 37
time 16
note_on 74
velocity 64
time 273
note_off 78
time 1
note_off 57
time 238
note_on 45
velocity 35
time 9
note_off 74
time 0
note_on 73
velocity 55
time 19
note_off 45
time 15
note_off 73
time 7
note_on 74
velocity 56
time 0
note_on 59
velocity 36
time 10
note_off 74
time 54
note_on 86
velocity 50
time 32
note_off 59
time 238
note_off 86
time 13
note_on 55
velocity 32
time 6
note_on 83
velocity 51
time 1
note_off 83
time 192
note_on 79
velocity 52
time 52
note_off 79
time 230
note_off 55
time 10
note_on 78
velocity 43
time 35
note_on 57
velocity 22
time 2
note_off 78
time 233
note_on 74
velocity 47
time 31
note_on 45
velocity 22
time 303
note_off 57
time 11
note_on 73
velocity 45
time 18
note_off 74
time 10
note_off 45
time 9
note_off 73
time 131
note_on 74
velocity 43
time 11
note_on 71
velocity 38
time 303
note_off 74
time 15
note_on 59
velocity 25
time 279
note_on 62
velocity 19
time 26
note_off 62
time 3
note_off 71
time 3
note_off 59
time 9
note_on 69
velocity 36
time 11
note_off 69
time 19
note_on 59
velocity 36
time 14
note_on 68
velocity 49
time 0
note_on 62
velocity 30
time 3
note_off 59
time 2
note_off 68
time 13
note_off 62
time 2
note_on 65
velocity 43
time 1
note_off 65
time 16
note_on 59
velocity 33
time 11
note_on 64
velocity 47
time 1
note_on 62
velocity 33
time 5
note_off 62
time 0
note_off 59
time 5
note_off 64
time 3
note_on 62
velocity 38
time 26
note_off 62
time 33
note_on 76
velocity 52
time 0
note_off 76
time 210
note_on 73
velocity 49
time 13
note_on 61
velocity 30
time 276
note_on 64
velocity 32
time 0
note_off 61
time 0
note_off 64
time 0
note_off 73
time 9
note_on 71
velocity 50
time 5
note_off 71
time 7
note_on 61
velocity 33
time 5
note_on 64
velocity 34
time 11
note_on 70
velocity 42
time 2
note_off 64
time 1
note_off 61
time 14
note_off 70
time 3
note_on 67
velocity 54
time 10
note_off 67
time 5
note_on 61
velocity 38
time 3
note_on 66
velocity 59
time 2
note_on 64
velocity 33
time 1
note_off 64
time 11
note_off 61
time 11
note_off 66
time 6
note_on 64
velocity 59
time 13
note_off 64
time 13
note_on 78
velocity 63
time 9
note_on 74
velocity 68
time 183
note_off 78
time 19
note_on 66
velocity 47
time 14
note_on 62
velocity 41
time 9
note_on 73
velocity 68
time 15
note_off 62
time 13
note_off 66
time 16
note_off 74
time 15
note_on 71
velocity 71
time 0
note_on 62
velocity 44
time 16
note_on 66
velocity 41
time 3
note_off 73
time 0
note_on 69
velocity 66
time 10
note_off 71
time 5
note_off 66
time 9
note_off 62
time 10
note_on 62
velocity 49
time 16
note_on 68
velocity 74
time 1
note_off 69
time 0
note_on 66
velocity 39
time 10
note_off 66
time 3
note_off 62
time 3
note_off 68
time 48
note_on 66
velocity 77
time 10
note_on 78
velocity 66
time 9
note_off 66
time 42
note_on 75
velocity 67
time 15
note_off 78
time 9
note_on 63
velocity 45
time 10
note_on 66
velocity 43
time 1
note_on 73
velocity 69
time 13
note_off 66
time 5
note_off 63
time 10
note_on 72
velocity 73
time 1
note_on 63
velocity 46
time 14
note_on 66
velocity 47
time 5
note_off 75
time 0
note_off 73
time 9
note_off 72
time 13
note_on 69
velocity 71
time 5
note_off 66
time 5
note_off 63
time 6
note_on 68
velocity 77
time 15
note_on 63
velocity 50
time 1
note_off 69
time 0
note_on 66
velocity 42
time 0
note_off 66
time 11
note_off 63
time 7
note_off 68
time 16
note_on 66
velocity 78
time 3
note_off 66
time 15
note_on 80
velocity 78
time 7
note_on 77
velocity 71
time 19
note_off 80
time 13
note_on 65
velocity 52
time 2
note_on 68
velocity 50
time 13
note_off 68
time 19
note_off 65
time 3
note_on 74
velocity 76
time 2
note_off 77
time 14
note_on 65
velocity 50
time 11
note_on 73
velocity 79
time 5
note_on 68
velocity 52
time 9
note_off 74
time 11
note_off 68
time 0
note_off 65
time 7
note_on 71
velocity 78
time 10
note_off 73
time 16
note_off 71
time 10
note_on 69
velocity 76
time 5
note_on 65
velocity 58
time 7
note_on 68
velocity 82
time 16
note_off 69
time 7
note_off 65
time 3
note_off 68
time 1
note_on 66
velocity 53
time 6
note_on 69
velocity 76
time 1
note_on 81
velocity 86
time 294
note_off 69
time 27
note_on 64
velocity 57
time 11
note_off 66
time 15
note_on 80
velocity 87
time 11
note_off 81
time 7
note_off 64
time 2
note_off 80
time 5
note_on 62
velocity 44
time 173
note_on 80
velocity 61
time 19
note_off 80
time 2
note_on 78
velocity 68
time 10
note_off 78
time 13
note_on 80
velocity 80
time 11
note_off 80
time 16
note_on 78
velocity 87
time 3
note_on 50
velocity 37
time 15
note_off 62
time 14
note_off 50
time 11
note_off 78
time 48
note_on 77
velocity 80
time 36
note_on 78
velocity 84
time 131
note_off 77
time 29
note_off 78
time 18
note_on 78
velocity 75
time 9
note_on 61
velocity 37
time 2
note_on 80
velocity 71
time 196
note_on 56
velocity 38
time 1
note_off 78
time 29
note_on 53
velocity 39
time 9
note_off 61
time 16
note_off 56
time 10
note_off 53
time 92
note_on 49
velocity 11
time 71
note_off 49
time 75
note_on 37
velocity 43
time 174
note_on 83
velocity 60
time 268
note_off 80
time 32
note_on 81
velocity 75
time 9
note_off 83
time 1
note_off 37
time 5
note_on 80
velocity 81
time 3
note_off 81
time 0
note_on 81
velocity 75
time 199
note_off 80
time 2
note_on 61
velocity 46
time 6
note_on 73
velocity 65
time 13
note_on 57
velocity 36
time 13
note_off 81
time 52
note_off 73
time 199
note_on 72
velocity 62
time 2
note_on 54
velocity 42
time 2
note_off 57
time 2
note_off 61
time 2
note_off 54
time 14
note_on 49
velocity 46
time 7
note_off 49
time 13
note_on 37
velocity 46
time 213
note_off 37
time 118
note_on 37
velocity 2
time 0
note_on 75
velocity 66
time 143
note_off 72
time 40
note_on 73
velocity 68
time 15
note_off 75
time 13
note_off 37
time 9
note_on 72
velocity 67
time 18
note_off 73
time 27
note_off 72
time 117
note_on 73
velocity 59
time 13
note_on 61
velocity 44
time 7
note_off 73
time 160
note_on 56
velocity 35
time 22
note_on 81
velocity 53
time 1
note_off 81
time 269
note_on 53
velocity 27
time 7
note_on 80
velocity 47
time 7
note_off 56
time 15
note_off 53
time 7
note_off 61
time 11
note_on 49
velocity 37
time 16
note_off 49
time 7
note_on 37
velocity 34
time 222
note_on 83
velocity 52
time 260
note_off 80
time 6
note_off 83
time 13
note_on 81
velocity 59
time 5
note_off 37
time 3
note_off 81
time 1
note_on 80
velocity 60
time 5
note_off 80
time 11
note_on 61
velocity 39
time 9
note_on 81
velocity 49
time 6
note_on 73
velocity 47
time 29
note_off 81
time 3
note_on 57
velocity 32
time 9
note_off 73
time 248
note_on 54
velocity 35
time 6
note_on 72
velocity 48
time 14
note_off 57
time 10
note_off 61
time 0
note_off 54
time 10
note_on 49
velocity 42
time 5
note_off 49
time 15
note_on 37
velocity 44
time 136
note_on 75
velocity 54
time 13
note_off 72
time 0
note_on 73
velocity 64
time 6
note_off 75
time 2
note_off 37
time 13
note_off 73
time 16
note_on 72
velocity 64
time 16
note_off 72
time 0
note_on 73
velocity 64
time 152
note_on 61
velocity 39
time 3
note_on 81
velocity 73
time 10
note_on 56
velocity 47
time 2
note_off 73
time 7
note_on 53
velocity 54
time 6
note_on 80
velocity 75
time 7
note_off 81
time 6
note_off 61
time 11
note_off 56
time 7
note_off 53
time 14
note_on 49
velocity 45
time 2
note_off 49
time 5
note_on 37
velocity 58
time 231
note_on 83
velocity 76
time 5
note_off 37
time 7
note_off 80
time 7
note_on 81
velocity 83
time 140
note_off 83
time 57
note_on 80
velocity 84
time 191
note_off 81
time 32
note_on 81
velocity 83
time 9
note_on 54
velocity 46
time 1
note_on 42
velocity 43
time 2
note_off 80
time 13
note_off 54
time 13
note_off 42
time 1
note_off 81
time 16
note_on 73
velocity 54
time 6
note_on 80
velocity 73
time 205
note_off 73
time 5
note_on 59
velocity 46
time 15
note_on 47
velocity 39
time 7
note_on 74
velocity 53
time 3
note_off 47
time 9
note_off 59
time 2
note_off 80
time 5
note_on 78
velocity 74
time 2
note_off 78
time 1
note_on 77
velocity 63
time 14
note_on 49
velocity 43
time 16
note_on 61
velocity 43
time 2
note_off 74
time 1
note_off 61
time 15
note_off 49
time 5
note_on 73
velocity 12
time 2
note_on 78
velocity 56
time 10
note_on 50
velocity 34
time 5
note_on 62
velocity 23
time 11
note_off 73
time 9
note_off 77
time 0
note_off 62
time 16
note_off 50
time 18
note_on 71
velocity 37
time 13
note_off 71
time 15
note_on 80
velocity 38
time 14
note_off 78
time 2
note_on 61
velocity 25
time 7
note_on 56
velocity 31
time 15
note_off 61
time 20
note_on 53
velocity 38
time 97
note_off 56
time 36
note_off 53
time 145
note_on 49
velocity 36
time 95
note_off 49
time 49
note_on 37
velocity 34
time 261
note_off 80
time 84
note_off 37
time 96
note_on 83
velocity 48
time 85
note_off 83
time 204
note_on 81
velocity 58
time 35
note_off 81
time 231
note_on 80
velocity 58
time 32
note_off 80
time 16
note_on 81
velocity 48
time 7
note_on 61
velocity 44
time 7
note_off 81
time 7
note_on 81
velocity 7
time 0
note_on 73
velocity 49
time 141
note_on 57
velocity 31
time 16
note_off 81
time 16
note_off 73
time 239
note_on 54
velocity 38
time 10
note_on 72
velocity 46
time 0
note_off 57
time 7
note_off 61
time 15
note_off 54
time 1
note_on 49
velocity 45
time 5
note_off 49
time 7
note_on 37
velocity 40
time 79
note_off 72
time 263
note_on 75
velocity 54
time 3
note_off 75
time 18
note_on 73
velocity 58
time 13
note_off 37
time 1
note_off 73
time 15
note_on 72
velocity 57
time 3
note_off 72
time 44
note_on 73
velocity 57
time 3
note_on 61
velocity 41
time 9
note_off 73
time 72
note_on 81
velocity 55
time 20
note_on 56
velocity 45
time 7
note_on 80
velocity 58
time 13
note_on 53
velocity 44
time 0
note_off 81
time 1
note_off 61
time 10
note_off 56
time 15
note_off 53
time 1
note_on 49
velocity 40
time 0
note_off 49
time 9
note_on 37
velocity 49
time 115
note_on 83
velocity 60
time 2
note_off 80
time 3
note_off 37
time 5
note_on 81
velocity 73
time 55
note_off 83
time 28
note_on 80
velocity 79
time 221
note_off 81
time 16
note_on 81
velocity 72
time 9
note_off 80
time 2
note_on 61
velocity 48
time 2
note_on 73
velocity 66
time 67
note_on 57
velocity 42
time 2
note_off 81
time 69
note_on 72
velocity 63
time 141
note_on 54
velocity 48
time 15
note_off 73
time 32
note_off 57
time 16
note_off 61
time 6
note_off 54
time 14
note_on 49
velocity 53
time 7
note_off 49
time 7
note_on 37
velocity 65
time 186
note_on 75
velocity 73
time 273
note_off 72
time 18
note_off 37
time 3
note_on 73
velocity 76
time 10
note_off 75
time 3
note_on 72
velocity 73
time 121
note_off 73
time 83
note_off 72
time 0
note_on 73
velocity 78
time 10
note_on 61
velocity 55
time 10
note_on 81
velocity 78
time 208
note_on 56
velocity 62
time 18
note_off 73
time 5
note_on 53
velocity 60
time 19
note_on 80
velocity 75
time 7
note_off 81
time 9
note_off 61
time 19
note_off 53
time 0
note_off 56
time 1
note_on 49
velocity 59
time 10
note_off 49
time 35
note_on 37
velocity 62
time 235
note_off 80
time 45
note_off 37
time 173
note_on 83
velocity 78
time 31
note_on 81
velocity 86
time 253
note_off 83
time 50
note_on 80
velocity 89
time 199
note_off 81
time 14
note_on 54
velocity 47
time 11
note_on 42
velocity 52
time 2
note_on 81
velocity 83
time 3
note_off 80
time 14
note_off 42
time 3
note_off 54
time 3
note_on 85
velocity 90
time 10
note_off 81
time 7
note_on 86
velocity 84
time 235
note_on 59
velocity 54
time 2
note_on 47
velocity 46
time 15
note_off 85
time 6
note_off 47
time 5
note_off 59
time 13
note_off 86
time 14
note_on 83
velocity 75
time 1
note_on 81
velocity 74
time 7
note_off 83
time 3
note_on 57
velocity 46
time 13
note_on 54
velocity 37
time 10
note_on 49
velocity 41
time 2
note_off 81
time 13
note_on 78
velocity 64
time 14
note_off 54
time 3
note_on 56
velocity 44
time 2
note_off 57
time 5
note_off 56
time 18
note_off 49
time 0
note_on 77
velocity 59
time 0
note_off 78
time 7
note_off 77
time 5
note_on 78
velocity 51
time 2
note_on 50
velocity 35
time 10
note_on 54
velocity 34
time 16
note_off 78
time 16
note_on 73
velocity 65
time 16
note_off 73
time 6
note_on 74
velocity 64
time 1
note_on 47
velocity 36
time 10
note_off 50
time 7
note_off 54
time 0
note_off 47
time 6
note_off 74
time 11
note_on 71
velocity 66
time 2
note_on 54
velocity 33
time 2
note_off 71
time 6
note_on 69
velocity 59
time 6
note_on 49
velocity 33
time 15
note_on 57
velocity 31
time 3
note_off 69
time 236
note_on 66
velocity 53
time 18
note_off 57
time 175
note_on 56
velocity 40
time 96
note_off 54
time 39
note_off 56
time 1
note_off 49
time 19
note_on 65
velocity 48
time 7
note_off 66
time 2
note_off 65
time 6
note_on 54
velocity 28
time 6
note_on 50
velocity 29
time 6
note_on 66
velocity 45
time 0
note_off 66
time 18
note_on 61
velocity 50
time 7
note_off 61
time 231
note_off 50
time 3
note_on 47
velocity 30
time 15
note_on 62
velocity 40
time 19
note_off 62
time 225
note_on 59
velocity 47
time 19
note_off 47
time 191
note_off 54
time 59
note_on 49
velocity 32
time 15
note_on 57
velocity 43
time 22
note_off 59
time 19
note_off 57
time 266
note_on 54
velocity 45
time 32
note_on 37
velocity 36
time 358
note_off 49
time 6
note_off 54
time 321
note_on 53
velocity 40
time 14
note_off 53
time 0
note_off 37
time 10
note_on 53
velocity 37
time 0
note_on 42
velocity 25
time 13
note_off 53
time 0
note_on 54
velocity 32
time 2
note_off 54
time 1283
note_off 42
time 69
note_on 59
velocity 30
time 1151
note_on 47
velocity 25
time 29
note_on 78
velocity 38
time 671
note_off 47
time 145
note_off 59
time 134
note_off 78
time 20
note_on 76
velocity 35
time 345
note_on 74
velocity 45
time 352
note_off 76
time 52
note_on 66
velocity 30
time 270
note_off 66
time 518
note_on 67
velocity 42
time 9
note_off 74
time 13
note_on 76
velocity 36
time 290
note_on 74
velocity 47
time 239
note_off 76
time 7
note_on 73
velocity 43
time 0
note_off 74
time 6
note_off 73
time 15
note_on 71
velocity 36
time 0
note_on 62
velocity 20
time 62
note_off 67
time 7
note_on 66
velocity 29
time 9
note_off 62
time 13
note_off 66
time 2
note_on 64
velocity 36
time 5
note_on 67
velocity 33
time 9
note_off 67
time 3
note_on 74
velocity 48
time 1
note_off 71
time 13
note_off 64
time 3
note_off 74
time 92
note_on 73
velocity 57
time 0
note_on 66
velocity 39
time 15
note_on 62
velocity 35
time 1
note_off 73
time 7
note_on 71
velocity 62
time 3
note_off 62
time 2
note_off 66
time 0
note_off 71
time 7
note_on 78
velocity 68
time 7
note_on 64
velocity 37
time 7
note_on 61
velocity 38
time 2
note_on 76
velocity 61
time 31
note_off 78
time 3
note_off 76
time 44
note_off 61
time 15
note_on 74
velocity 51
time 7
note_on 76
velocity 64
time 9
note_off 74
time 9
note_off 76
time 9
note_off 64
time 3
note_on 66
velocity 49
time 5
note_on 74
velocity 69
time 24
note_off 74
time 192
note_on 73
velocity 68
time 11
note_off 66
time 247
note_off 73
time 5
note_on 74
velocity 60
time 20
note_on 59
velocity 29
time 24
note_off 74
time 194
note_on 71
velocity 54
time 44
note_off 71
time 212
note_on 74
velocity 51
time 32
note_off 74
time 223
note_on 78
velocity 50
time 10
note_on 76
velocity 48
time 269
note_off 78
time 32
note_off 76
time 235
note_on 74
velocity 37
time 18
note_on 66
velocity 43
time 298
note_off 66
time 89
note_on 67
velocity 36
time 9
note_off 74
time 13
note_off 59
time 58
note_on 74
velocity 41
time 132
note_on 73
velocity 42
time 579
note_off 74
time 19
note_off 73
time 92
note_on 73
velocity 16
time 0
note_on 71
velocity 45
time 13
note_off 73
time 18
note_off 67
time 1
note_on 62
velocity 20
time 6
note_on 66
velocity 28
time 0
note_off 62
time 3
note_off 66
time 15
note_on 64
velocity 24
time 54
note_on 67
velocity 26
time 1
note_on 74
velocity 33
time 2
note_off 67
time 3
note_off 64
time 11
note_off 71
time 76
note_on 66
velocity 38
time 1
note_on 62
velocity 24
time 14
note_on 73
velocity 50
time 0
note_off 74
time 5
note_off 73
time 15
note_on 71
velocity 61
time 16
note_off 62
time 14
note_off 66
time 11
note_on 64
velocity 47
time 115
note_off 71
time 6
note_on 76
velocity 53
time 13
note_on 61
velocity 40
time 2
note_off 64
time 10
note_off 61
time 7
note_off 76
time 15
note_on 70
velocity 63
time 2
note_off 70
time 10
note_on 59
velocity 46
time 2
note_on 71
velocity 50
time 16
note_off 71
time 7
note_on 73
velocity 64
time 13
note_off 73
time 45
note_on 71
velocity 67
time 35
note_off 59
time 15
note_off 71
time 3
note_on 70
velocity 61
time 10
note_off 70
time 13
note_on 71
velocity 65
time 2
note_off 71
time 15
note_on 54
velocity 44
time 18
note_on 73
velocity 61
time 18
note_off 73
time 218
note_on 76
velocity 66
time 9
note_on 74
velocity 71
time 246
note_off 76
time 35
note_on 73
velocity 73
time 200
note_off 74
time 23
note_off 54
time 28
note_on 74
velocity 65
time 222
note_off 73
time 15
note_on 71
velocity 45
time 7
note_off 71
time 201
note_on 67
velocity 33
time 44
note_off 67
time 1
note_on 64
velocity 25
time 3
note_off 64
time 11
note_on 61
velocity 33
time 15
note_off 61
time 152
note_on 55
velocity 22
time 95
note_on 76
velocity 51
time 6
note_off 74
time 11
note_on 73
velocity 65
time 10
note_off 76
time 3
note_on 74
velocity 72
time 58
note_off 73
time 31
note_off 74
time 59
note_off 55
time 82
note_on 74
velocity 60
time 2
note_on 71
velocity 42
time 6
note_off 71
time 2
note_on 76
velocity 59
time 14
note_on 67
velocity 36
time 15
note_off 74
time 15
note_on 64
velocity 23
time 2
note_off 67
time 5
note_on 61
velocity 27
time 11
note_off 64
time 1
note_off 61
time 10
note_on 55
velocity 31
time 6
note_off 76
time 18
note_on 79
velocity 65
time 11
note_off 79
time 0
note_on 73
velocity 72
time 11
note_on 74
velocity 82
time 134
note_off 73
time 42
note_off 74
time 28
note_on 67
velocity 48
time 2
note_on 74
velocity 63
time 14
note_off 67
time 6
note_off 74
time 2
note_off 55
time 5
note_on 64
velocity 44
time 2
note_on 76
velocity 69
time 58
note_off 76
time 49
note_on 74
velocity 61
time 13
note_off 74
time 6
note_off 64
time 7
note_on 76
velocity 67
time 5
note_on 61
velocity 48
time 3
note_off 61
time 2
note_on 55
velocity 37
time 14
note_off 55
time 2
note_on 49
velocity 44
time 0
note_on 83
velocity 68
time 2
note_off 49
time 9
note_off 76
time 14
note_on 73
velocity 74
time 0
note_on 74
velocity 79
time 10
note_off 83
time 33
note_off 73
time 3
note_off 74
time 14
note_on 74
velocity 61
time 13
note_on 67
velocity 51
time 3
note_on 64
velocity 53
time 173
note_on 76
velocity 73
time 2
note_off 74
time 44
note_off 67
time 48
note_on 61
velocity 52
time 14
note_off 64
time 10
note_off 61
time 16
note_on 55
velocity 51
time 37
note_off 55
time 7
note_on 49
velocity 65
time 13
note_on 83
velocity 76
time 6
note_off 49
time 0
note_off 76
time 11
note_on 73
velocity 77
time 154
note_on 74
velocity 81
time 243
note_off 73
time 49
note_off 83
time 16
note_off 74
time 18
note_on 74
velocity 71
time 184
note_on 67
velocity 53
time 2
note_on 76
velocity 76
time 160
note_on 64
velocity 42
time 16
note_off 74
time 3
note_off 67
time 26
note_off 64
time 1
note_on 61
velocity 47
time 2
note_off 61
time 14
note_on 57
velocity 33
time 54
note_off 57
time 13
note_on 45
velocity 28
time 16
note_on 83
velocity 44
time 0
note_off 76
time 0
note_on 81
velocity 68
time 65
note_off 83
time 3
note_off 81
time 223
note_on 79
velocity 67
time 14
note_on 78
velocity 65
time 24
note_off 79
time 2
note_on 76
velocity 71
time 22
note_off 78
time 10
note_off 76
time 3
note_on 74
velocity 76
time 13
note_off 45
time 11
note_on 57
velocity 50
time 0
note_on 73
velocity 75
time 15
note_off 74
time 16
note_off 57
time 114
note_off 73
time 16
note_on 59
velocity 45
time 0
note_on 74
velocity 59
time 15
note_on 86
velocity 71
time 9
note_off 74
time 0
note_off 59
time 15
note_on 83
velocity 76
time 0
note_on 55
velocity 46
time 2
note_off 86
time 13
note_off 83
time 13
note_on 79
velocity 70
time 11
note_off 55
time 84
note_off 79
time 15
note_on 78
velocity 68
time 7
note_on 57
velocity 40
time 1
note_off 78
time 1
note_on 74
velocity 66
time 1
note_on 45
velocity 38
time 0
note_off 57
time 6
note_off 45
time 10
note_off 74
time 1
note_on 73
velocity 58
time 1
note_off 73
time 3
note_on 59
velocity 28
time 36
note_on 74
velocity 49
time 1
note_off 74
time 0
note_on 86
velocity 47
time 19
note_off 86
time 63
note_on 85
velocity 55
time 16
note_off 85
time 84
note_off 59
time 15
note_on 83
velocity 56
time 5
note_on 55
velocity 33
time 9
note_off 83
time 50
note_on 81
velocity 60
time 42
note_off 81
time 41
note_on 79
velocity 55
time 83
note_off 55
time 195
note_off 79
time 0
note_on 78
velocity 53
time 35
note_on 57
velocity 34
time 22
note_off 78
time 18
note_on 74
velocity 50
time 3
note_off 74
time 16
note_on 45
velocity 33
time 15
note_on 73
velocity 54
time 44
note_off 73
time 18
note_on 74
velocity 35
time 0
note_off 74
time 1
note_on 73
velocity 54
time 3
note_off 73
time 2
note_off 45
time 10
note_on 71
velocity 46
time 1
note_off 71
time 36
note_on 73
velocity 52
time 28
note_off 57
time 11
note_off 73
time 123
note_on 74
velocity 51
time 28
note_off 74
time 257
note_on 71
velocity 43
time 36
note_on 59
velocity 32
time 278
note_on 62
velocity 13
time 3
note_off 71
time 9
note_off 62
time 9
note_off 59
time 5
note_on 69
velocity 36
time 6
note_off 69
time 15
note_on 59
velocity 34
time 3
note_on 68
velocity 45
time 3
note_on 62
velocity 32
time 1
note_off 62
time 14
note_off 59
time 10
note_off 68
time 1
note_on 65
velocity 48
time 7
note_off 65
time 19
note_on 62
velocity 34
time 15
note_on 64
velocity 49
time 0
note_on 59
velocity 34
time 0
note_off 62
time 54
note_off 59
time 16
note_off 64
time 13
note_on 62
velocity 48
time 11
note_off 62
time 32
note_on 76
velocity 47
time 5
note_off 76
time 13
note_on 73
velocity 51
time 10
note_on 61
velocity 33
time 11
note_on 64
velocity 25
time 6
note_off 73
time 0
note_off 64
time 0
note_off 61
time 11
note_on 71
velocity 54
time 0
note_on 61
velocity 37
time 3
note_on 70
velocity 59
time 9
note_on 64
velocity 41
time 3
note_off 71
time 15
note_off 64
time 13
note_off 61
time 0
note_on 67
velocity 68
time 6
note_off 70
time 1
note_off 67
time 9
note_on 66
velocity 62
time 3
note_on 61
velocity 45
time 6
note_on 64
velocity 45
time 10
note_off 64
time 46
note_off 66
time 16
note_off 61
time 0
note_on 64
velocity 55
time 1
note_off 64
time 15
note_on 78
velocity 67
time 3
note_on 74
velocity 70
time 221
note_off 78
time 48
note_off 74
time 13
note_on 62
velocity 48
time 5
note_on 66
velocity 51
time 0
note_off 66
time 36
note_on 74
velocity 62
time 35
note_off 62
time 16
note_off 74
time 14
note_on 73
velocity 66
time 32
note_off 73
time 28
note_on 74
velocity 68
time 24
note_off 74
time 19
note_on 73
velocity 79
time 6
note_off 73
time 13
note_on 62
velocity 39
time 13
note_on 66
velocity 43
time 9
note_on 71
velocity 68
time 0
note_off 71
time 7
note_on 69
velocity 68
time 0
note_off 66
time 6
note_off 62
time 5
note_off 69
time 7
note_on 68
velocity 72
time 5
note_on 62
velocity 41
time 0
note_off 68
time 32
note_off 62
time 23
note_on 66
velocity 71
time 13
note_off 66
time 216
note_on 78
velocity 49
time 19
note_on 75
velocity 46
time 373
note_off 78
time 46
note_on 63
velocity 31
time 6
note_on 66
velocity 22
time 5
note_off 66
time 7
note_off 63
time 10
note_on 73
velocity 50
time 3
note_on 63
velocity 38
time 7
note_on 72
velocity 60
time 1
note_on 66
velocity 37
time 2
note_off 75
time 7
note_off 73
time 9
note_off 66
time 0
note_off 72
time 3
note_on 69
velocity 63
time 15
note_off 63
time 11
note_off 69
time 5
note_on 63
velocity 46
time 7
note_on 68
velocity 68
time 5
note_off 63
time 6
note_off 68
time 7
note_on 66
velocity 63
time 0
note_off 66
time 1
note_on 80
velocity 70
time 10
note_off 80
time 1
note_on 77
velocity 70
time 1
note_on 65
velocity 53
time 10
note_on 68
velocity 54
time 1
note_off 68
time 11
note_off 65
time 5
note_on 74
velocity 72
time 6
note_off 77
time 16
note_on 65
velocity 50
time 19
note_on 73
velocity 82
time 0
note_on 68
velocity 53
time 6
note_off 74
time 14
note_off 68
time 15
note_off 65
time 1
note_on 71
velocity 84
time 10
note_off 73
time 6
note_off 71
time 5
note_on 69
velocity 78
time 0
note_on 65
velocity 57
time 9
note_on 68
velocity 79
time 18
note_off 69
time 5
note_off 65
time 14
note_off 68
time 15
note_on 66
velocity 53
time 2
note_on 69
velocity 65
time 9
note_off 69
time 0
note_on 81
velocity 69
time 6
note_on 80
velocity 74
time 11
note_off 81
time 11
note_on 64
velocity 41
time 92
note_off 66
time 29
note_on 83
velocity 70
time 37
note_off 80
time 9
note_off 83
time 126
note_on 81
velocity 67
time 2
note_off 81
time 106
note_on 80
velocity 66
time 1
note_off 80
time 89
note_on 78
velocity 72
time 13
note_off 64
time 52
note_off 78
time 32
note_on 77
velocity 69
time 32
note_on 62
velocity 44
time 6
note_off 77
time 53
note_on 78
velocity 67
time 31
note_off 78
time 32
note_on 80
velocity 60
time 36
note_off 80
time 26
note_on 78
velocity 73
time 36
note_off 78
time 29
note_on 80
velocity 72
time 26
note_off 80
time 31
note_on 78
velocity 70
time 37
note_off 78
time 35
note_on 80
velocity 63
time 29
note_off 80
time 24
note_on 78
velocity 72
time 31
note_off 78
time 40
note_on 80
velocity 67
time 19
note_off 80
time 27
note_on 50
velocity 31
time 2
note_on 78
velocity 72
time 35
note_off 78
time 37
note_on 80
velocity 68
time 9
note_off 80
time 40
note_on 78
velocity 61
time 29
note_off 78
time 66
note_on 77
velocity 58
time 61
note_off 62
time 16
note_off 77
time 1
note_off 50
time 15
note_on 78
velocity 65
time 5
note_off 78
time 2
note_on 78
velocity 59
time 5
note_on 61
velocity 30
time 16
note_off 78
time 6
note_on 80
velocity 56
time 7
note_on 56
velocity 32
time 15
note_on 53
velocity 38
time 9
note_off 56
time 18
note_off 61
time 15
note_off 53
time 194
note_on 49
velocity 32
time 39
note_off 49
time 54
note_on 37
velocity 33
time 236
note_on 83
velocity 54
time 264
note_off 80
time 36
note_off 83
time 14
note_on 81
velocity 64
time 3
note_off 37
time 6
note_off 81
time 7
note_on 80
velocity 66
time 6
note_off 80
time 7
note_on 81
velocity 62
time 6
note_on 61
velocity 35
time 5
note_on 73
velocity 52
time 183
note_off 81
time 6
note_on 57
velocity 35
time 1
note_off 73
time 238
note_on 54
velocity 38
time 16
note_on 72
velocity 49
time 11
note_off 57
time 9
note_off 61
time 3
note_off 54
time 16
note_on 49
velocity 8
time 9
note_off 49
time 42
note_on 37
velocity 45
time 196
note_off 72
time 235
note_on 75
velocity 50
time 26
note_off 75
time 18
note_on 73
velocity 56
time 18
note_off 37
time 3
note_off 73
time 15
note_on 72
velocity 54
time 32
note_off 72
time 106
note_on 73
velocity 51
time 1
note_on 61
velocity 39
time 14
note_off 73
time 197
note_on 81
velocity 46
time 19
note_on 56
velocity 36
time 9
note_off 81
time 222
note_on 53
velocity 38
time 23
note_on 80
velocity 50
time 11
note_off 56
time 2
note_off 61
time 14
note_off 53
time 3
note_on 49
velocity 38
time 18
note_off 49
time 7
note_on 37
velocity 32
time 11
note_on 83
velocity 53
time 114
note_off 80
time 11
note_off 83
time 15
note_on 81
velocity 65
time 3
note_off 37
time 7
note_on 80
velocity 72
time 3
note_off 81
time 2
note_off 80
time 257
note_on 81
velocity 67
time 13
note_on 61
velocity 45
time 6
note_on 73
velocity 71
time 5
note_off 81
time 7
note_on 57
velocity 40
time 5
note_off 73
time 3
note_on 54
velocity 43
time 195
note_on 73
velocity 58
time 2
note_off 73
time 11
note_on 72
velocity 57
time 5
note_off 57
time 83
note_off 61
time 5
note_off 54
time 10
note_on 49
velocity 43
time 14
note_off 49
time 0
note_on 37
velocity 43
time 179
note_on 75
velocity 57
time 246
note_off 72
time 1
note_on 73
velocity 62
time 9
note_off 75
time 1
note_off 37
time 16
note_off 73
time 0
note_on 72
velocity 67
time 1
note_off 72
time 49
note_on 73
velocity 62
time 2
note_on 61
velocity 44
time 6
note_on 81
velocity 66
time 6
note_off 73
time 1
note_on 56
velocity 49
time 9
note_on 53
velocity 53
time 7
note_on 80
velocity 71
time 9
note_off 81
time 36
note_off 61
time 7
note_off 56
time 20
note_off 53
time 11
note_on 49
velocity 50
time 6
note_off 49
time 7
note_on 37
velocity 54
time 205
note_on 83
velocity 74
time 10
note_off 37
time 2
note_off 80
time 2
note_on 81
velocity 79
time 131
note_off 83
time 26
note_on 80
velocity 78
time 229
note_off 81
time 3
note_on 54
velocity 42
time 13
note_on 42
velocity 43
time 3
note_on 81
velocity 75
time 7
note_off 80
time 15
note_off 42
time 2
note_off 54
time 3
note_off 81
time 9
note_on 73
velocity 57
time 26
note_on 59
velocity 47
time 273
note_on 47
velocity 40
time 20
note_on 80
velocity 69
time 1
note_on 74
velocity 69
time 6
note_off 73
time 5
note_off 47
time 0
note_off 59
time 3
note_on 78
velocity 71
time 9
note_off 80
time 19
note_off 78
time 190
note_on 77
velocity 52
time 0
note_on 49
velocity 26
time 0
note_on 61
velocity 22
time 9
note_off 74
time 15
note_off 61
time 7
note_off 49
time 9
note_on 73
velocity 62
time 15
note_off 77
time 16
note_on 62
velocity 26
time 2
note_on 78
velocity 46
time 11
note_on 50
velocity 24
time 5
note_off 62
time 3
note_off 50
time 9
note_off 73
time 2
note_on 71
velocity 55
time 27
note_off 71
time 6
note_on 80
velocity 51
time 3
note_off 78
time 13
note_on 61
velocity 35
time 9
note_on 56
velocity 33
time 2
note_off 61
time 100
note_on 53
velocity 41
time 87
note_off 56
time 5
note_off 53
time 240
note_on 49
velocity 40
time 35
note_off 49
time 44
note_on 37
velocity 39
time 242
note_off 80
time 121
note_off 37
time 93
note_on 83
velocity 58
time 29
note_off 83
time 7
note_on 81
velocity 70
time 6
note_off 81
time 205
note_on 80
velocity 69
time 19
note_off 80
time 231
note_on 61
velocity 42
time 16
note_on 81
velocity 61
time 0
note_off 81
time 5
note_on 73
velocity 60
time 18
note_on 57
velocity 37
time 6
note_off 73
time 15
note_on 54
velocity 43
time 169
note_on 72
velocity 44
time 44
note_off 72
time 9
note_on 73
velocity 63
time 2
note_off 73
time 13
note_on 72
velocity 8
time 2
note_on 70
velocity 59
time 7
note_off 70
time 18
note_off 72
time 14
note_on 72
velocity 38
time 14
note_off 57
time 19
note_on 49
velocity 34
time 3
note_off 72
time 10
note_off 54
time 32
note_off 61
time 0
note_on 72
velocity 43
time 19
note_off 49
time 9
note_on 37
velocity 33
time 109
note_on 75
velocity 61
time 251
note_off 72
time 1
note_on 73
velocity 67
time 3
note_off 75
time 2
note_off 37
time 9
note_off 73
time 18
note_on 72
velocity 70
time 1
note_off 72
time 16
note_on 73
velocity 64
time 3
note_on 61
velocity 50
time 7
note_on 81
velocity 65
time 29
note_off 73
time 7
note_on 56
velocity 51
time 7
note_off 81
time 11
note_on 80
velocity 70
time 1
note_on 53
velocity 51
time 2
note_off 61
time 3
note_off 56
time 11
note_off 80
time 9
note_on 49
velocity 53
time 82
note_off 53
time 0
note_off 49
time 40
note_on 37
velocity 55
time 239
note_on 86
velocity 68
time 16
note_off 86
time 28
note_on 85
velocity 73
time 6
note_off 37
time 3
note_on 83
velocity 74
time 114
note_off 85
time 2
note_off 83
time 74
note_on 81
velocity 70
time 31
note_off 81
time 109
note_on 80
velocity 75
time 6
note_on 81
velocity 71
time 1
note_off 80
time 5
note_on 61
velocity 55
time 7
note_on 73
velocity 67
time 182
note_on 57
velocity 48
time 15
note_off 81
time 29
note_on 72
velocity 66
time 234
note_on 54
velocity 47
time 1
note_off 73
time 19
note_off 61
time 5
note_off 57
time 0
note_on 49
velocity 55
time 6
note_off 54
time 2
note_off 49
time 11
note_on 37
velocity 62
time 144
note_on 75
velocity 70
time 269
note_off 72
time 84
note_on 73
velocity 76
time 9
note_off 75
time 7
note_off 37
time 10
note_on 72
velocity 75
time 98
note_off 73
time 36
note_off 72
time 149
note_on 73
velocity 74
time 14
note_on 61
velocity 53
time 3
note_on 81
velocity 73
time 178
note_on 56
velocity 56
time 16
note_off 73
time 13
note_on 53
velocity 55
time 235
note_on 80
velocity 75
time 1
note_off 81
time 6
note_off 61
time 10
note_off 53
time 7
note_off 56
time 2
note_on 49
velocity 54
time 14
note_off 49
time 39
note_on 37
velocity 69
time 248
note_off 37
time 114
note_off 80
time 2
note_on 83
velocity 78
time 158
note_on 81
velocity 85
time 236
note_off 83
time 52
note_on 80
velocity 90
time 194
note_off 81
time 3
note_off 80
time 230
note_on 42
velocity 54
time 49
note_on 81
velocity 85
time 2
note_on 54
velocity 44
time 2
note_off 42
time 7
note_off 54
time 11
note_on 85
velocity 90
time 32
note_off 81
time 33
note_on 47
velocity 44
time 273
note_on 59
velocity 42
time 1
note_on 88
velocity 81
time 7
note_off 85
time 9
note_off 47
time 0
note_off 59
time 14
note_on 86
velocity 77
time 7
note_off 88
time 5
note_off 86
time 22
note_on 85
velocity 79
time 6
note_on 83
velocity 77
time 96
note_off 85
time 1
note_off 83
time 71
note_on 81
velocity 69
time 40
note_on 57
velocity 45
time 40
note_on 54
velocity 37
time 5
note_on 49
velocity 43
time 9
note_on 78
velocity 69
time 19
note_off 81
time 0
note_on 56
velocity 48
time 3
note_off 54
time 10
note_off 57
time 0
note_off 56
time 1
note_off 49
time 15
note_off 78
time 5
note_on 77
velocity 63
time 5
note_off 77
time 250
note_on 78
velocity 62
time 23
note_on 50
velocity 40
time 10
note_on 54
velocity 38
time 11
note_off 78
time 19
note_on 73
velocity 65
time 7
note_off 73
time 0
note_on 47
velocity 39
time 11
note_on 74
velocity 58
time 2
note_off 50
time 11
note_off 54
time 14
note_off 47
time 18
note_off 74
time 11
note_on 71
velocity 61
time 15
note_off 71
time 13
note_on 69
velocity 48
time 9
note_on 54
velocity 32
time 3
note_on 57
velocity 31
time 7
note_on 49
velocity 34
time 1
note_off 69
time 208
note_on 66
velocity 51
time 23
note_off 57
time 243
note_on 56
velocity 41
time 22
note_off 54
time 3
note_off 56
time 2
note_off 49
time 3
note_off 66
time 16
note_on 65
velocity 51
time 3
note_off 65
time 2
note_on 50
velocity 33
time 16
note_on 54
velocity 35
time 0
note_on 66
velocity 44
time 14
note_off 66
time 15
note_on 61
velocity 57
time 15
note_off 61
time 45
note_on 64
velocity 50
time 14
note_off 50
time 3
note_on 47
velocity 33
time 1
note_off 64
time 10
note_on 62
velocity 44
time 3
note_off 62
time 253
note_on 61
velocity 53
time 35
note_off 61
time 78
note_on 59
velocity 51
time 29
note_off 59
time 80
note_off 54
time 16
note_off 47
time 6
note_on 49
velocity 34
time 28
note_on 57
velocity 38
time 15
note_off 57
time 290
note_on 54
velocity 41
time 23
note_on 37
velocity 32
time 319
note_off 49
time 10
note_off 54
time 320
note_on 53
velocity 33
time 42
note_off 53
time 6
note_off 37
time 5
note_on 42
velocity 29
time 0
note_on 54
velocity 34
time 5
note_on 59
velocity 30
time 1
note_off 54
time 0
note_off 59
time 16
note_on 58
velocity 39
time 2
note_on 62
velocity 47
time 14
note_off 58
time 7
note_off 62
time 7
note_off 42
time 13
note_on 61
velocity 59
time 58
note_on 67
velocity 56
time 31
note_off 61
time 6
note_off 67
time 15
note_on 66
velocity 61
time 3
note_on 71
velocity 64
time 250
note_off 66
time 1
note_off 71
time 238
note_on 70
velocity 68
time 24
note_off 70
time 238
note_on 74
velocity 72
time 24
note_off 74
time 35
note_on 73
velocity 70
time 7
note_on 78
velocity 68
time 268
note_off 73
time 5
note_on 76
velocity 71
time 273
note_off 78
time 20
note_on 74
velocity 70
time 244
note_off 76
time 40
note_on 73
velocity 68
time 209
note_off 74
time 3
note_off 73
time 255
note_on 71
velocity 47
time 40
note_on 42
velocity 27
time 316
note_on 66
velocity 49
time 1
note_off 71
time 0
note_on 47
velocity 30
time 24
note_off 42
time 1
note_on 46
velocity 44
time 7
note_off 47
time 3
note_off 46
time 28
note_on 50
velocity 54
time 5
note_off 50
time 13
note_on 49
velocity 66
time 2
note_off 49
time 3
note_on 55
velocity 63
time 9
note_off 55
time 190
note_on 54
velocity 67
time 5
note_off 66
time 130
note_off 54
time 127
note_on 59
velocity 70
time 19
note_on 58
velocity 65
time 246
note_off 59
time 2
note_off 58
time 233
note_on 62
velocity 48
time 33
note_off 62
time 220
note_on 61
velocity 44
time 26
note_on 66
velocity 41
time 256
note_off 61
time 36
note_off 66
time 186
note_on 64
velocity 44
time 39
note_off 64
time 15
note_on 62
velocity 28
time 15
note_on 74
velocity 47
time 9
note_on 61
velocity 38
time 1
note_off 62
time 6
note_on 59
velocity 34
time 2
note_off 61
time 3
note_off 59
time 26
note_off 74
time 186
note_on 76
velocity 44
time 9
note_on 64
velocity 31
time 13
note_on 58
velocity 21
time 3
note_off 58
time 3
note_off 64
time 10
note_off 76
time 0
note_on 74
velocity 51
time 10
note_off 74
time 11
note_on 73
velocity 54
time 2
note_on 59
velocity 21
time 18
note_on 64
velocity 25
time 0
note_off 64
time 15
note_on 71
velocity 55
time 9
note_off 73
time 2
note_off 59
time 0
note_off 71
time 5
note_on 76
velocity 55
time 13
note_on 64
velocity 27
time 11
note_on 58
velocity 31
time 3
note_off 58
time 14
note_on 74
velocity 69
time 0
note_off 64
time 1
note_off 76
time 15
note_on 73
velocity 71
time 125
note_on 64
velocity 42
time 0
note_on 59
velocity 44
time 7
note_off 74
time 1
note_on 71
velocity 68
time 2
note_off 64
time 5
note_off 73
time 1
note_off 59
time 7
note_on 76
velocity 68
time 16
note_on 58
velocity 41
time 0
note_on 64
velocity 38
time 2
note_off 71
time 6
note_off 58
time 9
note_on 74
velocity 75
time 2
note_off 64
time 3
note_off 76
time 6
note_on 73
velocity 74
time 0
note_on 59
velocity 48
time 14
note_on 64
velocity 44
time 5
note_off 74
time 2
note_off 64
time 0
note_off 59
time 9
note_on 71
velocity 71
time 0
note_off 73
time 2
note_on 76
velocity 77
time 16
note_on 58
velocity 49
time 13
note_off 71
time 2
note_on 64
velocity 38
time 3
note_on 74
velocity 76
time 11
note_off 76
time 3
note_off 64
time 3
note_off 58
time 5
note_off 74
time 9
note_on 64
velocity 47
time 6
note_on 55
velocity 47
time 3
note_on 73
velocity 74
time 0
note_off 55
time 16
note_off 64
time 18
note_off 73
time 13
note_on 83
velocity 84
time 14
note_on 54
velocity 48
time 18
note_on 82
velocity 82
time 0
note_off 83
time 15
note_on 79
velocity 76
time 18
note_off 82
time 10
note_off 54
time 5
note_on 78
velocity 80
time 16
note_on 58
velocity 51
time 13
note_off 79
time 5
note_off 78
time 2
note_on 76
velocity 76
time 10
note_off 58
time 122
note_off 76
time 14
note_on 59
velocity 44
time 15
note_on 75
velocity 67
time 1
note_off 59
time 35
note_off 75
time 1
note_on 72
velocity 60
time 2
note_on 51
velocity 56
time 5
note_on 71
velocity 52
time 42
note_off 71
time 2
note_on 71
velocity 14
time 0
note_off 72
time 7
note_off 71
time 79
note_on 69
velocity 56
time 6
note_off 51
time 13
note_off 69
time 29
note_on 52
velocity 45
time 5
note_on 67
velocity 46
time 39
note_off 52
time 29
note_off 67
time 66
note_on 78
velocity 56
time 24
note_off 78
time 225
note_on 76
velocity 56
time 1
note_on 55
velocity 41
time 6
note_off 76
time 16
note_on 74
velocity 57
time 16
note_off 55
time 16
note_on 73
velocity 61
time 2
note_on 57
velocity 40
time 3
note_off 74
time 0
note_off 57
time 6
note_on 71
velocity 61
time 18
note_off 73
time 5
note_on 69
velocity 53
time 15
note_off 71
time 6
note_on 45
velocity 27
time 15
note_off 45
time 18
note_off 69
time 18
note_on 67
velocity 62
time 7
note_on 62
velocity 37
time 13
note_on 66
velocity 59
time 0
note_off 67
time 6
note_on 57
velocity 40
time 2
note_off 62
time 2
note_on 54
velocity 40
time 175
note_on 74
velocity 77
time 2
note_off 57
time 96
note_off 54
time 144
note_on 50
velocity 32
time 62
note_off 66
time 80
note_off 50
time 9
note_on 48
velocity 44
time 7
note_on 69
velocity 64
time 16
note_on 67
velocity 73
time 207
note_off 69
time 69
note_off 74
time 20
note_on 66
velocity 77
time 10
note_off 67
time 9
note_on 67
velocity 67
time 9
note_on 59
velocity 44
time 1
note_off 66
time 0
note_off 48
time 88
note_on 55
velocity 53
time 18
note_off 59
time 9
note_on 74
velocity 79
time 37
note_on 50
velocity 48
time 32
note_off 55
time 46
note_off 50
time 156
note_on 47
velocity 47
time 11
note_off 67
time 76
note_on 45
velocity 44
time 2
note_off 47
time 2
note_on 72
velocity 71
time 15
note_off 74
time 15
note_on 71
velocity 74
time 135
note_off 72
time 14
note_on 69
velocity 74
time 16
note_off 71
time 3
note_off 69
time 32
note_off 45
time 39
note_on 69
velocity 67
time 2
note_on 55
velocity 40
time 14
note_on 71
velocity 61
time 173
note_on 52
velocity 37
time 15
note_off 69
time 22
note_off 55
time 1
note_on 47
velocity 38
time 1
note_off 52
time 15
note_off 47
time 13
note_on 43
velocity 37
time 53
note_off 43
time 141
note_on 42
velocity 36
time 18
note_on 69
velocity 49
time 18
note_off 71
time 16
note_on 67
velocity 63
time 118
note_off 69
time 11
note_off 42
time 195
note_off 67
time 3
note_on 66
velocity 59
time 7
note_off 66
time 11
note_on 52
velocity 42
time 7
note_on 40
velocity 39
time 3
note_on 67
velocity 57
time 9
note_off 40
time 11
note_off 52
time 2
note_on 76
velocity 75
time 0
note_on 42
velocity 57
time 15
note_on 54
velocity 57
time 1
note_off 54
time 9
note_off 42
time 9
note_on 74
velocity 77
time 2
note_off 76
time 15
note_off 67
time 3
note_on 55
velocity 51
time 11
note_on 73
velocity 77
time 0
note_off 74
time 35
note_on 71
velocity 74
time 41
note_off 73
time 26
note_off 55
time 22
note_on 70
velocity 74
time 7
note_on 43
velocity 44
time 11
note_off 71
time 32
note_off 43
time 11
note_off 70
time 9
note_on 71
velocity 72
time 6
note_on 54
velocity 45
time 3
note_off 71
time 2
note_on 73
velocity 64
time 9
note_on 70
velocity 55
time 2
note_off 70
time 83
note_on 74
velocity 71
time 6
note_off 73
time 2
note_off 54
time 1
note_on 76
velocity 70
time 66
note_off 74
time 18
note_on 66
velocity 48
time 9
note_on 78
velocity 73
time 216
note_off 76
time 6
note_off 66
time 61
note_off 78
time 208
note_on 76
velocity 69
time 2
note_on 55
velocity 43
time 11
note_off 55
time 93
note_on 74
velocity 68
time 136
note_off 76
time 2
note_on 73
velocity 64
time 248
note_on 67
velocity 36
time 27
note_off 74
time 6
note_off 67
time 119
note_off 73
time 2
note_on 71
velocity 55
time 2
note_off 71
time 10
note_on 54
velocity 35
time 14
note_on 73
velocity 46
time 2
note_on 70
velocity 34
time 13
note_off 70
time 32
note_off 54
time 92
note_off 73
time 33
note_on 74
velocity 47
time 23
note_off 74
time 209
note_on 76
velocity 48
time 26
note_on 66
velocity 32
time 22
note_off 66
time 139
note_off 76
time 62
note_on 78
velocity 46
time 24
note_off 78
time 235
note_on 76
velocity 50
time 31
note_on 55
velocity 21
time 13
note_off 55
time 135
note_off 76
time 75
note_on 74
velocity 49
time 15
note_off 74
time 242
note_on 73
velocity 43
time 32
note_on 67
velocity 25
time 28
note_off 67
time 89
note_off 73
time 148
note_on 71
velocity 41
time 19
note_off 71
time 5
note_on 70
velocity 27
time 11
note_on 73
velocity 30
time 3
note_on 66
velocity 21
time 2
note_on 61
velocity 33
time 2
note_off 66
time 27
note_off 70
time 110
note_off 61
time 3
note_on 58
velocity 23
time 162
note_on 78
velocity 48
time 5
note_off 58
time 79
note_off 73
time 9
note_on 42
velocity 33
time 481
note_off 78
time 10
note_on 76
velocity 47
time 11
note_on 74
velocity 54
time 195
note_off 76
time 14
note_off 42
time 1
note_off 74
time 0
note_on 73
velocity 59
time 10
note_on 74
velocity 53
time 11
note_off 73
time 3
note_on 66
velocity 37
time 6
note_off 74
time 0
note_on 71
velocity 54
time 14
note_on 62
velocity 35
time 11
note_off 66
time 6
note_off 62
time 14
note_off 71
time 7
note_on 77
velocity 64
time 14
note_on 59
velocity 36
time 7
note_off 59
time 18
note_on 42
velocity 33
time 1
note_on 80
velocity 61
time 22
note_off 77
time 1
note_off 42
time 140
note_on 78
velocity 59
time 63
note_off 80
time 0
note_off 78
time 226
note_on 77
velocity 59
time 19
note_on 78
velocity 59
time 266
note_off 77
time 20
note_on 66
velocity 34
time 9
note_on 61
velocity 33
time 15
note_off 66
time 11
note_off 61
time 1
note_on 58
velocity 42
time 15
note_on 73
velocity 58
time 0
note_off 78
time 16
note_off 58
time 11
note_on 54
velocity 38
time 70
note_on 42
velocity 49
time 9
note_off 73
time 2
note_off 42
time 7
note_on 76
velocity 64
time 9
note_off 54
time 7
note_on 74
velocity 74
time 169
note_off 76
time 74
note_on 73
velocity 80
time 157
note_off 74
time 39
note_on 66
velocity 50
time 5
note_on 74
velocity 69
time 2
note_off 73
time 1
note_off 74
time 6
note_on 71
velocity 72
time 3
note_on 62
velocity 46
time 2
note_off 66
time 13
note_off 62
time 122
note_off 71
time 22
note_on 77
velocity 78
time 20
note_on 59
velocity 49
time 1
note_off 59
time 40
note_on 54
velocity 41
time 229
note_on 42
velocity 49
time 2
note_on 80
velocity 72
time 2
note_off 77
time 39
note_off 42
time 14
note_off 54
time 101
note_on 78
velocity 80
time 65
note_off 80
time 50
note_on 77
velocity 78
time 187
note_off 78
time 53
note_on 78
velocity 74
time 218
note_on 66
velocity 45
time 13
note_off 77
time 50
note_on 61
velocity 52
time 16
note_off 66
time 1
note_off 61
time 98
note_on 73
velocity 74
time 13
note_on 58
velocity 47
time 7
note_off 78
time 54
note_off 58
time 7
note_on 54
velocity 36
time 197
note_on 42
velocity 48
time 3
note_on 76
velocity 68
time 1
note_off 42
time 14
note_off 73
time 5
note_off 54
time 82
note_on 74
velocity 78
time 113
note_off 76
time 57
note_on 73
velocity 83
time 180
note_off 74
time 5
note_on 59
velocity 46
time 6
note_off 73
time 1
note_on 74
velocity 79
time 0
note_on 47
velocity 46
time 1
note_on 78
velocity 79
time 6
note_off 74
time 13
note_on 79
velocity 81
time 9
note_off 78
time 3
note_on 73
velocity 62
time 9
note_on 52
velocity 53
time 3
note_off 47
time 1
note_off 59
time 15
note_off 52
time 19
note_off 73
time 2
note_on 71
velocity 48
time 2
note_off 71
time 11
note_on 54
velocity 35
time 7
note_on 42
velocity 33
time 2
note_on 70
velocity 45
time 3
note_off 42
time 11
note_off 54
time 3
note_on 78
velocity 71
time 6
note_off 79
time 10
note_off 70
time 18
note_on 55
velocity 23
time 1
note_on 43
velocity 28
time 9
note_on 71
velocity 28
time 9
note_off 43
time 10
note_off 71
time 2
note_off 55
time 6
note_off 78
time 18
note_on 76
velocity 57
time 6
note_off 76
time 16
note_on 70
velocity 31
time 10
note_on 66
velocity 26
time 6
note_on 78
velocity 43
time 1
note_off 78
time 52
note_on 78
velocity 6
time 0
note_on 61
velocity 29
time 14
note_off 66
time 1
note_off 61
time 96
note_on 73
velocity 46
time 28
note_off 78
time 15
note_on 58
velocity 28
time 7
note_off 58
time 62
note_on 54
velocity 37
time 182
note_off 54
time 61
note_on 42
velocity 36
time 0
note_on 76
velocity 50
time 7
note_off 73
time 2
note_off 42
time 7
note_off 70
time 11
note_off 76
time 66
note_on 74
velocity 58
time 1
note_on 73
velocity 59
time 239
note_off 74
time 18
note_off 73
time 11
note_on 66
velocity 33
time 2
note_on 74
velocity 51
time 0
note_off 74
time 15
note_on 62
velocity 27
time 5
note_on 71
velocity 47
time 5
note_off 71
time 42
note_off 66
time 5
note_off 62
time 141
note_on 59
velocity 25
time 80
note_on 83
velocity 64
time 101
note_off 59
time 20
note_on 54
velocity 20
time 264
note_off 54
time 74
note_on 42
velocity 31
time 234
note_off 83
time 274
note_on 80
velocity 48
time 14
note_on 78
velocity 52
time 7
note_off 80
time 7
note_off 42
time 6
note_off 78
time 5
note_on 77
velocity 50
time 16
note_on 66
velocity 39
time 9
note_on 78
velocity 53
time 3
note_off 77
time 15
note_off 66
time 6
note_on 61
velocity 35
time 6
note_off 61
time 79
note_on 73
velocity 55
time 41
note_on 58
velocity 27
time 26
note_off 58
time 54
note_off 78
time 28
note_on 54
velocity 41
time 143
note_on 42
velocity 48
time 2
note_on 76
velocity 65
time 0
note_off 42
time 13
note_off 73
time 0
note_off 54
time 132
note_on 74
velocity 71
time 76
note_off 76
time 108
note_on 73
velocity 77
time 127
note_off 74
time 29
note_on 74
velocity 71
time 9
note_on 66
velocity 49
time 6
note_off 73
time 0
note_off 74
time 9
note_on 71
velocity 70
time 3
note_on 62
velocity 39
time 7
note_off 66
time 27
note_off 62
time 174
note_on 59
velocity 41
time 15
note_off 59
time 46
note_on 83
velocity 89
time 9
note_on 54
velocity 46
time 265
note_off 71
time 26
note_off 54
time 33
note_on 42
velocity 56
time 229
note_on 80
velocity 74
time 5
note_off 83
time 9
note_on 78
velocity 77
time 140
note_off 80
time 31
note_off 42
time 80
note_on 77
velocity 74
time 141
note_off 78
time 2
note_on 78
velocity 68
time 272
note_on 66
velocity 48
time 1
note_off 77
time 9
note_on 61
velocity 49
time 13
note_off 66
time 9
note_off 61
time 143
note_on 73
velocity 68
time 13
note_on 58
velocity 39
time 1
note_off 58
time 71
note_off 78
time 165
note_on 54
velocity 39
time 40
note_on 42
velocity 49
time 14
note_off 42
time 16
note_on 76
velocity 69
time 1
note_off 54
time 32
note_off 73
time 19
note_on 74
velocity 81
time 236
note_off 76
time 69
note_on 73
velocity 83
time 171
note_off 74
time 11
note_on 74
velocity 78
time 259
note_on 59
velocity 48
time 10
note_on 47
velocity 49
time 1
note_off 73
time 3
note_on 78
velocity 81
time 16
note_off 74
time 7
note_on 52
velocity 65
time 13
note_off 47
time 9
note_on 79
velocity 79
time 1
note_off 59
time 19
note_off 78
time 0
note_off 52
time 1
note_on 76
velocity 78
time 2
note_off 79
time 7
note_on 54
velocity 52
time 18
note_on 59
velocity 49
time 0
note_on 62
velocity 48
time 9
note_on 74
velocity 72
time 5
note_off 76
time 1
note_off 74
time 1
note_on 71
velocity 73
time 13
note_on 61
velocity 65
time 13
note_off 62
time 7
note_off 59
time 3
note_off 54
time 0
note_off 61
time 6
note_on 70
velocity 67
time 9
note_off 71
time 5
note_on 64
velocity 47
time 22
note_on 59
velocity 38
time 3
note_off 70
time 2
note_on 71
velocity 71
time 3
note_on 55
velocity 40
time 11
note_off 71
time 13
note_on 85
velocity 66
time 32
note_off 85
time 14
note_on 86
velocity 73
time 3
note_on 52
velocity 41
time 10
note_off 64
time 18
note_off 52
time 2
note_off 55
time 3
note_off 59
time 9
note_off 86
time 13
note_on 83
velocity 67
time 16
note_on 59
velocity 35
time 15
note_on 54
velocity 41
time 3
note_on 62
velocity 35
time 9
note_off 83
time 1
note_on 85
velocity 65
time 6
note_off 85
time 5
note_on 78
velocity 63
time 1
note_on 61
velocity 42
time 7
note_off 62
time 3
note_off 59
time 5
note_off 54
time 10
note_off 61
time 5
note_on 82
velocity 73
time 7
note_off 78
time 1
note_off 82
time 15
note_on 64
velocity 38
time 5
note_on 83
velocity 54
time 2
note_on 55
velocity 24
time 22
note_off 83
time 58
note_on 78
velocity 57
time 10
note_off 78
time 10
note_on 79
velocity 56
time 10
note_on 52
velocity 34
time 2
note_off 64
time 10
note_off 55
time 1
note_off 52
time 1
note_off 79
time 16
note_on 76
velocity 51
time 46
note_off 76
time 0
note_on 74
velocity 47
time 23
note_on 59
velocity 20
time 3
note_on 62
velocity 24
time 3
note_on 54
velocity 21
time 5
note_off 74
time 235
note_on 71
velocity 46
time 18
note_off 62
time 15
note_on 61
velocity 19
time 2
note_off 59
time 14
note_off 61
time 13
note_off 71
time 3
note_off 54
time 15
note_on 70
velocity 39
time 66
note_off 70
time 3
note_on 71
velocity 39
time 11
note_on 55
velocity 32
time 2
note_off 71
time 16
note_on 66
velocity 32
time 1
note_off 66
time 13
note_on 67
velocity 47
time 16
note_on 52
velocity 38
time 3
note_off 55
time 2
note_off 67
time 16
note_on 64
velocity 42
time 11
note_off 52
time 14
note_off 64
time 0
note_on 62
velocity 35
time 13
note_on 54
velocity 17
time 19
note_off 62
time 259
note_on 59
velocity 35
time 10
note_on 42
velocity 30
time 14
note_off 42
time 15
note_off 54
time 9
note_off 59
time 22
note_on 58
velocity 43
time 18
note_off 58
time 135
note_on 59
velocity 49
time 3
note_on 47
velocity 37
time 0
note_on 64
velocity 58
time 18
note_off 59
time 0
note_off 64
time 96
note_on 63
velocity 70
time 2
note_on 54
velocity 49
time 15
note_on 66
velocity 70
time 2
note_off 63
time 10
note_off 66
time 15
note_off 54
time 3
note_on 55
velocity 51
time 10
note_on 64
velocity 67
time 3
note_off 47
time 1
note_off 64
time 11
note_on 71
velocity 69
time 0
note_off 55
time 7
note_on 70
velocity 76
time 91
note_off 71
time 0
note_on 55
velocity 46
time 3
note_on 52
velocity 50
time 7
note_on 73
velocity 75
time 3
note_off 70
time 13
note_off 52
time 14
note_off 55
time 7
note_off 73
time 14
note_on 71
velocity 66
time 0
note_on 50
velocity 41
time 14
note_on 54
velocity 35
time 10
note_off 71
time 0
note_on 66
velocity 69
time 13
note_off 54
time 40
note_off 50
time 23
note_off 66
time 18
note_on 55
velocity 40
time 0
note_on 52
velocity 42
time 6
note_on 67
velocity 64
time 0
note_off 67
time 187
note_on 64
velocity 63
time 11
note_off 64
time 263
note_on 62
velocity 54
time 5
note_off 55
time 1
note_on 54
velocity 44
time 31
note_off 52
time 32
note_off 62
time 199
note_on 59
velocity 54
time 14
note_on 42
velocity 44
time 281
note_off 54
time 5
note_on 58
velocity 58
time 32
note_off 59
time 49
note_off 42
time 18
note_on 47
velocity 41
time 0
note_on 59
velocity 46
time 9
note_off 58
time 1
note_on 45
velocity 29
time 14
note_off 47
time 1
note_off 59
time 0
note_on 57
velocity 49
time 16
note_off 45
time 5
note_off 57
time 20
note_on 45
velocity 38
time 16
note_off 45
time 1
note_on 57
velocity 53
time 11
note_on 43
velocity 34
time 5
note_off 57
time 0
note_on 55
velocity 52
time 2
note_off 43
time 13
note_off 55
time 16
note_on 45
velocity 31
time 3
note_on 57
velocity 66
time 14
note_off 45
time 35
note_off 57
time 7
note_on 55
velocity 57
time 35
note_on 43
velocity 17
time 2
note_off 55
time 118
note_on 55
velocity 8
time 0
note_off 43
time 2
note_off 55
time 141
note_on 54
velocity 37
time 7
note_on 30
velocity 34
time 3
note_on 42
velocity 22
time 2
note_on 59
velocity 17
time 7
note_off 54
time 10
note_off 59
time 6
note_on 58
velocity 32
time 3
note_off 58
time 102
note_on 62
velocity 36
time 22
note_off 62
time 65
note_on 61
velocity 47
time 15
note_off 61
time 3
note_on 67
velocity 36
time 3
note_off 67
time 11
note_on 66
velocity 43
time 19
note_off 66
time 16
note_on 71
velocity 49
time 15
note_off 71
time 11
note_on 70
velocity 50
time 11
note_off 70
time 76
note_on 74
velocity 51
time 7
note_off 74
time 9
note_on 73
velocity 53
time 2
note_on 78
velocity 53
time 14
note_off 30
time 15
note_off 73
time 0
note_off 78
time 9
note_on 76
velocity 44
time 16
note_on 74
velocity 56
time 16
note_off 76
time 0
note_off 74
time 16
note_off 42
time 15
note_on 74
velocity 63
time 98
note_off 74
time 53
note_on 73
velocity 66
time 13
note_off 73
time 10
note_on 71
velocity 43
time 0
note_off 71
time 97
note_on 66
velocity 48
time 5
note_on 42
velocity 32
time 1
note_off 66
time 13
note_on 67
velocity 43
time 36
note_on 47
velocity 38
time 27
note_off 42
time 1
note_off 67
time 19
note_on 66
velocity 51
time 1
note_off 66
time 1
note_on 46
velocity 50
time 15
note_off 47
time 13
note_on 67
velocity 56
time 1
note_off 67
time 27
note_on 66
velocity 60
time 44
note_off 66
time 39
note_off 46
time 5
note_on 67
velocity 58
time 23
note_on 50
velocity 58
time 16
note_off 67
time 23
note_on 66
velocity 71
time 20
note_off 66
time 50
note_on 67
velocity 64
time 29
note_off 67
time 6
note_off 50
time 5
note_on 49
velocity 59
time 18
note_on 66
velocity 60
time 11
note_off 66
time 7
note_on 67
velocity 56
time 10
note_off 67
time 11
note_on 66
velocity 69
time 14
note_off 49
time 14
note_off 66
time 14
note_on 67
velocity 62
time 7
note_on 55
velocity 60
time 13
note_off 67
time 24
note_on 66
velocity 59
time 45
note_off 66
time 33
note_on 67
velocity 65
time 10
note_off 67
time 36
note_off 55
time 14
note_on 66
velocity 72
time 18
note_on 54
velocity 51
time 39
note_off 66
time 2
note_on 67
velocity 21
time 63
note_on 66
velocity 59
time 32
note_off 67
time 36
note_off 54
time 48
note_on 59
velocity 49
time 84
note_off 59
time 214
note_on 58
velocity 56
time 27
note_off 58
time 191
note_on 62
velocity 60
time 50
note_off 62
time 208
note_on 61
velocity 61
time 35
note_off 66
time 5
note_on 66
velocity 57
time 242
note_off 61
time 3
note_off 66
time 203
note_on 64
velocity 55
time 45
note_off 64
time 227
note_on 62
velocity 48
time 11
note_off 62
time 263
note_on 74
velocity 58
time 0
note_on 61
velocity 44
time 2
note_off 61
time 3
note_on 59
velocity 35
time 18
note_off 74
time 2
note_off 59
time 2
note_on 76
velocity 48
time 0
note_on 58
velocity 21
time 9
note_on 64
velocity 23
time 3
note_off 58
time 0
note_off 64
time 7
note_off 76
time 0
note_on 74
velocity 53
time 14
note_off 74
time 5
note_on 73
velocity 54
time 10
note_on 64
velocity 29
time 9
note_on 59
velocity 30
time 6
note_on 71
velocity 63
time 3
note_off 73
time 5
note_off 64
time 3
note_off 59
time 10
note_off 71
time 0
note_on 76
velocity 63
time 5
note_on 64
velocity 37
time 10
note_on 58
velocity 35
time 6
note_off 58
time 5
note_on 74
velocity 72
time 5
note_off 64
time 14
note_off 76
time 15
note_off 74
time 7
note_on 74
velocity 66
time 18
note_on 64
velocity 40
time 9
note_on 59
velocity 46
time 6
note_off 74
time 11
note_on 73
velocity 66
time 10
note_off 73
time 7
note_off 59
time 7
note_on 74
velocity 63
time 0
note_off 64
time 19
note_off 74
time 27
note_on 73
velocity 70
time 28
note_off 73
time 58
note_on 71
velocity 60
time 27
note_off 71
time 217
note_on 64
velocity 34
time 6
note_on 76
velocity 58
time 5
note_on 58
velocity 24
time 11
note_off 58
time 2
note_off 64
time 9
note_on 74
velocity 68
time 2
note_off 76
time 42
note_on 73
velocity 70
time 0
note_on 59
velocity 40
time 6
note_on 64
velocity 36
time 2
note_off 74
time 2
note_off 59
time 16
note_on 71
velocity 70
time 0
note_off 64
time 7
note_off 73
time 5
note_on 58
velocity 44
time 15
note_on 76
velocity 71
time 0
note_off 71
time 1
note_on 64
velocity 31
time 3
note_off 64
time 15
note_on 74
velocity 73
time 6
note_off 76
time 9
note_off 58
time 14
note_off 74
time 98
note_on 55
velocity 49
time 13
note_on 64
velocity 48
time 6
note_on 73
velocity 70
time 10
note_off 55
time 11
note_off 64
time 6
note_off 73
time 5
note_on 83
velocity 79
time 11
note_on 54
velocity 48
time 14
note_on 82
velocity 80
time 3
note_off 83
time 16
note_off 54
time 0
note_on 79
velocity 85
time 2
note_off 82
time 9
note_on 58
velocity 55
time 156
note_on 78
velocity 75
time 10
note_off 79
time 0
note_off 58
time 16
note_on 59
velocity 59
time 0
note_on 58
velocity 63
time 11
note_off 58
time 15
note_off 59
time 2
note_off 78
time 14
note_on 56
velocity 63
time 0
note_on 76
velocity 64
time 6
note_off 56
time 6
note_on 58
velocity 69
time 5
note_off 58
time 54
note_off 76
time 46
note_on 59
velocity 57
time 22
note_on 75
velocity 59
time 27
note_off 75
time 13
note_off 59
time 2
note_on 72
velocity 62
time 15
note_off 72
time 6
note_on 51
velocity 45
time 18
note_on 71
velocity 53
time 1
note_off 71
time 32
note_on 69
velocity 55
time 41
note_off 69
time 32
note_on 52
velocity 41
time 42
note_on 67
velocity 46
time 13
note_off 51
time 41
note_off 52
time 18
note_off 67
time 6
note_on 78
velocity 46
time 2
note_off 78
time 170
note_on 76
velocity 54
time 3
note_on 55
velocity 42
time 9
note_off 55
time 44
note_off 76
time 31
note_on 57
velocity 55
time 9
note_off 57
time 69
note_on 55
velocity 43
time 32
note_on 74
velocity 42
time 3
note_off 55
time 32
note_on 54
velocity 54
time 28
note_off 54
time 40
note_on 55
velocity 62
time 23
note_off 55
time 45
note_off 74
time 24
note_on 73
velocity 54
time 28
note_on 57
velocity 46
time 23
note_on 71
velocity 49
time 7
note_off 57
time 10
note_off 73
time 16
note_on 69
velocity 45
time 9
note_on 45
velocity 24
time 19
note_off 71
time 9
note_off 45
time 14
note_off 69
time 18
note_on 67
velocity 50
time 2
note_off 67
time 3
note_on 66
velocity 48
time 2
note_on 62
velocity 41
time 6
note_off 62
time 2
note_on 57
velocity 28
time 2
note_off 57
time 14
note_on 74
velocity 66
time 132
note_on 54
velocity 33
time 15
note_off 66
time 16
note_off 54
time 175
note_on 50
velocity 36
time 69
note_off 50
time 13
note_on 48
velocity 47
time 1
note_on 69
velocity 63
time 15
note_on 67
velocity 71
time 9
note_off 74
time 26
note_off 69
time 3
note_on 66
velocity 73
time 48
note_off 67
time 42
note_off 48
time 3
note_on 67
velocity 68
time 7
note_on 59
velocity 47
time 15
note_off 66
time 23
note_on 55
velocity 49
time 9
note_off 59
time 59
note_on 74
velocity 79
time 105
note_on 50
velocity 49
time 19
note_off 55
time 28
note_off 50
time 63
note_on 47
velocity 48
time 24
note_off 67
time 98
note_on 45
velocity 43
time 41
note_off 47
time 2
note_on 72
velocity 71
time 3
note_off 74
time 105
note_on 71
velocity 77
time 6
note_off 72
time 71
note_on 69
velocity 75
time 3
note_off 71
time 5
note_off 45
time 18
note_off 69
time 44
note_on 55
velocity 44
time 89
note_on 69
velocity 59
time 3
note_off 69
time 50
note_on 71
velocity 62
time 7
note_on 52
velocity 37
time 58
note_off 71
time 16
note_on 72
velocity 54
time 54
note_off 55
time 26
note_off 72
time 41
note_on 71
velocity 51
time 52
note_off 52
time 22
note_on 47
velocity 28
time 6
note_off 47
time 9
note_on 43
velocity 34
time 5
note_off 43
time 9
note_off 71
time 27
note_on 42
velocity 31
time 62
note_on 71
velocity 50
time 14
note_off 71
time 6
note_on 69
velocity 49
time 11
note_off 69
time 6
note_on 71
velocity 52
time 5
note_off 71
time 14
note_on 69
velocity 65
time 2
note_off 69
time 119
note_on 67
velocity 61
time 71
note_off 42
time 5
note_off 67
time 11
note_on 66
velocity 63
time 3
note_off 66
time 15
note_on 67
velocity 56
time 1
note_on 52
velocity 40
time 3
note_on 40
velocity 42
time 10
note_off 40
time 2
note_off 52
time 9
note_on 76
velocity 72
time 2
note_on 42
velocity 38
time 5
note_on 54
velocity 39
time 14
note_off 54
time 16
note_off 42
time 18
note_on 74
velocity 69
time 7
note_off 67
time 2
note_off 76
time 15
note_on 73
velocity 67
time 11
note_off 74
time 1
note_on 55
velocity 42
time 2
note_on 71
velocity 68
time 31
note_off 73
time 22
note_off 55
time 42
note_on 70
velocity 67
time 11
note_on 43
velocity 39
time 14
note_off 71
time 22
note_off 43
time 9
note_off 70
time 0
note_on 71
velocity 69
time 3
note_off 71
time 5
note_on 73
velocity 65
time 1
note_on 54
velocity 41
time 3
note_on 70
velocity 50
time 3
note_off 70
time 41
note_on 74
velocity 75
time 48
note_off 73
time 50
note_off 54
time 58
note_on 76
velocity 76
time 2
note_on 66
velocity 53
time 9
note_off 74
time 14
note_off 66
time 39
note_on 78
velocity 77
time 13
note_off 76
time 1
note_on 76
velocity 70
time 32
note_on 55
velocity 42
time 3
note_off 78
time 15
note_on 74
velocity 71
time 14
note_off 55
time 2
note_off 76
time 9
note_on 73
velocity 67
time 171
note_off 74
time 9
note_on 67
velocity 32
time 32
note_off 67
time 3
note_off 73
time 11
note_on 71
velocity 54
time 0
note_off 71
time 18
note_on 73
velocity 51
time 14
note_on 54
velocity 38
time 1
note_on 70
velocity 39
time 10
note_off 70
time 2
note_off 73
time 9
note_off 54
time 0
note_on 74
velocity 57
time 11
note_off 74
time 178
note_on 76
velocity 47
time 46
note_on 66
velocity 32
time 29
note_off 66
time 2
note_off 76
time 6
note_on 78
velocity 53
time 0
note_off 78
time 11
note_on 78
velocity 60
time 115
note_on 55
velocity 42
time 14
note_off 78
time 2
note_on 76
velocity 57
time 2
note_off 55
time 6
note_off 76
time 5
note_on 78
velocity 65
time 9
note_off 78
time 9
note_on 76
velocity 66
time 1
note_off 76
time 6
note_on 74
velocity 60
time 48
note_off 74
time 210
note_on 73
velocity 50
time 35
note_on 67
velocity 23
time 39
note_off 67
time 7
note_off 73
time 5
note_on 71
velocity 46
time 2
note_off 71
time 130
note_on 73
velocity 56
time 1
note_on 66
velocity 26
time 2
note_on 70
velocity 28
time 7
note_on 61
velocity 31
time 15
note_off 66
time 40
note_off 61
time 182
note_on 58
velocity 11
time 130
note_off 70
time 16
note_on 78
velocity 55
time 37
note_off 73
time 41
note_off 58
time 16
note_on 54
velocity 14
time 257
note_off 54
time 62
note_on 42
velocity 33
time 231
note_on 76
velocity 52
time 19
note_off 78
time 11
note_on 74
velocity 60
time 9
note_off 76
time 20
note_off 42
time 7
note_on 73
velocity 65
time 15
note_off 74
time 1
note_off 73
time 7
note_on 66
velocity 41
time 19
note_on 74
velocity 58
time 0
note_off 66
time 16
note_on 71
velocity 60
time 5
note_on 62
velocity 36
time 11
note_off 62
time 3
note_on 59
velocity 42
time 14
note_on 77
velocity 67
time 1
note_off 59
time 37
note_off 74
time 26
note_off 71
time 15
note_on 54
velocity 41
time 91
note_off 54
time 40
note_on 42
velocity 49
time 2
note_on 80
velocity 66
time 15
note_off 77
time 18
note_off 42
time 14
note_on 78
velocity 73
time 95
note_off 80
time 76
note_on 77
velocity 77
time 158
note_off 78
time 54
note_on 78
velocity 72
time 227
note_on 66
velocity 49
time 5
note_off 77
time 7
note_on 61
velocity 45
time 5
note_off 66
time 7
note_on 73
velocity 68
time 131
note_off 61
time 11
note_on 58
velocity 45
time 2
note_off 58
time 55
note_off 78
time 35
note_on 54
velocity 38
time 166
note_on 42
velocity 52
time 10
note_off 54
time 6
note_on 76
velocity 64
time 11
note_off 73
time 3
note_on 74
velocity 74
time 0
note_off 76
time 13
note_off 42
time 3
note_on 73
velocity 77
time 9
note_off 74
time 16
note_off 73
time 16
note_on 74
velocity 69
time 2
note_on 66
velocity 40
time 11
note_off 74
time 138
note_on 71
velocity 64
time 11
note_on 62
velocity 39
time 29
note_off 66
time 7
note_off 71
time 0
note_off 62
time 3
note_on 77
velocity 66
time 11
note_on 59
velocity 42
time 2
note_off 59
time 44
note_on 54
velocity 43
time 0
note_off 54
time 18
note_on 42
velocity 29
time 13
note_on 80
velocity 43
time 195
note_off 77
time 40
note_off 80
time 216
note_on 78
velocity 47
time 10
note_off 78
time 19
note_off 42
time 0
note_on 77
velocity 50
time 9
note_off 77
time 69
note_on 78
velocity 53
time 3
note_on 66
velocity 35
time 3
note_off 78
time 15
note_on 61
velocity 33
time 16
note_off 66
time 13
note_on 73
velocity 53
time 37
note_off 61
time 0
note_on 58
velocity 35
time 5
note_off 58
time 50
note_on 54
velocity 34
time 46
note_on 42
velocity 43
time 15
note_on 76
velocity 64
time 10
note_off 73
time 6
note_off 42
time 18
note_off 54
time 53
note_on 74
velocity 75
time 62
note_off 76
time 41
note_on 73
velocity 80
time 207
note_off 74
time 15
note_off 73
time 250
note_on 59
velocity 44
time 5
note_on 74
velocity 76
time 0
note_on 47
velocity 43
time 2
note_on 78
velocity 69
time 0
note_off 74
time 6
note_off 78
time 0
note_on 73
velocity 72
time 5
note_on 79
velocity 70
time 2
note_on 52
velocity 49
time 5
note_off 47
time 2
note_off 59
time 10
note_off 52
time 14
note_off 73
time 13
note_on 71
velocity 67
time 14
note_off 71
time 10
note_on 70
velocity 71
time 3
note_on 54
velocity 47
time 2
note_on 42
velocity 41
time 11
note_off 79
time 0
note_off 70
time 13
note_off 42
time 7
note_on 78
velocity 69
time 0
note_off 54
time 13
note_on 71
velocity 51
time 65
note_off 71
time 6
note_on 73
velocity 62
time 6
note_off 73
time 13
note_on 43
velocity 37
time 3
note_on 71
velocity 67
time 0
note_off 71
time 0
note_off 43
time 7
note_on 76
velocity 64
time 10
note_off 78
time 16
note_off 76
time 6
note_on 70
velocity 32
time 15
note_on 78
velocity 46
time 2
note_on 66
velocity 35
time 3
note_on 61
velocity 13
time 15
note_off 66
time 18
note_on 73
velocity 49
time 2
note_off 61
time 10
note_on 58
velocity 32
time 0
note_off 78
time 10
note_off 58
time 15
note_on 54
velocity 35
time 3
note_off 54
time 2
note_on 42
velocity 38
time 11
note_off 70
time 5
note_off 73
time 1
note_on 76
velocity 54
time 7
note_off 42
time 11
note_on 74
velocity 76
time 141
note_off 76
time 59
note_on 73
velocity 84
time 20
note_off 74
time 31
note_on 74
velocity 80
time 10
note_on 66
velocity 47
time 2
note_off 73
time 14
note_off 74
time 16
note_off 66
time 2
note_on 71
velocity 75
time 6
note_on 62
velocity 49
time 2
note_off 62
time 152
note_on 59
velocity 46
time 32
note_off 59
time 63
note_on 83
velocity 90
time 18
note_on 54
velocity 45
time 253
note_off 54
time 75
note_off 71
time 55
note_on 42
velocity 39
time 3
note_on 80
velocity 69
time 10
note_off 83
time 23
note_off 42
time 84
note_on 78
velocity 76
time 113
note_off 80
time 108
note_on 77
velocity 71
time 130
note_off 78
time 231
note_on 78
velocity 52
time 16
note_on 66
velocity 45
time 31
note_off 77
time 9
note_on 61
velocity 36
time 11
note_off 66
time 9
note_on 73
velocity 61
time 3
note_off 61
time 13
note_on 58
velocity 40
time 7
note_off 78
time 7
note_off 58
time 32
note_on 54
velocity 27
time 96
note_on 42
velocity 33
time 15
note_off 73
time 2
note_off 42
time 16
note_on 76
velocity 39
time 39
note_off 54
time 15
note_on 74
velocity 58
time 2
note_off 76
time 14
note_off 74
time 6
note_on 73
velocity 59
time 6
note_off 73
time 11
note_on 74
velocity 49
time 0
note_on 66
velocity 26
time 5
note_off 74
time 1
note_on 71
velocity 54
time 3
note_off 71
time 18
note_on 62
velocity 25
time 5
note_off 66
time 59
note_on 59
velocity 39
time 105
note_off 62
time 24
note_on 86
velocity 62
time 36
note_off 59
time 2
note_off 86
time 93
note_on 85
velocity 62
time 23
note_off 85
time 58
note_on 83
velocity 63
time 20
note_on 54
velocity 40
time 22
note_off 54
time 18
note_on 42
velocity 40
time 11
note_on 80
velocity 56
time 15
note_off 83
time 6
note_on 78
velocity 66
time 7
note_off 80
time 15
note_off 42
time 16
note_off 78
time 6
note_on 77
velocity 66
time 9
note_on 78
velocity 64
time 15
note_on 66
velocity 52
time 2
note_off 77
time 6
note_off 66
time 7
note_on 61
velocity 51
time 9
note_off 61
time 205
note_on 73
velocity 68
time 15
note_on 58
velocity 46
time 13
note_off 58
time 69
note_off 78
time 74
note_on 54
velocity 46
time 98
note_on 42
velocity 58
time 3
note_off 42
time 22
note_on 76
velocity 71
time 46
note_off 54
time 45
note_off 73
time 33
note_on 74
velocity 76
time 178
note_off 76
time 46
note_on 73
velocity 77
time 186
note_off 74
time 20
note_on 47
velocity 55
time 242
note_on 59
velocity 51
time 7
note_off 73
time 1
note_on 74
velocity 73
time 3
note_on 78
velocity 74
time 5
note_off 74
time 14
note_on 52
velocity 74
time 5
note_off 47
time 1
note_on 79
velocity 67
time 1
note_off 78
time 3
note_off 59
time 9
note_off 52
time 6
note_on 76
velocity 76
time 9
note_off 79
time 2
note_on 54
velocity 46
time 6
note_on 74
velocity 79
time 2
note_on 62
velocity 48
time 5
note_off 76
time 3
note_on 59
velocity 42
time 1
note_off 74
time 16
note_on 71
velocity 76
time 1
note_off 62
time 0
note_on 61
velocity 63
time 3
note_off 59
time 66
note_off 54
time 0
note_off 61
time 3
note_on 70
velocity 74
time 70
note_off 71
time 14
note_off 70
time 1
note_on 64
velocity 50
time 5
note_on 59
velocity 42
time 1
note_on 71
velocity 66
time 2
note_on 55
velocity 45
time 2
note_off 71
time 7
note_on 91
velocity 54
time 11
note_off 91
time 2
note_on 90
velocity 60
time 13
note_off 90
time 7
note_on 88
velocity 65
time 6
note_on 52
velocity 39
time 11
note_off 88
time 9
note_on 86
velocity 47
time 72
note_off 64
time 36
note_off 86
time 6
note_off 55
time 1
note_off 52
time 3
note_off 59
time 7
note_on 85
velocity 56
time 13
note_off 85
time 7
note_on 83
velocity 51
time 10
note_off 83
time 70
note_on 83
velocity 13
time 0
note_on 59
velocity 35
time 14
note_on 62
velocity 30
time 2
note_on 54
velocity 50
time 2
note_off 83
time 0
note_on 85
velocity 58
time 13
note_off 85
time 88
note_off 62
time 14
note_on 61
velocity 47
time 5
note_on 78
velocity 55
time 10
note_off 59
time 0
note_off 54
time 6
note_off 61
time 11
note_off 78
time 14
note_on 82
velocity 66
time 0
note_off 82
time 11
note_on 83
velocity 56
time 10
note_on 55
velocity 39
time 5
note_on 64
velocity 30
time 3
note_on 59
velocity 17
time 16
note_off 83
time 6
note_on 78
velocity 60
time 9
note_off 78
time 16
note_on 78
velocity 4
time 0
note_off 78
time 1
note_on 52
velocity 40
time 0
note_on 79
velocity 55
time 2
note_off 64
time 5
note_off 55
time 6
note_off 52
time 9
note_off 59
time 9
note_off 79
time 18
note_on 76
velocity 56
time 15
note_off 76
time 78
note_on 74
velocity 63
time 27
note_on 59
velocity 33
time 1
note_on 54
velocity 40
time 1
note_on 62
velocity 35
time 14
note_off 74
time 0
note_on 71
velocity 54
time 5
note_on 61
velocity 53
time 3
note_off 62
time 2
note_off 59
time 13
note_off 71
time 7
note_off 61
time 18
note_off 54
time 7
note_on 70
velocity 60
time 3
note_on 55
velocity 52
time 9
note_off 70
time 0
note_on 71
velocity 62
time 18
note_on 66
velocity 66
time 18
note_off 71
time 0
note_off 66
time 1
note_on 52
velocity 59
time 13
note_on 67
velocity 66
time 5
note_off 55
time 3
note_on 64
velocity 68
time 2
note_off 52
time 5
note_off 67
time 10
note_on 54
velocity 51
time 6
note_on 62
velocity 66
time 2
note_off 64
time 13
note_on 59
velocity 70
time 3
note_off 62
time 10
note_on 42
velocity 68
time 2
note_off 42
time 14
note_off 54
time 3
note_on 58
velocity 76
time 18
note_off 59
time 13
note_on 47
velocity 66
time 345
note_off 58
time 15
note_on 59
velocity 69
time 6
note_on 64
velocity 71
time 15
note_off 59
time 18
note_on 63
velocity 76
time 182
note_on 54
velocity 59
time 9
note_off 64
time 6
note_on 66
velocity 75
time 0
note_off 63
time 6
note_off 66
time 144
note_off 54
time 11
note_on 55
velocity 56
time 3
note_on 64
velocity 71
time 2
note_off 47
time 15
note_off 64
time 15
note_on 71
velocity 75
time 2
note_off 55
time 18
note_on 55
velocity 41
time 5
note_on 70
velocity 71
time 6
note_off 71
time 0
note_on 52
velocity 47
time 3
note_on 73
velocity 72
time 14
note_off 70
time 5
note_off 55
time 11
note_off 52
time 6
note_on 71
velocity 67
time 14
note_on 54
velocity 47
time 3
note_off 73
time 2
note_on 50
velocity 42
time 9
note_off 71
time 18
note_on 66
velocity 68
time 2
note_off 50
time 18
note_off 54
time 22
note_on 69
velocity 50
time 14
note_off 66
time 5
note_on 52
velocity 37
time 14
note_on 67
velocity 49
time 2
note_on 55
velocity 35
time 16
note_off 69
time 0
note_on 66
velocity 48
time 526
note_off 67
time 16
note_off 66
time 0
note_on 64
velocity 53
time 11
note_off 55
time 3
note_off 64
time 0
note_on 62
velocity 48
time 18
note_on 54
velocity 35
time 1
note_off 52
time 6
note_on 59
velocity 51
time 177
note_off 62
time 39
note_on 42
velocity 29
time 3
note_on 58
velocity 44
time 438
note_off 59
time 66
note_off 54
time 5
note_off 42
time 0
note_off 58
time 1
note_on 58
velocity 48
time 0
note_on 47
velocity 32
time 1
note_on 35
velocity 26
time 3
note_off 58
time 15
note_on 59
velocity 29
time 617
note_off 47
time 2149
note_off 35
time 3
note_off 59
time 10
