note_on 59
velocity 42
time 497
note_on 68
velocity 52
time 1041
note_on 40
velocity 46
time 78
note_off 59
time 10
note_off 40
time 11
note_on 61
velocity 39
time 712
note_on 52
velocity 38
time 7
note_on 56
velocity 34
time 1
note_off 52
time 350
note_off 61
time 70
note_off 56
time 22
note_on 69
velocity 57
time 46
note_off 68
time 9
note_on 71
velocity 62
time 440
note_on 47
velocity 43
time 1
note_on 56
velocity 33
time 6
note_on 59
velocity 36
time 0
note_off 69
time 6
note_off 47
time 28
note_off 56
time 23
note_on 75
velocity 68
time 9
note_off 59
time 14
note_off 71
time 2
note_on 76
velocity 70
time 191
note_off 75
time 27
note_on 68
velocity 37
time 15
note_on 64
velocity 39
time 6
note_on 59
velocity 30
time 2
note_off 64
time 14
note_off 68
time 35
note_off 59
time 9
note_on 73
velocity 69
time 11
note_off 76
time 10
note_on 71
velocity 65
time 28
note_off 73
time 0
note_on 35
velocity 39
time 7
note_off 35
time 16
note_on 63
velocity 36
time 1
note_on 54
velocity 29
time 2
note_off 63
time 283
note_on 66
velocity 54
time 385
note_off 71
time 44
note_on 63
velocity 20
time 40
note_off 63
time 141
note_off 54
time 187
note_on 47
velocity 37
time 441
note_on 57
velocity 35
time 10
note_off 57
time 87
note_off 47
time 5
note_on 68
velocity 59
time 425
note_off 66
time 26
note_on 64
velocity 51
time 428
note_off 68
time 5
note_on 37
velocity 39
time 3
note_on 49
velocity 28
time 10
note_off 37
time 6
note_off 49
time 72
note_on 56
velocity 32
time 493
note_on 61
velocity 38
time 2
note_on 52
velocity 41
time 14
note_off 52
time 117
note_off 61
time 0
note_off 56
time 48
note_on 66
velocity 59
time 748
note_on 47
velocity 38
time 5
note_on 35
velocity 34
time 6
note_off 64
time 41
note_off 35
time 11
note_off 47
time 95
note_on 68
velocity 63
time 11
note_off 66
time 16
note_on 69
velocity 63
time 218
note_off 68
time 31
note_on 52
velocity 35
time 18
note_on 56
velocity 32
time 0
note_on 62
velocity 35
time 13
note_off 62
time 166
note_off 56
time 32
note_off 52
time 2
note_on 71
velocity 73
time 119
note_off 69
time 121
note_on 73
velocity 76
time 292
note_off 71
time 85
note_on 33
velocity 41
time 7
note_on 45
velocity 36
time 11
note_off 33
time 7
note_off 45
time 13
note_on 61
velocity 45
time 514
note_on 52
velocity 37
time 22
note_off 61
time 134
note_off 52
time 101
note_on 32
velocity 52
time 669
note_on 44
velocity 50
time 1
note_off 73
time 16
note_off 32
time 23
note_off 44
time 84
note_on 73
velocity 74
time 75
note_on 61
velocity 48
time 429
note_on 59
velocity 39
time 11
note_on 53
velocity 32
time 26
note_off 61
time 148
note_off 59
time 131
note_off 53
time 98
note_on 71
velocity 64
time 238
note_off 73
time 44
note_off 71
time 178
note_on 71
velocity 66
time 180
note_on 30
velocity 41
time 11
note_on 42
velocity 33
time 6
note_off 30
time 6
note_off 42
time 54
note_on 69
velocity 51
time 561
note_off 71
time 45
note_on 49
velocity 34
time 2
note_on 61
velocity 31
time 3
note_off 69
time 76
note_off 49
time 28
note_off 61
time 32
note_on 62
velocity 46
time 299
note_on 59
velocity 29
time 3
note_on 53
velocity 36
time 14
note_on 68
velocity 61
time 18
note_off 62
time 7
note_off 68
time 82
note_on 68
velocity 50
time 239
note_on 61
velocity 37
time 36
note_on 49
velocity 38
time 19
note_on 66
velocity 55
time 10
note_off 68
time 46
note_off 61
time 18
note_off 59
time 9
note_off 53
time 27
note_off 49
time 52
note_on 65
velocity 46
time 147
note_off 66
time 52
note_off 65
time 13
note_on 65
velocity 47
time 222
note_on 42
velocity 44
time 5
note_on 66
velocity 43
time 911
note_on 49
velocity 27
time 40
note_off 65
time 2
note_on 57
velocity 12
time 9
note_off 57
time 15
note_off 66
time 3
note_off 42
time 62
note_off 49
time 9
note_on 39
velocity 42
time 588
note_off 39
time 11
note_on 58
velocity 52
time 6
note_off 58
time 343
note_on 59
velocity 52
time 7
note_on 47
velocity 43
time 3
note_on 57
velocity 34
time 22
note_on 54
velocity 27
time 6
note_off 57
time 7
note_off 54
time 6
note_on 69
velocity 59
time 10
note_off 47
time 7
note_off 59
time 52
note_on 68
velocity 54
time 0
note_on 40
velocity 40
time 16
note_off 69
time 9
note_off 40
time 3
note_off 68
time 19
note_on 63
velocity 59
time 80
note_on 47
velocity 42
time 11
note_on 56
velocity 25
time 0
note_off 56
time 36
note_off 47
time 13
note_on 64
velocity 60
time 117
note_off 63
time 33
note_on 63
velocity 65
time 417
note_on 37
velocity 46
time 40
note_off 64
time 7
note_off 37
time 71
note_on 64
velocity 61
time 15
note_off 63
time 13
note_on 63
velocity 66
time 234
note_off 64
time 0
note_off 63
time 294
note_on 64
velocity 60
time 2
note_on 52
velocity 46
time 59
note_on 58
velocity 37
time 0
note_on 54
velocity 25
time 14
note_on 66
velocity 56
time 10
note_off 64
time 5
note_off 58
time 3
note_off 54
time 11
note_off 52
time 6
note_on 61
velocity 62
time 109
note_off 66
time 2
note_on 64
velocity 60
time 6
note_off 61
time 0
note_on 35
velocity 33
time 0
note_off 35
time 10
note_on 56
velocity 30
time 470
note_on 59
velocity 34
time 0
note_off 64
time 0
note_on 63
velocity 37
time 9
note_on 54
velocity 26
time 18
note_off 56
time 1
note_on 75
velocity 39
time 9
note_off 63
time 5
note_off 75
time 0
note_off 54
time 161
note_off 59
time 5
note_on 73
velocity 51
time 412
note_off 73
time 48
note_on 73
velocity 51
time 235
note_on 63
velocity 31
time 50
note_on 59
velocity 28
time 18
note_on 69
velocity 24
time 20
note_off 63
time 135
note_off 69
time 2
note_off 59
time 20
note_on 71
velocity 42
time 201
note_off 73
time 197
note_on 69
velocity 46
time 131
note_off 71
time 72
note_on 68
velocity 57
time 473
note_off 69
time 41
note_on 40
velocity 39
time 5
note_off 40
time 0
note_on 61
velocity 35
time 667
note_on 56
velocity 31
time 10
note_on 52
velocity 31
time 2
note_off 52
time 330
note_off 56
time 36
note_off 61
time 63
note_on 69
velocity 58
time 70
note_off 68
time 9
note_off 69
time 425
note_on 71
velocity 44
time 110
note_on 56
velocity 29
time 9
note_on 47
velocity 36
time 1
note_on 59
velocity 21
time 2
note_on 76
velocity 47
time 13
note_off 47
time 13
note_off 56
time 19
note_off 59
time 76
note_off 71
time 53
note_on 78
velocity 61
time 39
note_off 76
time 78
note_on 80
velocity 63
time 97
note_off 78
time 6
note_on 78
velocity 67
time 178
note_on 68
velocity 43
time 31
note_on 59
velocity 38
time 18
note_on 64
velocity 37
time 7
note_off 80
time 6
note_on 76
velocity 59
time 96
note_off 68
time 31
note_off 78
time 0
note_off 76
time 28
note_off 64
time 15
note_off 59
time 31
note_on 71
velocity 53
time 37
note_off 71
time 114
note_on 73
velocity 62
time 19
note_off 73
time 126
note_on 68
velocity 58
time 5
note_on 73
velocity 59
time 139
note_off 68
time 28
note_on 71
velocity 58
time 203
note_off 73
time 10
note_on 35
velocity 42
time 0
note_off 35
time 7
note_on 63
velocity 26
time 565
note_on 54
velocity 18
time 3
note_off 63
time 365
note_on 66
velocity 44
time 449
note_on 57
velocity 34
time 19
note_on 63
velocity 30
time 6
note_off 71
time 82
note_off 63
time 75
note_off 57
time 29
note_off 66
time 48
note_off 54
time 13
note_on 48
velocity 52
time 299
note_on 36
velocity 48
time 5
note_on 68
velocity 59
time 15
note_off 36
time 16
note_off 48
time 9
note_on 64
velocity 61
time 95
note_on 37
velocity 39
time 63
note_on 49
velocity 32
time 6
note_off 68
time 16
note_off 37
time 13
note_off 49
time 22
note_on 63
velocity 59
time 84
note_off 64
time 65
note_on 52
velocity 35
time 16
note_on 56
velocity 27
time 5
note_on 61
velocity 35
time 2
note_off 61
time 239
note_off 56
time 50
note_off 52
time 32
note_on 64
velocity 62
time 125
note_off 63
time 61
note_on 66
velocity 75
time 343
note_on 47
velocity 46
time 7
note_on 35
velocity 39
time 2
note_off 64
time 3
note_off 35
time 39
note_off 47
time 79
note_on 68
velocity 68
time 227
note_off 66
time 39
note_off 68
time 316
note_on 69
velocity 70
time 7
note_on 52
velocity 40
time 41
note_on 56
velocity 39
time 1
note_on 62
velocity 42
time 6
note_off 62
time 205
note_off 56
time 58
note_off 52
time 19
note_on 71
velocity 78
time 76
note_off 69
time 93
note_on 73
velocity 78
time 346
note_off 71
time 62
note_on 33
velocity 42
time 13
note_on 45
velocity 37
time 2
note_off 33
time 13
note_off 45
time 61
note_on 61
velocity 49
time 500
note_on 52
velocity 44
time 19
note_off 61
time 138
note_off 52
time 122
note_on 43
velocity 72
time 705
note_on 31
velocity 59
time 15
note_off 73
time 2
note_off 31
time 139
note_off 43
time 104
note_on 73
velocity 85
time 105
note_on 64
velocity 47
time 480
note_on 59
velocity 43
time 1
note_on 52
velocity 44
time 9
note_off 64
time 302
note_off 59
time 122
note_off 52
time 14
note_on 71
velocity 69
time 236
note_off 73
time 222
note_off 71
time 126
note_on 30
velocity 52
time 15
note_on 42
velocity 47
time 14
note_on 70
velocity 63
time 1
note_off 70
time 80
note_on 71
velocity 69
time 16
note_off 71
time 50
note_on 73
velocity 69
time 10
note_on 71
velocity 71
time 3
note_off 73
time 13
note_off 30
time 0
note_off 42
time 70
note_on 70
velocity 71
time 602
note_on 64
velocity 37
time 61
note_on 61
velocity 34
time 5
note_on 54
velocity 27
time 16
note_off 71
time 7
note_off 64
time 71
note_off 61
time 63
note_off 54
time 69
note_on 40
velocity 66
time 589
note_on 28
velocity 66
time 5
note_off 28
time 0
note_off 40
time 28
note_on 71
velocity 69
time 118
note_off 70
time 50
note_on 73
velocity 80
time 347
note_on 61
velocity 51
time 18
note_on 68
velocity 34
time 22
note_on 56
velocity 38
time 6
note_off 71
time 31
note_off 68
time 101
note_off 56
time 85
note_off 61
time 2
note_on 74
velocity 81
time 115
note_off 73
time 52
note_off 74
time 121
note_on 75
velocity 89
time 218
note_on 27
velocity 53
time 49
note_on 39
velocity 45
time 15
note_off 27
time 16
note_off 39
time 28
note_on 67
velocity 53
time 549
note_on 61
velocity 49
time 2
note_on 58
velocity 56
time 7
note_off 67
time 46
note_off 61
time 76
note_off 58
time 29
note_on 73
velocity 76
time 346
note_off 75
time 63
note_on 44
velocity 50
time 93
note_on 51
velocity 54
time 87
note_on 59
velocity 61
time 91
note_on 70
velocity 83
time 6
note_off 73
time 19
note_off 59
time 2
note_off 51
time 14
note_off 44
time 19
note_on 71
velocity 78
time 93
note_off 70
time 48
note_on 41
velocity 53
time 194
note_on 49
velocity 47
time 104
note_on 61
velocity 84
time 9
note_off 71
time 5
note_on 59
velocity 45
time 19
note_off 59
time 14
note_off 41
time 32
note_off 61
time 44
note_off 49
time 36
note_on 80
velocity 84
time 675
note_off 80
time 111
note_on 80
velocity 83
time 108
note_on 30
velocity 54
time 2
note_on 42
velocity 47
time 9
note_off 30
time 10
note_off 80
time 49
note_off 42
time 61
note_on 66
velocity 63
time 843
note_on 64
velocity 19
time 80
note_on 54
velocity 22
time 26
note_off 64
time 66
note_off 54
time 41
note_on 42
velocity 41
time 846
note_off 42
time 44
note_on 71
velocity 49
time 27
note_on 75
velocity 48
time 253
note_off 71
time 20
note_on 58
velocity 17
time 45
note_on 54
velocity 21
time 3
note_on 64
velocity 19
time 15
note_off 58
time 48
note_off 54
time 3
note_off 64
time 3
note_off 66
time 16
note_on 73
velocity 54
time 54
note_off 75
time 71
note_on 70
velocity 60
time 22
note_off 73
time 18
note_on 47
velocity 46
time 33
note_off 47
time 1
note_on 64
velocity 34
time 682
note_on 61
velocity 28
time 11
note_on 54
velocity 13
time 40
note_off 61
time 72
note_off 54
time 6
note_off 64
time 31
note_on 71
velocity 42
time 1016
note_off 70
time 26
note_on 47
velocity 35
time 1
note_on 63
velocity 33
time 437
note_on 59
velocity 28
time 9
note_on 54
velocity 15
time 32
note_off 47
time 194
note_off 54
time 5
note_off 63
time 1
note_off 59
time 117
note_off 71
time 29
note_on 68
velocity 39
time 1092
note_on 50
velocity 14
time 0
note_on 62
velocity 30
time 421
note_on 54
velocity 27
time 7
note_on 59
velocity 16
time 7
note_off 50
time 154
note_off 62
time 23
note_off 59
time 5
note_off 54
time 24
note_on 69
velocity 44
time 214
note_off 68
time 42
note_off 69
time 376
note_on 71
velocity 34
time 26
note_on 44
velocity 41
time 13
note_off 71
time 19
note_on 71
velocity 3
time 0
note_off 44
time 16
note_on 73
velocity 55
time 0
note_off 71
time 52
note_on 76
velocity 55
time 299
note_off 73
time 46
note_on 59
velocity 26
time 7
note_on 66
velocity 39
time 5
note_on 54
velocity 37
time 13
note_off 54
time 74
note_off 66
time 5
note_off 59
time 78
note_on 74
velocity 51
time 141
note_off 76
time 18
note_on 65
velocity 50
time 5
note_on 37
velocity 46
time 9
note_off 74
time 7
note_on 49
velocity 26
time 1
note_off 37
time 3
note_off 49
time 22
note_on 59
velocity 34
time 522
note_on 56
velocity 24
time 9
note_on 49
velocity 28
time 9
note_off 56
time 87
note_off 49
time 2
note_off 59
time 42
note_on 66
velocity 43
time 864
note_on 30
velocity 34
time 9
note_on 42
velocity 30
time 6
note_off 65
time 13
note_off 30
time 0
note_off 42
time 11
note_on 57
velocity 35
time 601
note_on 49
velocity 19
time 9
note_on 54
velocity 15
time 27
note_off 66
time 70
note_off 54
time 19
note_off 57
time 29
note_off 49
time 76
note_on 70
velocity 65
time 3
note_on 40
velocity 41
time 7
note_on 52
velocity 39
time 0
note_off 40
time 13
note_off 52
time 79
note_on 61
velocity 46
time 463
note_on 56
velocity 36
time 2
note_off 61
time 230
note_off 56
time 144
note_on 71
velocity 69
time 135
note_off 70
time 42
note_on 73
velocity 77
time 429
note_off 71
time 58
note_on 34
velocity 42
time 24
note_on 46
velocity 41
time 13
note_off 34
time 7
note_off 46
time 75
note_on 75
velocity 76
time 32
note_off 73
time 88
note_on 78
velocity 76
time 304
note_on 56
velocity 41
time 28
note_on 61
velocity 41
time 2
note_off 75
time 46
note_off 61
time 55
note_off 56
time 70
note_on 76
velocity 75
time 148
note_off 78
time 66
note_on 67
velocity 70
time 398
note_on 39
velocity 34
time 6
note_on 51
velocity 37
time 10
note_off 76
time 11
note_off 39
time 3
note_off 51
time 39
note_on 61
velocity 43
time 450
note_on 58
velocity 36
time 10
note_off 58
time 157
note_off 61
time 6
note_off 67
time 5
note_on 68
velocity 59
time 11
note_on 38
velocity 33
time 3
note_on 50
velocity 28
time 0
note_off 38
time 5
note_on 69
velocity 56
time 100
note_off 68
time 131
note_on 73
velocity 53
time 140
note_on 59
velocity 38
time 6
note_on 54
velocity 30
time 3
note_off 69
time 32
note_off 59
time 75
note_off 54
time 63
note_off 50
time 10
note_on 71
velocity 50
time 134
note_off 73
time 16
note_on 65
velocity 58
time 377
note_on 37
velocity 50
time 29
note_on 49
velocity 34
time 26
note_off 71
time 19
note_off 37
time 36
note_on 56
velocity 39
time 6
note_on 59
velocity 46
time 2
note_off 59
time 1
note_off 56
time 18
note_off 49
time 92
note_off 65
time 15
note_on 66
velocity 68
time 337
note_on 36
velocity 46
time 48
note_on 48
velocity 42
time 10
note_off 36
time 15
note_on 67
velocity 71
time 66
note_off 66
time 50
note_on 71
velocity 74
time 372
note_on 52
velocity 42
time 35
note_on 57
velocity 45
time 13
note_off 57
time 69
note_off 67
time 13
note_off 48
time 36
note_off 52
time 22
note_on 69
velocity 75
time 173
note_off 71
time 58
note_off 69
time 177
note_on 69
velocity 75
time 145
note_on 35
velocity 52
time 32
note_on 47
velocity 57
time 7
note_off 35
time 6
note_on 67
velocity 77
time 484
note_off 69
time 20
note_on 54
velocity 48
time 27
note_on 57
velocity 45
time 2
note_off 57
time 140
note_off 54
time 24
note_on 66
velocity 79
time 93
note_on 64
velocity 72
time 187
note_off 66
time 13
note_off 67
time 26
note_on 63
velocity 80
time 88
note_off 64
time 0
note_off 63
time 62
note_on 63
velocity 78
time 82
note_on 60
velocity 50
time 36
note_on 57
velocity 49
time 7
note_off 60
time 169
note_on 59
velocity 73
time 479
note_on 55
velocity 53
time 9
note_off 57
time 52
note_off 55
time 195
note_on 54
velocity 55
time 6
note_on 57
velocity 77
time 16
note_off 59
time 6
note_off 54
time 14
note_off 47
time 37
note_off 57
time 50
note_off 63
time 74
note_on 35
velocity 84
time 240
note_on 64
velocity 79
time 0
note_off 64
time 42
note_off 35
time 19
note_on 79
velocity 85
time 200
note_on 47
velocity 56
time 730
note_on 55
velocity 53
time 7
note_off 47
time 55
note_off 55
time 14
note_off 79
time 135
note_on 76
velocity 67
time 15
note_on 72
velocity 69
time 135
note_off 76
time 32
note_off 72
time 50
note_on 67
velocity 67
time 39
note_off 67
time 66
note_on 64
velocity 68
time 76
note_on 60
velocity 65
time 115
note_off 64
time 9
note_off 60
time 130
note_on 55
velocity 68
time 58
note_on 64
velocity 78
time 6
note_on 58
velocity 69
time 1
note_on 57
velocity 65
time 223
note_off 55
time 1
note_off 57
time 48
note_on 55
velocity 60
time 46
note_off 55
time 58
note_on 57
velocity 67
time 13
note_off 57
time 54
note_on 55
velocity 58
time 15
note_off 55
time 57
note_on 57
velocity 68
time 9
note_off 57
time 74
note_on 55
velocity 54
time 3
note_off 55
time 48
note_on 57
velocity 61
time 3
note_off 57
time 75
note_on 55
velocity 64
time 19
note_on 57
velocity 61
time 41
note_off 55
time 5
note_off 57
time 92
note_on 55
velocity 66
time 5
note_off 64
time 46
note_off 55
time 40
note_on 54
velocity 79
time 10
note_off 58
time 15
note_on 52
velocity 82
time 132
note_off 54
time 13
note_off 52
time 104
note_on 67
velocity 64
time 381
note_off 67
time 359
note_on 58
velocity 47
time 722
note_off 58
time 240
note_on 59
velocity 50
time 2
note_on 35
velocity 31
time 76
note_off 35
time 7
note_on 63
velocity 37
time 227
note_on 54
velocity 16
time 23
note_off 59
time 72
note_on 61
velocity 46
time 102
note_on 57
velocity 32
time 69
note_off 63
time 65
note_off 54
time 67
note_on 63
velocity 49
time 15
note_off 61
time 2
note_off 63
time 286
note_on 64
velocity 52
time 9
note_on 49
velocity 36
time 7
note_on 47
velocity 31
time 248
note_off 57
time 0
note_off 49
time 200
note_on 66
velocity 49
time 238
note_off 64
time 87
note_on 68
velocity 49
time 552
note_off 47
time 3
note_on 40
velocity 42
time 6
note_off 66
time 14
note_off 40
time 5
note_on 61
velocity 29
time 682
note_on 56
velocity 27
time 20
note_on 52
velocity 23
time 26
note_off 52
time 283
note_off 56
time 70
note_off 61
time 41
note_on 69
velocity 43
time 117
note_off 68
time 44
note_off 69
time 187
note_on 71
velocity 37
time 470
note_on 47
velocity 38
time 11
note_on 59
velocity 29
time 0
note_on 56
velocity 32
time 0
note_off 71
time 5
note_on 76
velocity 35
time 7
note_off 47
time 3
note_off 56
time 13
note_off 76
time 19
note_on 78
velocity 54
time 7
note_off 59
time 28
note_off 78
time 59
note_on 80
velocity 65
time 1
note_off 80
time 27
note_on 83
velocity 58
time 76
note_off 83
time 23
note_on 88
velocity 70
time 44
note_off 88
time 50
note_on 90
velocity 58
time 44
note_off 90
time 50
note_on 92
velocity 65
time 6
note_on 90
velocity 68
time 87
note_off 92
time 37
note_on 59
velocity 26
time 55
note_on 68
velocity 35
time 7
note_on 88
velocity 67
time 5
note_on 64
velocity 23
time 18
note_off 90
time 14
note_off 88
time 3
note_on 83
velocity 63
time 63
note_off 83
time 39
note_on 80
velocity 68
time 75
note_off 68
time 27
note_on 78
velocity 62
time 95
note_off 64
time 13
note_off 80
time 44
note_on 76
velocity 50
time 52
note_off 78
time 3
note_off 76
time 26
note_off 59
time 59
note_on 71
velocity 51
time 19
note_off 71
time 42
note_on 73
velocity 49
time 95
note_off 73
time 106
note_on 68
velocity 50
time 19
note_off 68
time 135
note_on 73
velocity 63
time 5
note_off 73
time 216
note_on 71
velocity 60
time 9
note_on 35
velocity 30
time 3
note_off 35
time 0
note_on 54
velocity 32
time 506
note_on 63
velocity 27
time 7
note_off 63
time 367
note_on 66
velocity 52
time 497
note_on 57
velocity 21
time 69
note_on 63
velocity 23
time 9
note_off 71
time 100
note_off 63
time 29
note_off 57
time 14
note_off 54
time 41
note_on 35
velocity 36
time 3
note_on 67
velocity 42
time 445
note_off 66
time 63
note_on 64
velocity 41
time 740
note_on 36
velocity 33
time 55
note_off 67
time 13
note_off 35
time 18
note_off 36
time 7
note_on 57
velocity 32
time 553
note_on 52
velocity 35
time 14
note_off 52
time 88
note_off 57
time 89
note_on 65
velocity 44
time 242
note_off 64
time 18
note_on 67
velocity 50
time 16
note_off 65
time 2
note_on 43
velocity 30
time 11
note_on 55
velocity 24
time 9
note_off 43
time 0
note_on 71
velocity 55
time 15
note_off 55
time 7
note_off 67
time 14
note_on 72
velocity 56
time 9
note_off 71
time 9
note_on 55
velocity 32
time 3
note_on 64
velocity 38
time 10
note_off 64
time 72
note_off 55
time 14
note_on 69
velocity 56
time 78
note_off 72
time 35
note_on 67
velocity 57
time 14
note_off 69
time 18
note_on 31
velocity 33
time 0
note_on 43
velocity 24
time 11
note_off 31
time 1
note_off 43
time 11
note_on 43
velocity 37
time 361
note_on 53
velocity 29
time 16
note_off 43
time 270
note_off 53
time 52
note_on 62
velocity 47
time 503
note_on 59
velocity 30
time 41
note_on 53
velocity 24
time 26
note_off 59
time 216
note_off 67
time 3
note_off 53
time 102
note_on 43
velocity 37
time 15
note_on 64
velocity 49
time 1
note_off 62
time 6
note_on 61
velocity 64
time 398
note_on 31
velocity 37
time 106
note_off 64
time 0
note_off 31
time 2
note_off 43
time 37
note_on 58
velocity 39
time 540
note_on 52
velocity 42
time 7
note_off 58
time 196
note_off 52
time 33
note_on 30
velocity 47
time 6
note_on 42
velocity 45
time 1
note_on 63
velocity 52
time 6
note_off 42
time 6
note_off 61
time 46
note_on 64
velocity 65
time 441
note_off 63
time 19
note_on 28
velocity 47
time 18
note_on 40
velocity 37
time 9
note_off 30
time 6
note_on 65
velocity 75
time 6
note_off 28
time 45
note_off 40
time 27
note_off 64
time 11
note_on 66
velocity 74
time 329
note_off 65
time 0
note_on 27
velocity 43
time 3
note_on 39
velocity 40
time 14
note_off 27
time 1
note_off 39
time 147
note_off 66
time 276
note_on 59
velocity 74
time 205
note_on 57
velocity 42
time 78
note_on 47
velocity 37
time 3
note_off 57
time 93
note_off 47
time 110
note_on 68
velocity 78
time 704
note_on 28
velocity 50
time 72
note_on 40
velocity 37
time 9
note_off 59
time 1
note_off 28
time 13
note_off 40
time 67
note_on 62
velocity 63
time 632
note_on 52
velocity 56
time 11
note_on 56
velocity 55
time 6
note_off 52
time 61
note_off 62
time 35
note_off 56
time 128
note_on 45
velocity 70
time 867
note_on 33
velocity 60
time 9
note_off 33
time 2
note_on 61
velocity 70
time 11
note_off 68
time 16
note_off 45
time 23
note_on 68
velocity 80
time 248
note_off 61
time 27
note_off 68
time 63
note_on 66
velocity 82
time 141
note_on 73
velocity 86
time 191
note_off 66
time 59
note_on 80
velocity 79
time 154
note_off 73
time 24
note_on 61
velocity 44
time 5
note_on 54
velocity 35
time 26
note_on 64
velocity 33
time 2
note_off 80
time 41
note_on 78
velocity 74
time 139
note_on 85
velocity 72
time 187
note_off 78
time 49
note_off 64
time 84
note_on 92
velocity 73
time 67
note_off 85
time 2
note_off 61
time 110
note_off 92
time 31
note_on 90
velocity 69
time 1
note_off 54
time 65
note_on 85
velocity 70
time 40
note_off 90
time 22
note_off 85
time 41
note_on 80
velocity 60
time 50
note_off 80
time 24
note_on 78
velocity 60
time 11
note_off 78
time 11
note_on 73
velocity 61
time 2
note_off 73
time 48
note_on 69
velocity 58
time 16
note_off 69
time 26
note_on 68
velocity 64
time 24
note_on 66
velocity 69
time 187
note_off 68
time 18
note_on 47
velocity 46
time 7
note_on 35
velocity 42
time 1
note_off 66
time 16
note_on 68
velocity 49
time 14
note_off 68
time 7
note_on 66
velocity 50
time 9
note_off 66
time 7
note_on 68
velocity 52
time 18
note_off 68
time 69
note_on 66
velocity 61
time 23
note_off 66
time 3
note_on 68
velocity 55
time 10
note_off 68
time 3
note_on 66
velocity 55
time 0
note_off 66
time 19
note_on 68
velocity 52
time 11
note_off 68
time 28
note_on 66
velocity 57
time 15
note_off 66
time 9
note_on 68
velocity 54
time 9
note_off 68
time 14
note_on 66
velocity 53
time 16
note_off 66
time 31
note_on 68
velocity 48
time 0
note_off 68
time 84
note_on 66
velocity 51
time 9
note_off 66
time 190
note_on 65
velocity 54
time 3
note_off 65
time 394
note_on 66
velocity 53
time 11
note_off 35
time 18
note_off 47
time 28
note_on 68
velocity 47
time 386
note_on 63
velocity 31
time 52
note_on 57
velocity 37
time 1
note_off 66
time 40
note_off 57
time 31
note_off 63
time 921
note_off 68
time 61
note_on 59
velocity 48
time 747
note_on 64
velocity 47
time 321
note_off 59
time 23
note_on 56
velocity 23
time 14
note_on 40
velocity 37
time 2
note_off 40
time 7
note_on 49
velocity 35
time 390
note_off 49
time 268
note_on 46
velocity 47
time 1
note_on 49
velocity 48
time 221
note_off 46
time 10
note_off 49
time 166
note_on 47
velocity 47
time 16
note_off 47
time 10
note_on 52
velocity 45
time 37
note_off 56
time 53
note_off 64
time 59
note_off 52
time 57
note_on 51
velocity 49
time 15
note_off 51
time 158
note_on 54
velocity 46
time 29
note_off 54
time 148
note_on 52
velocity 52
time 28
note_off 52
time 187
note_on 56
velocity 47
time 7
note_on 55
velocity 51
time 80
note_off 56
time 26
note_off 55
time 18
note_on 64
velocity 60
time 9
note_on 57
velocity 52
time 7
note_off 57
time 15
note_on 56
velocity 46
time 145
note_off 56
time 14
note_on 54
velocity 43
time 18
note_on 52
velocity 49
time 151
note_on 66
velocity 58
time 2
note_off 54
time 15
note_off 64
time 11
note_off 52
time 9
note_on 68
velocity 58
time 13
note_off 66
time 2
note_on 64
velocity 39
time 11
note_on 56
velocity 35
time 5
note_on 51
velocity 32
time 3
note_off 51
time 5
note_on 37
velocity 46
time 1
note_on 44
velocity 39
time 71
note_off 37
time 11
note_off 44
time 88
note_on 49
velocity 34
time 80
note_off 49
time 57
note_on 48
velocity 49
time 114
note_off 48
time 187
note_on 51
velocity 48
time 26
note_off 56
time 42
note_on 49
velocity 53
time 98
note_off 51
time 29
note_off 64
time 6
note_off 49
time 75
note_on 52
velocity 53
time 59
note_off 52
time 151
note_on 51
velocity 47
time 26
note_off 51
time 160
note_on 54
velocity 51
time 13
note_off 54
time 161
note_on 52
velocity 48
time 13
note_on 64
velocity 64
time 15
note_off 52
time 6
note_on 57
velocity 42
time 1
note_on 61
velocity 43
time 14
note_off 68
time 6
note_off 57
time 16
note_on 56
velocity 40
time 15
note_off 56
time 11
note_on 66
velocity 69
time 15
note_on 54
velocity 39
time 11
note_off 64
time 5
note_off 54
time 160
note_on 68
velocity 75
time 16
note_on 52
velocity 41
time 40
note_off 66
time 28
note_off 68
time 105
note_on 68
velocity 72
time 264
note_on 64
velocity 50
time 2
note_on 58
velocity 41
time 15
note_on 42
velocity 40
time 10
note_off 61
time 2
note_off 52
time 10
note_on 48
velocity 40
time 15
note_on 49
velocity 47
time 18
note_off 48
time 7
note_off 42
time 13
note_off 49
time 32
note_on 52
velocity 52
time 44
note_off 64
time 84
note_off 52
time 58
note_on 51
velocity 46
time 7
note_off 51
time 15
note_on 54
velocity 40
time 28
note_on 52
velocity 43
time 1
note_off 54
time 13
note_on 66
velocity 56
time 6
note_on 56
velocity 37
time 7
note_off 52
time 2
note_on 63
velocity 28
time 1
note_off 68
time 7
note_on 49
velocity 38
time 6
note_off 63
time 0
note_on 51
velocity 38
time 96
note_off 49
time 16
note_on 64
velocity 52
time 10
note_off 51
time 6
note_off 66
time 5
note_on 61
velocity 39
time 7
note_on 54
velocity 35
time 2
note_off 56
time 9
note_on 52
velocity 40
time 2
note_off 54
time 10
note_off 61
time 3
note_off 64
time 13
note_on 56
velocity 34
time 24
note_off 52
time 115
note_off 56
time 101
note_on 54
velocity 26
time 3
note_off 54
time 9
note_on 52
velocity 38
time 5
note_on 57
velocity 32
time 0
note_on 73
velocity 69
time 2
note_off 58
time 0
note_on 66
velocity 25
time 52
note_on 51
velocity 37
time 6
note_off 52
time 7
note_off 51
time 16
note_on 49
velocity 36
time 1
note_off 49
time 153
note_on 52
velocity 44
time 71
note_on 71
velocity 55
time 177
note_off 52
time 6
note_on 51
velocity 45
time 23
note_off 73
time 16
note_off 51
time 92
note_on 49
velocity 38
time 84
note_off 71
time 6
note_on 71
velocity 7
time 42
note_off 49
time 2
note_on 47
velocity 46
time 61
note_off 66
time 31
note_off 57
time 37
note_off 47
time 13
note_on 51
velocity 40
time 32
note_on 64
velocity 64
time 13
note_on 49
velocity 41
time 5
note_off 51
time 3
note_off 49
time 11
note_on 47
velocity 44
time 13
note_off 64
time 39
note_on 46
velocity 49
time 13
note_off 47
time 19
note_off 46
time 119
note_on 49
velocity 25
time 58
note_off 49
time 16
note_on 66
velocity 55
time 0
note_on 63
velocity 47
time 1
note_on 47
velocity 32
time 18
note_on 42
velocity 32
time 2
note_off 47
time 15
note_off 71
time 23
note_on 68
velocity 53
time 91
note_on 37
velocity 40
time 7
note_off 42
time 15
note_off 37
time 23
note_on 69
velocity 61
time 0
note_on 35
velocity 34
time 7
note_off 69
time 18
note_off 63
time 44
note_off 68
time 32
note_off 66
time 11
note_on 69
velocity 41
time 14
note_on 28
velocity 41
time 14
note_on 61
velocity 39
time 1
note_on 64
velocity 32
time 2
note_off 35
time 2
note_off 28
time 11
note_off 61
time 11
note_on 59
velocity 39
time 0
note_on 68
velocity 48
time 2
note_off 69
time 6
note_off 59
time 5
note_on 59
velocity 3
time 0
note_on 47
velocity 33
time 13
note_on 51
velocity 36
time 3
note_off 64
time 14
note_on 49
velocity 44
time 10
note_off 59
time 15
note_off 51
time 31
note_off 68
time 66
note_off 49
time 29
note_off 47
time 3
note_on 52
velocity 47
time 42
note_off 52
time 175
note_on 51
velocity 47
time 16
note_off 51
time 174
note_on 54
velocity 52
time 2
note_off 54
time 14
note_on 52
velocity 55
time 3
note_on 64
velocity 67
time 10
note_on 56
velocity 29
time 37
note_on 54
velocity 38
time 149
note_off 56
time 15
note_off 54
time 69
note_on 68
velocity 57
time 1
note_on 76
velocity 81
time 93
note_off 52
time 18
note_on 57
velocity 45
time 16
note_off 57
time 15
note_on 56
velocity 46
time 14
note_off 56
time 26
note_on 54
velocity 52
time 16
note_off 76
time 9
note_off 54
time 154
note_on 76
velocity 85
time 22
note_on 52
velocity 57
time 39
note_off 52
time 44
note_off 64
time 152
note_off 68
time 80
note_on 51
velocity 39
time 70
note_off 76
time 3
note_on 64
velocity 60
time 91
note_on 68
velocity 52
time 54
note_on 76
velocity 77
time 13
note_off 64
time 36
note_off 76
time 40
note_on 37
velocity 45
time 36
note_off 68
time 15
note_off 51
time 182
note_on 44
velocity 41
time 36
note_off 37
time 195
note_off 44
time 28
note_on 51
velocity 41
time 20
note_on 78
velocity 73
time 36
note_on 76
velocity 73
time 231
note_on 49
velocity 48
time 26
note_off 78
time 23
note_off 51
time 19
note_off 49
time 87
note_on 73
velocity 69
time 15
note_on 52
velocity 54
time 28
note_off 76
time 7
note_off 73
time 3
note_off 52
time 10
note_on 68
velocity 72
time 3
note_off 68
time 7
note_on 51
velocity 43
time 3
note_on 54
velocity 42
time 0
note_off 51
time 7
note_on 68
velocity 59
time 2
note_on 61
velocity 46
time 13
note_off 61
time 3
note_on 61
velocity 13
time 0
note_on 52
velocity 43
time 13
note_off 54
time 7
note_off 52
time 9
note_on 66
velocity 71
time 16
note_on 57
velocity 47
time 0
note_off 68
time 19
note_on 64
velocity 71
time 24
note_off 61
time 1
note_off 57
time 10
note_on 56
velocity 47
time 19
note_off 66
time 0
note_on 63
velocity 68
time 19
note_off 64
time 3
note_on 61
velocity 48
time 2
note_on 55
velocity 43
time 1
note_off 56
time 15
note_off 55
time 62
note_on 64
velocity 62
time 13
note_on 56
velocity 45
time 14
note_off 56
time 57
note_on 66
velocity 62
time 1
note_on 52
velocity 52
time 10
note_off 64
time 5
note_off 61
time 1
note_off 63
time 10
note_on 67
velocity 57
time 0
note_off 52
time 5
note_on 64
velocity 28
time 5
note_on 49
velocity 40
time 1
note_on 57
velocity 33
time 10
note_off 66
time 0
note_off 64
time 9
note_off 57
time 11
note_off 67
time 40
note_off 49
time 14
note_on 67
velocity 55
time 7
note_on 44
velocity 45
time 18
note_off 67
time 111
note_on 68
velocity 55
time 32
note_on 63
velocity 39
time 23
note_on 60
velocity 38
time 6
note_off 44
time 9
note_on 51
velocity 45
time 7
note_off 60
time 3
note_off 63
time 15
note_off 68
time 3
note_off 51
time 3
note_on 56
velocity 48
time 9
note_off 56
time 104
note_on 60
velocity 46
time 53
note_off 60
time 164
note_on 55
velocity 47
time 24
note_on 61
velocity 49
time 2
note_on 64
velocity 53
time 41
note_off 61
time 16
note_off 55
time 18
note_on 69
velocity 63
time 13
note_on 76
velocity 68
time 54
note_on 73
velocity 50
time 29
note_off 76
time 14
note_off 73
time 16
note_off 64
time 55
note_on 72
velocity 55
time 14
note_on 75
velocity 63
time 10
note_on 44
velocity 47
time 11
note_off 69
time 0
note_on 51
velocity 58
time 3
note_off 44
time 3
note_on 56
velocity 59
time 76
note_on 68
velocity 51
time 7
note_off 51
time 6
note_off 72
time 19
note_on 63
velocity 12
time 16
note_off 68
time 13
note_off 75
time 19
note_off 63
time 27
note_off 56
time 5
note_on 60
velocity 58
time 23
note_off 60
time 174
note_on 55
velocity 62
time 1
note_on 61
velocity 69
time 0
note_on 64
velocity 73
time 5
note_off 61
time 83
note_off 55
time 7
note_on 69
velocity 79
time 36
note_on 76
velocity 78
time 140
note_on 73
velocity 47
time 40
note_off 76
time 29
note_off 73
time 2
note_off 64
time 76
note_on 72
velocity 67
time 72
note_on 75
velocity 81
time 1
note_on 32
velocity 65
time 19
note_off 69
time 13
note_on 44
velocity 64
time 1
note_off 32
time 6
note_off 72
time 29
note_off 44
time 3
note_on 51
velocity 67
time 136
note_on 63
velocity 81
time 169
note_on 60
velocity 59
time 35
note_off 51
time 46
note_off 60
time 2
note_off 63
time 63
note_on 66
velocity 80
time 45
note_off 75
time 45
note_off 66
time 11
note_on 69
velocity 81
time 109
note_on 72
velocity 83
time 231
note_off 69
time 44
note_off 72
time 147
note_on 81
velocity 88
time 533
note_off 81
time 135
note_on 81
velocity 84
time 135
note_on 75
velocity 76
time 342
note_off 81
time 70
note_on 78
velocity 78
time 118
note_off 75
time 62
note_off 78
time 72
note_on 69
velocity 65
time 45
note_off 69
time 123
note_on 75
velocity 71
time 46
note_on 66
velocity 69
time 157
note_off 75
time 49
note_on 69
velocity 69
time 98
note_off 66
time 55
note_off 69
time 24
note_on 61
velocity 62
time 87
note_off 61
time 33
note_on 64
velocity 62
time 188
note_on 57
velocity 47
time 9
note_on 54
velocity 37
time 2
note_on 63
velocity 65
time 19
note_off 64
time 7
note_on 61
velocity 65
time 147
note_off 61
time 50
note_off 63
time 3
note_on 60
velocity 63
time 178
note_off 54
time 3
note_on 39
velocity 47
time 11
note_off 57
time 15
note_on 57
velocity 43
time 82
note_on 54
velocity 36
time 2
note_on 37
velocity 56
time 18
note_on 61
velocity 62
time 7
note_off 60
time 70
note_on 63
velocity 66
time 63
note_off 63
time 49
note_off 61
time 20
note_off 57
time 18
note_off 54
time 2
note_off 37
time 71
note_on 36
velocity 52
time 28
note_on 63
velocity 59
time 6
note_off 39
time 1
note_on 54
velocity 52
time 0
note_on 44
velocity 42
time 3
note_off 44
time 33
note_on 55
velocity 65
time 26
note_off 36
time 27
note_off 63
time 1
note_on 56
velocity 68
time 130
note_on 44
velocity 54
time 18
note_off 44
time 74
note_off 55
time 66
note_on 32
velocity 71
time 3
note_on 58
velocity 75
time 10
note_off 56
time 16
note_off 58
time 14
note_on 44
velocity 62
time 0
note_on 60
velocity 71
time 7
note_off 32
time 9
note_off 44
time 31
note_off 60
time 36
note_off 54
time 49
note_on 45
velocity 62
time 33
note_on 61
velocity 60
time 1
note_off 45
time 125
note_on 63
velocity 73
time 5
note_on 44
velocity 50
time 20
note_off 61
time 1
note_off 63
time 118
note_off 44
time 22
note_on 64
velocity 63
time 13
note_on 37
velocity 64
time 2
note_on 61
velocity 61
time 10
note_on 44
velocity 48
time 0
note_on 52
velocity 38
time 10
note_off 64
time 1
note_off 52
time 32
note_off 37
time 41
note_off 44
time 3
note_on 48
velocity 60
time 40
note_on 63
velocity 74
time 16
note_off 48
time 54
note_off 61
time 16
note_off 63
time 71
note_on 64
velocity 74
time 6
note_on 49
velocity 55
time 1
note_on 56
velocity 42
time 50
note_off 64
time 52
note_off 56
time 3
note_off 49
time 9
note_on 42
velocity 71
time 11
note_on 66
velocity 71
time 24
note_on 68
velocity 77
time 29
note_on 49
velocity 61
time 27
note_off 66
time 0
note_off 42
time 108
note_off 49
time 0
note_off 68
time 29
note_on 56
velocity 61
time 2
note_on 64
velocity 66
time 0
note_on 61
velocity 54
time 13
note_off 56
time 42
note_on 66
velocity 76
time 85
note_off 61
time 11
note_off 64
time 26
note_off 66
time 118
note_on 68
velocity 82
time 46
note_on 37
velocity 61
time 16
note_off 37
time 15
note_on 56
velocity 56
time 14
note_on 64
velocity 51
time 2
note_on 61
velocity 46
time 7
note_off 56
time 32
note_off 61
time 0
note_off 64
time 48
note_on 54
velocity 57
time 106
note_off 54
time 130
note_on 64
velocity 62
time 2
note_on 52
velocity 72
time 13
note_on 61
velocity 35
time 16
note_on 56
velocity 21
time 2
note_off 68
time 0
note_off 64
time 5
note_off 61
time 39
note_off 56
time 16
note_on 71
velocity 81
time 144
note_off 52
time 0
note_on 51
velocity 55
time 7
note_off 51
time 2
note_on 66
velocity 48
time 6
note_on 49
velocity 48
time 6
note_on 57
velocity 31
time 16
note_on 59
velocity 32
time 0
note_off 49
time 32
note_off 66
time 27
note_on 47
velocity 52
time 37
note_off 57
time 20
note_off 59
time 5
note_off 47
time 144
note_on 42
velocity 60
time 6
note_on 66
velocity 63
time 13
note_off 71
time 31
note_off 66
time 67
note_off 42
time 138
note_on 35
velocity 62
time 14
note_on 68
velocity 71
time 14
note_off 35
time 6
note_on 57
velocity 42
time 106
note_on 52
velocity 41
time 3
note_on 59
velocity 33
time 1
note_on 51
velocity 58
time 145
note_on 66
velocity 69
time 3
note_off 52
time 9
note_off 51
time 32
note_off 68
time 16
note_off 57
time 15
note_off 59
time 7
note_on 64
velocity 65
time 84
note_on 56
velocity 63
time 2
note_off 66
time 10
note_off 56
time 23
note_on 63
velocity 69
time 156
note_off 64
time 7
note_on 56
velocity 40
time 18
note_off 56
time 19
note_on 56
velocity 21
time 0
note_on 57
velocity 40
time 102
note_on 64
velocity 57
time 5
note_on 54
velocity 50
time 3
note_off 56
time 18
note_off 57
time 65
note_off 54
time 50
note_on 66
velocity 62
time 0
note_off 64
time 20
note_on 52
velocity 44
time 18
note_off 63
time 13
note_off 66
time 0
note_on 66
velocity 64
time 11
note_on 51
velocity 42
time 7
note_off 52
time 1
note_on 59
velocity 46
time 5
note_on 57
velocity 48
time 5
note_off 57
time 93
note_on 52
velocity 52
time 13
note_on 61
velocity 62
time 1
note_off 51
time 39
note_off 59
time 2
note_off 52
time 23
note_off 61
time 49
note_on 54
velocity 49
time 39
note_on 59
velocity 68
time 2
note_on 57
velocity 49
time 20
note_off 54
time 10
note_off 66
time 92
note_off 57
time 1
note_on 54
velocity 55
time 16
note_on 61
velocity 70
time 7
note_on 57
velocity 7
time 7
note_off 59
time 11
note_off 57
time 18
note_on 63
velocity 75
time 15
note_on 59
velocity 27
time 2
note_on 47
velocity 61
time 1
note_on 57
velocity 32
time 1
note_off 61
time 96
note_off 57
time 28
note_off 54
time 16
note_on 57
velocity 28
time 9
note_on 64
velocity 80
time 5
note_on 49
velocity 63
time 11
note_off 47
time 3
note_off 63
time 6
note_off 59
time 37
note_off 57
time 11
note_off 64
time 5
note_off 49
time 71
note_on 47
velocity 67
time 14
note_on 66
velocity 79
time 5
note_off 47
time 27
note_off 66
time 50
note_on 68
velocity 80
time 93
note_on 40
velocity 63
time 5
note_on 62
velocity 71
time 15
note_on 56
velocity 59
time 2
note_on 47
velocity 59
time 24
note_off 56
time 54
note_off 40
time 1
note_off 47
time 23
note_off 68
time 2
note_on 52
velocity 62
time 63
note_on 67
velocity 77
time 0
note_off 52
time 52
note_off 62
time 15
note_off 67
time 24
note_on 40
velocity 60
time 58
note_on 68
velocity 82
time 3
note_on 56
velocity 61
time 15
note_on 62
velocity 13
time 27
note_off 56
time 13
note_off 68
time 18
note_off 40
time 26
note_off 62
time 0
note_on 39
velocity 72
time 15
note_on 70
velocity 84
time 6
note_off 39
time 10
note_on 71
velocity 84
time 79
note_off 70
time 23
note_on 56
velocity 69
time 13
note_off 56
time 98
note_on 63
velocity 26
time 35
note_on 68
velocity 85
time 7
note_on 61
velocity 76
time 5
note_off 71
time 2
note_on 53
velocity 61
time 1
note_off 63
time 27
note_off 61
time 46
note_off 53
time 7
note_on 55
velocity 49
time 46
note_on 70
velocity 85
time 15
note_off 55
time 16
note_off 68
time 54
note_off 70
time 37
note_on 71
velocity 89
time 92
note_on 44
velocity 68
time 1
note_off 44
time 13
note_on 59
velocity 60
time 2
note_on 63
velocity 60
time 5
note_on 68
velocity 64
time 0
note_off 63
time 83
note_off 68
time 57
note_off 59
time 22
note_on 58
velocity 76
time 27
note_on 56
velocity 66
time 160
note_off 58
time 3
note_on 68
velocity 71
time 0
note_off 71
time 14
note_on 63
velocity 35
time 15
note_off 63
time 39
note_off 68
time 11
note_off 56
time 106
note_on 75
velocity 85
time 40
note_on 55
velocity 50
time 2
note_off 55
time 19
note_on 61
velocity 60
time 3
note_on 70
velocity 62
time 7
note_on 52
velocity 61
time 3
note_on 67
velocity 38
time 18
note_off 52
time 15
note_off 61
time 3
note_off 67
time 74
note_off 70
time 6
note_on 51
velocity 61
time 76
note_off 51
time 52
note_on 39
velocity 57
time 115
note_on 70
velocity 71
time 26
note_off 75
time 16
note_on 61
velocity 50
time 3
note_on 67
velocity 43
time 3
note_off 67
time 37
note_off 61
time 2
note_off 70
time 28
note_on 44
velocity 56
time 135
note_on 71
velocity 72
time 5
note_off 39
time 6
note_on 63
velocity 51
time 3
note_on 59
velocity 32
time 5
note_on 51
velocity 47
time 1
note_off 51
time 80
note_on 70
velocity 74
time 0
note_off 59
time 45
note_off 63
time 3
note_on 68
velocity 73
time 119
note_on 51
velocity 55
time 16
note_on 63
velocity 58
time 2
note_on 59
velocity 51
time 2
note_off 71
time 9
note_off 70
time 9
note_off 51
time 23
note_off 59
time 18
note_off 44
time 35
note_on 39
velocity 64
time 57
note_on 70
velocity 77
time 14
note_off 63
time 28
note_off 68
time 7
note_on 63
velocity 62
time 2
note_on 51
velocity 64
time 2
note_on 61
velocity 57
time 2
note_off 51
time 37
note_off 61
time 48
note_off 39
time 19
note_on 71
velocity 78
time 32
note_off 63
time 23
note_off 70
time 26
note_on 63
velocity 65
time 121
note_on 67
velocity 59
time 1
note_on 61
velocity 52
time 9
note_off 61
time 41
note_off 63
time 3
note_off 67
time 20
note_on 51
velocity 3
time 31
note_off 51
time 37
note_on 44
velocity 68
time 33
note_on 68
velocity 77
time 3
note_off 71
time 11
note_on 51
velocity 69
time 74
note_on 63
velocity 52
time 20
note_on 59
velocity 30
time 11
note_off 63
time 20
note_off 44
time 13
note_off 59
time 14
note_on 54
velocity 70
time 79
note_off 51
time 20
note_on 52
velocity 74
time 13
note_off 54
time 22
note_on 51
velocity 68
time 135
note_on 63
velocity 56
time 0
note_off 52
time 7
note_on 59
velocity 20
time 19
note_off 63
time 13
note_off 68
time 29
note_off 59
time 11
note_off 51
time 95
note_on 50
velocity 65
time 5
note_on 70
velocity 81
time 3
note_off 50
time 177
note_on 67
velocity 60
time 23
note_on 61
velocity 61
time 5
note_on 51
velocity 56
time 2
note_on 63
velocity 48
time 15
note_off 61
time 24
note_off 63
time 0
note_off 51
time 7
note_on 39
velocity 62
time 16
note_on 63
velocity 63
time 177
note_on 51
velocity 54
time 6
note_on 61
velocity 53
time 7
note_off 70
time 14
note_off 63
time 18
note_off 61
time 7
note_off 51
time 5
note_off 67
time 23
note_on 71
velocity 70
time 2
note_on 44
velocity 55
time 2
note_off 39
time 44
note_on 63
velocity 61
time 1
note_on 51
velocity 51
time 1
note_on 59
velocity 47
time 0
note_off 51
time 1
note_on 70
velocity 75
time 92
note_off 59
time 36
note_off 63
time 42
note_on 68
velocity 77
time 97
note_on 51
velocity 44
time 6
note_on 59
velocity 47
time 13
note_on 63
velocity 51
time 7
note_off 70
time 11
note_off 51
time 5
note_off 71
time 2
note_off 59
time 29
note_off 63
time 65
note_off 44
time 45
note_on 70
velocity 78
time 1
note_on 39
velocity 54
time 3
note_off 68
time 15
note_on 73
velocity 80
time 7
note_on 51
velocity 49
time 13
note_on 63
velocity 54
time 2
note_on 61
velocity 42
time 18
note_off 51
time 26
note_off 73
time 2
note_off 61
time 14
note_off 70
time 16
note_off 63
time 20
note_on 71
velocity 76
time 45
note_off 39
time 125
note_on 67
velocity 67
time 44
note_on 51
velocity 55
time 3
note_on 61
velocity 62
time 1
note_on 63
velocity 57
time 15
note_off 61
time 22
note_off 63
time 10
note_off 51
time 3
note_off 67
time 16
note_on 68
velocity 73
time 5
note_on 44
velocity 52
time 7
note_off 71
time 13
note_on 63
velocity 64
time 3
note_on 51
velocity 45
time 19
note_on 59
velocity 41
time 3
note_off 63
time 35
note_off 51
time 3
note_off 59
time 16
note_on 71
velocity 74
time 115
note_off 44
time 2
note_on 39
velocity 53
time 6
note_off 68
time 9
note_on 67
velocity 70
time 5
note_on 61
velocity 67
time 1
note_on 51
velocity 49
time 10
note_on 63
velocity 65
time 1
note_off 51
time 63
note_off 67
time 7
note_off 39
time 35
note_off 63
time 2
note_on 68
velocity 81
time 7
note_off 61
time 2
note_on 44
velocity 51
time 1
note_off 71
time 7
note_on 63
velocity 71
time 14
note_on 59
velocity 58
time 5
note_on 51
velocity 47
time 1
note_off 51
time 63
note_off 59
time 0
note_off 44
time 11
note_on 71
velocity 68
time 0
note_on 39
velocity 51
time 6
note_off 63
time 10
note_off 68
time 2
note_on 67
velocity 65
time 9
note_on 63
velocity 57
time 7
note_on 51
velocity 49
time 0
note_on 61
velocity 56
time 2
note_off 61
time 6
note_off 67
time 2
note_off 51
time 2
note_on 68
velocity 68
time 18
note_on 44
velocity 41
time 0
note_off 39
time 1
note_off 63
time 1
note_off 71
time 5
note_on 51
velocity 41
time 15
note_on 63
velocity 50
time 2
note_on 59
velocity 35
time 6
note_off 51
time 2
note_off 59
time 10
note_off 63
time 2
note_on 69
velocity 58
time 3
note_off 68
time 7
note_on 37
velocity 44
time 1
note_off 44
time 2
note_on 59
velocity 46
time 11
note_on 65
velocity 50
time 0
note_on 49
velocity 36
time 14
note_on 61
velocity 36
time 0
note_off 65
time 15
note_off 59
time 57
note_off 49
time 28
note_off 61
time 11
note_on 66
velocity 62
time 6
note_on 42
velocity 45
time 13
note_off 69
time 18
note_off 37
time 16
note_on 49
velocity 46
time 2
note_on 61
velocity 56
time 3
note_on 57
velocity 40
time 9
note_off 49
time 7
note_off 57
time 42
note_off 61
time 28
note_off 42
time 5
note_on 37
velocity 52
time 7
note_on 69
velocity 63
time 5
note_off 66
time 10
note_on 65
velocity 60
time 5
note_on 49
velocity 49
time 9
note_on 59
velocity 53
time 2
note_on 61
velocity 48
time 3
note_off 59
time 53
note_off 61
time 11
note_off 65
time 2
note_off 49
time 9
note_on 66
velocity 59
time 20
note_on 42
velocity 40
time 14
note_off 69
time 57
note_off 37
time 0
note_on 61
velocity 52
time 9
note_on 49
velocity 42
time 7
note_on 57
velocity 35
time 7
note_off 49
time 37
note_off 61
time 15
note_off 57
time 9
note_off 42
time 1
note_on 69
velocity 63
time 3
note_on 37
velocity 44
time 0
note_off 66
time 18
note_on 65
velocity 54
time 9
note_on 59
velocity 53
time 1
note_on 49
velocity 46
time 2
note_on 61
velocity 32
time 6
note_off 59
time 13
note_off 65
time 3
note_off 49
time 2
note_off 61
time 16
note_on 66
velocity 56
time 6
note_on 42
velocity 32
time 5
note_off 69
time 0
note_off 37
time 3
note_on 49
velocity 40
time 11
note_on 61
velocity 50
time 2
note_on 57
velocity 33
time 15
note_off 49
time 18
note_off 57
time 27
note_off 42
time 5
note_on 67
velocity 56
time 10
note_off 61
time 2
note_on 35
velocity 39
time 7
note_off 66
time 15
note_on 63
velocity 48
time 9
note_on 47
velocity 40
time 1
note_on 57
velocity 34
time 0
note_off 57
time 131
note_off 35
time 6
note_off 63
time 97
note_off 47
time 14
note_on 64
velocity 39
time 0
note_on 60
velocity 32
time 0
note_on 34
velocity 37
time 10
note_off 67
time 1
note_on 55
velocity 26
time 1
note_off 34
time 0
note_on 46
velocity 39
time 5
note_off 46
time 14
note_off 55
time 18
note_off 60
time 6
note_off 64
time 9
note_on 52
velocity 41
time 36
note_off 52
time 82
note_on 55
velocity 39
time 111
note_off 55
time 147
note_on 54
velocity 48
time 14
note_off 54
time 131
note_on 57
velocity 52
time 57
note_on 60
velocity 60
time 164
note_off 57
time 119
note_on 66
velocity 63
time 40
note_off 60
time 24
note_off 66
time 84
note_on 67
velocity 63
time 7
note_on 64
velocity 55
time 3
note_on 34
velocity 48
time 1
note_on 46
velocity 56
time 11
note_off 34
time 7
note_off 46
time 27
note_on 52
velocity 59
time 15
note_on 60
velocity 35
time 3
note_off 67
time 11
note_off 64
time 7
note_off 60
time 5
note_off 52
time 54
note_on 55
velocity 55
time 42
note_on 54
velocity 66
time 169
note_off 55
time 6
note_on 57
velocity 68
time 165
note_off 54
time 26
note_on 60
velocity 77
time 141
note_off 57
time 48
note_on 66
velocity 78
time 96
note_on 63
velocity 67
time 9
note_off 60
time 63
note_off 63
time 40
note_off 66
time 7
note_on 67
velocity 79
time 55
note_on 34
velocity 71
time 0
note_on 64
velocity 70
time 6
note_off 34
time 7
note_on 46
velocity 65
time 20
note_off 46
time 49
note_on 52
velocity 63
time 153
note_off 64
time 15
note_off 67
time 26
note_on 55
velocity 75
time 122
note_on 60
velocity 84
time 186
note_off 60
time 76
note_off 52
time 33
note_off 55
time 14
note_on 64
velocity 86
time 35
note_on 67
velocity 87
time 182
note_off 64
time 42
note_on 76
velocity 88
time 134
note_off 67
time 19
note_on 75
velocity 77
time 346
note_on 35
velocity 84
time 6
note_off 76
time 29
note_on 74
velocity 81
time 6
note_off 75
time 15
note_on 73
velocity 90
time 128
note_off 74
time 29
note_on 72
velocity 86
time 135
note_on 36
velocity 67
time 5
note_off 35
time 9
note_off 73
time 55
note_on 71
velocity 86
time 114
note_on 37
velocity 72
time 27
note_off 36
time 19
note_off 72
time 121
note_off 37
time 16
note_on 70
velocity 90
time 1
note_on 67
velocity 79
time 6
note_on 38
velocity 67
time 9
note_on 61
velocity 79
time 0
note_off 71
time 31
note_off 38
time 55
note_off 67
time 37
note_off 70
time 37
note_on 39
velocity 45
time 16
note_off 61
time 0
note_on 69
velocity 90
time 52
note_off 39
time 7
note_on 40
velocity 65
time 13
note_off 40
time 58
note_on 39
velocity 66
time 35
note_off 39
time 59
note_on 40
velocity 74
time 24
note_off 40
time 62
note_on 39
velocity 60
time 44
note_on 68
velocity 93
time 50
note_on 60
velocity 73
time 10
note_on 66
velocity 85
time 1
note_off 69
time 18
note_off 39
time 10
note_on 40
velocity 72
time 16
note_off 60
time 26
note_off 66
time 26
note_off 68
time 10
note_off 40
time 10
note_on 39
velocity 54
time 41
note_off 39
time 95
note_on 40
velocity 64
time 28
note_off 40
time 108
note_on 40
velocity 45
time 20
note_on 67
velocity 85
time 39
note_on 48
velocity 41
time 100
note_on 60
velocity 55
time 7
note_on 55
velocity 28
time 5
note_off 67
time 14
note_on 66
velocity 81
time 104
note_off 48
time 2
note_off 55
time 70
note_off 60
time 18
note_off 40
time 37
note_on 48
velocity 48
time 54
note_on 64
velocity 74
time 1
note_off 66
time 27
note_off 48
time 22
note_on 55
velocity 14
time 5
note_off 55
time 50
note_on 63
velocity 76
time 104
note_on 43
velocity 49
time 24
note_off 64
time 6
note_on 60
velocity 56
time 1
note_on 48
velocity 40
time 6
note_on 57
velocity 45
time 2
note_on 42
velocity 52
time 82
note_on 64
velocity 62
time 2
note_off 48
time 20
note_off 64
time 71
note_off 63
time 14
note_off 43
time 15
note_off 42
time 36
note_on 66
velocity 70
time 0
note_off 60
time 2
note_on 40
velocity 54
time 22
note_off 66
time 15
note_off 57
time 28
note_on 66
velocity 70
time 121
note_on 39
velocity 52
time 22
note_off 40
time 6
note_on 57
velocity 60
time 11
note_on 47
velocity 54
time 6
note_off 57
time 82
note_off 39
time 20
note_on 57
velocity 16
time 7
note_on 60
velocity 65
time 13
note_on 40
velocity 58
time 6
note_off 57
time 33
note_off 40
time 42
note_off 47
time 39
note_on 59
velocity 65
time 27
note_off 60
time 18
note_on 42
velocity 65
time 2
note_on 57
velocity 40
time 13
note_off 42
time 29
note_off 66
time 18
note_off 57
time 23
note_off 59
time 40
note_on 61
velocity 78
time 36
note_on 42
velocity 66
time 1
note_on 57
velocity 41
time 18
note_on 47
velocity 63
time 14
note_on 59
velocity 16
time 5
note_on 63
velocity 77
time 1
note_off 42
time 28
note_off 61
time 66
note_on 64
velocity 82
time 48
note_off 59
time 11
note_on 36
velocity 63
time 7
note_off 63
time 9
note_off 64
time 48
note_off 57
time 1
note_off 36
time 35
note_on 66
velocity 85
time 45
note_on 57
velocity 17
time 3
note_on 63
velocity 40
time 35
note_off 47
time 22
note_off 57
time 0
note_off 63
time 6
note_off 66
time 16
note_on 67
velocity 83
time 83
note_on 40
velocity 73
time 9
note_off 40
time 9
note_on 64
velocity 77
time 89
note_on 59
velocity 76
time 3
note_on 55
velocity 49
time 11
note_off 67
time 36
note_off 55
time 41
note_on 66
velocity 84
time 65
note_on 54
velocity 55
time 9
note_off 64
time 71
note_off 54
time 33
note_on 52
velocity 64
time 26
note_on 67
velocity 84
time 7
note_off 66
time 13
note_off 52
time 28
note_off 67
time 36
note_off 59
time 5
note_on 69
velocity 88
time 13
note_on 45
velocity 82
time 3
note_off 45
time 46
note_on 71
velocity 79
time 44
note_on 64
velocity 67
time 13
note_on 60
velocity 54
time 65
note_off 69
time 2
note_off 60
time 48
note_off 64
time 55
note_on 67
velocity 82
time 3
note_off 71
time 15
note_on 59
velocity 43
time 48
note_off 59
time 39
note_on 69
velocity 82
time 52
note_off 67
time 46
note_off 69
time 174
note_on 71
velocity 83
time 0
note_on 40
velocity 70
time 14
note_off 40
time 36
note_on 67
velocity 68
time 9
note_on 59
velocity 53
time 13
note_on 64
velocity 56
time 1
note_off 59
time 50
note_off 64
time 66
note_off 67
time 33
note_on 57
velocity 70
time 29
note_off 57
time 182
note_on 55
velocity 59
time 3
note_on 67
velocity 58
time 2
note_off 71
time 5
note_on 64
velocity 37
time 14
note_off 67
time 19
note_off 64
time 31
note_on 54
velocity 57
time 191
note_off 55
time 3
note_on 74
velocity 82
time 2
note_on 52
velocity 58
time 33
note_off 54
time 19
note_on 60
velocity 41
time 9
note_on 69
velocity 27
time 0
note_on 62
velocity 34
time 3
note_off 52
time 10
note_off 69
time 55
note_off 60
time 52
note_on 50
velocity 52
time 40
note_off 62
time 10
note_off 50
time 83
note_on 45
velocity 52
time 92
note_on 69
velocity 62
time 5
note_off 74
time 31
note_off 45
time 152
note_on 38
velocity 56
time 76
note_on 71
velocity 76
time 2
note_off 69
time 0
note_off 38
time 18
note_on 60
velocity 48
time 145
note_on 62
velocity 35
time 2
note_on 55
velocity 28
time 19
note_on 69
velocity 71
time 149
note_on 54
velocity 48
time 6
note_off 55
time 26
note_off 71
time 20
note_off 54
time 65
note_off 62
time 19
note_off 60
time 15
note_on 59
velocity 52
time 27
note_on 67
velocity 75
time 1
note_off 59
time 44
note_off 69
time 0
note_on 66
velocity 76
time 147
note_on 59
velocity 43
time 40
note_off 67
time 3
note_on 60
velocity 54
time 62
note_on 62
velocity 47
time 6
note_on 57
velocity 52
time 16
note_on 67
velocity 70
time 7
note_off 59
time 24
note_off 66
time 136
note_on 69
velocity 74
time 1
note_on 55
velocity 51
time 29
note_off 67
time 20
note_off 57
time 5
note_off 62
time 5
note_off 69
time 14
note_off 60
time 10
note_on 69
velocity 72
time 109
note_on 54
velocity 52
time 9
note_off 55
time 7
note_on 62
velocity 65
time 6
note_on 60
velocity 55
time 5
note_on 55
velocity 57
time 128
note_on 64
velocity 71
time 6
note_off 62
time 11
note_off 60
time 69
note_on 62
velocity 76
time 71
note_off 55
time 5
note_on 57
velocity 59
time 3
note_on 60
velocity 55
time 31
note_off 57
time 11
note_off 64
time 9
note_off 54
time 18
note_off 69
time 59
note_on 57
velocity 63
time 40
note_on 64
velocity 72
time 11
note_on 66
velocity 80
time 27
note_on 50
velocity 68
time 1
note_off 57
time 29
note_off 64
time 102
note_off 50
time 22
note_on 52
velocity 68
time 9
note_on 67
velocity 81
time 3
note_off 66
time 3
note_off 62
time 69
note_off 67
time 22
note_off 52
time 29
note_on 50
velocity 63
time 33
note_on 69
velocity 79
time 5
note_off 60
time 27
note_off 50
time 18
note_off 69
time 36
note_on 71
velocity 81
time 2
note_on 43
velocity 87
time 7
note_off 43
time 0
note_on 62
velocity 72
time 58
note_on 59
velocity 58
time 45
note_off 71
time 83
note_off 59
time 28
note_on 70
velocity 82
time 15
note_off 62
time 5
note_on 62
velocity 16
time 0
note_on 57
velocity 69
time 13
note_off 62
time 49
note_off 57
time 54
note_on 71
velocity 85
time 37
note_on 55
velocity 72
time 11
note_off 70
time 37
note_off 55
time 19
note_off 71
time 0
note_on 73
velocity 89
time 3
note_on 54
velocity 66
time 7
note_on 70
velocity 33
time 42
note_off 70
time 23
note_on 53
velocity 76
time 80
note_on 74
velocity 85
time 9
note_on 64
velocity 78
time 16
note_off 54
time 14
note_off 53
time 1
note_off 73
time 67
note_on 54
velocity 79
time 72
note_on 71
velocity 86
time 6
note_off 74
time 0
note_off 54
time 69
note_on 42
velocity 58
time 95
note_on 73
velocity 87
time 13
note_off 71
time 67
note_off 42
time 58
note_off 64
time 23
note_off 73
time 0
note_on 74
velocity 91
time 16
note_on 35
velocity 103
time 1
note_off 35
time 16
note_on 62
velocity 69
time 183
note_on 66
velocity 64
time 7
note_on 71
velocity 58
time 9
note_off 62
time 55
note_on 61
velocity 57
time 66
note_off 71
time 9
note_off 66
time 7
note_off 61
time 109
note_on 59
velocity 52
time 65
note_on 71
velocity 64
time 16
note_on 62
velocity 64
time 1
note_on 66
velocity 68
time 0
note_off 62
time 24
note_off 74
time 7
note_on 70
velocity 37
time 2
note_off 66
time 2
note_off 71
time 27
note_off 70
time 13
note_off 59
time 145
note_on 58
velocity 62
time 20
note_on 78
velocity 93
time 10
note_on 70
velocity 63
time 135
note_on 64
velocity 51
time 3
note_on 55
velocity 55
time 11
note_off 58
time 3
note_off 55
time 13
note_on 54
velocity 62
time 108
note_off 70
time 11
note_off 64
time 19
note_off 54
time 58
note_on 70
velocity 64
time 87
note_on 73
velocity 66
time 3
note_on 64
velocity 61
time 3
note_on 42
velocity 63
time 1
note_off 78
time 1
note_off 70
time 44
note_off 64
time 1
note_off 73
time 24
note_on 74
velocity 78
time 130
note_off 42
time 5
note_on 47
velocity 49
time 7
note_on 66
velocity 58
time 18
note_on 54
velocity 54
time 10
note_on 62
velocity 49
time 0
note_off 54
time 22
note_on 73
velocity 75
time 41
note_off 66
time 71
note_off 62
time 18
note_on 71
velocity 71
time 85
note_on 54
velocity 46
time 9
note_on 66
velocity 60
time 6
note_off 74
time 10
note_on 62
velocity 42
time 22
note_off 73
time 1
note_off 54
time 11
note_off 62
time 49
note_off 66
time 32
note_off 47
time 36
note_on 42
velocity 55
time 16
note_on 73
velocity 72
time 5
note_off 71
time 11
note_on 54
velocity 53
time 2
note_on 62
velocity 40
time 7
note_on 66
velocity 45
time 0
note_off 62
time 13
note_off 66
time 16
note_off 73
time 36
note_on 74
velocity 75
time 31
note_off 54
time 13
note_off 42
time 28
note_on 70
velocity 69
time 141
note_on 66
velocity 54
time 19
note_on 54
velocity 40
time 6
note_on 64
velocity 36
time 6
note_off 66
time 37
note_off 54
time 13
note_off 70
time 0
note_off 64
time 10
note_on 71
velocity 60
time 0
note_on 47
velocity 55
time 10
note_off 74
time 31
note_on 66
velocity 58
time 15
note_on 62
velocity 55
time 2
note_on 54
velocity 57
time 16
note_off 66
time 5
note_off 62
time 1
note_on 57
velocity 70
time 3
note_off 54
time 32
note_off 57
time 19
note_on 55
velocity 59
time 9
note_off 47
time 19
note_on 66
velocity 61
time 118
note_off 55
time 26
note_off 66
time 10
note_on 54
velocity 54
time 3
note_off 71
time 9
note_on 73
velocity 75
time 149
note_off 54
time 7
note_on 53
velocity 54
time 20
note_off 53
time 143
note_on 54
velocity 59
time 49
note_on 70
velocity 57
time 0
note_on 66
velocity 46
time 15
note_on 64
velocity 43
time 3
note_off 54
time 10
note_off 66
time 3
note_on 42
velocity 54
time 3
note_off 64
time 7
note_on 54
velocity 41
time 87
note_on 66
velocity 56
time 14
note_on 64
velocity 43
time 11
note_off 73
time 10
note_off 66
time 13
note_off 64
time 13
note_off 70
time 2
note_off 54
time 14
note_off 42
time 1
note_on 74
velocity 66
time 5
note_on 47
velocity 45
time 7
note_on 66
velocity 53
time 0
note_on 62
velocity 41
time 16
note_on 54
velocity 43
time 1
note_off 54
time 18
note_on 73
velocity 73
time 85
note_off 66
time 72
note_off 62
time 7
note_off 74
time 88
note_on 71
velocity 66
time 7
note_on 54
velocity 40
time 15
note_on 66
velocity 54
time 2
note_off 73
time 3
note_off 54
time 50
note_on 62
velocity 3
time 10
note_off 47
time 39
note_off 62
time 18
note_on 42
velocity 46
time 2
note_on 73
velocity 73
time 2
note_off 66
time 31
note_off 71
time 5
note_on 76
velocity 78
time 6
note_on 54
velocity 47
time 5
note_on 66
velocity 53
time 13
note_on 64
velocity 29
time 31
note_off 54
time 3
note_off 66
time 18
note_off 76
time 1
note_off 64
time 24
note_off 73
time 2
note_on 74
velocity 82
time 69
note_off 42
time 87
note_on 70
velocity 74
time 75
note_on 54
velocity 49
time 11
note_on 66
velocity 57
time 11
note_on 64
velocity 33
time 16
note_off 66
time 20
note_off 54
time 2
note_off 70
time 15
note_off 64
time 10
note_on 71
velocity 69
time 15
note_on 47
velocity 48
time 16
note_off 74
time 9
note_on 66
velocity 63
time 18
note_on 62
velocity 44
time 14
note_on 54
velocity 33
time 16
note_off 66
time 3
note_off 62
time 14
note_off 54
time 2
note_on 74
velocity 70
time 3
note_off 71
time 11
note_on 42
velocity 40
time 1
note_off 47
time 5
note_on 70
velocity 68
time 9
note_on 54
velocity 42
time 2
note_on 66
velocity 56
time 3
note_on 64
velocity 49
time 1
note_off 64
time 5
note_off 66
time 18
note_off 70
time 11
note_off 54
time 10
note_on 71
velocity 69
time 13
note_on 47
velocity 39
time 2
note_off 74
time 35
note_off 42
time 13
note_on 66
velocity 65
time 5
note_on 54
velocity 37
time 13
note_on 62
velocity 44
time 0
note_off 66
time 15
note_off 54
time 2
note_off 62
time 0
note_on 74
velocity 71
time 3
note_off 71
time 2
note_on 42
velocity 45
time 6
note_off 47
time 9
note_on 70
velocity 67
time 6
note_on 66
velocity 57
time 11
note_on 54
velocity 45
time 6
note_on 64
velocity 34
time 15
note_off 66
time 27
note_off 64
time 16
note_off 54
time 2
note_off 70
time 1
note_off 42
time 16
note_on 47
velocity 46
time 11
note_on 71
velocity 63
time 0
note_off 74
time 15
note_on 62
velocity 56
time 6
note_on 54
velocity 33
time 15
note_off 62
time 29
note_off 54
time 16
note_off 47
time 66
note_on 72
velocity 63
time 13
note_on 40
velocity 45
time 15
note_off 71
time 2
note_on 68
velocity 58
time 7
note_on 52
velocity 53
time 5
note_on 62
velocity 35
time 16
note_off 52
time 16
note_off 62
time 35
note_off 68
time 42
note_on 69
velocity 59
time 11
note_on 45
velocity 49
time 5
note_off 72
time 24
note_off 40
time 9
note_on 60
velocity 49
time 0
note_on 52
velocity 41
time 10
note_off 60
time 7
note_off 52
time 7
note_off 45
time 0
note_on 72
velocity 63
time 9
note_on 40
velocity 44
time 5
note_off 69
time 11
note_on 68
velocity 57
time 18
note_on 52
velocity 46
time 5
note_on 62
velocity 38
time 6
note_off 52
time 6
note_off 62
time 6
note_on 69
velocity 58
time 14
note_on 45
velocity 42
time 2
note_off 68
time 11
note_off 72
time 1
note_off 40
time 39
note_on 52
velocity 44
time 7
note_on 60
velocity 46
time 7
note_off 45
time 0
note_off 60
time 16
note_off 52
time 5
note_on 72
velocity 58
time 0
note_on 40
velocity 44
time 6
note_off 69
time 18
note_on 68
velocity 51
time 9
note_on 52
velocity 35
time 1
note_on 62
velocity 37
time 11
note_off 62
time 3
note_off 52
time 1
note_off 68
time 6
note_on 69
velocity 53
time 6
note_on 45
velocity 34
time 11
note_off 72
time 15
note_on 60
velocity 47
time 16
note_off 40
time 0
note_on 52
velocity 36
time 7
note_off 60
time 93
note_off 45
time 33
note_off 52
time 3
note_on 72
velocity 55
time 10
note_on 40
velocity 36
time 7
note_off 69
time 19
note_on 68
velocity 44
time 3
note_on 52
velocity 42
time 11
note_on 62
velocity 31
time 5
note_off 62
time 18
note_off 40
time 18
note_on 69
velocity 43
time 16
note_on 39
velocity 27
time 6
note_off 52
time 9
note_off 68
time 15
note_on 60
velocity 3
time 28
note_off 72
time 22
note_on 48
velocity 36
time 9
note_off 39
time 15
note_off 69
time 1
note_off 48
time 3
note_on 53
velocity 41
time 16
note_off 53
time 180
note_on 57
velocity 37
time 35
note_off 60
time 27
note_off 57
time 67
note_on 56
velocity 44
time 44
note_on 59
velocity 38
time 18
note_off 56
time 79
note_off 59
time 67
note_on 62
velocity 49
time 50
note_on 65
velocity 56
time 13
note_off 62
time 162
note_on 71
velocity 51
time 31
note_off 65
time 2
note_off 71
time 0
note_on 72
velocity 52
time 15
note_on 69
velocity 45
time 7
note_on 39
velocity 36
time 7
note_on 48
velocity 44
time 10
note_off 39
time 18
note_off 48
time 7
note_on 53
velocity 52
time 15
note_on 65
velocity 36
time 13
note_on 60
velocity 36
time 10
note_off 69
time 100
note_off 53
time 59
note_on 57
velocity 49
time 10
note_off 60
time 72
note_off 57
time 113
note_on 59
velocity 51
time 22
note_on 56
velocity 55
time 5
note_off 59
time 33
note_off 56
time 6
note_off 65
time 140
note_on 62
velocity 47
time 7
note_on 65
velocity 57
time 252
note_off 72
time 36
note_off 62
time 23
note_on 71
velocity 54
time 16
note_off 65
time 18
note_on 69
velocity 48
time 7
note_on 72
velocity 54
time 0
note_off 71
time 9
note_on 39
velocity 43
time 3
note_on 48
velocity 40
time 6
note_off 39
time 15
note_off 48
time 0
note_on 53
velocity 44
time 18
note_on 57
velocity 48
time 218
note_off 53
time 65
note_off 57
time 122
note_on 60
velocity 52
time 44
note_off 60
time 154
note_off 72
time 91
note_on 65
velocity 39
time 22
note_off 65
time 40
note_off 69
time 18
note_on 69
velocity 46
time 227
note_off 69
time 49
note_on 81
velocity 64
time 296
note_on 77
velocity 54
time 402
note_off 81
time 53
note_on 72
velocity 52
time 287
note_on 69
velocity 50
time 338
note_off 77
time 173
note_off 69
time 19
note_off 72
time 104
note_on 65
velocity 40
time 100
note_off 65
time 361
note_on 60
velocity 44
time 40
note_on 53
velocity 46
time 462
note_off 60
time 101
note_off 53
time 260
note_on 48
velocity 49
time 226
note_on 36
velocity 42
time 915
note_off 48
time 2
note_on 68
velocity 51
time 1319
note_on 35
velocity 25
time 109
note_off 36
time 83
note_off 35
time 6
note_on 61
velocity 32
time 838
note_on 52
velocity 29
time 22
note_on 56
velocity 21
time 2
note_off 52
time 330
note_off 56
time 114
note_off 61
time 40
note_on 69
velocity 48
time 143
note_off 68
time 72
note_on 71
velocity 57
time 436
note_on 59
velocity 29
time 53
note_on 47
velocity 37
time 6
note_on 56
velocity 29
time 2
note_off 69
time 5
note_off 47
time 11
note_off 56
time 52
note_on 75
velocity 66
time 20
note_off 59
time 35
note_off 71
time 91
note_on 76
velocity 71
time 302
note_off 75
time 33
note_on 59
velocity 36
time 22
note_on 68
velocity 39
time 5
note_on 64
velocity 30
time 26
note_off 68
time 109
note_off 64
time 23
note_off 59
time 54
note_on 73
velocity 70
time 100
note_off 76
time 16
note_on 71
velocity 68
time 15
note_off 73
time 18
note_on 35
velocity 37
time 1
note_off 35
time 16
note_on 63
velocity 40
time 9
note_on 54
velocity 33
time 7
note_on 59
velocity 23
time 1
note_off 54
time 166
note_off 59
time 3
note_off 63
time 92
note_on 66
velocity 53
time 14
note_on 59
velocity 36
time 44
note_on 54
velocity 40
time 9
note_on 51
velocity 34
time 10
note_off 71
time 0
note_off 54
time 33
note_off 51
time 74
note_off 59
time 488
note_on 62
velocity 36
time 7
note_on 54
velocity 29
time 5
note_on 50
velocity 27
time 3
note_off 62
time 2
note_off 54
time 87
note_off 50
time 14
note_on 33
velocity 33
time 0
note_on 45
velocity 29
time 7
note_off 33
time 9
note_off 45
time 22
note_on 59
velocity 25
time 721
note_on 54
velocity 22
time 18
note_on 50
velocity 14
time 26
note_off 50
time 115
note_off 54
time 6
note_off 59
time 33
note_on 67
velocity 40
time 242
note_off 66
time 13
note_on 69
velocity 39
time 7
note_off 67
time 18
note_on 45
velocity 30
time 2
note_on 57
velocity 25
time 3
note_on 54
velocity 25
time 9
note_off 45
time 16
note_off 54
time 0
note_on 73
velocity 52
time 5
note_off 57
time 23
note_off 69
time 40
note_off 73
time 289
note_on 74
velocity 54
time 7
note_on 57
velocity 26
time 59
note_on 62
velocity 34
time 2
note_on 66
velocity 30
time 7
note_off 66
time 93
note_off 62
time 16
note_off 57
time 54
note_on 71
velocity 59
time 141
note_off 74
time 78
note_on 69
velocity 55
time 15
note_off 71
time 7
note_on 33
velocity 37
time 15
note_off 33
time 15
note_on 61
velocity 37
time 436
note_on 52
velocity 30
time 2
note_on 57
velocity 22
time 0
note_off 52
time 334
note_off 57
time 28
note_on 64
velocity 45
time 7
note_on 52
velocity 38
time 11
note_on 57
velocity 26
time 1
note_on 49
velocity 32
time 10
note_off 61
time 16
note_off 69
time 40
note_off 52
time 13
note_off 49
time 57
note_on 60
velocity 29
time 7
note_on 52
velocity 35
time 6
note_on 48
velocity 34
time 0
note_off 57
time 6
note_off 60
time 14
note_off 52
time 19
note_on 66
velocity 52
time 22
note_off 48
time 19
note_off 64
time 139
note_on 63
velocity 55
time 16
note_on 33
velocity 31
time 2
note_on 45
velocity 8
time 22
note_off 66
time 5
note_off 33
time 9
note_off 45
time 5
note_on 51
velocity 34
time 602
note_on 54
velocity 28
time 3
note_on 60
velocity 21
time 13
note_off 60
time 164
note_off 54
time 27
note_off 51
time 14
note_on 32
velocity 36
time 953
note_on 44
velocity 28
time 6
note_off 44
time 0
note_on 65
velocity 37
time 132
note_off 63
time 69
note_on 66
velocity 49
time 7
note_on 30
velocity 35
time 0
note_off 32
time 9
note_off 65
time 3
note_on 67
velocity 48
time 13
note_off 30
time 37
note_off 66
time 2
note_on 68
velocity 52
time 7
note_off 67
time 9
note_on 29
velocity 28
time 16
note_on 41
velocity 19
time 22
note_off 29
time 6
note_off 41
time 26
note_on 61
velocity 49
time 587
note_on 49
velocity 26
time 82
note_on 56
velocity 23
time 11
note_on 59
velocity 26
time 0
note_off 59
time 174
note_off 68
time 5
note_off 56
time 19
note_off 49
time 52
note_on 69
velocity 48
time 791
note_off 61
time 15
note_on 30
velocity 35
time 1
note_on 42
velocity 13
time 14
note_off 30
time 0
note_off 69
time 27
note_off 42
time 15
note_on 57
velocity 29
time 562
note_on 49
velocity 25
time 18
note_on 54
velocity 19
time 2
note_off 57
time 156
note_off 54
time 15
note_off 49
time 70
note_on 71
velocity 66
time 636
note_on 32
velocity 36
time 69
note_on 44
velocity 33
time 23
note_off 32
time 2
note_off 44
time 2
note_on 64
velocity 61
time 454
note_on 52
velocity 39
time 57
note_on 62
velocity 34
time 3
note_on 59
velocity 15
time 14
note_off 71
time 67
note_off 62
time 69
note_off 59
time 27
note_off 52
time 18
note_on 73
velocity 73
time 641
note_on 33
velocity 40
time 95
note_on 45
velocity 38
time 14
note_off 64
time 11
note_off 33
time 18
note_off 45
time 79
note_on 61
velocity 51
time 557
note_on 57
velocity 41
time 7
note_on 52
velocity 41
time 9
note_off 61
time 121
note_off 57
time 41
note_off 52
time 95
note_off 73
time 462
note_on 48
velocity 51
time 313
note_on 36
velocity 47
time 9
note_on 75
velocity 79
time 3
note_off 36
time 18
note_off 48
time 1
note_off 75
time 303
note_on 55
velocity 49
time 118
note_on 56
velocity 65
time 209
note_off 55
time 6
note_on 60
velocity 69
time 152
note_off 56
time 2
note_off 60
time 70
note_on 63
velocity 68
time 54
note_off 63
time 39
note_on 68
velocity 75
time 55
note_off 68
time 29
note_on 68
velocity 85
time 71
note_off 68
time 65
note_on 80
velocity 86
time 115
note_on 63
velocity 59
time 31
note_on 66
velocity 62
time 3
note_on 56
velocity 54
time 9
note_off 66
time 32
note_off 63
time 2
note_off 56
time 7
note_on 78
velocity 79
time 1093
note_off 80
time 55
note_off 78
time 98
note_on 78
velocity 82
time 113
note_on 37
velocity 46
time 42
note_on 49
velocity 44
time 13
note_off 37
time 18
note_off 49
time 110
note_on 76
velocity 73
time 610
note_off 78
time 61
note_on 52
velocity 41
time 2
note_on 56
velocity 33
time 0
note_on 64
velocity 29
time 5
note_on 61
velocity 32
time 1
note_off 61
time 139
note_off 64
time 1
note_off 52
time 35
note_off 56
time 57
note_on 75
velocity 75
time 666
note_off 75
time 173
note_on 75
velocity 71
time 222
note_on 33
velocity 39
time 88
note_on 45
velocity 36
time 11
note_off 76
time 0
note_off 33
time 18
note_off 45
time 69
note_on 61
velocity 32
time 802
note_on 64
velocity 28
time 16
note_on 54
velocity 21
time 9
note_on 73
velocity 54
time 634
note_on 72
velocity 50
time 11
note_off 73
time 2
note_off 75
time 9
note_on 73
velocity 58
time 18
note_off 72
time 1
note_off 54
time 13
note_off 64
time 3
note_off 61
time 7
note_on 75
velocity 49
time 6
note_off 73
time 5
note_on 76
velocity 44
time 16
note_off 75
time 0
note_off 76
time 213
note_on 76
velocity 45
time 1
note_on 37
velocity 38
time 13
note_on 49
velocity 3
time 32
note_off 37
time 5
note_off 76
time 6
note_off 49
time 9
note_on 69
velocity 52
time 729
note_on 57
velocity 28
time 55
note_on 64
velocity 29
time 9
note_on 52
velocity 32
time 3
note_off 64
time 162
note_off 52
time 118
note_off 57
time 11
note_on 47
velocity 49
time 725
note_on 35
velocity 42
time 6
note_off 35
time 15
note_off 47
time 13
note_on 68
velocity 63
time 3
note_off 69
time 109
note_on 71
velocity 63
time 497
note_off 68
time 58
note_on 52
velocity 38
time 36
note_on 59
velocity 25
time 10
note_on 64
velocity 21
time 5
note_off 64
time 226
note_on 69
velocity 65
time 130
note_off 59
time 28
note_off 71
time 80
note_off 52
time 10
note_on 68
velocity 73
time 218
note_off 69
time 41
note_off 68
time 195
note_on 68
velocity 76
time 229
note_on 34
velocity 38
time 87
note_on 46
velocity 45
time 1
note_off 34
time 3
note_off 46
time 114
note_on 61
velocity 68
time 93
note_off 68
time 122
note_off 61
time 140
note_on 68
velocity 67
time 311
note_on 64
velocity 32
time 119
note_on 61
velocity 34
time 2
note_on 54
velocity 33
time 6
note_off 68
time 79
note_on 66
velocity 72
time 154
note_on 73
velocity 79
time 236
note_off 66
time 144
note_on 80
velocity 77
time 98
note_off 73
time 26
note_off 80
time 98
note_on 78
velocity 75
time 152
note_on 85
velocity 70
time 300
note_off 78
time 114
note_off 64
time 55
note_off 61
time 184
note_on 92
velocity 63
time 35
note_off 85
time 26
note_off 54
time 82
note_on 90
velocity 61
time 257
note_off 92
time 5
note_off 90
time 18
note_on 85
velocity 52
time 10
note_off 85
time 429
note_on 80
velocity 55
time 52
note_on 30
velocity 30
time 15
note_on 42
velocity 26
time 3
note_on 78
velocity 55
time 15
note_off 30
time 16
note_off 80
time 26
note_off 42
time 72
note_on 76
velocity 52
time 242
note_on 73
velocity 45
time 433
note_on 64
velocity 32
time 62
note_on 54
velocity 34
time 9
note_on 58
velocity 28
time 0
note_off 78
time 316
note_off 64
time 13
note_off 76
time 26
note_on 68
velocity 49
time 18
note_off 73
time 9
note_off 58
time 28
note_off 54
time 6
note_on 66
velocity 52
time 411
note_off 68
time 15
note_off 66
time 200
note_on 68
velocity 40
time 209
note_off 68
time 53
note_on 66
velocity 51
time 9
note_off 66
time 57
note_on 68
velocity 42
time 67
note_off 68
time 54
note_on 66
velocity 41
time 22
note_off 66
time 44
note_on 35
velocity 36
time 39
note_on 68
velocity 50
time 5
note_on 47
velocity 40
time 15
note_off 68
time 2
note_on 66
velocity 40
time 13
note_off 66
time 11
note_on 68
velocity 52
time 1
note_off 68
time 15
note_on 66
velocity 51
time 13
note_off 66
time 19
note_on 68
velocity 50
time 7
note_off 68
time 11
note_on 66
velocity 47
time 18
note_off 66
time 39
note_on 68
velocity 54
time 44
note_off 68
time 54
note_on 66
velocity 51
time 19
note_off 66
time 59
note_on 68
velocity 51
time 36
note_off 68
time 54
note_on 66
velocity 51
time 36
note_off 66
time 44
note_on 68
velocity 54
time 41
note_off 68
time 37
note_on 66
velocity 42
time 66
note_on 68
velocity 60
time 46
note_off 66
time 1
note_off 68
time 74
note_on 66
velocity 36
time 22
note_on 68
velocity 47
time 50
note_off 66
time 16
note_off 68
time 11
note_on 66
velocity 35
time 2
note_on 65
velocity 47
time 178
note_off 66
time 16
note_off 65
time 389
note_on 66
velocity 48
time 18
note_off 35
time 10
note_off 47
time 67
note_on 68
velocity 40
time 429
note_on 57
velocity 33
time 16
note_on 63
velocity 33
time 26
note_off 66
time 48
note_off 57
time 50
note_off 68
time 1074
note_off 63
time 1
note_on 59
velocity 43
time 884
note_on 64
velocity 42
time 11
note_on 56
velocity 30
time 0
note_off 59
time 7
note_on 40
velocity 35
time 9
note_off 40
time 16
note_on 49
velocity 37
time 5
note_on 46
velocity 41
time 5
note_off 49
time 2
note_off 46
time 89
note_on 49
velocity 38
time 20
note_off 49
time 186
note_on 47
velocity 38
time 15
note_on 51
velocity 44
time 54
note_off 47
time 57
note_off 51
time 106
note_on 49
velocity 40
time 32
note_off 56
time 83
note_off 49
time 27
note_off 64
time 27
note_on 52
velocity 44
time 40
note_off 52
time 145
note_on 51
velocity 48
time 28
note_off 51
time 183
note_on 54
velocity 37
time 16
note_on 52
velocity 51
time 160
note_off 54
time 35
note_off 52
time 10
note_on 64
velocity 57
time 0
note_on 57
velocity 42
time 7
note_off 57
time 7
note_on 56
velocity 41
time 0
note_on 54
velocity 41
time 37
note_off 56
time 14
note_off 64
time 227
note_off 54
time 16
note_on 52
velocity 43
time 6
note_on 66
velocity 53
time 1
note_off 52
time 50
note_off 66
time 3
note_on 68
velocity 51
time 7
note_on 64
velocity 39
time 10
note_on 51
velocity 28
time 7
note_on 56
velocity 33
time 3
note_off 51
time 5
note_on 37
velocity 40
time 19
note_off 56
time 208
note_on 44
velocity 37
time 9
note_off 37
time 13
note_off 44
time 114
note_on 49
velocity 38
time 66
note_off 64
time 29
note_off 49
time 19
note_on 48
velocity 51
time 123
note_off 48
time 213
note_on 51
velocity 39
time 5
note_on 49
velocity 41
time 179
note_off 51
time 1
note_off 49
time 110
note_on 52
velocity 50
time 54
note_off 52
time 154
note_on 51
velocity 49
time 24
note_off 51
time 145
note_on 54
velocity 50
time 16
note_off 54
time 152
note_on 52
velocity 45
time 29
note_on 61
velocity 67
time 13
note_off 52
time 6
note_on 64
velocity 51
time 6
note_on 57
velocity 41
time 1
note_off 68
time 15
note_off 57
time 18
note_on 56
velocity 39
time 15
note_on 66
velocity 44
time 6
note_off 64
time 5
note_off 56
time 5
note_on 54
velocity 34
time 5
note_off 54
time 205
note_on 52
velocity 36
time 69
note_on 59
velocity 59
time 240
note_off 66
time 41
note_off 61
time 9
note_on 68
velocity 18
time 49
note_off 68
time 63
note_off 52
time 13
note_on 42
velocity 37
time 5
note_off 59
time 15
note_on 58
velocity 54
time 1
note_on 68
velocity 43
time 11
note_on 64
velocity 41
time 7
note_on 48
velocity 37
time 24
note_off 48
time 183
note_on 49
velocity 34
time 7
note_off 42
time 95
note_off 49
time 66
note_on 52
velocity 49
time 18
note_off 64
time 32
note_off 52
time 136
note_on 51
velocity 47
time 18
note_off 51
time 154
note_on 54
velocity 45
time 36
note_off 54
time 10
note_on 52
velocity 43
time 6
note_on 66
velocity 49
time 1
note_off 52
time 18
note_off 68
time 0
note_on 63
velocity 30
time 2
note_on 56
velocity 36
time 13
note_on 49
velocity 36
time 14
note_on 51
velocity 40
time 85
note_off 49
time 20
note_off 56
time 39
note_off 51
time 135
note_off 63
time 3
note_on 54
velocity 41
time 19
note_on 52
velocity 46
time 28
note_off 54
time 10
note_on 64
velocity 51
time 14
note_off 52
time 7
note_off 66
time 1
note_on 56
velocity 33
time 32
note_on 61
velocity 31
time 10
note_on 54
velocity 35
time 2
note_off 61
time 10
note_off 64
time 7
note_off 56
time 54
note_off 54
time 5
note_on 57
velocity 26
time 9
note_on 52
velocity 37
time 6
note_on 73
velocity 65
time 11
note_off 58
time 11
note_on 66
velocity 25
time 44
note_off 52
time 15
note_on 51
velocity 35
time 6
note_off 51
time 45
note_on 49
velocity 37
time 23
note_off 49
time 171
note_on 52
velocity 40
time 55
note_off 52
time 9
note_on 51
velocity 44
time 2
note_on 71
velocity 48
time 13
note_off 73
time 9
note_off 51
time 18
note_on 49
velocity 36
time 0
note_off 49
time 52
note_on 47
velocity 49
time 48
note_off 66
time 108
note_off 47
time 37
note_on 51
velocity 46
time 24
note_off 51
time 18
note_off 57
time 10
note_on 64
velocity 61
time 1
note_on 49
velocity 40
time 15
note_off 49
time 14
note_on 47
velocity 51
time 7
note_off 64
time 48
note_off 47
time 22
note_on 46
velocity 45
time 29
note_on 49
velocity 40
time 45
note_off 46
time 3
note_off 49
time 9
note_on 66
velocity 59
time 9
note_on 47
velocity 41
time 3
note_on 63
velocity 37
time 14
note_on 42
velocity 31
time 15
note_off 47
time 14
note_off 71
time 29
note_on 37
velocity 34
time 148
note_off 42
time 0
note_on 68
velocity 52
time 0
note_on 35
velocity 30
time 252
note_off 37
time 1
note_off 66
time 32
note_off 68
time 37
note_on 71
velocity 40
time 19
note_off 63
time 37
note_off 71
time 16
note_on 69
velocity 57
time 7
note_off 69
time 165
note_off 35
time 10
note_on 69
velocity 44
time 0
note_on 64
velocity 34
time 3
note_on 28
velocity 38
time 11
note_on 61
velocity 33
time 2
note_off 61
time 7
note_off 28
time 9
note_on 68
velocity 44
time 19
note_on 59
velocity 29
time 3
note_off 69
time 62
note_on 47
velocity 34
time 2
note_on 51
velocity 37
time 93
note_on 49
velocity 41
time 10
note_off 51
time 3
note_off 49
time 23
note_off 47
time 11
note_on 52
velocity 49
time 35
note_off 59
time 108
note_off 52
time 48
note_on 51
velocity 53
time 14
note_off 51
time 15
note_on 54
velocity 50
time 10
note_off 54
time 10
note_on 61
velocity 57
time 3
note_on 52
velocity 50
time 5
note_off 64
time 5
note_off 61
time 11
note_on 64
velocity 69
time 0
note_on 56
velocity 41
time 13
note_off 64
time 10
note_on 54
velocity 48
time 9
note_on 63
velocity 75
time 0
note_off 56
time 19
note_on 66
velocity 76
time 162
note_off 52
time 11
note_off 54
time 2
note_on 57
velocity 43
time 10
note_off 63
time 44
note_off 68
time 23
note_off 66
time 37
note_on 64
velocity 77
time 31
note_off 57
time 27
note_on 56
velocity 48
time 18
note_off 56
time 16
note_on 76
velocity 77
time 11
note_on 54
velocity 45
time 1
note_on 68
velocity 50
time 7
note_on 52
velocity 46
time 6
note_off 54
time 11
note_off 76
time 10
note_off 52
time 13
note_on 76
velocity 76
time 23
note_off 64
time 138
note_on 51
velocity 36
time 92
note_off 68
time 0
note_off 76
time 44
note_on 64
velocity 48
time 36
note_on 68
velocity 56
time 24
note_on 76
velocity 72
time 13
note_on 37
velocity 37
time 18
note_off 51
time 9
note_off 64
time 11
note_off 76
time 16
note_off 68
time 1
note_on 44
velocity 43
time 7
note_off 37
time 80
note_off 44
time 41
note_on 51
velocity 23
time 85
note_on 78
velocity 64
time 157
note_on 49
velocity 35
time 7
note_on 76
velocity 67
time 3
note_off 51
time 5
note_off 78
time 141
note_off 49
time 23
note_on 52
velocity 43
time 9
note_on 73
velocity 65
time 6
note_off 73
time 28
note_off 76
time 1
note_on 68
velocity 67
time 9
note_on 51
velocity 38
time 28
note_off 52
time 0
note_off 68
time 7
note_on 54
velocity 38
time 16
note_off 51
time 5
note_on 60
velocity 63
time 127
note_on 68
velocity 18
time 16
note_on 52
velocity 37
time 57
note_off 54
time 1
note_on 61
velocity 67
time 10
note_on 64
velocity 69
time 10
note_off 61
time 1
note_on 56
velocity 34
time 6
note_off 60
time 22
note_off 64
time 28
note_on 63
velocity 68
time 3
note_on 54
velocity 38
time 16
note_off 56
time 7
note_off 52
time 0
note_on 61
velocity 68
time 0
note_on 57
velocity 41
time 5
note_off 54
time 6
note_off 63
time 5
note_off 68
time 1
note_on 66
velocity 6
time 14
note_off 57
time 11
note_on 64
velocity 45
time 2
note_off 66
time 3
note_on 56
velocity 35
time 3
note_on 54
velocity 40
time 1
note_off 56
time 3
note_on 66
velocity 43
time 2
note_off 64
time 18
note_off 54
time 45
note_on 52
velocity 43
time 44
note_on 68
velocity 46
time 58
note_off 61
time 22
note_off 66
time 0
note_on 59
velocity 61
time 28
note_off 59
time 0
note_off 68
time 0
note_off 52
time 32
note_on 42
velocity 34
time 16
note_on 59
velocity 53
time 7
note_on 64
velocity 43
time 15
note_on 68
velocity 39
time 13
note_off 68
time 39
note_on 68
velocity 3
time 0
note_on 58
velocity 47
time 49
note_off 59
time 37
note_on 48
velocity 42
time 13
note_on 49
velocity 40
time 3
note_off 48
time 9
note_off 64
time 79
note_off 42
time 22
note_off 68
time 13
note_off 49
time 29
note_on 52
velocity 46
time 20
note_on 51
velocity 40
time 214
note_off 52
time 22
note_off 51
time 35
note_on 70
velocity 57
time 11
note_on 54
velocity 31
time 44
note_on 68
velocity 55
time 36
note_off 54
time 16
note_off 70
time 2
note_on 52
velocity 37
time 7
note_on 66
velocity 52
time 15
note_off 68
time 7
note_on 56
velocity 35
time 14
note_off 52
time 2
note_on 63
velocity 27
time 0
note_on 49
velocity 28
time 13
note_off 49
time 22
note_on 51
velocity 36
time 2
note_off 63
time 122
note_off 51
time 140
note_on 54
velocity 37
time 23
note_off 56
time 53
note_on 52
velocity 42
time 0
note_off 54
time 0
note_on 64
velocity 44
time 10
note_off 52
time 1
note_on 56
velocity 28
time 15
note_on 61
velocity 35
time 1
note_off 66
time 1
note_off 61
time 0
note_on 54
velocity 35
time 10
note_off 56
time 7
note_off 58
time 74
note_on 66
velocity 52
time 18
note_on 57
velocity 24
time 11
note_on 60
velocity 35
time 3
note_on 52
velocity 28
time 2
note_off 54
time 9
note_off 64
time 1
note_on 51
velocity 31
time 5
note_off 52
time 11
note_off 51
time 50
note_on 50
velocity 43
time 5
note_off 60
time 61
note_off 66
time 190
note_off 50
time 32
note_on 51
velocity 49
time 20
note_off 57
time 23
note_on 68
velocity 69
time 316
note_off 51
time 49
note_on 50
velocity 46
time 11
note_on 59
velocity 37
time 2
note_on 65
velocity 36
time 5
note_off 59
time 16
note_on 59
velocity 3
time 0
note_on 49
velocity 46
time 19
note_off 50
time 9
note_off 49
time 130
note_on 48
velocity 52
time 11
note_off 65
time 46
note_off 68
time 6
note_off 48
time 15
note_on 49
velocity 54
time 3
note_off 59
time 3
note_on 69
velocity 68
time 273
note_off 49
time 13
note_on 48
velocity 48
time 10
note_on 57
velocity 43
time 15
note_on 64
velocity 43
time 5
note_on 41
velocity 41
time 6
note_on 65
velocity 67
time 0
note_off 48
time 13
note_off 64
time 9
note_off 41
time 52
note_on 60
velocity 76
time 31
note_on 45
velocity 44
time 6
note_off 65
time 79
note_on 64
velocity 66
time 351
note_on 36
velocity 41
time 44
note_off 60
time 7
note_off 57
time 59
note_off 45
time 11
note_off 36
time 463
note_on 35
velocity 39
time 7
note_on 63
velocity 65
time 14
note_off 64
time 0
note_on 57
velocity 42
time 6
note_off 69
time 16
note_off 57
time 85
note_on 47
velocity 43
time 111
note_off 35
time 157
note_on 73
velocity 68
time 27
note_off 63
time 16
note_off 47
time 91
note_off 73
time 22
note_on 54
velocity 43
time 483
note_off 54
time 111
note_on 63
velocity 65
time 544
note_on 57
velocity 43
time 61
note_off 57
time 683
note_off 63
time 89
note_on 28
velocity 61
time 395
note_on 56
velocity 55
time 6
note_on 63
velocity 76
time 526
note_on 40
velocity 42
time 2
note_off 28
time 19
note_off 40
time 7
note_on 47
velocity 36
time 1
note_off 56
time 361
note_off 47
time 37
note_on 52
velocity 40
time 26
note_off 63
time 154
note_off 52
time 220
note_on 56
velocity 28
time 48
note_off 56
time 382
note_on 59
velocity 39
time 92
note_on 64
velocity 33
time 800
note_on 66
velocity 45
time 592
note_on 69
velocity 48
time 322
note_off 66
time 19
note_off 64
time 100
note_off 59
time 121
note_on 68
velocity 43
time 39
note_off 69
time 67
note_off 68
time 26
note_on 73
velocity 34
time 217
note_on 71
velocity 30
time 298
note_off 73
time 46
note_off 71
time 220
note_on 76
velocity 45
time 97
note_on 78
velocity 46
time 424
note_on 80
velocity 48
time 455
note_on 83
velocity 43
time 580
note_on 92
velocity 47
time 1562
note_off 92
time 243
note_off 78
time 1622
note_off 76
time 160
note_off 83
time 326
note_off 80
time 102
note_on 71
velocity 47
time 2
note_off 71
time 10
note_on 71
velocity 53
time 1148
note_off 71
time 118
note_on 71
velocity 48
time 1622
note_on 47
velocity 32
time 1092
note_on 54
velocity 18
time 312
note_on 63
velocity 35
time 470
note_on 59
velocity 28
time 9
note_off 59
time 550
note_off 63
time 85
note_off 54
time 170
note_on 69
velocity 48
time 290
note_on 68
velocity 57
time 462
note_off 69
time 48
note_off 68
time 135
note_on 68
velocity 56
time 345
note_on 64
velocity 32
time 29
note_on 59
velocity 33
time 22
note_off 47
time 13
note_on 52
velocity 37
time 6
note_off 71
time 16
note_off 64
time 342
note_off 68
time 333
note_on 68
velocity 63
time 680
note_on 61
velocity 34
time 100
note_on 45
velocity 34
time 3
note_off 59
time 0
note_off 68
time 24
note_on 68
velocity 33
time 544
note_off 52
time 127
note_off 61
time 350
note_on 40
velocity 36
time 930
note_off 45
time 91
note_on 52
velocity 40
time 115
note_on 56
velocity 41
time 3
note_off 68
time 3
note_on 61
velocity 45
time 2
note_on 68
velocity 46
time 7
note_on 59
velocity 24
time 19
note_off 61
time 9
note_off 68
time 3
note_on 68
velocity 39
time 54
note_on 66
velocity 40
time 1
note_off 68
time 14
note_off 66
time 20
note_on 64
velocity 29
time 14
note_off 64
time 2
note_on 64
velocity 28
time 6
note_off 56
time 234
note_off 52
time 464
note_off 40
time 674
note_off 59
time 37
note_off 64
time 3
