note_on 43
velocity 59
time 959
note_off 43
time 272
note_on 47
velocity 59
time 7
note_off 47
time 40
note_on 50
velocity 56
time 9
note_off 50
time 0
note_on 67
velocity 68
time 5
note_on 55
velocity 41
time 10
note_off 67
time 9
note_off 55
time 7
note_on 66
velocity 64
time 62
note_off 66
time 7
note_on 64
velocity 65
time 16
note_on 59
velocity 50
time 2
note_off 59
time 31
note_off 64
time 1
note_on 62
velocity 72
time 84
note_off 62
time 35
note_on 71
velocity 70
time 2
note_on 55
velocity 41
time 6
note_off 71
time 14
note_off 55
time 15
note_on 69
velocity 67
time 95
note_off 69
time 20
note_on 50
velocity 24
time 6
note_off 50
time 10
note_on 54
velocity 48
time 10
note_off 54
time 15
note_on 57
velocity 52
time 80
note_off 57
time 2
note_on 62
velocity 56
time 41
note_on 67
velocity 78
time 3
note_off 62
time 24
note_off 67
time 3
note_on 66
velocity 76
time 85
note_off 66
time 35
note_on 54
velocity 43
time 89
note_on 64
velocity 64
time 10
note_off 54
time 23
note_off 64
time 13
note_on 62
velocity 70
time 67
note_off 62
time 32
note_on 72
velocity 77
time 95
note_off 72
time 26
note_on 71
velocity 65
time 278
note_on 55
velocity 42
time 13
note_off 71
time 9
note_off 55
time 213
note_on 50
velocity 56
time 19
note_off 50
time 31
note_on 47
velocity 58
time 217
note_off 47
time 32
note_on 43
velocity 53
time 220
note_on 74
velocity 66
time 5
note_off 74
time 27
note_on 71
velocity 64
time 108
note_off 71
time 23
note_off 43
time 44
note_on 69
velocity 65
time 52
note_on 47
velocity 48
time 5
note_off 69
time 24
note_on 67
velocity 66
time 76
note_off 67
time 31
note_off 47
time 69
note_on 48
velocity 43
time 24
note_on 76
velocity 79
time 2
note_off 76
time 37
note_on 72
velocity 66
time 91
note_off 72
time 22
note_off 48
time 74
note_on 47
velocity 61
time 14
note_on 74
velocity 71
time 10
note_off 47
time 29
note_off 74
time 0
note_on 71
velocity 67
time 9
note_off 71
time 22
note_on 52
velocity 53
time 80
note_on 69
velocity 59
time 29
note_off 52
time 1
note_off 69
time 24
note_on 67
velocity 58
time 79
note_off 67
time 39
note_on 54
velocity 63
time 85
note_on 72
velocity 63
time 15
note_off 72
time 20
note_off 54
time 1
note_on 69
velocity 62
time 95
note_off 69
time 26
note_on 72
velocity 64
time 109
note_on 55
velocity 50
time 2
note_off 72
time 19
note_on 71
velocity 66
time 100
note_off 71
time 36
note_on 69
velocity 68
time 91
note_off 55
time 3
note_on 62
velocity 50
time 0
note_off 69
time 28
note_off 62
time 6
note_on 67
velocity 61
time 88
note_off 67
time 31
note_on 69
velocity 64
time 104
note_on 50
velocity 38
time 3
note_off 69
time 23
note_off 50
time 11
note_on 66
velocity 50
time 98
note_off 66
time 35
note_on 55
velocity 50
time 84
note_on 67
velocity 26
time 24
note_off 67
time 1
note_on 62
velocity 60
time 106
note_off 55
time 27
note_off 62
time 14
note_on 64
velocity 62
time 85
note_off 64
time 37
note_on 66
velocity 61
time 88
note_off 66
time 28
note_on 67
velocity 64
time 89
note_off 67
time 28
note_on 69
velocity 66
time 83
note_off 69
time 32
note_on 71
velocity 69
time 106
note_on 50
velocity 56
time 7
note_off 71
time 27
note_off 50
time 7
note_on 74
velocity 67
time 89
note_on 47
velocity 48
time 14
note_off 74
time 18
note_off 47
time 18
note_on 72
velocity 67
time 75
note_on 45
velocity 56
time 5
note_off 72
time 27
note_off 45
time 9
note_on 43
velocity 60
time 57
note_on 71
velocity 63
time 19
note_off 43
time 13
note_off 71
time 24
note_on 72
velocity 67
time 100
note_on 52
velocity 55
time 9
note_off 72
time 26
note_off 52
time 7
note_on 69
velocity 61
time 78
note_off 69
time 32
note_on 71
velocity 55
time 113
note_on 50
velocity 50
time 5
note_off 71
time 27
note_on 67
velocity 61
time 76
note_off 67
time 42
note_on 69
velocity 58
time 96
note_off 69
time 26
note_off 50
time 18
note_on 71
velocity 70
time 79
note_off 71
time 31
note_on 72
velocity 65
time 100
note_off 72
time 31
note_on 74
velocity 71
time 83
note_off 74
time 36
note_on 48
velocity 65
time 96
note_on 76
velocity 78
time 6
note_off 48
time 33
note_off 76
time 27
note_on 79
velocity 73
time 65
note_on 47
velocity 57
time 5
note_off 47
time 32
note_off 79
time 7
note_on 78
velocity 74
time 74
note_on 45
velocity 49
time 26
note_off 78
time 22
note_off 45
time 35
note_on 43
velocity 59
time 18
note_on 76
velocity 63
time 27
note_off 43
time 11
note_off 76
time 23
note_on 74
velocity 72
time 82
note_on 55
velocity 64
time 22
note_off 55
time 27
note_off 74
time 0
note_on 73
velocity 68
time 88
note_off 73
time 32
note_on 54
velocity 52
time 93
note_on 81
velocity 74
time 5
note_off 81
time 53
note_on 74
velocity 67
time 66
note_off 74
time 44
note_on 76
velocity 76
time 74
note_off 54
time 23
note_off 76
time 14
note_on 78
velocity 68
time 101
note_off 78
time 31
note_on 79
velocity 71
time 76
note_off 79
time 31
note_on 81
velocity 70
time 75
note_off 81
time 33
note_on 55
velocity 58
time 105
note_on 83
velocity 71
time 0
note_off 55
time 39
note_on 54
velocity 59
time 100
note_on 81
velocity 67
time 0
note_off 83
time 32
note_off 54
time 5
note_off 81
time 6
note_on 79
velocity 67
time 84
note_on 52
velocity 68
time 7
note_off 79
time 32
note_off 52
time 1
note_on 78
velocity 70
time 74
note_on 50
velocity 66
time 16
note_off 78
time 27
note_off 50
time 10
note_on 79
velocity 69
time 83
note_on 59
velocity 55
time 5
note_off 59
time 32
note_off 79
time 2
note_on 55
velocity 61
time 83
note_on 76
velocity 70
time 0
note_off 55
time 27
note_off 76
time 2
note_on 57
velocity 67
time 97
note_on 78
velocity 69
time 2
note_off 57
time 33
note_on 54
velocity 73
time 83
note_on 81
velocity 66
time 13
note_off 78
time 3
note_off 54
time 20
note_off 81
time 24
note_on 79
velocity 74
time 70
note_on 52
velocity 77
time 9
note_off 52
time 46
note_off 79
time 1
note_on 50
velocity 72
time 91
note_on 78
velocity 60
time 5
note_off 50
time 28
note_off 78
time 18
note_on 55
velocity 70
time 78
note_on 76
velocity 59
time 0
note_off 55
time 24
note_off 76
time 7
note_on 52
velocity 67
time 79
note_on 74
velocity 65
time 9
note_off 52
time 16
note_off 74
time 28
note_on 55
velocity 62
time 88
note_on 73
velocity 70
time 0
note_off 73
time 67
note_off 55
time 32
note_on 54
velocity 66
time 13
note_on 74
velocity 65
time 15
note_off 74
time 45
note_off 54
time 1
note_on 76
velocity 77
time 62
note_on 52
velocity 68
time 19
note_off 76
time 26
note_off 52
time 11
note_on 78
velocity 76
time 74
note_on 50
velocity 65
time 9
note_off 50
time 42
note_off 78
time 0
note_on 79
velocity 65
time 72
note_on 52
velocity 65
time 39
note_off 52
time 27
note_on 49
velocity 58
time 104
note_off 49
time 41
note_on 50
velocity 70
time 101
note_off 50
time 31
note_on 76
velocity 52
time 128
note_off 79
time 5
note_off 76
time 106
note_on 62
velocity 58
time 14
note_on 78
velocity 60
time 11
note_off 62
time 20
note_off 78
time 44
note_on 74
velocity 45
time 62
note_off 74
time 96
note_on 57
velocity 59
time 39
note_on 73
velocity 58
time 13
note_off 57
time 13
note_off 73
time 42
note_on 74
velocity 63
time 72
note_off 74
time 41
note_on 67
velocity 64
time 88
note_on 59
velocity 56
time 7
note_off 67
time 18
note_off 59
time 70
note_on 60
velocity 54
time 37
note_off 60
time 83
note_on 62
velocity 56
time 44
note_on 77
velocity 82
time 5
note_off 62
time 122
note_on 59
velocity 46
time 16
note_off 59
time 108
note_on 55
velocity 49
time 29
note_off 55
time 49
note_on 59
velocity 52
time 85
note_off 59
time 57
note_on 48
velocity 68
time 74
note_off 48
time 39
note_off 77
time 67
note_on 74
velocity 68
time 44
note_off 74
time 46
note_on 76
velocity 75
time 78
note_on 60
velocity 55
time 6
note_off 60
time 29
note_off 76
time 0
note_on 72
velocity 67
time 95
note_off 72
time 31
note_on 71
velocity 67
time 79
note_on 55
velocity 59
time 2
note_off 71
time 32
note_off 55
time 3
note_on 72
velocity 64
time 91
note_off 72
time 35
note_on 66
velocity 70
time 84
note_on 57
velocity 53
time 15
note_off 66
time 16
note_off 57
time 46
note_on 59
velocity 45
time 67
note_off 59
time 52
note_on 60
velocity 40
time 72
note_on 76
velocity 71
time 33
note_off 60
time 55
note_on 57
velocity 38
time 55
note_off 57
time 118
note_on 54
velocity 47
time 32
note_off 54
time 52
note_on 57
velocity 49
time 83
note_off 57
time 58
note_on 47
velocity 63
time 3
note_off 47
time 13
note_off 76
time 40
note_on 72
velocity 56
time 75
note_off 72
time 29
note_on 74
velocity 64
time 91
note_on 59
velocity 50
time 23
note_off 74
time 9
note_off 59
time 23
note_on 71
velocity 64
time 65
note_off 71
time 36
note_on 69
velocity 64
time 97
note_on 54
velocity 59
time 19
note_off 69
time 15
note_off 54
time 15
note_on 71
velocity 64
time 72
note_off 71
time 36
note_on 64
velocity 56
time 109
note_on 55
velocity 56
time 3
note_off 55
time 28
note_off 64
time 1
note_on 69
velocity 51
time 14
note_on 71
velocity 66
time 28
note_off 69
time 31
note_on 72
velocity 66
time 15
note_on 57
velocity 78
time 16
note_off 71
time 7
note_off 57
time 19
note_off 72
time 10
note_on 69
velocity 64
time 74
note_off 69
time 33
note_on 67
velocity 66
time 93
note_on 52
velocity 77
time 15
note_off 67
time 19
note_off 52
time 15
note_on 69
velocity 60
time 79
note_off 69
time 28
note_on 62
velocity 59
time 110
note_on 54
velocity 79
time 11
note_off 54
time 29
note_off 62
time 3
note_on 69
velocity 59
time 88
note_off 69
time 36
note_on 71
velocity 57
time 98
note_on 55
velocity 68
time 1
note_off 55
time 27
note_off 71
time 5
note_on 67
velocity 56
time 93
note_off 67
time 92
note_on 66
velocity 61
time 7
note_on 50
velocity 47
time 33
note_off 66
time 5
note_off 50
time 29
note_on 67
velocity 51
time 69
note_off 67
time 33
note_on 60
velocity 48
time 19
note_on 52
velocity 60
time 2
note_off 52
time 33
note_off 60
time 125
note_on 66
velocity 54
time 2
note_on 67
velocity 61
time 57
note_off 66
time 33
note_on 69
velocity 62
time 7
note_on 54
velocity 61
time 16
note_off 67
time 2
note_off 69
time 29
note_off 54
time 3
note_on 66
velocity 58
time 83
note_off 66
time 42
note_on 64
velocity 53
time 84
note_on 50
velocity 56
time 22
note_off 64
time 9
note_off 50
time 20
note_on 66
velocity 55
time 89
note_off 66
time 32
note_on 59
velocity 47
time 110
note_on 55
velocity 45
time 1
note_off 59
time 40
note_off 55
time 33
note_on 55
velocity 17
time 0
note_on 62
velocity 56
time 57
note_off 62
time 40
note_on 64
velocity 52
time 87
note_off 64
time 31
note_off 55
time 61
note_on 66
velocity 54
time 50
note_off 66
time 29
note_on 67
velocity 59
time 92
note_off 67
time 33
note_on 69
velocity 62
time 84
note_off 69
time 32
note_on 43
velocity 63
time 106
note_on 71
velocity 60
time 7
note_off 43
time 29
note_off 71
time 9
note_on 74
velocity 58
time 78
note_on 42
velocity 44
time 13
note_off 74
time 14
note_off 42
time 24
note_on 72
velocity 60
time 75
note_on 40
velocity 58
time 18
note_off 72
time 10
note_off 40
time 23
note_on 71
velocity 55
time 75
note_on 38
velocity 46
time 5
note_off 71
time 23
note_off 38
time 20
note_on 69
velocity 55
time 79
note_off 69
time 39
note_on 47
velocity 51
time 10
note_off 47
time 39
note_on 67
velocity 53
time 58
note_off 67
time 44
note_on 66
velocity 53
time 102
note_on 45
velocity 44
time 11
note_off 66
time 26
note_on 67
velocity 57
time 93
note_off 67
time 44
note_on 69
velocity 59
time 79
note_off 69
time 36
note_off 45
time 14
note_on 71
velocity 61
time 72
note_off 71
time 37
note_on 72
velocity 69
time 83
note_off 72
time 37
note_on 74
velocity 59
time 85
note_off 74
time 35
note_on 43
velocity 63
time 84
note_on 76
velocity 72
time 19
note_off 43
time 28
note_off 76
time 14
note_on 42
velocity 69
time 54
note_on 81
velocity 58
time 29
note_off 42
time 7
note_off 81
time 20
note_on 40
velocity 73
time 79
note_on 79
velocity 69
time 6
note_off 40
time 28
note_off 79
time 5
note_on 78
velocity 54
time 82
note_on 38
velocity 61
time 6
note_off 38
time 35
note_off 78
time 16
note_on 76
velocity 69
time 79
note_on 48
velocity 64
time 18
note_off 76
time 18
note_off 48
time 9
note_on 74
velocity 58
time 85
note_off 74
time 37
note_on 47
velocity 74
time 100
note_on 79
velocity 57
time 10
note_off 79
time 29
note_on 74
velocity 53
time 95
note_off 74
time 42
note_off 47
time 88
note_on 76
velocity 60
time 2
note_off 76
time 29
note_on 78
velocity 61
time 89
note_off 78
time 35
note_on 79
velocity 68
time 75
note_off 79
time 31
note_on 81
velocity 67
time 87
note_off 81
time 33
note_on 83
velocity 69
time 100
note_on 50
velocity 68
time 1
note_off 50
time 39
note_off 83
time 2
note_on 47
velocity 66
time 71
note_on 79
velocity 58
time 11
note_off 79
time 26
note_off 47
time 5
note_on 45
velocity 66
time 87
note_on 78
velocity 70
time 0
note_off 45
time 39
note_off 78
time 9
note_on 43
velocity 69
time 75
note_on 79
velocity 52
time 19
note_off 43
time 13
note_off 79
time 15
note_on 52
velocity 58
time 105
note_on 72
velocity 63
time 3
note_off 52
time 26
note_off 72
time 13
note_on 48
velocity 74
time 69
note_on 81
velocity 73
time 1
note_off 48
time 33
note_off 81
time 40
note_on 50
velocity 71
time 50
note_on 71
velocity 72
time 14
note_off 50
time 19
note_off 71
time 41
note_on 79
velocity 63
time 72
note_on 47
velocity 41
time 5
note_off 79
time 31
note_off 47
time 16
note_on 78
velocity 63
time 62
note_on 45
velocity 59
time 9
note_off 45
time 33
note_off 78
time 1
note_on 43
velocity 47
time 87
note_on 79
velocity 63
time 5
note_off 79
time 28
note_off 43
time 3
note_on 69
velocity 66
time 85
note_on 48
velocity 69
time 3
note_off 48
time 33
note_off 69
time 11
note_on 45
velocity 65
time 66
note_on 72
velocity 74
time 11
note_off 45
time 27
note_off 72
time 15
note_on 48
velocity 62
time 117
note_on 66
velocity 75
time 2
note_off 48
time 67
note_off 66
time 42
note_on 47
velocity 65
time 1
note_on 67
velocity 73
time 10
note_off 47
time 37
note_off 67
time 42
note_on 69
velocity 79
time 48
note_on 45
velocity 65
time 3
note_off 45
time 39
note_off 69
time 10
note_on 43
velocity 69
time 69
note_on 71
velocity 79
time 3
note_off 43
time 32
note_off 71
time 33
note_on 72
velocity 73
time 58
note_on 45
velocity 58
time 19
note_off 45
time 28
note_on 42
velocity 56
time 106
note_off 42
time 44
note_on 43
velocity 60
time 89
note_off 43
time 61
note_on 38
velocity 48
time 95
note_off 72
time 141
note_on 40
velocity 42
time 6
note_on 71
velocity 45
time 13
note_off 38
time 5
note_off 40
time 95
note_on 42
velocity 51
time 6
note_off 71
time 62
note_off 42
time 67
note_on 43
velocity 56
time 15
note_off 43
time 67
note_on 45
velocity 56
time 18
note_off 45
time 22
note_on 47
velocity 53
time 55
note_on 74
velocity 75
time 32
note_off 47
time 49
note_off 74
time 0
note_on 71
velocity 76
time 71
note_on 50
velocity 47
time 10
note_off 71
time 18
note_off 50
time 32
note_on 48
velocity 54
time 58
note_on 69
velocity 72
time 19
note_off 69
time 31
note_off 48
time 24
note_on 47
velocity 55
time 55
note_on 67
velocity 67
time 15
note_off 67
time 31
note_off 47
time 15
note_on 48
velocity 60
time 58
note_on 76
velocity 78
time 24
note_off 76
time 28
note_off 48
time 58
note_on 45
velocity 51
time 35
note_off 45
time 101
note_on 47
velocity 55
time 39
note_on 74
velocity 80
time 13
note_off 74
time 27
note_off 47
time 53
note_on 43
velocity 58
time 45
note_off 43
time 42
note_on 45
velocity 37
time 109
note_off 45
time 53
note_on 47
velocity 55
time 71
note_off 47
time 79
note_on 48
velocity 54
time 70
note_off 48
time 52
note_on 50
velocity 51
time 67
note_off 50
time 37
note_on 72
velocity 71
time 104
note_on 52
velocity 52
time 14
note_off 72
time 16
note_off 52
time 18
note_on 71
velocity 74
time 70
note_on 55
velocity 48
time 10
note_off 71
time 20
note_off 55
time 20
note_on 54
velocity 47
time 76
note_on 69
velocity 57
time 11
note_off 69
time 28
note_off 54
time 5
note_on 67
velocity 57
time 84
note_on 52
velocity 45
time 16
note_off 67
time 11
note_off 52
time 32
note_on 50
velocity 48
time 82
note_on 79
velocity 56
time 3
note_off 79
time 28
note_off 50
time 83
note_on 49
velocity 47
time 22
note_off 49
time 35
note_on 79
velocity 64
time 115
note_on 57
velocity 46
time 11
note_off 57
time 37
note_on 50
velocity 38
time 97
note_off 50
time 61
note_off 79
time 84
note_on 52
velocity 37
time 1
note_on 78
velocity 49
time 10
note_off 52
time 121
note_on 54
velocity 43
time 13
note_off 78
time 41
note_off 54
time 44
note_on 55
velocity 55
time 42
note_off 55
time 59
note_on 57
velocity 53
time 67
note_off 57
time 58
note_on 79
velocity 78
time 78
note_on 59
velocity 57
time 6
note_off 79
time 27
note_off 59
time 11
note_on 78
velocity 77
time 76
note_on 57
velocity 48
time 14
note_off 78
time 16
note_off 57
time 40
note_on 76
velocity 73
time 59
note_on 55
velocity 53
time 7
note_off 76
time 23
note_off 55
time 11
note_on 74
velocity 75
time 75
note_on 54
velocity 49
time 11
note_off 74
time 22
note_off 54
time 37
note_on 83
velocity 76
time 55
note_on 55
velocity 39
time 24
note_off 83
time 22
note_off 55
time 18
note_on 79
velocity 76
time 61
note_on 52
velocity 56
time 1
note_off 79
time 29
note_off 52
time 1
note_on 54
velocity 57
time 102
note_on 81
velocity 73
time 6
note_off 54
time 32
note_off 81
time 5
note_on 78
velocity 76
time 76
note_on 57
velocity 51
time 16
note_off 78
time 19
note_off 57
time 24
note_on 55
velocity 57
time 89
note_on 76
velocity 66
time 1
note_off 76
time 33
note_off 55
time 7
note_on 74
velocity 70
time 67
note_on 54
velocity 45
time 14
note_off 74
time 19
note_off 54
time 15
note_on 79
velocity 73
time 76
note_on 52
velocity 58
time 13
note_off 79
time 20
note_off 52
time 27
note_on 76
velocity 72
time 63
note_on 50
velocity 59
time 11
note_off 76
time 20
note_off 50
time 11
note_on 49
velocity 64
time 84
note_on 79
velocity 72
time 6
note_off 79
time 33
note_on 50
velocity 69
time 93
note_on 78
velocity 70
time 0
note_off 49
time 3
note_off 78
time 39
note_off 50
time 35
note_on 52
velocity 69
time 41
note_on 76
velocity 71
time 1
note_off 76
time 32
note_off 52
time 20
note_on 54
velocity 67
time 71
note_on 74
velocity 55
time 2
note_off 74
time 26
note_off 54
time 63
note_on 55
velocity 53
time 57
note_on 76
velocity 58
time 1
note_off 76
time 28
note_on 73
velocity 67
time 71
note_off 73
time 32
note_on 74
velocity 59
time 117
note_on 52
velocity 60
time 149
note_off 55
time 11
note_off 52
time 109
note_on 54
velocity 64
time 15
note_off 54
time 138
note_on 50
velocity 64
time 6
note_on 49
velocity 73
time 122
note_off 50
time 2
note_on 50
velocity 67
time 130
note_off 49
time 16
note_off 50
time 130
note_on 59
velocity 66
time 18
note_off 74
time 135
note_on 66
velocity 56
time 13
note_off 66
time 79
note_on 67
velocity 60
time 45
note_off 67
time 42
note_on 64
velocity 57
time 13
note_off 64
time 14
note_on 62
velocity 59
time 0
note_off 62
time 31
note_on 64
velocity 60
time 92
note_off 64
time 40
note_on 72
velocity 80
time 50
note_off 59
time 117
note_on 50
velocity 47
time 2
note_off 50
time 55
note_on 52
velocity 48
time 22
note_off 52
time 91
note_on 48
velocity 54
time 7
note_off 48
time 10
note_on 47
velocity 57
time 0
note_off 47
time 15
note_on 48
velocity 56
time 7
note_off 48
time 95
note_on 57
velocity 57
time 53
note_on 64
velocity 46
time 35
note_off 72
time 37
note_off 64
time 13
note_on 66
velocity 54
time 48
note_off 66
time 40
note_on 62
velocity 49
time 13
note_off 62
time 45
note_on 61
velocity 45
time 84
note_off 61
time 35
note_on 62
velocity 48
time 79
note_off 62
time 45
note_on 71
velocity 61
time 111
note_off 57
time 110
note_on 54
velocity 45
time 50
note_off 54
time 28
note_on 55
velocity 46
time 35
note_off 55
time 18
note_on 52
velocity 48
time 32
note_off 52
time 115
note_on 51
velocity 55
time 5
note_off 51
time 31
note_on 52
velocity 40
time 40
note_off 52
time 7
note_on 60
velocity 65
time 9
note_off 71
time 48
note_on 64
velocity 46
time 46
note_off 64
time 57
note_on 63
velocity 50
time 66
note_off 63
time 49
note_on 64
velocity 52
time 18
note_off 64
time 32
note_on 66
velocity 61
time 9
note_off 66
time 15
note_on 67
velocity 67
time 14
note_off 67
time 11
note_on 69
velocity 81
time 16
note_off 69
time 16
note_off 60
time 98
note_on 59
velocity 58
time 1
note_off 59
time 83
note_on 57
velocity 60
time 18
note_on 71
velocity 80
time 16
note_off 71
time 24
note_off 57
time 22
note_on 55
velocity 50
time 82
note_off 55
time 127
note_on 54
velocity 43
time 31
note_on 72
velocity 65
time 16
note_off 54
time 115
note_on 52
velocity 55
time 14
note_on 51
velocity 63
time 140
note_off 52
time 1
note_off 51
time 29
note_off 72
time 46
note_on 71
velocity 47
time 1
note_on 52
velocity 76
time 69
note_on 69
velocity 61
time 16
note_off 71
time 2
note_off 52
time 1
note_off 69
time 7
note_on 67
velocity 46
time 57
note_off 67
time 0
note_on 48
velocity 63
time 0
note_off 48
time 27
note_on 66
velocity 55
time 0
note_on 64
velocity 48
time 50
note_off 66
time 20
note_off 64
time 88
note_on 47
velocity 82
time 13
note_on 63
velocity 50
time 13
note_off 47
time 5
note_off 63
time 3
note_on 64
velocity 53
time 19
note_on 66
velocity 44
time 1
note_on 59
velocity 48
time 6
note_off 64
time 0
note_off 66
time 28
note_off 59
time 24
note_on 57
velocity 53
time 3
note_on 67
velocity 61
time 6
note_off 57
time 59
note_off 67
time 13
note_on 69
velocity 51
time 16
note_on 55
velocity 42
time 2
note_off 55
time 15
note_on 54
velocity 52
time 18
note_off 54
time 13
note_on 52
velocity 46
time 70
note_off 52
time 36
note_off 69
time 37
note_on 66
velocity 57
time 52
note_off 66
time 33
note_on 40
velocity 57
time 96
note_on 67
velocity 59
time 9
note_off 40
time 26
note_off 67
time 7
note_on 64
velocity 51
time 95
note_off 64
time 29
note_on 63
velocity 59
time 101
note_on 42
velocity 63
time 7
note_off 63
time 22
note_off 42
time 22
note_on 64
velocity 49
time 85
note_off 64
time 29
note_on 59
velocity 51
time 102
note_on 43
velocity 50
time 13
note_off 59
time 23
note_on 64
velocity 51
time 106
note_off 64
time 29
note_off 43
time 106
note_on 47
velocity 66
time 1
note_on 67
velocity 58
time 1
note_off 67
time 27
note_off 47
time 7
note_on 64
velocity 55
time 87
note_off 64
time 28
note_on 63
velocity 55
time 100
note_on 45
velocity 64
time 6
note_off 63
time 22
note_off 45
time 14
note_on 64
velocity 50
time 78
note_off 64
time 28
note_on 59
velocity 57
time 109
note_on 43
velocity 61
time 3
note_off 43
time 29
note_off 59
time 5
note_on 64
velocity 55
time 97
note_off 64
time 29
note_on 40
velocity 59
time 88
note_on 67
velocity 64
time 3
note_off 40
time 31
note_off 67
time 1
note_on 64
velocity 61
time 97
note_off 64
time 29
note_on 52
velocity 58
time 113
note_on 62
velocity 57
time 1
note_off 52
time 28
note_off 62
time 0
note_on 64
velocity 68
time 87
note_off 64
time 35
note_on 61
velocity 66
time 97
note_on 45
velocity 51
time 11
note_off 61
time 20
note_off 45
time 63
note_on 62
velocity 67
time 13
note_on 47
velocity 53
time 19
note_off 62
time 18
note_on 64
velocity 66
time 96
note_off 47
time 19
note_on 49
velocity 53
time 7
note_off 64
time 7
note_off 49
time 57
note_on 66
velocity 67
time 33
note_on 50
velocity 59
time 18
note_off 66
time 18
note_off 50
time 31
note_on 67
velocity 69
time 52
note_on 52
velocity 61
time 15
note_off 52
time 45
note_on 49
velocity 61
time 80
note_off 49
time 41
note_on 50
velocity 69
time 100
note_off 50
time 35
note_off 67
time 62
note_on 64
velocity 58
time 40
note_off 64
time 33
note_on 38
velocity 65
time 79
note_on 66
velocity 60
time 19
note_off 38
time 15
note_off 66
time 23
note_on 62
velocity 64
time 75
note_off 62
time 36
note_on 40
velocity 76
time 100
note_on 61
velocity 62
time 5
note_off 40
time 32
note_off 61
time 1
note_on 62
velocity 62
time 91
note_off 62
time 27
note_on 57
velocity 65
time 98
note_on 42
velocity 66
time 16
note_off 57
time 20
note_on 62
velocity 63
time 93
note_off 62
time 36
note_on 66
velocity 74
time 105
note_off 42
time 3
note_on 45
velocity 69
time 3
note_off 66
time 20
note_off 45
time 18
note_on 62
velocity 67
time 78
note_off 62
time 24
note_on 61
velocity 62
time 111
note_on 43
velocity 63
time 6
note_off 61
time 24
note_off 43
time 2
note_on 62
velocity 64
time 84
note_off 62
time 31
note_on 57
velocity 58
time 104
note_on 42
velocity 64
time 6
note_off 42
time 42
note_off 57
time 57
note_on 62
velocity 35
time 55
note_on 64
velocity 67
time 15
note_off 62
time 37
note_on 66
velocity 72
time 3
note_on 38
velocity 70
time 22
note_off 64
time 6
note_off 66
time 15
note_off 38
time 14
note_on 62
velocity 70
time 92
note_off 62
time 32
note_on 50
velocity 49
time 105
note_on 60
velocity 60
time 11
note_off 50
time 24
note_off 60
time 2
note_on 62
velocity 49
time 108
note_off 62
time 33
note_on 43
velocity 55
time 74
note_on 59
velocity 66
time 7
note_off 59
time 42
note_off 43
time 82
note_on 60
velocity 66
time 2
note_on 45
velocity 43
time 35
note_off 60
time 0
note_off 45
time 85
note_on 62
velocity 72
time 3
note_on 47
velocity 55
time 19
note_off 62
time 13
note_off 47
time 57
note_on 64
velocity 69
time 28
note_on 48
velocity 58
time 23
note_off 48
time 46
note_off 64
time 31
note_on 65
velocity 73
time 16
note_on 50
velocity 53
time 31
note_off 50
time 72
note_off 65
time 5
note_on 65
velocity 38
time 16
note_on 47
velocity 62
time 33
note_off 47
time 54
note_on 48
velocity 62
time 70
note_off 48
time 29
note_on 64
velocity 58
time 15
note_off 65
time 15
note_off 64
time 5
note_on 63
velocity 60
time 5
note_on 60
velocity 55
time 1
note_off 60
time 15
note_off 63
time 1
note_on 64
velocity 54
time 5
note_off 64
time 19
note_on 69
velocity 64
time 2
note_on 54
velocity 51
time 1
note_off 69
time 3
note_on 64
velocity 71
time 0
note_off 64
time 83
note_on 72
velocity 77
time 61
note_on 57
velocity 56
time 10
note_off 54
time 5
note_off 57
time 23
note_off 72
time 48
note_on 69
velocity 75
time 31
note_off 69
time 98
note_on 68
velocity 73
time 32
note_on 51
velocity 65
time 32
note_off 68
time 19
note_off 51
time 22
note_on 69
velocity 72
time 36
note_off 69
time 96
note_on 75
velocity 72
time 57
note_on 54
velocity 58
time 32
note_off 54
time 29
note_off 75
time 11
note_on 69
velocity 60
time 58
note_off 69
time 48
note_on 47
velocity 53
time 79
note_on 78
velocity 80
time 5
note_off 78
time 23
note_off 47
time 28
note_on 49
velocity 50
time 39
note_off 49
time 136
note_on 71
velocity 67
time 1
note_on 51
velocity 49
time 15
note_off 71
time 16
note_off 51
time 54
note_on 52
velocity 51
time 49
note_off 52
time 118
note_on 69
velocity 64
time 13
note_on 54
velocity 45
time 19
note_off 69
time 6
note_off 54
time 84
note_on 51
velocity 58
time 24
note_off 51
time 45
note_on 52
velocity 57
time 82
note_on 67
velocity 63
time 1
note_off 52
time 29
note_off 67
time 11
note_on 71
velocity 57
time 83
note_off 71
time 40
note_on 40
velocity 57
time 84
note_on 73
velocity 55
time 22
note_off 40
time 16
note_off 73
time 85
note_on 75
velocity 51
time 24
note_off 75
time 36
note_on 76
velocity 57
time 83
note_off 76
time 42
note_on 78
velocity 55
time 76
note_off 78
time 35
note_on 52
velocity 64
time 102
note_on 79
velocity 66
time 0
note_off 52
time 27
note_off 79
time 24
note_on 83
velocity 65
time 0
note_off 83
time 7
note_on 51
velocity 4
time 11
note_off 51
time 0
note_on 81
velocity 68
time 5
note_on 49
velocity 45
time 10
note_off 81
time 14
note_off 49
time 7
note_on 79
velocity 66
time 9
note_on 47
velocity 60
time 3
note_off 47
time 5
note_off 79
time 3
note_on 78
velocity 56
time 13
note_on 55
velocity 71
time 5
note_off 55
time 33
note_off 78
time 6
note_on 76
velocity 54
time 1
note_off 76
time 31
note_on 54
velocity 68
time 16
note_on 75
velocity 39
time 15
note_off 75
time 13
note_on 73
velocity 45
time 0
note_off 73
time 0
note_on 75
velocity 43
time 13
note_off 54
time 0
note_off 75
time 32
note_on 76
velocity 47
time 49
note_off 76
time 42
note_on 78
velocity 56
time 71
note_off 78
time 49
note_on 79
velocity 56
time 31
note_off 79
time 5
note_on 52
velocity 70
time 65
note_on 81
velocity 57
time 16
note_off 52
time 22
note_off 81
time 24
note_on 78
velocity 67
time 65
note_on 51
velocity 47
time 15
note_off 78
time 35
note_off 51
time 1
note_on 49
velocity 66
time 67
note_on 76
velocity 52
time 29
note_off 49
time 7
note_off 76
time 28
note_on 47
velocity 63
time 66
note_off 47
time 29
note_on 75
velocity 42
time 1
note_on 57
velocity 69
time 113
note_on 73
velocity 32
time 19
note_off 75
time 5
note_off 57
time 9
note_off 73
time 29
note_on 71
velocity 52
time 54
note_off 71
time 57
note_on 55
velocity 62
time 98
note_on 76
velocity 45
time 3
note_off 76
time 36
note_on 79
velocity 53
time 16
note_off 79
time 52
note_on 78
velocity 65
time 53
note_off 55
time 26
note_off 78
time 35
note_on 76
velocity 61
time 76
note_off 76
time 44
note_on 81
velocity 63
time 75
note_off 81
time 41
note_on 78
velocity 61
time 78
note_off 78
time 29
note_on 79
velocity 71
time 104
note_on 59
velocity 57
time 6
note_off 59
time 45
note_off 79
time 3
note_on 83
velocity 67
time 59
note_on 55
velocity 58
time 3
note_off 55
time 41
note_off 83
time 2
note_on 81
velocity 70
time 29
note_on 54
velocity 65
time 2
note_off 54
time 35
note_off 81
time 1
note_on 52
velocity 69
time 79
note_on 79
velocity 64
time 6
note_off 52
time 28
note_off 79
time 10
note_on 81
velocity 73
time 79
note_on 60
velocity 54
time 18
note_off 60
time 46
note_off 81
time 2
note_on 78
velocity 69
time 65
note_on 57
velocity 69
time 3
note_off 78
time 31
note_off 57
time 1
note_on 79
velocity 72
time 89
note_on 59
velocity 58
time 19
note_off 59
time 39
note_off 79
time 13
note_on 55
velocity 65
time 57
note_on 83
velocity 70
time 0
note_off 55
time 35
note_off 83
time 18
note_on 81
velocity 65
time 75
note_on 54
velocity 58
time 3
note_off 54
time 31
note_off 81
time 16
note_on 79
velocity 69
time 65
note_on 52
velocity 62
time 13
note_off 52
time 27
note_off 79
time 26
note_on 78
velocity 71
time 59
note_on 57
velocity 59
time 20
note_off 57
time 31
note_off 78
time 13
note_on 76
velocity 69
time 59
note_on 54
velocity 69
time 13
note_off 54
time 35
note_off 76
time 1
note_on 75
velocity 70
time 83
note_on 57
velocity 56
time 35
note_off 75
time 19
note_off 57
time 10
note_on 76
velocity 81
time 58
note_on 55
velocity 55
time 19
note_off 55
time 31
note_off 76
time 16
note_on 54
velocity 65
time 65
note_on 78
velocity 80
time 3
note_off 54
time 29
note_off 78
time 45
note_on 71
velocity 77
time 39
note_on 52
velocity 60
time 2
note_off 52
time 39
note_off 71
time 36
note_on 81
velocity 80
time 48
note_on 54
velocity 57
time 26
note_off 54
time 28
note_on 51
velocity 48
time 92
note_off 51
time 32
note_on 52
velocity 58
time 85
note_off 52
time 67
note_on 47
velocity 48
time 88
note_off 47
time 127
note_on 49
velocity 50
time 28
note_on 79
velocity 56
time 18
note_off 81
time 14
note_off 49
time 108
note_on 51
velocity 42
time 22
note_off 79
time 33
note_off 51
time 37
note_on 52
velocity 55
time 40
note_off 52
time 58
note_on 54
velocity 40
time 85
note_off 54
time 10
note_on 55
velocity 52
time 28
note_on 71
velocity 61
time 11
note_off 71
time 24
note_off 55
time 18
note_on 67
velocity 76
time 52
note_on 59
velocity 52
time 24
note_off 67
time 5
note_off 59
time 54
note_on 66
velocity 71
time 49
note_on 57
velocity 53
time 6
note_off 66
time 32
note_off 57
time 11
note_on 64
velocity 70
time 62
note_on 55
velocity 46
time 31
note_off 64
time 10
note_off 55
time 41
note_on 72
velocity 79
time 55
note_on 57
velocity 37
time 9
note_off 72
time 15
note_off 57
time 66
note_on 54
velocity 49
time 52
note_off 54
time 44
note_on 71
velocity 82
time 76
note_on 55
velocity 49
time 19
note_off 71
time 3
note_off 55
time 46
note_on 52
velocity 56
time 88
note_off 52
time 121
note_on 54
velocity 55
time 5
note_off 54
time 1
note_on 55
velocity 49
time 1
note_off 55
time 46
note_on 57
velocity 57
time 52
note_off 57
time 58
note_on 59
velocity 49
time 85
note_off 59
time 40
note_on 61
velocity 58
time 98
note_on 69
velocity 76
time 0
note_off 61
time 29
note_off 69
time 0
note_on 67
velocity 72
time 95
note_on 64
velocity 52
time 15
note_off 67
time 13
note_off 64
time 19
note_on 63
velocity 52
time 74
note_on 66
velocity 68
time 5
note_off 66
time 32
note_off 63
time 10
note_on 64
velocity 65
time 67
note_off 64
time 36
note_on 61
velocity 40
time 5
note_off 61
time 58
note_on 76
velocity 76
time 45
note_on 59
velocity 43
time 29
note_off 76
time 0
note_off 59
time 79
note_on 58
velocity 24
time 15
note_off 58
time 50
note_on 66
velocity 58
time 88
note_on 76
velocity 64
time 3
note_off 66
time 55
note_on 59
velocity 50
time 100
note_off 59
time 58
note_on 61
velocity 58
time 41
note_off 76
time 3
note_on 75
velocity 55
time 31
note_off 61
time 31
note_on 63
velocity 51
time 72
note_off 63
time 82
note_off 75
time 10
note_on 64
velocity 61
time 29
note_off 64
time 52
note_on 66
velocity 60
time 71
note_off 66
time 66
note_on 76
velocity 74
time 52
note_on 67
velocity 52
time 13
note_off 76
time 27
note_off 67
time 11
note_on 74
velocity 70
time 5
note_on 66
velocity 42
time 29
note_off 74
time 1
note_off 66
time 41
note_on 73
velocity 63
time 63
note_on 64
velocity 54
time 14
note_off 73
time 22
note_off 64
time 28
note_on 71
velocity 70
time 44
note_on 62
velocity 57
time 16
note_off 71
time 16
note_off 62
time 27
note_on 64
velocity 56
time 69
note_on 79
velocity 74
time 3
note_off 64
time 49
note_off 79
time 0
note_on 61
velocity 63
time 54
note_on 76
velocity 76
time 16
note_off 61
time 18
note_off 76
time 9
note_on 62
velocity 64
time 105
note_on 78
velocity 80
time 2
note_off 62
time 35
note_off 78
time 22
note_on 74
velocity 64
time 71
note_off 74
time 32
note_on 50
velocity 61
time 98
note_on 73
velocity 61
time 2
note_off 50
time 36
note_off 73
time 1
note_on 71
velocity 54
time 89
note_off 71
time 29
note_on 76
velocity 67
time 113
note_on 55
velocity 50
time 9
note_off 76
time 26
note_off 55
time 14
note_on 73
velocity 60
time 88
note_off 73
time 28
note_on 76
velocity 65
time 3
note_on 52
velocity 63
time 1
note_off 52
time 3
note_off 76
time 0
note_on 74
velocity 56
time 13
note_off 74
time 32
note_on 54
velocity 57
time 98
note_on 73
velocity 38
time 24
note_off 54
time 19
note_off 73
time 16
note_on 71
velocity 52
time 89
note_off 71
time 40
note_on 42
velocity 51
time 96
note_on 73
velocity 54
time 18
note_off 42
time 26
note_off 73
time 11
note_on 70
velocity 55
time 93
note_off 70
time 36
note_on 47
velocity 48
time 108
note_on 71
velocity 51
time 5
note_off 47
time 62
note_on 54
velocity 52
time 63
note_on 56
velocity 60
time 156
note_off 54
time 72
note_off 56
time 45
note_on 58
velocity 59
time 28
note_off 58
time 96
note_on 59
velocity 56
time 32
note_off 59
time 121
note_on 61
velocity 53
time 23
note_off 61
time 118
note_on 62
velocity 57
time 40
note_off 62
time 67
note_on 61
velocity 58
time 2
note_on 70
velocity 66
time 3
note_off 71
time 1
note_off 61
time 9
note_off 70
time 5
note_on 62
velocity 50
time 3
note_on 71
velocity 63
time 9
note_off 62
time 3
note_off 71
time 15
note_on 74
velocity 61
time 15
note_on 59
velocity 27
time 5
note_off 59
time 7
note_off 74
time 15
note_on 58
velocity 53
time 1
note_on 73
velocity 55
time 6
note_off 58
time 95
note_off 73
time 9
note_on 59
velocity 39
time 13
note_on 76
velocity 47
time 22
note_off 59
time 102
note_on 54
velocity 39
time 35
note_on 74
velocity 57
time 0
note_off 74
time 32
note_off 76
time 7
note_off 54
time 37
note_on 59
velocity 49
time 41
note_off 59
time 67
note_on 62
velocity 51
time 57
note_on 71
velocity 51
time 23
note_off 71
time 32
note_off 62
time 9
note_on 74
velocity 57
time 5
note_on 59
velocity 22
time 1
note_off 74
time 0
note_on 73
velocity 73
time 6
note_off 73
time 50
note_off 59
time 1
note_on 74
velocity 64
time 9
note_on 58
velocity 48
time 22
note_off 58
time 53
note_off 74
time 1
note_on 73
velocity 55
time 11
note_on 59
velocity 61
time 20
note_off 73
time 7
note_on 71
velocity 63
time 3
note_off 59
time 37
note_off 71
time 7
note_on 73
velocity 70
time 33
note_off 73
time 29
note_on 53
velocity 59
time 37
note_on 74
velocity 76
time 18
note_off 74
time 26
note_off 53
time 14
note_on 59
velocity 55
time 82
note_off 59
time 84
note_on 62
velocity 55
time 55
note_on 80
velocity 85
time 1
note_off 80
time 23
note_off 62
time 91
note_on 59
velocity 52
time 23
note_off 59
time 108
note_on 83
velocity 82
time 45
note_on 57
velocity 49
time 1
note_off 83
time 27
note_off 57
time 57
note_on 59
velocity 50
time 44
note_off 59
time 62
note_on 52
velocity 48
time 88
note_on 74
velocity 68
time 10
note_off 52
time 40
note_on 59
velocity 58
time 40
note_off 59
time 66
note_on 64
velocity 58
time 70
note_off 64
time 14
note_on 62
velocity 66
time 27
note_off 62
time 36
note_on 60
velocity 61
time 26
note_off 60
time 6
note_on 59
velocity 58
time 2
note_off 74
time 18
note_off 59
time 7
note_on 57
velocity 50
time 15
note_off 57
time 59
note_on 59
velocity 55
time 61
note_on 68
velocity 66
time 28
note_off 59
time 15
note_off 68
time 20
note_on 60
velocity 50
time 63
note_on 69
velocity 71
time 16
note_off 60
time 40
note_off 69
time 20
note_on 57
velocity 47
time 53
note_on 72
velocity 68
time 5
note_off 57
time 50
note_off 72
time 3
note_on 56
velocity 52
time 49
note_on 71
velocity 59
time 32
note_off 56
time 23
note_off 71
time 18
note_on 57
velocity 50
time 53
note_on 74
velocity 63
time 10
note_off 74
time 45
note_off 57
time 14
note_on 52
velocity 57
time 82
note_on 72
velocity 60
time 7
note_off 72
time 23
note_off 52
time 23
note_on 57
velocity 45
time 93
note_off 57
time 46
note_on 60
velocity 48
time 59
note_on 69
velocity 44
time 16
note_off 69
time 32
note_off 60
time 9
note_on 72
velocity 62
time 1
note_on 57
velocity 55
time 31
note_off 72
time 13
note_on 71
velocity 53
time 27
note_off 57
time 19
note_off 71
time 7
note_on 72
velocity 71
time 6
note_on 56
velocity 54
time 41
note_off 72
time 29
note_off 56
time 22
note_on 71
velocity 61
time 0
note_off 71
time 23
note_on 69
velocity 72
time 16
note_on 57
velocity 53
time 18
note_off 69
time 19
note_on 71
velocity 66
time 36
note_off 57
time 6
note_off 71
time 24
note_on 51
velocity 53
time 57
note_on 72
velocity 75
time 0
note_off 72
time 27
note_off 51
time 36
note_on 57
velocity 29
time 100
note_off 57
time 54
note_on 78
velocity 86
time 55
note_on 60
velocity 52
time 3
note_off 78
time 19
note_off 60
time 48
note_on 57
velocity 45
time 54
note_off 57
time 95
note_on 81
velocity 80
time 54
note_on 55
velocity 32
time 18
note_off 81
time 7
note_off 55
time 55
note_on 57
velocity 48
time 32
note_off 57
time 92
note_on 50
velocity 42
time 13
note_on 72
velocity 76
time 5
note_off 50
time 16
note_on 57
velocity 54
time 6
note_off 57
time 5
note_on 62
velocity 56
time 10
note_off 62
time 118
note_on 60
velocity 54
time 11
note_off 60
time 126
note_on 59
velocity 59
time 5
note_off 59
time 108
note_on 57
velocity 52
time 15
note_off 57
time 55
note_on 55
velocity 53
time 33
note_off 55
time 32
note_off 72
time 2
note_on 69
velocity 59
time 84
note_off 69
time 32
note_on 43
velocity 60
time 93
note_on 71
velocity 51
time 19
note_off 43
time 16
note_off 71
time 14
note_on 67
velocity 48
time 88
note_off 67
time 31
note_on 47
velocity 71
time 91
note_on 66
velocity 51
time 15
note_off 47
time 11
note_off 66
time 20
note_on 67
velocity 56
time 88
note_off 67
time 39
note_on 48
velocity 74
time 113
note_on 64
velocity 53
time 7
note_off 48
time 26
note_off 64
time 123
note_on 69
velocity 47
time 9
note_on 71
velocity 50
time 66
note_off 69
time 15
note_on 72
velocity 67
time 14
note_on 45
velocity 77
time 18
note_off 71
time 3
note_off 45
time 27
note_off 72
time 9
note_on 69
velocity 59
time 92
note_off 69
time 37
note_on 67
velocity 63
time 93
note_on 48
velocity 66
time 5
note_off 48
time 26
note_off 67
time 3
note_on 69
velocity 60
time 98
note_off 69
time 35
note_on 50
velocity 67
time 106
note_on 66
velocity 61
time 2
note_off 50
time 33
note_off 66
time 3
note_on 72
velocity 64
time 87
note_off 72
time 11
note_on 47
velocity 76
time 27
note_on 74
velocity 65
time 3
note_off 47
time 28
note_off 74
time 7
note_on 71
velocity 65
time 92
note_off 71
time 35
note_on 69
velocity 67
time 91
note_on 50
velocity 71
time 11
note_off 69
time 23
note_off 50
time 3
note_on 71
velocity 48
time 113
note_off 71
time 33
note_on 52
velocity 78
time 75
note_on 67
velocity 69
time 3
note_off 52
time 26
note_off 67
time 14
note_on 74
velocity 76
time 83
note_off 74
time 40
note_on 48
velocity 80
time 101
note_on 76
velocity 75
time 10
note_off 48
time 20
note_off 76
time 20
note_on 72
velocity 75
time 80
note_off 72
time 35
note_on 52
velocity 84
time 97
note_on 71
velocity 73
time 1
note_off 52
time 26
note_off 71
time 16
note_on 72
velocity 72
time 84
note_off 72
time 36
note_on 53
velocity 82
time 88
note_on 69
velocity 77
time 11
note_off 53
time 23
note_off 69
time 39
note_on 76
velocity 78
time 67
note_off 76
time 36
note_on 45
velocity 77
time 95
note_on 77
velocity 81
time 5
note_off 45
time 27
note_off 77
time 37
note_on 74
velocity 72
time 78
note_off 74
time 35
note_on 72
velocity 69
time 106
note_on 53
velocity 74
time 9
note_off 72
time 28
note_on 74
velocity 58
time 92
note_off 74
time 37
note_on 71
velocity 60
time 104
note_off 71
time 27
note_on 52
velocity 56
time 138
note_off 53
time 0
note_on 79
velocity 85
time 123
note_off 52
time 7
note_on 53
velocity 53
time 37
note_off 53
time 106
note_on 47
velocity 52
time 46
note_off 47
time 135
note_on 45
velocity 60
time 22
note_off 45
time 127
note_on 47
velocity 69
time 5
note_off 47
time 115
note_on 52
velocity 76
time 16
note_off 52
time 33
note_off 79
time 71
note_on 72
velocity 51
time 54
note_off 72
time 65
note_on 57
velocity 66
time 59
note_on 77
velocity 58
time 6
note_off 57
time 22
note_off 77
time 91
note_on 76
velocity 38
time 37
note_on 74
velocity 44
time 113
note_on 53
velocity 66
time 10
note_off 76
time 15
note_off 53
time 10
note_off 74
time 106
note_on 72
velocity 49
time 6
note_off 72
time 101
note_on 55
velocity 66
time 35
note_on 71
velocity 55
time 7
note_off 55
time 36
note_off 71
time 27
note_on 72
velocity 54
time 69
note_off 72
time 127
note_on 43
velocity 68
time 2
note_off 43
time 36
note_on 71
velocity 27
time 11
note_off 71
time 75
note_on 69
velocity 49
time 20
note_on 67
velocity 55
time 126
note_off 69
time 1
note_off 67
time 72
note_on 65
velocity 53
time 55
note_off 65
time 66
note_on 48
velocity 69
time 78
note_on 64
velocity 68
time 5
note_off 48
time 35
note_off 64
time 19
note_on 67
velocity 58
time 66
note_on 47
velocity 57
time 9
note_off 47
time 35
note_off 67
time 2
note_on 65
velocity 58
time 76
note_on 45
velocity 64
time 11
note_off 65
time 33
note_off 45
time 13
note_on 64
velocity 57
time 50
note_on 43
velocity 23
time 23
note_off 64
time 45
note_off 43
time 10
note_on 52
velocity 73
time 55
note_on 62
velocity 63
time 0
note_off 52
time 36
note_off 62
time 5
note_on 60
velocity 62
time 80
note_off 60
time 44
note_on 59
velocity 52
time 93
note_on 50
velocity 52
time 5
note_off 59
time 32
note_on 60
velocity 61
time 82
note_off 60
time 41
note_on 62
velocity 61
time 92
note_off 62
time 32
note_off 50
time 6
note_on 64
velocity 63
time 75
note_off 64
time 37
note_on 65
velocity 69
time 80
note_off 65
time 36
note_on 67
velocity 67
time 79
note_off 67
time 11
note_on 48
velocity 63
time 66
note_on 69
velocity 70
time 1
note_off 69
time 33
note_off 48
time 2
note_on 47
velocity 55
time 91
note_on 74
velocity 59
time 0
note_off 47
time 33
note_off 74
time 0
note_on 72
velocity 63
time 88
note_on 45
velocity 62
time 6
note_off 72
time 27
note_off 45
time 20
note_on 71
velocity 64
time 53
note_on 43
velocity 19
time 6
note_off 71
time 29
note_off 43
time 28
note_on 69
velocity 67
time 63
note_on 53
velocity 53
time 26
note_off 69
time 20
note_off 53
time 7
note_on 67
velocity 59
time 84
note_off 67
time 40
note_on 72
velocity 62
time 95
note_on 52
velocity 42
time 15
note_off 72
time 18
note_on 67
velocity 57
time 87
note_off 67
time 32
note_on 69
velocity 64
time 84
note_off 69
time 33
note_off 52
time 9
note_on 71
velocity 63
time 82
note_off 71
time 26
note_on 72
velocity 65
time 97
note_off 72
time 22
note_on 74
velocity 61
time 96
note_off 74
time 33
note_on 76
velocity 65
time 106
note_on 55
velocity 60
time 9
note_off 76
time 28
note_off 55
time 5
note_on 79
velocity 65
time 18
note_on 52
velocity 53
time 15
note_off 79
time 15
note_off 52
time 7
note_on 77
velocity 68
time 5
note_on 50
velocity 49
time 11
note_off 77
time 0
note_off 50
time 9
note_on 76
velocity 63
time 45
note_on 48
velocity 62
time 18
note_off 76
time 23
note_off 48
time 15
note_on 77
velocity 70
time 69
note_on 57
velocity 52
time 35
note_off 77
time 6
note_off 57
time 28
note_on 74
velocity 58
time 57
note_off 74
time 29
note_on 53
velocity 50
time 5
note_off 53
time 32
note_on 76
velocity 69
time 69
note_on 55
velocity 54
time 9
note_off 76
time 29
note_off 55
time 1
note_on 84
velocity 75
time 82
note_on 52
velocity 60
time 7
note_off 52
time 31
note_off 84
time 2
note_on 83
velocity 75
time 87
note_on 50
velocity 64
time 16
note_off 50
time 41
note_off 83
time 5
note_on 48
velocity 59
time 66
note_on 84
velocity 76
time 2
note_off 48
time 28
note_off 84
time 19
note_on 81
velocity 78
time 74
note_on 53
velocity 66
time 7
note_off 53
time 32
note_off 81
time 14
note_on 50
velocity 59
time 71
note_on 77
velocity 72
time 5
note_off 50
time 23
note_off 77
time 9
note_on 79
velocity 72
time 100
note_on 53
velocity 57
time 7
note_off 53
time 79
note_on 52
velocity 69
time 27
note_on 72
velocity 72
time 9
note_off 79
time 26
note_off 52
time 1
note_off 72
time 45
note_on 50
velocity 71
time 46
note_on 71
velocity 74
time 10
note_off 50
time 23
note_off 71
time 22
note_on 72
velocity 79
time 67
note_on 48
velocity 79
time 3
note_off 72
time 31
note_off 48
time 2
note_on 77
velocity 79
time 95
note_on 50
velocity 72
time 11
note_off 50
time 39
note_on 47
velocity 81
time 84
note_off 47
time 36
note_on 48
velocity 76
time 102
note_off 48
time 32
note_off 77
time 127
note_on 74
velocity 59
time 5
note_off 74
time 74
note_on 60
velocity 63
time 42
note_on 76
velocity 68
time 10
note_off 60
time 19
note_off 76
time 61
note_on 72
velocity 61
time 46
note_off 72
time 61
note_on 55
velocity 75
time 62
note_on 71
velocity 64
time 14
note_off 55
time 16
note_off 71
time 33
note_on 72
velocity 74
time 76
note_off 72
time 41
note_on 78
velocity 78
time 96
note_on 57
velocity 56
time 11
note_off 78
time 26
note_off 57
time 44
note_on 59
velocity 37
time 69
note_off 59
time 48
note_on 60
velocity 48
time 70
note_on 81
velocity 76
time 5
note_off 81
time 28
note_off 60
time 74
note_on 57
velocity 43
time 35
note_off 57
time 138
note_on 55
velocity 43
time 14
note_on 84
velocity 63
time 9
note_off 84
time 79
note_off 55
time 31
note_on 54
velocity 48
time 20
note_on 84
velocity 22
time 13
note_off 54
time 50
note_on 59
velocity 65
time 104
note_off 59
time 37
note_off 84
time 45
note_on 72
velocity 52
time 48
note_off 72
time 110
note_on 47
velocity 77
time 14
note_on 74
velocity 59
time 33
note_off 47
time 1
note_off 74
time 117
note_on 71
velocity 49
time 37
note_on 54
velocity 74
time 100
note_off 71
time 14
note_on 69
velocity 61
time 3
note_off 54
time 14
note_off 69
time 45
note_on 71
velocity 57
time 67
note_off 71
time 53
note_on 64
velocity 56
time 80
note_on 56
velocity 57
time 2
note_off 64
time 27
note_off 56
time 80
note_on 57
velocity 51
time 14
note_off 57
time 78
note_on 59
velocity 47
time 83
note_on 74
velocity 73
time 9
note_off 59
time 72
note_on 56
velocity 45
time 66
note_off 56
time 98
note_on 54
velocity 56
time 14
note_off 54
time 29
note_on 52
velocity 56
time 6
note_off 52
time 3
note_on 45
velocity 68
time 5
note_off 45
time 5
note_off 74
time 54
note_on 71
velocity 51
time 14
note_off 71
time 52
note_on 57
velocity 62
time 83
note_on 72
velocity 51
time 5
note_off 57
time 19
note_off 72
time 11
note_on 69
velocity 53
time 105
note_off 69
time 44
note_on 68
velocity 53
time 92
note_on 59
velocity 54
time 9
note_off 68
time 27
note_off 59
time 2
note_on 69
velocity 53
time 92
note_off 69
time 32
note_on 60
velocity 66
time 92
note_on 76
velocity 63
time 7
note_off 60
time 28
note_off 76
time 11
note_on 71
velocity 59
time 80
note_off 71
time 29
note_on 72
velocity 56
time 115
note_on 57
velocity 62
time 5
note_off 72
time 22
note_off 57
time 16
note_on 69
velocity 53
time 74
note_off 69
time 44
note_on 68
velocity 56
time 106
note_on 60
velocity 61
time 19
note_off 68
time 10
note_off 60
time 14
note_on 69
velocity 52
time 85
note_off 69
time 32
note_on 78
velocity 73
time 0
note_on 62
velocity 76
time 5
note_off 62
time 13
note_off 78
time 1
note_on 72
velocity 62
time 93
note_off 72
time 37
note_on 74
velocity 61
time 89
note_on 59
velocity 57
time 9
note_off 74
time 29
note_off 59
time 1
note_on 71
velocity 64
time 82
note_off 71
time 41
note_on 69
velocity 66
time 93
note_on 62
velocity 70
time 11
note_off 69
time 22
note_off 62
time 1
note_on 71
velocity 69
time 91
note_off 71
time 35
note_on 64
velocity 94
time 105
note_on 79
velocity 74
time 9
note_off 64
time 14
note_off 79
time 41
note_on 74
velocity 68
time 71
note_off 74
time 31
note_on 76
velocity 69
time 101
note_on 60
velocity 73
time 11
note_off 76
time 28
note_off 60
time 1
note_on 72
velocity 64
time 79
note_off 72
time 36
note_on 71
velocity 61
time 98
note_off 71
time 29
note_on 57
velocity 55
time 1
note_off 57
time 32
note_on 81
velocity 70
time 61
note_on 54
velocity 58
time 7
note_off 54
time 29
note_off 81
time 0
note_on 79
velocity 64
time 80
note_off 79
time 44
note_on 78
velocity 65
time 89
note_on 50
velocity 43
time 19
note_off 78
time 20
note_off 50
time 20
note_on 76
velocity 57
time 69
note_off 76
time 28
note_on 74
velocity 59
time 98
note_off 74
time 31
note_on 72
velocity 63
time 85
note_off 72
time 32
note_on 55
velocity 76
time 83
note_on 71
velocity 66
time 11
note_off 55
time 20
note_off 71
time 20
note_on 74
velocity 66
time 70
note_on 54
velocity 66
time 1
note_off 74
time 35
note_off 54
time 2
note_on 52
velocity 72
time 88
note_on 72
velocity 66
time 3
note_off 52
time 32
note_off 72
time 2
note_on 71
velocity 64
time 80
note_on 50
velocity 70
time 7
note_off 50
time 42
note_off 71
time 0
note_on 69
velocity 64
time 88
note_on 59
velocity 61
time 26
note_off 69
time 6
note_off 59
time 20
note_on 67
velocity 57
time 80
note_off 67
time 28
note_on 57
velocity 59
time 15
note_on 66
velocity 53
time 1
note_off 66
time 18
note_on 76
velocity 68
time 23
note_off 76
time 36
note_on 74
velocity 58
time 93
note_off 57
time 15
note_off 74
time 15
note_on 72
velocity 63
time 75
note_off 72
time 36
note_on 71
velocity 65
time 92
note_off 71
time 35
note_on 69
velocity 65
time 79
note_off 69
time 44
note_on 67
velocity 76
time 89
note_on 59
velocity 72
time 3
note_off 67
time 26
note_off 59
time 15
note_on 66
velocity 73
time 69
note_on 62
velocity 70
time 10
note_off 66
time 23
note_off 62
time 22
note_on 64
velocity 70
time 66
note_on 60
velocity 62
time 10
note_off 64
time 24
note_off 60
time 13
note_on 59
velocity 67
time 70
note_on 62
velocity 70
time 2
note_off 62
time 33
note_off 59
time 10
note_on 57
velocity 64
time 69
note_on 71
velocity 81
time 10
note_off 71
time 36
note_off 57
time 5
note_on 55
velocity 56
time 80
note_off 55
time 102
note_on 54
velocity 64
time 10
note_on 69
velocity 82
time 9
note_off 54
time 37
note_off 69
time 0
note_on 64
velocity 56
time 110
note_off 64
time 57
note_on 62
velocity 48
time 78
note_off 62
time 54
note_on 60
velocity 62
time 61
note_off 60
time 41
note_on 59
velocity 59
time 67
note_off 59
time 27
note_on 57
velocity 53
time 115
note_off 57
time 31
note_on 55
velocity 76
time 92
note_off 55
time 29
note_on 54
velocity 76
time 80
note_on 57
velocity 57
time 23
note_off 54
time 9
note_off 57
time 29
note_on 52
velocity 80
time 62
note_on 59
velocity 63
time 23
note_off 52
time 14
note_off 59
time 22
note_on 50
velocity 77
time 62
note_on 60
velocity 67
time 29
note_off 50
time 11
note_off 60
time 22
note_on 60
velocity 84
time 85
note_on 62
velocity 69
time 13
note_off 60
time 11
note_off 62
time 19
note_on 64
velocity 61
time 91
note_off 64
time 33
note_on 59
velocity 93
time 83
note_on 66
velocity 60
time 26
note_off 66
time 46
note_on 67
velocity 68
time 69
note_off 67
time 40
note_off 59
time 36
note_on 69
velocity 68
time 37
note_off 69
time 32
note_on 71
velocity 61
time 97
note_off 71
time 35
note_on 72
velocity 73
time 82
note_off 72
time 42
note_on 74
velocity 67
time 91
note_off 74
time 32
note_on 67
velocity 71
time 80
note_off 67
time 27
note_on 66
velocity 72
time 89
note_on 47
velocity 56
time 9
note_off 66
time 23
note_on 64
velocity 72
time 84
note_off 47
time 19
note_on 48
velocity 57
time 1
note_off 64
time 19
note_off 48
time 39
note_on 62
velocity 77
time 37
note_off 62
time 27
note_on 50
velocity 45
time 2
note_off 50
time 39
note_on 72
velocity 91
time 58
note_on 52
velocity 50
time 1
note_off 72
time 23
note_off 52
time 36
note_on 54
velocity 58
time 69
note_on 55
velocity 57
time 126
note_off 54
time 14
note_on 71
velocity 91
time 2
note_off 71
time 83
note_off 55
time 24
note_on 57
velocity 66
time 6
note_off 57
time 95
note_on 59
velocity 65
time 37
note_off 59
time 46
note_on 60
velocity 70
time 84
note_off 60
time 32
note_on 62
velocity 70
time 100
note_off 62
time 29
note_on 64
velocity 62
time 102
note_off 64
time 39
note_on 62
velocity 64
time 101
note_off 62
time 122
note_on 59
velocity 56
time 48
note_off 59
time 31
note_on 57
velocity 68
time 91
note_off 57
time 33
note_on 55
velocity 56
time 105
note_off 55
time 28
note_on 64
velocity 57
time 101
note_off 64
time 37
note_on 60
velocity 59
time 87
note_off 60
time 24
note_on 62
velocity 65
time 114
note_off 62
time 55
note_on 59
velocity 63
time 61
note_off 59
time 36
note_on 57
velocity 62
time 110
note_off 57
time 37
note_on 55
velocity 66
time 76
note_off 55
time 31
note_on 60
velocity 59
time 118
note_off 60
time 27
note_on 57
velocity 63
time 76
note_off 57
time 28
note_on 74
velocity 62
time 122
note_on 59
velocity 43
time 14
note_off 59
time 41
note_off 74
time 31
note_on 71
velocity 59
time 48
note_on 62
velocity 43
time 11
note_off 71
time 24
note_off 62
time 13
note_on 60
velocity 50
time 74
note_on 69
velocity 67
time 6
note_off 60
time 26
note_off 69
time 9
note_on 67
velocity 70
time 78
note_on 59
velocity 40
time 15
note_off 67
time 14
note_off 59
time 27
note_on 76
velocity 74
time 58
note_on 60
velocity 50
time 20
note_off 76
time 31
note_off 60
time 7
note_on 72
velocity 67
time 72
note_on 57
velocity 29
time 23
note_off 72
time 10
note_off 57
time 39
note_on 74
velocity 75
time 71
note_on 59
velocity 50
time 1
note_off 74
time 37
note_off 59
time 29
note_on 55
velocity 43
time 54
note_on 71
velocity 60
time 2
note_off 71
time 32
note_off 55
time 2
note_on 54
velocity 8
time 97
note_on 69
velocity 53
time 7
note_off 69
time 31
note_off 54
time 28
note_on 52
velocity 44
time 28
note_on 67
velocity 69
time 19
note_off 52
time 23
note_off 67
time 11
note_on 57
velocity 42
time 93
note_on 72
velocity 61
time 11
note_off 57
time 26
note_off 72
time 1
note_on 54
velocity 44
time 88
note_on 69
velocity 64
time 1
note_off 69
time 32
note_off 54
time 5
note_on 55
velocity 64
time 92
note_on 71
velocity 70
time 2
note_off 55
time 40
note_off 71
time 18
note_on 59
velocity 59
time 63
note_on 74
velocity 51
time 11
note_off 59
time 27
note_off 74
time 10
note_on 72
velocity 75
time 84
note_on 57
velocity 62
time 5
note_off 72
time 28
note_off 57
time 5
note_on 71
velocity 50
time 74
note_on 55
velocity 52
time 40
note_off 71
time 10
note_off 55
time 23
note_on 72
velocity 78
time 61
note_on 57
velocity 59
time 20
note_off 72
time 11
note_off 57
time 14
note_on 54
velocity 73
time 82
note_on 69
velocity 65
time 1
note_off 54
time 29
note_off 69
time 3
note_on 71
velocity 72
time 95
note_on 55
velocity 63
time 6
note_off 55
time 24
note_off 71
time 0
note_on 67
velocity 67
time 93
note_on 59
velocity 43
time 13
note_off 67
time 20
note_off 59
time 19
note_on 66
velocity 69
time 75
note_on 57
velocity 61
time 3
note_off 66
time 31
note_off 57
time 9
note_on 55
velocity 55
time 76
note_on 64
velocity 69
time 1
note_off 55
time 32
note_off 64
time 0
note_on 69
velocity 69
time 105
note_on 60
velocity 50
time 11
note_off 69
time 19
note_off 60
time 11
note_on 57
velocity 56
time 79
note_on 66
velocity 63
time 1
note_off 57
time 28
note_off 66
time 1
note_on 67
velocity 80
time 101
note_on 59
velocity 55
time 14
note_off 59
time 76
note_off 67
time 26
note_on 55
velocity 52
time 5
note_on 71
velocity 54
time 16
note_off 55
time 14
note_off 71
time 31
note_on 54
velocity 61
time 57
note_on 69
velocity 76
time 7
note_off 54
time 19
note_off 69
time 14
note_on 52
velocity 72
time 72
note_on 67
velocity 54
time 7
note_off 52
time 27
note_off 67
time 19
note_on 69
velocity 77
time 91
note_on 54
velocity 56
time 6
note_off 69
time 26
note_off 54
time 5
note_on 51
velocity 66
time 70
note_on 66
velocity 74
time 3
note_off 51
time 28
note_off 66
time 1
note_on 52
velocity 74
time 109
note_on 67
velocity 72
time 6
note_off 52
time 27
note_off 67
time 7
note_on 55
velocity 59
time 80
note_on 64
velocity 67
time 5
note_off 55
time 24
note_off 64
time 11
note_on 53
velocity 63
time 95
note_on 62
velocity 70
time 0
note_off 62
time 33
note_off 53
time 1
note_on 60
velocity 66
time 87
note_on 52
velocity 50
time 11
note_off 60
time 23
note_off 52
time 18
note_on 65
velocity 64
time 80
note_on 57
velocity 45
time 10
note_off 65
time 23
note_off 57
time 13
note_on 62
velocity 68
time 71
note_off 62
time 36
note_on 64
velocity 65
time 46
note_on 55
velocity 46
time 15
note_off 64
time 18
note_off 55
time 20
note_on 67
velocity 66
time 80
note_on 52
velocity 42
time 15
note_off 67
time 19
note_off 52
time 23
note_on 50
velocity 51
time 74
note_on 65
velocity 63
time 0
note_off 50
time 29
note_off 65
time 5
note_on 64
velocity 61
time 78
note_on 48
velocity 64
time 2
note_off 64
time 36
note_off 48
time 5
note_on 65
velocity 50
time 98
note_on 50
velocity 35
time 10
note_off 65
time 22
note_off 50
time 27
note_on 62
velocity 61
time 58
note_on 47
velocity 64
time 5
note_off 62
time 22
note_off 47
time 15
note_on 48
velocity 58
time 104
note_on 64
velocity 54
time 3
note_off 48
time 26
note_off 64
time 27
note_on 65
velocity 37
time 91
note_off 65
time 57
note_on 67
velocity 44
time 74
note_on 60
velocity 51
time 10
note_on 69
velocity 52
time 128
note_off 67
time 22
note_off 69
time 39
note_off 60
time 59
note_on 59
velocity 51
time 22
note_on 62
velocity 46
time 15
note_off 62
time 36
note_on 65
velocity 47
time 84
note_off 65
time 35
note_off 59
time 78
note_on 60
velocity 56
time 9
note_on 64
velocity 54
time 9
note_off 60
time 19
note_off 64
time 10
note_on 69
velocity 58
time 98
note_off 69
time 26
note_on 57
velocity 59
time 105
note_on 71
velocity 59
time 5
note_off 57
time 22
note_off 71
time 11
note_on 72
velocity 59
time 96
note_off 72
time 28
note_on 60
velocity 57
time 122
note_on 64
velocity 49
time 0
note_off 60
time 28
note_off 64
time 5
note_on 67
velocity 60
time 83
note_off 67
time 29
note_on 66
velocity 62
time 96
note_on 50
velocity 64
time 3
note_off 50
time 28
note_off 66
time 7
note_on 67
velocity 52
time 104
note_off 67
time 46
note_on 69
velocity 52
time 79
note_on 62
velocity 64
time 16
note_off 69
time 114
note_off 62
time 3
note_on 62
velocity 8
time 0
note_on 71
velocity 44
time 0
note_off 71
time 44
note_on 61
velocity 61
time 95
note_on 64
velocity 46
time 0
note_off 62
time 24
note_off 64
time 13
note_on 67
velocity 60
time 78
note_off 67
time 36
note_off 61
time 111
note_on 62
velocity 71
time 0
note_on 66
velocity 65
time 3
note_off 62
time 26
note_off 66
time 5
note_on 71
velocity 63
time 98
note_off 71
time 31
note_on 59
velocity 63
time 97
note_on 72
velocity 66
time 5
note_off 59
time 20
note_off 72
time 11
note_on 74
velocity 60
time 93
note_off 74
time 33
note_on 62
velocity 68
time 98
note_on 66
velocity 62
time 1
note_off 66
time 27
note_off 62
time 2
note_on 69
velocity 57
time 93
note_off 69
time 26
note_on 52
velocity 71
time 96
note_on 67
velocity 58
time 10
note_off 52
time 16
note_off 67
time 10
note_on 69
velocity 55
time 7
note_off 69
time 6
note_on 64
velocity 72
time 13
note_on 71
velocity 44
time 14
note_on 72
velocity 57
time 0
note_off 71
time 1
note_off 72
time 11
note_off 64
time 24
note_on 63
velocity 71
time 3
note_on 66
velocity 57
time 18
note_off 66
time 42
note_on 69
velocity 66
time 74
note_off 69
time 40
note_off 63
time 92
note_on 64
velocity 73
time 2
note_on 67
velocity 71
time 7
note_off 64
time 20
note_off 67
time 10
note_on 72
velocity 70
time 95
note_off 72
time 32
note_on 74
velocity 74
time 88
note_on 60
velocity 72
time 15
note_off 74
time 23
note_off 60
time 7
note_on 76
velocity 69
time 111
note_off 76
time 31
note_on 67
velocity 69
time 82
note_on 64
velocity 62
time 6
note_off 67
time 31
note_off 64
time 9
note_on 71
velocity 65
time 85
note_off 71
time 32
note_on 54
velocity 71
time 82
note_on 69
velocity 69
time 14
note_off 54
time 18
note_off 69
time 15
note_on 67
velocity 57
time 88
note_off 67
time 29
note_on 52
velocity 68
time 106
note_on 69
velocity 50
time 2
note_off 52
time 23
note_off 69
time 7
note_on 71
velocity 52
time 95
note_off 71
time 32
note_on 50
velocity 81
time 87
note_on 72
velocity 58
time 16
note_off 50
time 23
note_off 72
time 35
note_on 74
velocity 61
time 65
note_off 74
time 35
note_on 72
velocity 64
time 111
note_on 55
velocity 53
time 6
note_off 72
time 20
note_off 55
time 14
note_on 71
velocity 49
time 89
note_off 71
time 35
note_on 48
velocity 73
time 79
note_on 69
velocity 66
time 6
note_off 69
time 32
note_off 48
time 79
note_on 67
velocity 74
time 1
note_on 47
velocity 58
time 11
note_off 67
time 28
note_off 47
time 48
note_on 45
velocity 58
time 24
note_on 77
velocity 87
time 23
note_off 77
time 33
note_on 43
velocity 56
time 50
note_off 45
time 0
note_off 43
time 167
note_on 48
velocity 51
time 18
note_on 76
velocity 72
time 10
note_off 76
time 31
note_off 48
time 14
note_on 55
velocity 52
time 76
note_on 57
velocity 58
time 143
note_off 55
time 23
note_off 57
time 88
note_on 59
velocity 62
time 19
note_off 59
time 88
note_on 60
velocity 54
time 48
note_off 60
time 58
note_on 62
velocity 46
time 55
note_off 62
time 95
note_on 64
velocity 70
time 16
note_on 74
velocity 76
time 3
note_off 64
time 29
note_off 74
time 37
note_on 73
velocity 79
time 49
note_on 71
velocity 79
time 151
note_on 50
velocity 58
time 6
note_off 73
time 54
note_off 50
time 24
note_off 71
time 9
note_on 69
velocity 84
time 14
note_on 49
velocity 57
time 7
note_off 69
time 55
note_off 49
time 14
note_on 47
velocity 64
time 44
note_on 79
velocity 87
time 14
note_off 79
time 33
note_on 45
velocity 59
time 70
note_off 47
time 5
note_off 45
time 53
note_on 78
velocity 93
time 93
note_on 50
velocity 56
time 20
note_off 78
time 26
note_off 50
time 15
note_on 57
velocity 57
time 83
note_off 57
time 113
note_on 59
velocity 59
time 11
note_off 59
time 97
note_on 61
velocity 69
time 24
note_off 61
time 106
note_on 62
velocity 58
time 37
note_off 62
time 54
note_on 64
velocity 58
time 70
note_off 64
time 115
note_on 66
velocity 64
time 19
note_on 81
velocity 84
time 11
note_off 66
time 18
note_off 81
time 75
note_on 78
velocity 87
time 36
note_on 55
velocity 60
time 109
note_on 76
velocity 86
time 20
note_off 78
time 48
note_off 55
time 41
note_on 54
velocity 66
time 3
note_on 74
velocity 82
time 5
note_off 76
time 1
note_off 74
time 54
note_on 84
velocity 92
time 67
note_off 54
time 16
note_on 52
velocity 53
time 11
note_off 84
time 16
note_on 50
velocity 58
time 55
note_off 52
time 16
note_off 50
time 32
note_on 55
velocity 61
time 131
note_on 83
velocity 86
time 1
note_off 55
time 39
note_off 83
time 19
note_on 79
velocity 63
time 69
note_off 79
time 23
note_on 52
velocity 66
time 98
note_on 81
velocity 76
time 5
note_off 81
time 29
note_off 52
time 1
note_on 83
velocity 72
time 89
note_off 83
time 32
note_on 76
velocity 70
time 89
note_on 48
velocity 58
time 9
note_off 76
time 20
note_off 48
time 9
note_on 79
velocity 75
time 78
note_off 79
time 29
note_on 45
velocity 65
time 95
note_on 72
velocity 74
time 9
note_off 45
time 27
note_off 72
time 18
note_on 78
velocity 75
time 89
note_off 78
time 31
note_on 79
velocity 75
time 91
note_on 50
velocity 57
time 7
note_off 50
time 29
note_off 79
time 6
note_on 78
velocity 6
time 16
note_off 78
time 18
note_on 81
velocity 77
time 53
note_off 81
time 35
note_on 38
velocity 56
time 84
note_on 74
velocity 76
time 11
note_off 74
time 35
note_off 38
time 3
note_on 78
velocity 74
time 87
note_off 78
time 27
note_on 71
velocity 69
time 130
note_on 43
velocity 63
time 5
note_off 71
time 65
note_on 74
velocity 72
time 62
note_off 74
time 35
note_on 76
velocity 82
time 84
note_off 76
time 46
note_off 43
time 20
note_on 77
velocity 76
time 72
note_off 77
time 33
note_on 71
velocity 72
time 85
note_off 71
time 32
note_on 74
velocity 72
time 74
note_off 74
time 29
note_on 67
velocity 74
time 104
note_off 67
time 67
note_on 71
velocity 74
time 49
note_on 62
velocity 69
time 26
note_off 71
time 2
note_off 62
time 31
note_on 72
velocity 84
time 52
note_on 64
velocity 64
time 20
note_off 72
time 10
note_off 64
time 15
note_on 74
velocity 76
time 87
note_on 65
velocity 53
time 1
note_off 74
time 27
note_off 65
time 3
note_on 67
velocity 69
time 87
note_on 59
velocity 60
time 9
note_off 67
time 20
note_off 59
time 6
note_on 62
velocity 61
time 93
note_on 71
velocity 48
time 15
note_off 62
time 13
note_off 71
time 22
note_on 62
velocity 75
time 61
note_on 55
velocity 71
time 16
note_off 55
time 37
note_off 62
time 11
note_on 67
velocity 69
time 65
note_on 59
velocity 54
time 18
note_off 67
time 11
note_off 59
time 20
note_on 69
velocity 72
time 65
note_on 60
velocity 47
time 27
note_off 69
time 14
note_off 60
time 20
note_on 71
velocity 73
time 67
note_on 62
velocity 18
time 22
note_off 62
time 1
note_off 71
time 6
note_on 55
velocity 61
time 83
note_on 62
velocity 60
time 10
note_off 55
time 16
note_off 62
time 19
note_on 59
velocity 56
time 67
note_on 67
velocity 68
time 18
note_off 59
time 14
note_off 67
time 18
note_on 59
velocity 67
time 82
note_on 50
velocity 64
time 7
note_off 50
time 10
note_off 59
time 10
note_on 62
velocity 69
time 83
note_on 53
velocity 47
time 6
note_off 62
time 26
note_off 53
time 9
note_on 64
velocity 68
time 79
note_off 64
time 36
note_on 57
velocity 57
time 71
note_on 65
velocity 70
time 18
note_off 57
time 7
note_off 65
time 26
note_on 50
velocity 55
time 91
note_on 59
velocity 69
time 1
note_off 50
time 29
note_off 59
time 3
note_on 53
velocity 61
time 79
note_on 62
velocity 65
time 15
note_off 53
time 10
note_off 62
time 18
note_on 47
velocity 63
time 89
note_on 55
velocity 54
time 10
note_off 47
time 29
note_on 50
velocity 56
time 100
note_off 50
time 29
note_on 52
velocity 78
time 88
note_off 55
time 9
note_off 52
time 26
note_on 53
velocity 70
time 92
note_off 53
time 35
note_on 47
velocity 65
time 97
note_off 47
time 28
note_on 50
velocity 59
time 97
note_off 50
time 31
note_on 43
velocity 60
time 105
note_on 64
velocity 62
time 5
note_off 64
time 36
note_on 62
velocity 66
time 92
note_off 62
time 33
note_off 43
time 92
note_on 60
velocity 58
time 9
note_on 45
velocity 51
time 16
note_off 60
time 19
note_off 45
time 13
note_on 59
velocity 59
time 72
note_off 59
time 37
note_on 65
velocity 62
time 115
note_on 47
velocity 65
time 3
note_off 47
time 28
note_off 65
time 1
note_on 64
velocity 64
time 218
note_on 48
velocity 58
time 5
note_off 48
time 35
note_on 50
velocity 52
time 95
note_off 50
time 35
note_on 52
velocity 54
time 106
note_off 64
time 1
note_off 52
time 37
note_on 54
velocity 55
time 72
note_off 54
time 46
note_on 55
velocity 58
time 89
note_off 55
time 39
note_on 57
velocity 51
time 80
note_off 57
time 31
note_on 67
velocity 63
time 106
note_off 67
time 27
note_on 59
velocity 31
time 2
note_off 59
time 49
note_on 66
velocity 72
time 36
note_on 62
velocity 47
time 23
note_off 66
time 10
note_off 62
time 24
note_on 60
velocity 60
time 69
note_on 64
velocity 68
time 10
note_off 60
time 26
note_off 64
time 9
note_on 62
velocity 63
time 74
note_on 59
velocity 54
time 11
note_off 62
time 23
note_off 59
time 11
note_on 72
velocity 80
time 76
note_on 57
velocity 59
time 3
note_off 72
time 22
note_off 57
time 28
note_on 55
velocity 59
time 5
note_off 55
time 0
note_on 54
velocity 60
time 5
note_on 72
velocity 78
time 7
note_off 54
time 29
note_off 72
time 11
note_on 71
velocity 69
time 14
note_off 71
time 69
note_on 72
velocity 76
time 11
note_on 57
velocity 20
time 26
note_off 57
time 61
note_on 55
velocity 55
time 67
note_off 55
time 28
note_off 72
time 82
note_on 54
velocity 76
time 2
note_off 54
time 29
note_on 52
velocity 77
time 106
note_off 52
time 36
note_on 50
velocity 59
time 100
note_off 50
time 29
note_on 55
velocity 54
time 126
note_on 72
velocity 73
time 7
note_off 72
time 35
note_on 71
velocity 66
time 105
note_off 71
time 32
note_off 55
time 76
note_on 52
velocity 53
time 16
note_on 69
velocity 65
time 6
note_off 52
time 27
note_off 69
time 6
note_on 67
velocity 66
time 97
note_off 67
time 31
note_on 48
velocity 72
time 101
note_on 76
velocity 81
time 5
note_off 48
time 35
note_off 76
time 22
note_on 72
velocity 77
time 76
note_off 72
time 28
note_on 74
velocity 76
time 115
note_on 55
velocity 59
time 5
note_off 74
time 33
note_off 55
time 7
note_on 71
velocity 57
time 101
note_off 71
time 27
note_on 47
velocity 59
time 111
note_on 69
velocity 57
time 9
note_off 69
time 26
note_off 47
time 9
note_on 67
velocity 60
time 102
note_off 67
time 36
note_on 72
velocity 61
time 139
note_on 52
velocity 34
time 13
note_off 72
time 22
note_off 52
time 27
note_on 69
velocity 59
time 92
note_off 69
time 36
note_on 72
velocity 59
time 152
note_on 48
velocity 50
time 5
note_off 72
time 28
note_off 48
time 6
note_on 71
velocity 57
time 6
note_off 71
time 6
note_on 50
velocity 46
time 23
note_on 69
velocity 42
time 3
note_off 69
time 22
note_off 50
time 7
note_on 67
velocity 55
time 195
note_off 67
time 39
note_on 69
velocity 61
time 63
note_on 38
velocity 31
time 7
note_off 69
time 20
note_off 38
time 27
note_on 66
velocity 58
time 6
note_off 66
time 16
note_on 67
velocity 45
time 283
note_on 43
velocity 32
time 41
note_off 67
time 2688
note_off 43
time 37
