note_on 52
velocity 33
time 14
note_on 64
velocity 48
time 6
note_off 64
time 6
note_on 68
velocity 63
time 8
note_off 68
time 73
note_on 71
velocity 61
time 12
note_off 71
time 210
note_on 76
velocity 60
time 38
note_on 56
velocity 44
time 32
note_on 75
velocity 67
time 220
note_off 76
time 38
note_off 75
time 0
note_on 76
velocity 61
time 13
note_off 76
time 14
note_on 75
velocity 62
time 6
note_on 57
velocity 50
time 13
note_off 75
time 3
note_on 73
velocity 59
time 19
note_off 56
time 4
note_off 73
time 14
note_on 75
velocity 65
time 14
note_on 73
velocity 62
time 37
note_off 75
time 23
note_on 71
velocity 67
time 45
note_off 73
time 19
note_off 71
time 171
note_on 73
velocity 65
time 66
note_off 73
time 201
note_on 76
velocity 66
time 45
note_on 56
velocity 53
time 263
note_off 57
time 0
note_off 56
time 263
note_on 54
velocity 51
time 2
note_off 76
time 10
note_on 73
velocity 57
time 15
note_off 54
time 4
note_on 56
velocity 53
time 1
note_off 73
time 4
note_on 71
velocity 58
time 1
note_off 71
time 13
note_on 73
velocity 66
time 17
note_on 71
velocity 67
time 71
note_off 73
time 8
note_on 69
velocity 66
time 56
note_off 71
time 0
note_off 69
time 193
note_on 71
velocity 65
time 64
note_off 71
time 197
note_on 76
velocity 63
time 55
note_off 56
time 232
note_on 57
velocity 51
time 21
note_off 57
time 242
note_on 56
velocity 56
time 21
note_on 69
velocity 61
time 271
note_off 56
time 5
note_on 54
velocity 47
time 5
note_off 76
time 125
note_off 69
time 101
note_on 71
velocity 63
time 23
note_off 71
time 198
note_on 73
velocity 62
time 54
note_off 73
time 202
note_on 71
velocity 56
time 60
note_on 51
velocity 38
time 16
note_off 52
time 10
note_off 71
time 203
note_on 73
velocity 59
time 22
note_off 73
time 203
note_on 69
velocity 60
time 55
note_off 51
time 13
note_off 69
time 6
note_off 54
time 0
note_on 68
velocity 63
time 12
note_on 52
velocity 48
time 0
note_off 68
time 8
note_on 71
velocity 73
time 15
note_on 56
velocity 52
time 4
note_off 71
time 10
note_on 76
velocity 73
time 48
note_off 52
time 15
note_on 59
velocity 56
time 8
note_off 56
time 87
note_off 76
time 94
note_on 80
velocity 76
time 64
note_off 59
time 7
note_on 64
velocity 52
time 8
note_on 63
velocity 58
time 247
note_off 64
time 23
note_off 63
time 234
note_on 64
velocity 59
time 0
note_on 58
velocity 59
time 284
note_off 64
time 82
note_on 78
velocity 69
time 179
note_off 80
time 83
note_off 78
time 161
note_on 61
velocity 51
time 6
note_on 76
velocity 65
time 12
note_off 76
time 248
note_off 61
time 17
note_on 75
velocity 65
time 1
note_on 66
velocity 49
time 15
note_off 75
time 217
note_on 76
velocity 64
time 31
note_off 76
time 221
note_off 66
time 8
note_on 73
velocity 62
time 12
note_off 58
time 3
note_off 73
time 8
note_on 47
velocity 49
time 9
note_on 73
velocity 59
time 8
note_off 73
time 0
note_on 75
velocity 60
time 8
note_off 75
time 5
note_on 51
velocity 44
time 6
note_on 76
velocity 58
time 8
note_off 76
time 84
note_on 75
velocity 53
time 30
note_off 75
time 57
note_on 76
velocity 56
time 27
note_off 47
time 36
note_on 54
velocity 52
time 0
note_off 76
time 37
note_off 51
time 9
note_on 75
velocity 68
time 4
note_off 75
time 77
note_on 76
velocity 64
time 21
note_off 54
time 57
note_on 59
velocity 59
time 12
note_off 76
time 1
note_on 75
velocity 66
time 7
note_off 59
time 257
note_on 58
velocity 56
time 2
note_off 58
time 252
note_on 59
velocity 55
time 6
note_on 52
velocity 55
time 275
note_off 59
time 110
note_on 76
velocity 66
time 165
note_off 75
time 38
note_off 76
time 188
note_on 59
velocity 54
time 20
note_on 78
velocity 71
time 2
note_off 78
time 261
note_on 80
velocity 73
time 6
note_on 64
velocity 52
time 14
note_off 59
time 205
note_on 73
velocity 65
time 44
note_off 80
time 27
note_off 73
time 219
note_on 76
velocity 63
time 19
note_off 76
time 233
note_on 54
velocity 51
time 42
note_on 66
velocity 60
time 2
note_off 52
time 65
note_on 70
velocity 70
time 191
note_off 66
time 14
note_on 73
velocity 72
time 242
note_off 70
time 55
note_off 73
time 188
note_on 78
velocity 71
time 35
note_on 63
velocity 60
time 10
note_off 64
time 61
note_on 76
velocity 73
time 184
note_off 78
time 48
note_off 76
time 186
note_on 78
velocity 69
time 23
note_off 78
time 226
note_on 68
velocity 67
time 33
note_off 68
time 248
note_on 71
velocity 62
time 17
note_off 71
time 231
note_on 75
velocity 69
time 29
note_off 75
time 211
note_on 76
velocity 65
time 53
note_on 61
velocity 55
time 268
note_off 63
time 44
note_off 61
time 214
note_on 59
velocity 58
time 10
note_off 59
time 221
note_off 76
time 30
note_on 58
velocity 51
time 15
note_on 66
velocity 61
time 2
note_on 70
velocity 63
time 256
note_off 66
time 27
note_off 70
time 233
note_on 73
velocity 61
time 10
note_off 73
time 227
note_on 76
velocity 61
time 40
note_off 76
time 179
note_on 75
velocity 64
time 73
note_off 75
time 225
note_on 49
velocity 47
time 39
note_on 76
velocity 55
time 3
note_off 54
time 20
note_off 76
time 210
note_off 49
time 29
note_on 66
velocity 54
time 7
note_on 50
velocity 48
time 1
note_on 70
velocity 61
time 268
note_off 66
time 40
note_off 70
time 208
note_on 73
velocity 62
time 14
note_off 73
time 201
note_off 58
time 46
note_on 74
velocity 55
time 22
note_on 59
velocity 49
time 8
note_off 50
time 244
note_on 52
velocity 57
time 15
note_off 52
time 253
note_on 54
velocity 61
time 15
note_off 54
time 19
note_on 55
velocity 63
time 15
note_off 74
time 46
note_on 76
velocity 68
time 71
note_on 61
velocity 56
time 8
note_off 59
time 9
note_on 74
velocity 65
time 243
note_on 62
velocity 58
time 7
note_off 61
time 41
note_off 76
time 2
note_on 73
velocity 73
time 217
note_off 74
time 2
note_off 62
time 5
note_on 64
velocity 57
time 2
note_on 74
velocity 71
time 248
note_off 73
time 11
note_off 74
time 218
note_on 71
velocity 71
time 29
note_off 71
time 0
note_on 70
velocity 62
time 2
note_off 55
time 2
note_off 70
time 9
note_on 71
velocity 69
time 15
note_on 70
velocity 74
time 8
note_on 54
velocity 56
time 1
note_off 71
time 63
note_on 68
velocity 73
time 188
note_off 70
time 11
note_off 68
time 9
note_on 66
velocity 72
time 13
note_off 66
time 14
note_on 79
velocity 79
time 9
note_off 64
time 2
note_off 79
time 9
note_on 78
velocity 77
time 3
note_on 63
velocity 54
time 3
note_on 56
velocity 57
time 5
note_off 54
time 13
note_on 77
velocity 77
time 0
note_on 61
velocity 56
time 8
note_on 58
velocity 52
time 3
note_off 56
time 8
note_off 63
time 7
note_off 78
time 0
note_off 61
time 1
note_off 77
time 0
note_on 76
velocity 73
time 7
note_on 59
velocity 62
time 8
note_off 58
time 112
note_on 75
velocity 74
time 147
note_off 76
time 30
note_on 74
velocity 64
time 238
note_off 75
time 3
note_on 53
velocity 44
time 9
note_off 74
time 244
note_on 73
velocity 66
time 6
note_on 54
velocity 47
time 32
note_off 53
time 57
note_on 75
velocity 68
time 31
note_off 73
time 22
note_off 59
time 43
note_off 75
time 64
note_on 76
velocity 66
time 15
note_on 58
velocity 44
time 12
note_off 76
time 201
note_on 70
velocity 63
time 6
note_off 58
time 8
note_on 64
velocity 47
time 4
note_off 54
time 0
note_off 64
time 1
note_off 70
time 3
note_on 71
velocity 60
time 4
note_on 47
velocity 53
time 3
note_on 63
velocity 55
time 10
note_on 51
velocity 51
time 27
note_on 54
velocity 58
time 259
note_off 47
time 78
note_off 51
time 0
note_off 54
time 176
note_on 59
velocity 63
time 19
note_off 63
time 165
note_on 57
velocity 59
time 91
note_off 59
time 6
note_off 57
time 248
note_on 59
velocity 61
time 20
note_on 56
velocity 56
time 278
note_off 59
time 66
note_on 75
velocity 57
time 209
note_off 71
time 67
note_on 78
velocity 63
time 189
note_off 75
time 65
note_on 83
velocity 65
time 212
note_off 78
time 38
note_off 83
time 181
note_on 81
velocity 68
time 39
note_on 54
velocity 49
time 3
note_off 56
time 13
note_off 81
time 231
note_on 83
velocity 67
time 12
note_on 56
velocity 47
time 22
note_off 54
time 23
note_off 83
time 215
note_off 56
time 7
note_on 73
velocity 62
time 8
note_on 53
velocity 47
time 14
note_on 56
velocity 47
time 254
note_on 77
velocity 65
time 5
note_off 73
time 25
note_on 80
velocity 73
time 227
note_on 59
velocity 54
time 12
note_off 77
time 8
note_off 56
time 37
note_off 80
time 159
note_off 59
time 43
note_on 83
velocity 65
time 9
note_on 62
velocity 46
time 6
note_off 62
time 212
note_on 59
velocity 54
time 41
note_off 59
time 227
note_on 61
velocity 49
time 52
note_on 54
velocity 53
time 275
note_off 53
time 26
note_on 80
velocity 66
time 235
note_off 83
time 17
note_off 80
time 94
note_off 61
time 12
note_on 81
velocity 63
time 3
note_off 54
time 5
note_on 50
velocity 49
time 10
note_on 59
velocity 51
time 0
note_on 78
velocity 62
time 131
note_off 81
time 101
note_off 78
time 60
note_on 80
velocity 68
time 0
note_off 59
time 5
note_off 50
time 7
note_on 60
velocity 52
time 16
note_on 51
velocity 47
time 12
note_off 80
time 3
note_on 77
velocity 63
time 10
note_off 77
time 170
note_on 78
velocity 70
time 13
note_off 60
time 16
note_off 78
time 7
note_off 51
time 7
note_on 77
velocity 68
time 8
note_on 61
velocity 46
time 6
note_on 49
velocity 50
time 1
note_on 78
velocity 62
time 1
note_off 77
time 19
note_off 78
time 84
note_on 80
velocity 65
time 20
note_off 80
time 0
note_off 61
time 15
note_on 73
velocity 60
time 12
note_off 73
time 3
note_off 49
time 135
note_on 74
velocity 61
time 4
note_on 47
velocity 50
time 12
note_on 71
velocity 56
time 3
note_on 50
velocity 43
time 8
note_off 71
time 15
note_off 50
time 57
note_on 68
velocity 59
time 7
note_on 53
velocity 49
time 1
note_off 68
time 203
note_off 53
time 53
note_on 65
velocity 54
time 10
note_on 56
velocity 57
time 5
note_off 65
time 196
note_off 56
time 37
note_on 68
velocity 67
time 1
note_on 59
velocity 53
time 9
note_off 68
time 198
note_off 59
time 31
note_on 57
velocity 56
time 28
note_on 66
velocity 63
time 1
note_off 47
time 229
note_off 66
time 17
note_on 68
velocity 72
time 15
note_off 57
time 9
note_on 59
velocity 61
time 1
note_off 68
time 184
note_on 71
velocity 66
time 60
note_on 56
velocity 56
time 9
note_off 59
time 10
note_off 71
time 202
note_off 74
time 20
note_off 56
time 7
note_on 69
velocity 71
time 10
note_on 54
velocity 54
time 14
note_on 74
velocity 7
time 4
note_off 69
time 179
note_on 71
velocity 68
time 57
note_on 56
velocity 53
time 7
note_off 74
time 20
note_off 54
time 42
note_on 57
velocity 60
time 64
note_off 56
time 13
note_on 74
velocity 60
time 111
note_off 57
time 22
note_on 59
velocity 53
time 13
note_off 74
time 212
note_on 73
velocity 66
time 10
note_on 53
velocity 46
time 12
note_off 73
time 15
note_off 59
time 15
note_on 73
velocity 65
time 14
note_on 54
velocity 41
time 14
note_off 53
time 13
note_off 71
time 2
note_on 69
velocity 60
time 137
note_off 69
time 10
note_on 68
velocity 61
time 42
note_off 68
time 12
note_on 66
velocity 51
time 17
note_on 45
velocity 48
time 7
note_off 54
time 18
note_on 71
velocity 60
time 7
note_off 73
time 18
note_on 69
velocity 69
time 25
note_off 71
time 48
note_off 69
time 2
note_on 68
velocity 64
time 9
note_on 47
velocity 54
time 8
note_off 45
time 111
note_on 69
velocity 66
time 53
note_off 68
time 42
note_off 69
time 50
note_on 71
velocity 59
time 26
note_off 66
time 25
note_on 65
velocity 47
time 61
note_on 49
velocity 50
time 12
note_off 47
time 40
note_on 69
velocity 55
time 219
note_off 71
time 15
note_off 69
time 2
note_on 68
velocity 58
time 4
note_off 65
time 16
note_off 68
time 16
note_on 69
velocity 56
time 13
note_off 49
time 7
note_on 42
velocity 40
time 1
note_on 66
velocity 40
time 2
note_on 45
velocity 53
time 94
note_off 42
time 41
note_on 49
velocity 63
time 109
note_off 45
time 5
note_off 49
time 138
note_on 54
velocity 61
time 14
note_off 69
time 19
note_on 71
velocity 59
time 18
note_on 52
velocity 54
time 2
note_off 54
time 19
note_off 66
time 38
note_off 52
time 17
note_on 68
velocity 66
time 5
note_on 64
velocity 51
time 2
note_on 54
velocity 56
time 1
note_off 71
time 1
note_off 64
time 14
note_off 68
time 14
note_off 54
time 1
note_on 69
velocity 64
time 6
note_on 47
velocity 54
time 4
note_on 63
velocity 52
time 4
note_on 51
velocity 62
time 33
note_off 47
time 12
note_on 54
velocity 68
time 5
note_off 51
time 7
note_off 54
time 53
note_on 59
velocity 74
time 22
note_off 63
time 15
note_off 69
time 17
note_on 57
velocity 63
time 26
note_on 71
velocity 64
time 13
note_off 59
time 35
note_on 69
velocity 65
time 37
note_off 71
time 19
note_on 59
velocity 56
time 71
note_off 57
time 9
note_on 68
velocity 65
time 5
note_off 69
time 50
note_on 66
velocity 59
time 14
note_off 68
time 1
note_off 66
time 32
note_on 52
velocity 54
time 28
note_on 68
velocity 66
time 8
note_off 59
time 44
note_on 66
velocity 62
time 76
note_off 68
time 6
note_off 66
time 51
note_on 64
velocity 64
time 16
note_on 56
velocity 68
time 9
note_off 52
time 113
note_off 64
time 2
note_on 66
velocity 67
time 8
note_on 68
velocity 71
time 129
note_on 59
velocity 73
time 2
note_off 66
time 15
note_off 68
time 92
note_on 69
velocity 71
time 14
note_off 56
time 33
note_on 64
velocity 70
time 95
note_off 59
time 2
note_off 69
time 10
note_on 71
velocity 63
time 0
note_on 69
velocity 67
time 111
note_off 71
time 25
note_on 62
velocity 67
time 101
note_off 69
time 7
note_on 68
velocity 72
time 2
note_off 64
time 46
note_off 68
time 48
note_on 69
velocity 76
time 26
note_on 61
velocity 67
time 141
note_on 71
velocity 70
time 3
note_off 69
time 7
note_off 62
time 45
note_on 73
velocity 72
time 69
note_off 71
time 3
note_on 59
velocity 69
time 23
note_off 73
time 0
note_on 74
velocity 64
time 0
note_off 61
time 8
note_on 73
velocity 73
time 127
note_off 74
time 5
note_on 71
velocity 73
time 15
note_off 73
time 56
note_off 71
time 10
note_on 69
velocity 73
time 0
note_on 57
velocity 57
time 14
note_off 69
time 5
note_on 68
velocity 72
time 15
note_off 59
time 29
note_on 66
velocity 67
time 14
note_off 68
time 7
note_off 66
time 78
note_off 57
time 14
note_on 56
velocity 62
time 1
note_on 64
velocity 68
time 6
note_off 56
time 109
note_on 62
velocity 61
time 23
note_on 61
velocity 66
time 98
note_off 62
time 4
note_off 64
time 20
note_on 59
velocity 74
time 93
note_off 61
time 25
note_on 57
velocity 65
time 113
note_off 59
time 1
note_off 57
time 122
note_on 56
velocity 70
time 3
note_on 57
velocity 56
time 185
note_on 69
velocity 66
time 6
note_off 56
time 7
note_off 69
time 23
note_on 73
velocity 69
time 39
note_on 76
velocity 71
time 257
note_off 73
time 35
note_off 76
time 202
note_on 61
velocity 48
time 35
note_on 81
velocity 69
time 8
note_on 80
velocity 76
time 257
note_off 81
time 8
note_off 80
time 3
note_on 81
velocity 77
time 10
note_off 81
time 15
note_off 61
time 7
note_on 80
velocity 66
time 10
note_on 62
velocity 52
time 17
note_off 80
time 0
note_on 78
velocity 63
time 17
note_off 78
time 12
note_on 80
velocity 67
time 4
note_on 78
velocity 70
time 9
note_off 80
time 16
note_on 76
velocity 72
time 54
note_off 78
time 26
note_off 76
time 208
note_on 78
velocity 73
time 51
note_off 78
time 20
note_on 81
velocity 75
time 40
note_off 62
time 258
note_on 61
velocity 56
time 15
note_on 59
velocity 64
time 275
note_off 61
time 12
note_off 81
time 10
note_on 78
velocity 61
time 7
note_on 61
velocity 57
time 13
note_off 78
time 15
note_on 76
velocity 56
time 11
note_off 59
time 5
note_off 76
time 17
note_on 78
velocity 66
time 3
note_on 76
velocity 73
time 18
note_off 78
time 6
note_on 74
velocity 70
time 62
note_off 76
time 11
note_off 74
time 4
note_on 76
velocity 71
time 17
note_off 76
time 3
note_on 81
velocity 75
time 18
note_off 61
time 87
note_on 62
velocity 59
time 3
note_on 61
velocity 62
time 26
note_off 62
time 13
note_off 81
time 15
note_on 74
velocity 60
time 9
note_on 59
velocity 57
time 0
note_off 61
time 1
note_on 76
velocity 71
time 27
note_off 74
time 33
note_off 76
time 184
note_on 78
velocity 74
time 55
note_off 78
time 230
note_off 57
time 30
note_on 76
velocity 67
time 14
note_on 56
velocity 49
time 13
note_on 78
velocity 72
time 18
note_off 76
time 15
note_off 78
time 18
note_on 74
velocity 62
time 4
note_off 56
time 16
note_off 59
time 15
note_off 74
time 11
note_on 45
velocity 45
time 5
note_on 73
velocity 58
time 8
note_off 73
time 6
note_on 69
velocity 68
time 17
note_on 49
velocity 58
time 16
note_off 69
time 144
note_on 71
velocity 68
time 83
note_on 52
velocity 59
time 2
note_off 45
time 93
note_off 49
time 55
note_off 71
time 58
note_off 52
time 47
note_on 73
velocity 71
time 4
note_on 57
velocity 58
time 9
note_on 56
velocity 65
time 263
note_off 57
time 6
note_off 56
time 256
note_on 57
velocity 69
time 20
note_off 57
time 270
note_on 51
velocity 60
time 10
note_on 71
velocity 63
time 279
note_off 73
time 98
note_off 71
time 151
note_on 54
velocity 50
time 23
note_on 69
velocity 68
time 0
note_off 69
time 227
note_off 54
time 43
note_on 68
velocity 69
time 12
note_on 59
velocity 52
time 4
note_off 68
time 240
note_on 69
velocity 65
time 37
note_off 69
time 4
note_off 59
time 2
note_on 66
velocity 58
time 9
note_off 51
time 15
note_off 66
time 0
note_on 68
velocity 63
time 2
note_on 40
velocity 52
time 6
note_off 68
time 9
note_on 44
velocity 53
time 54
note_on 64
velocity 59
time 7
note_off 64
time 238
note_on 66
velocity 63
time 23
note_off 40
time 6
note_on 47
velocity 59
time 6
note_off 44
time 96
note_off 47
time 147
note_on 68
velocity 66
time 14
note_off 66
time 6
note_on 52
velocity 58
time 5
note_off 52
time 253
note_on 51
velocity 58
time 9
note_off 51
time 257
note_on 52
velocity 63
time 16
note_on 45
velocity 56
time 289
note_off 52
time 40
note_on 69
velocity 66
time 231
note_off 68
time 28
note_off 69
time 232
note_on 52
velocity 52
time 22
note_on 71
velocity 67
time 5
note_off 71
time 258
note_on 73
velocity 67
time 10
note_on 57
velocity 54
time 17
note_off 52
time 234
note_off 73
time 7
note_on 66
velocity 62
time 11
note_off 66
time 227
note_on 69
velocity 60
time 45
note_off 69
time 231
note_on 47
velocity 50
time 45
note_on 59
velocity 60
time 0
note_off 45
time 67
note_off 59
time 193
note_on 63
velocity 59
time 9
note_on 66
velocity 64
time 266
note_off 63
time 89
note_off 66
time 160
note_on 56
velocity 66
time 28
note_on 71
velocity 61
time 4
note_off 57
time 17
note_off 71
time 235
note_on 69
velocity 69
time 2
note_off 69
time 248
note_on 71
velocity 67
time 28
note_off 71
time 231
note_on 61
velocity 60
time 40
note_on 64
velocity 58
time 275
note_off 61
time 30
note_on 68
velocity 65
time 232
note_off 64
time 12
note_off 68
time 222
note_on 69
velocity 63
time 40
note_off 56
time 227
note_on 54
velocity 54
time 52
note_off 54
time 242
note_on 52
velocity 52
time 35
note_off 69
time 2
note_off 52
time 42
note_on 51
velocity 49
time 34
note_on 59
velocity 54
time 15
note_on 63
velocity 57
time 272
note_off 59
time 64
note_on 66
velocity 64
time 207
note_off 63
time 41
note_off 66
time 184
note_on 69
velocity 63
time 38
note_off 69
time 222
note_on 68
velocity 63
time 46
note_off 68
time 216
note_off 47
time 31
note_on 42
velocity 45
time 22
note_on 69
velocity 57
time 1
note_off 69
time 187
note_off 42
time 81
note_on 43
velocity 45
time 4
note_on 59
velocity 56
time 12
note_on 63
velocity 57
time 265
note_off 59
time 26
note_off 63
time 208
note_on 66
velocity 57
time 28
note_off 66
time 190
note_off 51
time 35
note_on 52
velocity 43
time 42
note_on 67
velocity 50
time 4
note_off 43
time 246
note_on 45
velocity 50
time 31
note_off 45
time 214
note_on 47
velocity 58
time 44
note_off 47
time 10
note_on 48
velocity 61
time 8
note_off 67
time 15
note_on 69
velocity 68
time 1
note_on 54
velocity 58
time 7
note_off 52
time 12
note_on 67
velocity 64
time 230
note_on 55
velocity 64
time 5
note_off 69
time 33
note_off 54
time 5
note_on 57
velocity 60
time 231
note_on 66
velocity 69
time 3
note_off 55
time 5
note_off 67
time 22
note_on 67
velocity 68
time 242
note_off 66
time 2
note_off 67
time 247
note_on 64
velocity 69
time 25
note_on 63
velocity 66
time 277
note_off 64
time 4
note_on 47
velocity 55
time 6
note_off 48
time 34
note_on 61
velocity 67
time 229
note_off 63
time 22
note_off 61
time 222
note_on 59
velocity 72
time 31
note_off 59
time 15
note_on 72
velocity 73
time 8
note_off 57
time 10
note_off 47
time 6
note_off 72
time 10
note_on 71
velocity 77
time 3
note_on 56
velocity 61
time 6
note_on 49
velocity 60
time 4
note_on 70
velocity 77
time 12
note_on 51
velocity 56
time 1
note_on 54
velocity 57
time 0
note_off 56
time 2
note_off 71
time 15
note_off 49
time 11
note_off 54
time 19
note_off 70
time 4
note_on 52
velocity 57
time 12
note_on 69
velocity 76
time 0
note_off 51
time 89
note_on 68
velocity 75
time 181
note_off 69
time 21
note_off 68
time 37
note_on 67
velocity 65
time 7
note_on 46
velocity 49
time 3
note_off 46
time 15
note_on 66
velocity 68
time 11
note_off 67
time 0
note_on 47
velocity 46
time 8
note_on 68
velocity 74
time 3
note_off 66
time 15
note_off 52
time 0
note_off 68
time 4
note_on 51
velocity 47
time 17
note_on 69
velocity 71
time 5
note_off 69
time 14
note_off 47
time 31
note_on 63
velocity 62
time 11
note_on 57
velocity 49
time 4
note_off 51
time 3
note_off 63
time 0
note_off 57
time 5
note_on 64
velocity 64
time 12
note_on 56
velocity 53
time 4
note_on 49
velocity 49
time 10
note_on 52
velocity 59
time 9
note_off 56
time 9
note_off 52
time 29
note_on 56
velocity 69
time 19
note_off 56
time 184
note_on 57
velocity 62
time 33
note_off 57
time 215
note_on 56
velocity 65
time 18
note_off 49
time 1
note_off 56
time 0
note_on 57
velocity 64
time 6
note_off 57
time 25
note_on 52
velocity 65
time 15
note_on 44
velocity 61
time 1
note_on 56
velocity 65
time 10
note_on 59
velocity 68
time 65
note_off 56
time 1
note_off 64
time 14
note_on 62
velocity 66
time 25
note_on 64
velocity 7
time 3
note_off 59
time 20
note_off 62
time 212
note_on 61
velocity 64
time 47
note_off 61
time 16
note_on 62
velocity 60
time 8
note_off 44
time 5
note_off 52
time 17
note_on 61
velocity 60
time 10
note_on 45
velocity 48
time 6
note_off 62
time 4
note_on 49
velocity 56
time 0
note_off 49
time 168
note_on 52
velocity 60
time 13
note_off 52
time 6
note_on 57
velocity 57
time 19
note_off 57
time 345
note_on 56
velocity 64
time 29
note_off 56
time 75
note_off 61
time 32
note_on 57
velocity 50
time 20
note_on 63
velocity 55
time 10
note_on 60
velocity 45
time 8
note_off 64
time 81
note_off 57
time 18
note_off 60
time 6
note_off 45
time 12
note_off 63
time 2
note_on 40
velocity 45
time 18
note_on 64
velocity 58
time 0
note_on 59
velocity 45
time 13
note_on 56
velocity 46
time 1
note_off 40
time 138
note_off 64
time 3
note_off 59
time 14
note_off 56
time 2
note_on 64
velocity 83
time 1758
note_off 64
time 35
note_on 66
velocity 87
time 297
note_off 66
time 17
note_on 59
velocity 70
time 38
note_off 59
time 71
note_on 61
velocity 66
time 68
note_off 61
time 62
note_on 63
velocity 66
time 59
note_off 63
time 55
note_on 64
velocity 70
time 65
note_off 64
time 86
note_on 63
velocity 73
time 50
note_off 63
time 90
note_on 64
velocity 77
time 36
note_off 64
time 56
note_on 66
velocity 76
time 77
note_off 66
time 76
note_on 68
velocity 86
time 51
note_off 68
time 84
note_on 69
velocity 86
time 40
note_off 69
time 67
note_on 71
velocity 81
time 68
note_off 71
time 69
note_on 68
velocity 76
time 71
note_off 68
time 56
note_on 73
velocity 88
time 80
note_on 64
velocity 73
time 8
note_off 64
time 80
note_on 63
velocity 69
time 48
note_off 63
time 89
note_on 64
velocity 71
time 48
note_off 64
time 59
note_on 66
velocity 69
time 76
note_off 66
time 62
note_on 64
velocity 68
time 65
note_off 73
time 6
note_off 64
time 50
note_on 63
velocity 71
time 61
note_on 66
velocity 74
time 17
note_off 63
time 41
note_off 66
time 11
note_on 64
velocity 64
time 58
note_on 68
velocity 78
time 12
note_off 64
time 38
note_off 68
time 39
note_on 66
velocity 64
time 44
note_on 70
velocity 71
time 13
note_off 70
time 51
note_off 66
time 2
note_on 71
velocity 69
time 76
note_on 63
velocity 65
time 4
note_off 71
time 67
note_off 63
time 3
note_on 70
velocity 76
time 52
note_on 61
velocity 58
time 26
note_off 70
time 48
note_off 61
time 6
note_on 71
velocity 79
time 47
note_on 63
velocity 66
time 17
note_off 71
time 59
note_off 63
time 21
note_on 73
velocity 80
time 33
note_on 64
velocity 75
time 1
note_off 73
time 76
note_off 64
time 3
note_on 75
velocity 85
time 50
note_on 66
velocity 73
time 4
note_off 75
time 76
note_off 66
time 9
note_on 76
velocity 82
time 38
note_on 68
velocity 75
time 2
note_off 68
time 64
note_off 76
time 2
note_on 69
velocity 74
time 55
note_on 78
velocity 82
time 7
note_off 69
time 78
note_off 78
time 8
note_on 75
velocity 82
time 44
note_on 66
velocity 70
time 1
note_off 75
time 78
note_off 66
time 16
note_on 68
velocity 76
time 51
note_on 71
velocity 81
time 4
note_off 68
time 38
note_off 71
time 30
note_on 69
velocity 76
time 60
note_off 69
time 65
note_on 59
velocity 68
time 76
note_on 71
velocity 73
time 4
note_off 59
time 41
note_off 71
time 14
note_on 73
velocity 71
time 76
note_off 73
time 82
note_on 64
velocity 77
time 57
note_on 71
velocity 67
time 5
note_off 71
time 57
note_on 69
velocity 70
time 68
note_off 69
time 64
note_on 71
velocity 68
time 91
note_on 52
velocity 64
time 2
note_off 71
time 62
note_off 52
time 27
note_on 73
velocity 70
time 35
note_off 73
time 84
note_on 54
velocity 75
time 70
note_on 69
velocity 76
time 0
note_off 64
time 7
note_off 69
time 67
note_on 68
velocity 76
time 0
note_off 68
time 5
note_on 69
velocity 80
time 66
note_on 63
velocity 76
time 9
note_off 63
time 56
note_off 69
time 9
note_off 54
time 15
note_on 71
velocity 77
time 47
note_off 71
time 79
note_on 66
velocity 79
time 68
note_on 69
velocity 81
time 7
note_off 69
time 84
note_on 68
velocity 77
time 50
note_on 47
velocity 63
time 2
note_off 47
time 55
note_off 66
time 18
note_on 49
velocity 72
time 58
note_on 69
velocity 72
time 2
note_on 66
velocity 11
time 32
note_off 68
time 2
note_off 49
time 42
note_off 66
time 37
note_on 51
velocity 63
time 19
note_on 71
velocity 72
time 0
note_off 69
time 13
note_off 51
time 36
note_off 71
time 63
note_on 52
velocity 66
time 28
note_on 68
velocity 74
time 3
note_off 52
time 60
note_off 68
time 61
note_on 66
velocity 70
time 9
note_on 51
velocity 70
time 2
note_off 51
time 81
note_off 66
time 12
note_on 52
velocity 74
time 32
note_on 59
velocity 87
time 1
note_on 68
velocity 71
time 17
note_off 59
time 42
note_off 52
time 6
note_on 54
velocity 75
time 63
note_on 69
velocity 80
time 23
note_off 68
time 35
note_off 69
time 30
note_off 54
time 2
note_on 56
velocity 80
time 60
note_on 64
velocity 80
time 1
note_on 71
velocity 78
time 5
note_off 56
time 94
note_off 64
time 9
note_on 57
velocity 74
time 16
note_off 57
time 73
note_on 59
velocity 73
time 73
note_on 63
velocity 83
time 0
note_off 59
time 54
note_off 63
time 42
note_on 56
velocity 76
time 37
note_off 56
time 64
note_on 61
velocity 81
time 80
note_on 52
velocity 70
time 8
note_off 52
time 112
note_on 51
velocity 67
time 23
note_off 51
time 86
note_on 52
velocity 74
time 45
note_off 52
time 70
note_on 54
velocity 72
time 71
note_off 54
time 78
note_off 71
time 18
note_on 70
velocity 78
time 51
note_on 52
velocity 64
time 12
note_off 52
time 72
note_on 51
velocity 64
time 28
note_off 51
time 77
note_on 52
velocity 65
time 56
note_off 52
time 14
note_off 61
time 5
note_off 70
time 1
note_on 54
velocity 70
time 6
note_off 54
time 10
note_on 51
velocity 64
time 18
note_on 71
velocity 80
time 1
note_on 59
velocity 70
time 5
note_off 59
time 35
note_off 71
time 30
note_off 51
time 18
note_on 49
velocity 66
time 52
note_off 49
time 82
note_on 83
velocity 80
time 55
note_on 51
velocity 64
time 8
note_off 83
time 69
note_off 51
time 2
note_on 52
velocity 67
time 50
note_off 52
time 97
note_on 75
velocity 80
time 50
note_on 54
velocity 66
time 14
note_off 75
time 43
note_off 54
time 16
note_on 56
velocity 71
time 76
note_off 56
time 57
note_on 57
velocity 60
time 94
note_on 78
velocity 75
time 1
note_off 57
time 69
note_off 78
time 10
note_on 54
velocity 67
time 56
note_off 54
time 97
note_on 71
velocity 71
time 51
note_on 56
velocity 65
time 7
note_off 56
time 62
note_on 54
velocity 64
time 78
note_off 54
time 87
note_on 76
velocity 73
time 55
note_on 56
velocity 73
time 7
note_off 56
time 72
note_off 76
time 64
note_on 57
velocity 71
time 3
note_off 57
time 72
note_on 68
velocity 76
time 55
note_on 59
velocity 75
time 10
note_off 71
time 18
note_off 68
time 52
note_off 59
time 1
note_on 61
velocity 78
time 65
note_off 61
time 82
note_on 62
velocity 72
time 58
note_on 71
velocity 76
time 0
note_off 62
time 57
note_on 59
velocity 77
time 83
note_off 59
time 91
note_off 71
time 47
note_on 64
velocity 79
time 4
note_on 61
velocity 74
time 8
note_off 64
time 41
note_off 61
time 20
note_on 59
velocity 81
time 1
note_off 59
time 16
note_on 66
velocity 82
time 19
note_on 69
velocity 77
time 6
note_on 61
velocity 76
time 12
note_off 61
time 0
note_off 69
time 11
note_on 63
velocity 77
time 5
note_off 63
time 54
note_on 68
velocity 80
time 12
note_on 64
velocity 74
time 2
note_off 66
time 12
note_off 64
time 2
note_off 68
time 11
note_on 63
velocity 73
time 18
note_off 63
time 13
note_on 76
velocity 84
time 57
note_on 64
velocity 82
time 2
note_on 61
velocity 78
time 4
note_off 64
time 0
note_off 76
time 1
note_off 61
time 1
note_on 59
velocity 74
time 42
note_off 59
time 15
note_on 78
velocity 89
time 6
note_on 57
velocity 74
time 2
note_on 64
velocity 74
time 1
note_off 57
time 9
note_on 56
velocity 74
time 2
note_off 64
time 1
note_on 57
velocity 75
time 12
note_off 56
time 46
note_on 59
velocity 79
time 12
note_off 57
time 1
note_off 59
time 11
note_off 78
time 23
note_on 57
velocity 79
time 5
note_on 63
velocity 80
time 0
note_off 57
time 78
note_off 63
time 37
note_on 56
velocity 73
time 15
note_on 71
velocity 79
time 3
note_off 71
time 77
note_off 56
time 10
note_on 57
velocity 68
time 50
note_on 73
velocity 76
time 10
note_on 66
velocity 69
time 6
note_off 66
time 41
note_off 57
time 3
note_off 73
time 27
note_on 59
velocity 71
time 46
note_on 75
velocity 72
time 9
note_off 59
time 28
note_off 75
time 52
note_on 59
velocity 64
time 53
note_on 76
velocity 68
time 21
note_on 56
velocity 68
time 3
note_off 56
time 64
note_off 76
time 34
note_on 75
velocity 76
time 38
note_off 75
time 72
note_on 54
velocity 72
time 61
note_on 76
velocity 79
time 0
note_off 76
time 77
note_off 54
time 13
note_on 78
velocity 85
time 44
note_off 78
time 43
note_off 59
time 0
note_on 52
velocity 75
time 13
note_on 80
velocity 89
time 1
note_off 52
time 41
note_off 80
time 54
note_on 81
velocity 82
time 39
note_off 81
time 84
note_on 71
velocity 87
time 64
note_on 83
velocity 84
time 5
note_on 51
velocity 74
time 9
note_off 71
time 45
note_off 83
time 21
note_off 51
time 22
note_on 80
velocity 82
time 28
note_off 80
time 75
note_on 49
velocity 69
time 38
note_on 76
velocity 82
time 6
note_on 73
velocity 85
time 1
note_off 49
time 1
note_off 76
time 56
note_on 75
velocity 73
time 58
note_off 73
time 100
note_on 59
velocity 79
time 41
note_on 76
velocity 71
time 8
note_off 75
time 32
note_off 59
time 51
note_off 76
time 27
note_on 78
velocity 76
time 14
note_off 78
time 28
note_on 58
velocity 76
time 28
note_on 76
velocity 73
time 12
note_off 58
time 56
note_off 76
time 30
note_on 66
velocity 76
time 40
note_on 75
velocity 82
time 5
note_off 66
time 67
note_off 75
time 16
note_on 76
velocity 78
time 61
note_on 68
velocity 84
time 2
note_on 54
velocity 77
time 2
note_off 54
time 45
note_off 68
time 7
note_off 76
time 12
note_on 78
velocity 78
time 68
note_on 70
velocity 76
time 15
note_off 70
time 15
note_off 78
time 5
note_on 59
velocity 77
time 29
note_on 75
velocity 86
time 9
note_on 71
velocity 81
time 1
note_off 71
time 39
note_off 59
time 23
note_off 75
time 17
note_on 73
velocity 85
time 50
note_on 70
velocity 73
time 12
note_off 70
time 52
note_off 73
time 26
note_on 75
velocity 83
time 46
note_on 71
velocity 74
time 9
note_off 71
time 47
note_off 75
time 16
note_on 76
velocity 87
time 55
note_on 73
velocity 72
time 15
note_off 76
time 59
note_off 73
time 12
note_on 78
velocity 88
time 61
note_on 75
velocity 80
time 8
note_off 75
time 75
note_off 78
time 1
note_on 76
velocity 80
time 51
note_on 80
velocity 93
time 0
note_off 76
time 70
note_off 80
time 23
note_on 78
velocity 75
time 44
note_on 81
velocity 90
time 7
note_off 78
time 66
note_on 75
velocity 80
time 64
note_off 75
time 71
note_on 71
velocity 83
time 82
note_off 71
time 69
note_off 81
time 41
note_on 69
velocity 77
time 29
note_off 69
time 90
note_on 71
velocity 76
time 48
note_on 75
velocity 86
time 4
note_off 71
time 55
note_off 75
time 15
note_on 73
velocity 72
time 62
note_off 73
time 63
note_on 71
velocity 74
time 90
note_on 80
velocity 94
time 6
note_off 71
time 72
note_on 69
velocity 76
time 56
note_off 69
time 93
note_on 71
velocity 75
time 51
note_off 71
time 73
note_on 73
velocity 71
time 73
note_off 73
time 69
note_on 69
velocity 76
time 69
note_off 69
time 78
note_on 68
velocity 80
time 53
note_off 68
time 71
note_off 80
time 0
note_on 69
velocity 74
time 63
note_on 78
velocity 76
time 15
note_off 69
time 35
note_off 78
time 53
note_on 71
velocity 71
time 35
note_on 76
velocity 72
time 6
note_off 76
time 67
note_off 71
time 6
note_on 69
velocity 72
time 67
note_on 75
velocity 73
time 25
note_off 69
time 10
note_on 68
velocity 66
time 129
note_off 68
time 98
note_on 59
velocity 78
time 42
note_on 69
velocity 74
time 15
note_off 75
time 23
note_off 59
time 15
note_off 69
time 33
note_on 71
velocity 78
time 50
note_off 71
time 89
note_on 68
velocity 88
time 66
note_on 61
velocity 79
time 4
note_on 76
velocity 77
time 9
note_off 68
time 89
note_off 76
time 29
note_on 75
velocity 82
time 11
note_off 75
time 100
note_on 64
velocity 79
time 50
note_on 76
velocity 75
time 4
note_off 64
time 66
note_off 76
time 12
note_off 61
time 12
note_on 78
velocity 78
time 38
note_off 78
time 100
note_on 69
velocity 79
time 52
note_on 76
velocity 75
time 0
note_off 76
time 86
note_on 54
velocity 71
time 50
note_on 75
velocity 72
time 13
note_off 54
time 60
note_on 56
velocity 73
time 69
note_off 75
time 5
note_on 76
velocity 61
time 11
note_off 56
time 63
note_off 76
time 42
note_on 57
velocity 70
time 20
note_on 78
velocity 72
time 1
note_off 57
time 55
note_on 75
velocity 74
time 87
note_on 59
velocity 76
time 7
note_off 78
time 2
note_off 59
time 68
note_off 75
time 6
note_on 73
velocity 76
time 46
note_on 57
velocity 76
time 15
note_off 57
time 59
note_off 69
time 47
note_on 59
velocity 81
time 28
note_on 75
velocity 78
time 5
note_on 69
velocity 19
time 1
note_off 73
time 42
note_off 69
time 20
note_off 59
time 2
note_on 76
velocity 79
time 57
note_on 61
velocity 80
time 6
note_off 75
time 27
note_off 61
time 61
note_off 76
time 48
note_on 78
velocity 83
time 3
note_on 63
velocity 77
time 9
note_off 63
time 62
note_on 64
velocity 76
time 63
note_on 72
velocity 80
time 7
note_off 64
time 68
note_off 72
time 3
note_on 73
velocity 75
time 58
note_on 63
velocity 72
time 2
note_off 63
time 68
note_on 61
velocity 70
time 69
note_on 75
velocity 75
time 0
note_off 73
time 4
note_off 61
time 56
note_off 75
time 50
note_on 60
velocity 65
time 41
note_on 68
velocity 78
time 5
note_off 60
time 68
note_on 56
velocity 71
time 78
note_off 78
time 28
note_off 56
time 66
note_on 58
velocity 68
time 51
note_on 76
velocity 78
time 1
note_off 76
time 76
note_off 58
time 6
note_on 75
velocity 82
time 47
note_on 60
velocity 73
time 5
note_off 60
time 72
note_off 75
time 13
note_on 76
velocity 86
time 52
note_on 61
velocity 77
time 2
note_off 61
time 84
note_off 68
time 6
note_on 63
velocity 77
time 48
note_off 63
time 66
note_on 64
velocity 72
time 69
note_on 73
velocity 73
time 6
note_off 64
time 56
note_off 73
time 29
note_on 61
velocity 68
time 60
note_off 61
time 44
note_on 57
velocity 65
time 93
note_on 66
velocity 71
time 13
note_off 76
time 40
note_off 57
time 43
note_on 56
velocity 72
time 55
note_off 56
time 81
note_on 57
velocity 65
time 73
note_on 76
velocity 77
time 3
note_off 57
time 56
note_off 76
time 28
note_on 59
velocity 71
time 50
note_off 59
time 71
note_on 75
velocity 80
time 85
note_on 57
velocity 71
time 6
note_off 57
time 66
note_off 75
time 25
note_on 56
velocity 73
time 50
note_off 56
time 69
note_on 73
velocity 80
time 72
note_on 57
velocity 65
time 5
note_off 57
time 51
note_off 73
time 26
note_on 59
velocity 68
time 59
note_off 59
time 112
note_on 72
velocity 75
time 39
note_on 56
velocity 66
time 11
note_off 56
time 62
note_off 72
time 13
note_on 52
velocity 75
time 67
note_off 52
time 79
note_on 68
velocity 78
time 61
note_on 54
velocity 78
time 7
note_off 66
time 44
note_off 68
time 34
note_off 54
time 2
note_on 56
velocity 79
time 54
note_off 56
time 87
note_on 73
velocity 80
time 58
note_on 57
velocity 73
time 1
note_on 64
velocity 72
time 6
note_off 57
time 62
note_off 64
time 16
note_on 59
velocity 76
time 60
note_off 59
time 86
note_on 69
velocity 82
time 59
note_on 61
velocity 75
time 14
note_off 61
time 58
note_off 69
time 45
note_on 57
velocity 77
time 21
note_off 57
time 86
note_on 54
velocity 70
time 71
note_on 63
velocity 84
time 3
note_off 73
time 37
note_off 54
time 45
note_off 63
time 0
note_on 52
velocity 73
time 59
note_off 52
time 77
note_on 54
velocity 67
time 79
note_on 75
velocity 80
time 0
note_on 66
velocity 75
time 5
note_off 54
time 59
note_off 75
time 1
note_off 66
time 12
note_on 56
velocity 69
time 58
note_off 56
time 71
note_on 68
velocity 83
time 86
note_on 60
velocity 67
time 4
note_on 54
velocity 68
time 1
note_off 60
time 38
note_off 54
time 18
note_off 68
time 18
note_on 52
velocity 67
time 60
note_off 52
time 62
note_on 70
velocity 77
time 91
note_on 54
velocity 64
time 1
note_on 63
velocity 62
time 8
note_off 63
time 43
note_off 54
time 1
note_off 70
time 28
note_on 56
velocity 70
time 53
note_on 72
velocity 78
time 1
note_off 56
time 58
note_off 72
time 13
note_on 52
velocity 65
time 85
note_on 73
velocity 71
time 1
note_on 56
velocity 66
time 7
note_off 73
time 40
note_off 52
time 11
note_on 72
velocity 75
time 68
note_off 72
time 65
note_on 73
velocity 77
time 97
note_on 51
velocity 65
time 5
note_off 56
time 18
note_off 51
time 54
note_off 73
time 5
note_on 75
velocity 76
time 56
note_off 75
time 76
note_on 49
velocity 71
time 77
note_on 76
velocity 74
time 0
note_off 49
time 62
note_off 76
time 2
note_on 78
velocity 78
time 72
note_off 78
time 84
note_on 52
velocity 68
time 62
note_on 80
velocity 81
time 6
note_off 52
time 40
note_off 80
time 63
note_on 76
velocity 77
time 36
note_off 76
time 70
note_on 46
velocity 71
time 68
note_on 73
velocity 81
time 6
note_off 46
time 53
note_off 73
time 27
note_on 71
velocity 78
time 58
note_off 71
time 73
note_on 56
velocity 75
time 78
note_on 73
velocity 78
time 3
note_off 56
time 60
note_off 73
time 17
note_on 75
velocity 79
time 54
note_off 75
time 84
note_on 58
velocity 67
time 81
note_on 55
velocity 67
time 2
note_on 73
velocity 74
time 1
note_off 55
time 61
note_off 73
time 20
note_on 71
velocity 72
time 63
note_off 71
time 69
note_on 51
velocity 61
time 71
note_on 73
velocity 74
time 12
note_off 51
time 56
note_off 73
time 19
note_on 75
velocity 70
time 66
note_off 75
time 84
note_on 44
velocity 60
time 80
note_on 71
velocity 67
time 1
note_off 71
time 60
note_off 44
time 48
note_on 70
velocity 71
time 28
note_off 70
time 68
note_on 46
velocity 63
time 80
note_on 71
velocity 73
time 7
note_off 71
time 48
note_off 58
time 16
note_off 46
time 10
note_on 73
velocity 74
time 63
note_off 73
time 90
note_on 47
velocity 66
time 61
note_on 56
velocity 67
time 1
note_on 75
velocity 74
time 5
note_off 47
time 70
note_off 75
time 26
note_on 76
velocity 71
time 39
note_off 76
time 69
note_on 46
velocity 66
time 80
note_on 78
velocity 74
time 2
note_off 46
time 69
note_off 78
time 29
note_on 75
velocity 71
time 42
note_off 75
time 76
note_on 44
velocity 65
time 85
note_on 71
velocity 68
time 3
note_off 56
time 50
note_off 44
time 1
note_off 71
time 6
note_on 69
velocity 73
time 84
note_off 69
time 72
note_on 54
velocity 73
time 82
note_on 71
velocity 73
time 5
note_off 71
time 63
note_off 54
time 8
note_on 73
velocity 74
time 65
note_off 73
time 77
note_on 56
velocity 79
time 69
note_on 53
velocity 76
time 1
note_on 71
velocity 70
time 13
note_off 71
time 57
note_off 53
time 12
note_on 69
velocity 70
time 61
note_off 69
time 82
note_on 49
velocity 68
time 72
note_on 71
velocity 75
time 0
note_off 49
time 60
note_off 71
time 21
note_on 73
velocity 69
time 63
note_off 73
time 90
note_on 69
velocity 74
time 67
note_on 42
velocity 59
time 15
note_off 69
time 55
note_off 42
time 27
note_on 68
velocity 72
time 51
note_off 68
time 71
note_on 44
velocity 60
time 70
note_on 69
velocity 72
time 4
note_off 69
time 48
note_off 56
time 12
note_off 44
time 25
note_on 71
velocity 65
time 55
note_off 71
time 66
note_on 54
velocity 63
time 82
note_on 45
velocity 60
time 2
note_on 73
velocity 62
time 9
note_off 73
time 57
note_off 45
time 14
note_on 75
velocity 65
time 55
note_off 75
time 85
note_on 44
velocity 59
time 77
note_on 76
velocity 62
time 8
note_off 44
time 62
note_off 76
time 37
note_on 73
velocity 67
time 33
note_off 73
time 82
note_on 42
velocity 62
time 77
note_on 75
velocity 68
time 5
note_off 42
time 48
note_off 75
time 20
note_off 54
time 60
note_on 73
velocity 71
time 3
note_off 73
time 108
note_on 52
velocity 72
time 41
note_on 75
velocity 73
time 16
note_off 52
time 34
note_off 75
time 15
note_on 76
velocity 78
time 80
note_off 76
time 76
note_on 54
velocity 74
time 73
note_on 51
velocity 70
time 6
note_on 78
velocity 81
time 0
note_off 51
time 10
note_off 78
time 0
note_on 80
velocity 85
time 15
note_off 80
time 35
note_on 81
velocity 84
time 67
note_on 49
velocity 73
time 4
note_off 49
time 65
note_on 78
velocity 81
time 70
note_off 81
time 10
note_off 78
time 81
note_on 80
velocity 80
time 40
note_on 48
velocity 69
time 1
note_off 48
time 44
note_on 78
velocity 80
time 58
note_off 80
time 2
note_off 78
time 107
note_on 76
velocity 77
time 44
note_on 44
velocity 68
time 7
note_off 54
time 10
note_off 76
time 35
note_off 44
time 57
note_on 75
velocity 75
time 10
note_off 75
time 102
note_on 45
velocity 64
time 54
note_on 52
velocity 71
time 0
note_on 73
velocity 77
time 0
note_off 52
time 40
note_off 45
time 3
note_off 73
time 41
note_on 71
velocity 78
time 48
note_off 71
time 86
note_on 61
velocity 82
time 76
note_on 69
velocity 86
time 0
note_on 52
velocity 76
time 2
note_off 52
time 70
note_off 61
time 0
note_off 69
time 3
note_on 68
velocity 81
time 76
note_off 68
time 34
note_on 63
velocity 86
time 31
note_on 66
velocity 82
time 7
note_on 54
velocity 79
time 7
note_off 66
time 87
note_on 52
velocity 76
time 43
note_on 68
velocity 83
time 2
note_off 54
time 17
note_off 68
time 17
note_on 69
velocity 80
time 61
note_on 54
velocity 80
time 6
note_off 63
time 27
note_off 52
time 40
note_off 69
time 8
note_on 66
velocity 79
time 55
note_off 54
time 54
note_off 66
time 46
note_on 56
velocity 77
time 52
note_on 63
velocity 81
time 10
note_off 56
time 32
note_off 63
time 61
note_on 56
velocity 83
time 47
note_off 56
time 50
note_on 68
velocity 81
time 97
note_on 44
velocity 78
time 1
note_on 58
velocity 76
time 0
note_off 44
time 60
note_off 58
time 8
note_on 60
velocity 70
time 81
note_off 68
time 19
note_off 60
time 36
note_on 61
velocity 74
time 86
note_on 64
velocity 74
time 3
note_on 49
velocity 80
time 2
note_off 61
time 31
note_off 64
time 15
note_off 49
time 30
note_on 60
velocity 70
time 62
note_off 60
time 86
note_on 61
velocity 77
time 59
note_on 68
velocity 80
time 2
note_off 68
time 85
note_off 61
time 1
note_on 63
velocity 80
time 57
note_off 63
time 79
note_on 73
velocity 86
time 67
note_on 64
velocity 77
time 10
note_off 73
time 72
note_off 64
time 15
note_on 66
velocity 76
time 59
note_off 66
time 88
note_on 71
velocity 87
time 53
note_on 68
velocity 80
time 8
note_off 71
time 70
note_off 68
time 1
note_on 64
velocity 76
time 61
note_off 64
time 114
note_on 76
velocity 83
time 53
note_on 61
velocity 72
time 5
note_off 76
time 81
note_off 61
time 13
note_on 75
velocity 86
time 41
note_on 59
velocity 74
time 7
note_off 59
time 70
note_off 75
time 7
note_on 61
velocity 69
time 57
note_on 73
velocity 85
time 3
note_off 61
time 77
note_off 73
time 2
note_on 71
velocity 81
time 51
note_on 63
velocity 65
time 15
note_off 71
time 56
note_off 63
time 2
note_on 61
velocity 64
time 81
note_on 69
velocity 79
time 0
note_off 61
time 81
note_on 59
velocity 69
time 69
note_off 59
time 77
note_on 61
velocity 69
time 65
note_off 61
time 58
note_on 63
velocity 68
time 85
note_off 63
time 70
note_off 69
time 30
note_on 59
velocity 75
time 41
note_off 59
time 93
note_on 56
velocity 70
time 46
note_off 56
time 70
note_on 57
velocity 64
time 76
note_on 63
velocity 72
time 3
note_off 57
time 62
note_on 59
velocity 65
time 81
note_off 63
time 69
note_off 59
time 22
note_on 69
velocity 73
time 66
note_on 61
velocity 65
time 5
note_off 61
time 53
note_off 69
time 9
note_on 63
velocity 65
time 76
note_off 63
time 56
note_on 64
velocity 59
time 88
note_on 68
velocity 74
time 0
note_off 64
time 59
note_off 68
time 4
note_on 61
velocity 63
time 80
note_off 61
time 52
note_on 57
velocity 61
time 107
note_on 73
velocity 74
time 4
note_off 57
time 77
note_off 73
time 16
note_on 71
velocity 68
time 38
note_on 56
velocity 63
time 3
note_off 56
time 56
note_off 71
time 6
note_on 57
velocity 59
time 71
note_on 69
velocity 66
time 12
note_off 57
time 55
note_off 69
time 8
note_on 68
velocity 69
time 66
note_on 59
velocity 62
time 6
note_off 59
time 68
note_off 68
time 5
note_on 66
velocity 68
time 82
note_on 57
velocity 58
time 13
note_off 57
time 56
note_on 56
velocity 63
time 88
note_off 56
time 69
note_on 57
velocity 64
time 78
note_off 57
time 55
note_on 59
velocity 66
time 80
note_off 59
time 91
note_on 56
velocity 75
time 57
note_off 56
time 59
note_off 66
time 32
note_on 54
velocity 67
time 50
note_off 54
time 63
note_on 56
velocity 65
time 80
note_on 64
velocity 57
time 3
note_off 56
time 54
note_off 64
time 1
note_on 63
velocity 61
time 71
note_on 57
velocity 59
time 12
note_off 57
time 53
note_off 63
time 15
note_on 56
velocity 67
time 77
note_on 64
velocity 65
time 1
note_off 56
time 45
note_off 64
time 12
note_on 66
velocity 68
time 79
note_off 66
time 100
note_on 59
velocity 78
time 55
note_on 52
velocity 71
time 5
note_on 68
velocity 74
time 0
note_off 52
time 53
note_off 68
time 31
note_on 64
velocity 75
time 55
note_off 64
time 13
note_on 54
velocity 82
time 12
note_on 61
velocity 73
time 10
note_off 59
time 9
note_off 61
time 13
note_on 68
velocity 76
time 39
note_on 66
velocity 67
time 113
note_on 57
velocity 65
time 2
note_off 68
time 35
note_off 57
time 21
note_off 66
time 12
note_off 54
time 21
note_on 64
velocity 69
time 3
note_on 56
velocity 65
time 4
note_off 64
time 39
note_off 56
time 20
note_on 57
velocity 63
time 43
note_on 63
velocity 68
time 10
note_off 57
time 58
note_on 47
velocity 72
time 85
note_on 61
velocity 68
time 0
note_off 47
time 100
note_on 49
velocity 81
time 44
note_on 59
velocity 71
time 1
note_off 61
time 56
note_off 63
time 16
note_off 49
time 15
note_off 59
time 6
note_on 51
velocity 74
time 34
note_on 57
velocity 71
time 0
note_off 51
time 84
note_off 57
time 9
note_on 52
velocity 68
time 52
note_on 56
velocity 75
time 5
note_off 52
time 69
note_off 56
time 12
note_on 59
velocity 83
time 52
note_on 51
velocity 69
time 9
note_off 59
time 68
note_off 51
time 12
note_on 52
velocity 73
time 46
note_on 61
velocity 80
time 6
note_off 52
time 54
note_off 61
time 37
note_on 63
velocity 79
time 52
note_on 54
velocity 73
time 2
note_on 64
velocity 58
time 45
note_off 63
time 4
note_off 64
time 22
note_off 54
time 13
note_on 56
velocity 76
time 59
note_on 64
velocity 80
time 8
note_off 64
time 85
note_off 56
time 4
note_on 57
velocity 75
time 30
note_on 66
velocity 80
time 6
note_off 57
time 82
note_off 66
time 45
note_on 59
velocity 70
time 16
note_on 68
velocity 85
time 1
note_off 59
time 69
note_off 68
time 25
note_on 64
velocity 79
time 35
note_on 56
velocity 71
time 10
note_off 56
time 60
note_off 64
time 20
note_on 73
velocity 83
time 67
note_on 52
velocity 68
time 10
note_off 52
time 104
note_on 51
velocity 69
time 31
note_off 51
time 89
note_on 52
velocity 76
time 50
note_off 52
time 73
note_on 54
velocity 75
time 69
note_off 54
time 79
note_off 73
time 54
note_on 52
velocity 76
time 16
note_off 52
time 75
note_on 51
velocity 73
time 62
note_on 66
velocity 83
time 4
note_off 51
time 70
note_off 66
time 7
note_on 52
velocity 73
time 50
note_on 68
velocity 82
time 14
note_off 52
time 56
note_off 68
time 37
note_on 54
velocity 69
time 37
note_on 70
velocity 78
time 1
note_off 70
time 76
note_off 54
time 5
note_on 71
velocity 72
time 71
note_on 51
velocity 65
time 2
note_off 51
time 73
note_off 71
time 9
note_on 70
velocity 81
time 55
note_off 70
time 87
note_on 71
velocity 80
time 67
note_on 54
velocity 76
time 5
note_off 71
time 76
note_off 54
time 2
note_on 73
velocity 84
time 50
note_off 73
time 101
note_on 47
velocity 79
time 59
note_on 76
velocity 79
time 5
note_off 76
time 59
note_off 47
time 1
note_on 76
velocity 70
time 71
note_off 76
time 104
note_on 64
velocity 89
time 55
note_on 78
velocity 82
time 6
note_on 52
velocity 76
time 3
note_off 78
time 98
note_off 64
time 10
note_on 80
velocity 75
time 27
note_off 80
time 35
note_on 66
velocity 84
time 138
note_on 69
velocity 78
time 12
note_off 52
time 37
note_off 69
time 101
note_on 68
velocity 79
time 2
note_on 69
velocity 78
time 151
note_on 51
velocity 73
time 3
note_off 68
time 50
note_off 51
time 82
note_on 71
velocity 78
time 4
note_off 69
time 2
note_on 49
velocity 75
time 2
note_off 66
time 59
note_off 71
time 21
note_on 69
velocity 77
time 62
note_on 51
velocity 69
time 5
note_off 49
time 53
note_off 69
time 25
note_off 51
time 10
note_on 68
velocity 80
time 46
note_on 59
velocity 69
time 2
note_off 59
time 53
note_off 68
time 28
note_on 59
velocity 80
time 72
note_on 69
velocity 90
time 0
note_on 61
velocity 76
time 10
note_off 59
time 69
note_off 69
time 3
note_on 71
velocity 77
time 60
note_on 63
velocity 78
time 7
note_off 61
time 8
note_off 63
time 75
note_off 71
time 16
note_on 61
velocity 80
time 44
note_on 64
velocity 85
time 6
note_on 68
velocity 84
time 0
note_off 64
time 72
note_off 68
time 27
note_on 66
velocity 77
time 41
note_on 63
velocity 77
time 4
note_off 63
time 104
note_on 64
velocity 77
time 30
note_on 68
velocity 79
time 11
note_off 66
time 45
note_off 64
time 16
note_off 68
time 9
note_on 66
velocity 71
time 52
note_on 69
velocity 85
time 6
note_off 61
time 65
note_off 66
time 2
note_off 69
time 14
note_on 71
velocity 82
time 65
note_on 68
velocity 68
time 11
note_off 68
time 46
note_on 73
velocity 81
time 72
note_on 69
velocity 85
time 3
note_off 71
time 1
note_off 69
time 73
note_off 73
time 20
note_on 56
velocity 88
time 52
note_on 74
velocity 80
time 8
note_on 71
velocity 68
time 3
note_off 71
time 47
note_off 56
time 3
note_on 68
velocity 78
time 94
note_off 74
time 126
note_off 68
time 16
note_on 57
velocity 83
time 9
note_on 64
velocity 78
time 14
note_off 57
time 67
note_on 63
velocity 80
time 66
note_off 64
time 2
note_off 63
time 94
note_on 73
velocity 81
time 51
note_on 56
velocity 78
time 4
note_on 64
velocity 72
time 3
note_off 56
time 60
note_off 64
time 12
note_on 71
velocity 75
time 64
note_on 66
velocity 65
time 18
note_off 73
time 19
note_off 71
time 91
note_off 66
time 4
note_on 57
velocity 74
time 33
note_on 73
velocity 81
time 5
note_on 64
velocity 70
time 2
note_off 57
time 98
note_off 64
time 31
note_on 63
velocity 75
time 11
note_off 63
time 108
note_on 52
velocity 78
time 43
note_on 64
velocity 74
time 0
note_off 52
time 59
note_off 64
time 21
note_on 66
velocity 76
time 67
note_off 66
time 104
note_on 54
velocity 82
time 53
note_on 63
velocity 78
time 0
note_off 54
time 70
note_off 63
time 41
note_on 61
velocity 76
time 33
note_off 61
time 88
note_on 57
velocity 82
time 58
note_on 63
velocity 77
time 15
note_off 73
time 55
note_off 57
time 2
note_off 63
time 63
note_on 64
velocity 78
time 17
note_off 64
time 102
note_on 56
velocity 74
time 63
note_on 66
velocity 69
time 1
note_on 71
velocity 76
time 2
note_off 56
time 47
note_off 66
time 37
note_on 68
velocity 68
time 60
note_off 68
time 92
note_on 69
velocity 71
time 61
note_on 54
velocity 65
time 5
note_off 54
time 51
note_off 69
time 78
note_on 66
velocity 67
time 14
note_off 71
time 85
note_off 66
time 11
note_on 52
velocity 67
time 48
note_on 62
velocity 63
time 11
note_off 52
time 41
note_off 62
time 45
note_on 61
velocity 70
time 59
note_off 61
time 105
note_on 62
velocity 69
time 42
note_on 54
velocity 69
time 7
note_off 54
time 58
note_off 62
time 10
note_on 64
velocity 72
time 70
note_off 64
time 109
note_on 71
velocity 80
time 58
note_on 56
velocity 74
time 3
note_on 62
velocity 64
time 16
note_off 62
time 55
note_off 56
time 25
note_on 61
velocity 74
time 53
note_off 61
time 81
note_on 62
velocity 68
time 80
note_on 52
velocity 68
time 2
note_off 62
time 47
note_off 52
time 10
note_on 64
velocity 69
time 84
note_off 64
time 106
note_on 57
velocity 75
time 52
note_on 61
velocity 74
time 7
note_off 71
time 45
note_off 57
time 3
note_off 61
time 57
note_on 59
velocity 78
time 34
note_off 59
time 85
note_on 61
velocity 73
time 68
note_on 59
velocity 66
time 2
note_off 59
time 54
note_off 61
time 25
note_on 62
velocity 75
time 66
note_off 62
time 56
note_on 61
velocity 65
time 103
note_on 69
velocity 75
time 2
note_on 64
velocity 57
time 25
note_off 64
time 54
note_off 61
time 4
note_on 66
velocity 64
time 54
note_off 66
time 77
note_off 69
time 15
note_on 59
velocity 68
time 53
note_on 68
velocity 67
time 21
note_on 69
velocity 25
time 3
note_off 59
time 25
note_off 68
time 71
note_on 64
velocity 65
time 37
note_off 64
time 46
note_on 57
velocity 65
time 101
note_on 61
velocity 64
time 10
note_off 69
time 13
note_off 57
time 51
note_off 61
time 29
note_on 59
velocity 73
time 37
note_off 59
time 85
note_on 52
velocity 74
time 62
note_on 61
velocity 70
time 10
note_off 52
time 40
note_off 61
time 85
note_on 62
velocity 69
time 14
note_off 62
time 98
note_on 54
velocity 75
time 52
note_on 69
velocity 70
time 6
note_on 61
velocity 59
time 8
note_off 61
time 60
note_off 54
time 16
note_on 59
velocity 71
time 59
note_off 59
time 69
note_on 49
velocity 76
time 91
note_on 61
velocity 70
time 0
note_off 61
time 54
note_off 49
time 22
note_on 62
velocity 63
time 68
note_off 62
time 102
note_off 69
time 55
note_on 51
velocity 63
time 3
note_on 59
velocity 71
time 0
note_off 51
time 68
note_off 59
time 16
note_on 57
velocity 67
time 52
note_off 57
time 82
note_on 59
velocity 72
time 70
note_on 47
velocity 64
time 2
note_off 47
time 36
note_off 59
time 21
note_on 61
velocity 70
time 85
note_off 61
time 44
note_on 52
velocity 62
time 113
note_on 68
velocity 85
time 0
note_on 59
velocity 63
time 9
note_off 68
time 58
note_off 59
time 10
note_on 57
velocity 67
time 65
note_off 57
time 148
note_on 76
velocity 88
time 8
note_on 59
velocity 69
time 3
note_off 76
time 63
note_off 59
time 43
note_on 61
velocity 66
time 50
note_off 61
time 164
note_on 78
velocity 89
time 5
note_on 57
velocity 66
time 7
note_off 57
time 130
note_on 56
velocity 65
time 13
note_off 56
time 110
note_on 57
velocity 70
time 42
note_off 52
time 50
note_off 57
time 47
note_on 59
velocity 70
time 46
note_off 59
time 122
note_off 78
time 18
note_on 51
velocity 68
time 29
note_on 57
velocity 65
time 10
note_off 57
time 2
note_on 71
velocity 79
time 60
note_on 56
velocity 67
time 18
note_off 71
time 50
note_off 56
time 42
note_on 73
velocity 80
time 34
note_on 57
velocity 62
time 4
note_off 57
time 64
note_off 73
time 8
note_on 75
velocity 82
time 60
note_on 59
velocity 63
time 6
note_off 59
time 69
note_off 75
time 1
note_on 56
velocity 69
time 87
note_on 76
velocity 74
time 1
note_off 76
time 89
note_off 56
time 11
note_on 75
velocity 84
time 47
note_off 75
time 73
note_on 59
velocity 77
time 63
note_on 76
velocity 85
time 13
note_off 59
time 33
note_off 51
time 18
note_off 76
time 22
note_on 78
velocity 87
time 63
note_off 78
time 88
note_on 52
velocity 74
time 62
note_on 80
velocity 90
time 1
note_on 49
velocity 72
time 8
note_off 80
time 72
note_off 52
time 33
note_on 81
velocity 87
time 32
note_off 81
time 75
note_on 83
velocity 83
time 84
note_on 56
velocity 69
time 14
note_off 49
time 72
note_off 83
time 9
note_on 80
velocity 87
time 45
note_off 80
time 89
note_on 81
velocity 84
time 72
note_on 42
velocity 75
time 2
note_off 56
time 50
note_off 81
time 25
note_on 80
velocity 87
time 68
note_off 80
time 83
note_on 54
velocity 77
time 65
note_on 81
velocity 87
time 3
note_off 42
time 6
note_off 81
time 65
note_on 83
velocity 85
time 69
note_on 49
velocity 78
time 12
note_off 83
time 72
note_off 49
time 42
note_on 81
velocity 85
time 21
note_on 51
velocity 70
time 8
note_off 81
time 73
note_off 51
time 27
note_on 80
velocity 88
time 37
note_off 80
time 90
note_on 81
velocity 84
time 71
note_on 47
velocity 71
time 2
note_off 81
time 73
note_off 47
time 31
note_on 83
velocity 80
time 35
note_off 83
time 102
note_on 80
velocity 86
time 61
note_on 52
velocity 74
time 10
note_off 80
time 70
note_off 52
time 27
note_on 78
velocity 85
time 35
note_off 78
time 96
note_on 47
velocity 78
time 57
note_on 80
velocity 89
time 2
note_off 54
time 35
note_off 80
time 47
note_off 47
time 10
note_on 81
velocity 86
time 53
note_off 81
time 95
note_on 52
velocity 86
time 59
note_on 49
velocity 85
time 5
note_on 80
velocity 88
time 1
note_off 49
time 82
note_off 80
time 16
note_on 78
velocity 84
time 50
note_off 78
time 111
note_on 44
velocity 83
time 39
note_on 76
velocity 82
time 4
note_off 76
time 76
note_off 52
time 21
note_off 44
time 19
note_on 75
velocity 83
time 18
note_off 75
time 125
note_on 52
velocity 83
time 46
note_on 45
velocity 90
time 1
note_on 73
velocity 81
time 6
note_off 73
time 106
note_on 71
velocity 74
time 45
note_off 71
time 94
note_on 64
velocity 87
time 56
note_on 73
velocity 77
time 18
note_off 52
time 12
note_off 45
time 38
note_off 64
time 4
note_on 40
velocity 81
time 65
note_on 74
velocity 80
time 10
note_off 73
time 31
note_off 74
time 75
note_off 40
time 20
note_on 69
velocity 92
time 25
note_on 73
velocity 86
time 8
note_on 42
velocity 86
time 2
note_off 42
time 85
note_off 73
time 31
note_on 71
velocity 78
time 22
note_off 69
time 128
note_on 37
velocity 84
time 32
note_on 73
velocity 81
time 12
note_off 71
time 20
note_off 37
time 65
note_on 74
velocity 78
time 47
note_on 69
velocity 28
time 1
note_off 73
time 8
note_off 69
time 80
note_off 74
time 56
note_on 71
velocity 85
time 22
note_on 39
velocity 85
time 3
note_off 39
time 52
note_on 73
velocity 85
time 90
note_off 71
time 27
note_off 73
time 94
note_on 75
velocity 86
time 52
note_on 59
velocity 91
time 2
note_off 59
time 56
note_off 75
time 52
note_on 71
velocity 87
time 40
note_off 71
time 130
note_on 61
velocity 85
time 48
note_on 76
velocity 87
time 5
note_on 68
velocity 79
time 8
note_off 68
time 97
note_on 64
velocity 77
time 59
note_on 66
velocity 79
time 157
note_off 64
time 1
note_off 66
time 37
note_on 68
velocity 86
time 10
note_off 68
time 0
note_off 61
time 4
note_on 69
velocity 92
time 12
note_off 69
time 81
note_on 71
velocity 87
time 13
note_on 54
velocity 79
time 5
note_off 76
time 12
note_off 54
time 15
note_off 71
time 3
note_on 56
velocity 85
time 9
note_on 73
velocity 92
time 2
note_off 56
time 132
note_on 57
velocity 84
time 45
note_off 73
time 170
note_off 57
time 15
note_on 75
velocity 92
time 43
note_on 59
velocity 86
time 1
note_off 59
time 138
note_on 73
velocity 82
time 83
note_off 73
time 171
note_on 47
velocity 80
time 92
note_on 71
velocity 81
time 6
note_off 71
time 177
note_off 47
time 91
note_on 69
velocity 86
time 17
note_off 69
time 11
note_on 40
velocity 76
time 5
note_on 76
velocity 84
time 2
note_on 68
velocity 84
time 4
note_off 75
time 0
note_off 40
time 385
note_off 76
time 0
note_off 68
time 6
