note_on 75
velocity 57
time 287
note_off 75
time 287
note_on 32
velocity 31
time 447
note_on 75
velocity 60
time 110
note_off 32
time 10
note_on 68
velocity 37
time 240
note_on 51
velocity 28
time 60
note_off 51
time 62
note_on 72
velocity 47
time 21
note_on 56
velocity 33
time 27
note_off 68
time 48
note_off 56
time 36
note_on 60
velocity 20
time 1
note_on 63
velocity 39
time 2
note_off 72
time 11
note_off 75
time 37
note_off 60
time 7
note_on 51
velocity 26
time 71
note_on 68
velocity 48
time 0
note_on 72
velocity 46
time 79
note_off 51
time 14
note_off 63
time 12
note_on 44
velocity 38
time 57
note_off 72
time 78
note_on 75
velocity 66
time 9
note_off 44
time 25
note_off 68
time 0
note_on 51
velocity 35
time 57
note_on 68
velocity 24
time 48
note_off 51
time 67
note_off 68
time 34
note_on 72
velocity 38
time 1
note_off 72
time 54
note_on 63
velocity 47
time 12
note_on 60
velocity 34
time 4
note_off 60
time 46
note_off 75
time 12
note_on 51
velocity 31
time 42
note_on 68
velocity 51
time 0
note_off 63
time 48
note_on 72
velocity 41
time 1
note_off 51
time 31
note_on 44
velocity 42
time 87
note_on 75
velocity 73
time 5
note_off 72
time 14
note_off 68
time 15
note_off 44
time 47
note_on 68
velocity 30
time 52
note_on 51
velocity 38
time 1
note_on 72
velocity 37
time 86
note_off 68
time 19
note_off 51
time 26
note_off 72
time 7
note_on 63
velocity 43
time 31
note_on 60
velocity 13
time 37
note_off 75
time 47
note_off 60
time 13
note_on 68
velocity 60
time 6
note_on 51
velocity 47
time 23
note_on 72
velocity 51
time 22
note_off 63
time 11
note_off 51
time 40
note_on 75
velocity 75
time 84
note_on 44
velocity 40
time 7
note_off 72
time 31
note_off 68
time 12
note_off 44
time 32
note_on 68
velocity 36
time 56
note_on 51
velocity 51
time 15
note_on 72
velocity 44
time 71
note_off 68
time 18
note_off 72
time 38
note_off 51
time 6
note_on 63
velocity 49
time 6
note_on 60
velocity 31
time 32
note_off 75
time 39
note_off 60
time 9
note_off 63
time 35
note_on 68
velocity 58
time 7
note_on 72
velocity 51
time 51
note_on 51
velocity 22
time 12
note_off 51
time 54
note_on 44
velocity 47
time 58
note_on 77
velocity 72
time 88
note_off 72
time 50
note_off 44
time 107
note_off 77
time 3
note_on 51
velocity 46
time 9
note_on 72
velocity 44
time 61
note_off 68
time 36
note_off 72
time 60
note_on 63
velocity 35
time 18
note_off 51
time 2
note_on 60
velocity 32
time 37
note_off 60
time 51
note_on 68
velocity 45
time 31
note_off 63
time 19
note_on 72
velocity 43
time 27
note_on 51
velocity 20
time 26
note_off 51
time 70
note_on 75
velocity 68
time 53
note_on 44
velocity 36
time 6
note_off 68
time 4
note_off 72
time 4
note_off 44
time 50
note_on 51
velocity 41
time 47
note_on 68
velocity 31
time 53
note_on 72
velocity 51
time 28
note_off 51
time 47
note_off 68
time 0
note_off 75
time 39
note_off 72
time 13
note_on 63
velocity 43
time 13
note_on 60
velocity 40
time 8
note_off 60
time 47
note_on 68
velocity 48
time 59
note_on 51
velocity 35
time 8
note_on 72
velocity 52
time 42
note_off 63
time 10
note_off 51
time 22
note_on 44
velocity 40
time 76
note_on 75
velocity 67
time 8
note_off 68
time 2
note_off 72
time 8
note_off 44
time 37
note_on 51
velocity 36
time 57
note_on 72
velocity 44
time 96
note_off 51
time 25
note_off 72
time 52
note_off 75
time 5
note_on 63
velocity 40
time 37
note_on 60
velocity 29
time 1
note_off 60
time 46
note_on 51
velocity 40
time 42
note_on 68
velocity 45
time 56
note_off 63
time 14
note_on 72
velocity 39
time 26
note_off 51
time 3
note_off 72
time 93
note_off 68
time 1
note_on 75
velocity 64
time 0
note_on 44
velocity 33
time 17
note_off 44
time 48
note_on 51
velocity 46
time 58
note_on 72
velocity 39
time 72
note_off 75
time 29
note_off 51
time 5
note_off 72
time 60
note_on 63
velocity 45
time 33
note_on 60
velocity 29
time 30
note_off 60
time 46
note_on 68
velocity 49
time 55
note_on 51
velocity 22
time 27
note_off 68
time 27
note_off 63
time 15
note_on 72
velocity 50
time 4
note_off 51
time 27
note_on 44
velocity 36
time 103
note_off 72
time 73
note_on 75
velocity 59
time 21
note_on 51
velocity 33
time 11
note_off 44
time 14
note_on 70
velocity 45
time 5
note_on 73
velocity 55
time 59
note_off 70
time 60
note_on 55
velocity 28
time 3
note_off 51
time 13
note_off 73
time 26
note_on 63
velocity 51
time 8
note_off 75
time 9
note_on 61
velocity 43
time 6
note_off 55
time 14
note_off 61
time 25
note_off 63
time 61
note_on 51
velocity 42
time 1
note_on 70
velocity 48
time 16
note_on 73
velocity 55
time 27
note_off 51
time 25
note_on 44
velocity 44
time 76
note_on 75
velocity 71
time 21
note_off 73
time 25
note_off 70
time 10
note_off 44
time 13
note_on 51
velocity 37
time 45
note_off 51
time 95
note_on 73
velocity 48
time 18
note_on 63
velocity 58
time 104
note_off 73
time 5
note_on 61
velocity 30
time 3
note_off 75
time 28
note_off 61
time 25
note_on 70
velocity 40
time 32
note_off 63
time 3
note_on 51
velocity 10
time 61
note_on 73
velocity 55
time 16
note_off 51
time 39
note_on 44
velocity 49
time 38
note_on 77
velocity 73
time 41
note_off 73
time 40
note_off 44
time 5
note_off 70
time 13
note_on 51
velocity 35
time 26
note_on 73
velocity 66
time 111
note_off 77
time 11
note_off 51
time 8
note_on 70
velocity 15
time 28
note_off 70
time 58
note_on 61
velocity 33
time 17
note_on 63
velocity 60
time 1
note_off 73
time 15
note_off 61
time 30
note_on 70
velocity 64
time 47
note_on 51
velocity 29
time 32
note_on 73
velocity 61
time 45
note_off 63
time 9
note_off 51
time 34
note_on 75
velocity 79
time 60
note_on 44
velocity 40
time 8
note_off 70
time 11
note_off 73
time 16
note_off 44
time 25
note_on 51
velocity 42
time 58
note_on 70
velocity 32
time 64
note_on 73
velocity 49
time 17
note_off 51
time 4
note_off 70
time 33
note_off 73
time 19
note_on 63
velocity 62
time 30
note_off 75
time 79
note_on 70
velocity 51
time 12
note_off 63
time 55
note_on 73
velocity 58
time 30
note_on 51
velocity 38
time 7
note_off 70
time 19
note_off 73
time 5
note_off 51
time 58
note_on 44
velocity 49
time 75
note_on 82
velocity 77
time 0
note_off 44
time 43
note_on 51
velocity 40
time 52
note_off 82
time 17
note_on 72
velocity 43
time 23
note_off 51
time 75
note_on 56
velocity 18
time 87
note_off 72
time 9
note_on 75
velocity 14
time 35
note_on 63
velocity 54
time 40
note_off 56
time 6
note_off 75
time 21
note_off 63
time 51
note_on 72
velocity 51
time 14
note_on 51
velocity 34
time 29
note_on 75
velocity 63
time 30
note_off 51
time 40
note_on 80
velocity 74
time 39
note_on 44
velocity 49
time 13
note_off 75
time 17
note_off 72
time 2
note_off 44
time 58
note_on 51
velocity 43
time 38
note_off 80
time 43
note_on 72
velocity 40
time 4
note_on 75
velocity 55
time 61
note_off 51
time 45
note_off 72
time 25
note_on 56
velocity 29
time 35
note_on 63
velocity 56
time 3
note_on 60
velocity 48
time 1
note_off 75
time 0
note_off 60
time 36
note_off 56
time 15
note_off 63
time 40
note_on 72
velocity 50
time 15
note_on 51
velocity 51
time 1
note_on 75
velocity 68
time 39
note_off 51
time 36
note_on 44
velocity 55
time 59
note_on 80
velocity 75
time 10
note_off 75
time 3
note_off 72
time 12
note_off 44
time 8
note_on 72
velocity 32
time 4
note_on 52
velocity 52
time 9
note_on 76
velocity 65
time 57
note_off 80
time 3
note_off 72
time 48
note_off 76
time 21
note_on 56
velocity 55
time 8
note_off 52
time 10
note_on 64
velocity 55
time 22
note_on 60
velocity 54
time 10
note_off 60
time 39
note_off 56
time 1
note_off 64
time 2
note_on 72
velocity 59
time 34
note_on 76
velocity 67
time 51
note_on 52
velocity 35
time 3
note_off 52
time 56
note_on 80
velocity 82
time 57
note_off 72
time 2
note_on 44
velocity 51
time 8
note_off 76
time 28
note_off 44
time 34
note_on 72
velocity 48
time 71
note_on 52
velocity 46
time 15
note_off 80
time 34
note_on 76
velocity 69
time 8
note_off 72
time 15
note_off 76
time 56
note_off 52
time 5
note_on 56
velocity 36
time 22
note_on 60
velocity 43
time 5
note_on 64
velocity 57
time 27
note_off 60
time 17
note_off 56
time 1
note_off 64
time 67
note_on 72
velocity 66
time 10
note_on 76
velocity 70
time 90
note_off 72
time 51
note_on 37
velocity 49
time 44
note_on 80
velocity 78
time 27
note_off 76
time 13
note_off 37
time 3
note_on 73
velocity 50
time 169
note_on 56
velocity 46
time 13
note_off 56
time 54
note_on 77
velocity 51
time 21
note_off 73
time 10
note_on 61
velocity 22
time 21
note_off 77
time 29
note_on 65
velocity 13
time 1
note_on 68
velocity 54
time 9
note_off 61
time 15
note_off 65
time 32
note_off 80
time 6
note_on 56
velocity 46
time 10
note_on 73
velocity 64
time 25
note_on 77
velocity 61
time 52
note_off 68
time 15
note_off 56
time 9
note_on 80
velocity 79
time 64
note_on 49
velocity 44
time 12
note_off 73
time 2
note_off 77
time 19
note_off 49
time 52
note_on 56
velocity 52
time 47
note_on 73
velocity 54
time 31
note_on 77
velocity 56
time 43
note_off 73
time 42
note_off 56
time 27
note_off 77
time 27
note_on 68
velocity 62
time 2
note_on 65
velocity 30
time 19
note_off 80
time 41
note_off 65
time 3
note_on 73
velocity 58
time 35
note_on 77
velocity 67
time 53
note_on 56
velocity 38
time 13
note_off 68
time 12
note_off 56
time 29
note_on 80
velocity 82
time 50
note_on 49
velocity 48
time 10
note_off 73
time 6
note_off 77
time 7
note_off 49
time 63
note_on 56
velocity 45
time 21
note_on 73
velocity 44
time 47
note_on 77
velocity 54
time 44
note_off 73
time 52
note_on 68
velocity 58
time 43
note_off 77
time 1
note_off 56
time 21
note_on 65
velocity 32
time 13
note_off 80
time 34
note_off 65
time 9
note_on 73
velocity 56
time 19
note_off 68
time 33
note_on 56
velocity 33
time 27
note_on 77
velocity 59
time 10
note_off 56
time 51
note_on 49
velocity 53
time 55
note_on 82
velocity 85
time 0
note_off 73
time 11
note_off 77
time 28
note_off 49
time 56
note_on 55
velocity 38
time 55
note_on 73
velocity 39
time 7
note_off 82
time 26
note_on 77
velocity 61
time 16
note_off 55
time 9
note_off 73
time 35
note_off 77
time 45
note_on 67
velocity 54
time 35
note_on 73
velocity 57
time 77
note_off 67
time 56
note_on 55
velocity 22
time 22
note_on 77
velocity 59
time 21
note_off 55
time 33
note_off 73
time 10
note_on 48
velocity 48
time 59
note_on 84
velocity 74
time 7
note_off 77
time 8
note_off 48
time 13
note_off 84
time 0
note_on 55
velocity 39
time 88
note_on 72
velocity 31
time 103
note_on 77
velocity 41
time 33
note_off 72
time 16
note_on 60
velocity 6
time 28
note_off 77
time 29
note_on 65
velocity 32
time 7
note_on 67
velocity 46
time 19
note_off 60
time 21
note_off 65
time 1
note_off 55
time 14
note_on 72
velocity 47
time 34
note_on 77
velocity 66
time 63
note_off 67
time 28
note_off 77
time 69
note_on 48
velocity 41
time 33
note_on 82
velocity 73
time 39
note_off 48
time 20
note_off 72
time 41
note_on 55
velocity 52
time 50
note_off 82
time 8
note_on 76
velocity 47
time 50
note_off 76
time 68
note_off 55
time 35
note_on 67
velocity 50
time 18
note_on 64
velocity 30
time 21
note_off 64
time 45
note_on 72
velocity 37
time 106
note_on 55
velocity 25
time 6
note_on 76
velocity 59
time 17
note_off 67
time 15
note_off 55
time 28
note_on 53
velocity 41
time 27
note_off 76
time 4
note_on 80
velocity 67
time 4
note_on 56
velocity 41
time 4
note_on 77
velocity 50
time 9
note_on 60
velocity 30
time 35
note_off 56
time 14
note_off 53
time 4
note_off 72
time 44
note_on 65
velocity 35
time 19
note_on 68
velocity 50
time 13
note_off 77
time 4
note_off 80
time 1
note_off 60
time 10
note_off 65
time 8
note_on 56
velocity 36
time 10
note_off 56
time 41
note_on 72
velocity 44
time 52
note_off 68
time 57
note_on 77
velocity 60
time 19
note_off 72
time 2
note_off 77
time 92
note_on 47
velocity 38
time 10
note_on 77
velocity 72
time 140
note_on 53
velocity 48
time 0
note_off 47
time 50
note_on 71
velocity 28
time 18
note_on 75
velocity 47
time 58
note_off 71
time 35
note_on 56
velocity 39
time 3
note_off 53
time 1
note_off 75
time 29
note_on 65
velocity 57
time 23
note_on 63
velocity 55
time 19
note_off 63
time 40
note_off 56
time 39
note_off 77
time 4
note_on 71
velocity 50
time 22
note_on 53
velocity 31
time 35
note_on 75
velocity 54
time 35
note_off 53
time 20
note_off 71
time 29
note_off 65
time 29
note_on 46
velocity 40
time 14
note_on 77
velocity 73
time 60
note_off 75
time 13
note_on 53
velocity 42
time 10
note_off 46
time 14
note_on 70
velocity 42
time 1
note_on 75
velocity 48
time 63
note_on 56
velocity 52
time 8
note_off 53
time 19
note_off 70
time 3
note_off 75
time 36
note_on 65
velocity 59
time 4
note_on 63
velocity 54
time 17
note_off 63
time 42
note_off 77
time 37
note_on 70
velocity 67
time 13
note_off 56
time 5
note_on 53
velocity 42
time 39
note_on 75
velocity 59
time 11
note_off 65
time 55
note_off 53
time 9
note_on 46
velocity 51
time 55
note_on 79
velocity 83
time 8
note_off 75
time 35
note_off 46
time 40
note_on 53
velocity 47
time 38
note_on 75
velocity 63
time 91
note_on 56
velocity 48
time 17
note_off 53
time 25
note_off 79
time 7
note_off 70
time 1
note_off 56
time 28
note_on 63
velocity 54
time 28
note_on 65
velocity 52
time 3
note_off 63
time 45
note_off 75
time 17
note_on 70
velocity 62
time 17
note_on 53
velocity 46
time 82
note_on 75
velocity 60
time 1
note_off 65
time 13
note_off 53
time 83
note_on 46
velocity 54
time 3
note_on 80
velocity 75
time 9
note_off 75
time 6
note_on 53
velocity 48
time 38
note_off 46
time 21
note_off 80
time 45
note_on 74
velocity 50
time 17
note_on 56
velocity 49
time 44
note_off 53
time 13
note_off 74
time 15
note_off 70
time 35
note_on 65
velocity 64
time 36
note_on 53
velocity 48
time 112
note_off 65
time 6
note_on 68
velocity 65
time 11
note_off 56
time 2
note_off 53
time 81
note_on 46
velocity 54
time 35
note_on 70
velocity 80
time 47
note_off 68
time 28
note_off 46
time 41
note_on 53
velocity 59
time 10
note_on 65
velocity 40
time 108
note_on 56
velocity 45
time 34
note_off 53
time 2
note_on 68
velocity 58
time 6
note_off 65
time 11
note_off 68
time 52
note_on 53
velocity 41
time 4
note_on 58
velocity 61
time 2
note_off 56
time 11
note_off 70
time 25
note_off 53
time 13
note_on 65
velocity 55
time 83
note_off 58
time 48
note_on 68
velocity 69
time 26
note_off 65
time 46
note_on 39
velocity 47
time 27
note_on 70
velocity 76
time 4
note_off 68
time 19
note_on 46
velocity 52
time 3
note_off 39
time 28
note_on 63
velocity 38
time 42
note_off 46
time 37
note_on 68
velocity 48
time 28
note_on 51
velocity 55
time 3
note_off 63
time 11
note_off 51
time 48
note_on 58
velocity 42
time 15
note_off 68
time 46
note_off 70
time 32
note_off 58
time 19
note_on 63
velocity 45
time 14
note_on 51
velocity 31
time 30
note_off 51
time 41
note_on 68
velocity 61
time 33
note_on 72
velocity 74
time 113
note_on 39
velocity 47
time 37
note_off 68
time 1
note_off 39
time 52
note_on 46
velocity 45
time 70
note_off 72
time 6
note_on 68
velocity 62
time 19
note_off 46
time 68
note_off 63
time 54
note_on 56
velocity 51
time 1
note_on 58
velocity 46
time 18
note_off 68
time 26
note_off 56
time 14
note_off 58
time 84
note_on 63
velocity 48
time 3
note_on 46
velocity 26
time 26
note_on 68
velocity 58
time 40
note_off 46
time 38
note_on 39
velocity 47
time 77
note_on 73
velocity 68
time 10
note_off 68
time 0
note_off 39
time 11
note_on 46
velocity 44
time 10
note_off 73
time 81
note_on 67
velocity 41
time 25
note_off 46
time 69
note_on 51
velocity 19
time 21
note_off 67
time 14
note_on 55
velocity 51
time 2
note_off 55
time 52
note_off 51
time 3
note_off 63
time 7
note_on 58
velocity 46
time 36
note_on 46
velocity 41
time 41
note_on 61
velocity 54
time 93
note_off 58
time 20
note_off 46
time 73
note_on 39
velocity 40
time 54
note_on 63
velocity 57
time 2
note_off 61
time 4
note_off 39
time 18
note_on 46
velocity 39
time 15
note_on 58
velocity 35
time 10
note_off 46
time 43
note_on 49
velocity 40
time 53
note_on 61
velocity 44
time 9
note_off 58
time 25
note_off 49
time 13
note_off 63
time 26
note_on 51
velocity 22
time 95
note_on 49
velocity 41
time 27
note_off 61
time 11
note_off 51
time 30
note_on 58
velocity 39
time 18
note_off 49
time 27
note_on 46
velocity 39
time 63
note_off 46
time 45
note_on 61
velocity 43
time 107
note_off 58
time 48
note_off 61
time 52
note_on 32
velocity 36
time 7
note_on 75
velocity 60
time 18
note_off 32
time 15
note_on 68
velocity 38
time 187
note_on 51
velocity 38
time 8
note_off 51
time 68
note_on 72
velocity 51
time 5
note_off 68
time 6
note_on 56
velocity 6
time 64
note_off 72
time 29
note_off 75
time 19
note_on 63
velocity 43
time 9
note_off 56
time 11
note_on 51
velocity 33
time 50
note_on 68
velocity 32
time 37
note_on 72
velocity 47
time 60
note_off 51
time 4
note_off 63
time 3
note_on 44
velocity 39
time 95
note_on 75
velocity 70
time 5
note_off 68
time 6
note_off 72
time 5
note_off 44
time 59
note_on 51
velocity 38
time 44
note_on 68
velocity 24
time 75
note_on 72
velocity 50
time 12
note_off 68
time 42
note_off 72
time 43
note_off 51
time 27
note_on 63
velocity 48
time 9
note_on 60
velocity 13
time 15
note_off 75
time 32
note_off 60
time 30
note_on 68
velocity 48
time 0
note_off 63
time 44
note_on 72
velocity 57
time 17
note_on 44
velocity 40
time 114
note_on 75
velocity 79
time 17
note_off 68
time 6
note_off 72
time 16
note_off 44
time 51
note_on 68
velocity 38
time 62
note_on 51
velocity 48
time 5
note_on 72
velocity 52
time 59
note_off 68
time 32
note_off 51
time 11
note_off 72
time 32
note_on 56
velocity 28
time 27
note_on 63
velocity 48
time 5
note_on 60
velocity 43
time 3
note_off 60
time 40
note_off 56
time 1
note_off 75
time 39
note_on 68
velocity 61
time 9
note_on 51
velocity 48
time 12
note_off 63
time 28
note_on 72
velocity 57
time 3
note_off 51
time 45
note_on 75
velocity 81
time 80
note_on 44
velocity 45
time 1
note_off 68
time 28
note_off 72
time 3
note_off 44
time 66
note_on 51
velocity 46
time 45
note_on 68
velocity 38
time 1
note_on 72
velocity 59
time 54
note_off 68
time 44
note_off 51
time 28
note_off 72
time 14
note_on 63
velocity 48
time 20
note_on 60
velocity 38
time 8
note_on 56
velocity 21
time 6
note_off 75
time 8
note_off 60
time 27
note_off 56
time 14
note_off 63
time 23
note_on 68
velocity 65
time 3
note_on 51
velocity 44
time 54
note_on 72
velocity 64
time 2
note_off 51
time 58
note_on 44
velocity 44
time 75
note_on 77
velocity 77
time 64
note_off 72
time 64
note_off 44
time 28
note_on 51
velocity 44
time 45
note_off 77
time 10
note_on 72
velocity 47
time 35
note_off 68
time 61
note_off 51
time 4
note_off 72
time 61
note_on 63
velocity 45
time 10
note_on 68
velocity 58
time 80
note_on 51
velocity 45
time 28
note_off 63
time 6
note_on 72
velocity 55
time 55
note_off 51
time 39
note_on 44
velocity 41
time 69
note_on 75
velocity 72
time 23
note_off 72
time 25
note_off 68
time 9
note_off 44
time 21
note_on 51
velocity 46
time 41
note_on 72
velocity 52
time 106
note_off 51
time 15
note_off 72
time 72
note_off 75
time 2
note_on 60
velocity 39
time 12
note_on 63
velocity 43
time 7
note_off 60
time 40
note_on 68
velocity 52
time 48
note_on 51
velocity 45
time 6
note_off 63
time 32
note_off 51
time 35
note_on 72
velocity 49
time 6
note_on 44
velocity 38
time 101
note_on 75
velocity 66
time 13
note_off 68
time 10
note_off 72
time 5
note_off 44
time 29
note_on 51
velocity 41
time 66
note_off 75
time 77
note_on 72
velocity 39
time 20
note_off 51
time 5
note_off 72
time 66
note_on 63
velocity 45
time 34
note_on 60
velocity 20
time 11
note_off 60
time 56
note_on 51
velocity 34
time 36
note_on 68
velocity 49
time 28
note_off 63
time 4
note_on 72
velocity 43
time 41
note_off 51
time 21
note_on 44
velocity 41
time 57
note_off 68
time 12
note_on 75
velocity 63
time 12
note_off 72
time 9
note_off 44
time 17
note_on 51
velocity 39
time 68
note_off 75
time 86
note_on 72
velocity 39
time 30
note_on 68
velocity 29
time 1
note_off 51
time 34
note_off 68
time 15
note_off 72
time 37
note_on 63
velocity 42
time 29
note_on 60
velocity 17
time 14
note_off 60
time 54
note_on 68
velocity 39
time 29
note_on 51
velocity 31
time 16
note_off 68
time 67
note_off 63
time 2
note_on 72
velocity 49
time 12
note_off 51
time 41
note_off 72
time 109
note_on 44
velocity 40
time 6
note_on 75
velocity 55
time 28
note_off 44
time 14
note_on 51
velocity 38
time 14
note_on 70
velocity 49
time 12
note_off 51
time 85
note_on 73
velocity 31
time 25
note_off 75
time 8
note_on 55
velocity 23
time 4
note_off 70
time 17
note_off 73
time 22
note_on 63
velocity 57
time 18
note_on 61
velocity 23
time 29
note_off 55
time 5
note_off 61
time 51
note_off 63
time 23
note_on 51
velocity 39
time 3
note_on 70
velocity 48
time 11
note_on 73
velocity 58
time 77
note_off 70
time 6
note_off 51
time 59
note_off 73
time 18
note_on 44
velocity 40
time 64
note_on 82
velocity 79
time 47
note_off 82
time 57
note_off 44
time 14
note_on 51
velocity 34
time 34
note_off 51
time 112
note_on 70
velocity 34
time 25
note_on 55
velocity 27
time 18
note_off 70
time 27
note_on 63
velocity 65
time 6
note_on 61
velocity 39
time 20
note_off 55
time 20
note_off 61
time 21
note_off 63
time 28
note_on 51
velocity 47
time 21
note_on 70
velocity 52
time 1
note_on 73
velocity 65
time 30
note_off 70
time 8
note_off 73
time 23
note_off 51
time 102
note_on 44
velocity 52
time 40
note_on 84
velocity 80
time 6
note_off 84
time 64
note_off 44
time 36
note_on 51
velocity 39
time 53
note_off 51
time 97
note_on 70
velocity 41
time 20
note_on 55
velocity 44
time 11
note_on 73
velocity 50
time 27
note_off 70
time 1
note_on 63
velocity 59
time 34
note_off 73
time 6
note_off 55
time 22
note_off 63
time 38
note_on 70
velocity 61
time 5
note_on 51
velocity 42
time 58
note_on 73
velocity 54
time 26
note_off 51
time 64
note_on 44
velocity 42
time 59
note_on 79
velocity 79
time 9
note_off 70
time 23
note_off 73
time 14
note_off 44
time 14
note_on 51
velocity 46
time 41
note_off 79
time 12
note_on 73
velocity 42
time 96
note_off 51
time 11
note_on 70
velocity 23
time 14
note_on 55
velocity 30
time 6
note_off 73
time 32
note_off 70
time 16
note_on 63
velocity 61
time 11
note_on 61
velocity 34
time 22
note_off 61
time 44
note_off 55
time 2
note_on 70
velocity 64
time 30
note_off 63
time 52
note_on 51
velocity 49
time 32
note_on 73
velocity 72
time 2
note_off 73
time 38
note_off 70
time 2
note_off 51
time 72
note_on 44
velocity 47
time 48
note_on 82
velocity 74
time 0
note_off 44
time 16
note_off 82
time 15
note_on 51
velocity 43
time 11
note_on 72
velocity 42
time 42
note_off 51
time 75
note_off 72
time 45
note_on 56
velocity 28
time 21
note_on 75
velocity 40
time 10
note_on 60
velocity 43
time 14
note_on 63
velocity 58
time 28
note_off 75
time 6
note_off 56
time 2
note_off 60
time 3
note_off 63
time 63
note_on 51
velocity 43
time 14
note_on 72
velocity 54
time 10
note_on 75
velocity 63
time 36
note_off 51
time 38
note_on 80
velocity 79
time 65
note_on 44
velocity 52
time 2
note_off 72
time 27
note_off 75
time 7
note_off 44
time 63
note_on 51
velocity 51
time 29
note_off 80
time 32
note_on 72
velocity 56
time 26
note_on 75
velocity 61
time 43
note_on 56
velocity 50
time 58
note_off 51
time 28
note_on 60
velocity 59
time 13
note_off 72
time 12
note_off 75
time 5
note_on 63
velocity 57
time 21
note_off 60
time 4
note_off 56
time 7
note_off 63
time 77
note_on 72
velocity 64
time 0
note_on 51
velocity 49
time 8
note_on 75
velocity 71
time 36
note_off 51
time 54
note_on 44
velocity 60
time 4
note_on 80
velocity 80
time 2
note_off 72
time 7
note_off 75
time 21
note_off 44
time 15
note_on 52
velocity 62
time 38
note_on 72
velocity 60
time 9
note_off 80
time 16
note_on 76
velocity 67
time 54
note_off 72
time 55
note_off 76
time 8
note_on 56
velocity 56
time 3
note_off 52
time 16
note_on 64
velocity 69
time 16
note_on 60
velocity 60
time 10
note_off 56
time 30
note_off 60
time 8
note_off 64
time 25
note_on 72
velocity 69
time 7
note_on 52
velocity 45
time 37
note_on 76
velocity 69
time 43
note_off 52
time 65
note_on 80
velocity 88
time 30
note_on 44
velocity 58
time 14
note_off 76
time 25
note_off 72
time 1
note_off 44
time 52
note_on 72
velocity 60
time 42
note_on 52
velocity 47
time 16
note_off 80
time 37
note_on 76
velocity 70
time 4
note_off 72
time 65
note_off 76
time 6
note_off 52
time 4
note_on 56
velocity 52
time 21
note_on 64
velocity 64
time 13
note_on 60
velocity 24
time 21
note_off 56
time 14
note_off 60
time 30
note_off 64
time 19
note_on 72
velocity 68
time 6
note_on 76
velocity 76
time 100
note_off 72
time 39
note_on 37
velocity 65
time 75
note_on 80
velocity 83
time 32
note_off 76
time 13
note_off 37
time 8
note_on 73
velocity 55
time 162
note_on 56
velocity 55
time 22
note_on 77
velocity 55
time 73
note_off 56
time 11
note_on 61
velocity 47
time 12
note_off 73
time 11
note_on 65
velocity 40
time 30
note_off 80
time 10
note_on 68
velocity 47
time 6
note_off 77
time 1
note_off 61
time 2
note_off 65
time 17
note_on 56
velocity 55
time 61
note_on 73
velocity 65
time 3
note_off 68
time 44
note_on 77
velocity 67
time 21
note_off 56
time 50
note_on 49
velocity 52
time 42
note_on 80
velocity 85
time 0
note_off 73
time 28
note_off 77
time 8
note_off 49
time 39
note_on 56
velocity 59
time 55
note_on 73
velocity 52
time 16
note_on 77
velocity 57
time 67
note_off 73
time 51
note_off 56
time 27
note_on 61
velocity 42
time 3
note_off 77
time 19
note_on 68
velocity 63
time 9
note_on 65
velocity 53
time 7
note_off 65
time 31
note_off 61
time 2
note_off 80
time 7
note_on 73
velocity 64
time 45
note_on 77
velocity 72
time 48
note_on 56
velocity 46
time 1
note_off 68
time 18
note_off 56
time 44
note_on 80
velocity 89
time 36
note_on 49
velocity 47
time 16
note_off 73
time 2
note_off 77
time 28
note_off 49
time 35
note_on 56
velocity 58
time 55
note_on 73
velocity 48
time 4
note_on 77
velocity 64
time 61
note_off 73
time 57
note_off 56
time 46
note_on 68
velocity 64
time 1
note_off 77
time 4
note_on 65
velocity 45
time 19
note_on 61
velocity 38
time 2
note_off 80
time 27
note_off 65
time 6
note_off 61
time 27
note_on 73
velocity 69
time 9
note_on 56
velocity 49
time 29
note_on 77
velocity 73
time 33
note_off 68
time 2
note_off 56
time 29
note_on 49
velocity 56
time 61
note_on 82
velocity 85
time 18
note_off 73
time 15
note_off 77
time 18
note_off 49
time 22
note_on 55
velocity 52
time 35
note_on 73
velocity 55
time 40
note_off 82
time 41
note_off 55
time 2
note_on 77
velocity 69
time 10
note_on 61
velocity 37
time 45
note_off 73
time 0
note_off 77
time 40
note_off 61
time 1
note_on 65
velocity 49
time 0
note_on 67
velocity 60
time 23
note_off 65
time 9
note_on 73
velocity 68
time 76
note_on 55
velocity 43
time 17
note_off 67
time 19
note_on 77
velocity 71
time 51
note_off 55
time 15
note_off 73
time 7
note_on 48
velocity 48
time 61
note_on 84
velocity 74
time 4
note_off 77
time 3
note_off 84
time 13
note_off 48
time 18
note_on 55
velocity 51
time 41
note_on 72
velocity 49
time 84
note_on 77
velocity 41
time 36
note_off 72
time 26
note_on 60
velocity 24
time 27
note_on 67
velocity 56
time 35
note_off 77
time 13
note_on 65
velocity 28
time 10
note_off 60
time 15
note_off 55
time 15
note_off 65
time 16
note_on 72
velocity 60
time 21
note_off 67
time 78
note_on 77
velocity 62
time 7
note_on 48
velocity 41
time 69
note_off 72
time 29
note_on 79
velocity 79
time 2
note_off 48
time 27
note_off 77
time 31
note_on 55
velocity 50
time 44
note_on 72
velocity 46
time 54
note_on 77
velocity 69
time 44
note_off 72
time 32
note_off 79
time 25
note_on 60
velocity 33
time 5
note_on 67
velocity 51
time 38
note_off 55
time 32
note_on 65
velocity 28
time 0
note_off 77
time 3
note_off 60
time 18
note_off 65
time 25
note_on 72
velocity 56
time 20
note_off 67
time 57
note_on 55
velocity 4
time 13
note_on 77
velocity 63
time 19
note_off 55
time 51
note_on 48
velocity 44
time 35
note_off 72
time 20
note_on 79
velocity 71
time 12
note_off 77
time 10
note_off 48
time 1
note_on 55
velocity 30
time 10
note_on 72
velocity 43
time 4
note_on 76
velocity 62
time 8
note_off 72
time 37
note_off 79
time 16
note_on 60
velocity 34
time 27
note_on 67
velocity 47
time 29
note_off 76
time 27
note_off 60
time 12
note_on 64
velocity 32
time 3
note_off 55
time 37
note_off 64
time 7
note_on 72
velocity 54
time 2
note_off 67
time 85
note_on 76
velocity 56
time 26
note_off 72
time 56
note_on 48
velocity 35
time 25
note_on 79
velocity 64
time 12
note_off 48
time 40
note_off 76
time 21
note_on 55
velocity 49
time 52
note_on 72
velocity 40
time 45
note_off 79
time 2
note_off 72
time 70
note_on 76
velocity 57
time 1
note_off 55
time 90
note_on 67
velocity 47
time 25
note_off 76
time 0
note_on 72
velocity 55
time 141
note_off 67
time 22
note_on 76
velocity 57
time 83
note_off 72
time 42
note_on 43
velocity 39
time 71
note_on 79
velocity 58
time 6
note_off 43
time 17
note_on 50
velocity 43
time 3
note_off 79
time 10
note_on 71
velocity 55
time 25
note_off 76
time 11
note_on 55
velocity 43
time 160
note_on 76
velocity 69
time 104
note_off 55
time 36
note_on 59
velocity 41
time 64
note_off 50
time 9
note_off 76
time 40
note_on 65
velocity 52
time 4
note_off 59
time 19
note_on 50
velocity 46
time 102
note_off 65
time 21
note_on 76
velocity 57
time 0
note_off 50
time 41
note_on 79
velocity 75
time 38
note_on 43
velocity 38
time 7
note_off 76
time 52
note_off 43
time 1
note_on 50
velocity 49
time 46
note_off 79
time 14
note_on 74
velocity 74
time 60
note_on 55
velocity 42
time 83
note_off 55
time 54
note_on 65
velocity 58
time 20
note_off 71
time 15
note_off 50
time 2
note_on 59
velocity 53
time 4
note_off 74
time 6
note_off 59
time 39
note_on 71
velocity 52
time 22
note_on 74
velocity 72
time 66
note_on 50
velocity 44
time 23
note_off 65
time 20
note_off 50
time 41
note_on 79
velocity 80
time 12
note_off 74
time 15
note_on 43
velocity 44
time 9
note_off 43
time 43
note_off 79
time 57
note_on 50
velocity 50
time 4
note_on 77
velocity 82
time 76
note_on 55
velocity 38
time 69
note_off 50
time 9
note_off 71
time 35
note_on 65
velocity 60
time 34
note_on 62
velocity 36
time 16
note_off 77
time 5
note_off 55
time 26
note_off 62
time 11
note_on 71
velocity 73
time 30
note_on 50
velocity 56
time 14
note_on 77
velocity 74
time 58
note_off 65
time 6
note_off 50
time 50
note_on 79
velocity 84
time 19
note_on 43
velocity 50
time 22
note_off 71
time 18
note_off 77
time 41
note_off 43
time 1
note_off 79
time 34
note_on 71
velocity 59
time 6
note_on 50
velocity 55
time 21
note_on 76
velocity 82
time 58
note_off 50
time 76
note_on 55
velocity 33
time 27
note_off 71
time 9
note_off 55
time 37
note_on 65
velocity 70
time 5
note_on 50
velocity 37
time 2
note_off 76
time 1
note_off 50
time 38
note_on 71
velocity 65
time 58
note_on 76
velocity 74
time 92
note_off 65
time 10
note_off 71
time 26
note_off 76
time 31
note_on 36
velocity 46
time 47
note_on 74
velocity 71
time 0
note_off 36
time 16
note_on 43
velocity 46
time 40
note_on 65
velocity 71
time 39
note_off 74
time 55
note_on 48
velocity 39
time 83
note_on 67
velocity 52
time 83
note_off 43
time 10
note_off 48
time 12
note_off 65
time 25
note_on 55
velocity 23
time 9
note_on 60
velocity 54
time 14
note_off 67
time 6
note_off 55
time 32
note_on 65
velocity 54
time 66
note_on 43
velocity 27
time 15
note_off 60
time 17
note_off 43
time 37
note_on 67
velocity 46
time 15
note_on 36
velocity 44
time 30
note_on 72
velocity 66
time 15
note_off 65
time 19
note_off 36
time 34
note_on 43
velocity 46
time 39
note_off 67
time 52
note_on 64
velocity 66
time 26
note_off 72
time 17
note_on 69
velocity 5
time 15
note_on 48
velocity 30
time 70
note_off 43
time 6
note_off 64
time 45
note_on 60
velocity 51
time 11
note_off 69
time 55
note_off 48
time 5
note_on 55
velocity 3
time 29
note_on 64
velocity 51
time 18
note_off 60
time 3
note_off 55
time 29
note_on 43
velocity 43
time 19
note_off 43
time 63
note_on 67
velocity 44
time 14
note_on 72
velocity 69
time 36
note_on 36
velocity 44
time 16
note_off 64
time 13
note_off 36
time 11
note_on 43
velocity 33
time 7
note_off 72
time 6
note_on 62
velocity 56
time 84
note_on 48
velocity 30
time 92
note_off 43
time 17
note_off 62
time 5
note_on 60
velocity 53
time 17
note_off 48
time 30
note_off 67
time 29
note_on 62
velocity 47
time 69
note_off 60
time 15
note_on 43
velocity 35
time 27
note_off 62
time 68
note_on 67
velocity 42
time 10
note_off 43
time 33
note_on 72
velocity 55
time 23
note_off 67
time 11
note_on 36
velocity 38
time 11
note_off 36
time 1
note_off 72
time 12
note_on 43
velocity 32
time 3
note_on 64
velocity 52
time 15
note_off 43
time 104
note_off 64
time 8
note_on 60
velocity 51
time 42
note_on 55
velocity 20
time 83
note_off 55
time 56
note_off 60
time 7
note_on 64
velocity 42
time 9
note_on 43
velocity 37
time 42
note_off 43
time 62
note_on 67
velocity 48
time 4
note_off 64
time 3
note_on 40
velocity 34
time 155
note_off 67
time 107
note_on 72
velocity 55
time 18
note_on 67
velocity 28
time 37
note_on 48
velocity 41
time 4
note_off 40
time 41
note_off 48
time 26
note_off 67
time 3
note_on 70
velocity 47
time 8
note_off 70
time 85
note_on 60
velocity 52
time 14
note_off 72
time 36
note_on 58
velocity 36
time 26
note_on 67
velocity 44
time 28
note_off 58
time 15
note_on 48
velocity 45
time 60
note_off 60
time 12
note_on 70
velocity 58
time 32
note_off 48
time 9
note_off 67
time 60
note_on 72
velocity 72
time 4
note_on 40
velocity 49
time 26
note_off 70
time 8
note_off 40
time 90
note_on 48
velocity 61
time 52
note_on 70
velocity 55
time 7
note_off 48
time 62
note_on 60
velocity 62
time 59
note_off 70
time 25
note_on 58
velocity 48
time 9
note_off 72
time 5
note_off 58
time 30
note_on 67
velocity 57
time 45
note_off 60
time 7
note_on 48
velocity 57
time 1
note_on 70
velocity 64
time 54
note_off 48
time 62
note_on 73
velocity 77
time 42
note_off 67
time 16
note_on 40
velocity 42
time 16
note_off 70
time 3
note_off 40
time 119
note_on 48
velocity 59
time 12
note_on 70
velocity 67
time 4
note_on 67
velocity 24
time 16
note_off 67
time 55
note_on 60
velocity 54
time 50
note_off 73
time 0
note_off 48
time 14
note_off 70
time 9
note_on 58
velocity 53
time 30
note_off 58
time 41
note_on 67
velocity 58
time 4
note_on 48
velocity 45
time 70
note_on 70
velocity 63
time 12
note_off 48
time 67
note_on 72
velocity 82
time 38
note_off 60
time 14
note_off 67
time 2
note_on 40
velocity 57
time 11
note_off 70
time 18
note_off 40
time 89
note_on 67
velocity 35
time 25
note_on 48
velocity 69
time 13
note_on 70
velocity 77
time 9
note_off 67
time 34
note_on 60
velocity 60
time 52
note_off 48
time 31
note_on 58
velocity 68
time 16
note_off 70
time 19
note_off 72
time 26
note_on 67
velocity 60
time 4
note_off 58
time 16
note_on 48
velocity 64
time 81
note_on 70
velocity 81
time 2
note_off 67
time 6
note_off 60
time 85
note_off 48
time 8
note_on 41
velocity 52
time 12
note_off 70
time 29
note_on 72
velocity 77
time 9
note_on 65
velocity 25
time 16
note_off 41
time 31
note_on 48
velocity 60
time 1
note_on 70
velocity 50
time 23
note_off 65
time 18
note_on 60
velocity 62
time 44
note_off 48
time 50
note_on 58
velocity 71
time 0
note_off 70
time 4
note_on 65
velocity 23
time 78
note_off 58
time 15
note_on 70
velocity 53
time 23
note_off 72
time 5
note_on 48
velocity 59
time 21
note_off 60
time 21
note_off 70
time 85
note_off 48
time 13
note_on 74
velocity 78
time 12
note_on 41
velocity 61
time 4
note_off 41
time 92
note_on 48
velocity 61
time 48
note_off 74
time 39
note_on 68
velocity 68
time 9
note_on 56
velocity 74
time 88
note_on 60
velocity 57
time 3
note_off 68
time 6
note_off 65
time 7
note_off 48
time 11
note_on 65
velocity 31
time 56
note_on 48
velocity 64
time 66
note_on 68
velocity 72
time 6
note_off 56
time 10
note_off 65
time 0
note_off 60
time 7
note_off 68
time 71
note_on 76
velocity 74
time 9
note_off 48
time 5
note_on 41
velocity 65
time 5
note_off 41
time 18
note_on 48
velocity 62
time 13
note_off 76
time 6
note_on 67
velocity 4
time 33
note_on 72
velocity 46
time 6
note_on 60
velocity 65
time 84
note_on 55
velocity 60
time 8
note_off 72
time 5
note_off 48
time 15
note_off 55
time 90
note_off 60
time 9
note_on 72
velocity 73
time 25
note_off 67
time 1
note_on 48
velocity 52
time 12
note_off 72
time 44
note_off 48
time 91
note_on 77
velocity 75
time 5
note_on 41
velocity 51
time 13
note_on 74
velocity 37
time 5
note_off 77
time 20
note_off 41
time 17
note_on 48
velocity 43
time 22
note_on 68
velocity 53
time 0
note_off 74
time 36
note_off 68
time 59
note_on 53
velocity 55
time 17
note_off 48
time 33
note_off 53
time 39
note_on 68
velocity 54
time 50
note_on 72
velocity 66
time 77
note_off 68
time 9
note_on 43
velocity 52
time 100
note_off 72
time 50
note_on 75
velocity 72
time 8
note_off 43
time 0
note_on 70
velocity 45
time 11
note_on 51
velocity 55
time 47
note_on 73
velocity 56
time 9
note_off 51
time 68
note_off 70
time 1
note_on 63
velocity 59
time 32
note_off 73
time 19
note_on 61
velocity 43
time 14
note_off 75
time 32
note_off 61
time 8
note_on 70
velocity 66
time 26
note_on 51
velocity 46
time 22
note_on 73
velocity 69
time 34
note_off 63
time 53
note_off 51
time 36
note_on 75
velocity 82
time 16
note_off 70
time 13
note_on 43
velocity 47
time 10
note_off 73
time 6
note_off 43
time 95
note_on 51
velocity 58
time 26
note_on 70
velocity 58
time 9
note_on 73
velocity 65
time 20
note_off 70
time 80
note_off 51
time 19
note_on 63
velocity 63
time 8
note_off 73
time 8
note_on 61
velocity 51
time 4
note_off 61
time 32
note_off 75
time 9
note_on 70
velocity 62
time 39
note_on 51
velocity 48
time 45
note_off 63
time 4
note_on 73
velocity 70
time 14
note_off 51
time 94
note_on 43
velocity 47
time 18
note_on 77
velocity 80
time 13
note_off 70
time 35
note_off 73
time 10
note_off 43
time 58
note_on 51
velocity 62
time 31
note_on 73
velocity 71
time 51
note_off 77
time 0
note_on 70
velocity 49
time 1
note_off 51
time 52
note_off 70
time 21
note_on 61
velocity 71
time 14
note_on 63
velocity 67
time 16
note_off 73
time 26
note_off 61
time 2
note_on 70
velocity 76
time 66
note_on 51
velocity 62
time 9
note_on 73
velocity 77
time 59
note_off 51
time 106
note_on 43
velocity 56
time 2
note_on 75
velocity 89
time 18
note_off 70
time 4
note_off 73
time 42
note_off 63
time 28
note_off 43
time 14
note_on 51
velocity 63
time 54
note_on 70
velocity 63
time 8
note_on 73
velocity 70
time 41
note_off 51
time 34
note_on 61
velocity 69
time 56
note_off 70
time 2
note_on 63
velocity 63
time 23
note_off 73
time 19
note_off 61
time 26
note_off 75
time 58
note_on 70
velocity 65
time 2
note_on 51
velocity 60
time 3
note_on 73
velocity 76
time 64
note_off 63
time 47
note_off 70
time 6
note_off 51
time 42
note_off 73
time 19
note_on 44
velocity 59
time 1
note_on 75
velocity 84
time 2
note_on 51
velocity 59
time 36
note_on 68
velocity 47
time 8
note_off 44
time 17
note_on 73
velocity 54
time 50
note_off 68
time 15
note_on 63
velocity 64
time 67
note_off 73
time 15
note_on 61
velocity 64
time 6
note_off 51
time 1
note_off 61
time 84
note_on 68
velocity 47
time 4
note_off 75
time 1
note_on 73
velocity 61
time 22
note_off 63
time 29
note_on 51
velocity 62
time 9
note_off 73
time 51
note_off 51
time 79
note_on 77
velocity 83
time 8
note_on 44
velocity 61
time 10
note_off 68
time 43
note_on 51
velocity 63
time 85
note_off 77
time 1
note_off 44
time 8
note_on 72
velocity 62
time 16
note_on 68
velocity 11
time 27
note_off 68
time 70
note_on 60
velocity 73
time 37
note_on 63
velocity 60
time 5
note_off 51
time 4
note_off 72
time 7
note_off 63
time 63
note_off 60
time 10
note_on 68
velocity 65
time 12
note_on 51
velocity 59
time 65
note_off 68
time 17
note_on 72
velocity 69
time 9
note_off 51
time 6
note_on 79
velocity 87
time 2
note_on 44
velocity 61
time 11
note_off 72
time 2
note_off 79
time 4
note_on 72
velocity 33
time 20
note_off 44
time 18
note_on 51
velocity 62
time 1
note_on 68
velocity 61
time 66
note_off 68
time 55
note_off 72
time 7
note_on 58
velocity 62
time 39
note_on 63
velocity 65
time 8
note_off 51
time 8
note_off 63
time 82
note_on 68
velocity 67
time 4
note_off 58
time 7
note_on 51
velocity 48
time 60
note_off 68
time 10
note_on 72
velocity 60
time 18
note_off 72
time 100
note_off 51
time 27
note_on 80
velocity 83
time 6
note_on 44
velocity 51
time 16
note_off 80
time 12
note_off 44
time 42
note_on 51
velocity 45
time 15
note_on 72
velocity 44
time 4
note_on 68
velocity 42
time 78
note_off 72
time 8
note_off 68
time 38
note_off 51
time 25
note_on 56
velocity 49
time 20
note_on 63
velocity 34
time 17
note_on 68
velocity 52
time 73
note_off 63
time 8
note_off 56
time 10
note_on 51
velocity 52
time 34
note_on 72
velocity 63
time 47
note_off 51
time 4
note_off 68
time 16
note_off 72
time 15
note_on 39
velocity 54
time 156
note_on 79
velocity 77
time 3
note_off 39
time 15
note_on 72
velocity 45
time 48
note_on 75
velocity 57
time 61
note_on 55
velocity 59
time 30
note_off 72
time 31
note_off 75
time 26
note_on 67
velocity 53
time 4
note_off 55
time 19
note_on 60
velocity 50
time 26
note_off 60
time 53
note_on 72
velocity 65
time 25
note_off 79
time 19
note_on 55
velocity 19
time 30
note_on 75
velocity 66
time 2
note_off 55
time 47
note_off 67
time 19
note_on 48
velocity 42
time 34
note_on 79
velocity 80
time 17
note_off 75
time 42
note_off 72
time 53
note_on 72
velocity 35
time 23
note_on 55
velocity 48
time 36
note_on 75
velocity 69
time 33
note_off 48
time 6
note_off 55
time 45
note_off 72
time 22
note_on 60
velocity 37
time 25
note_off 75
time 6
note_on 67
velocity 56
time 1
note_off 60
time 43
note_on 72
velocity 59
time 95
note_off 79
time 14
note_on 75
velocity 66
time 23
note_off 67
time 36
note_on 41
velocity 54
time 67
note_on 80
velocity 82
time 3
note_off 75
time 3
note_off 41
time 16
note_on 50
velocity 52
time 70
note_on 74
velocity 58
time 56
note_off 72
time 76
note_off 74
time 27
note_off 50
time 2
note_on 68
velocity 58
time 11
note_on 60
velocity 32
time 3
note_off 80
time 3
note_off 60
time 44
note_off 68
time 50
note_on 72
velocity 63
time 14
note_on 50
velocity 22
time 63
note_on 74
velocity 60
time 28
note_off 72
time 5
note_off 50
time 26
note_on 43
velocity 43
time 46
note_on 77
velocity 71
time 4
note_off 74
time 0
note_off 43
time 6
note_on 50
velocity 48
time 10
note_on 71
velocity 46
time 38
note_on 74
velocity 49
time 69
note_off 71
time 8
note_off 50
time 3
note_on 59
velocity 37
time 77
note_off 77
time 12
note_off 74
time 12
note_on 65
velocity 41
time 6
note_off 59
time 30
note_on 55
velocity 33
time 61
note_on 71
velocity 43
time 10
note_off 55
time 44
note_on 50
velocity 35
time 15
note_on 74
velocity 47
time 18
note_off 71
time 38
note_off 50
time 33
note_off 65
time 13
note_on 48
velocity 33
time 75
note_off 74
time 106
note_on 76
velocity 64
time 3
note_on 52
velocity 32
time 16
note_on 55
velocity 41
time 6
note_on 72
velocity 39
time 0
note_on 67
velocity 7
time 8
note_off 55
time 9
note_off 67
time 25
note_on 60
velocity 37
time 28
note_off 72
time 2
note_on 64
velocity 45
time 2
note_off 52
time 7
note_off 48
time 10
note_off 60
time 30
note_on 67
velocity 41
time 69
note_on 52
velocity 43
time 30
note_off 76
time 2
note_off 67
time 11
note_on 72
velocity 55
time 4
note_off 52
time 19
note_on 48
velocity 42
time 57
note_off 64
time 2
note_on 74
velocity 68
time 22
note_off 72
time 7
note_on 53
velocity 46
time 10
note_on 68
velocity 36
time 9
note_on 71
velocity 59
time 7
note_on 56
velocity 49
time 39
note_off 68
time 33
note_off 53
time 12
note_off 56
time 11
note_off 71
time 20
note_on 62
velocity 53
time 21
note_on 59
velocity 47
time 7
note_off 48
time 14
note_off 59
time 28
note_off 62
time 35
note_on 68
velocity 67
time 11
note_off 74
time 14
note_on 53
velocity 49
time 36
note_on 71
velocity 60
time 27
note_off 53
time 67
note_on 48
velocity 41
time 71
note_on 77
velocity 71
time 2
note_off 71
time 16
note_on 53
velocity 42
time 8
note_off 68
time 6
note_off 48
time 8
note_on 68
velocity 26
time 6
note_on 71
velocity 53
time 53
note_on 56
velocity 45
time 38
note_off 77
time 3
note_off 53
time 2
note_off 68
time 15
note_on 65
velocity 45
time 40
note_on 62
velocity 24
time 40
note_off 56
time 15
note_off 71
time 22
note_off 62
time 11
note_on 53
velocity 46
time 38
note_on 68
velocity 52
time 13
note_off 53
time 53
note_on 71
velocity 49
time 39
note_off 65
time 27
note_on 48
velocity 39
time 17
note_off 68
time 3
note_on 76
velocity 65
time 10
note_off 71
time 0
note_on 52
velocity 16
time 15
note_off 48
time 5
note_on 71
velocity 45
time 6
note_on 68
velocity 18
time 6
note_off 76
time 9
note_on 56
velocity 43
time 12
note_off 68
time 38
note_off 52
time 10
note_off 56
time 3
note_off 71
time 7
note_on 64
velocity 40
time 10
note_on 62
velocity 3
time 46
note_on 68
velocity 50
time 22
note_off 62
time 13
note_off 64
time 14
note_on 52
velocity 7
time 1
note_off 68
time 2
note_on 71
velocity 44
time 10
note_off 52
time 43
note_on 48
velocity 38
time 13
note_off 71
time 17
note_on 76
velocity 59
time 13
note_on 52
velocity 27
time 16
note_on 67
velocity 22
time 4
note_on 72
velocity 47
time 22
note_on 55
velocity 33
time 3
note_off 48
time 16
note_off 67
time 4
note_off 55
time 7
note_on 64
velocity 47
time 45
note_off 52
time 3
note_off 72
time 0
note_on 60
velocity 30
time 3
note_off 60
time 48
note_on 67
velocity 47
time 50
note_off 76
time 40
note_on 72
velocity 64
time 17
note_off 67
time 10
note_on 52
velocity 11
time 2
note_off 64
time 48
note_off 52
time 12
note_on 47
velocity 42
time 61
note_on 74
velocity 61
time 62
note_off 72
time 45
note_on 53
velocity 39
time 8
note_on 68
velocity 17
time 16
note_on 71
velocity 52
time 14
note_on 56
velocity 41
time 0
note_off 68
time 1
note_off 47
time 26
note_off 53
time 4
note_off 56
time 17
note_off 71
time 0
note_on 62
velocity 54
time 4
note_on 59
velocity 44
time 29
note_off 59
time 44
note_on 68
velocity 55
time 19
note_off 74
time 9
note_off 62
time 17
note_on 53
velocity 43
time 45
note_on 71
velocity 53
time 46
note_off 53
time 29
note_on 77
velocity 66
time 93
note_on 47
velocity 38
time 5
note_off 71
time 6
note_off 68
time 16
note_off 47
time 3
note_on 53
velocity 54
time 8
note_on 68
velocity 27
time 12
note_on 71
velocity 53
time 20
note_off 77
time 7
note_on 56
velocity 44
time 58
note_off 68
time 7
note_off 53
time 2
note_on 65
velocity 50
time 35
note_off 71
time 30
note_on 62
velocity 16
time 22
note_off 56
time 44
note_off 62
time 12
note_on 68
velocity 61
time 18
note_on 53
velocity 39
time 21
note_off 53
time 39
note_on 71
velocity 53
time 22
note_off 65
time 10
note_on 47
velocity 46
time 54
note_off 68
time 34
note_on 76
velocity 72
time 11
note_off 71
time 6
note_off 47
time 16
note_on 52
velocity 35
time 4
note_on 68
velocity 38
time 14
note_on 56
velocity 50
time 85
note_on 71
velocity 43
time 11
note_off 52
time 14
note_off 56
time 70
note_off 68
time 4
note_off 71
time 38
note_on 64
velocity 50
time 2
note_on 62
velocity 31
time 19
note_off 76
time 47
note_off 62
time 7
note_on 56
velocity 37
time 56
note_on 68
velocity 59
time 5
note_off 56
time 38
note_on 52
velocity 37
time 48
note_on 71
velocity 65
time 14
note_off 64
time 34
note_off 52
time 39
note_off 68
time 35
note_on 45
velocity 41
time 72
note_on 76
velocity 69
time 97
note_off 71
time 7
note_off 45
time 56
note_on 69
velocity 48
time 31
note_on 52
velocity 45
time 9
note_on 73
velocity 50
time 87
note_on 57
velocity 55
time 34
note_off 52
time 7
note_off 57
time 54
note_off 69
time 18
note_off 73
time 41
note_on 64
velocity 52
time 2
note_on 61
velocity 40
time 13
note_off 76
time 36
note_off 61
time 3
note_on 52
velocity 52
time 55
note_on 69
velocity 53
time 27
note_on 73
velocity 61
time 23
note_off 52
time 25
note_off 64
time 12
note_on 45
velocity 55
time 56
note_on 74
velocity 68
time 43
note_off 69
time 38
note_off 45
time 33
note_off 73
time 45
note_on 54
velocity 42
time 11
note_on 71
velocity 56
time 65
note_on 57
velocity 42
time 29
note_off 54
time 6
note_on 69
velocity 49
time 5
note_off 57
time 29
note_off 69
time 21
note_off 71
time 14
note_on 62
velocity 58
time 13
note_off 62
time 88
note_off 74
time 1
note_on 69
velocity 58
time 12
note_on 54
velocity 42
time 47
note_on 71
velocity 52
time 31
note_off 54
time 37
note_on 45
velocity 49
time 66
note_on 78
velocity 81
time 47
note_off 71
time 32
note_off 45
time 18
note_on 54
velocity 42
time 50
note_on 71
velocity 69
time 69
note_off 54
time 81
note_off 78
time 5
note_off 69
time 35
note_on 66
velocity 64
time 5
note_off 71
time 39
note_on 62
velocity 17
time 19
note_on 54
velocity 56
time 46
note_off 62
time 3
note_on 69
velocity 57
time 6
note_off 66
time 32
note_off 54
time 1
note_on 71
velocity 78
time 29
note_off 69
time 29
note_on 47
velocity 47
time 39
note_on 76
velocity 82
time 59
note_off 71
time 37
note_off 47
time 12
note_on 52
velocity 50
time 41
note_on 68
velocity 59
time 7
note_on 74
velocity 70
time 21
note_off 68
time 38
note_off 52
time 14
note_off 76
time 10
note_on 64
velocity 61
time 31
note_off 74
time 28
note_on 68
velocity 77
time 61
note_on 52
velocity 56
time 68
note_on 74
velocity 76
time 21
note_off 68
time 10
note_off 64
time 32
note_off 52
time 44
note_on 45
velocity 57
time 42
note_on 76
velocity 80
time 6
note_off 74
time 5
note_off 45
time 2
note_on 52
velocity 44
time 17
note_on 69
velocity 60
time 44
note_on 73
velocity 68
time 41
note_off 52
time 20
note_on 57
velocity 60
time 4
note_off 57
time 41
note_off 69
time 8
note_on 64
velocity 72
time 32
note_off 73
time 0
note_on 61
velocity 63
time 9
note_off 61
time 44
note_off 76
time 9
note_on 57
velocity 32
time 21
note_on 69
velocity 64
time 2
note_off 64
time 39
note_off 57
time 1
note_on 52
velocity 62
time 10
note_on 73
velocity 76
time 34
note_off 69
time 5
note_off 52
time 55
note_off 73
time 17
note_on 45
velocity 59
time 36
note_on 81
velocity 89
time 58
note_off 45
time 39
note_on 52
velocity 46
time 64
note_on 73
velocity 66
time 36
note_on 57
velocity 62
time 52
note_on 76
velocity 74
time 12
note_off 57
time 37
note_off 81
time 21
note_on 61
velocity 64
time 31
note_off 73
time 0
note_on 69
velocity 78
time 14
note_off 52
time 2
note_off 76
time 15
note_off 61
time 20
note_on 57
velocity 33
time 20
note_off 57
time 35
note_on 73
velocity 81
time 4
note_on 52
velocity 51
time 1
note_off 52
time 41
note_on 76
velocity 79
time 45
note_off 69
time 9
note_off 73
time 28
note_on 45
velocity 67
time 14
note_off 76
time 69
note_on 83
velocity 95
time 4
note_on 51
velocity 63
time 41
note_on 75
velocity 75
time 22
note_off 45
time 7
note_on 54
velocity 73
time 61
note_off 83
time 27
note_on 78
velocity 78
time 3
note_off 51
time 8
note_off 75
time 45
note_off 54
time 32
note_on 60
velocity 65
time 1
note_on 69
velocity 75
time 17
note_off 78
time 22
note_off 60
time 44
note_on 54
velocity 68
time 22
note_on 75
velocity 83
time 4
note_off 69
time 29
note_on 51
velocity 70
time 66
note_off 54
time 11
note_on 78
velocity 86
time 6
note_off 75
time 38
note_on 44
velocity 79
time 63
note_off 51
time 12
note_on 84
velocity 96
time 83
note_off 78
time 12
note_on 51
velocity 62
time 2
note_off 84
time 40
note_on 75
velocity 73
time 2
note_off 44
time 7
note_on 54
velocity 70
time 62
note_off 51
time 57
note_on 78
velocity 70
time 5
note_off 54
time 31
note_on 60
velocity 64
time 18
note_off 75
time 15
note_on 68
velocity 74
time 38
note_off 60
time 4
note_off 78
time 19
note_on 54
velocity 54
time 6
note_on 75
velocity 79
time 77
note_on 51
velocity 63
time 8
note_off 54
time 14
note_off 51
time 33
note_off 68
time 13
note_on 78
velocity 87
time 60
note_off 75
time 51
note_on 37
velocity 83
time 122
note_on 84
velocity 89
time 37
note_off 78
time 14
note_off 37
time 17
note_off 84
time 26
note_on 73
velocity 62
time 171
note_on 77
velocity 63
time 120
note_off 73
time 18
note_on 61
velocity 61
time 43
note_off 77
time 12
note_on 65
velocity 63
time 32
note_off 61
time 7
note_off 65
time 34
note_on 58
velocity 56
time 11
note_on 73
velocity 72
time 9
note_off 58
time 50
note_on 77
velocity 70
time 22
note_on 56
velocity 44
time 30
note_off 56
time 46
note_on 82
velocity 88
time 16
note_on 49
velocity 56
time 7
note_off 73
time 11
note_off 77
time 33
note_off 49
time 8
note_on 56
velocity 59
time 51
note_on 73
velocity 64
time 3
note_off 56
time 39
note_off 82
time 5
note_on 58
velocity 44
time 16
note_on 77
velocity 69
time 34
note_on 61
velocity 49
time 6
note_off 58
time 15
note_off 61
time 21
note_on 56
velocity 59
time 9
note_off 73
time 6
note_off 77
time 9
note_off 56
time 22
note_on 65
velocity 65
time 31
note_off 65
time 79
note_on 73
velocity 73
time 2
note_on 77
velocity 71
time 110
note_off 73
time 21
note_off 77
time 45
note_on 37
velocity 62
time 19
note_off 37
time 75
note_on 85
velocity 88
time 58
note_off 85
time 62
note_on 56
velocity 50
time 188
note_on 70
velocity 57
time 5
note_on 58
velocity 44
time 47
note_off 70
time 19
note_off 56
time 14
note_off 58
time 7
note_on 61
velocity 39
time 50
note_on 65
velocity 41
time 2
note_off 61
time 37
note_on 70
velocity 62
time 44
note_on 58
velocity 27
time 7
note_on 56
velocity 53
time 30
note_off 58
time 16
note_on 73
velocity 76
time 26
note_off 65
time 14
note_off 56
time 9
note_on 49
velocity 52
time 56
note_on 77
velocity 82
time 29
note_off 70
time 7
note_off 49
time 32
note_off 73
time 0
note_on 56
velocity 53
time 46
note_off 56
time 67
note_on 58
velocity 36
time 15
note_on 70
velocity 45
time 13
note_on 73
velocity 59
time 10
note_off 77
time 32
note_off 70
time 14
note_on 61
velocity 44
time 1
note_off 73
time 23
note_on 65
velocity 63
time 27
note_off 61
time 7
note_off 58
time 5
note_on 56
velocity 49
time 12
note_off 56
time 41
note_on 70
velocity 48
time 82
note_on 73
velocity 67
time 18
note_off 65
time 14
note_off 73
time 29
note_off 70
time 3
note_on 39
velocity 56
time 86
note_on 82
velocity 83
time 4
note_off 39
time 11
note_off 82
time 128
note_on 72
velocity 51
time 22
note_on 51
velocity 42
time 22
note_off 51
time 90
note_off 72
time 19
note_on 75
velocity 52
time 3
note_on 56
velocity 47
time 5
note_on 60
velocity 55
time 51
note_off 75
time 0
note_on 63
velocity 67
time 10
note_off 56
time 10
note_off 60
time 36
note_on 72
velocity 59
time 37
note_off 63
time 9
note_on 51
velocity 27
time 14
note_on 75
velocity 69
time 30
note_off 51
time 37
note_on 48
velocity 50
time 8
note_on 80
velocity 88
time 47
note_off 75
time 20
note_off 72
time 7
note_off 48
time 26
note_on 51
velocity 52
time 12
note_off 80
time 79
note_on 72
velocity 52
time 6
note_off 51
time 20
note_on 56
velocity 42
time 14
note_on 75
velocity 59
time 14
note_off 72
time 53
note_off 56
time 17
note_off 75
time 7
note_on 63
velocity 67
time 11
note_off 63
time 91
note_on 72
velocity 64
time 21
note_on 75
velocity 70
time 68
note_off 72
time 7
note_off 75
time 36
note_on 39
velocity 54
time 98
note_on 84
velocity 79
time 51
note_off 39
time 38
note_off 84
time 21
note_on 68
velocity 53
time 196
note_on 51
velocity 34
time 35
note_off 68
time 11
note_on 72
velocity 45
time 44
note_off 51
time 4
note_on 63
velocity 45
time 57
note_off 72
time 0
note_on 60
velocity 36
time 22
note_on 68
velocity 50
time 38
note_off 60
time 20
note_off 63
time 2
note_on 51
velocity 42
time 15
note_on 72
velocity 60
time 30
note_on 48
velocity 44
time 107
note_off 68
time 3
note_on 75
velocity 74
time 8
note_off 51
time 10
note_off 72
time 8
note_off 48
time 66
note_on 68
velocity 41
time 88
note_on 72
velocity 57
time 17
note_on 56
velocity 36
time 3
note_off 68
time 28
note_on 60
velocity 53
time 50
note_on 63
velocity 54
time 25
note_off 75
time 12
note_off 72
time 3
note_off 60
time 2
note_off 56
time 1
note_on 68
velocity 52
time 68
note_on 72
velocity 73
time 80
note_off 68
time 8
note_on 39
velocity 50
time 87
note_off 63
time 2
note_on 75
velocity 72
time 8
note_off 72
time 4
note_off 39
time 18
note_on 67
velocity 45
time 66
note_on 70
velocity 68
time 60
note_off 67
time 43
note_off 75
time 23
note_on 52
velocity 34
time 3
note_on 61
velocity 59
time 29
note_off 52
time 19
note_off 70
time 9
note_off 61
time 37
note_on 67
velocity 51
time 26
note_on 55
velocity 19
time 46
note_on 70
velocity 77
time 26
note_off 55
time 34
note_on 51
velocity 3
time 75
note_on 76
velocity 81
time 13
note_on 46
velocity 55
time 35
note_off 70
time 8
note_off 67
time 6
note_off 51
time 38
note_off 46
time 18
note_on 51
velocity 29
time 9
note_off 76
time 38
note_on 67
velocity 34
time 16
note_on 70
velocity 72
time 20
note_off 51
time 8
note_on 55
velocity 44
time 10
note_off 67
time 57
note_on 61
velocity 65
time 38
note_off 55
time 35
note_off 70
time 0
note_on 51
velocity 59
time 4
note_off 51
time 42
note_on 67
velocity 66
time 7
note_off 61
time 4
note_on 70
velocity 75
time 80
note_on 39
velocity 64
time 72
note_off 67
time 39
note_on 77
velocity 79
time 35
note_on 76
velocity 46
time 50
note_off 39
time 3
note_off 70
time 2
note_off 76
time 34
note_off 77
time 23
note_on 67
velocity 46
time 39
note_on 70
velocity 72
time 44
note_on 51
velocity 57
time 47
note_off 67
time 29
note_on 61
velocity 66
time 41
note_off 70
time 31
note_off 51
time 15
note_on 55
velocity 41
time 53
note_on 67
velocity 58
time 3
note_on 63
velocity 5
time 17
note_off 61
time 7
note_off 55
time 48
note_on 70
velocity 74
time 1
note_off 63
time 26
note_on 51
velocity 46
time 16
note_on 75
velocity 88
time 73
note_on 46
velocity 53
time 28
note_off 67
time 14
note_off 70
time 14
note_off 46
time 69
note_on 67
velocity 44
time 13
note_on 55
velocity 51
time 39
note_on 70
velocity 70
time 31
note_off 51
time 15
note_off 75
time 14
note_off 67
time 14
note_on 61
velocity 67
time 41
note_off 55
time 33
note_off 70
time 27
note_on 51
velocity 28
time 25
note_on 67
velocity 68
time 27
note_off 51
time 13
note_on 70
velocity 83
time 68
note_off 67
time 59
note_on 41
velocity 66
time 50
note_on 73
velocity 79
time 7
note_off 70
time 26
note_off 41
time 70
note_on 65
velocity 58
time 19
note_off 61
time 31
note_on 68
velocity 70
time 42
note_on 53
velocity 56
time 35
note_off 65
time 28
note_on 61
velocity 65
time 30
note_off 53
time 14
note_off 68
time 19
note_on 56
velocity 66
time 4
note_off 73
time 20
note_off 61
time 29
note_off 56
time 1
note_on 65
velocity 68
time 6
note_on 53
velocity 60
time 61
note_on 68
velocity 80
time 27
note_on 72
velocity 86
time 109
note_off 53
time 1
note_off 65
time 1
note_off 68
time 2
note_on 48
velocity 64
time 3
note_on 65
velocity 68
time 115
note_off 48
time 27
note_on 53
velocity 17
time 39
note_on 56
velocity 65
time 10
note_on 68
velocity 77
time 5
note_off 72
time 35
note_off 53
time 3
note_on 53
velocity 18
time 0
note_off 56
time 21
note_off 65
time 3
note_on 60
velocity 71
time 40
note_off 68
time 20
note_on 48
velocity 50
time 27
note_off 53
time 1
note_off 48
time 45
note_on 65
velocity 73
time 3
note_on 68
velocity 81
time 84
note_off 65
time 32
note_on 41
velocity 77
time 36
note_on 72
velocity 88
time 29
note_off 68
time 23
note_off 72
time 45
note_off 41
time 3
note_on 63
velocity 73
time 14
note_off 60
time 73
note_on 65
velocity 76
time 1
note_on 53
velocity 71
time 22
note_off 63
time 53
note_off 65
time 43
note_on 60
velocity 74
time 18
note_off 53
time 4
note_on 57
velocity 64
time 3
note_on 63
velocity 79
time 69
note_on 53
velocity 69
time 41
note_off 57
time 36
note_off 60
time 23
note_on 65
velocity 78
time 9
note_off 63
time 12
note_off 65
time 42
note_on 48
velocity 81
time 12
note_off 53
time 23
note_on 84
velocity 94
time 159
note_on 75
velocity 80
time 195
note_off 84
time 5
note_on 53
velocity 70
time 31
note_off 48
time 79
note_on 77
velocity 81
time 3
note_off 53
time 13
note_on 57
velocity 67
time 27
note_off 75
time 15
note_on 72
velocity 75
time 68
note_on 53
velocity 65
time 4
note_off 57
time 0
note_off 77
time 23
note_on 48
velocity 65
time 71
note_off 53
time 15
note_on 75
velocity 84
time 11
note_off 48
time 37
note_on 77
velocity 89
time 111
note_off 72
time 43
note_off 75
time 4
note_on 34
velocity 80
time 140
note_on 84
velocity 87
time 40
note_off 77
time 38
note_off 34
time 10
note_off 84
time 32
note_on 73
velocity 58
time 145
note_on 53
velocity 53
time 25
note_off 73
time 94
note_on 77
velocity 61
time 5
note_on 61
velocity 56
time 62
note_off 53
time 6
note_off 61
time 39
note_off 77
time 0
note_on 65
velocity 64
time 18
note_off 65
time 44
note_on 73
velocity 69
time 32
note_on 53
velocity 24
time 8
note_off 53
time 62
note_on 77
velocity 63
time 7
note_on 46
velocity 58
time 17
note_off 46
time 66
note_on 82
velocity 90
time 5
note_off 73
time 17
note_off 77
time 11
note_on 53
velocity 47
time 29
note_on 73
velocity 67
time 88
note_off 53
time 21
note_off 82
time 16
note_on 58
velocity 41
time 1
note_on 61
velocity 38
time 27
note_on 77
velocity 68
time 19
note_off 58
time 6
note_off 61
time 23
note_on 53
velocity 42
time 1
note_off 73
time 29
note_off 53
time 11
note_off 77
time 20
note_on 65
velocity 66
time 47
note_on 73
velocity 73
time 91
note_off 65
time 1
note_on 77
velocity 72
time 123
note_off 73
time 23
note_off 77
time 25
note_on 34
velocity 56
time 60
note_on 85
velocity 84
time 9
note_off 34
time 14
note_off 85
time 40
note_on 52
velocity 35
time 196
note_on 70
velocity 56
time 42
note_on 56
velocity 48
time 50
note_off 70
time 37
note_on 73
velocity 55
time 0
note_off 56
time 12
note_off 52
time 2
note_off 73
time 62
note_on 61
velocity 18
time 2
note_on 64
velocity 53
time 7
note_off 61
time 52
note_on 70
velocity 60
time 29
note_on 52
velocity 30
time 50
note_on 73
velocity 59
time 35
note_off 64
time 14
note_off 52
time 6
note_on 46
velocity 34
time 81
note_on 76
velocity 68
time 32
note_off 70
time 38
note_off 73
time 9
note_off 46
time 21
note_on 52
velocity 42
time 45
note_on 73
velocity 46
time 117
note_on 70
velocity 26
time 23
note_on 56
velocity 48
time 4
note_off 52
time 23
note_off 56
time 30
note_off 70
time 33
note_off 73
time 17
note_on 61
velocity 29
time 32
note_on 64
velocity 46
time 18
note_off 61
time 37
note_on 56
velocity 16
time 41
note_off 76
time 19
note_on 70
velocity 49
time 30
note_off 64
time 15
note_off 56
time 1
note_on 52
velocity 37
time 31
note_off 52
time 57
note_on 73
velocity 59
time 72
note_off 70
time 44
note_off 73
time 4
note_on 39
velocity 47
time 289
note_on 82
velocity 74
time 11
note_off 39
time 27
note_off 82
time 116
note_on 51
velocity 30
time 113
note_on 72
velocity 45
time 55
note_off 51
time 96
note_on 56
velocity 40
time 10
note_off 72
time 27
note_on 75
velocity 54
time 9
note_on 60
velocity 46
time 46
note_off 56
time 11
note_off 60
time 45
note_off 75
time 11
note_on 63
velocity 48
time 25
note_on 72
velocity 52
time 89
note_off 63
time 8
note_on 48
velocity 34
time 44
note_on 75
velocity 51
time 27
note_off 48
time 89
note_on 80
velocity 77
time 9
note_on 51
velocity 38
time 10
note_off 75
time 17
note_off 72
time 16
note_off 51
time 83
note_off 80
time 4
note_on 56
velocity 16
time 73
note_on 75
velocity 51
time 1
note_on 60
velocity 31
time 39
note_off 56
time 31
note_off 75
time 0
note_off 60
time 14
note_on 63
velocity 54
time 33
note_off 63
time 100
note_on 72
velocity 59
time 4
note_on 75
velocity 67
time 98
note_off 72
time 13
note_off 75
time 34
note_on 39
velocity 47
time 82
note_on 84
velocity 72
time 158
note_off 39
time 46
note_off 84
time 37
note_on 51
velocity 22
time 201
note_on 68
velocity 38
time 50
note_off 68
time 41
note_on 72
velocity 49
time 31
note_on 56
velocity 35
time 5
note_off 51
time 34
note_off 56
time 34
note_on 63
velocity 44
time 0
note_off 72
time 2
note_on 60
velocity 36
time 5
note_off 60
time 50
note_on 68
velocity 38
time 20
note_on 72
velocity 54
time 77
note_off 63
time 67
note_on 48
velocity 39
time 3
note_off 68
time 26
note_on 75
velocity 69
time 21
note_off 72
time 7
note_off 48
time 55
note_on 68
velocity 38
time 130
note_on 72
velocity 54
time 2
note_off 68
time 43
note_on 56
velocity 5
time 5
note_on 60
velocity 46
time 34
note_off 72
time 2
note_on 63
velocity 52
time 20
note_off 60
time 21
note_off 56
time 7
note_on 68
velocity 45
time 77
note_off 75
time 25
note_off 63
time 43
note_on 72
velocity 57
time 13
note_off 68
time 23
note_on 39
velocity 37
time 91
note_on 75
velocity 70
time 7
note_off 72
time 8
note_off 39
time 19
note_on 69
velocity 52
time 76
note_on 57
velocity 48
time 88
note_on 72
velocity 52
time 6
note_off 69
time 27
note_off 57
time 16
note_on 63
velocity 51
time 23
note_off 72
time 5
note_on 60
velocity 50
time 16
note_off 75
time 3
note_off 63
time 18
note_off 60
time 30
note_on 69
velocity 53
time 37
note_on 57
velocity 27
time 17
note_on 72
velocity 56
time 47
note_off 57
time 32
note_on 51
velocity 37
time 77
note_on 77
velocity 77
time 16
note_off 72
time 45
note_off 51
time 97
note_off 77
time 32
note_on 60
velocity 36
time 16
note_on 72
velocity 60
time 9
note_off 60
time 59
note_off 69
time 10
note_on 63
velocity 62
time 21
note_on 51
velocity 51
time 17
note_off 72
time 4
note_off 51
time 40
note_on 69
velocity 66
time 47
note_off 63
time 23
note_on 72
velocity 66
time 55
note_on 39
velocity 62
time 38
note_off 39
time 81
note_on 78
velocity 82
time 57
note_off 72
time 69
note_on 57
velocity 45
time 120
note_off 78
time 23
note_on 72
velocity 61
time 6
note_off 57
time 36
note_off 69
time 42
note_on 60
velocity 42
time 2
note_on 63
velocity 60
time 16
note_off 72
time 11
note_off 60
time 19
note_off 63
time 50
note_on 57
velocity 40
time 12
note_on 69
velocity 57
time 6
note_on 72
velocity 66
time 80
note_on 51
velocity 27
time 18
note_off 51
time 55
note_on 77
velocity 78
time 62
note_off 69
time 27
note_off 72
time 4
note_on 65
velocity 41
time 43
note_off 57
time 23
note_off 65
time 13
note_off 77
time 8
note_on 57
velocity 27
time 2
note_on 69
velocity 47
time 67
note_on 72
velocity 45
time 18
note_off 57
time 27
note_off 69
time 9
note_on 51
velocity 55
time 7
note_on 63
velocity 61
time 7
note_off 72
time 11
note_off 51
time 22
note_off 63
time 59
note_on 69
velocity 64
time 6
note_off 69
time 69
note_on 72
velocity 72
time 4
note_on 39
velocity 57
time 29
note_on 77
velocity 75
time 56
note_off 72
time 5
note_off 39
time 4
note_on 70
velocity 55
time 137
note_off 77
time 0
note_on 58
velocity 58
time 16
note_on 73
velocity 53
time 51
note_off 58
time 21
note_off 70
time 37
note_on 65
velocity 53
time 21
note_on 61
velocity 66
time 26
note_off 65
time 19
note_off 73
time 3
note_on 58
velocity 56
time 57
note_off 61
time 3
note_on 70
velocity 66
time 1
note_on 73
velocity 69
time 86
note_off 58
time 79
note_on 51
velocity 38
time 27
note_on 79
velocity 85
time 1
note_off 73
time 44
note_off 70
time 2
note_off 51
time 15
note_on 58
velocity 43
time 28
note_on 70
velocity 52
time 43
note_on 73
velocity 79
time 28
note_on 61
velocity 46
time 9
note_off 79
time 11
note_off 61
time 45
note_off 70
time 27
note_on 51
velocity 57
time 2
note_off 58
time 16
note_on 65
velocity 71
time 8
note_off 51
time 22
note_off 73
time 5
note_on 70
velocity 75
time 76
note_on 73
velocity 78
time 61
note_off 65
time 1
note_on 39
velocity 55
time 50
note_off 70
time 37
note_on 80
velocity 87
time 6
note_off 73
time 7
note_off 39
time 2
note_on 71
velocity 54
time 121
note_on 59
velocity 35
time 86
note_on 74
velocity 55
time 2
note_off 80
time 6
note_off 59
time 45
note_off 71
time 9
note_on 62
velocity 60
time 3
note_on 65
velocity 57
time 21
note_off 74
time 8
note_off 62
time 17
note_on 71
velocity 58
time 82
note_on 59
velocity 35
time 7
note_off 65
time 38
note_on 74
velocity 66
time 12
note_on 51
velocity 51
time 25
note_off 51
time 40
note_on 79
velocity 89
time 34
note_off 71
time 29
note_off 74
time 6
note_off 59
time 8
note_on 65
velocity 20
time 88
note_on 59
velocity 54
time 27
note_on 74
velocity 71
time 19
note_off 65
time 4
note_on 71
velocity 39
time 3
note_off 79
time 35
note_off 59
time 15
note_off 71
time 12
note_on 51
velocity 61
time 25
note_on 65
velocity 71
time 11
note_off 74
time 9
note_off 51
time 17
note_on 71
velocity 60
time 61
note_off 65
time 51
note_on 74
velocity 73
time 21
note_off 71
time 35
note_on 39
velocity 59
time 22
note_off 74
time 0
note_on 79
velocity 87
time 2
note_off 39
time 16
note_on 72
velocity 54
time 104
note_off 79
time 25
note_on 75
velocity 67
time 13
note_off 72
time 36
note_on 60
velocity 20
time 31
note_on 63
velocity 76
time 20
note_off 60
time 34
note_off 75
time 8
note_off 63
time 50
note_on 72
velocity 68
time 5
note_on 75
velocity 76
time 70
note_on 60
velocity 16
time 23
note_off 60
time 60
note_on 80
velocity 93
time 19
note_on 51
velocity 50
time 3
note_off 72
time 31
note_off 75
time 4
note_off 51
time 66
note_on 60
velocity 41
time 14
note_on 72
velocity 48
time 36
note_off 60
time 7
note_on 63
velocity 52
time 32
note_on 75
velocity 67
time 3
note_off 63
time 43
note_off 72
time 16
note_on 68
velocity 73
time 26
note_on 51
velocity 60
time 34
note_off 75
time 6
note_off 80
time 30
note_off 51
time 2
note_off 68
time 34
note_on 72
velocity 73
time 6
note_on 75
velocity 82
time 68
note_on 39
velocity 56
time 76
note_on 81
velocity 87
time 3
note_off 72
time 12
note_off 75
time 2
note_off 39
time 4
note_on 72
velocity 72
time 59
note_on 75
velocity 67
time 57
note_on 60
velocity 42
time 33
note_off 81
time 3
note_off 72
time 55
note_off 60
time 11
note_on 69
velocity 70
time 17
note_on 63
velocity 53
time 7
note_off 75
time 7
note_off 63
time 57
note_on 72
velocity 70
time 38
note_on 60
velocity 42
time 44
note_off 69
time 29
note_on 75
velocity 74
time 4
note_off 72
time 15
note_off 60
time 26
note_off 75
time 17
note_on 51
velocity 51
time 117
note_on 90
velocity 85
time 128
note_off 51
time 89
note_on 60
velocity 40
time 127
note_on 81
velocity 53
time 1
note_on 87
velocity 23
time 12
note_off 90
time 63
note_on 63
velocity 49
time 29
note_on 84
velocity 42
time 21
note_off 87
time 0
note_off 60
time 14
note_off 81
time 13
note_off 84
time 44
note_on 75
velocity 60
time 3
note_off 63
time 64
note_off 75
time 60
note_on 81
velocity 58
time 4
note_on 84
velocity 65
time 91
note_off 81
time 25
note_on 51
velocity 35
time 79
note_on 89
velocity 77
time 4
note_off 84
time 1
note_off 89
time 18
note_off 51
time 67
note_on 58
velocity 42
time 31
note_on 77
velocity 53
time 115
note_off 58
time 9
note_on 62
velocity 25
time 78
note_on 80
velocity 58
time 29
note_off 77
time 16
note_on 68
velocity 31
time 48
note_off 68
time 31
note_off 62
time 4
note_on 70
velocity 53
time 26
note_off 80
time 21
note_on 58
velocity 46
time 22
note_on 77
velocity 53
time 33
note_off 58
time 68
note_off 70
time 39
note_on 80
velocity 58
time 16
note_on 51
velocity 40
time 14
note_on 82
velocity 76
time 78
note_off 77
time 12
note_off 51
time 16
note_off 80
time 43
note_on 58
velocity 32
time 4
note_off 58
time 87
note_on 77
velocity 27
time 53
note_on 80
velocity 58
time 9
note_off 77
time 46
note_on 62
velocity 3
time 9
note_on 70
velocity 56
time 39
note_off 80
time 14
note_on 68
velocity 25
time 9
note_off 62
time 20
note_off 68
time 15
note_on 77
velocity 49
time 44
note_on 58
velocity 43
time 18
note_off 82
time 4
note_off 70
time 15
note_on 80
velocity 53
time 70
note_off 58
time 38
note_off 77
time 10
note_on 51
velocity 39
time 95
note_on 85
velocity 76
time 39
note_off 51
time 20
note_on 58
velocity 46
time 13
note_off 85
time 28
note_on 76
velocity 35
time 32
note_off 58
time 75
note_off 76
time 2
note_on 61
velocity 34
time 39
note_off 61
time 66
note_off 80
time 26
note_on 70
velocity 50
time 7
note_on 68
velocity 38
time 40
note_off 68
time 44
note_on 61
velocity 36
time 54
note_on 76
velocity 45
time 52
note_off 61
time 16
note_off 70
time 15
note_on 58
velocity 34
time 54
note_on 80
velocity 63
time 33
note_off 76
time 5
note_off 58
time 115
note_on 51
velocity 34
time 96
note_on 79
velocity 62
time 88
note_off 80
time 38
note_on 58
velocity 42
time 37
note_on 73
velocity 43
time 23
note_off 51
time 41
note_off 58
time 53
note_off 79
time 13
note_on 75
velocity 49
time 25
note_on 61
velocity 36
time 9
note_off 73
time 55
note_off 61
time 17
note_off 75
time 4
note_on 67
velocity 34
time 62
note_on 63
velocity 40
time 1
note_off 63
time 69
note_on 61
velocity 16
time 76
note_off 67
time 43
note_on 73
velocity 46
time 4
note_off 61
time 45
note_on 58
velocity 42
time 31
note_off 58
time 66
note_on 75
velocity 52
time 45
note_off 73
time 1
note_on 44
velocity 36
time 298
note_on 80
velocity 62
time 16
note_off 75
time 11
note_off 80
time 8
note_off 44
time 121
note_on 51
velocity 35
time 13
note_on 68
velocity 23
time 144
note_off 51
time 1
note_off 68
time 57
note_on 56
velocity 40
time 25
note_on 72
velocity 45
time 28
note_off 56
time 37
note_on 60
velocity 35
time 68
note_off 72
time 18
note_on 63
velocity 42
time 11
note_off 60
time 25
note_on 68
velocity 49
time 90
note_on 72
velocity 50
time 60
note_on 51
velocity 33
time 1
note_off 63
time 42
note_off 51
time 16
note_on 75
velocity 68
time 73
note_off 68
time 6
note_off 72
time 10
note_on 44
velocity 23
time 14
note_off 44
time 82
note_on 51
velocity 41
time 17
note_on 68
velocity 31
time 17
note_on 72
velocity 52
time 61
note_off 68
time 38
note_off 51
time 29
note_off 72
time 36
note_on 63
velocity 49
time 10
note_on 56
velocity 14
time 27
note_off 75
time 48
note_off 56
time 16
note_on 68
velocity 56
time 0
note_on 51
velocity 49
time 30
note_on 72
velocity 59
time 37
note_off 63
time 6
note_off 51
time 27
note_on 44
velocity 34
time 81
note_on 75
velocity 78
time 0
note_off 68
time 20
note_off 72
time 2
note_off 44
time 62
note_on 51
velocity 43
time 39
note_on 68
velocity 36
time 36
note_on 72
velocity 50
time 40
note_off 68
time 18
note_off 51
time 54
note_on 63
velocity 58
time 15
note_off 72
time 2
note_on 56
velocity 24
time 20
note_on 60
velocity 35
time 5
note_off 75
time 32
note_off 60
time 13
note_off 56
time 3
note_on 68
velocity 52
time 16
note_on 51
velocity 43
time 79
note_on 72
velocity 59
time 2
note_off 51
time 51
note_off 63
time 8
note_on 75
velocity 81
time 55
note_off 68
time 2
note_on 44
velocity 39
time 14
note_off 72
time 6
note_off 44
time 60
note_on 51
velocity 42
time 23
note_on 68
velocity 46
time 38
note_on 72
velocity 55
time 55
note_off 68
time 13
note_off 51
time 33
note_off 75
time 34
note_on 63
velocity 54
time 1
note_off 72
time 7
note_on 56
velocity 34
time 16
note_on 60
velocity 26
time 43
note_off 56
time 11
note_on 68
velocity 62
time 9
note_off 63
time 30
note_off 60
time 6
note_on 51
velocity 38
time 29
note_on 72
velocity 68
time 18
note_off 68
time 18
note_off 51
time 48
note_on 44
velocity 44
time 79
note_on 77
velocity 73
time 39
note_off 72
time 7
note_off 44
time 8
note_on 51
velocity 48
time 0
note_on 70
velocity 53
time 11
note_off 77
time 95
note_on 73
velocity 59
time 3
note_off 51
time 26
note_on 55
velocity 34
time 10
note_off 70
time 51
note_on 61
velocity 44
time 29
note_on 63
velocity 58
time 10
note_off 55
time 13
note_off 73
time 10
note_off 61
time 3
note_on 51
velocity 41
time 59
note_on 70
velocity 66
time 21
note_on 73
velocity 64
time 72
note_off 51
time 13
note_off 63
time 27
note_on 44
velocity 40
time 35
note_on 75
velocity 76
time 1
note_off 70
time 28
note_off 73
time 14
note_off 44
time 23
note_on 51
velocity 44
time 53
note_off 51
time 66
note_on 70
velocity 25
time 38
note_off 75
time 9
note_on 55
velocity 25
time 21
note_off 70
time 23
note_on 63
velocity 57
time 8
note_off 55
time 27
note_on 61
velocity 41
time 36
note_on 70
velocity 61
time 38
note_off 61
time 6
note_off 63
time 25
note_on 73
velocity 56
time 37
note_off 70
time 27
note_off 73
time 9
note_on 51
velocity 37
time 30
note_off 51
time 95
note_on 44
velocity 43
time 68
note_on 84
velocity 70
time 67
note_off 84
time 76
note_off 44
time 40
note_on 51
velocity 37
time 65
note_off 51
time 94
note_on 55
velocity 34
time 64
note_on 70
velocity 29
time 2
note_on 73
velocity 45
time 25
note_off 70
time 23
note_off 55
time 20
note_off 73
time 8
note_on 61
velocity 5
time 18
note_on 63
velocity 46
time 8
note_off 63
time 58
note_off 61
time 6
note_on 70
velocity 51
time 2
note_on 51
velocity 31
time 6
note_on 73
velocity 48
time 81
note_off 51
time 7
note_on 44
velocity 47
time 53
note_on 79
velocity 75
time 33
note_off 70
time 21
note_off 44
time 15
note_off 73
time 0
note_off 79
time 65
note_on 51
velocity 38
time 1
note_off 51
time 81
note_on 70
velocity 7
time 45
note_on 73
velocity 36
time 5
note_on 55
velocity 8
time 36
note_off 70
time 22
note_off 73
time 2
note_on 63
velocity 53
time 32
note_off 55
time 17
note_on 61
velocity 21
time 0
note_off 61
time 55
note_on 70
velocity 51
time 37
note_off 63
time 8
note_on 51
velocity 36
time 64
note_on 73
velocity 56
time 85
note_off 51
time 37
note_off 70
time 1
note_on 44
velocity 36
time 119
note_on 80
velocity 63
time 4
note_off 73
time 10
note_off 80
time 26
note_off 44
time 25
note_on 51
velocity 36
time 33
note_off 51
time 129
note_on 68
velocity 40
time 23
note_on 56
velocity 34
time 44
note_off 68
time 16
note_on 72
velocity 47
time 56
note_off 56
time 7
note_on 60
velocity 45
time 22
note_off 72
time 52
note_off 60
time 1
note_on 63
velocity 46
time 16
note_on 51
velocity 39
time 76
note_on 68
velocity 43
time 48
note_off 63
time 35
note_off 51
time 1
note_on 72
velocity 48
time 13
note_on 44
velocity 33
time 87
note_on 75
velocity 64
time 46
note_off 68
time 10
note_off 72
time 9
note_off 44
time 79
note_on 51
velocity 42
time 34
note_on 72
velocity 49
time 72
note_off 51
time 37
note_off 72
time 66
note_on 63
velocity 46
time 26
note_on 60
velocity 38
time 9
note_off 75
time 11
note_off 60
time 29
note_on 68
velocity 51
time 45
note_on 51
velocity 35
time 31
note_on 72
velocity 60
time 23
note_off 51
time 41
note_off 63
time 3
note_on 75
velocity 78
time 86
note_on 44
velocity 30
time 2
note_off 68
time 19
note_off 72
time 2
note_off 44
time 39
note_on 51
velocity 41
time 51
note_on 68
velocity 35
time 25
note_on 72
velocity 46
time 71
note_off 68
time 8
note_off 51
time 12
note_off 72
time 47
note_on 63
velocity 49
time 42
note_on 60
velocity 10
time 26
note_off 75
time 7
note_on 68
velocity 50
time 50
note_off 60
time 1
note_on 51
velocity 34
time 27
note_on 72
velocity 59
time 29
note_off 63
time 2
note_off 51
time 43
note_on 44
velocity 38
time 88
note_on 75
velocity 82
time 13
note_off 68
time 26
note_off 72
time 14
note_off 44
time 22
note_on 51
velocity 39
time 38
note_on 68
velocity 44
time 59
note_on 72
velocity 52
time 56
note_off 68
time 27
note_off 51
time 4
note_on 56
velocity 41
time 29
note_on 63
velocity 60
time 20
note_off 72
time 15
note_off 75
time 17
note_on 60
velocity 39
time 1
note_off 56
time 21
note_off 60
time 21
note_on 68
velocity 59
time 29
note_off 63
time 7
note_on 51
velocity 42
time 33
note_on 72
velocity 66
time 42
note_off 68
time 6
note_off 51
time 53
note_on 44
velocity 42
time 96
note_on 77
velocity 68
time 65
note_off 72
time 9
note_on 51
velocity 37
time 15
note_off 44
time 11
note_on 70
velocity 38
time 65
note_off 77
time 66
note_off 51
time 5
note_on 55
velocity 36
time 31
note_on 73
velocity 48
time 8
note_off 70
time 42
note_off 55
time 76
note_off 73
time 8
note_on 63
velocity 47
time 9
note_on 51
velocity 33
time 70
note_on 70
velocity 47
time 21
note_off 63
time 98
note_on 73
velocity 46
time 4
note_off 51
time 2
note_on 44
velocity 43
time 56
note_on 75
velocity 67
time 38
note_off 70
time 2
note_off 73
time 31
note_off 44
time 15
note_on 51
velocity 36
time 57
note_off 51
time 90
note_on 70
velocity 38
time 10
note_off 75
time 10
note_on 73
velocity 39
time 38
note_on 55
velocity 36
time 6
note_off 70
time 52
note_off 55
time 9
note_off 73
time 0
note_on 63
velocity 39
time 76
note_on 61
velocity 27
time 6
note_off 61
time 56
note_off 63
time 30
note_on 70
velocity 39
time 18
note_on 55
velocity 22
time 5
note_off 55
time 60
note_on 51
velocity 37
time 73
note_on 73
velocity 47
time 28
note_off 70
time 12
note_off 73
time 63
note_off 51
time 52
note_on 44
velocity 32
time 214
note_on 89
velocity 65
time 93
note_off 89
time 121
note_off 44
time 112
note_on 51
velocity 35
time 65
note_off 51
time 142
note_on 70
velocity 45
time 18
note_on 55
velocity 29
time 70
note_off 70
time 46
note_on 73
velocity 46
time 3
note_off 55
time 38
note_off 73
time 53
note_on 63
velocity 39
time 18
note_on 61
velocity 7
time 28
note_off 63
time 48
note_on 70
velocity 44
time 21
note_off 61
time 3
note_on 51
velocity 35
time 90
note_on 73
velocity 40
time 2
note_off 51
time 83
note_on 79
velocity 69
time 44
note_on 44
velocity 36
time 36
note_off 73
time 31
note_off 70
time 19
note_off 44
time 25
note_off 79
time 2
note_on 51
velocity 31
time 58
note_off 51
time 90
note_on 63
velocity 48
time 105
note_off 63
time 110
note_on 70
velocity 53
time 2
note_on 51
velocity 38
time 93
note_on 73
velocity 52
time 35
note_off 70
time 19
note_off 51
time 68
note_on 44
velocity 33
time 117
note_on 80
velocity 65
time 14
note_off 73
time 1
note_off 80
time 12
note_off 44
time 48
note_on 51
velocity 35
time 46
note_off 51
time 106
note_on 68
velocity 40
time 26
note_on 56
velocity 32
time 83
note_off 68
time 8
note_on 72
velocity 52
time 33
note_off 56
time 20
note_on 60
velocity 39
time 60
note_off 72
time 20
note_off 60
time 22
note_on 63
velocity 45
time 1
note_on 51
velocity 38
time 120
note_on 68
velocity 43
time 9
note_on 72
velocity 51
time 37
note_off 63
time 21
note_off 51
time 18
note_on 44
velocity 35
time 92
note_on 75
velocity 69
time 59
note_off 68
time 34
note_off 72
time 0
note_off 44
time 11
note_on 51
velocity 40
time 71
note_off 51
time 101
note_on 72
velocity 54
time 1
note_on 68
velocity 8
time 7
note_off 68
time 40
note_off 75
time 39
note_off 72
time 6
note_on 56
velocity 19
time 10
note_on 63
velocity 46
time 15
note_off 56
time 43
note_on 68
velocity 53
time 31
note_off 63
time 13
note_on 51
velocity 37
time 41
note_on 72
velocity 58
time 18
note_off 51
time 36
note_on 44
velocity 32
time 92
note_on 77
velocity 73
time 5
note_off 72
time 54
note_off 44
time 29
note_on 51
velocity 45
time 46
note_off 77
time 16
note_on 72
velocity 58
time 40
note_off 51
time 79
note_on 56
velocity 42
time 19
note_off 68
time 13
note_on 63
velocity 50
time 29
note_on 60
velocity 43
time 2
note_off 72
time 6
note_off 56
time 8
note_off 60
time 21
note_on 51
velocity 49
time 70
note_on 68
velocity 66
time 0
note_off 63
time 53
note_on 72
velocity 63
time 29
note_off 51
time 14
note_on 44
velocity 43
time 66
note_on 75
velocity 79
time 40
note_off 68
time 4
note_off 72
time 28
note_off 44
time 21
note_on 51
velocity 47
time 28
note_on 68
velocity 47
time 94
note_off 51
time 33
note_on 72
velocity 44
time 25
note_off 68
time 31
note_on 60
velocity 8
time 29
note_off 72
time 5
note_on 56
velocity 3
time 9
note_on 63
velocity 60
time 8
note_off 56
time 43
note_off 60
time 1
note_on 51
velocity 24
time 5
note_off 75
time 10
note_off 51
time 33
note_on 68
velocity 69
time 10
note_on 72
velocity 74
time 80
note_off 68
time 35
note_off 63
time 30
note_off 72
time 17
note_on 39
velocity 49
time 38
note_on 73
velocity 74
time 14
note_on 44
velocity 54
time 41
note_off 39
time 57
note_on 63
velocity 36
time 38
note_on 68
velocity 59
time 76
note_on 51
velocity 41
time 51
note_off 44
time 40
note_off 51
time 39
note_on 56
velocity 42
time 71
note_off 73
time 16
note_on 61
velocity 62
time 6
note_off 63
time 4
note_off 56
time 35
note_on 51
velocity 17
time 59
note_off 68
time 17
note_off 51
time 37
note_on 63
velocity 55
time 4
note_off 61
time 59
note_on 68
velocity 56
time 69
note_on 39
velocity 46
time 38
note_on 72
velocity 70
time 40
note_off 68
time 31
note_off 39
time 6
note_on 44
velocity 36
time 15
note_off 72
time 122
note_on 68
velocity 58
time 23
note_on 51
velocity 32
time 26
note_off 44
time 31
note_off 63
time 8
note_off 51
time 3
note_on 60
velocity 62
time 29
note_on 56
velocity 40
time 18
note_off 68
time 13
note_off 56
time 23
note_on 63
velocity 56
time 81
note_off 60
time 47
note_on 68
velocity 67
time 5
note_on 44
velocity 9
time 13
note_off 44
time 82
note_on 39
velocity 40
time 30
note_on 73
velocity 74
time 1
note_off 68
time 47
note_off 39
time 21
note_on 44
velocity 47
time 32
note_off 73
time 52
note_on 68
velocity 61
time 54
note_off 44
time 58
note_off 63
time 10
note_on 56
velocity 37
time 58
note_on 61
velocity 51
time 10
note_off 68
time 19
note_off 56
time 17
note_on 63
velocity 54
time 63
note_on 44
velocity 30
time 51
note_off 61
time 0
note_on 68
velocity 56
time 52
note_off 44
time 51
note_on 39
velocity 45
time 23
note_on 72
velocity 70
time 27
note_off 63
time 18
note_off 39
time 2
note_on 44
velocity 36
time 39
note_off 44
time 100
note_off 72
time 13
note_on 63
velocity 21
time 2
note_off 63
time 62
note_on 60
velocity 58
time 55
note_off 68
time 6
note_on 63
velocity 49
time 125
note_on 68
velocity 59
time 83
note_off 63
time 33
note_off 68
time 58
note_off 60
time 2
note_on 32
velocity 39
time 22
note_on 70
velocity 71
time 102
note_off 32
time 1
note_on 39
velocity 49
time 15
note_off 70
time 71
note_off 39
time 50
note_on 44
velocity 40
time 51
note_on 60
velocity 7
time 13
note_on 63
velocity 16
time 4
note_off 44
time 58
note_off 60
time 16
note_on 58
velocity 51
time 20
note_off 63
time 106
note_on 44
velocity 19
time 41
note_on 60
velocity 37
time 31
note_off 44
time 26
note_on 39
velocity 32
time 51
note_off 39
time 53
note_off 58
time 28
note_on 68
velocity 56
time 12
note_off 60
time 10
note_on 32
velocity 31
time 15
note_off 32
time 62
note_on 39
velocity 48
time 16
note_off 68
time 47
note_off 39
time 68
note_on 63
velocity 41
time 13
note_off 63
time 69
note_on 56
velocity 53
time 17
note_off 56
time 112
note_on 60
velocity 37
time 9
note_off 60
time 86
note_on 39
velocity 36
time 16
note_off 39
time 62
note_on 70
velocity 65
time 21
note_on 32
velocity 16
time 45
note_off 32
time 53
note_off 70
time 11
note_on 39
velocity 52
time 18
note_off 39
time 80
note_on 44
velocity 31
time 75
note_on 58
velocity 49
time 41
note_off 44
time 10
note_on 60
velocity 42
time 151
note_off 58
time 52
note_on 39
velocity 28
time 22
note_off 39
time 59
note_on 68
velocity 58
time 20
note_off 60
time 2
note_on 39
velocity 51
time 117
note_off 68
time 36
note_off 39
time 48
note_on 44
velocity 28
time 85
note_off 44
time 48
note_on 56
velocity 50
time 2
note_off 56
time 115
note_on 60
velocity 37
time 21
note_on 39
velocity 47
time 57
note_off 60
time 42
note_on 63
velocity 13
time 20
note_off 39
time 12
note_on 70
velocity 60
time 52
note_off 63
time 2
note_on 32
velocity 40
time 17
note_off 32
time 64
note_off 70
time 28
note_on 39
velocity 50
time 7
note_off 39
time 68
note_on 58
velocity 46
time 141
note_on 51
velocity 3
time 82
note_off 51
time 48
note_on 60
velocity 37
time 34
note_on 39
velocity 32
time 58
note_off 58
time 7
note_off 39
time 52
note_off 60
time 30
note_on 68
velocity 51
time 19
note_on 32
velocity 35
time 10
note_off 32
time 59
note_on 39
velocity 50
time 36
note_off 68
time 26
note_off 39
time 60
note_on 56
velocity 48
time 135
note_off 56
time 139
note_on 60
velocity 37
time 27
note_on 39
velocity 32
time 59
note_off 60
time 12
note_off 39
time 54
note_on 70
velocity 48
time 56
note_on 32
velocity 34
time 10
note_off 70
time 62
note_off 32
time 10
note_on 39
velocity 43
time 37
note_off 39
time 81
note_on 44
velocity 28
time 82
note_off 44
time 50
note_on 58
velocity 44
time 2
note_on 60
velocity 37
time 171
note_off 58
time 34
note_on 39
velocity 37
time 30
note_off 39
time 69
note_on 68
velocity 50
time 39
note_off 60
time 57
note_on 32
velocity 30
time 10
note_off 32
time 93
note_off 68
time 8
note_on 39
velocity 40
time 15
note_on 60
velocity 28
time 27
note_off 60
time 72
note_off 39
time 11
note_on 63
velocity 28
time 30
note_off 63
time 131
note_on 56
velocity 45
time 12
note_on 44
velocity 41
time 189
note_on 60
velocity 40
time 2
note_off 56
time 8
note_off 44
time 102
note_off 60
time 66
note_on 39
velocity 41
time 27
note_on 63
velocity 42
time 43
note_off 63
time 96
note_off 39
time 144
note_on 32
velocity 41
time 114
note_off 32
time 5
note_on 39
velocity 43
time 0
note_on 48
velocity 42
time 3
note_off 39
time 76
note_off 48
time 4
note_on 51
velocity 42
time 36
note_off 51
time 78
note_on 48
velocity 39
time 57
note_on 56
velocity 54
time 2
note_off 48
time 60
note_off 56
time 0
note_on 51
velocity 39
time 81
note_on 60
velocity 57
time 16
note_off 51
time 41
note_off 60
time 40
note_on 56
velocity 48
time 23
note_on 63
velocity 54
time 6
note_off 56
time 32
note_off 63
time 38
note_on 68
velocity 65
time 50
note_on 60
velocity 39
time 7
note_off 68
time 19
note_off 60
time 28
note_on 72
velocity 67
time 58
note_on 63
velocity 39
time 5
note_off 63
time 36
note_on 68
velocity 54
time 38
note_off 72
time 8
note_on 75
velocity 62
time 12
note_off 68
time 14
note_off 75
time 47
note_on 80
velocity 66
time 52
note_on 72
velocity 34
time 4
note_off 80
time 31
note_off 72
time 7
note_on 84
velocity 63
time 69
note_on 75
velocity 43
time 3
note_off 75
time 43
note_off 84
time 8
note_on 80
velocity 49
time 42
note_on 87
velocity 66
time 1
note_off 80
time 38
note_off 87
time 45
note_on 84
velocity 55
time 5
note_on 92
velocity 64
time 9
note_off 84
time 28
note_off 92
time 60
note_on 87
velocity 40
time 34
note_on 75
velocity 59
time 35
note_off 87
time 2
note_off 75
time 33
note_on 84
velocity 46
time 0
note_off 84
time 32
note_on 72
velocity 50
time 60
note_on 80
velocity 60
time 11
note_off 72
time 19
note_off 80
time 82
note_on 75
velocity 32
time 43
note_on 63
velocity 40
time 33
note_on 72
velocity 38
time 25
note_off 75
time 0
note_off 63
time 42
note_off 72
time 47
note_on 56
velocity 40
time 14
note_on 68
velocity 54
time 3
note_off 68
time 28
note_off 56
time 13
note_on 63
velocity 46
time 38
note_on 72
velocity 56
time 25
note_off 63
time 22
note_off 72
time 31
note_on 68
velocity 46
time 17
note_on 75
velocity 48
time 31
note_off 68
time 6
note_off 75
time 41
note_on 72
velocity 48
time 37
note_on 80
velocity 64
time 4
note_off 72
time 29
note_off 80
time 18
note_on 75
velocity 54
time 57
note_on 84
velocity 55
time 30
note_off 75
time 31
note_off 84
time 8
note_on 80
velocity 53
time 47
note_on 87
velocity 64
time 15
note_off 80
time 31
note_off 87
time 52
note_on 84
velocity 54
time 4
note_on 92
velocity 63
time 12
note_off 84
time 33
note_off 92
time 60
note_on 87
velocity 14
time 56
note_on 84
velocity 41
time 53
note_off 87
time 5
note_on 75
velocity 48
time 2
note_off 84
time 28
note_off 75
time 9
note_on 80
velocity 61
time 75
note_on 72
velocity 42
time 11
note_off 72
time 37
note_on 75
velocity 50
time 40
note_off 80
time 4
note_off 75
time 56
note_on 72
velocity 47
time 27
note_on 63
velocity 43
time 21
note_off 63
time 52
note_on 56
velocity 40
time 51
note_off 72
time 4
note_off 56
time 38
note_on 63
velocity 47
time 43
note_on 72
velocity 49
time 5
note_off 63
time 43
note_off 72
time 28
note_on 75
velocity 42
time 47
note_off 75
time 39
note_on 80
velocity 63
time 42
note_on 72
velocity 47
time 11
note_off 72
time 30
note_off 80
time 0
note_on 75
velocity 51
time 60
note_on 84
velocity 64
time 23
note_off 75
time 34
note_off 84
time 18
note_on 80
velocity 52
time 39
note_on 87
velocity 65
time 3
note_off 80
time 34
note_off 87
time 37
note_on 92
velocity 71
time 17
note_on 84
velocity 55
time 13
note_off 84
time 39
note_off 92
time 41
note_on 80
velocity 41
time 11
note_on 87
velocity 58
time 13
note_off 80
time 27
note_off 87
time 4
note_on 84
velocity 48
time 40
note_on 75
velocity 54
time 13
note_off 84
time 25
note_off 75
time 11
note_on 80
velocity 61
time 59
note_off 80
time 109
note_on 75
velocity 50
time 9
note_off 75
time 44
note_on 63
velocity 42
time 45
note_off 63
time 53
note_on 56
velocity 32
time 61
note_on 68
velocity 46
time 12
note_off 68
time 29
note_off 56
time 7
note_on 63
velocity 47
time 22
note_on 72
velocity 41
time 29
note_off 63
time 12
note_on 68
velocity 57
time 50
note_off 72
time 5
note_off 68
time 30
note_on 75
velocity 44
time 17
note_off 75
time 41
note_on 80
velocity 63
time 46
note_off 80
time 37
note_on 75
velocity 50
time 66
note_on 84
velocity 66
time 21
note_off 75
time 28
note_off 84
time 60
note_on 80
velocity 38
time 28
note_on 87
velocity 56
time 2
note_off 80
time 40
note_off 87
time 59
note_on 84
velocity 47
time 11
note_on 92
velocity 61
time 8
note_off 84
time 34
note_off 92
time 73
note_on 87
velocity 41
time 36
note_off 87
time 38
note_on 75
velocity 42
time 50
note_on 84
velocity 27
time 17
note_off 75
time 19
note_off 84
time 26
note_on 80
velocity 57
time 52
note_on 72
velocity 48
time 18
note_off 72
time 31
note_off 80
time 95
note_on 75
velocity 44
time 25
note_off 75
time 46
note_on 63
velocity 43
time 18
note_on 72
velocity 42
time 38
note_off 63
time 46
note_on 56
velocity 41
time 91
note_on 68
velocity 38
time 31
note_off 68
time 32
note_off 56
time 19
note_off 72
time 17
note_on 72
velocity 26
time 25
note_on 63
velocity 40
time 18
note_off 63
time 73
note_off 72
time 23
note_on 80
velocity 58
time 3
note_on 68
velocity 32
time 40
note_off 68
time 59
note_off 80
time 33
note_on 84
velocity 58
time 6
note_on 75
velocity 41
time 50
note_off 75
time 45
note_off 84
time 21
note_on 68
velocity 47
time 3
note_on 80
velocity 49
time 36
note_off 68
time 17
note_off 80
time 19
note_on 72
velocity 60
time 39
note_on 63
velocity 47
time 15
note_off 63
time 61
note_off 72
time 37
note_on 68
velocity 63
time 3
note_on 56
velocity 43
time 13
note_off 68
time 33
note_off 56
time 15
note_on 63
velocity 58
time 39
note_on 72
velocity 64
time 13
note_off 63
time 79
note_on 80
velocity 71
time 8
note_on 68
velocity 65
time 8
note_off 72
time 14
note_off 68
time 73
note_on 84
velocity 69
time 18
note_off 80
time 5
note_on 75
velocity 62
time 23
note_off 75
time 45
note_off 84
time 32
note_on 80
velocity 65
time 10
note_on 68
velocity 44
time 10
note_off 68
time 29
note_off 80
time 3
note_on 72
velocity 63
time 45
note_on 63
velocity 57
time 4
note_off 63
time 75
note_on 68
velocity 57
time 20
note_on 56
velocity 55
time 11
note_off 72
time 3
note_off 68
time 27
note_off 56
time 12
note_on 72
velocity 55
time 67
note_on 63
velocity 48
time 8
note_off 63
time 52
note_off 72
time 22
note_on 68
velocity 54
time 10
note_on 80
velocity 60
time 3
note_off 68
time 44
note_off 80
time 48
note_on 84
velocity 64
time 3
note_on 75
velocity 47
time 28
note_off 75
time 34
note_off 84
time 31
note_on 68
velocity 46
time 1
note_on 80
velocity 53
time 25
note_off 68
time 12
note_off 80
time 32
note_on 63
velocity 51
time 38
note_on 72
velocity 56
time 2
note_off 63
time 59
note_on 56
velocity 48
time 55
note_off 72
time 0
note_on 68
velocity 52
time 4
note_off 56
time 34
note_off 68
time 0
note_on 63
velocity 47
time 73
note_on 72
velocity 50
time 2
note_off 72
time 71
note_off 63
time 2
note_on 80
velocity 53
time 33
note_on 68
velocity 35
time 8
note_off 68
time 46
note_off 80
time 31
note_on 84
velocity 55
time 20
note_on 75
velocity 38
time 21
note_off 75
time 44
note_off 84
time 21
note_on 68
velocity 47
time 5
note_off 68
time 31
note_on 80
velocity 33
time 21
note_off 80
time 50
note_on 63
velocity 41
time 35
note_on 72
velocity 51
time 1
note_off 63
time 63
note_off 72
time 44
note_on 56
velocity 18
time 14
note_off 56
time 62
note_on 63
velocity 49
time 21
note_on 72
velocity 35
time 35
note_off 63
time 32
note_off 72
time 15
note_on 80
velocity 52
time 47
note_on 68
velocity 36
time 34
note_off 68
time 33
note_off 80
time 18
note_on 84
velocity 54
time 22
note_on 75
velocity 21
time 44
note_on 68
velocity 48
time 43
note_off 84
time 3
note_off 75
time 15
note_off 68
time 35
note_on 80
velocity 44
time 9
note_off 80
time 43
note_on 63
velocity 39
time 51
note_on 72
velocity 53
time 2
note_off 63
time 62
note_off 72
time 61
note_on 56
velocity 39
time 2
note_on 68
velocity 28
time 40
note_off 56
time 17
note_off 68
time 12
note_on 63
velocity 44
time 40
note_on 72
velocity 44
time 40
note_off 63
time 40
note_off 72
time 38
note_on 68
velocity 46
time 5
note_on 80
velocity 48
time 17
note_off 68
time 84
note_off 80
time 19
note_on 84
velocity 47
time 36
note_on 75
velocity 36
time 40
note_off 84
time 41
note_off 75
time 6
note_on 68
velocity 46
time 34
note_on 80
velocity 52
time 10
note_off 68
time 40
note_off 80
time 17
note_on 72
velocity 50
time 73
note_on 63
velocity 38
time 22
note_off 63
time 77
note_off 72
time 56
note_on 56
velocity 29
time 21
note_on 68
velocity 15
time 13
note_off 56
time 40
note_off 68
time 9
note_on 72
velocity 35
time 22
note_on 63
velocity 41
time 27
note_off 63
time 93
note_on 80
velocity 48
time 22
note_off 72
time 20
note_on 68
velocity 36
time 18
note_off 68
time 83
note_off 80
time 21
note_on 84
velocity 52
time 20
note_on 75
velocity 30
time 68
note_off 75
time 53
note_off 84
time 42
note_on 68
velocity 32
time 21
note_on 80
velocity 46
time 11
note_off 68
time 53
note_off 80
time 64
note_on 63
velocity 39
time 33
note_on 72
velocity 47
time 37
note_off 63
time 193
note_on 56
velocity 29
time 261
note_on 68
velocity 49
time 3
note_off 72
time 28
note_off 68
time 153
note_off 56
time 76
note_on 44
velocity 36
time 720
note_on 51
velocity 31
time 159
note_off 44
time 65
note_off 51
time 83
note_on 92
velocity 67
time 350
note_on 87
velocity 55
time 16
note_on 80
velocity 45
time 10
note_on 60
velocity 34
time 31
note_off 60
time 235
note_off 92
time 214
note_off 87
time 63
note_off 80
time 14
note_on 72
velocity 60
time 69
note_on 63
velocity 44
time 5
note_on 38
velocity 34
time 12
note_on 39
velocity 38
time 250
note_off 38
time 141
note_on 41
velocity 42
time 75
note_off 39
time 17
note_off 41
time 115
note_on 39
velocity 48
time 48
note_off 39
time 63
note_on 41
velocity 41
time 53
note_off 41
time 66
note_on 39
velocity 51
time 32
note_off 39
time 58
note_on 41
velocity 44
time 38
note_off 41
time 56
note_on 39
velocity 48
time 44
note_off 39
time 44
note_on 41
velocity 41
time 64
note_off 41
time 44
note_on 39
velocity 45
time 35
note_off 39
time 41
note_on 41
velocity 31
time 60
note_off 41
time 64
note_on 39
velocity 52
time 12
note_off 39
time 52
note_on 41
velocity 37
time 31
note_off 41
time 62
note_on 39
velocity 9
time 62
note_on 41
velocity 37
time 39
note_off 41
time 39
note_off 39
time 1
note_on 39
velocity 31
time 22
note_off 39
time 55
note_on 41
velocity 40
time 59
note_off 41
time 66
note_on 32
velocity 41
time 10
note_on 44
velocity 31
time 19
note_off 63
time 9
note_off 32
time 12
note_off 72
time 40
note_off 44
time 82
note_on 60
velocity 43
time 66
note_on 51
velocity 31
time 387
note_on 68
velocity 58
time 237
note_off 51
time 305
note_off 60
time 491
note_off 68
time 5
