note_on 68
velocity 43
time 15
note_on 56
velocity 42
time 6
note_on 59
velocity 39
time 0
note_on 70
velocity 54
time 2
note_off 68
time 19
note_on 71
velocity 55
time 94
note_off 70
time 15
note_on 63
velocity 40
time 6
note_off 59
time 0
note_on 68
velocity 54
time 6
note_off 71
time 0
note_on 70
velocity 64
time 22
note_on 61
velocity 42
time 7
note_off 68
time 92
note_off 63
time 10
note_on 73
velocity 68
time 15
note_on 55
velocity 40
time 12
note_on 76
velocity 54
time 4
note_off 70
time 2
note_off 73
time 36
note_off 61
time 4
note_off 56
time 0
note_on 75
velocity 51
time 366
note_on 59
velocity 41
time 14
note_off 76
time 84
note_on 58
velocity 40
time 414
note_on 73
velocity 45
time 3
note_off 59
time 89
note_off 75
time 27
note_on 71
velocity 51
time 17
note_on 56
velocity 27
time 14
note_off 58
time 8
note_off 73
time 3
note_on 58
velocity 48
time 72
note_off 56
time 76
note_off 55
time 20
note_off 58
time 57
note_on 80
velocity 65
time 12
note_on 75
velocity 53
time 7
note_on 59
velocity 40
time 1
note_off 71
time 7
note_on 56
velocity 53
time 113
note_off 59
time 4
note_on 58
velocity 53
time 14
note_on 73
velocity 60
time 3
note_on 70
velocity 47
time 2
note_off 56
time 27
note_on 61
velocity 54
time 44
note_off 58
time 31
note_off 75
time 0
note_off 80
time 1
note_on 79
velocity 50
time 30
note_on 64
velocity 43
time 6
note_off 61
time 1
note_off 73
time 5
note_off 70
time 54
note_on 71
velocity 47
time 13
note_on 63
velocity 39
time 7
note_off 64
time 15
note_on 70
velocity 46
time 12
note_on 61
velocity 34
time 19
note_off 71
time 0
note_off 70
time 69
note_off 79
time 53
note_off 61
time 48
note_on 59
velocity 38
time 8
note_on 80
velocity 54
time 14
note_on 75
velocity 24
time 12
note_off 63
time 26
note_on 82
velocity 69
time 38
note_off 80
time 27
note_off 75
time 45
note_on 83
velocity 63
time 98
note_on 68
velocity 43
time 10
note_off 82
time 14
note_on 75
velocity 56
time 15
note_on 61
velocity 48
time 37
note_on 76
velocity 56
time 2
note_off 75
time 8
note_on 80
velocity 68
time 6
note_off 76
time 75
note_off 83
time 16
note_on 58
velocity 45
time 7
note_on 78
velocity 61
time 21
note_off 68
time 39
note_off 80
time 3
note_off 59
time 14
note_on 80
velocity 71
time 4
note_off 61
time 51
note_off 78
time 5
note_on 82
velocity 64
time 2
note_on 66
velocity 43
time 8
note_off 80
time 14
note_on 73
velocity 52
time 11
note_on 75
velocity 53
time 18
note_on 59
velocity 45
time 0
note_off 58
time 12
note_off 73
time 0
note_on 78
velocity 59
time 7
note_off 75
time 21
note_off 82
time 1
note_on 56
velocity 42
time 68
note_on 76
velocity 55
time 11
note_off 78
time 21
note_off 66
time 11
note_on 78
velocity 68
time 9
note_off 76
time 0
note_on 80
velocity 58
time 5
note_on 64
velocity 54
time 7
note_off 78
time 17
note_off 59
time 3
note_off 56
time 3
note_on 71
velocity 57
time 18
note_on 73
velocity 52
time 0
note_on 52
velocity 52
time 2
note_off 71
time 13
note_on 76
velocity 59
time 4
note_off 73
time 19
note_off 80
time 44
note_on 54
velocity 41
time 17
note_on 70
velocity 52
time 4
note_off 52
time 18
note_off 64
time 9
note_off 76
time 10
note_off 70
time 13
note_on 71
velocity 63
time 1
note_on 73
velocity 66
time 10
note_on 56
velocity 46
time 7
note_on 63
velocity 42
time 2
note_off 71
time 17
note_off 54
time 18
note_on 66
velocity 61
time 10
note_off 73
time 29
note_on 61
velocity 39
time 14
note_on 58
velocity 35
time 7
note_off 56
time 1
note_off 63
time 3
note_on 73
velocity 60
time 1
note_off 66
time 4
note_on 76
velocity 59
time 28
note_off 73
time 43
note_off 58
time 71
note_on 59
velocity 47
time 3
note_on 75
velocity 55
time 5
note_off 76
time 2
note_off 61
time 29
note_on 61
velocity 47
time 31
note_on 76
velocity 60
time 0
note_off 59
time 10
note_off 75
time 33
note_off 61
time 30
note_on 78
velocity 60
time 3
note_on 63
velocity 50
time 10
note_off 76
time 26
note_on 75
velocity 62
time 195
note_on 59
velocity 54
time 5
note_off 78
time 18
note_off 63
time 8
note_on 61
velocity 58
time 16
note_on 76
velocity 63
time 7
note_off 59
time 2
note_off 75
time 12
note_on 64
velocity 62
time 15
note_on 80
velocity 59
time 2
note_off 76
time 9
note_off 61
time 44
note_on 71
velocity 52
time 161
note_on 68
velocity 58
time 1
note_off 80
time 35
note_off 64
time 21
note_on 70
velocity 55
time 214
note_off 71
time 28
note_on 66
velocity 47
time 70
note_on 71
velocity 46
time 3
note_off 70
time 11
note_off 68
time 50
note_on 70
velocity 54
time 41
note_off 71
time 17
note_on 71
velocity 46
time 6
note_off 66
time 1
note_on 64
velocity 40
time 1
note_off 70
time 0
note_off 64
time 14
note_on 73
velocity 51
time 41
note_off 71
time 9
note_on 47
velocity 41
time 23
note_on 63
velocity 45
time 11
note_off 73
time 4
note_on 49
velocity 52
time 27
note_on 64
velocity 49
time 0
note_off 47
time 57
note_off 63
time 9
note_on 51
velocity 52
time 22
note_off 64
time 2
note_on 71
velocity 58
time 2
note_on 66
velocity 30
time 7
note_off 49
time 4
note_on 47
velocity 51
time 17
note_on 63
velocity 55
time 10
note_off 66
time 11
note_off 51
time 3
note_on 64
velocity 55
time 91
note_on 49
velocity 59
time 1
note_off 47
time 38
note_off 63
time 8
note_on 52
velocity 55
time 6
note_on 68
velocity 61
time 5
note_off 71
time 9
note_off 49
time 3
note_off 64
time 1
note_on 61
velocity 43
time 1
note_on 56
velocity 54
time 1
note_off 52
time 36
note_off 68
time 1
note_on 71
velocity 59
time 42
note_on 54
velocity 51
time 8
note_on 70
velocity 68
time 6
note_off 71
time 18
note_off 56
time 10
note_on 71
velocity 71
time 5
note_off 70
time 52
note_on 52
velocity 44
time 3
note_on 73
velocity 67
time 2
note_off 54
time 6
note_off 71
time 16
note_on 70
velocity 69
time 123
note_off 73
time 19
note_off 52
time 5
note_on 51
velocity 42
time 3
note_on 66
velocity 56
time 15
note_off 70
time 4
note_on 52
velocity 47
time 72
note_off 51
time 17
note_off 61
time 61
note_off 52
time 5
note_on 54
velocity 50
time 6
note_on 59
velocity 57
time 9
note_on 57
velocity 62
time 23
note_on 51
velocity 56
time 5
note_off 54
time 1
note_off 59
time 13
note_off 57
time 69
note_on 53
velocity 57
time 8
note_on 61
velocity 64
time 3
note_off 51
time 17
note_on 59
velocity 66
time 4
note_on 56
velocity 66
time 9
note_off 61
time 12
note_off 53
time 10
note_off 59
time 84
note_on 62
velocity 52
time 17
note_on 59
velocity 63
time 11
note_off 56
time 19
note_off 66
time 2
note_on 65
velocity 60
time 10
note_off 62
time 2
note_on 66
velocity 64
time 14
note_on 57
velocity 50
time 2
note_off 65
time 2
note_on 61
velocity 49
time 14
note_off 59
time 3
note_on 65
velocity 60
time 0
note_off 66
time 2
note_on 59
velocity 47
time 11
note_off 57
time 1
note_on 66
velocity 59
time 1
note_off 65
time 9
note_on 56
velocity 39
time 5
note_off 61
time 9
note_on 68
velocity 56
time 62
note_off 66
time 21
note_on 54
velocity 37
time 56
note_on 61
velocity 50
time 9
note_off 68
time 7
note_off 56
time 1
note_off 59
time 12
note_on 63
velocity 51
time 56
note_off 61
time 6
note_on 57
velocity 42
time 9
note_off 63
time 4
note_on 64
velocity 56
time 0
note_off 54
time 60
note_on 56
velocity 55
time 29
note_on 61
velocity 62
time 3
note_off 64
time 8
note_off 57
time 13
note_off 56
time 13
note_on 63
velocity 66
time 7
note_on 57
velocity 50
time 12
note_off 61
time 72
note_off 57
time 4
note_on 66
velocity 68
time 3
note_on 54
velocity 50
time 3
note_off 63
time 13
note_off 54
time 6
note_on 69
velocity 69
time 12
note_on 60
velocity 44
time 0
note_off 66
time 38
note_off 60
time 6
note_on 54
velocity 51
time 4
note_on 68
velocity 66
time 6
note_on 52
velocity 53
time 7
note_on 61
velocity 43
time 2
note_off 54
time 3
note_off 69
time 2
note_on 51
velocity 56
time 39
note_off 52
time 19
note_on 66
velocity 66
time 17
note_on 49
velocity 49
time 8
note_off 51
time 7
note_on 63
velocity 56
time 3
note_off 68
time 59
note_off 61
time 1
note_on 48
velocity 59
time 9
note_off 49
time 9
note_off 48
time 4
note_off 63
time 6
note_on 64
velocity 60
time 13
note_on 56
velocity 56
time 3
note_on 49
velocity 50
time 3
note_off 66
time 18
note_on 58
velocity 63
time 118
note_off 56
time 32
note_on 59
velocity 68
time 18
note_off 58
time 3
note_on 56
velocity 66
time 10
note_off 59
time 13
note_on 58
velocity 56
time 16
note_on 73
velocity 70
time 0
note_off 56
time 4
note_off 64
time 58
note_off 58
time 14
note_off 49
time 3
note_on 61
velocity 64
time 46
note_off 73
time 26
note_on 43
velocity 49
time 62
note_on 70
velocity 65
time 35
note_on 64
velocity 56
time 7
note_off 61
time 8
note_off 43
time 46
note_on 61
velocity 39
time 41
note_on 63
velocity 59
time 10
note_off 61
time 1
note_on 59
velocity 49
time 6
note_off 64
time 5
note_on 58
velocity 49
time 16
note_off 59
time 4
note_off 63
time 57
note_on 61
velocity 54
time 3
note_on 56
velocity 50
time 3
note_off 58
time 13
note_off 56
time 4
note_on 55
velocity 42
time 10
note_off 61
time 4
note_on 59
velocity 50
time 17
note_on 56
velocity 38
time 30
note_off 55
time 11
note_on 68
velocity 52
time 18
note_off 70
time 33
note_off 68
time 48
note_on 67
velocity 54
time 6
note_off 67
time 35
note_on 70
velocity 63
time 1
note_on 68
velocity 57
time 31
note_on 65
velocity 54
time 17
note_off 59
time 1
note_off 70
time 8
note_off 68
time 60
note_off 56
time 38
note_on 62
velocity 49
time 68
note_on 58
velocity 36
time 21
note_off 65
time 10
note_on 56
velocity 55
time 21
note_on 63
velocity 57
time 7
note_on 54
velocity 53
time 21
note_off 62
time 7
note_off 56
time 16
note_on 53
velocity 57
time 6
note_off 54
time 7
note_on 65
velocity 58
time 14
note_on 51
velocity 51
time 1
note_off 53
time 40
note_off 63
time 12
note_on 50
velocity 54
time 10
note_off 51
time 32
note_on 66
velocity 58
time 0
note_on 51
velocity 39
time 14
note_off 65
time 28
note_off 50
time 3
note_on 53
velocity 52
time 2
note_off 51
time 0
note_off 53
time 25
note_on 63
velocity 55
time 4
note_on 54
velocity 50
time 13
note_off 58
time 189
note_on 46
velocity 56
time 42
note_off 54
time 23
note_on 56
velocity 60
time 15
note_on 47
velocity 51
time 9
note_off 46
time 5
note_off 66
time 2
note_on 51
velocity 51
time 44
note_off 47
time 51
note_on 65
velocity 50
time 6
note_on 49
velocity 55
time 5
note_off 51
time 3
note_off 63
time 3
note_on 51
velocity 51
time 69
note_off 49
time 43
note_off 51
time 14
note_on 61
velocity 58
time 0
note_on 53
velocity 51
time 1
note_off 56
time 4
note_on 44
velocity 51
time 34
note_off 53
time 103
note_on 46
velocity 54
time 19
note_on 54
velocity 58
time 8
note_off 44
time 3
note_off 61
time 40
note_on 49
velocity 63
time 5
note_off 46
time 68
note_on 63
velocity 62
time 2
note_on 47
velocity 54
time 4
note_off 49
time 14
note_off 65
time 21
note_off 54
time 7
note_on 49
velocity 58
time 73
note_off 47
time 33
note_on 59
velocity 62
time 10
note_on 51
velocity 53
time 0
note_off 49
time 9
note_off 63
time 11
note_on 63
velocity 59
time 11
note_on 42
velocity 57
time 4
note_off 51
time 2
note_on 44
velocity 54
time 10
note_on 65
velocity 68
time 20
note_off 42
time 45
note_off 63
time 28
note_on 47
velocity 56
time 16
note_off 44
time 14
note_on 66
velocity 65
time 47
note_off 65
time 21
note_off 59
time 52
note_on 38
velocity 52
time 11
note_off 47
time 0
note_on 68
velocity 69
time 28
note_off 66
time 8
note_on 59
velocity 56
time 53
note_off 59
time 4
note_off 38
time 1
note_on 58
velocity 52
time 4
note_on 50
velocity 45
time 11
note_off 68
time 20
note_on 62
velocity 58
time 18
note_on 46
velocity 49
time 26
note_off 50
time 6
note_on 65
velocity 59
time 2
note_off 62
time 17
note_off 58
time 4
note_on 68
velocity 67
time 35
note_off 65
time 11
note_on 51
velocity 42
time 63
note_on 66
velocity 61
time 61
note_off 46
time 13
note_off 68
time 9
note_on 53
velocity 52
time 6
note_on 58
velocity 60
time 15
note_off 51
time 17
note_off 53
time 33
note_off 66
time 19
note_on 63
velocity 64
time 9
note_on 54
velocity 62
time 6
note_off 58
time 1
note_on 66
velocity 66
time 11
note_off 54
time 9
note_on 51
velocity 59
time 9
note_off 63
time 5
note_on 53
velocity 64
time 29
note_on 68
velocity 65
time 8
note_off 51
time 62
note_off 66
time 14
note_on 56
velocity 70
time 56
note_on 71
velocity 60
time 12
note_off 68
time 27
note_off 53
time 26
note_off 71
time 10
note_on 59
velocity 58
time 18
note_on 62
velocity 37
time 14
note_on 65
velocity 44
time 5
note_off 56
time 11
note_off 65
time 16
note_on 66
velocity 56
time 5
note_off 66
time 11
note_on 65
velocity 56
time 37
note_off 65
time 8
note_on 66
velocity 56
time 17
note_on 58
velocity 46
time 1
note_off 66
time 1
note_on 65
velocity 50
time 6
note_off 59
time 8
note_off 65
time 31
note_on 66
velocity 47
time 15
note_off 66
time 5
note_on 65
velocity 46
time 10
note_off 65
time 13
note_on 66
velocity 43
time 5
note_off 66
time 6
note_on 56
velocity 42
time 21
note_on 65
velocity 43
time 7
note_off 58
time 17
note_off 65
time 33
note_on 66
velocity 53
time 17
note_off 66
time 15
note_on 65
velocity 55
time 8
note_off 65
time 39
note_on 66
velocity 46
time 33
note_off 62
time 8
note_off 66
time 55
note_on 65
velocity 47
time 17
note_off 65
time 105
note_on 54
velocity 35
time 41
note_on 63
velocity 42
time 1
note_off 56
time 7
note_on 65
velocity 53
time 9
note_on 56
velocity 45
time 6
note_off 63
time 8
note_off 54
time 16
note_on 66
velocity 63
time 7
note_on 58
velocity 44
time 1
note_off 65
time 13
note_off 56
time 3
note_on 63
velocity 63
time 18
note_off 58
time 6
note_on 54
velocity 49
time 6
note_off 66
time 18
note_on 56
velocity 52
time 14
note_on 65
velocity 65
time 3
note_off 54
time 4
note_off 56
time 9
note_on 68
velocity 69
time 14
note_on 59
velocity 41
time 2
note_off 63
time 15
note_on 50
velocity 44
time 32
note_on 71
velocity 63
time 3
note_off 59
time 7
note_off 68
time 47
note_off 65
time 11
note_on 51
velocity 49
time 67
note_off 50
time 38
note_on 70
velocity 68
time 5
note_off 51
time 12
note_on 53
velocity 52
time 16
note_off 71
time 21
note_on 46
velocity 51
time 16
note_off 53
time 5
note_on 68
velocity 67
time 11
note_on 50
velocity 54
time 4
note_off 70
time 17
note_off 46
time 3
note_on 53
velocity 56
time 4
note_off 50
time 1
note_off 53
time 17
note_on 66
velocity 55
time 11
note_on 63
velocity 49
time 3
note_on 51
velocity 30
time 11
note_off 68
time 8
note_on 61
velocity 67
time 17
note_off 63
time 2
note_on 59
velocity 71
time 32
note_off 61
time 41
note_on 63
velocity 67
time 68
note_off 66
time 16
note_on 61
velocity 58
time 6
note_off 63
time 11
note_off 59
time 19
note_on 68
velocity 68
time 44
note_on 58
velocity 57
time 0
note_off 51
time 48
note_on 55
velocity 52
time 8
note_on 70
velocity 62
time 9
note_on 49
velocity 56
time 3
note_off 58
time 5
note_on 71
velocity 65
time 14
note_off 61
time 63
note_off 68
time 19
note_off 70
time 23
note_on 56
velocity 66
time 8
note_on 73
velocity 67
time 5
note_off 71
time 9
note_off 55
time 17
note_on 70
velocity 70
time 15
note_off 73
time 9
note_on 58
velocity 62
time 1
note_on 71
velocity 66
time 3
note_off 56
time 37
note_off 70
time 4
note_off 49
time 17
note_on 73
velocity 74
time 29
note_off 71
time 105
note_on 47
velocity 43
time 97
note_on 75
velocity 69
time 89
note_off 73
time 33
note_off 58
time 8
note_on 73
velocity 69
time 2
note_off 75
time 137
note_on 71
velocity 61
time 1
note_on 56
velocity 49
time 2
note_off 73
time 14
note_on 75
velocity 68
time 16
note_off 71
time 6
note_on 73
velocity 65
time 9
note_on 64
velocity 43
time 2
note_on 70
velocity 65
time 40
note_off 75
time 62
note_off 56
time 0
note_on 46
velocity 43
time 4
note_on 67
velocity 50
time 6
note_off 47
time 9
note_off 73
time 6
note_off 64
time 7
note_off 70
time 7
note_on 49
velocity 57
time 78
note_off 46
time 32
note_on 68
velocity 70
time 0
note_on 47
velocity 51
time 15
note_on 63
velocity 46
time 3
note_off 67
time 10
note_off 49
time 1
note_off 63
time 71
note_on 46
velocity 61
time 4
note_off 47
time 62
note_on 70
velocity 74
time 7
note_on 44
velocity 56
time 6
note_on 61
velocity 48
time 3
note_off 46
time 15
note_on 43
velocity 58
time 71
note_off 44
time 14
note_off 61
time 39
note_off 68
time 40
note_off 43
time 42
note_on 71
velocity 72
time 11
note_on 44
velocity 62
time 10
note_off 70
time 2
note_on 59
velocity 48
time 15
note_on 42
velocity 60
time 20
note_on 63
velocity 67
time 4
note_off 59
time 8
note_off 71
time 27
note_off 44
time 8
note_off 63
time 3
note_on 40
velocity 59
time 17
note_on 68
velocity 75
time 10
note_off 42
time 2
note_on 70
velocity 78
time 18
note_on 44
velocity 57
time 4
note_off 40
time 1
note_on 42
velocity 61
time 107
note_on 72
velocity 76
time 16
note_off 68
time 37
note_off 44
time 15
note_off 70
time 94
note_on 39
velocity 59
time 6
note_off 42
time 15
note_on 73
velocity 78
time 4
note_off 72
time 50
note_on 36
velocity 47
time 53
note_off 39
time 0
note_on 75
velocity 76
time 14
note_on 66
velocity 46
time 3
note_off 73
time 38
note_on 68
velocity 69
time 15
note_off 66
time 13
note_on 69
velocity 72
time 3
note_on 37
velocity 59
time 6
note_off 68
time 5
note_off 36
time 14
note_off 69
time 0
note_on 66
velocity 66
time 0
note_off 37
time 15
note_on 39
velocity 52
time 8
note_on 73
velocity 76
time 0
note_off 75
time 77
note_on 72
velocity 77
time 13
note_off 66
time 16
note_off 39
time 16
note_off 72
time 14
note_off 73
time 7
note_on 40
velocity 49
time 7
note_on 73
velocity 71
time 12
note_on 75
velocity 76
time 13
note_on 42
velocity 54
time 3
note_off 40
time 16
note_off 73
time 66
note_on 44
velocity 54
time 90
note_on 76
velocity 79
time 0
note_off 75
time 46
note_off 42
time 8
note_on 73
velocity 81
time 169
note_on 40
velocity 58
time 6
note_off 76
time 6
note_off 44
time 25
note_on 75
velocity 79
time 182
note_on 42
velocity 53
time 7
note_off 73
time 84
note_off 40
time 6
note_on 78
velocity 81
time 101
note_off 42
time 1
note_on 45
velocity 48
time 4
note_off 75
time 11
note_off 45
time 116
note_on 39
velocity 46
time 30
note_on 81
velocity 76
time 1
note_on 72
velocity 49
time 0
note_off 78
time 3
note_on 40
velocity 46
time 8
note_off 72
time 0
note_off 39
time 2
note_on 80
velocity 84
time 10
note_on 73
velocity 54
time 17
note_on 42
velocity 57
time 10
note_off 81
time 12
note_off 40
time 1
note_on 44
velocity 59
time 19
note_off 42
time 11
note_off 73
time 2
note_off 44
time 9
note_on 78
velocity 77
time 9
note_on 46
velocity 49
time 9
note_off 80
time 60
note_off 78
time 13
note_on 48
velocity 57
time 7
note_off 48
time 11
note_off 46
time 22
note_on 49
velocity 49
time 16
note_on 76
velocity 68
time 3
note_on 51
velocity 42
time 1
note_off 49
time 10
note_off 51
time 156
note_on 73
velocity 64
time 9
note_on 52
velocity 41
time 5
note_off 52
time 68
note_on 49
velocity 45
time 9
note_on 71
velocity 59
time 5
note_on 52
velocity 43
time 3
note_off 73
time 7
note_off 52
time 30
note_off 49
time 0
note_on 56
velocity 45
time 30
note_off 56
time 125
note_on 54
velocity 42
time 9
note_on 70
velocity 61
time 23
note_off 71
time 46
note_off 76
time 100
note_on 56
velocity 53
time 14
note_off 54
time 23
note_on 78
velocity 71
time 87
note_off 56
time 33
note_on 58
velocity 49
time 10
note_on 54
velocity 59
time 5
note_off 58
time 2
note_on 76
velocity 70
time 2
note_off 54
time 15
note_on 58
velocity 52
time 5
note_off 78
time 16
note_off 58
time 0
note_on 61
velocity 49
time 12
note_off 61
time 81
note_on 75
velocity 66
time 15
note_on 47
velocity 47
time 3
note_off 76
time 7
note_on 49
velocity 49
time 73
note_off 70
time 38
note_off 47
time 59
note_on 71
velocity 61
time 95
note_off 49
time 14
note_on 51
velocity 39
time 8
note_off 51
time 16
note_on 47
velocity 45
time 8
note_on 70
velocity 64
time 21
note_off 47
time 3
note_on 51
velocity 38
time 6
note_off 71
time 18
note_off 51
time 21
note_on 54
velocity 49
time 8
note_off 54
time 19
note_on 52
velocity 46
time 8
note_on 68
velocity 65
time 4
note_off 70
time 12
note_off 75
time 5
note_on 54
velocity 50
time 26
note_off 52
time 15
note_on 76
velocity 66
time 208
note_off 54
time 5
note_on 56
velocity 45
time 5
note_off 56
time 27
note_on 52
velocity 53
time 12
note_on 75
velocity 71
time 21
note_on 56
velocity 51
time 12
note_off 52
time 3
note_off 76
time 18
note_off 56
time 0
note_on 59
velocity 48
time 15
note_off 68
time 138
note_off 59
time 101
note_on 73
velocity 62
time 3
note_on 46
velocity 47
time 7
note_off 75
time 10
note_on 47
velocity 49
time 51
note_off 46
time 37
note_on 70
velocity 66
time 11
note_on 49
velocity 50
time 17
note_off 47
time 17
note_on 46
velocity 46
time 12
note_off 49
time 6
note_on 49
velocity 45
time 0
note_on 68
velocity 59
time 5
note_off 46
time 4
note_off 49
time 10
note_on 52
velocity 47
time 16
note_off 70
time 38
note_on 51
velocity 34
time 8
note_off 52
time 8
note_on 67
velocity 48
time 4
note_off 68
time 14
note_off 73
time 14
note_on 53
velocity 42
time 18
note_off 51
time 6
note_on 75
velocity 53
time 110
note_off 53
time 2
note_on 55
velocity 39
time 14
note_on 51
velocity 44
time 12
note_off 55
time 1
note_on 55
velocity 32
time 12
note_on 73
velocity 61
time 9
note_off 51
time 18
note_off 67
time 12
note_off 75
time 2
note_off 55
time 9
note_on 58
velocity 43
time 14
note_on 56
velocity 44
time 39
note_off 58
time 20
note_on 71
velocity 53
time 10
note_on 68
velocity 43
time 14
note_off 68
time 12
note_on 70
velocity 59
time 6
note_on 58
velocity 44
time 5
note_off 73
time 35
note_off 71
time 20
note_off 56
time 10
note_off 58
time 118
note_on 68
velocity 61
time 19
note_on 59
velocity 50
time 7
note_off 70
time 8
note_on 51
velocity 45
time 160
note_on 71
velocity 63
time 9
note_off 68
time 7
note_off 59
time 27
note_on 52
velocity 48
time 14
note_on 73
velocity 65
time 22
note_off 51
time 75
note_off 71
time 21
note_off 52
time 130
note_on 56
velocity 52
time 2
note_on 76
velocity 67
time 10
note_off 73
time 16
note_off 56
time 113
note_on 54
velocity 47
time 22
note_on 70
velocity 55
time 13
note_off 76
time 59
note_on 56
velocity 55
time 6
note_on 68
velocity 65
time 4
note_off 54
time 1
note_off 70
time 17
note_off 56
time 4
note_on 66
velocity 59
time 13
note_on 58
velocity 53
time 4
note_off 68
time 2
note_on 70
velocity 67
time 31
note_on 49
velocity 54
time 7
note_off 58
time 10
note_off 66
time 15
note_on 51
velocity 53
time 13
note_on 71
velocity 68
time 9
note_off 49
time 35
note_off 70
time 113
note_on 54
velocity 58
time 83
note_on 75
velocity 70
time 8
note_off 51
time 4
note_off 71
time 18
note_on 68
velocity 65
time 2
note_on 52
velocity 57
time 1
note_off 54
time 15
note_off 75
time 2
note_on 75
velocity 69
time 26
note_on 54
velocity 59
time 19
note_off 52
time 13
note_off 68
time 40
note_off 54
time 169
note_on 56
velocity 58
time 1
note_on 73
velocity 73
time 0
note_off 75
time 63
note_on 71
velocity 71
time 12
note_off 73
time 4
note_on 47
velocity 58
time 3
note_off 56
time 8
note_on 70
velocity 73
time 13
note_on 49
velocity 60
time 1
note_off 71
time 14
note_off 47
time 28
note_on 68
velocity 71
time 2
note_on 52
velocity 60
time 8
note_off 49
time 10
note_off 70
time 64
note_on 67
velocity 66
time 2
note_on 51
velocity 59
time 3
note_off 52
time 2
note_off 68
time 11
note_on 53
velocity 59
time 16
note_on 68
velocity 73
time 0
note_off 51
time 39
note_off 67
time 35
note_on 55
velocity 47
time 4
note_off 53
time 7
note_on 70
velocity 72
time 7
note_off 68
time 2
note_on 46
velocity 48
time 30
note_on 67
velocity 60
time 7
note_off 70
time 6
note_off 55
time 11
note_on 47
velocity 49
time 0
note_on 68
velocity 63
time 7
note_off 46
time 55
note_off 67
time 55
note_on 51
velocity 51
time 64
note_off 47
time 7
note_on 71
velocity 66
time 32
note_on 49
velocity 50
time 8
note_off 51
time 28
note_on 76
velocity 63
time 1
note_off 71
time 26
note_on 51
velocity 45
time 30
note_off 76
time 13
note_off 68
time 29
note_off 49
time 14
note_off 51
time 30
note_on 76
velocity 72
time 4
note_on 52
velocity 46
time 7
note_on 68
velocity 47
time 4
note_on 47
velocity 58
time 5
note_off 76
time 32
note_off 68
time 7
note_on 76
velocity 74
time 40
note_on 49
velocity 66
time 8
note_on 68
velocity 66
time 8
note_off 52
time 12
note_off 47
time 2
note_on 52
velocity 64
time 54
note_off 76
time 40
note_off 49
time 31
note_on 76
velocity 75
time 181
note_on 45
velocity 53
time 7
note_on 73
velocity 68
time 3
note_off 68
time 9
note_on 49
velocity 72
time 16
note_off 76
time 0
note_off 73
time 13
note_off 52
time 3
note_off 45
time 14
note_on 76
velocity 79
time 11
note_on 73
velocity 70
time 3
note_on 52
velocity 64
time 2
note_off 49
time 64
note_on 44
velocity 75
time 16
note_off 76
time 10
note_off 73
time 18
note_off 52
time 5
note_on 76
velocity 79
time 6
note_on 73
velocity 73
time 6
note_on 49
velocity 81
time 7
note_off 44
time 2
note_off 76
time 6
note_on 52
velocity 80
time 8
note_off 73
time 18
note_off 49
time 0
note_on 76
velocity 72
time 3
note_on 73
velocity 66
time 12
note_on 43
velocity 56
time 16
note_off 52
time 7
note_on 71
velocity 66
time 6
note_off 73
time 4
note_on 70
velocity 68
time 80
note_off 71
time 22
note_on 73
velocity 70
time 212
note_off 70
time 31
note_on 71
velocity 70
time 17
note_off 73
time 6
note_on 68
velocity 69
time 4
note_off 71
time 13
note_off 68
time 33
note_on 70
velocity 72
time 0
note_on 75
velocity 66
time 13
note_off 76
time 12
note_on 73
velocity 74
time 11
note_off 75
time 31
note_on 82
velocity 78
time 2
note_off 43
time 2
note_on 55
velocity 50
time 6
note_off 73
time 1
note_off 55
time 14
note_on 76
velocity 74
time 1
note_on 56
velocity 59
time 15
note_off 82
time 15
note_on 58
velocity 58
time 39
note_off 56
time 10
note_on 73
velocity 79
time 3
note_off 76
time 38
note_off 70
time 2
note_on 47
velocity 48
time 80
note_off 58
time 27
note_on 75
velocity 70
time 16
note_off 73
time 14
note_on 73
velocity 67
time 7
note_off 75
time 50
note_on 71
velocity 70
time 5
note_on 68
velocity 50
time 8
note_off 73
time 39
note_off 68
time 26
note_on 75
velocity 67
time 7
note_off 71
time 25
note_on 52
velocity 60
time 92
note_on 73
velocity 62
time 4
note_off 47
time 14
note_off 75
time 13
note_on 70
velocity 66
time 10
note_off 73
time 37
note_on 71
velocity 61
time 17
note_on 49
velocity 61
time 0
note_off 52
time 14
note_off 70
time 13
note_on 70
velocity 70
time 79
note_off 71
time 2
note_on 51
velocity 62
time 12
note_on 68
velocity 70
time 4
note_off 49
time 16
note_off 70
time 23
note_on 71
velocity 67
time 3
note_off 68
time 44
note_on 39
velocity 61
time 7
note_off 51
time 0
note_on 70
velocity 68
time 22
note_off 71
time 17
note_on 67
velocity 59
time 20
note_off 70
time 6
note_on 44
velocity 45
time 8
note_on 68
velocity 67
time 12
note_off 67
time 16
note_off 39
time 5
note_on 46
velocity 51
time 45
note_off 44
time 96
note_on 66
velocity 66
time 169
note_off 46
time 16
note_on 48
velocity 55
time 10
note_on 44
velocity 51
time 200
note_off 48
time 42
note_on 48
velocity 52
time 103
note_on 63
velocity 59
time 4
note_off 44
time 43
note_on 51
velocity 60
time 62
note_off 48
time 10
note_on 61
velocity 54
time 102
note_on 54
velocity 57
time 20
note_off 51
time 82
note_off 63
time 57
note_off 66
time 92
note_on 60
velocity 59
time 42
note_off 61
time 18
note_on 52
velocity 61
time 39
note_on 61
velocity 59
time 8
note_off 60
time 58
note_off 54
time 0
note_on 63
velocity 64
time 36
note_off 61
time 84
note_on 64
velocity 61
time 168
note_on 51
velocity 58
time 1
note_off 63
time 28
note_off 52
time 97
note_on 66
velocity 65
time 182
note_off 64
time 77
note_on 64
velocity 62
time 305
note_on 49
velocity 51
time 33
note_off 51
time 163
note_on 63
velocity 61
time 133
note_off 64
time 40
note_off 66
time 51
note_on 61
velocity 55
time 203
note_off 63
time 58
note_on 64
velocity 56
time 236
note_off 61
time 58
note_on 61
velocity 49
time 9
note_off 64
time 170
note_on 58
velocity 55
time 166
note_off 61
time 36
note_on 55
velocity 50
time 114
note_off 58
time 1
note_on 64
velocity 55
time 9
note_on 63
velocity 58
time 13
note_on 56
velocity 49
time 9
note_off 55
time 112
note_off 64
time 7
note_on 61
velocity 58
time 226
note_off 63
time 102
note_on 60
velocity 49
time 432
note_on 58
velocity 32
time 42
note_off 61
time 36
note_off 56
time 97
note_on 61
velocity 55
time 9
note_off 60
time 20
note_off 49
time 16
note_off 58
time 53
note_on 63
velocity 47
time 14
note_on 60
velocity 38
time 11
note_on 44
velocity 34
time 9
note_off 61
time 9
note_off 44
time 31
note_off 60
time 6
note_off 68
time 35
note_off 63
time 6
note_on 56
velocity 48
time 1093
note_on 55
velocity 41
time 1269
note_off 56
time 146
note_on 56
velocity 50
time 45
note_off 55
time 50
note_on 58
velocity 59
time 4
note_off 56
time 14
note_on 59
velocity 53
time 6
note_off 58
time 3
note_off 59
time 127
note_on 58
velocity 46
time 44
note_off 58
time 30
note_on 56
velocity 47
time 70
note_off 56
time 2
note_on 62
velocity 51
time 3
note_on 63
velocity 38
time 143
note_off 62
time 40
note_off 63
time 125
note_on 54
velocity 45
time 45
note_off 54
time 141
note_on 56
velocity 53
time 220
note_off 56
time 56
note_on 56
velocity 43
time 36
note_off 56
time 205
note_on 58
velocity 51
time 140
note_off 58
time 90
note_on 58
velocity 46
time 128
note_off 58
time 57
note_on 51
velocity 40
time 115
note_on 53
velocity 42
time 572
note_off 51
time 88
note_on 63
velocity 56
time 172
note_on 54
velocity 40
time 58
note_off 53
time 84
note_on 60
velocity 46
time 84
note_off 63
time 64
note_on 61
velocity 57
time 11
note_off 54
time 16
note_on 52
velocity 30
time 34
note_off 60
time 40
note_on 63
velocity 67
time 158
note_on 54
velocity 45
time 10
note_off 52
time 15
note_off 61
time 40
note_off 54
time 10
note_on 64
velocity 58
time 4
note_off 63
time 3
note_on 56
velocity 50
time 6
note_off 64
time 2
note_on 63
velocity 58
time 10
note_on 55
velocity 39
time 3
note_off 56
time 12
note_on 56
velocity 51
time 51
note_off 63
time 38
note_off 55
time 7
note_on 61
velocity 52
time 17
note_off 56
time 16
note_on 58
velocity 43
time 2
note_off 61
time 14
note_on 67
velocity 62
time 15
note_on 56
velocity 46
time 30
note_off 58
time 8
note_on 58
velocity 52
time 5
note_off 56
time 5
note_off 58
time 2
note_on 68
velocity 60
time 15
note_on 59
velocity 42
time 16
note_off 67
time 17
note_off 68
time 7
note_off 59
time 9
note_on 59
velocity 49
time 5
note_on 56
velocity 46
time 2
note_off 59
time 53
note_off 56
time 18
note_on 61
velocity 53
time 16
note_on 58
velocity 36
time 8
note_off 61
time 17
note_off 58
time 137
note_on 61
velocity 53
time 19
note_off 61
time 37
note_on 63
velocity 56
time 9
note_on 55
velocity 41
time 28
note_off 63
time 18
note_off 55
time 66
note_on 63
velocity 47
time 76
note_off 63
time 427
note_on 56
velocity 45
time 136
note_on 54
velocity 51
time 130
note_off 56
time 93
note_on 68
velocity 67
time 2
note_on 61
velocity 38
time 1
note_on 52
velocity 35
time 15
note_off 54
time 1
note_on 67
velocity 50
time 73
note_on 51
velocity 37
time 21
note_off 68
time 7
note_off 52
time 1
note_off 51
time 13
note_on 68
velocity 65
time 217
note_on 59
velocity 28
time 7
note_on 56
velocity 41
time 2
note_off 61
time 5
note_off 67
time 25
note_on 70
velocity 71
time 27
note_on 61
velocity 50
time 31
note_off 59
time 35
note_off 68
time 17
note_off 70
time 13
note_off 61
time 6
note_on 71
velocity 70
time 4
note_on 63
velocity 49
time 8
note_off 71
time 78
note_off 56
time 4
note_off 63
time 8
note_on 70
velocity 68
time 10
note_on 62
velocity 39
time 11
note_on 58
velocity 45
time 4
note_off 70
time 36
note_on 63
velocity 57
time 8
note_off 62
time 58
note_off 58
time 37
note_on 68
velocity 68
time 5
note_on 65
velocity 50
time 16
note_on 59
velocity 49
time 9
note_off 63
time 4
note_off 68
time 34
note_on 74
velocity 68
time 38
note_on 63
velocity 50
time 7
note_off 65
time 6
note_off 59
time 30
note_on 65
velocity 55
time 37
note_off 63
time 22
note_on 75
velocity 64
time 17
note_on 66
velocity 49
time 10
note_on 58
velocity 44
time 5
note_off 65
time 0
note_off 74
time 10
note_off 75
time 16
note_off 66
time 59
note_on 63
velocity 49
time 18
note_on 66
velocity 56
time 0
note_off 58
time 13
note_off 66
time 108
note_on 68
velocity 62
time 13
note_on 65
velocity 37
time 22
note_on 56
velocity 35
time 5
note_off 63
time 6
note_off 68
time 21
note_off 65
time 6
note_on 68
velocity 58
time 4
note_off 68
time 25
note_on 70
velocity 63
time 96
note_on 62
velocity 37
time 54
note_off 70
time 1
note_off 62
time 26
note_on 70
velocity 64
time 92
note_off 70
time 15
note_on 63
velocity 51
time 44
note_on 65
velocity 54
time 4
note_on 54
velocity 46
time 11
note_off 63
time 52
note_off 56
time 26
note_on 56
velocity 60
time 40
note_off 54
time 4
note_off 56
time 33
note_on 51
velocity 53
time 48
note_on 58
velocity 51
time 0
note_on 66
velocity 65
time 5
note_off 65
time 7
note_off 58
time 32
note_on 54
velocity 47
time 12
note_on 58
velocity 56
time 1
note_off 51
time 5
note_off 54
time 1
note_on 56
velocity 52
time 9
note_on 48
velocity 41
time 4
note_on 51
velocity 39
time 3
note_off 58
time 2
note_off 66
time 12
note_on 64
velocity 60
time 8
note_on 52
velocity 48
time 1
note_on 49
velocity 56
time 15
note_off 51
time 8
note_off 48
time 0
note_off 52
time 18
note_on 51
velocity 59
time 38
note_on 66
velocity 67
time 0
note_off 49
time 105
note_off 56
time 11
note_on 52
velocity 65
time 15
note_on 68
velocity 68
time 4
note_off 51
time 3
note_off 64
time 2
note_off 66
time 38
note_off 52
time 6
note_on 63
velocity 53
time 10
note_on 67
velocity 57
time 2
note_on 59
velocity 61
time 5
note_on 51
velocity 47
time 20
note_off 68
time 0
note_on 68
velocity 73
time 33
note_off 59
time 8
note_off 67
time 67
note_off 63
time 63
note_on 70
velocity 67
time 9
note_off 51
time 3
note_on 49
velocity 57
time 0
note_on 61
velocity 54
time 1
note_off 68
time 2
note_on 64
velocity 48
time 1
note_off 64
time 8
note_off 61
time 5
note_on 68
velocity 63
time 15
note_on 55
velocity 59
time 2
note_on 63
velocity 45
time 10
note_off 49
time 43
note_off 70
time 10
note_on 70
velocity 77
time 9
note_on 69
velocity 72
time 21
note_off 68
time 140
note_off 70
time 21
note_on 71
velocity 72
time 25
note_off 69
time 2
note_off 63
time 17
note_on 56
velocity 66
time 3
note_off 55
time 33
note_off 56
time 85
note_on 68
velocity 67
time 4
note_on 63
velocity 49
time 3
note_on 59
velocity 43
time 5
note_on 47
velocity 49
time 14
note_off 71
time 17
note_off 59
time 1
note_off 63
time 12
note_off 47
time 4
note_off 68
time 15
note_on 70
velocity 65
time 0
note_on 61
velocity 58
time 17
note_on 64
velocity 43
time 0
note_on 49
velocity 55
time 1
note_off 49
time 8
note_off 61
time 19
note_off 70
time 4
note_off 64
time 1
note_on 49
velocity 64
time 36
note_off 49
time 33
note_on 67
velocity 55
time 14
note_on 51
velocity 44
time 9
note_on 63
velocity 43
time 2
note_on 58
velocity 37
time 5
note_off 51
time 13
note_off 58
time 27
note_off 67
time 31
note_off 63
time 16
note_on 51
velocity 52
time 3
note_off 51
time 30
note_on 68
velocity 56
time 16
note_on 63
velocity 39
time 11
note_on 59
velocity 40
time 8
note_on 44
velocity 36
time 5
note_on 70
velocity 69
time 11
note_off 63
time 17
note_off 68
time 17
note_off 59
time 7
note_off 44
time 1
note_off 70
time 14
note_on 71
velocity 66
time 14
note_on 66
velocity 64
time 9
note_on 59
velocity 47
time 4
note_on 51
velocity 42
time 2
note_off 71
time 9
note_off 59
time 0
note_off 51
time 59
note_on 73
velocity 70
time 2
note_on 64
velocity 45
time 0
note_on 68
velocity 55
time 6
note_on 52
velocity 48
time 0
note_off 66
time 16
note_off 68
time 8
note_off 64
time 4
note_off 73
time 6
note_off 52
time 8
note_on 52
velocity 58
time 14
note_off 52
time 4
note_on 70
velocity 72
time 200
note_on 66
velocity 50
time 15
note_on 61
velocity 47
time 18
note_on 54
velocity 50
time 2
note_off 66
time 25
note_off 61
time 5
note_off 54
time 13
note_off 70
time 6
note_on 54
velocity 60
time 8
note_off 54
time 15
note_on 71
velocity 63
time 15
note_on 66
velocity 47
time 12
note_on 63
velocity 42
time 7
note_on 47
velocity 45
time 1
note_on 59
velocity 40
time 4
note_off 59
time 156
note_on 75
velocity 70
time 37
note_off 47
time 1
note_off 71
time 2
note_off 66
time 22
note_off 63
time 16
note_on 74
velocity 74
time 10
note_off 75
time 4
note_on 75
velocity 76
time 17
note_off 74
time 16
note_on 63
velocity 54
time 4
note_on 70
velocity 70
time 3
note_on 54
velocity 47
time 15
note_off 75
time 17
note_off 63
time 22
note_off 54
time 6
note_on 77
velocity 77
time 6
note_on 68
velocity 53
time 6
note_off 70
time 1
note_on 71
velocity 58
time 4
note_on 56
velocity 55
time 14
note_off 77
time 9
note_off 68
time 5
note_off 71
time 0
note_off 56
time 0
note_on 56
velocity 65
time 7
note_off 56
time 16
note_on 74
velocity 70
time 13
note_on 65
velocity 56
time 14
note_on 58
velocity 60
time 3
note_on 70
velocity 57
time 2
note_off 70
time 8
note_off 58
time 10
note_off 65
time 13
note_off 74
time 0
note_on 58
velocity 71
time 19
note_off 58
time 8
note_on 75
velocity 73
time 13
note_on 66
velocity 53
time 11
note_on 63
velocity 55
time 5
note_on 51
velocity 54
time 5
note_off 66
time 17
note_off 63
time 20
note_on 77
velocity 81
time 10
note_off 51
time 4
note_on 68
velocity 56
time 11
note_off 75
time 3
note_off 68
time 120
note_on 63
velocity 71
time 15
note_on 78
velocity 71
time 5
note_on 70
velocity 59
time 13
note_off 77
time 17
note_off 70
time 42
note_on 71
velocity 68
time 0
note_on 70
velocity 74
time 30
note_off 71
time 29
note_off 70
time 47
note_on 60
velocity 59
time 137
note_on 68
velocity 62
time 1
note_off 63
time 9
note_off 68
time 29
note_on 76
velocity 65
time 35
note_on 61
velocity 63
time 7
note_on 73
velocity 59
time 2
note_off 78
time 7
note_off 60
time 5
note_on 63
velocity 74
time 18
note_on 78
velocity 77
time 2
note_off 61
time 9
note_off 76
time 0
note_off 63
time 7
note_on 80
velocity 73
time 5
note_on 64
velocity 70
time 1
note_off 78
time 13
note_off 73
time 10
note_off 64
time 39
note_on 75
velocity 65
time 13
note_on 79
velocity 69
time 3
note_on 63
velocity 66
time 2
note_off 80
time 7
note_on 80
velocity 79
time 2
note_off 79
time 113
note_off 75
time 3
note_off 63
time 21
note_on 82
velocity 71
time 0
note_on 61
velocity 65
time 10
note_on 76
velocity 51
time 0
note_off 80
time 16
note_off 61
time 27
note_on 67
velocity 68
time 2
note_on 80
velocity 74
time 10
note_off 82
time 18
note_on 82
velocity 84
time 35
note_off 76
time 17
note_off 80
time 23
note_on 83
velocity 71
time 6
note_on 68
velocity 61
time 0
note_on 75
velocity 56
time 4
note_off 82
time 14
note_off 67
time 1
note_off 68
time 186
note_on 59
velocity 63
time 10
note_on 80
velocity 73
time 5
note_off 83
time 8
note_off 75
time 2
note_off 59
time 19
note_on 73
velocity 52
time 8
note_on 82
velocity 73
time 0
note_on 61
velocity 55
time 9
note_off 80
time 17
note_off 61
time 7
note_on 61
velocity 61
time 262
note_off 82
time 14
note_off 61
time 2
note_on 63
velocity 50
time 3
note_on 79
velocity 65
time 7
note_off 63
time 5
note_on 63
velocity 56
time 8
note_off 79
time 12
note_off 63
time 27
note_on 80
velocity 64
time 20
note_on 56
velocity 40
time 34
note_on 78
velocity 65
time 4
note_off 73
time 18
note_on 76
velocity 72
time 3
note_off 80
time 0
note_off 56
time 70
note_off 78
time 14
note_on 75
velocity 66
time 13
note_on 71
velocity 51
time 12
note_off 76
time 14
note_on 56
velocity 48
time 14
note_on 76
velocity 65
time 2
note_off 75
time 1
note_off 71
time 15
note_off 56
time 2
note_on 69
velocity 48
time 7
note_on 78
velocity 65
time 11
note_on 57
velocity 44
time 12
note_off 76
time 30
note_off 57
time 10
note_on 57
velocity 54
time 255
note_off 78
time 5
note_off 57
time 9
note_on 75
velocity 65
time 12
note_on 59
velocity 45
time 12
note_off 59
time 286
note_off 75
time 11
note_on 59
velocity 60
time 17
note_off 59
time 28
note_on 76
velocity 60
time 59
note_on 52
velocity 39
time 17
note_on 75
velocity 67
time 3
note_off 76
time 47
note_off 69
time 16
note_on 73
velocity 66
time 16
note_off 75
time 15
note_off 52
time 1
note_on 72
velocity 66
time 1
note_on 68
velocity 47
time 29
note_off 73
time 43
note_on 73
velocity 67
time 440
note_on 52
velocity 8
time 62
note_off 72
time 6
note_off 68
time 8
note_off 52
time 5
note_on 75
velocity 69
time 3
note_on 66
velocity 40
time 10
note_on 54
velocity 41
time 3
note_off 73
time 17
note_off 54
time 47
note_on 54
velocity 55
time 13
note_off 75
time 17
note_off 54
time 44
note_on 72
velocity 66
time 73
note_on 56
velocity 38
time 4
note_off 56
time 2
note_on 56
velocity 58
time 4
note_off 72
time 6
note_off 56
time 51
note_on 73
velocity 63
time 2
note_on 49
velocity 48
time 0
note_off 66
time 15
note_on 51
velocity 53
time 43
note_on 64
velocity 54
time 7
note_off 49
time 81
note_off 51
time 31
note_on 66
velocity 63
time 21
note_off 64
time 5
note_on 49
velocity 69
time 7
note_on 68
velocity 67
time 3
note_on 52
velocity 59
time 12
note_off 66
time 21
note_on 54
velocity 49
time 14
note_on 66
velocity 61
time 0
note_off 52
time 1
note_off 49
time 9
note_off 68
time 9
note_on 64
velocity 60
time 26
note_off 66
time 8
note_off 54
time 6
note_on 56
velocity 57
time 0
note_on 63
velocity 61
time 5
note_on 48
velocity 52
time 1
note_off 64
time 46
note_off 73
time 6
note_off 56
time 59
note_off 48
time 10
note_off 63
time 10
note_on 73
velocity 66
time 5
note_on 49
velocity 59
time 11
note_on 56
velocity 51
time 6
note_on 64
velocity 51
time 0
note_on 51
velocity 64
time 17
note_on 66
velocity 60
time 9
note_off 49
time 7
note_off 51
time 16
note_on 52
velocity 69
time 12
note_on 68
velocity 68
time 18
note_off 64
time 34
note_off 66
time 60
note_off 73
time 26
note_off 56
time 139
note_off 52
time 9
note_off 68
time 72
note_on 59
velocity 63
time 14
note_on 75
velocity 68
time 3
note_on 51
velocity 50
time 15
note_on 67
velocity 48
time 3
note_on 68
velocity 67
time 29
note_off 59
time 11
note_off 75
time 73
note_off 51
time 30
note_off 67
time 16
note_on 61
velocity 56
time 92
note_on 70
velocity 53
time 2
note_on 76
velocity 61
time 4
note_on 49
velocity 55
time 9
note_off 68
time 4
note_off 70
time 3
note_on 68
velocity 61
time 47
note_on 55
velocity 67
time 4
note_off 49
time 14
note_off 61
time 12
note_on 70
velocity 68
time 56
note_off 76
time 34
note_off 68
time 35
note_on 75
velocity 62
time 11
note_on 56
velocity 61
time 2
note_on 71
velocity 57
time 2
note_on 59
velocity 57
time 1
note_off 55
time 14
note_off 70
time 8
note_off 56
time 3
note_off 59
time 4
note_on 68
velocity 59
time 35
note_on 63
velocity 47
time 6
note_on 47
velocity 58
time 4
note_off 71
time 17
note_off 75
time 13
note_off 47
time 1
note_off 63
time 0
note_on 73
velocity 64
time 5
note_on 70
velocity 55
time 9
note_on 49
velocity 57
time 8
note_off 68
time 0
note_on 64
velocity 42
time 0
note_off 64
time 15
note_off 49
time 16
note_off 70
time 12
note_on 49
velocity 63
time 52
note_off 49
time 0
note_on 63
velocity 47
time 3
note_on 67
velocity 48
time 0
note_on 51
velocity 45
time 8
note_off 51
time 13
note_off 63
time 67
note_off 67
time 33
note_on 51
velocity 52
time 18
note_off 51
time 22
note_on 68
velocity 54
time 55
note_on 44
velocity 42
time 4
note_on 63
velocity 43
time 11
note_off 63
time 17
note_off 68
time 14
note_off 73
time 4
note_off 44
time 1
note_on 46
velocity 51
time 25
note_on 79
velocity 69
time 5
note_off 46
time 4
note_on 80
velocity 56
time 93
note_on 56
velocity 68
time 1
note_on 47
velocity 50
time 22
note_off 79
time 28
note_off 47
time 134
note_on 71
velocity 42
time 8
note_on 49
velocity 49
time 5
note_off 49
time 3
note_off 80
time 251
note_on 70
velocity 51
time 33
note_on 55
velocity 46
time 4
note_on 51
velocity 43
time 3
note_off 56
time 8
note_off 71
time 5
note_off 51
time 179
note_on 79
velocity 60
time 2
note_on 56
velocity 61
time 6
note_off 55
time 58
note_on 58
velocity 75
time 41
note_off 56
time 42
note_off 70
time 6
note_off 58
time 19
note_on 59
velocity 69
time 17
note_on 80
velocity 64
time 5
note_off 79
time 34
note_off 80
time 35
note_off 59
time 18
note_on 73
velocity 60
time 33
note_on 58
velocity 52
time 13
note_on 67
velocity 33
time 1
note_on 51
velocity 47
time 2
note_off 67
time 2
note_off 51
time 55
note_on 56
velocity 62
time 17
note_on 71
velocity 55
time 5
note_on 68
velocity 44
time 12
note_off 58
time 0
note_on 53
velocity 53
time 4
note_off 73
time 7
note_off 68
time 47
note_off 53
time 3
note_on 62
velocity 64
time 4
note_on 80
velocity 66
time 0
note_off 56
time 12
note_off 71
time 9
note_off 80
time 12
note_off 62
time 3
note_on 63
velocity 61
time 4
note_on 78
velocity 53
time 2
note_on 51
velocity 41
time 1
note_off 63
time 14
note_on 54
velocity 49
time 6
note_on 70
velocity 52
time 2
note_on 66
velocity 45
time 9
note_off 78
time 0
note_off 70
time 30
note_off 66
time 46
note_off 54
time 7
note_on 68
velocity 54
time 13
note_on 56
velocity 59
time 0
note_on 65
velocity 40
time 5
note_off 65
time 47
note_off 56
time 41
note_off 68
time 101
note_on 56
velocity 63
time 2
note_on 78
velocity 60
time 14
note_off 51
time 3
note_off 78
time 31
note_on 58
velocity 55
time 6
note_on 77
velocity 58
time 1
note_off 56
time 18
note_on 50
velocity 44
time 3
note_off 58
time 2
note_off 77
time 5
note_on 58
velocity 46
time 1
note_on 68
velocity 50
time 4
note_on 65
velocity 38
time 5
note_off 68
time 19
note_off 65
time 18
note_on 66
velocity 51
time 25
note_on 51
velocity 42
time 6
note_off 50
time 34
note_off 58
time 3
note_on 63
velocity 56
time 11
note_on 53
velocity 39
time 4
note_off 53
time 87
note_off 66
time 20
note_on 62
velocity 69
time 11
note_off 51
time 17
note_off 63
time 37
note_on 63
velocity 67
time 25
note_on 54
velocity 41
time 6
note_off 62
time 15
note_on 39
velocity 56
time 1
note_on 40
velocity 60
time 103
note_off 39
time 115
note_on 42
velocity 61
time 1
note_off 40
time 1
note_on 60
velocity 62
time 50
note_off 42
time 13
note_on 44
velocity 49
time 14
note_off 63
time 0
note_off 54
time 8
note_off 44
time 18
note_off 60
time 0
note_on 61
velocity 63
time 40
note_on 52
velocity 41
time 4
note_on 49
velocity 50
time 7
note_on 63
velocity 70
time 10
note_on 54
velocity 55
time 7
note_off 52
time 1
note_off 61
time 31
note_on 64
velocity 71
time 57
note_off 54
time 6
note_on 56
velocity 56
time 1
note_off 63
time 7
note_off 49
time 10
note_off 64
time 71
note_on 63
velocity 69
time 11
note_on 55
velocity 53
time 1
note_off 56
time 14
note_on 51
velocity 44
time 0
note_on 56
velocity 64
time 23
note_off 63
time 22
note_off 55
time 12
note_off 51
time 7
note_on 61
velocity 66
time 10
note_on 58
velocity 54
time 13
note_off 56
time 6
note_on 52
velocity 48
time 2
note_off 61
time 93
note_on 67
velocity 67
time 78
note_on 56
velocity 55
time 35
note_off 58
time 31
note_off 52
time 5
note_on 58
velocity 63
time 14
note_off 56
time 22
note_off 58
time 50
note_on 68
velocity 68
time 3
note_on 59
velocity 52
time 12
note_on 51
velocity 48
time 9
note_off 67
time 5
note_off 68
time 4
note_off 59
time 12
note_on 59
velocity 43
time 15
note_on 56
velocity 59
time 3
note_off 51
time 2
note_off 59
time 8
note_on 61
velocity 63
time 11
note_on 58
velocity 49
time 9
note_on 49
velocity 47
time 22
note_off 56
time 6
note_off 61
time 12
note_off 58
time 90
note_on 61
velocity 57
time 0
note_off 61
time 12
note_on 63
velocity 57
time 23
note_on 55
velocity 38
time 20
note_off 63
time 19
note_off 55
time 11
note_on 63
velocity 60
time 11
note_off 63
time 30
note_on 56
velocity 53
time 11
note_on 67
velocity 48
time 212
note_on 47
velocity 45
time 33
note_off 49
time 3
note_off 47
time 2
note_on 46
velocity 60
time 5
note_on 47
velocity 53
time 6
note_off 46
time 5
note_on 68
velocity 67
time 2
note_off 56
time 1
note_off 67
time 71
note_on 44
velocity 60
time 17
note_off 47
time 13
note_off 44
time 3
note_on 50
velocity 53
time 2
note_on 59
velocity 60
time 0
note_off 50
time 44
note_on 58
velocity 59
time 3
note_on 51
velocity 55
time 6
note_off 59
time 13
note_off 68
time 11
note_on 66
velocity 58
time 4
note_on 56
velocity 45
time 3
note_off 58
time 12
note_on 65
velocity 65
time 7
note_off 66
time 30
note_off 65
time 17
note_on 66
velocity 66
time 0
note_on 58
velocity 53
time 3
note_off 56
time 3
note_on 63
velocity 64
time 3
note_off 66
time 8
note_on 69
velocity 75
time 8
note_on 60
velocity 48
time 16
note_off 58
time 17
note_off 63
time 7
note_off 69
time 14
note_on 70
velocity 67
time 151
note_on 53
velocity 48
time 2
note_off 60
time 25
note_off 53
time 62
note_off 51
time 31
note_on 63
velocity 60
time 78
note_on 49
velocity 52
time 6
note_on 48
velocity 57
time 128
note_off 49
time 0
note_on 65
velocity 68
time 75
note_off 48
time 4
note_on 49
velocity 53
time 4
note_off 63
time 13
note_on 46
velocity 64
time 19
note_off 49
time 22
note_off 46
time 13
note_on 52
velocity 55
time 11
note_on 67
velocity 67
time 1
note_off 65
time 72
note_off 52
time 2
note_on 53
velocity 59
time 4
note_on 60
velocity 59
time 10
note_off 70
time 15
note_off 67
time 12
note_on 69
velocity 66
time 114
note_on 58
velocity 48
time 6
note_off 60
time 7
note_on 67
velocity 68
time 16
note_off 69
time 31
note_off 67
time 8
note_on 69
velocity 76
time 0
note_on 60
velocity 58
time 18
note_off 58
time 46
note_on 65
velocity 69
time 18
note_off 69
time 2
note_off 65
time 29
note_on 70
velocity 78
time 5
note_on 61
velocity 55
time 36
note_off 60
time 2
note_off 70
time 3
note_off 61
time 5
note_off 53
time 10
note_on 72
velocity 74
time 13
note_on 63
velocity 55
time 7
note_on 51
velocity 61
time 141
note_on 49
velocity 73
time 136
note_off 51
time 44
note_off 49
time 103
note_on 51
velocity 69
time 16
note_on 48
velocity 74
time 6
note_off 51
time 14
note_off 48
time 14
note_on 53
velocity 77
time 3
note_off 53
time 0
note_on 54
velocity 77
time 1
note_off 63
time 17
note_off 72
time 14
note_on 61
velocity 52
time 48
note_on 70
velocity 70
time 5
note_on 69
velocity 73
time 1
note_on 60
velocity 55
time 2
note_off 70
time 28
note_off 61
time 27
note_on 70
velocity 79
time 13
note_off 60
time 1
note_on 61
velocity 58
time 6
note_off 69
time 18
note_on 72
velocity 82
time 38
note_off 70
time 65
note_on 73
velocity 79
time 12
note_on 58
velocity 53
time 21
note_off 54
time 18
note_off 72
time 0
note_off 61
time 15
note_on 53
velocity 62
time 62
note_off 58
time 52
note_on 51
velocity 62
time 7
note_off 53
time 51
note_on 58
velocity 51
time 36
note_off 58
time 12
note_on 63
velocity 51
time 5
note_on 72
velocity 77
time 0
note_off 73
time 9
note_off 51
time 1
note_on 61
velocity 53
time 46
note_on 70
velocity 81
time 0
note_off 63
time 1
note_off 72
time 5
note_off 61
time 0
note_on 53
velocity 40
time 15
note_on 60
velocity 47
time 9
note_on 75
velocity 83
time 17
note_on 69
velocity 63
time 17
note_off 70
time 1
note_off 69
time 13
note_on 70
velocity 66
time 7
note_off 60
time 2
note_on 58
velocity 39
time 10
note_on 60
velocity 49
time 9
note_on 67
velocity 48
time 11
note_off 60
time 20
note_off 70
time 4
note_off 58
time 2
note_off 53
time 19
note_on 69
velocity 65
time 96
note_off 67
time 17
note_off 69
time 15
note_off 75
time 13
note_on 46
velocity 51
time 5
note_on 58
velocity 48
time 4
note_on 74
velocity 70
time 62
note_on 70
velocity 49
time 18
note_off 46
time 4
note_on 75
velocity 75
time 63
note_off 58
time 22
note_on 60
velocity 51
time 6
note_on 77
velocity 79
time 81
note_on 62
velocity 53
time 22
note_off 60
time 11
note_off 74
time 7
note_off 75
time 4
note_off 62
time 15
note_on 78
velocity 78
time 5
note_on 63
velocity 56
time 10
note_off 77
time 36
note_off 78
time 7
note_on 77
velocity 72
time 3
note_on 65
velocity 48
time 15
note_off 63
time 25
note_off 77
time 158
note_off 65
time 7
note_on 75
velocity 76
time 9
note_on 66
velocity 52
time 3
note_off 70
time 14
note_off 75
time 36
note_on 81
velocity 83
time 0
note_on 72
velocity 55
time 14
note_off 72
time 15
note_on 82
velocity 79
time 8
note_on 73
velocity 48
time 18
note_off 81
time 5
note_off 73
time 17
note_off 82
time 18
note_off 66
time 46
note_on 68
velocity 62
time 17
note_on 73
velocity 74
time 0
note_on 66
velocity 54
time 6
note_off 68
time 8
note_on 70
velocity 51
time 0
note_off 70
time 8
note_off 66
time 42
note_off 73
time 3
note_on 65
velocity 61
time 2
note_on 75
velocity 67
time 7
note_on 71
velocity 51
time 9
note_on 63
velocity 51
time 20
note_off 65
time 34
note_off 75
time 15
note_on 61
velocity 61
time 38
note_off 63
time 12
note_on 75
velocity 70
time 52
note_off 61
time 8
note_on 59
velocity 58
time 8
note_on 58
velocity 56
time 10
note_off 75
time 20
note_off 59
time 1
note_on 77
velocity 76
time 107
note_on 56
velocity 57
time 2
note_off 58
time 10
note_on 58
velocity 57
time 50
note_off 77
time 45
note_off 56
time 21
note_on 77
velocity 70
time 75
note_off 58
time 2
note_on 59
velocity 58
time 8
note_off 71
time 0
note_off 77
time 38
note_off 59
time 4
note_on 61
velocity 61
time 3
note_on 70
velocity 71
time 3
note_on 63
velocity 48
time 2
note_on 54
velocity 43
time 0
note_off 61
time 11
note_on 77
velocity 74
time 12
note_on 56
velocity 49
time 3
note_off 54
time 17
note_off 63
time 12
note_off 56
time 31
note_off 77
time 34
note_on 54
velocity 66
time 6
note_on 78
velocity 70
time 12
note_on 61
velocity 47
time 12
note_on 58
velocity 52
time 3
note_off 61
time 11
note_off 70
time 39
note_on 61
velocity 59
time 9
note_on 70
velocity 65
time 0
note_off 54
time 10
note_off 58
time 8
note_off 61
time 7
note_off 70
time 1
note_on 51
velocity 56
time 54
note_on 63
velocity 57
time 0
note_on 71
velocity 58
time 16
note_off 78
time 7
note_on 82
velocity 71
time 8
note_on 52
velocity 66
time 14
note_off 51
time 12
note_on 54
velocity 79
time 12
note_off 52
time 28
note_off 82
time 55
note_on 56
velocity 73
time 13
note_on 83
velocity 72
time 4
note_off 54
time 1
note_off 71
time 16
note_off 56
time 3
note_on 75
velocity 73
time 5
note_off 75
time 18
note_on 76
velocity 67
time 0
note_on 54
velocity 64
time 4
note_off 83
time 65
note_off 63
time 11
note_on 78
velocity 77
time 18
note_off 76
time 6
note_on 80
velocity 69
time 8
note_on 61
velocity 49
time 6
note_off 54
time 3
note_on 52
velocity 48
time 0
note_off 78
time 17
note_on 76
velocity 66
time 5
note_on 58
velocity 53
time 0
note_off 61
time 17
note_off 52
time 6
note_off 80
time 3
note_on 75
velocity 67
time 11
note_on 59
velocity 45
time 3
note_off 76
time 17
note_off 58
time 13
note_off 59
time 56
note_on 66
velocity 61
time 0
note_on 59
velocity 49
time 18
note_on 51
velocity 44
time 3
note_off 75
time 32
note_off 59
time 87
note_off 51
time 6
note_on 73
velocity 72
time 10
note_on 59
velocity 43
time 5
note_on 68
velocity 54
time 12
note_on 52
velocity 43
time 11
note_off 66
time 2
note_off 52
time 1
note_off 59
time 0
note_on 70
velocity 67
time 42
note_on 52
velocity 50
time 2
note_on 71
velocity 67
time 9
note_off 68
time 6
note_off 52
time 10
note_off 70
time 11
note_on 54
velocity 40
time 108
note_on 64
velocity 55
time 2
note_on 58
velocity 50
time 13
note_off 71
time 28
note_off 58
time 12
note_off 54
time 7
note_on 54
velocity 54
time 118
note_off 54
time 11
note_on 59
velocity 54
time 33
note_on 47
velocity 47
time 3
note_off 64
time 14
note_on 63
velocity 56
time 3
note_on 46
velocity 60
time 1
note_off 59
time 11
note_off 73
time 11
note_off 47
time 2
note_on 61
velocity 62
time 18
note_off 63
time 3
note_off 61
time 37
note_on 44
velocity 51
time 6
note_on 71
velocity 61
time 3
note_on 63
velocity 37
time 8
note_off 46
time 1
note_off 63
time 1
note_on 59
velocity 56
time 8
note_on 65
velocity 52
time 17
note_off 59
time 17
note_off 44
time 10
note_on 49
velocity 53
time 5
note_on 66
velocity 54
time 2
note_on 42
velocity 44
time 7
note_off 65
time 5
note_off 49
time 7
note_on 70
velocity 62
time 29
note_on 40
velocity 41
time 8
note_off 71
time 13
note_off 42
time 5
note_off 66
time 0
note_on 68
velocity 68
time 11
note_off 70
time 0
note_on 39
velocity 54
time 208
note_on 70
velocity 67
time 8
note_off 40
time 15
note_off 68
time 9
note_on 66
velocity 68
time 11
note_off 70
time 11
note_on 72
velocity 75
time 13
note_on 44
velocity 62
time 4
note_off 39
time 16
note_off 44
time 33
note_on 73
velocity 67
time 4
note_on 49
velocity 48
time 18
note_off 72
time 15
note_off 66
time 85
note_on 64
velocity 52
time 72
note_on 47
velocity 45
time 13
note_off 49
time 1
note_off 64
time 17
note_on 63
velocity 64
time 6
note_off 63
time 0
note_on 64
velocity 65
time 6
note_on 46
velocity 60
time 20
note_off 47
time 11
note_off 64
time 30
note_on 61
velocity 70
time 12
note_off 46
time 48
note_on 67
velocity 61
time 48
note_on 51
velocity 51
time 1
note_off 61
time 6
note_on 68
velocity 66
time 165
note_off 67
time 8
note_on 44
velocity 48
time 11
note_off 51
time 25
note_on 71
velocity 66
time 34
note_on 42
velocity 55
time 12
note_off 73
time 9
note_off 44
time 1
note_on 70
velocity 79
time 2
note_off 68
time 7
note_off 71
time 5
note_off 42
time 1
note_on 71
velocity 75
time 9
note_on 41
velocity 62
time 9
note_off 70
time 0
note_on 68
velocity 78
time 33
note_off 71
time 5
note_on 46
velocity 51
time 26
note_off 41
time 28
note_on 74
velocity 73
time 7
note_off 74
time 7
note_on 75
velocity 77
time 10
note_on 39
velocity 45
time 0
note_off 46
time 1
note_on 73
velocity 68
time 36
note_off 68
time 9
note_on 71
velocity 73
time 157
note_off 75
time 40
note_off 73
time 27
note_on 70
velocity 72
time 1
note_off 39
time 2
note_on 66
velocity 49
time 14
note_off 71
time 19
note_on 51
velocity 43
time 9
note_on 71
velocity 61
time 1
note_off 70
time 17
note_off 66
time 52
note_off 51
time 7
note_on 73
velocity 65
time 1
note_on 52
velocity 47
time 2
note_on 64
velocity 49
time 2
note_off 71
time 29
note_off 52
time 59
note_on 52
velocity 55
time 229
note_off 73
time 8
note_off 52
time 38
note_on 70
velocity 68
time 3
note_on 54
velocity 46
time 18
note_off 54
time 2
note_off 70
time 60
note_on 54
velocity 49
time 25
note_off 54
time 10
note_on 71
velocity 59
time 35
note_on 47
velocity 37
time 6
note_on 70
velocity 64
time 15
note_off 71
time 13
note_off 64
time 27
note_on 68
velocity 65
time 118
note_off 47
time 71
note_off 70
time 5
note_on 67
velocity 57
time 17
note_on 63
velocity 48
time 18
note_off 68
time 13
note_on 68
velocity 59
time 4
note_on 47
velocity 42
time 8
note_off 67
time 19
note_off 63
time 72
note_off 47
time 85
note_on 70
velocity 61
time 8
note_on 61
velocity 42
time 4
note_on 49
velocity 42
time 0
note_off 68
time 6
note_off 49
time 34
note_off 70
time 41
note_on 49
velocity 54
time 30
note_off 49
time 239
note_on 67
velocity 52
time 264
note_on 51
velocity 39
time 15
note_off 51
time 8
note_on 51
velocity 47
time 214
note_off 67
time 2
note_off 51
time 17
note_on 68
velocity 61
time 13
note_on 44
velocity 45
time 18
note_off 61
time 31
note_on 46
velocity 48
time 31
note_off 44
time 2
note_on 59
velocity 53
time 0
note_off 46
time 44
note_on 61
velocity 59
time 20
note_off 59
time 0
note_on 56
velocity 67
time 40
note_on 63
velocity 54
time 10
note_off 61
time 8
note_on 47
velocity 51
time 13
note_off 47
time 8
note_on 61
velocity 49
time 5
note_on 49
velocity 57
time 3
note_off 63
time 26
note_off 49
time 10
note_off 61
time 15
note_on 59
velocity 59
time 1
note_off 56
time 0
note_off 68
time 15
note_on 55
velocity 64
time 53
note_on 58
velocity 61
time 19
note_on 51
velocity 53
time 10
note_off 59
time 10
note_off 51
time 22
note_off 58
time 59
note_on 56
velocity 67
time 0
note_off 55
time 4
note_on 60
velocity 56
time 9
note_on 54
velocity 60
time 3
note_on 68
velocity 58
time 3
note_on 58
velocity 69
time 18
note_on 61
velocity 65
time 4
note_off 60
time 26
note_off 54
time 4
note_off 56
time 10
note_off 58
time 17
note_on 60
velocity 71
time 6
note_on 63
velocity 64
time 3
note_off 61
time 10
note_off 68
time 18
note_off 63
time 16
note_on 56
velocity 62
time 10
note_off 60
time 0
note_on 58
velocity 74
time 3
note_on 70
velocity 68
time 0
note_on 62
velocity 56
time 1
note_off 56
time 9
note_on 54
velocity 49
time 8
note_on 53
velocity 67
time 67
note_off 62
time 27
note_on 63
velocity 57
time 6
note_off 58
time 2
note_off 54
time 1
note_off 70
time 9
note_off 53
time 18
note_on 56
velocity 73
time 8
note_on 71
velocity 67
time 10
note_on 65
velocity 66
time 4
note_on 51
velocity 49
time 0
note_off 63
time 13
note_off 71
time 11
note_off 65
time 6
note_on 50
velocity 72
time 16
note_off 56
time 13
note_off 51
time 6
note_off 50
time 44
note_on 62
velocity 72
time 3
note_on 63
velocity 72
time 2
note_on 47
velocity 62
time 0
note_on 70
velocity 50
time 14
note_off 62
time 26
note_off 70
time 7
note_on 65
velocity 67
time 4
note_on 46
velocity 60
time 3
note_off 47
time 12
note_off 63
time 7
note_on 63
velocity 69
time 7
note_on 70
velocity 75
time 10
note_on 44
velocity 62
time 15
note_off 46
time 34
note_off 65
time 0
note_on 66
velocity 42
time 8
note_on 68
velocity 30
time 23
note_off 70
time 3
note_off 68
time 1
note_off 66
time 13
note_off 63
time 52
note_on 42
velocity 63
time 40
note_off 44
time 5
note_on 63
velocity 76
time 11
note_on 54
velocity 70
time 5
note_on 44
velocity 66
time 12
note_off 42
time 14
note_off 54
time 66
note_on 46
velocity 74
time 3
note_off 63
time 9
note_off 44
time 28
note_on 68
velocity 76
time 18
note_on 56
velocity 71
time 9
note_on 65
velocity 55
time 10
note_on 47
velocity 64
time 4
note_off 46
time 7
note_off 56
time 36
note_off 65
time 38
note_on 56
velocity 73
time 1
note_off 56
time 5
note_on 58
velocity 60
time 287
note_on 62
velocity 57
time 6
note_on 46
velocity 55
time 18
note_off 47
time 86
note_off 58
time 73
note_off 62
time 60
note_on 58
velocity 65
time 223
note_on 44
velocity 58
time 23
note_off 46
time 110
note_off 58
time 59
note_on 51
velocity 60
time 323
note_on 63
velocity 56
time 9
note_on 42
velocity 53
time 14
note_off 44
time 58
note_off 42
time 3
note_on 61
velocity 63
time 0
note_on 46
velocity 49
time 3
note_off 63
time 5
note_off 68
time 4
note_on 59
velocity 71
time 33
note_off 61
time 5
note_off 51
time 12
note_on 66
velocity 56
time 16
note_on 39
velocity 44
time 7
note_off 46
time 4
note_on 58
velocity 59
time 3
note_off 59
time 38
note_on 59
velocity 66
time 12
note_on 51
velocity 48
time 11
note_off 39
time 0
note_off 58
time 12
note_off 66
time 26
note_on 64
velocity 56
time 14
note_on 61
velocity 54
time 2
note_on 52
velocity 46
time 0
note_off 51
time 3
note_off 59
time 12
note_off 52
time 35
note_off 61
time 19
note_on 52
velocity 53
time 11
note_off 52
time 114
note_on 58
velocity 55
time 105
note_on 54
velocity 42
time 11
note_off 54
time 8
note_off 58
time 81
note_on 54
velocity 48
time 16
note_off 54
time 37
note_on 47
velocity 39
time 5
note_on 59
velocity 55
time 6
note_off 64
time 11
note_on 51
velocity 40
time 0
note_off 47
time 109
note_on 63
velocity 63
time 2
note_off 51
time 10
note_on 52
velocity 43
time 2
note_on 54
velocity 58
time 53
note_off 52
time 17
note_off 54
time 28
note_off 59
time 14
note_on 71
velocity 65
time 0
note_on 56
velocity 53
time 4
note_off 63
time 18
note_on 59
velocity 57
time 0
note_on 44
velocity 49
time 17
note_off 59
time 1
note_off 44
time 8
note_on 61
velocity 63
time 0
note_on 45
velocity 54
time 10
note_off 45
time 0
note_off 61
time 17
note_on 61
velocity 68
time 1
note_on 45
velocity 57
time 9
note_off 45
time 9
note_off 71
time 5
note_off 61
time 15
note_off 56
time 15
note_on 69
velocity 80
time 1
note_on 63
velocity 62
time 5
note_on 54
velocity 57
time 2
note_on 47
velocity 57
time 6
note_off 63
time 5
note_off 47
time 50
note_on 63
velocity 67
time 54
note_on 47
velocity 59
time 0
note_off 54
time 14
note_off 47
time 30
note_off 63
time 0
note_on 64
velocity 63
time 4
note_on 52
velocity 43
time 1
note_on 40
velocity 47
time 2
note_on 59
velocity 69
time 18
note_off 64
time 17
note_off 52
time 12
note_off 40
time 6
note_on 61
velocity 70
time 117
note_off 69
time 1
note_off 59
time 6
note_on 63
velocity 76
time 12
note_off 61
time 4
note_on 52
velocity 60
time 0
note_on 64
velocity 71
time 9
note_off 63
time 8
note_on 59
velocity 66
time 0
note_on 68
velocity 78
time 6
note_off 64
time 28
note_off 68
time 16
note_on 70
velocity 80
time 5
note_on 66
velocity 68
time 7
note_on 61
velocity 65
time 10
note_off 59
time 5
note_off 70
time 15
note_off 61
time 4
note_on 70
velocity 78
time 10
note_on 61
velocity 57
time 7
note_off 70
time 71
note_off 52
time 1
note_off 61
time 37
note_on 72
velocity 81
time 19
note_on 63
velocity 55
time 5
note_on 51
velocity 61
time 4
note_off 72
time 15
note_off 63
time 2
note_on 72
velocity 85
time 12
note_on 63
velocity 64
time 4
note_off 63
time 11
note_off 51
time 27
note_off 72
time 40
note_on 73
velocity 80
time 6
note_on 56
velocity 59
time 3
note_on 49
velocity 60
time 3
note_off 66
time 3
note_on 63
velocity 65
time 43
note_off 63
time 11
note_on 51
velocity 57
time 10
note_on 64
velocity 68
time 3
note_off 56
time 5
note_off 49
time 18
note_on 66
velocity 69
time 9
note_off 64
time 52
note_on 52
velocity 60
time 6
note_on 68
velocity 74
time 8
note_off 51
time 33
note_off 73
time 13
note_off 66
time 22
note_off 68
time 3
note_on 73
velocity 78
time 7
note_on 54
velocity 56
time 6
note_on 66
velocity 53
time 4
note_off 52
time 3
note_on 64
velocity 64
time 36
note_off 64
time 16
note_off 73
time 1
note_off 66
time 10
note_on 72
velocity 79
time 6
note_on 63
velocity 51
time 18
note_on 56
velocity 51
time 1
note_off 54
time 2
note_off 63
time 12
note_off 72
time 31
note_on 73
velocity 77
time 12
note_on 68
velocity 65
time 1
note_on 58
velocity 56
time 10
note_on 75
velocity 82
time 16
note_on 60
velocity 65
time 16
note_off 58
time 15
note_off 73
time 34
note_on 76
velocity 79
time 9
note_on 61
velocity 65
time 7
note_off 60
time 38
note_off 68
time 29
note_off 75
time 4
note_off 76
time 11
note_on 75
velocity 80
time 5
note_on 67
velocity 52
time 20
note_on 63
velocity 53
time 9
note_off 67
time 17
note_off 61
time 4
note_on 68
velocity 68
time 14
note_off 63
time 7
note_on 64
velocity 56
time 5
note_on 73
velocity 74
time 0
note_on 70
velocity 51
time 14
note_off 68
time 2
note_off 75
time 27
note_off 70
time 16
note_off 73
time 0
note_on 79
velocity 83
time 131
note_on 68
velocity 64
time 15
note_off 68
time 17
note_on 70
velocity 76
time 3
note_off 79
time 32
note_off 70
time 4
note_on 80
velocity 83
time 11
note_on 71
velocity 51
time 2
note_on 63
velocity 53
time 3
note_off 64
time 0
note_off 71
time 15
note_off 80
time 15
note_on 71
velocity 72
time 1
note_on 68
velocity 63
time 4
note_off 71
time 7
note_off 68
time 2
note_off 63
time 3
note_on 73
velocity 77
time 9
note_on 69
velocity 60
time 8
note_on 64
velocity 56
time 6
note_off 69
time 55
note_off 73
time 2
note_on 73
velocity 80
time 20
note_off 64
time 10
note_off 73
time 21
note_off 56
time 21
note_on 75
velocity 86
time 1
note_on 66
velocity 55
time 0
note_on 69
velocity 56
time 12
note_on 54
velocity 54
time 0
note_off 69
time 18
note_off 75
time 67
note_on 75
velocity 84
time 35
note_off 66
time 15
note_off 75
time 19
note_on 68
velocity 71
time 61
note_on 63
velocity 51
time 34
note_on 60
velocity 42
time 5
note_off 60
time 28
note_on 72
velocity 76
time 26
note_off 54
time 40
note_off 68
time 62
note_on 73
velocity 77
time 117
note_off 72
time 7
note_off 63
time 2
note_on 68
velocity 71
time 9
note_on 52
velocity 62
time 0
note_on 64
velocity 56
time 0
note_off 64
time 26
note_off 52
time 17
note_on 43
velocity 69
time 1
note_on 70
velocity 72
time 1
note_off 68
time 1
note_on 63
velocity 54
time 6
note_off 43
time 77
note_off 63
time 8
note_on 43
velocity 75
time 4
note_off 73
time 18
note_off 70
time 17
note_off 43
time 7
note_on 68
velocity 60
time 2
note_on 71
velocity 78
time 2
note_on 63
velocity 62
time 14
note_on 44
velocity 67
time 3
note_off 44
time 12
note_on 66
velocity 74
time 11
note_on 44
velocity 65
time 7
note_off 63
time 48
note_off 68
time 45
note_on 64
velocity 69
time 88
note_on 37
velocity 65
time 8
note_on 61
velocity 53
time 2
note_off 66
time 17
note_off 44
time 72
note_off 61
time 31
note_on 39
velocity 76
time 0
note_on 63
velocity 66
time 13
note_off 64
time 27
note_off 37
time 7
note_off 71
time 2
note_off 63
time 2
note_on 70
velocity 72
time 2
note_on 61
velocity 60
time 3
note_on 40
velocity 72
time 12
note_off 39
time 3
note_on 68
velocity 80
time 2
note_on 49
velocity 60
time 4
note_off 70
time 17
note_off 40
time 4
note_off 49
time 85
note_on 67
velocity 78
time 18
note_on 51
velocity 51
time 15
note_on 39
velocity 49
time 8
note_off 68
time 9
note_off 61
time 14
note_off 67
time 2
note_on 68
velocity 75
time 1
note_on 59
velocity 72
time 1
note_off 59
time 1
note_on 58
velocity 70
time 16
note_on 67
velocity 62
time 31
note_off 68
time 118
note_off 58
time 53
note_off 67
time 129
note_off 39
time 89
note_off 51
time 151
note_on 68
velocity 69
time 572
note_on 60
velocity 52
time 12
note_on 51
velocity 37
time 11
note_on 44
velocity 42
time 13
note_off 51
time 970
note_off 60
time 15
note_off 44
time 11
note_off 68
time 5
