note_on 45
velocity 42
time 1
note_on 72
velocity 54
time 12
note_on 74
velocity 57
time 11
note_off 72
time 14
note_on 76
velocity 66
time 4
note_off 74
time 3
note_on 77
velocity 71
time 1
note_on 57
velocity 50
time 6
note_off 76
time 12
note_on 72
velocity 73
time 9
note_on 56
velocity 55
time 194
note_on 71
velocity 74
time 23
note_off 45
time 3
note_off 72
time 66
note_off 57
time 130
note_on 75
velocity 75
time 8
note_off 77
time 62
note_off 71
time 23
note_on 55
velocity 53
time 144
note_on 76
velocity 70
time 2
note_off 56
time 43
note_off 75
time 57
note_on 70
velocity 75
time 105
note_on 69
velocity 68
time 217
note_on 54
velocity 47
time 15
note_off 70
time 46
note_off 76
time 111
note_off 55
time 23
note_on 73
velocity 64
time 16
note_off 69
time 170
note_on 74
velocity 53
time 51
note_on 53
velocity 38
time 32
note_off 73
time 84
note_off 54
time 86
note_on 68
velocity 62
time 25
note_off 74
time 141
note_on 52
velocity 50
time 84
note_off 53
time 189
note_on 69
velocity 75
time 35
note_off 68
time 186
note_on 50
velocity 59
time 37
note_off 52
time 143
note_on 71
velocity 76
time 85
note_off 69
time 86
note_on 64
velocity 63
time 202
note_off 71
time 67
note_on 48
velocity 54
time 10
note_off 50
time 1
note_on 50
velocity 65
time 118
note_off 48
time 55
note_on 52
velocity 70
time 34
note_off 50
time 40
note_on 69
velocity 72
time 85
note_on 53
velocity 57
time 1
note_off 52
time 13
note_off 64
time 55
note_on 48
velocity 63
time 151
note_off 53
time 205
note_on 47
velocity 58
time 20
note_off 48
time 16
note_on 68
velocity 70
time 0
note_off 69
time 91
note_on 51
velocity 50
time 119
note_off 47
time 73
note_on 67
velocity 55
time 150
note_on 52
velocity 35
time 4
note_off 68
time 76
note_on 46
velocity 51
time 145
note_off 51
time 158
note_on 45
velocity 46
time 82
note_off 46
time 3
note_on 66
velocity 59
time 1
note_off 52
time 46
note_off 67
time 22
note_on 49
velocity 53
time 7
note_on 65
velocity 50
time 3
note_on 50
velocity 42
time 6
note_off 45
time 17
note_off 66
time 6
note_off 49
time 11
note_on 44
velocity 50
time 18
note_off 50
time 3
note_on 64
velocity 47
time 10
note_off 65
time 35
note_on 45
velocity 46
time 13
note_off 44
time 16
note_off 64
time 180
note_on 62
velocity 50
time 3
note_on 47
velocity 36
time 137
note_off 45
time 72
note_on 40
velocity 46
time 20
note_off 47
time 15
note_off 62
time 9
note_on 60
velocity 56
time 2
note_off 60
time 47
note_on 59
velocity 59
time 33
note_off 59
time 5
note_on 45
velocity 43
time 8
note_on 60
velocity 57
time 8
note_off 40
time 21
note_off 60
time 14
note_on 69
velocity 61
time 1
note_on 47
velocity 48
time 4
note_off 45
time 50
note_on 68
velocity 75
time 160
note_off 69
time 19
note_on 49
velocity 54
time 186
note_on 76
velocity 62
time 31
note_off 47
time 8
note_off 76
time 144
note_off 68
time 70
note_on 67
velocity 47
time 15
note_on 50
velocity 45
time 200
note_off 49
time 80
note_off 67
time 66
note_on 65
velocity 59
time 96
note_off 65
time 67
note_on 64
velocity 71
time 31
note_off 64
time 81
note_on 63
velocity 69
time 6
note_on 47
velocity 58
time 12
note_off 50
time 10
note_off 63
time 165
note_on 71
velocity 74
time 63
note_on 49
velocity 67
time 207
note_off 47
time 95
note_off 71
time 113
note_on 70
velocity 82
time 15
note_on 78
velocity 73
time 253
note_on 51
velocity 56
time 7
note_off 49
time 206
note_on 69
velocity 65
time 30
note_off 78
time 65
note_off 70
time 35
note_on 52
velocity 59
time 152
note_off 51
time 56
note_off 69
time 30
note_on 67
velocity 67
time 14
note_on 69
velocity 78
time 115
note_off 67
time 30
note_on 71
velocity 76
time 60
note_off 69
time 25
note_on 72
velocity 71
time 98
note_on 64
velocity 69
time 13
note_off 71
time 8
note_on 67
velocity 68
time 275
note_off 52
time 15
note_on 63
velocity 59
time 218
note_on 66
velocity 70
time 4
note_off 67
time 50
note_off 72
time 152
note_on 70
velocity 72
time 21
note_off 64
time 40
note_off 66
time 135
note_on 71
velocity 73
time 21
note_on 62
velocity 56
time 29
note_off 70
time 23
note_off 63
time 141
note_on 65
velocity 71
time 34
note_on 61
velocity 58
time 221
note_on 64
velocity 69
time 19
note_off 65
time 34
note_off 62
time 121
note_on 68
velocity 73
time 53
note_off 71
time 21
note_off 64
time 82
note_on 60
velocity 49
time 114
note_on 69
velocity 68
time 12
note_off 68
time 42
note_off 61
time 68
note_on 63
velocity 62
time 131
note_off 69
time 73
note_on 59
velocity 56
time 119
note_off 60
time 192
note_on 64
velocity 64
time 35
note_off 63
time 23
note_on 57
velocity 57
time 206
note_off 59
time 43
note_on 66
velocity 69
time 191
note_off 64
time 54
note_off 66
time 15
note_on 59
velocity 69
time 7
note_off 57
time 2
note_on 55
velocity 57
time 12
note_on 57
velocity 72
time 6
note_off 59
time 6
note_off 55
time 1
note_off 57
time 14
note_on 59
velocity 72
time 1
note_off 59
time 16
note_on 60
velocity 57
time 15
note_on 76
velocity 74
time 13
note_on 55
velocity 63
time 33
note_off 60
time 178
note_on 75
velocity 69
time 41
note_on 54
velocity 54
time 16
note_off 55
time 21
note_off 76
time 15
note_on 58
velocity 60
time 83
note_off 54
time 71
note_on 74
velocity 60
time 87
note_on 59
velocity 56
time 12
note_off 75
time 54
note_off 58
time 44
note_on 53
velocity 55
time 50
note_off 59
time 0
note_off 53
time 10
note_on 52
velocity 48
time 6
note_on 73
velocity 60
time 2
note_off 74
time 25
note_on 56
velocity 52
time 10
note_off 52
time 130
note_on 57
velocity 43
time 94
note_on 72
velocity 58
time 11
note_off 73
time 28
note_off 56
time 36
note_on 51
velocity 47
time 138
note_off 57
time 7
note_on 71
velocity 53
time 20
note_off 72
time 15
note_on 52
velocity 41
time 122
note_off 51
time 19
note_off 71
time 58
note_on 69
velocity 51
time 30
note_on 54
velocity 47
time 15
note_off 52
time 0
note_off 54
time 6
note_on 47
velocity 48
time 12
note_off 69
time 215
note_on 67
velocity 52
time 34
note_off 67
time 81
note_on 66
velocity 63
time 20
note_off 66
time 82
note_on 52
velocity 51
time 6
note_on 67
velocity 58
time 14
note_off 47
time 13
note_off 67
time 77
note_on 76
velocity 60
time 204
note_on 54
velocity 56
time 228
note_off 52
time 70
note_on 75
velocity 77
time 140
note_off 76
time 35
note_on 83
velocity 72
time 184
note_on 56
velocity 56
time 3
note_off 54
time 38
note_off 83
time 100
note_off 75
time 61
note_on 74
velocity 62
time 30
note_off 56
time 196
note_on 57
velocity 60
time 26
note_off 57
time 54
note_off 74
time 116
note_on 72
velocity 56
time 55
note_on 45
velocity 59
time 2
note_off 45
time 41
note_off 72
time 40
note_on 71
velocity 66
time 12
note_off 71
time 78
note_on 57
velocity 61
time 36
note_on 72
velocity 59
time 2
note_on 69
velocity 64
time 250
note_on 71
velocity 73
time 227
note_off 72
time 32
note_off 69
time 137
note_on 56
velocity 72
time 63
note_off 57
time 36
note_on 73
velocity 76
time 200
note_on 64
velocity 59
time 7
note_off 71
time 146
note_off 56
time 13
note_on 55
velocity 68
time 45
note_off 64
time 96
note_on 74
velocity 72
time 139
note_off 73
time 37
note_off 74
time 36
note_on 54
velocity 55
time 142
note_on 62
velocity 72
time 22
note_off 55
time 15
note_off 54
time 59
note_off 62
time 1
note_on 52
velocity 54
time 29
note_off 52
time 120
note_on 74
velocity 74
time 8
note_on 54
velocity 61
time 5
note_on 50
velocity 59
time 228
note_off 54
time 19
note_on 52
velocity 68
time 210
note_off 50
time 43
note_on 73
velocity 75
time 210
note_off 74
time 28
note_on 54
velocity 59
time 198
note_on 81
velocity 67
time 15
note_off 52
time 16
note_on 72
velocity 68
time 209
note_off 81
time 37
note_off 73
time 57
note_off 54
time 80
note_on 55
velocity 57
time 37
note_off 55
time 69
note_off 72
time 140
note_on 43
velocity 54
time 29
note_on 71
velocity 56
time 17
note_off 43
time 36
note_off 71
time 36
note_on 69
velocity 58
time 38
note_off 69
time 65
note_on 55
velocity 54
time 23
note_on 71
velocity 56
time 13
note_on 67
velocity 52
time 223
note_off 71
time 28
note_on 69
velocity 67
time 203
note_off 67
time 30
note_on 54
velocity 58
time 201
note_off 55
time 40
note_on 62
velocity 49
time 184
note_on 71
velocity 63
time 7
note_off 69
time 3
note_off 54
time 207
note_on 53
velocity 60
time 37
note_off 62
time 154
note_off 71
time 130
note_on 72
velocity 57
time 19
note_off 53
time 53
note_on 52
velocity 50
time 28
note_off 52
time 47
note_on 53
velocity 61
time 17
note_off 53
time 30
note_on 55
velocity 55
time 0
note_off 55
time 60
note_on 57
velocity 45
time 51
note_on 84
velocity 62
time 15
note_off 72
time 114
note_on 52
velocity 46
time 71
note_off 57
time 14
note_on 51
velocity 46
time 125
note_off 52
time 13
note_on 83
velocity 68
time 0
note_off 84
time 8
note_on 54
velocity 68
time 8
note_off 51
time 1
note_on 55
velocity 54
time 141
note_on 82
velocity 78
time 3
note_off 83
time 10
note_off 55
time 62
note_on 50
velocity 62
time 35
note_off 54
time 37
note_on 49
velocity 62
time 17
note_on 81
velocity 83
time 1
note_off 50
time 31
note_off 82
time 13
note_on 52
velocity 64
time 38
note_off 49
time 11
note_on 53
velocity 65
time 67
note_on 80
velocity 78
time 5
note_on 48
velocity 68
time 8
note_off 81
time 3
note_off 52
time 4
note_off 53
time 14
note_on 79
velocity 80
time 8
note_off 80
time 7
note_on 47
velocity 61
time 43
note_off 48
time 43
note_on 77
velocity 77
time 217
note_off 79
time 28
note_on 48
velocity 60
time 184
note_off 47
time 43
note_on 50
velocity 68
time 83
note_off 48
time 17
note_on 43
velocity 66
time 97
note_off 50
time 17
note_on 71
velocity 68
time 129
note_off 77
time 32
note_on 72
velocity 72
time 70
note_off 71
time 55
note_on 74
velocity 68
time 54
note_off 72
time 20
note_on 55
velocity 65
time 95
note_on 76
velocity 69
time 2
note_off 74
time 8
note_on 71
velocity 72
time 287
note_off 43
time 221
note_on 70
velocity 68
time 14
note_on 54
velocity 64
time 4
note_off 71
time 30
note_off 55
time 155
note_off 76
time 39
note_on 73
velocity 69
time 5
note_on 53
velocity 53
time 222
note_on 74
velocity 65
time 3
note_off 70
time 36
note_off 73
time 12
note_off 54
time 52
note_on 69
velocity 68
time 130
note_off 74
time 160
note_on 52
velocity 54
time 53
note_on 68
velocity 68
time 12
note_off 69
time 34
note_on 71
velocity 65
time 188
note_off 68
time 32
note_off 53
time 48
note_off 52
time 127
note_on 51
velocity 44
time 7
note_off 71
time 4
note_on 72
velocity 61
time 9
note_on 67
velocity 48
time 240
note_off 72
time 80
note_on 50
velocity 49
time 140
note_off 51
time 5
note_on 66
velocity 53
time 229
note_off 67
time 80
note_off 50
time 108
note_on 48
velocity 40
time 20
note_off 66
time 218
note_on 67
velocity 42
time 20
note_off 67
time 71
note_on 69
velocity 51
time 25
note_off 69
time 96
note_on 62
velocity 48
time 25
note_on 47
velocity 46
time 239
note_off 48
time 41
note_off 47
time 20
note_on 45
velocity 48
time 32
note_off 45
time 86
note_on 67
velocity 50
time 10
note_on 47
velocity 55
time 7
note_off 47
time 61
note_off 62
time 91
note_on 55
velocity 50
time 91
note_on 69
velocity 65
time 254
note_off 67
time 23
note_on 54
velocity 68
time 186
note_off 55
time 5
note_on 71
velocity 72
time 234
note_on 62
velocity 58
time 8
note_off 69
time 123
note_off 54
time 72
note_on 53
velocity 66
time 19
note_off 62
time 88
note_off 71
time 131
note_on 72
velocity 66
time 11
note_on 52
velocity 50
time 235
note_off 53
time 12
note_off 52
time 48
note_on 50
velocity 58
time 17
note_on 49
velocity 75
time 117
note_on 69
velocity 70
time 3
note_off 72
time 5
note_off 50
time 13
note_off 49
time 68
note_on 57
velocity 72
time 154
note_on 71
velocity 78
time 219
note_off 69
time 144
note_on 56
velocity 74
time 81
note_off 57
time 44
note_on 73
velocity 76
time 186
note_on 64
velocity 63
time 4
note_off 71
time 167
note_off 56
time 37
note_on 55
velocity 69
time 32
note_off 64
time 130
note_on 74
velocity 67
time 152
note_off 73
time 38
note_off 55
time 45
note_on 54
velocity 59
time 3
note_off 54
time 109
note_on 55
velocity 69
time 0
note_on 57
velocity 69
time 100
note_off 55
time 8
note_on 58
velocity 58
time 109
note_on 62
velocity 70
time 6
note_off 74
time 50
note_off 57
time 180
note_on 53
velocity 67
time 3
note_off 58
time 75
note_on 52
velocity 53
time 155
note_on 61
velocity 68
time 13
note_off 53
time 3
note_off 62
time 113
note_on 56
velocity 57
time 102
note_off 52
time 2
note_on 57
velocity 49
time 3
note_on 60
velocity 57
time 9
note_off 61
time 37
note_off 56
time 30
note_on 51
velocity 50
time 10
note_off 57
time 14
note_on 50
velocity 47
time 71
note_off 51
time 5
note_off 60
time 15
note_on 59
velocity 57
time 7
note_on 54
velocity 49
time 20
note_off 50
time 101
note_on 55
velocity 42
time 47
note_on 58
velocity 51
time 13
note_off 59
time 30
note_off 54
time 53
note_on 49
velocity 49
time 10
note_off 55
time 20
note_off 58
time 75
note_on 57
velocity 46
time 19
note_off 49
time 55
note_on 50
velocity 40
time 26
note_off 57
time 130
note_on 55
velocity 47
time 121
note_on 52
velocity 42
time 143
note_off 50
time 62
note_off 52
time 2
note_on 45
velocity 44
time 10
note_off 55
time 196
note_on 53
velocity 45
time 29
note_off 53
time 8
note_on 52
velocity 52
time 17
note_off 52
time 11
note_on 50
velocity 47
time 1
note_on 53
velocity 52
time 10
note_off 45
time 3
note_off 53
time 110
note_on 62
velocity 52
time 32
note_off 50
time 148
note_on 52
velocity 45
time 3
note_off 62
time 225
note_on 61
velocity 66
time 5
note_on 69
velocity 62
time 17
note_on 54
velocity 51
time 2
note_off 52
time 38
note_off 69
time 89
note_off 61
time 47
note_on 60
velocity 56
time 25
note_on 55
velocity 49
time 100
note_off 54
time 8
note_off 60
time 33
note_on 59
velocity 53
time 87
note_off 59
time 60
note_on 57
velocity 61
time 19
note_off 57
time 22
note_on 56
velocity 71
time 15
note_on 52
velocity 65
time 11
note_off 55
time 52
note_off 56
time 17
note_on 64
velocity 74
time 16
note_on 54
velocity 66
time 41
note_off 52
time 25
note_on 63
velocity 77
time 97
note_off 64
time 3
note_on 56
velocity 72
time 16
note_on 71
velocity 73
time 5
note_off 54
time 1
note_on 62
velocity 68
time 26
note_off 71
time 27
note_off 63
time 37
note_off 56
time 117
note_on 57
velocity 69
time 10
note_off 62
time 19
note_on 60
velocity 66
time 23
note_off 57
time 54
note_off 60
time 51
note_on 62
velocity 70
time 9
note_on 45
velocity 64
time 8
note_off 62
time 3
note_on 64
velocity 72
time 0
note_off 64
time 140
note_on 65
velocity 68
time 3
note_on 57
velocity 63
time 4
note_off 45
time 28
note_on 60
velocity 69
time 20
note_on 56
velocity 57
time 16
note_on 59
velocity 70
time 8
note_off 60
time 33
note_off 57
time 65
note_on 63
velocity 71
time 48
note_off 65
time 47
note_off 59
time 35
note_on 55
velocity 49
time 136
note_on 64
velocity 65
time 19
note_off 63
time 12
note_off 56
time 13
note_on 58
velocity 66
time 127
note_off 58
time 225
note_on 54
velocity 47
time 2
note_on 57
velocity 53
time 5
note_off 55
time 52
note_off 64
time 67
note_on 61
velocity 59
time 97
note_off 57
time 153
note_on 62
velocity 54
time 93
note_on 53
velocity 38
time 2
note_off 61
time 26
note_off 54
time 23
note_on 56
velocity 54
time 158
note_off 62
time 1
note_on 52
velocity 45
time 233
note_off 53
time 55
note_on 57
velocity 54
time 184
note_off 56
time 33
note_on 50
velocity 44
time 52
note_off 52
time 55
note_off 57
time 193
note_on 59
velocity 51
time 20
note_off 59
time 113
note_on 52
velocity 42
time 78
note_off 52
time 194
note_on 48
velocity 49
time 43
note_off 50
time 27
note_off 48
time 51
note_on 47
velocity 52
time 29
note_on 48
velocity 51
time 88
note_off 47
time 15
note_on 64
velocity 56
time 6
note_off 48
time 45
note_on 52
velocity 56
time 43
note_on 66
velocity 66
time 22
note_off 64
time 159
note_on 51
velocity 65
time 55
note_off 52
time 67
note_on 68
velocity 71
time 180
note_on 59
velocity 63
time 8
note_off 66
time 72
note_off 51
time 3
note_on 50
velocity 60
time 7
note_off 59
time 16
note_on 69
velocity 72
time 135
note_off 68
time 18
note_off 69
time 25
note_on 57
velocity 67
time 197
note_on 49
velocity 56
time 7
note_off 50
time 43
note_off 57
time 11
note_off 49
time 37
note_on 47
velocity 64
time 13
note_on 49
velocity 62
time 111
note_on 69
velocity 79
time 3
note_off 47
time 16
note_on 45
velocity 64
time 232
note_off 49
time 53
note_on 47
velocity 70
time 185
note_off 45
time 58
note_on 68
velocity 81
time 160
note_off 69
time 33
note_on 49
velocity 68
time 184
note_on 76
velocity 70
time 11
note_off 47
time 50
note_on 67
velocity 64
time 196
note_off 76
time 37
note_off 68
time 39
note_off 49
time 114
note_on 50
velocity 65
time 30
note_off 50
time 98
note_off 67
time 118
note_on 38
velocity 62
time 22
note_on 66
velocity 57
time 14
note_off 38
time 28
note_off 66
time 39
note_on 64
velocity 57
time 37
note_on 50
velocity 57
time 78
note_off 64
time 10
note_on 66
velocity 59
time 26
note_on 62
velocity 64
time 200
note_on 64
velocity 69
time 248
note_off 62
time 169
note_off 66
time 2
note_on 49
velocity 72
time 51
note_off 50
time 47
note_on 57
velocity 55
time 185
note_on 66
velocity 73
time 5
note_off 64
time 170
note_off 49
time 70
note_on 48
velocity 68
time 6
note_off 57
time 154
note_on 67
velocity 66
time 70
note_off 66
time 37
note_off 67
time 40
note_on 55
velocity 73
time 164
note_on 47
velocity 63
time 5
note_off 48
time 25
note_off 55
time 32
note_on 45
velocity 65
time 38
note_off 47
time 13
note_on 47
velocity 65
time 109
note_on 67
velocity 76
time 11
note_off 45
time 14
note_on 43
velocity 67
time 225
note_off 47
time 43
note_on 45
velocity 68
time 194
note_off 43
time 125
note_on 66
velocity 77
time 109
note_off 67
time 13
note_on 74
velocity 75
time 234
note_on 47
velocity 68
time 17
note_off 45
time 72
note_on 65
velocity 77
time 186
note_off 74
time 126
note_off 66
time 10
note_on 48
velocity 73
time 139
note_off 47
time 116
note_off 65
time 110
note_on 64
velocity 74
time 7
note_off 64
time 92
note_on 62
velocity 81
time 4
note_off 62
time 102
note_on 64
velocity 86
time 8
note_on 47
velocity 58
time 278
note_on 76
velocity 81
time 19
note_off 48
time 7
note_off 47
time 8
note_on 45
velocity 61
time 3
note_off 64
time 23
note_on 52
velocity 69
time 55
note_off 45
time 15
note_on 53
velocity 64
time 4
note_off 52
time 9
note_off 53
time 13
note_on 55
velocity 55
time 16
note_on 77
velocity 76
time 11
note_off 76
time 11
note_off 55
time 42
note_on 53
velocity 50
time 21
note_on 76
velocity 80
time 37
note_off 53
time 27
note_off 77
time 21
note_on 55
velocity 59
time 4
note_on 74
velocity 76
time 50
note_off 55
time 20
note_on 53
velocity 63
time 18
note_off 76
time 5
note_off 53
time 59
note_on 72
velocity 81
time 7
note_off 74
time 21
note_on 55
velocity 61
time 3
note_off 55
time 46
note_on 53
velocity 52
time 18
note_off 72
time 11
note_on 71
velocity 81
time 12
note_off 53
time 22
note_on 55
velocity 60
time 35
note_off 71
time 19
note_off 55
time 32
note_on 69
velocity 74
time 11
note_on 53
velocity 60
time 10
note_off 53
time 91
note_on 52
velocity 57
time 21
note_on 68
velocity 73
time 13
note_off 69
time 13
note_on 64
velocity 61
time 10
note_on 62
velocity 56
time 22
note_off 64
time 4
note_off 62
time 9
note_on 60
velocity 54
time 8
note_off 52
time 13
note_off 60
time 14
note_on 59
velocity 62
time 20
note_off 59
time 115
note_on 57
velocity 59
time 9
note_off 57
time 94
note_on 56
velocity 61
time 2
note_off 56
time 31
note_on 54
velocity 46
time 12
note_off 54
time 128
note_on 52
velocity 45
time 55
note_off 52
time 4
note_on 40
velocity 34
time 3
note_off 40
time 16
note_off 68
time 69
note_on 76
velocity 53
time 16
note_on 60
velocity 36
time 14
note_off 60
time 9
note_on 59
velocity 47
time 15
note_off 59
time 9
note_on 57
velocity 44
time 8
note_off 57
time 1
note_on 56
velocity 50
time 13
note_on 64
velocity 48
time 8
note_off 76
time 2
note_on 61
velocity 47
time 1
note_off 56
time 5
note_on 62
velocity 39
time 78
note_on 65
velocity 50
time 15
note_off 61
time 43
note_off 64
time 12
note_on 58
velocity 48
time 14
note_off 62
time 16
note_off 58
time 38
note_on 57
velocity 42
time 61
note_on 66
velocity 62
time 14
note_off 65
time 13
note_on 63
velocity 59
time 35
note_off 57
time 69
note_on 64
velocity 55
time 29
note_on 67
velocity 63
time 14
note_off 66
time 6
note_on 60
velocity 58
time 38
note_off 63
time 5
note_off 64
time 86
note_on 59
velocity 62
time 40
note_on 68
velocity 71
time 7
note_off 60
time 11
note_off 67
time 52
note_on 65
velocity 61
time 6
note_off 59
time 18
note_on 69
velocity 74
time 51
note_off 68
time 88
note_on 64
velocity 68
time 77
note_off 65
time 6
note_on 71
velocity 72
time 41
note_off 69
time 42
note_on 62
velocity 64
time 9
note_off 64
time 16
note_on 69
velocity 46
time 11
note_on 72
velocity 57
time 2
note_off 62
time 18
note_off 71
time 13
note_off 72
time 6
note_on 77
velocity 63
time 12
note_on 76
velocity 67
time 85
note_off 77
time 26
note_on 74
velocity 62
time 15
note_off 76
time 56
note_on 57
velocity 52
time 29
note_on 73
velocity 66
time 0
note_off 74
time 13
note_on 78
velocity 75
time 3
note_off 73
time 35
note_on 58
velocity 60
time 17
note_on 79
velocity 74
time 25
note_off 57
time 84
note_on 75
velocity 77
time 143
note_off 78
time 18
note_off 79
time 27
note_off 69
time 23
note_on 74
velocity 78
time 126
note_on 59
velocity 69
time 1
note_off 75
time 84
note_on 80
velocity 85
time 129
note_on 60
velocity 66
time 217
note_on 81
velocity 80
time 14
note_off 58
time 3
note_off 80
time 6
note_off 59
time 11
note_on 77
velocity 85
time 12
note_off 74
time 32
note_off 81
time 32
note_on 61
velocity 66
time 133
note_on 76
velocity 78
time 33
note_off 77
time 70
note_off 60
time 89
note_on 82
velocity 77
time 73
note_off 76
time 135
note_on 62
velocity 54
time 92
note_off 61
time 81
note_on 81
velocity 77
time 152
note_off 82
time 57
note_on 64
velocity 69
time 158
note_off 62
time 14
note_on 79
velocity 78
time 240
note_off 81
time 26
note_on 65
velocity 43
time 221
note_off 79
time 22
note_on 81
velocity 65
time 12
note_off 64
time 91
note_on 79
velocity 77
time 23
note_off 81
time 56
note_on 77
velocity 75
time 21
note_off 79
time 55
note_on 76
velocity 80
time 37
note_off 77
time 22
note_on 62
velocity 52
time 93
note_off 76
time 0
note_on 77
velocity 80
time 7
note_on 70
velocity 79
time 229
note_off 77
time 93
note_off 65
time 84
note_on 60
velocity 53
time 48
note_on 69
velocity 71
time 17
note_off 70
time 97
note_off 62
time 35
note_on 76
velocity 68
time 76
note_off 69
time 59
note_on 59
velocity 58
time 172
note_on 74
velocity 60
time 17
note_off 60
time 6
note_off 76
time 84
note_on 68
velocity 61
time 125
note_off 74
time 0
note_off 59
time 220
note_on 57
velocity 50
time 8
note_off 68
time 119
note_on 74
velocity 56
time 15
note_on 72
velocity 57
time 97
note_off 74
time 10
note_on 71
velocity 56
time 79
note_off 72
time 4
note_off 71
time 71
note_on 69
velocity 61
time 33
note_on 60
velocity 41
time 29
note_off 57
time 158
note_off 69
time 54
note_on 76
velocity 61
time 4
note_on 74
velocity 54
time 221
note_on 59
velocity 49
time 8
note_off 60
time 8
note_off 76
time 34
note_off 74
time 140
note_on 67
velocity 50
time 16
note_on 66
velocity 55
time 240
note_on 57
velocity 50
time 10
note_off 67
time 53
note_off 59
time 91
note_off 66
time 79
note_on 72
velocity 66
time 1
note_off 57
time 201
note_on 55
velocity 51
time 18
note_on 71
velocity 67
time 10
note_off 72
time 50
note_on 59
velocity 70
time 87
note_off 55
time 55
note_on 60
velocity 70
time 45
note_off 59
time 45
note_on 62
velocity 72
time 32
note_off 60
time 7
note_off 62
time 87
note_on 64
velocity 68
time 9
note_on 79
velocity 78
time 51
note_off 71
time 180
note_on 58
velocity 62
time 15
note_off 64
time 130
note_on 57
velocity 60
time 110
note_on 77
velocity 72
time 4
note_off 58
time 20
note_off 79
time 146
note_on 62
velocity 61
time 58
note_off 57
time 178
note_on 76
velocity 68
time 53
note_on 61
velocity 53
time 25
note_off 62
time 54
note_off 77
time 2
note_on 55
velocity 57
time 145
note_off 61
time 52
note_on 74
velocity 59
time 214
note_off 55
time 37
note_off 76
time 21
note_on 67
velocity 55
time 43
note_off 67
time 105
note_on 65
velocity 55
time 26
note_off 65
time 67
note_on 64
velocity 58
time 14
note_off 64
time 88
note_on 62
velocity 45
time 29
note_off 74
time 18
note_on 77
velocity 38
time 17
note_on 68
velocity 58
time 189
note_off 62
time 167
note_off 68
time 23
note_on 76
velocity 56
time 23
note_on 69
velocity 51
time 20
note_off 77
time 101
note_on 60
velocity 38
time 123
note_off 69
time 126
note_off 60
time 92
note_on 59
velocity 41
time 39
note_off 76
time 7
note_on 74
velocity 41
time 5
note_on 65
velocity 32
time 250
note_off 59
time 15
note_on 64
velocity 37
time 70
note_off 65
time 29
note_on 62
velocity 51
time 5
note_off 64
time 4
note_off 62
time 7
note_on 60
velocity 48
time 15
note_off 60
time 11
note_on 59
velocity 50
time 29
note_off 74
time 0
note_off 59
time 4
note_on 72
velocity 53
time 14
note_on 57
velocity 44
time 15
note_off 57
time 17
note_on 56
velocity 51
time 11
note_off 72
time 6
note_on 71
velocity 49
time 7
note_off 56
time 5
note_off 71
time 5
note_on 57
velocity 46
time 7
note_on 72
velocity 54
time 9
note_on 53
velocity 56
time 3
note_off 57
time 19
note_off 53
time 17
note_on 52
velocity 51
time 7
note_on 73
velocity 65
time 5
note_off 72
time 9
note_on 58
velocity 57
time 6
note_on 59
velocity 59
time 10
note_on 74
velocity 70
time 1
note_off 73
time 12
note_off 52
time 9
note_on 55
velocity 64
time 6
note_off 58
time 0
note_off 59
time 5
note_on 54
velocity 67
time 188
note_on 75
velocity 77
time 1
note_off 55
time 18
note_off 74
time 108
note_on 60
velocity 67
time 129
note_off 54
time 200
note_on 76
velocity 75
time 29
note_off 75
time 92
note_on 59
velocity 68
time 130
note_off 60
time 81
note_on 78
velocity 74
time 150
note_off 76
time 107
note_on 57
velocity 62
time 118
note_off 59
time 9
note_off 57
time 236
note_off 78
time 10
note_on 64
velocity 49
time 1
note_on 79
velocity 61
time 13
note_on 77
velocity 58
time 95
note_off 79
time 16
note_on 76
velocity 64
time 68
note_off 77
time 0
note_off 76
time 84
note_on 74
velocity 63
time 22
note_off 74
time 106
note_on 73
velocity 59
time 12
note_on 52
velocity 43
time 43
note_on 80
velocity 71
time 202
note_off 73
time 83
note_on 81
velocity 72
time 164
note_on 53
velocity 58
time 1
note_off 52
time 211
note_on 75
velocity 77
time 14
note_off 80
time 67
note_off 81
time 10
note_on 74
velocity 75
time 141
note_on 54
velocity 68
time 18
note_off 64
time 14
note_off 75
time 62
note_off 53
time 57
note_on 82
velocity 82
time 85
note_on 55
velocity 63
time 222
note_on 83
velocity 77
time 23
note_off 74
time 64
note_off 54
time 10
note_off 82
time 97
note_on 77
velocity 79
time 54
note_off 83
time 57
note_on 76
velocity 81
time 162
note_on 56
velocity 62
time 8
note_off 77
time 7
note_off 55
time 130
note_on 74
velocity 73
time 85
note_off 76
time 56
note_on 57
velocity 66
time 165
note_off 56
time 43
note_on 72
velocity 67
time 198
note_off 74
time 44
note_off 57
time 153
note_on 59
velocity 57
time 30
note_on 71
velocity 61
time 239
note_off 72
time 2
note_on 60
velocity 48
time 228
note_off 59
time 11
note_off 71
time 179
note_on 69
velocity 58
time 39
note_off 69
time 110
note_on 71
velocity 64
time 6
note_off 71
time 79
note_on 72
velocity 62
time 11
note_on 57
velocity 48
time 11
note_on 63
velocity 68
time 238
note_off 72
time 126
note_on 64
velocity 74
time 102
note_on 55
velocity 60
time 12
note_off 63
time 21
note_off 60
time 107
note_off 57
time 56
note_on 73
velocity 71
time 37
note_on 74
velocity 69
time 215
note_on 53
velocity 63
time 9
note_off 55
time 43
note_off 73
time 47
note_on 65
velocity 72
time 152
note_off 64
time 17
note_off 74
time 62
note_off 53
time 129
note_on 52
velocity 51
time 4
note_on 67
velocity 58
time 52
note_off 65
time 72
note_on 53
velocity 55
time 35
note_off 52
time 43
note_on 55
velocity 53
time 47
note_off 53
time 13
note_off 55
time 84
note_on 57
velocity 62
time 2
note_on 74
velocity 60
time 111
note_on 58
velocity 52
time 3
note_off 57
time 14
note_off 67
time 65
note_on 53
velocity 54
time 165
note_off 58
time 71
note_on 73
velocity 61
time 140
note_off 53
time 5
note_on 52
velocity 50
time 2
note_off 74
time 31
note_on 57
velocity 51
time 188
note_off 52
time 138
note_on 55
velocity 43
time 112
note_on 70
velocity 49
time 1
note_off 57
time 4
note_off 73
time 65
note_off 55
time 139
note_on 50
velocity 44
time 20
note_off 50
time 220
note_on 49
velocity 40
time 15
note_off 70
time 100
note_on 69
velocity 49
time 34
note_off 69
time 56
note_on 67
velocity 46
time 55
note_off 67
time 51
note_on 69
velocity 62
time 13
note_off 69
time 128
note_on 70
velocity 67
time 9
note_on 55
velocity 41
time 5
note_on 61
velocity 70
time 216
note_off 70
time 104
note_off 55
time 123
note_off 61
time 1
note_on 62
velocity 60
time 7
note_on 53
velocity 49
time 2
note_off 49
time 122
note_on 71
velocity 64
time 91
note_off 62
time 103
note_off 71
time 116
note_on 52
velocity 43
time 14
note_on 72
velocity 55
time 8
note_off 53
time 13
note_on 64
velocity 53
time 219
note_off 72
time 160
note_off 52
time 9
note_off 64
time 39
note_on 50
velocity 45
time 10
note_on 66
velocity 45
time 15
note_off 50
time 100
note_on 52
velocity 54
time 9
note_on 54
velocity 57
time 87
note_off 52
time 8
note_off 54
time 76
note_on 55
velocity 54
time 22
note_off 55
time 71
note_off 66
time 34
note_on 72
velocity 57
time 2
note_on 57
velocity 39
time 15
note_on 51
velocity 43
time 238
note_off 57
time 42
note_off 51
time 166
note_on 50
velocity 41
time 19
note_off 72
time 11
note_on 71
velocity 47
time 13
note_on 55
velocity 38
time 215
note_off 50
time 221
note_off 71
time 25
note_on 69
velocity 43
time 18
note_on 54
velocity 27
time 18
note_off 55
time 6
note_on 48
velocity 40
time 230
note_off 54
time 83
note_on 47
velocity 40
time 207
note_off 48
time 54
note_off 69
time 36
note_on 67
velocity 42
time 48
note_off 67
time 117
note_on 69
velocity 47
time 7
note_off 69
time 60
note_on 71
velocity 49
time 36
note_off 71
time 77
note_on 52
velocity 38
time 16
note_on 72
velocity 52
time 22
note_on 67
velocity 46
time 271
note_on 51
velocity 43
time 215
note_off 47
time 10
note_on 66
velocity 56
time 5
note_off 67
time 46
note_off 52
time 87
note_off 72
time 27
note_on 70
velocity 64
time 71
note_on 50
velocity 53
time 207
note_on 71
velocity 67
time 8
note_off 66
time 47
note_off 70
time 78
note_off 51
time 71
note_on 65
velocity 61
time 32
note_on 49
velocity 60
time 220
note_on 64
velocity 64
time 17
note_off 65
time 75
note_off 50
time 98
note_on 68
velocity 71
time 44
note_off 71
time 10
note_off 64
time 151
note_on 48
velocity 58
time 59
note_on 69
velocity 68
time 19
note_off 68
time 62
note_off 49
time 83
note_on 63
velocity 70
time 87
note_on 47
velocity 62
time 205
note_off 48
time 129
note_off 69
time 25
note_on 64
velocity 72
time 77
note_off 63
time 97
note_on 45
velocity 64
time 123
note_off 47
time 36
note_on 66
velocity 71
time 209
note_off 64
time 63
note_off 66
time 175
note_on 59
velocity 70
time 30
note_on 48
velocity 48
time 0
note_off 45
time 2
note_off 59
time 14
note_off 48
time 2
note_on 47
velocity 63
time 2
note_on 45
velocity 59
time 79
note_off 47
time 13
note_off 45
time 15
note_on 44
velocity 52
time 3
note_on 77
velocity 53
time 13
note_on 76
velocity 56
time 2
note_off 77
time 18
note_on 49
velocity 68
time 51
note_off 44
time 86
note_on 50
velocity 58
time 46
note_on 77
velocity 76
time 13
note_off 76
time 13
note_on 46
velocity 68
time 76
note_off 49
time 33
note_off 50
time 86
note_on 45
velocity 58
time 3
note_on 78
velocity 81
time 4
note_off 46
time 23
note_off 77
time 33
note_on 51
velocity 75
time 13
note_off 45
time 33
note_on 52
velocity 70
time 52
note_on 79
velocity 84
time 20
note_off 78
time 98
note_on 48
velocity 78
time 114
note_off 52
time 57
note_off 51
time 3
note_on 47
velocity 65
time 176
note_on 80
velocity 88
time 3
note_off 48
time 27
note_off 79
time 81
note_on 53
velocity 72
time 128
note_off 47
time 110
note_on 81
velocity 87
time 144
note_off 80
time 94
note_on 52
velocity 66
time 134
note_off 53
time 51
note_on 83
velocity 89
time 217
note_off 81
time 71
note_on 50
velocity 69
time 186
note_off 52
time 71
note_on 48
velocity 66
time 261
note_off 50
time 50
note_off 83
time 203
note_on 81
velocity 79
time 13
note_on 83
velocity 82
time 101
note_off 81
time 32
note_on 84
velocity 76
time 72
note_on 52
velocity 65
time 5
note_off 83
time 38
note_off 48
time 22
note_on 76
velocity 80
time 264
note_on 54
velocity 73
time 261
note_off 52
time 180
note_off 84
time 39
note_on 75
velocity 83
time 16
note_off 76
time 123
note_on 56
velocity 67
time 108
note_on 83
velocity 73
time 1
note_off 54
time 103
note_on 74
velocity 70
time 143
note_off 83
time 110
note_off 75
time 57
note_on 57
velocity 67
time 56
note_off 56
time 56
note_on 72
velocity 77
time 64
note_off 74
time 10
note_on 74
velocity 70
time 98
note_off 72
time 32
note_on 76
velocity 76
time 62
note_off 74
time 38
note_on 45
velocity 60
time 71
note_on 77
velocity 72
time 0
note_off 76
time 21
note_on 69
velocity 78
time 264
note_on 47
velocity 67
time 231
note_off 45
time 134
note_on 68
velocity 79
time 81
note_off 77
time 36
note_off 57
time 42
note_off 69
time 41
note_on 49
velocity 57
time 118
note_on 76
velocity 63
time 27
note_off 47
time 53
note_off 76
time 167
note_on 67
velocity 57
time 12
note_off 68
time 45
note_off 49
time 157
note_on 50
velocity 29
time 16
note_off 67
time 70
note_on 65
velocity 59
time 34
note_off 65
time 89
note_on 67
velocity 59
time 22
note_on 69
velocity 66
time 102
note_off 67
time 63
note_on 38
velocity 54
time 44
note_on 70
velocity 68
time 22
note_off 69
time 16
note_on 62
velocity 57
time 235
note_on 40
velocity 65
time 211
note_off 50
time 59
note_off 38
time 8
note_on 61
velocity 72
time 162
note_off 70
time 15
note_on 52
velocity 65
time 233
note_on 69
velocity 66
time 6
note_off 62
time 19
note_off 40
time 15
note_on 60
velocity 65
time 210
note_off 69
time 47
note_off 61
time 33
note_on 51
velocity 52
time 121
note_off 52
time 56
note_on 59
velocity 64
time 206
note_off 60
time 7
note_on 50
velocity 45
time 221
note_on 68
velocity 54
time 30
note_off 59
time 40
note_off 51
time 18
note_off 68
time 132
note_on 59
velocity 56
time 29
note_on 49
velocity 42
time 236
note_off 50
time 108
note_on 57
velocity 49
time 121
note_off 57
time 235
note_on 48
velocity 28
time 2
note_on 65
velocity 41
time 10
note_off 49
time 102
note_off 59
time 90
note_off 65
time 32
note_on 57
velocity 36
time 39
note_on 47
velocity 42
time 238
note_off 48
time 62
note_off 47
time 110
note_off 57
time 21
note_on 56
velocity 48
time 44
note_off 56
time 76
note_on 54
velocity 53
time 38
note_off 54
time 76
note_on 56
velocity 45
time 42
note_on 47
velocity 42
time 8
note_off 56
time 254
note_on 62
velocity 47
time 27
note_on 45
velocity 47
time 225
note_off 47
time 39
note_off 62
time 44
note_on 60
velocity 52
time 22
note_off 45
time 65
note_off 60
time 22
note_on 59
velocity 61
time 17
note_off 59
time 66
note_on 57
velocity 64
time 37
note_off 57
time 75
note_on 45
velocity 59
time 7
note_on 59
velocity 63
time 21
note_off 59
time 192
note_on 65
velocity 68
time 100
note_on 44
velocity 65
time 221
note_off 65
time 107
note_off 45
time 17
note_on 64
velocity 69
time 6
note_off 64
time 105
note_on 62
velocity 75
time 2
note_off 44
time 72
note_on 61
velocity 73
time 25
note_off 62
time 5
note_on 62
velocity 75
time 90
note_off 61
time 6
note_on 44
velocity 73
time 2
note_off 62
time 180
note_on 71
velocity 80
time 113
note_on 40
velocity 70
time 230
note_off 44
time 89
note_on 69
velocity 77
time 25
note_off 71
time 4
note_on 68
velocity 79
time 95
note_off 69
time 15
note_off 68
time 79
note_on 66
velocity 84
time 9
note_off 40
time 4
note_on 68
velocity 81
time 113
note_on 40
velocity 65
time 4
note_off 66
time 16
note_off 68
time 276
note_on 74
velocity 73
time 48
note_on 45
velocity 60
time 247
note_off 40
time 75
note_on 72
velocity 64
time 209
note_off 74
time 60
note_off 72
time 28
note_on 71
velocity 71
time 3
note_off 71
time 100
note_on 72
velocity 64
time 9
note_off 45
time 106
note_on 50
velocity 60
time 5
note_off 50
time 109
note_on 52
velocity 60
time 10
note_on 69
velocity 59
time 4
note_off 72
time 19
note_off 52
time 83
note_on 54
velocity 62
time 3
note_off 69
time 96
note_off 54
time 4
note_on 70
velocity 66
time 0
note_on 55
velocity 55
time 18
note_on 51
velocity 63
time 220
note_off 55
time 95
note_on 50
velocity 60
time 120
note_on 71
velocity 70
time 31
note_off 51
time 71
note_off 70
time 5
note_on 56
velocity 70
time 141
note_off 50
time 156
note_on 57
velocity 61
time 83
note_on 72
velocity 77
time 3
note_off 71
time 76
note_on 53
velocity 72
time 147
note_off 56
time 50
note_off 57
time 85
note_on 52
velocity 66
time 106
note_off 53
time 21
note_on 73
velocity 81
time 3
note_off 72
time 148
note_on 58
velocity 72
time 71
note_off 52
time 193
note_on 74
velocity 76
time 19
note_off 73
time 67
note_on 57
velocity 74
time 179
note_off 58
time 76
note_on 76
velocity 82
time 191
note_off 74
time 105
note_on 55
velocity 72
time 139
note_off 57
time 113
note_on 53
velocity 71
time 166
note_off 55
time 44
note_on 73
velocity 70
time 85
note_off 76
time 14
note_off 53
time 13
note_on 52
velocity 70
time 3
note_on 53
velocity 74
time 98
note_on 74
velocity 76
time 6
note_off 52
time 12
note_off 73
time 18
note_off 53
time 60
note_on 55
velocity 76
time 6
note_on 76
velocity 78
time 14
note_off 74
time 9
note_on 57
velocity 75
time 101
note_off 55
time 13
note_on 77
velocity 78
time 6
note_off 76
time 30
note_on 72
velocity 77
time 252
note_on 56
velocity 62
time 246
note_on 71
velocity 77
time 8
note_off 72
time 35
note_off 57
time 120
note_on 75
velocity 83
time 59
note_off 77
time 27
note_off 71
time 35
note_on 76
velocity 73
time 176
note_on 55
velocity 63
time 2
note_off 75
time 76
note_off 56
time 141
note_on 70
velocity 77
time 5
note_on 54
velocity 58
time 244
note_on 69
velocity 74
time 0
note_off 70
time 56
note_off 55
time 92
note_off 76
time 60
note_on 73
velocity 72
time 7
note_off 69
time 78
note_on 53
velocity 52
time 175
note_on 74
velocity 66
time 5
note_off 73
time 61
note_off 54
time 67
note_on 68
velocity 68
time 103
note_off 74
time 123
note_on 52
velocity 62
time 105
note_off 53
time 186
note_on 69
velocity 76
time 51
note_off 68
time 64
note_on 50
velocity 62
time 188
note_off 52
time 87
note_on 71
velocity 80
time 136
note_off 69
time 75
note_off 71
time 196
note_on 64
velocity 78
time 3
note_on 48
velocity 55
time 308
note_on 76
velocity 77
time 21
note_off 50
time 38
note_off 48
time 70
note_on 47
velocity 71
time 2
note_off 64
time 34
note_on 48
velocity 75
time 72
note_off 47
time 10
note_on 74
velocity 74
time 141
note_off 76
time 83
note_on 45
velocity 65
time 46
note_on 72
velocity 81
time 2
note_off 48
time 5
note_off 74
time 28
note_on 71
velocity 81
time 94
note_off 72
time 7
note_on 52
velocity 65
time 161
note_on 74
velocity 74
time 7
note_off 71
time 11
note_off 45
time 87
note_on 72
velocity 78
time 53
note_off 74
time 44
note_on 71
velocity 76
time 69
note_off 72
time 53
note_off 71
time 51
note_on 69
velocity 73
time 16
note_off 69
time 123
note_on 72
velocity 70
time 17
note_on 40
velocity 54
time 8
note_off 52
time 44
note_on 71
velocity 73
time 85
note_off 72
time 21
note_on 69
velocity 79
time 111
note_off 71
time 19
note_on 68
velocity 73
time 137
note_off 69
time 5
note_off 40
time 131
note_on 45
velocity 46
time 53
note_off 68
time 54
note_on 69
velocity 64
time 16
note_off 69
time 3
note_on 68
velocity 62
time 11
note_off 68
time 14
note_on 69
velocity 67
time 9
note_off 45
time 51
note_on 47
velocity 58
time 3
note_off 69
time 0
note_on 68
velocity 68
time 2
note_off 68
time 0
note_off 47
time 12
note_on 69
velocity 67
time 1
note_on 48
velocity 61
time 4
note_off 69
time 9
note_on 68
velocity 71
time 8
note_off 48
time 10
note_on 50
velocity 66
time 0
note_off 68
time 26
note_on 69
velocity 67
time 37
note_off 50
time 6
note_on 52
velocity 60
time 44
note_off 69
time 18
note_on 68
velocity 68
time 22
note_off 68
time 38
note_off 52
time 35
note_on 69
velocity 65
time 4
note_on 54
velocity 60
time 5
note_off 69
time 53
note_on 68
velocity 60
time 10
note_off 68
time 52
note_off 54
time 16
note_on 56
velocity 55
time 9
note_on 69
velocity 57
time 20
note_off 69
time 52
note_on 68
velocity 56
time 35
note_off 56
time 14
note_off 68
time 17
note_on 57
velocity 41
time 39
note_on 69
velocity 53
time 10
note_off 69
time 35
note_on 68
velocity 68
time 15
note_off 68
time 35
note_on 69
velocity 60
time 60
note_off 57
time 112
note_on 45
velocity 32
time 35
note_off 45
time 62
note_off 69
time 14
note_on 64
velocity 81
time 693
note_off 64
time 732
note_on 60
velocity 90
time 96
note_off 60
time 790
note_on 65
velocity 88
time 95
note_off 65
time 834
note_on 56
velocity 91
time 85
note_off 56
time 937
note_on 62
velocity 57
time 1298
note_off 62
time 41
note_on 59
velocity 61
time 392
note_off 59
time 36
note_on 64
velocity 62
time 362
note_off 64
time 37
note_on 60
velocity 61
time 385
note_off 60
time 37
note_on 57
velocity 67
time 367
note_off 57
time 39
note_on 69
velocity 88
time 363
note_on 54
velocity 64
time 1
note_off 54
time 43
note_on 63
velocity 74
time 359
note_off 63
time 50
note_off 69
time 292
note_on 52
velocity 55
time 54
note_on 67
velocity 83
time 23
note_off 52
time 27
note_on 64
velocity 67
time 393
note_off 64
time 82
note_on 62
velocity 68
time 22
note_on 60
velocity 70
time 70
note_off 62
time 3
note_off 60
time 55
note_on 59
velocity 79
time 40
note_off 67
time 14
note_on 72
velocity 96
time 65
note_on 57
velocity 77
time 4
note_off 59
time 11
note_off 57
time 37
note_on 60
velocity 72
time 354
note_off 60
time 56
note_on 59
velocity 76
time 45
note_on 57
velocity 78
time 85
note_off 59
time 5
note_off 57
time 65
note_on 55
velocity 69
time 41
note_off 72
time 1
note_off 55
time 54
note_on 63
velocity 93
time 7
note_on 54
velocity 72
time 6
note_off 54
time 89
note_on 55
velocity 76
time 6
note_off 55
time 78
note_on 57
velocity 71
time 16
note_off 57
time 355
note_on 55
velocity 64
time 3
note_off 55
time 83
note_on 54
velocity 61
time 13
note_off 54
time 46
note_on 52
velocity 71
time 32
note_off 63
time 51
note_off 52
time 7
note_on 51
velocity 66
time 33
note_off 51
time 70
note_on 52
velocity 61
time 35
note_off 52
time 51
note_on 54
velocity 66
time 19
note_off 54
time 311
note_on 52
velocity 54
time 51
note_off 52
time 52
note_on 51
velocity 60
time 38
note_off 51
time 59
note_on 49
velocity 58
time 18
note_off 49
time 53
note_on 47
velocity 60
time 43
note_on 69
velocity 74
time 378
note_off 69
time 34
note_off 47
time 169
note_on 49
velocity 53
time 9
note_off 49
time 41
note_on 51
velocity 59
time 42
note_off 51
time 70
note_on 66
velocity 70
time 27
note_on 52
velocity 56
time 9
note_off 66
time 28
note_off 52
time 34
note_on 51
velocity 55
time 26
note_off 51
time 70
note_on 52
velocity 58
time 36
note_off 52
time 60
note_on 51
velocity 52
time 42
note_off 51
time 54
note_on 71
velocity 73
time 9
note_on 52
velocity 52
time 29
note_off 71
time 8
note_off 52
time 37
note_on 51
velocity 61
time 22
note_off 51
time 57
note_on 49
velocity 63
time 36
note_off 49
time 64
note_on 51
velocity 60
time 21
note_off 51
time 55
note_on 67
velocity 70
time 44
note_on 52
velocity 58
time 2
note_off 67
time 39
note_off 52
time 18
note_on 64
velocity 66
time 362
note_off 64
time 33
note_on 52
velocity 58
time 44
note_on 53
velocity 71
time 100
note_off 52
time 5
note_off 53
time 57
note_on 55
velocity 73
time 20
note_off 55
time 89
note_on 57
velocity 73
time 12
note_on 61
velocity 72
time 11
note_off 57
time 37
note_off 61
time 16
note_on 69
velocity 69
time 363
note_off 69
time 48
note_on 55
velocity 50
time 45
note_off 55
time 56
note_on 53
velocity 56
time 34
note_off 53
time 65
note_on 52
velocity 56
time 21
note_off 52
time 47
note_on 50
velocity 55
time 29
note_on 65
velocity 60
time 27
note_off 65
time 44
note_off 50
time 69
note_on 62
velocity 59
time 296
note_off 62
time 40
note_on 50
velocity 50
time 38
note_off 50
time 78
note_on 52
velocity 53
time 14
note_off 52
time 52
note_on 53
velocity 55
time 40
note_off 53
time 50
note_on 59
velocity 60
time 47
note_on 55
velocity 45
time 12
note_off 59
time 41
note_off 55
time 73
note_on 67
velocity 48
time 309
note_off 67
time 58
note_on 53
velocity 46
time 1
note_off 53
time 56
note_on 52
velocity 53
time 52
note_off 52
time 65
note_on 50
velocity 47
time 28
note_off 50
time 51
note_on 48
velocity 47
time 26
note_on 64
velocity 59
time 41
note_on 69
velocity 60
time 403
note_off 64
time 51
note_on 50
velocity 57
time 129
note_off 48
time 14
note_off 50
time 157
note_on 52
velocity 60
time 5
note_on 76
velocity 83
time 11
note_off 52
time 161
note_on 53
velocity 53
time 38
note_off 53
time 57
note_on 52
velocity 56
time 13
note_off 52
time 79
note_on 50
velocity 65
time 17
note_on 68
velocity 62
time 21
note_off 69
time 86
note_on 52
velocity 72
time 111
note_off 50
time 2
note_off 76
time 123
note_off 52
time 48
note_on 53
velocity 65
time 27
note_on 72
velocity 90
time 6
note_off 68
time 8
note_off 53
time 270
note_on 69
velocity 68
time 6
note_off 69
time 10
note_off 72
time 2
note_on 67
velocity 67
time 8
note_off 67
time 4
note_on 65
velocity 70
time 1
note_off 65
time 5
note_on 64
velocity 70
time 17
note_on 62
velocity 75
time 52
note_off 64
time 1
note_on 77
velocity 92
time 3
note_off 62
time 46
note_on 65
velocity 67
time 0
note_off 77
time 25
note_off 65
time 14
note_on 64
velocity 74
time 22
note_on 62
velocity 72
time 9
note_off 64
time 7
note_on 60
velocity 79
time 12
note_off 60
time 3
note_on 68
velocity 89
time 33
note_off 62
time 12
note_on 59
velocity 88
time 2
note_on 60
velocity 46
time 68
note_off 59
time 32
note_off 60
time 83
note_on 62
velocity 64
time 0
note_on 53
velocity 68
time 210
note_off 53
time 37
note_off 68
time 43
note_on 60
velocity 64
time 30
note_off 62
time 1
note_off 60
time 57
note_on 59
velocity 66
time 40
note_off 59
time 37
note_on 57
velocity 63
time 45
note_off 57
time 55
note_on 47
velocity 64
time 12
note_on 56
velocity 71
time 18
note_off 47
time 21
note_off 56
time 31
note_on 57
velocity 63
time 30
note_off 57
time 55
note_on 59
velocity 61
time 37
note_on 50
velocity 50
time 195
note_off 50
time 33
note_on 57
velocity 59
time 63
note_off 59
time 26
note_off 57
time 52
note_on 56
velocity 57
time 13
note_off 56
time 67
note_on 54
velocity 68
time 6
note_off 54
time 40
note_on 52
velocity 62
time 65
note_on 44
velocity 59
time 6
note_off 44
time 52
note_on 74
velocity 81
time 317
note_on 47
velocity 58
time 2
note_off 74
time 27
note_off 47
time 30
note_off 52
time 129
note_on 54
velocity 59
time 13
note_off 54
time 66
note_on 56
velocity 67
time 10
note_on 52
velocity 62
time 61
note_off 56
time 15
note_on 71
velocity 87
time 13
note_on 57
velocity 69
time 17
note_off 71
time 35
note_off 57
time 46
note_on 56
velocity 62
time 32
note_off 56
time 47
note_on 57
velocity 63
time 31
note_off 57
time 54
note_on 56
velocity 61
time 32
note_off 56
time 61
note_on 76
velocity 87
time 23
note_on 57
velocity 71
time 9
note_off 52
time 52
note_off 76
time 0
note_off 57
time 3
note_on 56
velocity 45
time 63
note_off 56
time 36
note_on 54
velocity 61
time 28
note_off 54
time 56
note_on 56
velocity 71
time 12
note_off 56
time 45
note_on 72
velocity 80
time 58
note_on 57
velocity 58
time 10
note_on 45
velocity 59
time 11
note_off 72
time 42
note_off 45
time 18
note_off 57
time 11
note_on 69
velocity 82
time 305
note_off 69
time 55
note_on 57
velocity 66
time 61
note_off 57
time 87
note_on 59
velocity 72
time 7
note_off 59
time 48
note_on 60
velocity 71
time 28
note_off 60
time 70
note_on 66
velocity 71
time 18
note_on 62
velocity 70
time 1
note_off 62
time 46
note_off 66
time 19
note_on 54
velocity 51
time 339
note_on 74
velocity 66
time 5
note_off 74
time 76
note_off 54
time 17
note_on 60
velocity 56
time 3
note_off 60
time 66
note_on 59
velocity 55
time 32
note_off 59
time 71
note_on 57
velocity 52
time 31
note_off 57
time 52
note_on 71
velocity 62
time 23
note_on 55
velocity 46
time 4
note_off 71
time 61
note_off 55
time 56
note_on 67
velocity 59
time 282
note_off 67
time 62
note_on 55
velocity 52
time 31
note_off 55
time 88
note_on 57
velocity 52
time 27
note_off 57
time 56
note_on 59
velocity 57
time 20
note_off 59
time 57
note_on 64
velocity 58
time 35
note_on 60
velocity 51
time 9
note_off 64
time 69
note_off 60
time 91
note_on 52
velocity 36
time 225
note_on 72
velocity 59
time 9
note_on 58
velocity 43
time 80
note_off 72
time 2
note_off 58
time 59
note_on 57
velocity 50
time 40
note_off 57
time 58
note_off 52
time 1
note_on 55
velocity 52
time 41
note_off 55
time 69
note_on 53
velocity 44
time 33
note_on 69
velocity 51
time 1
note_on 65
velocity 27
time 5
note_off 65
time 82
note_on 55
velocity 54
time 15
note_on 71
velocity 68
time 9
note_off 53
time 6
note_off 69
time 4
note_on 65
velocity 29
time 15
note_off 65
time 8
note_on 72
velocity 66
time 39
note_on 57
velocity 45
time 1
note_off 55
time 27
note_off 71
time 3
note_on 64
velocity 59
time 8
note_off 64
time 76
note_on 65
velocity 52
time 4
note_on 67
velocity 59
time 62
note_off 65
time 2
note_off 67
time 11
note_on 69
velocity 65
time 9
note_off 57
time 0
note_on 55
velocity 57
time 2
note_on 67
velocity 50
time 51
note_off 69
time 13
note_off 55
time 11
note_off 67
time 26
note_on 65
velocity 64
time 10
note_off 72
time 35
note_off 65
time 32
note_on 64
velocity 75
time 23
note_off 64
time 39
note_on 62
velocity 75
time 4
note_on 53
velocity 58
time 9
note_off 53
time 54
note_on 72
velocity 70
time 6
note_on 74
velocity 68
time 14
note_off 72
time 11
note_on 76
velocity 77
time 79
note_off 74
time 7
note_on 50
velocity 62
time 77
note_off 76
time 2
note_on 77
velocity 76
time 7
note_on 76
velocity 78
time 80
note_off 77
time 37
note_on 74
velocity 73
time 39
note_off 76
time 41
note_off 74
time 40
note_on 72
velocity 77
time 6
note_off 72
time 30
note_on 55
velocity 70
time 57
note_on 72
velocity 61
time 20
note_on 71
velocity 76
time 10
note_off 62
time 14
note_off 72
time 16
note_on 62
velocity 57
time 3
note_on 64
velocity 72
time 17
note_off 62
time 15
note_off 50
time 41
note_off 64
time 47
note_on 65
velocity 70
time 6
note_off 55
time 17
note_on 53
velocity 75
time 18
note_off 65
time 8
note_on 67
velocity 67
time 12
note_off 53
time 16
note_on 65
velocity 73
time 77
note_off 67
time 35
note_off 65
time 38
note_on 64
velocity 81
time 5
note_off 64
time 67
note_on 62
velocity 82
time 35
note_on 52
velocity 86
time 73
note_off 62
time 2
note_on 60
velocity 79
time 8
note_off 71
time 14
note_off 60
time 55
note_on 55
velocity 62
time 310
note_on 84
velocity 75
time 23
note_off 55
time 16
note_off 52
time 2
note_on 83
velocity 78
time 70
note_off 84
time 36
note_on 81
velocity 75
time 45
note_off 83
time 21
note_off 81
time 64
note_on 79
velocity 86
time 2
note_off 79
time 85
note_on 57
velocity 86
time 6
note_on 77
velocity 86
time 7
note_on 60
velocity 85
time 7
note_off 77
time 25
note_off 60
time 80
note_on 65
velocity 62
time 13
note_on 81
velocity 74
time 11
note_off 65
time 34
note_off 57
time 29
note_on 79
velocity 82
time 12
note_off 81
time 43
note_on 77
velocity 77
time 33
note_off 79
time 46
note_on 76
velocity 75
time 43
note_off 77
time 25
note_off 76
time 60
note_on 74
velocity 78
time 6
note_on 47
velocity 87
time 7
note_off 74
time 60
note_on 76
velocity 81
time 14
note_off 47
time 8
note_off 76
time 0
note_on 77
velocity 80
time 5
note_on 69
velocity 72
time 15
note_off 69
time 37
note_on 76
velocity 65
time 56
note_off 77
time 4
note_off 76
time 76
note_on 74
velocity 58
time 9
note_off 74
time 79
note_on 72
velocity 62
time 8
note_off 72
time 51
note_on 62
velocity 46
time 30
note_on 71
velocity 61
time 6
note_off 62
time 28
note_off 71
time 10
note_on 72
velocity 62
time 55
note_off 72
time 47
note_on 74
velocity 56
time 42
note_on 65
velocity 54
time 202
note_off 65
time 39
note_off 74
time 36
note_on 72
velocity 62
time 21
note_off 72
time 63
note_on 71
velocity 59
time 19
note_off 71
time 48
note_on 69
velocity 66
time 47
note_off 69
time 45
note_on 59
velocity 70
time 27
note_off 59
time 36
note_on 67
velocity 56
time 4
note_on 62
velocity 60
time 354
note_on 53
velocity 65
time 2
note_off 62
time 42
note_off 53
time 10
note_off 67
time 132
note_on 69
velocity 52
time 29
note_on 71
velocity 61
time 72
note_off 69
time 7
note_off 71
time 63
note_on 50
velocity 62
time 18
note_on 65
velocity 59
time 15
note_on 72
velocity 68
time 0
note_off 50
time 40
note_off 72
time 33
note_on 71
velocity 62
time 32
note_off 71
time 45
note_on 72
velocity 58
time 43
note_off 72
time 48
note_off 65
time 2
note_on 71
velocity 63
time 8
note_off 71
time 45
note_on 72
velocity 69
time 38
note_on 55
velocity 53
time 7
note_on 62
velocity 39
time 10
note_off 55
time 35
note_off 62
time 3
note_off 72
time 15
note_on 71
velocity 57
time 30
note_off 71
time 55
note_on 69
velocity 60
time 31
note_off 69
time 56
note_on 71
velocity 57
time 42
note_off 71
time 54
note_on 52
velocity 57
time 32
note_on 72
velocity 65
time 1
note_on 67
velocity 61
time 4
note_off 67
time 42
note_on 60
velocity 63
time 351
note_off 52
time 22
note_off 60
time 16
note_on 52
velocity 57
time 148
note_off 52
time 69
note_on 54
velocity 58
time 30
note_off 72
time 0
note_off 54
time 58
note_on 55
velocity 68
time 25
note_on 57
velocity 64
time 12
note_off 57
time 41
note_off 55
time 10
note_on 54
velocity 62
time 39
note_off 54
time 44
note_on 55
velocity 69
time 30
note_off 55
time 51
note_on 54
velocity 58
time 34
note_off 54
time 50
note_on 62
velocity 64
time 25
note_on 55
velocity 62
time 5
note_off 62
time 32
note_off 55
time 23
note_on 54
velocity 59
time 36
note_off 54
time 63
note_on 52
velocity 64
time 31
note_off 52
time 77
note_on 54
velocity 50
time 29
note_off 54
time 56
note_on 55
velocity 70
time 8
note_on 59
velocity 68
time 16
note_off 55
time 27
note_off 59
time 329
note_on 52
velocity 71
time 7
note_on 67
velocity 63
time 12
note_off 52
time 21
note_on 59
velocity 45
time 156
note_off 59
time 47
note_off 67
time 10
note_on 61
velocity 60
time 42
note_off 61
time 55
note_on 57
velocity 72
time 35
note_on 64
velocity 64
time 2
note_on 62
velocity 66
time 21
note_off 62
time 57
note_on 61
velocity 62
time 32
note_off 61
time 50
note_on 62
velocity 54
time 61
note_off 62
time 51
note_on 61
velocity 62
time 21
note_off 64
time 34
note_off 61
time 41
note_on 69
velocity 75
time 5
note_on 62
velocity 62
time 14
note_off 62
time 61
note_on 61
velocity 70
time 48
note_off 61
time 42
note_on 59
velocity 68
time 46
note_off 59
time 57
note_on 61
velocity 71
time 20
note_off 69
time 32
note_off 57
time 40
note_on 66
velocity 82
time 4
note_off 61
time 12
note_on 62
velocity 67
time 15
note_on 50
velocity 83
time 375
note_off 66
time 35
note_off 50
time 2
note_on 66
velocity 66
time 178
note_on 68
velocity 74
time 76
note_off 66
time 47
note_on 47
velocity 78
time 38
note_off 68
time 0
note_on 69
velocity 84
time 8
note_off 47
time 31
note_off 69
time 67
note_on 68
velocity 77
time 5
note_off 68
time 43
note_on 69
velocity 76
time 44
note_off 62
time 39
note_off 69
time 31
note_on 68
velocity 80
time 9
note_on 52
velocity 79
time 93
note_off 52
time 34
note_off 68
time 33
note_on 69
velocity 70
time 0
note_off 69
time 42
note_on 66
velocity 41
time 42
note_on 68
velocity 49
time 62
note_off 68
time 69
note_off 66
time 41
note_on 69
velocity 78
time 16
note_on 48
velocity 83
time 4
note_off 69
time 203
note_on 71
velocity 76
time 33
note_on 72
velocity 82
time 73
note_off 71
time 15
note_off 72
time 29
note_off 48
time 11
note_on 45
velocity 69
time 4
note_on 74
velocity 89
time 34
note_off 45
time 4
note_on 76
velocity 87
time 93
note_off 74
time 2
note_on 78
velocity 80
time 71
note_off 76
time 34
note_on 80
velocity 83
time 46
note_off 78
time 25
note_on 42
velocity 86
time 34
note_on 81
velocity 97
time 15
note_off 80
time 34
note_on 72
velocity 71
time 6
note_off 72
time 9
note_off 42
time 64
note_on 71
velocity 77
time 19
note_on 51
velocity 61
time 23
note_off 71
time 11
note_off 51
time 16
note_on 78
velocity 78
time 125
note_off 81
time 21
note_off 78
time 125
note_on 40
velocity 82
time 37
note_on 79
velocity 97
time 8
note_off 40
time 12
note_on 71
velocity 74
time 4
note_off 71
time 45
note_on 76
velocity 76
time 18
note_off 79
time 4
note_off 76
time 65
note_on 74
velocity 80
time 8
note_off 74
time 26
note_on 72
velocity 75
time 75
note_off 72
time 75
note_on 71
velocity 73
time 15
note_on 84
velocity 97
time 83
note_on 69
velocity 81
time 4
note_off 71
time 3
note_off 69
time 25
note_on 72
velocity 74
time 372
note_off 84
time 43
note_off 72
time 37
note_on 71
velocity 75
time 29
note_off 71
time 89
note_on 69
velocity 74
time 2
note_on 67
velocity 77
time 66
note_off 69
time 9
note_off 67
time 22
note_on 75
velocity 84
time 43
note_on 66
velocity 85
time 9
note_off 66
time 87
note_on 67
velocity 77
time 2
note_off 67
time 92
note_on 69
velocity 74
time 4
note_on 60
velocity 65
time 189
note_off 60
time 37
note_off 75
time 25
note_off 69
time 35
note_on 67
velocity 53
time 29
note_off 67
time 45
note_on 66
velocity 60
time 33
note_off 66
time 33
note_on 64
velocity 39
time 70
note_off 64
time 41
note_on 63
velocity 57
time 33
note_on 54
velocity 55
time 5
note_off 54
time 37
note_off 63
time 17
note_on 64
velocity 60
time 21
note_off 64
time 59
note_on 66
velocity 63
time 38
note_on 57
velocity 56
time 205
note_off 57
time 41
note_off 66
time 36
note_on 64
velocity 51
time 33
note_off 64
time 54
note_on 63
velocity 57
time 15
note_off 63
time 62
note_on 61
velocity 63
time 21
note_off 61
time 37
note_on 59
velocity 70
time 60
note_on 51
velocity 62
time 6
note_off 51
time 37
note_on 54
velocity 63
time 341
note_on 81
velocity 83
time 1
note_off 81
time 34
note_off 54
time 21
note_off 59
time 126
note_on 61
velocity 57
time 19
note_off 61
time 91
note_on 63
velocity 67
time 1
note_on 59
velocity 59
time 46
note_on 78
velocity 80
time 17
note_off 63
time 5
note_on 64
velocity 68
time 28
note_off 78
time 28
note_off 64
time 39
note_on 63
velocity 62
time 38
note_off 63
time 47
note_on 64
velocity 59
time 47
note_off 64
time 42
note_on 63
velocity 66
time 17
note_off 63
time 58
note_on 64
velocity 64
time 28
note_on 83
velocity 88
time 12
note_off 59
time 45
note_off 64
time 2
note_off 83
time 8
note_on 63
velocity 63
time 39
note_off 63
time 53
note_on 61
velocity 69
time 34
note_off 61
time 64
note_on 63
velocity 73
time 28
note_off 63
time 42
note_on 64
velocity 67
time 31
note_on 79
velocity 88
time 10
note_on 52
velocity 69
time 6
note_off 64
time 57
note_off 79
time 5
note_off 52
time 14
note_on 76
velocity 84
time 332
note_off 76
time 58
note_on 40
velocity 79
time 41
note_on 41
velocity 78
time 95
note_off 40
time 7
note_off 41
time 51
note_on 43
velocity 83
time 21
note_on 45
velocity 88
time 85
note_off 43
time 6
note_on 73
velocity 87
time 0
note_off 45
time 55
note_off 73
time 30
note_on 81
velocity 94
time 328
note_off 81
time 65
note_on 43
velocity 74
time 38
note_off 43
time 62
note_on 41
velocity 76
time 32
note_on 40
velocity 74
time 87
note_off 41
time 1
note_on 38
velocity 81
time 7
note_off 40
time 7
note_on 77
velocity 79
time 3
note_off 38
time 3
note_off 77
time 14
note_on 62
velocity 58
time 69
note_off 62
time 40
note_on 74
velocity 47
time 44
note_off 74
time 51
note_on 76
velocity 56
time 34
note_off 76
time 55
note_on 77
velocity 58
time 23
note_off 77
time 87
note_on 79
velocity 63
time 20
note_on 59
velocity 59
time 7
note_off 59
time 47
note_off 79
time 54
note_on 67
velocity 51
time 289
note_off 67
time 47
note_on 77
velocity 55
time 65
note_off 77
time 58
note_on 76
velocity 54
time 39
note_off 76
time 42
note_on 74
velocity 54
time 42
note_off 74
time 43
note_on 64
velocity 51
time 30
note_on 72
velocity 48
time 20
note_off 64
time 21
note_off 72
time 114
note_on 57
velocity 46
time 250
note_off 57
time 35
note_on 77
velocity 56
time 153
note_off 77
time 59
note_on 79
velocity 64
time 43
note_off 79
time 61
note_on 53
velocity 58
time 11
note_on 81
velocity 61
time 1
note_off 53
time 45
note_off 81
time 3
note_on 82
velocity 66
time 42
note_off 82
time 83
note_on 81
velocity 64
time 8
note_off 81
time 48
note_on 79
velocity 69
time 28
note_off 79
time 53
note_on 77
velocity 72
time 30
note_on 62
velocity 57
time 15
note_off 77
time 31
note_off 62
time 19
note_on 76
velocity 69
time 22
note_off 76
time 84
note_on 74
velocity 69
time 9
note_off 74
time 50
note_on 72
velocity 77
time 36
note_off 72
time 54
note_on 56
velocity 69
time 37
note_on 71
velocity 80
time 13
note_off 56
time 27
note_off 71
time 41
note_on 72
velocity 76
time 30
note_on 71
velocity 79
time 87
note_off 72
time 17
note_off 71
time 42
note_on 69
velocity 74
time 39
note_on 52
velocity 66
time 64
note_off 69
time 9
note_on 68
velocity 82
time 12
note_off 52
time 21
note_on 66
velocity 72
time 66
note_off 68
time 26
note_on 64
velocity 74
time 33
note_off 66
time 29
note_on 62
velocity 74
time 50
note_off 64
time 14
note_off 62
time 65
note_on 57
velocity 70
time 5
note_on 60
velocity 73
time 2
note_on 64
velocity 71
time 78
note_off 64
time 47
note_on 65
velocity 70
time 13
note_off 65
time 4
note_on 67
velocity 66
time 2
note_off 67
time 10
note_on 69
velocity 79
time 2
note_on 72
velocity 88
time 11
note_off 60
time 11
note_off 69
time 2
note_off 57
time 9
note_on 67
velocity 78
time 7
note_off 67
time 68
note_on 65
velocity 71
time 17
note_off 72
time 8
note_off 65
time 19
note_on 64
velocity 74
time 11
note_off 64
time 75
note_on 71
velocity 83
time 1
note_on 62
velocity 64
time 6
note_on 57
velocity 52
time 13
note_off 57
time 2
note_on 59
velocity 71
time 5
note_off 62
time 12
note_on 60
velocity 67
time 13
note_off 59
time 3
note_off 60
time 7
note_on 62
velocity 73
time 34
note_on 65
velocity 72
time 44
note_off 62
time 20
note_on 60
velocity 67
time 22
note_off 65
time 11
note_on 59
velocity 78
time 60
note_off 60
time 0
note_off 59
time 52
note_on 57
velocity 77
time 55
note_off 57
time 86
note_on 59
velocity 75
time 8
note_on 56
velocity 73
time 9
note_off 59
time 29
note_off 56
time 32
note_on 57
velocity 64
time 41
note_off 57
time 45
note_on 56
velocity 76
time 12
note_on 54
velocity 74
time 105
note_off 56
time 3
note_off 54
time 85
note_on 62
velocity 77
time 3
note_on 52
velocity 78
time 15
note_off 62
time 28
note_off 52
time 44
note_on 50
velocity 76
time 43
note_on 48
velocity 73
time 72
note_off 50
time 30
note_on 47
velocity 70
time 73
note_off 48
time 38
note_on 45
velocity 73
time 72
note_on 60
velocity 91
time 1
note_off 47
time 29
note_off 45
time 156
note_on 64
velocity 66
time 16
note_off 71
time 13
note_off 64
time 46
note_on 69
velocity 69
time 6
note_on 57
velocity 69
time 19
note_off 69
time 15
note_off 57
time 66
note_on 55
velocity 75
time 30
note_on 53
velocity 68
time 82
note_off 55
time 7
note_on 52
velocity 66
time 44
note_off 53
time 18
note_on 50
velocity 80
time 76
note_on 65
velocity 89
time 11
note_off 52
time 34
note_off 60
time 5
note_off 50
time 27
note_on 57
velocity 73
time 15
note_off 57
time 50
note_on 53
velocity 65
time 134
note_on 62
velocity 74
time 16
note_off 53
time 48
note_off 62
time 2
note_on 52
velocity 76
time 30
note_on 50
velocity 71
time 92
note_off 52
time 9
note_on 48
velocity 63
time 63
note_off 50
time 19
note_off 65
time 27
note_on 47
velocity 73
time 15
note_off 48
time 12
note_on 56
velocity 92
time 13
note_on 58
velocity 36
time 57
note_off 47
time 5
note_on 48
velocity 70
time 8
note_off 58
time 1
note_off 48
time 7
note_on 50
velocity 75
time 10
note_off 56
time 45
note_on 77
velocity 79
time 26
note_off 77
time 36
note_off 50
time 7
note_on 48
velocity 52
time 20
note_off 48
time 100
note_on 47
velocity 54
time 1
note_off 47
time 53
note_on 45
velocity 55
time 23
note_off 45
time 65
note_on 44
velocity 60
time 38
note_on 71
velocity 70
time 13
note_off 71
time 39
note_off 44
time 6
note_on 45
velocity 55
time 26
note_off 45
time 59
note_on 47
velocity 51
time 43
note_on 74
velocity 59
time 229
note_off 74
time 42
note_off 47
time 19
note_on 45
velocity 54
time 27
note_on 44
velocity 58
time 76
note_off 45
time 0
note_on 42
velocity 55
time 63
note_off 44
time 32
note_off 42
time 86
note_on 40
velocity 51
time 8
note_on 68
velocity 63
time 15
note_on 62
velocity 66
time 393
note_off 62
time 53
note_on 42
velocity 49
time 146
note_off 40
time 30
note_off 42
time 58
note_on 44
velocity 52
time 13
note_off 44
time 71
note_on 71
velocity 67
time 28
note_on 59
velocity 52
time 8
note_on 45
velocity 46
time 1
note_off 68
time 20
note_off 45
time 53
note_on 44
velocity 53
time 32
note_off 44
time 55
note_on 45
velocity 51
time 40
note_off 45
time 47
note_on 44
velocity 57
time 33
note_off 44
time 50
note_on 45
velocity 53
time 39
note_on 64
velocity 50
time 14
note_off 59
time 5
note_off 45
time 34
note_on 44
velocity 56
time 27
note_off 64
time 18
note_off 44
time 46
note_on 42
velocity 52
time 36
note_off 42
time 66
note_on 44
velocity 50
time 37
note_off 44
time 65
note_off 71
time 5
note_on 60
velocity 52
time 45
note_on 45
velocity 38
time 8
note_off 60
time 15
note_on 76
velocity 52
time 167
note_off 76
time 6
note_on 74
velocity 53
time 7
note_off 45
time 0
note_on 72
velocity 56
time 11
note_off 74
time 0
note_on 47
velocity 34
time 1
note_off 72
time 13
note_off 47
time 4
note_on 71
velocity 63
time 13
note_on 48
velocity 44
time 6
note_off 71
time 12
note_off 48
time 5
note_on 69
velocity 68
time 7
note_on 50
velocity 62
time 1
note_off 50
time 18
note_on 49
velocity 59
time 12
note_off 49
time 13
note_on 50
velocity 56
time 7
note_on 73
velocity 70
time 5
note_off 50
time 16
note_off 69
time 23
note_on 49
velocity 66
time 3
note_on 76
velocity 74
time 14
note_off 49
time 37
note_off 73
time 14
note_on 50
velocity 59
time 9
note_on 79
velocity 80
time 12
note_off 76
time 9
note_off 50
time 2
note_on 49
velocity 62
time 0
note_off 49
time 6
note_on 47
velocity 48
time 4
note_off 47
time 7
note_on 49
velocity 49
time 40
note_off 49
time 54
note_on 50
velocity 44
time 55
note_off 79
time 3
note_on 77
velocity 54
time 2
note_off 77
time 10
note_on 69
velocity 49
time 5
note_off 69
time 16
note_on 67
velocity 50
time 11
note_off 50
time 10
note_off 67
time 8
note_on 65
velocity 49
time 9
note_on 52
velocity 44
time 1
note_off 65
time 7
note_on 64
velocity 62
time 10
note_off 52
time 8
note_on 53
velocity 49
time 8
note_off 64
time 16
note_off 53
time 9
note_on 62
velocity 55
time 18
note_on 55
velocity 60
time 10
note_off 55
time 5
note_on 54
velocity 55
time 3
note_off 54
time 59
note_off 62
time 5
note_on 66
velocity 54
time 13
note_on 55
velocity 46
time 28
note_off 66
time 35
note_off 55
time 1
note_on 69
velocity 65
time 15
note_on 54
velocity 57
time 16
note_off 54
time 43
note_on 55
velocity 61
time 28
note_off 69
time 0
note_on 72
velocity 64
time 16
note_off 55
time 32
note_on 54
velocity 61
time 34
note_off 54
time 7
note_on 52
velocity 59
time 0
note_off 52
time 26
note_on 54
velocity 58
time 32
note_off 72
time 26
note_off 54
time 7
note_on 55
velocity 50
time 42
note_on 71
velocity 54
time 3
note_on 74
velocity 64
time 37
note_off 71
time 9
note_on 72
velocity 72
time 6
note_off 74
time 13
note_on 71
velocity 82
time 10
note_off 72
time 8
note_off 55
time 66
note_on 72
velocity 72
time 0
note_on 57
velocity 55
time 20
note_off 71
time 21
note_off 57
time 37
note_on 74
velocity 80
time 3
note_off 72
time 13
note_on 59
velocity 52
time 27
note_off 59
time 37
note_off 74
time 16
note_on 67
velocity 70
time 4
note_on 60
velocity 60
time 3
note_off 60
time 50
note_on 59
velocity 71
time 17
note_off 59
time 61
note_on 60
velocity 56
time 44
note_off 60
time 46
note_on 59
velocity 62
time 17
note_off 59
time 56
note_on 60
velocity 56
time 12
note_on 77
velocity 82
time 4
note_off 60
time 10
note_on 59
velocity 67
time 18
note_off 67
time 10
note_off 59
time 14
note_on 57
velocity 71
time 23
note_off 57
time 8
note_on 59
velocity 67
time 17
note_off 59
time 61
note_on 60
velocity 58
time 45
note_on 76
velocity 75
time 35
note_off 77
time 16
note_off 76
time 16
note_on 67
velocity 74
time 2
note_off 67
time 8
note_on 65
velocity 78
time 14
note_on 64
velocity 77
time 45
note_off 65
time 1
note_off 64
time 177
note_off 60
time 21
note_on 65
velocity 70
time 6
note_on 62
velocity 57
time 1
note_off 62
time 61
note_on 67
velocity 74
time 15
note_off 65
time 5
note_on 64
velocity 62
time 15
note_off 64
time 39
note_on 65
velocity 62
time 32
note_on 60
velocity 67
time 14
note_on 64
velocity 51
time 92
note_off 65
time 19
note_off 64
time 102
note_on 65
velocity 53
time 29
note_off 65
time 37
note_on 64
velocity 62
time 15
note_off 60
time 12
note_off 64
time 55
note_on 70
velocity 75
time 12
note_on 65
velocity 69
time 4
note_off 67
time 27
note_off 65
time 19
note_on 64
velocity 72
time 52
note_off 64
time 64
note_on 62
velocity 70
time 20
note_off 62
time 81
note_on 64
velocity 76
time 8
note_off 70
time 20
note_off 64
time 41
note_on 69
velocity 77
time 5
note_on 65
velocity 81
time 11
note_off 69
time 213
note_on 71
velocity 79
time 3
note_off 71
time 66
note_on 73
velocity 81
time 9
note_off 73
time 31
note_on 74
velocity 86
time 47
note_off 65
time 191
note_on 67
velocity 64
time 6
note_on 69
velocity 77
time 90
note_off 67
time 3
note_off 69
time 64
note_on 71
velocity 71
time 21
note_on 81
velocity 104
time 2
note_off 71
time 75
note_on 69
velocity 71
time 16
note_off 69
time 51
note_on 71
velocity 64
time 43
note_off 71
time 51
note_on 69
velocity 65
time 29
note_off 69
time 60
note_on 73
velocity 73
time 22
note_on 71
velocity 72
time 14
note_off 74
time 4
note_off 71
time 51
note_on 69
velocity 74
time 37
note_off 69
time 84
note_on 67
velocity 68
time 18
note_on 69
velocity 82
time 100
note_off 67
time 23
note_off 81
time 8
note_off 73
time 12
note_off 69
time 30
note_on 77
velocity 92
time 1
note_on 74
velocity 77
time 14
note_on 70
velocity 70
time 1
note_off 70
time 9
note_on 58
velocity 49
time 77
note_off 77
time 29
note_on 60
velocity 68
time 12
note_off 58
time 11
note_off 60
time 7
note_on 62
velocity 72
time 1
note_off 62
time 15
note_on 60
velocity 74
time 9
note_on 58
velocity 72
time 69
note_off 60
time 4
note_off 58
time 2
note_on 57
velocity 80
time 16
note_on 82
velocity 101
time 39
note_off 57
time 15
note_on 55
velocity 73
time 36
note_off 74
time 16
note_off 55
time 36
note_on 53
velocity 72
time 13
note_off 53
time 95
note_on 55
velocity 73
time 14
note_off 55
time 34
note_on 57
velocity 73
time 44
note_off 57
time 64
note_on 58
velocity 76
time 27
note_off 58
time 55
note_on 57
velocity 79
time 30
note_off 82
time 3
note_off 57
time 37
note_on 55
velocity 72
time 53
note_on 53
velocity 73
time 85
note_off 55
time 9
note_on 52
velocity 71
time 67
note_off 53
time 3
note_on 73
velocity 93
time 40
note_on 53
velocity 75
time 45
note_off 52
time 9
note_off 53
time 66
note_on 55
velocity 69
time 17
note_on 70
velocity 74
time 271
note_off 70
time 46
note_off 55
time 29
note_on 53
velocity 58
time 26
note_off 53
time 69
note_on 52
velocity 55
time 14
note_off 52
time 63
note_on 50
velocity 61
time 22
note_off 50
time 83
note_on 64
velocity 64
time 23
note_on 49
velocity 66
time 1
note_off 64
time 34
note_off 73
time 8
note_off 49
time 10
note_on 50
velocity 59
time 42
note_off 50
time 52
note_on 52
velocity 53
time 36
note_on 67
velocity 64
time 187
note_off 67
time 43
note_off 52
time 47
note_on 50
velocity 56
time 16
note_on 49
velocity 63
time 61
note_off 50
time 9
note_off 49
time 69
note_on 47
velocity 54
time 14
note_off 47
time 88
note_on 61
velocity 69
time 25
note_on 45
velocity 51
time 3
note_off 61
time 10
note_on 79
velocity 75
time 27
note_on 76
velocity 67
time 4
note_off 79
time 33
note_off 76
time 1
note_off 45
time 113
note_on 47
velocity 53
time 19
note_off 47
time 66
note_on 49
velocity 60
time 29
note_off 49
time 59
note_on 50
velocity 58
time 32
note_on 76
velocity 75
time 28
note_on 69
velocity 70
time 6
note_off 50
time 36
note_off 76
time 8
note_on 49
velocity 65
time 9
note_off 69
time 20
note_off 49
time 51
note_on 69
velocity 54
time 36
note_on 50
velocity 62
time 1
note_off 50
time 81
note_on 49
velocity 62
time 39
note_off 49
time 55
note_on 81
velocity 78
time 26
note_on 50
velocity 61
time 16
note_off 81
time 14
note_off 50
time 46
note_on 49
velocity 66
time 26
note_off 49
time 88
note_on 47
velocity 63
time 16
note_on 49
velocity 68
time 85
note_off 47
time 10
note_off 49
time 58
note_on 77
velocity 74
time 11
note_on 50
velocity 57
time 18
note_off 50
time 33
note_on 52
velocity 70
time 43
note_off 52
time 82
note_off 69
time 13
note_on 53
velocity 74
time 7
note_off 77
time 36
note_on 74
velocity 63
time 179
note_on 69
velocity 45
time 13
note_off 74
time 31
note_off 69
time 12
note_off 53
time 4
note_on 52
velocity 56
time 20
note_on 50
velocity 62
time 80
note_off 52
time 7
note_on 48
velocity 44
time 93
note_off 50
time 0
note_off 48
time 58
note_on 47
velocity 57
time 8
note_on 62
velocity 53
time 43
note_off 47
time 42
note_off 62
time 11
note_on 48
velocity 61
time 13
note_off 48
time 58
note_on 50
velocity 56
time 42
note_on 65
velocity 61
time 219
note_off 65
time 48
note_off 50
time 10
note_on 48
velocity 45
time 21
note_off 48
time 87
note_on 47
velocity 55
time 14
note_off 47
time 67
note_on 45
velocity 50
time 8
note_off 45
time 76
note_on 59
velocity 56
time 30
note_on 43
velocity 50
time 3
note_off 59
time 69
note_on 74
velocity 53
time 9
note_on 77
velocity 58
time 5
note_off 74
time 26
note_off 77
time 16
note_off 43
time 123
note_on 45
velocity 52
time 11
note_off 45
time 71
note_on 47
velocity 53
time 33
note_off 47
time 55
note_on 67
velocity 54
time 28
note_on 48
velocity 51
time 3
note_on 74
velocity 57
time 2
note_off 74
time 44
note_off 48
time 11
note_on 47
velocity 57
time 32
note_off 67
time 30
note_off 47
time 17
note_on 67
velocity 6
time 36
note_on 48
velocity 46
time 13
note_off 48
time 43
note_on 47
velocity 59
time 19
note_off 47
time 68
note_on 48
velocity 50
time 42
note_on 79
velocity 69
time 12
note_off 79
time 41
note_off 48
time 4
note_on 47
velocity 55
time 43
note_off 47
time 52
note_on 45
velocity 43
time 56
note_off 45
time 59
note_on 47
velocity 52
time 15
note_off 47
time 67
note_on 76
velocity 65
time 33
note_on 48
velocity 48
time 16
note_off 67
time 62
note_off 76
time 0
note_off 48
time 16
note_on 72
velocity 65
time 317
note_off 72
time 45
note_on 60
velocity 54
time 76
note_off 60
time 53
note_on 62
velocity 27
time 71
note_on 64
velocity 64
time 25
note_off 62
time 22
note_off 64
time 27
note_on 69
velocity 66
time 32
note_on 65
velocity 52
time 15
note_off 69
time 43
note_off 65
time 64
note_on 77
velocity 70
time 294
note_off 77
time 50
note_on 64
velocity 52
time 42
note_off 64
time 44
note_on 62
velocity 63
time 40
note_off 62
time 72
note_on 60
velocity 69
time 12
note_off 60
time 62
note_on 59
velocity 70
time 28
note_on 74
velocity 73
time 9
note_off 74
time 80
note_off 59
time 14
note_on 71
velocity 82
time 307
note_on 62
velocity 75
time 3
note_off 62
time 44
note_off 71
time 16
note_on 47
velocity 78
time 30
note_on 48
velocity 81
time 95
note_off 47
time 3
note_off 48
time 61
note_on 50
velocity 81
time 17
note_off 50
time 59
note_on 52
velocity 85
time 16
note_on 68
velocity 88
time 6
note_on 59
velocity 82
time 3
note_off 59
time 66
note_off 68
time 2
note_off 52
time 12
note_on 76
velocity 81
time 272
note_on 68
velocity 87
time 9
note_on 50
velocity 78
time 103
note_off 68
time 8
note_off 76
time 2
note_off 50
time 78
note_on 48
velocity 77
time 7
note_on 47
velocity 77
time 75
note_off 48
time 26
note_on 45
velocity 70
time 95
note_on 72
velocity 78
time 3
note_off 47
time 9
note_on 69
velocity 78
time 0
note_on 47
velocity 64
time 219
note_off 45
time 45
note_on 48
velocity 64
time 58
note_off 47
time 15
note_off 48
time 34
note_on 50
velocity 74
time 1
note_off 50
time 42
note_on 52
velocity 79
time 32
note_off 69
time 39
note_off 52
time 53
note_on 54
velocity 75
time 10
note_on 56
velocity 78
time 97
note_off 54
time 34
note_off 56
time 53
note_on 57
velocity 78
time 1
note_on 71
velocity 71
time 27
note_on 69
velocity 76
time 8
note_off 71
time 1
note_on 67
velocity 75
time 1
note_off 69
time 5
note_off 67
time 9
note_on 65
velocity 73
time 4
note_on 64
velocity 74
time 60
note_off 65
time 0
note_on 62
velocity 79
time 66
note_off 64
time 5
note_off 57
time 3
note_off 72
time 8
note_off 62
time 5
note_on 60
velocity 80
time 4
note_off 60
time 14
note_on 62
velocity 90
time 11
note_on 71
velocity 78
time 108
note_off 71
time 86
note_on 72
velocity 79
time 12
note_off 62
time 69
note_on 74
velocity 77
time 14
note_off 72
time 17
note_off 74
time 38
note_on 56
velocity 81
time 9
note_on 59
velocity 79
time 13
note_on 76
velocity 95
time 0
note_off 59
time 33
note_off 56
time 23
note_on 78
velocity 83
time 44
note_off 76
time 16
note_on 57
velocity 78
time 65
note_on 80
velocity 78
time 8
note_on 54
velocity 67
time 4
note_off 78
time 30
note_off 57
time 39
note_off 54
time 16
note_on 81
velocity 78
time 9
note_off 80
time 3
note_on 52
velocity 80
time 85
note_on 56
velocity 89
time 1
note_on 83
velocity 82
time 2
note_off 81
time 1
note_on 81
velocity 83
time 112
note_off 52
time 54
note_on 80
velocity 81
time 28
note_off 83
time 12
note_off 81
time 12
note_on 78
velocity 79
time 57
note_off 80
time 51
note_on 76
velocity 83
time 18
note_on 50
velocity 80
time 4
note_off 78
time 6
note_off 50
time 45
note_off 76
time 1
note_on 74
velocity 82
time 39
note_off 74
time 95
note_on 72
velocity 84
time 1
note_on 71
velocity 81
time 108
note_off 72
time 4
note_on 48
velocity 85
time 86
note_on 57
velocity 84
time 0
note_off 56
time 26
note_on 76
velocity 79
time 15
note_off 71
time 1
note_on 74
velocity 75
time 118
note_off 76
time 32
note_on 72
velocity 78
time 9
note_off 74
time 1
note_on 71
velocity 80
time 31
note_off 72
time 15
note_off 71
time 25
note_on 69
velocity 83
time 5
note_off 69
time 54
note_on 67
velocity 78
time 26
note_off 57
time 15
note_off 67
time 9
note_on 65
velocity 78
time 1
note_off 48
time 1
note_off 65
time 9
note_on 64
velocity 77
time 1
note_off 64
time 22
note_on 53
velocity 90
time 8
note_on 69
velocity 88
time 38
note_on 67
velocity 74
time 100
note_off 69
time 22
note_on 65
velocity 72
time 59
note_off 67
time 14
note_on 64
velocity 77
time 66
note_off 65
time 4
note_on 62
velocity 81
time 81
note_off 64
time 2
note_off 62
time 55
note_on 60
velocity 85
time 40
note_off 60
time 71
note_on 59
velocity 86
time 18
note_off 59
time 88
note_on 57
velocity 78
time 7
note_off 53
time 10
note_off 57
time 120
note_on 44
velocity 89
time 2
note_on 65
velocity 80
time 26
note_on 64
velocity 75
time 119
note_off 65
time 42
note_on 62
velocity 72
time 44
note_off 64
time 52
note_on 60
velocity 69
time 37
note_off 62
time 38
note_off 60
time 38
note_on 59
velocity 77
time 9
note_off 59
time 35
note_on 57
velocity 80
time 55
note_off 57
time 68
note_on 56
velocity 80
time 14
note_off 56
time 80
note_on 54
velocity 78
time 14
note_off 54
time 52
note_on 62
velocity 75
time 44
note_off 44
time 8
note_on 60
velocity 71
time 84
note_off 62
time 26
note_on 59
velocity 74
time 46
note_off 60
time 18
note_off 59
time 50
note_on 57
velocity 71
time 27
note_off 57
time 77
note_on 56
velocity 72
time 8
note_on 54
velocity 70
time 83
note_off 56
time 6
note_off 54
time 55
note_on 52
velocity 79
time 18
note_off 52
time 87
note_on 51
velocity 77
time 6
note_off 51
time 33
note_on 52
velocity 81
time 52
note_off 52
time 245
note_on 50
velocity 89
time 141
note_off 50
time 43
note_on 64
velocity 69
time 46
note_off 64
time 67
note_on 66
velocity 72
time 10
note_on 68
velocity 77
time 90
note_off 66
time 48
note_off 68
time 54
note_on 47
velocity 89
time 8
note_on 69
velocity 86
time 0
note_off 47
time 67
note_off 69
time 28
note_on 68
velocity 75
time 15
note_off 68
time 37
note_on 69
velocity 76
time 39
note_off 69
time 70
note_on 68
velocity 77
time 6
note_off 68
time 48
note_on 69
velocity 72
time 34
note_on 52
velocity 88
time 38
note_on 68
velocity 73
time 34
note_off 52
time 15
note_off 68
time 25
note_off 69
time 23
note_on 66
velocity 67
time 46
note_on 68
velocity 72
time 127
note_off 66
time 43
note_on 48
velocity 79
time 59
note_on 69
velocity 90
time 7
note_off 68
time 17
note_off 48
time 5
note_on 45
velocity 79
time 25
note_on 59
velocity 77
time 12
note_off 45
time 32
note_on 60
velocity 78
time 13
note_off 59
time 59
note_on 62
velocity 69
time 9
note_off 60
time 7
note_off 62
time 6
note_on 40
velocity 84
time 8
note_on 62
velocity 80
time 1
note_off 62
time 94
note_on 61
velocity 69
time 22
note_off 61
time 9
note_on 62
velocity 67
time 15
note_off 62
time 9
note_off 40
time 3
note_on 61
velocity 69
time 9
note_off 61
time 6
note_on 62
velocity 54
time 13
note_off 62
time 44
note_on 43
velocity 78
time 2
note_on 61
velocity 71
time 2
note_off 61
time 10
note_on 62
velocity 76
time 5
note_on 61
velocity 82
time 84
note_off 62
time 2
note_off 69
time 51
note_off 61
time 5
note_on 59
velocity 77
time 1
note_off 59
time 0
note_on 61
velocity 82
time 7
note_off 61
time 62
note_off 43
time 9
note_on 62
velocity 83
time 25
note_on 41
velocity 73
time 1
note_on 40
velocity 79
time 122
note_off 41
time 13
note_on 38
velocity 89
time 105
note_off 40
time 14
note_on 71
velocity 86
time 230
note_on 65
velocity 78
time 5
note_off 62
time 27
note_off 65
time 15
note_on 40
velocity 72
time 8
note_off 38
time 5
note_on 41
velocity 84
time 5
note_off 40
time 1
note_on 64
velocity 80
time 9
note_on 38
velocity 82
time 0
note_on 56
velocity 81
time 2
note_off 41
time 1
note_off 71
time 11
note_off 38
time 9
note_on 40
velocity 67
time 3
note_off 40
time 13
note_off 56
time 5
note_on 41
velocity 71
time 5
note_off 41
time 10
note_on 40
velocity 75
time 21
note_off 40
time 66
note_on 41
velocity 75
time 13
note_off 41
time 68
note_on 40
velocity 71
time 19
note_off 40
time 36
note_on 41
velocity 73
time 7
note_on 68
velocity 89
time 12
note_on 59
velocity 74
time 3
note_off 41
time 11
note_on 40
velocity 75
time 8
note_off 64
time 30
note_off 40
time 29
note_on 41
velocity 62
time 16
note_off 41
time 80
note_on 40
velocity 82
time 7
note_on 38
velocity 93
time 1
note_off 40
time 23
note_on 40
velocity 85
time 26
note_off 59
time 25
note_off 38
time 6
note_off 40
time 2
note_on 33
velocity 76
time 5
note_off 68
time 1
note_on 45
velocity 81
time 18
note_on 61
velocity 73
time 4
note_on 64
velocity 72
time 56
note_on 69
velocity 75
time 85
note_on 68
velocity 80
time 89
note_off 69
time 9
note_on 69
velocity 91
time 71
note_off 68
time 20
note_off 33
time 89
note_off 69
time 9
note_off 45
time 27
note_off 61
time 2
note_off 64
time 17
