note_on 90
velocity 94
time 388
note_on 66
velocity 96
time 2
note_on 58
velocity 82
time 6
note_on 61
velocity 80
time 0
note_on 54
velocity 67
time 12
note_off 54
time 38
note_off 66
time 3
note_off 61
time 5
note_off 58
time 10
note_on 94
velocity 96
time 11
note_off 90
time 19
note_on 85
velocity 91
time 63
note_off 94
time 26
note_on 63
velocity 81
time 13
note_on 59
velocity 69
time 2
note_on 66
velocity 85
time 1
note_off 85
time 1
note_on 54
velocity 49
time 2
note_on 90
velocity 86
time 1
note_off 59
time 53
note_off 54
time 6
note_off 63
time 4
note_off 66
time 6
note_on 87
velocity 86
time 3
note_off 90
time 1
note_on 90
velocity 90
time 86
note_off 87
time 14
note_off 90
time 54
note_on 85
velocity 81
time 6
note_on 66
velocity 92
time 3
note_on 61
velocity 89
time 3
note_on 58
velocity 62
time 4
note_on 54
velocity 78
time 3
note_off 66
time 19
note_off 58
time 2
note_off 61
time 0
note_off 54
time 13
note_on 90
velocity 86
time 12
note_off 85
time 23
note_on 82
velocity 76
time 52
note_off 90
time 41
note_off 82
time 33
note_on 85
velocity 76
time 11
note_off 85
time 68
note_on 78
velocity 67
time 9
note_off 78
time 42
note_on 82
velocity 77
time 16
note_off 82
time 8
note_on 54
velocity 69
time 7
note_on 42
velocity 61
time 2
note_on 78
velocity 67
time 5
note_off 54
time 5
note_off 42
time 1
note_off 78
time 29
note_on 82
velocity 49
time 64
note_off 82
time 43
note_on 73
velocity 65
time 15
note_off 73
time 48
note_on 59
velocity 63
time 19
note_on 78
velocity 64
time 1
note_on 66
velocity 51
time 14
note_on 63
velocity 33
time 12
note_off 66
time 18
note_off 59
time 8
note_off 78
time 5
note_off 63
time 8
note_on 75
velocity 68
time 15
note_off 75
time 59
note_on 78
velocity 69
time 18
note_off 78
time 50
note_on 66
velocity 45
time 20
note_on 73
velocity 60
time 0
note_on 61
velocity 51
time 2
note_on 58
velocity 48
time 8
note_off 66
time 7
note_off 73
time 5
note_off 61
time 1
note_off 58
time 3
note_on 78
velocity 48
time 4
note_off 78
time 20
note_on 70
velocity 69
time 6
note_off 70
time 57
note_on 73
velocity 63
time 2
note_on 66
velocity 67
time 2
note_off 73
time 0
note_off 66
time 16
note_on 70
velocity 73
time 21
note_off 70
time 15
note_on 49
velocity 62
time 2
note_on 37
velocity 54
time 2
note_on 61
velocity 59
time 0
note_off 37
time 1
note_off 49
time 1
note_off 61
time 1
note_on 73
velocity 58
time 9
note_off 73
time 2
note_on 68
velocity 76
time 28
note_off 68
time 56
note_on 65
velocity 61
time 19
note_on 73
velocity 56
time 10
note_on 61
velocity 35
time 6
note_on 56
velocity 32
time 16
note_off 65
time 3
note_off 73
time 8
note_off 56
time 39
note_on 68
velocity 77
time 4
note_off 61
time 16
note_off 68
time 26
note_on 80
velocity 80
time 40
note_off 80
time 34
note_on 59
velocity 59
time 28
note_on 68
velocity 70
time 13
note_on 63
velocity 53
time 4
note_on 56
velocity 37
time 10
note_off 59
time 23
note_off 63
time 4
note_off 68
time 3
note_on 80
velocity 79
time 18
note_off 56
time 6
note_off 80
time 11
note_on 75
velocity 81
time 16
note_on 80
velocity 78
time 19
note_off 75
time 1
note_on 44
velocity 62
time 12
note_off 80
time 1
note_off 44
time 14
note_on 75
velocity 70
time 13
note_off 75
time 11
note_on 87
velocity 88
time 2
note_off 87
time 27
note_on 75
velocity 82
time 15
note_on 49
velocity 76
time 5
note_off 49
time 42
note_off 75
time 13
note_on 87
velocity 86
time 3
note_on 80
velocity 85
time 17
note_off 87
time 0
note_off 80
time 43
note_on 87
velocity 87
time 8
note_on 63
velocity 66
time 7
note_on 56
velocity 54
time 17
note_on 59
velocity 53
time 1
note_off 87
time 14
note_off 63
time 4
note_off 56
time 6
note_on 80
velocity 90
time 11
note_off 59
time 3
note_off 80
time 0
note_on 92
velocity 95
time 16
note_off 92
time 65
note_on 59
velocity 77
time 5
note_on 61
velocity 77
time 2
note_on 56
velocity 63
time 7
note_on 80
velocity 93
time 6
note_off 56
time 5
note_off 61
time 9
note_off 59
time 2
note_off 80
time 9
note_on 92
velocity 96
time 13
note_off 92
time 55
note_on 87
velocity 87
time 1
note_on 92
velocity 80
time 69
note_off 87
time 3
note_off 92
time 30
note_on 85
velocity 78
time 39
note_off 85
time 43
note_on 97
velocity 97
time 33
note_off 97
time 17
note_on 66
velocity 100
time 19
note_on 58
velocity 81
time 5
note_on 61
velocity 87
time 2
note_on 90
velocity 102
time 8
note_on 54
velocity 68
time 3
note_off 54
time 11
note_off 66
time 1
note_off 58
time 3
note_off 61
time 0
note_off 90
time 15
note_on 94
velocity 95
time 1
note_on 95
velocity 47
time 44
note_on 96
velocity 45
time 17
note_off 95
time 11
note_on 85
velocity 79
time 7
note_off 94
time 7
note_off 96
time 6
note_on 59
velocity 66
time 46
note_on 63
velocity 81
time 7
note_on 66
velocity 86
time 0
note_on 90
velocity 93
time 8
note_on 54
velocity 62
time 10
note_off 85
time 1
note_off 66
time 1
note_off 59
time 5
note_off 63
time 7
note_on 87
velocity 87
time 5
note_off 90
time 4
note_off 54
time 10
note_on 90
velocity 93
time 63
note_off 87
time 12
note_on 66
velocity 97
time 15
note_off 90
time 0
note_on 85
velocity 84
time 3
note_on 61
velocity 90
time 1
note_on 54
velocity 76
time 3
note_on 58
velocity 76
time 3
note_off 66
time 5
note_off 61
time 8
note_off 58
time 11
note_off 54
time 10
note_on 90
velocity 91
time 1
note_off 85
time 3
note_on 82
velocity 84
time 70
note_off 90
time 4
note_off 82
time 70
note_on 85
velocity 80
time 6
note_off 85
time 67
note_on 78
velocity 74
time 8
note_off 78
time 56
note_on 82
velocity 82
time 13
note_off 82
time 37
note_on 42
velocity 67
time 4
note_on 54
velocity 67
time 10
note_off 42
time 16
note_on 78
velocity 72
time 3
note_off 54
time 13
note_off 78
time 17
note_on 82
velocity 29
time 62
note_off 82
time 43
note_on 73
velocity 72
time 4
note_off 73
time 50
note_on 78
velocity 48
time 18
note_on 59
velocity 50
time 7
note_on 63
velocity 33
time 13
note_on 66
velocity 45
time 7
note_off 59
time 27
note_off 66
time 7
note_off 63
time 1
note_off 78
time 3
note_on 75
velocity 73
time 21
note_off 75
time 60
note_on 78
velocity 58
time 27
note_off 78
time 39
note_on 73
velocity 60
time 17
note_on 66
velocity 19
time 8
note_on 61
velocity 34
time 4
note_on 58
velocity 37
time 5
note_off 73
time 1
note_on 78
velocity 56
time 1
note_off 66
time 14
note_off 78
time 32
note_off 61
time 3
note_on 70
velocity 68
time 13
note_off 58
time 1
note_off 70
time 70
note_on 73
velocity 63
time 6
note_off 73
time 1
note_on 66
velocity 70
time 2
note_off 66
time 13
note_on 70
velocity 71
time 8
note_off 70
time 39
note_on 47
velocity 60
time 36
note_on 63
velocity 68
time 14
note_off 47
time 22
note_off 63
time 34
note_on 75
velocity 66
time 17
note_off 75
time 0
note_on 68
velocity 72
time 16
note_off 68
time 6
note_on 63
velocity 53
time 12
note_on 56
velocity 57
time 9
note_on 75
velocity 64
time 1
note_off 75
time 1
note_on 68
velocity 82
time 42
note_off 56
time 22
note_off 63
time 7
note_off 68
time 33
note_on 80
velocity 85
time 15
note_off 80
time 70
note_on 75
velocity 81
time 11
note_off 75
time 64
note_on 80
velocity 72
time 6
note_off 80
time 43
note_on 75
velocity 79
time 53
note_on 47
velocity 58
time 33
note_off 75
time 8
note_on 87
velocity 80
time 10
note_off 47
time 1
note_off 87
time 14
note_on 80
velocity 78
time 14
note_on 46
velocity 61
time 22
note_off 80
time 2
note_on 92
velocity 79
time 37
note_off 46
time 18
note_on 53
velocity 59
time 7
note_off 92
time 10
note_off 53
time 5
note_on 62
velocity 50
time 8
note_on 82
velocity 76
time 5
note_off 62
time 7
note_off 82
time 16
note_on 94
velocity 78
time 45
note_on 58
velocity 43
time 79
note_off 94
time 8
note_on 82
velocity 71
time 42
note_on 65
velocity 56
time 4
note_off 58
time 25
note_off 82
time 13
note_on 94
velocity 67
time 53
note_off 65
time 18
note_on 74
velocity 56
time 9
note_off 94
time 51
note_off 74
time 17
note_on 82
velocity 68
time 13
note_off 82
time 51
note_on 94
velocity 73
time 48
note_off 94
time 79
note_on 82
velocity 59
time 26
note_off 82
time 82
note_on 94
velocity 73
time 38
note_off 94
time 77
note_on 82
velocity 70
time 38
note_off 82
time 70
note_on 94
velocity 67
time 50
note_off 94
time 79
note_on 82
velocity 61
time 46
note_off 82
time 104
note_on 94
velocity 58
time 32
note_off 94
time 95
note_on 66
velocity 89
time 16
note_on 61
velocity 83
time 6
note_on 90
velocity 98
time 0
note_on 58
velocity 77
time 1
note_on 54
velocity 54
time 21
note_off 54
time 0
note_off 66
time 7
note_off 61
time 2
note_off 58
time 2
note_on 94
velocity 98
time 2
note_off 90
time 19
note_on 85
velocity 91
time 60
note_off 94
time 21
note_on 59
velocity 57
time 46
note_on 63
velocity 78
time 9
note_on 66
velocity 87
time 0
note_off 85
time 0
note_on 90
velocity 87
time 3
note_on 54
velocity 44
time 1
note_off 66
time 11
note_off 54
time 14
note_on 87
velocity 91
time 0
note_off 59
time 7
note_off 63
time 1
note_off 90
time 1
note_on 90
velocity 91
time 81
note_off 87
time 11
note_on 85
velocity 84
time 64
note_off 90
time 0
note_on 66
velocity 101
time 2
note_on 61
velocity 88
time 2
note_on 54
velocity 70
time 6
note_on 58
velocity 82
time 0
note_off 66
time 3
note_off 61
time 8
note_off 58
time 2
note_off 54
time 9
note_off 85
time 9
note_on 90
velocity 88
time 0
note_off 90
time 68
note_on 82
velocity 89
time 1
note_off 82
time 78
note_on 85
velocity 76
time 11
note_on 78
velocity 76
time 63
note_off 85
time 2
note_off 78
time 56
note_on 82
velocity 80
time 18
note_off 82
time 3
note_on 42
velocity 40
time 6
note_on 54
velocity 63
time 2
note_on 78
velocity 72
time 19
note_off 54
time 7
note_off 42
time 25
note_off 78
time 0
note_on 82
velocity 35
time 70
note_on 73
velocity 73
time 37
note_off 82
time 7
note_off 73
time 41
note_on 78
velocity 52
time 17
note_on 66
velocity 57
time 23
note_on 59
velocity 44
time 20
note_off 66
time 17
note_off 78
time 15
note_off 59
time 4
note_on 75
velocity 74
time 7
note_off 75
time 72
note_on 78
velocity 62
time 1
note_off 78
time 59
note_on 66
velocity 56
time 18
note_on 73
velocity 67
time 6
note_on 58
velocity 43
time 3
note_on 61
velocity 50
time 0
note_off 66
time 1
note_off 61
time 5
note_off 73
time 0
note_off 58
time 7
note_on 78
velocity 28
time 33
note_on 70
velocity 72
time 16
note_off 78
time 31
note_off 70
time 28
note_on 73
velocity 71
time 11
note_on 66
velocity 67
time 64
note_off 73
time 6
note_off 66
time 5
note_on 70
velocity 78
time 5
note_off 70
time 37
note_on 37
velocity 59
time 34
note_on 61
velocity 73
time 1
note_on 49
velocity 67
time 4
note_off 37
time 15
note_off 49
time 4
note_off 61
time 5
note_on 73
velocity 71
time 15
note_off 73
time 40
note_on 68
velocity 79
time 9
note_off 68
time 5
note_on 65
velocity 67
time 20
note_on 73
velocity 69
time 0
note_on 61
velocity 53
time 14
note_off 73
time 20
note_on 56
velocity 27
time 1
note_off 65
time 2
note_off 56
time 48
note_off 61
time 1
note_on 68
velocity 73
time 1
note_off 68
time 35
note_on 80
velocity 80
time 43
note_off 80
time 31
note_on 56
velocity 63
time 43
note_on 68
velocity 78
time 2
note_on 59
velocity 59
time 1
note_on 63
velocity 60
time 0
note_off 63
time 36
note_off 59
time 2
note_off 56
time 12
note_off 68
time 2
note_on 80
velocity 80
time 1
note_off 80
time 11
note_on 75
velocity 79
time 10
note_on 80
velocity 76
time 63
note_off 75
time 2
note_on 44
velocity 64
time 11
note_off 80
time 1
note_off 44
time 2
note_on 75
velocity 73
time 33
note_off 75
time 42
note_on 87
velocity 84
time 32
note_off 87
time 40
note_on 49
velocity 68
time 35
note_on 75
velocity 81
time 2
note_off 49
time 3
note_off 75
time 0
note_on 87
velocity 77
time 3
note_on 80
velocity 84
time 60
note_off 87
time 2
note_off 80
time 59
note_on 63
velocity 69
time 3
note_on 87
velocity 78
time 8
note_on 59
velocity 68
time 1
note_on 56
velocity 62
time 11
note_off 87
time 26
note_off 63
time 4
note_off 56
time 17
note_off 59
time 21
note_on 80
velocity 88
time 3
note_off 80
time 15
note_on 92
velocity 98
time 16
note_off 92
time 57
note_on 61
velocity 80
time 5
note_on 59
velocity 76
time 4
note_on 56
velocity 71
time 6
note_on 80
velocity 91
time 5
note_off 59
time 34
note_off 56
time 6
note_off 61
time 1
note_off 80
time 4
note_on 92
velocity 96
time 13
note_off 92
time 52
note_on 87
velocity 85
time 3
note_on 92
velocity 82
time 62
note_off 87
time 8
note_off 92
time 23
note_on 85
velocity 80
time 48
note_off 85
time 39
note_on 97
velocity 91
time 2
note_off 97
time 8
note_on 66
velocity 101
time 36
note_on 61
velocity 87
time 6
note_on 90
velocity 101
time 2
note_on 58
velocity 83
time 2
note_on 54
velocity 70
time 13
note_off 66
time 12
note_off 61
time 4
note_off 54
time 3
note_off 58
time 1
note_on 94
velocity 100
time 9
note_off 90
time 0
note_on 85
velocity 84
time 46
note_off 94
time 14
note_on 59
velocity 59
time 57
note_on 66
velocity 97
time 5
note_on 63
velocity 87
time 4
note_on 90
velocity 91
time 2
note_off 85
time 7
note_on 54
velocity 64
time 8
note_off 66
time 31
note_on 87
velocity 93
time 14
note_off 54
time 2
note_off 59
time 0
note_off 63
time 6
note_off 90
time 7
note_on 90
velocity 91
time 71
note_off 87
time 12
note_on 66
velocity 101
time 60
note_on 61
velocity 93
time 2
note_off 90
time 0
note_on 54
velocity 73
time 6
note_on 58
velocity 87
time 0
note_on 85
velocity 86
time 5
note_off 66
time 15
note_off 61
time 9
note_off 58
time 16
note_off 85
time 7
note_off 54
time 8
note_on 90
velocity 90
time 0
note_on 82
velocity 83
time 68
note_off 90
time 11
note_off 82
time 63
note_on 85
velocity 82
time 4
note_off 85
time 64
note_on 78
velocity 76
time 6
note_off 78
time 66
note_on 82
velocity 84
time 1
note_off 82
time 60
note_on 42
velocity 58
time 9
note_on 54
velocity 74
time 8
note_on 78
velocity 72
time 13
note_off 42
time 12
note_off 54
time 10
note_off 78
time 0
note_on 82
velocity 62
time 38
note_off 82
time 50
note_on 73
velocity 75
time 27
note_off 73
time 40
note_on 78
velocity 59
time 25
note_on 59
velocity 69
time 13
note_on 66
velocity 63
time 7
note_on 63
velocity 47
time 9
note_off 66
time 29
note_off 78
time 1
note_off 59
time 5
note_off 63
time 2
note_on 75
velocity 76
time 26
note_off 75
time 18
note_on 78
velocity 70
time 8
note_off 78
time 18
note_on 66
velocity 55
time 13
note_on 73
velocity 62
time 11
note_on 61
velocity 43
time 5
note_on 58
velocity 47
time 12
note_off 73
time 28
note_on 78
velocity 55
time 12
note_off 66
time 8
note_off 61
time 4
note_off 58
time 14
note_off 78
time 0
note_on 70
velocity 73
time 3
note_off 70
time 13
note_on 73
velocity 69
time 17
note_on 66
velocity 64
time 0
note_off 73
time 2
note_off 66
time 11
note_on 70
velocity 78
time 7
note_off 70
time 17
note_on 63
velocity 70
time 28
note_on 48
velocity 60
time 4
note_off 48
time 8
note_off 63
time 3
note_on 75
velocity 79
time 17
note_off 75
time 8
note_on 68
velocity 76
time 26
note_off 68
time 43
note_on 75
velocity 73
time 39
note_on 66
velocity 72
time 6
note_on 56
velocity 69
time 9
note_off 75
time 7
note_off 66
time 6
note_on 68
velocity 85
time 9
note_off 56
time 4
note_off 68
time 14
note_on 80
velocity 78
time 1
note_off 80
time 35
note_on 75
velocity 80
time 5
note_off 75
time 13
note_on 80
velocity 84
time 2
note_off 80
time 8
note_on 75
velocity 82
time 14
note_off 75
time 15
note_on 87
velocity 89
time 3
note_on 44
velocity 58
time 9
note_off 87
time 13
note_on 75
velocity 72
time 13
note_off 75
time 9
note_on 87
velocity 82
time 15
note_off 44
time 32
note_off 87
time 13
note_on 49
velocity 64
time 15
note_on 75
velocity 84
time 26
note_off 49
time 29
note_off 75
time 17
note_on 87
velocity 80
time 26
note_off 87
time 67
note_on 80
velocity 79
time 16
note_off 80
time 61
note_on 65
velocity 52
time 22
note_on 87
velocity 74
time 2
note_off 87
time 73
note_on 56
velocity 3
time 1
note_on 73
velocity 68
time 1
note_off 73
time 8
note_on 85
velocity 64
time 1
note_off 85
time 8
note_on 80
velocity 72
time 2
note_off 80
time 5
note_on 85
velocity 62
time 29
note_off 85
time 43
note_on 80
velocity 61
time 66
note_off 80
time 38
note_on 92
velocity 71
time 48
note_off 56
time 13
note_off 92
time 18
note_off 65
time 29
note_on 85
velocity 57
time 58
note_off 85
time 30
note_on 97
velocity 74
time 14
note_off 97
time 0
note_on 68
velocity 57
time 1
note_on 60
velocity 43
time 13
note_on 66
velocity 47
time 4
note_on 92
velocity 68
time 13
note_off 92
time 54
note_on 94
velocity 79
time 18
note_off 68
time 15
note_off 94
time 7
note_on 92
velocity 77
time 5
note_off 60
time 36
note_off 92
time 21
note_on 87
velocity 75
time 15
note_on 68
velocity 59
time 12
note_on 56
velocity 51
time 6
note_off 66
time 13
note_off 87
time 9
note_off 68
time 25
note_off 56
time 4
note_on 99
velocity 84
time 8
note_off 99
time 28
note_on 87
velocity 72
time 36
note_off 87
time 48
note_on 65
velocity 59
time 41
note_on 70
velocity 69
time 9
note_on 85
velocity 70
time 2
note_on 61
velocity 38
time 37
note_off 70
time 12
note_off 85
time 4
note_on 87
velocity 82
time 2
note_off 61
time 8
note_off 87
time 4
note_off 65
time 14
note_on 85
velocity 69
time 9
note_off 85
time 14
note_on 68
velocity 59
time 16
note_on 80
velocity 74
time 1
note_on 56
velocity 48
time 10
note_off 68
time 2
note_off 56
time 7
note_off 80
time 3
note_on 92
velocity 79
time 26
note_off 92
time 57
note_on 80
velocity 61
time 39
note_off 80
time 34
note_on 60
velocity 59
time 22
note_on 70
velocity 70
time 13
note_on 66
velocity 62
time 4
note_on 80
velocity 75
time 14
note_off 80
time 43
note_off 70
time 14
note_on 82
velocity 80
time 18
note_off 82
time 60
note_off 60
time 3
note_on 80
velocity 75
time 11
note_off 80
time 37
note_on 75
velocity 75
time 31
note_on 68
velocity 45
time 13
note_on 56
velocity 48
time 2
note_off 66
time 5
note_off 75
time 27
note_off 68
time 2
note_on 87
velocity 77
time 18
note_off 87
time 47
note_off 56
time 12
note_on 75
velocity 64
time 21
note_off 75
time 70
note_on 73
velocity 68
time 21
note_on 65
velocity 45
time 11
note_on 61
velocity 42
time 4
note_off 73
time 52
note_on 75
velocity 61
time 20
note_off 75
time 70
note_on 73
velocity 61
time 2
note_off 61
time 26
note_off 65
time 10
note_off 73
time 0
note_on 56
velocity 52
time 31
note_on 68
velocity 64
time 5
note_off 56
time 31
note_on 48
velocity 52
time 4
note_off 48
time 16
note_off 68
time 18
note_on 75
velocity 65
time 1
note_off 75
time 3
note_on 80
velocity 67
time 6
note_off 80
time 13
note_on 63
velocity 57
time 14
note_on 66
velocity 56
time 0
note_on 82
velocity 72
time 2
note_on 56
velocity 40
time 1
note_off 66
time 22
note_off 63
time 10
note_off 56
time 10
note_on 80
velocity 66
time 15
note_off 82
time 52
note_off 80
time 6
note_on 75
velocity 71
time 14
note_off 75
time 41
note_on 73
velocity 66
time 33
note_on 61
velocity 33
time 8
note_on 65
velocity 43
time 6
note_off 65
time 39
note_off 61
time 1
note_on 80
velocity 75
time 29
note_off 73
time 2
note_off 80
time 78
note_on 85
velocity 73
time 7
note_off 85
time 43
note_on 87
velocity 73
time 38
note_on 49
velocity 55
time 10
note_off 49
time 36
note_on 85
velocity 58
time 26
note_off 85
time 58
note_off 87
time 16
note_on 82
velocity 61
time 12
note_off 82
time 38
note_on 44
velocity 59
time 23
note_on 80
velocity 78
time 8
note_off 44
time 26
note_off 80
time 2
note_on 87
velocity 68
time 16
note_off 87
time 8
note_on 92
velocity 80
time 15
note_off 92
time 8
note_on 63
velocity 58
time 7
note_on 66
velocity 52
time 0
note_on 56
velocity 63
time 2
note_on 94
velocity 76
time 12
note_off 63
time 8
note_off 66
time 0
note_off 56
time 10
note_on 92
velocity 79
time 4
note_off 94
time 55
note_off 92
time 14
note_on 87
velocity 74
time 10
note_off 87
time 11
note_on 85
velocity 71
time 12
note_on 37
velocity 50
time 9
note_off 37
time 15
note_off 85
time 2
note_on 92
velocity 77
time 0
note_off 92
time 18
note_on 97
velocity 79
time 20
note_off 97
time 6
note_on 65
velocity 65
time 4
note_on 61
velocity 59
time 8
note_on 99
velocity 73
time 0
note_on 56
velocity 53
time 13
note_off 65
time 6
note_off 61
time 12
note_off 56
time 10
note_on 97
velocity 67
time 7
note_off 99
time 1
note_on 94
velocity 84
time 3
note_off 97
time 8
note_off 94
time 7
note_on 92
velocity 75
time 1
note_on 44
velocity 55
time 7
note_off 44
time 15
note_off 92
time 2
note_on 94
velocity 80
time 1
note_off 94
time 41
note_on 92
velocity 78
time 19
note_off 92
time 59
note_on 87
velocity 78
time 16
note_on 68
velocity 70
time 3
note_on 66
velocity 59
time 0
note_on 60
velocity 53
time 9
note_off 87
time 5
note_off 66
time 13
note_on 99
velocity 84
time 5
note_off 68
time 12
note_off 99
time 6
note_on 87
velocity 72
time 30
note_off 60
time 75
note_off 87
time 4
note_on 65
velocity 68
time 3
note_on 70
velocity 89
time 6
note_on 85
velocity 75
time 0
note_on 61
velocity 60
time 9
note_off 85
time 5
note_on 87
velocity 77
time 6
note_off 70
time 5
note_on 85
velocity 71
time 9
note_off 87
time 6
note_off 85
time 62
note_on 68
velocity 89
time 1
note_on 80
velocity 75
time 14
note_off 61
time 10
note_on 56
velocity 48
time 6
note_off 80
time 23
note_off 65
time 2
note_off 56
time 15
note_on 92
velocity 85
time 20
note_off 68
time 22
note_off 92
time 35
note_on 80
velocity 69
time 22
note_off 80
time 42
note_on 60
velocity 47
time 8
note_on 80
velocity 66
time 0
note_on 70
velocity 82
time 1
note_on 66
velocity 68
time 5
note_off 80
time 51
note_on 82
velocity 76
time 5
note_off 70
time 3
note_off 82
time 2
note_on 80
velocity 68
time 9
note_off 60
time 1
note_off 80
time 12
note_on 75
velocity 72
time 23
note_on 68
velocity 71
time 4
note_on 56
velocity 59
time 3
note_off 75
time 7
note_off 68
time 3
note_on 87
velocity 74
time 15
note_off 66
time 1
note_off 87
time 13
note_on 75
velocity 65
time 6
note_off 56
time 56
note_off 75
time 12
note_on 73
velocity 67
time 14
note_on 65
velocity 55
time 12
note_on 61
velocity 48
time 5
note_off 73
time 10
note_on 75
velocity 68
time 6
note_off 75
time 25
note_on 73
velocity 62
time 4
note_off 65
time 3
note_off 73
time 2
note_off 61
time 0
note_on 68
velocity 66
time 15
note_on 56
velocity 56
time 6
note_off 56
time 39
note_on 48
velocity 55
time 69
note_off 68
time 12
note_off 48
time 5
note_on 80
velocity 65
time 6
note_off 80
time 9
note_on 78
velocity 70
time 14
note_on 66
velocity 56
time 63
note_on 63
velocity 56
time 10
note_off 78
time 6
note_on 80
velocity 63
time 1
note_on 56
velocity 59
time 2
note_off 66
time 23
note_off 80
time 8
note_off 63
time 15
note_on 78
velocity 61
time 25
note_off 56
time 20
note_off 78
time 22
note_on 80
velocity 70
time 36
note_off 80
time 71
note_on 90
velocity 81
time 28
note_off 90
time 6
note_on 80
velocity 35
time 19
note_on 36
velocity 50
time 7
note_off 80
time 6
note_on 80
velocity 44
time 0
note_off 80
time 2
note_on 78
velocity 71
time 14
note_off 78
time 18
note_on 80
velocity 54
time 0
note_off 80
time 5
note_on 48
velocity 56
time 6
note_off 36
time 2
note_on 68
velocity 70
time 23
note_off 48
time 10
note_off 68
time 0
note_on 80
velocity 64
time 47
note_off 80
time 57
note_on 78
velocity 71
time 26
note_on 66
velocity 59
time 68
note_off 78
time 6
note_on 63
velocity 57
time 2
note_on 56
velocity 52
time 6
note_on 80
velocity 65
time 1
note_off 66
time 17
note_off 63
time 8
note_off 80
time 8
note_off 56
time 4
note_on 78
velocity 67
time 33
note_off 78
time 15
note_on 80
velocity 61
time 50
note_off 80
time 39
note_on 90
velocity 68
time 37
note_off 90
time 10
note_on 80
velocity 24
time 9
note_on 78
velocity 52
time 8
note_off 80
time 2
note_off 78
time 0
note_on 48
velocity 61
time 13
note_on 36
velocity 53
time 4
note_on 80
velocity 61
time 0
note_off 48
time 31
note_off 80
time 5
note_on 78
velocity 57
time 22
note_off 78
time 1
note_on 80
velocity 66
time 1
note_off 80
time 21
note_off 36
time 8
note_on 37
velocity 66
time 11
note_on 70
velocity 71
time 9
note_on 49
velocity 69
time 4
note_off 37
time 13
note_off 49
time 9
note_off 70
time 3
note_on 82
velocity 74
time 14
note_off 82
time 3
note_on 78
velocity 77
time 15
note_on 58
velocity 68
time 57
note_on 61
velocity 58
time 10
note_off 78
time 0
note_on 66
velocity 50
time 1
note_on 82
velocity 73
time 11
note_off 58
time 19
note_off 66
time 1
note_off 61
time 4
note_off 82
time 12
note_on 78
velocity 70
time 45
note_on 82
velocity 71
time 85
note_off 78
time 25
note_on 48
velocity 59
time 42
note_on 36
velocity 52
time 11
note_off 82
time 4
note_on 90
velocity 84
time 8
note_off 48
time 33
note_off 90
time 6
note_on 82
velocity 67
time 6
note_off 82
time 9
note_on 78
velocity 78
time 11
note_off 78
time 36
note_off 36
time 20
note_on 49
velocity 70
time 5
note_on 82
velocity 78
time 5
note_on 37
velocity 59
time 1
note_off 82
time 81
note_off 37
time 5
note_on 78
velocity 87
time 5
note_off 49
time 46
note_off 78
time 15
note_on 82
velocity 87
time 14
note_off 82
time 16
note_on 50
velocity 73
time 2
note_on 70
velocity 79
time 0
note_on 38
velocity 71
time 1
note_off 38
time 45
note_off 50
time 16
note_off 70
time 8
note_on 82
velocity 84
time 2
note_off 82
time 18
note_on 78
velocity 84
time 17
note_on 66
velocity 80
time 64
note_on 58
velocity 79
time 8
note_on 82
velocity 81
time 5
note_off 78
time 3
note_off 66
time 15
note_off 58
time 14
note_off 82
time 1
note_on 78
velocity 84
time 45
note_off 78
time 89
note_on 82
velocity 85
time 2
note_off 82
time 64
note_on 90
velocity 96
time 11
note_on 37
velocity 68
time 1
note_on 49
velocity 67
time 11
note_on 82
velocity 81
time 10
note_off 90
time 5
note_off 37
time 2
note_off 82
time 14
note_off 49
time 2
note_on 78
velocity 83
time 0
note_off 78
time 54
note_on 50
velocity 74
time 36
note_on 82
velocity 86
time 1
note_on 38
velocity 71
time 7
note_off 82
time 60
note_on 78
velocity 91
time 15
note_off 50
time 15
note_off 78
time 8
note_on 82
velocity 80
time 11
note_off 82
time 25
note_off 38
time 26
note_on 39
velocity 68
time 28
note_on 78
velocity 76
time 5
note_on 51
velocity 66
time 1
note_off 78
time 3
note_off 39
time 6
note_off 51
time 17
note_on 82
velocity 72
time 7
note_off 82
time 26
note_on 78
velocity 74
time 33
note_off 78
time 33
note_on 94
velocity 97
time 70
note_on 66
velocity 57
time 6
note_on 58
velocity 60
time 3
note_off 94
time 14
note_off 66
time 10
note_off 58
time 20
note_on 82
velocity 69
time 65
note_off 82
time 36
note_on 78
velocity 63
time 15
note_off 78
time 50
note_on 92
velocity 95
time 30
note_off 92
time 44
note_on 82
velocity 59
time 89
note_off 82
time 28
note_on 78
velocity 73
time 3
note_off 78
time 58
note_on 90
velocity 92
time 16
note_on 51
velocity 60
time 6
note_on 39
velocity 49
time 16
note_off 39
time 65
note_on 82
velocity 68
time 9
note_off 90
time 1
note_off 51
time 48
note_off 82
time 18
note_on 78
velocity 72
time 1
note_off 78
time 6
note_on 40
velocity 68
time 20
note_on 52
velocity 64
time 7
note_on 85
velocity 81
time 15
note_off 40
time 18
note_off 85
time 12
note_off 52
time 3
note_on 82
velocity 72
time 7
note_off 82
time 37
note_on 78
velocity 78
time 20
note_off 78
time 37
note_on 94
velocity 97
time 78
note_on 58
velocity 70
time 5
note_off 94
time 21
note_off 58
time 12
note_on 82
velocity 81
time 65
note_off 82
time 30
note_on 78
velocity 76
time 20
note_off 78
time 68
note_on 92
velocity 101
time 25
note_off 92
time 47
note_on 82
velocity 82
time 54
note_off 82
time 57
note_on 78
velocity 78
time 11
note_off 78
time 60
note_on 52
velocity 73
time 12
note_on 40
velocity 66
time 6
note_on 90
velocity 92
time 5
note_off 90
time 57
note_on 82
velocity 75
time 18
note_off 52
time 6
note_off 82
time 42
note_on 78
velocity 74
time 10
note_off 78
time 33
note_off 40
time 5
note_on 73
velocity 79
time 0
note_on 53
velocity 76
time 4
note_on 41
velocity 64
time 7
note_off 41
time 34
note_off 53
time 18
note_off 73
time 1
note_on 85
velocity 69
time 7
note_off 85
time 9
note_on 82
velocity 83
time 18
note_off 82
time 66
note_on 65
velocity 75
time 1
note_on 85
velocity 63
time 8
note_off 65
time 26
note_off 85
time 8
note_on 85
velocity 75
time 70
note_off 85
time 38
note_on 97
velocity 86
time 34
note_on 52
velocity 70
time 13
note_on 40
velocity 62
time 3
note_off 97
time 4
note_on 94
velocity 83
time 9
note_on 97
velocity 82
time 2
note_off 94
time 3
note_off 40
time 3
note_off 52
time 28
note_off 97
time 7
note_on 85
velocity 76
time 6
note_off 85
time 37
note_on 53
velocity 84
time 41
note_on 41
velocity 76
time 6
note_on 85
velocity 77
time 9
note_off 53
time 68
note_off 85
time 5
note_on 82
velocity 87
time 4
note_on 85
velocity 83
time 70
note_off 82
time 2
note_off 85
time 17
note_off 41
time 2
note_on 73
velocity 85
time 15
note_on 54
velocity 94
time 2
note_on 42
velocity 75
time 3
note_off 42
time 7
note_off 73
time 1
note_off 54
time 13
note_on 85
velocity 84
time 13
note_off 85
time 35
note_on 82
velocity 87
time 22
note_on 64
velocity 87
time 80
note_on 85
velocity 84
time 1
note_off 82
time 6
note_on 61
velocity 73
time 3
note_on 58
velocity 78
time 1
note_off 85
time 15
note_off 64
time 6
note_off 58
time 12
note_off 61
time 0
note_on 97
velocity 90
time 129
note_on 53
velocity 83
time 85
note_on 41
velocity 78
time 2
note_on 94
velocity 91
time 1
note_off 97
time 5
note_on 97
velocity 84
time 7
note_off 94
time 11
note_off 53
time 3
note_off 97
time 25
note_on 85
velocity 81
time 15
note_off 85
time 30
note_off 41
time 33
note_on 54
velocity 91
time 9
note_on 42
velocity 75
time 2
note_on 85
velocity 88
time 18
note_on 46
velocity 27
time 40
note_on 82
velocity 87
time 47
note_off 46
time 15
note_off 85
time 0
note_off 42
time 2
note_off 54
time 39
note_on 85
velocity 85
time 31
note_off 82
time 7
note_on 73
velocity 83
time 19
note_on 55
velocity 90
time 5
note_on 43
velocity 82
time 3
note_off 85
time 7
note_on 45
velocity 56
time 7
note_off 43
time 12
note_off 55
time 16
note_off 73
time 3
note_off 45
time 4
note_on 85
velocity 90
time 5
note_off 85
time 80
note_on 80
velocity 80
time 4
note_on 64
velocity 86
time 66
note_off 80
time 3
note_on 85
velocity 79
time 1
note_on 61
velocity 84
time 4
note_on 55
velocity 82
time 3
note_off 64
time 8
note_off 85
time 16
note_off 61
time 1
note_off 55
time 14
note_on 85
velocity 88
time 46
note_off 85
time 64
note_on 97
velocity 96
time 23
note_on 56
velocity 97
time 16
note_on 92
velocity 95
time 8
note_off 97
time 1
note_on 44
velocity 88
time 3
note_off 44
time 7
note_off 56
time 10
note_off 92
time 15
note_on 97
velocity 86
time 4
note_off 97
time 60
note_on 85
velocity 82
time 14
note_off 85
time 30
note_on 65
velocity 93
time 50
note_on 56
velocity 82
time 7
note_on 61
velocity 81
time 0
note_on 85
velocity 91
time 16
note_off 65
time 15
note_off 61
time 5
note_off 56
time 17
note_on 80
velocity 87
time 34
note_off 85
time 22
note_off 80
time 62
note_on 85
velocity 84
time 1
note_on 45
velocity 88
time 22
note_on 57
velocity 97
time 1
note_on 73
velocity 84
time 3
note_off 85
time 10
note_off 45
time 30
note_off 57
time 11
note_on 85
velocity 93
time 31
note_off 73
time 26
note_on 78
velocity 84
time 68
note_off 85
time 4
note_on 66
velocity 94
time 59
note_on 57
velocity 79
time 1
note_on 63
velocity 86
time 2
note_on 85
velocity 90
time 29
note_off 78
time 6
note_off 66
time 16
note_off 63
time 17
note_off 57
time 9
note_off 85
time 14
note_on 73
velocity 81
time 8
note_off 73
time 53
note_on 73
velocity 85
time 65
note_on 66
velocity 87
time 78
note_off 73
time 7
note_off 66
time 85
note_on 73
velocity 84
time 7
note_off 73
time 78
note_on 61
velocity 76
time 14
note_off 61
time 33
note_on 45
velocity 96
time 69
note_on 33
velocity 91
time 6
note_on 61
velocity 92
time 8
note_off 33
time 33
note_off 45
time 6
note_on 54
velocity 86
time 54
note_off 61
time 8
note_on 61
velocity 83
time 105
note_off 54
time 2
note_on 44
velocity 105
time 9
note_on 32
velocity 87
time 11
note_on 51
velocity 88
time 8
note_off 61
time 14
note_off 32
time 52
note_on 54
velocity 78
time 11
note_off 44
time 11
note_off 51
time 19
note_on 61
velocity 74
time 69
note_off 54
time 4
note_on 63
velocity 79
time 72
note_off 61
time 19
note_on 54
velocity 80
time 78
note_off 63
time 14
note_on 61
velocity 74
time 73
note_off 54
time 30
note_on 63
velocity 75
time 50
note_off 61
time 36
note_on 66
velocity 74
time 53
note_off 63
time 13
note_off 66
time 65
note_on 61
velocity 77
time 5
note_on 63
velocity 83
time 75
note_off 61
time 37
note_on 66
velocity 79
time 30
note_off 63
time 23
note_off 66
time 66
note_on 73
velocity 82
time 5
note_on 63
velocity 85
time 71
note_off 73
time 19
note_on 66
velocity 77
time 64
note_off 63
time 36
note_on 73
velocity 76
time 33
note_off 66
time 13
note_on 75
velocity 78
time 45
note_off 73
time 20
note_on 66
velocity 76
time 67
note_off 75
time 13
note_on 73
velocity 81
time 77
note_off 66
time 19
note_on 75
velocity 81
time 3
note_on 66
velocity 91
time 4
note_on 61
velocity 87
time 5
note_on 56
velocity 82
time 5
note_off 73
time 13
note_off 66
time 10
note_off 56
time 6
note_off 61
time 7
note_on 78
velocity 82
time 1
note_off 75
time 14
note_off 78
time 78
note_on 73
velocity 74
time 11
note_on 75
velocity 77
time 86
note_off 73
time 20
note_on 66
velocity 88
time 67
note_on 61
velocity 79
time 5
note_on 85
velocity 81
time 8
note_off 75
time 3
note_on 56
velocity 58
time 11
note_off 66
time 7
note_off 61
time 11
note_off 56
time 10
note_off 85
time 14
note_on 78
velocity 85
time 13
note_on 66
velocity 94
time 15
note_on 61
velocity 78
time 10
note_on 56
velocity 64
time 15
note_off 78
time 18
note_on 75
velocity 83
time 6
note_off 75
time 14
note_on 78
velocity 81
time 1
note_off 78
time 37
note_on 87
velocity 88
time 9
note_on 85
velocity 85
time 90
note_on 78
velocity 79
time 79
note_off 87
time 0
note_off 85
time 6
note_on 75
velocity 79
time 58
note_off 78
time 9
note_off 66
time 21
note_off 75
time 35
note_on 85
velocity 74
time 25
note_on 78
velocity 84
time 75
note_off 85
time 27
note_off 78
time 41
note_on 75
velocity 83
time 25
note_on 73
velocity 71
time 50
note_off 75
time 5
note_off 56
time 4
note_off 61
time 4
note_off 73
time 44
note_on 78
velocity 82
time 29
note_on 75
velocity 73
time 86
note_off 78
time 55
note_off 75
time 26
note_on 73
velocity 62
time 1
note_off 73
time 51
note_on 66
velocity 67
time 4
note_off 66
time 77
note_on 75
velocity 79
time 12
note_on 73
velocity 73
time 80
note_off 75
time 57
note_off 73
time 21
note_on 66
velocity 59
time 11
note_on 63
velocity 68
time 60
note_off 66
time 11
note_off 63
time 71
note_on 73
velocity 77
time 10
note_on 66
velocity 74
time 78
note_off 73
time 28
note_off 66
time 60
note_on 63
velocity 58
time 10
note_off 63
time 60
note_on 61
velocity 60
time 12
note_off 61
time 79
note_on 66
velocity 64
time 42
note_on 63
velocity 70
time 6
note_off 66
time 6
note_off 63
time 16
note_on 56
velocity 63
time 10
note_on 44
velocity 40
time 29
note_on 32
velocity 45
time 5
note_off 56
time 81
note_on 63
velocity 58
time 12
note_off 63
time 5
note_on 66
velocity 62
time 6
note_on 68
velocity 71
time 38
note_off 66
time 15
note_off 68
time 25
note_on 63
velocity 62
time 37
note_off 32
time 79
note_off 63
time 3
note_on 66
velocity 69
time 4
note_on 68
velocity 68
time 50
note_off 66
time 4
note_off 44
time 53
note_off 68
time 20
note_on 75
velocity 76
time 15
note_off 75
time 66
note_on 66
velocity 61
time 6
note_on 68
velocity 73
time 73
note_off 66
time 13
note_off 68
time 30
note_on 75
velocity 65
time 26
note_off 75
time 46
note_on 78
velocity 72
time 0
note_off 78
time 89
note_on 68
velocity 70
time 1
note_off 68
time 75
note_on 75
velocity 58
time 28
note_on 78
velocity 68
time 68
note_off 75
time 5
note_on 80
velocity 65
time 82
note_off 78
time 12
note_off 80
time 50
note_on 75
velocity 68
time 23
note_off 75
time 83
note_on 78
velocity 72
time 1
note_on 68
velocity 97
time 64
note_on 66
velocity 85
time 6
note_on 60
velocity 72
time 16
note_on 56
velocity 67
time 1
note_on 80
velocity 76
time 6
note_off 78
time 2
note_off 66
time 29
note_off 68
time 0
note_off 56
time 1
note_off 60
time 2
note_on 87
velocity 79
time 75
note_off 80
time 5
note_on 78
velocity 70
time 95
note_off 87
time 8
note_on 80
velocity 73
time 82
note_off 78
time 20
note_on 68
velocity 83
time 23
note_on 66
velocity 78
time 5
note_on 60
velocity 64
time 11
note_off 80
time 25
note_on 56
velocity 45
time 2
note_on 90
velocity 83
time 9
note_off 68
time 3
note_off 60
time 13
note_off 66
time 2
note_off 56
time 9
note_on 68
velocity 77
time 5
note_on 66
velocity 59
time 4
note_on 87
velocity 82
time 7
note_on 60
velocity 56
time 5
note_on 56
velocity 56
time 8
note_off 90
time 35
note_off 87
time 23
note_on 80
velocity 65
time 11
note_on 78
velocity 74
time 4
note_off 80
time 9
note_off 78
time 7
note_on 87
velocity 71
time 17
note_on 80
velocity 79
time 72
note_off 68
time 11
note_off 87
time 12
note_off 80
time 50
note_on 78
velocity 62
time 10
note_off 66
time 21
note_off 78
time 27
note_on 75
velocity 69
time 4
note_off 75
time 42
note_on 80
velocity 75
time 44
note_on 78
velocity 74
time 91
note_off 80
time 54
note_off 78
time 27
note_on 75
velocity 62
time 1
note_off 60
time 2
note_off 75
time 41
note_on 68
velocity 71
time 7
note_off 68
time 56
note_on 78
velocity 78
time 26
note_on 75
velocity 71
time 85
note_off 78
time 54
note_on 68
velocity 62
time 23
note_off 75
time 1
note_off 68
time 60
note_on 66
velocity 71
time 9
note_off 66
time 46
note_on 75
velocity 72
time 38
note_on 68
velocity 67
time 95
note_off 75
time 15
note_off 68
time 33
note_on 66
velocity 50
time 8
note_off 66
time 13
note_on 63
velocity 62
time 7
note_off 56
time 2
note_off 63
time 14
note_on 68
velocity 62
time 8
note_off 68
time 28
note_on 66
velocity 59
time 5
note_on 63
velocity 49
time 4
note_off 66
time 14
note_off 63
time 19
note_on 56
velocity 48
time 8
note_off 56
time 11
note_on 66
velocity 51
time 20
note_on 63
velocity 51
time 8
note_off 66
time 9
note_off 63
time 11
note_on 37
velocity 49
time 16
note_on 61
velocity 42
time 5
note_on 73
velocity 61
time 18
note_off 61
time 19
note_off 37
time 1
note_off 73
time 10
note_on 68
velocity 64
time 32
note_off 68
time 42
note_on 73
velocity 60
time 39
note_off 73
time 33
note_on 68
velocity 65
time 40
note_off 68
time 52
note_on 80
velocity 61
time 2
note_off 80
time 16
note_on 65
velocity 69
time 1
note_on 73
velocity 39
time 9
note_on 56
velocity 44
time 0
note_off 73
time 50
note_on 80
velocity 63
time 6
note_off 80
time 16
note_on 68
velocity 51
time 13
note_off 68
time 21
note_off 65
time 35
note_on 67
velocity 57
time 31
note_off 67
time 25
note_on 73
velocity 57
time 5
note_off 73
time 12
note_on 61
velocity 42
time 16
note_off 61
time 8
note_on 73
velocity 69
time 1
note_off 73
time 18
note_on 68
velocity 73
time 6
note_off 68
time 32
note_on 73
velocity 43
time 14
note_off 56
time 7
note_off 73
time 30
note_on 68
velocity 67
time 47
note_on 80
velocity 77
time 75
note_off 68
time 46
note_off 80
time 39
note_on 73
velocity 64
time 15
note_on 64
velocity 65
time 6
note_on 55
velocity 46
time 3
note_off 73
time 13
note_on 80
velocity 52
time 7
note_off 80
time 2
note_on 68
velocity 62
time 1
note_off 64
time 4
note_off 68
time 12
note_on 73
velocity 64
time 68
note_off 73
time 45
note_on 68
velocity 64
time 37
note_on 65
velocity 64
time 1
note_off 55
time 2
note_on 56
velocity 61
time 10
note_off 65
time 25
note_off 56
time 8
note_off 68
time 2
note_on 73
velocity 57
time 12
note_off 73
time 42
note_on 49
velocity 74
time 8
note_on 61
velocity 65
time 17
note_off 49
time 13
note_off 61
time 17
note_on 73
velocity 52
time 15
note_off 73
time 30
note_on 68
velocity 69
time 33
note_off 68
time 56
note_on 73
velocity 68
time 10
note_off 73
time 32
note_on 73
velocity 75
time 80
note_off 73
time 61
note_on 85
velocity 73
time 30
note_off 85
time 77
note_on 65
velocity 74
time 14
note_on 80
velocity 67
time 1
note_on 56
velocity 48
time 10
note_off 80
time 9
note_on 85
velocity 41
time 7
note_off 85
time 5
note_on 73
velocity 62
time 6
note_off 73
time 25
note_on 73
velocity 61
time 69
note_off 73
time 38
note_on 68
velocity 70
time 25
note_off 68
time 36
note_on 73
velocity 68
time 28
note_off 65
time 6
note_off 73
time 27
note_on 68
velocity 76
time 44
note_off 68
time 64
note_on 80
velocity 73
time 28
note_off 80
time 35
note_on 73
velocity 65
time 41
note_off 73
time 42
note_on 80
velocity 68
time 23
note_off 80
time 36
note_on 80
velocity 79
time 59
note_off 56
time 9
note_off 80
time 0
note_on 92
velocity 72
time 5
note_off 92
time 1
note_on 55
velocity 37
time 19
note_on 64
velocity 45
time 14
note_on 92
velocity 56
time 17
note_off 92
time 7
note_off 64
time 2
note_on 80
velocity 69
time 14
note_off 80
time 31
note_on 80
velocity 73
time 72
note_on 65
velocity 58
time 68
note_off 80
time 5
note_on 56
velocity 52
time 13
note_on 73
velocity 67
time 0
note_off 55
time 16
note_off 65
time 4
note_off 56
time 17
note_off 73
time 2
note_on 73
velocity 61
time 17
note_on 49
velocity 43
time 6
note_off 49
time 14
note_off 73
time 5
note_on 75
velocity 57
time 9
note_off 75
time 14
note_on 73
velocity 57
time 17
note_on 65
velocity 59
time 31
note_off 73
time 1
note_on 61
velocity 45
time 11
note_on 56
velocity 48
time 34
note_off 65
time 21
note_off 61
time 19
note_on 85
velocity 60
time 63
note_off 85
time 58
note_on 99
velocity 64
time 30
note_off 99
time 31
note_off 56
time 6
note_on 57
velocity 48
time 14
note_on 97
velocity 68
time 8
note_on 66
velocity 72
time 5
note_on 61
velocity 63
time 4
note_off 97
time 11
note_on 99
velocity 75
time 34
note_off 57
time 20
note_off 61
time 30
note_on 97
velocity 77
time 6
note_off 66
time 8
note_off 99
time 31
note_off 97
time 43
note_on 67
velocity 76
time 25
note_on 85
velocity 75
time 5
note_on 61
velocity 69
time 16
note_on 58
velocity 64
time 2
note_off 85
time 17
note_on 87
velocity 81
time 69
note_off 67
time 31
note_off 61
time 9
note_on 85
velocity 77
time 42
note_off 87
time 64
note_off 85
time 25
note_on 73
velocity 75
time 9
note_off 58
time 7
note_on 68
velocity 84
time 17
note_on 59
velocity 62
time 7
note_on 61
velocity 59
time 2
note_off 73
time 47
note_on 75
velocity 68
time 21
note_off 75
time 14
note_on 73
velocity 66
time 0
note_off 73
time 25
note_off 61
time 25
note_on 87
velocity 69
time 25
note_off 87
time 18
note_off 68
time 48
note_on 85
velocity 68
time 23
note_off 85
time 43
note_on 99
velocity 80
time 39
note_off 59
time 58
note_off 99
time 7
note_on 97
velocity 80
time 9
note_on 67
velocity 68
time 1
note_on 61
velocity 62
time 3
note_on 58
velocity 48
time 3
note_off 97
time 2
note_on 99
velocity 88
time 17
note_off 67
time 1
note_off 61
time 16
note_on 97
velocity 72
time 22
note_off 99
time 50
note_off 58
time 20
note_off 97
time 0
note_on 85
velocity 76
time 19
note_on 57
velocity 62
time 7
note_on 66
velocity 74
time 21
note_on 61
velocity 61
time 18
note_off 85
time 41
note_on 87
velocity 78
time 3
note_off 57
time 3
note_off 61
time 16
note_off 66
time 12
note_off 87
time 6
note_on 85
velocity 64
time 9
note_off 85
time 18
note_on 65
velocity 66
time 13
note_on 97
velocity 76
time 1
note_on 56
velocity 51
time 0
note_on 61
velocity 48
time 0
note_off 97
time 12
note_off 65
time 5
note_off 56
time 6
note_on 99
velocity 71
time 0
note_off 61
time 51
note_on 97
velocity 68
time 5
note_off 99
time 42
note_off 97
time 33
note_on 49
velocity 61
time 16
note_on 85
velocity 68
time 1
note_off 49
time 35
note_off 85
time 39
note_on 87
velocity 76
time 13
note_off 87
time 44
note_on 85
velocity 68
time 57
note_off 85
time 93
note_on 97
velocity 68
time 25
note_on 68
velocity 58
time 2
note_on 65
velocity 37
time 6
note_on 61
velocity 44
time 9
note_on 59
velocity 24
time 2
note_off 97
time 1
note_on 99
velocity 65
time 7
note_off 68
time 8
note_on 97
velocity 72
time 17
note_off 99
time 39
note_off 97
time 29
note_on 70
velocity 77
time 39
note_on 85
velocity 54
time 6
note_off 85
time 9
note_on 87
velocity 67
time 8
note_off 59
time 3
note_off 70
time 4
note_off 65
time 2
note_off 61
time 3
note_off 87
time 4
note_on 85
velocity 57
time 13
note_off 85
time 37
note_on 97
velocity 63
time 0
note_on 71
velocity 66
time 12
note_on 65
velocity 43
time 1
note_on 59
velocity 37
time 11
note_on 61
velocity 39
time 4
note_off 97
time 2
note_on 99
velocity 56
time 9
note_on 97
velocity 61
time 1
note_off 99
time 2
note_off 97
time 15
note_off 71
time 8
note_on 85
velocity 51
time 12
note_off 85
time 1
note_on 87
velocity 60
time 42
note_off 87
time 15
note_on 85
velocity 56
time 6
note_off 85
time 3
note_on 70
velocity 49
time 13
note_on 97
velocity 63
time 3
note_off 97
time 15
note_off 70
time 7
note_on 99
velocity 59
time 34
note_off 99
time 90
note_on 97
velocity 64
time 19
note_off 61
time 60
note_off 97
time 14
note_on 68
velocity 49
time 64
note_on 85
velocity 51
time 8
note_off 68
time 53
note_off 85
time 16
note_off 65
time 9
note_off 59
time 25
note_on 87
velocity 58
time 43
note_off 87
time 50
note_on 85
velocity 56
time 78
note_off 85
time 62
note_on 66
velocity 96
time 15
note_on 61
velocity 85
time 3
note_on 58
velocity 81
time 1
note_on 90
velocity 95
time 0
note_on 54
velocity 60
time 15
note_off 54
time 36
note_off 61
time 3
note_off 66
time 1
note_off 58
time 2
note_on 94
velocity 99
time 11
note_off 90
time 7
note_on 85
velocity 86
time 67
note_off 94
time 12
note_on 59
velocity 69
time 55
note_on 63
velocity 79
time 2
note_on 90
velocity 93
time 2
note_on 66
velocity 80
time 1
note_off 85
time 9
note_on 54
velocity 43
time 3
note_off 66
time 10
note_off 59
time 5
note_off 63
time 7
note_on 87
velocity 91
time 3
note_off 54
time 3
note_off 90
time 3
note_on 90
velocity 89
time 82
note_off 87
time 11
note_off 90
time 1
note_on 61
velocity 80
time 4
note_on 66
velocity 97
time 3
note_on 54
velocity 61
time 6
note_on 85
velocity 86
time 3
note_on 58
velocity 81
time 2
note_off 66
time 14
note_off 61
time 1
note_off 58
time 14
note_off 54
time 10
note_off 85
time 11
note_on 90
velocity 88
time 3
note_off 90
time 71
note_on 82
velocity 82
time 4
note_off 82
time 73
note_on 85
velocity 78
time 0
note_off 85
time 71
note_on 78
velocity 73
time 1
note_off 78
time 57
note_on 82
velocity 73
time 17
note_off 82
time 42
note_on 42
velocity 55
time 16
note_on 54
velocity 64
time 7
note_on 78
velocity 55
time 9
note_off 42
time 6
note_off 54
time 0
note_off 78
time 22
note_on 82
velocity 54
time 32
note_off 82
time 42
note_on 73
velocity 56
time 40
note_off 73
time 45
note_on 78
velocity 59
time 17
note_on 66
velocity 57
time 21
note_on 59
velocity 54
time 4
note_on 63
velocity 41
time 10
note_off 78
time 14
note_off 66
time 10
note_off 59
time 12
note_off 63
time 1
note_on 75
velocity 70
time 13
note_off 75
time 50
note_on 78
velocity 62
time 22
note_off 78
time 44
note_on 73
velocity 61
time 36
note_on 66
velocity 58
time 5
note_on 61
velocity 50
time 16
note_on 58
velocity 50
time 6
note_off 66
time 23
note_off 73
time 0
note_off 61
time 16
note_off 58
time 8
note_on 78
velocity 56
time 10
note_off 78
time 31
note_on 70
velocity 55
time 22
note_off 70
time 39
note_on 73
velocity 69
time 8
note_off 73
time 64
note_on 66
velocity 61
time 4
note_off 66
time 41
note_on 70
velocity 76
time 5
note_off 70
time 11
note_on 37
velocity 62
time 15
note_on 49
velocity 74
time 2
note_on 61
velocity 69
time 7
note_off 49
time 15
note_off 37
time 2
note_off 61
time 8
note_on 73
velocity 69
time 18
note_off 73
time 46
note_on 68
velocity 73
time 29
note_off 68
time 15
note_on 65
velocity 62
time 32
note_on 73
velocity 59
time 8
note_on 61
velocity 56
time 4
note_on 56
velocity 50
time 2
note_off 65
time 21
note_off 73
time 2
note_off 56
time 14
note_on 68
velocity 80
time 25
note_off 61
time 29
note_off 68
time 11
note_on 80
velocity 82
time 43
note_off 80
time 34
note_on 68
velocity 81
time 40
note_on 59
velocity 57
time 1
note_on 56
velocity 57
time 13
note_on 63
velocity 44
time 2
note_off 59
time 25
note_off 68
time 5
note_off 63
time 7
note_off 56
time 4
note_on 80
velocity 79
time 3
note_off 80
time 12
note_on 75
velocity 79
time 26
note_off 75
time 6
note_on 44
velocity 66
time 2
note_on 80
velocity 72
time 1
note_off 44
time 15
note_off 80
time 0
note_on 75
velocity 74
time 50
note_off 75
time 35
note_on 87
velocity 88
time 32
note_off 87
time 41
note_on 49
velocity 73
time 28
note_on 75
velocity 80
time 17
note_off 49
time 4
note_off 75
time 7
note_on 87
velocity 82
time 12
note_off 87
time 34
note_on 80
velocity 83
time 14
note_off 80
time 63
note_on 87
velocity 84
time 17
note_on 63
velocity 64
time 8
note_on 56
velocity 62
time 13
note_on 59
velocity 64
time 6
note_off 87
time 1
note_off 63
time 10
note_off 56
time 0
note_off 59
time 8
note_on 80
velocity 88
time 2
note_off 80
time 43
note_on 92
velocity 94
time 25
note_off 92
time 61
note_on 80
velocity 89
time 20
note_on 61
velocity 78
time 7
note_on 59
velocity 70
time 4
note_on 56
velocity 73
time 4
note_off 61
time 17
note_off 56
time 0
note_off 59
time 3
note_off 80
time 29
note_on 92
velocity 92
time 13
note_off 92
time 2
note_on 87
velocity 87
time 9
note_off 87
time 68
note_on 92
velocity 80
time 2
note_off 92
time 28
note_on 85
velocity 77
time 61
note_off 85
time 36
note_on 97
velocity 89
time 40
note_off 97
time 16
note_on 66
velocity 101
time 42
note_on 90
velocity 98
time 1
note_on 61
velocity 90
time 5
note_on 58
velocity 84
time 4
note_on 54
velocity 64
time 14
note_off 66
time 9
note_off 61
time 1
note_off 58
time 3
note_off 90
time 5
note_off 54
time 5
note_on 94
velocity 89
time 5
note_off 94
time 69
note_on 85
velocity 87
time 1
note_off 85
time 62
note_on 66
velocity 91
time 17
note_on 90
velocity 92
time 0
note_on 59
velocity 80
time 6
note_on 63
velocity 88
time 0
note_on 54
velocity 61
time 13
note_off 66
time 7
note_off 59
time 9
note_off 54
time 5
note_off 63
time 1
note_on 87
velocity 83
time 1
note_off 90
time 0
note_on 90
velocity 92
time 82
note_off 87
time 12
note_off 90
time 58
note_on 85
velocity 84
time 16
note_on 66
velocity 99
time 9
note_on 61
velocity 88
time 6
note_on 58
velocity 81
time 4
note_on 54
velocity 77
time 0
note_off 66
time 8
note_off 61
time 1
note_off 85
time 2
note_off 54
time 17
note_off 58
time 3
note_on 90
velocity 87
time 7
note_on 82
velocity 85
time 67
note_off 90
time 1
note_on 85
velocity 79
time 78
note_off 82
time 1
note_off 85
time 65
note_on 78
velocity 74
time 6
note_off 78
time 61
note_on 82
velocity 82
time 9
note_off 82
time 58
note_on 42
velocity 58
time 2
note_on 54
velocity 73
time 7
note_on 78
velocity 73
time 2
note_off 42
time 15
note_off 54
time 3
note_off 78
time 1
note_on 82
velocity 69
time 14
note_off 82
time 52
note_on 73
velocity 73
time 18
note_off 73
time 42
note_on 78
velocity 68
time 40
note_on 66
velocity 58
time 12
note_on 63
velocity 52
time 2
note_on 59
velocity 52
time 2
note_off 63
time 32
note_off 59
time 3
note_off 66
time 0
note_off 78
time 3
note_on 75
velocity 71
time 33
note_off 75
time 55
note_on 78
velocity 70
time 15
note_off 78
time 47
note_on 66
velocity 53
time 21
note_on 73
velocity 66
time 16
note_on 61
velocity 44
time 4
note_on 58
velocity 41
time 9
note_off 73
time 36
note_on 78
velocity 47
time 18
note_off 66
time 15
note_off 61
time 3
note_off 58
time 8
note_on 70
velocity 70
time 0
note_off 78
time 5
note_off 70
time 5
note_on 73
velocity 67
time 20
note_off 73
time 21
note_on 66
velocity 65
time 11
note_off 66
time 4
note_on 70
velocity 69
time 10
note_off 70
time 15
note_on 47
velocity 49
time 9
note_on 63
velocity 67
time 19
note_off 47
time 15
note_off 63
time 29
note_on 75
velocity 55
time 33
note_off 75
time 30
note_on 68
velocity 72
time 29
note_off 68
time 45
note_on 75
velocity 71
time 22
note_off 75
time 11
note_on 56
velocity 55
time 6
note_on 63
velocity 34
time 2
note_off 56
time 16
note_on 68
velocity 70
time 0
note_off 63
time 15
note_off 68
time 5
note_on 80
velocity 70
time 50
note_off 80
time 10
note_on 62
velocity 56
time 0
note_on 70
velocity 71
time 1
note_on 58
velocity 43
time 9
note_off 62
time 6
note_off 70
time 10
note_off 58
time 10
note_on 82
velocity 73
time 20
note_off 82
time 34
note_on 70
velocity 64
time 33
note_off 70
time 43
note_on 46
velocity 66
time 23
note_on 82
velocity 72
time 10
note_off 82
time 42
note_off 46
time 4
note_on 70
velocity 73
time 26
note_off 70
time 45
note_on 82
velocity 85
time 14
note_off 82
time 6
note_on 47
velocity 62
time 16
note_on 75
velocity 78
time 14
note_off 47
time 1
note_off 75
time 12
note_on 87
velocity 75
time 1
note_off 87
time 1
note_on 80
velocity 75
time 38
note_off 80
time 1
note_on 87
velocity 76
time 1
note_on 63
velocity 60
time 3
note_on 56
velocity 58
time 13
note_off 87
time 18
note_off 63
time 7
note_on 80
velocity 83
time 3
note_off 56
time 9
note_off 80
time 16
note_on 92
velocity 79
time 2
note_off 92
time 15
note_on 62
velocity 54
time 13
note_on 82
velocity 74
time 28
note_on 58
velocity 31
time 5
note_off 62
time 13
note_off 82
time 21
note_off 58
time 5
note_on 94
velocity 74
time 42
note_off 94
time 35
note_on 82
velocity 73
time 32
note_off 82
time 56
note_on 46
velocity 51
time 16
note_on 94
velocity 65
time 14
note_off 46
time 25
note_off 94
time 27
note_on 82
velocity 72
time 44
note_off 82
time 37
note_on 94
velocity 72
time 48
note_off 94
time 10
note_on 47
velocity 56
time 12
note_on 82
velocity 63
time 3
note_off 47
time 18
note_off 82
time 7
note_on 94
velocity 71
time 11
note_off 94
time 8
note_on 87
velocity 69
time 0
note_off 87
time 6
note_on 68
velocity 62
time 9
note_on 63
velocity 63
time 3
note_on 59
velocity 52
time 13
note_off 68
time 4
note_on 94
velocity 45
time 2
note_off 63
time 3
note_off 59
time 14
note_off 94
time 5
note_on 80
velocity 67
time 14
note_off 80
time 39
note_on 92
velocity 65
time 41
note_off 92
time 41
note_on 80
velocity 69
time 12
note_on 49
velocity 47
time 6
note_off 80
time 16
note_off 49
time 4
note_on 92
velocity 65
time 12
note_off 92
time 8
note_on 85
velocity 77
time 37
note_off 85
time 48
note_on 66
velocity 63
time 27
note_on 58
velocity 58
time 8
note_on 61
velocity 57
time 5
note_on 92
velocity 69
time 0
note_off 66
time 12
note_off 58
time 0
note_off 61
time 1
note_off 92
time 8
note_on 78
velocity 69
time 8
note_off 78
time 25
note_on 90
velocity 50
time 55
note_off 90
time 35
note_on 47
velocity 61
time 15
note_on 73
velocity 67
time 0
note_off 47
time 13
note_on 85
velocity 55
time 4
note_off 73
time 6
note_off 85
time 18
note_on 80
velocity 84
time 32
note_off 80
time 68
note_on 85
velocity 68
time 1
note_on 65
velocity 60
time 18
note_on 68
velocity 61
time 6
note_on 61
velocity 55
time 10
note_off 85
time 0
note_on 59
velocity 44
time 5
note_off 68
time 6
note_off 65
time 1
note_off 59
time 3
note_off 61
time 0
note_on 80
velocity 83
time 10
note_off 80
time 0
note_on 92
velocity 77
time 13
note_off 92
time 11
note_on 46
velocity 65
time 10
note_on 78
velocity 80
time 5
note_off 46
time 3
note_off 78
time 16
note_on 90
velocity 77
time 14
note_off 90
time 1
note_on 85
velocity 82
time 18
note_off 85
time 68
note_on 70
velocity 72
time 3
note_on 66
velocity 62
time 12
note_on 90
velocity 77
time 0
note_off 70
time 20
note_off 90
time 11
note_off 66
time 3
note_on 85
velocity 79
time 56
note_off 85
time 35
note_on 97
velocity 77
time 38
note_off 97
time 11
note_on 47
velocity 63
time 14
note_on 82
velocity 80
time 19
note_off 47
time 2
note_on 94
velocity 50
time 15
note_off 82
time 5
note_off 94
time 15
note_on 87
velocity 85
time 20
note_off 87
time 68
note_on 68
velocity 76
time 1
note_on 63
velocity 69
time 8
note_on 94
velocity 82
time 0
note_on 59
velocity 69
time 9
note_off 68
time 12
note_off 63
time 18
note_off 59
time 13
note_off 94
time 7
note_on 80
velocity 82
time 22
note_off 80
time 37
note_on 92
velocity 90
time 14
note_off 92
time 18
note_on 49
velocity 79
time 5
note_on 80
velocity 89
time 1
note_off 49
time 38
note_off 80
time 10
note_on 92
velocity 91
time 15
note_on 85
velocity 87
time 14
note_off 92
time 2
note_off 85
time 65
note_on 66
velocity 76
time 9
note_on 61
velocity 72
time 2
note_on 58
velocity 70
time 6
note_on 92
velocity 89
time 6
note_off 66
time 23
note_off 61
time 8
note_off 58
time 6
note_off 92
time 19
note_on 78
velocity 77
time 21
note_off 78
time 31
note_on 90
velocity 81
time 16
note_off 90
time 15
note_on 47
velocity 76
time 22
note_on 73
velocity 86
time 23
note_off 47
time 2
note_off 73
time 13
note_on 85
velocity 54
time 20
note_on 80
velocity 87
time 40
note_off 85
time 11
note_off 80
time 67
note_on 68
velocity 73
time 8
note_on 61
velocity 66
time 12
note_on 65
velocity 57
time 0
note_on 85
velocity 76
time 1
note_on 59
velocity 58
time 3
note_off 68
time 16
note_off 85
time 10
note_off 65
time 5
note_off 59
time 21
note_off 61
time 2
note_on 80
velocity 84
time 27
note_off 80
time 34
note_on 92
velocity 86
time 31
note_off 92
time 12
note_on 78
velocity 80
time 20
note_on 46
velocity 70
time 7
note_off 46
time 3
note_on 90
velocity 84
time 2
note_off 78
time 11
note_off 90
time 31
note_on 85
velocity 77
time 6
note_on 70
velocity 73
time 68
note_on 66
velocity 67
time 6
note_off 85
time 1
note_on 90
velocity 87
time 2
note_on 61
velocity 59
time 9
note_on 58
velocity 60
time 6
note_off 70
time 7
note_off 66
time 11
note_off 90
time 2
note_off 61
time 9
note_off 58
time 5
note_on 85
velocity 75
time 56
note_off 85
time 39
note_on 97
velocity 81
time 39
note_off 97
time 0
note_on 47
velocity 59
time 1
note_on 82
velocity 70
time 17
note_off 47
time 6
note_off 82
time 12
note_on 94
velocity 45
time 10
note_off 94
time 37
note_on 87
velocity 79
time 26
note_off 87
time 60
note_on 68
velocity 79
time 8
note_on 94
velocity 81
time 10
note_on 63
velocity 67
time 3
note_off 68
time 15
note_off 63
time 22
note_on 56
velocity 18
time 7
note_off 94
time 16
note_on 80
velocity 79
time 26
note_off 56
time 15
note_off 80
time 19
note_on 92
velocity 88
time 37
note_off 92
time 54
note_on 82
velocity 90
time 28
note_off 82
time 63
note_on 94
velocity 89
time 23
note_on 87
velocity 88
time 68
note_off 94
time 7
note_off 87
time 73
note_on 94
velocity 94
time 6
note_on 47
velocity 79
time 2
note_off 94
time 72
note_on 80
velocity 88
time 19
note_off 80
time 56
note_on 92
velocity 97
time 15
note_off 47
time 15
note_on 48
velocity 88
time 39
note_off 92
time 15
note_on 82
velocity 93
time 8
note_off 48
time 13
note_off 82
time 29
note_on 94
velocity 95
time 26
note_off 94
time 75
note_on 87
velocity 84
time 5
note_off 87
time 71
note_on 68
velocity 87
time 10
note_on 66
velocity 82
time 4
note_on 56
velocity 75
time 8
note_on 94
velocity 92
time 0
note_on 63
velocity 73
time 1
note_off 94
time 53
note_off 56
time 4
note_on 56
velocity 30
time 0
note_on 80
velocity 90
time 16
note_off 68
time 15
note_off 66
time 16
note_off 80
time 22
note_off 63
time 4
note_off 56
time 6
note_on 92
velocity 97
time 25
note_off 92
time 69
note_on 82
velocity 94
time 6
note_off 82
time 67
note_on 94
velocity 97
time 21
note_on 87
velocity 86
time 79
note_off 94
time 3
note_on 94
velocity 95
time 90
note_off 87
time 2
note_on 48
velocity 81
time 13
note_off 94
time 64
note_on 80
velocity 91
time 16
note_on 92
velocity 102
time 90
note_off 80
time 55
note_on 49
velocity 92
time 3
note_off 48
time 14
note_on 85
velocity 90
time 35
note_off 92
time 18
note_off 85
time 19
note_on 94
velocity 93
time 14
note_off 49
time 36
note_off 94
time 27
note_on 80
velocity 86
time 28
note_off 80
time 57
note_on 92
velocity 87
time 4
note_off 92
time 76
note_on 85
velocity 91
time 14
note_off 85
time 76
note_on 94
velocity 92
time 14
note_off 94
time 68
note_on 68
velocity 92
time 3
note_on 66
velocity 85
time 1
note_on 80
velocity 90
time 1
note_on 56
velocity 76
time 9
note_on 61
velocity 67
time 0
note_off 80
time 69
note_on 92
velocity 92
time 6
note_off 66
time 12
note_off 56
time 18
note_off 61
time 33
note_off 92
time 7
note_on 85
velocity 91
time 17
note_off 68
time 21
note_off 85
time 46
note_on 94
velocity 89
time 27
note_on 80
velocity 89
time 68
note_off 94
time 21
note_off 80
time 59
note_on 92
velocity 93
time 4
note_on 68
velocity 80
time 103
note_on 73
velocity 83
time 0
note_on 85
velocity 89
time 2
note_off 92
time 0
note_on 66
velocity 71
time 11
note_off 85
time 92
note_off 73
time 3
note_on 94
velocity 91
time 9
note_off 68
time 25
note_off 66
time 5
note_on 80
velocity 80
time 55
note_off 94
time 1
note_on 92
velocity 81
time 1
note_off 80
time 21
note_off 92
time 59
note_on 85
velocity 79
time 19
note_off 85
time 101
note_on 94
velocity 77
time 9
note_off 94
time 69
note_on 80
velocity 71
time 21
note_on 92
velocity 79
time 95
note_off 80
time 16
note_off 92
time 59
note_on 85
velocity 67
time 47
note_off 85
time 57
note_on 94
velocity 65
time 55
note_off 94
time 56
note_on 80
velocity 60
time 62
note_on 37
velocity 30
time 31
note_off 80
time 5
note_on 92
velocity 54
time 84
note_off 37
time 19
note_on 49
velocity 56
time 18
note_off 92
time 33
note_off 49
time 13
note_on 56
velocity 41
time 267
note_on 61
velocity 41
time 65
note_on 66
velocity 60
time 71
note_on 99
velocity 68
time 48
note_off 66
time 18
note_off 99
time 78
note_on 66
velocity 17
time 18
note_off 66
time 258
note_on 97
velocity 61
time 55
note_off 56
time 66
note_on 94
velocity 78
time 10
note_off 61
time 4
note_off 97
time 45
note_on 92
velocity 77
time 21
note_off 94
time 33
note_off 92
time 30
note_on 90
velocity 67
time 15
note_off 90
time 33
note_on 87
velocity 80
time 10
note_off 87
time 35
note_on 85
velocity 79
time 53
note_off 85
time 56
note_on 82
velocity 76
time 25
note_off 82
time 34
note_on 80
velocity 73
time 43
note_off 80
time 32
note_on 78
velocity 69
time 56
note_off 78
time 106
note_on 75
velocity 56
time 16
note_off 75
time 51
note_on 73
velocity 59
time 38
note_off 73
time 29
note_on 68
velocity 58
time 3
note_on 49
velocity 35
time 4
note_on 56
velocity 43
time 11
note_on 59
velocity 41
time 1
note_on 66
velocity 33
time 10
note_on 63
velocity 26
time 11
note_off 66
time 3
note_on 66
velocity 16
time 0
note_off 59
time 12
note_off 63
time 17
note_on 70
velocity 60
time 16
note_on 61
velocity 45
time 13
note_off 68
time 0
note_on 65
velocity 30
time 8
note_off 66
time 17
note_off 56
time 2
note_off 61
time 12
note_off 49
time 2
note_on 68
velocity 53
time 269
note_off 65
time 8
note_on 66
velocity 49
time 13
note_off 68
time 0
note_on 58
velocity 44
time 3
note_on 54
velocity 43
time 6
note_off 70
time 2
note_off 58
time 203
note_off 66
time 14
note_on 61
velocity 45
time 25
note_on 68
velocity 58
time 234
note_on 92
velocity 75
time 0
note_on 59
velocity 55
time 8
note_off 61
time 25
note_off 54
time 6
note_off 68
time 2
note_off 92
time 11
note_on 94
velocity 73
time 31
note_off 94
time 38
note_off 59
time 13
note_on 92
velocity 63
time 13
note_off 92
time 37
note_on 85
velocity 65
time 22
note_on 56
velocity 54
time 14
note_on 65
velocity 36
time 10
note_off 85
time 19
note_off 56
time 6
note_off 65
time 13
note_on 97
velocity 67
time 21
note_off 97
time 40
note_on 85
velocity 54
time 27
note_off 85
time 32
note_on 85
velocity 71
time 61
note_on 66
velocity 54
time 4
note_on 54
velocity 52
time 1
note_on 58
velocity 44
time 23
note_off 85
time 28
note_on 87
velocity 81
time 17
note_off 87
time 70
note_on 85
velocity 61
time 8
note_off 66
time 28
note_off 85
time 14
note_off 58
time 2
note_on 78
velocity 73
time 16
note_on 61
velocity 57
time 28
note_off 78
time 32
note_on 90
velocity 68
time 40
note_off 90
time 48
note_on 78
velocity 58
time 16
note_off 78
time 55
note_on 80
velocity 74
time 31
note_on 68
velocity 59
time 10
note_on 59
velocity 55
time 1
note_off 61
time 4
note_off 54
time 25
note_off 68
time 11
note_off 80
time 18
note_on 82
velocity 70
time 22
note_off 59
time 19
note_on 80
velocity 61
time 38
note_off 82
time 29
note_off 80
time 35
note_on 73
velocity 65
time 25
note_on 56
velocity 54
time 11
note_on 65
velocity 45
time 1
note_off 65
time 33
note_off 56
time 3
note_on 66
velocity 49
time 3
note_on 58
velocity 46
time 10
note_on 54
velocity 46
time 5
note_off 66
time 14
note_off 58
time 8
note_off 54
time 3
note_off 73
time 0
note_on 78
velocity 58
time 13
note_off 78
time 38
note_on 80
velocity 68
time 9
note_off 80
time 3
note_on 82
velocity 67
time 6
note_on 80
velocity 67
time 18
note_off 82
time 16
note_off 80
time 33
note_on 78
velocity 71
time 16
note_off 78
time 46
note_on 63
velocity 52
time 37
note_on 73
velocity 50
time 13
note_on 53
velocity 39
time 4
note_on 59
velocity 15
time 10
note_off 63
time 2
note_off 53
time 5
note_off 59
time 7
note_off 73
time 2
note_on 80
velocity 66
time 2
note_off 80
time 7
note_on 85
velocity 72
time 6
note_off 85
time 0
note_on 49
velocity 64
time 18
note_on 87
velocity 72
time 7
note_on 61
velocity 45
time 10
note_off 49
time 11
note_off 61
time 15
note_on 85
velocity 64
time 34
note_off 85
time 54
note_off 87
time 3
note_on 80
velocity 72
time 6
note_off 80
time 45
note_on 63
velocity 62
time 26
note_on 78
velocity 64
time 5
note_on 54
velocity 53
time 0
note_on 58
velocity 45
time 9
note_off 54
time 5
note_on 85
velocity 77
time 3
note_off 78
time 3
note_off 63
time 3
note_off 58
time 11
note_on 90
velocity 78
time 3
note_off 85
time 0
note_off 90
time 12
note_on 49
velocity 66
time 4
note_on 92
velocity 78
time 7
note_on 61
velocity 29
time 14
note_off 49
time 3
note_off 61
time 17
note_on 90
velocity 70
time 0
note_off 90
time 4
note_off 92
time 14
note_on 87
velocity 73
time 6
note_off 87
time 36
note_on 59
velocity 52
time 1
note_on 85
velocity 70
time 0
note_on 53
velocity 55
time 7
note_on 63
velocity 57
time 3
note_off 63
time 3
note_off 59
time 3
note_on 92
velocity 83
time 6
note_off 85
time 4
note_off 53
time 1
note_on 97
velocity 74
time 14
note_off 92
time 2
note_off 97
time 45
note_on 49
velocity 69
time 2
note_on 99
velocity 79
time 4
note_off 49
time 27
note_on 97
velocity 78
time 12
note_off 99
time 12
note_off 97
time 17
note_on 92
velocity 67
time 14
note_off 92
time 19
note_on 90
velocity 68
time 2
note_on 54
velocity 48
time 2
note_on 66
velocity 47
time 9
note_on 58
velocity 50
time 4
note_off 90
time 5
note_on 92
velocity 78
time 1
note_off 92
time 15
note_on 90
velocity 68
time 3
note_off 90
time 10
note_off 58
time 13
note_on 85
velocity 75
time 11
note_on 61
velocity 63
time 3
note_off 66
time 2
note_off 85
time 14
note_on 97
velocity 84
time 44
note_off 97
time 31
note_on 85
velocity 29
time 31
note_off 85
time 37
note_on 85
velocity 40
time 0
note_off 54
time 11
note_on 68
velocity 66
time 2
note_on 59
velocity 59
time 1
note_off 68
time 35
note_on 87
velocity 88
time 9
note_off 85
time 4
note_off 87
time 14
note_on 85
velocity 65
time 3
note_off 61
time 2
note_off 59
time 10
note_off 85
time 2
note_on 80
velocity 81
time 9
note_on 56
velocity 62
time 6
note_on 65
velocity 53
time 3
note_off 65
time 34
note_off 56
time 9
note_off 80
time 2
note_on 92
velocity 89
time 21
note_off 92
time 1
note_on 80
velocity 76
time 16
note_off 80
time 10
note_on 54
velocity 50
time 10
note_on 66
velocity 54
time 0
note_on 80
velocity 79
time 1
note_on 58
velocity 43
time 5
note_off 80
time 54
note_on 82
velocity 83
time 3
note_off 82
time 67
note_on 80
velocity 70
time 12
note_off 80
time 37
note_off 58
time 1
note_on 78
velocity 77
time 21
note_on 61
velocity 57
time 10
note_off 66
time 4
note_off 78
time 52
note_on 90
velocity 69
time 29
note_off 90
time 36
note_on 78
velocity 65
time 32
note_off 78
time 60
note_on 59
velocity 52
time 33
note_off 61
time 4
note_on 68
velocity 58
time 8
note_on 73
velocity 61
time 12
note_off 54
time 71
note_off 68
time 0
note_off 59
time 107
note_on 56
velocity 53
time 72
note_on 65
velocity 40
time 5
note_off 56
time 31
note_off 65
time 2
note_on 66
velocity 58
time 130
note_on 54
velocity 48
time 12
note_on 58
velocity 47
time 6
note_off 66
time 3
note_off 73
time 1
note_off 54
time 12
note_off 58
time 1
note_on 78
velocity 52
time 0
note_off 78
time 6
note_on 80
velocity 63
time 1
note_off 80
time 14
note_on 82
velocity 65
time 17
note_on 80
velocity 65
time 13
note_off 82
time 5
note_off 80
time 19
note_on 78
velocity 73
time 11
note_off 78
time 33
note_on 73
velocity 66
time 44
note_on 63
velocity 57
time 14
note_on 53
velocity 49
time 13
note_on 59
velocity 40
time 4
note_off 73
time 4
note_off 63
time 1
note_off 59
time 6
note_off 53
time 7
note_on 80
velocity 70
time 8
note_off 80
time 3
note_on 85
velocity 62
time 15
note_off 85
time 11
note_on 49
velocity 67
time 0
note_on 61
velocity 61
time 12
note_on 87
velocity 77
time 0
note_off 49
time 8
note_off 61
time 0
note_on 85
velocity 72
time 0
note_off 85
time 60
note_on 80
velocity 74
time 3
note_off 87
time 0
note_off 80
time 53
note_on 63
velocity 69
time 7
note_on 54
velocity 62
time 5
note_on 78
velocity 76
time 3
note_on 58
velocity 54
time 7
note_on 85
velocity 77
time 19
note_off 54
time 0
note_off 63
time 8
note_off 78
time 0
note_off 58
time 4
note_on 90
velocity 78
time 15
note_off 85
time 6
note_on 49
velocity 70
time 0
note_on 61
velocity 71
time 1
note_on 92
velocity 91
time 9
note_off 90
time 1
note_off 49
time 14
note_off 61
time 2
note_on 90
velocity 82
time 3
note_on 85
velocity 79
time 1
note_off 92
time 8
note_off 90
time 3
note_on 80
velocity 81
time 28
note_off 85
time 1
note_on 59
velocity 70
time 8
note_on 53
velocity 73
time 3
note_on 63
velocity 85
time 0
note_off 63
time 9
note_off 59
time 2
note_on 85
velocity 85
time 6
note_off 80
time 2
note_off 53
time 3
note_on 92
velocity 88
time 1
note_off 85
time 11
note_on 49
velocity 83
time 55
note_on 61
velocity 66
time 11
note_on 94
velocity 103
time 4
note_off 92
time 2
note_off 49
time 22
note_off 61
time 11
note_on 92
velocity 81
time 58
note_off 94
time 57
note_off 92
time 15
note_on 54
velocity 70
time 10
note_on 85
velocity 77
time 2
note_on 56
velocity 48
time 3
note_on 61
velocity 72
time 15
note_off 54
time 1
note_off 85
time 19
note_off 56
time 1
note_on 70
velocity 93
time 2
note_on 94
velocity 99
time 13
note_off 70
time 14
note_off 61
time 2
note_off 94
time 28
note_on 85
velocity 91
time 36
note_off 85
time 55
note_on 92
velocity 87
time 30
note_on 82
velocity 86
time 62
note_off 92
time 7
note_off 82
time 65
note_on 92
velocity 87
time 10
note_on 85
velocity 79
time 70
note_on 90
velocity 88
time 2
note_off 85
time 2
note_off 92
time 21
note_on 82
velocity 79
time 31
note_off 90
time 1
note_off 82
time 67
note_on 49
velocity 55
time 12
note_on 87
velocity 88
time 6
note_on 56
velocity 66
time 16
note_off 49
time 17
note_on 59
velocity 65
time 21
note_off 87
time 3
note_on 80
velocity 86
time 23
note_on 65
velocity 74
time 1
note_off 80
time 32
note_off 56
time 2
note_off 65
time 0
note_off 59
time 13
note_on 85
velocity 86
time 39
note_off 85
time 63
note_on 73
velocity 80
time 15
note_off 73
time 67
note_on 82
velocity 100
time 10
note_on 66
velocity 97
time 4
note_on 54
velocity 86
time 15
note_on 58
velocity 76
time 5
note_off 66
time 12
note_off 54
time 2
note_off 58
time 4
note_off 82
time 10
note_on 73
velocity 82
time 42
note_off 73
time 65
note_on 80
velocity 94
time 8
note_off 80
time 70
note_on 70
velocity 89
time 8
note_off 70
time 61
note_on 80
velocity 86
time 17
note_on 73
velocity 84
time 70
note_off 73
time 62
note_on 78
velocity 82
time 13
note_off 80
time 0
note_off 78
time 10
note_on 70
velocity 75
time 8
note_off 70
time 44
note_on 37
velocity 62
time 16
note_on 75
velocity 88
time 11
note_on 44
velocity 71
time 12
note_off 37
time 12
note_on 47
velocity 72
time 25
note_on 53
velocity 79
time 12
note_off 75
time 0
note_on 68
velocity 81
time 23
note_off 53
time 13
note_off 44
time 4
note_off 47
time 0
note_off 68
time 13
note_on 73
velocity 82
time 61
note_off 73
time 62
note_on 61
velocity 76
time 17
note_off 61
time 45
note_on 54
velocity 98
time 21
note_on 42
velocity 89
time 6
note_on 46
velocity 81
time 4
note_on 70
velocity 100
time 0
note_off 54
time 11
note_off 42
time 4
note_off 46
time 2
note_off 70
time 18
note_on 61
velocity 85
time 26
note_on 68
velocity 93
time 84
note_off 61
time 2
note_off 68
time 66
note_on 58
velocity 80
time 19
note_off 58
time 61
note_on 68
velocity 87
time 19
note_on 61
velocity 79
time 78
note_off 61
time 63
note_on 66
velocity 82
time 0
note_off 68
time 29
note_off 66
time 22
note_on 58
velocity 85
time 32
note_off 58
time 58
note_on 63
velocity 72
time 29
note_off 63
time 9
note_on 37
velocity 90
time 19
note_on 56
velocity 80
time 9
note_off 37
time 30
note_off 56
time 9
note_on 61
velocity 75
time 45
note_on 49
velocity 73
time 86
note_off 61
time 18
note_off 49
time 26
note_on 42
velocity 95
time 30
note_on 30
velocity 86
time 3
note_on 58
velocity 71
time 12
note_off 30
time 4
note_off 42
time 1
note_off 58
time 13
note_on 54
velocity 76
time 44
note_off 54
time 45
note_on 63
velocity 75
time 6
note_on 37
velocity 92
time 16
note_off 63
time 11
note_on 49
velocity 82
time 12
note_off 37
time 11
note_off 49
time 57
note_on 61
velocity 72
time 28
note_on 56
velocity 79
time 78
note_off 61
time 7
note_on 42
velocity 94
time 43
note_on 30
velocity 86
time 8
note_on 58
velocity 82
time 17
note_off 42
time 9
note_off 30
time 6
note_off 56
time 8
note_off 58
time 34
note_on 54
velocity 80
time 17
note_off 54
time 67
note_on 63
velocity 84
time 28
note_on 37
velocity 87
time 19
note_off 63
time 2
note_on 49
velocity 87
time 7
note_off 37
time 33
note_off 49
time 32
note_on 61
velocity 66
time 26
note_on 56
velocity 81
time 75
note_off 61
time 11
note_on 42
velocity 99
time 70
note_on 58
velocity 89
time 2
note_on 30
velocity 87
time 11
note_off 56
time 8
note_off 58
time 20
note_off 30
time 34
note_off 42
time 78
note_on 58
velocity 74
time 48
note_on 61
velocity 61
time 18
note_off 58
time 54
note_on 56
velocity 73
time 16
note_off 61
time 9
note_off 56
time 34
note_on 54
velocity 71
time 14
note_off 54
time 56
note_on 66
velocity 70
time 12
note_on 63
velocity 58
time 1
note_off 63
time 63
note_on 61
velocity 67
time 13
note_off 66
time 7
note_off 61
time 53
note_on 58
velocity 66
time 19
note_off 58
time 36
note_on 42
velocity 64
time 32
note_on 70
velocity 67
time 14
note_on 66
velocity 45
time 16
note_off 42
time 6
note_on 49
velocity 58
time 0
note_on 63
velocity 60
time 7
note_off 66
time 0
note_off 70
time 10
note_on 58
velocity 51
time 12
note_off 63
time 3
note_off 49
time 10
note_on 61
velocity 76
time 0
note_off 58
time 8
note_off 61
time 15
note_on 73
velocity 73
time 17
note_on 70
velocity 58
time 5
note_on 42
velocity 15
time 16
note_on 49
velocity 56
time 31
note_off 70
time 11
note_on 68
velocity 70
time 2
note_off 73
time 7
note_off 42
time 2
note_off 49
time 26
note_off 68
time 14
note_on 58
velocity 59
time 4
note_on 66
velocity 73
time 18
note_off 58
time 27
note_off 66
time 27
note_on 46
velocity 70
time 31
note_on 78
velocity 76
time 6
note_on 75
velocity 54
time 10
note_off 46
time 11
note_on 54
velocity 72
time 1
note_on 73
velocity 74
time 3
note_off 75
time 11
note_off 78
time 0
note_off 54
time 2
note_on 61
velocity 68
time 21
note_on 70
velocity 82
time 6
note_off 73
time 2
note_off 61
time 1
note_off 70
time 15
note_on 49
velocity 70
time 0
note_on 78
velocity 72
time 0
note_on 82
velocity 83
time 0
note_off 49
time 26
note_off 78
time 21
note_on 75
velocity 76
time 1
note_on 58
velocity 64
time 1
note_off 82
time 1
note_off 58
time 9
note_on 73
velocity 76
time 16
note_off 75
time 5
note_on 66
velocity 69
time 4
note_off 66
time 37
note_off 73
time 14
note_on 85
velocity 81
time 0
note_on 54
velocity 67
time 3
note_on 82
velocity 75
time 2
note_off 54
time 3
note_on 61
velocity 70
time 12
note_on 80
velocity 77
time 5
note_off 82
time 0
note_off 85
time 9
note_off 61
time 29
note_on 70
velocity 71
time 5
note_off 80
time 14
note_on 78
velocity 71
time 5
note_off 70
time 18
note_off 78
time 16
note_on 90
velocity 84
time 3
note_on 58
velocity 62
time 3
note_on 87
velocity 73
time 4
note_off 58
time 2
note_on 66
velocity 72
time 16
note_on 85
velocity 77
time 11
note_off 87
time 7
note_off 90
time 12
note_off 66
time 6
note_on 73
velocity 67
time 33
note_on 82
velocity 77
time 12
note_off 85
time 2
note_off 73
time 21
note_off 82
time 6
note_on 61
velocity 57
time 9
note_on 94
velocity 87
time 3
note_on 90
velocity 73
time 7
note_off 61
time 22
note_on 70
velocity 75
time 11
note_off 90
time 4
note_on 87
velocity 76
time 15
note_off 70
time 1
note_off 94
time 3
note_on 85
velocity 79
time 38
note_on 78
velocity 73
time 11
note_off 87
time 0
note_off 85
time 31
note_off 78
time 11
note_on 87
velocity 90
time 39
note_on 90
velocity 88
time 1
note_on 66
velocity 67
time 4
note_off 87
time 72
note_off 66
time 2
note_on 85
velocity 78
time 1
note_on 70
velocity 74
time 11
note_off 90
time 19
note_on 78
velocity 63
time 12
note_on 82
velocity 83
time 26
note_off 85
time 5
note_off 78
time 3
note_off 70
time 6
note_off 82
time 45
note_on 61
velocity 78
time 10
note_on 94
velocity 101
time 5
note_on 90
velocity 67
time 12
note_off 61
time 2
note_off 90
time 13
note_on 70
velocity 78
time 9
note_on 87
velocity 80
time 9
note_off 94
time 2
note_off 70
time 20
note_on 85
velocity 83
time 23
note_on 78
velocity 83
time 1
note_off 87
time 10
note_off 85
time 41
note_off 78
time 11
note_on 90
velocity 96
time 28
note_on 87
velocity 94
time 4
note_on 66
velocity 78
time 2
note_off 87
time 72
note_on 85
velocity 83
time 4
note_off 66
time 5
note_on 70
velocity 69
time 6
note_off 90
time 14
note_on 78
velocity 72
time 8
note_on 82
velocity 89
time 25
note_off 78
time 5
note_off 85
time 5
note_off 70
time 13
note_off 82
time 38
note_on 61
velocity 77
time 35
note_on 94
velocity 99
time 1
note_on 90
velocity 76
time 11
note_off 61
time 23
note_off 90
time 16
note_on 70
velocity 78
time 19
note_on 87
velocity 81
time 5
note_off 94
time 28
note_off 70
time 44
note_on 85
velocity 85
time 2
note_on 78
velocity 83
time 1
note_off 87
time 11
note_off 85
time 47
note_off 78
time 12
note_on 90
velocity 95
time 26
note_on 66
velocity 82
time 6
note_on 87
velocity 96
time 0
note_off 66
time 78
note_on 70
velocity 72
time 6
note_on 85
velocity 78
time 0
note_off 87
time 1
note_off 90
time 26
note_on 78
velocity 65
time 22
note_off 70
time 22
note_off 85
time 0
note_on 82
velocity 82
time 1
note_off 78
time 8
note_off 82
time 53
note_on 61
velocity 81
time 19
note_on 94
velocity 101
time 7
note_on 90
velocity 78
time 13
note_off 61
time 23
note_on 70
velocity 77
time 25
note_on 87
velocity 87
time 15
note_off 90
time 13
note_off 94
time 31
note_on 78
velocity 80
time 38
note_on 85
velocity 84
time 2
note_off 87
time 14
note_off 85
time 0
note_off 70
time 13
note_on 66
velocity 94
time 5
note_on 82
velocity 99
time 13
note_on 90
velocity 105
time 0
note_off 78
time 1
note_off 82
time 4
note_off 66
time 6
note_off 90
time 10
note_on 90
velocity 102
time 266
note_on 78
velocity 89
time 2
note_on 66
velocity 93
time 5
note_on 54
velocity 88
time 8
note_off 78
time 38
note_off 54
time 7
note_off 66
time 0
note_off 90
time 16
note_on 75
velocity 85
time 111
note_on 63
velocity 83
time 1
note_on 87
velocity 86
time 1
note_on 51
velocity 64
time 14
note_off 75
time 6
note_off 87
time 5
note_off 63
time 5
note_off 51
time 10
note_on 85
velocity 100
time 68
note_on 61
velocity 88
time 1
note_on 73
velocity 90
time 2
note_on 49
velocity 72
time 11
note_off 61
time 13
note_off 73
time 1
note_off 85
time 3
note_off 49
time 8
note_on 58
velocity 90
time 71
note_on 70
velocity 99
time 2
note_on 82
velocity 102
time 3
note_on 46
velocity 82
time 3
note_off 58
time 18
note_off 70
time 0
note_off 46
time 19
note_off 82
time 6
note_on 56
velocity 83
time 62
note_on 68
velocity 97
time 3
note_on 80
velocity 103
time 1
note_on 44
velocity 77
time 4
note_off 68
time 17
note_off 44
time 8
note_off 56
time 3
note_off 80
time 20
note_on 54
velocity 87
time 52
note_on 42
velocity 84
time 9
note_on 66
velocity 92
time 0
note_on 78
velocity 89
time 5
note_off 54
time 12
note_off 42
time 6
note_off 66
time 0
note_off 78
time 6
note_on 51
velocity 84
time 71
note_on 63
velocity 98
time 4
note_on 75
velocity 95
time 4
note_on 39
velocity 81
time 2
note_off 51
time 25
note_off 63
time 1
note_off 39
time 9
note_off 75
time 4
note_on 49
velocity 83
time 68
note_on 61
velocity 100
time 0
note_on 73
velocity 93
time 5
note_on 37
velocity 78
time 4
note_off 49
time 23
note_off 37
time 8
note_off 61
time 2
note_off 73
time 8
note_on 58
velocity 100
time 70
note_on 46
velocity 84
time 3
note_on 70
velocity 106
time 0
note_on 34
velocity 76
time 11
note_off 46
time 27
note_off 58
time 3
note_off 70
time 7
note_off 34
time 5
note_on 56
velocity 98
time 65
note_on 68
velocity 105
time 0
note_on 44
velocity 91
time 11
note_on 32
velocity 89
time 3
note_on 58
velocity 70
time 8
note_on 42
velocity 51
time 21
note_off 58
time 1
note_off 44
time 1
note_off 56
time 13
note_off 68
time 1
note_off 32
time 1
note_off 42
time 12
note_on 42
velocity 93
time 6
note_on 54
velocity 95
time 4
note_on 66
velocity 93
time 3
note_on 30
velocity 84
time 5
note_off 54
time 151
note_off 30
time 1
note_off 42
time 17
note_off 66
time 14
note_on 54
velocity 69
time 330
note_on 61
velocity 79
time 56
note_off 54
time 22
note_on 70
velocity 104
time 51
note_on 94
velocity 104
time 0
note_on 82
velocity 96
time 3
note_on 85
velocity 96
time 2
note_on 90
velocity 98
time 4
note_off 70
time 32
note_off 61
time 6
note_on 91
velocity 49
time 8
note_off 82
time 8
note_off 85
time 2
note_on 92
velocity 33
time 3
note_off 94
time 12
note_off 91
time 5
note_off 90
time 5
note_off 92
time 11
note_on 54
velocity 105
time 830
note_on 42
velocity 102
time 7
note_on 30
velocity 95
time 7
note_off 30
time 2145
note_off 54
time 50
note_off 42
time 22
