note_on 48
velocity 96
time 991
note_on 36
velocity 86
time 8
note_off 48
time 67
note_on 48
velocity 87
time 94
note_off 48
time 86
note_on 55
velocity 75
time 19
note_on 60
velocity 75
time 75
note_off 55
time 9
note_on 64
velocity 81
time 46
note_off 60
time 28
note_off 64
time 8
note_on 60
velocity 73
time 53
note_off 60
time 78
note_on 67
velocity 76
time 11
note_on 72
velocity 81
time 54
note_off 67
time 8
note_on 76
velocity 86
time 72
note_off 72
time 8
note_off 76
time 21
note_on 72
velocity 79
time 50
note_on 79
velocity 88
time 80
note_off 72
time 5
note_on 84
velocity 86
time 69
note_off 79
time 9
note_on 88
velocity 94
time 62
note_off 84
time 13
note_off 88
time 37
note_on 84
velocity 79
time 42
note_on 91
velocity 92
time 72
note_off 84
time 10
note_on 96
velocity 89
time 84
note_off 91
time 38
note_on 100
velocity 100
time 67
note_off 96
time 17
note_on 48
velocity 14
time 55
note_off 100
time 7
note_on 96
velocity 64
time 23
note_on 91
velocity 82
time 45
note_off 96
time 2
note_off 91
time 60
note_on 84
velocity 56
time 18
note_off 84
time 39
note_on 88
velocity 100
time 41
note_off 48
time 56
note_off 88
time 17
note_on 84
velocity 66
time 14
note_on 79
velocity 81
time 59
note_off 84
time 19
note_off 79
time 45
note_on 72
velocity 76
time 9
note_off 72
time 37
note_on 76
velocity 96
time 54
note_off 36
time 9
note_off 76
time 63
note_on 72
velocity 55
time 32
note_on 74
velocity 9
time 3
note_on 71
velocity 56
time 32
note_on 67
velocity 72
time 12
note_off 71
time 15
note_off 74
time 0
note_off 72
time 10
note_off 67
time 42
note_on 60
velocity 75
time 1
note_off 60
time 40
note_on 64
velocity 85
time 57
note_on 65
velocity 68
time 9
note_off 65
time 22
note_off 64
time 43
note_on 60
velocity 59
time 41
note_on 61
velocity 11
time 14
note_on 55
velocity 74
time 17
note_on 62
velocity 6
time 9
note_off 60
time 15
note_off 61
time 23
note_off 62
time 25
note_on 48
velocity 77
time 1
note_off 55
time 29
note_off 48
time 34
note_on 41
velocity 99
time 34
note_on 29
velocity 85
time 10
note_on 48
velocity 70
time 22
note_off 48
time 8
note_on 57
velocity 75
time 9
note_on 60
velocity 74
time 41
note_off 57
time 2
note_off 60
time 79
note_on 65
velocity 69
time 0
note_on 67
velocity 35
time 31
note_off 65
time 3
note_off 41
time 1
note_off 29
time 27
note_off 67
time 18
note_on 60
velocity 74
time 5
note_off 60
time 79
note_on 69
velocity 82
time 9
note_on 72
velocity 83
time 77
note_off 69
time 3
note_on 77
velocity 87
time 59
note_off 72
time 6
note_off 77
time 52
note_on 72
velocity 84
time 45
note_off 72
time 39
note_on 81
velocity 86
time 38
note_on 84
velocity 83
time 68
note_off 81
time 10
note_on 89
velocity 88
time 61
note_off 84
time 7
note_off 89
time 41
note_on 84
velocity 78
time 37
note_off 84
time 59
note_on 93
velocity 89
time 22
note_on 96
velocity 84
time 88
note_off 93
time 23
note_on 42
velocity 103
time 66
note_on 30
velocity 89
time 6
note_on 100
velocity 95
time 8
note_off 96
time 15
note_off 100
time 53
note_on 96
velocity 67
time 15
note_on 93
velocity 78
time 7
note_off 96
time 11
note_off 93
time 6
note_on 84
velocity 66
time 26
note_off 84
time 46
note_on 88
velocity 96
time 47
note_off 88
time 89
note_on 84
velocity 70
time 19
note_on 81
velocity 80
time 61
note_off 84
time 25
note_off 81
time 40
note_on 72
velocity 79
time 6
note_off 72
time 76
note_on 76
velocity 97
time 46
note_off 76
time 115
note_on 72
velocity 78
time 4
note_on 69
velocity 78
time 65
note_off 72
time 22
note_off 69
time 43
note_on 60
velocity 70
time 20
note_off 60
time 43
note_on 62
velocity 92
time 53
note_on 60
velocity 62
time 85
note_off 42
time 1
note_off 30
time 7
note_off 62
time 41
note_on 57
velocity 78
time 6
note_off 60
time 50
note_on 48
velocity 81
time 34
note_off 57
time 27
note_off 48
time 18
note_on 43
velocity 97
time 90
note_on 31
velocity 83
time 9
note_on 47
velocity 76
time 41
note_off 47
time 1
note_on 55
velocity 75
time 17
note_off 31
time 41
note_off 43
time 2
note_on 59
velocity 75
time 39
note_off 55
time 13
note_on 62
velocity 81
time 55
note_off 59
time 17
note_off 62
time 31
note_on 59
velocity 74
time 47
note_off 59
time 66
note_on 67
velocity 82
time 16
note_on 71
velocity 76
time 79
note_off 67
time 8
note_on 74
velocity 81
time 68
note_on 42
velocity 102
time 7
note_on 30
velocity 86
time 3
note_off 71
time 3
note_off 74
time 17
note_on 71
velocity 81
time 8
note_off 71
time 27
note_off 30
time 9
note_off 42
time 6
note_on 79
velocity 86
time 12
note_on 83
velocity 80
time 84
note_off 79
time 27
note_on 40
velocity 96
time 64
note_on 86
velocity 87
time 0
note_on 28
velocity 94
time 5
note_off 83
time 1
note_off 86
time 25
note_on 83
velocity 84
time 4
note_off 83
time 30
note_on 91
velocity 91
time 25
note_off 40
time 14
note_off 28
time 20
note_on 93
velocity 83
time 64
note_off 91
time 39
note_on 38
velocity 96
time 79
note_on 98
velocity 98
time 0
note_on 26
velocity 89
time 5
note_off 93
time 7
note_off 98
time 57
note_on 93
velocity 70
time 12
note_on 90
velocity 82
time 69
note_off 93
time 26
note_on 84
velocity 71
time 4
note_off 90
time 4
note_off 84
time 29
note_on 86
velocity 97
time 58
note_off 86
time 90
note_on 81
velocity 80
time 14
note_on 78
velocity 82
time 55
note_off 81
time 36
note_off 26
time 7
note_off 38
time 28
note_on 72
velocity 68
time 4
note_off 78
time 3
note_off 72
time 39
note_on 74
velocity 93
time 57
note_off 74
time 98
note_on 69
velocity 67
time 18
note_on 71
velocity 22
time 34
note_on 66
velocity 76
time 17
note_off 69
time 27
note_off 71
time 7
note_off 66
time 39
note_on 60
velocity 61
time 4
note_off 60
time 40
note_on 62
velocity 89
time 47
note_off 62
time 104
note_on 57
velocity 77
time 2
note_on 54
velocity 76
time 65
note_off 57
time 23
note_on 48
velocity 75
time 59
note_off 54
time 3
note_off 48
time 105
note_on 43
velocity 95
time 11
note_on 31
velocity 91
time 6
note_on 48
velocity 72
time 45
note_off 48
time 63
note_on 53
velocity 74
time 22
note_on 56
velocity 76
time 11
note_off 53
time 1
note_off 56
time 53
note_on 62
velocity 77
time 1
note_off 62
time 52
note_on 60
velocity 74
time 54
note_on 65
velocity 77
time 84
note_off 60
time 3
note_on 68
velocity 77
time 51
note_off 65
time 28
note_off 68
time 46
note_on 74
velocity 79
time 4
note_off 74
time 45
note_on 72
velocity 78
time 51
note_on 77
velocity 83
time 77
note_off 72
time 7
note_on 80
velocity 80
time 64
note_off 77
time 17
note_off 80
time 51
note_on 86
velocity 83
time 2
note_off 86
time 46
note_on 84
velocity 75
time 53
note_on 89
velocity 91
time 69
note_off 84
time 21
note_on 92
velocity 87
time 64
note_off 89
time 37
note_off 92
time 5
note_on 98
velocity 97
time 9
note_off 98
time 0
note_on 91
velocity 71
time 15
note_on 89
velocity 83
time 40
note_off 91
time 9
note_off 89
time 47
note_on 83
velocity 64
time 10
note_off 83
time 40
note_on 86
velocity 95
time 36
note_off 86
time 83
note_on 79
velocity 85
time 18
note_on 77
velocity 79
time 65
note_off 79
time 17
note_off 77
time 45
note_on 71
velocity 71
time 5
note_off 71
time 65
note_on 74
velocity 90
time 25
note_off 74
time 95
note_on 67
velocity 72
time 20
note_on 69
velocity 51
time 13
note_off 69
time 31
note_on 65
velocity 77
time 8
note_off 67
time 21
note_off 65
time 48
note_on 59
velocity 79
time 37
note_off 31
time 2
note_off 43
time 1
note_on 63
velocity 87
time 97
note_off 59
time 18
note_off 63
time 73
note_on 55
velocity 78
time 55
note_on 53
velocity 82
time 95
note_off 55
time 20
note_on 47
velocity 81
time 65
note_off 53
time 13
note_off 47
time 47
note_on 48
velocity 95
time 87
note_on 36
velocity 84
time 5
note_off 48
time 12
note_on 48
velocity 70
time 16
note_off 48
time 60
note_on 55
velocity 77
time 17
note_on 60
velocity 75
time 77
note_off 55
time 5
note_on 64
velocity 80
time 58
note_off 60
time 23
note_off 64
time 12
note_on 60
velocity 73
time 53
note_off 60
time 69
note_on 67
velocity 76
time 11
note_on 72
velocity 79
time 67
note_off 67
time 9
note_on 76
velocity 85
time 61
note_off 72
time 10
note_off 76
time 31
note_on 72
velocity 81
time 51
note_off 72
time 66
note_on 79
velocity 85
time 3
note_on 84
velocity 82
time 79
note_off 79
time 11
note_on 88
velocity 90
time 65
note_off 84
time 7
note_off 88
time 35
note_on 84
velocity 78
time 39
note_on 91
velocity 90
time 80
note_off 84
time 2
note_on 96
velocity 89
time 90
note_off 91
time 38
note_on 100
velocity 96
time 78
note_off 96
time 22
note_off 100
time 65
note_on 96
velocity 64
time 12
note_off 96
time 60
note_on 91
velocity 79
time 10
note_off 91
time 40
note_on 84
velocity 69
time 26
note_off 84
time 38
note_on 88
velocity 96
time 47
note_off 88
time 86
note_on 84
velocity 68
time 13
note_on 79
velocity 79
time 60
note_off 84
time 3
note_off 79
time 56
note_off 36
time 6
note_on 72
velocity 67
time 14
note_off 72
time 41
note_on 76
velocity 93
time 52
note_off 76
time 92
note_on 72
velocity 67
time 12
note_on 67
velocity 70
time 62
note_off 72
time 5
note_off 67
time 41
note_on 60
velocity 66
time 30
note_off 60
time 39
note_on 64
velocity 90
time 55
note_on 60
velocity 53
time 79
note_off 64
time 1
note_on 55
velocity 70
time 84
note_off 60
time 16
note_on 48
velocity 72
time 62
note_off 55
time 40
note_off 48
time 39
note_on 45
velocity 88
time 40
note_on 33
velocity 80
time 7
note_on 48
velocity 63
time 41
note_off 48
time 2
note_on 53
velocity 71
time 4
note_off 53
time 0
note_on 60
velocity 72
time 8
note_on 65
velocity 80
time 80
note_off 60
time 11
note_off 65
time 34
note_on 60
velocity 67
time 52
note_off 60
time 69
note_on 65
velocity 75
time 3
note_off 65
time 71
note_on 72
velocity 79
time 2
note_on 77
velocity 87
time 82
note_off 72
time 4
note_off 77
time 45
note_on 72
velocity 69
time 44
note_off 72
time 61
note_on 77
velocity 80
time 11
note_on 84
velocity 80
time 72
note_off 77
time 6
note_on 89
velocity 86
time 75
note_off 84
time 10
note_off 89
time 27
note_on 84
velocity 70
time 41
note_on 89
velocity 85
time 70
note_off 84
time 6
note_on 96
velocity 79
time 94
note_off 89
time 11
note_on 95
velocity 64
time 11
note_off 95
time 35
note_on 100
velocity 94
time 17
note_off 96
time 3
note_off 100
time 2
note_on 96
velocity 68
time 12
note_off 96
time 40
note_on 90
velocity 80
time 23
note_off 90
time 50
note_on 84
velocity 62
time 3
note_off 84
time 42
note_on 88
velocity 97
time 44
note_off 88
time 80
note_on 84
velocity 68
time 25
note_off 84
time 68
note_on 78
velocity 78
time 5
note_on 72
velocity 70
time 54
note_off 78
time 13
note_off 45
time 21
note_off 72
time 8
note_on 76
velocity 93
time 58
note_off 33
time 17
note_off 76
time 64
note_on 72
velocity 69
time 26
note_off 72
time 63
note_on 66
velocity 76
time 6
note_on 60
velocity 68
time 67
note_off 66
time 7
note_off 60
time 39
note_on 64
velocity 91
time 57
note_off 64
time 82
note_on 60
velocity 67
time 16
note_on 54
velocity 73
time 88
note_off 60
time 6
note_on 48
velocity 74
time 55
note_off 54
time 31
note_off 48
time 55
note_on 43
velocity 95
time 23
note_on 31
velocity 88
time 5
note_on 48
velocity 71
time 26
note_off 48
time 75
note_on 55
velocity 67
time 7
note_on 60
velocity 71
time 18
note_off 55
time 13
note_on 62
velocity 75
time 39
note_off 60
time 38
note_off 62
time 11
note_on 60
velocity 67
time 46
note_off 60
time 85
note_on 67
velocity 77
time 1
note_on 72
velocity 78
time 78
note_off 67
time 6
note_on 74
velocity 80
time 67
note_off 72
time 39
note_off 74
time 8
note_on 72
velocity 73
time 43
note_on 79
velocity 85
time 80
note_off 72
time 4
note_on 84
velocity 79
time 73
note_off 79
time 18
note_on 86
velocity 86
time 55
note_off 84
time 38
note_off 86
time 12
note_on 84
velocity 68
time 40
note_on 91
velocity 89
time 83
note_off 84
time 1
note_on 96
velocity 88
time 87
note_off 91
time 45
note_on 98
velocity 99
time 17
note_off 96
time 11
note_off 98
time 4
note_on 95
velocity 76
time 10
note_on 96
velocity 40
time 8
note_off 96
time 40
note_off 95
time 11
note_on 91
velocity 56
time 15
note_on 89
velocity 71
time 4
note_off 91
time 37
note_off 89
time 3
note_on 83
velocity 69
time 9
note_off 83
time 38
note_on 86
velocity 96
time 46
note_on 83
velocity 77
time 96
note_off 86
time 4
note_on 79
velocity 76
time 58
note_off 43
time 1
note_off 83
time 11
note_off 31
time 52
note_off 79
time 0
note_on 71
velocity 73
time 8
note_off 71
time 54
note_on 74
velocity 95
time 41
note_off 74
time 97
note_on 71
velocity 75
time 7
note_on 67
velocity 71
time 57
note_off 71
time 16
note_off 67
time 50
note_on 59
velocity 73
time 11
note_off 59
time 54
note_on 62
velocity 88
time 45
note_off 62
time 95
note_on 59
velocity 73
time 5
note_on 55
velocity 69
time 52
note_off 59
time 69
note_on 47
velocity 69
time 13
note_off 55
time 30
note_off 47
time 11
note_on 48
velocity 67
time 100
note_on 36
velocity 80
time 15
note_on 50
velocity 73
time 47
note_off 50
time 39
note_on 55
velocity 72
time 1
note_off 55
time 12
note_on 62
velocity 66
time 3
note_on 64
velocity 74
time 71
note_off 62
time 21
note_off 64
time 17
note_on 62
velocity 64
time 57
note_off 62
time 77
note_on 67
velocity 75
time 2
note_on 74
velocity 75
time 81
note_off 67
time 7
note_on 76
velocity 77
time 66
note_off 74
time 13
note_off 76
time 21
note_on 74
velocity 71
time 48
note_off 74
time 70
note_on 79
velocity 82
time 6
note_on 86
velocity 79
time 76
note_off 79
time 7
note_on 88
velocity 88
time 62
note_off 86
time 16
note_off 88
time 25
note_on 86
velocity 73
time 47
note_off 86
time 73
note_on 91
velocity 71
time 8
note_on 93
velocity 78
time 7
note_on 98
velocity 81
time 67
note_off 91
time 6
note_off 93
time 9
note_on 100
velocity 82
time 5
note_on 101
velocity 84
time 4
note_off 98
time 6
note_off 101
time 19
note_off 100
time 9
note_on 96
velocity 73
time 6
note_on 91
velocity 65
time 47
note_off 96
time 6
note_on 93
velocity 54
time 9
note_off 93
time 27
note_off 91
time 9
note_on 84
velocity 68
time 19
note_off 84
time 40
note_on 88
velocity 92
time 42
note_off 88
time 79
note_on 84
velocity 73
time 15
note_on 79
velocity 81
time 68
note_off 84
time 5
note_off 79
time 63
note_on 72
velocity 71
time 6
note_off 48
time 9
note_off 72
time 35
note_off 36
time 35
note_on 76
velocity 91
time 17
note_off 76
time 81
note_on 72
velocity 67
time 35
note_off 72
time 6
note_on 67
velocity 74
time 3
note_off 67
time 25
note_on 60
velocity 66
time 6
note_off 60
time 51
note_on 64
velocity 85
time 62
note_off 64
time 9
note_on 60
velocity 62
time 16
note_off 60
time 0
note_on 55
velocity 55
time 4
note_on 48
velocity 62
time 7
note_off 55
time 10
note_off 48
time 2
note_on 45
velocity 56
time 7
note_on 33
velocity 53
time 5
note_on 52
velocity 57
time 6
note_off 52
time 61
note_on 60
velocity 60
time 22
note_off 60
time 61
note_on 64
velocity 50
time 22
note_on 65
velocity 61
time 61
note_off 64
time 3
note_off 65
time 35
note_on 64
velocity 64
time 58
note_off 64
time 47
note_on 72
velocity 68
time 38
note_off 72
time 52
note_on 76
velocity 62
time 18
note_on 77
velocity 71
time 66
note_off 76
time 13
note_off 77
time 20
note_on 76
velocity 56
time 14
note_off 76
time 15
note_on 84
velocity 72
time 11
note_off 45
time 0
note_off 33
time 0
note_off 84
time 4
note_on 88
velocity 70
time 0
note_on 89
velocity 73
time 67
note_off 88
time 8
note_off 89
time 27
note_on 88
velocity 63
time 53
note_off 88
time 41
note_on 96
velocity 76
time 41
note_off 96
time 78
note_on 100
velocity 68
time 16
note_off 100
time 102
note_on 101
velocity 71
time 23
note_on 47
velocity 51
time 4
note_on 35
velocity 46
time 14
note_off 101
time 15
note_on 98
velocity 27
time 9
note_on 95
velocity 65
time 18
note_off 98
time 18
note_off 95
time 17
note_on 86
velocity 47
time 40
note_off 86
time 42
note_on 89
velocity 81
time 53
note_off 89
time 65
note_on 86
velocity 54
time 27
note_off 47
time 42
note_on 83
velocity 72
time 21
note_off 86
time 7
note_off 83
time 35
note_on 74
velocity 59
time 36
note_off 35
time 41
note_off 74
time 6
note_on 45
velocity 70
time 57
note_on 33
velocity 65
time 8
note_on 77
velocity 79
time 1
note_off 77
time 9
note_on 74
velocity 58
time 26
note_off 74
time 6
note_on 71
velocity 60
time 6
note_off 71
time 3
note_on 62
velocity 60
time 38
note_off 62
time 41
note_off 45
time 36
note_on 65
velocity 77
time 20
note_off 65
time 72
note_on 62
velocity 54
time 16
note_on 59
velocity 62
time 79
note_off 62
time 44
note_on 50
velocity 55
time 44
note_off 50
time 3
note_on 32
velocity 66
time 6
note_on 44
velocity 71
time 3
note_off 59
time 15
note_off 33
time 13
note_on 50
velocity 50
time 10
note_off 50
time 3
note_on 59
velocity 62
time 0
note_off 59
time 75
note_on 62
velocity 60
time 9
note_on 64
velocity 59
time 76
note_off 62
time 10
note_off 64
time 21
note_on 62
velocity 55
time 53
note_off 62
time 56
note_on 71
velocity 66
time 39
note_off 71
time 52
note_on 74
velocity 60
time 18
note_on 76
velocity 64
time 63
note_off 74
time 11
note_off 76
time 27
note_on 74
velocity 59
time 50
note_off 74
time 18
note_on 83
velocity 70
time 15
note_off 44
time 42
note_off 32
time 3
note_off 83
time 3
note_on 86
velocity 65
time 5
note_on 88
velocity 72
time 65
note_off 86
time 17
note_off 88
time 21
note_on 86
velocity 63
time 47
note_off 86
time 69
note_on 95
velocity 72
time 19
note_off 95
time 79
note_on 98
velocity 73
time 5
note_on 45
velocity 76
time 96
note_off 98
time 3
note_on 33
velocity 68
time 9
note_on 100
velocity 78
time 6
note_off 100
time 33
note_on 96
velocity 63
time 7
note_on 93
velocity 69
time 5
note_off 96
time 2
note_off 93
time 34
note_on 84
velocity 65
time 40
note_off 84
time 40
note_on 88
velocity 91
time 46
note_off 88
time 83
note_on 84
velocity 66
time 16
note_on 81
velocity 78
time 62
note_off 33
time 13
note_off 84
time 5
note_off 45
time 25
note_off 81
time 18
note_on 72
velocity 75
time 3
note_off 72
time 63
note_on 43
velocity 100
time 48
note_on 76
velocity 93
time 3
note_on 31
velocity 91
time 10
note_off 76
time 19
note_on 72
velocity 72
time 19
note_on 69
velocity 73
time 14
note_off 72
time 12
note_off 69
time 43
note_on 60
velocity 74
time 8
note_off 60
time 55
note_on 64
velocity 93
time 47
note_off 64
time 102
note_on 60
velocity 72
time 4
note_on 57
velocity 75
time 50
note_off 60
time 44
note_on 48
velocity 84
time 26
note_off 31
time 8
note_off 43
time 0
note_off 57
time 36
note_off 48
time 7
note_on 41
velocity 105
time 108
note_on 29
velocity 91
time 7
note_on 48
velocity 78
time 43
note_off 48
time 0
note_on 57
velocity 73
time 18
note_on 60
velocity 74
time 13
note_off 57
time 10
note_on 64
velocity 75
time 42
note_off 60
time 16
note_off 64
time 26
note_on 60
velocity 71
time 50
note_off 60
time 70
note_on 69
velocity 81
time 14
note_on 72
velocity 83
time 80
note_off 69
time 3
note_on 76
velocity 80
time 55
note_off 72
time 15
note_off 76
time 36
note_on 72
velocity 79
time 42
note_off 72
time 53
note_on 81
velocity 86
time 28
note_on 84
velocity 82
time 77
note_off 81
time 7
note_on 88
velocity 77
time 61
note_off 84
time 7
note_off 88
time 28
note_on 84
velocity 75
time 36
note_off 84
time 43
note_on 93
velocity 79
time 37
note_on 96
velocity 81
time 2
note_off 93
time 11
note_on 99
velocity 90
time 9
note_off 96
time 10
note_off 99
time 37
note_on 95
velocity 78
time 42
note_on 93
velocity 63
time 64
note_off 95
time 2
note_off 93
time 20
note_on 83
velocity 74
time 52
note_off 83
time 35
note_on 87
velocity 85
time 50
note_off 87
time 52
note_on 83
velocity 73
time 33
note_off 83
time 65
note_on 81
velocity 53
time 16
note_off 81
time 29
note_on 71
velocity 73
time 28
note_off 71
time 43
note_on 75
velocity 86
time 44
note_off 75
time 46
note_on 74
velocity 42
time 41
note_on 71
velocity 68
time 13
note_off 74
time 22
note_on 70
velocity 32
time 15
note_on 69
velocity 73
time 6
note_off 71
time 8
note_off 70
time 3
note_off 69
time 21
note_on 59
velocity 80
time 52
note_off 59
time 51
note_on 63
velocity 87
time 35
note_off 41
time 20
note_off 29
time 35
note_off 63
time 6
note_on 59
velocity 75
time 26
note_on 57
velocity 72
time 73
note_off 59
time 10
note_off 57
time 31
note_on 47
velocity 81
time 73
note_on 48
velocity 49
time 8
note_off 47
time 40
note_off 48
time 2
note_on 40
velocity 95
time 42
note_on 28
velocity 91
time 4
note_on 47
velocity 76
time 12
note_off 47
time 57
note_on 57
velocity 76
time 1
note_on 59
velocity 79
time 4
note_off 57
time 11
note_on 64
velocity 77
time 32
note_off 59
time 6
note_off 64
time 38
note_on 59
velocity 78
time 51
note_off 59
time 55
note_on 69
velocity 79
time 36
note_on 71
velocity 77
time 73
note_off 69
time 15
note_off 71
time 50
note_on 76
velocity 82
time 2
note_off 76
time 46
note_on 71
velocity 81
time 56
note_off 71
time 26
note_on 81
velocity 83
time 52
note_on 83
velocity 77
time 76
note_off 81
time 11
note_off 83
time 51
note_on 88
velocity 86
time 0
note_off 88
time 34
note_on 83
velocity 71
time 59
note_off 83
time 39
note_on 93
velocity 91
time 36
note_on 95
velocity 81
time 95
note_off 93
time 39
note_on 100
velocity 96
time 5
note_off 95
time 16
note_off 100
time 9
note_on 95
velocity 69
time 3
note_on 92
velocity 75
time 29
note_off 95
time 26
note_off 92
time 43
note_on 83
velocity 65
time 10
note_off 83
time 40
note_on 88
velocity 98
time 48
note_off 88
time 77
note_on 83
velocity 77
time 28
note_on 80
velocity 75
time 67
note_off 83
time 19
note_off 80
time 34
note_on 71
velocity 68
time 10
note_off 71
time 53
note_on 76
velocity 95
time 39
note_off 40
time 65
note_off 76
time 11
note_off 28
time 14
note_on 71
velocity 77
time 10
note_on 68
velocity 71
time 70
note_off 71
time 5
note_off 68
time 47
note_on 59
velocity 72
time 21
note_off 59
time 58
note_on 64
velocity 90
time 42
note_off 64
time 83
note_on 59
velocity 71
time 23
note_off 59
time 5
note_on 56
velocity 67
time 5
note_off 56
time 18
note_on 47
velocity 65
time 56
note_off 47
time 12
note_on 45
velocity 67
time 6
note_on 33
velocity 65
time 4
note_on 52
velocity 60
time 61
note_off 52
time 63
note_on 57
velocity 62
time 13
note_off 57
time 16
note_on 61
velocity 69
time 0
note_off 61
time 46
note_on 67
velocity 73
time 5
note_off 67
time 39
note_on 64
velocity 65
time 62
note_off 64
time 59
note_off 33
time 8
note_on 69
velocity 77
time 2
note_off 45
time 43
note_off 69
time 32
note_on 73
velocity 74
time 3
note_off 73
time 66
note_on 79
velocity 74
time 13
note_off 79
time 33
note_on 76
velocity 70
time 50
note_off 76
time 50
note_on 81
velocity 78
time 25
note_on 85
velocity 77
time 71
note_off 81
time 3
note_on 91
velocity 86
time 87
note_off 85
time 2
note_off 91
time 77
note_on 85
velocity 57
time 46
note_on 81
velocity 64
time 56
note_off 85
time 6
note_off 81
time 54
note_on 76
velocity 63
time 3
note_off 76
time 43
note_on 50
velocity 66
time 55
note_on 38
velocity 65
time 2
note_on 91
velocity 81
time 17
note_off 91
time 57
note_on 84
velocity 47
time 12
note_on 81
velocity 71
time 45
note_off 84
time 2
note_off 81
time 35
note_on 76
velocity 62
time 19
note_off 76
time 39
note_on 79
velocity 92
time 47
note_off 50
time 14
note_off 79
time 65
note_on 72
velocity 79
time 19
note_on 69
velocity 70
time 68
note_off 72
time 9
note_off 69
time 36
note_on 64
velocity 73
time 23
note_off 64
time 53
note_on 67
velocity 89
time 46
note_off 38
time 21
note_off 67
time 59
note_on 60
velocity 72
time 33
note_on 57
velocity 67
time 61
note_off 60
time 8
note_off 57
time 36
note_on 52
velocity 68
time 33
note_off 52
time 43
note_on 66
velocity 79
time 77
note_off 66
time 62
note_on 60
velocity 70
time 71
note_on 57
velocity 67
time 84
note_off 60
time 20
note_on 50
velocity 67
time 59
note_off 57
time 5
note_off 50
time 40
note_on 43
velocity 79
time 81
note_on 31
velocity 78
time 3
note_on 50
velocity 56
time 26
note_off 50
time 54
note_on 55
velocity 68
time 7
note_off 55
time 9
note_on 60
velocity 71
time 4
note_off 60
time 59
note_on 65
velocity 76
time 7
note_off 65
time 40
note_on 62
velocity 75
time 54
note_off 62
time 55
note_on 67
velocity 73
time 16
note_on 72
velocity 80
time 78
note_off 67
time 6
note_off 72
time 63
note_on 77
velocity 79
time 11
note_off 77
time 34
note_on 74
velocity 77
time 47
note_off 74
time 69
note_on 79
velocity 82
time 3
note_on 84
velocity 80
time 78
note_off 79
time 2
note_off 84
time 63
note_on 89
velocity 84
time 4
note_off 89
time 47
note_on 86
velocity 79
time 32
note_off 86
time 76
note_on 91
velocity 86
time 1
note_on 96
velocity 88
time 81
note_off 91
time 34
note_on 101
velocity 97
time 16
note_off 96
time 3
note_off 101
time 16
note_on 95
velocity 82
time 1
note_on 91
velocity 80
time 64
note_off 95
time 15
note_off 91
time 40
note_on 86
velocity 69
time 9
note_off 86
time 47
note_on 89
velocity 94
time 43
note_off 89
time 79
note_on 83
velocity 74
time 26
note_on 79
velocity 84
time 60
note_off 83
time 33
note_off 79
time 30
note_off 43
time 11
note_on 74
velocity 64
time 4
note_off 31
time 19
note_off 74
time 28
note_on 77
velocity 94
time 32
note_off 77
time 91
note_on 71
velocity 85
time 14
note_on 67
velocity 79
time 75
note_off 71
time 28
note_off 67
time 37
note_on 62
velocity 68
time 10
note_on 65
velocity 89
time 88
note_off 62
time 7
note_off 65
time 86
note_on 59
velocity 83
time 11
note_on 55
velocity 81
time 78
note_off 59
time 37
note_on 50
velocity 90
time 46
note_off 55
time 14
note_off 50
time 53
note_on 48
velocity 98
time 87
note_on 36
velocity 87
time 5
note_off 48
time 9
note_on 48
velocity 74
time 0
note_off 48
time 60
note_on 55
velocity 73
time 41
note_on 58
velocity 72
time 69
note_off 55
time 14
note_on 64
velocity 77
time 41
note_off 58
time 11
note_off 64
time 29
note_on 60
velocity 75
time 55
note_off 60
time 66
note_on 67
velocity 69
time 21
note_on 70
velocity 83
time 51
note_off 67
time 19
note_off 70
time 44
note_on 76
velocity 65
time 21
note_off 76
time 37
note_on 72
velocity 71
time 46
note_off 72
time 45
note_on 79
velocity 85
time 29
note_on 82
velocity 78
time 57
note_off 79
time 29
note_off 82
time 45
note_on 88
velocity 78
time 4
note_off 88
time 35
note_on 84
velocity 79
time 50
note_on 91
velocity 80
time 72
note_off 84
time 9
note_on 96
velocity 86
time 71
note_off 91
time 9
note_on 99
velocity 96
time 107
note_on 42
velocity 102
time 4
note_off 96
time 7
note_on 30
velocity 86
time 2
note_off 36
time 1
note_off 99
time 8
note_on 94
velocity 65
time 15
note_off 94
time 8
note_on 87
velocity 82
time 32
note_off 87
time 66
note_on 84
velocity 63
time 10
note_off 84
time 40
note_on 87
velocity 91
time 40
note_off 87
time 54
note_on 82
velocity 64
time 57
note_on 75
velocity 76
time 60
note_off 82
time 6
note_off 75
time 59
note_on 71
velocity 64
time 31
note_on 72
velocity 40
time 4
note_off 71
time 18
note_off 42
time 17
note_off 72
time 3
note_on 75
velocity 93
time 33
note_off 75
time 45
note_on 70
velocity 72
time 57
note_on 63
velocity 80
time 67
note_off 70
time 26
note_off 63
time 46
note_on 60
velocity 75
time 8
note_off 60
time 41
note_on 63
velocity 90
time 53
note_off 63
time 57
note_off 30
time 20
note_on 58
velocity 64
time 38
note_off 58
time 32
note_on 51
velocity 58
time 43
note_on 50
velocity 53
time 37
note_on 48
velocity 81
time 15
note_off 50
time 17
note_off 48
time 54
note_off 51
time 11
note_on 41
velocity 100
time 37
note_on 29
velocity 86
time 7
note_on 48
velocity 50
time 28
note_off 48
time 8
note_on 51
velocity 66
time 4
note_off 51
time 15
note_on 57
velocity 72
time 51
note_on 63
velocity 82
time 95
note_off 57
time 6
note_off 63
time 28
note_off 29
time 64
note_on 60
velocity 70
time 9
note_off 41
time 39
note_off 60
time 9
note_on 63
velocity 78
time 19
note_off 63
time 27
note_on 69
velocity 74
time 68
note_off 69
time 89
note_on 75
velocity 79
time 2
note_off 75
time 30
note_on 72
velocity 76
time 63
note_off 72
time 46
note_on 75
velocity 73
time 27
note_off 75
time 26
note_on 76
velocity 38
time 30
note_on 81
velocity 75
time 27
note_on 77
velocity 39
time 9
note_off 76
time 2
note_off 77
time 32
note_off 81
time 41
note_on 87
velocity 81
time 2
note_off 87
time 31
note_on 84
velocity 77
time 58
note_off 84
time 61
note_on 88
velocity 78
time 25
note_off 88
time 60
note_on 93
velocity 75
time 6
note_off 93
time 68
note_on 47
velocity 105
time 15
note_on 35
velocity 86
time 4
note_on 99
velocity 90
time 4
note_off 99
time 17
note_on 92
velocity 71
time 7
note_on 87
velocity 81
time 4
note_off 92
time 17
note_off 87
time 47
note_on 83
velocity 67
time 7
note_off 83
time 44
note_on 87
velocity 88
time 45
note_off 87
time 47
note_off 47
time 32
note_on 80
velocity 76
time 21
note_off 80
time 50
note_off 35
time 10
note_on 75
velocity 83
time 8
note_off 75
time 60
note_on 71
velocity 79
time 17
note_off 71
time 41
note_on 75
velocity 87
time 51
note_off 75
time 43
note_on 68
velocity 77
time 56
note_on 63
velocity 76
time 77
note_off 68
time 21
note_off 63
time 31
note_on 59
velocity 79
time 14
note_off 59
time 58
note_on 63
velocity 92
time 38
note_off 63
time 55
note_on 56
velocity 80
time 50
note_on 51
velocity 70
time 70
note_off 56
time 29
note_on 47
velocity 82
time 38
note_off 51
time 13
note_off 47
time 59
note_on 34
velocity 95
time 30
note_on 46
velocity 65
time 43
note_off 46
time 31
note_on 47
velocity 38
time 18
note_on 48
velocity 23
time 11
note_on 53
velocity 71
time 2
note_off 47
time 2
note_off 48
time 9
note_off 53
time 23
note_on 56
velocity 72
time 2
note_off 56
time 51
note_on 62
velocity 81
time 8
note_off 62
time 38
note_on 58
velocity 74
time 78
note_off 58
time 40
note_on 65
velocity 73
time 41
note_on 68
velocity 76
time 67
note_off 65
time 10
note_off 68
time 28
note_on 69
velocity 42
time 31
note_on 74
velocity 81
time 1
note_off 69
time 36
note_off 74
time 23
note_on 70
velocity 74
time 47
note_off 70
time 35
note_on 77
velocity 77
time 57
note_on 80
velocity 76
time 69
note_off 77
time 6
note_off 80
time 51
note_on 86
velocity 87
time 6
note_off 86
time 59
note_on 82
velocity 76
time 46
note_off 82
time 40
note_on 89
velocity 84
time 55
note_on 92
velocity 81
time 75
note_off 89
time 19
note_on 46
velocity 98
time 70
note_on 98
velocity 95
time 3
note_off 92
time 13
note_off 98
time 63
note_on 92
velocity 70
time 36
note_off 92
time 81
note_on 88
velocity 57
time 3
note_on 89
velocity 46
time 4
note_off 89
time 31
note_off 88
time 9
note_on 82
velocity 70
time 15
note_off 82
time 32
note_on 86
velocity 91
time 70
note_off 86
time 70
note_on 80
velocity 79
time 18
note_on 76
velocity 76
time 69
note_off 46
time 34
note_off 80
time 1
note_off 76
time 32
note_on 70
velocity 73
time 16
note_off 70
time 33
note_on 74
velocity 85
time 58
note_off 74
time 71
note_off 34
time 15
note_on 68
velocity 69
time 10
note_off 68
time 26
note_on 67
velocity 68
time 5
note_on 63
velocity 55
time 43
note_on 64
velocity 76
time 29
note_off 63
time 15
note_off 67
time 12
note_off 64
time 26
note_on 58
velocity 69
time 19
note_off 58
time 36
note_on 62
velocity 89
time 54
note_on 56
velocity 89
time 91
note_off 62
time 2
note_on 58
velocity 27
time 31
note_off 58
time 34
note_off 56
time 26
note_on 52
velocity 68
time 3
note_on 53
velocity 41
time 13
note_off 53
time 43
note_on 46
velocity 88
time 17
note_off 52
time 20
note_off 46
time 48
note_on 45
velocity 97
time 2
note_on 33
velocity 84
time 7
note_off 45
time 14
note_on 45
velocity 78
time 52
note_off 45
time 58
note_on 47
velocity 16
time 14
note_on 52
velocity 74
time 32
note_off 47
time 27
note_off 52
time 45
note_on 57
velocity 76
time 14
note_off 57
time 86
note_on 61
velocity 64
time 17
note_off 61
time 39
note_on 57
velocity 70
time 58
note_off 57
time 37
note_on 64
velocity 75
time 37
note_off 64
time 53
note_on 69
velocity 66
time 31
note_off 69
time 73
note_on 73
velocity 79
time 10
note_off 73
time 70
note_on 69
velocity 66
time 44
note_off 69
time 39
note_on 76
velocity 78
time 33
note_on 81
velocity 80
time 66
note_off 76
time 1
note_off 81
time 87
note_on 85
velocity 75
time 11
note_off 85
time 36
note_on 81
velocity 79
time 46
note_off 81
time 53
note_on 88
velocity 82
time 31
note_on 93
velocity 81
time 71
note_off 88
time 4
note_on 97
velocity 93
time 93
note_off 93
time 13
note_off 97
time 36
note_on 93
velocity 58
time 54
note_off 93
time 46
note_on 88
velocity 61
time 12
note_off 88
time 47
note_on 81
velocity 71
time 39
note_off 81
time 44
note_on 85
velocity 72
time 47
note_off 85
time 30
note_on 84
velocity 32
time 47
note_on 81
velocity 69
time 5
note_off 84
time 38
note_off 81
time 26
note_on 76
velocity 67
time 9
note_off 76
time 37
note_on 69
velocity 76
time 43
note_on 73
velocity 83
time 84
note_off 69
time 14
note_off 73
time 32
note_on 69
velocity 58
time 58
note_on 64
velocity 69
time 61
note_off 69
time 1
note_off 64
time 36
note_on 57
velocity 72
time 53
note_off 57
time 98
note_on 61
velocity 72
time 7
note_off 61
time 65
note_on 57
velocity 60
time 61
note_off 57
time 76
note_on 52
velocity 55
time 12
note_off 52
time 41
note_on 45
velocity 59
time 51
note_off 45
time 56
note_on 38
velocity 67
time 16
note_on 45
velocity 53
time 10
note_off 33
time 12
note_off 45
time 2
note_on 50
velocity 59
time 6
note_off 50
time 10
note_on 54
velocity 65
time 14
note_off 54
time 37
note_on 60
velocity 67
time 36
note_off 60
time 38
note_on 57
velocity 62
time 63
note_off 57
time 62
note_on 62
velocity 61
time 10
note_off 62
time 53
note_on 66
velocity 61
time 17
note_off 66
time 40
note_on 72
velocity 69
time 33
note_off 72
time 35
note_on 69
velocity 61
time 60
note_off 69
time 54
note_on 74
velocity 65
time 21
note_off 74
time 63
note_on 78
velocity 66
time 14
note_off 78
time 56
note_on 84
velocity 68
time 17
note_off 84
time 37
note_on 81
velocity 59
time 58
note_off 81
time 42
note_on 86
velocity 59
time 32
note_off 86
time 52
note_on 90
velocity 61
time 16
note_off 90
time 45
note_off 38
time 23
note_on 31
velocity 54
time 17
note_on 43
velocity 46
time 6
note_on 96
velocity 75
time 0
note_off 96
time 71
note_on 89
velocity 51
time 12
note_off 89
time 17
note_on 86
velocity 64
time 12
note_off 86
time 40
note_on 79
velocity 55
time 33
note_off 79
time 41
note_on 84
velocity 83
time 43
note_off 43
time 53
note_off 84
time 25
note_on 77
velocity 75
time 25
note_on 74
velocity 74
time 73
note_off 77
time 16
note_off 74
time 52
note_on 67
velocity 69
time 9
note_on 72
velocity 90
time 129
note_off 67
time 19
note_off 72
time 89
note_on 65
velocity 71
time 29
note_on 62
velocity 70
time 92
note_off 65
time 6
note_off 62
time 41
note_on 55
velocity 62
time 21
note_off 55
time 55
note_on 59
velocity 91
time 37
note_off 59
time 100
note_on 53
velocity 72
time 11
note_on 50
velocity 67
time 75
note_off 53
time 8
note_off 50
time 36
note_on 43
velocity 63
time 64
note_off 43
time 3
note_on 36
velocity 79
time 11
note_off 31
time 19
note_on 43
velocity 57
time 0
note_off 43
time 1
note_on 48
velocity 65
time 6
note_off 48
time 2
note_on 52
velocity 66
time 3
note_off 52
time 5
note_on 59
velocity 75
time 10
note_off 59
time 40
note_on 55
velocity 53
time 73
note_off 55
time 55
note_on 60
velocity 67
time 2
note_off 60
time 77
note_on 64
velocity 69
time 4
note_off 64
time 60
note_on 71
velocity 74
time 10
note_off 71
time 36
note_on 67
velocity 60
time 62
note_off 67
time 65
note_on 72
velocity 68
time 1
note_off 72
time 72
note_on 76
velocity 67
time 7
note_off 76
time 52
note_on 83
velocity 73
time 15
note_off 83
time 43
note_on 79
velocity 57
time 56
note_off 79
time 59
note_on 84
velocity 68
time 8
note_off 84
time 78
note_on 88
velocity 57
time 10
note_on 29
velocity 51
time 59
note_off 88
time 1
note_off 36
time 6
note_on 41
velocity 49
time 5
note_on 95
velocity 73
time 21
note_off 95
time 2
note_on 84
velocity 68
time 46
note_off 84
time 38
note_on 77
velocity 54
time 35
note_off 77
time 55
note_on 83
velocity 83
time 26
note_off 41
time 17
note_off 83
time 65
note_on 76
velocity 75
time 18
note_on 72
velocity 81
time 72
note_off 76
time 31
note_off 72
time 41
note_on 65
velocity 69
time 8
note_on 71
velocity 91
time 125
note_off 65
time 25
note_off 71
time 94
note_on 64
velocity 77
time 11
note_on 60
velocity 75
time 82
note_off 64
time 11
note_off 60
time 48
note_on 53
velocity 65
time 17
note_off 53
time 71
note_on 57
velocity 87
time 19
note_off 57
time 104
note_on 52
velocity 76
time 5
note_on 48
velocity 73
time 70
note_off 52
time 21
note_off 48
time 43
note_on 41
velocity 68
time 44
note_off 41
time 7
note_on 35
velocity 83
time 7
note_on 41
velocity 67
time 14
note_off 29
time 3
note_off 41
time 11
note_on 47
velocity 68
time 5
note_on 50
velocity 68
time 1
note_off 47
time 6
note_off 50
time 15
note_on 57
velocity 73
time 4
note_off 57
time 25
note_on 53
velocity 69
time 54
note_off 53
time 81
note_on 59
velocity 74
time 1
note_off 59
time 77
note_on 62
velocity 70
time 2
note_off 62
time 67
note_on 69
velocity 77
time 4
note_off 69
time 37
note_on 65
velocity 62
time 65
note_off 65
time 62
note_on 71
velocity 72
time 13
note_off 71
time 70
note_on 74
velocity 50
time 20
note_off 74
time 39
note_on 81
velocity 75
time 19
note_off 81
time 47
note_on 77
velocity 62
time 44
note_off 77
time 69
note_on 83
velocity 72
time 8
note_on 86
velocity 64
time 91
note_off 83
time 3
note_off 35
time 65
note_off 86
time 12
note_on 28
velocity 62
time 10
note_on 40
velocity 51
time 8
note_on 91
velocity 70
time 14
note_off 91
time 7
note_on 86
velocity 53
time 0
note_off 28
time 9
note_off 40
time 17
note_off 86
time 3
note_on 83
velocity 66
time 1
note_off 83
time 45
note_on 76
velocity 59
time 22
note_off 76
time 43
note_on 79
velocity 85
time 58
note_off 79
time 70
note_on 74
velocity 69
time 25
note_on 71
velocity 69
time 70
note_off 74
time 10
note_off 71
time 57
note_on 64
velocity 67
time 7
note_on 69
velocity 77
time 107
note_off 64
time 10
note_on 33
velocity 65
time 4
note_on 45
velocity 70
time 1
note_on 47
velocity 75
time 0
note_off 69
time 33
note_on 72
velocity 68
time 5
note_off 47
time 10
note_off 72
time 11
note_on 79
velocity 81
time 8
note_off 45
time 4
note_off 79
time 17
note_off 33
time 14
note_on 76
velocity 78
time 36
note_on 81
velocity 90
time 85
note_off 76
time 15
note_on 84
velocity 79
time 55
note_off 81
time 14
note_off 84
time 48
note_on 91
velocity 92
time 29
note_on 88
velocity 86
time 86
note_off 91
time 9
note_on 89
velocity 93
time 104
note_on 38
velocity 93
time 11
note_on 26
velocity 81
time 5
note_off 88
time 1
note_off 89
time 18
note_on 84
velocity 75
time 15
note_off 26
time 14
note_on 81
velocity 82
time 9
note_off 38
time 7
note_off 84
time 23
note_on 74
velocity 72
time 46
note_off 81
time 0
note_off 74
time 59
note_on 77
velocity 90
time 36
note_off 77
time 76
note_on 72
velocity 83
time 12
note_on 69
velocity 81
time 76
note_off 72
time 33
note_off 69
time 51
note_on 62
velocity 75
time 1
note_on 43
velocity 101
time 97
note_on 67
velocity 82
time 0
note_on 31
velocity 83
time 2
note_off 62
time 9
note_on 71
velocity 77
time 7
note_off 67
time 9
note_off 43
time 30
note_off 71
time 7
note_off 31
time 10
note_on 77
velocity 84
time 2
note_off 77
time 47
note_on 74
velocity 80
time 46
note_on 79
velocity 94
time 87
note_off 74
time 8
note_on 83
velocity 84
time 67
note_off 79
time 17
note_off 83
time 41
note_on 89
velocity 94
time 16
note_on 86
velocity 90
time 86
note_off 89
time 19
note_on 36
velocity 101
time 15
note_on 24
velocity 85
time 1
note_on 88
velocity 97
time 8
note_off 86
time 8
note_off 88
time 9
note_on 83
velocity 86
time 1
note_off 24
time 14
note_off 36
time 31
note_on 79
velocity 80
time 23
note_off 83
time 20
note_off 79
time 51
note_on 72
velocity 76
time 1
note_off 72
time 45
note_on 76
velocity 93
time 39
note_off 76
time 81
note_on 71
velocity 83
time 14
note_on 67
velocity 77
time 68
note_off 71
time 37
note_off 67
time 46
note_on 60
velocity 74
time 3
note_on 41
velocity 102
time 4
note_on 29
velocity 86
time 5
note_on 65
velocity 82
time 7
note_off 60
time 6
note_off 65
time 16
note_on 69
velocity 78
time 2
note_off 29
time 25
note_off 41
time 10
note_on 76
velocity 83
time 11
note_off 69
time 3
note_off 76
time 56
note_on 72
velocity 86
time 38
note_off 72
time 86
note_on 77
velocity 88
time 4
note_on 81
velocity 84
time 86
note_off 77
time 21
note_off 81
time 43
note_on 88
velocity 96
time 10
note_on 84
velocity 86
time 98
note_off 88
time 21
note_on 86
velocity 92
time 8
note_on 47
velocity 104
time 1
note_on 35
velocity 81
time 6
note_off 84
time 14
note_on 81
velocity 84
time 0
note_off 86
time 0
note_off 81
time 78
note_on 77
velocity 59
time 12
note_on 79
velocity 35
time 26
note_off 77
time 19
note_on 71
velocity 72
time 7
note_off 79
time 13
note_off 35
time 22
note_off 47
time 13
note_off 71
time 0
note_on 74
velocity 92
time 38
note_off 74
time 86
note_on 69
velocity 82
time 16
note_on 65
velocity 74
time 63
note_off 69
time 28
note_off 65
time 41
note_on 59
velocity 76
time 8
note_off 59
time 47
note_on 62
velocity 88
time 45
note_off 62
time 81
note_on 57
velocity 75
time 14
note_on 53
velocity 76
time 58
note_off 57
time 19
note_off 53
time 36
note_on 47
velocity 79
time 47
note_off 47
time 46
note_on 35
velocity 92
time 8
note_on 87
velocity 95
time 194
note_on 47
velocity 106
time 6
note_off 87
time 63
note_on 81
velocity 76
time 28
note_on 78
velocity 76
time 70
note_off 81
time 8
note_off 78
time 42
note_on 71
velocity 75
time 33
note_off 71
time 42
note_on 75
velocity 82
time 47
note_off 75
time 78
note_on 69
velocity 72
time 3
note_on 66
velocity 44
time 90
note_off 69
time 3
note_off 66
time 35
note_on 65
velocity 24
time 13
note_on 59
velocity 76
time 23
note_off 65
time 30
note_off 59
time 41
note_on 63
velocity 86
time 17
note_off 47
time 31
note_off 35
time 63
note_on 57
velocity 79
time 1
note_off 63
time 5
note_on 54
velocity 81
time 83
note_off 57
time 42
note_off 54
time 64
note_on 47
velocity 91
time 3
note_off 47
time 81
note_on 35
velocity 97
time 84
note_on 40
velocity 101
time 0
note_on 28
velocity 94
time 4
note_off 35
time 13
note_on 47
velocity 90
time 46
note_off 47
time 122
note_on 52
velocity 80
time 12
note_on 56
velocity 80
time 91
note_off 52
time 3
note_off 56
time 63
note_on 64
velocity 81
time 25
note_off 64
time 42
note_on 59
velocity 80
time 57
note_off 59
time 67
note_on 64
velocity 84
time 1
note_off 64
time 78
note_on 68
velocity 84
time 1
note_off 68
time 53
note_on 76
velocity 81
time 29
note_off 76
time 32
note_on 71
velocity 76
time 58
note_on 76
velocity 82
time 65
note_off 71
time 7
note_on 80
velocity 84
time 70
note_off 76
time 5
note_off 80
time 55
note_on 88
velocity 84
time 25
note_off 88
time 39
note_on 83
velocity 75
time 55
note_off 83
time 46
note_on 88
velocity 85
time 13
note_on 92
velocity 84
time 79
note_off 88
time 21
note_off 92
time 53
note_on 100
velocity 94
time 27
note_off 100
time 64
note_on 92
velocity 64
time 50
note_on 88
velocity 69
time 48
note_off 92
time 23
note_off 88
time 38
note_on 83
velocity 65
time 8
note_off 83
time 39
note_on 88
velocity 93
time 47
note_off 88
time 87
note_on 80
velocity 85
time 18
note_on 76
velocity 76
time 71
note_off 80
time 32
note_off 76
time 25
note_on 71
velocity 71
time 29
note_off 71
time 36
note_off 40
time 55
note_on 76
velocity 92
time 0
note_off 28
time 76
note_on 68
velocity 88
time 35
note_off 76
time 3
note_on 64
velocity 81
time 87
note_off 68
time 52
note_off 64
time 43
note_on 59
velocity 90
time 7
note_off 59
time 98
note_on 65
velocity 94
time 0
note_on 38
velocity 106
time 4
note_on 26
velocity 82
time 4
note_off 38
time 33
note_off 26
time 3
note_on 59
velocity 94
time 43
note_off 65
time 3
note_on 55
velocity 90
time 140
note_off 59
time 65
note_on 50
velocity 97
time 90
note_off 55
time 32
note_off 50
time 68
note_on 36
velocity 100
time 102
note_on 24
velocity 101
time 3
note_on 48
velocity 92
time 28
note_off 48
time 112
note_on 55
velocity 79
time 27
note_off 24
time 68
note_on 60
velocity 74
time 19
note_off 55
time 1
note_on 64
velocity 81
time 63
note_off 60
time 16
note_off 64
time 36
note_on 60
velocity 75
time 48
note_off 60
time 76
note_on 67
velocity 78
time 2
note_on 72
velocity 79
time 71
note_off 67
time 8
note_on 76
velocity 86
time 64
note_off 72
time 13
note_off 76
time 31
note_on 72
velocity 81
time 48
note_off 72
time 71
note_on 79
velocity 84
time 4
note_on 84
velocity 86
time 78
note_off 79
time 15
note_on 88
velocity 90
time 66
note_off 84
time 10
note_off 88
time 31
note_on 84
velocity 77
time 45
note_off 84
time 76
note_on 91
velocity 89
time 9
note_on 96
velocity 88
time 77
note_off 91
time 51
note_on 100
velocity 95
time 78
note_on 48
velocity 102
time 11
note_off 96
time 5
note_off 100
time 67
note_on 96
velocity 62
time 41
note_on 91
velocity 78
time 52
note_off 96
time 1
note_off 91
time 68
note_on 84
velocity 68
time 11
note_off 84
time 42
note_on 88
velocity 94
time 48
note_off 48
time 55
note_off 88
time 31
note_on 84
velocity 72
time 7
note_on 79
velocity 77
time 67
note_off 84
time 10
note_off 36
time 54
note_off 79
time 7
note_on 72
velocity 73
time 5
note_off 72
time 46
note_on 76
velocity 94
time 48
note_off 76
time 85
note_on 72
velocity 72
time 17
note_on 67
velocity 73
time 72
note_off 72
time 6
note_off 67
time 62
note_on 60
velocity 73
time 3
note_off 60
time 45
note_on 64
velocity 94
time 58
note_off 64
time 93
note_on 60
velocity 69
time 12
note_on 55
velocity 73
time 64
note_off 60
time 45
note_on 48
velocity 81
time 32
note_off 55
time 61
note_off 48
time 16
note_on 41
velocity 100
time 55
note_on 29
velocity 85
time 4
note_on 48
velocity 75
time 46
note_off 48
time 5
note_on 57
velocity 71
time 1
note_on 60
velocity 74
time 31
note_off 57
time 8
note_on 65
velocity 73
time 59
note_off 41
time 9
note_off 60
time 4
note_off 65
time 25
note_on 60
velocity 73
time 55
note_off 29
time 16
note_off 60
time 48
note_on 69
velocity 80
time 17
note_on 72
velocity 84
time 76
note_off 69
time 6
note_on 77
velocity 82
time 63
note_off 72
time 5
note_off 77
time 34
note_on 72
velocity 81
time 55
note_off 72
time 55
note_on 81
velocity 84
time 27
note_on 84
velocity 83
time 71
note_off 81
time 11
note_on 89
velocity 84
time 60
note_off 84
time 8
note_off 89
time 32
note_on 84
velocity 78
time 50
note_off 84
time 65
note_on 93
velocity 85
time 25
note_on 96
velocity 82
time 90
note_off 93
time 25
note_on 42
velocity 98
time 63
note_on 30
velocity 87
time 3
note_on 100
velocity 93
time 10
note_off 96
time 5
note_off 100
time 38
note_on 96
velocity 61
time 20
note_on 93
velocity 74
time 2
note_off 96
time 2
note_off 93
time 33
note_on 84
velocity 68
time 18
note_off 84
time 52
note_on 88
velocity 93
time 44
note_off 88
time 86
note_on 84
velocity 68
time 19
note_on 81
velocity 78
time 59
note_off 84
time 23
note_off 81
time 42
note_on 72
velocity 77
time 18
note_off 72
time 113
note_on 76
velocity 93
time 13
note_on 72
velocity 73
time 130
note_off 76
time 4
note_on 69
velocity 74
time 75
note_off 72
time 14
note_off 69
time 46
note_on 60
velocity 69
time 25
note_off 60
time 47
note_on 62
velocity 88
time 45
note_on 60
velocity 71
time 97
note_off 42
time 39
note_off 30
time 9
note_off 62
time 0
note_on 57
velocity 70
time 5
note_off 60
time 50
note_on 48
velocity 83
time 22
note_off 57
time 17
note_off 48
time 26
note_on 43
velocity 98
time 94
note_on 31
velocity 87
time 5
note_on 47
velocity 76
time 39
note_off 47
time 2
note_on 55
velocity 76
time 14
note_off 43
time 9
note_off 31
time 4
note_on 59
velocity 75
time 35
note_off 55
time 17
note_on 62
velocity 74
time 50
note_off 59
time 23
note_off 62
time 37
note_on 59
velocity 75
time 39
note_off 59
time 73
note_on 67
velocity 79
time 10
note_on 71
velocity 77
time 93
note_off 67
time 7
note_on 42
velocity 97
time 60
note_on 30
velocity 83
time 4
note_on 74
velocity 76
time 3
note_off 71
time 16
note_off 74
time 3
note_on 71
velocity 78
time 10
note_off 30
time 23
note_off 71
time 15
note_off 42
time 14
note_on 79
velocity 77
time 2
note_on 83
velocity 79
time 86
note_off 79
time 26
note_on 40
velocity 103
time 6
note_on 28
velocity 89
time 4
note_on 86
velocity 81
time 3
note_off 83
time 10
note_off 86
time 6
note_on 83
velocity 80
time 16
note_off 83
time 60
note_on 91
velocity 88
time 28
note_off 40
time 3
note_off 28
time 34
note_on 93
velocity 81
time 57
note_off 91
time 36
note_on 98
velocity 93
time 77
note_on 38
velocity 101
time 4
note_on 26
velocity 92
time 1
note_off 93
time 2
note_off 98
time 53
note_on 93
velocity 68
time 27
note_on 90
velocity 81
time 63
note_off 93
time 30
note_on 84
velocity 70
time 3
note_off 90
time 0
note_off 84
time 44
note_on 86
velocity 93
time 56
note_off 86
time 92
note_on 81
velocity 78
time 12
note_on 78
velocity 79
time 64
note_off 38
time 30
note_off 81
time 2
note_off 26
time 5
note_on 72
velocity 70
time 29
note_off 78
time 5
note_off 72
time 37
note_on 74
velocity 84
time 60
note_off 74
time 88
note_on 69
velocity 75
time 15
note_on 66
velocity 72
time 58
note_off 69
time 26
note_on 60
velocity 70
time 41
note_off 66
time 7
note_off 60
time 37
note_on 62
velocity 88
time 64
note_on 57
velocity 76
time 102
note_off 62
time 9
note_on 54
velocity 77
time 62
note_off 57
time 23
note_on 48
velocity 74
time 68
note_off 54
time 21
note_off 48
time 79
note_on 43
velocity 97
time 20
note_on 31
velocity 88
time 9
note_on 48
velocity 65
time 28
note_on 53
velocity 74
time 89
note_off 48
time 5
note_on 56
velocity 73
time 15
note_off 53
time 0
note_off 56
time 54
note_on 62
velocity 74
time 0
note_off 62
time 44
note_on 60
velocity 75
time 58
note_on 65
velocity 74
time 79
note_off 60
time 8
note_on 68
velocity 77
time 66
note_off 65
time 14
note_off 68
time 48
note_on 74
velocity 72
time 11
note_off 74
time 36
note_on 72
velocity 79
time 56
note_on 77
velocity 81
time 76
note_off 72
time 14
note_on 80
velocity 80
time 66
note_off 77
time 19
note_off 80
time 47
note_on 86
velocity 81
time 3
note_off 86
time 41
note_on 84
velocity 72
time 66
note_on 89
velocity 87
time 65
note_off 84
time 44
note_on 92
velocity 83
time 42
note_off 89
time 39
note_off 92
time 3
note_on 98
velocity 94
time 10
note_off 98
time 13
note_on 91
velocity 78
time 0
note_on 89
velocity 79
time 52
note_off 91
time 18
note_off 89
time 33
note_on 83
velocity 63
time 14
note_off 83
time 43
note_on 86
velocity 92
time 35
note_off 86
time 91
note_on 79
velocity 84
time 13
note_on 77
velocity 78
time 73
note_off 79
time 17
note_off 77
time 45
note_on 71
velocity 69
time 9
note_off 71
time 52
note_on 74
velocity 87
time 34
note_off 74
time 84
note_on 67
velocity 70
time 25
note_off 43
time 58
note_on 65
velocity 66
time 16
note_off 67
time 8
note_off 65
time 36
note_on 59
velocity 79
time 46
note_off 31
time 35
note_on 63
velocity 85
time 67
note_off 59
time 21
note_off 63
time 52
note_on 55
velocity 73
time 71
note_on 53
velocity 58
time 36
note_off 53
time 53
note_on 53
velocity 57
time 0
note_off 55
time 23
note_on 47
velocity 87
time 77
note_off 53
time 17
note_off 47
time 44
note_on 48
velocity 90
time 90
note_on 36
velocity 79
time 2
note_off 48
time 4
note_on 48
velocity 70
time 0
note_off 48
time 44
note_on 55
velocity 76
time 23
note_off 55
time 84
note_on 60
velocity 72
time 1
note_on 64
velocity 77
time 63
note_off 60
time 22
note_off 64
time 15
note_on 60
velocity 65
time 53
note_off 60
time 76
note_on 67
velocity 73
time 3
note_off 67
time 70
note_on 72
velocity 77
time 0
note_on 76
velocity 81
time 62
note_off 72
time 22
note_off 76
time 23
note_on 72
velocity 70
time 51
note_on 79
velocity 82
time 73
note_off 72
time 5
note_on 84
velocity 77
time 77
note_off 79
time 4
note_on 88
velocity 85
time 65
note_off 84
time 14
note_off 88
time 22
note_on 84
velocity 70
time 47
note_on 91
velocity 86
time 76
note_off 84
time 7
note_on 96
velocity 83
time 81
note_off 91
time 39
note_on 100
velocity 97
time 89
note_off 96
time 25
note_off 100
time 66
note_on 96
velocity 61
time 21
note_off 96
time 50
note_on 91
velocity 74
time 19
note_off 91
time 36
note_on 84
velocity 63
time 32
note_off 84
time 41
note_on 88
velocity 94
time 40
note_off 88
time 86
note_on 84
velocity 68
time 12
note_on 79
velocity 75
time 67
note_off 84
time 6
note_off 36
time 46
note_off 79
time 8
note_on 72
velocity 67
time 15
note_off 72
time 43
note_on 76
velocity 92
time 48
note_off 76
time 83
note_on 72
velocity 72
time 20
note_on 67
velocity 67
time 60
note_off 72
time 7
note_off 67
time 56
note_on 60
velocity 65
time 9
note_off 60
time 44
note_on 64
velocity 84
time 56
note_off 64
time 77
note_on 60
velocity 62
time 12
note_on 55
velocity 69
time 72
note_off 60
time 29
note_on 48
velocity 68
time 37
note_off 48
time 58
note_off 55
time 9
note_on 45
velocity 84
time 64
note_on 33
velocity 74
time 9
note_on 48
velocity 62
time 20
note_off 48
time 62
note_on 53
velocity 69
time 6
note_off 53
time 17
note_on 60
velocity 74
time 6
note_on 65
velocity 78
time 71
note_off 60
time 7
note_off 65
time 36
note_on 60
velocity 61
time 40
note_off 60
time 73
note_on 65
velocity 70
time 3
note_off 65
time 79
note_on 72
velocity 81
time 0
note_off 72
time 80
note_on 77
velocity 79
time 2
note_off 77
time 37
note_on 72
velocity 63
time 54
note_off 72
time 52
note_on 77
velocity 74
time 13
note_on 84
velocity 76
time 76
note_off 77
time 3
note_off 84
time 67
note_on 89
velocity 83
time 7
note_off 89
time 37
note_on 84
velocity 66
time 53
note_off 84
time 51
note_on 89
velocity 81
time 12
note_on 96
velocity 82
time 96
note_off 89
time 13
note_on 100
velocity 93
time 9
note_off 96
time 8
note_off 100
time 7
note_on 96
velocity 59
time 12
note_off 96
time 21
note_on 90
velocity 80
time 14
note_on 84
velocity 67
time 62
note_off 90
time 1
note_off 84
time 38
note_on 88
velocity 79
time 67
note_on 86
velocity 72
time 10
note_off 88
time 47
note_on 84
velocity 45
time 29
note_off 86
time 7
note_off 84
time 118
note_on 72
velocity 72
time 14
note_off 72
time 64
note_on 75
velocity 84
time 45
note_off 33
time 37
note_off 45
time 14
note_off 75
time 7
note_on 38
velocity 17
time 17
note_on 72
velocity 71
time 34
note_off 38
time 48
note_off 72
time 14
note_on 66
velocity 74
time 12
note_off 66
time 57
note_on 60
velocity 71
time 36
note_off 60
time 64
note_on 63
velocity 74
time 53
note_on 32
velocity 65
time 3
note_on 44
velocity 69
time 2
note_off 63
time 4
note_on 60
velocity 63
time 11
note_off 60
time 27
note_on 54
velocity 69
time 18
note_off 32
time 34
note_off 44
time 9
note_on 48
velocity 63
time 43
note_off 54
time 14
note_off 48
time 46
note_on 43
velocity 80
time 60
note_on 31
velocity 78
time 4
note_on 48
velocity 61
time 20
note_on 55
velocity 62
time 79
note_off 48
time 2
note_on 60
velocity 64
time 3
note_off 55
time 0
note_on 62
velocity 71
time 51
note_off 60
time 32
note_off 62
time 14
note_on 60
velocity 66
time 55
note_off 60
time 67
note_on 67
velocity 71
time 19
note_off 67
time 75
note_on 72
velocity 76
time 3
note_on 74
velocity 76
time 64
note_off 72
time 36
note_off 74
time 12
note_on 72
velocity 68
time 48
note_off 72
time 67
note_on 79
velocity 79
time 13
note_on 84
velocity 79
time 75
note_off 79
time 15
note_on 86
velocity 81
time 53
note_off 84
time 23
note_off 86
time 15
note_on 84
velocity 69
time 50
note_off 84
time 69
note_on 91
velocity 83
time 8
note_on 96
velocity 83
time 88
note_off 91
time 29
note_on 98
velocity 92
time 7
note_off 96
time 17
note_off 98
time 2
note_on 95
velocity 70
time 4
note_on 91
velocity 70
time 34
note_off 95
time 4
note_off 91
time 36
note_on 83
velocity 61
time 34
note_off 83
time 42
note_on 86
velocity 93
time 42
note_off 86
time 84
note_on 83
velocity 65
time 14
note_on 79
velocity 72
time 67
note_off 83
time 7
note_off 79
time 28
note_on 71
velocity 68
time 27
note_off 71
time 55
note_on 74
velocity 87
time 46
note_off 43
time 27
note_off 74
time 57
note_on 71
velocity 71
time 25
note_off 31
time 17
note_on 67
velocity 64
time 46
note_off 71
time 0
note_off 67
time 40
note_on 59
velocity 69
time 26
note_off 59
time 46
note_on 62
velocity 86
time 58
note_off 62
time 82
note_on 59
velocity 65
time 22
note_on 55
velocity 61
time 56
note_off 59
time 29
note_on 47
velocity 64
time 37
note_off 47
time 42
note_off 55
time 0
note_on 42
velocity 79
time 89
note_on 30
velocity 73
time 7
note_on 48
velocity 64
time 50
note_off 48
time 5
note_on 57
velocity 63
time 8
note_on 60
velocity 62
time 39
note_off 57
time 1
note_off 60
time 54
note_on 62
velocity 66
time 0
note_off 62
time 42
note_off 42
time 2
note_on 60
velocity 68
time 69
note_off 60
time 36
note_on 69
velocity 74
time 30
note_off 69
time 70
note_on 72
velocity 74
time 2
note_on 74
velocity 69
time 68
note_off 72
time 7
note_off 74
time 30
note_on 72
velocity 68
time 52
note_off 72
time 48
note_on 81
velocity 75
time 33
note_on 84
velocity 78
time 71
note_off 81
time 1
note_on 86
velocity 71
time 59
note_off 84
time 11
note_off 86
time 28
note_on 84
velocity 72
time 47
note_off 84
time 43
note_off 30
time 12
note_on 93
velocity 71
time 39
note_off 93
time 68
note_on 96
velocity 74
time 8
note_off 96
time 1
note_on 99
velocity 79
time 1
note_on 41
velocity 83
time 5
note_on 29
velocity 78
time 3
note_off 99
time 3
note_on 96
velocity 67
time 13
note_off 96
time 16
note_on 93
velocity 67
time 10
note_off 93
time 37
note_on 84
velocity 67
time 60
note_off 84
time 40
note_on 87
velocity 76
time 55
note_off 87
time 32
note_on 84
velocity 37
time 55
note_on 83
velocity 55
time 14
note_on 81
velocity 74
time 35
note_off 84
time 0
note_off 83
time 1
note_off 81
time 34
note_on 72
velocity 75
time 58
note_on 75
velocity 83
time 84
note_off 72
time 14
note_off 75
time 57
note_on 71
velocity 67
time 28
note_on 69
velocity 73
time 60
note_off 71
time 10
note_off 69
time 25
note_on 59
velocity 81
time 66
note_on 63
velocity 89
time 86
note_off 59
time 19
note_off 41
time 40
note_off 29
time 18
note_off 63
time 3
note_on 59
velocity 83
time 17
note_on 60
velocity 15
time 44
note_on 57
velocity 77
time 23
note_off 59
time 11
note_off 60
time 27
note_off 57
time 11
note_on 47
velocity 92
time 76
note_off 47
time 66
note_on 56
velocity 21
time 1
note_on 40
velocity 94
time 57
note_off 56
time 2
note_on 28
velocity 91
time 3
note_on 47
velocity 75
time 45
note_off 47
time 9
note_on 56
velocity 78
time 18
note_off 28
time 37
note_off 56
time 32
note_on 59
velocity 76
time 5
note_on 64
velocity 75
time 67
note_off 59
time 9
note_off 64
time 31
note_on 59
velocity 74
time 59
note_off 59
time 36
note_on 68
velocity 82
time 47
note_on 71
velocity 80
time 82
note_off 68
time 20
note_on 76
velocity 78
time 58
note_off 71
time 3
note_off 76
time 31
note_on 71
velocity 72
time 56
note_off 71
time 40
note_on 80
velocity 88
time 40
note_on 83
velocity 80
time 84
note_off 80
time 27
note_on 88
velocity 88
time 45
note_off 83
time 8
note_off 88
time 28
note_on 83
velocity 75
time 63
note_off 83
time 47
note_on 92
velocity 90
time 30
note_on 95
velocity 81
time 103
note_off 92
time 35
note_on 52
velocity 100
time 66
note_on 100
velocity 92
time 2
note_off 95
time 25
note_off 100
time 66
note_on 95
velocity 63
time 15
note_on 92
velocity 72
time 76
note_off 95
time 10
note_off 92
time 59
note_on 83
velocity 64
time 13
note_off 83
time 45
note_on 88
velocity 96
time 44
note_off 88
time 70
note_off 52
time 26
note_on 83
velocity 73
time 5
note_on 80
velocity 74
time 66
note_off 83
time 21
note_off 80
time 27
note_on 71
velocity 70
time 30
note_on 76
velocity 89
time 90
note_off 71
time 4
note_off 40
time 51
note_off 76
time 36
note_on 71
velocity 74
time 15
note_on 68
velocity 73
time 75
note_off 71
time 7
note_off 68
time 57
note_on 59
velocity 71
time 15
note_off 59
time 63
note_on 64
velocity 88
time 39
note_off 64
time 13
note_on 59
velocity 71
time 17
note_off 59
time 36
note_on 56
velocity 56
time 13
note_off 56
time 44
note_on 47
velocity 60
time 66
note_off 47
time 47
note_on 38
velocity 74
time 16
note_on 50
velocity 61
time 1
note_off 50
time 51
note_on 57
velocity 63
time 8
note_off 57
time 69
note_on 60
velocity 59
time 11
note_off 60
time 61
note_on 65
velocity 67
time 2
note_off 65
time 38
note_on 62
velocity 57
time 75
note_off 62
time 53
note_on 69
velocity 68
time 16
note_off 69
time 60
note_on 72
velocity 56
time 20
note_off 72
time 50
note_on 77
velocity 73
time 4
note_off 77
time 33
note_on 74
velocity 61
time 65
note_off 74
time 55
note_on 81
velocity 74
time 11
note_off 81
time 83
note_on 84
velocity 69
time 2
note_on 89
velocity 75
time 65
note_off 84
time 9
note_off 89
time 27
note_on 86
velocity 67
time 62
note_off 86
time 42
note_on 93
velocity 69
time 30
note_off 93
time 79
note_on 96
velocity 74
time 10
note_off 38
time 7
note_on 31
velocity 58
time 6
note_on 43
velocity 52
time 3
note_on 101
velocity 81
time 11
note_off 96
time 4
note_off 101
time 1
note_on 95
velocity 67
time 4
note_off 95
time 9
note_on 91
velocity 60
time 10
note_off 91
time 15
note_on 86
velocity 59
time 6
note_off 86
time 12
note_on 89
velocity 89
time 14
note_off 89
time 6
note_on 83
velocity 70
time 18
note_on 79
velocity 72
time 50
note_off 83
time 15
note_off 79
time 26
note_off 43
time 20
note_on 74
velocity 50
time 6
note_off 31
time 18
note_off 74
time 26
note_on 77
velocity 84
time 33
note_off 77
time 2
note_on 71
velocity 64
time 13
note_on 67
velocity 68
time 0
note_off 71
time 5
note_off 67
time 11
note_on 62
velocity 58
time 10
note_off 62
time 51
note_on 65
velocity 80
time 39
note_off 65
time 8
note_on 59
velocity 71
time 15
note_on 55
velocity 68
time 11
note_off 59
time 13
note_off 55
time 46
note_on 50
velocity 59
time 25
note_off 50
time 66
note_on 36
velocity 76
time 36
note_on 48
velocity 64
time 42
note_off 48
time 37
note_on 55
velocity 62
time 11
note_off 55
time 18
note_on 60
velocity 63
time 10
note_on 64
velocity 69
time 60
note_off 60
time 22
note_off 64
time 16
note_on 60
velocity 61
time 52
note_off 60
time 75
note_on 67
velocity 70
time 12
note_off 67
time 63
note_on 72
velocity 71
time 7
note_on 76
velocity 71
time 68
note_off 72
time 14
note_off 76
time 18
note_on 72
velocity 62
time 52
note_off 72
time 38
note_on 82
velocity 84
time 45
note_on 84
velocity 74
time 87
note_off 82
time 23
note_on 91
velocity 92
time 56
note_off 84
time 17
note_off 91
time 50
note_on 84
velocity 59
time 15
note_on 82
velocity 80
time 81
note_off 84
time 16
note_off 82
time 48
note_on 76
velocity 57
time 19
note_off 76
time 37
note_on 48
velocity 64
time 36
note_on 90
velocity 87
time 18
note_off 90
time 2
note_on 84
velocity 67
time 11
note_on 81
velocity 71
time 66
note_off 84
time 27
note_off 81
time 13
note_on 75
velocity 69
time 34
note_off 75
time 36
note_on 78
velocity 77
time 62
note_off 78
time 78
note_on 72
velocity 76
time 8
note_on 69
velocity 73
time 53
note_off 72
time 48
note_off 69
time 2
note_on 63
velocity 66
time 28
note_off 63
time 36
note_on 77
velocity 89
time 82
note_off 48
time 29
note_off 77
time 40
note_on 71
velocity 71
time 43
note_on 68
velocity 77
time 66
note_off 71
time 28
note_off 36
time 34
note_off 68
time 7
note_on 62
velocity 48
time 5
note_off 62
time 42
note_on 65
velocity 82
time 45
note_off 65
time 92
note_on 59
velocity 76
time 9
note_on 56
velocity 72
time 73
note_off 59
time 3
note_off 56
time 47
note_on 50
velocity 62
time 28
note_off 50
time 67
note_on 36
velocity 81
time 31
note_on 48
velocity 58
time 22
note_off 48
time 8
note_on 55
velocity 65
time 0
note_on 60
velocity 66
time 13
note_off 55
time 2
note_on 64
velocity 69
time 64
note_off 60
time 23
note_off 64
time 17
note_on 60
velocity 59
time 54
note_off 60
time 78
note_on 67
velocity 73
time 8
note_off 67
time 81
note_on 72
velocity 70
time 4
note_on 76
velocity 74
time 61
note_off 72
time 20
note_off 76
time 15
note_on 72
velocity 66
time 52
note_off 72
time 51
note_on 79
velocity 80
time 26
note_on 84
velocity 75
time 91
note_off 79
time 5
note_on 88
velocity 91
time 87
note_off 84
time 19
note_off 88
time 71
note_on 84
velocity 64
time 20
note_off 84
time 52
note_on 79
velocity 67
time 16
note_off 79
time 63
note_on 72
velocity 61
time 25
note_off 72
time 44
note_on 31
velocity 68
time 48
note_on 43
velocity 67
time 1
note_off 36
time 44
note_on 87
velocity 86
time 15
note_off 87
time 9
note_on 81
velocity 69
time 4
note_off 81
time 57
note_on 78
velocity 70
time 2
note_off 78
time 42
note_on 72
velocity 68
time 27
note_off 72
time 39
note_on 75
velocity 78
time 59
note_off 75
time 53
note_on 69
velocity 65
time 57
note_on 66
velocity 68
time 47
note_off 69
time 11
note_off 66
time 34
note_on 60
velocity 62
time 19
note_off 60
time 55
note_on 74
velocity 85
time 51
note_off 74
time 77
note_on 68
velocity 74
time 25
note_on 65
velocity 61
time 76
note_off 68
time 16
note_off 65
time 31
note_on 59
velocity 67
time 7
note_off 59
time 46
note_off 43
time 11
note_on 62
velocity 82
time 54
note_off 31
time 35
note_off 62
time 57
note_on 56
velocity 70
time 15
note_on 53
velocity 67
time 62
note_off 56
time 30
note_off 53
time 26
note_on 47
velocity 60
time 37
note_off 47
time 55
note_on 31
velocity 70
time 72
note_on 43
velocity 68
time 0
note_on 46
velocity 57
time 54
note_off 46
time 5
note_on 52
velocity 68
time 0
note_on 55
velocity 67
time 79
note_off 52
time 5
note_off 55
time 54
note_on 61
velocity 73
time 10
note_off 61
time 32
note_on 58
velocity 71
time 94
note_on 64
velocity 61
time 59
note_off 58
time 13
note_on 67
velocity 62
time 59
note_off 64
time 16
note_off 67
time 58
note_on 73
velocity 75
time 6
note_off 73
time 31
note_on 70
velocity 69
time 84
note_on 76
velocity 70
time 59
note_off 70
time 33
note_on 79
velocity 70
time 47
note_off 76
time 10
note_off 79
time 50
note_on 85
velocity 78
time 9
note_off 85
time 32
note_on 82
velocity 72
time 88
note_on 88
velocity 70
time 57
note_off 82
time 14
note_on 91
velocity 68
time 68
note_off 88
time 10
note_off 91
time 5
note_on 97
velocity 87
time 0
note_off 97
time 14
note_on 90
velocity 74
time 8
note_on 87
velocity 76
time 63
note_off 90
time 25
note_off 87
time 35
note_on 81
velocity 61
time 28
note_off 81
time 40
note_on 85
velocity 85
time 41
note_off 85
time 86
note_on 78
velocity 73
time 13
note_on 75
velocity 79
time 66
note_off 78
time 44
note_off 75
time 8
note_on 69
velocity 71
time 39
note_on 73
velocity 84
time 111
note_off 69
time 41
note_off 73
time 66
note_on 66
velocity 71
time 2
note_on 63
velocity 71
time 77
note_off 66
time 47
note_on 57
velocity 70
time 34
note_off 63
time 3
note_off 57
time 39
note_on 72
velocity 94
time 95
note_on 66
velocity 83
time 141
note_off 72
time 11
note_on 63
velocity 86
time 75
note_off 31
time 40
note_off 66
time 13
note_off 43
time 28
note_on 57
velocity 89
time 17
note_off 63
time 21
note_on 68
velocity 29
time 29
note_off 57
time 46
note_off 68
time 5
note_on 43
velocity 92
time 21
note_on 31
velocity 82
time 6
note_on 56
velocity 77
time 43
note_off 56
time 2
note_on 62
velocity 73
time 30
note_on 65
velocity 73
time 63
note_off 62
time 1
note_off 65
time 50
note_on 72
velocity 83
time 22
note_off 72
time 35
note_on 68
velocity 77
time 58
note_off 68
time 30
note_on 69
velocity 41
time 45
note_on 74
velocity 76
time 13
note_off 69
time 22
note_off 74
time 48
note_on 77
velocity 70
time 7
note_off 77
time 36
note_on 84
velocity 68
time 34
note_off 84
time 22
note_on 86
velocity 64
time 0
note_off 86
time 27
note_on 80
velocity 70
time 38
note_off 80
time 38
note_on 86
velocity 74
time 33
note_on 89
velocity 76
time 90
note_off 86
time 13
note_on 96
velocity 98
time 77
note_off 89
time 22
note_off 96
time 45
note_on 89
velocity 71
time 7
note_on 86
velocity 72
time 102
note_off 89
time 16
note_off 86
time 58
note_on 80
velocity 78
time 3
note_off 80
time 78
note_on 95
velocity 95
time 3
note_off 95
time 0
note_on 89
velocity 77
time 14
note_on 86
velocity 79
time 60
note_off 89
time 26
note_off 86
time 43
note_on 79
velocity 72
time 6
note_off 79
time 39
note_on 83
velocity 95
time 50
note_off 83
time 91
note_on 77
velocity 79
time 12
note_on 74
velocity 72
time 75
note_off 43
time 9
note_off 77
time 6
note_off 74
time 40
note_on 67
velocity 70
time 10
note_on 71
velocity 92
time 93
note_off 67
time 25
note_off 71
time 77
note_on 65
velocity 79
time 8
note_off 31
time 57
note_on 62
velocity 78
time 23
note_off 65
time 27
note_off 62
time 59
note_on 55
velocity 74
time 5
note_on 59
velocity 95
time 112
note_off 55
time 15
note_on 53
velocity 91
time 111
note_off 59
time 5
note_on 50
velocity 89
time 114
note_off 53
time 63
note_on 43
velocity 93
time 75
note_off 50
time 52
note_off 43
time 33
note_on 36
velocity 105
time 104
note_on 24
velocity 103
time 4
note_on 43
velocity 87
time 2
note_off 43
time 97
note_on 52
velocity 76
time 31
note_on 55
velocity 76
time 84
note_off 52
time 4
note_on 60
velocity 77
time 68
note_off 55
time 5
note_off 60
time 31
note_on 55
velocity 66
time 65
note_off 55
time 41
note_on 64
velocity 79
time 41
note_off 64
time 67
note_on 67
velocity 74
time 1
note_off 67
time 67
note_on 72
velocity 82
time 2
note_off 72
time 38
note_on 67
velocity 76
time 53
note_off 67
time 65
note_on 76
velocity 79
time 13
note_on 79
velocity 85
time 69
note_off 76
time 10
note_on 84
velocity 82
time 65
note_off 79
time 7
note_off 84
time 22
note_on 79
velocity 77
time 52
note_off 79
time 48
note_on 88
velocity 91
time 40
note_on 91
velocity 82
time 94
note_off 88
time 37
note_on 96
velocity 102
time 62
note_off 91
time 23
note_off 96
time 60
note_on 91
velocity 73
time 16
note_on 88
velocity 73
time 70
note_off 91
time 2
note_off 88
time 40
note_on 79
velocity 69
time 31
note_off 79
time 54
note_on 84
velocity 92
time 41
note_off 84
time 94
note_on 79
velocity 80
time 9
note_on 76
velocity 76
time 87
note_off 79
time 8
note_off 76
time 45
note_on 67
velocity 67
time 16
note_on 72
velocity 94
time 95
note_off 67
time 21
note_off 72
time 71
note_on 67
velocity 74
time 13
note_on 64
velocity 80
time 82
note_off 67
time 27
note_off 64
time 59
note_on 55
velocity 69
time 14
note_off 36
time 5
note_on 60
velocity 96
time 109
note_off 55
time 34
note_off 24
time 31
note_on 55
velocity 91
time 73
note_off 60
time 4
note_on 52
velocity 87
time 126
note_off 55
time 46
note_off 52
time 31
note_on 43
velocity 94
time 131
note_on 36
velocity 98
time 314
note_on 24
velocity 98
time 1
note_off 43
time 18
note_off 24
time 17
note_off 36
time 57
