note_on 37
velocity 42
time 962
note_off 37
time 612
note_on 44
velocity 34
time 97
note_off 44
time 419
note_on 56
velocity 41
time 60
note_on 49
velocity 43
time 368
note_off 56
time 2
note_off 49
time 266
note_on 44
velocity 37
time 40
note_off 44
time 235
note_on 37
velocity 39
time 59
note_on 44
velocity 43
time 305
note_off 37
time 7
note_on 49
velocity 58
time 292
note_off 44
time 59
note_off 49
time 238
note_on 56
velocity 60
time 5
note_on 49
velocity 60
time 283
note_off 56
time 32
note_on 44
velocity 48
time 256
note_off 49
time 11
note_on 37
velocity 52
time 294
note_off 44
time 39
note_on 44
velocity 51
time 276
note_off 37
time 43
note_on 49
velocity 50
time 283
note_off 44
time 56
note_off 49
time 195
note_on 56
velocity 41
time 67
note_off 56
time 288
note_on 49
velocity 41
time 2
note_off 49
time 197
note_on 44
velocity 33
time 117
note_off 44
time 186
note_on 37
velocity 24
time 136
note_off 37
time 257
note_on 44
velocity 31
time 58
note_on 49
velocity 37
time 323
note_off 44
time 19
note_off 49
time 262
note_on 56
velocity 32
time 69
note_off 56
time 313
note_on 49
velocity 33
time 8
note_off 49
time 297
note_on 44
velocity 33
time 113
note_off 44
time 304
note_on 37
velocity 25
time 123
note_off 37
time 518
note_on 44
velocity 31
time 102
note_on 76
velocity 63
time 73
note_on 49
velocity 35
time 542
note_off 44
time 82
note_off 49
time 233
note_on 56
velocity 33
time 28
note_off 56
time 273
note_on 49
velocity 39
time 1
note_off 49
time 244
note_on 44
velocity 37
time 83
note_off 44
time 265
note_on 37
velocity 42
time 47
note_off 37
time 254
note_on 44
velocity 33
time 115
note_on 77
velocity 70
time 94
note_off 76
time 41
note_off 44
time 370
note_on 49
velocity 40
time 18
note_off 77
time 172
note_off 49
time 31
note_on 59
velocity 42
time 111
note_off 59
time 198
note_on 49
velocity 41
time 50
note_on 77
velocity 83
time 73
note_off 49
time 183
note_on 44
velocity 35
time 115
note_off 77
time 208
note_off 44
time 60
note_on 37
velocity 50
time 6
note_off 37
time 302
note_on 44
velocity 39
time 1
note_on 77
velocity 86
time 129
note_on 49
velocity 43
time 327
note_off 44
time 14
note_off 49
time 243
note_on 59
velocity 50
time 54
note_off 59
time 187
note_on 49
velocity 44
time 83
note_off 49
time 234
note_on 44
velocity 48
time 52
note_on 37
velocity 60
time 320
note_off 44
time 15
note_off 37
time 141
note_on 45
velocity 49
time 233
note_on 78
velocity 87
time 110
note_off 77
time 5
note_on 49
velocity 33
time 3
note_off 45
time 64
note_on 57
velocity 31
time 146
note_off 49
time 12
note_off 57
time 222
note_on 49
velocity 34
time 63
note_off 49
time 226
note_on 45
velocity 33
time 82
note_off 45
time 148
note_on 37
velocity 39
time 143
note_off 37
time 154
note_on 45
velocity 30
time 246
note_on 50
velocity 33
time 195
note_off 45
time 51
note_on 57
velocity 39
time 47
note_off 50
time 8
note_off 57
time 292
note_on 50
velocity 34
time 14
note_on 76
velocity 54
time 29
note_off 50
time 76
note_off 78
time 202
note_on 45
velocity 36
time 11
note_off 45
time 220
note_on 37
velocity 45
time 92
note_on 74
velocity 54
time 169
note_off 76
time 36
note_off 37
time 16
note_on 45
velocity 23
time 184
note_on 73
velocity 59
time 81
note_off 74
time 19
note_on 50
velocity 34
time 4
note_off 45
time 13
note_off 50
time 82
note_on 57
velocity 39
time 9
note_off 57
time 200
note_on 50
velocity 32
time 87
note_on 72
velocity 59
time 16
note_off 50
time 88
note_off 73
time 102
note_on 45
velocity 37
time 110
note_off 45
time 236
note_on 37
velocity 54
time 83
note_on 44
velocity 44
time 339
note_off 37
time 28
note_on 73
velocity 76
time 30
note_off 72
time 6
note_off 44
time 1
note_on 52
velocity 45
time 6
note_off 52
time 2
note_on 61
velocity 56
time 307
note_off 61
time 283
note_on 52
velocity 50
time 6
note_off 52
time 113
note_on 80
velocity 87
time 4
note_off 73
time 82
note_on 44
velocity 58
time 293
note_on 37
velocity 66
time 393
note_off 44
time 93
note_on 35
velocity 62
time 539
note_off 37
time 15
note_off 35
time 10
note_on 47
velocity 56
time 80
note_off 47
time 73
note_on 63
velocity 64
time 347
note_off 80
time 64
note_off 63
time 290
note_on 57
velocity 42
time 17
note_off 57
time 129
note_on 80
velocity 70
time 7
note_on 78
velocity 64
time 535
note_on 47
velocity 31
time 65
note_off 80
time 3
note_off 47
time 28
note_on 35
velocity 34
time 13
note_on 76
velocity 60
time 264
note_off 78
time 36
note_off 76
time 94
note_off 35
time 106
note_on 40
velocity 38
time 18
note_on 76
velocity 47
time 126
note_on 47
velocity 35
time 15
note_off 40
time 26
note_off 47
time 66
note_on 64
velocity 42
time 102
note_off 64
time 139
note_on 56
velocity 37
time 197
note_off 56
time 211
note_off 76
time 38
note_on 47
velocity 40
time 54
note_off 47
time 133
note_on 39
velocity 48
time 255
note_on 37
velocity 43
time 372
note_off 39
time 34
note_on 76
velocity 66
time 82
note_off 37
time 28
note_on 44
velocity 42
time 51
note_off 76
time 264
note_on 56
velocity 42
time 46
note_off 44
time 140
note_on 49
velocity 46
time 110
note_on 76
velocity 79
time 4
note_off 56
time 81
note_off 49
time 215
note_on 44
velocity 45
time 34
note_on 37
velocity 52
time 279
note_off 44
time 17
note_on 44
velocity 44
time 340
note_off 37
time 20
note_on 77
velocity 79
time 67
note_off 76
time 11
note_on 49
velocity 39
time 10
note_off 44
time 8
note_off 49
time 129
note_on 59
velocity 38
time 89
note_off 59
time 137
note_on 49
velocity 32
time 157
note_off 49
time 204
note_on 44
velocity 31
time 100
note_off 44
time 313
note_on 37
velocity 21
time 22
note_off 37
time 214
note_on 45
velocity 33
time 204
note_on 78
velocity 52
time 87
note_off 77
time 21
note_on 49
velocity 37
time 2
note_off 45
time 54
note_on 57
velocity 31
time 153
note_off 49
time 14
note_off 57
time 242
note_on 49
velocity 34
time 44
note_off 49
time 192
note_on 45
velocity 39
time 88
note_off 45
time 205
note_on 37
velocity 45
time 80
note_off 37
time 228
note_on 45
velocity 41
time 144
note_on 50
velocity 37
time 19
note_off 45
time 68
note_off 50
time 130
note_on 57
velocity 33
time 7
note_off 57
time 222
note_on 50
velocity 24
time 34
note_on 76
velocity 58
time 33
note_off 50
time 36
note_on 45
velocity 30
time 279
note_off 78
time 22
note_off 45
time 138
note_on 37
velocity 42
time 125
note_on 74
velocity 56
time 176
note_off 76
time 31
note_off 37
time 27
note_on 45
velocity 27
time 187
note_on 73
velocity 61
time 82
note_off 74
time 11
note_on 50
velocity 33
time 8
note_off 45
time 50
note_off 50
time 118
note_on 57
velocity 28
time 32
note_off 57
time 204
note_on 50
velocity 25
time 60
note_on 72
velocity 44
time 48
note_off 50
time 45
note_off 73
time 105
note_on 45
velocity 26
time 143
note_off 45
time 183
note_off 72
time 31
note_on 37
velocity 42
time 80
note_on 45
velocity 33
time 365
note_off 37
time 18
note_on 50
velocity 38
time 275
note_off 50
time 239
note_on 57
velocity 36
time 73
note_off 45
time 55
note_off 57
time 189
note_on 50
velocity 32
time 44
note_off 50
time 268
note_on 45
velocity 28
time 43
note_on 37
velocity 36
time 271
note_off 45
time 3
note_on 45
velocity 30
time 10
note_on 50
velocity 40
time 85
note_off 37
time 35
note_off 50
time 181
note_on 57
velocity 31
time 97
note_off 57
time 102
note_off 45
time 104
note_on 50
velocity 28
time 114
note_off 50
time 306
note_on 45
velocity 30
time 41
note_on 37
velocity 43
time 410
note_off 45
time 132
note_off 37
time 423
note_on 44
velocity 46
time 110
note_on 85
velocity 84
time 70
note_on 73
velocity 68
time 17
note_off 73
time 283
note_off 44
time 29
note_on 52
velocity 43
time 47
note_off 52
time 51
note_on 61
velocity 59
time 279
note_on 52
velocity 52
time 264
note_off 61
time 53
note_on 80
velocity 87
time 55
note_off 52
time 37
note_off 85
time 109
note_on 44
velocity 37
time 165
note_on 37
velocity 51
time 285
note_off 37
time 138
note_off 44
time 145
note_on 37
velocity 47
time 66
note_on 78
velocity 76
time 20
note_off 80
time 22
note_off 37
time 112
note_on 44
velocity 45
time 13
note_off 44
time 66
note_on 80
velocity 81
time 4
note_off 78
time 77
note_on 60
velocity 49
time 172
note_on 78
velocity 83
time 46
note_off 80
time 143
note_off 60
time 31
note_on 54
velocity 38
time 45
note_off 54
time 56
note_on 76
velocity 74
time 45
note_off 78
time 172
note_on 44
velocity 45
time 127
note_on 37
velocity 47
time 287
note_off 44
time 79
note_off 37
time 71
note_on 75
velocity 80
time 33
note_off 76
time 105
note_on 37
velocity 45
time 155
note_on 73
velocity 73
time 109
note_off 75
time 13
note_off 37
time 4
note_on 44
velocity 46
time 52
note_off 44
time 54
note_on 61
velocity 54
time 216
note_off 61
time 213
note_on 52
velocity 54
time 59
note_off 52
time 60
note_on 44
velocity 49
time 240
note_on 37
velocity 49
time 286
note_off 44
time 98
note_off 37
time 6
note_on 37
velocity 53
time 190
note_on 75
velocity 85
time 79
note_off 73
time 5
note_on 44
velocity 53
time 68
note_off 37
time 17
note_off 44
time 32
note_on 60
velocity 46
time 263
note_off 60
time 209
note_on 54
velocity 49
time 68
note_off 54
time 57
note_on 44
velocity 49
time 251
note_on 37
velocity 49
time 285
note_off 44
time 86
note_off 37
time 39
note_on 37
velocity 52
time 195
note_on 76
velocity 76
time 71
note_off 75
time 1
note_on 44
velocity 49
time 39
note_off 37
time 7
note_off 44
time 51
note_on 61
velocity 57
time 235
note_on 78
velocity 81
time 119
note_off 61
time 133
note_on 52
velocity 54
time 26
note_off 76
time 84
note_on 80
velocity 90
time 18
note_off 52
time 20
note_off 78
time 78
note_on 44
velocity 65
time 178
note_on 37
velocity 71
time 266
note_off 44
time 53
note_on 32
velocity 62
time 197
note_off 37
time 44
note_on 78
velocity 87
time 12
note_off 80
time 14
note_on 44
velocity 67
time 34
note_off 32
time 5
note_off 44
time 45
note_on 60
velocity 70
time 265
note_on 54
velocity 54
time 265
note_off 60
time 56
note_on 74
velocity 82
time 47
note_off 54
time 78
note_off 78
time 175
note_on 44
velocity 53
time 102
note_on 32
velocity 60
time 323
note_off 44
time 267
note_on 37
velocity 55
time 152
note_off 32
time 91
note_on 73
velocity 68
time 9
note_off 74
time 61
note_on 44
velocity 37
time 14
note_off 37
time 118
note_off 44
time 12
note_on 61
velocity 42
time 111
note_on 52
velocity 37
time 281
note_off 52
time 254
note_off 61
time 43
note_on 44
velocity 35
time 38
note_off 44
time 254
note_on 37
velocity 43
time 15
note_off 37
time 14
note_on 37
velocity 41
time 160
note_on 68
velocity 54
time 58
note_off 73
time 33
note_off 37
time 13
note_on 44
velocity 46
time 0
note_off 44
time 33
note_off 68
time 288
note_on 60
velocity 32
time 36
note_off 60
time 251
note_on 54
velocity 36
time 40
note_on 80
velocity 59
time 60
note_off 54
time 21
note_on 44
velocity 34
time 336
note_on 37
velocity 39
time 417
note_off 37
time 142
note_off 44
time 172
note_on 37
velocity 32
time 137
note_on 85
velocity 60
time 108
note_off 80
time 44
note_off 37
time 63
note_on 44
velocity 26
time 77
note_off 44
time 52
note_on 61
velocity 34
time 295
note_off 61
time 187
note_on 52
velocity 36
time 67
note_on 80
velocity 62
time 78
note_off 52
time 9
note_off 85
time 225
note_on 44
velocity 35
time 83
note_on 37
velocity 36
time 290
note_off 44
time 68
note_off 37
time 104
note_on 37
velocity 38
time 195
note_on 78
velocity 57
time 29
note_off 80
time 58
note_off 37
time 44
note_on 80
velocity 58
time 70
note_on 44
velocity 31
time 22
note_off 78
time 22
note_off 44
time 28
note_on 78
velocity 64
time 239
note_on 60
velocity 34
time 19
note_off 80
time 37
note_off 60
time 184
note_on 54
velocity 30
time 44
note_on 76
velocity 59
time 42
note_off 54
time 19
note_off 78
time 52
note_on 44
velocity 40
time 216
note_off 44
time 328
note_on 37
velocity 41
time 5
note_on 75
velocity 58
time 138
note_off 37
time 67
note_off 76
time 9
note_on 37
velocity 40
time 191
note_on 73
velocity 55
time 66
note_off 75
time 28
note_off 37
time 18
note_on 44
velocity 39
time 16
note_off 44
time 53
note_on 61
velocity 40
time 271
note_off 61
time 178
note_on 52
velocity 43
time 90
note_off 52
time 59
note_on 44
velocity 47
time 262
note_off 44
time 276
note_on 37
velocity 48
time 20
note_on 32
velocity 40
time 318
note_off 37
time 31
note_on 75
velocity 67
time 83
note_off 73
time 0
note_off 32
time 10
note_on 44
velocity 39
time 4
note_off 44
time 25
note_on 60
velocity 42
time 268
note_off 60
time 172
note_on 54
velocity 40
time 116
note_off 54
time 50
note_on 44
velocity 42
time 268
note_off 44
time 279
note_on 32
velocity 40
time 2
note_on 37
velocity 43
time 288
note_off 32
time 3
note_on 76
velocity 64
time 75
note_off 75
time 12
note_on 44
velocity 42
time 15
note_off 37
time 3
note_off 44
time 19
note_on 61
velocity 45
time 303
note_on 78
velocity 71
time 132
note_off 61
time 112
note_on 52
velocity 42
time 80
note_off 76
time 56
note_off 52
time 23
note_on 80
velocity 77
time 7
note_off 78
time 128
note_on 44
velocity 40
time 189
note_off 44
time 267
note_on 37
velocity 40
time 9
note_off 37
time 225
note_on 42
velocity 52
time 20
note_on 78
velocity 69
time 78
note_off 80
time 13
note_on 50
velocity 41
time 8
note_off 42
time 27
note_on 57
velocity 37
time 239
note_off 50
time 5
note_off 57
time 262
note_on 44
velocity 40
time 47
note_on 74
velocity 57
time 75
note_off 78
time 56
note_on 54
velocity 41
time 4
note_off 44
time 1
note_off 54
time 407
note_on 60
velocity 37
time 36
note_off 60
time 44
note_on 37
velocity 39
time 518
note_on 73
velocity 48
time 43
note_off 74
time 11
note_on 44
velocity 31
time 241
note_on 61
velocity 35
time 78
note_off 37
time 117
note_off 44
time 200
note_on 52
velocity 36
time 15
note_off 61
time 219
note_off 52
time 4
note_on 44
velocity 35
time 119
note_on 37
velocity 40
time 282
note_off 37
time 94
note_off 44
time 48
note_on 37
velocity 39
time 175
note_off 73
time 61
note_off 37
time 191
note_on 44
velocity 32
time 81
note_off 44
time 233
note_on 56
velocity 30
time 77
note_off 56
time 229
note_on 49
velocity 35
time 68
note_off 49
time 134
note_on 44
velocity 39
time 164
note_off 44
time 254
note_on 37
velocity 39
time 46
note_off 37
time 357
note_on 44
velocity 22
time 105
note_on 76
velocity 58
time 34
note_on 49
velocity 37
time 426
note_off 44
time 36
note_off 76
time 209
note_off 49
time 11
note_on 56
velocity 33
time 35
note_off 56
time 237
note_on 49
velocity 39
time 31
note_off 49
time 187
note_on 44
velocity 39
time 102
note_off 44
time 247
note_on 37
velocity 46
time 34
note_off 37
time 252
note_on 44
velocity 33
time 35
note_on 76
velocity 74
time 48
note_on 49
velocity 47
time 339
note_off 76
time 226
note_off 44
time 7
note_on 56
velocity 46
time 36
note_off 49
time 17
note_off 56
time 264
note_on 49
velocity 41
time 26
note_on 76
velocity 77
time 2
note_off 49
time 222
note_on 44
velocity 42
time 19
note_off 44
time 71
note_on 37
velocity 50
time 10
note_off 37
time 329
note_on 44
velocity 47
time 62
note_on 77
velocity 80
time 32
note_on 71
velocity 59
time 19
note_off 76
time 92
note_on 49
velocity 44
time 12
note_off 44
time 192
note_on 56
velocity 42
time 89
note_off 49
time 43
note_off 56
time 207
note_on 49
velocity 37
time 19
note_on 73
velocity 79
time 29
note_off 71
time 69
note_off 49
time 172
note_off 77
time 17
note_on 44
velocity 44
time 0
note_on 37
velocity 58
time 209
note_off 44
time 73
note_on 71
velocity 86
time 117
note_off 71
time 130
note_on 42
velocity 55
time 131
note_off 37
time 21
note_on 78
velocity 80
time 53
note_on 71
velocity 76
time 5
note_off 73
time 65
note_on 49
velocity 53
time 4
note_off 42
time 14
note_off 49
time 31
note_on 61
velocity 57
time 209
note_on 54
velocity 49
time 275
note_on 69
velocity 78
time 5
note_off 61
time 36
note_off 71
time 153
note_on 49
velocity 60
time 114
note_off 54
time 28
note_off 49
time 85
note_on 42
velocity 67
time 203
note_on 68
velocity 79
time 138
note_off 69
time 47
note_on 30
velocity 71
time 200
note_on 66
velocity 71
time 82
note_off 42
time 8
note_off 68
time 2
note_on 42
velocity 66
time 43
note_off 30
time 3
note_off 42
time 60
note_off 78
time 34
note_on 57
velocity 65
time 211
note_on 50
velocity 58
time 216
note_off 57
time 26
note_on 76
velocity 83
time 51
note_off 50
time 52
note_on 42
velocity 55
time 248
note_on 30
velocity 59
time 303
note_off 42
time 34
note_on 74
velocity 71
time 109
note_off 76
time 264
note_on 32
velocity 49
time 1
note_on 73
velocity 74
time 16
note_off 30
time 8
note_off 74
time 37
note_off 32
time 12
note_on 44
velocity 51
time 12
note_off 44
time 51
note_on 56
velocity 50
time 263
note_off 56
time 260
note_on 51
velocity 39
time 4
note_on 72
velocity 66
time 43
note_off 51
time 93
note_off 73
time 75
note_on 44
velocity 45
time 156
note_off 66
time 18
note_on 32
velocity 42
time 278
note_off 44
time 31
note_on 37
velocity 49
time 293
note_off 32
time 25
note_on 73
velocity 77
time 37
note_on 64
velocity 57
time 13
note_off 72
time 6
note_on 44
velocity 49
time 6
note_off 37
time 5
note_off 64
time 0
note_off 44
time 14
note_on 61
velocity 56
time 231
note_off 61
time 238
note_on 52
velocity 48
time 46
note_off 52
time 113
note_on 80
velocity 86
time 3
note_off 73
time 283
note_on 44
velocity 33
time 111
note_on 37
velocity 45
time 6
note_off 44
time 26
note_on 35
velocity 48
time 402
note_on 69
velocity 51
time 11
note_off 37
time 6
note_off 69
time 6
note_on 71
velocity 52
time 2
note_off 35
time 88
note_on 47
velocity 49
time 23
note_off 80
time 13
note_off 71
time 37
note_off 47
time 34
note_on 69
velocity 55
time 9
note_off 69
time 185
note_on 68
velocity 59
time 3
note_off 68
time 160
note_on 63
velocity 52
time 6
note_on 69
velocity 57
time 4
note_off 63
time 250
note_on 57
velocity 40
time 14
note_on 78
velocity 73
time 82
note_off 57
time 2
note_off 69
time 25
note_on 71
velocity 51
time 3
note_on 47
velocity 41
time 430
note_off 78
time 185
note_on 35
velocity 41
time 215
note_off 47
time 12
note_on 66
velocity 42
time 205
note_on 40
velocity 38
time 302
note_off 35
time 111
note_on 76
velocity 53
time 2
note_on 68
velocity 40
time 38
note_off 66
time 3
note_off 71
time 8
note_on 47
velocity 38
time 10
note_off 40
time 107
note_off 47
time 43
note_on 64
velocity 47
time 116
note_off 64
time 282
note_on 56
velocity 52
time 34
note_off 56
time 228
note_on 47
velocity 50
time 78
note_off 76
time 131
note_off 47
time 81
note_on 39
velocity 61
time 134
note_on 37
velocity 53
time 386
note_off 39
time 48
note_on 76
velocity 79
time 63
note_off 37
time 38
note_on 44
velocity 42
time 38
note_off 76
time 256
note_on 56
velocity 56
time 53
note_off 44
time 195
note_on 49
velocity 51
time 50
note_on 76
velocity 85
time 44
note_off 56
time 15
note_off 68
time 194
note_off 49
time 83
note_on 44
velocity 49
time 48
note_on 37
velocity 53
time 321
note_off 44
time 28
note_off 37
time 109
note_on 37
velocity 47
time 264
note_on 77
velocity 83
time 73
note_on 71
velocity 52
time 50
note_off 76
time 15
note_off 37
time 22
note_on 44
velocity 49
time 72
note_off 44
time 47
note_on 61
velocity 64
time 252
note_on 53
velocity 57
time 238
note_off 61
time 18
note_on 73
velocity 85
time 66
note_off 53
time 37
note_off 71
time 141
note_off 77
time 77
note_on 44
velocity 61
time 55
note_on 37
velocity 65
time 350
note_off 44
time 209
note_on 71
velocity 86
time 37
note_off 37
time 96
note_off 71
time 35
note_on 37
velocity 59
time 132
note_on 78
velocity 78
time 75
note_on 71
velocity 74
time 10
note_off 73
time 12
note_off 37
time 12
note_on 45
velocity 53
time 17
note_off 45
time 43
note_on 61
velocity 59
time 255
note_off 61
time 261
note_on 54
velocity 49
time 10
note_on 69
velocity 76
time 45
note_off 54
time 38
note_off 71
time 107
note_on 45
velocity 48
time 175
note_off 45
time 62
note_on 37
velocity 52
time 241
note_off 69
time 95
note_off 37
time 14
note_on 68
velocity 61
time 29
note_on 37
velocity 42
time 238
note_on 66
velocity 56
time 59
note_off 68
time 6
note_off 37
time 1
note_on 45
velocity 41
time 28
note_off 78
time 47
note_off 45
time 23
note_on 57
velocity 42
time 237
note_off 57
time 182
note_on 50
velocity 39
time 65
note_on 76
velocity 66
time 41
note_off 50
time 41
note_on 45
velocity 22
time 278
note_off 45
time 254
note_on 37
velocity 42
time 50
note_on 74
velocity 57
time 159
note_off 37
time 4
note_off 76
time 148
note_on 37
velocity 39
time 58
note_on 73
velocity 62
time 92
note_off 74
time 18
note_off 37
time 17
note_on 45
velocity 40
time 17
note_off 45
time 96
note_on 57
velocity 22
time 234
note_off 57
time 255
note_on 50
velocity 15
time 76
note_on 72
velocity 54
time 29
note_off 50
time 48
note_off 73
time 44
note_off 66
time 106
note_on 45
velocity 36
time 143
note_off 45
time 280
note_on 37
velocity 47
time 79
note_off 37
time 202
note_on 37
velocity 39
time 210
note_on 66
velocity 74
time 71
note_off 37
time 29
note_on 45
velocity 27
time 96
note_off 45
time 129
note_on 57
velocity 38
time 213
note_off 57
time 206
note_on 50
velocity 40
time 63
note_on 64
velocity 77
time 53
note_off 50
time 88
note_off 72
time 66
note_off 66
time 229
note_on 45
velocity 33
time 11
note_off 45
time 253
note_on 37
velocity 44
time 68
note_on 62
velocity 68
time 180
note_off 37
time 31
note_off 64
time 28
note_on 37
velocity 38
time 198
note_on 61
velocity 70
time 4
note_off 62
time 13
note_off 37
time 6
note_on 45
velocity 40
time 7
note_off 45
time 135
note_on 57
velocity 27
time 209
note_off 57
time 266
note_on 50
velocity 29
time 83
note_on 60
velocity 43
time 68
note_off 50
time 92
note_off 61
time 72
note_on 45
velocity 34
time 250
note_off 45
time 297
note_on 37
velocity 31
time 198
note_off 60
time 102
note_on 45
velocity 34
time 619
note_off 37
time 52
note_on 50
velocity 24
time 300
note_on 57
velocity 37
time 89
note_off 50
time 143
note_on 62
velocity 38
time 184
note_off 57
time 41
note_on 57
velocity 12
time 279
note_off 45
time 90
note_off 57
time 161
note_on 50
velocity 37
time 29
note_off 62
time 211
note_off 50
time 97
note_on 45
velocity 33
time 2
note_on 50
velocity 41
time 313
note_on 57
velocity 44
time 253
note_off 50
time 54
note_off 45
time 207
note_on 50
velocity 34
time 33
note_off 57
time 123
note_on 45
velocity 31
time 219
note_off 50
time 8
note_on 37
velocity 33
time 320
note_off 45
time 22
note_off 37
time 333
note_on 50
velocity 34
time 44
note_on 57
velocity 33
time 309
note_on 62
velocity 39
time 328
note_off 50
time 227
note_on 66
velocity 38
time 138
note_off 62
time 34
note_off 57
time 86
note_on 62
velocity 28
time 210
note_off 66
time 194
note_on 57
velocity 33
time 119
note_off 57
time 181
note_off 62
time 127
note_on 45
velocity 31
time 33
note_on 50
velocity 33
time 368
note_off 45
time 291
note_on 57
velocity 33
time 44
note_off 50
time 8
note_off 57
time 268
note_on 50
velocity 29
time 122
note_off 50
time 428
note_on 45
velocity 34
time 35
note_off 45
time 580
note_on 37
velocity 40
time 5
note_off 37
time 539
note_on 36
velocity 40
time 581
note_on 68
velocity 54
time 112
note_on 63
velocity 45
time 31
note_on 56
velocity 32
time 1
note_on 66
velocity 43
time 2
note_on 43
velocity 19
time 15
note_off 43
time 38
note_off 68
time 26
note_off 66
time 16
note_off 56
time 34
note_on 44
velocity 28
time 31
note_off 63
time 52
note_off 44
time 27
note_on 45
velocity 32
time 66
note_off 45
time 89
note_on 68
velocity 64
time 53
note_on 44
velocity 33
time 1
note_on 56
velocity 42
time 40
note_off 68
time 36
note_off 56
time 23
note_off 44
time 31
note_on 45
velocity 39
time 19
note_off 36
time 17
note_on 68
velocity 60
time 5
note_on 56
velocity 45
time 14
note_off 56
time 61
note_off 68
time 1
note_off 45
time 66
note_on 44
velocity 35
time 1
note_on 45
velocity 26
time 32
note_off 45
time 219
note_on 37
velocity 45
time 14
note_off 44
time 52
note_on 68
velocity 53
time 11
note_on 61
velocity 44
time 30
note_on 56
velocity 39
time 5
note_on 43
velocity 35
time 21
note_off 43
time 2
note_on 44
velocity 25
time 6
note_off 44
time 7
note_on 45
velocity 41
time 32
note_off 61
time 112
note_off 68
time 1
note_off 45
time 1
note_on 64
velocity 51
time 13
note_off 56
time 15
note_on 44
velocity 29
time 9
note_off 37
time 68
note_off 44
time 54
note_off 64
time 16
note_on 45
velocity 46
time 12
note_on 61
velocity 42
time 1
note_off 61
time 63
note_off 45
time 82
note_on 44
velocity 47
time 16
note_off 44
time 97
note_on 39
velocity 49
time 14
note_on 68
velocity 66
time 95
note_on 60
velocity 48
time 15
note_on 56
velocity 40
time 8
note_on 43
velocity 38
time 2
note_off 43
time 5
note_on 44
velocity 50
time 8
note_off 68
time 30
note_off 60
time 18
note_off 44
time 38
note_off 56
time 13
note_on 45
velocity 51
time 19
note_on 68
velocity 65
time 97
note_off 45
time 2
note_on 56
velocity 58
time 19
note_on 44
velocity 46
time 28
note_off 56
time 19
note_off 68
time 0
note_off 39
time 32
note_off 44
time 45
note_on 68
velocity 70
time 26
note_on 56
velocity 65
time 5
note_on 45
velocity 52
time 4
note_off 56
time 51
note_off 68
time 3
note_on 44
velocity 49
time 86
note_off 44
time 131
note_off 45
time 8
note_on 40
velocity 45
time 46
note_on 68
velocity 60
time 2
note_on 61
velocity 50
time 13
note_on 56
velocity 43
time 5
note_on 43
velocity 41
time 1
note_off 43
time 10
note_off 56
time 12
note_on 44
velocity 42
time 1
note_off 40
time 41
note_off 44
time 7
note_on 45
velocity 48
time 31
note_off 61
time 84
note_on 64
velocity 54
time 13
note_off 68
time 15
note_off 45
time 4
note_on 44
velocity 38
time 35
note_off 44
time 102
note_on 61
velocity 51
time 6
note_off 64
time 21
note_on 45
velocity 47
time 16
note_off 61
time 30
note_on 44
velocity 47
time 106
note_off 45
time 121
note_off 44
time 29
note_on 41
velocity 52
time 1
note_on 73
velocity 66
time 40
note_on 71
velocity 55
time 6
note_on 68
velocity 52
time 5
note_on 61
velocity 41
time 4
note_on 48
velocity 44
time 19
note_off 48
time 7
note_off 71
time 4
note_on 49
velocity 53
time 20
note_off 73
time 9
note_off 68
time 54
note_off 61
time 1
note_off 49
time 45
note_on 50
velocity 53
time 23
note_on 73
velocity 71
time 32
note_on 61
velocity 59
time 18
note_off 61
time 44
note_off 73
time 10
note_off 50
time 19
note_on 49
velocity 54
time 43
note_on 73
velocity 78
time 36
note_on 61
velocity 64
time 1
note_off 49
time 58
note_off 61
time 11
note_off 41
time 1
note_off 73
time 11
note_on 50
velocity 59
time 5
note_on 49
velocity 51
time 152
note_off 50
time 43
note_off 49
time 70
note_on 42
velocity 52
time 4
note_on 73
velocity 77
time 0
note_on 61
velocity 68
time 13
note_on 66
velocity 63
time 0
note_on 48
velocity 48
time 10
note_off 48
time 7
note_on 49
velocity 56
time 1
note_off 61
time 26
note_off 49
time 37
note_on 50
velocity 55
time 33
note_off 50
time 107
note_on 69
velocity 74
time 1
note_off 66
time 19
note_on 49
velocity 55
time 19
note_off 73
time 26
note_off 49
time 69
note_on 66
velocity 76
time 27
note_on 50
velocity 61
time 5
note_off 69
time 26
note_off 50
time 40
note_off 66
time 36
note_on 49
velocity 60
time 6
note_on 50
velocity 62
time 65
note_off 42
time 9
note_off 50
time 106
note_on 44
velocity 72
time 10
note_off 49
time 33
note_on 73
velocity 83
time 6
note_on 65
velocity 69
time 11
note_on 61
velocity 75
time 4
note_on 48
velocity 60
time 11
note_off 48
time 13
note_on 49
velocity 67
time 19
note_off 65
time 36
note_off 73
time 3
note_off 61
time 36
note_off 49
time 52
note_on 50
velocity 58
time 10
note_on 73
velocity 76
time 51
note_on 61
velocity 67
time 22
note_off 44
time 18
note_off 61
time 13
note_off 50
time 4
note_off 73
time 7
note_on 49
velocity 62
time 27
note_on 61
velocity 65
time 57
note_on 73
velocity 83
time 8
note_off 49
time 11
note_on 50
velocity 63
time 32
note_off 61
time 15
note_off 73
time 8
note_on 49
velocity 50
time 105
note_off 50
time 9
note_off 49
time 45
note_on 45
velocity 65
time 6
note_on 73
velocity 83
time 10
note_on 61
velocity 71
time 2
note_on 66
velocity 74
time 1
note_on 48
velocity 58
time 8
note_off 45
time 1
note_off 48
time 37
note_on 49
velocity 67
time 17
note_off 61
time 40
note_off 49
time 69
note_on 50
velocity 72
time 0
note_off 50
time 112
note_on 69
velocity 82
time 5
note_off 66
time 14
note_on 49
velocity 71
time 6
note_off 73
time 57
note_off 49
time 31
note_on 50
velocity 69
time 14
note_on 66
velocity 81
time 36
note_off 50
time 20
note_on 49
velocity 76
time 12
note_off 69
time 29
note_off 66
time 20
note_off 49
time 23
note_on 48
velocity 83
time 184
note_on 36
velocity 75
time 17
note_on 80
velocity 90
time 5
note_on 68
velocity 87
time 9
note_on 75
velocity 77
time 2
note_on 78
velocity 72
time 3
note_off 36
time 5
note_off 48
time 18
note_on 55
velocity 73
time 89
note_off 68
time 31
note_off 80
time 2
note_off 78
time 20
note_off 75
time 16
note_off 55
time 10
note_on 56
velocity 75
time 36
note_on 57
velocity 72
time 88
note_off 56
time 7
note_on 80
velocity 90
time 11
note_on 68
velocity 87
time 11
note_off 68
time 31
note_off 80
time 15
note_off 57
time 30
note_on 55
velocity 72
time 35
note_on 80
velocity 91
time 4
note_on 68
velocity 85
time 9
note_off 68
time 44
note_off 55
time 9
note_off 80
time 5
note_on 56
velocity 76
time 2
note_off 56
time 43
note_on 63
velocity 81
time 51
note_on 56
velocity 76
time 36
note_off 63
time 8
note_off 56
time 36
note_on 80
velocity 88
time 17
note_on 73
velocity 82
time 2
note_on 68
velocity 83
time 0
note_on 49
velocity 90
time 3
note_on 37
velocity 78
time 1
note_off 37
time 35
note_off 49
time 18
note_off 68
time 37
note_on 55
velocity 69
time 16
note_off 55
time 68
note_on 56
velocity 75
time 25
note_on 57
velocity 73
time 91
note_off 80
time 4
note_off 56
time 1
note_on 76
velocity 89
time 83
note_on 56
velocity 77
time 13
note_off 57
time 2
note_off 73
time 8
note_off 56
time 73
note_on 55
velocity 75
time 30
note_on 73
velocity 93
time 2
note_off 76
time 14
note_on 56
velocity 78
time 52
note_off 55
time 5
note_off 73
time 31
note_off 56
time 35
note_on 64
velocity 80
time 20
note_off 64
time 59
note_on 56
velocity 80
time 6
note_off 56
time 47
note_on 80
velocity 98
time 103
note_on 72
velocity 87
time 3
note_on 68
velocity 92
time 1
note_on 51
velocity 90
time 8
note_on 39
velocity 71
time 1
note_off 39
time 9
note_off 51
time 13
note_on 55
velocity 80
time 14
note_off 80
time 44
note_off 68
time 4
note_off 72
time 14
note_off 55
time 3
note_on 57
velocity 69
time 47
note_off 57
time 141
note_on 80
velocity 90
time 5
note_on 68
velocity 87
time 3
note_off 68
time 26
note_off 80
time 0
note_on 56
velocity 54
time 29
note_on 55
velocity 78
time 44
note_on 80
velocity 89
time 5
note_on 68
velocity 88
time 6
note_off 56
time 7
note_on 56
velocity 57
time 16
note_off 55
time 17
note_off 68
time 13
note_off 80
time 3
note_off 56
time 27
note_on 66
velocity 82
time 60
note_on 56
velocity 79
time 15
note_off 66
time 16
note_off 56
time 69
note_on 80
velocity 97
time 96
note_on 73
velocity 89
time 2
note_on 68
velocity 93
time 0
note_on 52
velocity 82
time 18
note_on 40
velocity 63
time 2
note_off 40
time 35
note_off 52
time 12
note_on 55
velocity 68
time 25
note_off 68
time 7
note_off 55
time 46
note_on 56
velocity 82
time 20
note_off 80
time 23
note_on 57
velocity 79
time 64
note_off 56
time 12
note_off 73
time 42
note_on 56
velocity 80
time 47
note_off 57
time 6
note_on 76
velocity 97
time 8
note_off 56
time 67
note_on 55
velocity 70
time 39
note_on 73
velocity 90
time 22
note_off 76
time 15
note_on 56
velocity 72
time 15
note_off 55
time 1
note_off 73
time 53
note_off 56
time 14
note_on 68
velocity 85
time 56
note_off 68
time 50
note_on 56
velocity 80
time 28
note_off 56
time 46
note_on 73
velocity 101
time 4
note_on 85
velocity 92
time 0
note_on 53
velocity 96
time 9
note_on 83
velocity 80
time 3
note_on 80
velocity 81
time 0
note_on 41
velocity 84
time 1
note_off 41
time 40
note_off 53
time 17
note_on 60
velocity 78
time 32
note_off 85
time 34
note_off 73
time 3
note_off 83
time 27
note_off 80
time 13
note_off 60
time 9
note_on 61
velocity 79
time 13
note_on 62
velocity 77
time 105
note_off 61
time 31
note_on 85
velocity 104
time 81
note_on 73
velocity 94
time 2
note_on 61
velocity 75
time 54
note_off 62
time 2
note_off 73
time 10
note_off 85
time 18
note_off 61
time 69
note_on 60
velocity 72
time 6
note_on 85
velocity 96
time 71
note_on 73
velocity 93
time 4
note_off 60
time 30
note_on 61
velocity 81
time 8
note_off 73
time 13
note_off 85
time 2
note_off 61
time 57
note_on 62
velocity 41
time 22
note_on 68
velocity 84
time 33
note_on 85
velocity 96
time 4
note_on 73
velocity 90
time 5
note_off 73
time 38
note_off 85
time 12
note_off 62
time 4
note_off 68
time 4
note_on 61
velocity 54
time 17
note_off 61
time 39
note_on 85
velocity 81
time 6
note_on 73
velocity 83
time 1
note_off 73
time 32
note_off 85
time 0
note_on 85
velocity 99
time 61
note_on 54
velocity 95
time 4
note_on 73
velocity 89
time 1
note_on 78
velocity 82
time 4
note_on 42
velocity 54
time 14
note_off 73
time 20
note_off 54
time 9
note_off 42
time 13
note_off 78
time 14
note_on 60
velocity 79
time 11
note_off 60
time 80
note_on 61
velocity 79
time 18
note_on 62
velocity 81
time 97
note_off 61
time 11
note_on 81
velocity 92
time 94
note_on 61
velocity 81
time 8
note_off 62
time 3
note_off 61
time 76
note_on 60
velocity 76
time 28
note_on 78
velocity 91
time 27
note_off 81
time 30
note_on 61
velocity 79
time 6
note_off 60
time 2
note_off 85
time 3
note_off 61
time 79
note_off 78
time 17
note_on 69
velocity 87
time 1
note_off 69
time 58
note_on 61
velocity 70
time 9
note_off 61
time 46
note_on 85
velocity 98
time 76
note_on 77
velocity 87
time 1
note_on 73
velocity 98
time 6
note_on 56
velocity 100
time 8
note_on 44
velocity 72
time 4
note_off 44
time 19
note_off 56
time 14
note_on 60
velocity 79
time 12
note_off 73
time 23
note_off 85
time 4
note_off 77
time 27
note_off 60
time 22
note_on 61
velocity 73
time 44
note_on 62
velocity 65
time 125
note_off 61
time 8
note_on 85
velocity 84
time 65
note_on 73
velocity 77
time 7
note_off 62
time 58
note_off 73
time 14
note_off 85
time 4
note_on 61
velocity 64
time 12
note_on 85
velocity 100
time 111
note_on 73
velocity 91
time 7
note_off 61
time 13
note_on 60
velocity 62
time 9
note_off 73
time 36
note_off 85
time 3
note_off 60
time 43
note_on 61
velocity 77
time 15
note_on 85
velocity 93
time 43
note_on 73
velocity 90
time 5
note_off 73
time 39
note_off 85
time 13
note_off 61
time 1
note_on 71
velocity 83
time 43
note_on 85
velocity 87
time 30
note_on 73
velocity 88
time 10
note_off 71
time 16
note_off 73
time 18
note_off 85
time 5
note_on 61
velocity 57
time 26
note_off 61
time 36
note_on 73
velocity 81
time 11
note_on 85
velocity 68
time 8
note_off 73
time 17
note_off 85
time 3
note_on 85
velocity 97
time 62
note_on 73
velocity 88
time 3
note_on 57
velocity 98
time 4
note_on 45
velocity 84
time 6
note_on 78
velocity 84
time 8
note_off 45
time 14
note_off 73
time 5
note_off 57
time 6
note_off 78
time 12
note_on 60
velocity 75
time 2
note_off 60
time 71
note_on 61
velocity 75
time 13
note_on 62
velocity 85
time 102
note_off 61
time 37
note_on 61
velocity 87
time 102
note_on 81
velocity 93
time 19
note_off 62
time 6
note_off 85
time 41
note_off 61
time 54
note_on 60
velocity 77
time 36
note_on 78
velocity 95
time 30
note_off 81
time 37
note_on 61
velocity 85
time 16
note_off 60
time 32
note_off 78
time 40
note_on 73
velocity 102
time 42
note_off 61
time 21
note_on 61
velocity 103
time 146
note_off 61
time 50
note_off 73
time 12
note_on 79
velocity 84
time 257
note_on 88
velocity 98
time 0
note_on 76
velocity 103
time 1
note_on 34
velocity 94
time 10
note_on 85
velocity 82
time 0
note_on 80
velocity 78
time 3
note_on 86
velocity 11
time 5
note_off 86
time 11
note_off 80
time 86
note_off 34
time 2
note_on 49
velocity 82
time 31
note_off 88
time 91
note_off 76
time 5
note_off 49
time 2
note_on 37
velocity 85
time 18
note_off 79
time 62
note_off 37
time 17
note_off 85
time 10
note_on 52
velocity 81
time 46
note_off 52
time 91
note_on 40
velocity 78
time 35
note_off 40
time 59
note_on 79
velocity 87
time 53
note_on 76
velocity 87
time 7
note_on 85
velocity 72
time 0
note_on 80
velocity 75
time 5
note_on 55
velocity 86
time 1
note_on 88
velocity 63
time 5
note_off 76
time 11
note_off 80
time 5
note_off 85
time 5
note_off 88
time 3
note_off 79
time 6
note_off 55
time 54
note_on 79
velocity 82
time 6
note_on 76
velocity 88
time 1
note_on 88
velocity 97
time 5
note_on 85
velocity 63
time 4
note_on 43
velocity 85
time 8
note_off 76
time 12
note_off 88
time 30
note_off 79
time 5
note_off 85
time 11
note_off 43
time 20
note_on 58
velocity 87
time 62
note_off 58
time 87
note_on 46
velocity 88
time 25
note_off 46
time 98
note_on 47
velocity 97
time 97
note_on 80
velocity 97
time 27
note_on 88
velocity 99
time 3
note_on 76
velocity 95
time 5
note_off 47
time 17
note_on 59
velocity 83
time 92
note_off 76
time 21
note_off 80
time 41
note_on 56
velocity 83
time 84
note_off 59
time 7
note_on 83
velocity 86
time 93
note_on 76
velocity 77
time 10
note_on 80
velocity 79
time 4
note_on 85
velocity 50
time 2
note_off 88
time 7
note_on 64
velocity 84
time 7
note_off 56
time 14
note_off 85
time 28
note_on 59
velocity 86
time 79
note_off 64
time 27
note_off 76
time 11
note_off 80
time 48
note_off 59
time 12
note_on 68
velocity 80
time 23
note_off 68
time 78
note_on 80
velocity 92
time 8
note_on 71
velocity 87
time 7
note_on 76
velocity 72
time 8
note_off 83
time 12
note_on 64
velocity 83
time 3
note_off 80
time 100
note_off 64
time 13
note_on 59
velocity 71
time 2
note_on 56
velocity 68
time 47
note_off 59
time 9
note_off 56
time 27
note_on 80
velocity 85
time 43
note_off 76
time 2
note_off 71
time 7
note_on 78
velocity 97
time 2
note_on 35
velocity 81
time 8
note_on 75
velocity 81
time 6
note_on 71
velocity 67
time 3
note_on 69
velocity 72
time 1
note_off 80
time 31
note_off 35
time 12
note_on 47
velocity 76
time 0
note_off 47
time 22
note_on 54
velocity 73
time 104
note_off 69
time 15
note_off 71
time 0
note_off 75
time 5
note_off 78
time 18
note_on 53
velocity 47
time 14
note_off 54
time 17
note_off 53
time 18
note_on 76
velocity 93
time 28
note_on 73
velocity 84
time 15
note_on 59
velocity 65
time 5
note_on 69
velocity 76
time 2
note_on 71
velocity 72
time 14
note_off 71
time 29
note_off 59
time 5
note_on 54
velocity 72
time 6
note_off 69
time 13
note_off 73
time 35
note_off 54
time 21
note_on 63
velocity 85
time 27
note_off 76
time 69
note_off 63
time 40
note_on 59
velocity 80
time 5
note_on 78
velocity 98
time 22
note_on 75
velocity 93
time 8
note_on 69
velocity 87
time 5
note_on 71
velocity 77
time 4
note_off 59
time 10
note_off 69
time 14
note_off 71
time 6
note_off 75
time 32
note_off 78
time 10
note_on 54
velocity 70
time 48
note_off 54
time 47
note_on 47
velocity 70
time 53
note_on 40
velocity 66
time 127
note_off 47
time 6
note_on 68
velocity 98
time 29
note_on 76
velocity 87
time 0
note_on 80
velocity 94
time 3
note_on 52
velocity 78
time 1
note_off 40
time 6
note_on 47
velocity 70
time 56
note_off 52
time 14
note_on 40
velocity 71
time 50
note_off 40
time 46
note_off 80
time 20
note_off 68
time 10
note_on 56
velocity 84
time 69
note_off 47
time 8
note_off 76
time 78
note_off 56
time 5
note_on 75
velocity 97
time 43
note_on 47
velocity 53
time 87
note_off 47
time 87
note_off 75
time 31
note_on 40
velocity 85
time 17
note_off 40
time 64
note_on 74
velocity 101
time 4
note_off 74
time 92
note_on 59
velocity 96
time 145
note_off 59
time 90
note_on 47
velocity 96
time 127
note_off 47
time 75
note_on 39
velocity 99
time 181
note_on 80
velocity 98
time 1
note_on 68
velocity 101
time 2
note_on 72
velocity 82
time 2
note_on 75
velocity 86
time 1
note_off 39
time 12
note_on 51
velocity 95
time 6
note_off 51
time 61
note_on 39
velocity 89
time 69
note_off 39
time 44
note_on 56
velocity 96
time 116
note_off 56
time 59
note_off 80
time 33
note_off 68
time 10
note_off 72
time 27
note_on 39
velocity 90
time 14
note_off 75
time 7
note_off 39
time 48
note_on 68
velocity 96
time 35
note_on 72
velocity 85
time 1
note_on 75
velocity 78
time 3
note_on 80
velocity 80
time 2
note_off 68
time 29
note_off 75
time 3
note_off 80
time 1
note_on 60
velocity 86
time 2
note_off 72
time 7
note_off 60
time 31
note_on 68
velocity 93
time 27
note_on 72
velocity 83
time 2
note_on 80
velocity 87
time 4
note_on 75
velocity 81
time 16
note_off 68
time 34
note_on 39
velocity 87
time 13
note_off 72
time 14
note_off 80
time 3
note_off 75
time 11
note_off 39
time 18
note_on 63
velocity 98
time 112
note_off 63
time 31
note_on 39
velocity 84
time 118
note_off 39
time 46
note_on 80
velocity 103
time 166
note_on 72
velocity 96
time 2
note_on 68
velocity 90
time 1
note_on 75
velocity 90
time 7
note_off 68
time 152
note_off 72
time 8
note_on 63
velocity 88
time 20
note_off 75
time 93
note_off 80
time 0
note_on 72
velocity 89
time 62
note_off 63
time 73
note_off 72
time 43
note_on 68
velocity 83
time 16
note_on 63
velocity 70
time 127
note_off 68
time 0
note_on 75
velocity 91
time 57
note_on 68
velocity 76
time 11
note_on 71
velocity 67
time 25
note_on 72
velocity 66
time 0
note_off 63
time 21
note_on 60
velocity 83
time 81
note_off 75
time 36
note_off 68
time 28
note_off 72
time 6
note_off 71
time 1
note_on 63
velocity 92
time 70
note_on 72
velocity 86
time 1
note_off 60
time 1
note_on 56
velocity 81
time 7
note_on 68
velocity 76
time 6
note_on 55
velocity 37
time 62
note_off 55
time 69
note_on 51
velocity 83
time 1
note_off 56
time 2
note_off 51
time 83
note_off 72
time 73
note_off 68
time 12
note_on 39
velocity 94
time 6
note_off 63
time 19
note_on 27
velocity 89
time 167
note_on 75
velocity 93
time 1
note_on 61
velocity 91
time 3
note_on 67
velocity 77
time 0
note_on 72
velocity 85
time 1
note_off 39
time 6
note_off 27
time 52
note_on 39
velocity 72
time 14
note_off 39
time 42
note_on 46
velocity 76
time 128
note_off 75
time 69
note_off 67
time 67
note_on 55
velocity 80
time 20
note_off 72
time 14
note_on 51
velocity 70
time 133
note_off 46
time 45
note_on 70
velocity 97
time 23
note_off 55
time 28
note_off 61
time 14
note_on 46
velocity 71
time 121
note_off 51
time 22
note_off 70
time 39
note_off 46
time 10
note_on 39
velocity 78
time 146
note_on 73
velocity 92
time 102
note_on 67
velocity 62
time 11
note_on 61
velocity 74
time 11
note_on 51
velocity 62
time 40
note_off 39
time 23
note_off 61
time 3
note_off 51
time 72
note_off 73
time 204
note_on 63
velocity 61
time 54
note_off 63
time 119
note_on 72
velocity 71
time 93
note_off 67
time 48
note_on 32
velocity 48
time 418
note_on 68
velocity 68
time 17
note_off 72
time 7
note_on 60
velocity 42
time 11
note_off 32
time 4
note_on 51
velocity 56
time 205
note_off 51
time 263
note_on 44
velocity 37
time 53
note_off 60
time 23
note_off 44
time 103
note_on 51
velocity 25
time 0
note_off 51
time 16
note_on 44
velocity 39
time 0
note_off 44
time 60
note_on 51
velocity 31
time 46
note_off 51
time 117
note_on 44
velocity 34
time 50
note_off 44
time 135
note_on 51
velocity 20
time 86
note_off 51
time 92
note_on 44
velocity 27
time 86
note_off 44
time 235
note_on 52
velocity 37
time 82
note_on 69
velocity 49
time 70
note_on 61
velocity 37
time 33
note_off 68
time 2
note_off 52
time 14
note_on 44
velocity 25
time 9
note_off 44
time 0
note_on 52
velocity 41
time 0
note_off 69
time 56
note_off 52
time 43
note_on 44
velocity 40
time 34
note_on 69
velocity 77
time 60
note_off 44
time 53
note_off 69
time 16
note_on 52
velocity 42
time 40
note_on 69
velocity 75
time 50
note_off 52
time 12
note_on 44
velocity 49
time 63
note_off 44
time 68
note_off 69
time 4
note_off 61
time 50
note_on 52
velocity 35
time 1
note_off 52
time 67
note_on 44
velocity 37
time 70
note_on 69
velocity 40
time 50
note_on 60
velocity 42
time 41
note_off 44
time 16
note_on 51
velocity 39
time 36
note_off 51
time 8
note_on 44
velocity 41
time 15
note_off 44
time 48
note_on 51
velocity 32
time 66
note_on 68
velocity 53
time 10
note_off 69
time 151
note_off 51
time 1
note_on 44
velocity 36
time 10
note_off 60
time 16
note_on 63
velocity 45
time 8
note_off 44
time 77
note_on 51
velocity 38
time 73
note_off 68
time 62
note_off 51
time 41
note_off 63
time 77
note_on 53
velocity 43
time 11
note_on 71
velocity 53
time 2
note_on 62
velocity 42
time 10
note_off 53
time 11
note_on 44
velocity 42
time 17
note_off 44
time 3
note_on 53
velocity 52
time 10
note_off 71
time 15
note_off 53
time 78
note_on 44
velocity 44
time 34
note_on 71
velocity 80
time 12
note_off 71
time 50
note_off 44
time 51
note_on 71
velocity 89
time 30
note_on 53
velocity 54
time 4
note_off 62
time 62
note_off 71
time 8
note_off 53
time 35
note_on 44
velocity 56
time 30
note_off 44
time 106
note_on 53
velocity 48
time 25
note_off 53
time 45
note_on 71
velocity 88
time 26
note_on 63
velocity 62
time 16
note_on 44
velocity 22
time 5
note_off 44
time 10
note_on 54
velocity 47
time 4
note_off 54
time 54
note_on 44
velocity 48
time 7
note_off 44
time 136
note_on 70
velocity 59
time 28
note_on 54
velocity 37
time 27
note_off 71
time 48
note_off 54
time 59
note_on 44
velocity 43
time 33
note_on 75
velocity 59
time 5
note_off 70
time 70
note_on 54
velocity 26
time 105
note_off 63
time 11
note_off 54
time 59
note_off 44
time 4
note_off 75
time 68
note_on 53
velocity 41
time 10
note_on 71
velocity 47
time 8
note_on 62
velocity 35
time 1
note_off 53
time 4
note_on 44
velocity 42
time 10
note_off 44
time 23
note_on 53
velocity 54
time 16
note_off 71
time 82
note_off 53
time 21
note_on 44
velocity 57
time 47
note_on 71
velocity 84
time 12
note_off 71
time 71
note_off 44
time 29
note_on 53
velocity 52
time 31
note_on 71
velocity 88
time 6
note_off 62
time 44
note_off 53
time 14
note_off 71
time 12
note_on 44
velocity 56
time 34
note_off 44
time 87
note_on 53
velocity 50
time 12
note_off 53
time 57
note_on 71
velocity 65
time 0
note_on 44
velocity 38
time 10
note_on 63
velocity 46
time 9
note_off 44
time 12
note_on 54
velocity 34
time 15
note_off 54
time 2
note_on 44
velocity 47
time 25
note_off 63
time 9
note_off 44
time 16
note_on 70
velocity 59
time 13
note_on 54
velocity 39
time 0
note_off 71
time 88
note_off 54
time 7
note_on 44
velocity 54
time 17
note_on 63
velocity 51
time 12
note_on 54
velocity 46
time 140
note_off 54
time 84
note_off 63
time 3
note_off 44
time 14
note_off 70
time 30
note_on 55
velocity 53
time 1
note_on 73
velocity 67
time 2
note_on 64
velocity 53
time 10
note_off 55
time 16
note_on 44
velocity 54
time 6
note_off 44
time 62
note_on 55
velocity 64
time 11
note_off 73
time 10
note_off 55
time 93
note_on 73
velocity 85
time 9
note_on 44
velocity 68
time 11
note_off 73
time 42
note_off 44
time 55
note_on 73
velocity 87
time 13
note_on 55
velocity 71
time 17
note_off 64
time 43
note_off 55
time 12
note_off 73
time 20
note_on 44
velocity 68
time 16
note_on 55
velocity 72
time 92
note_off 44
time 3
note_off 55
time 79
note_on 73
velocity 92
time 33
note_on 65
velocity 82
time 14
note_on 44
velocity 63
time 5
note_off 44
time 3
note_on 56
velocity 68
time 15
note_off 56
time 65
note_on 44
velocity 70
time 4
note_off 44
time 87
note_off 73
time 0
note_on 56
velocity 67
time 20
note_on 72
velocity 92
time 69
note_on 44
velocity 68
time 66
note_off 56
time 2
note_on 77
velocity 89
time 69
note_off 72
time 30
note_off 65
time 3
note_off 77
time 26
note_on 56
velocity 68
time 9
note_off 56
time 146
note_off 44
time 45
note_on 55
velocity 62
time 47
note_on 73
velocity 100
time 33
note_on 64
velocity 85
time 12
note_off 55
time 11
note_on 44
velocity 64
time 7
note_on 55
velocity 78
time 62
note_off 44
time 5
note_off 73
time 18
note_off 55
time 93
note_on 73
velocity 90
time 22
note_on 44
velocity 74
time 7
note_off 73
time 47
note_off 64
time 5
note_off 44
time 45
note_on 73
velocity 86
time 7
note_on 55
velocity 77
time 8
note_on 64
velocity 47
time 15
note_off 64
time 26
note_off 73
time 8
note_off 55
time 40
note_on 44
velocity 73
time 9
note_on 55
velocity 70
time 98
note_off 44
time 12
note_off 55
time 3
note_on 73
velocity 92
time 2
note_on 65
velocity 83
time 8
note_on 44
velocity 69
time 2
note_off 44
time 18
note_on 56
velocity 75
time 10
note_on 44
velocity 72
time 123
note_off 56
time 7
note_off 65
time 23
note_off 73
time 46
note_off 44
time 36
note_on 56
velocity 76
time 12
note_on 72
velocity 100
time 37
note_on 44
velocity 70
time 112
note_off 56
time 16
note_on 65
velocity 88
time 43
note_on 56
velocity 83
time 134
note_off 72
time 15
note_off 65
time 9
note_off 44
time 3
note_on 44
velocity 65
time 100
note_off 56
time 83
note_on 75
velocity 101
time 51
note_on 66
velocity 97
time 1
note_on 72
velocity 85
time 3
note_on 57
velocity 84
time 8
note_off 44
time 2
note_on 44
velocity 70
time 1
note_off 57
time 5
note_off 66
time 109
note_on 57
velocity 80
time 19
note_off 75
time 1
note_off 44
time 1
note_off 72
time 37
note_off 57
time 67
note_on 44
velocity 79
time 29
note_on 75
velocity 97
time 0
note_on 66
velocity 92
time 4
note_on 72
velocity 85
time 5
note_off 44
time 104
note_on 57
velocity 81
time 4
note_off 57
time 96
note_off 66
time 12
note_off 75
time 10
note_on 44
velocity 83
time 1
note_off 72
time 20
note_on 75
velocity 98
time 73
note_on 66
velocity 104
time 4
note_on 72
velocity 78
time 4
note_off 44
time 2
note_on 57
velocity 87
time 2
note_off 57
time 79
note_on 44
velocity 78
time 38
note_on 57
velocity 75
time 20
note_off 75
time 67
note_off 66
time 10
note_off 44
time 1
note_off 57
time 13
note_off 72
time 12
note_on 66
velocity 102
time 76
note_on 75
velocity 101
time 0
note_on 72
velocity 82
time 2
note_on 57
velocity 99
time 1
note_on 44
velocity 85
time 10
note_off 75
time 69
note_off 44
time 33
note_off 66
time 15
note_off 57
time 2
note_off 72
time 46
note_on 75
velocity 98
time 68
note_on 57
velocity 101
time 1
note_on 66
velocity 100
time 1
note_on 72
velocity 85
time 2
note_on 44
velocity 91
time 1
note_off 44
time 118
note_off 57
time 26
note_off 66
time 54
note_off 75
time 13
note_off 72
time 29
note_on 56
velocity 104
time 7
note_on 76
velocity 98
time 3
note_on 66
velocity 98
time 4
note_on 44
velocity 86
time 2
note_on 72
velocity 87
time 1
note_off 44
time 97
note_off 66
time 13
note_off 56
time 0
note_off 72
time 35
note_off 76
time 29
note_on 61
velocity 94
time 429
note_on 49
velocity 80
time 3
note_on 56
velocity 80
time 0
note_on 77
velocity 95
time 0
note_on 65
velocity 97
time 2
note_on 73
velocity 84
time 6
note_off 77
time 0
note_off 73
time 31
note_off 65
time 30
note_off 56
time 50
note_off 61
time 32
note_off 49
time 2
note_on 73
velocity 94
time 103
note_on 61
velocity 91
time 13
note_on 65
velocity 79
time 1
note_on 56
velocity 75
time 10
note_on 49
velocity 80
time 3
note_off 65
time 138
note_off 61
time 121
note_off 49
time 14
note_off 56
time 7
note_on 68
velocity 97
time 58
note_on 49
velocity 66
time 3
note_on 65
velocity 74
time 5
note_on 61
velocity 82
time 2
note_on 56
velocity 76
time 5
note_off 73
time 44
note_off 65
time 43
note_off 49
time 35
note_off 61
time 55
note_off 56
time 0
note_off 68
time 14
note_on 54
velocity 92
time 2
note_on 61
velocity 89
time 1
note_on 70
velocity 99
time 2
note_on 66
velocity 86
time 4
note_off 61
time 23
note_off 54
time 32
note_on 42
velocity 93
time 132
note_off 42
time 50
note_off 70
time 236
note_on 30
velocity 84
time 16
note_off 66
time 7
note_off 30
time 36
note_on 68
velocity 65
time 205
note_off 68
time 30
note_on 70
velocity 86
time 0
note_on 37
velocity 83
time 12
note_off 37
time 28
note_on 68
velocity 93
time 1
note_off 70
time 4
note_on 67
velocity 87
time 154
note_off 68
time 35
note_on 61
velocity 68
time 135
note_on 49
velocity 55
time 1
note_on 56
velocity 68
time 1
note_off 67
time 10
note_on 68
velocity 89
time 1
note_on 65
velocity 67
time 19
note_off 61
time 5
note_off 56
time 5
note_off 49
time 2
note_off 68
time 17
note_off 65
time 3
note_on 61
velocity 79
time 70
note_on 70
velocity 90
time 5
note_on 49
velocity 72
time 4
note_on 56
velocity 73
time 3
note_on 65
velocity 55
time 15
note_off 61
time 6
note_off 49
time 3
note_off 56
time 6
note_off 65
time 0
note_off 70
time 2
note_on 56
velocity 70
time 43
note_on 72
velocity 87
time 3
note_on 49
velocity 79
time 2
note_on 61
velocity 83
time 0
note_on 65
velocity 76
time 8
note_off 61
time 20
note_off 65
time 7
note_off 56
time 1
note_off 49
time 8
note_off 72
time 1
note_on 61
velocity 83
time 59
note_on 73
velocity 91
time 4
note_on 49
velocity 73
time 4
note_on 56
velocity 66
time 0
note_on 66
velocity 55
time 26
note_off 61
time 9
note_off 56
time 9
note_off 49
time 4
note_off 66
time 10
note_off 73
time 0
note_on 74
velocity 95
time 48
note_on 57
velocity 81
time 10
note_on 49
velocity 70
time 2
note_on 66
velocity 84
time 4
note_on 60
velocity 71
time 1
note_off 74
time 16
note_off 66
time 1
note_off 49
time 1
note_off 60
time 9
note_off 57
time 1
note_on 75
velocity 105
time 204
note_on 57
velocity 72
time 6
note_on 60
velocity 76
time 2
note_on 66
velocity 94
time 2
note_on 49
velocity 74
time 3
note_off 57
time 27
note_off 66
time 2
note_off 60
time 28
note_off 75
time 7
note_off 49
time 20
note_on 60
velocity 81
time 1
note_on 76
velocity 97
time 2
note_on 56
velocity 78
time 8
note_on 66
velocity 94
time 2
note_on 49
velocity 75
time 3
note_on 67
velocity 35
time 28
note_off 67
time 6
note_off 66
time 14
note_off 60
time 10
note_off 76
time 8
note_off 56
time 52
note_off 49
time 17
note_on 61
velocity 85
time 14
note_on 77
velocity 94
time 0
note_on 65
velocity 84
time 4
note_on 49
velocity 70
time 7
note_on 56
velocity 77
time 0
note_off 77
time 11
note_off 65
time 108
note_off 61
time 23
note_off 49
time 17
note_off 56
time 4
note_on 73
velocity 95
time 139
note_on 65
velocity 82
time 12
note_on 61
velocity 71
time 4
note_on 49
velocity 72
time 1
note_on 56
velocity 71
time 0
note_off 65
time 72
note_off 49
time 95
note_off 61
time 59
note_off 56
time 1
note_on 68
velocity 96
time 100
note_on 49
velocity 61
time 7
note_on 61
velocity 75
time 13
note_on 65
velocity 75
time 0
note_on 56
velocity 73
time 6
note_off 73
time 18
note_off 65
time 36
note_off 49
time 33
note_off 61
time 9
note_on 70
velocity 97
time 19
note_on 54
velocity 85
time 0
note_on 61
velocity 72
time 3
note_off 68
time 0
note_on 66
velocity 84
time 5
note_off 61
time 26
note_off 56
time 6
note_off 54
time 1
note_on 42
velocity 89
time 161
note_off 42
time 63
note_off 66
time 106
note_off 70
time 89
note_on 30
velocity 87
time 17
note_off 30
time 47
note_on 68
velocity 72
time 175
note_off 68
time 16
note_on 70
velocity 84
time 2
note_on 37
velocity 83
time 18
note_on 68
velocity 92
time 17
note_off 37
time 21
note_off 70
time 1
note_on 67
velocity 83
time 136
note_off 68
time 31
note_off 67
time 110
note_on 61
velocity 66
time 2
note_on 56
velocity 67
time 2
note_on 49
velocity 63
time 2
note_on 68
velocity 86
time 28
note_off 61
time 10
note_on 65
velocity 72
time 3
note_off 49
time 3
note_off 56
time 5
note_off 65
time 25
note_off 68
time 6
note_on 61
velocity 78
time 59
note_on 49
velocity 66
time 12
note_on 56
velocity 67
time 0
note_on 70
velocity 89
time 2
note_on 65
velocity 65
time 15
note_off 61
time 2
note_off 49
time 11
note_off 56
time 0
note_off 65
time 18
note_off 70
time 7
note_on 72
velocity 87
time 54
note_on 49
velocity 71
time 1
note_on 61
velocity 73
time 1
note_on 65
velocity 67
time 19
note_on 56
velocity 47
time 10
note_off 61
time 3
note_off 49
time 11
note_off 65
time 9
note_off 56
time 12
note_on 61
velocity 81
time 35
note_on 73
velocity 87
time 10
note_on 65
velocity 68
time 14
note_off 72
time 8
note_off 61
time 20
note_off 65
time 5
note_off 73
time 22
note_on 71
velocity 89
time 69
note_on 55
velocity 70
time 5
note_on 49
velocity 63
time 5
note_on 65
velocity 67
time 0
note_off 65
time 25
note_off 55
time 47
note_off 49
time 3
note_on 72
velocity 82
time 145
note_on 64
velocity 60
time 2
note_on 55
velocity 55
time 4
note_off 71
time 8
note_on 48
velocity 44
time 5
note_off 64
time 45
note_off 48
time 6
note_off 55
time 43
note_off 72
time 188
note_on 74
velocity 52
time 33
note_on 65
velocity 42
time 6
note_on 48
velocity 27
time 2
note_on 55
velocity 36
time 5
note_on 59
velocity 35
time 8
note_off 65
time 9
note_off 48
time 12
note_off 59
time 20
note_off 55
time 17
note_off 74
time 194
note_on 55
velocity 19
time 208
note_on 76
velocity 50
time 1
note_on 48
velocity 32
time 1
note_on 60
velocity 26
time 4
note_on 64
velocity 44
time 7
note_off 64
time 19
note_off 48
time 23
note_off 60
time 26
note_off 55
time 30
note_off 76
time 151
note_on 72
velocity 58
time 23
note_on 60
velocity 22
time 12
note_on 48
velocity 28
time 3
note_on 55
velocity 18
time 42
note_on 64
velocity 23
time 15
note_off 48
time 72
note_off 55
time 9
note_off 64
time 0
note_off 60
time 51
note_off 72
time 126
note_on 67
velocity 59
time 1
note_on 48
velocity 42
time 3
note_on 64
velocity 19
time 32
note_on 55
velocity 34
time 2
note_off 48
time 11
note_on 60
velocity 10
time 20
note_off 64
time 11
note_off 60
time 50
note_off 67
time 165
note_on 60
velocity 37
time 6
note_off 55
time 6
note_on 69
velocity 63
time 5
note_on 53
velocity 51
time 10
note_on 65
velocity 44
time 7
note_off 60
time 14
note_off 53
time 32
note_on 41
velocity 49
time 10
note_off 65
time 15
note_off 41
time 9
note_off 69
time 2
note_on 29
velocity 61
time 187
note_off 29
time 42
note_on 67
velocity 48
time 169
note_off 67
time 12
note_on 69
velocity 68
time 3
note_on 36
velocity 61
time 25
note_off 69
time 14
note_on 67
velocity 71
time 3
note_off 36
time 0
note_off 67
time 101
note_on 66
velocity 70
time 55
note_off 66
time 80
note_on 55
velocity 62
time 81
note_on 60
velocity 60
time 0
note_on 67
velocity 73
time 8
note_on 48
velocity 49
time 5
note_off 60
time 5
note_on 64
velocity 50
time 0
note_off 55
time 1
note_off 48
time 6
note_off 67
time 3
note_off 64
time 11
note_on 69
velocity 77
time 31
note_on 60
velocity 70
time 2
note_on 55
velocity 48
time 14
note_on 48
velocity 48
time 13
note_off 60
time 8
note_off 69
time 4
note_off 55
time 14
note_off 48
time 12
note_on 60
velocity 73
time 44
note_on 71
velocity 80
time 11
note_on 64
velocity 51
time 9
note_on 48
velocity 44
time 8
note_off 60
time 9
note_off 71
time 18
note_off 64
time 1
note_off 48
time 12
note_on 60
velocity 75
time 44
note_on 72
velocity 86
time 10
note_on 48
velocity 54
time 8
note_off 60
time 17
note_on 64
velocity 53
time 10
note_off 48
time 9
note_off 72
time 3
note_off 64
time 17
note_on 73
velocity 83
time 71
note_on 59
velocity 69
time 5
note_on 48
velocity 57
time 2
note_on 56
velocity 60
time 11
note_on 65
velocity 55
time 0
note_off 73
time 5
note_off 65
time 1
note_off 56
time 10
note_off 48
time 0
note_off 59
time 12
note_on 74
velocity 85
time 196
note_on 59
velocity 55
time 6
note_on 48
velocity 46
time 6
note_on 56
velocity 59
time 1
note_on 65
velocity 64
time 15
note_off 65
time 52
note_off 56
time 1
note_off 48
time 10
note_off 59
time 48
note_on 75
velocity 87
time 135
note_on 48
velocity 46
time 10
note_on 65
velocity 72
time 2
note_on 55
velocity 47
time 19
note_on 59
velocity 51
time 6
note_off 74
time 3
note_off 59
time 54
note_off 48
time 2
note_off 65
time 4
note_off 55
time 7
note_on 48
velocity 37
time 147
note_on 55
velocity 33
time 22
note_on 60
velocity 41
time 16
note_off 75
time 14
note_on 76
velocity 59
time 3
note_on 64
velocity 44
time 9
note_off 48
time 6
note_off 64
time 9
note_off 60
time 12
note_off 55
time 9
note_off 76
time 65
note_on 72
velocity 66
time 35
note_on 64
velocity 50
time 22
note_on 60
velocity 39
time 9
note_on 55
velocity 35
time 25
note_off 60
time 35
note_off 64
time 11
note_off 55
time 2
note_on 55
velocity 37
time 162
note_on 48
velocity 42
time 3
note_on 67
velocity 53
time 1
note_on 60
velocity 28
time 10
note_on 64
velocity 30
time 15
note_off 48
time 13
note_off 55
time 3
note_off 72
time 9
note_off 64
time 10
note_off 60
time 16
note_off 67
time 0
note_on 56
velocity 41
time 239
note_on 59
velocity 47
time 0
note_on 74
velocity 64
time 1
note_on 65
velocity 53
time 16
note_off 65
time 9
note_off 74
time 11
note_on 57
velocity 56
time 4
note_on 75
velocity 80
time 4
note_off 59
time 1
note_on 60
velocity 53
time 9
note_on 66
velocity 72
time 5
note_off 56
time 27
note_off 57
time 17
note_off 66
time 50
note_off 60
time 34
note_on 77
velocity 93
time 87
note_on 68
velocity 86
time 2
note_on 59
velocity 66
time 12
note_off 75
time 0
note_on 62
velocity 69
time 3
note_off 68
time 132
note_off 59
time 68
note_off 62
time 15
note_on 60
velocity 72
time 5
note_on 63
velocity 73
time 2
note_on 78
velocity 88
time 14
note_on 69
velocity 76
time 6
note_off 77
time 19
note_off 69
time 3
note_off 63
time 6
note_off 60
time 34
note_on 75
velocity 88
time 59
note_on 60
velocity 67
time 16
note_on 63
velocity 76
time 0
note_on 69
velocity 81
time 2
note_off 78
time 15
note_off 69
time 54
note_off 75
time 6
note_off 63
time 20
note_off 60
time 18
note_on 69
velocity 97
time 75
note_on 60
velocity 71
time 5
note_on 63
velocity 74
time 6
note_off 69
time 33
note_off 63
time 83
note_off 60
time 40
note_on 62
velocity 78
time 55
note_on 59
velocity 70
time 1
note_on 77
velocity 97
time 33
note_on 68
velocity 98
time 2
note_off 68
time 14
note_off 59
time 54
note_on 78
velocity 96
time 2
note_on 69
velocity 92
time 6
note_off 77
time 1
note_on 60
velocity 80
time 3
note_on 63
velocity 83
time 5
note_off 62
time 5
note_off 60
time 61
note_off 69
time 0
note_off 63
time 60
note_off 78
time 33
note_on 71
velocity 91
time 10
note_on 80
velocity 96
time 0
note_on 65
velocity 87
time 2
note_on 62
velocity 75
time 1
note_off 71
time 12
note_off 80
time 18
note_off 65
time 9
note_off 62
time 30
note_on 66
velocity 87
time 11
note_on 63
velocity 82
time 2
note_on 81
velocity 104
time 12
note_on 72
velocity 96
time 9
note_off 72
time 4
note_off 81
time 2
note_off 66
time 8
note_off 63
time 14
note_on 81
velocity 103
time 191
note_on 69
velocity 89
time 5
note_on 72
velocity 101
time 0
note_on 63
velocity 85
time 5
note_on 66
velocity 80
time 6
note_off 72
time 40
note_off 69
time 35
note_off 81
time 3
note_off 63
time 19
note_off 66
time 12
note_on 63
velocity 86
time 163
note_on 69
velocity 86
time 2
note_on 81
velocity 106
time 4
note_on 66
velocity 76
time 6
note_on 72
velocity 97
time 4
note_off 72
time 52
note_off 81
time 15
note_off 69
time 28
note_off 63
time 4
note_off 66
time 54
note_on 81
velocity 106
time 150
note_on 69
velocity 90
time 4
note_on 72
velocity 103
time 0
note_on 63
velocity 85
time 1
note_on 66
velocity 79
time 4
note_off 72
time 41
note_off 81
time 22
note_off 63
time 37
note_off 69
time 26
note_off 66
time 7
note_on 63
velocity 83
time 236
note_on 69
velocity 90
time 0
note_on 66
velocity 83
time 7
note_on 81
velocity 109
time 0
note_on 72
velocity 99
time 4
note_off 72
time 40
note_off 81
time 18
note_off 63
time 28
note_off 69
time 8
note_off 66
time 16
note_on 61
velocity 95
time 7
note_on 69
velocity 94
time 2
note_on 81
velocity 106
time 6
note_on 66
velocity 85
time 1
note_on 73
velocity 99
time 2
note_off 73
time 6
note_off 81
time 19
note_off 61
time 6
note_off 69
time 20
note_off 66
time 34
note_on 69
velocity 97
time 600
note_on 66
velocity 90
time 1
note_on 81
velocity 104
time 3
note_on 60
velocity 79
time 3
note_on 76
velocity 96
time 0
note_on 75
velocity 93
time 523
note_off 81
time 71
note_off 76
time 34
note_off 69
time 64
note_on 68
velocity 78
time 1233
note_on 80
velocity 84
time 4
note_on 78
velocity 76
time 6
note_off 68
time 445
note_off 60
time 59
note_off 66
time 4
note_off 75
time 389
note_off 78
time 141
note_off 80
time 14
note_on 48
velocity 80
time 1062
note_on 60
velocity 87
time 3
note_off 48
time 94
note_off 60
time 40
note_on 61
velocity 96
time 245
note_on 49
velocity 86
time 10
note_off 61
time 96
note_off 49
time 1
note_on 62
velocity 97
time 112
note_on 50
velocity 94
time 5
note_off 50
time 195
note_off 62
time 47
note_on 64
velocity 95
time 454
note_on 52
velocity 85
time 5
note_off 52
time 280
note_off 64
time 16
note_on 63
velocity 88
time 1112
note_on 51
velocity 75
time 14
note_off 63
time 77
note_off 51
time 35
note_on 61
velocity 88
time 200
note_on 49
velocity 83
time 11
note_off 49
time 36
note_off 61
time 0
note_on 60
velocity 86
time 164
note_on 48
velocity 78
time 6
note_off 60
time 81
note_off 48
time 26
note_on 57
velocity 85
time 160
note_on 45
velocity 79
time 3
note_off 57
time 66
note_off 45
time 3
note_on 56
velocity 91
time 123
note_on 44
velocity 85
time 5
note_off 56
time 67
note_off 44
time 9
note_on 43
velocity 85
time 109
note_on 55
velocity 90
time 0
note_off 43
time 63
note_off 55
time 2
note_on 56
velocity 94
time 123
note_on 44
velocity 83
time 7
note_off 56
time 76
note_off 44
time 5
note_on 59
velocity 97
time 5
note_on 47
velocity 83
time 7
note_off 59
time 10
note_off 47
time 19
note_on 57
velocity 84
time 111
note_on 45
velocity 76
time 7
note_off 45
time 55
note_off 57
time 2
note_on 56
velocity 88
time 130
note_on 44
velocity 83
time 2
note_off 56
time 63
note_off 44
time 4
note_on 54
velocity 90
time 94
note_on 42
velocity 83
time 6
note_off 54
time 56
note_off 42
time 1
note_on 52
velocity 87
time 101
note_on 40
velocity 81
time 9
note_off 52
time 40
note_off 40
time 14
note_on 51
velocity 89
time 96
note_on 39
velocity 92
time 3
note_off 51
time 57
note_off 39
time 5
note_on 49
velocity 97
time 98
note_on 37
velocity 89
time 5
note_off 49
time 58
note_off 37
time 8
note_on 48
velocity 100
time 10
note_on 36
velocity 96
time 3
note_off 36
time 17
note_off 48
time 9
note_on 51
velocity 98
time 246
note_on 39
velocity 93
time 7
note_off 51
time 67
note_off 39
time 43
note_on 45
velocity 97
time 530
note_on 33
velocity 89
time 5
note_off 45
time 359
note_off 33
time 1007
note_on 44
velocity 89
time 12
note_on 32
velocity 78
time 8
note_off 32
time 222
note_off 44
time 5
note_on 43
velocity 92
time 226
note_on 31
velocity 85
time 13
note_off 31
time 67
note_off 43
time 25
note_on 44
velocity 97
time 166
note_on 32
velocity 84
time 11
note_off 44
time 84
note_off 32
time 17
note_on 39
velocity 102
time 284
note_on 27
velocity 87
time 12
note_off 27
time 82
note_off 39
time 81
note_on 42
velocity 99
time 269
note_on 30
velocity 84
time 10
note_off 42
time 445
note_off 30
time 203
note_on 40
velocity 92
time 1086
note_on 28
velocity 84
time 4
note_off 28
time 111
note_off 40
time 55
note_on 37
velocity 89
time 1175
note_on 25
velocity 82
time 9
note_off 25
time 150
note_off 37
time 234
note_on 44
velocity 39
time 533
note_off 44
time 569
note_on 56
velocity 37
time 61
note_off 56
time 427
note_on 49
velocity 43
time 27
note_off 49
time 287
note_on 44
velocity 36
time 52
note_off 44
time 248
note_on 37
velocity 39
time 50
note_off 37
time 278
note_on 44
velocity 33
time 37
note_on 49
velocity 39
time 6
note_off 44
time 69
note_off 49
time 56
note_on 56
velocity 35
time 47
note_off 56
time 227
note_on 49
velocity 31
time 57
note_off 49
time 160
note_on 44
velocity 37
time 115
note_off 44
time 204
note_on 37
velocity 38
time 103
note_off 37
time 217
note_on 44
velocity 33
time 61
note_on 49
velocity 43
time 340
note_off 44
time 30
note_off 49
time 239
note_on 56
velocity 36
time 19
note_off 56
time 228
note_on 49
velocity 26
time 61
note_off 49
time 223
note_on 44
velocity 27
time 101
note_off 44
time 155
note_on 37
velocity 40
time 136
note_off 37
time 283
note_on 44
velocity 26
time 91
note_on 49
velocity 38
time 322
note_off 44
time 214
note_off 49
time 58
note_on 56
velocity 21
time 66
note_off 56
time 231
note_on 49
velocity 32
time 70
note_off 49
time 289
note_on 44
velocity 26
time 134
note_off 44
time 316
note_on 37
velocity 31
time 85
note_off 37
time 426
note_on 44
velocity 29
time 167
note_on 76
velocity 57
time 129
note_off 44
time 502
note_on 49
velocity 34
time 21
note_off 49
time 268
note_on 56
velocity 30
time 64
note_off 56
time 254
note_on 49
velocity 35
time 41
note_off 49
time 218
note_on 44
velocity 37
time 84
note_off 44
time 262
note_on 37
velocity 39
time 62
note_off 37
time 259
note_on 44
velocity 26
time 110
note_off 76
time 75
note_on 77
velocity 62
time 28
note_off 44
time 373
note_on 49
velocity 36
time 42
note_off 77
time 38
note_off 49
time 191
note_on 59
velocity 46
time 68
note_off 59
time 145
note_on 49
velocity 32
time 131
note_on 77
velocity 75
time 17
note_off 49
time 200
note_on 44
velocity 30
time 109
note_off 44
time 232
note_off 77
time 10
note_on 37
velocity 42
time 27
note_off 37
time 311
note_on 44
velocity 32
time 46
note_on 77
velocity 71
time 109
note_off 44
time 291
note_on 49
velocity 45
time 50
note_off 49
time 200
note_on 59
velocity 38
time 94
note_off 59
time 210
note_on 49
velocity 40
time 102
note_off 49
time 204
note_on 44
velocity 32
time 98
note_on 37
velocity 44
time 327
note_off 44
time 23
note_off 37
time 207
note_on 45
velocity 40
time 181
note_on 78
velocity 66
time 95
note_off 77
time 0
note_on 49
velocity 36
time 11
note_off 45
time 29
note_on 57
velocity 30
time 154
note_off 49
time 15
note_off 57
time 203
note_on 49
velocity 29
time 69
note_off 49
time 205
note_on 45
velocity 31
time 105
note_off 45
time 147
note_on 37
velocity 39
time 140
note_off 37
time 155
note_on 45
velocity 33
time 206
note_on 50
velocity 34
time 6
note_off 45
time 116
note_on 57
velocity 40
time 119
note_off 50
time 10
note_off 57
time 235
note_on 50
velocity 20
time 39
note_on 76
velocity 61
time 31
note_off 50
time 43
note_off 78
time 197
note_on 45
velocity 32
time 80
note_off 45
time 198
note_on 37
velocity 40
time 86
note_on 74
velocity 62
time 159
note_off 37
time 105
note_off 76
time 172
note_on 73
velocity 62
time 64
note_off 74
time 39
note_on 50
velocity 37
time 11
note_on 57
velocity 42
time 182
note_off 50
time 32
note_off 57
time 182
note_on 50
velocity 35
time 70
note_on 72
velocity 70
time 11
note_off 50
time 113
note_off 73
time 47
note_on 45
velocity 36
time 190
note_off 45
time 216
note_on 37
velocity 44
time 96
note_off 37
time 361
note_on 44
velocity 40
time 1
note_on 73
velocity 65
time 53
note_off 72
time 6
note_on 52
velocity 48
time 18
note_off 44
time 6
note_off 52
time 16
note_on 61
velocity 51
time 275
note_off 61
time 313
note_on 52
velocity 43
time 31
note_off 52
time 104
note_on 80
velocity 84
time 5
note_off 73
time 155
note_on 44
velocity 39
time 251
note_on 37
velocity 52
time 347
note_off 44
time 102
note_on 69
velocity 69
time 92
note_off 69
time 284
note_on 35
velocity 49
time 67
note_on 69
velocity 61
time 132
note_off 37
time 1
note_on 71
velocity 65
time 16
note_off 69
time 16
note_off 35
time 56
note_on 47
velocity 50
time 10
note_off 80
time 41
note_on 69
velocity 60
time 29
note_off 71
time 12
note_off 47
time 17
note_on 68
velocity 67
time 191
note_off 69
time 32
note_on 63
velocity 59
time 140
note_off 68
time 2
note_on 69
velocity 69
time 3
note_off 63
time 194
note_on 57
velocity 46
time 35
note_off 57
time 87
note_on 78
velocity 73
time 28
note_on 71
velocity 56
time 19
note_off 69
time 55
note_on 47
velocity 39
time 316
note_off 78
time 178
note_off 47
time 204
note_on 35
velocity 39
time 30
note_on 66
velocity 48
time 216
note_off 35
time 240
note_on 40
velocity 39
time 43
note_on 76
velocity 51
time 109
note_on 68
velocity 43
time 26
note_off 71
time 11
note_off 66
time 13
note_on 47
velocity 39
time 12
note_off 40
time 96
note_off 47
time 54
note_on 64
velocity 50
time 125
note_on 56
velocity 49
time 300
note_off 64
time 1
note_off 56
time 186
note_on 47
velocity 55
time 108
note_off 47
time 156
note_off 76
time 13
note_on 39
velocity 61
time 244
note_on 37
velocity 56
time 391
note_off 39
time 59
note_on 76
velocity 79
time 43
note_off 37
time 17
note_on 44
velocity 47
time 86
note_on 56
velocity 59
time 46
note_off 76
time 30
note_off 44
time 187
note_on 76
velocity 81
time 73
note_on 49
velocity 51
time 8
note_off 56
time 33
note_off 49
time 270
note_on 44
velocity 51
time 34
note_off 68
time 64
note_on 37
velocity 62
time 251
note_off 37
time 177
note_off 44
time 150
note_on 37
velocity 55
time 61
note_on 77
velocity 79
time 90
note_on 71
velocity 75
time 10
note_off 76
time 9
note_off 37
time 67
note_on 44
velocity 46
time 62
note_off 44
time 51
note_on 61
velocity 60
time 236
note_on 53
velocity 54
time 234
note_off 61
time 32
note_on 73
velocity 84
time 31
note_off 53
time 61
note_off 77
time 155
note_on 44
velocity 54
time 138
note_off 71
time 27
note_on 37
velocity 57
time 285
note_off 44
time 140
note_on 71
velocity 84
time 83
note_off 37
time 36
note_off 71
time 108
note_on 37
velocity 49
time 114
note_on 78
velocity 80
time 85
note_on 71
velocity 74
time 4
note_off 73
time 0
note_off 37
time 20
note_on 45
velocity 48
time 4
note_off 45
time 57
note_on 61
velocity 57
time 228
note_off 61
time 246
note_on 54
velocity 45
time 27
note_on 69
velocity 75
time 42
note_off 54
time 19
note_off 71
time 164
note_on 45
velocity 46
time 120
note_off 45
time 62
note_on 37
velocity 49
time 286
note_off 37
time 88
note_on 68
velocity 61
time 56
note_off 69
time 42
note_on 37
velocity 40
time 208
note_on 66
velocity 58
time 12
note_off 68
time 15
note_off 37
time 6
note_on 45
velocity 42
time 0
note_off 78
time 52
note_off 45
time 40
note_on 57
velocity 37
time 210
note_off 57
time 233
note_on 50
velocity 37
time 40
note_on 76
velocity 65
time 103
note_off 50
time 33
note_on 45
velocity 32
time 289
note_off 45
time 217
note_on 37
velocity 49
time 55
note_off 37
time 161
note_on 74
velocity 62
time 25
note_off 76
time 206
note_on 37
velocity 35
time 34
note_on 73
velocity 61
time 62
note_off 74
time 18
note_off 37
time 8
note_on 45
velocity 37
time 8
note_off 45
time 79
note_on 57
velocity 35
time 234
note_off 57
time 217
note_on 50
velocity 36
time 97
note_on 72
velocity 51
time 34
note_off 50
time 109
note_off 73
time 23
note_off 66
time 129
note_on 45
velocity 16
time 82
note_off 45
time 234
note_on 37
velocity 48
time 101
note_off 37
time 215
note_on 37
velocity 50
time 164
note_on 66
velocity 77
time 76
note_off 37
time 63
note_on 45
velocity 48
time 58
note_off 45
time 92
note_on 57
velocity 51
time 232
note_off 57
time 193
note_on 50
velocity 48
time 45
note_on 64
velocity 83
time 71
note_off 50
time 123
note_off 66
time 88
note_on 45
velocity 48
time 164
note_off 72
time 222
note_on 37
velocity 67
time 93
note_on 62
velocity 82
time 175
note_off 64
time 60
note_off 37
time 21
note_off 45
time 121
note_on 37
velocity 59
time 66
note_on 61
velocity 86
time 65
note_off 62
time 17
note_off 37
time 3
note_on 45
velocity 54
time 18
note_off 45
time 128
note_on 57
velocity 70
time 236
note_on 50
velocity 61
time 271
note_off 57
time 38
note_on 60
velocity 85
time 31
note_off 61
time 94
note_off 50
time 141
note_on 45
velocity 59
time 221
note_on 37
velocity 73
time 486
note_off 45
time 88
note_off 37
time 121
note_on 37
velocity 62
time 532
note_on 61
velocity 83
time 101
note_off 60
time 7
note_off 37
time 131
note_off 61
time 68
note_on 44
velocity 41
time 160
note_off 44
time 46
note_on 61
velocity 47
time 415
note_on 53
velocity 44
time 461
note_off 61
time 27
note_on 77
velocity 76
time 41
note_on 73
velocity 66
time 25
note_off 53
time 70
note_on 44
velocity 37
time 578
note_on 37
velocity 41
time 331
note_off 37
time 128
note_off 44
time 160
note_on 37
velocity 34
time 65
note_on 70
velocity 53
time 75
note_on 66
velocity 41
time 39
note_off 77
time 48
note_off 37
time 170
note_off 73
time 38
note_on 44
velocity 37
time 47
note_off 44
time 41
note_on 60
velocity 58
time 262
note_off 60
time 237
note_on 51
velocity 29
time 58
note_on 75
velocity 72
time 37
note_on 72
velocity 59
time 21
note_off 51
time 41
note_off 70
time 15
note_off 66
time 57
note_on 44
velocity 33
time 210
note_on 37
velocity 43
time 285
note_on 70
velocity 67
time 170
note_off 44
time 22
note_off 37
time 19
note_on 37
velocity 47
time 187
note_on 68
velocity 65
time 103
note_on 65
velocity 45
time 15
note_off 70
time 8
note_off 72
time 5
note_off 37
time 5
note_on 44
velocity 44
time 28
note_off 75
time 61
note_off 44
time 53
note_on 58
velocity 46
time 190
note_off 58
time 187
note_on 49
velocity 40
time 63
note_on 73
velocity 72
time 69
note_on 70
velocity 67
time 29
note_off 65
time 61
note_off 68
time 100
note_off 49
time 28
note_on 44
velocity 38
time 88
note_on 37
velocity 47
time 297
note_off 44
time 45
note_off 37
time 95
note_on 66
velocity 49
time 225
note_on 37
velocity 38
time 1
note_on 63
velocity 44
time 13
note_off 37
time 18
note_on 44
velocity 39
time 22
note_off 73
time 44
note_off 44
time 6
note_on 56
velocity 26
time 3
note_off 70
time 52
note_on 48
velocity 34
time 38
note_off 56
time 3
note_on 72
velocity 56
time 46
note_on 68
velocity 52
time 20
note_off 66
time 120
note_off 63
time 103
note_off 48
time 45
note_on 44
velocity 36
time 51
note_on 37
velocity 47
time 329
note_off 44
time 37
note_off 37
time 108
note_on 70
velocity 53
time 47
note_off 68
time 8
note_off 72
time 14
note_on 66
velocity 49
time 4
note_on 37
velocity 39
time 342
note_off 66
time 50
note_off 70
time 8
note_on 68
velocity 55
time 9
note_on 65
velocity 35
time 11
note_off 37
time 9
note_on 44
velocity 30
time 134
note_off 44
time 52
note_on 61
velocity 62
time 334
note_off 65
time 162
note_off 68
time 216
note_off 61
time 43
note_on 53
velocity 37
time 50
note_on 73
velocity 37
time 75
note_on 77
velocity 51
time 16
note_off 53
time 57
note_on 44
velocity 40
time 334
note_on 37
velocity 39
time 307
note_off 37
time 116
note_off 44
time 64
note_on 37
velocity 34
time 169
note_on 70
velocity 45
time 14
note_on 66
velocity 35
time 20
note_off 77
time 105
note_off 37
time 89
note_off 73
time 53
note_on 44
velocity 38
time 40
note_off 44
time 36
note_on 60
velocity 64
time 286
note_off 60
time 236
note_on 51
velocity 33
time 95
note_on 75
velocity 49
time 35
note_on 72
velocity 46
time 12
note_off 51
time 29
note_off 70
time 127
note_off 66
time 150
note_on 44
velocity 35
time 19
note_on 37
velocity 43
time 267
note_off 37
time 88
note_off 44
time 86
note_on 68
velocity 46
time 145
note_on 37
velocity 33
time 7
note_on 65
velocity 33
time 29
note_off 37
time 17
note_on 44
velocity 48
time 20
note_off 44
time 55
note_off 72
time 209
note_on 58
velocity 62
time 78
note_off 58
time 280
note_on 49
velocity 38
time 69
note_on 73
velocity 49
time 13
note_on 70
velocity 47
time 39
note_off 75
time 8
note_off 49
time 225
note_off 65
time 12
note_on 44
velocity 35
time 51
note_off 68
time 30
note_on 37
velocity 43
time 292
note_off 44
time 25
note_off 37
time 70
note_on 37
velocity 29
time 283
note_on 66
velocity 41
time 23
note_on 63
velocity 36
time 41
note_off 37
time 0
note_on 44
velocity 36
time 10
note_off 73
time 201
note_off 44
time 100
note_on 56
velocity 61
time 12
note_off 70
time 39
note_on 48
velocity 39
time 351
note_on 72
velocity 63
time 5
note_on 68
velocity 53
time 20
note_off 56
time 22
note_off 63
time 89
note_off 66
time 220
note_on 44
velocity 41
time 42
note_off 48
time 0
note_on 37
velocity 47
time 456
note_on 70
velocity 71
time 203
note_on 66
velocity 56
time 38
note_off 37
time 2
note_off 68
time 53
note_off 72
time 42
note_off 44
time 45
note_on 37
velocity 45
time 364
note_on 68
velocity 72
time 109
note_on 65
velocity 54
time 19
note_off 66
time 8
note_off 70
time 9
note_off 37
time 91
note_on 44
velocity 33
time 135
note_off 44
time 325
note_on 56
velocity 44
time 70
note_off 65
time 211
note_on 49
velocity 47
time 127
note_off 56
time 10
note_off 49
time 296
note_on 44
velocity 47
time 19
note_on 37
velocity 55
time 14
note_off 44
time 15
note_off 68
time 62
note_on 44
velocity 50
time 60
note_off 37
time 27
note_on 49
velocity 61
time 290
note_on 56
velocity 64
time 300
note_off 44
time 36
note_off 49
time 135
note_on 49
velocity 67
time 169
note_off 56
time 54
note_off 49
time 317
note_on 44
velocity 68
time 2
note_on 37
velocity 74
time 407
note_off 44
time 59
note_on 42
velocity 64
time 541
note_off 37
time 19
note_on 70
velocity 83
time 48
note_on 61
velocity 62
time 18
note_on 68
velocity 64
time 12
note_on 49
velocity 62
time 147
note_off 42
time 55
note_off 49
time 92
note_off 61
time 40
note_on 61
velocity 68
time 203
note_on 54
velocity 76
time 355
note_off 61
time 26
note_on 49
velocity 83
time 364
note_off 54
time 5
note_off 49
time 133
note_on 42
velocity 86
time 321
note_off 70
time 152
note_off 68
time 40
note_on 30
velocity 86
time 351
note_on 70
velocity 89
time 54
note_off 42
time 8
note_on 61
velocity 76
time 6
note_on 66
velocity 69
time 0
note_off 30
time 56
note_on 49
velocity 87
time 292
note_off 49
time 116
note_off 61
time 64
note_on 61
velocity 84
time 239
note_off 61
time 212
note_on 54
velocity 94
time 202
note_off 54
time 131
note_on 49
velocity 94
time 370
note_off 49
time 121
note_off 66
time 264
note_off 70
time 64
note_on 42
velocity 94
time 254
note_off 42
time 90
note_on 25
velocity 88
time 1329
note_on 73
velocity 85
time 3
note_on 66
velocity 76
time 10
note_on 68
velocity 82
time 2
note_on 37
velocity 76
time 437
note_off 25
time 129
note_off 37
time 184
note_on 44
velocity 74
time 346
note_on 49
velocity 83
time 527
note_off 44
time 82
note_off 49
time 72
note_on 56
velocity 82
time 376
note_on 61
velocity 83
time 762
note_on 65
velocity 70
time 1432
note_off 61
time 19
note_off 66
time 51
note_off 65
time 277
note_off 73
time 333
note_off 56
time 86
note_off 68
time 70
note_on 56
velocity 41
time 1494
note_on 53
velocity 37
time 5
note_on 44
velocity 32
time 19
note_on 49
velocity 33
time 23
note_on 37
velocity 33
time 2289
note_on 61
velocity 27
time 1
note_on 65
velocity 41
time 25
note_off 65
time 1372
note_off 53
time 594
note_off 61
time 175
note_off 37
time 11
note_off 56
time 3
note_off 49
time 56
note_off 44
time 98
