note_on 65
velocity 47
time 979
note_on 56
velocity 35
time 9
note_on 53
velocity 30
time 6
note_on 68
velocity 55
time 366
note_on 72
velocity 54
time 302
note_off 68
time 63
note_on 77
velocity 55
time 228
note_off 65
time 77
note_on 58
velocity 41
time 244
note_on 67
velocity 56
time 2
note_off 77
time 1
note_off 72
time 53
note_off 56
time 123
note_on 77
velocity 61
time 146
note_off 77
time 302
note_on 76
velocity 62
time 15
note_on 79
velocity 66
time 306
note_off 67
time 45
note_off 76
time 171
note_on 68
velocity 67
time 95
note_on 60
velocity 42
time 10
note_off 58
time 127
note_off 79
time 114
note_on 72
velocity 64
time 45
note_on 77
velocity 60
time 305
note_on 76
velocity 65
time 295
note_off 77
time 36
note_on 56
velocity 41
time 257
note_off 72
time 30
note_on 77
velocity 63
time 21
note_off 76
time 1
note_off 68
time 85
note_off 60
time 142
note_on 72
velocity 51
time 94
note_on 70
velocity 58
time 289
note_off 77
time 226
note_off 72
time 60
note_on 68
velocity 63
time 16
note_on 58
velocity 35
time 298
note_on 73
velocity 66
time 38
note_off 70
time 20
note_off 68
time 32
note_off 56
time 55
note_on 68
velocity 57
time 218
note_on 67
velocity 44
time 300
note_off 68
time 54
note_on 70
velocity 54
time 257
note_off 67
time 8
note_off 73
time 309
note_on 64
velocity 50
time 1
note_on 55
velocity 34
time 14
note_off 58
time 165
note_on 73
velocity 64
time 157
note_off 70
time 19
note_on 72
velocity 61
time 281
note_off 73
time 67
note_off 53
time 246
note_on 70
velocity 66
time 4
note_off 64
time 67
note_off 55
time 40
note_off 72
time 122
note_on 68
velocity 54
time 120
note_on 53
velocity 51
time 17
note_on 65
velocity 38
time 10
note_off 70
time 86
note_on 56
velocity 62
time 207
note_off 65
time 71
note_on 60
velocity 60
time 242
note_on 65
velocity 52
time 292
note_on 70
velocity 72
time 2
note_off 53
time 8
note_off 68
time 98
note_on 55
velocity 56
time 190
note_on 72
velocity 59
time 38
note_off 70
time 16
note_off 65
time 27
note_off 56
time 79
note_on 70
velocity 63
time 58
note_off 72
time 0
note_off 60
time 96
note_off 70
time 18
note_on 65
velocity 60
time 16
note_on 72
velocity 65
time 0
note_off 72
time 110
note_on 70
velocity 65
time 5
note_on 72
velocity 55
time 72
note_off 70
time 6
note_on 64
velocity 65
time 85
note_on 70
velocity 69
time 16
note_off 72
time 6
note_off 65
time 22
note_off 70
time 55
note_on 72
velocity 58
time 0
note_on 70
velocity 67
time 76
note_off 72
time 28
note_off 64
time 64
note_on 67
velocity 59
time 13
note_on 68
velocity 73
time 17
note_off 70
time 16
note_on 70
velocity 74
time 118
note_off 68
time 63
note_off 67
time 106
note_on 56
velocity 53
time 7
note_on 72
velocity 76
time 27
note_off 70
time 44
note_off 55
time 33
note_on 68
velocity 55
time 252
note_on 64
velocity 50
time 300
note_off 68
time 71
note_on 65
velocity 49
time 233
note_off 64
time 16
note_off 72
time 286
note_on 58
velocity 43
time 2
note_on 61
velocity 52
time 15
note_off 65
time 28
note_off 56
time 143
note_on 73
velocity 63
time 144
note_on 67
velocity 61
time 302
note_off 73
time 51
note_on 70
velocity 73
time 96
note_off 67
time 34
note_off 61
time 58
note_off 70
time 71
note_off 58
time 79
note_on 48
velocity 62
time 154
note_on 64
velocity 61
time 2
note_on 60
velocity 46
time 16
note_on 52
velocity 64
time 69
note_off 60
time 219
note_on 55
velocity 67
time 85
note_on 65
velocity 65
time 278
note_off 48
time 7
note_on 60
velocity 59
time 2
note_off 64
time 70
note_on 49
velocity 67
time 244
note_on 67
velocity 53
time 13
note_off 65
time 1
note_off 52
time 54
note_off 60
time 57
note_off 67
time 41
note_on 65
velocity 59
time 12
note_off 65
time 107
note_off 55
time 11
note_on 67
velocity 60
time 15
note_on 60
velocity 67
time 6
note_off 67
time 77
note_on 65
velocity 57
time 22
note_off 65
time 63
note_on 67
velocity 53
time 22
note_off 67
time 82
note_on 58
velocity 64
time 5
note_on 65
velocity 62
time 8
note_off 60
time 32
note_off 65
time 46
note_on 67
velocity 59
time 21
note_on 65
velocity 59
time 73
note_off 67
time 42
note_on 61
velocity 56
time 65
note_on 64
velocity 65
time 7
note_off 65
time 8
note_off 58
time 5
note_on 65
velocity 63
time 131
note_off 64
time 10
note_off 65
time 139
note_on 52
velocity 49
time 23
note_on 67
velocity 61
time 33
note_off 61
time 92
note_off 49
time 33
note_on 72
velocity 64
time 197
note_on 70
velocity 65
time 303
note_on 55
velocity 54
time 10
note_off 72
time 6
note_on 73
velocity 72
time 317
note_off 67
time 33
note_off 70
time 189
note_on 60
velocity 65
time 91
note_on 64
velocity 63
time 5
note_off 73
time 16
note_off 52
time 112
note_off 55
time 26
note_on 73
velocity 76
time 165
note_on 48
velocity 67
time 303
note_on 72
velocity 78
time 15
note_off 60
time 42
note_off 73
time 1
note_off 48
time 8
note_on 70
velocity 83
time 120
note_off 64
time 25
note_off 72
time 82
note_on 41
velocity 74
time 295
note_on 69
velocity 76
time 15
note_on 63
velocity 57
time 4
note_off 70
time 16
note_on 45
velocity 67
time 61
note_on 48
velocity 70
time 295
note_off 41
time 271
note_on 70
velocity 78
time 7
note_on 53
velocity 67
time 6
note_off 69
time 15
note_off 63
time 17
note_on 42
velocity 69
time 281
note_on 72
velocity 65
time 9
note_off 53
time 3
note_off 70
time 11
note_on 61
velocity 47
time 2
note_off 45
time 50
note_on 70
velocity 63
time 126
note_off 72
time 6
note_off 48
time 89
note_on 53
velocity 68
time 16
note_off 70
time 10
note_on 72
velocity 70
time 3
note_off 72
time 111
note_on 70
velocity 69
time 3
note_on 72
velocity 62
time 88
note_off 70
time 3
note_on 51
velocity 68
time 56
note_off 53
time 40
note_on 70
velocity 64
time 0
note_off 72
time 9
note_on 72
velocity 58
time 70
note_off 70
time 6
note_on 70
velocity 62
time 87
note_off 72
time 38
note_on 54
velocity 62
time 38
note_off 51
time 4
note_on 69
velocity 74
time 19
note_off 70
time 31
note_on 70
velocity 75
time 119
note_off 69
time 45
note_on 45
velocity 45
time 113
note_on 72
velocity 71
time 29
note_off 70
time 22
note_off 54
time 60
note_off 61
time 5
note_off 42
time 10
note_on 65
velocity 56
time 205
note_off 65
time 313
note_on 48
velocity 46
time 14
note_on 63
velocity 53
time 6
note_off 45
time 311
note_on 66
velocity 64
time 14
note_off 63
time 163
note_on 45
velocity 48
time 143
note_off 48
time 103
note_off 66
time 7
note_on 66
velocity 51
time 202
note_off 66
time 296
note_on 65
velocity 45
time 26
note_on 41
velocity 38
time 15
note_off 45
time 147
note_off 65
time 122
note_on 63
velocity 47
time 27
note_off 63
time 343
note_on 61
velocity 50
time 6
note_on 46
velocity 36
time 6
note_off 72
time 98
note_off 41
time 119
note_on 72
velocity 56
time 111
note_off 72
time 301
note_on 70
velocity 60
time 9
note_on 73
velocity 59
time 321
note_off 70
time 53
note_on 67
velocity 49
time 276
note_off 46
time 16
note_off 73
time 25
note_on 46
velocity 46
time 275
note_off 67
time 284
note_on 48
velocity 44
time 25
note_on 70
velocity 57
time 22
note_off 46
time 13
note_off 70
time 121
note_on 68
velocity 57
time 21
note_off 68
time 90
note_on 70
velocity 59
time 16
note_on 49
velocity 49
time 22
note_off 48
time 1
note_off 70
time 47
note_on 68
velocity 55
time 18
note_off 68
time 75
note_on 70
velocity 60
time 9
note_off 70
time 66
note_on 68
velocity 38
time 10
note_off 68
time 116
note_on 43
velocity 43
time 6
note_on 70
velocity 72
time 4
note_off 61
time 117
note_off 49
time 31
note_on 60
velocity 54
time 189
note_off 43
time 91
note_on 46
velocity 49
time 218
note_on 61
velocity 60
time 12
note_off 60
time 64
note_on 65
velocity 65
time 255
note_off 61
time 58
note_off 46
time 28
note_on 51
velocity 55
time 235
note_on 55
velocity 55
time 4
note_off 65
time 53
note_off 55
time 246
note_on 65
velocity 60
time 31
note_off 51
time 79
note_on 63
velocity 49
time 266
note_on 39
velocity 47
time 14
note_off 65
time 18
note_off 39
time 10
note_on 61
velocity 52
time 18
note_off 63
time 8
note_off 61
time 185
note_on 44
velocity 37
time 196
note_off 70
time 12
note_on 60
velocity 45
time 7
note_on 68
velocity 65
time 137
note_on 48
velocity 39
time 11
note_off 60
time 286
note_on 51
velocity 44
time 18
note_on 72
velocity 66
time 5
note_off 68
time 3
note_off 44
time 111
note_off 48
time 16
note_on 56
velocity 57
time 0
note_off 51
time 194
note_on 46
velocity 51
time 9
note_on 61
velocity 60
time 9
note_off 56
time 7
note_off 72
time 18
note_on 56
velocity 50
time 33
note_on 70
velocity 77
time 14
note_on 55
velocity 55
time 282
note_on 73
velocity 77
time 21
note_off 56
time 33
note_off 70
time 20
note_off 61
time 3
note_off 46
time 51
note_on 58
velocity 71
time 31
note_off 55
time 112
note_off 58
time 84
note_on 48
velocity 59
time 12
note_on 63
velocity 76
time 6
note_off 73
time 5
note_on 72
velocity 83
time 60
note_on 51
velocity 57
time 3
note_on 56
velocity 59
time 268
note_on 75
velocity 88
time 36
note_off 72
time 22
note_off 63
time 7
note_off 48
time 92
note_on 60
velocity 65
time 29
note_off 51
time 31
note_off 75
time 14
note_on 49
velocity 63
time 12
note_on 65
velocity 77
time 2
note_off 60
time 12
note_off 56
time 67
note_on 60
velocity 63
time 10
note_on 73
velocity 83
time 4
note_on 58
velocity 64
time 263
note_on 77
velocity 87
time 59
note_off 60
time 2
note_off 73
time 8
note_off 65
time 1
note_off 49
time 94
note_on 61
velocity 75
time 12
note_on 51
velocity 54
time 326
note_off 61
time 11
note_off 77
time 9
note_on 67
velocity 73
time 12
note_off 58
time 1
note_on 75
velocity 74
time 134
note_on 55
velocity 53
time 2
note_on 58
velocity 54
time 287
note_on 73
velocity 74
time 12
note_off 75
time 56
note_on 72
velocity 76
time 235
note_on 63
velocity 62
time 5
note_off 51
time 9
note_off 73
time 44
note_off 55
time 183
note_on 53
velocity 64
time 62
note_on 70
velocity 75
time 3
note_off 63
time 53
note_off 67
time 12
note_off 72
time 9
note_off 58
time 225
note_on 63
velocity 67
time 7
note_on 67
velocity 73
time 5
note_off 70
time 3
note_on 61
velocity 68
time 292
note_on 68
velocity 78
time 10
note_off 67
time 36
note_off 63
time 7
note_off 53
time 2
note_on 73
velocity 75
time 11
note_on 65
velocity 63
time 2
note_off 68
time 7
note_off 73
time 135
note_on 55
velocity 69
time 89
note_on 72
velocity 70
time 1
note_off 65
time 14
note_off 61
time 18
note_off 72
time 14
note_on 70
velocity 67
time 10
note_off 70
time 82
note_on 72
velocity 62
time 14
note_off 72
time 101
note_on 65
velocity 67
time 2
note_on 70
velocity 59
time 5
note_off 70
time 80
note_on 72
velocity 55
time 11
note_off 72
time 100
note_on 70
velocity 59
time 14
note_off 70
time 78
note_on 63
velocity 74
time 12
note_on 72
velocity 57
time 10
note_off 72
time 69
note_on 70
velocity 59
time 19
note_off 70
time 9
note_on 72
velocity 55
time 11
note_on 61
velocity 65
time 2
note_off 72
time 0
note_off 65
time 2
note_on 70
velocity 61
time 8
note_off 63
time 42
note_off 61
time 18
note_off 70
time 13
note_on 72
velocity 62
time 23
note_off 72
time 81
note_on 70
velocity 64
time 17
note_on 56
velocity 69
time 132
note_on 60
velocity 56
time 10
note_off 55
time 16
note_off 70
time 111
note_on 63
velocity 69
time 11
note_off 56
time 105
note_on 55
velocity 64
time 197
note_on 65
velocity 67
time 16
note_off 63
time 48
note_on 67
velocity 67
time 244
note_off 65
time 39
note_off 55
time 132
note_on 53
velocity 56
time 134
note_on 68
velocity 73
time 1
note_off 67
time 36
note_on 67
velocity 67
time 280
note_off 68
time 7
note_off 53
time 187
note_on 49
velocity 60
time 111
note_on 68
velocity 77
time 9
note_off 67
time 18
note_off 60
time 11
note_off 49
time 10
note_on 77
velocity 78
time 29
note_off 68
time 48
note_on 51
velocity 49
time 272
note_on 60
velocity 47
time 18
note_off 77
time 38
note_on 75
velocity 72
time 5
note_on 58
velocity 59
time 14
note_off 60
time 0
note_off 58
time 11
note_on 60
velocity 42
time 15
note_on 58
velocity 55
time 6
note_off 60
time 2
note_on 68
velocity 65
time 15
note_off 58
time 6
note_on 60
velocity 22
time 3
note_on 58
velocity 46
time 33
note_off 58
time 36
note_off 60
time 14
note_on 60
velocity 36
time 23
note_on 58
velocity 66
time 76
note_on 67
velocity 69
time 9
note_off 60
time 19
note_off 68
time 2
note_off 58
time 71
note_off 51
time 64
note_on 73
velocity 80
time 41
note_off 75
time 70
note_on 56
velocity 49
time 345
note_on 44
velocity 47
time 7
note_on 72
velocity 71
time 21
note_off 67
time 1
note_off 73
time 5
note_off 72
time 93
note_on 68
velocity 73
time 97
note_on 72
velocity 75
time 319
note_off 68
time 48
note_on 76
velocity 69
time 257
note_off 72
time 77
note_off 56
time 66
note_on 77
velocity 75
time 173
note_off 44
time 13
note_off 76
time 84
note_on 79
velocity 80
time 214
note_on 56
velocity 56
time 1
note_off 77
time 41
note_on 55
velocity 51
time 246
note_on 76
velocity 75
time 17
note_off 56
time 42
note_off 79
time 4
note_on 53
velocity 55
time 250
note_on 77
velocity 80
time 1
note_off 76
time 62
note_off 55
time 86
note_on 52
velocity 49
time 140
note_on 79
velocity 82
time 55
note_off 53
time 8
note_off 77
time 47
note_on 55
velocity 52
time 254
note_on 58
velocity 61
time 2
note_off 55
time 0
note_off 58
time 78
note_on 61
velocity 68
time 9
note_off 61
time 16
note_off 52
time 11
note_on 48
velocity 64
time 12
note_on 53
velocity 58
time 187
note_on 52
velocity 56
time 309
note_off 53
time 46
note_on 55
velocity 60
time 276
note_off 48
time 8
note_off 55
time 30
note_off 52
time 12
note_on 56
velocity 64
time 205
note_on 53
velocity 58
time 4
note_on 72
velocity 78
time 162
note_off 79
time 35
note_on 77
velocity 79
time 283
note_off 72
time 59
note_on 80
velocity 79
time 275
note_off 77
time 191
note_off 53
time 45
note_on 74
velocity 68
time 60
note_off 80
time 36
note_on 77
velocity 66
time 260
note_on 53
velocity 47
time 11
note_off 74
time 40
note_on 51
velocity 46
time 252
note_on 71
velocity 63
time 14
note_off 77
time 18
note_off 56
time 160
note_off 53
time 29
note_on 50
velocity 50
time 72
note_on 72
velocity 69
time 2
note_off 71
time 38
note_off 51
time 23
note_off 72
time 170
note_off 50
time 62
note_on 55
velocity 57
time 32
note_on 72
velocity 67
time 43
note_off 72
time 118
note_on 71
velocity 56
time 25
note_off 71
time 75
note_on 72
velocity 61
time 6
note_off 72
time 59
note_on 71
velocity 55
time 12
note_on 59
velocity 66
time 34
note_on 72
velocity 66
time 44
note_off 71
time 3
note_on 71
velocity 62
time 80
note_off 72
time 8
note_on 62
velocity 66
time 160
note_off 55
time 275
note_on 67
velocity 54
time 9
note_on 72
velocity 81
time 1
note_off 71
time 78
note_on 56
velocity 69
time 219
note_on 74
velocity 67
time 67
note_off 59
time 11
note_off 72
time 9
note_off 62
time 12
note_off 67
time 70
note_on 72
velocity 72
time 62
note_off 74
time 5
note_off 72
time 121
note_on 67
velocity 61
time 3
note_on 74
velocity 70
time 0
note_off 74
time 110
note_on 72
velocity 72
time 4
note_off 72
time 86
note_on 74
velocity 65
time 5
note_on 65
velocity 65
time 50
note_off 67
time 27
note_on 72
velocity 69
time 12
note_off 74
time 8
note_off 72
time 87
note_on 74
velocity 64
time 3
note_on 72
velocity 67
time 69
note_off 74
time 64
note_on 68
velocity 66
time 22
note_off 65
time 3
note_on 71
velocity 78
time 8
note_off 72
time 21
note_on 72
velocity 78
time 116
note_off 71
time 35
note_off 72
time 102
note_on 59
velocity 62
time 19
note_on 74
velocity 75
time 9
note_off 68
time 64
note_off 56
time 54
note_on 79
velocity 84
time 204
note_on 62
velocity 60
time 311
note_on 77
velocity 78
time 6
note_off 79
time 31
note_on 80
velocity 81
time 307
note_off 74
time 29
note_off 77
time 36
note_on 67
velocity 67
time 236
note_off 80
time 5
note_on 71
velocity 70
time 8
note_off 59
time 111
note_off 62
time 36
note_on 80
velocity 82
time 164
note_on 55
velocity 62
time 300
note_on 79
velocity 76
time 9
note_off 80
time 34
note_off 67
time 145
note_on 77
velocity 76
time 135
note_off 79
time 53
note_off 71
time 204
note_on 60
velocity 58
time 57
note_on 75
velocity 75
time 3
note_off 77
time 32
note_off 55
time 35
note_on 84
velocity 79
time 327
note_on 56
velocity 65
time 304
note_on 77
velocity 75
time 14
note_off 75
time 9
note_on 83
velocity 85
time 292
note_off 84
time 40
note_on 51
velocity 58
time 254
note_on 84
velocity 89
time 17
note_off 83
time 55
note_off 77
time 1
note_off 56
time 38
note_on 79
velocity 85
time 221
note_off 51
time 261
note_on 53
velocity 55
time 23
note_on 80
velocity 78
time 7
note_off 79
time 98
note_off 84
time 9
note_on 77
velocity 78
time 229
note_off 80
time 25
note_on 55
velocity 53
time 311
note_off 53
time 30
note_on 75
velocity 75
time 60
note_off 77
time 20
note_on 71
velocity 54
time 357
note_on 72
velocity 62
time 298
note_off 71
time 10
note_on 66
velocity 48
time 283
note_off 60
time 33
note_off 66
time 29
note_on 67
velocity 54
time 82
note_off 72
time 19
note_off 75
time 6
note_on 72
velocity 65
time 33
note_off 67
time 94
note_on 59
velocity 46
time 21
note_on 74
velocity 60
time 6
note_off 72
time 28
note_on 65
velocity 52
time 6
note_off 59
time 26
note_off 74
time 22
note_on 48
velocity 43
time 5
note_on 72
velocity 62
time 5
note_on 60
velocity 38
time 3
note_off 65
time 4
note_off 55
time 8
note_on 65
velocity 54
time 151
note_off 60
time 71
note_on 55
velocity 51
time 284
note_on 64
velocity 49
time 12
note_off 65
time 32
note_on 67
velocity 42
time 289
note_off 64
time 3
note_on 60
velocity 43
time 320
note_off 67
time 35
note_on 53
velocity 42
time 275
note_off 60
time 77
note_off 55
time 173
note_on 52
velocity 41
time 82
note_off 72
time 32
note_off 53
time 23
note_off 48
time 254
note_on 55
velocity 40
time 30
note_off 52
time 9
note_on 45
velocity 33
time 454
note_on 65
velocity 46
time 15
note_off 55
time 267
note_on 69
velocity 54
time 121
note_on 53
velocity 42
time 316
note_on 72
velocity 53
time 9
note_off 69
time 128
note_off 45
time 7
note_on 75
velocity 62
time 39
note_off 65
time 11
note_on 41
velocity 46
time 297
note_off 72
time 12
note_on 69
velocity 56
time 4
note_off 75
time 6
note_off 53
time 14
note_on 78
velocity 65
time 12
note_on 53
velocity 37
time 275
note_on 72
velocity 56
time 1
note_off 78
time 16
note_off 53
time 7
note_off 41
time 1
note_on 75
velocity 67
time 101
note_off 69
time 56
note_off 72
time 1
note_on 46
velocity 46
time 8
note_on 73
velocity 69
time 4
note_off 75
time 5
note_on 49
velocity 51
time 13
note_on 70
velocity 66
time 313
note_on 53
velocity 52
time 8
note_on 58
velocity 59
time 17
note_off 70
time 1
note_off 49
time 6
note_off 46
time 3
note_off 53
time 16
note_on 48
velocity 52
time 8
note_on 64
velocity 63
time 14
note_off 58
time 8
note_off 73
time 11
note_on 58
velocity 61
time 84
note_on 72
velocity 74
time 288
note_on 56
velocity 55
time 8
note_off 58
time 36
note_off 48
time 18
note_off 64
time 1
note_on 60
velocity 60
time 45
note_off 56
time 95
note_on 50
velocity 49
time 13
note_off 72
time 5
note_on 53
velocity 46
time 1
note_on 65
velocity 54
time 13
note_off 60
time 0
note_off 53
time 117
note_on 70
velocity 69
time 19
note_off 65
time 20
note_off 50
time 137
note_on 52
velocity 52
time 146
note_on 55
velocity 52
time 2
note_on 67
velocity 60
time 3
note_off 70
time 244
note_off 67
time 60
note_on 64
velocity 70
time 9
note_off 52
time 64
note_off 55
time 69
note_on 56
velocity 57
time 168
note_on 53
velocity 59
time 5
note_on 60
velocity 58
time 10
note_off 64
time 56
note_on 64
velocity 63
time 259
note_off 60
time 37
note_off 64
time 252
note_on 65
velocity 53
time 6
note_on 71
velocity 68
time 59
note_off 56
time 3
note_off 53
time 2
note_off 65
time 8
note_on 55
velocity 47
time 7
note_on 48
velocity 46
time 6
note_on 72
velocity 67
time 2
note_off 71
time 17
note_on 65
velocity 45
time 150
note_off 65
time 279
note_on 64
velocity 47
time 23
note_on 67
velocity 50
time 292
note_off 72
time 234
note_on 70
velocity 56
time 80
note_off 67
time 208
note_on 73
velocity 62
time 95
note_off 70
time 163
note_on 72
velocity 58
time 154
note_off 73
time 72
note_on 49
velocity 49
time 225
note_on 70
velocity 65
time 8
note_off 72
time 103
note_off 48
time 178
note_off 55
time 30
note_on 51
velocity 45
time 9
note_on 53
velocity 47
time 6
note_on 69
velocity 68
time 5
note_off 70
time 32
note_off 64
time 14
note_off 49
time 52
note_off 53
time 14
note_off 51
time 4
note_on 65
velocity 73
time 10
note_off 69
time 10
note_on 63
velocity 74
time 15
note_on 69
velocity 68
time 6
note_off 65
time 5
note_on 72
velocity 77
time 98
note_off 69
time 57
note_off 63
time 164
note_on 77
velocity 75
time 71
note_off 72
time 2
note_on 61
velocity 67
time 6
note_on 70
velocity 79
time 313
note_off 61
time 94
note_on 60
velocity 59
time 196
note_on 69
velocity 72
time 17
note_off 70
time 36
note_on 75
velocity 79
time 1
note_off 77
time 11
note_off 60
time 2
note_off 69
time 6
note_on 58
velocity 52
time 238
note_off 75
time 30
note_on 73
velocity 73
time 22
note_on 53
velocity 42
time 12
note_on 68
velocity 54
time 7
note_on 49
velocity 48
time 222
note_on 67
velocity 48
time 16
note_off 68
time 9
note_off 53
time 88
note_off 58
time 172
note_on 46
velocity 44
time 11
note_on 70
velocity 53
time 10
note_off 67
time 10
note_off 49
time 104
note_on 55
velocity 42
time 196
note_on 64
velocity 53
time 2
note_off 73
time 48
note_off 70
time 14
note_on 48
velocity 40
time 226
note_off 46
time 48
note_on 72
velocity 71
time 36
note_off 64
time 77
note_on 49
velocity 41
time 190
note_on 65
velocity 51
time 13
note_off 48
time 51
note_on 70
velocity 64
time 261
note_on 46
velocity 43
time 3
note_off 49
time 1
note_off 65
time 27
note_off 72
time 93
note_on 48
velocity 49
time 167
note_on 64
velocity 55
time 14
note_off 55
time 16
note_off 46
time 26
note_off 70
time 13
note_on 73
velocity 70
time 243
note_on 55
velocity 51
time 10
note_off 73
time 14
note_on 72
velocity 73
time 10
note_on 56
velocity 73
time 4
note_off 64
time 10
note_off 55
time 16
note_on 59
velocity 81
time 7
note_on 65
velocity 68
time 7
note_off 56
time 3
note_off 59
time 7
note_on 68
velocity 81
time 4
note_on 60
velocity 84
time 3
note_off 72
time 2
note_off 65
time 16
note_on 65
velocity 76
time 6
note_off 48
time 12
note_on 48
velocity 74
time 0
note_on 64
velocity 79
time 5
note_off 65
time 3
note_off 68
time 19
note_off 60
time 83
note_off 48
time 14
note_on 67
velocity 82
time 48
note_off 64
time 40
note_on 49
velocity 67
time 0
note_on 65
velocity 77
time 5
note_off 67
time 13
note_on 68
velocity 64
time 265
note_on 72
velocity 69
time 325
note_off 68
time 73
note_on 77
velocity 73
time 234
note_off 65
time 137
note_on 58
velocity 68
time 182
note_on 67
velocity 62
time 0
note_off 77
time 31
note_off 72
time 35
note_on 77
velocity 74
time 247
note_off 77
time 306
note_on 76
velocity 72
time 7
note_off 67
time 113
note_on 79
velocity 78
time 11
note_off 58
time 48
note_off 49
time 176
note_off 76
time 6
note_on 68
velocity 78
time 120
note_on 48
velocity 60
time 6
note_on 60
velocity 67
time 1
note_off 79
time 86
note_on 72
velocity 75
time 30
note_on 77
velocity 72
time 313
note_on 76
velocity 72
time 289
note_off 77
time 42
note_on 56
velocity 61
time 245
note_on 77
velocity 75
time 63
note_off 72
time 1
note_off 76
time 22
note_off 60
time 34
note_off 68
time 3
note_on 72
velocity 64
time 253
note_on 70
velocity 64
time 295
note_off 77
time 248
note_on 68
velocity 71
time 57
note_off 72
time 39
note_on 58
velocity 51
time 233
note_on 73
velocity 69
time 62
note_off 70
time 50
note_off 68
time 29
note_off 56
time 10
note_on 68
velocity 65
time 251
note_on 67
velocity 60
time 310
note_off 68
time 60
note_on 70
velocity 65
time 240
note_off 67
time 26
note_on 55
velocity 50
time 267
note_on 64
velocity 63
time 16
note_off 73
time 9
note_off 58
time 79
note_on 73
velocity 70
time 221
note_off 70
time 36
note_on 72
velocity 69
time 265
note_off 73
time 48
note_on 70
velocity 74
time 265
note_off 72
time 12
note_off 64
time 0
note_on 56
velocity 51
time 8
note_on 68
velocity 65
time 19
note_on 65
velocity 52
time 0
note_off 70
time 17
note_off 55
time 18
note_on 63
velocity 60
time 11
note_off 65
time 3
note_on 62
velocity 65
time 213
note_off 63
time 38
note_on 65
velocity 64
time 254
note_off 62
time 14
note_on 53
velocity 47
time 282
note_on 59
velocity 60
time 21
note_off 68
time 8
note_off 56
time 40
note_off 65
time 227
note_on 68
velocity 66
time 36
note_on 67
velocity 59
time 319
note_off 68
time 22
note_on 65
velocity 65
time 10
note_off 67
time 12
note_off 65
time 34
note_on 55
velocity 49
time 8
note_on 64
velocity 64
time 16
note_off 59
time 14
note_off 53
time 13
note_on 60
velocity 62
time 70
note_on 58
velocity 65
time 297
note_off 60
time 5
note_off 55
time 1
note_on 61
velocity 64
time 5
note_off 58
time 1
note_on 52
velocity 47
time 10
note_on 55
velocity 53
time 8
note_off 61
time 0
note_on 61
velocity 57
time 135
note_off 55
time 50
note_on 60
velocity 52
time 275
note_off 61
time 30
note_off 60
time 17
note_on 58
velocity 47
time 8
note_off 52
time 4
note_off 58
time 83
note_off 64
time 47
note_on 56
velocity 46
time 253
note_on 53
velocity 45
time 4
note_on 72
velocity 56
time 217
note_on 70
velocity 56
time 325
note_off 72
time 4
note_off 53
time 15
note_off 56
time 60
note_on 73
velocity 59
time 20
note_off 70
time 25
note_on 55
velocity 38
time 10
note_on 58
velocity 39
time 0
note_off 73
time 0
note_on 64
velocity 47
time 3
note_on 73
velocity 55
time 194
note_off 64
time 19
note_on 72
velocity 55
time 293
note_off 73
time 6
note_off 58
time 17
note_off 55
time 18
note_on 70
velocity 58
time 10
note_off 72
time 18
note_off 70
time 34
note_on 56
velocity 43
time 4
note_on 68
velocity 56
time 9
note_on 60
velocity 35
time 5
note_on 79
velocity 61
time 120
note_off 79
time 296
note_on 77
velocity 57
time 7
note_off 68
time 159
note_off 56
time 12
note_on 80
velocity 64
time 4
note_off 77
time 13
note_off 80
time 6
note_on 56
velocity 45
time 9
note_on 53
velocity 36
time 1
note_on 71
velocity 53
time 2
note_off 60
time 18
note_on 80
velocity 63
time 23
note_off 71
time 31
note_on 79
velocity 62
time 5
note_off 80
time 10
note_off 56
time 23
note_on 77
velocity 63
time 21
note_off 79
time 16
note_off 53
time 36
note_on 55
velocity 40
time 15
note_on 58
velocity 36
time 5
note_on 76
velocity 61
time 5
note_off 77
time 18
note_on 77
velocity 71
time 150
note_off 76
time 78
note_on 79
velocity 67
time 228
note_off 77
time 21
note_off 55
time 12
note_on 76
velocity 57
time 4
note_off 79
time 13
note_off 58
time 14
note_on 55
velocity 40
time 16
note_on 52
velocity 40
time 7
note_on 82
velocity 69
time 19
note_off 76
time 7
note_on 73
velocity 57
time 204
note_off 82
time 82
note_off 73
time 17
note_on 72
velocity 62
time 2
note_off 52
time 3
note_on 70
velocity 60
time 135
note_off 72
time 0
note_on 60
velocity 42
time 19
note_on 53
velocity 34
time 0
note_on 68
velocity 58
time 7
note_off 70
time 17
note_off 55
time 3
note_on 70
velocity 64
time 163
note_off 68
time 105
note_on 72
velocity 66
time 201
note_off 70
time 16
note_off 60
time 1
note_on 65
velocity 63
time 45
note_off 72
time 17
note_on 59
velocity 47
time 9
note_on 74
velocity 64
time 4
note_on 68
velocity 64
time 0
note_off 65
time 12
note_off 74
time 0
note_off 53
time 130
note_on 67
velocity 61
time 18
note_off 68
time 5
note_off 67
time 17
note_on 65
velocity 67
time 0
note_on 55
velocity 49
time 54
note_on 64
velocity 72
time 5
note_off 65
time 11
note_off 59
time 15
note_on 60
velocity 68
time 2
note_off 55
time 138
note_off 48
time 32
note_off 60
time 5
note_on 55
velocity 67
time 6
note_off 64
time 47
note_on 58
velocity 76
time 7
note_off 55
time 12
note_on 65
velocity 72
time 9
note_on 56
velocity 68
time 1
note_off 58
time 4
note_on 53
velocity 71
time 47
note_on 47
velocity 63
time 321
note_off 53
time 53
note_off 56
time 191
note_on 50
velocity 76
time 96
note_off 47
time 4
note_on 55
velocity 63
time 484
note_on 36
velocity 69
time 30
note_off 50
time 16
note_on 62
velocity 71
time 452
note_off 65
time 17
note_off 55
time 67
note_on 53
velocity 58
time 278
note_on 59
velocity 70
time 3
note_off 62
time 9
note_on 60
velocity 68
time 328
note_off 59
time 64
note_off 53
time 34
note_on 55
velocity 67
time 276
note_off 60
time 93
note_on 58
velocity 66
time 279
note_on 60
velocity 69
time 380
note_off 36
time 4
note_on 64
velocity 79
time 142
note_off 60
time 165
note_off 55
time 23
note_off 58
time 25
note_off 64
time 48
note_on 65
velocity 67
time 533
note_on 53
velocity 49
time 7
note_on 57
velocity 53
time 3
note_on 41
velocity 45
time 1
note_on 60
velocity 52
time 2
note_off 57
time 69
note_off 53
time 175
note_off 41
time 143
note_off 65
time 12
note_off 60
time 5
note_on 60
velocity 43
time 1991
note_on 61
velocity 52
time 1041
note_off 60
time 257
note_on 60
velocity 44
time 781
note_off 61
time 197
note_on 59
velocity 42
time 777
note_off 60
time 217
note_on 64
velocity 59
time 776
note_off 59
time 305
note_on 65
velocity 46
time 737
note_off 64
time 130
note_on 58
velocity 40
time 873
note_off 65
time 216
note_on 57
velocity 41
time 736
note_off 58
time 168
note_on 56
velocity 41
time 804
note_off 57
time 164
note_on 55
velocity 36
time 929
note_off 56
time 197
note_on 53
velocity 29
time 1691
note_off 55
time 154
note_off 53
time 142
note_on 53
velocity 45
time 161
note_off 53
time 188
note_on 55
velocity 42
time 31
note_on 65
velocity 65
time 226
note_on 56
velocity 39
time 19
note_off 55
time 104
note_off 56
time 139
note_on 56
velocity 47
time 171
note_off 56
time 232
note_on 58
velocity 50
time 3
note_off 58
time 128
note_on 68
velocity 72
time 73
note_on 60
velocity 44
time 11
note_off 65
time 73
note_off 60
time 87
note_on 47
velocity 54
time 30
note_on 48
velocity 49
time 228
note_off 47
time 144
note_on 50
velocity 54
time 42
note_off 48
time 60
note_on 67
velocity 62
time 188
note_on 51
velocity 42
time 11
note_off 50
time 68
note_off 68
time 14
note_on 66
velocity 59
time 783
note_off 67
time 54
note_off 51
time 18
note_on 48
velocity 49
time 148
note_on 50
velocity 64
time 203
note_off 48
time 154
note_on 51
velocity 61
time 21
note_off 50
time 64
note_on 71
velocity 72
time 184
note_on 53
velocity 52
time 14
note_off 66
time 65
note_off 51
time 6
note_on 72
velocity 80
time 834
note_off 53
time 39
note_off 71
time 16
note_on 51
velocity 53
time 135
note_on 53
velocity 59
time 216
note_off 51
time 158
note_on 55
velocity 49
time 47
note_off 53
time 6
note_on 65
velocity 56
time 238
note_on 56
velocity 43
time 35
note_off 55
time 32
note_off 72
time 3
note_off 56
time 837
note_on 64
velocity 49
time 19
note_off 65
time 54
note_on 55
velocity 44
time 137
note_on 57
velocity 41
time 212
note_off 55
time 21
note_off 57
time 157
note_on 59
velocity 46
time 16
note_on 60
velocity 33
time 269
note_on 63
velocity 40
time 3
note_off 59
time 43
note_off 64
time 25
note_on 62
velocity 45
time 862
note_off 63
time 6
note_on 59
velocity 40
time 433
note_off 60
time 90
note_off 59
time 93
note_on 57
velocity 43
time 21
note_off 57
time 175
note_on 60
velocity 42
time 48
note_off 60
time 92
note_on 59
velocity 52
time 19
note_off 59
time 64
note_on 60
velocity 44
time 52
note_off 60
time 55
note_on 59
velocity 56
time 20
note_off 59
time 56
note_on 60
velocity 53
time 46
note_off 60
time 53
note_on 59
velocity 57
time 17
note_off 59
time 51
note_on 57
velocity 54
time 28
note_on 59
velocity 57
time 97
note_off 57
time 60
note_off 59
time 39
note_off 62
time 39
note_on 60
velocity 51
time 8
note_off 60
time 298
note_on 55
velocity 54
time 141
note_on 60
velocity 53
time 15
note_on 62
velocity 57
time 185
note_off 60
time 39
note_on 48
velocity 69
time 222
note_on 64
velocity 56
time 11
note_on 60
velocity 33
time 32
note_off 62
time 21
note_off 55
time 127
note_off 64
time 260
note_on 58
velocity 60
time 1
note_on 62
velocity 59
time 6
note_off 60
time 17
note_on 64
velocity 64
time 182
note_off 58
time 50
note_off 62
time 28
note_on 49
velocity 72
time 133
note_on 65
velocity 61
time 14
note_on 56
velocity 47
time 15
note_off 64
time 12
note_off 56
time 134
note_off 48
time 5
note_off 65
time 15
note_on 52
velocity 68
time 17
note_off 52
time 143
note_on 53
velocity 53
time 69
note_on 65
velocity 76
time 36
note_off 53
time 159
note_on 55
velocity 60
time 22
note_off 55
time 222
note_on 56
velocity 73
time 3
note_on 48
velocity 65
time 15
note_off 49
time 59
note_on 63
velocity 63
time 378
note_on 47
velocity 69
time 418
note_off 48
time 8
note_on 62
velocity 50
time 9
note_off 56
time 53
note_off 65
time 71
note_on 53
velocity 63
time 60
note_off 63
time 18
note_off 62
time 17
note_off 53
time 161
note_on 55
velocity 58
time 32
note_on 63
velocity 68
time 12
note_off 55
time 173
note_on 56
velocity 59
time 4
note_on 65
velocity 67
time 7
note_off 63
time 71
note_on 67
velocity 64
time 177
note_on 58
velocity 73
time 1
note_on 52
velocity 68
time 14
note_off 65
time 16
note_off 56
time 25
note_off 47
time 56
note_on 65
velocity 64
time 110
note_off 67
time 181
note_on 64
velocity 67
time 30
note_off 65
time 169
note_off 64
time 44
note_on 62
velocity 63
time 8
note_on 53
velocity 73
time 203
note_off 58
time 5
note_off 62
time 6
note_on 60
velocity 65
time 11
note_off 52
time 28
note_on 56
velocity 66
time 175
note_off 60
time 206
note_on 58
velocity 53
time 10
note_on 60
velocity 51
time 203
note_off 60
time 208
note_off 58
time 8
note_on 46
velocity 67
time 1
note_on 61
velocity 57
time 21
note_off 56
time 10
note_on 58
velocity 58
time 217
note_on 56
velocity 61
time 191
note_off 58
time 61
note_off 53
time 89
note_on 55
velocity 62
time 59
note_off 56
time 21
note_off 55
time 171
note_on 45
velocity 64
time 26
note_on 53
velocity 68
time 0
note_off 61
time 68
note_off 46
time 79
note_on 60
velocity 70
time 60
note_on 62
velocity 67
time 203
note_on 64
velocity 69
time 193
note_off 62
time 20
note_off 60
time 181
note_off 64
time 11
note_on 44
velocity 75
time 10
note_on 65
velocity 68
time 1
note_off 53
time 12
note_off 45
time 48
note_on 53
velocity 58
time 148
note_off 53
time 11
note_on 55
velocity 65
time 48
note_on 56
velocity 70
time 100
note_off 55
time 8
note_on 43
velocity 72
time 254
note_off 56
time 1
note_on 58
velocity 59
time 2
note_off 44
time 34
note_on 64
velocity 75
time 64
note_off 65
time 29
note_on 62
velocity 71
time 168
note_off 64
time 41
note_on 64
velocity 80
time 236
note_off 62
time 16
note_off 58
time 28
note_on 56
velocity 81
time 32
note_off 64
time 45
note_off 56
time 132
note_on 55
velocity 74
time 4
note_off 55
time 88
note_on 41
velocity 55
time 2
note_on 65
velocity 60
time 3
note_on 56
velocity 63
time 3
note_off 43
time 19
note_off 56
time 135
note_off 65
time 13
note_on 65
velocity 31
time 253
note_off 41
time 198
note_on 67
velocity 48
time 12
note_off 65
time 51
note_on 68
velocity 48
time 178
note_off 67
time 26
note_off 68
time 168
note_on 53
velocity 42
time 233
note_on 68
velocity 50
time 12
note_on 70
velocity 59
time 200
note_off 68
time 5
note_on 55
velocity 36
time 9
note_off 53
time 4
note_on 72
velocity 61
time 208
note_on 56
velocity 41
time 12
note_off 55
time 25
note_off 70
time 3
note_off 56
time 101
note_on 60
velocity 40
time 302
note_on 56
velocity 46
time 7
note_off 60
time 191
note_on 58
velocity 37
time 15
note_on 61
velocity 45
time 39
note_off 56
time 61
note_off 72
time 84
note_off 58
time 14
note_off 61
time 15
note_on 63
velocity 54
time 25
note_on 60
velocity 37
time 9
note_off 60
time 138
note_on 70
velocity 55
time 58
note_on 48
velocity 38
time 210
note_on 68
velocity 59
time 22
note_off 70
time 114
note_off 48
time 17
note_on 67
velocity 52
time 55
note_off 68
time 27
note_on 49
velocity 45
time 231
note_on 65
velocity 51
time 8
note_off 67
time 11
note_off 63
time 103
note_off 65
time 105
note_on 61
velocity 60
time 240
note_on 63
velocity 70
time 210
note_off 61
time 61
note_off 49
time 57
note_on 65
velocity 66
time 113
note_off 63
time 78
note_off 65
time 186
note_on 49
velocity 56
time 175
note_on 65
velocity 66
time 2
note_on 51
velocity 51
time 205
note_on 67
velocity 72
time 7
note_off 65
time 45
note_off 49
time 133
note_on 53
velocity 49
time 28
note_off 51
time 35
note_on 68
velocity 79
time 10
note_off 67
time 38
note_off 53
time 80
note_on 53
velocity 55
time 311
note_on 56
velocity 56
time 3
note_on 55
velocity 64
time 200
note_off 53
time 8
note_on 58
velocity 65
time 0
note_off 56
time 43
note_off 58
time 66
note_off 55
time 85
note_on 60
velocity 65
time 21
note_on 56
velocity 62
time 3
note_off 56
time 159
note_on 66
velocity 77
time 52
note_off 68
time 32
note_off 66
time 152
note_on 44
velocity 55
time 16
note_on 65
velocity 74
time 10
note_off 44
time 151
note_on 63
velocity 73
time 48
note_off 65
time 44
note_on 46
velocity 41
time 228
note_on 61
velocity 60
time 17
note_off 60
time 45
note_off 63
time 11
note_off 61
time 187
note_on 58
velocity 46
time 213
note_off 58
time 193
note_on 60
velocity 45
time 19
note_off 46
time 141
note_off 60
time 60
note_on 61
velocity 43
time 37
note_off 61
time 260
note_on 46
velocity 35
time 180
note_on 61
velocity 43
time 18
note_off 46
time 190
note_on 63
velocity 53
time 12
note_on 48
velocity 33
time 9
note_off 61
time 53
note_on 65
velocity 52
time 185
note_on 49
velocity 44
time 4
note_off 48
time 39
note_off 63
time 27
note_off 49
time 71
note_on 49
velocity 38
time 281
note_on 53
velocity 43
time 7
note_off 53
time 172
note_on 55
velocity 47
time 30
note_on 51
velocity 40
time 14
note_off 49
time 185
note_off 51
time 8
note_on 53
velocity 32
time 47
note_on 56
velocity 57
time 0
note_off 55
time 37
note_off 56
time 225
note_off 53
time 79
note_on 56
velocity 56
time 95
note_on 41
velocity 33
time 3
note_on 58
velocity 51
time 214
note_off 56
time 3
note_off 41
time 51
note_on 48
velocity 37
time 185
note_off 58
time 27
note_on 60
velocity 51
time 7
note_off 48
time 134
note_off 65
time 104
note_off 60
time 184
note_on 48
velocity 48
time 12
note_on 64
velocity 64
time 6
note_on 55
velocity 40
time 20
note_off 64
time 126
note_on 65
velocity 68
time 54
note_off 55
time 3
note_off 48
time 7
note_on 50
velocity 55
time 6
note_off 50
time 233
note_on 52
velocity 57
time 12
note_on 60
velocity 45
time 6
note_off 65
time 53
note_on 72
velocity 88
time 6
note_on 67
velocity 69
time 25
note_off 52
time 8
note_off 72
time 209
note_on 50
velocity 60
time 18
note_on 58
velocity 59
time 28
note_off 60
time 32
note_off 58
time 95
note_off 50
time 38
note_on 52
velocity 60
time 13
note_off 52
time 54
note_on 53
velocity 61
time 9
note_on 56
velocity 55
time 10
note_on 73
velocity 89
time 3
note_off 53
time 12
note_off 56
time 9
note_on 40
velocity 61
time 126
note_off 40
time 4
note_on 65
velocity 65
time 0
note_on 41
velocity 56
time 6
note_off 73
time 2
note_off 41
time 12
note_on 43
velocity 64
time 17
note_on 44
velocity 57
time 34
note_off 43
time 6
note_on 72
velocity 87
time 5
note_off 67
time 34
note_off 65
time 20
note_on 48
velocity 63
time 11
note_off 48
time 10
note_on 50
velocity 52
time 10
note_on 63
velocity 67
time 7
note_off 72
time 20
note_on 51
velocity 57
time 2
note_off 50
time 1
note_off 44
time 17
note_off 51
time 9
note_on 53
velocity 55
time 1
note_on 71
velocity 86
time 5
note_on 62
velocity 57
time 3
note_off 63
time 12
note_on 41
velocity 62
time 80
note_on 43
velocity 52
time 225
note_on 63
velocity 66
time 1
note_off 62
time 13
note_off 53
time 13
note_off 71
time 1
note_off 63
time 10
note_on 44
velocity 60
time 17
note_on 65
velocity 68
time 1
note_off 41
time 18
note_off 65
time 73
note_off 43
time 21
note_on 76
velocity 89
time 16
note_on 46
velocity 53
time 2
note_on 67
velocity 69
time 5
note_off 44
time 16
note_off 76
time 11
note_on 65
velocity 67
time 22
note_off 67
time 15
note_on 64
velocity 73
time 6
note_off 65
time 5
note_on 55
velocity 45
time 9
note_off 46
time 1
note_off 55
time 17
note_off 64
time 22
note_on 62
velocity 71
time 29
note_off 62
time 45
note_on 56
velocity 59
time 1
note_on 60
velocity 45
time 6
note_on 77
velocity 91
time 4
note_off 60
time 1
note_off 56
time 4
note_on 44
velocity 55
time 139
note_off 77
time 8
note_on 46
velocity 60
time 40
note_off 44
time 156
note_off 46
time 38
note_on 48
velocity 64
time 5
note_off 48
time 181
note_on 49
velocity 58
time 22
note_on 70
velocity 86
time 13
note_on 58
velocity 56
time 37
note_off 58
time 17
note_on 56
velocity 55
time 18
note_on 58
velocity 58
time 7
note_off 56
time 5
note_on 55
velocity 51
time 17
note_off 58
time 11
note_off 49
time 10
note_off 70
time 13
note_on 53
velocity 47
time 66
note_on 69
velocity 77
time 15
note_on 60
velocity 54
time 20
note_off 55
time 81
note_on 48
velocity 45
time 129
note_on 50
velocity 51
time 220
note_off 53
time 2
note_off 48
time 20
note_off 50
time 159
note_on 52
velocity 45
time 48
note_on 68
velocity 68
time 221
note_on 53
velocity 45
time 8
note_off 69
time 18
note_off 52
time 35
note_off 53
time 1
note_off 60
time 133
note_on 53
velocity 44
time 8
note_off 53
time 241
note_on 60
velocity 49
time 3
note_on 55
velocity 43
time 3
note_off 55
time 164
note_on 56
velocity 50
time 50
note_off 68
time 29
note_on 58
velocity 35
time 262
note_on 67
velocity 60
time 26
note_off 56
time 8
note_on 61
velocity 38
time 17
note_off 60
time 72
note_off 61
time 358
note_on 52
velocity 41
time 26
note_on 60
velocity 46
time 6
note_off 58
time 75
note_off 52
time 94
note_on 50
velocity 48
time 44
note_off 60
time 5
note_on 58
velocity 53
time 3
note_off 50
time 186
note_on 52
velocity 33
time 33
note_on 60
velocity 48
time 10
note_off 58
time 431
note_on 56
velocity 55
time 21
note_off 56
time 219
note_off 67
time 5
note_on 55
velocity 50
time 1
note_on 56
velocity 46
time 229
note_off 55
time 7
note_on 53
velocity 42
time 7
note_off 52
time 39
note_on 65
velocity 42
time 433
note_off 56
time 194
note_off 53
time 9
note_on 67
velocity 48
time 13
note_off 65
time 56
note_on 68
velocity 50
time 183
note_off 67
time 37
note_off 60
time 164
note_on 53
velocity 39
time 260
note_off 53
time 176
note_on 51
velocity 40
time 25
note_off 51
time 241
note_on 50
velocity 43
time 11
note_off 50
time 205
note_on 50
velocity 33
time 242
note_on 65
velocity 40
time 25
note_off 65
time 183
note_on 63
velocity 47
time 16
note_on 48
velocity 30
time 5
note_off 50
time 9
note_off 63
time 206
note_on 62
velocity 45
time 9
note_on 46
velocity 37
time 17
note_off 48
time 11
note_off 62
time 139
note_off 46
time 133
note_on 62
velocity 45
time 143
note_on 48
velocity 41
time 17
note_off 48
time 133
note_on 60
velocity 51
time 68
note_on 50
velocity 47
time 7
note_off 62
time 0
note_off 60
time 215
note_off 50
time 6
note_on 51
velocity 46
time 12
note_on 58
velocity 57
time 9
note_off 58
time 229
note_off 68
time 2
note_on 58
velocity 46
time 214
note_on 67
velocity 73
time 14
note_off 51
time 47
note_on 68
velocity 78
time 162
note_on 56
velocity 51
time 22
note_off 67
time 61
note_off 58
time 36
note_on 55
velocity 45
time 128
note_on 70
velocity 78
time 26
note_off 56
time 40
note_off 68
time 2
note_off 55
time 150
note_on 55
velocity 64
time 258
note_on 53
velocity 65
time 227
note_off 55
time 61
note_on 52
velocity 57
time 172
note_off 53
time 42
note_off 52
time 204
note_on 52
velocity 44
time 200
note_on 67
velocity 59
time 11
note_on 50
velocity 55
time 213
note_on 65
velocity 59
time 6
note_off 67
time 51
note_off 52
time 27
note_off 50
time 146
note_on 64
velocity 62
time 14
note_on 48
velocity 40
time 10
note_off 65
time 21
note_off 48
time 220
note_off 64
time 19
note_on 50
velocity 54
time 180
note_on 64
velocity 70
time 1
note_off 70
time 136
note_off 50
time 60
note_on 62
velocity 70
time 22
note_on 52
velocity 60
time 2
note_off 64
time 127
note_off 62
time 53
note_on 53
velocity 70
time 36
note_on 60
velocity 67
time 16
note_off 52
time 15
note_on 67
velocity 83
time 194
note_off 60
time 25
note_on 60
velocity 60
time 176
note_on 68
velocity 88
time 0
note_off 67
time 8
note_off 68
time 91
note_on 58
velocity 73
time 8
note_on 72
velocity 95
time 4
note_off 60
time 4
note_off 53
time 9
note_off 58
time 93
note_on 56
velocity 78
time 137
note_on 77
velocity 93
time 8
note_off 72
time 19
note_on 50
velocity 68
time 305
note_on 48
velocity 70
time 216
note_off 50
time 21
note_on 47
velocity 70
time 203
note_off 48
time 35
note_off 47
time 222
note_off 56
time 0
note_on 47
velocity 58
time 9
note_on 74
velocity 72
time 7
note_on 45
velocity 58
time 212
note_on 72
velocity 79
time 2
note_off 47
time 42
note_off 74
time 21
note_on 43
velocity 64
time 160
note_on 71
velocity 70
time 18
note_off 72
time 27
note_off 45
time 13
note_off 71
time 251
note_off 43
time 77
note_on 45
velocity 68
time 66
note_on 71
velocity 75
time 8
note_on 47
velocity 73
time 198
note_on 69
velocity 73
time 11
note_off 71
time 25
note_off 45
time 23
note_off 69
time 186
note_on 67
velocity 67
time 13
note_on 48
velocity 74
time 9
note_off 47
time 66
note_off 77
time 58
note_off 67
time 67
note_on 67
velocity 69
time 271
note_on 75
velocity 81
time 0
note_off 48
time 18
note_on 69
velocity 76
time 193
note_off 75
time 13
note_off 67
time 38
note_on 55
velocity 82
time 290
note_on 71
velocity 59
time 0
note_on 74
velocity 58
time 7
note_off 69
time 4
note_off 74
time 137
note_off 71
time 5
note_on 79
velocity 82
time 10
note_on 69
velocity 76
time 4
note_on 71
velocity 62
time 11
note_off 69
time 12
note_off 71
time 18
note_on 56
velocity 85
time 3
note_on 72
velocity 58
time 3
note_off 55
time 4
note_off 72
time 1
note_on 71
velocity 65
time 7
note_off 71
time 182
note_on 72
velocity 63
time 27
note_on 74
velocity 60
time 189
note_on 55
velocity 75
time 243
note_on 75
velocity 67
time 0
note_off 79
time 41
note_off 74
time 1
note_off 72
time 29
note_off 56
time 119
note_on 70
velocity 66
time 268
note_on 69
velocity 57
time 439
note_on 54
velocity 72
time 9
note_off 70
time 23
note_off 55
time 67
note_off 75
time 109
note_off 69
time 12
note_on 72
velocity 76
time 8
note_on 71
velocity 60
time 229
note_on 74
velocity 72
time 3
note_off 72
time 18
note_on 75
velocity 69
time 182
note_on 72
velocity 54
time 5
note_off 74
time 31
note_on 59
velocity 82
time 197
note_off 54
time 22
note_off 72
time 7
note_on 77
velocity 50
time 15
note_off 71
time 34
note_on 74
velocity 50
time 16
note_off 75
time 22
note_on 72
velocity 71
time 127
note_off 74
time 22
note_off 72
time 1
note_on 71
velocity 62
time 15
note_off 71
time 119
note_on 69
velocity 66
time 5
note_off 69
time 23
note_off 59
time 41
note_on 60
velocity 76
time 7
note_on 67
velocity 52
time 15
note_off 77
time 76
note_on 75
velocity 80
time 10
note_off 67
time 19
note_on 77
velocity 81
time 56
note_off 75
time 42
note_on 79
velocity 82
time 120
note_off 77
time 58
note_on 53
velocity 71
time 7
note_on 80
velocity 78
time 11
note_off 79
time 28
note_off 60
time 136
note_on 65
velocity 69
time 30
note_on 63
velocity 74
time 10
note_off 65
time 7
note_off 63
time 82
note_off 53
time 14
note_on 62
velocity 68
time 6
note_off 62
time 15
note_on 60
velocity 78
time 13
note_on 52
velocity 70
time 1
note_on 79
velocity 81
time 2
note_off 80
time 2
note_on 81
velocity 81
time 216
note_off 79
time 57
note_on 83
velocity 79
time 144
note_off 81
time 60
note_on 51
velocity 72
time 157
note_on 84
velocity 77
time 10
note_off 83
time 18
note_off 52
time 20
note_on 72
velocity 71
time 15
note_off 72
time 20
note_on 74
velocity 73
time 34
note_on 75
velocity 77
time 65
note_off 74
time 3
note_on 50
velocity 72
time 1
note_on 77
velocity 73
time 1
note_off 75
time 12
note_off 51
time 3
note_on 83
velocity 83
time 364
note_off 84
time 52
note_on 81
velocity 80
time 139
note_off 83
time 50
note_on 83
velocity 86
time 212
note_off 81
time 35
note_off 77
time 2
note_off 50
time 15
note_on 75
velocity 87
time 145
note_off 83
time 30
note_on 74
velocity 74
time 166
note_off 75
time 9
note_off 74
time 154
note_on 48
velocity 72
time 101
note_on 84
velocity 85
time 3
note_on 75
velocity 71
time 14
note_off 84
time 7
note_off 60
time 2
note_off 48
time 6
note_off 75
time 111
note_on 79
velocity 86
time 94
note_on 72
velocity 76
time 2
note_off 72
time 66
note_on 74
velocity 76
time 10
note_on 84
velocity 86
time 5
note_on 75
velocity 72
time 8
note_off 74
time 30
note_off 79
time 18
note_on 72
velocity 71
time 398
note_on 70
velocity 67
time 223
note_off 72
time 70
note_on 69
velocity 60
time 157
note_off 70
time 56
note_off 69
time 151
note_off 84
time 81
note_on 69
velocity 38
time 154
note_on 84
velocity 78
time 0
note_on 82
velocity 77
time 217
note_on 67
velocity 54
time 27
note_off 69
time 7
note_off 84
time 17
note_on 81
velocity 70
time 186
note_on 65
velocity 45
time 12
note_off 82
time 51
note_off 67
time 7
note_off 81
time 168
note_off 65
time 102
note_on 81
velocity 73
time 102
note_on 67
velocity 48
time 13
note_on 79
velocity 78
time 207
note_off 67
time 2
note_on 69
velocity 60
time 1
note_off 81
time 47
note_off 69
time 159
note_on 70
velocity 66
time 33
note_on 77
velocity 77
time 0
note_off 75
time 2
note_off 79
time 33
note_off 70
time 12
note_on 70
velocity 61
time 7
note_on 58
velocity 57
time 1
note_on 79
velocity 73
time 0
note_off 77
time 16
note_off 70
time 10
note_on 81
velocity 80
time 70
note_on 72
velocity 71
time 11
note_off 58
time 17
note_off 79
time 28
note_off 81
time 8
note_on 82
velocity 77
time 5
note_on 73
velocity 59
time 6
note_off 72
time 16
note_on 70
velocity 55
time 282
note_on 68
velocity 53
time 214
note_off 70
time 17
note_on 67
velocity 43
time 222
note_off 68
time 47
note_off 67
time 154
note_off 82
time 92
note_on 82
velocity 63
time 164
note_on 67
velocity 38
time 10
note_on 80
velocity 63
time 201
note_on 65
velocity 39
time 12
note_off 82
time 10
note_off 67
time 15
note_off 65
time 150
note_off 80
time 58
note_on 63
velocity 40
time 2
note_on 79
velocity 55
time 11
note_off 79
time 197
note_off 63
time 70
note_on 65
velocity 37
time 173
note_on 79
velocity 60
time 2
note_on 77
velocity 59
time 218
note_off 65
time 6
note_on 67
velocity 37
time 17
note_off 79
time 22
note_off 67
time 138
note_off 73
time 46
note_on 75
velocity 57
time 6
note_on 68
velocity 46
time 17
note_off 77
time 21
note_off 68
time 8
note_on 68
velocity 55
time 16
note_on 56
velocity 51
time 4
note_on 77
velocity 55
time 0
note_off 68
time 17
note_off 75
time 11
note_off 56
time 12
note_on 79
velocity 70
time 11
note_on 70
velocity 55
time 11
note_off 77
time 2
note_off 79
time 9
note_off 70
time 21
note_on 72
velocity 55
time 13
note_on 80
velocity 63
time 6
note_on 68
velocity 48
time 265
note_on 67
velocity 38
time 212
note_off 68
time 85
note_off 80
time 136
note_on 65
velocity 38
time 30
note_off 67
time 17
note_off 65
time 2
note_on 65
velocity 34
time 69
note_on 80
velocity 55
time 4
note_off 80
time 8
note_on 79
velocity 56
time 72
note_on 63
velocity 37
time 36
note_off 65
time 14
note_on 77
velocity 52
time 11
note_on 61
velocity 40
time 6
note_off 79
time 1
note_off 63
time 17
note_off 61
time 181
note_off 77
time 59
note_on 61
velocity 41
time 151
note_on 77
velocity 61
time 7
note_on 75
velocity 64
time 207
note_on 60
velocity 41
time 4
note_off 77
time 28
note_off 61
time 59
note_on 58
velocity 38
time 210
note_off 60
time 17
note_off 72
time 28
note_on 73
velocity 61
time 5
note_off 75
time 38
note_off 58
time 216
note_on 60
velocity 43
time 180
note_on 70
velocity 53
time 31
note_on 68
velocity 58
time 195
note_off 70
time 5
note_on 61
velocity 54
time 1
note_off 60
time 22
note_off 61
time 169
note_on 63
velocity 47
time 54
note_off 68
time 5
note_on 67
velocity 50
time 1
note_off 63
time 276
note_on 51
velocity 41
time 154
note_off 73
time 16
note_on 75
velocity 62
time 2
note_on 73
velocity 54
time 201
note_off 75
time 67
note_off 51
time 26
note_on 72
velocity 58
time 157
note_on 56
velocity 41
time 10
note_off 73
time 31
note_off 56
time 154
note_off 72
time 111
note_on 58
velocity 41
time 137
note_on 72
velocity 69
time 10
note_off 58
time 202
note_on 70
velocity 74
time 12
note_on 60
velocity 45
time 16
note_off 72
time 33
note_on 61
velocity 45
time 325
note_on 68
velocity 68
time 0
note_off 67
time 50
note_off 70
time 32
note_off 60
time 76
note_on 65
velocity 55
time 345
note_on 64
velocity 61
time 3
note_off 65
time 4
note_off 64
time 61
note_off 61
time 7
note_off 68
time 4
note_on 65
velocity 62
time 7
note_on 70
velocity 57
time 210
note_on 61
velocity 43
time 7
note_on 60
velocity 41
time 206
note_on 72
velocity 57
time 19
note_off 61
time 30
note_off 70
time 5
note_on 58
velocity 36
time 195
note_on 73
velocity 63
time 22
note_off 60
time 3
note_off 72
time 16
note_off 58
time 136
note_off 65
time 7
note_on 58
velocity 39
time 284
note_on 67
velocity 39
time 6
note_off 67
time 185
note_on 56
velocity 49
time 34
note_on 68
velocity 48
time 0
note_off 58
time 66
note_off 73
time 54
note_off 68
time 63
note_on 55
velocity 40
time 36
note_on 70
velocity 57
time 21
note_off 56
time 8
note_off 55
time 176
note_on 72
velocity 72
time 15
note_on 55
velocity 51
time 219
note_on 73
velocity 74
time 10
note_off 72
time 31
note_off 70
time 4
note_on 53
velocity 73
time 171
note_on 70
velocity 74
time 1
note_off 73
time 4
note_off 55
time 38
note_off 70
time 180
note_on 52
velocity 67
time 8
note_on 79
velocity 80
time 4
note_off 53
time 134
note_off 52
time 47
note_on 68
velocity 68
time 34
note_on 48
velocity 70
time 220
note_on 70
velocity 71
time 9
note_off 68
time 9
note_off 48
time 165
note_on 67
velocity 68
time 29
note_off 70
time 22
note_off 67
time 64
note_on 68
velocity 72
time 136
note_on 53
velocity 59
time 6
note_off 53
time 145
note_off 79
time 57
note_on 72
velocity 68
time 13
note_off 72
time 213
note_on 65
velocity 50
time 8
note_on 73
velocity 55
time 7
note_on 72
velocity 53
time 196
note_off 68
time 15
note_off 65
time 14
note_on 63
velocity 44
time 6
note_off 73
time 0
note_off 63
time 40
note_on 63
velocity 41
time 6
note_on 77
velocity 55
time 8
note_off 63
time 11
note_on 61
velocity 52
time 8
note_off 72
time 2
note_off 61
time 21
note_on 67
velocity 52
time 7
note_on 63
velocity 58
time 8
note_off 63
time 18
note_on 61
velocity 43
time 3
note_off 61
time 1
note_on 63
velocity 56
time 16
note_off 67
time 2
note_on 68
velocity 59
time 1
note_on 61
velocity 48
time 19
note_off 63
time 14
note_off 61
time 9
note_off 68
time 12
note_on 60
velocity 42
time 10
note_on 65
velocity 51
time 0
note_off 60
time 6
note_on 61
velocity 50
time 7
note_off 61
time 12
note_on 60
velocity 30
time 11
note_on 72
velocity 51
time 16
note_off 65
time 5
note_off 77
time 15
note_off 60
time 30
note_off 72
time 51
note_on 48
velocity 49
time 123
note_on 76
velocity 62
time 6
note_on 67
velocity 45
time 0
note_off 48
time 14
note_on 50
velocity 67
time 1
note_on 77
velocity 72
time 0
note_off 76
time 7
note_off 67
time 55
note_on 79
velocity 71
time 66
note_on 48
velocity 70
time 16
note_on 52
velocity 73
time 2
note_on 72
velocity 57
time 5
note_off 77
time 0
note_off 50
time 79
note_off 72
time 364
note_off 52
time 6
note_on 50
velocity 56
time 26
note_on 70
velocity 59
time 5
note_off 50
time 182
note_on 52
velocity 59
time 30
note_off 79
time 114
note_on 49
velocity 69
time 91
note_off 52
time 5
note_on 68
velocity 68
time 2
note_on 53
velocity 66
time 6
note_off 48
time 130
note_off 70
time 43
note_on 52
velocity 74
time 57
note_off 53
time 21
note_off 68
time 58
note_off 52
time 100
note_on 53
velocity 56
time 37
note_on 77
velocity 75
time 2
note_on 70
velocity 68
time 6
note_off 77
time 9
note_off 53
time 1
note_on 55
velocity 70
time 4
note_off 49
time 7
note_off 55
time 78
note_on 56
velocity 86
time 0
note_on 48
velocity 75
time 3
note_on 72
velocity 66
time 7
note_off 70
time 0
note_off 72
time 9
note_on 60
velocity 58
time 11
note_off 60
time 8
note_on 75
velocity 66
time 16
note_on 62
velocity 67
time 0
note_off 62
time 16
note_off 75
time 59
note_off 56
time 35
note_off 48
time 13
note_on 63
velocity 66
time 3
note_off 63
time 78
note_on 47
velocity 77
time 7
note_on 74
velocity 71
time 2
note_on 65
velocity 55
time 9
note_on 53
velocity 69
time 186
note_off 74
time 39
note_off 53
time 138
note_on 75
velocity 73
time 43
note_on 55
velocity 61
time 8
note_off 65
time 95
note_on 56
velocity 62
time 92
note_off 55
time 7
note_on 77
velocity 74
time 25
note_off 75
time 4
note_on 58
velocity 80
time 230
note_on 79
velocity 81
time 5
note_on 52
velocity 72
time 4
note_off 77
time 12
note_off 56
time 15
note_off 47
time 29
note_on 77
velocity 69
time 9
note_off 79
time 29
note_off 77
time 30
note_off 52
time 156
note_on 76
velocity 66
time 3
note_on 67
velocity 38
time 10
note_on 74
velocity 64
time 58
note_off 76
time 36
note_off 58
time 52
note_on 53
velocity 73
time 4
note_off 74
time 0
note_on 72
velocity 56
time 5
note_on 68
velocity 57
time 3
note_off 67
time 11
note_on 56
velocity 65
time 134
note_on 58
velocity 63
time 17
note_off 56
time 12
note_off 72
time 18
note_off 68
time 47
note_off 53
time 33
note_off 58
time 51
note_on 60
velocity 72
time 4
note_off 60
time 42
note_on 46
velocity 76
time 176
note_on 61
velocity 69
time 9
note_on 70
velocity 77
time 117
note_on 68
velocity 77
time 2
note_off 61
time 144
note_off 70
time 6
note_off 46
time 5
note_on 67
velocity 70
time 30
note_off 68
time 40
note_on 72
velocity 68
time 191
note_on 45
velocity 74
time 1
note_on 65
velocity 57
time 0
note_on 60
velocity 64
time 1
note_off 65
time 10
note_off 60
time 6
note_off 67
time 30
note_on 62
velocity 67
time 17
note_on 64
velocity 69
time 33
note_off 62
time 4
note_on 44
velocity 83
time 34
note_on 65
velocity 61
time 9
note_off 45
time 15
note_off 64
time 0
note_off 65
time 37
note_off 72
time 7
note_on 65
velocity 76
time 25
note_on 72
velocity 79
time 19
note_on 67
velocity 72
time 4
note_off 65
time 8
note_off 72
time 7
note_on 68
velocity 79
time 11
note_off 67
time 8
note_on 43
velocity 74
time 7
note_off 44
time 18
note_off 68
time 3
note_on 73
velocity 77
time 2
note_on 70
velocity 68
time 4
note_off 73
time 18
note_off 70
time 102
note_on 72
velocity 74
time 80
note_on 64
velocity 65
time 9
note_off 64
time 142
note_on 70
velocity 74
time 52
note_on 62
velocity 65
time 1
note_off 72
time 50
note_off 62
time 29
note_on 72
velocity 81
time 9
note_on 64
velocity 71
time 3
note_off 70
time 22
note_on 68
velocity 78
time 422
note_off 72
time 48
note_on 67
velocity 70
time 161
note_off 64
time 28
note_off 68
time 33
note_on 41
velocity 56
time 232
note_off 43
time 9
note_on 68
velocity 71
time 5
note_on 65
velocity 46
time 10
note_off 67
time 3
note_off 41
time 1
note_on 53
velocity 55
time 0
note_off 65
time 8
note_off 68
time 16
note_on 55
velocity 49
time 34
note_off 53
time 1
note_off 55
time 14
note_on 56
velocity 50
time 28
note_off 56
time 3
note_on 56
velocity 44
time 254
note_on 60
velocity 34
time 11
note_on 58
velocity 43
time 7
note_off 60
time 1
note_on 61
velocity 47
time 13
note_off 56
time 11
note_off 61
time 153
note_off 58
time 11
note_on 60
velocity 34
time 19
note_on 63
velocity 51
time 14
note_off 63
time 8
note_on 78
velocity 55
time 3
note_on 63
velocity 46
time 2
note_off 78
time 3
note_on 77
velocity 62
time 16
note_on 65
velocity 41
time 4
note_off 63
time 2
note_off 65
time 18
note_off 77
time 16
note_on 75
velocity 59
time 6
note_on 66
velocity 50
time 5
note_off 75
time 18
note_on 58
velocity 41
time 12
note_off 60
time 1
note_on 73
velocity 55
time 5
note_off 58
time 161
note_off 73
time 62
note_on 56
velocity 44
time 12
note_on 72
velocity 60
time 9
note_off 72
time 181
note_on 70
velocity 60
time 29
note_on 54
velocity 39
time 9
note_off 56
time 28
note_off 54
time 173
note_on 53
velocity 46
time 13
note_off 66
time 13
note_on 68
velocity 57
time 9
note_off 70
time 17
note_off 53
time 4
note_off 68
time 9
note_on 70
velocity 59
time 173
note_on 49
velocity 46
time 15
note_on 65
velocity 43
time 5
note_off 49
time 33
note_on 51
velocity 44
time 18
note_on 72
velocity 65
time 6
note_off 65
time 3
note_on 63
velocity 43
time 12
note_off 70
time 22
note_off 63
time 9
note_off 72
time 10
note_on 53
velocity 42
time 134
note_on 73
velocity 63
time 32
note_off 51
time 25
note_on 61
velocity 42
time 5
note_off 53
time 101
note_on 53
velocity 37
time 71
note_on 56
velocity 46
time 6
note_off 61
time 157
note_off 56
time 11
note_on 58
velocity 46
time 28
note_on 55
velocity 37
time 8
note_off 53
time 14
note_off 73
time 70
note_off 58
time 111
note_on 56
velocity 48
time 41
note_on 60
velocity 48
time 2
note_off 55
time 33
note_off 60
time 155
note_on 75
velocity 68
time 55
note_on 60
velocity 44
time 13
note_on 73
velocity 70
time 0
note_on 61
velocity 53
time 5
note_off 75
time 14
note_off 61
time 28
note_off 60
time 10
note_off 73
time 14
note_on 72
velocity 79
time 1
note_on 63
velocity 51
time 17
note_on 54
velocity 56
time 0
note_on 70
velocity 80
time 3
note_off 56
time 3
note_off 72
time 16
note_off 54
time 16
note_on 68
velocity 77
time 16
note_on 53
velocity 59
time 2
note_off 70
time 16
note_on 66
velocity 73
time 27
note_on 51
velocity 64
time 3
note_off 53
time 30
note_off 68
time 72
note_off 63
time 18
note_off 66
time 31
note_on 49
velocity 61
time 84
note_on 65
velocity 68
time 7
note_off 51
time 69
note_off 49
time 128
note_off 65
time 82
note_on 46
velocity 53
time 151
note_on 67
velocity 72
time 3
note_on 61
velocity 59
time 33
note_off 61
time 46
note_off 46
time 6
note_on 48
velocity 60
time 7
note_on 60
velocity 70
time 6
note_on 69
velocity 81
time 2
note_off 67
time 1
note_off 60
time 28
note_off 69
time 3
note_on 49
velocity 61
time 3
note_on 70
velocity 81
time 20
note_off 48
time 8
note_on 58
velocity 65
time 7
note_off 49
time 125
note_on 49
velocity 56
time 25
note_on 53
velocity 58
time 1
note_off 58
time 57
note_on 51
velocity 54
time 41
note_on 55
velocity 61
time 15
note_off 49
time 21
note_off 53
time 3
note_off 70
time 0
note_off 55
time 9
note_on 56
velocity 66
time 2
note_on 53
velocity 56
time 2
note_off 51
time 7
note_off 56
time 204
note_on 56
velocity 54
time 243
note_on 72
velocity 79
time 0
note_on 70
velocity 80
time 12
note_on 58
velocity 61
time 0
note_off 72
time 18
note_off 56
time 15
note_off 58
time 50
note_on 60
velocity 69
time 109
note_on 68
velocity 82
time 6
note_off 70
time 53
note_off 68
time 34
note_off 53
time 11
note_on 51
velocity 58
time 3
note_on 67
velocity 78
time 6
note_off 51
time 9
note_on 49
velocity 61
time 8
note_on 65
velocity 74
time 5
note_off 67
time 13
note_on 48
velocity 65
time 7
note_on 63
velocity 80
time 7
note_off 49
time 18
note_off 65
time 8
note_on 46
velocity 52
time 8
note_off 48
time 7
note_on 61
velocity 80
time 12
note_off 60
time 4
note_off 63
time 12
note_on 48
velocity 58
time 158
note_off 46
time 117
note_off 48
time 12
note_on 49
velocity 54
time 5
note_on 58
velocity 64
time 3
note_off 61
time 179
note_on 48
velocity 55
time 19
note_on 60
velocity 72
time 16
note_off 58
time 1
note_off 49
time 13
note_on 46
velocity 66
time 197
note_on 61
velocity 78
time 16
note_off 48
time 25
note_off 60
time 1
note_on 44
velocity 61
time 10
note_on 65
velocity 78
time 12
note_off 46
time 5
note_off 44
time 11
note_on 43
velocity 69
time 7
note_on 70
velocity 83
time 8
note_off 65
time 11
note_off 70
time 7
note_on 41
velocity 79
time 8
note_on 68
velocity 82
time 6
note_off 43
time 2
note_off 68
time 7
note_on 39
velocity 75
time 6
note_off 41
time 6
note_on 67
velocity 78
time 28
note_off 39
time 17
note_on 46
velocity 69
time 16
note_on 63
velocity 75
time 0
note_off 61
time 8
note_off 67
time 3
note_off 46
time 13
note_on 61
velocity 80
time 50
note_off 63
time 54
note_off 61
time 92
note_on 48
velocity 58
time 85
note_on 63
velocity 84
time 3
note_on 60
velocity 70
time 3
note_on 68
velocity 44
time 0
note_off 48
time 13
note_off 68
time 4
note_on 44
velocity 58
time 14
note_on 61
velocity 61
time 17
note_off 60
time 6
note_off 44
time 10
note_off 63
time 26
note_off 61
time 44
note_on 60
velocity 58
time 12
note_off 60
time 85
note_on 58
velocity 59
time 114
note_on 49
velocity 64
time 3
note_on 65
velocity 82
time 19
note_off 49
time 10
note_on 67
velocity 69
time 22
note_off 67
time 79
note_on 46
velocity 61
time 14
note_on 68
velocity 70
time 11
note_off 46
time 0
note_off 65
time 35
note_off 68
time 39
note_on 70
velocity 73
time 6
note_on 51
velocity 56
time 9
note_on 63
velocity 82
time 4
note_off 70
time 19
note_on 72
velocity 66
time 5
note_off 58
time 71
note_off 51
time 5
note_on 56
velocity 63
time 15
note_on 48
velocity 53
time 6
note_off 63
time 7
note_off 56
time 83
note_on 55
velocity 61
time 5
note_off 55
time 18
note_off 48
time 10
note_on 53
velocity 51
time 14
note_on 56
velocity 57
time 12
note_on 62
velocity 81
time 37
note_off 56
time 17
note_off 72
time 4
note_on 68
velocity 62
time 26
note_off 53
time 147
note_on 46
velocity 54
time 0
note_on 70
velocity 71
time 6
note_on 55
velocity 45
time 5
note_off 68
time 16
note_off 46
time 44
note_on 72
velocity 73
time 15
note_on 56
velocity 63
time 2
note_off 55
time 4
note_off 70
time 10
note_off 56
time 203
note_on 67
velocity 81
time 10
note_on 58
velocity 58
time 3
note_off 62
time 14
note_off 72
time 22
note_on 73
velocity 21
time 0
note_off 58
time 16
note_on 56
velocity 66
time 18
note_off 56
time 35
note_on 51
velocity 45
time 4
note_on 55
velocity 49
time 4
note_off 67
time 10
note_on 49
velocity 54
time 176
note_off 51
time 3
note_off 55
time 0
note_on 53
velocity 57
time 14
note_on 51
velocity 44
time 194
note_on 48
velocity 46
time 6
note_on 68
velocity 88
time 6
note_off 73
time 3
note_off 49
time 8
note_off 53
time 8
note_off 48
time 10
note_off 51
time 18
note_on 72
velocity 77
time 43
note_on 56
velocity 59
time 15
note_on 73
velocity 65
time 14
note_on 53
velocity 55
time 2
note_off 53
time 13
note_off 56
time 14
note_on 75
velocity 72
time 77
note_off 73
time 6
note_off 68
time 27
note_off 72
time 32
note_on 61
velocity 80
time 6
note_on 77
velocity 69
time 11
note_off 75
time 2
note_on 51
velocity 54
time 106
note_on 55
velocity 54
time 9
note_off 51
time 0
note_on 53
velocity 53
time 15
note_off 61
time 25
note_off 55
time 37
note_on 58
velocity 76
time 110
note_on 55
velocity 59
time 61
note_off 58
time 28
note_off 53
time 66
note_on 60
velocity 75
time 79
note_on 56
velocity 73
time 7
note_off 55
time 41
note_off 77
time 10
note_off 56
time 5
note_on 75
velocity 79
time 23
note_on 55
velocity 62
time 2
note_off 55
time 188
note_on 77
velocity 84
time 33
note_on 53
velocity 57
time 7
note_off 75
time 37
note_off 53
time 18
note_on 51
velocity 63
time 3
note_on 79
velocity 82
time 0
note_off 60
time 22
note_off 77
time 30
note_on 50
velocity 61
time 15
note_off 51
time 1
note_on 59
velocity 56
time 0
note_on 80
velocity 87
time 30
note_off 79
time 40
note_off 50
time 160
note_on 53
velocity 59
time 10
note_on 55
velocity 56
time 223
note_off 53
time 14
note_off 59
time 7
note_off 55
time 5
note_on 56
velocity 61
time 28
note_off 56
time 68
note_on 51
velocity 57
time 3
note_on 58
velocity 62
time 2
note_off 80
time 298
note_off 51
time 42
note_on 50
velocity 48
time 91
note_on 79
velocity 75
time 17
note_on 77
velocity 78
time 219
note_off 79
time 68
note_on 52
velocity 51
time 158
note_off 50
time 12
note_on 79
velocity 84
time 13
note_off 77
time 53
note_off 58
time 108
note_off 52
time 13
note_on 55
velocity 56
time 31
note_on 53
velocity 47
time 235
note_on 48
velocity 49
time 23
note_off 55
time 119
note_off 48
time 15
note_off 53
time 21
note_on 52
velocity 42
time 41
note_off 52
time 196
note_on 53
velocity 45
time 33
note_on 56
velocity 51
time 1
note_off 53
time 1
note_on 72
velocity 64
time 71
note_on 53
velocity 47
time 133
note_on 74
velocity 64
time 10
note_off 79
time 45
note_off 56
time 126
note_off 72
time 30
note_on 51
velocity 50
time 2
note_on 75
velocity 73
time 3
note_off 53
time 16
note_off 74
time 62
note_on 50
velocity 46
time 136
note_on 77
velocity 69
time 9
note_off 75
time 28
note_off 51
time 6
note_off 50
time 159
note_on 71
velocity 52
time 29
note_on 72
velocity 56
time 41
note_on 50
velocity 38
time 10
note_off 71
time 0
note_on 48
velocity 42
time 215
note_off 72
time 1
note_on 74
velocity 52
time 2
note_off 50
time 63
note_off 77
time 70
note_off 48
time 56
note_on 47
velocity 38
time 31
note_on 67
velocity 46
time 10
note_off 74
time 2
note_off 47
time 173
note_on 43
velocity 43
time 32
note_on 75
velocity 68
time 25
note_on 45
velocity 46
time 1
note_off 43
time 30
note_on 47
velocity 48
time 169
note_on 74
velocity 70
time 7
note_off 75
time 33
note_off 45
time 103
note_off 47
time 17
note_on 48
velocity 43
time 22
note_on 75
velocity 77
time 7
note_off 74
time 8
note_off 67
time 19
note_off 48
time 17
note_on 44
velocity 47
time 7
note_on 46
velocity 44
time 36
note_on 66
velocity 52
time 30
note_off 44
time 39
note_on 48
velocity 49
time 54
note_off 66
time 21
note_off 46
time 18
note_off 48
time 16
note_on 49
velocity 46
time 3
note_on 65
velocity 45
time 14
note_off 49
time 189
note_on 68
velocity 60
time 40
note_off 75
time 38
note_on 49
velocity 40
time 116
note_on 70
velocity 61
time 16
note_off 68
time 54
note_on 72
velocity 69
time 3
note_off 70
time 2
note_on 48
velocity 42
time 7
note_off 49
time 32
note_on 46
velocity 39
time 54
note_on 73
velocity 68
time 11
note_off 48
time 25
note_off 72
time 4
note_off 46
time 167
note_off 65
time 19
note_on 67
velocity 42
time 12
note_on 46
velocity 29
time 12
note_on 68
velocity 56
time 11
note_on 44
velocity 43
time 27
note_on 70
velocity 55
time 8
note_off 68
time 10
note_off 67
time 14
note_off 46
time 95
note_off 73
time 61
note_on 43
velocity 41
time 5
note_on 63
velocity 51
time 17
note_off 44
time 22
note_off 70
time 103
note_on 39
velocity 49
time 62
note_off 43
time 148
note_on 41
velocity 46
time 71
note_off 39
time 36
note_on 72
velocity 67
time 5
note_off 41
time 170
note_on 70
velocity 66
time 29
note_on 43
velocity 41
time 3
note_off 72
time 36
note_off 43
time 38
note_on 44
velocity 32
time 8
note_on 72
velocity 66
time 5
note_off 63
time 9
note_off 70
time 25
note_on 41
velocity 42
time 0
note_on 66
velocity 49
time 1
note_off 44
time 2
note_off 66
time 184
note_on 65
velocity 48
time 35
note_on 43
velocity 33
time 9
note_off 41
time 33
note_off 65
time 138
note_off 43
time 14
note_on 45
velocity 36
time 17
note_on 63
velocity 49
time 10
note_off 45
time 196
note_on 46
velocity 44
time 4
note_off 63
time 21
note_on 61
velocity 49
time 4
note_off 46
time 7
note_on 45
velocity 39
time 18
note_on 46
velocity 35
time 86
note_off 72
time 18
note_on 65
velocity 55
time 4
note_off 45
time 9
note_off 46
time 1
note_on 48
velocity 51
time 2
note_off 65
time 121
note_on 49
velocity 51
time 59
note_on 70
velocity 66
time 9
note_off 48
time 2
note_off 49
time 192
note_off 70
time 4
note_on 46
velocity 54
time 3
note_on 48
velocity 48
time 29
note_on 68
velocity 60
time 8
note_off 46
time 7
note_off 48
time 36
note_on 49
velocity 58
time 4
note_off 68
time 18
note_off 61
time 37
note_on 51
velocity 43
time 44
note_on 67
velocity 54
time 3
note_off 49
time 14
note_off 51
time 6
note_on 58
velocity 46
time 12
note_off 58
time 167
note_on 60
velocity 48
time 31
note_on 51
velocity 45
time 5
note_off 67
time 176
note_off 51
time 14
note_off 60
time 4
note_on 61
velocity 60
time 6
note_on 49
velocity 49
time 5
note_off 61
time 115
note_on 48
velocity 50
time 88
note_off 49
time 16
note_on 63
velocity 59
time 12
note_off 48
time 192
note_on 67
velocity 66
time 0
note_on 48
velocity 49
time 66
note_on 68
velocity 72
time 6
note_off 67
time 160
note_on 46
velocity 60
time 43
note_on 70
velocity 71
time 1
note_off 68
time 16
note_off 48
time 38
note_off 63
time 27
note_on 44
velocity 59
time 155
note_on 72
velocity 76
time 7
note_off 70
time 16
note_off 46
time 1
note_off 44
time 16
note_on 63
velocity 70
time 36
note_on 65
velocity 72
time 158
note_on 56
velocity 74
time 1
note_off 63
time 4
note_on 55
velocity 68
time 205
note_on 67
velocity 73
time 3
note_off 56
time 14
note_off 65
time 16
note_off 72
time 5
note_off 67
time 14
note_on 53
velocity 75
time 7
note_on 68
velocity 80
time 7
note_off 55
time 30
note_off 53
time 117
note_on 72
velocity 83
time 34
note_on 53
velocity 77
time 8
note_on 74
velocity 76
time 3
note_off 72
time 5
note_on 51
velocity 76
time 8
note_on 75
velocity 79
time 4
note_off 53
time 38
note_off 74
time 21
note_on 50
velocity 75
time 13
note_on 77
velocity 77
time 1
note_off 68
time 5
note_off 75
time 3
note_off 51
time 0
note_on 72
velocity 80
time 162
note_off 50
time 14
note_on 70
velocity 83
time 7
note_on 68
velocity 78
time 214
note_off 70
time 54
note_off 68
time 108
note_off 77
time 94
note_off 72
time 20
note_on 58
velocity 83
time 11
note_on 67
velocity 71
time 6
note_on 51
velocity 63
time 1
note_off 51
time 23
note_on 70
velocity 73
time 47
note_off 70
time 5
note_on 55
velocity 69
time 11
note_on 75
velocity 68
time 1
note_off 67
time 12
note_off 58
time 1
note_off 75
time 20
note_on 67
velocity 68
time 34
note_off 67
time 184
note_off 55
time 17
note_on 60
velocity 82
time 17
note_on 65
velocity 63
time 7
note_on 56
velocity 73
time 5
note_on 75
velocity 70
time 11
note_off 56
time 30
note_on 53
velocity 66
time 15
note_on 74
velocity 63
time 10
note_off 60
time 3
note_off 75
time 4
note_on 72
velocity 70
time 15
note_off 74
time 13
note_on 58
velocity 87
time 207
note_on 74
velocity 62
time 6
note_off 53
time 1
note_off 65
time 18
note_off 72
time 12
note_on 75
velocity 69
time 12
note_off 74
time 36
note_on 46
velocity 65
time 11
note_on 72
velocity 61
time 4
note_off 75
time 17
note_off 46
time 3
note_off 58
time 13
note_on 74
velocity 65
time 55
note_off 72
time 63
note_on 60
velocity 79
time 2
note_on 57
velocity 67
time 3
note_on 75
velocity 66
time 0
note_on 48
velocity 63
time 4
note_off 74
time 14
note_off 48
time 6
note_on 72
velocity 72
time 0
note_off 60
time 17
note_off 57
time 17
note_off 75
time 5
note_on 60
velocity 71
time 0
note_on 74
velocity 60
time 1
note_off 72
time 2
note_on 58
velocity 65
time 13
note_on 75
velocity 71
time 5
note_off 60
time 9
note_off 74
time 58
note_on 62
velocity 76
time 160
note_on 77
velocity 69
time 7
note_on 56
velocity 67
time 4
note_off 75
time 1
note_off 58
time 51
note_off 56
time 15
note_on 75
velocity 70
time 5
note_off 77
time 1
note_off 75
time 16
note_on 74
velocity 68
time 14
note_on 58
velocity 64
time 3
note_off 62
time 1
note_on 56
velocity 66
time 5
note_on 72
velocity 73
time 2
note_off 74
time 10
note_off 58
time 4
note_off 72
time 11
note_off 56
time 5
note_on 55
velocity 59
time 11
note_on 63
velocity 68
time 16
note_on 70
velocity 71
time 0
note_off 63
time 10
note_on 60
velocity 61
time 144
note_off 60
time 16
note_on 46
velocity 52
time 8
note_on 62
velocity 56
time 2
note_on 48
velocity 57
time 28
note_off 55
time 11
note_off 62
time 16
note_on 63
velocity 57
time 21
note_off 46
time 44
note_on 56
velocity 76
time 190
note_on 50
velocity 62
time 1
note_on 65
velocity 62
time 22
note_off 48
time 15
note_off 63
time 5
note_off 70
time 30
note_on 63
velocity 60
time 142
note_off 65
time 182
note_on 48
velocity 57
time 32
note_off 50
time 1
note_on 62
velocity 65
time 29
note_off 63
time 7
note_on 50
velocity 54
time 195
note_off 48
time 2
note_off 62
time 5
note_on 60
velocity 63
time 7
note_off 56
time 3
note_off 60
time 147
note_on 51
velocity 63
time 59
note_on 55
velocity 65
time 4
note_on 58
velocity 64
time 16
note_off 50
time 98
note_off 51
time 48
note_on 68
velocity 75
time 58
note_off 68
time 141
note_on 51
velocity 58
time 87
note_on 67
velocity 71
time 15
note_off 58
time 8
note_on 50
velocity 59
time 211
note_on 65
velocity 73
time 8
note_off 67
time 26
note_off 55
time 15
note_off 51
time 32
note_on 54
velocity 55
time 267
note_on 48
velocity 49
time 10
note_off 50
time 5
note_on 63
velocity 67
time 47
note_off 65
time 5
note_off 48
time 243
note_on 48
velocity 38
time 212
note_on 57
velocity 50
time 33
note_off 48
time 154
note_on 46
velocity 38
time 48
note_on 58
velocity 55
time 28
note_off 57
time 11
note_off 54
time 95
note_off 46
time 163
note_off 58
time 4
note_off 63
time 11
note_on 53
velocity 58
time 6
note_on 45
velocity 51
time 1
note_on 60
velocity 59
time 12
note_on 63
velocity 60
time 227
note_off 45
time 145
note_off 63
time 14
note_on 65
velocity 57
time 4
note_off 60
time 0
note_on 63
velocity 59
time 30
note_off 65
time 7
note_on 46
velocity 46
time 76
note_off 63
time 1
note_on 58
velocity 44
time 11
note_on 62
velocity 54
time 7
note_on 72
velocity 67
time 10
note_on 70
velocity 69
time 84
note_off 72
time 52
note_on 68
velocity 68
time 173
note_off 70
time 55
note_on 51
velocity 40
time 206
note_on 67
velocity 50
time 17
note_off 62
time 4
note_off 68
time 8
note_off 46
time 15
note_off 53
time 34
note_off 67
time 140
note_on 70
velocity 70
time 271
note_on 63
velocity 53
time 21
note_off 63
time 129
note_off 70
time 43
note_on 65
velocity 66
time 22
note_off 65
time 107
note_off 58
time 133
note_on 75
velocity 81
time 9
note_on 67
velocity 61
time 22
note_off 51
time 43
note_off 67
time 146
note_on 51
velocity 46
time 260
note_on 67
velocity 49
time 8
note_off 51
time 198
note_on 53
velocity 48
time 4
note_off 67
time 2
note_on 68
velocity 67
time 3
note_off 75
time 12
note_off 68
time 108
note_off 53
time 114
note_on 70
velocity 65
time 4
note_on 55
velocity 46
time 1
note_off 55
time 176
note_on 79
velocity 85
time 43
note_on 77
velocity 79
time 217
note_on 55
velocity 50
time 4
note_on 58
velocity 54
time 6
note_off 79
time 21
note_on 56
velocity 51
time 13
note_on 75
velocity 80
time 1
note_on 60
velocity 60
time 17
note_off 77
time 0
note_off 58
time 13
note_off 70
time 17
note_off 55
time 17
note_off 75
time 0
note_off 60
time 2
note_on 62
velocity 50
time 0
note_on 58
velocity 54
time 15
note_on 74
velocity 79
time 19
note_off 56
time 47
note_on 60
velocity 58
time 6
note_off 62
time 6
note_off 58
time 15
note_on 68
velocity 77
time 1
note_off 60
time 16
note_on 58
velocity 61
time 0
note_on 67
velocity 76
time 0
note_off 68
time 0
note_on 46
velocity 49
time 0
note_off 58
time 29
note_on 65
velocity 75
time 11
note_on 56
velocity 68
time 1
note_off 67
time 10
note_off 65
time 18
note_off 56
time 2
note_off 46
time 14
note_on 55
velocity 58
time 0
note_on 48
velocity 54
time 9
note_on 63
velocity 66
time 1
note_off 74
time 94
note_off 63
time 2
note_on 62
velocity 62
time 94
note_off 62
time 236
note_on 67
velocity 49
time 13
note_on 60
velocity 52
time 1
note_off 60
time 85
note_off 67
time 18
note_on 62
velocity 47
time 90
note_on 72
velocity 58
time 254
note_on 63
velocity 43
time 22
note_off 62
time 6
note_off 55
time 17
note_off 48
time 5
note_off 63
time 167
note_on 48
velocity 34
time 241
note_on 63
velocity 41
time 17
note_off 72
time 140
note_off 63
time 41
note_on 50
velocity 46
time 21
note_on 65
velocity 46
time 1
note_off 48
time 26
note_off 65
time 129
note_off 50
time 19
note_on 51
velocity 44
time 39
note_on 67
velocity 50
time 11
note_off 51
time 129
note_on 75
velocity 59
time 77
note_off 75
time 227
note_on 51
velocity 38
time 9
note_on 55
velocity 44
time 6
note_on 74
velocity 56
time 4
note_off 74
time 3
note_off 51
time 2
note_on 72
velocity 65
time 0
note_on 53
velocity 50
time 9
note_on 56
velocity 56
time 29
note_off 55
time 2
note_off 72
time 4
note_off 56
time 167
note_on 58
velocity 50
time 0
note_on 70
velocity 60
time 14
note_off 67
time 5
note_on 55
velocity 37
time 1
note_off 53
time 14
note_off 58
time 18
note_off 55
time 17
note_on 65
velocity 59
time 12
note_on 56
velocity 51
time 23
note_off 56
time 37
note_on 55
velocity 52
time 7
note_on 63
velocity 63
time 1
note_on 43
velocity 55
time 1
note_off 55
time 15
note_on 61
velocity 64
time 2
note_on 55
velocity 40
time 9
note_on 53
velocity 28
time 15
note_off 43
time 16
note_off 55
time 4
note_off 53
time 4
note_off 61
time 45
note_off 70
time 14
note_off 65
time 14
note_off 63
time 11
note_on 51
velocity 63
time 5
note_on 60
velocity 67
time 0
note_on 44
velocity 59
time 12
note_off 60
time 27
note_on 58
velocity 69
time 6
note_off 58
time 226
note_on 63
velocity 76
time 0
note_on 56
velocity 71
time 13
note_on 58
velocity 75
time 188
note_off 56
time 26
note_off 63
time 11
note_off 58
time 48
note_on 68
velocity 79
time 189
note_on 60
velocity 65
time 19
note_off 51
time 100
note_off 44
time 66
note_off 60
time 77
note_on 44
velocity 54
time 194
note_on 60
velocity 61
time 4
note_on 46
velocity 59
time 206
note_on 62
velocity 69
time 5
note_off 60
time 48
note_off 68
time 8
note_off 62
time 43
note_on 63
velocity 70
time 117
note_on 48
velocity 57
time 6
note_off 44
time 96
note_off 46
time 18
note_off 48
time 65
note_on 72
velocity 81
time 31
note_on 70
velocity 82
time 229
note_on 51
velocity 58
time 2
note_on 48
velocity 56
time 6
note_off 72
time 31
note_on 68
velocity 84
time 10
note_on 53
velocity 70
time 1
note_on 50
velocity 61
time 2
note_off 51
time 7
note_off 48
time 17
note_off 63
time 2
note_off 70
time 7
note_off 68
time 32
note_on 55
velocity 61
time 152
note_on 51
velocity 62
time 10
note_off 53
time 6
note_on 67
velocity 86
time 12
note_off 50
time 0
note_on 53
velocity 73
time 15
note_off 55
time 9
note_on 62
velocity 74
time 11
note_off 51
time 17
note_off 53
time 9
note_off 67
time 115
note_on 51
velocity 73
time 14
note_off 62
time 2
note_on 39
velocity 67
time 15
note_on 60
velocity 72
time 3
note_off 51
time 48
note_on 50
velocity 77
time 52
note_off 39
time 11
note_on 58
velocity 78
time 4
note_off 60
time 2
note_off 58
time 139
note_on 41
velocity 72
time 77
note_on 56
velocity 71
time 3
note_on 48
velocity 76
time 2
note_off 50
time 17
note_off 41
time 1
note_on 65
velocity 75
time 16
note_off 48
time 1
note_on 43
velocity 74
time 9
note_on 50
velocity 77
time 7
note_on 68
velocity 86
time 9
note_on 47
velocity 59
time 5
note_off 68
time 53
note_off 43
time 10
note_on 51
velocity 74
time 17
note_off 47
time 3
note_off 56
time 11
note_off 50
time 5
note_on 67
velocity 81
time 9
note_off 65
time 72
note_off 51
time 123
note_on 44
velocity 75
time 9
note_on 53
velocity 86
time 10
note_on 48
velocity 65
time 4
note_on 65
velocity 74
time 4
note_off 67
time 0
note_off 44
time 6
note_off 53
time 2
note_on 63
velocity 81
time 21
note_off 65
time 140
note_off 63
time 97
note_on 54
velocity 89
time 7
note_on 45
velocity 68
time 4
note_on 62
velocity 74
time 0
note_off 45
time 11
note_on 60
velocity 87
time 11
note_off 48
time 2
note_off 54
time 37
note_off 62
time 3
note_on 55
velocity 69
time 0
note_on 50
velocity 63
time 1
note_on 43
velocity 66
time 4
note_on 59
velocity 82
time 1
note_off 60
time 2
note_off 43
time 12
note_off 50
time 7
note_off 55
time 13
note_off 59
time 22
note_on 55
velocity 71
time 8
note_on 57
velocity 69
time 29
note_off 55
time 59
note_on 59
velocity 53
time 209
note_off 57
time 32
note_on 79
velocity 87
time 8
note_off 59
time 394
note_on 57
velocity 53
time 64
note_on 59
velocity 60
time 204
note_off 57
time 6
note_off 59
time 200
note_on 80
velocity 84
time 21
note_on 60
velocity 48
time 10
note_off 79
time 36
note_off 60
time 181
note_on 59
velocity 50
time 11
note_on 60
velocity 40
time 204
note_on 72
velocity 61
time 12
note_off 59
time 7
note_off 60
time 152
note_on 62
velocity 57
time 40
note_off 80
time 59
note_on 79
velocity 81
time 181
note_on 63
velocity 51
time 13
note_off 72
time 45
note_off 62
time 41
note_on 70
velocity 58
time 380
note_off 79
time 70
note_on 78
velocity 73
time 365
note_on 69
velocity 49
time 2
note_off 63
time 14
note_off 70
time 40
note_on 60
velocity 50
time 163
note_off 69
time 175
note_on 70
velocity 64
time 47
note_on 62
velocity 44
time 28
note_off 78
time 15
note_off 60
time 14
note_off 70
time 9
note_on 63
velocity 55
time 3
note_on 72
velocity 69
time 1
note_off 62
time 6
note_off 72
time 90
note_off 63
time 51
note_on 65
velocity 49
time 10
note_on 83
velocity 80
time 11
note_on 74
velocity 51
time 8
note_off 74
time 172
note_on 72
velocity 63
time 1
note_on 71
velocity 52
time 220
note_off 71
time 84
note_on 69
velocity 57
time 31
note_off 65
time 120
note_off 69
time 69
note_on 67
velocity 49
time 46
note_on 84
velocity 87
time 8
note_off 72
time 47
note_off 83
time 30
note_on 63
velocity 53
time 153
note_off 67
time 66
note_off 84
time 8
note_on 65
velocity 52
time 16
note_off 65
time 18
note_on 67
velocity 59
time 7
note_off 63
time 1
note_on 77
velocity 71
time 8
note_on 68
velocity 57
time 17
note_off 67
time 56
note_on 55
velocity 47
time 151
note_on 56
velocity 51
time 234
note_off 68
time 61
note_off 55
time 3
note_on 58
velocity 50
time 137
note_off 56
time 45
note_off 58
time 182
note_on 60
velocity 45
time 10
note_on 76
velocity 67
time 6
note_off 77
time 37
note_on 67
velocity 48
time 190
note_off 67
time 190
note_on 69
velocity 56
time 23
note_off 69
time 159
note_on 71
velocity 57
time 47
note_off 60
time 117
note_on 75
velocity 58
time 112
note_on 72
velocity 51
time 14
note_off 71
time 28
note_off 76
time 9
note_on 60
velocity 42
time 150
note_off 60
time 188
note_on 62
velocity 48
time 36
note_off 62
time 203
note_on 63
velocity 50
time 9
note_off 75
time 37
note_off 63
time 153
note_on 65
velocity 42
time 25
note_on 74
velocity 66
time 22
note_off 72
time 44
note_off 65
time 170
note_on 62
velocity 37
time 31
note_on 71
velocity 50
time 195
note_on 63
velocity 45
time 19
note_off 62
time 32
note_off 71
time 134
note_off 63
time 22
note_on 69
velocity 51
time 2
note_on 65
velocity 42
time 12
note_off 65
time 177
note_on 71
velocity 58
time 41
note_on 67
velocity 36
time 17
note_off 69
time 22
note_off 67
time 157
note_off 71
time 10
note_on 72
velocity 53
time 13
note_on 68
velocity 48
time 4
note_off 68
time 134
note_off 74
time 0
note_on 67
velocity 36
time 72
note_on 71
velocity 56
time 18
note_off 72
time 9
note_off 67
time 166
note_on 65
velocity 39
time 36
note_on 74
velocity 52
time 2
note_off 71
time 75
note_off 65
time 115
note_on 63
velocity 47
time 22
note_off 74
time 7
note_on 67
velocity 52
time 3
note_off 63
time 162
note_on 65
velocity 48
time 35
note_on 63
velocity 47
time 245
note_on 72
velocity 74
time 0
note_off 65
time 21
note_off 63
time 165
note_on 62
velocity 50
time 11
note_on 74
velocity 71
time 3
note_off 72
time 61
note_on 60
velocity 37
time 191
note_off 62
time 11
note_on 75
velocity 77
time 7
note_off 74
time 43
note_off 67
time 22
note_off 60
time 110
note_on 67
velocity 50
time 272
note_on 60
velocity 44
time 5
note_off 60
time 185
note_on 58
velocity 47
time 25
note_off 58
time 208
note_off 67
time 1
note_on 57
velocity 38
time 36
note_on 60
velocity 37
time 10
note_off 57
time 166
note_on 72
velocity 53
time 283
note_on 57
velocity 42
time 9
note_off 60
time 61
note_off 57
time 100
note_on 70
velocity 55
time 40
note_on 55
velocity 37
time 18
note_off 72
time 9
note_off 55
time 151
note_off 70
time 65
note_on 69
velocity 46
time 16
note_on 53
velocity 34
time 2
note_off 69
time 246
note_off 53
time 161
note_on 55
velocity 40
time 38
note_on 70
velocity 58
time 0
note_off 70
time 198
note_off 55
time 4
note_on 72
velocity 60
time 14
note_on 57
velocity 48
time 1
note_off 57
time 216
note_off 72
time 7
note_on 58
velocity 49
time 11
note_on 65
velocity 58
time 11
note_off 58
time 9
note_off 75
time 6
note_off 65
time 22
note_on 65
velocity 43
time 6
note_on 74
velocity 75
time 2
note_on 70
velocity 71
time 5
note_on 63
velocity 56
time 17
note_on 75
velocity 82
time 3
note_off 65
time 0
note_off 74
time 17
note_on 62
velocity 45
time 146
note_on 77
velocity 78
time 35
note_off 70
time 15
note_off 75
time 27
note_off 63
time 7
note_off 62
time 147
note_on 68
velocity 60
time 266
note_on 62
velocity 33
time 7
note_on 60
velocity 41
time 226
note_off 62
time 39
note_off 68
time 170
note_on 67
velocity 45
time 1
note_on 59
velocity 40
time 26
note_off 60
time 12
note_off 59
time 227
note_off 67
time 127
note_on 59
velocity 37
time 83
note_on 74
velocity 57
time 4
note_on 72
velocity 56
time 211
note_on 57
velocity 44
time 14
note_off 74
time 28
note_off 59
time 10
note_off 57
time 161
note_on 55
velocity 41
time 34
note_on 71
velocity 51
time 7
note_off 72
time 18
note_off 71
time 286
note_off 55
time 102
note_on 57
velocity 46
time 16
note_on 72
velocity 64
time 5
note_off 57
time 203
note_on 59
velocity 63
time 12
note_on 74
velocity 65
time 4
note_off 72
time 11
note_off 77
time 89
note_off 59
time 97
note_on 60
velocity 59
time 11
note_on 67
velocity 68
time 25
note_off 74
time 0
note_on 74
velocity 82
time 217
note_on 58
velocity 61
time 213
note_on 76
velocity 83
time 2
note_off 60
time 57
note_off 74
time 4
note_on 56
velocity 56
time 130
note_on 79
velocity 89
time 17
note_off 76
time 22
note_off 67
time 6
note_off 58
time 106
note_off 56
time 119
note_on 55
velocity 53
time 17
note_off 79
time 17
note_on 70
velocity 76
time 20
note_off 55
time 228
note_on 55
velocity 38
time 281
note_on 61
velocity 59
time 7
note_on 53
velocity 39
time 219
note_off 55
time 43
note_off 61
time 78
note_on 60
velocity 48
time 75
note_on 52
velocity 40
time 17
note_off 53
time 29
note_off 52
time 278
note_off 60
time 180
note_on 67
velocity 43
time 7
note_on 52
velocity 42
time 8
note_off 52
time 143
note_on 65
velocity 49
time 52
note_on 50
velocity 40
time 4
note_off 67
time 56
note_off 50
time 128
note_on 48
velocity 36
time 55
note_on 64
velocity 51
time 7
note_off 65
time 6
note_off 64
time 268
note_off 48
time 103
note_on 50
velocity 43
time 56
note_on 65
velocity 57
time 8
note_on 52
velocity 51
time 200
note_on 67
velocity 59
time 1
note_off 50
time 3
note_off 65
time 12
note_on 53
velocity 61
time 215
note_off 67
time 11
note_on 60
velocity 67
time 3
note_off 52
time 4
note_off 53
time 10
note_off 70
time 1
note_on 55
velocity 76
time 12
note_off 60
time 128
note_on 56
velocity 73
time 11
note_on 68
velocity 84
time 6
note_on 65
velocity 73
time 5
note_off 55
time 5
note_on 58
velocity 78
time 75
note_off 56
time 4
note_off 58
time 36
note_off 68
time 28
note_on 60
velocity 75
time 330
note_on 67
velocity 65
time 5
note_on 48
velocity 70
time 1
note_off 65
time 5
note_off 60
time 2
note_on 64
velocity 68
time 4
note_on 49
velocity 84
time 441
note_on 65
velocity 60
time 1
note_off 48
time 13
note_off 64
time 1
note_off 67
time 18
note_on 64
velocity 57
time 96
note_off 65
time 6
note_on 58
velocity 60
time 215
note_on 65
velocity 53
time 5
note_on 67
velocity 62
time 207
note_on 48
velocity 73
time 210
note_off 65
time 14
note_on 68
velocity 67
time 9
note_off 58
time 7
note_off 49
time 19
note_off 67
time 1
note_off 64
time 92
note_on 67
velocity 57
time 62
note_on 56
velocity 62
time 153
note_off 67
time 5
note_on 65
velocity 54
time 8
note_on 63
velocity 61
time 209
note_off 65
time 1
note_on 47
velocity 76
time 219
note_on 62
velocity 63
time 8
note_off 56
time 9
note_off 48
time 6
note_off 63
time 3
note_on 65
velocity 63
time 131
note_off 68
time 9
note_on 55
velocity 65
time 196
note_off 47
time 2
note_on 67
velocity 72
time 12
note_off 65
time 54
note_on 53
velocity 69
time 142
note_on 68
velocity 77
time 6
note_off 55
time 7
note_off 67
time 46
note_on 52
velocity 54
time 160
note_off 53
time 3
note_on 55
velocity 53
time 4
note_on 70
velocity 80
time 7
note_off 62
time 45
note_off 68
time 0
note_off 55
time 157
note_on 58
velocity 61
time 35
note_off 58
time 204
note_on 56
velocity 60
time 5
note_on 61
velocity 72
time 4
note_on 55
velocity 62
time 68
note_off 56
time 73
note_off 70
time 25
note_on 53
velocity 76
time 126
note_off 52
time 7
note_off 55
time 19
note_off 61
time 7
note_on 68
velocity 86
time 138
note_on 55
velocity 68
time 126
note_on 60
velocity 66
time 17
note_on 70
velocity 79
time 16
note_off 68
time 5
note_off 60
time 2
note_on 56
velocity 74
time 18
note_off 55
time 4
note_off 70
time 4
note_on 72
velocity 82
time 6
note_off 53
time 9
note_off 56
time 18
note_on 46
velocity 67
time 6
note_on 58
velocity 71
time 3
note_on 73
velocity 88
time 4
note_off 72
time 1
note_on 53
velocity 68
time 48
note_off 58
time 27
note_on 66
velocity 84
time 10
note_on 51
velocity 63
time 6
note_off 53
time 7
note_off 46
time 17
note_off 73
time 3
note_on 49
velocity 72
time 29
note_off 51
time 19
note_off 49
time 61
note_off 66
time 134
note_on 45
velocity 78
time 19
note_on 48
velocity 77
time 6
note_on 72
velocity 90
time 87
note_on 74
velocity 82
time 3
note_on 65
velocity 67
time 2
note_off 45
time 10
note_off 72
time 6
note_on 76
velocity 87
time 70
note_off 74
time 65
note_on 44
velocity 68
time 1
note_on 77
velocity 87
time 2
note_off 76
time 16
note_off 48
time 8
note_off 65
time 1
note_on 65
velocity 72
time 0
note_on 50
velocity 68
time 6
note_off 65
time 16
note_off 44
time 14
note_off 50
time 0
note_on 52
velocity 79
time 3
note_on 67
velocity 74
time 6
note_on 53
velocity 78
time 157
note_on 68
velocity 84
time 8
note_off 67
time 12
note_off 52
time 1
note_off 53
time 38
note_off 68
time 11
note_on 70
velocity 82
time 221
note_on 55
velocity 74
time 3
note_on 43
velocity 72
time 7
note_off 77
time 6
note_on 76
velocity 79
time 3
note_on 74
velocity 77
time 25
note_off 76
time 11
note_on 76
velocity 82
time 128
note_off 74
time 29
note_on 45
velocity 71
time 15
note_off 55
time 8
note_on 46
velocity 74
time 154
note_off 45
time 34
note_off 43
time 6
note_on 48
velocity 81
time 14
note_off 46
time 5
note_off 70
time 32
note_on 49
velocity 74
time 32
note_on 41
velocity 67
time 12
note_off 48
time 36
note_on 77
velocity 87
time 4
note_off 76
time 0
note_off 49
time 217
note_on 48
velocity 66
time 3
note_on 73
velocity 80
time 4
note_off 48
time 236
note_on 72
velocity 79
time 2
note_off 73
time 0
note_on 49
velocity 74
time 5
note_on 51
velocity 76
time 12
note_on 70
velocity 81
time 5
note_off 77
time 14
note_off 72
time 8
note_off 51
time 54
note_off 41
time 6
note_off 49
time 2
note_off 70
time 4
note_on 69
velocity 81
time 11
note_on 53
velocity 78
time 5
note_on 75
velocity 86
time 62
note_on 41
velocity 73
time 1
note_on 43
velocity 64
time 230
note_on 73
velocity 78
time 6
note_off 41
time 29
note_off 75
time 10
note_on 45
velocity 65
time 13
note_off 43
time 10
note_on 72
velocity 81
time 4
note_off 53
time 8
note_off 45
time 20
note_off 73
time 8
note_off 72
time 34
note_on 46
velocity 70
time 155
note_on 73
velocity 83
time 80
note_off 69
time 28
note_on 72
velocity 76
time 81
note_on 53
velocity 63
time 4
note_off 53
time 181
note_on 55
velocity 62
time 39
note_on 70
velocity 80
time 8
note_off 73
time 15
note_on 56
velocity 72
time 8
note_on 68
velocity 72
time 2
note_off 55
time 1
note_off 72
time 17
note_off 56
time 9
note_off 70
time 17
note_off 68
time 2
note_on 58
velocity 67
time 5
note_on 67
velocity 77
time 2
note_on 49
velocity 69
time 50
note_on 70
velocity 81
time 2
note_off 67
time 2
note_on 65
velocity 70
time 4
note_off 46
time 46
note_on 48
velocity 58
time 217
note_off 65
time 10
note_on 72
velocity 81
time 2
note_off 49
time 12
note_on 63
velocity 78
time 0
note_off 63
time 13
note_off 72
time 7
note_off 70
time 22
note_on 46
velocity 65
time 60
note_off 48
time 11
note_on 73
velocity 84
time 58
note_on 61
velocity 72
time 5
note_off 46
time 14
note_off 73
time 62
note_off 61
time 13
note_on 48
velocity 74
time 93
note_off 58
time 4
note_on 64
velocity 79
time 6
note_on 60
velocity 68
time 3
note_off 64
time 8
note_on 58
velocity 73
time 13
note_on 56
velocity 61
time 11
note_on 72
velocity 88
time 7
note_off 58
time 9
note_on 55
velocity 71
time 103
note_off 56
time 17
note_on 56
velocity 77
time 227
note_off 55
time 65
note_off 72
time 202
note_on 67
velocity 75
time 8
note_on 68
velocity 81
time 275
note_off 67
time 57
note_on 65
velocity 75
time 272
note_off 68
time 23
note_off 56
time 144
note_on 56
velocity 74
time 156
note_on 55
velocity 66
time 242
note_off 65
time 11
note_off 56
time 4
note_on 65
velocity 76
time 204
note_on 56
velocity 63
time 12
note_off 55
time 18
note_off 56
time 130
note_on 55
velocity 58
time 30
note_off 55
time 111
note_on 64
velocity 79
time 3
note_on 56
velocity 63
time 9
note_off 65
time 47
note_off 56
time 63
note_on 55
velocity 65
time 23
note_off 55
time 120
note_on 56
velocity 67
time 4
note_on 62
velocity 76
time 3
note_off 64
time 35
note_off 56
time 119
note_on 55
velocity 67
time 5
note_on 56
velocity 65
time 232
note_off 55
time 61
note_on 65
velocity 73
time 37
note_off 62
time 4
note_off 56
time 258
note_on 55
velocity 54
time 7
note_on 64
velocity 75
time 23
note_off 65
time 11
note_on 56
velocity 59
time 132
note_off 55
time 6
note_on 65
velocity 72
time 9
note_off 64
time 1
note_off 56
time 95
note_on 55
velocity 58
time 21
note_off 65
time 12
note_on 64
velocity 76
time 1
note_off 55
time 80
note_on 56
velocity 61
time 9
note_off 64
time 7
note_on 65
velocity 71
time 12
note_off 56
time 54
note_on 55
velocity 57
time 38
note_off 65
time 9
note_on 64
velocity 73
time 3
note_off 55
time 60
note_off 64
time 19
note_on 65
velocity 64
time 1
note_on 56
velocity 62
time 1
note_off 56
time 56
note_on 55
velocity 62
time 39
note_on 64
velocity 71
time 1
note_off 65
time 0
note_off 55
time 59
note_on 56
velocity 67
time 6
note_off 64
time 13
note_on 65
velocity 65
time 1
note_off 56
time 36
note_on 55
velocity 68
time 40
note_on 64
velocity 69
time 10
note_off 65
time 7
note_off 55
time 56
note_on 56
velocity 73
time 10
note_off 64
time 17
note_on 65
velocity 65
time 2
note_off 56
time 40
note_on 55
velocity 67
time 38
note_on 64
velocity 72
time 7
note_off 65
time 35
note_off 48
time 36
note_on 53
velocity 61
time 170
note_on 62
velocity 79
time 3
note_off 55
time 8
note_off 64
time 33
note_off 53
time 453
note_on 55
velocity 56
time 12
note_on 64
velocity 79
time 2
note_off 62
time 21
note_off 60
time 16
note_off 55
time 8
note_on 53
velocity 46
time 734
note_on 65
velocity 70
time 0
note_on 41
velocity 40
time 8
note_on 57
velocity 40
time 22
note_on 60
velocity 51
time 0
note_off 64
time 46
note_off 53
time 571
note_off 57
time 1
note_off 41
time 515
note_off 65
time 300
note_off 60
time 6
