note_on 77
velocity 60
time 2
note_on 81
velocity 65
time 0
note_off 77
time 11
note_on 86
velocity 63
time 222
note_off 81
time 88
note_on 67
velocity 29
time 2
note_off 86
time 27
note_on 84
velocity 54
time 32
note_on 82
velocity 42
time 191
note_off 84
time 9
note_on 73
velocity 53
time 24
note_on 81
velocity 73
time 52
note_off 67
time 7
note_off 82
time 27
note_off 81
time 162
note_on 79
velocity 67
time 1
note_on 74
velocity 48
time 449
note_off 73
time 58
note_on 76
velocity 66
time 2
note_off 76
time 10
note_on 76
velocity 58
time 6
note_off 79
time 9
note_on 77
velocity 50
time 20
note_off 76
time 11
note_on 70
velocity 52
time 5
note_off 74
time 11
note_off 77
time 1
note_on 76
velocity 62
time 16
note_off 76
time 14
note_on 76
velocity 54
time 13
note_off 76
time 15
note_on 77
velocity 62
time 14
note_off 77
time 5
note_on 79
velocity 61
time 2
note_off 70
time 105
note_on 67
velocity 40
time 5
note_on 77
velocity 59
time 48
note_off 79
time 13
note_off 77
time 35
note_on 76
velocity 52
time 6
note_on 69
velocity 32
time 6
note_off 67
time 6
note_off 76
time 7
note_on 76
velocity 45
time 10
note_off 76
time 20
note_on 74
velocity 45
time 3
note_off 74
time 14
note_on 73
velocity 41
time 13
note_off 73
time 5
note_on 74
velocity 39
time 9
note_on 62
velocity 17
time 23
note_off 69
time 16
note_on 77
velocity 50
time 175
note_off 77
time 1
note_on 81
velocity 55
time 9
note_off 81
time 0
note_on 85
velocity 58
time 14
note_off 74
time 18
note_off 85
time 1
note_on 85
velocity 51
time 5
note_off 62
time 255
note_off 85
time 106
note_on 86
velocity 49
time 48
note_on 67
velocity 28
time 2
note_off 86
time 13
note_on 84
velocity 51
time 5
note_off 84
time 20
note_on 84
velocity 56
time 6
note_on 82
velocity 66
time 14
note_off 84
time 9
note_off 82
time 42
note_on 82
velocity 69
time 3
note_on 73
velocity 53
time 1
note_on 81
velocity 70
time 14
note_off 82
time 9
note_off 81
time 10
note_off 67
time 7
note_on 81
velocity 70
time 3
note_on 79
velocity 72
time 14
note_off 81
time 13
note_off 79
time 11
note_on 79
velocity 65
time 7
note_on 74
velocity 48
time 9
note_off 73
time 50
note_on 77
velocity 66
time 20
note_off 79
time 7
note_off 77
time 46
note_on 77
velocity 62
time 11
note_on 76
velocity 57
time 3
note_off 77
time 7
note_off 76
time 16
note_on 76
velocity 51
time 10
note_on 70
velocity 43
time 9
note_off 74
time 50
note_off 76
time 1
note_on 77
velocity 55
time 6
note_off 77
time 11
note_on 77
velocity 59
time 31
note_off 77
time 2
note_on 79
velocity 57
time 3
note_off 79
time 16
note_off 70
time 15
note_on 67
velocity 43
time 0
note_on 79
velocity 47
time 1
note_off 79
time 1
note_on 77
velocity 54
time 6
note_off 77
time 0
note_on 77
velocity 53
time 16
note_off 77
time 44
note_on 76
velocity 51
time 23
note_off 76
time 44
note_off 67
time 11
note_on 76
velocity 39
time 5
note_on 69
velocity 31
time 3
note_off 76
time 1
note_on 74
velocity 41
time 15
note_off 74
time 18
note_on 74
velocity 35
time 3
note_off 74
time 22
note_on 73
velocity 39
time 5
note_off 73
time 0
note_on 73
velocity 25
time 15
note_on 62
velocity 19
time 19
note_off 69
time 134
note_on 74
velocity 32
time 0
note_off 73
time 18
note_off 62
time 28
note_off 74
time 9
note_on 86
velocity 64
time 18
note_on 59
velocity 46
time 0
note_off 86
time 14
note_on 83
velocity 63
time 6
note_on 80
velocity 67
time 10
note_off 83
time 13
note_on 77
velocity 63
time 14
note_off 80
time 54
note_off 77
time 134
note_on 74
velocity 66
time 22
note_off 74
time 37
note_on 71
velocity 61
time 14
note_off 71
time 75
note_on 68
velocity 59
time 28
note_off 59
time 179
note_on 74
velocity 73
time 7
note_off 68
time 48
note_off 74
time 23
note_on 74
velocity 57
time 7
note_on 57
velocity 36
time 13
note_on 65
velocity 38
time 3
note_on 64
velocity 45
time 390
note_on 72
velocity 58
time 6
note_off 65
time 88
note_off 74
time 6
note_off 64
time 14
note_off 72
time 11
note_on 71
velocity 62
time 0
note_on 62
velocity 41
time 10
note_off 71
time 7
note_off 62
time 6
note_off 57
time 62
note_on 71
velocity 50
time 7
note_on 45
velocity 32
time 16
note_on 62
velocity 24
time 7
note_off 62
time 15
note_off 71
time 14
note_on 72
velocity 44
time 10
note_on 64
velocity 37
time 14
note_off 45
time 20
note_off 64
time 11
note_off 72
time 24
note_on 84
velocity 68
time 16
note_on 57
velocity 38
time 15
note_on 81
velocity 75
time 201
note_off 84
time 27
note_on 78
velocity 75
time 32
note_off 81
time 7
note_on 75
velocity 72
time 187
note_off 78
time 44
note_off 75
time 6
note_on 72
velocity 66
time 24
note_off 72
time 27
note_on 69
velocity 68
time 157
note_off 69
time 161
note_on 66
velocity 74
time 32
note_off 66
time 154
note_on 72
velocity 72
time 11
note_off 57
time 75
note_off 72
time 23
note_on 72
velocity 51
time 10
note_on 55
velocity 45
time 7
note_on 63
velocity 46
time 0
note_on 62
velocity 24
time 19
note_on 70
velocity 60
time 5
note_off 63
time 15
note_off 72
time 0
note_off 62
time 11
note_off 55
time 5
note_on 69
velocity 71
time 7
note_off 70
time 0
note_on 61
velocity 46
time 11
note_off 69
time 24
note_off 61
time 6
note_on 69
velocity 53
time 15
note_on 61
velocity 37
time 1
note_on 43
velocity 29
time 3
note_off 61
time 2
note_off 69
time 16
note_on 70
velocity 47
time 1
note_on 62
velocity 27
time 0
note_off 62
time 15
note_off 43
time 9
note_off 70
time 20
note_on 82
velocity 73
time 16
note_on 55
velocity 41
time 3
note_on 79
velocity 73
time 10
note_off 82
time 7
note_off 79
time 9
note_on 76
velocity 77
time 6
note_on 73
velocity 75
time 6
note_off 76
time 10
note_on 70
velocity 78
time 18
note_off 73
time 2
note_off 70
time 26
note_on 67
velocity 72
time 114
note_off 67
time 87
note_on 61
velocity 67
time 118
note_off 61
time 75
note_off 55
time 32
note_on 67
velocity 75
time 9
note_off 67
time 111
note_on 67
velocity 67
time 10
note_on 64
velocity 56
time 1
note_on 50
velocity 52
time 2
note_off 67
time 16
note_off 64
time 15
note_on 62
velocity 50
time 33
note_on 65
velocity 58
time 5
note_off 62
time 6
note_off 65
time 48
note_on 64
velocity 73
time 10
note_on 61
velocity 53
time 11
note_off 61
time 15
note_off 64
time 2
note_on 64
velocity 59
time 9
note_on 61
velocity 49
time 16
note_on 38
velocity 48
time 2
note_off 64
time 69
note_on 65
velocity 50
time 16
note_on 62
velocity 36
time 9
note_off 61
time 40
note_off 38
time 37
note_off 50
time 13
note_off 62
time 31
note_off 65
time 44
note_on 50
velocity 56
time 3
note_on 53
velocity 64
time 98
note_off 50
time 117
note_on 56
velocity 68
time 88
note_off 53
time 2
note_on 59
velocity 71
time 0
note_off 56
time 14
note_off 59
time 160
note_on 62
velocity 64
time 10
note_on 65
velocity 70
time 180
note_off 62
time 20
note_off 65
time 40
note_on 68
velocity 71
time 7
note_on 86
velocity 90
time 16
note_on 77
velocity 48
time 0
note_off 68
time 9
note_off 77
time 93
note_off 86
time 13
note_on 86
velocity 82
time 2
note_on 77
velocity 56
time 6
note_on 69
velocity 49
time 3
note_on 85
velocity 78
time 0
note_on 76
velocity 57
time 7
note_off 76
time 10
note_off 77
time 5
note_off 86
time 18
note_on 83
velocity 81
time 16
note_on 74
velocity 63
time 0
note_off 85
time 6
note_off 74
time 14
note_off 83
time 6
note_off 69
time 14
note_on 83
velocity 71
time 11
note_on 74
velocity 47
time 3
note_on 57
velocity 11
time 15
note_off 74
time 15
note_off 83
time 143
note_on 85
velocity 50
time 10
note_on 76
velocity 30
time 6
note_off 57
time 13
note_off 76
time 3
note_off 85
time 2
note_on 50
velocity 45
time 9
note_on 53
velocity 46
time 59
note_off 50
time 53
note_on 56
velocity 51
time 13
note_off 53
time 9
note_on 59
velocity 51
time 0
note_off 56
time 5
note_off 59
time 5
note_on 62
velocity 45
time 3
note_on 65
velocity 52
time 180
note_off 62
time 13
note_off 65
time 54
note_on 68
velocity 51
time 7
note_on 86
velocity 65
time 0
note_on 77
velocity 35
time 13
note_off 77
time 11
note_off 68
time 5
note_off 86
time 0
note_on 86
velocity 62
time 18
note_on 69
velocity 37
time 7
note_on 77
velocity 22
time 2
note_off 86
time 7
note_off 77
time 15
note_on 85
velocity 54
time 19
note_on 76
velocity 33
time 0
note_off 76
time 11
note_off 85
time 2
note_off 69
time 16
note_on 83
velocity 61
time 20
note_on 74
velocity 47
time 0
note_off 83
time 15
note_off 74
time 24
note_on 83
velocity 41
time 16
note_on 74
velocity 37
time 19
note_on 57
velocity 31
time 5
note_off 74
time 16
note_off 83
time 1
note_on 85
velocity 40
time 7
note_on 76
velocity 33
time 18
note_off 85
time 5
note_off 76
time 16
note_off 57
time 7
note_on 69
velocity 35
time 110
note_on 76
velocity 45
time 419
note_on 73
velocity 36
time 15
note_off 76
time 63
note_off 73
time 92
note_on 77
velocity 60
time 67
note_on 74
velocity 40
time 31
note_off 77
time 91
note_off 74
time 23
note_on 76
velocity 65
time 5
note_on 73
velocity 47
time 23
note_off 69
time 35
note_off 76
time 0
note_on 81
velocity 57
time 16
note_off 73
time 11
note_on 79
velocity 54
time 16
note_on 67
velocity 41
time 6
note_off 81
time 6
note_on 70
velocity 41
time 15
note_on 76
velocity 38
time 65
note_off 76
time 59
note_off 67
time 62
note_off 79
time 61
note_on 77
velocity 47
time 14
note_on 74
velocity 39
time 27
note_off 74
time 50
note_off 70
time 7
note_on 69
velocity 50
time 1
note_off 77
time 5
note_on 76
velocity 61
time 13
note_on 73
velocity 50
time 1
note_off 76
time 67
note_off 73
time 41
note_on 77
velocity 71
time 14
note_on 74
velocity 51
time 31
note_off 74
time 89
note_off 77
time 42
note_on 76
velocity 74
time 19
note_on 73
velocity 47
time 10
note_off 69
time 32
note_off 76
time 35
note_on 81
velocity 60
time 1
note_off 73
time 16
note_on 67
velocity 45
time 6
note_on 79
velocity 65
time 10
note_off 81
time 13
note_on 70
velocity 59
time 13
note_on 76
velocity 60
time 119
note_off 76
time 82
note_off 79
time 78
note_off 67
time 3
note_on 77
velocity 71
time 7
note_on 74
velocity 60
time 10
note_off 74
time 37
note_off 70
time 5
note_off 77
time 3
note_on 76
velocity 65
time 7
note_on 69
velocity 35
time 0
note_on 73
velocity 43
time 13
note_on 82
velocity 73
time 7
note_off 69
time 41
note_off 73
time 48
note_on 73
velocity 52
time 18
note_on 67
velocity 53
time 1
note_off 82
time 6
note_off 67
time 7
note_off 73
time 5
note_off 76
time 7
note_on 81
velocity 77
time 1
note_on 65
velocity 40
time 7
note_on 74
velocity 51
time 0
note_off 74
time 18
note_off 65
time 0
note_on 79
velocity 74
time 3
note_off 81
time 122
note_on 73
velocity 42
time 22
note_on 64
velocity 46
time 5
note_off 73
time 7
note_off 64
time 9
note_on 77
velocity 66
time 13
note_off 79
time 5
note_on 62
velocity 37
time 0
note_on 74
velocity 47
time 1
note_off 74
time 0
note_off 62
time 15
note_on 76
velocity 69
time 1
note_off 77
time 2
note_on 71
velocity 41
time 6
note_on 64
velocity 35
time 9
note_on 68
velocity 29
time 6
note_off 71
time 9
note_on 74
velocity 55
time 11
note_off 76
time 0
note_off 64
time 24
note_off 68
time 63
note_on 65
velocity 34
time 11
note_on 69
velocity 39
time 5
note_off 74
time 125
note_on 72
velocity 55
time 9
note_off 69
time 18
note_on 71
velocity 46
time 9
note_off 72
time 2
note_off 65
time 9
note_on 69
velocity 41
time 35
note_off 71
time 13
note_off 69
time 1
note_on 64
velocity 47
time 11
note_on 68
velocity 45
time 2
note_on 71
velocity 49
time 3
note_off 71
time 10
note_off 68
time 57
note_on 72
velocity 61
time 24
note_on 69
velocity 47
time 16
note_off 72
time 98
note_off 69
time 37
note_on 71
velocity 67
time 20
note_on 68
velocity 40
time 7
note_off 64
time 18
note_off 71
time 74
note_on 76
velocity 56
time 15
note_off 68
time 2
note_on 62
velocity 38
time 1
note_on 74
velocity 66
time 1
note_off 76
time 13
note_on 65
velocity 43
time 165
note_on 71
velocity 51
time 88
note_off 71
time 71
note_off 62
time 69
note_on 72
velocity 56
time 50
note_on 69
velocity 49
time 3
note_off 74
time 10
note_off 69
time 49
note_off 65
time 40
note_on 64
velocity 59
time 0
note_off 72
time 5
note_on 71
velocity 64
time 0
note_on 68
velocity 56
time 10
note_off 68
time 15
note_off 71
time 10
note_on 72
velocity 78
time 23
note_on 69
velocity 47
time 23
note_off 72
time 110
note_off 69
time 20
note_on 71
velocity 78
time 16
note_off 64
time 15
note_on 68
velocity 46
time 2
note_off 71
time 11
note_on 76
velocity 67
time 3
note_on 74
velocity 71
time 3
note_on 62
velocity 28
time 6
note_off 68
time 7
note_off 76
time 9
note_on 65
velocity 10
time 1
note_on 71
velocity 39
time 6
note_off 71
time 71
note_off 62
time 22
note_off 74
time 11
note_on 69
velocity 55
time 11
note_on 72
velocity 62
time 0
note_off 69
time 23
note_off 65
time 53
note_off 72
time 5
note_on 71
velocity 52
time 16
note_on 64
velocity 41
time 10
note_on 68
velocity 39
time 3
note_on 76
velocity 68
time 7
note_off 68
time 31
note_off 71
time 9
note_off 64
time 57
note_off 76
time 46
note_on 77
velocity 75
time 7
note_off 77
time 141
note_on 76
velocity 77
time 15
note_on 68
velocity 72
time 2
note_off 76
time 0
note_on 62
velocity 38
time 6
note_off 68
time 2
note_on 76
velocity 67
time 6
note_off 76
time 105
note_on 77
velocity 68
time 20
note_off 62
time 96
note_on 76
velocity 66
time 97
note_off 77
time 9
note_off 76
time 7
note_on 69
velocity 53
time 6
note_on 60
velocity 36
time 1
note_on 76
velocity 46
time 15
note_off 69
time 7
note_off 60
time 92
note_off 76
time 5
note_on 77
velocity 52
time 41
note_off 77
time 174
note_on 76
velocity 55
time 35
note_off 76
time 7
note_on 71
velocity 47
time 9
note_on 59
velocity 32
time 5
note_on 62
velocity 20
time 7
note_on 76
velocity 47
time 16
note_off 71
time 1
note_off 76
time 74
note_on 77
velocity 45
time 55
note_off 59
time 117
note_off 62
time 31
note_off 77
time 24
note_on 76
velocity 50
time 31
note_off 76
time 10
note_on 72
velocity 43
time 10
note_on 57
velocity 9
time 0
note_on 64
velocity 28
time 14
note_off 64
time 6
note_on 65
velocity 43
time 14
note_off 57
time 122
note_off 65
time 11
note_on 64
velocity 44
time 10
note_off 72
time 58
note_on 81
velocity 76
time 6
note_on 72
velocity 41
time 16
note_on 55
velocity 46
time 1
note_off 64
time 1
note_on 64
velocity 39
time 7
note_off 64
time 3
note_on 65
velocity 42
time 15
note_off 81
time 42
note_off 65
time 36
note_on 64
velocity 52
time 55
note_off 55
time 3
note_off 64
time 52
note_on 81
velocity 82
time 15
note_off 72
time 2
note_on 53
velocity 49
time 15
note_on 74
velocity 55
time 3
note_on 62
velocity 45
time 122
note_off 62
time 18
note_on 64
velocity 60
time 18
note_off 64
time 156
note_off 53
time 14
note_on 62
velocity 50
time 5
note_off 81
time 0
note_off 62
time 1
note_off 74
time 9
note_on 81
velocity 75
time 9
note_on 76
velocity 60
time 7
note_on 52
velocity 47
time 11
note_on 60
velocity 48
time 145
note_off 60
time 15
note_on 62
velocity 46
time 7
note_off 76
time 31
note_off 81
time 31
note_off 62
time 83
note_on 60
velocity 50
time 45
note_off 52
time 20
note_off 60
time 24
note_on 81
velocity 69
time 2
note_on 77
velocity 53
time 9
note_on 50
velocity 45
time 13
note_on 59
velocity 44
time 145
note_off 59
time 2
note_on 60
velocity 42
time 15
note_off 60
time 110
note_off 81
time 28
note_off 77
time 22
note_on 59
velocity 48
time 23
note_off 50
time 39
note_off 59
time 0
note_on 81
velocity 48
time 0
note_on 76
velocity 42
time 3
note_on 48
velocity 43
time 2
note_on 57
velocity 7
time 6
note_off 57
time 52
note_on 59
velocity 38
time 14
note_off 48
time 88
note_off 81
time 26
note_off 59
time 105
note_on 57
velocity 44
time 16
note_on 50
velocity 38
time 9
note_on 59
velocity 42
time 1
note_off 57
time 6
note_on 83
velocity 64
time 158
note_off 83
time 6
note_off 59
time 48
note_on 84
velocity 78
time 1
note_off 50
time 113
note_off 84
time 78
note_on 86
velocity 67
time 15
note_off 76
time 26
note_on 84
velocity 65
time 7
note_on 52
velocity 37
time 1
note_on 59
velocity 39
time 5
note_off 86
time 2
note_off 84
time 9
note_on 83
velocity 67
time 52
note_on 74
velocity 52
time 11
note_off 83
time 27
note_off 74
time 20
note_off 52
time 3
note_off 59
time 92
note_on 81
velocity 65
time 16
note_on 72
velocity 38
time 28
note_off 72
time 23
note_off 81
time 7
note_on 80
velocity 65
time 118
note_on 71
velocity 57
time 11
note_off 71
time 35
note_off 80
time 2
note_on 81
velocity 45
time 3
note_on 57
velocity 34
time 14
note_on 72
velocity 38
time 3
note_on 64
velocity 33
time 15
note_off 64
time 18
note_on 65
velocity 38
time 70
note_off 57
time 136
note_off 65
time 6
note_on 64
velocity 36
time 70
note_on 55
velocity 48
time 7
note_off 64
time 5
note_off 81
time 3
note_off 72
time 3
note_on 64
velocity 29
time 13
note_off 64
time 0
note_on 81
velocity 58
time 14
note_on 72
velocity 39
time 9
note_on 65
velocity 32
time 6
note_off 65
time 70
note_on 64
velocity 38
time 20
note_off 55
time 46
note_off 64
time 36
note_on 53
velocity 50
time 13
note_off 72
time 3
note_off 81
time 0
note_on 62
velocity 40
time 6
note_on 74
velocity 70
time 11
note_on 81
velocity 65
time 5
note_off 62
time 0
note_on 64
velocity 50
time 2
note_off 64
time 15
note_on 62
velocity 45
time 0
note_off 53
time 11
note_off 62
time 59
note_on 52
velocity 60
time 7
note_off 81
time 13
note_on 60
velocity 54
time 18
note_off 74
time 35
note_on 76
velocity 71
time 15
note_off 60
time 0
note_on 81
velocity 64
time 6
note_on 62
velocity 35
time 9
note_off 62
time 10
note_on 60
velocity 46
time 3
note_off 52
time 13
note_off 60
time 42
note_off 81
time 58
note_on 50
velocity 45
time 13
note_off 76
time 15
note_on 59
velocity 45
time 11
note_off 59
time 9
note_on 60
velocity 31
time 11
note_on 77
velocity 47
time 3
note_on 81
velocity 54
time 0
note_on 59
velocity 45
time 16
note_off 60
time 18
note_off 50
time 7
note_off 59
time 22
note_on 48
velocity 34
time 1
note_off 77
time 16
note_off 81
time 11
note_on 57
velocity 41
time 7
note_off 57
time 14
note_on 81
velocity 43
time 11
note_on 59
velocity 37
time 6
note_on 76
velocity 40
time 1
note_off 59
time 14
note_off 48
time 13
note_on 57
velocity 42
time 10
note_off 81
time 26
note_off 57
time 11
note_on 50
velocity 36
time 18
note_on 59
velocity 39
time 9
note_on 83
velocity 65
time 16
note_off 83
time 45
note_on 84
velocity 74
time 7
note_off 59
time 26
note_off 50
time 61
note_on 86
velocity 73
time 44
note_off 84
time 16
note_off 76
time 10
note_on 59
velocity 36
time 19
note_on 52
velocity 33
time 1
note_on 84
velocity 68
time 0
note_off 86
time 1
note_off 84
time 16
note_on 83
velocity 64
time 100
note_on 74
velocity 33
time 44
note_off 83
time 2
note_off 74
time 41
note_on 81
velocity 69
time 3
note_off 59
time 36
note_off 52
time 13
note_off 81
time 16
note_on 80
velocity 61
time 119
note_on 71
velocity 40
time 23
note_off 71
time 15
note_off 80
time 32
note_on 81
velocity 57
time 7
note_on 52
velocity 30
time 16
note_on 45
velocity 34
time 1
note_off 45
time 11
note_off 81
time 6
note_on 84
velocity 77
time 5
note_on 80
velocity 61
time 33
note_off 52
time 69
note_off 84
time 9
note_off 80
time 104
note_on 81
velocity 56
time 42
note_off 81
time 74
note_on 48
velocity 38
time 65
note_on 52
velocity 50
time 0
note_on 57
velocity 59
time 9
note_on 83
velocity 71
time 13
note_off 52
time 53
note_off 48
time 13
note_on 75
velocity 80
time 10
note_off 57
time 19
note_off 75
time 1
note_off 83
time 6
note_on 76
velocity 79
time 59
note_off 76
time 3
note_on 59
velocity 69
time 9
note_on 57
velocity 59
time 0
note_on 50
velocity 57
time 2
note_on 77
velocity 78
time 91
note_on 76
velocity 81
time 11
note_off 77
time 7
note_off 59
time 1
note_off 76
time 55
note_on 74
velocity 81
time 22
note_off 50
time 13
note_off 57
time 0
note_on 72
velocity 78
time 7
note_on 52
velocity 49
time 2
note_on 59
velocity 54
time 3
note_off 74
time 11
note_on 71
velocity 77
time 7
note_off 72
time 14
note_off 52
time 5
note_off 59
time 16
note_on 69
velocity 76
time 3
note_off 71
time 10
note_on 71
velocity 78
time 98
note_off 69
time 6
note_on 72
velocity 75
time 10
note_off 71
time 1
note_on 69
velocity 71
time 27
note_on 63
velocity 80
time 19
note_off 69
time 10
note_on 69
velocity 70
time 111
note_off 72
time 37
note_off 69
time 175
note_on 71
velocity 75
time 15
note_off 63
time 122
note_on 64
velocity 69
time 31
note_on 56
velocity 74
time 7
note_off 64
time 28
note_off 71
time 2
note_on 72
velocity 78
time 3
note_off 72
time 70
note_on 71
velocity 72
time 19
note_on 72
velocity 81
time 5
note_off 71
time 5
note_on 74
velocity 82
time 0
note_off 72
time 28
note_off 56
time 66
note_on 57
velocity 66
time 18
note_on 51
velocity 76
time 1
note_off 57
time 9
note_on 72
velocity 85
time 126
note_off 74
time 3
note_on 71
velocity 83
time 76
note_off 72
time 50
note_off 51
time 26
note_on 52
velocity 68
time 5
note_on 44
velocity 68
time 13
note_off 52
time 7
note_off 44
time 10
note_on 74
velocity 81
time 0
note_off 71
time 26
note_on 45
velocity 48
time 0
note_on 72
velocity 78
time 0
note_off 74
time 0
note_on 71
velocity 72
time 9
note_off 72
time 16
note_on 48
velocity 50
time 213
note_on 69
velocity 73
time 0
note_off 71
time 2
note_off 45
time 3
note_on 76
velocity 72
time 204
note_off 69
time 9
note_on 72
velocity 70
time 10
note_off 76
time 2
note_on 50
velocity 51
time 0
note_off 48
time 31
note_on 71
velocity 67
time 19
note_off 72
time 2
note_off 71
time 10
note_on 69
velocity 65
time 6
note_off 50
time 1
note_on 52
velocity 50
time 13
note_on 71
velocity 69
time 11
note_off 69
time 6
note_off 52
time 14
note_off 71
time 7
note_on 72
velocity 37
time 2
note_on 69
velocity 42
time 11
note_off 72
time 153
note_off 69
time 10
note_on 63
velocity 49
time 1
note_on 69
velocity 48
time 195
note_off 69
time 113
note_on 71
velocity 56
time 76
note_off 63
time 188
note_on 64
velocity 41
time 53
note_off 64
time 184
note_on 56
velocity 37
time 40
note_off 71
time 13
note_on 72
velocity 56
time 15
note_off 72
time 15
note_on 71
velocity 42
time 10
note_off 71
time 6
note_on 72
velocity 49
time 0
note_off 72
time 27
note_on 74
velocity 56
time 18
note_off 56
time 61
note_on 57
velocity 38
time 59
note_off 57
time 177
note_on 51
velocity 40
time 41
note_off 74
time 174
note_on 72
velocity 51
time 14
note_off 72
time 179
note_on 71
velocity 49
time 26
note_off 51
time 10
note_on 52
velocity 31
time 1
note_on 44
velocity 22
time 3
note_off 52
time 9
note_off 44
time 15
note_off 71
time 3
note_on 74
velocity 55
time 0
note_off 74
time 9
note_on 45
velocity 35
time 13
note_on 72
velocity 44
time 7
note_off 72
time 101
note_on 71
velocity 40
time 18
note_off 45
time 226
note_off 71
time 5
note_on 48
velocity 33
time 9
note_on 69
velocity 40
time 3
note_off 69
time 1
note_on 76
velocity 57
time 11
note_on 72
velocity 40
time 19
note_off 72
time 96
note_off 48
time 18
note_off 76
time 26
note_on 74
velocity 49
time 32
note_on 50
velocity 37
time 2
note_on 71
velocity 48
time 0
note_off 74
time 0
note_off 71
time 13
note_on 72
velocity 46
time 2
note_on 69
velocity 48
time 14
note_off 72
time 7
note_off 69
time 11
note_on 71
velocity 44
time 18
note_on 68
velocity 47
time 13
note_on 52
velocity 36
time 0
note_off 50
time 2
note_off 52
time 1
note_off 71
time 9
note_off 68
time 0
note_on 74
velocity 49
time 11
note_off 74
time 19
note_on 72
velocity 36
time 3
note_on 45
velocity 35
time 9
note_on 57
velocity 25
time 9
note_on 52
velocity 31
time 7
note_on 84
velocity 68
time 2
note_off 45
time 10
note_off 72
time 15
note_off 52
time 29
note_on 80
velocity 74
time 1
note_off 57
time 19
note_off 84
time 15
note_off 80
time 16
note_on 81
velocity 66
time 9
note_off 81
time 14
note_on 57
velocity 49
time 0
note_on 48
velocity 43
time 5
note_on 52
velocity 46
time 5
note_on 83
velocity 68
time 3
note_off 48
time 14
note_off 52
time 52
note_on 76
velocity 69
time 36
note_off 76
time 26
note_off 57
time 39
note_off 83
time 48
note_on 77
velocity 55
time 45
note_off 77
time 32
note_on 59
velocity 50
time 5
note_on 57
velocity 41
time 11
note_on 50
velocity 36
time 6
note_on 79
velocity 69
time 87
note_off 50
time 13
note_on 71
velocity 61
time 24
note_off 59
time 55
note_off 79
time 5
note_off 71
time 33
note_on 72
velocity 62
time 82
note_off 72
time 37
note_off 57
time 7
note_on 59
velocity 45
time 13
note_on 52
velocity 44
time 3
note_on 74
velocity 56
time 15
note_off 59
time 11
note_off 52
time 45
note_on 69
velocity 50
time 18
note_on 68
velocity 55
time 212
note_off 68
time 50
note_off 69
time 24
note_off 74
time 6
note_on 45
velocity 30
time 0
note_on 52
velocity 46
time 7
note_on 57
velocity 57
time 6
note_on 84
velocity 71
time 11
note_off 45
time 9
note_off 52
time 111
note_on 80
velocity 62
time 20
note_off 57
time 23
note_off 84
time 74
note_off 80
time 49
note_on 81
velocity 55
time 70
note_off 81
time 11
note_on 48
velocity 41
time 18
note_on 52
velocity 44
time 5
note_on 57
velocity 48
time 11
note_on 83
velocity 52
time 5
note_off 52
time 79
note_off 48
time 13
note_on 76
velocity 49
time 32
note_off 57
time 82
note_off 76
time 127
note_on 77
velocity 53
time 32
note_off 83
time 55
note_off 77
time 16
note_on 50
velocity 31
time 13
note_on 57
velocity 45
time 11
note_on 59
velocity 50
time 0
note_on 79
velocity 54
time 14
note_on 71
velocity 50
time 63
note_off 79
time 54
note_off 59
time 79
note_off 71
time 23
note_off 50
time 20
note_on 72
velocity 53
time 26
note_off 72
time 10
note_off 57
time 53
note_on 59
velocity 45
time 13
note_on 52
velocity 36
time 5
note_on 74
velocity 45
time 0
note_on 69
velocity 52
time 75
note_off 59
time 46
note_off 74
time 35
note_off 52
time 37
note_off 69
time 114
note_on 68
velocity 53
time 7
note_off 68
time 10
note_on 69
velocity 60
time 18
note_on 45
velocity 33
time 7
note_on 57
velocity 26
time 2
note_on 71
velocity 58
time 10
note_off 69
time 144
note_off 71
time 63
note_off 45
time 11
note_on 72
velocity 69
time 5
note_on 48
velocity 48
time 24
note_off 72
time 175
note_on 64
velocity 73
time 13
note_off 48
time 9
note_on 50
velocity 52
time 18
note_on 65
velocity 66
time 14
note_off 64
time 3
note_off 57
time 6
note_on 71
velocity 67
time 104
note_off 65
time 127
note_on 69
velocity 69
time 13
note_on 59
velocity 42
time 2
note_off 71
time 13
note_off 69
time 5
note_on 68
velocity 70
time 1
note_off 50
time 13
note_off 68
time 14
note_on 69
velocity 60
time 2
note_on 48
velocity 32
time 15
note_off 59
time 20
note_on 64
velocity 61
time 7
note_on 65
velocity 51
time 226
note_on 50
velocity 37
time 19
note_off 48
time 11
note_off 64
time 0
note_off 69
time 11
note_on 62
velocity 45
time 92
note_off 65
time 0
note_off 62
time 6
note_on 52
velocity 37
time 9
note_off 50
time 1
note_on 60
velocity 48
time 6
note_on 69
velocity 47
time 24
note_off 60
time 1
note_on 59
velocity 44
time 10
note_on 40
velocity 40
time 6
note_off 69
time 2
note_on 68
velocity 54
time 11
note_off 40
time 2
note_off 59
time 15
note_off 68
time 1
note_off 52
time 45
note_on 68
velocity 42
time 6
note_on 45
velocity 30
time 11
note_on 57
velocity 30
time 2
note_off 68
time 764
note_on 69
velocity 30
time 2
note_off 45
time 13
note_off 69
time 57
note_off 57
time 9
note_on 64
velocity 33
time 35
note_on 57
velocity 24
time 13
note_off 57
time 36
note_on 76
velocity 53
time 13
note_off 76
time 35
note_on 78
velocity 68
time 15
note_off 64
time 13
note_on 76
velocity 70
time 11
note_off 78
time 0
note_on 83
velocity 69
time 6
note_off 76
time 0
note_on 56
velocity 28
time 6
note_on 64
velocity 31
time 6
note_off 83
time 5
note_on 74
velocity 57
time 16
note_off 74
time 11
note_on 76
velocity 53
time 5
note_off 56
time 9
note_off 64
time 10
note_on 74
velocity 61
time 11
note_off 76
time 9
note_off 74
time 10
note_on 73
velocity 43
time 19
note_on 57
velocity 30
time 11
note_on 64
velocity 32
time 2
note_on 76
velocity 63
time 9
note_off 73
time 29
note_off 76
time 2
note_on 78
velocity 71
time 10
note_off 64
time 23
note_off 57
time 54
note_off 78
time 70
note_on 76
velocity 71
time 6
note_off 76
time 15
note_on 83
velocity 66
time 1
note_on 56
velocity 38
time 5
note_on 64
velocity 39
time 1
note_off 83
time 15
note_on 74
velocity 59
time 15
note_off 56
time 66
note_off 74
time 28
note_on 76
velocity 56
time 55
note_off 64
time 16
note_off 76
time 158
note_on 74
velocity 55
time 23
note_off 74
time 11
note_on 73
velocity 51
time 6
note_on 64
velocity 35
time 11
note_on 57
velocity 24
time 2
note_on 81
velocity 69
time 15
note_off 73
time 16
note_off 57
time 18
note_off 64
time 20
note_off 81
time 22
note_on 83
velocity 74
time 13
note_on 81
velocity 84
time 199
note_off 83
time 3
note_on 73
velocity 68
time 11
note_on 69
velocity 45
time 0
note_on 67
velocity 43
time 3
note_off 81
time 9
note_on 81
velocity 77
time 5
note_off 73
time 0
note_on 83
velocity 76
time 53
note_off 81
time 20
note_off 69
time 11
note_off 67
time 113
note_on 81
velocity 77
time 41
note_off 83
time 39
note_off 81
time 15
note_on 74
velocity 66
time 3
note_on 66
velocity 42
time 0
note_on 69
velocity 48
time 0
note_off 74
time 6
note_on 81
velocity 71
time 0
note_off 66
time 10
note_off 81
time 41
note_on 83
velocity 66
time 16
note_off 69
time 114
note_on 81
velocity 68
time 48
note_off 83
time 7
note_off 81
time 15
note_on 76
velocity 55
time 9
note_on 61
velocity 39
time 18
note_on 64
velocity 32
time 16
note_off 76
time 15
note_on 79
velocity 64
time 18
note_off 61
time 104
note_off 79
time 61
note_on 81
velocity 68
time 18
note_off 64
time 57
note_off 81
time 161
note_on 79
velocity 64
time 16
note_on 78
velocity 47
time 16
note_off 79
time 1
note_on 62
velocity 21
time 1
note_on 69
velocity 28
time 3
note_off 69
time 97
note_on 71
velocity 39
time 52
note_off 62
time 9
note_off 71
time 20
note_on 69
velocity 41
time 23
note_off 78
time 183
note_off 69
time 10
note_on 60
velocity 22
time 18
note_on 78
velocity 63
time 6
note_off 78
time 18
note_on 76
velocity 56
time 0
note_off 76
time 5
note_on 78
velocity 60
time 14
note_off 78
time 16
note_on 76
velocity 67
time 20
note_on 69
velocity 37
time 5
note_off 69
time 0
note_on 71
velocity 47
time 14
note_off 71
time 84
note_on 69
velocity 51
time 42
note_off 60
time 22
note_off 69
time 18
note_on 74
velocity 66
time 16
note_off 76
time 7
note_on 59
velocity 48
time 7
note_on 67
velocity 60
time 7
note_off 74
time 13
note_off 67
time 0
note_on 69
velocity 63
time 10
note_off 69
time 85
note_on 67
velocity 65
time 2
note_off 59
time 18
note_off 67
time 1
note_on 74
velocity 73
time 7
note_off 74
time 11
note_on 72
velocity 73
time 16
note_on 57
velocity 44
time 1
note_off 72
time 15
note_on 74
velocity 72
time 0
note_off 74
time 15
note_on 72
velocity 75
time 10
note_on 66
velocity 56
time 2
note_off 66
time 1
note_on 67
velocity 66
time 15
note_off 67
time 110
note_on 66
velocity 64
time 23
note_off 57
time 15
note_off 66
time 6
note_on 71
velocity 74
time 16
note_on 55
velocity 48
time 9
note_off 72
time 13
note_on 64
velocity 57
time 87
note_off 64
time 2
note_on 65
velocity 54
time 14
note_off 65
time 89
note_off 71
time 18
note_on 64
velocity 61
time 27
note_off 55
time 13
note_off 64
time 26
note_on 71
velocity 60
time 9
note_off 71
time 3
note_on 69
velocity 67
time 6
note_on 53
velocity 27
time 3
note_off 69
time 7
note_on 71
velocity 73
time 7
note_off 71
time 9
note_on 69
velocity 60
time 3
note_on 62
velocity 38
time 93
note_off 62
time 13
note_on 64
velocity 48
time 5
note_off 69
time 5
note_off 64
time 195
note_off 53
time 59
note_on 62
velocity 39
time 7
note_on 86
velocity 78
time 13
note_off 62
time 6
note_on 52
velocity 48
time 0
note_on 83
velocity 75
time 32
note_off 86
time 23
note_on 80
velocity 81
time 9
note_off 83
time 11
note_on 77
velocity 75
time 13
note_off 80
time 5
note_off 77
time 18
note_on 74
velocity 71
time 0
note_off 74
time 3
note_off 52
time 3
note_on 71
velocity 69
time 9
note_off 71
time 14
note_on 68
velocity 74
time 15
note_on 74
velocity 77
time 10
note_off 68
time 13
note_off 74
time 0
note_on 74
velocity 68
time 18
note_on 57
velocity 40
time 6
note_on 65
velocity 46
time 14
note_off 65
time 14
note_on 72
velocity 69
time 14
note_on 64
velocity 45
time 2
note_off 74
time 0
note_off 64
time 6
note_off 57
time 0
note_off 72
time 11
note_on 62
velocity 48
time 10
note_on 71
velocity 69
time 5
note_off 62
time 31
note_off 71
time 0
note_on 71
velocity 58
time 11
note_on 62
velocity 38
time 3
note_on 45
velocity 30
time 6
note_off 62
time 11
note_off 71
time 18
note_on 72
velocity 53
time 15
note_on 64
velocity 42
time 0
note_off 45
time 2
note_off 64
time 0
note_off 72
time 35
note_on 84
velocity 74
time 9
note_on 57
velocity 41
time 11
note_off 84
time 16
note_on 81
velocity 62
time 5
note_off 81
time 3
note_on 78
velocity 69
time 1
note_on 75
velocity 73
time 16
note_off 78
time 2
note_off 75
time 138
note_on 72
velocity 70
time 15
note_off 72
time 37
note_on 69
velocity 73
time 157
note_off 69
time 182
note_on 66
velocity 75
time 24
note_off 66
time 180
note_on 72
velocity 79
time 19
note_off 57
time 45
note_off 72
time 44
note_on 72
velocity 71
time 2
note_on 55
velocity 47
time 1
note_on 63
velocity 55
time 3
note_on 62
velocity 37
time 14
note_on 70
velocity 69
time 1
note_off 72
time 29
note_off 55
time 2
note_off 63
time 3
note_off 62
time 9
note_on 69
velocity 72
time 16
note_on 61
velocity 48
time 0
note_off 70
time 0
note_off 69
time 18
note_off 61
time 11
note_on 69
velocity 58
time 18
note_on 61
velocity 39
time 14
note_on 43
velocity 39
time 6
note_off 69
time 9
note_off 61
time 2
note_on 70
velocity 51
time 13
note_on 62
velocity 31
time 16
note_off 62
time 11
note_off 43
time 9
note_off 70
time 29
note_on 82
velocity 56
time 9
note_on 55
velocity 37
time 0
note_off 82
time 37
note_on 79
velocity 53
time 16
note_off 79
time 205
note_on 76
velocity 56
time 1
note_off 76
time 109
note_on 72
velocity 56
time 35
note_off 55
time 32
note_off 72
time 78
note_on 70
velocity 45
time 61
note_on 67
velocity 37
time 203
note_off 70
time 37
note_off 67
time 29
note_on 64
velocity 51
time 9
note_off 64
time 50
note_on 70
velocity 56
time 151
note_off 70
time 57
note_on 70
velocity 45
time 18
note_on 72
velocity 41
time 0
note_on 53
velocity 34
time 5
note_on 60
velocity 17
time 5
note_off 70
time 27
note_on 69
velocity 43
time 40
note_off 69
time 53
note_on 67
velocity 47
time 88
note_off 67
time 16
note_on 67
velocity 36
time 13
note_on 41
velocity 29
time 15
note_off 72
time 166
note_on 69
velocity 29
time 15
note_off 67
time 16
note_off 53
time 9
note_off 41
time 24
note_off 60
time 18
note_off 69
time 11
note_on 41
velocity 38
time 7
note_on 46
velocity 53
time 125
note_off 41
time 2
note_on 50
velocity 51
time 67
note_off 46
time 16
note_on 53
velocity 51
time 7
note_off 50
time 1
note_on 58
velocity 63
time 18
note_off 53
time 0
note_off 58
time 75
note_on 62
velocity 58
time 19
note_off 62
time 13
note_on 64
velocity 64
time 3
note_on 79
velocity 75
time 16
note_on 70
velocity 50
time 14
note_off 70
time 7
note_off 79
time 18
note_off 64
time 14
note_on 79
velocity 59
time 1
note_on 65
velocity 38
time 14
note_on 70
velocity 54
time 2
note_off 70
time 6
note_off 79
time 19
note_on 77
velocity 61
time 0
note_on 69
velocity 48
time 14
note_off 69
time 7
note_off 77
time 1
note_on 76
velocity 63
time 10
note_on 67
velocity 50
time 1
note_off 65
time 6
note_off 67
time 26
note_off 76
time 1
note_on 76
velocity 44
time 0
note_on 53
velocity 33
time 15
note_on 67
velocity 31
time 0
note_off 67
time 18
note_off 76
time 15
note_on 77
velocity 40
time 5
note_on 69
velocity 36
time 2
note_off 53
time 0
note_off 77
time 16
note_off 69
time 50
note_on 41
velocity 49
time 0
note_on 46
velocity 55
time 156
note_off 41
time 71
note_on 50
velocity 61
time 148
note_off 46
time 115
note_on 53
velocity 60
time 7
note_off 50
time 1
note_on 58
velocity 68
time 31
note_off 53
time 6
note_off 58
time 28
note_on 62
velocity 61
time 23
note_off 62
time 70
note_on 64
velocity 73
time 11
note_on 79
velocity 81
time 18
note_on 70
velocity 57
time 7
note_off 70
time 3
note_off 79
time 14
note_off 64
time 9
note_on 79
velocity 76
time 1
note_on 65
velocity 47
time 19
note_on 70
velocity 55
time 1
note_off 70
time 15
note_off 79
time 0
note_on 77
velocity 73
time 2
note_on 69
velocity 50
time 5
note_off 69
time 1
note_off 77
time 0
note_off 65
time 13
note_on 76
velocity 76
time 2
note_on 67
velocity 42
time 3
note_off 67
time 3
note_off 76
time 9
note_on 76
velocity 61
time 10
note_on 53
velocity 36
time 9
note_on 67
velocity 48
time 7
note_off 67
time 18
note_off 76
time 6
note_off 53
time 3
note_on 77
velocity 55
time 3
note_on 69
velocity 42
time 13
note_off 77
time 13
note_off 69
time 18
note_on 43
velocity 56
time 0
note_on 47
velocity 69
time 55
note_off 43
time 50
note_on 50
velocity 68
time 158
note_off 47
time 50
note_on 53
velocity 68
time 6
note_off 50
time 3
note_on 59
velocity 72
time 14
note_off 53
time 0
note_on 62
velocity 66
time 6
note_off 59
time 6
note_off 62
time 11
note_on 65
velocity 69
time 0
note_on 74
velocity 86
time 5
note_off 65
time 16
note_off 74
time 0
note_on 71
velocity 80
time 15
note_on 65
velocity 61
time 6
note_off 65
time 1
note_off 71
time 7
note_on 65
velocity 65
time 6
note_on 74
velocity 71
time 7
note_off 65
time 6
note_off 74
time 5
note_on 72
velocity 75
time 7
note_off 72
time 15
note_on 74
velocity 79
time 3
note_on 64
velocity 34
time 6
note_on 65
velocity 69
time 3
note_off 64
time 14
note_on 64
velocity 11
time 0
note_off 65
time 5
note_on 72
velocity 77
time 6
note_off 74
time 15
note_off 72
time 26
note_off 64
time 15
note_on 62
velocity 58
time 3
note_on 71
velocity 68
time 10
note_off 62
time 6
note_off 71
time 2
note_on 71
velocity 59
time 18
note_on 62
velocity 43
time 19
note_off 71
time 16
note_off 62
time 3
note_on 72
velocity 50
time 11
note_on 64
velocity 43
time 11
note_off 64
time 15
note_off 72
time 15
note_on 43
velocity 40
time 13
note_on 47
velocity 40
time 0
note_off 43
time 2
note_on 50
velocity 40
time 23
note_off 47
time 41
note_off 50
time 2
note_on 53
velocity 34
time 15
note_on 59
velocity 44
time 5
note_off 53
time 13
note_on 62
velocity 40
time 23
note_off 59
time 20
note_off 62
time 36
note_on 65
velocity 53
time 63
note_off 65
time 41
note_on 74
velocity 65
time 6
note_off 74
time 10
note_on 65
velocity 47
time 1
note_on 71
velocity 55
time 0
note_off 65
time 1
note_off 71
time 18
note_on 74
velocity 55
time 1
note_on 65
velocity 47
time 5
note_off 65
time 0
note_off 74
time 7
note_on 72
velocity 65
time 7
note_on 64
velocity 38
time 16
note_off 72
time 6
note_on 65
velocity 56
time 18
note_on 74
velocity 64
time 1
note_off 64
time 13
note_off 65
time 14
note_off 74
time 1
note_on 64
velocity 47
time 24
note_on 72
velocity 56
time 3
note_off 64
time 28
note_off 72
time 26
note_on 62
velocity 40
time 13
note_on 71
velocity 54
time 2
note_off 71
time 9
note_off 62
time 1
note_on 71
velocity 55
time 10
note_on 62
velocity 22
time 0
note_off 71
time 7
note_off 62
time 11
note_on 64
velocity 35
time 18
note_on 72
velocity 45
time 1
note_off 64
time 3
note_on 43
velocity 35
time 1
note_on 81
velocity 63
time 9
note_off 72
time 6
note_on 79
velocity 74
time 2
note_off 81
time 10
note_on 46
velocity 45
time 15
note_off 43
time 16
note_on 49
velocity 47
time 1
note_off 46
time 10
note_off 49
time 0
note_on 52
velocity 51
time 7
note_off 52
time 19
note_on 55
velocity 51
time 57
note_off 55
time 1
note_on 77
velocity 68
time 5
note_on 58
velocity 50
time 14
note_off 79
time 5
note_off 58
time 14
note_on 76
velocity 77
time 2
note_off 77
time 2
note_on 61
velocity 42
time 5
note_off 61
time 5
note_on 74
velocity 77
time 14
note_on 64
velocity 57
time 2
note_off 76
time 11
note_off 74
time 16
note_on 73
velocity 75
time 1
note_off 64
time 11
note_on 67
velocity 58
time 1
note_off 67
time 9
note_off 73
time 3
note_on 76
velocity 68
time 3
note_on 67
velocity 70
time 10
note_off 76
time 3
note_off 67
time 6
note_on 74
velocity 47
time 15
note_on 65
velocity 69
time 0
note_on 76
velocity 57
time 9
note_off 74
time 15
note_on 74
velocity 61
time 0
note_off 76
time 1
note_on 67
velocity 46
time 9
note_off 67
time 28
note_off 65
time 54
note_off 74
time 7
note_on 73
velocity 76
time 13
note_on 64
velocity 62
time 26
note_off 73
time 1
note_off 64
time 18
note_on 64
velocity 57
time 9
note_on 73
velocity 73
time 0
note_off 64
time 0
note_off 73
time 6
note_on 74
velocity 70
time 16
note_on 65
velocity 39
time 14
note_off 65
time 15
note_on 43
velocity 51
time 0
note_off 74
time 10
note_on 81
velocity 72
time 6
note_on 79
velocity 77
time 5
note_off 81
time 87
note_off 43
time 7
note_on 46
velocity 67
time 1
note_on 49
velocity 67
time 152
note_off 46
time 1
note_off 49
time 194
note_on 52
velocity 71
time 0
note_off 52
time 11
note_on 55
velocity 69
time 5
note_off 55
time 13
note_on 77
velocity 84
time 40
note_on 58
velocity 59
time 19
note_off 79
time 130
note_off 58
time 14
note_on 61
velocity 53
time 23
note_on 76
velocity 84
time 0
note_off 77
time 11
note_off 61
time 83
note_on 64
velocity 65
time 31
note_on 74
velocity 84
time 7
note_off 76
time 9
note_on 67
velocity 64
time 9
note_on 73
velocity 84
time 0
note_off 74
time 0
note_off 64
time 7
note_off 67
time 13
note_off 73
time 1
note_on 76
velocity 68
time 3
note_on 67
velocity 70
time 14
note_off 76
time 0
note_off 67
time 10
note_on 74
velocity 76
time 11
note_off 74
time 16
note_on 76
velocity 76
time 10
note_on 65
velocity 61
time 5
note_on 67
velocity 66
time 0
note_on 74
velocity 78
time 2
note_off 76
time 5
note_off 67
time 13
note_off 65
time 40
note_off 74
time 44
note_on 73
velocity 72
time 15
note_on 64
velocity 71
time 6
note_off 73
time 11
note_off 64
time 5
note_on 73
velocity 64
time 5
note_on 64
velocity 58
time 14
note_off 73
time 23
note_off 64
time 3
note_on 74
velocity 58
time 6
note_on 65
velocity 35
time 1
note_off 65
time 6
note_off 74
time 2
note_on 57
velocity 39
time 13
note_on 62
velocity 32
time 5
note_on 53
velocity 35
time 16
note_on 86
velocity 75
time 6
note_off 53
time 29
note_off 62
time 53
note_off 57
time 3
note_on 80
velocity 78
time 15
note_off 86
time 7
note_off 80
time 2
note_on 81
velocity 75
time 13
note_off 81
time 10
note_on 62
velocity 45
time 7
note_on 53
velocity 44
time 2
note_on 57
velocity 48
time 1
note_on 82
velocity 74
time 0
note_on 73
velocity 70
time 1
note_off 82
time 0
note_off 53
time 5
note_off 57
time 0
note_off 62
time 13
note_off 73
time 5
note_on 74
velocity 72
time 7
note_off 74
time 2
note_on 62
velocity 57
time 1
note_on 58
velocity 59
time 11
note_on 55
velocity 42
time 15
note_on 76
velocity 75
time 52
note_off 76
time 15
note_on 77
velocity 79
time 0
note_off 58
time 7
note_off 55
time 10
note_off 62
time 14
note_on 79
velocity 79
time 27
note_off 77
time 26
note_off 79
time 27
note_on 79
velocity 71
time 19
note_on 56
velocity 45
time 16
note_on 62
velocity 37
time 3
note_on 64
velocity 44
time 0
note_on 77
velocity 72
time 138
note_off 79
time 7
note_off 77
time 9
note_off 56
time 6
note_on 76
velocity 69
time 3
note_off 64
time 2
note_on 74
velocity 64
time 6
note_off 76
time 39
note_off 62
time 35
note_off 74
time 0
note_on 57
velocity 38
time 15
note_on 73
velocity 50
time 1
note_on 64
velocity 37
time 15
note_on 86
velocity 62
time 0
note_off 64
time 14
note_off 57
time 2
note_off 73
time 37
note_off 86
time 6
note_on 80
velocity 58
time 24
note_off 80
time 0
note_on 81
velocity 48
time 49
note_off 81
time 14
note_on 62
velocity 33
time 11
note_on 53
velocity 23
time 13
note_on 57
velocity 30
time 5
note_on 82
velocity 47
time 2
note_off 82
time 18
note_on 73
velocity 45
time 33
note_off 57
time 20
note_off 62
time 6
note_off 53
time 13
note_off 73
time 88
note_on 74
velocity 43
time 11
note_on 58
velocity 39
time 14
note_on 62
velocity 33
time 0
note_on 55
velocity 37
time 18
note_off 74
time 55
note_on 76
velocity 44
time 62
note_off 76
time 18
note_on 77
velocity 54
time 36
note_off 55
time 33
note_off 58
time 14
note_off 62
time 29
note_on 79
velocity 62
time 74
note_off 77
time 5
note_off 79
time 40
note_on 79
velocity 47
time 15
note_on 62
velocity 23
time 16
note_on 64
velocity 36
time 0
note_on 56
velocity 26
time 11
note_off 79
time 62
note_on 77
velocity 52
time 65
note_off 77
time 19
note_off 56
time 7
note_on 76
velocity 45
time 27
note_off 64
time 70
note_off 62
time 9
note_off 76
time 44
note_on 74
velocity 50
time 24
note_on 76
velocity 43
time 13
note_off 74
time 1
note_on 57
velocity 24
time 0
note_off 57
time 15
note_on 69
velocity 40
time 61
note_off 69
time 57
note_on 73
velocity 41
time 167
note_off 73
time 97
note_off 76
time 33
note_on 77
velocity 62
time 58
note_on 74
velocity 48
time 16
note_off 77
time 14
note_off 74
time 23
note_on 81
velocity 64
time 6
note_off 81
time 6
note_on 67
velocity 35
time 11
note_on 79
velocity 57
time 11
note_on 70
velocity 25
time 2
note_on 76
velocity 36
time 31
note_off 76
time 15
note_off 67
time 20
note_off 79
time 65
note_on 77
velocity 36
time 54
note_on 74
velocity 38
time 18
note_off 74
time 54
note_off 70
time 41
note_on 69
velocity 45
time 16
note_off 77
time 2
note_on 76
velocity 66
time 28
note_on 73
velocity 49
time 1
note_off 76
time 6
note_off 73
time 14
note_on 77
velocity 68
time 16
note_on 74
velocity 50
time 11
note_off 74
time 19
note_off 77
time 19
note_on 76
velocity 74
time 15
note_on 73
velocity 49
time 10
note_off 69
time 9
note_off 76
time 28
note_on 81
velocity 63
time 2
note_off 73
time 5
note_on 67
velocity 43
time 5
note_on 79
velocity 58
time 5
note_off 81
time 11
note_on 70
velocity 37
time 0
note_on 76
velocity 54
time 57
note_off 76
time 41
note_off 67
time 7
note_on 74
velocity 54
time 11
note_on 77
velocity 60
time 7
note_off 79
time 1
note_off 70
time 24
note_off 74
time 6
note_on 69
velocity 61
time 5
note_off 77
time 15
note_on 76
velocity 68
time 10
note_on 73
velocity 51
time 10
note_off 76
time 36
note_off 73
time 7
note_on 77
velocity 77
time 3
note_on 74
velocity 53
time 0
note_off 74
time 18
note_off 77
time 44
note_on 76
velocity 78
time 20
note_on 73
velocity 56
time 28
note_off 69
time 18
note_off 76
time 11
note_on 81
velocity 68
time 1
note_off 73
time 9
note_on 79
velocity 71
time 7
note_on 67
velocity 46
time 6
note_off 81
time 9
note_on 70
velocity 59
time 10
note_on 76
velocity 56
time 62
note_off 76
time 16
note_off 79
time 46
note_on 77
velocity 72
time 5
note_on 74
velocity 57
time 6
note_off 67
time 1
note_off 74
time 5
note_off 70
time 7
note_off 77
time 0
note_on 76
velocity 66
time 10
note_on 69
velocity 41
time 3
note_on 73
velocity 41
time 7
note_on 82
velocity 76
time 7
note_off 69
time 3
note_off 73
time 16
note_on 73
velocity 51
time 23
note_on 67
velocity 51
time 5
note_off 82
time 6
note_off 67
time 3
note_off 73
time 18
note_off 76
time 41
note_on 81
velocity 77
time 7
note_on 65
velocity 43
time 14
note_on 74
velocity 52
time 1
note_off 74
time 16
note_off 65
time 16
note_on 79
velocity 72
time 32
note_off 81
time 22
note_on 73
velocity 45
time 6
note_on 64
velocity 45
time 5
note_on 77
velocity 73
time 24
note_off 73
time 5
note_off 64
time 15
note_off 79
time 13
note_on 62
velocity 39
time 6
note_on 74
velocity 56
time 10
note_off 74
time 59
note_on 68
velocity 67
time 35
note_off 62
time 127
note_on 74
velocity 81
time 65
note_off 77
time 109
note_on 76
velocity 80
time 148
note_off 74
time 11
note_off 68
time 101
note_on 69
velocity 64
time 36
note_on 61
velocity 68
time 14
note_off 69
time 10
note_off 76
time 2
note_on 77
velocity 76
time 0
note_off 77
time 3
note_on 76
velocity 67
time 23
note_off 76
time 18
note_on 77
velocity 76
time 16
note_on 79
velocity 76
time 5
note_off 77
time 2
note_off 61
time 32
note_on 62
velocity 53
time 35
note_on 56
velocity 68
time 105
note_off 62
time 6
note_on 77
velocity 84
time 101
note_off 79
time 35
note_on 76
velocity 82
time 35
note_off 77
time 24
note_off 56
time 14
note_on 57
velocity 67
time 2
note_on 49
velocity 66
time 20
note_off 57
time 6
note_off 49
time 7
note_on 79
velocity 78
time 6
note_off 76
time 15
note_on 50
velocity 47
time 6
note_on 77
velocity 71
time 14
note_off 79
time 2
note_on 76
velocity 77
time 32
note_off 77
time 0
note_on 74
velocity 72
time 5
note_off 76
time 2
note_on 53
velocity 48
time 9
note_off 50
time 7
note_off 74
time 3
note_on 81
velocity 66
time 2
note_off 81
time 9
note_on 77
velocity 62
time 6
note_on 55
velocity 44
time 3
note_off 53
time 15
note_on 76
velocity 53
time 9
note_off 77
time 5
note_off 76
time 7
note_off 55
time 2
note_on 74
velocity 52
time 3
note_on 57
velocity 31
time 6
note_off 74
time 9
note_on 76
velocity 51
time 13
note_off 57
time 6
note_off 76
time 5
note_on 77
velocity 50
time 0
note_on 74
velocity 35
time 7
note_off 74
time 70
note_on 68
velocity 47
time 19
note_on 74
velocity 53
time 9
note_off 77
time 24
note_off 74
time 70
note_on 76
velocity 62
time 14
note_off 68
time 33
note_on 69
velocity 48
time 42
note_off 69
time 16
note_on 61
velocity 52
time 11
note_off 76
time 10
note_on 77
velocity 58
time 23
note_off 77
time 42
note_on 76
velocity 62
time 3
note_off 76
time 1
note_on 77
velocity 60
time 9
note_off 77
time 13
note_on 79
velocity 60
time 20
note_off 61
time 78
note_on 62
velocity 36
time 57
note_off 62
time 220
note_on 56
velocity 37
time 59
note_on 77
velocity 55
time 36
note_off 79
time 1
note_off 77
time 138
note_on 76
velocity 46
time 1
note_off 56
time 177
note_on 57
velocity 44
time 42
note_on 49
velocity 32
time 7
note_off 57
time 11
note_off 49
time 11
note_off 76
time 14
note_on 79
velocity 51
time 16
note_on 50
velocity 39
time 18
note_off 79
time 7
note_on 77
velocity 57
time 9
note_on 76
velocity 60
time 2
note_off 77
time 29
note_off 76
time 197
note_on 74
velocity 48
time 15
note_on 53
velocity 30
time 7
note_off 50
time 13
note_off 74
time 162
note_on 81
velocity 54
time 5
note_off 81
time 220
note_on 77
velocity 50
time 11
note_on 55
velocity 38
time 5
note_off 53
time 11
note_on 76
velocity 46
time 55
note_off 77
time 0
note_off 76
time 6
note_on 74
velocity 50
time 1
note_on 57
velocity 24
time 16
note_off 55
time 76
note_off 74
time 15
note_on 73
velocity 48
time 3
note_off 57
time 13
note_off 73
time 10
note_on 74
velocity 39
time 13
note_on 57
velocity 27
time 3
note_on 50
velocity 33
time 15
note_on 62
velocity 14
time 5
note_on 86
velocity 66
time 42
note_off 50
time 85
note_off 74
time 101
note_on 80
velocity 63
time 106
note_off 86
time 19
note_off 57
time 29
note_off 62
time 40
note_off 80
time 95
note_on 81
velocity 53
time 44
note_on 57
velocity 40
time 1
note_on 62
velocity 31
time 0
note_on 53
velocity 29
time 1
note_off 81
time 10
note_on 82
velocity 66
time 18
note_off 57
time 15
note_off 53
time 20
note_off 82
time 11
note_on 73
velocity 66
time 23
note_off 62
time 42
note_off 73
time 83
note_on 74
velocity 68
time 75
note_off 74
time 54
note_on 64
velocity 58
time 9
note_on 62
velocity 33
time 5
note_on 55
velocity 41
time 1
note_on 76
velocity 74
time 132
note_off 55
time 10
note_off 76
time 7
note_on 77
velocity 74
time 0
note_off 64
time 100
note_off 77
time 75
note_on 79
velocity 68
time 18
note_off 62
time 5
note_off 79
time 3
note_on 77
velocity 61
time 0
note_on 64
velocity 42
time 13
note_on 57
velocity 27
time 6
note_off 77
time 114
note_on 76
velocity 64
time 16
note_off 64
time 6
note_on 74
velocity 61
time 2
note_off 76
time 29
note_off 57
time 13
note_on 73
velocity 52
time 156
note_off 74
time 6
note_off 73
time 6
note_on 50
velocity 24
time 20
note_on 57
velocity 25
time 1
note_on 74
velocity 42
time 10
note_on 62
velocity 28
time 15
note_off 50
time 37
note_on 86
velocity 55
time 9
note_off 62
time 3
note_off 57
time 9
note_off 74
time 0
note_off 86
time 3
note_on 80
velocity 59
time 7
note_off 80
time 11
note_on 81
velocity 50
time 7
note_on 53
velocity 36
time 10
note_on 57
velocity 50
time 13
note_off 81
time 0
note_on 62
velocity 47
time 10
note_on 82
velocity 54
time 3
note_off 82
time 118
note_off 57
time 48
note_on 73
velocity 51
time 7
note_off 53
time 10
note_off 62
time 10
note_off 73
time 5
note_on 74
velocity 46
time 19
note_on 55
velocity 45
time 10
note_on 62
velocity 43
time 15
note_off 74
time 15
note_on 64
velocity 72
time 1
note_on 76
velocity 60
time 1
note_off 76
time 29
note_on 77
velocity 67
time 32
note_off 55
time 52
note_off 64
time 130
note_off 77
time 3
note_on 79
velocity 69
time 32
note_off 62
time 3
note_on 77
velocity 66
time 6
note_on 64
velocity 49
time 10
note_on 57
velocity 41
time 3
note_off 79
time 0
note_off 77
time 218
note_on 76
velocity 61
time 11
note_on 74
velocity 62
time 100
note_off 76
time 3
note_off 64
time 41
note_off 57
time 48
note_off 74
time 165
note_on 73
velocity 46
time 18
note_off 73
time 123
note_on 74
velocity 39
time 1
note_on 62
velocity 16
time 5
note_on 50
velocity 32
time 6
note_on 70
velocity 51
time 151
note_off 74
time 26
note_off 50
time 2
note_on 55
velocity 45
time 16
note_off 62
time 5
note_on 69
velocity 59
time 83
note_off 70
time 32
note_on 53
velocity 56
time 230
note_off 55
time 28
note_on 67
velocity 74
time 225
note_off 69
time 65
note_off 53
time 10
note_on 52
velocity 60
time 3
note_on 65
velocity 73
time 6
note_off 67
time 10
note_on 50
velocity 52
time 15
note_off 52
time 1
note_on 64
velocity 74
time 173
note_off 65
time 15
note_off 50
time 182
note_on 55
velocity 44
time 55
note_on 62
velocity 58
time 268
note_off 64
time 18
note_off 55
time 197
note_on 57
velocity 44
time 57
note_on 61
velocity 51
time 335
note_off 62
time 5
note_on 45
velocity 39
time 6
note_off 57
time 147
note_on 62
velocity 36
time 140
note_off 61
time 10
note_off 45
time 13
note_on 50
velocity 25
time 10
note_off 62
time 0
note_off 50
time 3
note_on 82
velocity 45
time 18
note_on 70
velocity 22
time 7
note_on 43
velocity 32
time 36
note_on 55
velocity 33
time 3
note_off 82
time 15
note_off 70
time 1
note_off 55
time 0
note_off 43
time 49
note_on 81
velocity 67
time 126
note_on 69
velocity 41
time 18
note_on 41
velocity 40
time 0
note_on 53
velocity 31
time 0
note_off 81
time 5
note_off 69
time 2
note_off 53
time 26
note_off 41
time 29
note_on 79
velocity 69
time 98
note_on 67
velocity 51
time 7
note_on 52
velocity 42
time 10
note_on 40
velocity 38
time 6
note_off 79
time 19
note_off 67
time 7
note_off 52
time 5
note_off 40
time 36
note_on 77
velocity 63
time 18
note_on 65
velocity 38
time 32
note_on 50
velocity 34
time 11
note_on 38
velocity 34
time 1
note_off 77
time 26
note_off 65
time 16
note_off 38
time 18
note_off 50
time 27
note_on 76
velocity 66
time 3
note_on 64
velocity 17
time 37
note_on 55
velocity 43
time 13
note_off 76
time 18
note_off 64
time 5
note_off 55
time 20
note_on 74
velocity 53
time 11
note_on 62
velocity 22
time 24
note_on 57
velocity 43
time 14
note_off 74
time 7
note_on 69
velocity 49
time 53
note_off 62
time 2
note_off 69
time 44
note_on 64
velocity 49
time 5
note_on 45
velocity 35
time 0
note_off 57
time 158
note_on 73
velocity 48
time 207
note_on 67
velocity 38
time 16
note_off 45
time 14
note_off 73
time 13
note_off 67
time 54
note_off 64
time 18
note_on 73
velocity 57
time 1
note_on 67
velocity 37
time 14
note_on 64
velocity 37
time 2
note_on 45
velocity 36
time 11
note_on 50
velocity 26
time 3
note_on 38
velocity 31
time 0
note_off 64
time 0
note_off 73
time 13
note_off 67
time 18
note_on 69
velocity 29
time 9
note_on 74
velocity 40
time 3
note_on 65
velocity 19
time 18
note_off 74
time 169
note_off 69
time 1
note_off 45
time 9
note_off 65
time 0
note_off 50
time 1
note_off 38
time 2
