note_on 43
velocity 24
time 14
note_on 50
velocity 40
time 170
note_on 55
velocity 54
time 134
note_on 58
velocity 71
time 57
note_on 67
velocity 71
time 6
note_off 43
time 18
note_off 55
time 246
note_off 50
time 54
note_on 65
velocity 56
time 84
note_off 58
time 40
note_on 43
velocity 44
time 1
note_on 63
velocity 62
time 40
note_on 58
velocity 39
time 14
note_off 67
time 2
note_off 65
time 18
note_on 55
velocity 64
time 118
note_on 62
velocity 60
time 20
note_off 63
time 0
note_off 58
time 22
note_on 53
velocity 57
time 1
note_off 43
time 14
note_off 55
time 10
note_off 53
time 10
note_on 55
velocity 59
time 9
note_on 51
velocity 44
time 13
note_on 43
velocity 15
time 5
note_on 60
velocity 52
time 3
note_off 55
time 15
note_off 62
time 10
note_off 60
time 16
note_on 50
velocity 38
time 7
note_on 70
velocity 60
time 15
note_on 58
velocity 41
time 7
note_off 51
time 9
note_off 43
time 14
note_off 50
time 97
note_on 46
velocity 34
time 13
note_on 50
velocity 40
time 15
note_off 58
time 14
note_off 70
time 37
note_on 69
velocity 66
time 72
note_on 58
velocity 52
time 1
note_on 67
velocity 70
time 1
note_off 46
time 28
note_off 50
time 50
note_off 69
time 9
note_on 48
velocity 55
time 41
note_on 50
velocity 48
time 5
note_off 58
time 3
note_on 66
velocity 71
time 2
note_off 48
time 9
note_off 67
time 3
note_on 60
velocity 53
time 13
note_on 57
velocity 40
time 0
note_off 60
time 14
note_off 50
time 7
note_off 57
time 0
note_on 67
velocity 56
time 11
note_on 55
velocity 44
time 13
note_on 58
velocity 39
time 15
note_off 66
time 7
note_off 58
time 3
note_on 48
velocity 47
time 29
note_off 55
time 37
note_on 46
velocity 42
time 3
note_off 48
time 6
note_on 69
velocity 51
time 282
note_on 45
velocity 45
time 20
note_on 60
velocity 27
time 0
note_off 67
time 19
note_off 46
time 24
note_on 54
velocity 54
time 488
note_on 52
velocity 50
time 235
note_off 69
time 0
note_off 54
time 32
note_on 53
velocity 45
time 9
note_on 69
velocity 51
time 6
note_off 52
time 3
note_off 60
time 39
note_off 45
time 239
note_on 58
velocity 53
time 15
note_on 57
velocity 49
time 15
note_off 58
time 2
note_on 62
velocity 47
time 26
note_on 46
velocity 44
time 13
note_off 57
time 6
note_off 53
time 14
note_on 67
velocity 62
time 35
note_on 65
velocity 67
time 253
note_off 69
time 40
note_off 67
time 40
note_on 52
velocity 42
time 239
note_on 67
velocity 68
time 104
note_off 65
time 148
note_on 69
velocity 69
time 269
note_off 67
time 118
note_on 50
velocity 54
time 128
note_off 46
time 49
note_off 52
time 45
note_on 67
velocity 71
time 170
note_off 69
time 29
note_on 52
velocity 51
time 326
note_on 45
velocity 44
time 2
note_off 50
time 65
note_on 69
velocity 70
time 122
note_off 62
time 75
note_off 67
time 91
note_on 62
velocity 53
time 208
note_on 61
velocity 56
time 295
note_off 62
time 9
note_on 43
velocity 38
time 13
note_off 45
time 3
note_on 59
velocity 53
time 251
note_off 61
time 28
note_off 59
time 226
note_on 61
velocity 48
time 13
note_on 45
velocity 37
time 39
note_off 43
time 19
note_on 62
velocity 43
time 259
note_off 61
time 62
note_off 52
time 118
note_on 67
velocity 50
time 141
note_off 69
time 66
note_off 62
time 83
note_on 61
velocity 42
time 160
note_on 66
velocity 47
time 397
note_off 67
time 7
note_on 62
velocity 28
time 3
note_on 38
velocity 24
time 16
note_on 50
velocity 31
time 0
note_off 61
time 50
note_off 45
time 79
note_on 67
velocity 39
time 480
note_off 66
time 45
note_off 38
time 5
note_on 69
velocity 48
time 5
note_off 67
time 76
note_on 52
velocity 37
time 10
note_on 60
velocity 39
time 3
note_off 50
time 14
note_off 62
time 7
note_on 57
velocity 38
time 13
note_on 54
velocity 34
time 5
note_on 50
velocity 31
time 5
note_off 52
time 3
note_off 69
time 15
note_off 60
time 28
note_on 67
velocity 46
time 1
note_off 57
time 76
note_off 67
time 10
note_on 67
velocity 42
time 10
note_on 58
velocity 37
time 6
note_on 55
velocity 36
time 3
note_off 54
time 16
note_off 50
time 1
note_off 55
time 28
note_off 58
time 9
note_off 67
time 16
note_on 57
velocity 52
time 22
note_on 38
velocity 23
time 6
note_on 50
velocity 31
time 6
note_off 57
time 115
note_on 66
velocity 64
time 53
note_off 66
time 255
note_on 67
velocity 74
time 3
note_on 69
velocity 80
time 194
note_off 67
time 45
note_on 70
velocity 83
time 115
note_off 69
time 27
note_off 70
time 84
note_on 72
velocity 83
time 18
note_on 74
velocity 87
time 119
note_off 72
time 13
note_off 74
time 85
note_on 75
velocity 91
time 24
note_off 75
time 79
note_on 74
velocity 83
time 61
note_off 74
time 70
note_on 72
velocity 76
time 69
note_off 72
time 96
note_on 70
velocity 77
time 65
note_off 70
time 74
note_on 69
velocity 62
time 141
note_off 69
time 44
note_on 67
velocity 59
time 190
note_off 67
time 50
note_on 66
velocity 56
time 330
note_off 38
time 15
note_off 50
time 16
note_on 55
velocity 42
time 15
note_on 43
velocity 33
time 7
note_on 67
velocity 46
time 14
note_on 59
velocity 38
time 10
note_off 66
time 31
note_on 53
velocity 40
time 2
note_on 60
velocity 38
time 5
note_on 51
velocity 44
time 0
note_off 53
time 18
note_off 59
time 9
note_off 55
time 0
note_off 43
time 9
note_off 51
time 18
note_off 67
time 22
note_on 67
velocity 42
time 1
note_on 43
velocity 29
time 10
note_on 50
velocity 27
time 7
note_on 59
velocity 53
time 33
note_off 60
time 54
note_on 60
velocity 43
time 39
note_off 59
time 7
note_on 59
velocity 40
time 127
note_off 60
time 45
note_off 59
time 0
note_on 57
velocity 36
time 49
note_off 43
time 7
note_off 50
time 13
note_off 57
time 2
note_off 67
time 32
note_on 43
velocity 38
time 11
note_on 50
velocity 36
time 23
note_on 55
velocity 36
time 96
note_on 59
velocity 42
time 44
note_on 62
velocity 33
time 174
note_off 62
time 407
note_on 67
velocity 47
time 5
note_off 43
time 225
note_off 55
time 1
note_off 50
time 11
note_off 59
time 309
note_off 67
time 141
note_on 43
velocity 48
time 13
note_on 50
velocity 56
time 11
note_on 55
velocity 73
time 128
note_on 58
velocity 76
time 101
note_on 67
velocity 85
time 2
note_off 67
time 75
note_off 58
time 7
note_off 55
time 48
note_on 57
velocity 63
time 11
note_off 43
time 18
note_on 58
velocity 75
time 93
note_off 57
time 10
note_off 58
time 62
note_off 50
time 13
note_on 60
velocity 76
time 3
note_on 62
velocity 68
time 29
note_off 60
time 26
note_on 63
velocity 81
time 96
note_off 62
time 49
note_on 65
velocity 73
time 0
note_off 63
time 18
note_on 63
velocity 78
time 13
note_on 55
velocity 69
time 3
note_on 58
velocity 65
time 1
note_on 43
velocity 56
time 6
note_off 65
time 1
note_on 62
velocity 62
time 1075
note_off 58
time 93
note_off 63
time 126
note_on 45
velocity 50
time 55
note_off 55
time 83
note_on 46
velocity 61
time 93
note_off 43
time 2
note_off 45
time 57
note_on 48
velocity 60
time 92
note_off 46
time 69
note_off 48
time 32
note_on 50
velocity 63
time 18
note_off 62
time 76
note_off 50
time 70
note_on 51
velocity 60
time 1
note_off 51
time 93
note_on 53
velocity 59
time 15
note_on 51
velocity 58
time 190
note_off 53
time 10
note_on 43
velocity 52
time 6
note_on 58
velocity 65
time 126
note_off 58
time 106
note_on 60
velocity 50
time 13
note_on 62
velocity 62
time 115
note_off 60
time 41
note_on 63
velocity 77
time 85
note_off 62
time 27
note_off 63
time 80
note_on 65
velocity 77
time 6
note_on 67
velocity 81
time 113
note_off 65
time 58
note_on 69
velocity 77
time 61
note_off 67
time 61
note_on 70
velocity 72
time 122
note_off 69
time 6
note_on 50
velocity 53
time 31
note_off 51
time 49
note_on 58
velocity 67
time 231
note_on 60
velocity 61
time 313
note_on 45
velocity 46
time 15
note_off 58
time 74
note_off 50
time 108
note_off 43
time 3
note_on 62
velocity 61
time 309
note_on 46
velocity 52
time 16
note_off 60
time 41
note_off 45
time 78
note_off 70
time 69
note_on 48
velocity 58
time 44
note_off 46
time 65
note_off 48
time 48
note_on 50
velocity 60
time 13
note_on 51
velocity 66
time 126
note_off 50
time 6
note_on 69
velocity 75
time 9
note_on 53
velocity 62
time 105
note_off 51
time 41
note_off 53
time 28
note_on 55
velocity 67
time 32
note_on 57
velocity 64
time 118
note_off 55
time 13
note_off 57
time 148
note_on 58
velocity 61
time 14
note_on 67
velocity 73
time 41
note_off 69
time 32
note_off 62
time 449
note_on 48
velocity 47
time 61
note_on 50
velocity 37
time 562
note_on 66
velocity 65
time 109
note_off 48
time 5
note_on 62
velocity 3
time 52
note_off 67
time 50
note_off 58
time 10
note_off 62
time 29
note_on 60
velocity 46
time 9
note_on 57
velocity 19
time 7
note_off 50
time 2
note_off 60
time 6
note_off 57
time 0
note_on 67
velocity 47
time 9
note_on 58
velocity 36
time 7
note_on 55
velocity 38
time 5
note_off 66
time 18
note_off 58
time 7
note_on 48
velocity 53
time 5
note_on 50
velocity 60
time 101
note_off 48
time 52
note_off 55
time 63
note_off 50
time 2
note_on 51
velocity 63
time 22
note_off 51
time 118
note_on 50
velocity 63
time 11
note_on 48
velocity 61
time 148
note_off 50
time 1
note_off 48
time 125
note_on 46
velocity 53
time 3
note_on 45
velocity 48
time 216
note_on 69
velocity 47
time 1
note_on 60
velocity 15
time 20
note_off 46
time 29
note_off 67
time 61
note_on 54
velocity 50
time 276
note_on 55
velocity 57
time 147
note_off 55
time 98
note_on 57
velocity 67
time 10
note_off 54
time 50
note_on 55
velocity 51
time 104
note_off 55
time 48
note_on 54
velocity 56
time 28
note_off 57
time 83
note_off 54
time 20
note_on 52
velocity 62
time 26
note_off 60
time 19
note_off 52
time 117
note_on 53
velocity 56
time 23
note_off 69
time 364
note_on 59
velocity 53
time 2
note_on 60
velocity 54
time 139
note_off 59
time 28
note_off 45
time 19
note_on 62
velocity 56
time 67
note_off 60
time 19
note_off 62
time 89
note_on 60
velocity 59
time 14
note_off 60
time 66
note_on 58
velocity 56
time 54
note_off 58
time 136
note_on 57
velocity 54
time 15
note_off 57
time 209
note_on 62
velocity 45
time 35
note_on 46
velocity 40
time 19
note_off 53
time 118
note_on 67
velocity 64
time 221
note_on 69
velocity 61
time 148
note_off 67
time 58
note_on 70
velocity 73
time 61
note_off 69
time 7
note_on 69
velocity 80
time 132
note_off 70
time 20
note_on 67
velocity 79
time 109
note_off 69
time 39
note_off 67
time 89
note_on 65
velocity 73
time 5
note_on 67
velocity 81
time 119
note_off 65
time 52
note_on 52
velocity 53
time 238
note_off 46
time 72
note_on 53
velocity 63
time 76
note_off 52
time 37
note_off 53
time 45
note_on 55
velocity 63
time 14
note_off 55
time 135
note_on 53
velocity 56
time 7
note_on 52
velocity 57
time 11
note_off 53
time 7
note_off 52
time 15
note_on 50
velocity 57
time 14
note_off 50
time 26
note_on 52
velocity 45
time 9
note_on 45
velocity 47
time 5
note_on 69
velocity 58
time 1
note_off 67
time 1
note_off 62
time 70
note_on 61
velocity 61
time 28
note_on 62
velocity 62
time 46
note_off 61
time 10
note_off 62
time 71
note_on 64
velocity 72
time 7
note_off 45
time 19
note_on 43
velocity 49
time 2
note_on 62
velocity 59
time 78
note_off 64
time 11
note_off 62
time 6
note_on 61
velocity 58
time 48
note_off 61
time 13
note_on 59
velocity 60
time 19
note_off 43
time 96
note_on 45
velocity 26
time 31
note_on 61
velocity 55
time 15
note_off 59
time 5
note_off 52
time 0
note_on 54
velocity 52
time 9
note_on 55
velocity 53
time 14
note_off 54
time 2
note_off 55
time 14
note_on 57
velocity 58
time 0
note_on 55
velocity 50
time 16
note_off 55
time 58
note_on 54
velocity 50
time 0
note_off 45
time 7
note_off 57
time 3
note_off 54
time 18
note_on 52
velocity 42
time 10
note_off 52
time 16
note_on 62
velocity 39
time 9
note_on 50
velocity 33
time 6
note_on 38
velocity 39
time 2
note_off 61
time 15
note_off 69
time 217
note_on 66
velocity 54
time 7
note_on 67
velocity 61
time 15
note_off 66
time 54
note_off 67
time 63
note_on 69
velocity 64
time 1
note_on 67
velocity 65
time 138
note_off 69
time 0
note_off 67
time 91
note_on 66
velocity 64
time 7
note_off 62
time 42
note_on 64
velocity 55
time 101
note_off 66
time 11
note_off 64
time 148
note_on 62
velocity 34
time 2
note_on 46
velocity 51
time 321
note_off 50
time 88
note_on 48
velocity 58
time 70
note_off 38
time 57
note_off 46
time 32
note_off 48
time 23
note_on 50
velocity 61
time 10
note_on 48
velocity 63
time 156
note_off 50
time 1
note_on 46
velocity 57
time 122
note_off 48
time 23
note_off 62
time 93
note_off 46
time 24
note_on 45
velocity 47
time 18
note_on 62
velocity 34
time 274
note_on 46
velocity 40
time 11
note_off 45
time 14
note_on 38
velocity 29
time 29
note_on 67
velocity 50
time 299
note_on 69
velocity 64
time 149
note_off 67
time 78
note_on 70
velocity 72
time 57
note_off 69
time 11
note_on 69
velocity 70
time 123
note_off 46
time 58
note_on 67
velocity 68
time 53
note_off 70
time 31
note_off 69
time 35
note_on 66
velocity 74
time 71
note_off 67
time 2
note_on 67
velocity 64
time 134
note_off 66
time 9
note_on 45
velocity 47
time 324
note_off 38
time 152
note_on 46
velocity 54
time 0
note_off 45
time 22
note_off 46
time 57
note_on 48
velocity 56
time 40
note_off 48
time 132
note_on 46
velocity 49
time 15
note_off 46
time 136
note_on 45
velocity 39
time 1
note_off 62
time 20
note_off 45
time 104
note_on 43
velocity 44
time 48
note_on 62
velocity 36
time 274
note_on 45
velocity 35
time 2
note_off 43
time 14
note_on 38
velocity 30
time 1
note_off 67
time 58
note_on 66
velocity 46
time 281
note_off 66
time 144
note_on 67
velocity 51
time 3
note_off 67
time 110
note_on 69
velocity 53
time 15
note_off 69
time 121
note_on 67
velocity 57
time 23
note_off 67
time 98
note_on 66
velocity 52
time 27
note_off 38
time 117
note_off 66
time 10
note_on 64
velocity 45
time 36
note_off 64
time 149
note_on 66
velocity 43
time 13
note_on 47
velocity 45
time 289
note_off 45
time 27
note_off 47
time 147
note_on 48
velocity 49
time 7
note_off 48
time 113
note_on 50
velocity 56
time 29
note_off 62
time 98
note_off 50
time 70
note_on 48
velocity 52
time 7
note_on 47
velocity 50
time 187
note_off 48
time 3
note_off 47
time 152
note_on 45
velocity 39
time 42
note_on 67
velocity 40
time 346
note_off 45
time 9
note_on 59
velocity 36
time 10
note_on 55
velocity 28
time 1
note_on 43
velocity 29
time 11
note_off 66
time 108
note_off 59
time 15
note_on 60
velocity 47
time 0
note_off 60
time 11
note_on 62
velocity 54
time 9
note_off 62
time 1
note_on 63
velocity 64
time 0
note_off 63
time 2
note_on 62
velocity 54
time 2
note_off 62
time 14
note_on 60
velocity 52
time 11
note_off 60
time 67
note_on 58
velocity 56
time 33
note_on 51
velocity 41
time 148
note_off 55
time 16
note_on 60
velocity 47
time 0
note_off 58
time 2
note_off 51
time 69
note_on 50
velocity 51
time 23
note_on 51
velocity 54
time 182
note_off 43
time 10
note_off 50
time 35
note_off 51
time 75
note_on 53
velocity 51
time 33
note_off 53
time 162
note_on 51
velocity 49
time 16
note_off 67
time 102
note_on 50
velocity 38
time 59
note_off 51
time 23
note_off 50
time 143
note_on 48
velocity 37
time 61
note_on 43
velocity 26
time 354
note_on 50
velocity 34
time 10
note_on 67
velocity 39
time 13
note_off 60
time 67
note_off 48
time 57
note_on 59
velocity 50
time 334
note_on 60
velocity 42
time 240
note_off 59
time 79
note_on 62
velocity 36
time 171
note_off 60
time 13
note_on 60
velocity 39
time 260
note_off 62
time 29
note_off 60
time 151
note_on 59
velocity 42
time 165
note_off 59
time 54
note_on 57
velocity 39
time 376
note_off 57
time 72
note_on 59
velocity 28
time 828
note_off 43
time 6
note_off 50
time 0
note_off 59
time 88
note_off 67
time 6
note_on 66
velocity 40
time 14
note_on 62
velocity 24
time 1
note_on 50
velocity 32
time 5
note_on 38
velocity 29
time 1
note_off 38
time 2
note_off 50
time 70
note_on 67
velocity 64
time 95
note_off 62
time 148
note_on 54
velocity 43
time 6
note_on 50
velocity 37
time 10
note_on 69
velocity 63
time 10
note_off 66
time 16
note_on 62
velocity 32
time 1
note_off 67
time 15
note_on 70
velocity 71
time 700
note_off 62
time 111
note_off 69
time 19
note_on 64
velocity 61
time 3
note_on 55
velocity 59
time 9
note_off 50
time 2
note_off 54
time 3
note_on 65
velocity 61
time 11
note_on 57
velocity 50
time 2
note_on 50
velocity 46
time 6
note_off 55
time 2
note_off 70
time 29
note_off 64
time 136
note_on 69
velocity 69
time 18
note_on 67
velocity 69
time 11
note_on 58
velocity 45
time 7
note_on 62
velocity 26
time 13
note_off 65
time 6
note_off 57
time 0
note_off 50
time 26
note_off 69
time 40
note_on 65
velocity 62
time 36
note_off 67
time 96
note_off 62
time 20
note_on 67
velocity 52
time 14
note_on 51
velocity 37
time 2
note_off 65
time 5
note_off 58
time 72
note_on 60
velocity 39
time 42
note_off 60
time 36
note_on 58
velocity 50
time 19
note_on 60
velocity 55
time 15
note_off 67
time 7
note_on 57
velocity 43
time 3
note_off 58
time 16
note_on 55
velocity 44
time 162
note_on 72
velocity 69
time 85
note_off 51
time 19
note_off 60
time 125
note_on 50
velocity 44
time 13
note_on 70
velocity 78
time 29
note_on 62
velocity 36
time 1
note_off 55
time 23
note_off 72
time 6
note_off 57
time 7
note_on 54
velocity 55
time 2
note_off 54
time 117
note_off 50
time 9
note_on 52
velocity 53
time 13
note_off 52
time 3
note_on 53
velocity 46
time 9
note_on 50
velocity 45
time 6
note_on 69
velocity 74
time 6
note_off 62
time 18
note_off 70
time 44
note_on 64
velocity 73
time 2
note_off 53
time 9
note_on 55
velocity 52
time 9
note_off 69
time 65
note_on 69
velocity 72
time 18
note_on 65
velocity 66
time 0
note_on 57
velocity 50
time 3
note_off 55
time 11
note_off 64
time 7
note_off 57
time 13
note_on 55
velocity 49
time 24
note_on 70
velocity 73
time 16
note_on 62
velocity 47
time 7
note_off 65
time 24
note_off 69
time 5
note_off 55
time 59
note_on 53
velocity 46
time 36
note_off 53
time 6
note_on 72
velocity 70
time 7
note_on 63
velocity 64
time 0
note_on 55
velocity 50
time 6
note_on 48
velocity 46
time 10
note_off 50
time 15
note_off 62
time 20
note_off 70
time 88
note_on 60
velocity 76
time 13
note_on 57
velocity 49
time 13
note_off 63
time 0
note_off 55
time 5
note_off 57
time 0
note_off 48
time 6
note_off 60
time 53
note_on 46
velocity 49
time 3
note_on 58
velocity 42
time 6
note_on 74
velocity 71
time 7
note_on 67
velocity 59
time 0
note_off 72
time 13
note_on 65
velocity 63
time 23
note_off 67
time 91
note_off 74
time 109
note_off 46
time 23
note_off 58
time 7
note_on 53
velocity 39
time 9
note_on 48
velocity 35
time 9
note_on 56
velocity 30
time 5
note_off 53
time 13
note_on 72
velocity 59
time 14
note_off 65
time 2
note_on 60
velocity 54
time 3
note_off 56
time 53
note_on 55
velocity 45
time 13
note_off 48
time 18
note_on 63
velocity 63
time 7
note_off 60
time 15
note_on 46
velocity 44
time 26
note_on 45
velocity 41
time 14
note_on 53
velocity 39
time 1
note_off 46
time 10
note_on 70
velocity 67
time 16
note_off 45
time 2
note_off 72
time 11
note_off 70
time 76
note_off 55
time 28
note_on 70
velocity 58
time 10
note_on 62
velocity 34
time 6
note_on 46
velocity 43
time 14
note_off 53
time 16
note_off 70
time 14
note_off 63
time 15
note_on 52
velocity 40
time 7
note_off 46
time 106
note_on 50
velocity 42
time 27
note_off 52
time 29
note_off 50
time 24
note_on 41
velocity 43
time 16
note_on 69
velocity 55
time 1
note_on 53
velocity 32
time 9
note_off 62
time 5
note_on 57
velocity 50
time 382
note_on 60
velocity 59
time 479
note_off 69
time 311
note_on 48
velocity 58
time 139
note_off 41
time 83
note_on 51
velocity 57
time 391
note_on 43
velocity 40
time 18
note_on 67
velocity 67
time 141
note_off 48
time 15
note_off 53
time 71
note_off 57
time 14
note_off 60
time 234
note_on 55
velocity 60
time 69
note_on 58
velocity 67
time 434
note_on 50
velocity 52
time 7
note_off 51
time 177
note_off 55
time 255
note_on 62
velocity 61
time 31
note_off 50
time 15
note_off 67
time 0
note_on 50
velocity 52
time 10
note_on 66
velocity 72
time 15
note_off 58
time 16
note_on 60
velocity 65
time 5
note_off 66
time 13
note_off 62
time 16
note_off 43
time 15
note_on 67
velocity 64
time 10
note_on 55
velocity 41
time 5
note_on 58
velocity 48
time 1
note_off 60
time 14
note_off 50
time 63
note_off 58
time 7
note_on 50
velocity 47
time 13
note_on 62
velocity 41
time 11
note_on 57
velocity 52
time 7
note_on 69
velocity 67
time 0
note_off 55
time 14
note_off 67
time 18
note_on 55
velocity 58
time 417
note_on 54
velocity 62
time 454
note_off 55
time 135
note_on 52
velocity 61
time 385
note_off 54
time 35
note_off 50
time 27
note_on 54
velocity 57
time 571
note_off 52
time 45
note_on 50
velocity 50
time 18
note_off 54
time 22
note_off 50
time 53
note_on 50
velocity 46
time 3
note_on 45
velocity 28
time 0
note_on 42
velocity 39
time 9
note_off 45
time 5
note_off 57
time 204
note_off 42
time 19
note_on 38
velocity 35
time 26
note_off 62
time 10
note_off 38
time 7
note_off 50
time 13
note_on 50
velocity 39
time 14
note_on 66
velocity 61
time 15
note_on 62
velocity 30
time 6
note_off 62
time 10
note_off 69
time 138
note_on 62
velocity 37
time 61
note_on 60
velocity 40
time 3
note_off 60
time 84
note_on 58
velocity 52
time 31
note_off 58
time 126
note_on 60
velocity 51
time 20
note_off 60
time 92
note_on 58
velocity 55
time 62
note_off 58
time 100
note_on 57
velocity 50
time 46
note_off 57
time 121
note_on 55
velocity 53
time 6
note_off 55
time 104
note_on 57
velocity 59
time 16
note_off 57
time 3
note_on 55
velocity 53
time 16
note_off 55
time 13
note_on 67
velocity 68
time 6
note_on 57
velocity 57
time 9
note_off 57
time 110
note_off 62
time 13
note_on 55
velocity 52
time 2
note_off 66
time 0
note_off 50
time 105
note_on 54
velocity 52
time 41
note_off 55
time 98
note_off 54
time 44
note_on 52
velocity 46
time 20
note_on 69
velocity 57
time 13
note_on 54
velocity 34
time 11
note_on 62
velocity 28
time 1
note_on 50
velocity 41
time 1
note_off 52
time 6
note_off 67
time 10
note_off 62
time 54
note_on 60
velocity 52
time 24
note_on 62
velocity 49
time 145
note_off 60
time 16
note_on 63
velocity 64
time 115
note_off 69
time 7
note_off 62
time 52
note_off 63
time 75
note_on 65
velocity 68
time 11
note_on 67
velocity 73
time 143
note_off 65
time 44
note_on 69
velocity 70
time 91
note_off 67
time 42
note_on 70
velocity 71
time 143
note_on 62
velocity 47
time 19
note_off 69
time 1
note_on 74
velocity 76
time 9
note_off 62
time 22
note_off 70
time 13
note_on 72
velocity 77
time 1
note_on 64
velocity 62
time 1
note_on 55
velocity 52
time 15
note_off 54
time 55
note_off 50
time 13
note_on 70
velocity 82
time 0
note_off 64
time 41
note_off 74
time 67
note_off 55
time 1
note_off 72
time 11
note_on 69
velocity 77
time 3
note_on 57
velocity 52
time 14
note_on 50
velocity 48
time 2
note_on 65
velocity 48
time 1
note_off 70
time 20
note_off 50
time 74
note_on 48
velocity 59
time 3
note_on 50
velocity 60
time 18
note_off 48
time 24
note_off 57
time 65
note_on 51
velocity 65
time 72
note_off 65
time 23
note_off 50
time 18
note_on 53
velocity 57
time 44
note_off 51
time 5
note_off 53
time 52
note_on 55
velocity 58
time 13
note_off 55
time 162
note_on 57
velocity 54
time 18
note_on 67
velocity 61
time 235
note_off 57
time 6
note_on 58
velocity 48
time 3
note_on 62
velocity 27
time 7
note_on 50
velocity 40
time 5
note_off 69
time 101
note_on 65
velocity 49
time 41
note_off 67
time 80
note_off 62
time 196
note_on 51
velocity 35
time 32
note_on 67
velocity 46
time 7
note_off 65
time 41
note_off 50
time 9
note_off 58
time 10
note_on 62
velocity 38
time 152
note_on 60
velocity 62
time 164
note_off 62
time 48
note_on 58
velocity 74
time 242
note_off 60
time 32
note_off 67
time 248
note_on 57
velocity 57
time 1
note_on 60
velocity 67
time 3
note_off 58
time 42
note_on 72
velocity 82
time 277
note_on 55
velocity 51
time 286
note_on 70
velocity 75
time 13
note_off 51
time 40
note_on 69
velocity 70
time 244
note_off 60
time 6
note_off 72
time 24
note_off 70
time 46
note_on 50
velocity 48
time 257
note_on 70
velocity 73
time 14
note_on 62
velocity 31
time 13
note_off 57
time 18
note_off 69
time 10
note_off 55
time 105
note_on 55
velocity 56
time 132
note_on 54
velocity 57
time 14
note_off 55
time 11
note_off 54
time 3
note_on 52
velocity 56
time 41
note_on 53
velocity 54
time 3
note_off 62
time 7
note_on 69
velocity 62
time 3
note_off 52
time 27
note_off 70
time 3
note_off 50
time 2
note_on 60
velocity 59
time 7
note_on 62
velocity 61
time 31
note_off 60
time 14
note_off 62
time 29
note_on 67
velocity 71
time 65
note_on 64
velocity 67
time 1
note_off 69
time 95
note_on 50
velocity 54
time 3
note_on 69
velocity 74
time 6
note_on 65
velocity 63
time 2
note_off 64
time 15
note_off 67
time 22
note_off 53
time 53
note_on 64
velocity 71
time 205
note_on 67
velocity 79
time 2
note_off 65
time 57
note_off 69
time 36
note_on 69
velocity 72
time 174
note_on 65
velocity 68
time 6
note_on 53
velocity 52
time 1
note_off 64
time 40
note_off 67
time 23
note_on 70
velocity 84
time 208
note_on 62
velocity 64
time 11
note_off 65
time 22
note_off 69
time 1
note_on 48
velocity 54
time 335
note_on 55
velocity 56
time 11
note_off 53
time 55
note_off 50
time 9
note_on 72
velocity 79
time 7
note_on 63
velocity 71
time 15
note_off 62
time 46
note_off 70
time 15
note_on 62
velocity 73
time 285
note_on 53
velocity 58
time 7
note_off 55
time 10
note_off 63
time 39
note_off 53
time 178
note_on 55
velocity 58
time 26
note_on 63
velocity 83
time 0
note_off 62
time 33
note_on 60
velocity 72
time 231
note_on 57
velocity 51
time 15
note_off 55
time 9
note_off 63
time 0
note_off 48
time 20
note_off 57
time 16
note_off 60
time 6
note_on 58
velocity 64
time 2
note_on 46
velocity 58
time 16
note_on 74
velocity 83
time 15
note_off 72
time 111
note_on 67
velocity 76
time 242
note_on 65
velocity 73
time 278
note_off 67
time 42
note_off 58
time 214
note_on 63
velocity 75
time 52
note_off 65
time 55
note_on 65
velocity 73
time 243
note_off 63
time 114
note_on 58
velocity 65
time 170
note_off 46
time 229
note_on 57
velocity 65
time 71
note_off 58
time 41
note_off 74
time 149
note_on 55
velocity 61
time 118
note_off 57
time 2
note_on 56
velocity 49
time 436
note_on 48
velocity 45
time 24
note_on 72
velocity 67
time 67
note_off 65
time 95
note_off 55
time 71
note_on 65
velocity 70
time 248
note_on 64
velocity 69
time 322
note_off 65
time 62
note_on 62
velocity 54
time 227
note_off 64
time 32
note_off 56
time 233
note_off 48
time 5
note_on 63
velocity 59
time 13
note_on 55
velocity 39
time 3
note_off 62
time 42
note_on 46
velocity 50
time 279
note_off 72
time 240
note_off 46
time 57
note_on 45
velocity 47
time 1
note_off 55
time 127
note_on 43
velocity 38
time 165
note_off 45
time 10
note_on 72
velocity 55
time 356
note_on 53
velocity 20
time 10
note_off 43
time 1
note_on 45
velocity 39
time 6
note_off 63
time 37
note_on 63
velocity 50
time 399
note_off 72
time 186
note_off 45
time 58
note_on 62
velocity 56
time 71
note_off 63
time 257
note_on 60
velocity 65
time 11
note_off 62
time 53
note_on 62
velocity 56
time 244
note_on 46
velocity 33
time 10
note_on 50
velocity 39
time 3
note_off 53
time 119
note_on 70
velocity 73
time 157
note_on 52
velocity 48
time 290
note_on 69
velocity 74
time 6
note_off 70
time 55
note_off 46
time 29
note_off 62
time 28
note_off 50
time 1
note_off 52
time 1
note_on 67
velocity 76
time 10
note_off 69
time 2
note_off 60
time 6
note_on 53
velocity 39
time 11
note_on 41
velocity 47
time 3
note_on 69
velocity 73
time 85
note_off 67
time 131
note_on 62
velocity 59
time 283
note_on 60
velocity 65
time 269
note_off 62
time 48
note_off 53
time 195
note_on 58
velocity 69
time 59
note_off 60
time 44
note_on 60
velocity 59
time 242
note_off 58
time 108
note_on 53
velocity 41
time 195
note_off 41
time 3
note_off 53
time 3
note_on 52
velocity 43
time 5
note_off 52
time 10
note_on 50
velocity 43
time 2
note_off 69
time 29
note_on 67
velocity 46
time 32
note_on 43
velocity 30
time 7
note_on 51
velocity 37
time 22
note_off 60
time 115
note_off 50
time 6
note_on 60
velocity 50
time 16
note_off 60
time 1
note_on 59
velocity 46
time 19
note_off 59
time 253
note_on 57
velocity 48
time 6
note_off 57
time 227
note_on 58
velocity 51
time 46
note_off 67
time 10
note_on 50
velocity 31
time 6
note_off 51
time 52
note_on 67
velocity 53
time 243
note_on 66
velocity 60
time 6
note_off 43
time 10
note_off 67
time 14
note_off 50
time 6
note_on 64
velocity 68
time 31
note_off 66
time 54
note_on 50
velocity 40
time 2
note_on 38
velocity 38
time 5
note_on 66
velocity 62
time 42
note_off 64
time 50
note_off 58
time 28
note_on 58
velocity 52
time 253
note_on 57
velocity 52
time 10
note_off 58
time 0
note_off 50
time 54
note_on 55
velocity 50
time 0
note_off 57
time 37
note_on 57
velocity 47
time 24
note_off 55
time 18
note_on 48
velocity 45
time 45
note_off 48
time 1
note_off 66
time 6
note_on 46
velocity 45
time 9
note_off 38
time 16
note_on 45
velocity 43
time 0
note_off 46
time 23
note_on 62
velocity 43
time 70
note_on 46
velocity 36
time 31
note_on 38
velocity 30
time 7
note_off 57
time 29
note_off 45
time 82
note_on 57
velocity 53
time 11
note_on 55
velocity 53
time 92
note_off 57
time 41
note_off 46
time 7
note_off 55
time 7
note_on 54
velocity 47
time 10
note_on 55
velocity 43
time 108
note_off 54
time 54
note_on 46
velocity 42
time 259
note_on 45
velocity 33
time 350
note_off 46
time 48
note_off 38
time 121
note_on 43
velocity 37
time 22
note_off 45
time 33
note_off 62
time 148
note_on 62
velocity 27
time 317
note_on 45
velocity 28
time 19
note_on 38
velocity 28
time 1
note_off 43
time 50
note_off 55
time 91
note_on 55
velocity 36
time 307
note_on 54
velocity 36
time 460
note_off 55
time 50
note_on 52
velocity 31
time 192
note_off 54
time 177
note_on 54
velocity 32
time 454
note_off 52
time 207
note_off 38
time 0
note_off 45
time 131
note_off 54
time 31
note_off 62
time 20
note_on 53
velocity 27
time 3
note_on 46
velocity 30
time 10
note_on 62
velocity 36
time 7
note_on 55
velocity 28
time 234
note_off 53
time 5
note_off 46
time 16
note_on 64
velocity 61
time 236
note_off 62
time 9
note_on 50
velocity 40
time 6
note_on 46
velocity 41
time 2
note_off 55
time 2
note_on 65
velocity 67
time 42
note_off 64
time 6
note_on 62
velocity 66
time 48
note_off 65
time 29
note_off 62
time 160
note_off 46
time 42
note_on 58
velocity 57
time 29
note_off 50
time 14
note_on 67
velocity 73
time 0
note_on 62
velocity 17
time 13
note_on 50
velocity 55
time 14
note_on 46
velocity 47
time 13
note_off 46
time 52
note_off 50
time 10
note_on 60
velocity 59
time 27
note_on 48
velocity 43
time 1
note_on 52
velocity 48
time 1
note_off 62
time 13
note_off 58
time 16
note_on 65
velocity 70
time 5
note_off 67
time 10
note_off 65
time 6
note_on 65
velocity 59
time 19
note_on 53
velocity 33
time 7
note_on 57
velocity 33
time 7
note_off 52
time 2
note_off 60
time 10
note_off 48
time 3
note_off 57
time 11
note_on 60
velocity 36
time 15
note_on 48
velocity 36
time 2
note_on 55
velocity 28
time 2
note_off 53
time 10
note_on 64
velocity 61
time 41
note_off 60
time 6
note_off 65
time 65
note_off 64
time 98
note_on 62
velocity 50
time 7
note_on 67
velocity 69
time 22
note_on 63
velocity 64
time 5
note_off 62
time 1
note_off 48
time 10
note_off 55
time 7
note_on 69
velocity 73
time 5
note_off 67
time 14
note_on 43
velocity 47
time 3
note_on 55
velocity 47
time 11
note_on 70
velocity 71
time 11
note_off 69
time 3
note_off 63
time 15
note_on 62
velocity 62
time 114
note_on 60
velocity 68
time 11
note_off 62
time 15
note_on 62
velocity 68
time 11
note_off 60
time 15
note_off 70
time 15
note_on 45
velocity 45
time 32
note_on 72
velocity 77
time 11
note_off 55
time 3
note_on 46
velocity 46
time 2
note_off 45
time 10
note_on 74
velocity 79
time 14
note_off 43
time 13
note_off 62
time 1
note_off 72
time 14
note_off 74
time 2
note_on 62
velocity 52
time 11
note_on 50
velocity 34
time 5
note_on 67
velocity 61
time 14
note_on 58
velocity 59
time 7
note_off 46
time 37
note_off 62
time 0
note_off 50
time 1
note_on 60
velocity 59
time 6
note_off 67
time 57
note_off 58
time 7
note_on 50
velocity 37
time 11
note_on 65
velocity 61
time 0
note_off 60
time 9
note_on 38
velocity 35
time 7
note_on 57
velocity 46
time 7
note_off 50
time 16
note_off 38
time 0
note_on 63
velocity 52
time 10
note_on 55
velocity 43
time 0
note_off 57
time 2
note_on 58
velocity 4
time 0
note_off 55
time 11
note_off 65
time 16
note_on 62
velocity 42
time 24
note_off 63
time 39
note_off 58
time 2
note_on 55
velocity 50
time 11
note_on 51
velocity 41
time 13
note_off 62
time 0
note_on 60
velocity 58
time 71
note_on 58
velocity 72
time 194
note_off 60
time 0
note_on 60
velocity 63
time 222
note_on 75
velocity 84
time 18
note_off 51
time 16
note_off 60
time 14
note_on 62
velocity 58
time 9
note_off 55
time 1
note_on 77
velocity 87
time 5
note_on 50
velocity 49
time 1
note_off 50
time 7
note_off 58
time 6
note_off 75
time 11
note_on 48
velocity 56
time 1
note_on 51
velocity 51
time 0
note_on 55
velocity 53
time 0
note_on 79
velocity 87
time 6
note_off 62
time 164
note_off 77
time 50
note_off 51
time 5
note_off 48
time 7
note_off 55
time 14
note_on 67
velocity 80
time 36
note_off 79
time 13
note_on 63
velocity 74
time 13
note_on 72
velocity 76
time 0
note_on 48
velocity 48
time 5
note_off 67
time 10
note_off 48
time 18
note_on 50
velocity 44
time 6
note_on 65
velocity 75
time 15
note_off 50
time 18
note_off 63
time 6
note_on 67
velocity 67
time 13
note_on 51
velocity 47
time 11
note_on 43
velocity 40
time 0
note_off 65
time 2
note_on 70
velocity 69
time 3
note_off 72
time 2
note_on 69
velocity 73
time 1
note_off 70
time 13
note_on 70
velocity 74
time 39
note_off 43
time 5
note_on 55
velocity 30
time 36
note_on 50
velocity 39
time 3
note_off 51
time 0
note_off 69
time 49
note_off 50
time 337
note_on 72
velocity 62
time 9
note_on 45
velocity 38
time 16
note_off 67
time 36
note_off 70
time 42
note_off 45
time 419
note_on 74
velocity 55
time 1
note_on 53
velocity 31
time 5
note_on 46
velocity 36
time 3
note_off 72
time 41
note_off 55
time 48
note_off 46
time 0
note_off 53
time 10
note_on 62
velocity 34
time 49
note_on 67
velocity 60
time 16
note_off 62
time 7
note_on 51
velocity 17
time 7
note_on 58
velocity 39
time 1
note_on 55
velocity 32
time 9
note_off 74
time 5
note_on 60
velocity 46
time 14
note_on 69
velocity 73
time 2
note_off 67
time 10
note_off 51
time 28
note_off 60
time 9
note_off 55
time 14
note_off 58
time 183
note_on 62
velocity 36
time 5
note_on 50
velocity 32
time 13
note_on 53
velocity 42
time 14
note_on 70
velocity 56
time 13
note_on 74
velocity 67
time 0
note_off 69
time 2
note_on 75
velocity 78
time 10
note_off 50
time 29
note_off 53
time 88
note_on 77
velocity 75
time 45
note_on 69
velocity 62
time 10
note_off 74
time 33
note_off 70
time 44
note_on 55
velocity 59
time 2
note_on 52
velocity 48
time 5
note_off 75
time 16
note_off 52
time 5
note_off 55
time 9
note_on 53
velocity 61
time 9
note_off 62
time 1
note_off 77
time 2
note_on 76
velocity 78
time 16
note_on 64
velocity 61
time 5
note_on 74
velocity 78
time 11
note_off 53
time 1
note_off 64
time 5
note_on 65
velocity 40
time 7
note_off 76
time 39
note_on 55
velocity 55
time 291
note_off 69
time 97
note_on 57
velocity 45
time 329
note_off 65
time 10
note_on 72
velocity 72
time 5
note_off 55
time 221
note_on 64
velocity 46
time 180
note_off 74
time 88
note_on 70
velocity 60
time 10
note_on 62
velocity 30
time 16
note_on 65
velocity 34
time 0
note_on 58
velocity 32
time 11
note_off 57
time 0
note_off 72
time 15
note_off 64
time 2
note_off 62
time 93
note_on 53
velocity 29
time 2
note_off 58
time 1
note_on 69
velocity 51
time 6
note_off 70
time 0
note_off 65
time 35
note_on 64
velocity 46
time 7
note_on 60
velocity 21
time 9
note_off 53
time 10
note_off 64
time 1
note_on 67
velocity 62
time 14
note_on 58
velocity 37
time 1
note_on 55
velocity 31
time 3
note_off 60
time 7
note_off 69
time 74
note_off 55
time 0
note_on 79
velocity 70
time 37
note_off 67
time 46
note_on 69
velocity 54
time 2
note_on 60
velocity 29
time 7
note_on 48
velocity 36
time 2
note_off 58
time 1
note_off 60
time 1
note_on 77
velocity 60
time 9
note_off 79
time 0
note_off 69
time 11
note_off 77
time 16
note_on 75
velocity 52
time 14
note_on 60
velocity 27
time 9
note_on 67
velocity 31
time 3
note_on 77
velocity 67
time 10
note_off 75
time 6
note_off 48
time 36
note_off 77
time 11
note_on 79
velocity 46
time 20
note_off 79
time 1
note_on 77
velocity 52
time 11
note_off 77
time 84
note_on 75
velocity 52
time 52
note_off 75
time 48
note_on 74
velocity 51
time 10
note_on 50
velocity 38
time 2
note_off 67
time 9
note_on 66
velocity 34
time 2
note_off 60
time 39
note_on 58
velocity 54
time 3
note_off 58
time 9
note_on 57
velocity 51
time 11
note_off 57
time 11
note_on 58
velocity 55
time 5
note_on 67
velocity 54
time 0
note_off 58
time 33
note_on 60
velocity 53
time 10
note_off 60
time 65
note_on 62
velocity 45
time 27
note_off 66
time 26
note_off 62
time 0
note_on 60
velocity 42
time 7
note_off 50
time 0
note_off 74
time 11
note_on 58
velocity 47
time 31
note_off 60
time 54
note_off 58
time 2
note_on 57
velocity 43
time 14
note_on 74
velocity 53
time 16
note_on 50
velocity 34
time 3
note_off 67
time 1
note_on 55
velocity 32
time 3
note_on 66
velocity 55
time 7
note_off 57
time 28
note_on 64
velocity 52
time 27
note_off 66
time 5
note_on 57
velocity 39
time 253
note_on 66
velocity 45
time 3
note_off 55
time 20
note_off 64
time 79
note_off 74
time 48
note_off 66
time 122
note_on 67
velocity 52
time 14
note_off 57
time 15
note_on 66
velocity 39
time 1
note_off 67
time 6
note_on 55
velocity 35
time 13
note_off 50
time 0
note_on 71
velocity 44
time 6
note_on 62
velocity 28
time 14
note_on 67
velocity 40
time 3
note_off 66
time 52
note_on 43
velocity 35
time 96
note_on 50
velocity 35
time 144
note_off 55
time 67
note_on 55
velocity 30
time 14
note_off 43
time 5
note_off 50
time 11
note_off 71
time 14
note_off 67
time 6
note_off 62
time 95
note_on 53
velocity 25
time 11
note_on 46
velocity 35
time 2
note_on 62
velocity 33
time 16
note_off 55
time 16
note_on 67
velocity 46
time 3
note_on 65
velocity 47
time 82
note_off 62
time 9
note_off 67
time 89
note_on 63
velocity 54
time 79
note_off 65
time 13
note_on 62
velocity 44
time 123
note_off 63
time 11
note_off 62
time 93
note_on 60
velocity 56
time 18
note_off 60
time 125
note_on 58
velocity 55
time 32
note_off 58
time 108
note_on 57
velocity 58
time 3
note_off 57
time 92
note_on 55
velocity 62
time 23
note_off 55
time 95
note_on 57
velocity 62
time 31
note_on 58
velocity 71
time 105
note_off 57
time 6
note_on 55
velocity 54
time 28
note_off 53
time 14
note_off 46
time 20
note_off 58
time 20
note_on 60
velocity 63
time 28
note_on 62
velocity 62
time 115
note_off 60
time 3
note_on 64
velocity 77
time 100
note_off 62
time 14
note_off 64
time 82
note_on 65
velocity 78
time 32
note_on 50
velocity 51
time 48
note_on 46
velocity 48
time 7
note_off 55
time 122
note_on 67
velocity 72
time 117
note_off 65
time 37
note_on 69
velocity 70
time 88
note_off 67
time 39
note_on 70
velocity 78
time 57
note_off 69
time 37
note_off 70
time 61
note_on 72
velocity 77
time 22
note_on 74
velocity 74
time 118
note_off 72
time 70
note_off 74
time 42
note_on 75
velocity 70
time 1
note_off 75
time 130
note_off 46
time 7
note_on 58
velocity 42
time 3
note_on 74
velocity 68
time 0
note_off 50
time 27
note_off 74
time 42
note_on 72
velocity 59
time 29
note_off 72
time 98
note_on 70
velocity 60
time 35
note_off 70
time 111
note_on 69
velocity 57
time 5
note_off 69
time 62
note_on 67
velocity 50
time 52
note_on 46
velocity 39
time 11
note_off 67
time 10
note_on 65
velocity 47
time 5
note_on 64
velocity 58
time 16
note_off 65
time 9
note_off 64
time 16
note_on 62
velocity 43
time 19
note_on 48
velocity 41
time 6
note_off 62
time 18
note_off 46
time 7
note_on 64
velocity 61
time 10
note_off 58
time 18
note_off 64
time 0
note_on 62
velocity 48
time 18
note_on 64
velocity 64
time 59
note_off 62
time 5
note_off 64
time 123
note_on 65
velocity 56
time 0
note_on 67
velocity 60
time 85
note_off 65
time 29
note_on 60
velocity 47
time 83
note_off 67
time 31
note_off 60
time 7
note_on 62
velocity 46
time 6
note_on 64
velocity 58
time 98
note_off 62
time 2
note_on 57
velocity 44
time 61
note_on 65
velocity 62
time 39
note_off 57
time 13
note_off 64
time 19
note_on 55
velocity 58
time 19
note_off 55
time 1
note_on 57
velocity 58
time 40
note_off 57
time 61
note_on 58
velocity 65
time 48
note_off 58
time 80
note_on 60
velocity 60
time 20
note_off 60
time 58
note_on 53
velocity 58
time 29
note_off 48
time 59
note_off 53
time 61
note_on 55
velocity 65
time 0
note_off 55
time 48
note_on 57
velocity 51
time 50
note_off 57
time 110
note_on 55
velocity 50
time 19
note_on 60
velocity 51
time 9
note_on 48
velocity 47
time 7
note_off 65
time 22
note_on 65
velocity 66
time 10
note_off 55
time 75
note_on 64
velocity 72
time 0
note_on 62
velocity 68
time 13
note_off 60
time 19
note_off 65
time 0
note_off 64
time 15
note_on 63
velocity 71
time 5
note_on 55
velocity 49
time 10
note_off 62
time 40
note_off 63
time 139
note_on 60
velocity 58
time 15
note_on 62
velocity 62
time 118
note_off 60
time 7
note_on 63
velocity 75
time 108
note_off 62
time 35
note_off 63
time 67
note_on 65
velocity 75
time 6
note_off 55
time 7
note_off 48
time 0
note_on 67
velocity 79
time 10
note_off 65
time 39
note_on 69
velocity 79
time 79
note_off 67
time 62
note_on 55
velocity 49
time 9
note_on 70
velocity 75
time 5
note_on 43
velocity 40
time 2
note_off 69
time 19
note_on 63
velocity 65
time 7
note_on 62
velocity 60
time 166
note_off 43
time 20
note_on 60
velocity 67
time 6
note_off 62
time 10
note_off 63
time 13
note_on 62
velocity 68
time 42
note_off 60
time 54
note_off 70
time 6
note_on 48
velocity 50
time 18
note_off 48
time 3
note_on 50
velocity 55
time 0
note_off 55
time 6
note_on 51
velocity 58
time 7
note_on 72
velocity 81
time 11
note_off 50
time 0
note_on 53
velocity 49
time 5
note_off 51
time 16
note_off 53
time 6
note_on 55
velocity 55
time 5
note_off 55
time 42
note_on 57
velocity 55
time 0
note_off 57
time 1
note_on 55
velocity 49
time 9
note_on 58
velocity 56
time 7
note_on 74
velocity 79
time 2
note_off 62
time 62
note_on 62
velocity 66
time 11
note_off 55
time 11
note_off 58
time 0
note_off 74
time 6
note_off 72
time 11
note_on 64
velocity 81
time 6
note_off 62
time 55
note_on 65
velocity 75
time 5
note_off 64
time 13
note_on 50
velocity 42
time 7
note_on 43
velocity 41
time 1
note_on 55
velocity 36
time 2
note_on 67
velocity 74
time 7
note_on 60
velocity 67
time 2
note_off 55
time 13
note_off 65
time 1
note_off 43
time 11
note_off 67
time 10
note_off 50
time 2
note_on 62
velocity 56
time 35
note_on 58
velocity 46
time 22
note_off 60
time 53
note_on 64
velocity 63
time 53
note_on 60
velocity 36
time 11
note_off 62
time 37
note_off 58
time 29
note_on 50
velocity 44
time 5
note_on 65
velocity 58
time 7
note_off 50
time 78
note_on 38
velocity 52
time 37
note_off 38
time 55
note_off 64
time 27
note_on 50
velocity 53
time 29
note_off 50
time 110
note_on 51
velocity 55
time 20
note_off 51
time 80
note_on 57
velocity 63
time 39
note_on 53
velocity 56
time 3
note_off 60
time 29
note_off 53
time 69
note_on 50
velocity 56
time 28
note_on 51
velocity 62
time 113
note_off 50
time 18
note_off 51
time 67
note_on 53
velocity 56
time 2
note_off 53
time 84
note_on 55
velocity 65
time 20
note_on 63
velocity 72
time 0
note_off 57
time 2
note_off 55
time 76
note_off 65
time 27
note_on 43
velocity 64
time 7
note_off 43
time 80
note_on 55
velocity 60
time 44
note_on 57
velocity 59
time 111
note_off 55
time 1
note_off 57
time 91
note_on 62
velocity 65
time 5
note_on 58
velocity 70
time 22
note_off 63
time 114
note_on 57
velocity 71
time 14
note_off 58
time 22
note_off 57
time 39
note_on 55
velocity 66
time 52
note_off 55
time 74
note_on 53
velocity 56
time 57
note_on 51
velocity 62
time 119
note_off 62
time 9
note_on 55
velocity 59
time 1
note_off 53
time 22
note_on 60
velocity 61
time 270
note_on 62
velocity 63
time 115
note_off 60
time 28
note_on 63
velocity 79
time 100
note_off 62
time 42
note_off 63
time 67
note_on 65
velocity 81
time 2
note_on 67
velocity 80
time 125
note_off 65
time 50
note_on 69
velocity 77
time 75
note_off 67
time 80
note_on 70
velocity 81
time 48
note_on 60
velocity 52
time 19
note_off 55
time 7
note_off 69
time 15
note_off 51
time 57
note_on 67
velocity 72
time 15
note_off 70
time 18
note_on 69
velocity 80
time 10
note_off 67
time 16
note_on 70
velocity 85
time 14
note_off 69
time 18
note_on 62
velocity 56
time 3
note_on 50
velocity 52
time 0
note_on 72
velocity 92
time 0
note_off 70
time 5
note_off 60
time 2
note_on 74
velocity 92
time 5
note_off 62
time 0
note_off 50
time 3
note_off 72
time 2
note_on 75
velocity 92
time 49
note_off 74
time 65
note_on 77
velocity 92
time 61
note_off 75
time 49
note_on 63
velocity 62
time 6
note_on 55
velocity 48
time 1
note_on 51
velocity 48
time 0
note_on 79
velocity 85
time 7
note_on 48
velocity 40
time 1
note_off 77
time 0
note_on 77
velocity 81
time 203
note_off 79
time 128
note_on 75
velocity 86
time 11
note_off 77
time 13
note_on 74
velocity 84
time 18
note_off 75
time 42
note_off 48
time 9
note_off 55
time 3
note_on 72
velocity 86
time 33
note_off 74
time 3
note_on 74
velocity 88
time 63
note_off 72
time 42
note_on 75
velocity 88
time 31
note_off 74
time 42
note_on 77
velocity 78
time 7
note_off 75
time 15
note_on 79
velocity 84
time 13
note_on 48
velocity 54
time 0
note_on 55
velocity 56
time 0
note_off 63
time 18
note_off 77
time 18
note_off 51
time 55
note_on 77
velocity 79
time 13
note_off 79
time 2
note_on 79
velocity 76
time 18
note_off 77
time 1
note_off 79
time 33
note_on 67
velocity 78
time 6
note_on 72
velocity 78
time 6
note_on 50
velocity 57
time 2
note_off 67
time 6
note_off 48
time 10
note_on 70
velocity 81
time 0
note_off 72
time 1
note_off 55
time 2
note_off 50
time 11
note_on 72
velocity 79
time 6
note_off 70
time 7
note_on 65
velocity 73
time 9
note_off 72
time 5
note_on 51
velocity 63
time 16
note_on 43
velocity 44
time 22
note_on 71
velocity 72
time 14
note_on 72
velocity 77
time 80
note_off 71
time 72
note_on 74
velocity 75
time 49
note_off 72
time 7
note_on 72
velocity 81
time 121
note_off 74
time 5
note_on 71
velocity 71
time 104
note_off 72
time 35
note_off 71
time 87
note_on 69
velocity 65
time 15
note_on 50
velocity 43
time 16
note_on 70
velocity 65
time 13
note_off 43
time 2
note_off 69
time 1
note_off 65
time 2
note_off 51
time 6
note_off 70
time 15
note_on 72
velocity 63
time 10
note_on 70
velocity 68
time 13
note_off 72
time 3
note_off 50
time 9
note_on 69
velocity 60
time 9
note_on 45
velocity 44
time 11
note_off 70
time 7
note_off 69
time 0
note_on 67
velocity 60
time 10
note_off 67
time 7
note_on 65
velocity 56
time 16
note_off 65
time 55
note_on 64
velocity 55
time 31
note_off 64
time 96
note_on 74
velocity 64
time 7
note_on 70
velocity 55
time 9
note_on 65
velocity 44
time 1
note_on 46
velocity 43
time 1
note_off 45
time 19
note_on 48
velocity 53
time 22
note_off 46
time 49
note_off 48
time 22
note_on 50
velocity 53
time 11
note_off 50
time 24
note_on 46
velocity 48
time 39
note_off 46
time 98
note_on 58
velocity 59
time 71
note_off 58
time 125
note_on 57
velocity 54
time 37
note_on 55
velocity 55
time 135
note_off 57
time 10
note_off 55
time 14
note_on 53
velocity 53
time 9
note_on 67
velocity 71
time 13
note_on 51
velocity 52
time 13
note_off 53
time 6
note_on 55
velocity 59
time 13
note_off 65
time 1
note_off 55
time 54
note_on 57
velocity 58
time 9
note_off 70
time 31
note_off 57
time 55
note_on 58
velocity 71
time 11
note_off 58
time 110
note_off 51
time 9
note_on 55
velocity 61
time 9
note_off 55
time 96
note_on 60
velocity 63
time 35
note_on 69
velocity 81
time 16
note_off 74
time 26
note_off 67
time 91
note_off 60
time 29
note_on 62
velocity 56
time 0
note_off 62
time 101
note_on 63
velocity 69
time 0
note_off 63
time 111
note_on 60
velocity 62
time 20
note_off 60
time 36
note_on 74
velocity 76
time 9
note_on 70
velocity 77
time 2
note_on 50
velocity 61
time 2
note_on 51
velocity 68
time 144
note_off 50
time 10
note_off 51
time 76
note_on 53
velocity 67
time 1
note_on 50
velocity 67
time 19
note_off 53
time 11
note_off 50
time 1
note_on 55
velocity 70
time 14
note_on 75
velocity 86
time 6
note_off 74
time 13
note_on 57
velocity 69
time 18
note_off 55
time 5
note_off 57
time 1
note_on 58
velocity 76
time 7
note_on 55
velocity 69
time 3
note_off 58
time 7
note_off 69
time 7
note_off 55
time 15
note_on 50
velocity 69
time 7
note_on 77
velocity 85
time 7
note_on 62
velocity 57
time 1
note_on 69
velocity 52
time 9
note_off 62
time 23
note_on 51
velocity 69
time 15
note_off 50
time 5
note_off 51
time 7
note_on 53
velocity 70
time 9
note_on 50
velocity 76
time 7
note_off 53
time 1
note_on 52
velocity 73
time 126
note_off 50
time 39
note_off 52
time 72
note_on 53
velocity 66
time 3
note_off 53
time 82
note_on 55
velocity 67
time 28
note_on 52
velocity 54
time 7
note_off 55
time 3
note_off 52
time 15
note_on 62
velocity 61
time 5
note_on 53
velocity 36
time 2
note_off 53
time 3
note_off 62
time 19
note_off 75
time 0
note_on 64
velocity 65
time 15
note_off 69
time 5
note_off 64
time 15
note_on 65
velocity 69
time 11
note_on 62
velocity 61
time 1
note_off 65
time 0
note_on 76
velocity 77
time 0
note_on 64
velocity 74
time 10
note_off 62
time 19
note_on 67
velocity 42
time 3
note_off 77
time 16
note_off 67
time 9
note_off 70
time 13
note_off 64
time 5
note_on 65
velocity 65
time 15
note_off 65
time 13
note_on 67
velocity 65
time 5
note_off 67
time 14
note_on 67
velocity 46
time 5
note_off 67
time 65
note_on 74
velocity 71
time 2
note_on 53
velocity 50
time 15
note_on 65
velocity 51
time 0
note_on 69
velocity 43
time 15
note_off 76
time 1
note_on 55
velocity 54
time 2
note_off 53
time 11
note_off 55
time 18
note_on 57
velocity 59
time 13
note_on 53
velocity 54
time 141
note_off 57
time 16
note_on 55
velocity 60
time 126
note_off 53
time 53
note_on 57
velocity 59
time 80
note_off 55
time 14
note_off 65
time 9
note_off 57
time 80
note_on 58
velocity 66
time 9
note_on 55
velocity 57
time 145
note_off 58
time 44
note_on 72
velocity 69
time 154
note_off 69
time 3
note_on 57
velocity 58
time 6
note_off 74
time 37
note_off 55
time 13
note_on 65
velocity 24
time 13
note_on 67
velocity 61
time 0
note_off 65
time 16
note_on 69
velocity 70
time 1
note_off 67
time 9
note_on 65
velocity 68
time 7
note_off 69
time 7
note_on 69
velocity 80
time 6
note_off 65
time 10
note_off 57
time 7
note_on 67
velocity 75
time 5
note_off 69
time 37
note_on 65
velocity 66
time 71
note_off 67
time 2
note_on 64
velocity 68
time 138
note_off 65
time 22
note_on 65
velocity 42
time 233
note_on 70
velocity 71
time 1
note_on 62
velocity 31
time 29
note_on 58
velocity 28
time 7
note_off 64
time 22
note_off 72
time 42
note_off 58
time 98
note_on 60
velocity 52
time 29
note_off 62
time 118
note_on 58
velocity 68
time 26
note_off 60
time 0
note_on 60
velocity 68
time 14
note_off 58
time 10
note_off 60
time 0
note_on 62
velocity 60
time 10
note_off 62
time 5
note_on 60
velocity 69
time 11
note_off 60
time 55
note_on 62
velocity 61
time 7
note_off 70
time 7
note_off 62
time 16
note_on 64
velocity 68
time 9
note_off 65
time 48
note_on 60
velocity 54
time 15
note_on 69
velocity 61
time 3
note_on 53
velocity 45
time 5
note_off 64
time 2
note_on 70
velocity 66
time 93
note_off 69
time 97
note_on 72
velocity 72
time 27
note_off 70
time 62
note_on 69
velocity 73
time 71
note_off 72
time 31
note_on 74
velocity 78
time 104
note_off 60
time 15
note_off 69
time 3
note_on 72
velocity 75
time 110
note_off 74
time 75
note_on 70
velocity 78
time 52
note_off 72
time 65
note_on 69
velocity 73
time 50
note_off 70
time 63
note_off 69
time 71
note_on 67
velocity 69
time 1
note_on 58
velocity 51
time 15
note_on 55
velocity 43
time 2
note_on 62
velocity 38
time 3
note_off 53
time 48
note_off 67
time 66
note_on 66
velocity 73
time 2
note_off 66
time 130
note_on 67
velocity 76
time 3
note_on 69
velocity 76
time 130
note_off 67
time 55
note_on 70
velocity 79
time 83
note_off 69
time 74
note_off 62
time 11
note_on 67
velocity 80
time 55
note_off 70
time 3
note_off 58
time 1
note_off 55
time 1
note_on 69
velocity 81
time 1
note_off 67
time 6
note_on 70
velocity 90
time 15
note_off 69
time 67
note_on 55
velocity 49
time 1
note_on 72
velocity 85
time 10
note_on 60
velocity 47
time 1
note_on 48
velocity 41
time 5
note_off 70
time 13
note_on 74
velocity 85
time 175
note_off 72
time 71
note_on 75
velocity 85
time 115
note_off 74
time 96
note_on 77
velocity 81
time 63
note_off 75
time 74
note_on 79
velocity 81
time 80
note_off 77
time 31
note_on 77
velocity 82
time 115
note_off 79
time 31
note_on 75
velocity 84
time 100
note_off 77
time 42
note_on 74
velocity 84
time 95
note_off 75
time 61
note_off 74
time 71
note_on 72
velocity 81
time 6
note_off 72
time 18
note_on 74
velocity 73
time 11
note_off 74
time 0
note_on 70
velocity 72
time 5
note_off 70
time 5
note_on 72
velocity 70
time 15
note_off 72
time 3
note_off 60
time 14
note_on 69
velocity 75
time 105
note_on 70
velocity 65
time 170
note_off 69
time 20
note_off 70
time 188
note_on 60
velocity 39
time 2
note_on 67
velocity 61
time 1
note_off 55
time 140
note_off 48
time 16
note_on 69
velocity 66
time 52
note_off 60
time 54
note_off 67
time 40
note_on 66
velocity 57
time 238
note_on 50
velocity 35
time 19
note_on 57
velocity 31
time 9
note_on 60
velocity 28
time 11
note_off 69
time 7
note_on 64
velocity 57
time 196
note_off 66
time 1
note_on 66
velocity 64
time 173
note_off 64
time 40
note_on 67
velocity 63
time 113
note_off 60
time 92
note_off 66
time 14
note_on 69
velocity 64
time 13
note_off 67
time 92
note_on 62
velocity 61
time 40
note_on 64
velocity 74
time 0
note_off 62
time 10
note_off 69
time 9
note_on 66
velocity 69
time 16
note_off 64
time 10
note_off 57
time 5
note_on 58
velocity 49
time 18
note_on 55
velocity 48
time 7
note_off 66
time 2
note_on 67
velocity 71
time 9
note_on 69
velocity 77
time 10
note_off 67
time 5
note_on 70
velocity 80
time 57
note_off 69
time 41
note_on 72
velocity 82
time 80
note_off 70
time 10
note_on 74
velocity 80
time 130
note_off 50
time 27
note_off 72
time 49
note_on 76
velocity 80
time 97
note_off 74
time 65
note_off 58
time 67
note_on 78
velocity 77
time 32
note_off 76
time 44
note_on 79
velocity 83
time 125
note_off 78
time 39
note_on 50
velocity 44
time 135
note_on 57
velocity 47
time 6
note_on 81
velocity 76
time 91
note_off 79
time 45
note_off 55
time 59
note_on 79
velocity 74
time 156
note_off 81
time 140
note_on 78
velocity 76
time 24
note_off 79
time 70
note_on 76
velocity 72
time 67
note_off 78
time 98
note_on 74
velocity 76
time 39
note_off 76
time 1
note_on 76
velocity 80
time 144
note_off 74
time 59
note_on 78
velocity 80
time 85
note_off 76
time 69
note_on 79
velocity 79
time 98
note_off 78
time 104
note_on 54
velocity 45
time 76
note_on 81
velocity 79
time 33
note_off 79
time 59
note_on 79
velocity 72
time 166
note_off 81
time 33
note_on 81
velocity 73
time 205
note_off 79
time 87
note_off 81
time 115
note_on 69
velocity 62
time 71
note_on 74
velocity 62
time 286
note_off 69
time 50
note_off 74
time 33
note_on 72
velocity 61
time 226
note_off 72
time 82
note_on 74
velocity 62
time 14
note_off 74
time 3
note_on 62
velocity 41
time 13
note_off 50
time 13
note_off 57
time 13
note_off 54
time 11
note_off 62
time 33
note_on 43
velocity 35
time 1
note_on 55
velocity 34
time 14
note_on 71
velocity 56
time 13
note_on 62
velocity 30
time 2
note_on 67
velocity 44
time 11
note_off 55
time 5
note_on 55
velocity 27
time 11
note_on 50
velocity 35
time 10
note_off 55
time 0
note_on 55
velocity 34
time 5
note_off 50
time 3
note_off 55
time 80
note_on 55
velocity 28
time 1579
note_off 62
time 2457
note_off 55
time 367
note_off 71
time 16
note_off 67
time 1
note_off 43
time 5
