note_on 52
velocity 36
time 37
note_off 52
time 398
note_on 57
velocity 41
time 1285
note_on 33
velocity 27
time 42
note_off 33
time 173
note_on 64
velocity 37
time 618
note_on 48
velocity 26
time 15
note_off 57
time 132
note_on 40
velocity 29
time 485
note_on 71
velocity 48
time 14
note_off 64
time 101
note_on 59
velocity 24
time 18
note_off 48
time 10
note_off 71
time 83
note_off 59
time 253
note_on 60
velocity 32
time 88
note_off 40
time 37
note_on 52
velocity 27
time 22
note_off 52
time 333
note_off 60
time 11
note_on 64
velocity 50
time 36
note_on 45
velocity 35
time 18
note_off 64
time 40
note_off 45
time 231
note_on 52
velocity 45
time 88
note_on 40
velocity 34
time 7
note_off 40
time 57
note_off 52
time 72
note_on 57
velocity 51
time 1
note_on 33
velocity 27
time 0
note_off 33
time 1
note_on 64
velocity 48
time 196
note_on 48
velocity 48
time 15
note_off 57
time 7
note_off 48
time 279
note_on 71
velocity 57
time 65
note_off 64
time 40
note_on 40
velocity 38
time 3
note_on 59
velocity 45
time 22
note_off 71
time 74
note_on 60
velocity 41
time 10
note_on 52
velocity 29
time 11
note_off 40
time 5
note_off 59
time 35
note_off 60
time 248
note_on 64
velocity 39
time 16
note_on 45
velocity 27
time 5
note_off 52
time 0
note_off 64
time 6
note_off 45
time 160
note_on 52
velocity 45
time 180
note_on 40
velocity 35
time 3
note_off 40
time 123
note_off 52
time 15
note_on 24
velocity 22
time 815
note_on 55
velocity 36
time 49
note_off 24
time 100
note_off 55
time 230
note_on 64
velocity 24
time 251
note_on 43
velocity 14
time 20
note_on 36
velocity 30
time 380
note_off 43
time 0
note_on 71
velocity 43
time 44
note_off 64
time 101
note_on 59
velocity 12
time 1
note_off 36
time 156
note_off 59
time 153
note_on 52
velocity 36
time 101
note_off 71
time 11
note_on 60
velocity 36
time 10
note_off 52
time 299
note_on 43
velocity 34
time 126
note_off 60
time 18
note_on 64
velocity 50
time 2
note_off 64
time 98
note_off 43
time 70
note_on 36
velocity 36
time 148
note_off 36
time 75
note_on 52
velocity 43
time 1
note_off 52
time 148
note_on 24
velocity 34
time 230
note_on 55
velocity 48
time 15
note_off 24
time 58
note_off 55
time 95
note_on 64
velocity 47
time 208
note_on 43
velocity 27
time 23
note_on 71
velocity 53
time 16
note_off 43
time 15
note_on 36
velocity 32
time 2
note_off 64
time 11
note_on 59
velocity 22
time 16
note_off 71
time 97
note_off 36
time 10
note_on 52
velocity 42
time 187
note_on 60
velocity 39
time 33
note_off 59
time 96
note_off 52
time 161
note_off 60
time 110
note_on 64
velocity 45
time 40
note_on 43
velocity 35
time 11
note_off 64
time 61
note_off 43
time 205
note_on 36
velocity 37
time 214
note_on 52
velocity 36
time 27
note_off 36
time 113
note_off 52
time 105
note_on 28
velocity 33
time 798
note_on 56
velocity 43
time 134
note_off 28
time 3
note_off 56
time 363
note_on 64
velocity 37
time 201
note_on 47
velocity 24
time 29
note_on 40
velocity 33
time 441
note_on 71
velocity 49
time 122
note_on 59
velocity 26
time 121
note_off 40
time 2
note_off 64
time 26
note_off 71
time 167
note_on 56
velocity 27
time 139
note_on 61
velocity 43
time 10
note_off 47
time 104
note_off 59
time 71
note_off 56
time 2
note_on 47
velocity 36
time 192
note_on 68
velocity 54
time 32
note_off 61
time 53
note_off 68
time 35
note_on 40
velocity 37
time 177
note_off 47
time 16
note_off 40
time 36
note_on 52
velocity 46
time 35
note_off 52
time 136
note_on 28
velocity 47
time 221
note_on 56
velocity 50
time 46
note_off 28
time 10
note_off 56
time 153
note_on 64
velocity 55
time 164
note_on 47
velocity 38
time 23
note_on 71
velocity 59
time 289
note_on 40
velocity 45
time 16
note_on 59
velocity 44
time 24
note_off 64
time 33
note_off 40
time 127
note_off 71
time 0
note_on 61
velocity 55
time 162
note_off 59
time 88
note_off 47
time 130
note_off 61
time 102
note_on 68
velocity 61
time 11
note_off 68
time 83
note_on 40
velocity 48
time 173
note_off 40
time 57
note_on 52
velocity 53
time 9
note_off 52
time 135
note_on 28
velocity 42
time 285
note_on 56
velocity 56
time 6
note_off 28
time 53
note_off 56
time 151
note_on 64
velocity 54
time 205
note_on 47
velocity 35
time 78
note_off 47
time 50
note_on 47
velocity 52
time 164
note_on 59
velocity 59
time 29
note_off 59
time 223
note_on 57
velocity 40
time 248
note_on 66
velocity 52
time 93
note_off 64
time 14
note_off 47
time 134
note_off 57
time 78
note_on 59
velocity 52
time 7
note_on 68
velocity 57
time 3
note_off 66
time 1
note_off 59
time 42
note_off 68
time 5
note_on 78
velocity 75
time 329
note_on 73
velocity 43
time 31
note_on 61
velocity 48
time 5
note_on 69
velocity 40
time 0
note_off 73
time 29
note_off 69
time 132
note_on 68
velocity 37
time 190
note_on 63
velocity 40
time 67
note_off 61
time 28
note_on 80
velocity 75
time 37
note_on 75
velocity 42
time 78
note_on 71
velocity 43
time 5
note_off 78
time 1
note_off 63
time 11
note_off 71
time 110
note_on 59
velocity 62
time 31
note_off 75
time 23
note_off 68
time 15
note_off 59
time 2
note_on 78
velocity 80
time 274
note_on 64
velocity 49
time 18
note_on 69
velocity 55
time 2
note_on 73
velocity 55
time 3
note_off 80
time 26
note_off 73
time 67
note_off 69
time 191
note_off 64
time 9
note_on 71
velocity 32
time 204
note_on 80
velocity 71
time 15
note_on 65
velocity 45
time 11
note_on 68
velocity 45
time 16
note_on 75
velocity 51
time 9
note_off 78
time 0
note_off 68
time 19
note_off 65
time 7
note_on 59
velocity 48
time 261
note_off 75
time 23
note_off 80
time 79
note_off 71
time 40
note_off 59
time 7
note_on 66
velocity 42
time 287
note_on 69
velocity 41
time 18
note_on 83
velocity 60
time 9
note_off 69
time 63
note_on 73
velocity 35
time 6
note_on 76
velocity 8
time 9
note_off 66
time 11
note_off 76
time 44
note_off 83
time 32
note_off 73
time 57
note_on 40
velocity 36
time 411
note_on 76
velocity 30
time 48
note_on 80
velocity 50
time 3
note_on 71
velocity 38
time 11
note_on 68
velocity 33
time 9
note_off 80
time 148
note_off 40
time 32
note_off 76
time 5
note_off 68
time 9
note_off 71
time 11
note_on 47
velocity 40
time 31
note_off 47
time 358
note_on 56
velocity 34
time 22
note_on 59
velocity 40
time 19
note_off 56
time 117
note_off 59
time 238
note_on 57
velocity 41
time 20
note_on 66
velocity 58
time 31
note_on 68
velocity 58
time 307
note_on 59
velocity 49
time 3
note_off 57
time 22
note_off 66
time 31
note_off 68
time 2
note_off 59
time 22
note_on 78
velocity 74
time 325
note_on 73
velocity 32
time 6
note_on 61
velocity 50
time 3
note_on 69
velocity 55
time 20
note_off 73
time 49
note_off 69
time 283
note_on 68
velocity 42
time 15
note_on 63
velocity 46
time 32
note_on 80
velocity 69
time 6
note_on 71
velocity 52
time 2
note_off 61
time 5
note_on 75
velocity 44
time 1
note_off 63
time 0
note_off 78
time 5
note_off 71
time 147
note_on 59
velocity 57
time 24
note_off 75
time 9
note_off 59
time 37
note_off 68
time 28
note_on 73
velocity 51
time 295
note_on 78
velocity 69
time 7
note_on 69
velocity 44
time 6
note_on 64
velocity 48
time 28
note_off 80
time 31
note_off 73
time 40
note_off 69
time 170
note_off 64
time 35
note_off 78
time 63
note_on 80
velocity 58
time 141
note_on 71
velocity 37
time 22
note_on 68
velocity 36
time 2
note_on 75
velocity 46
time 7
note_on 65
velocity 46
time 18
note_off 65
time 10
note_off 68
time 3
note_off 75
time 128
note_off 80
time 14
note_on 59
velocity 46
time 106
note_off 71
time 183
note_off 59
time 2
note_on 66
velocity 38
time 295
note_on 69
velocity 13
time 78
note_on 83
velocity 44
time 6
note_on 73
velocity 43
time 35
note_on 76
velocity 32
time 3
note_off 69
time 10
note_off 76
time 45
note_off 83
time 26
note_off 66
time 6
note_off 73
time 40
note_on 40
velocity 32
time 519
note_on 80
velocity 42
time 76
note_on 68
velocity 22
time 15
note_on 71
velocity 36
time 23
note_on 76
velocity 17
time 18
note_off 71
time 18
note_off 80
time 27
note_off 76
time 3
note_off 68
time 53
note_off 40
time 259
note_on 47
velocity 35
time 45
note_on 59
velocity 36
time 1
note_off 47
time 119
note_off 59
time 115
note_on 56
velocity 41
time 98
note_on 64
velocity 45
time 15
note_off 56
time 87
note_off 64
time 1
note_on 61
velocity 43
time 333
note_on 76
velocity 58
time 71
note_on 69
velocity 23
time 9
note_on 68
velocity 57
time 302
note_on 59
velocity 42
time 9
note_off 61
time 26
note_off 69
time 118
note_off 68
time 22
note_on 64
velocity 53
time 127
note_on 73
velocity 68
time 7
note_off 59
time 11
note_off 64
time 27
note_off 73
time 39
note_on 75
velocity 60
time 18
note_on 66
velocity 54
time 23
note_on 71
velocity 41
time 0
note_on 68
velocity 19
time 6
note_off 71
time 22
note_off 75
time 3
note_off 66
time 10
note_off 68
time 10
note_off 76
time 134
note_on 59
velocity 58
time 110
note_on 60
velocity 38
time 41
note_off 59
time 29
note_off 60
time 6
note_on 78
velocity 85
time 229
note_on 74
velocity 45
time 373
note_on 71
velocity 44
time 10
note_on 66
velocity 52
time 5
note_on 68
velocity 46
time 11
note_on 80
velocity 83
time 3
note_on 65
velocity 62
time 406
note_off 78
time 132
note_off 65
time 27
note_off 66
time 14
note_off 74
time 93
note_off 68
time 41
note_on 64
velocity 55
time 85
note_off 71
time 54
note_on 83
velocity 70
time 35
note_off 64
time 40
note_off 80
time 14
note_off 83
time 44
note_on 61
velocity 51
time 454
note_on 73
velocity 46
time 5
note_on 40
velocity 38
time 1
note_on 76
velocity 55
time 0
note_on 68
velocity 46
time 31
note_off 76
time 24
note_off 73
time 29
note_off 68
time 33
note_off 61
time 10
note_off 40
time 188
note_on 56
velocity 51
time 26
note_off 56
time 186
note_on 49
velocity 41
time 59
note_on 61
velocity 62
time 70
note_off 49
time 18
note_off 61
time 71
note_on 57
velocity 47
time 283
note_on 66
velocity 60
time 49
note_off 57
time 220
note_on 64
velocity 68
time 48
note_on 56
velocity 46
time 37
note_off 66
time 27
note_off 56
time 41
note_off 64
time 89
note_on 63
velocity 23
time 2
note_off 63
time 53
note_on 75
velocity 80
time 46
note_on 64
velocity 66
time 41
note_off 64
time 37
note_on 72
velocity 51
time 345
note_on 68
velocity 53
time 3
note_on 61
velocity 51
time 11
note_on 63
velocity 48
time 22
note_off 75
time 46
note_on 76
velocity 80
time 0
note_off 72
time 2
note_off 61
time 46
note_off 68
time 57
note_off 63
time 23
note_on 75
velocity 77
time 106
note_off 76
time 59
note_on 56
velocity 51
time 209
note_on 76
velocity 82
time 52
note_off 75
time 52
note_on 71
velocity 46
time 266
note_on 62
velocity 43
time 27
note_on 64
velocity 46
time 6
note_on 78
velocity 78
time 57
note_off 56
time 16
note_off 71
time 52
note_off 76
time 100
note_on 79
velocity 77
time 141
note_off 78
time 26
note_off 64
time 13
note_off 62
time 102
note_on 56
velocity 49
time 85
note_off 79
time 97
note_on 80
velocity 71
time 0
note_off 56
time 1
note_off 80
time 95
note_on 40
velocity 42
time 381
note_on 28
velocity 35
time 19
note_on 71
velocity 57
time 6
note_on 61
velocity 35
time 49
note_on 64
velocity 40
time 7
note_off 28
time 1
note_off 40
time 14
note_on 47
velocity 41
time 338
note_off 61
time 227
note_off 64
time 87
note_on 54
velocity 52
time 46
note_off 47
time 28
note_off 54
time 24
note_on 57
velocity 54
time 281
note_on 59
velocity 46
time 10
note_off 57
time 14
note_on 61
velocity 52
time 69
note_off 59
time 130
note_off 61
time 27
note_on 59
velocity 30
time 18
note_on 68
velocity 48
time 54
note_on 64
velocity 38
time 6
note_off 71
time 11
note_on 47
velocity 26
time 342
note_off 59
time 76
note_on 73
velocity 61
time 59
note_off 64
time 92
note_off 68
time 46
note_on 59
velocity 30
time 13
note_on 71
velocity 50
time 3
note_on 63
velocity 38
time 11
note_off 73
time 2
note_off 63
time 16
note_off 59
time 36
note_on 58
velocity 32
time 389
note_off 47
time 79
note_off 58
time 59
note_on 62
velocity 37
time 3
note_on 76
velocity 63
time 0
note_on 67
velocity 17
time 40
note_off 71
time 75
note_off 76
time 36
note_off 67
time 2
note_off 62
time 110
note_on 40
velocity 34
time 360
note_on 28
velocity 37
time 67
note_on 68
velocity 49
time 16
note_on 57
velocity 30
time 0
note_on 66
velocity 23
time 11
note_on 61
velocity 28
time 2
note_off 28
time 10
note_off 40
time 16
note_on 47
velocity 37
time 390
note_off 57
time 35
note_off 61
time 308
note_on 54
velocity 47
time 11
note_off 47
time 71
note_off 54
time 20
note_on 56
velocity 46
time 261
note_on 57
velocity 45
time 1
note_off 56
time 11
note_off 68
time 3
note_off 57
time 9
note_on 59
velocity 44
time 0
note_on 56
velocity 29
time 154
note_on 61
velocity 35
time 3
note_on 64
velocity 43
time 6
note_off 59
time 16
note_off 61
time 7
note_off 66
time 14
note_off 64
time 53
note_off 56
time 308
note_on 47
velocity 28
time 26
note_on 69
velocity 51
time 149
note_on 64
velocity 33
time 33
note_off 64
time 110
note_off 69
time 67
note_on 68
velocity 46
time 10
note_on 56
velocity 32
time 3
note_on 59
velocity 16
time 14
note_on 64
velocity 23
time 14
note_off 68
time 3
note_off 59
time 19
note_off 56
time 62
note_off 64
time 9
note_off 47
time 226
note_on 55
velocity 38
time 83
note_off 55
time 134
note_on 73
velocity 44
time 23
note_on 64
velocity 34
time 2
note_on 58
velocity 32
time 27
note_off 64
time 95
note_off 73
time 9
note_off 58
time 123
note_on 40
velocity 30
time 436
note_on 28
velocity 31
time 20
note_on 57
velocity 32
time 9
note_on 64
velocity 44
time 0
note_on 54
velocity 32
time 10
note_on 62
velocity 37
time 13
note_off 28
time 27
note_off 40
time 52
note_on 47
velocity 41
time 5
note_on 49
velocity 34
time 28
note_off 54
time 10
note_on 50
velocity 52
time 2
note_off 49
time 27
note_off 57
time 2
note_off 47
time 15
note_off 62
time 13
note_on 54
velocity 53
time 54
note_off 50
time 14
note_off 54
time 243
note_on 52
velocity 39
time 10
note_on 61
velocity 45
time 7
note_on 57
velocity 37
time 9
note_off 52
time 10
note_off 64
time 1
note_off 57
time 18
note_on 40
velocity 41
time 144
note_on 51
velocity 41
time 134
note_on 66
velocity 47
time 2
note_on 60
velocity 42
time 9
note_off 61
time 5
note_off 60
time 5
note_off 66
time 1
note_on 64
velocity 43
time 11
note_on 59
velocity 41
time 13
note_on 56
velocity 34
time 9
note_off 51
time 16
note_on 50
velocity 34
time 101
note_off 56
time 84
note_off 59
time 9
note_off 64
time 83
note_off 40
time 11
note_off 50
time 36
note_on 73
velocity 53
time 626
note_on 58
velocity 36
time 7
note_on 64
velocity 42
time 5
note_on 55
velocity 27
time 19
note_on 49
velocity 19
time 0
note_off 55
time 62
note_off 73
time 27
note_off 49
time 3
note_off 64
time 2
note_off 58
time 105
note_on 57
velocity 35
time 735
note_on 59
velocity 37
time 1
note_on 52
velocity 33
time 5
note_on 49
velocity 26
time 28
note_on 28
velocity 33
time 32
note_on 40
velocity 30
time 9
note_off 28
time 1
note_off 40
time 101
note_off 49
time 18
note_off 57
time 233
note_off 52
time 84
note_off 59
time 345
note_on 54
velocity 38
time 15
note_on 57
velocity 40
time 520
note_off 54
time 67
note_off 57
time 15
note_on 61
velocity 43
time 0
note_on 64
velocity 46
time 66
note_off 61
time 85
note_on 69
velocity 39
time 18
note_on 85
velocity 61
time 13
note_off 64
time 27
note_on 57
velocity 26
time 35
note_on 59
velocity 36
time 0
note_on 75
velocity 49
time 0
note_off 69
time 22
note_off 85
time 0
note_on 68
velocity 35
time 244
note_off 59
time 102
note_on 63
velocity 40
time 243
note_off 68
time 22
note_on 61
velocity 41
time 324
note_off 63
time 102
note_off 75
time 65
note_off 57
time 158
note_off 61
time 57
note_on 59
velocity 33
time 5
note_on 57
velocity 38
time 347
note_on 73
velocity 43
time 6
note_off 59
time 22
note_off 73
time 67
note_off 57
time 23
note_on 49
velocity 33
time 532
note_on 59
velocity 42
time 0
note_on 40
velocity 30
time 28
note_on 28
velocity 29
time 67
note_off 28
time 161
note_off 49
time 19
note_on 54
velocity 37
time 48
note_off 40
time 3
note_off 54
time 402
note_on 57
velocity 35
time 10
note_off 59
time 128
note_off 57
time 195
note_on 61
velocity 40
time 44
note_on 64
velocity 41
time 333
note_off 61
time 141
note_on 69
velocity 34
time 263
note_off 64
time 1
note_on 85
velocity 46
time 37
note_on 57
velocity 28
time 27
note_on 59
velocity 37
time 0
note_on 75
velocity 44
time 1
note_off 69
time 13
note_off 85
time 11
note_on 68
velocity 26
time 184
note_off 59
time 136
note_on 63
velocity 37
time 194
note_off 68
time 139
note_on 61
velocity 42
time 265
note_off 63
time 106
note_off 75
time 218
note_on 59
velocity 37
time 127
note_off 57
time 97
note_off 61
time 48
note_on 73
velocity 52
time 325
note_on 57
velocity 37
time 11
note_off 73
time 125
note_off 57
time 20
note_off 59
time 5
note_on 59
velocity 49
time 635
note_on 49
velocity 25
time 93
note_on 28
velocity 30
time 10
note_on 40
velocity 24
time 31
note_off 28
time 24
note_off 40
time 44
note_on 54
velocity 39
time 102
note_off 49
time 106
note_on 56
velocity 48
time 0
note_off 59
time 7
note_off 54
time 11
note_on 57
velocity 49
time 7
note_off 56
time 0
note_on 52
velocity 31
time 10
note_on 59
velocity 41
time 0
note_off 52
time 23
note_on 56
velocity 55
time 10
note_off 57
time 7
note_off 59
time 10
note_on 51
velocity 42
time 15
note_on 59
velocity 43
time 20
note_off 51
time 19
note_on 54
velocity 52
time 6
note_off 56
time 13
note_off 54
time 13
note_off 59
time 5
note_on 49
velocity 37
time 28
note_off 49
time 214
note_on 59
velocity 36
time 130
note_on 52
velocity 52
time 18
note_on 57
velocity 45
time 9
note_off 59
time 5
note_on 59
velocity 39
time 5
note_off 57
time 20
note_on 51
velocity 43
time 205
note_off 52
time 2
note_off 59
time 15
note_on 56
velocity 32
time 18
note_on 59
velocity 40
time 63
note_on 49
velocity 35
time 235
note_off 51
time 13
note_off 59
time 9
note_on 54
velocity 34
time 16
note_off 49
time 44
note_on 59
velocity 41
time 44
note_on 47
velocity 39
time 53
note_off 56
time 1
note_on 52
velocity 33
time 18
note_off 59
time 54
note_on 45
velocity 36
time 151
note_on 59
velocity 46
time 6
note_off 54
time 2
note_off 52
time 1
note_off 47
time 9
note_off 45
time 9
note_on 56
velocity 30
time 16
note_on 51
velocity 27
time 13
note_on 44
velocity 28
time 3
note_on 47
velocity 31
time 7
note_off 51
time 175
note_off 56
time 319
note_off 59
time 265
note_off 44
time 96
note_off 47
time 321
note_on 59
velocity 37
time 643
note_on 57
velocity 38
time 11
note_on 52
velocity 27
time 33
note_on 42
velocity 31
time 10
note_off 42
time 209
note_on 44
velocity 29
time 11
note_off 44
time 5
note_on 42
velocity 34
time 15
note_off 57
time 11
note_off 59
time 1
note_off 52
time 11
note_off 42
time 97
note_on 59
velocity 33
time 921
note_on 52
velocity 26
time 9
note_on 47
velocity 16
time 14
note_on 56
velocity 28
time 9
note_on 40
velocity 20
time 14
note_off 52
time 1
note_off 59
time 19
note_off 56
time 31
note_off 40
time 3
note_off 47
time 32
