note_on 78
velocity 36
time 985
note_on 77
velocity 45
time 486
note_off 78
time 11
note_off 77
time 11
note_on 78
velocity 61
time 5
note_on 80
velocity 66
time 14
note_off 78
time 11
note_on 78
velocity 71
time 9
note_off 80
time 0
note_on 81
velocity 66
time 0
note_off 78
time 3
note_on 73
velocity 60
time 130
note_off 81
time 1
note_off 73
time 16
note_on 73
velocity 56
time 16
note_on 66
velocity 42
time 11
note_on 69
velocity 41
time 7
note_off 66
time 1
note_off 69
time 1
note_on 66
velocity 35
time 205
note_on 69
velocity 39
time 9
note_off 73
time 15
note_on 85
velocity 53
time 19
note_off 69
time 1
note_off 66
time 1
note_on 84
velocity 55
time 2
note_off 85
time 1
note_on 85
velocity 69
time 3
note_off 84
time 7
note_on 86
velocity 71
time 9
note_off 85
time 22
note_off 86
time 18
note_on 85
velocity 77
time 0
note_off 85
time 10
note_on 85
velocity 74
time 18
note_off 85
time 7
note_on 85
velocity 79
time 18
note_off 85
time 169
note_on 85
velocity 68
time 212
note_on 65
velocity 46
time 11
note_on 68
velocity 48
time 1
note_off 65
time 15
note_off 68
time 1
note_on 68
velocity 37
time 11
note_on 65
velocity 33
time 3
note_off 85
time 15
note_on 83
velocity 49
time 75
note_off 65
time 9
note_off 68
time 13
note_off 83
time 15
note_on 80
velocity 54
time 1
note_off 80
time 15
note_on 78
velocity 62
time 15
note_off 78
time 16
note_on 80
velocity 65
time 16
note_off 80
time 1
note_on 71
velocity 41
time 2
note_on 78
velocity 79
time 2
note_off 78
time 5
note_on 77
velocity 72
time 6
note_on 74
velocity 61
time 18
note_on 83
velocity 64
time 18
note_off 77
time 20
note_off 71
time 6
note_off 83
time 10
note_on 80
velocity 59
time 19
note_off 80
time 36
note_on 78
velocity 60
time 29
note_off 78
time 16
note_on 80
velocity 68
time 18
note_off 80
time 1
note_on 78
velocity 74
time 6
note_on 73
velocity 60
time 1
note_off 74
time 14
note_off 78
time 10
note_on 77
velocity 70
time 19
note_off 77
time 157
note_on 83
velocity 63
time 2
note_on 74
velocity 49
time 1
note_off 73
time 53
note_off 83
time 62
note_on 80
velocity 59
time 45
note_off 80
time 42
note_on 78
velocity 52
time 41
note_off 78
time 1
note_on 80
velocity 71
time 7
note_off 80
time 24
note_on 78
velocity 59
time 24
note_on 71
velocity 48
time 3
note_off 74
time 18
note_off 78
time 3
note_on 77
velocity 49
time 5
note_on 74
velocity 33
time 15
note_on 83
velocity 44
time 5
note_off 71
time 10
note_off 77
time 0
note_off 83
time 0
note_off 74
time 15
note_on 74
velocity 69
time 486
note_on 53
velocity 75
time 11
note_on 73
velocity 82
time 134
note_off 74
time 16
note_on 71
velocity 85
time 85
note_off 73
time 28
note_off 71
time 69
note_on 54
velocity 76
time 5
note_on 69
velocity 84
time 6
note_off 53
time 7
note_off 54
time 24
note_on 71
velocity 86
time 74
note_off 69
time 1
note_off 71
time 97
note_on 73
velocity 84
time 11
note_on 50
velocity 76
time 97
note_off 73
time 10
note_on 71
velocity 84
time 2
note_off 50
time 41
note_off 71
time 39
note_on 69
velocity 85
time 24
note_on 68
velocity 83
time 110
note_off 69
time 19
note_on 49
velocity 78
time 71
note_on 66
velocity 86
time 13
note_off 68
time 3
note_off 49
time 72
note_on 68
velocity 85
time 45
note_off 66
time 14
note_off 68
time 93
note_on 69
velocity 83
time 3
note_on 47
velocity 75
time 88
note_on 68
velocity 81
time 20
note_off 69
time 40
note_off 47
time 28
note_on 66
velocity 83
time 41
note_off 68
time 24
note_on 65
velocity 79
time 87
note_off 66
time 0
note_on 45
velocity 68
time 136
note_on 66
velocity 81
time 9
note_off 65
time 42
note_on 42
velocity 71
time 363
note_off 45
time 119
note_on 68
velocity 71
time 153
note_off 66
time 20
note_off 68
time 46
note_on 69
velocity 68
time 15
note_off 69
time 85
note_on 68
velocity 56
time 18
note_on 65
velocity 41
time 16
note_on 37
velocity 45
time 14
note_off 42
time 0
note_off 68
time 3
note_off 65
time 3
note_off 37
time 95
note_on 83
velocity 53
time 7
note_off 83
time 16
note_on 80
velocity 59
time 15
note_off 80
time 1
note_on 78
velocity 64
time 13
note_off 78
time 16
note_on 80
velocity 71
time 15
note_on 71
velocity 52
time 16
note_on 78
velocity 80
time 2
note_off 80
time 0
note_on 77
velocity 78
time 2
note_off 78
time 6
note_on 74
velocity 61
time 65
note_on 83
velocity 73
time 0
note_off 77
time 23
note_off 83
time 22
note_on 80
velocity 60
time 1
note_off 71
time 44
note_off 80
time 3
note_on 78
velocity 68
time 27
note_off 78
time 44
note_on 80
velocity 62
time 6
note_off 80
time 54
note_on 78
velocity 65
time 11
note_on 73
velocity 65
time 13
note_off 74
time 10
note_off 78
time 18
note_on 77
velocity 73
time 13
note_off 77
time 0
note_on 83
velocity 63
time 2
note_on 74
velocity 56
time 11
note_off 73
time 15
note_off 83
time 6
note_on 80
velocity 57
time 26
note_off 80
time 50
note_on 78
velocity 64
time 31
note_off 78
time 33
note_on 80
velocity 61
time 9
note_off 80
time 5
note_off 74
time 14
note_on 78
velocity 66
time 2
note_on 71
velocity 48
time 6
note_off 78
time 188
note_on 77
velocity 58
time 26
note_off 77
time 205
note_on 74
velocity 37
time 23
note_on 83
velocity 45
time 0
note_off 71
time 48
note_off 83
time 32
note_off 74
time 58
note_on 74
velocity 60
time 256
note_on 65
velocity 56
time 14
note_on 73
velocity 71
time 105
note_off 74
time 3
note_on 71
velocity 79
time 84
note_off 73
time 11
note_off 71
time 76
note_on 69
velocity 77
time 28
note_on 66
velocity 65
time 1
note_off 65
time 15
note_off 66
time 36
note_off 69
time 44
note_on 71
velocity 78
time 6
note_off 71
time 84
note_on 73
velocity 80
time 23
note_off 73
time 104
note_on 71
velocity 81
time 2
note_on 62
velocity 72
time 31
note_off 71
time 42
note_off 62
time 1
note_on 69
velocity 77
time 26
note_on 68
velocity 83
time 115
note_off 69
time 10
note_off 68
time 96
note_on 66
velocity 81
time 2
note_on 61
velocity 74
time 14
note_off 61
time 70
note_on 68
velocity 78
time 27
note_off 66
time 19
note_on 69
velocity 83
time 85
note_off 68
time 1
note_on 68
velocity 82
time 119
note_on 49
velocity 64
time 3
note_on 59
velocity 72
time 0
note_off 69
time 11
note_off 59
time 66
note_on 66
velocity 81
time 22
note_off 68
time 18
note_off 49
time 14
note_on 65
velocity 80
time 66
note_off 66
time 6
note_on 57
velocity 59
time 148
note_on 66
velocity 75
time 9
note_on 54
velocity 51
time 3
note_off 65
time 23
note_off 66
time 106
note_on 69
velocity 81
time 7
note_off 57
time 84
note_off 69
time 33
note_on 66
velocity 83
time 5
note_off 54
time 11
note_on 61
velocity 80
time 89
note_off 66
time 14
note_off 61
time 76
note_on 57
velocity 70
time 22
note_off 57
time 108
note_on 54
velocity 75
time 6
note_off 54
time 118
note_on 42
velocity 58
time 58
note_off 42
time 604
note_on 78
velocity 50
time 40
note_off 78
time 9
note_on 77
velocity 54
time 11
note_off 77
time 16
note_on 78
velocity 65
time 5
note_on 80
velocity 69
time 15
note_off 78
time 3
note_on 78
velocity 73
time 6
note_off 80
time 18
note_on 81
velocity 61
time 10
note_off 78
time 2
note_on 73
velocity 53
time 50
note_off 81
time 3
note_off 73
time 11
note_on 73
velocity 51
time 6
note_on 66
velocity 43
time 5
note_on 69
velocity 42
time 6
note_off 66
time 35
note_off 69
time 3
note_on 69
velocity 42
time 5
note_on 66
velocity 35
time 7
note_off 73
time 11
note_on 81
velocity 54
time 10
note_off 69
time 1
note_off 66
time 39
note_on 80
velocity 60
time 62
note_off 81
time 15
note_on 81
velocity 70
time 29
note_off 80
time 7
note_off 81
time 148
note_on 83
velocity 74
time 10
note_on 81
velocity 72
time 16
note_off 83
time 7
note_on 85
velocity 77
time 20
note_off 81
time 27
note_on 76
velocity 76
time 352
note_off 85
time 10
note_off 76
time 11
note_on 76
velocity 78
time 10
note_on 68
velocity 56
time 1
note_on 74
velocity 54
time 10
note_on 71
velocity 55
time 0
note_off 74
time 11
note_off 68
time 11
note_off 71
time 2
note_on 74
velocity 46
time 335
note_on 71
velocity 44
time 15
note_on 68
velocity 39
time 7
note_off 71
time 11
note_off 76
time 14
note_on 86
velocity 46
time 13
note_off 74
time 0
note_off 68
time 6
note_off 86
time 10
note_on 85
velocity 56
time 10
note_off 85
time 7
note_on 86
velocity 67
time 0
note_on 88
velocity 63
time 1
note_off 86
time 7
note_on 80
velocity 58
time 7
note_off 80
time 0
note_on 86
velocity 74
time 18
note_off 88
time 23
note_on 84
velocity 80
time 157
note_off 86
time 0
note_on 85
velocity 79
time 16
note_off 84
time 15
note_on 86
velocity 73
time 14
note_off 85
time 11
note_on 81
velocity 71
time 10
note_off 81
time 71
note_off 86
time 49
note_on 85
velocity 72
time 1
note_off 85
time 175
note_on 82
velocity 67
time 1
note_off 82
time 152
note_on 83
velocity 68
time 22
note_off 83
time 70
note_on 74
velocity 58
time 11
note_on 85
velocity 58
time 15
note_off 74
time 104
note_off 85
time 42
note_on 83
velocity 68
time 3
note_off 83
time 66
note_on 80
velocity 72
time 11
note_off 80
time 147
note_on 81
velocity 64
time 19
note_off 81
time 165
note_on 83
velocity 60
time 18
note_on 73
velocity 50
time 9
note_off 73
time 84
note_off 83
time 59
note_on 81
velocity 57
time 26
note_off 81
time 164
note_on 78
velocity 56
time 45
note_off 78
time 102
note_on 80
velocity 67
time 24
note_off 80
time 91
note_on 81
velocity 65
time 15
note_off 81
time 98
note_on 80
velocity 77
time 5
note_on 62
velocity 63
time 16
note_off 62
time 50
note_on 78
velocity 76
time 31
note_off 80
time 16
note_on 76
velocity 75
time 74
note_off 78
time 15
note_off 76
time 74
note_on 74
velocity 74
time 24
note_off 74
time 85
note_on 76
velocity 73
time 20
note_off 76
time 67
note_on 78
velocity 78
time 35
note_off 78
time 115
note_on 66
velocity 72
time 2
note_on 76
velocity 76
time 9
note_off 66
time 63
note_off 76
time 20
note_on 74
velocity 74
time 23
note_on 73
velocity 83
time 106
note_off 74
time 14
note_off 73
time 88
note_on 71
velocity 82
time 1
note_off 71
time 102
note_on 73
velocity 81
time 11
note_off 73
time 88
note_on 74
velocity 76
time 20
note_on 50
velocity 68
time 87
note_off 74
time 14
note_on 73
velocity 79
time 3
note_off 50
time 71
note_off 73
time 26
note_on 71
velocity 76
time 9
note_off 71
time 84
note_on 69
velocity 75
time 19
note_on 68
velocity 80
time 118
note_off 69
time 1
note_off 68
time 98
note_on 69
velocity 76
time 20
note_off 69
time 104
note_on 71
velocity 73
time 6
note_on 51
velocity 60
time 79
note_off 71
time 24
note_on 69
velocity 72
time 18
note_off 51
time 71
note_off 69
time 32
note_on 68
velocity 74
time 2
note_off 68
time 85
note_on 66
velocity 75
time 16
note_off 66
time 100
note_on 64
velocity 77
time 6
note_on 52
velocity 53
time 180
note_off 52
time 76
note_on 54
velocity 54
time 26
note_on 56
velocity 70
time 71
note_off 54
time 1
note_on 76
velocity 79
time 3
note_off 56
time 65
note_on 57
velocity 66
time 18
note_off 57
time 72
note_on 59
velocity 72
time 15
note_off 59
time 95
note_on 61
velocity 73
time 3
note_off 61
time 96
note_on 62
velocity 70
time 7
note_on 68
velocity 79
time 7
note_off 62
time 110
note_on 61
velocity 71
time 16
note_off 61
time 122
note_on 59
velocity 59
time 10
note_off 64
time 85
note_off 59
time 24
note_on 69
velocity 66
time 14
note_on 61
velocity 56
time 11
note_off 68
time 45
note_off 61
time 71
note_on 59
velocity 69
time 10
note_off 59
time 113
note_on 57
velocity 70
time 5
note_off 57
time 76
note_on 64
velocity 84
time 39
note_off 76
time 42
note_off 69
time 111
note_on 52
velocity 67
time 2
note_off 52
time 83
note_on 54
velocity 73
time 1
note_on 56
velocity 79
time 70
note_on 76
velocity 90
time 22
note_off 54
time 11
note_on 57
velocity 80
time 58
note_off 56
time 5
note_off 57
time 66
note_on 59
velocity 82
time 14
note_on 61
velocity 88
time 92
note_off 59
time 19
note_on 62
velocity 78
time 87
note_on 68
velocity 81
time 24
note_off 61
time 9
note_on 61
velocity 80
time 121
note_off 62
time 6
note_off 64
time 63
note_on 59
velocity 78
time 55
note_off 61
time 5
note_off 59
time 100
note_on 61
velocity 71
time 7
note_on 69
velocity 74
time 9
note_off 68
time 31
note_on 59
velocity 75
time 74
note_off 61
time 32
note_on 57
velocity 79
time 74
note_off 59
time 9
note_off 57
time 54
note_on 64
velocity 86
time 69
note_off 76
time 0
note_off 69
time 108
note_on 52
velocity 67
time 26
note_on 54
velocity 80
time 89
note_off 52
time 7
note_on 56
velocity 84
time 83
note_on 76
velocity 93
time 18
note_off 54
time 27
note_off 56
time 52
note_on 57
velocity 81
time 0
note_off 57
time 75
note_on 59
velocity 82
time 10
note_on 61
velocity 86
time 97
note_off 59
time 10
note_on 62
velocity 82
time 115
note_off 61
time 7
note_on 68
velocity 84
time 2
note_off 62
time 119
note_on 61
velocity 84
time 6
note_off 64
time 3
note_on 59
velocity 82
time 111
note_off 61
time 7
note_off 76
time 67
note_on 69
velocity 85
time 23
note_off 68
time 6
note_on 61
velocity 84
time 9
note_off 59
time 5
note_on 59
velocity 86
time 109
note_off 61
time 100
note_on 57
velocity 86
time 18
note_off 59
time 22
note_off 57
time 96
note_on 64
velocity 94
time 33
note_off 69
time 2
note_off 64
time 114
note_on 76
velocity 87
time 0
note_on 52
velocity 84
time 3
note_on 40
velocity 80
time 2
note_on 71
velocity 82
time 2
note_on 68
velocity 81
time 2
note_off 76
time 72
note_off 71
time 5
note_off 68
time 3
note_on 75
velocity 67
time 1
note_on 76
velocity 70
time 13
note_off 75
time 53
note_on 78
velocity 70
time 187
note_off 76
time 22
note_on 76
velocity 64
time 212
note_off 78
time 37
note_off 76
time 2
note_on 76
velocity 58
time 14
note_off 52
time 15
note_off 40
time 13
note_off 76
time 294
note_on 76
velocity 40
time 408
note_on 73
velocity 44
time 9
note_off 76
time 13
note_off 73
time 9
note_on 74
velocity 57
time 7
note_off 74
time 18
note_on 76
velocity 57
time 2
note_on 66
velocity 38
time 6
note_on 69
velocity 37
time 3
note_off 66
time 0
note_off 69
time 0
note_off 76
time 6
note_on 74
velocity 63
time 9
note_on 78
velocity 64
time 18
note_on 69
velocity 47
time 0
note_off 74
time 3
note_on 66
velocity 42
time 0
note_on 74
velocity 63
time 10
note_off 78
time 5
note_off 74
time 171
note_on 78
velocity 66
time 1
note_off 78
time 160
note_on 74
velocity 58
time 16
note_off 69
time 71
note_off 66
time 119
note_off 74
time 6
note_on 72
velocity 56
time 9
note_on 64
velocity 48
time 369
note_on 68
velocity 55
time 3
note_off 64
time 67
note_off 68
time 3
note_on 68
velocity 48
time 348
note_on 64
velocity 43
time 1
note_off 72
time 425
note_on 73
velocity 47
time 19
note_off 73
time 3
note_off 68
time 6
note_off 64
time 3
note_on 70
velocity 55
time 3
note_off 70
time 0
note_on 71
velocity 63
time 14
note_on 62
velocity 47
time 109
note_on 73
velocity 71
time 0
note_off 71
time 3
note_on 66
velocity 44
time 9
note_off 62
time 59
note_off 66
time 7
note_on 71
velocity 76
time 95
note_off 73
time 20
note_on 62
velocity 48
time 13
note_off 71
time 1
note_on 66
velocity 51
time 6
note_on 74
velocity 66
time 2
note_off 74
time 6
note_on 71
velocity 68
time 7
note_off 71
time 117
note_on 74
velocity 67
time 19
note_off 74
time 151
note_on 71
velocity 57
time 19
note_off 66
time 84
note_off 62
time 5
note_off 71
time 63
note_on 68
velocity 55
time 19
note_on 64
velocity 47
time 80
note_on 61
velocity 43
time 10
note_off 61
time 55
note_off 64
time 2
note_on 64
velocity 35
time 35
note_on 61
velocity 35
time 20
note_on 69
velocity 52
time 16
note_off 68
time 3
note_off 61
time 0
note_off 69
time 9
note_on 66
velocity 42
time 6
note_on 62
velocity 44
time 7
note_off 64
time 0
note_off 66
time 1
note_on 68
velocity 54
time 5
note_off 68
time 2
note_on 69
velocity 61
time 3
note_off 69
time 26
note_on 63
velocity 72
time 1
note_on 71
velocity 63
time 2
note_off 62
time 3
note_off 71
time 2
note_on 69
velocity 62
time 3
note_off 69
time 11
note_on 71
velocity 56
time 16
note_off 71
time 37
note_on 64
velocity 59
time 29
note_on 68
velocity 62
time 9
note_off 68
time 93
note_off 63
time 7
note_on 69
velocity 69
time 13
note_off 69
time 7
note_on 71
velocity 71
time 9
note_off 71
time 6
note_on 65
velocity 85
time 7
note_on 73
velocity 79
time 9
note_off 64
time 13
note_off 73
time 14
note_on 71
velocity 71
time 29
note_off 71
time 11
note_on 73
velocity 71
time 2
note_off 73
time 5
note_on 66
velocity 66
time 14
note_on 69
velocity 67
time 5
note_off 65
time 2
note_off 69
time 14
note_off 66
time 0
note_on 71
velocity 72
time 5
note_off 71
time 32
note_on 73
velocity 69
time 29
note_off 73
time 15
note_on 42
velocity 79
time 5
note_on 74
velocity 74
time 2
note_on 54
velocity 82
time 1
note_off 74
time 16
note_on 73
velocity 74
time 7
note_off 42
time 0
note_off 54
time 0
note_off 73
time 45
note_on 74
velocity 72
time 24
note_off 74
time 10
note_on 44
velocity 85
time 13
note_on 56
velocity 90
time 0
note_on 71
velocity 76
time 1
note_off 71
time 3
note_on 73
velocity 73
time 6
note_off 56
time 2
note_off 44
time 6
note_off 73
time 32
note_on 74
velocity 78
time 31
note_off 74
time 83
note_on 52
velocity 84
time 14
note_on 40
velocity 79
time 0
note_on 76
velocity 76
time 1
note_on 74
velocity 71
time 1
note_off 76
time 2
note_off 40
time 11
note_off 52
time 13
note_off 74
time 6
note_on 76
velocity 75
time 28
note_off 76
time 78
note_on 57
velocity 76
time 18
note_on 45
velocity 76
time 1
note_on 73
velocity 84
time 5
note_off 57
time 13
note_off 45
time 7
note_off 73
time 45
note_on 76
velocity 79
time 44
note_off 76
time 72
note_on 81
velocity 75
time 42
note_on 52
velocity 60
time 93
note_on 40
velocity 66
time 1
note_off 81
time 1
note_on 85
velocity 82
time 10
note_off 85
time 9
note_on 81
velocity 72
time 7
note_off 81
time 6
note_on 78
velocity 80
time 26
note_off 40
time 13
note_off 52
time 36
note_off 78
time 27
note_on 74
velocity 80
time 23
note_off 74
time 114
note_on 78
velocity 86
time 10
note_on 74
velocity 81
time 101
note_off 78
time 15
note_off 74
time 72
note_on 44
velocity 85
time 13
note_on 56
velocity 91
time 0
note_on 71
velocity 74
time 0
note_off 71
time 3
note_on 74
velocity 79
time 5
note_off 74
time 46
note_off 56
time 40
note_on 71
velocity 82
time 2
note_off 44
time 2
note_off 71
time 78
note_on 45
velocity 75
time 13
note_on 57
velocity 77
time 0
note_on 73
velocity 88
time 7
note_off 57
time 2
note_off 45
time 11
note_off 73
time 18
note_on 76
velocity 77
time 59
note_off 76
time 83
note_on 81
velocity 75
time 13
note_off 81
time 98
note_on 52
velocity 70
time 13
note_on 85
velocity 86
time 0
note_on 40
velocity 70
time 16
note_off 85
time 14
note_on 81
velocity 74
time 1
note_off 81
time 41
note_on 78
velocity 81
time 13
note_off 40
time 42
note_off 52
time 23
note_off 78
time 9
note_on 74
velocity 80
time 27
note_off 74
time 109
note_on 78
velocity 86
time 3
note_on 74
velocity 82
time 105
note_off 78
time 36
note_off 74
time 0
note_on 56
velocity 90
time 5
note_on 44
velocity 83
time 1
note_on 71
velocity 75
time 10
note_off 71
time 15
note_on 74
velocity 78
time 9
note_off 74
time 75
note_off 44
time 37
note_on 71
velocity 82
time 1
note_off 56
time 3
note_off 71
time 88
note_on 57
velocity 80
time 5
note_on 45
velocity 73
time 14
note_on 73
velocity 88
time 7
note_off 57
time 9
note_off 45
time 10
note_off 73
time 5
note_on 76
velocity 73
time 57
note_off 76
time 87
note_on 81
velocity 73
time 16
note_off 81
time 104
note_on 52
velocity 68
time 11
note_on 85
velocity 77
time 0
note_on 40
velocity 56
time 19
note_off 85
time 2
note_on 81
velocity 68
time 1
note_off 81
time 7
note_on 78
velocity 72
time 5
note_off 40
time 36
note_off 78
time 40
note_off 52
time 5
note_on 74
velocity 75
time 22
note_off 74
time 93
note_on 78
velocity 81
time 27
note_on 74
velocity 77
time 105
note_off 78
time 22
note_off 74
time 11
note_on 71
velocity 73
time 14
note_on 44
velocity 73
time 11
note_on 56
velocity 80
time 2
note_off 71
time 91
note_on 74
velocity 77
time 13
note_off 74
time 91
note_on 71
velocity 75
time 29
note_off 56
time 11
note_off 44
time 19
note_off 71
time 84
note_on 57
velocity 49
time 10
note_on 73
velocity 68
time 13
note_on 45
velocity 55
time 1
note_off 45
time 5
note_off 57
time 15
note_off 73
time 0
note_on 66
velocity 51
time 7
note_on 62
velocity 45
time 7
note_on 71
velocity 58
time 11
note_on 76
velocity 61
time 0
note_off 76
time 96
note_on 74
velocity 69
time 2
note_off 71
time 39
note_off 62
time 65
note_off 74
time 44
note_on 73
velocity 66
time 15
note_on 64
velocity 54
time 2
note_on 69
velocity 63
time 6
note_off 66
time 29
note_off 64
time 5
note_off 69
time 6
note_off 73
time 3
note_on 71
velocity 63
time 334
note_on 68
velocity 55
time 1
note_on 52
velocity 48
time 7
note_on 62
velocity 44
time 10
note_off 71
time 32
note_off 52
time 7
note_off 68
time 0
note_off 62
time 35
note_on 57
velocity 49
time 272
note_on 73
velocity 70
time 48
note_off 57
time 59
note_off 73
time 14
note_on 61
velocity 52
time 15
note_on 76
velocity 76
time 14
note_off 76
time 58
note_off 61
time 14
note_on 64
velocity 59
time 18
note_on 81
velocity 75
time 19
note_off 64
time 66
note_off 81
time 19
note_on 85
velocity 81
time 15
note_on 69
velocity 66
time 2
note_off 69
time 46
note_off 85
time 26
note_on 66
velocity 64
time 22
note_on 81
velocity 78
time 0
note_off 66
time 54
note_off 81
time 0
note_on 78
velocity 77
time 41
note_on 62
velocity 61
time 20
note_off 78
time 53
note_off 62
time 20
note_on 74
velocity 74
time 10
note_on 59
velocity 64
time 3
note_off 59
time 28
note_off 74
time 42
note_on 78
velocity 79
time 40
note_on 74
velocity 76
time 98
note_off 78
time 5
note_off 74
time 75
note_on 52
velocity 86
time 22
note_on 40
velocity 85
time 3
note_on 71
velocity 83
time 10
note_off 52
time 2
note_off 40
time 1
note_on 74
velocity 86
time 36
note_off 71
time 5
note_off 74
time 67
note_on 71
velocity 77
time 36
note_off 71
time 76
note_on 57
velocity 74
time 29
note_on 73
velocity 86
time 7
note_off 73
time 10
note_off 57
time 7
note_on 61
velocity 70
time 5
note_on 76
velocity 82
time 11
note_off 76
time 48
note_off 61
time 14
note_on 64
velocity 75
time 3
note_on 81
velocity 83
time 3
note_off 64
time 79
note_on 69
velocity 81
time 14
note_off 81
time 2
note_on 85
velocity 88
time 7
note_off 69
time 66
note_on 66
velocity 75
time 24
note_on 81
velocity 87
time 6
note_off 85
time 2
note_off 66
time 63
note_off 81
time 23
note_on 62
velocity 70
time 7
note_on 78
velocity 84
time 1
note_off 78
time 79
note_off 62
time 3
note_on 59
velocity 77
time 14
note_on 74
velocity 81
time 6
note_off 59
time 23
note_off 74
time 93
note_on 78
velocity 86
time 3
note_on 74
velocity 77
time 100
note_off 78
time 33
note_off 74
time 53
note_on 52
velocity 88
time 24
note_on 40
velocity 85
time 5
note_on 71
velocity 81
time 2
note_off 40
time 15
note_off 52
time 16
note_on 74
velocity 85
time 15
note_off 71
time 1
note_off 74
time 71
note_on 71
velocity 77
time 33
note_off 71
time 72
note_on 57
velocity 68
time 52
note_on 73
velocity 80
time 0
note_off 73
time 1
note_off 57
time 10
note_on 76
velocity 77
time 1
note_on 61
velocity 68
time 13
note_off 76
time 11
note_on 81
velocity 78
time 28
note_on 64
velocity 67
time 11
note_off 61
time 2
note_off 64
time 65
note_off 81
time 11
note_on 85
velocity 85
time 3
note_on 69
velocity 76
time 3
note_off 69
time 82
note_on 81
velocity 81
time 9
note_off 85
time 1
note_on 65
velocity 59
time 37
note_off 65
time 49
note_off 81
time 2
note_on 78
velocity 86
time 15
note_on 62
velocity 67
time 16
note_off 78
time 57
note_on 74
velocity 77
time 31
note_off 62
time 5
note_on 59
velocity 74
time 11
note_off 59
time 37
note_off 74
time 41
note_on 78
velocity 83
time 14
note_on 74
velocity 78
time 105
note_off 78
time 1
note_off 74
time 69
note_on 71
velocity 79
time 32
note_on 52
velocity 90
time 6
note_on 40
velocity 84
time 3
note_off 52
time 32
note_off 40
time 7
note_off 71
time 27
note_on 74
velocity 79
time 31
note_off 74
time 71
note_on 71
velocity 75
time 32
note_off 71
time 110
note_on 73
velocity 81
time 20
note_on 45
velocity 75
time 11
note_on 57
velocity 84
time 1
note_off 45
time 0
note_off 73
time 11
note_off 57
time 2
note_on 66
velocity 59
time 11
note_on 62
velocity 50
time 1
note_on 76
velocity 77
time 0
note_on 71
velocity 65
time 1
note_on 74
velocity 79
time 13
note_off 76
time 11
note_off 71
time 15
note_off 62
time 79
note_off 74
time 16
note_on 73
velocity 73
time 2
note_on 69
velocity 63
time 15
note_on 64
velocity 51
time 3
note_off 66
time 36
note_off 64
time 7
note_off 69
time 5
note_off 73
time 16
note_on 52
velocity 52
time 325
note_on 68
velocity 60
time 5
note_on 71
velocity 74
time 0
note_on 62
velocity 48
time 6
note_off 68
time 33
note_off 62
time 2
note_off 71
time 26
note_off 52
time 45
note_on 69
velocity 65
time 110
note_on 57
velocity 44
time 22
note_on 61
velocity 44
time 3
note_off 69
time 13
note_on 81
velocity 63
time 5
note_off 57
time 41
note_off 81
time 5
note_off 61
time 61
note_on 81
velocity 76
time 88
note_off 81
time 7
note_on 81
velocity 81
time 84
note_off 81
time 102
note_on 81
velocity 63
time 136
note_off 81
time 78
note_on 83
velocity 81
time 3
note_on 85
velocity 84
time 13
note_off 83
time 1
note_off 85
time 13
note_on 69
velocity 51
time 102
note_on 83
velocity 72
time 63
note_off 69
time 13
note_on 69
velocity 68
time 31
note_off 83
time 6
note_on 80
velocity 81
time 10
note_off 69
time 5
note_on 69
velocity 69
time 153
note_off 80
time 36
note_off 69
time 22
note_on 81
velocity 81
time 105
note_on 69
velocity 65
time 87
note_on 71
velocity 61
time 14
note_off 69
time 10
note_on 73
velocity 80
time 11
note_off 71
time 6
note_off 73
time 1
note_on 77
velocity 82
time 6
note_off 81
time 22
note_on 69
velocity 72
time 6
note_off 77
time 6
note_on 78
velocity 75
time 1
note_on 66
velocity 61
time 16
note_off 69
time 29
note_on 74
velocity 65
time 45
note_off 78
time 14
note_on 64
velocity 51
time 16
note_off 66
time 14
note_on 73
velocity 65
time 14
note_off 74
time 46
note_on 63
velocity 43
time 143
note_off 64
time 26
note_off 63
time 102
note_off 73
time 19
note_on 72
velocity 61
time 29
note_off 72
time 114
note_on 75
velocity 55
time 53
note_on 69
velocity 48
time 2
note_on 60
velocity 46
time 9
note_off 75
time 57
note_on 78
velocity 60
time 128
note_off 60
time 67
note_on 61
velocity 41
time 16
note_on 68
velocity 45
time 3
note_off 69
time 16
note_off 61
time 20
note_off 68
time 7
note_on 76
velocity 68
time 14
note_off 78
time 0
note_off 76
time 13
note_on 69
velocity 58
time 3
note_on 72
velocity 66
time 9
note_on 66
velocity 53
time 1
note_off 72
time 9
note_on 75
velocity 74
time 18
note_on 68
velocity 64
time 18
note_on 64
velocity 60
time 13
note_off 66
time 0
note_off 69
time 0
note_off 64
time 13
note_off 68
time 7
note_on 73
velocity 80
time 31
note_off 75
time 14
note_off 73
time 92
note_on 69
velocity 50
time 71
note_on 60
velocity 58
time 1
note_on 75
velocity 65
time 13
note_off 75
time 117
note_on 78
velocity 76
time 63
note_off 60
time 87
note_on 61
velocity 56
time 76
note_on 68
velocity 62
time 7
note_off 69
time 87
note_off 61
time 36
note_off 68
time 36
note_on 76
velocity 78
time 2
note_off 78
time 19
note_off 76
time 119
note_on 72
velocity 75
time 42
note_on 66
velocity 64
time 1
note_on 69
velocity 70
time 0
note_off 72
time 110
note_on 75
velocity 85
time 61
note_on 68
velocity 74
time 158
note_on 64
velocity 65
time 6
note_off 69
time 44
note_off 66
time 85
note_off 64
time 9
note_off 68
time 6
note_off 75
time 9
note_on 73
velocity 82
time 7
note_on 78
velocity 76
time 0
note_on 60
velocity 71
time 2
note_on 63
velocity 73
time 0
note_off 73
time 5
note_off 78
time 0
note_on 81
velocity 76
time 7
note_on 61
velocity 58
time 79
note_on 64
velocity 68
time 0
note_off 60
time 6
note_off 63
time 127
note_off 64
time 35
note_off 61
time 7
note_on 80
velocity 75
time 15
note_off 81
time 48
note_on 66
velocity 68
time 135
note_on 63
velocity 60
time 10
note_on 78
velocity 74
time 157
note_off 80
time 82
note_off 63
time 40
note_on 64
velocity 58
time 33
note_on 68
velocity 65
time 13
note_off 66
time 113
note_off 64
time 10
note_on 76
velocity 71
time 54
note_off 78
time 6
note_off 68
time 16
note_on 66
velocity 75
time 136
note_on 75
velocity 72
time 156
note_off 76
time 40
note_on 69
velocity 75
time 166
note_on 73
velocity 70
time 166
note_off 66
time 5
note_off 75
time 114
note_on 67
velocity 60
time 82
note_off 69
time 109
note_on 75
velocity 71
time 59
note_off 73
time 95
note_on 68
velocity 57
time 62
note_off 67
time 32
note_off 68
time 162
note_on 72
velocity 63
time 14
note_off 75
time 69
note_on 66
velocity 53
time 104
note_on 75
velocity 60
time 175
note_off 72
time 78
note_on 69
velocity 52
time 83
note_off 66
time 144
note_on 73
velocity 57
time 53
note_off 75
time 45
note_on 67
velocity 46
time 128
note_off 69
time 166
note_on 75
velocity 50
time 14
note_off 73
time 44
note_on 68
velocity 42
time 16
note_off 67
time 76
note_off 68
time 82
note_on 72
velocity 48
time 24
note_off 75
time 33
note_on 66
velocity 37
time 152
note_off 72
time 156
note_on 75
velocity 49
time 14
note_on 69
velocity 46
time 205
note_off 75
time 170
note_on 73
velocity 45
time 10
note_on 67
velocity 46
time 197
note_off 66
time 58
note_off 69
time 57
note_off 73
time 72
note_on 75
velocity 49
time 20
note_on 68
velocity 40
time 0
note_off 67
time 14
note_off 75
time 18
note_on 72
velocity 66
time 1
note_off 72
time 10
note_on 80
velocity 79
time 1
note_off 80
time 6
note_on 80
velocity 57
time 6
note_off 68
time 10
note_off 80
time 15
note_on 80
velocity 45
time 9
note_off 80
time 15
note_on 79
velocity 41
time 0
note_off 79
time 13
note_on 80
velocity 62
time 2
note_on 81
velocity 67
time 6
note_off 80
time 2
note_off 81
time 13
note_on 80
velocity 79
time 22
note_on 85
velocity 80
time 11
note_off 80
time 7
note_on 88
velocity 82
time 16
note_off 85
time 11
note_off 88
time 14
note_on 88
velocity 87
time 36
note_off 88
time 11
note_on 81
velocity 83
time 1
note_on 76
velocity 68
time 3
note_on 73
velocity 63
time 1
note_off 76
time 78
note_off 73
time 10
note_on 76
velocity 50
time 7
note_on 73
velocity 51
time 5
note_off 81
time 2
note_on 83
velocity 51
time 14
note_off 83
time 13
note_on 81
velocity 56
time 10
note_off 81
time 18
note_off 73
time 2
note_on 75
velocity 62
time 3
note_on 71
velocity 52
time 0
note_off 76
time 7
note_on 80
velocity 56
time 10
note_off 80
time 16
note_on 81
velocity 63
time 19
note_off 81
time 15
note_on 80
velocity 69
time 13
note_off 71
time 15
note_off 80
time 16
note_on 78
velocity 65
time 3
note_on 73
velocity 53
time 7
note_on 69
velocity 54
time 1
note_off 75
time 11
note_off 78
time 7
note_on 80
velocity 65
time 18
note_off 80
time 10
note_on 81
velocity 66
time 27
note_off 81
time 115
note_on 80
velocity 62
time 19
note_off 80
time 85
note_on 81
velocity 61
time 23
note_off 81
time 55
note_on 80
velocity 66
time 41
note_off 80
time 2
note_on 78
velocity 70
time 1
note_off 73
time 3
note_off 78
time 10
note_on 80
velocity 72
time 16
note_off 80
time 19
note_on 78
velocity 64
time 3
note_off 69
time 10
note_off 78
time 7
note_on 71
velocity 59
time 7
note_on 68
velocity 59
time 5
note_on 76
velocity 68
time 2
note_off 76
time 0
note_on 78
velocity 76
time 7
note_on 76
velocity 67
time 0
note_off 78
time 1
note_off 76
time 11
note_on 75
velocity 68
time 7
note_off 71
time 2
note_on 69
velocity 64
time 3
note_on 66
velocity 59
time 9
note_off 68
time 9
note_off 75
time 7
note_on 76
velocity 66
time 22
note_off 76
time 87
note_on 78
velocity 71
time 24
note_off 78
time 111
note_on 76
velocity 68
time 20
note_off 76
time 106
note_on 78
velocity 75
time 11
note_on 76
velocity 69
time 100
note_off 78
time 9
note_on 74
velocity 73
time 97
note_off 76
time 9
note_off 74
time 71
note_on 76
velocity 71
time 23
note_off 66
time 9
note_off 76
time 96
note_on 74
velocity 70
time 2
note_off 74
time 111
note_on 68
velocity 74
time 6
note_on 73
velocity 70
time 2
note_on 64
velocity 65
time 6
note_off 69
time 19
note_off 73
time 69
note_on 74
velocity 69
time 22
note_off 74
time 82
note_on 73
velocity 66
time 28
note_off 73
time 88
note_off 64
time 11
note_on 63
velocity 56
time 27
note_on 72
velocity 71
time 1
note_on 66
velocity 58
time 1
note_off 68
time 69
note_off 72
time 22
note_on 73
velocity 68
time 22
note_off 73
time 80
note_on 75
velocity 73
time 20
note_off 75
time 91
note_on 73
velocity 74
time 13
note_off 73
time 74
note_on 75
velocity 76
time 31
note_on 73
velocity 80
time 104
note_off 75
time 1
note_off 73
time 3
note_on 72
velocity 82
time 2
note_off 66
time 10
note_off 63
time 10
note_off 72
time 15
note_on 73
velocity 83
time 5
note_off 73
time 13
note_on 72
velocity 78
time 11
note_off 72
time 9
note_on 69
velocity 76
time 18
note_on 64
velocity 77
time 14
note_on 61
velocity 73
time 3
note_off 69
time 1
note_on 71
velocity 77
time 5
note_off 71
time 11
note_on 69
velocity 75
time 3
note_off 69
time 7
note_on 68
velocity 78
time 6
note_on 63
velocity 78
time 10
note_on 60
velocity 71
time 2
note_off 64
time 5
note_off 61
time 7
note_off 68
time 41
note_on 69
velocity 80
time 2
note_off 69
time 11
note_on 71
velocity 78
time 9
note_off 71
time 115
note_on 69
velocity 80
time 11
note_off 69
time 101
note_on 71
velocity 81
time 9
note_on 69
velocity 84
time 114
note_off 71
time 23
note_off 60
time 72
note_off 63
time 7
note_on 68
velocity 81
time 3
note_off 69
time 9
note_off 68
time 96
note_on 69
velocity 78
time 6
note_on 68
velocity 78
time 118
note_off 69
time 15
note_on 56
velocity 96
time 97
note_on 44
velocity 94
time 1
note_off 68
time 2
note_on 66
velocity 76
time 1
note_off 56
time 18
note_off 44
time 3
note_off 66
time 11
note_on 68
velocity 75
time 1
note_off 68
time 144
note_on 66
velocity 76
time 1
note_on 61
velocity 89
time 1
note_on 49
velocity 91
time 1
note_off 66
time 2
note_off 61
time 6
note_on 64
velocity 74
time 2
note_off 49
time 10
note_off 64
time 93
note_on 68
velocity 81
time 6
note_off 68
time 106
note_on 73
velocity 78
time 7
note_off 73
time 91
note_on 49
velocity 80
time 3
note_on 37
velocity 76
time 2
note_on 76
velocity 80
time 16
note_off 49
time 19
note_off 37
time 6
note_on 75
velocity 82
time 82
note_off 76
time 15
note_on 73
velocity 79
time 83
note_off 75
time 28
note_off 73
time 55
note_on 72
velocity 90
time 24
note_on 75
velocity 89
time 106
note_off 72
time 28
note_on 78
velocity 86
time 84
note_off 75
time 35
note_on 44
velocity 93
time 1
note_on 56
velocity 89
time 0
note_off 78
time 3
note_on 81
velocity 81
time 3
note_off 56
time 6
note_off 44
time 2
note_on 80
velocity 90
time 54
note_off 81
time 40
note_on 78
velocity 87
time 71
note_off 80
time 41
note_off 78
time 62
note_on 49
velocity 90
time 5
note_on 61
velocity 91
time 1
note_on 76
velocity 90
time 2
note_off 61
time 14
note_off 49
time 10
note_on 80
velocity 90
time 72
note_off 76
time 27
note_on 85
velocity 89
time 84
note_off 80
time 22
note_on 37
velocity 86
time 84
note_on 49
velocity 88
time 0
note_on 88
velocity 87
time 2
note_off 85
time 6
note_off 49
time 40
note_off 37
time 7
note_on 87
velocity 91
time 54
note_off 88
time 49
note_on 85
velocity 84
time 61
note_off 87
time 52
note_on 84
velocity 92
time 55
note_off 85
time 28
note_on 87
velocity 96
time 83
note_off 84
time 20
note_on 84
velocity 88
time 87
note_off 87
time 33
note_off 84
time 75
note_on 44
velocity 85
time 5
note_on 81
velocity 84
time 3
note_on 56
velocity 83
time 3
note_off 44
time 11
note_off 56
time 3
note_on 80
velocity 85
time 14
note_off 81
time 6
note_on 78
velocity 87
time 18
note_off 80
time 18
note_off 78
time 9
note_on 49
velocity 77
time 1
note_on 61
velocity 75
time 2
note_on 76
velocity 75
time 0
note_off 76
time 18
note_on 85
velocity 90
time 139
note_off 49
time 169
note_off 61
time 14
note_on 73
velocity 73
time 212
note_off 85
time 26
note_off 73
time 140
note_on 73
velocity 67
time 233
note_on 69
velocity 56
time 414
note_off 73
time 57
note_on 81
velocity 47
time 419
note_off 69
time 53
note_off 81
time 358
note_on 63
velocity 36
time 37
note_on 54
velocity 32
time 13
note_on 78
velocity 47
time 35
note_off 78
time 16
note_on 76
velocity 63
time 13
note_off 76
time 9
note_on 75
velocity 63
time 6
note_on 64
velocity 43
time 18
note_on 56
velocity 41
time 0
note_off 75
time 11
note_off 54
time 9
note_on 72
velocity 58
time 15
note_off 63
time 128
note_off 72
time 52
note_on 73
velocity 66
time 2
note_off 73
time 145
note_on 75
velocity 65
time 31
note_off 75
time 148
note_on 73
velocity 61
time 15
note_off 64
time 2
note_off 56
time 135
note_off 73
time 53
note_on 68
velocity 54
time 18
note_on 44
velocity 34
time 402
note_on 56
velocity 42
time 6
note_off 56
time 89
note_off 44
time 106
note_off 68
time 175
note_on 76
velocity 51
time 63
note_on 56
velocity 40
time 13
note_on 49
velocity 36
time 1
note_off 76
time 13
note_on 85
velocity 73
time 108
note_off 56
time 212
note_off 49
time 1
note_off 85
time 166
note_on 73
velocity 59
time 3
note_off 73
time 165
note_on 73
velocity 58
time 231
note_on 69
velocity 48
time 425
note_off 73
time 70
note_on 81
velocity 44
time 381
note_off 69
time 69
note_off 81
time 364
note_on 63
velocity 38
time 40
note_on 54
velocity 30
time 32
note_on 78
velocity 46
time 307
note_off 78
time 148
note_on 76
velocity 59
time 22
note_off 76
time 130
note_on 75
velocity 55
time 19
note_off 75
time 158
note_off 54
time 7
note_on 64
velocity 38
time 2
note_on 56
velocity 29
time 13
note_on 72
velocity 50
time 18
note_off 63
time 164
note_off 72
time 15
note_on 73
velocity 65
time 11
note_off 73
time 160
note_on 75
velocity 65
time 28
note_off 75
time 160
note_on 73
velocity 63
time 10
note_off 64
time 26
note_off 56
time 109
note_off 73
time 57
note_on 68
velocity 52
time 32
note_on 44
velocity 35
time 455
note_on 56
velocity 40
time 7
note_off 56
time 85
note_off 44
time 19
note_on 56
velocity 30
time 532
note_on 49
velocity 32
time 11
note_off 68
time 20
note_off 56
time 1065
note_off 49
time 153
note_on 88
velocity 45
time 2
note_off 88
time 33
note_on 85
velocity 57
time 67
note_off 85
time 6
note_on 83
velocity 66
time 3
note_off 83
time 1
note_on 85
velocity 50
time 3
note_off 85
time 13
note_on 67
velocity 42
time 3
note_on 83
velocity 74
time 1
note_off 83
time 9
note_on 82
velocity 73
time 7
note_on 76
velocity 70
time 23
note_on 79
velocity 66
time 9
note_off 82
time 74
note_off 79
time 74
note_on 85
velocity 70
time 2
note_off 85
time 76
note_on 83
velocity 59
time 11
note_off 83
time 28
note_on 85
velocity 67
time 24
note_on 64
velocity 62
time 37
note_off 67
time 19
note_on 83
velocity 80
time 0
note_off 85
time 0
note_off 76
time 13
note_off 64
time 2
note_on 82
velocity 83
time 6
note_off 83
time 1
note_on 64
velocity 67
time 5
note_on 88
velocity 76
time 13
note_off 82
time 10
note_on 85
velocity 64
time 3
note_off 88
time 11
note_on 83
velocity 71
time 9
note_off 85
time 13
note_off 83
time 1
note_on 85
velocity 59
time 14
note_on 61
velocity 49
time 2
note_on 83
velocity 74
time 0
note_off 85
time 3
note_off 64
time 2
note_on 82
velocity 75
time 33
note_off 83
time 3
note_off 82
time 28
note_on 79
velocity 65
time 11
note_on 73
velocity 47
time 3
note_off 61
time 5
note_on 78
velocity 69
time 19
note_off 79
time 6
note_off 73
time 11
note_on 77
velocity 64
time 10
note_off 78
time 1
note_off 77
time 55
note_on 78
velocity 72
time 3
note_off 78
time 9
note_on 79
velocity 66
time 7
note_off 79
time 11
note_on 76
velocity 70
time 16
note_off 76
time 15
note_on 76
velocity 66
time 18
note_off 76
time 18
note_on 78
velocity 72
time 11
note_on 60
velocity 50
time 3
note_on 76
velocity 80
time 13
note_off 78
time 11
note_on 75
velocity 82
time 19
note_off 76
time 15
note_on 69
velocity 68
time 22
note_on 72
velocity 71
time 14
note_off 75
time 39
note_on 78
velocity 72
time 91
note_off 72
time 2
note_off 78
time 59
note_on 76
velocity 67
time 1
note_off 76
time 39
note_on 78
velocity 71
time 27
note_on 57
velocity 66
time 42
note_off 60
time 3
note_on 76
velocity 79
time 1
note_off 78
time 31
note_off 69
time 5
note_off 57
time 84
note_off 76
time 48
note_on 75
velocity 77
time 5
note_on 57
velocity 70
time 27
note_off 75
time 7
note_on 81
velocity 73
time 0
note_on 78
velocity 69
time 139
note_off 81
time 3
note_on 76
velocity 57
time 10
note_off 78
time 9
note_off 76
time 16
note_on 78
velocity 63
time 15
note_on 76
velocity 71
time 13
note_on 54
velocity 59
time 14
note_off 78
time 3
note_off 57
time 15
note_on 75
velocity 72
time 2
note_off 76
time 10
note_off 75
time 18
note_on 72
velocity 68
time 2
note_on 66
velocity 49
time 7
note_on 71
velocity 76
time 7
note_off 72
time 31
note_off 66
time 7
note_on 70
velocity 77
time 20
note_off 54
time 6
note_off 71
time 3
note_on 71
velocity 77
time 156
note_off 70
time 31
note_off 71
time 130
note_on 72
velocity 71
time 6
note_on 51
velocity 54
time 1
note_on 39
velocity 52
time 3
note_off 72
time 165
note_on 69
velocity 56
time 11
note_off 51
time 22
note_off 39
time 59
note_on 52
velocity 54
time 95
note_on 40
velocity 51
time 3
note_off 40
time 40
note_off 52
time 37
note_off 69
time 79
note_on 68
velocity 69
time 16
note_off 68
time 100
note_on 65
velocity 55
time 50
note_on 56
velocity 46
time 20
note_on 71
velocity 65
time 2
note_off 71
time 74
note_on 74
velocity 69
time 93
note_off 56
time 45
note_off 65
time 92
note_on 57
velocity 46
time 14
note_on 64
velocity 50
time 13
note_off 57
time 92
note_off 64
time 6
note_off 74
time 65
note_on 72
velocity 80
time 11
note_off 72
time 109
note_on 65
velocity 64
time 41
note_on 62
velocity 59
time 10
note_on 68
velocity 72
time 10
note_off 68
time 54
note_on 71
velocity 75
time 102
note_off 65
time 154
note_on 60
velocity 62
time 9
note_on 64
velocity 66
time 0
note_off 62
time 14
note_off 60
time 97
note_off 64
time 2
note_off 71
time 48
note_on 69
velocity 82
time 10
note_off 69
time 76
note_on 71
velocity 71
time 76
note_on 65
velocity 61
time 20
note_on 56
velocity 61
time 1
note_off 71
time 98
note_on 74
velocity 73
time 52
note_off 56
time 108
note_off 65
time 69
note_on 64
velocity 60
time 10
note_on 57
velocity 58
time 5
note_off 57
time 79
note_off 64
time 19
note_off 74
time 48
note_on 72
velocity 76
time 15
note_off 72
time 157
note_on 65
velocity 70
time 1
note_on 68
velocity 70
time 0
note_on 62
velocity 63
time 3
note_off 68
time 119
note_on 71
velocity 84
time 52
note_off 65
time 126
note_on 64
velocity 70
time 18
note_off 62
time 1
note_on 60
velocity 68
time 2
note_off 60
time 16
note_off 71
time 13
note_off 64
time 5
note_on 69
velocity 87
time 11
note_off 69
time 24
note_on 70
velocity 79
time 9
note_on 61
velocity 68
time 2
note_on 76
velocity 80
time 5
note_off 76
time 7
note_on 79
velocity 87
time 0
note_off 70
time 20
note_off 61
time 9
note_on 69
velocity 77
time 26
note_on 62
velocity 67
time 13
note_off 69
time 15
note_off 62
time 18
note_on 77
velocity 87
time 15
note_off 79
time 5
note_off 77
time 24
note_on 70
velocity 83
time 5
note_on 73
velocity 77
time 3
note_on 67
velocity 63
time 0
note_off 73
time 19
note_on 76
velocity 89
time 55
note_off 70
time 75
note_on 69
velocity 80
time 83
note_on 65
velocity 70
time 13
note_off 67
time 35
note_off 69
time 2
note_off 65
time 7
note_off 76
time 1
note_on 74
velocity 88
time 0
note_off 74
time 11
note_on 75
velocity 83
time 6
note_on 66
velocity 69
time 10
note_on 81
velocity 83
time 13
note_off 81
time 13
note_on 84
velocity 94
time 1
note_off 75
time 44
note_on 67
velocity 63
time 109
note_on 74
velocity 71
time 3
note_off 66
time 37
note_off 74
time 126
note_off 67
time 3
note_on 82
velocity 84
time 14
note_off 84
time 52
note_on 72
velocity 66
time 143
note_on 75
velocity 76
time 1
note_on 78
velocity 81
time 0
note_off 82
time 28
note_on 81
velocity 81
time 175
note_off 78
time 53
note_off 75
time 54
note_on 74
velocity 59
time 85
note_on 70
velocity 51
time 26
note_off 72
time 121
note_on 79
velocity 75
time 31
note_off 81
time 22
note_off 79
time 128
note_on 78
velocity 75
time 48
note_on 79
velocity 82
time 178
note_off 74
time 28
note_off 78
time 16
note_off 70
time 72
note_on 81
velocity 76
time 54
note_off 79
time 26
note_on 79
velocity 82
time 145
note_off 81
time 42
note_off 79
time 131
note_on 82
velocity 78
time 1
note_on 79
velocity 71
time 178
note_off 82
time 19
note_off 79
time 171
note_on 76
velocity 63
time 14
note_off 76
time 178
note_on 77
velocity 67
time 6
note_off 77
time 96
note_on 72
velocity 61
time 72
note_on 69
velocity 58
time 3
note_on 77
velocity 85
time 139
note_off 77
time 63
note_off 72
time 35
note_on 76
velocity 81
time 87
note_off 69
time 11
note_on 77
velocity 87
time 169
note_off 76
time 44
note_on 81
velocity 79
time 132
note_off 77
time 7
note_on 77
velocity 78
time 162
note_off 81
time 16
note_off 77
time 147
note_on 74
velocity 66
time 10
note_off 74
time 158
note_on 75
velocity 63
time 18
note_off 75
time 92
note_on 70
velocity 59
time 79
note_on 67
velocity 54
time 3
note_on 75
velocity 79
time 184
note_off 75
time 54
note_off 67
time 22
note_off 70
time 27
note_on 74
velocity 75
time 49
note_on 75
velocity 76
time 170
note_off 74
time 3
note_off 75
time 156
note_on 79
velocity 68
time 1
note_off 79
time 152
note_on 75
velocity 60
time 22
note_off 75
time 149
note_on 73
velocity 52
time 31
note_off 73
time 179
note_on 74
velocity 61
time 11
note_off 74
time 53
note_on 65
velocity 56
time 106
note_on 69
velocity 58
time 0
note_on 74
velocity 82
time 160
note_off 74
time 39
note_on 67
velocity 70
time 122
note_on 64
velocity 69
time 11
note_off 69
time 19
note_off 65
time 9
note_on 73
velocity 82
time 132
note_off 73
time 49
note_off 67
time 0
note_on 65
velocity 77
time 11
note_off 64
time 5
note_on 62
velocity 68
time 1
note_off 65
time 16
note_on 70
velocity 87
time 10
note_off 62
time 5
note_off 70
time 5
note_on 64
velocity 70
time 10
note_on 61
velocity 63
time 3
note_on 68
velocity 83
time 7
note_on 69
velocity 76
time 2
note_off 68
time 10
note_off 69
time 13
note_on 63
velocity 68
time 65
note_on 60
velocity 69
time 9
note_off 61
time 22
note_off 64
time 19
note_on 69
velocity 85
time 118
note_on 62
velocity 61
time 28
note_off 60
time 1
note_on 66
velocity 70
time 5
note_on 59
velocity 60
time 1
note_off 69
time 1
note_off 63
time 33
note_on 67
velocity 63
time 160
note_off 66
time 10
note_off 67
time 16
note_on 61
velocity 49
time 19
note_off 59
time 16
note_on 58
velocity 48
time 2
note_off 62
time 6
note_on 67
velocity 61
time 59
note_off 61
time 72
note_off 67
time 1
note_off 58
time 2
note_on 64
velocity 52
time 98
note_off 64
time 44
note_on 65
velocity 44
time 18
note_off 65
time 42
note_on 60
velocity 35
time 63
note_on 57
velocity 32
time 3
note_on 65
velocity 54
time 164
note_off 65
time 53
note_off 60
time 10
note_off 57
time 0
note_on 64
velocity 59
time 5
note_off 64
time 27
note_on 65
velocity 66
time 11
note_off 65
time 140
note_on 69
velocity 70
time 18
note_off 69
time 145
note_on 65
velocity 70
time 9
note_off 65
time 148
note_on 62
velocity 53
time 40
note_off 62
time 144
note_on 63
velocity 54
time 28
note_off 63
time 62
note_on 58
velocity 46
time 115
note_on 55
velocity 39
time 7
note_on 63
velocity 58
time 182
note_off 58
time 33
note_off 55
time 7
note_off 63
time 13
note_on 62
velocity 53
time 106
note_off 62
time 156
note_on 63
velocity 57
time 27
note_off 63
time 141
note_on 67
velocity 53
time 32
note_off 67
time 134
note_on 63
velocity 53
time 41
note_off 63
time 136
note_on 61
velocity 49
time 33
note_off 61
time 166
note_on 62
velocity 53
time 15
note_off 62
time 58
note_on 57
velocity 51
time 108
note_on 53
velocity 51
time 9
note_on 62
velocity 63
time 174
note_off 62
time 78
note_on 55
velocity 56
time 69
note_on 52
velocity 55
time 16
note_off 53
time 19
note_off 57
time 15
note_on 61
velocity 71
time 143
note_off 61
time 93
note_off 52
time 57
note_off 55
time 3
note_on 53
velocity 62
time 15
note_on 50
velocity 51
time 15
note_on 58
velocity 70
time 158
note_off 58
time 113
note_off 50
time 37
note_on 49
velocity 45
time 24
note_on 52
velocity 49
time 22
note_off 53
time 32
note_on 57
velocity 62
time 132
note_off 57
time 140
note_off 49
time 19
note_on 50
velocity 45
time 32
note_on 53
velocity 43
time 6
note_off 52
time 27
note_on 56
velocity 62
time 134
note_off 56
time 173
note_on 52
velocity 40
time 19
note_on 49
velocity 39
time 19
note_off 50
time 35
note_off 53
time 1
note_on 57
velocity 57
time 117
note_off 57
time 171
note_on 50
velocity 37
time 48
note_on 53
velocity 29
time 7
note_off 49
time 16
note_off 52
time 69
note_on 56
velocity 52
time 119
note_off 50
time 33
note_off 56
time 53
note_off 53
time 126
note_on 57
velocity 53
time 0
note_on 45
velocity 44
time 10
note_off 45
time 0
note_on 47
velocity 45
time 7
note_off 47
time 6
note_on 49
velocity 53
time 9
note_on 69
velocity 67
time 0
note_off 49
time 28
note_on 50
velocity 55
time 6
note_off 50
time 19
note_on 52
velocity 64
time 15
note_off 52
time 16
note_on 53
velocity 69
time 16
note_off 53
time 10
note_on 61
velocity 69
time 5
note_on 55
velocity 62
time 6
note_off 55
time 16
note_on 53
velocity 64
time 16
note_off 53
time 0
note_on 52
velocity 63
time 5
note_off 52
time 9
note_off 57
time 10
note_on 53
velocity 66
time 5
note_on 62
velocity 63
time 6
note_off 61
time 0
note_off 53
time 16
note_on 52
velocity 63
time 15
note_on 50
velocity 70
time 11
note_off 52
time 16
note_off 50
time 89
note_on 57
velocity 86
time 28
note_off 69
time 45
note_off 62
time 115
note_on 45
velocity 63
time 16
note_off 45
time 67
note_on 47
velocity 70
time 6
note_on 49
velocity 70
time 83
note_on 69
velocity 88
time 26
note_off 47
time 2
note_on 50
velocity 77
time 50
note_off 49
time 3
note_off 50
time 72
note_on 52
velocity 77
time 15
note_on 53
velocity 84
time 97
note_off 52
time 22
note_on 55
velocity 76
time 98
note_off 53
time 10
note_on 61
velocity 82
time 16
note_on 53
velocity 79
time 128
note_off 55
time 3
note_on 52
velocity 72
time 121
note_off 53
time 9
note_off 57
time 23
note_off 52
time 70
note_on 53
velocity 78
time 18
note_on 62
velocity 82
time 5
note_off 61
time 42
note_off 53
time 55
note_on 52
velocity 81
time 10
note_on 50
velocity 83
time 111
note_off 52
time 35
note_off 50
time 78
note_on 57
velocity 91
time 29
note_off 69
time 7
note_off 62
time 89
note_on 45
velocity 65
time 82
note_off 45
time 79
note_on 47
velocity 75
time 6
note_on 49
velocity 72
time 82
note_on 69
velocity 93
time 27
note_off 47
time 1
note_on 50
velocity 75
time 59
note_off 49
time 15
note_off 50
time 49
note_on 52
velocity 82
time 33
note_on 53
velocity 88
time 104
note_off 52
time 14
note_on 55
velocity 80
time 115
note_off 53
time 11
note_on 61
velocity 85
time 9
note_off 57
time 138
note_on 53
velocity 80
time 9
note_off 55
time 6
note_on 52
velocity 80
time 118
note_off 53
time 5
note_on 62
velocity 86
time 79
note_off 52
time 19
note_on 53
velocity 88
time 13
note_off 61
time 11
note_off 53
time 95
note_on 52
velocity 88
time 2
note_on 50
velocity 90
time 110
note_off 52
time 28
note_off 69
time 91
note_off 50
time 42
note_on 57
velocity 95
time 2
note_off 62
time 32
note_on 69
velocity 67
time 182
note_on 61
velocity 63
time 3
note_on 64
velocity 63
time 7
note_on 45
velocity 92
time 5
note_off 57
time 1
note_on 44
velocity 84
time 5
note_off 45
time 2
note_on 45
velocity 85
time 248
note_off 44
time 44
note_off 61
time 161
note_on 46
velocity 82
time 59
note_off 45
time 23
note_off 64
time 49
note_off 69
time 209
note_on 45
velocity 72
time 23
note_off 46
time 20
note_off 45
time 28
note_on 45
velocity 65
time 164
note_on 74
velocity 38
time 701
note_off 45
time 259
note_off 74
time 194
note_on 73
velocity 47
time 1
note_off 73
time 32
note_on 74
velocity 59
time 1
note_off 74
time 114
note_on 76
velocity 60
time 13
note_off 76
time 27
note_on 74
velocity 58
time 1
note_on 77
velocity 58
time 61
note_off 74
time 16
note_on 69
velocity 44
time 6
note_on 62
velocity 37
time 7
note_off 77
time 1
note_off 69
time 16
note_off 62
time 15
note_on 69
velocity 48
time 6
note_on 61
velocity 47
time 6
note_off 61
time 16
note_on 62
velocity 49
time 18
note_off 62
time 16
note_on 64
velocity 50
time 11
note_off 69
time 82
note_on 62
velocity 51
time 44
note_off 64
time 18
note_on 65
velocity 40
time 210
note_off 62
time 10
note_on 77
velocity 57
time 3
note_on 57
velocity 36
time 10
note_off 65
time 2
note_off 57
time 0
note_off 77
time 2
note_on 76
velocity 57
time 3
note_on 57
velocity 39
time 9
note_off 76
time 16
note_on 77
velocity 68
time 1
note_on 79
velocity 73
time 7
note_off 77
time 2
note_on 77
velocity 82
time 35
note_off 79
time 15
note_off 57
time 33
note_on 81
velocity 72
time 9
note_off 77
time 2
note_off 81
time 14
note_on 75
velocity 67
time 1
note_on 69
velocity 48
time 18
note_on 66
velocity 50
time 6
note_off 66
time 29
note_off 75
time 18
note_off 69
time 13
note_on 65
velocity 58
time 1
note_on 68
velocity 63
time 6
note_on 75
velocity 66
time 0
note_off 65
time 7
note_off 68
time 16
note_on 69
velocity 68
time 13
note_on 66
velocity 60
time 9
note_off 66
time 33
note_on 67
velocity 62
time 41
note_on 71
velocity 73
time 3
note_off 69
time 11
note_on 69
velocity 71
time 10
note_on 66
velocity 62
time 9
note_off 67
time 2
note_off 71
time 0
note_off 69
time 13
note_off 66
time 0
note_on 69
velocity 64
time 1
note_on 72
velocity 68
time 5
note_off 72
time 11
note_off 75
time 18
note_on 71
velocity 47
time 18
note_on 76
velocity 54
time 7
note_on 67
velocity 42
time 0
note_off 69
time 6
note_off 71
time 5
note_off 67
time 3
note_off 76
time 0
note_on 75
velocity 51
time 3
note_on 71
velocity 32
time 6
note_on 67
velocity 28
time 11
note_off 75
time 19
note_on 76
velocity 58
time 5
note_off 76
time 2
note_on 78
velocity 64
time 7
note_off 78
time 3
note_on 76
velocity 59
time 9
note_off 71
time 0
note_off 67
time 2
note_off 76
time 3
note_on 79
velocity 57
time 7
note_on 71
velocity 48
time 13
note_off 79
time 5
note_on 64
velocity 41
time 15
note_off 71
time 9
note_off 64
time 18
note_on 63
velocity 47
time 0
note_on 71
velocity 38
time 7
note_off 63
time 11
note_on 64
velocity 52
time 0
note_on 66
velocity 54
time 0
note_off 64
time 15
note_on 64
velocity 60
time 53
note_off 71
time 1
note_off 66
time 5
note_on 67
velocity 52
time 18
note_off 64
time 59
note_on 79
velocity 59
time 39
note_on 59
velocity 42
time 3
note_off 67
time 7
note_off 59
time 3
note_on 59
velocity 46
time 0
note_off 79
time 6
note_on 78
velocity 56
time 3
note_on 79
velocity 71
time 7
note_off 78
time 9
note_on 81
velocity 74
time 0
note_off 79
time 18
note_on 79
velocity 78
time 29
note_off 81
time 35
note_off 59
time 10
note_on 83
velocity 79
time 89
note_off 79
time 35
note_on 77
velocity 73
time 14
note_on 71
velocity 62
time 1
note_on 68
velocity 56
time 13
note_off 83
time 0
note_off 68
time 45
note_off 77
time 7
note_on 77
velocity 71
time 15
note_off 71
time 3
note_on 67
velocity 56
time 3
note_on 70
velocity 63
time 6
note_off 67
time 5
note_on 71
velocity 71
time 3
note_off 70
time 2
note_on 68
velocity 63
time 11
note_off 68
time 54
note_on 69
velocity 67
time 48
note_on 72
velocity 77
time 10
note_off 71
time 35
note_on 68
velocity 68
time 1
note_on 71
velocity 77
time 9
note_off 69
time 2
note_off 72
time 0
note_off 71
time 7
note_off 68
time 10
note_on 74
velocity 77
time 3
note_on 71
velocity 74
time 6
note_off 77
time 5
note_on 83
velocity 81
time 5
note_on 68
velocity 67
time 13
note_on 65
velocity 63
time 3
note_off 71
time 0
note_off 74
time 11
note_off 65
time 10
note_off 68
time 16
note_on 82
velocity 77
time 9
note_off 83
time 0
note_on 65
velocity 58
time 5
note_on 68
velocity 66
time 6
note_on 83
velocity 80
time 7
note_off 82
time 10
note_off 83
time 23
note_on 85
velocity 82
time 5
note_on 83
velocity 85
time 11
note_off 85
time 15
note_on 86
velocity 89
time 52
note_off 83
time 13
note_on 85
velocity 87
time 16
note_off 86
time 16
note_on 88
velocity 77
time 7
note_off 85
time 3
note_off 65
time 33
note_off 68
time 10
note_on 86
velocity 78
time 55
note_off 88
time 31
note_on 85
velocity 77
time 28
note_off 86
time 53
note_on 83
velocity 68
time 5
note_off 85
time 11
note_off 83
time 139
note_on 81
velocity 64
time 13
note_on 80
velocity 69
time 82
note_off 81
time 13
note_on 79
velocity 65
time 173
note_off 80
time 11
note_on 80
velocity 69
time 187
note_off 79
time 7
note_off 80
time 179
note_on 83
velocity 65
time 0
note_off 83
time 182
note_on 80
velocity 62
time 5
note_off 80
time 16
note_on 78
velocity 59
time 10
note_off 78
time 14
note_on 77
velocity 55
time 9
note_on 74
velocity 42
time 35
note_on 83
velocity 46
time 20
note_off 77
time 0
note_off 83
time 16
note_on 80
velocity 54
time 13
note_off 80
time 2
note_on 78
velocity 48
time 1
note_off 78
time 14
note_on 80
velocity 59
time 14
note_off 80
time 18
note_on 78
velocity 71
time 5
note_on 73
velocity 55
time 7
note_off 74
time 19
note_off 78
time 36
note_on 77
velocity 76
time 1
note_on 74
velocity 65
time 46
note_on 83
velocity 64
time 40
note_off 77
time 36
note_off 73
time 37
note_off 83
time 36
note_on 80
velocity 55
time 32
note_off 80
time 46
note_on 78
velocity 59
time 22
note_off 78
time 26
note_on 80
velocity 66
time 24
note_on 71
velocity 63
time 11
note_on 78
velocity 75
time 0
note_off 80
time 3
note_off 74
time 15
note_on 77
velocity 80
time 14
note_off 78
time 2
note_on 74
velocity 71
time 58
note_on 83
velocity 66
time 1
note_off 77
time 55
note_off 83
time 63
note_on 80
velocity 57
time 29
note_off 80
time 50
note_off 71
time 6
note_on 78
velocity 57
time 27
note_off 78
time 29
note_on 80
velocity 56
time 18
note_on 78
velocity 59
time 18
note_off 80
time 1
note_on 73
velocity 57
time 22
note_off 74
time 26
note_on 77
velocity 64
time 27
note_off 78
time 0
note_on 74
velocity 55
time 35
note_on 83
velocity 60
time 0
note_off 77
time 11
note_off 73
time 32
note_off 83
time 13
note_on 80
velocity 54
time 3
note_off 80
time 52
note_on 78
velocity 58
time 7
note_off 78
time 27
note_on 80
velocity 60
time 24
note_on 71
velocity 45
time 7
note_off 80
time 9
note_off 74
time 1
note_on 78
velocity 69
time 3
note_off 78
time 156
note_on 77
velocity 72
time 13
note_off 77
time 18
note_on 83
velocity 68
time 33
note_off 71
time 15
note_on 80
velocity 72
time 11
note_off 83
time 18
note_on 77
velocity 72
time 7
note_off 80
time 16
note_off 77
time 1
note_on 74
velocity 69
time 6
note_off 74
time 10
note_on 71
velocity 72
time 1
note_off 71
time 78
note_on 68
velocity 72
time 6
note_on 65
velocity 75
time 14
note_off 68
time 45
note_off 65
time 110
note_on 62
velocity 72
time 3
note_off 62
time 127
note_on 59
velocity 70
time 42
note_off 59
time 175
note_on 56
velocity 68
time 5
note_on 54
velocity 68
time 29
note_off 56
time 1
note_off 54
time 37
note_on 53
velocity 65
time 9
note_off 53
time 3
note_on 50
velocity 59
time 29
note_off 50
time 14
note_on 49
velocity 55
time 11
note_off 49
time 14
note_on 48
velocity 54
time 2
note_off 48
time 13
note_on 49
velocity 52
time 10
note_off 49
time 3
note_on 51
velocity 56
time 16
note_off 51
time 18
note_on 53
velocity 62
time 1
note_on 49
velocity 54
time 2
note_off 53
time 3
note_on 54
velocity 56
time 3
note_on 51
velocity 58
time 3
note_off 49
time 5
note_off 54
time 14
note_on 57
velocity 60
time 10
note_off 57
time 14
note_on 53
velocity 64
time 1
note_on 56
velocity 60
time 2
note_off 51
time 16
note_off 56
time 13
note_on 59
velocity 63
time 10
note_off 59
time 3
note_on 54
velocity 67
time 1
note_on 57
velocity 64
time 5
note_off 53
time 28
note_off 57
time 40
note_on 61
velocity 69
time 2
note_off 61
time 63
note_on 56
velocity 75
time 27
note_on 59
velocity 68
time 6
note_off 54
time 9
note_on 62
velocity 73
time 18
note_off 59
time 16
note_off 62
time 15
note_on 57
velocity 68
time 19
note_on 61
velocity 65
time 16
note_off 56
time 3
note_off 61
time 97
note_on 66
velocity 81
time 0
note_on 58
velocity 76
time 54
note_off 57
time 78
note_on 64
velocity 72
time 78
note_off 66
time 2
note_off 64
time 141
note_on 62
velocity 71
time 49
note_on 59
velocity 76
time 1
note_off 58
time 88
note_off 62
time 67
note_on 68
velocity 90
time 33
note_on 60
velocity 81
time 192
note_off 59
time 67
note_on 66
velocity 79
time 118
note_off 68
time 0
note_off 66
time 180
note_off 60
time 10
note_on 65
velocity 73
time 2
note_on 61
velocity 65
time 5
note_off 61
time 3
note_off 65
time 0
note_on 66
velocity 71
time 7
note_off 66
time 6
note_on 68
velocity 72
time 10
note_off 68
time 13
note_on 37
velocity 62
time 2
note_on 49
velocity 64
time 2
note_on 69
velocity 69
time 2
note_off 69
time 6
note_on 68
velocity 61
time 10
note_off 49
time 3
note_off 68
time 2
note_off 37
time 9
note_on 69
velocity 71
time 27
note_off 69
time 11
note_on 66
velocity 65
time 9
note_on 50
velocity 76
time 6
note_on 38
velocity 69
time 3
note_off 66
time 5
note_on 68
velocity 69
time 6
note_off 38
time 10
note_off 50
time 7
note_off 68
time 1
note_on 69
velocity 76
time 20
note_off 69
time 83
note_on 51
velocity 86
time 45
note_on 71
velocity 72
time 0
note_on 39
velocity 75
time 5
note_off 71
time 41
note_on 69
velocity 73
time 5
note_off 51
time 5
note_off 69
time 0
note_off 39
time 7
note_on 71
velocity 76
time 2
note_off 71
time 37
note_on 52
velocity 81
time 1
note_on 68
velocity 76
time 0
note_on 40
velocity 76
time 5
note_off 68
time 88
note_on 69
velocity 70
time 13
note_off 40
time 10
note_off 52
time 2
note_off 69
time 5
note_on 71
velocity 80
time 0
note_on 53
velocity 86
time 5
note_off 71
time 3
note_on 41
velocity 82
time 1
note_on 73
velocity 84
time 2
note_off 73
time 13
note_on 71
velocity 81
time 6
note_off 53
time 15
note_off 41
time 3
note_off 71
time 11
note_on 73
velocity 85
time 0
note_off 73
time 59
note_on 42
velocity 79
time 33
note_on 54
velocity 71
time 0
note_on 69
velocity 81
time 0
note_off 54
time 6
note_off 42
time 1
note_off 69
time 57
note_on 73
velocity 83
time 0
note_off 73
time 101
note_on 78
velocity 82
time 15
note_off 78
time 111
note_on 49
velocity 63
time 2
note_on 37
velocity 61
time 1
note_on 81
velocity 76
time 9
note_off 81
time 106
note_on 78
velocity 81
time 6
note_off 78
time 6
note_on 74
velocity 79
time 1
note_off 74
time 28
note_off 37
time 7
note_on 71
velocity 83
time 6
note_off 49
time 2
note_off 71
time 70
note_on 74
velocity 85
time 41
note_on 71
velocity 86
time 102
note_off 74
time 0
note_on 53
velocity 91
time 1
note_on 41
velocity 89
time 2
note_on 68
velocity 86
time 11
note_off 71
time 13
note_off 68
time 6
note_on 71
velocity 76
time 9
note_off 53
time 49
note_off 41
time 6
note_off 71
time 20
note_on 68
velocity 82
time 3
note_off 68
time 88
note_on 42
velocity 82
time 3
note_on 54
velocity 80
time 0
note_on 69
velocity 83
time 1
note_off 54
time 3
note_off 42
time 3
note_off 69
time 44
note_on 73
velocity 77
time 29
note_on 78
velocity 79
time 111
note_off 73
time 9
note_off 78
time 97
note_on 49
velocity 68
time 6
note_on 37
velocity 64
time 3
note_on 81
velocity 75
time 1
note_off 81
time 5
note_on 78
velocity 81
time 10
note_off 78
time 5
note_on 74
velocity 77
time 1
note_off 37
time 58
note_off 49
time 13
note_off 74
time 13
note_on 71
velocity 85
time 11
note_off 71
time 71
note_on 74
velocity 86
time 50
note_on 71
velocity 81
time 88
note_off 74
time 5
note_on 41
velocity 89
time 18
note_on 53
velocity 92
time 0
note_on 68
velocity 82
time 6
note_off 71
time 6
note_on 71
velocity 81
time 7
note_off 68
time 9
note_off 53
time 83
note_off 41
time 1
note_on 68
velocity 81
time 9
note_off 71
time 6
note_off 68
time 84
note_on 54
velocity 88
time 7
note_on 42
velocity 90
time 1
note_on 69
velocity 86
time 3
note_off 54
time 16
note_off 42
time 7
note_off 69
time 46
note_on 73
velocity 80
time 24
note_on 78
velocity 81
time 109
note_off 73
time 3
note_off 78
time 101
note_on 81
velocity 76
time 9
note_on 49
velocity 89
time 2
note_on 37
velocity 86
time 1
note_on 78
velocity 78
time 6
note_off 81
time 0
note_on 74
velocity 78
time 14
note_off 78
time 0
note_off 37
time 5
note_off 49
time 11
note_off 74
time 28
note_on 71
velocity 79
time 27
note_off 71
time 72
note_on 74
velocity 84
time 33
note_off 74
time 106
note_on 71
velocity 78
time 1
note_on 53
velocity 96
time 23
note_on 41
velocity 90
time 2
note_on 68
velocity 80
time 5
note_off 71
time 1
note_off 68
time 117
note_on 71
velocity 79
time 3
note_off 53
time 58
note_off 41
time 10
note_off 71
time 40
note_on 68
velocity 71
time 11
note_on 42
velocity 81
time 106
note_on 54
velocity 86
time 1
note_on 69
velocity 83
time 14
note_off 68
time 3
note_off 42
time 11
note_off 69
time 1
note_off 54
time 15
note_on 59
velocity 74
time 269
note_on 73
velocity 80
time 6
note_on 62
velocity 60
time 1
note_on 68
velocity 73
time 7
note_on 71
velocity 79
time 40
note_off 73
time 35
note_off 68
time 20
note_on 69
velocity 75
time 121
note_on 61
velocity 64
time 2
note_off 71
time 1
note_on 66
velocity 63
time 6
note_off 62
time 3
note_off 59
time 32
note_off 61
time 7
note_off 66
time 2
note_off 69
time 13
note_on 68
velocity 72
time 299
note_on 65
velocity 64
time 11
note_on 49
velocity 56
time 1
note_on 59
velocity 61
time 1
note_off 65
time 53
note_off 68
time 20
note_off 49
time 2
note_off 59
time 14
note_on 54
velocity 67
time 3
note_on 69
velocity 79
time 10
note_off 69
time 57
note_off 54
time 3
note_on 57
velocity 61
time 3
note_on 73
velocity 76
time 6
note_off 73
time 55
note_off 57
time 48
note_on 61
velocity 59
time 9
note_on 78
velocity 82
time 0
note_off 61
time 79
note_on 66
velocity 65
time 1
note_off 78
time 13
note_on 81
velocity 73
time 6
note_off 66
time 50
note_off 81
time 40
note_on 62
velocity 63
time 2
note_on 78
velocity 75
time 9
note_off 62
time 65
note_off 78
time 10
note_on 74
velocity 70
time 16
note_on 59
velocity 62
time 2
note_off 74
time 74
note_off 59
time 13
note_on 56
velocity 65
time 18
note_on 71
velocity 73
time 3
note_off 56
time 29
note_off 71
time 40
note_on 74
velocity 76
time 45
note_on 71
velocity 77
time 109
note_off 74
time 0
note_on 49
velocity 97
time 108
note_on 68
velocity 84
time 1
note_off 71
time 1
note_on 37
velocity 80
time 3
note_off 37
time 0
note_off 49
time 2
note_off 68
time 19
note_on 71
velocity 84
time 0
note_off 71
time 108
note_on 68
velocity 80
time 7
note_off 68
time 106
note_on 54
velocity 70
time 22
note_on 69
velocity 81
time 7
note_off 69
time 0
note_on 57
velocity 64
time 2
note_off 54
time 1
note_on 73
velocity 76
time 1
note_on 61
velocity 72
time 96
note_on 78
velocity 86
time 3
note_off 57
time 15
note_off 73
time 3
note_on 66
velocity 71
time 72
note_off 61
time 6
note_off 78
time 0
note_on 81
velocity 81
time 3
note_off 66
time 59
note_on 62
velocity 73
time 26
note_on 78
velocity 85
time 18
note_off 81
time 0
note_off 62
time 85
note_off 78
time 15
note_on 59
velocity 62
time 6
note_on 74
velocity 78
time 1
note_off 74
time 78
note_off 59
time 1
note_on 56
velocity 74
time 10
note_on 71
velocity 80
time 18
note_off 56
time 13
note_off 71
time 58
note_on 74
velocity 79
time 49
note_off 74
time 98
note_on 71
velocity 71
time 11
note_on 49
velocity 94
time 84
note_on 37
velocity 83
time 5
note_on 68
velocity 81
time 14
note_off 71
time 3
note_off 37
time 5
note_off 49
time 3
note_off 68
time 9
note_on 71
velocity 79
time 0
note_off 71
time 109
note_on 68
velocity 77
time 2
note_off 68
time 102
note_on 54
velocity 70
time 19
note_on 69
velocity 82
time 6
note_off 69
time 13
note_on 57
velocity 67
time 20
note_on 73
velocity 77
time 10
note_off 54
time 6
note_on 78
velocity 86
time 69
note_on 61
velocity 73
time 2
note_off 73
time 14
note_on 66
velocity 76
time 76
note_off 78
time 6
note_on 81
velocity 79
time 0
note_off 61
time 3
note_off 57
time 35
note_on 62
velocity 77
time 45
note_off 66
time 3
note_on 78
velocity 87
time 7
note_off 81
time 1
note_off 62
time 97
note_on 59
velocity 70
time 1
note_on 74
velocity 84
time 10
note_off 78
time 3
note_on 56
velocity 81
time 84
note_off 59
time 1
note_off 74
time 9
note_on 71
velocity 83
time 10
note_off 56
time 9
note_off 71
time 63
note_on 74
velocity 82
time 45
note_off 74
time 105
note_on 71
velocity 77
time 3
note_on 49
velocity 93
time 85
note_on 37
velocity 88
time 2
note_on 68
velocity 77
time 20
note_off 71
time 6
note_off 37
time 7
note_off 49
time 2
note_off 68
time 5
note_on 71
velocity 74
time 3
note_off 71
time 9
note_on 68
velocity 71
time 7
note_off 68
time 13
note_on 42
velocity 83
time 6
note_on 54
velocity 80
time 3
note_on 69
velocity 72
time 6
note_off 54
time 5
note_off 42
time 6
note_off 69
time 78
note_on 73
velocity 73
time 15
note_off 73
time 79
note_on 78
velocity 69
time 39
note_off 78
time 98
note_on 52
velocity 79
time 14
note_on 40
velocity 74
time 7
note_on 70
velocity 73
time 14
note_off 70
time 6
note_on 73
velocity 75
time 9
note_off 73
time 2
note_on 78
velocity 82
time 16
note_off 52
time 13
note_on 70
velocity 94
time 5
note_off 40
time 108
note_on 73
velocity 81
time 11
note_off 78
time 14
note_off 70
time 3
note_on 78
velocity 81
time 101
note_off 73
time 10
note_off 78
time 15
note_on 71
velocity 95
time 7
note_on 50
velocity 96
time 6
note_on 38
velocity 86
time 1
note_on 74
velocity 78
time 15
note_off 71
time 15
note_on 78
velocity 83
time 26
note_off 74
time 9
note_off 38
time 78
note_off 50
time 1
note_on 71
velocity 95
time 10
note_off 78
time 61
note_on 74
velocity 85
time 52
note_off 71
time 28
note_on 78
velocity 88
time 79
note_off 74
time 3
note_off 78
time 76
note_on 72
velocity 97
time 45
note_on 51
velocity 105
time 2
note_on 39
velocity 94
time 3
note_on 78
velocity 87
time 74
note_off 72
time 5
note_on 81
velocity 84
time 10
note_off 78
time 5
note_on 72
velocity 92
time 75
note_off 51
time 23
note_off 81
time 9
note_off 39
time 44
note_on 78
velocity 97
time 48
note_off 72
time 32
note_on 81
velocity 90
time 76
note_off 78
time 35
note_on 49
velocity 93
time 111
note_on 37
velocity 83
time 1
note_off 81
time 2
note_on 73
velocity 97
time 11
note_on 78
velocity 28
time 20
note_off 78
time 48
note_on 78
velocity 95
time 9
note_on 81
velocity 85
time 115
note_off 73
time 14
note_off 78
time 19
note_on 85
velocity 92
time 3
note_off 81
time 6
note_on 81
velocity 80
time 2
note_off 85
time 15
note_on 78
velocity 92
time 35
note_off 81
time 15
note_off 78
time 53
note_on 81
velocity 84
time 26
note_on 78
velocity 91
time 98
note_off 81
time 35
note_off 78
time 27
note_on 72
velocity 83
time 1
note_off 72
time 11
note_on 73
velocity 93
time 3
note_on 69
velocity 76
time 24
note_off 73
time 6
note_off 69
time 57
note_on 66
velocity 82
time 42
note_off 66
time 32
note_on 69
velocity 92
time 11
note_on 66
velocity 83
time 0
note_off 69
time 2
note_off 66
time 71
note_on 60
velocity 80
time 22
note_off 60
time 100
note_on 61
velocity 85
time 5
note_off 37
time 11
note_off 49
time 7
note_on 60
velocity 45
time 36
note_off 61
time 7
note_on 57
velocity 71
time 13
note_off 60
time 9
note_on 54
velocity 80
time 106
note_off 57
time 42
note_on 61
velocity 88
time 72
note_on 49
velocity 83
time 3
note_on 37
velocity 77
time 2
note_off 54
time 0
note_off 49
time 1
note_off 37
time 10
note_on 57
velocity 86
time 14
note_off 61
time 3
note_off 57
time 14
note_on 54
velocity 82
time 1
note_off 54
time 9
note_on 37
velocity 81
time 2
note_on 49
velocity 82
time 2
note_on 53
velocity 73
time 5
note_on 56
velocity 81
time 6
note_on 57
velocity 77
time 109
note_off 56
time 0
note_off 49
time 0
note_off 37
time 3
note_off 57
time 14
note_on 56
velocity 70
time 6
note_off 56
time 7
note_on 57
velocity 73
time 10
note_on 56
velocity 69
time 18
note_off 57
time 1
note_on 49
velocity 86
time 7
note_on 37
velocity 76
time 5
note_on 57
velocity 69
time 16
note_off 56
time 6
note_on 56
velocity 70
time 10
note_off 57
time 13
note_on 54
velocity 78
time 14
note_off 53
time 1
note_off 56
time 9
note_off 37
time 36
note_on 56
velocity 80
time 0
note_off 54
time 16
note_off 49
time 9
note_on 54
velocity 79
time 0
note_off 56
time 19
note_on 61
velocity 48
time 2
note_on 57
velocity 43
time 83
note_off 61
time 19
note_off 57
time 200
note_off 54
time 13
note_on 61
velocity 45
time 0
note_on 57
velocity 32
time 210
note_off 61
time 11
note_on 54
velocity 34
time 27
note_off 57
time 121
note_off 54
time 23
note_on 61
velocity 31
time 28
note_on 57
velocity 33
time 174
note_on 78
velocity 57
time 1
note_off 61
time 2
note_on 54
velocity 28
time 29
note_on 61
velocity 41
time 167
note_off 54
time 18
note_off 57
time 11
note_off 78
time 15
note_off 61
time 118
note_on 57
velocity 37
time 45
note_on 54
velocity 23
time 15
note_on 77
velocity 58
time 1
note_on 78
velocity 70
time 191
note_off 77
time 6
note_off 54
time 5
note_off 57
time 5
note_on 61
velocity 39
time 5
note_off 61
time 135
note_on 80
velocity 72
time 24
note_on 57
velocity 40
time 7
note_off 78
time 23
note_on 54
velocity 21
time 11
note_off 57
time 135
note_on 78
velocity 79
time 0
note_on 61
velocity 39
time 26
note_off 80
time 9
note_off 54
time 1
note_off 78
time 171
note_on 81
velocity 65
time 0
note_on 57
velocity 33
time 2
note_off 61
time 9
note_on 54
velocity 29
time 0
note_on 61
velocity 31
time 11
note_off 54
time 5
note_off 57
time 10
note_on 73
velocity 57
time 108
note_off 81
time 1
note_off 61
time 2
note_on 57
velocity 32
time 16
note_on 54
velocity 32
time 9
note_off 73
time 111
note_off 54
time 65
note_off 57
time 6
note_on 61
velocity 27
time 11
note_off 61
time 158
note_on 73
velocity 49
time 20
note_on 57
velocity 28
time 2
note_on 54
velocity 24
time 13
note_off 57
time 183
note_off 54
time 11
note_on 61
velocity 24
time 11
note_off 73
time 48
note_off 61
time 106
note_on 57
velocity 32
time 29
note_on 54
velocity 31
time 1
note_off 57
time 162
note_off 54
time 1
note_on 61
velocity 25
time 55
note_off 61
time 140
note_on 57
velocity 10
time 66
note_on 61
velocity 17
time 169
note_off 57
time 19
note_off 61
time 170
note_on 42
velocity 43
time 20
note_on 54
velocity 14
time 24
note_off 54
time 148
note_on 61
velocity 30
time 22
note_off 61
time 213
note_off 42
time 2
note_on 41
velocity 35
time 6
note_on 54
velocity 17
time 0
note_on 57
velocity 31
time 7
note_off 41
time 177
note_on 42
velocity 50
time 18
note_off 54
time 0
note_on 61
velocity 34
time 6
note_off 57
time 3
note_off 61
time 152
note_off 42
time 26
note_on 57
velocity 30
time 11
note_on 54
velocity 33
time 1
note_on 44
velocity 55
time 2
note_off 54
time 134
note_off 57
time 1
note_off 44
time 28
note_on 42
velocity 57
time 13
note_on 61
velocity 37
time 0
note_on 57
velocity 36
time 187
note_on 54
velocity 38
time 14
note_off 61
time 3
note_on 45
velocity 54
time 14
note_off 42
time 0
note_off 57
time 10
note_on 61
velocity 33
time 6
note_off 54
time 3
note_on 57
velocity 34
time 138
note_on 54
velocity 32
time 10
note_off 45
time 19
note_off 61
time 5
note_on 38
velocity 47
time 2
note_off 57
time 0
note_off 54
time 14
note_off 38
time 1
note_on 61
velocity 39
time 1
note_off 61
time 248
note_on 54
velocity 32
time 14
note_on 57
velocity 35
time 5
note_on 38
velocity 34
time 3
note_off 54
time 1
note_off 57
time 16
note_on 62
velocity 33
time 0
note_off 38
time 9
note_on 57
velocity 34
time 140
note_off 62
time 11
note_on 54
velocity 21
time 20
note_off 54
time 125
note_on 62
velocity 38
time 55
note_off 57
time 11
note_off 62
time 182
note_on 57
velocity 34
time 24
note_on 54
velocity 33
time 2
note_off 57
time 97
note_off 54
time 20
note_on 62
velocity 31
time 57
note_off 62
time 162
note_on 74
velocity 54
time 35
note_on 54
velocity 13
time 3
note_on 57
velocity 33
time 15
note_on 62
velocity 37
time 174
note_off 54
time 1
note_off 57
time 11
note_on 54
velocity 36
time 171
note_on 57
velocity 36
time 6
note_off 74
time 2
note_on 73
velocity 62
time 10
note_off 62
time 15
note_off 73
time 170
note_on 74
velocity 72
time 1
note_on 62
velocity 43
time 18
note_off 54
time 20
note_off 57
time 10
note_off 74
time 139
note_on 76
velocity 72
time 0
note_off 62
time 22
note_on 57
velocity 46
time 2
note_on 54
velocity 38
time 2
note_off 54
time 113
note_off 57
time 11
note_on 74
velocity 76
time 41
note_on 62
velocity 51
time 15
note_off 76
time 23
note_off 62
time 126
note_on 57
velocity 38
time 24
note_on 54
velocity 46
time 3
note_on 78
velocity 79
time 10
note_off 74
time 18
note_off 57
time 3
note_off 54
time 5
note_on 62
velocity 47
time 6
note_off 62
time 15
note_off 78
time 118
note_on 54
velocity 40
time 3
note_on 72
velocity 78
time 14
note_on 50
velocity 42
time 1
note_off 50
time 2
note_off 54
time 3
note_on 57
velocity 51
time 13
note_off 72
time 3
note_on 72
velocity 76
time 151
note_on 50
velocity 41
time 0
note_on 54
velocity 44
time 5
note_off 57
time 15
note_on 57
velocity 43
time 9
note_off 54
time 9
note_off 57
time 11
note_on 54
velocity 41
time 6
note_on 57
velocity 39
time 1
note_off 54
time 7
note_on 54
velocity 43
time 33
note_off 57
time 18
note_off 50
time 114
note_on 57
velocity 36
time 63
note_off 54
time 10
note_on 73
velocity 56
time 11
note_on 54
velocity 37
time 3
note_off 72
time 0
note_off 57
time 3
note_on 49
velocity 36
time 14
note_off 49
time 11
note_on 57
velocity 32
time 10
note_off 54
time 1
note_off 73
time 14
note_on 49
velocity 28
time 88
note_on 54
velocity 35
time 14
note_on 68
velocity 44
time 14
note_off 57
time 24
note_off 68
time 114
note_on 69
velocity 45
time 44
note_off 49
time 23
note_on 57
velocity 36
time 6
note_off 69
time 41
note_off 54
time 16
note_on 68
velocity 46
time 24
note_off 68
time 58
note_on 69
velocity 55
time 50
note_on 49
velocity 28
time 5
note_on 54
velocity 46
time 23
note_off 57
time 11
note_off 69
time 0
note_on 68
velocity 58
time 44
note_off 49
time 39
note_off 68
time 2
note_on 69
velocity 67
time 18
note_on 57
velocity 49
time 42
note_off 69
time 7
note_on 68
velocity 65
time 39
note_off 68
time 49
note_off 57
time 14
note_on 69
velocity 60
time 31
note_off 54
time 3
note_on 49
velocity 40
time 6
note_on 53
velocity 44
time 6
note_off 69
time 11
note_on 68
velocity 56
time 15
note_off 68
time 2
note_on 69
velocity 60
time 13
note_off 69
time 0
note_off 49
time 6
note_off 53
time 6
note_on 68
velocity 61
time 11
note_on 56
velocity 49
time 1
note_off 68
time 15
note_on 69
velocity 58
time 36
note_off 69
time 40
note_off 56
time 11
note_on 53
velocity 50
time 46
note_on 68
velocity 50
time 6
note_on 49
velocity 32
time 3
note_off 68
time 32
note_on 69
velocity 60
time 5
note_off 69
time 44
note_on 68
velocity 53
time 50
note_off 53
time 6
note_off 68
time 45
note_on 56
velocity 31
time 24
note_on 66
velocity 55
time 31
note_off 56
time 62
note_off 66
time 10
note_on 68
velocity 56
time 6
note_on 54
velocity 39
time 7
note_on 57
velocity 38
time 10
note_off 68
time 19
note_on 66
velocity 39
time 45
note_off 49
time 42
note_on 61
velocity 44
time 16
note_off 57
time 5
note_off 54
time 13
note_on 57
velocity 41
time 160
note_on 54
velocity 43
time 2
note_off 61
time 28
note_off 66
time 0
note_off 57
time 141
note_on 61
velocity 42
time 18
note_off 54
time 22
note_on 54
velocity 37
time 180
note_off 61
time 3
note_on 57
velocity 32
time 13
note_off 54
time 161
note_on 61
velocity 30
time 23
note_off 57
time 1
note_on 57
velocity 26
time 225
note_off 61
time 2
note_on 54
velocity 13
time 15
note_on 78
velocity 58
time 26
note_on 61
velocity 36
time 161
note_off 57
time 24
note_off 54
time 5
note_off 78
time 164
note_on 57
velocity 32
time 7
note_on 54
velocity 29
time 14
note_on 77
velocity 62
time 2
note_off 61
time 28
note_on 78
velocity 79
time 167
note_on 61
velocity 37
time 10
note_off 57
time 28
note_off 54
time 1
note_off 77
time 5
note_on 80
velocity 78
time 6
note_off 61
time 3
note_on 57
velocity 40
time 5
note_on 54
velocity 39
time 5
note_off 78
time 15
note_off 54
time 16
note_off 57
time 5
note_on 78
velocity 86
time 13
note_on 61
velocity 43
time 18
note_off 80
time 1
note_off 61
time 7
note_on 57
velocity 41
time 1
note_on 54
velocity 33
time 3
note_on 81
velocity 72
time 2
note_off 78
time 11
note_off 57
time 13
note_on 61
velocity 32
time 6
note_off 54
time 9
note_on 73
velocity 69
time 9
note_on 54
velocity 37
time 1
note_off 61
time 6
note_off 81
time 7
note_on 57
velocity 38
time 5
note_off 73
time 52
note_on 61
velocity 43
time 11
note_off 54
time 22
note_off 57
time 27
note_on 73
velocity 46
time 13
note_on 54
velocity 33
time 5
note_on 57
velocity 39
time 3
note_off 61
time 10
note_on 61
velocity 34
time 10
note_off 54
time 13
note_off 57
time 7
note_off 73
time 9
note_on 57
velocity 39
time 35
note_on 54
velocity 36
time 2
note_off 61
time 13
note_on 61
velocity 39
time 195
note_off 57
time 16
note_off 54
time 2
note_on 57
velocity 30
time 177
note_off 61
time 5
note_on 54
velocity 30
time 6
note_off 54
time 183
note_off 57
time 36
note_on 61
velocity 26
time 0
note_off 61
time 165
note_on 42
velocity 45
time 18
note_on 54
velocity 10
time 33
note_on 57
velocity 25
time 10
note_off 57
time 147
note_on 61
velocity 32
time 1
note_off 54
time 9
note_on 41
velocity 48
time 209
note_off 42
time 1
note_on 57
velocity 31
time 0
note_on 54
velocity 26
time 2
note_off 61
time 6
note_on 61
velocity 39
time 190
note_on 42
velocity 63
time 14
note_off 41
time 3
note_off 54
time 23
note_off 57
time 11
note_off 61
time 14
note_on 54
velocity 38
time 2
note_on 44
velocity 67
time 1
note_on 57
velocity 37
time 5
note_off 42
time 22
note_off 57
time 3
note_on 42
velocity 74
time 6
note_on 61
velocity 40
time 3
note_off 54
time 0
note_off 44
time 27
note_on 57
velocity 39
time 5
note_on 54
velocity 34
time 5
note_on 45
velocity 66
time 5
note_off 61
time 5
note_off 42
time 15
note_on 61
velocity 41
time 5
note_off 54
time 7
note_off 57
time 13
note_on 57
velocity 44
time 139
note_on 54
velocity 37
time 3
note_on 38
velocity 64
time 32
note_off 61
time 16
note_off 45
time 14
note_on 62
velocity 44
time 10
note_off 54
time 84
note_off 57
time 6
note_off 38
time 2
note_on 57
velocity 38
time 183
note_on 54
velocity 37
time 3
note_on 38
velocity 47
time 13
note_off 62
time 11
note_on 62
velocity 23
time 10
note_off 54
time 3
note_off 57
time 11
note_off 38
time 35
note_on 57
velocity 29
time 113
note_on 54
velocity 30
time 5
note_off 62
time 20
note_off 54
time 190
note_on 62
velocity 31
time 0
note_off 57
time 24
note_on 57
velocity 36
time 177
note_on 54
velocity 30
time 7
note_off 62
time 10
note_off 54
time 117
note_off 57
time 23
note_on 62
velocity 44
time 37
note_off 62
time 170
note_on 57
velocity 28
time 22
note_on 54
velocity 15
time 14
note_on 74
velocity 60
time 15
note_on 62
velocity 39
time 179
note_off 54
time 19
note_off 57
time 10
note_off 62
time 165
note_on 54
velocity 33
time 3
note_on 57
velocity 34
time 2
note_on 73
velocity 65
time 14
note_off 74
time 19
note_off 57
time 13
note_on 62
velocity 43
time 7
note_on 74
velocity 74
time 0
note_off 54
time 2
note_off 73
time 2
note_on 54
velocity 43
time 5
note_on 76
velocity 73
time 10
note_on 57
velocity 33
time 1
note_off 74
time 3
note_off 62
time 3
note_off 54
time 22
note_off 57
time 10
note_on 62
velocity 50
time 11
note_on 74
velocity 74
time 6
note_off 76
time 3
note_off 62
time 13
note_on 57
velocity 35
time 1
note_on 54
velocity 32
time 3
note_on 78
velocity 73
time 5
note_off 74
time 3
note_off 57
time 18
note_off 54
time 13
note_on 62
velocity 47
time 3
note_off 62
time 6
note_off 78
time 15
note_on 54
velocity 36
time 6
note_on 50
velocity 40
time 0
note_on 72
velocity 63
time 16
note_off 50
time 5
note_off 72
time 9
note_off 54
time 11
note_on 57
velocity 49
time 6
note_on 50
velocity 42
time 3
note_on 54
velocity 32
time 3
note_off 57
time 3
note_on 72
velocity 58
time 1
note_on 57
velocity 40
time 6
note_off 54
time 5
note_off 50
time 10
note_off 57
time 6
note_on 54
velocity 31
time 15
note_on 50
velocity 32
time 3
note_off 50
time 3
note_off 72
time 1
note_off 54
time 10
note_on 57
velocity 36
time 11
note_on 54
velocity 45
time 91
note_on 50
velocity 40
time 9
note_off 57
time 10
note_off 50
time 5
note_off 54
time 7
note_on 57
velocity 56
time 1
note_off 57
time 52
note_on 71
velocity 73
time 16
note_on 53
velocity 41
time 3
note_on 50
velocity 27
time 14
note_off 50
time 13
note_off 53
time 3
note_on 56
velocity 54
time 19
note_off 71
time 0
note_on 71
velocity 69
time 1
note_on 53
velocity 41
time 9
note_on 50
velocity 42
time 7
note_off 56
time 10
note_on 56
velocity 42
time 6
note_off 53
time 3
note_off 50
time 15
note_off 56
time 18
note_on 53
velocity 43
time 5
note_on 50
velocity 42
time 1
note_off 71
time 0
note_off 53
time 53
note_on 56
velocity 51
time 3
note_off 50
time 18
note_off 56
time 13
note_on 53
velocity 44
time 0
note_on 50
velocity 41
time 6
note_off 50
time 10
note_off 53
time 49
note_on 56
velocity 56
time 18
note_off 56
time 1
note_on 51
velocity 49
time 11
note_on 48
velocity 43
time 1
note_on 69
velocity 74
time 5
note_off 48
time 3
note_on 54
velocity 46
time 3
note_off 51
time 10
note_off 69
time 6
note_on 51
velocity 40
time 69
note_off 54
time 9
note_on 48
velocity 39
time 2
note_on 69
velocity 65
time 6
note_off 48
time 14
note_on 54
velocity 42
time 3
note_off 51
time 11
note_off 54
time 89
note_on 51
velocity 52
time 9
note_on 48
velocity 39
time 14
note_off 48
time 5
note_off 51
time 20
note_on 54
velocity 51
time 0
note_off 54
time 66
note_on 48
velocity 43
time 1
note_on 51
velocity 43
time 6
note_off 48
time 3
note_off 51
time 58
note_on 54
velocity 53
time 13
note_off 54
time 55
note_on 49
velocity 35
time 9
note_on 68
velocity 62
time 5
note_off 69
time 6
note_on 54
velocity 36
time 0
note_off 49
time 5
note_on 56
velocity 42
time 3
note_off 54
time 3
note_off 68
time 2
note_on 49
velocity 33
time 1
note_on 54
velocity 39
time 9
note_off 56
time 6
note_on 68
velocity 48
time 2
note_off 68
time 11
note_on 69
velocity 53
time 10
note_off 49
time 16
note_off 54
time 3
note_on 56
velocity 43
time 5
note_off 69
time 6
note_on 68
velocity 63
time 13
note_off 68
time 16
note_on 69
velocity 62
time 9
note_off 56
time 2
note_on 49
velocity 39
time 10
note_on 54
velocity 48
time 7
note_off 69
time 1
note_on 68
velocity 74
time 20
note_off 68
time 6
note_on 69
velocity 65
time 10
note_off 49
time 3
note_off 69
time 6
note_on 56
velocity 48
time 7
note_on 68
velocity 70
time 1
note_off 68
time 0
note_on 69
velocity 65
time 18
note_off 54
time 3
note_off 69
time 3
note_on 68
velocity 63
time 3
note_off 56
time 5
note_on 49
velocity 33
time 13
note_on 53
velocity 42
time 9
note_off 68
time 1
note_on 69
velocity 63
time 3
note_off 69
time 16
note_on 68
velocity 71
time 15
note_off 53
time 13
note_off 68
time 0
note_off 49
time 6
note_on 56
velocity 50
time 5
note_on 69
velocity 64
time 0
note_on 68
velocity 67
time 65
note_off 56
time 14
note_off 69
time 5
note_on 53
velocity 48
time 9
note_on 49
velocity 44
time 9
note_off 68
time 13
note_on 66
velocity 53
time 15
note_off 66
time 3
note_on 56
velocity 49
time 1
note_on 68
velocity 58
time 18
note_off 68
time 0
note_off 56
time 2
note_on 66
velocity 51
time 2
note_off 49
time 10
note_on 54
velocity 46
time 5
note_off 53
time 6
note_off 66
time 22
note_off 54
time 19
note_on 73
velocity 53
time 118
note_on 67
velocity 50
time 175
note_on 58
velocity 37
time 27
note_on 76
velocity 66
time 180
note_off 73
time 49
note_off 58
time 20
note_off 67
time 35
note_on 66
velocity 39
time 67
note_on 59
velocity 44
time 1
note_off 59
time 78
note_off 66
time 20
note_on 74
velocity 68
time 74
note_off 76
time 1
note_off 74
time 132
note_on 64
velocity 53
time 41
note_on 70
velocity 62
time 0
note_on 67
velocity 52
time 6
note_off 70
time 14
note_on 73
velocity 72
time 16
note_on 62
velocity 56
time 7
note_on 66
velocity 58
time 1
note_off 64
time 3
note_off 67
time 9
note_off 62
time 11
note_off 66
time 18
note_off 73
time 1
note_on 71
velocity 77
time 18
note_off 71
time 108
note_on 69
velocity 56
time 18
note_on 75
velocity 75
time 15
note_on 60
velocity 57
time 1
note_off 75
time 3
note_on 78
velocity 83
time 80
note_on 61
velocity 56
time 157
note_on 68
velocity 62
time 7
note_off 60
time 14
note_off 69
time 29
note_off 61
time 57
note_off 68
time 22
note_on 77
velocity 85
time 46
note_off 78
time 41
note_off 77
time 96
note_on 69
velocity 63
time 40
note_on 66
velocity 59
time 7
note_on 72
velocity 72
time 1
note_off 72
time 101
note_on 75
velocity 84
time 79
note_on 68
velocity 65
time 149
note_on 65
velocity 62
time 16
note_off 66
time 3
note_off 69
time 6
note_off 65
time 82
note_off 68
time 29
note_off 75
time 0
note_on 73
velocity 83
time 11
note_off 73
time 117
note_on 74
velocity 64
time 13
note_on 65
velocity 63
time 3
note_on 80
velocity 78
time 3
note_off 80
time 82
note_on 83
velocity 88
time 93
note_on 66
velocity 62
time 139
note_on 73
velocity 68
time 13
note_off 65
time 62
note_off 74
time 3
note_off 66
time 72
note_off 73
time 10
note_on 81
velocity 81
time 39
note_off 83
time 31
note_off 81
time 72
note_on 74
velocity 72
time 62
note_on 71
velocity 69
time 7
note_on 77
velocity 79
time 10
note_off 77
time 80
note_on 80
velocity 87
time 85
note_on 69
velocity 66
time 170
note_on 73
velocity 70
time 3
note_off 71
time 13
note_off 74
time 16
note_off 69
time 79
note_off 73
time 13
note_on 78
velocity 87
time 40
note_off 80
time 36
note_off 78
time 114
note_on 74
velocity 69
time 23
note_on 65
velocity 65
time 13
note_on 80
velocity 74
time 7
note_off 80
time 121
note_on 83
velocity 83
time 59
note_on 66
velocity 66
time 134
note_on 73
velocity 67
time 7
note_off 65
time 45
note_off 74
time 24
note_off 66
time 65
note_off 73
time 0
note_on 81
velocity 82
time 18
note_off 83
time 18
note_off 81
time 139
note_on 77
velocity 76
time 28
note_on 71
velocity 72
time 2
note_on 74
velocity 75
time 0
note_off 77
time 123
note_on 80
velocity 87
time 45
note_on 73
velocity 74
time 194
note_on 69
velocity 71
time 2
note_off 71
time 15
note_off 74
time 24
note_off 69
time 2
note_off 73
time 5
note_off 80
time 6
note_on 78
velocity 93
time 15
note_on 65
velocity 70
time 9
note_on 68
velocity 76
time 2
note_off 78
time 15
note_on 83
velocity 73
time 13
note_on 84
velocity 68
time 1
note_off 84
time 11
note_off 83
time 3
note_on 86
velocity 90
time 0
note_off 65
time 3
note_on 69
velocity 76
time 6
note_on 66
velocity 66
time 3
note_off 68
time 32
note_on 85
velocity 90
time 11
note_off 69
time 9
note_off 86
time 19
note_off 66
time 41
note_on 71
velocity 77
time 57
note_on 68
velocity 69
time 14
note_on 83
velocity 86
time 2
note_off 68
time 5
note_off 85
time 6
note_on 69
velocity 72
time 31
note_on 73
velocity 75
time 0
note_off 71
time 5
note_off 83
time 15
note_on 81
velocity 78
time 5
note_off 73
time 14
note_on 71
velocity 86
time 15
note_off 69
time 1
note_on 80
velocity 83
time 23
note_off 81
time 9
note_on 74
velocity 79
time 5
note_on 78
velocity 80
time 18
note_off 71
time 10
note_off 80
time 29
note_on 72
velocity 76
time 11
note_off 74
time 19
note_on 80
velocity 77
time 6
note_off 78
time 31
note_on 73
velocity 67
time 88
note_off 72
time 32
note_on 77
velocity 77
time 141
note_off 73
time 10
note_off 80
time 42
note_on 71
velocity 71
time 123
note_on 80
velocity 71
time 177
note_off 77
time 104
note_on 74
velocity 61
time 70
note_off 71
time 165
note_on 78
velocity 69
time 37
note_off 80
time 74
note_on 72
velocity 53
time 96
note_off 74
time 148
note_on 80
velocity 59
time 55
note_off 78
time 108
note_on 73
velocity 46
time 65
note_off 72
time 74
note_off 73
time 83
note_on 77
velocity 64
time 39
note_on 71
velocity 54
time 145
note_off 80
time 5
note_on 81
velocity 73
time 167
note_on 80
velocity 64
time 27
note_off 77
time 15
note_off 81
time 9
note_on 74
velocity 48
time 62
note_on 78
velocity 54
time 15
note_off 71
time 48
note_on 72
velocity 43
time 10
note_off 80
time 13
note_on 81
velocity 59
time 76
note_off 74
time 11
note_on 80
velocity 45
time 42
note_off 78
time 57
note_off 81
time 9
note_on 73
velocity 39
time 0
note_off 72
time 33
note_off 80
time 1
note_on 77
velocity 66
time 1
note_off 77
time 3
note_on 85
velocity 75
time 7
note_off 85
time 128
note_on 85
velocity 63
time 7
note_off 73
time 3
note_off 85
time 11
note_on 85
velocity 54
time 7
note_off 85
time 14
note_on 84
velocity 56
time 16
note_on 85
velocity 75
time 50
note_off 84
time 13
note_on 86
velocity 80
time 13
note_off 85
time 26
note_on 85
velocity 84
time 6
note_off 86
time 15
note_on 83
velocity 75
time 5
note_off 85
time 3
note_off 83
time 10
note_on 81
velocity 71
time 0
note_on 80
velocity 74
time 10
note_off 81
time 1
note_on 78
velocity 79
time 32
note_on 76
velocity 75
time 9
note_off 80
time 5
note_off 78
time 40
note_on 69
velocity 72
time 7
note_on 66
velocity 63
time 6
note_off 69
time 28
note_off 66
time 26
note_on 74
velocity 72
time 53
note_off 76
time 22
note_on 69
velocity 64
time 197
note_on 66
velocity 57
time 5
note_off 74
time 10
note_on 76
velocity 62
time 16
note_off 76
time 13
note_on 74
velocity 60
time 5
note_off 74
time 79
note_on 68
velocity 66
time 13
note_on 73
velocity 66
time 0
note_on 64
velocity 55
time 5
note_off 69
time 1
note_off 66
time 31
note_off 73
time 10
note_on 74
velocity 72
time 6
note_off 74
time 78
note_on 73
velocity 69
time 24
note_off 73
time 93
note_off 64
time 28
note_on 71
velocity 68
time 2
note_on 66
velocity 57
time 22
note_on 62
velocity 54
time 9
note_off 68
time 50
note_off 71
time 14
note_on 73
velocity 62
time 37
note_off 73
time 87
note_on 74
velocity 66
time 16
note_off 74
time 106
note_on 73
velocity 56
time 24
note_off 73
time 6
note_on 74
velocity 59
time 7
note_off 74
time 11
note_on 73
velocity 65
time 2
note_off 73
time 11
note_on 71
velocity 69
time 18
note_off 66
time 1
note_off 71
time 14
note_off 62
time 9
note_on 73
velocity 68
time 6
note_off 73
time 13
note_on 71
velocity 69
time 3
note_off 71
time 2
note_on 69
velocity 67
time 5
note_on 64
velocity 66
time 7
note_on 61
velocity 61
time 1
note_off 69
time 15
note_on 71
velocity 71
time 10
note_off 71
time 16
note_on 69
velocity 71
time 14
note_off 69
time 1
note_on 68
velocity 70
time 18
note_off 61
time 1
note_off 64
time 2
note_on 62
velocity 62
time 1
note_on 59
velocity 61
time 1
note_off 68
time 52
note_on 69
velocity 67
time 15
note_off 69
time 83
note_on 71
velocity 70
time 22
note_off 71
time 96
note_on 69
velocity 70
time 28
note_off 69
time 93
note_on 71
velocity 73
time 15
note_off 71
time 84
note_on 69
velocity 71
time 13
note_off 69
time 108
note_on 67
velocity 72
time 6
note_off 67
time 100
note_on 69
velocity 75
time 19
note_off 69
time 97
note_on 67
velocity 71
time 5
note_off 62
time 80
note_off 59
time 20
note_off 67
time 3
note_on 61
velocity 67
time 3
note_on 66
velocity 70
time 2
note_on 57
velocity 68
time 10
note_off 66
time 84
note_on 67
velocity 71
time 16
note_off 67
time 95
note_on 66
velocity 67
time 13
note_off 66
time 101
note_off 57
time 16
note_on 59
velocity 72
time 10
note_on 56
velocity 61
time 6
note_on 65
velocity 68
time 1
note_off 61
time 24
note_off 65
time 79
note_on 66
velocity 67
time 9
note_off 66
time 88
note_on 68
velocity 71
time 19
note_off 68
time 95
note_on 66
velocity 65
time 15
note_off 66
time 82
note_on 68
velocity 74
time 26
note_off 68
time 89
note_on 66
velocity 67
time 11
note_off 66
time 85
note_on 65
velocity 71
time 20
note_off 65
time 55
note_on 66
velocity 71
time 54
note_off 66
time 85
note_on 65
velocity 70
time 7
note_off 65
time 91
note_off 56
time 10
note_on 54
velocity 67
time 2
note_on 57
velocity 67
time 0
note_off 59
time 9
note_on 62
velocity 69
time 0
note_off 62
time 123
note_on 64
velocity 77
time 1
note_off 64
time 104
note_on 62
velocity 69
time 16
note_on 53
velocity 69
time 91
note_on 56
velocity 69
time 2
note_off 54
time 1
note_off 62
time 16
note_on 61
velocity 73
time 10
note_off 57
time 10
note_off 61
time 119
note_on 62
velocity 73
time 3
note_off 62
time 89
note_on 64
velocity 78
time 7
note_off 64
time 110
note_on 62
velocity 81
time 2
note_off 62
time 96
note_on 64
velocity 78
time 9
note_on 62
velocity 78
time 98
note_off 64
time 27
note_off 53
time 50
note_off 56
time 27
note_on 61
velocity 80
time 1
note_off 62
time 11
note_off 61
time 97
note_on 62
velocity 76
time 1
note_on 61
velocity 78
time 108
note_off 62
time 24
note_off 61
time 76
note_on 49
velocity 88
time 3
note_on 37
velocity 85
time 1
note_on 59
velocity 81
time 5
note_off 49
time 14
note_off 37
time 1
note_on 61
velocity 83
time 33
note_off 59
time 14
note_on 59
velocity 78
time 108
note_off 61
time 32
note_off 59
time 55
note_on 54
velocity 95
time 26
note_on 42
velocity 92
time 3
note_on 55
velocity 66
time 10
note_on 57
velocity 70
time 3
note_off 54
time 1
note_off 42
time 10
note_off 55
time 55
note_on 61
velocity 75
time 13
note_off 57
time 15
note_off 61
time 87
note_on 66
velocity 76
time 7
note_off 66
time 96
note_on 69
velocity 78
time 23
note_on 42
velocity 79
time 7
note_on 30
velocity 76
time 1
note_off 42
time 48
note_off 30
time 3
note_on 68
velocity 80
time 48
note_off 69
time 1
note_on 66
velocity 76
time 102
note_off 68
time 28
note_off 66
time 62
note_on 65
velocity 85
time 24
note_on 68
velocity 83
time 127
note_off 65
time 19
note_on 71
velocity 81
time 75
note_off 68
time 10
note_off 71
time 108
note_on 37
velocity 85
time 3
note_on 49
velocity 89
time 0
note_on 74
velocity 80
time 1
note_off 49
time 7
note_off 37
time 2
note_on 73
velocity 84
time 18
note_off 74
time 40
note_on 71
velocity 84
time 71
note_off 73
time 37
note_off 71
time 48
note_on 54
velocity 94
time 0
note_on 69
velocity 88
time 0
note_on 42
velocity 94
time 1
note_off 54
time 7
note_off 42
time 3
note_on 73
velocity 87
time 79
note_off 69
time 19
note_on 78
velocity 85
time 93
note_off 73
time 14
note_on 42
velocity 85
time 113
note_on 30
velocity 78
time 3
note_on 81
velocity 81
time 0
note_off 78
time 1
note_off 30
time 52
note_off 42
time 3
note_on 80
velocity 83
time 53
note_off 81
time 46
note_on 78
velocity 86
time 57
note_off 80
time 58
note_on 77
velocity 87
time 49
note_off 78
time 18
note_on 80
velocity 88
time 91
note_off 77
time 15
note_on 77
velocity 88
time 98
note_off 80
time 11
note_on 37
velocity 77
time 82
note_off 77
time 0
note_on 49
velocity 75
time 2
note_on 74
velocity 83
time 10
note_off 37
time 1
note_off 49
time 6
note_off 74
time 18
note_on 73
velocity 82
time 9
note_on 71
velocity 79
time 40
note_off 73
time 31
note_off 71
time 9
note_on 42
velocity 77
time 10
note_on 54
velocity 79
time 3
note_on 69
velocity 75
time 0
note_off 69
time 14
note_on 78
velocity 83
time 234
note_off 54
time 61
note_off 42
time 42
note_on 66
velocity 71
time 295
note_off 78
time 24
note_off 66
time 180
note_on 66
velocity 70
time 183
note_on 62
velocity 55
time 429
note_off 66
time 36
note_off 62
time 399
note_on 74
velocity 58
time 6
note_on 56
velocity 45
time 421
note_on 47
velocity 41
time 6
note_off 74
time 55
note_on 71
velocity 50
time 14
note_off 71
time 15
note_on 69
velocity 66
time 16
note_off 69
time 5
note_on 68
velocity 62
time 7
note_off 68
time 7
note_on 65
velocity 50
time 13
note_on 57
velocity 45
time 3
note_on 49
velocity 38
time 5
note_off 47
time 5
note_on 66
velocity 63
time 22
note_off 65
time 11
note_off 56
time 1
note_off 66
time 153
note_on 68
velocity 66
time 14
note_off 68
time 182
note_on 66
velocity 57
time 10
note_off 57
time 78
note_off 49
time 111
note_on 61
velocity 57
time 27
note_off 66
time 11
note_on 49
velocity 37
time 440
note_on 37
velocity 36
time 1
note_off 49
time 153
note_off 37
time 71
note_off 61
time 283
note_on 69
velocity 47
time 23
note_on 49
velocity 30
time 11
note_on 42
velocity 33
time 10
note_off 69
time 136
note_on 78
velocity 64
time 212
note_off 49
time 115
note_off 42
time 240
note_off 78
time 111
note_on 66
velocity 56
time 11
note_off 66
time 183
note_on 66
velocity 58
time 199
note_on 62
velocity 49
time 433
note_off 66
time 67
note_on 74
velocity 42
time 449
note_off 62
time 104
note_off 74
time 109
note_on 56
velocity 36
time 14
note_on 47
velocity 30
time 20
note_on 71
velocity 47
time 6
note_off 71
time 14
note_on 69
velocity 62
time 20
note_off 69
time 2
note_on 68
velocity 63
time 13
note_off 68
time 13
note_off 47
time 3
note_on 57
velocity 43
time 2
note_on 65
velocity 48
time 2
note_on 49
velocity 39
time 10
note_off 56
time 18
note_on 66
velocity 54
time 7
note_off 65
time 2
note_off 66
time 125
note_on 68
velocity 62
time 13
note_off 68
time 188
note_on 66
velocity 57
time 11
note_off 57
time 61
note_off 66
time 167
note_off 49
time 7
note_on 61
velocity 46
time 15
note_on 49
velocity 38
time 605
note_on 37
velocity 36
time 9
note_off 49
time 95
note_off 37
time 13
note_on 42
velocity 33
time 871
note_on 49
velocity 27
time 2
note_off 61
time 74
note_off 42
time 2290
note_off 49
time 53
