note_on 62
velocity 47
time 63
note_off 62
time 45
note_on 62
velocity 58
time 32
note_off 62
time 194
note_on 62
velocity 47
time 281
note_off 62
time 203
note_on 55
velocity 49
time 247
note_on 59
velocity 57
time 937
note_off 55
time 108
note_on 52
velocity 38
time 1373
note_off 59
time 19
note_off 52
time 89
note_on 57
velocity 50
time 13
note_off 57
time 434
note_on 55
velocity 51
time 1
note_off 55
time 415
note_on 54
velocity 40
time 20
note_on 69
velocity 59
time 403
note_off 69
time 118
note_off 54
time 170
note_on 50
velocity 42
time 10
note_on 69
velocity 65
time 5
note_off 69
time 216
note_on 69
velocity 64
time 197
note_off 69
time 209
note_on 62
velocity 60
time 255
note_on 54
velocity 49
time 403
note_off 50
time 76
note_off 54
time 345
note_on 59
velocity 44
time 6
note_off 62
time 13
note_on 66
velocity 63
time 2
note_on 57
velocity 49
time 416
note_off 59
time 6
note_off 57
time 421
note_on 56
velocity 46
time 6
note_on 59
velocity 52
time 425
note_off 66
time 23
note_off 59
time 410
note_on 64
velocity 57
time 3
note_off 64
time 429
note_on 62
velocity 52
time 7
note_off 62
time 373
note_on 61
velocity 45
time 26
note_on 57
velocity 28
time 18
note_off 56
time 48
note_on 64
velocity 61
time 351
note_off 61
time 46
note_on 61
velocity 44
time 393
note_off 57
time 28
note_on 69
velocity 56
time 3
note_off 64
time 3
note_off 69
time 406
note_on 67
velocity 57
time 1
note_off 61
time 308
note_off 67
time 108
note_on 66
velocity 51
time 18
note_on 57
velocity 63
time 416
note_off 57
time 410
note_on 62
velocity 53
time 23
note_on 69
velocity 62
time 5
note_off 66
time 26
note_off 62
time 352
note_on 61
velocity 47
time 23
note_on 59
velocity 51
time 429
note_off 61
time 31
note_on 74
velocity 57
time 403
note_off 69
time 6
note_on 62
velocity 24
time 31
note_off 74
time 167
note_off 62
time 207
note_on 74
velocity 78
time 22
note_on 67
velocity 53
time 18
note_off 74
time 177
note_off 67
time 113
note_on 74
velocity 70
time 102
note_on 66
velocity 52
time 3
note_off 74
time 136
note_off 66
time 268
note_on 67
velocity 64
time 9
note_on 64
velocity 49
time 15
note_off 59
time 105
note_off 64
time 225
note_on 59
velocity 48
time 87
note_on 66
velocity 53
time 1
note_off 67
time 286
note_off 59
time 114
note_off 66
time 13
note_on 71
velocity 69
time 1
note_on 64
velocity 45
time 13
note_on 67
velocity 59
time 2
note_off 64
time 369
note_on 62
velocity 47
time 42
note_off 62
time 417
note_on 61
velocity 47
time 3
note_on 57
velocity 53
time 410
note_on 64
velocity 48
time 15
note_off 67
time 1
note_off 71
time 2
note_off 57
time 199
note_on 69
velocity 68
time 199
note_on 57
velocity 63
time 7
note_on 66
velocity 52
time 6
note_off 64
time 2
note_off 57
time 183
note_off 66
time 165
note_off 69
time 44
note_on 67
velocity 62
time 15
note_on 64
velocity 59
time 2
note_on 57
velocity 63
time 2
note_off 61
time 42
note_off 57
time 136
note_off 64
time 225
note_on 50
velocity 53
time 6
note_on 62
velocity 50
time 18
note_on 66
velocity 63
time 0
note_off 67
time 58
note_on 57
velocity 50
time 346
note_off 62
time 72
note_on 54
velocity 62
time 347
note_off 57
time 0
note_off 50
time 11
note_on 62
velocity 44
time 2
note_off 62
time 381
note_on 61
velocity 40
time 40
note_off 61
time 371
note_off 54
time 39
note_on 68
velocity 67
time 6
note_on 59
velocity 51
time 1
note_off 66
time 27
note_off 59
time 308
note_on 47
velocity 39
time 49
note_on 52
velocity 50
time 449
note_off 47
time 5
note_off 52
time 360
note_on 50
velocity 31
time 39
note_on 59
velocity 46
time 7
note_off 68
time 97
note_on 49
velocity 30
time 317
note_on 69
velocity 57
time 2
note_on 64
velocity 44
time 15
note_off 50
time 5
note_off 59
time 3
note_off 49
time 375
note_on 47
velocity 36
time 26
note_on 52
velocity 44
time 0
note_off 64
time 7
note_on 62
velocity 44
time 6
note_off 47
time 375
note_on 45
velocity 43
time 39
note_off 52
time 2
note_off 62
time 13
note_on 61
velocity 48
time 13
note_on 57
velocity 35
time 16
note_off 57
time 354
note_on 64
velocity 54
time 28
note_off 69
time 1
note_on 55
velocity 46
time 1
note_on 69
velocity 69
time 416
note_on 54
velocity 54
time 2
note_off 64
time 14
note_off 55
time 15
note_off 45
time 9
note_off 54
time 35
note_off 69
time 9
note_on 45
velocity 44
time 31
note_on 67
velocity 70
time 9
note_on 52
velocity 44
time 5
note_off 67
time 13
note_off 52
time 7
note_on 50
velocity 52
time 7
note_on 66
velocity 79
time 2
note_off 45
time 2
note_off 61
time 287
note_on 49
velocity 56
time 14
note_on 57
velocity 64
time 11
note_on 62
velocity 69
time 427
note_on 47
velocity 51
time 7
note_off 50
time 3
note_off 49
time 11
note_off 62
time 19
note_on 45
velocity 50
time 9
note_on 50
velocity 60
time 14
note_on 61
velocity 69
time 9
note_off 47
time 11
note_off 57
time 3
note_off 66
time 5
note_off 45
time 13
note_on 43
velocity 50
time 2
note_on 64
velocity 78
time 9
note_off 50
time 0
note_off 61
time 3
note_on 59
velocity 55
time 13
note_on 55
velocity 50
time 0
note_on 54
velocity 54
time 59
note_off 55
time 0
note_on 62
velocity 69
time 19
note_off 64
time 2
note_off 62
time 0
note_on 52
velocity 56
time 13
note_on 57
velocity 60
time 3
note_on 61
velocity 71
time 0
note_off 54
time 3
note_off 59
time 16
note_off 43
time 0
note_on 42
velocity 66
time 9
note_off 52
time 5
note_off 57
time 11
note_off 61
time 191
note_on 62
velocity 66
time 13
note_off 42
time 3
note_on 50
velocity 48
time 0
note_on 56
velocity 66
time 0
note_on 47
velocity 43
time 1
note_off 50
time 10
note_off 56
time 15
note_off 47
time 41
note_on 45
velocity 56
time 113
note_on 54
velocity 63
time 7
note_on 49
velocity 46
time 5
note_off 45
time 0
note_off 49
time 0
note_off 54
time 1
note_on 52
velocity 63
time 10
note_on 47
velocity 46
time 1
note_on 44
velocity 52
time 5
note_off 62
time 83
note_on 71
velocity 60
time 3
note_off 71
time 6
note_on 69
velocity 60
time 14
note_off 69
time 41
note_on 71
velocity 57
time 26
note_off 71
time 149
note_on 62
velocity 48
time 92
note_off 52
time 173
note_off 62
time 19
note_off 44
time 83
note_on 61
velocity 45
time 121
note_on 52
velocity 30
time 6
note_off 47
time 6
note_on 64
velocity 58
time 18
note_off 64
time 16
note_on 43
velocity 46
time 10
note_on 64
velocity 66
time 18
note_off 64
time 10
note_off 43
time 7
note_on 64
velocity 73
time 3
note_off 64
time 50
note_off 52
time 6
note_on 42
velocity 49
time 0
note_on 57
velocity 61
time 7
note_off 61
time 7
note_on 55
velocity 38
time 102
note_on 64
velocity 57
time 5
note_off 55
time 1
note_on 55
velocity 15
time 0
note_off 57
time 1
note_off 64
time 0
note_on 60
velocity 71
time 3
note_on 69
velocity 56
time 7
note_off 55
time 7
note_on 54
velocity 45
time 7
note_off 54
time 3
note_off 69
time 1
note_on 52
velocity 47
time 1
note_on 67
velocity 59
time 13
note_off 42
time 16
note_off 67
time 9
note_off 52
time 13
note_on 47
velocity 43
time 18
note_on 51
velocity 43
time 5
note_on 66
velocity 51
time 11
note_off 60
time 9
note_on 54
velocity 59
time 152
note_on 59
velocity 64
time 136
note_off 54
time 42
note_on 57
velocity 69
time 377
note_off 59
time 9
note_off 57
time 411
note_on 55
velocity 63
time 9
note_on 52
velocity 53
time 3
note_off 51
time 24
note_off 47
time 1
note_off 66
time 0
note_off 55
time 381
note_on 71
velocity 83
time 0
note_on 50
velocity 50
time 7
note_on 59
velocity 60
time 10
note_off 52
time 10
note_off 71
time 192
note_on 71
velocity 82
time 208
note_on 55
velocity 60
time 3
note_on 64
velocity 61
time 1
note_off 50
time 23
note_off 59
time 27
note_off 71
time 135
note_on 71
velocity 83
time 203
note_off 64
time 10
note_on 62
velocity 64
time 9
note_off 71
time 123
note_off 62
time 140
note_on 64
velocity 78
time 1
note_on 61
velocity 63
time 0
note_off 61
time 210
note_on 59
velocity 61
time 9
note_off 59
time 381
note_on 67
velocity 76
time 67
note_on 49
velocity 42
time 2
note_on 58
velocity 51
time 1
note_off 55
time 26
note_off 64
time 92
note_off 49
time 279
note_off 58
time 7
note_on 50
velocity 42
time 5
note_on 59
velocity 51
time 14
note_off 50
time 371
note_on 52
velocity 45
time 27
note_on 61
velocity 42
time 5
note_off 67
time 15
note_off 59
time 11
note_off 61
time 0
note_off 52
time 1
note_on 61
velocity 64
time 13
note_on 55
velocity 40
time 6
note_on 64
velocity 50
time 5
note_off 61
time 247
note_off 55
time 40
note_off 64
time 1
note_on 66
velocity 60
time 19
note_on 46
velocity 34
time 11
note_on 62
velocity 46
time 2
note_on 54
velocity 37
time 3
note_off 62
time 50
note_off 66
time 7
note_on 61
velocity 41
time 23
note_on 64
velocity 57
time 3
note_off 61
time 18
note_off 46
time 22
note_off 54
time 16
note_off 64
time 1
note_on 62
velocity 61
time 13
note_on 47
velocity 45
time 2
note_on 59
velocity 53
time 13
note_off 59
time 62
note_on 66
velocity 74
time 3
note_on 57
velocity 57
time 23
note_off 62
time 23
note_on 56
velocity 60
time 373
note_off 57
time 3
note_on 71
velocity 84
time 0
note_off 66
time 36
note_on 54
velocity 58
time 384
note_off 56
time 13
note_on 69
velocity 77
time 6
note_off 71
time 28
note_off 47
time 200
note_off 69
time 147
note_on 68
velocity 80
time 26
note_off 54
time 10
note_on 52
velocity 58
time 10
note_on 71
velocity 87
time 20
note_on 50
velocity 62
time 6
note_on 49
velocity 53
time 31
note_on 76
velocity 86
time 1
note_off 50
time 7
note_off 71
time 41
note_off 49
time 196
note_on 74
velocity 75
time 26
note_on 47
velocity 49
time 19
note_off 76
time 40
note_off 68
time 39
note_off 52
time 319
note_on 45
velocity 49
time 7
note_off 47
time 1
note_on 73
velocity 69
time 6
note_off 74
time 9
note_on 52
velocity 48
time 389
note_on 69
velocity 64
time 5
note_off 69
time 167
note_on 57
velocity 54
time 36
note_on 69
velocity 72
time 2
note_off 45
time 18
note_off 69
time 9
note_off 57
time 9
note_on 45
velocity 48
time 6
note_on 69
velocity 79
time 1
note_on 55
velocity 55
time 16
note_off 52
time 16
note_off 69
time 15
note_off 45
time 1
note_off 73
time 1
note_off 55
time 11
note_on 47
velocity 45
time 2
note_on 54
velocity 49
time 16
note_on 62
velocity 78
time 2
note_off 54
time 15
note_on 74
velocity 74
time 13
note_on 52
velocity 45
time 5
note_off 74
time 3
note_off 52
time 5
note_on 50
velocity 50
time 0
note_on 74
velocity 82
time 1
note_on 66
velocity 66
time 14
note_off 62
time 0
note_off 47
time 11
note_off 74
time 6
note_on 74
velocity 86
time 13
note_on 47
velocity 58
time 19
note_off 50
time 0
note_off 47
time 9
note_off 74
time 6
note_on 40
velocity 47
time 10
note_on 67
velocity 82
time 5
note_on 52
velocity 44
time 5
note_off 52
time 15
note_off 66
time 16
note_on 59
velocity 61
time 15
note_on 54
velocity 51
time 10
note_off 40
time 15
note_off 59
time 18
note_off 54
time 9
note_on 71
velocity 74
time 5
note_on 55
velocity 50
time 2
note_off 67
time 0
note_on 64
velocity 56
time 0
note_off 64
time 174
note_on 52
velocity 43
time 18
note_on 62
velocity 48
time 15
note_off 55
time 2
note_off 62
time 397
note_off 52
time 15
note_on 45
velocity 36
time 9
note_on 61
velocity 47
time 5
note_on 55
velocity 39
time 2
note_off 55
time 118
note_off 71
time 110
note_on 55
velocity 45
time 28
note_on 64
velocity 56
time 10
note_on 54
velocity 39
time 382
note_on 69
velocity 59
time 9
note_off 55
time 3
note_off 64
time 1
note_off 54
time 10
note_off 69
time 11
note_on 52
velocity 38
time 6
note_on 67
velocity 52
time 6
note_off 61
time 18
note_off 45
time 0
note_off 52
time 15
note_off 67
time 2
note_on 38
velocity 37
time 0
note_on 66
velocity 51
time 6
note_on 50
velocity 40
time 1
note_off 38
time 1
note_off 50
time 18
note_on 57
velocity 52
time 97
note_off 66
time 54
note_off 57
time 13
note_on 62
velocity 47
time 11
note_off 62
time 194
note_on 60
velocity 50
time 5
note_on 69
velocity 63
time 9
note_off 69
time 96
note_on 59
velocity 55
time 7
note_on 74
velocity 77
time 0
note_off 60
time 2
note_off 74
time 41
note_on 72
velocity 78
time 22
note_on 62
velocity 58
time 2
note_off 59
time 183
note_off 62
time 97
note_on 71
velocity 81
time 40
note_on 67
velocity 65
time 16
note_off 72
time 10
note_on 74
velocity 83
time 14
note_off 67
time 9
note_on 66
velocity 64
time 6
note_off 71
time 16
note_on 79
velocity 90
time 36
note_off 74
time 9
note_on 64
velocity 63
time 11
note_off 66
time 13
note_off 64
time 9
note_on 62
velocity 57
time 5
note_on 52
velocity 59
time 1
note_on 78
velocity 88
time 72
note_off 62
time 6
note_on 57
velocity 64
time 1
note_off 79
time 9
note_on 61
velocity 64
time 5
note_off 52
time 26
note_on 55
velocity 61
time 235
note_on 76
velocity 86
time 5
note_off 57
time 1
note_off 78
time 7
note_off 61
time 3
note_on 54
velocity 63
time 11
note_on 81
velocity 85
time 3
note_on 62
velocity 58
time 5
note_off 76
time 7
note_off 55
time 2
note_off 62
time 10
note_on 57
velocity 65
time 11
note_on 79
velocity 87
time 0
note_on 64
velocity 60
time 1
note_off 54
time 2
note_off 81
time 2
note_off 79
time 16
note_off 64
time 13
note_on 78
velocity 88
time 0
note_off 57
time 1
note_on 62
velocity 57
time 6
note_on 66
velocity 57
time 6
note_off 78
time 110
note_on 76
velocity 74
time 46
note_on 61
velocity 51
time 15
note_off 62
time 3
note_off 61
time 343
note_off 76
time 15
note_on 74
velocity 70
time 6
note_on 59
velocity 46
time 10
note_on 47
velocity 37
time 5
note_off 74
time 9
note_off 59
time 35
note_off 66
time 18
note_on 59
velocity 34
time 3
note_on 52
velocity 51
time 5
note_on 73
velocity 67
time 7
note_on 68
velocity 46
time 9
note_off 47
time 7
note_off 73
time 97
note_off 52
time 40
note_on 50
velocity 46
time 1
note_on 71
velocity 72
time 0
note_on 76
velocity 75
time 406
note_off 71
time 9
note_on 49
velocity 40
time 2
note_off 59
time 6
note_off 50
time 1
note_off 68
time 7
note_off 76
time 6
note_on 74
velocity 70
time 11
note_on 59
velocity 39
time 3
note_on 52
velocity 48
time 1
note_on 68
velocity 60
time 0
note_off 49
time 18
note_off 52
time 14
note_off 74
time 0
note_off 59
time 14
note_off 68
time 29
note_on 57
velocity 41
time 6
note_on 73
velocity 61
time 1
note_on 61
velocity 37
time 3
note_on 69
velocity 43
time 3
note_off 73
time 11
note_off 57
time 3
note_on 56
velocity 45
time 15
note_on 71
velocity 62
time 0
note_on 64
velocity 52
time 9
note_off 69
time 2
note_off 71
time 67
note_off 64
time 11
note_on 69
velocity 62
time 2
note_on 54
velocity 46
time 7
note_off 56
time 0
note_off 61
time 3
note_off 69
time 2
note_on 57
velocity 50
time 10
note_on 73
velocity 71
time 1
note_on 52
velocity 42
time 9
note_on 68
velocity 48
time 9
note_off 54
time 14
note_off 52
time 11
note_off 68
time 16
note_off 57
time 9
note_off 73
time 2
note_on 50
velocity 40
time 1
note_on 71
velocity 59
time 15
note_on 62
velocity 36
time 5
note_on 66
velocity 54
time 1
note_off 71
time 5
note_off 62
time 7
note_on 61
velocity 41
time 11
note_on 69
velocity 60
time 0
note_off 69
time 6
note_off 50
time 14
note_off 66
time 5
note_on 64
velocity 56
time 11
note_on 68
velocity 68
time 2
note_on 59
velocity 39
time 7
note_off 61
time 0
note_off 64
time 87
note_off 59
time 128
note_on 49
velocity 30
time 16
note_on 64
velocity 54
time 2
note_off 68
time 5
note_off 64
time 16
note_on 57
velocity 39
time 3
note_on 69
velocity 66
time 9
note_on 54
velocity 32
time 1
note_on 62
velocity 52
time 11
note_off 49
time 9
note_off 57
time 115
note_off 54
time 42
note_on 52
velocity 44
time 50
note_on 56
velocity 37
time 3
note_on 61
velocity 44
time 23
note_off 62
time 3
note_off 56
time 283
note_off 52
time 80
note_on 50
velocity 35
time 11
note_off 61
time 5
note_on 54
velocity 38
time 5
note_on 59
velocity 45
time 9
note_on 61
velocity 42
time 444
note_off 59
time 2
note_on 52
velocity 39
time 408
note_off 61
time 2
note_off 50
time 5
note_on 62
velocity 39
time 9
note_off 54
time 23
note_off 69
time 7
note_on 68
velocity 50
time 9
note_off 68
time 351
note_on 45
velocity 37
time 1
note_on 69
velocity 57
time 11
note_off 62
time 397
note_on 61
velocity 41
time 22
note_off 45
time 144
note_off 52
time 9
note_off 61
time 24
note_on 66
velocity 42
time 3
note_on 42
velocity 43
time 138
note_on 64
velocity 42
time 6
note_off 66
time 62
note_off 69
time 170
note_off 64
time 113
note_on 63
velocity 47
time 22
note_off 42
time 6
note_on 47
velocity 45
time 9
note_on 66
velocity 48
time 404
note_on 59
velocity 55
time 5
note_off 59
time 158
note_on 59
velocity 68
time 260
note_on 71
velocity 57
time 14
note_off 66
time 61
note_off 59
time 101
note_off 71
time 225
note_on 69
velocity 66
time 5
note_on 59
velocity 71
time 6
note_off 47
time 105
note_off 59
time 127
note_on 52
velocity 60
time 158
note_off 63
time 5
note_on 67
velocity 58
time 14
note_off 69
time 1
note_on 50
velocity 50
time 11
note_on 59
velocity 50
time 1
note_off 52
time 0
note_off 50
time 11
note_on 55
velocity 65
time 0
note_off 59
time 0
note_on 49
velocity 44
time 7
note_on 64
velocity 56
time 9
note_on 47
velocity 51
time 5
note_off 64
time 0
note_on 62
velocity 47
time 19
note_off 49
time 13
note_off 47
time 11
note_on 46
velocity 46
time 1
note_on 61
velocity 60
time 15
note_off 55
time 7
note_off 62
time 14
note_off 61
time 16
note_off 67
time 16
note_on 49
velocity 46
time 14
note_on 78
velocity 83
time 3
note_off 78
time 13
note_on 78
velocity 87
time 149
note_on 54
velocity 57
time 7
note_off 49
time 11
note_off 46
time 35
note_off 78
time 44
note_on 46
velocity 50
time 72
note_on 78
velocity 87
time 1
note_on 52
velocity 55
time 0
note_off 54
time 16
note_off 78
time 2
note_off 46
time 6
note_off 52
time 0
note_on 71
velocity 75
time 3
note_on 45
velocity 47
time 11
note_on 51
velocity 57
time 3
note_off 71
time 108
note_off 51
time 53
note_on 71
velocity 79
time 0
note_on 53
velocity 58
time 9
note_off 53
time 49
note_on 54
velocity 71
time 2
note_off 71
time 0
note_on 71
velocity 78
time 144
note_on 53
velocity 55
time 3
note_on 74
velocity 77
time 0
note_off 54
time 2
note_off 45
time 130
note_off 71
time 85
note_on 44
velocity 50
time 18
note_on 71
velocity 79
time 10
note_off 53
time 18
note_off 44
time 2
note_off 71
time 11
note_on 64
velocity 77
time 7
note_on 49
velocity 42
time 5
note_on 59
velocity 50
time 125
note_on 68
velocity 70
time 3
note_off 74
time 1
note_off 64
time 13
note_off 59
time 11
note_on 67
velocity 71
time 2
note_on 58
velocity 46
time 9
note_on 73
velocity 55
time 2
note_off 68
time 14
note_off 73
time 1
note_on 61
velocity 45
time 1
note_on 71
velocity 59
time 16
note_off 58
time 2
note_off 61
time 14
note_off 49
time 1
note_off 71
time 42
note_on 42
velocity 46
time 5
note_on 70
velocity 55
time 11
note_off 42
time 14
note_off 67
time 1
note_off 70
time 138
note_on 54
velocity 47
time 1
note_on 61
velocity 59
time 0
note_on 64
velocity 43
time 0
note_off 64
time 88
note_off 61
time 212
note_on 56
velocity 43
time 29
note_on 62
velocity 46
time 2
note_on 71
velocity 52
time 5
note_on 66
velocity 52
time 1
note_off 54
time 9
note_off 56
time 18
note_off 62
time 1
note_off 66
time 24
note_off 71
time 0
note_on 58
velocity 30
time 13
note_on 73
velocity 60
time 0
note_on 61
velocity 39
time 3
note_on 64
velocity 55
time 3
note_off 64
time 2
note_off 73
time 14
note_off 61
time 20
note_off 58
time 11
note_on 59
velocity 44
time 5
note_on 62
velocity 51
time 13
note_on 74
velocity 62
time 0
note_on 66
velocity 62
time 322
note_off 62
time 2
note_on 57
velocity 43
time 3
note_off 57
time 196
note_on 56
velocity 41
time 35
note_off 66
time 32
note_on 71
velocity 56
time 2
note_off 71
time 386
note_on 69
velocity 58
time 10
note_off 56
time 1
note_on 54
velocity 40
time 1
note_off 69
time 214
note_on 68
velocity 51
time 26
note_on 53
velocity 38
time 6
note_off 59
time 37
note_off 54
time 40
note_off 74
time 214
note_on 56
velocity 58
time 61
note_on 61
velocity 62
time 398
note_off 56
time 14
note_on 73
velocity 73
time 10
note_off 68
time 355
note_off 61
time 31
note_on 59
velocity 62
time 5
note_off 59
time 375
note_on 57
velocity 57
time 41
note_off 53
time 44
note_on 54
velocity 67
time 348
note_on 61
velocity 53
time 13
note_off 54
time 15
note_on 54
velocity 76
time 14
note_on 66
velocity 62
time 9
note_off 73
time 1
note_off 54
time 11
note_off 61
time 13
note_on 54
velocity 78
time 1
note_on 64
velocity 67
time 10
note_off 66
time 13
note_off 57
time 2
note_off 54
time 14
note_off 64
time 1
note_on 47
velocity 75
time 2
note_on 62
velocity 65
time 11
note_on 54
velocity 61
time 229
note_on 71
velocity 63
time 20
note_on 69
velocity 76
time 3
note_off 71
time 15
note_off 62
time 3
note_on 59
velocity 57
time 9
note_on 50
velocity 55
time 6
note_on 68
velocity 72
time 0
note_off 69
time 2
note_off 54
time 5
note_off 47
time 1
note_on 49
velocity 5
time 2
note_off 49
time 11
note_off 59
time 37
note_on 57
velocity 56
time 217
note_on 66
velocity 64
time 13
note_off 68
time 0
note_off 66
time 348
note_on 56
velocity 51
time 32
note_off 50
time 7
note_on 65
velocity 58
time 6
note_on 59
velocity 52
time 5
note_off 57
time 15
note_off 56
time 1
note_on 44
velocity 60
time 11
note_on 49
velocity 53
time 11
note_off 44
time 40
note_off 49
time 269
note_on 47
velocity 46
time 31
note_off 65
time 234
note_off 59
time 125
note_on 45
velocity 48
time 54
note_off 47
time 5
note_on 54
velocity 46
time 212
note_on 61
velocity 50
time 14
note_on 57
velocity 43
time 2
note_off 57
time 157
note_off 61
time 9
note_off 54
time 3
note_off 45
time 6
note_on 56
velocity 43
time 0
note_on 59
velocity 50
time 14
note_off 56
time 160
note_off 59
time 23
note_on 57
velocity 42
time 29
note_on 66
velocity 64
time 10
note_on 61
velocity 46
time 18
note_on 47
velocity 38
time 376
note_off 61
time 11
note_on 62
velocity 41
time 23
note_off 57
time 20
note_off 47
time 351
note_on 49
velocity 30
time 9
note_off 62
time 1
note_on 56
velocity 40
time 16
note_on 61
velocity 44
time 15
note_on 54
velocity 31
time 408
note_off 56
time 35
note_on 56
velocity 41
time 382
note_off 66
time 3
note_on 65
velocity 51
time 7
note_off 54
time 7
note_off 56
time 16
note_on 59
velocity 39
time 10
note_off 61
time 6
note_off 49
time 9
note_off 65
time 2
note_off 59
time 57
note_on 42
velocity 39
time 7
note_on 66
velocity 48
time 10
note_on 57
velocity 43
time 5
note_on 54
velocity 24
time 5
note_off 42
time 13
note_off 57
time 11
note_off 54
time 9
note_on 57
velocity 56
time 14
note_off 57
time 31
note_off 66
time 3
note_on 57
velocity 73
time 10
note_off 57
time 10
note_on 81
velocity 71
time 165
note_on 57
velocity 68
time 2
note_off 57
time 75
note_off 81
time 35
note_on 50
velocity 65
time 152
note_on 81
velocity 76
time 6
note_off 81
time 229
note_on 81
velocity 82
time 171
note_on 69
velocity 64
time 14
note_off 69
time 50
note_off 81
time 268
note_on 74
velocity 77
time 49
note_on 54
velocity 57
time 10
note_off 50
time 5
note_on 69
velocity 69
time 3
note_off 69
time 0
note_off 74
time 6
note_on 69
velocity 74
time 5
note_off 69
time 14
note_on 78
velocity 78
time 320
note_on 62
velocity 59
time 6
note_off 54
time 53
note_on 50
velocity 58
time 57
note_on 47
velocity 52
time 2
note_on 55
velocity 70
time 385
note_on 52
velocity 62
time 7
note_off 47
time 22
note_off 50
time 11
note_off 62
time 63
note_off 78
time 54
note_off 55
time 170
note_off 52
time 42
note_on 54
velocity 55
time 26
note_on 71
velocity 73
time 1
note_on 50
velocity 54
time 1
note_off 50
time 347
note_off 54
time 29
note_on 49
velocity 50
time 1
note_on 52
velocity 50
time 27
note_on 76
velocity 78
time 0
note_off 71
time 18
note_off 49
time 285
note_off 76
time 58
note_on 47
velocity 48
time 14
note_on 74
velocity 61
time 15
note_off 52
time 5
note_on 64
velocity 69
time 3
note_off 74
time 16
note_off 64
time 26
note_off 47
time 6
note_on 45
velocity 51
time 2
note_on 73
velocity 75
time 2
note_on 69
velocity 56
time 11
note_off 69
time 106
note_on 52
velocity 45
time 13
note_on 67
velocity 51
time 32
note_off 52
time 285
note_off 45
time 7
note_on 57
velocity 49
time 13
note_off 67
time 0
note_on 66
velocity 60
time 5
note_off 57
time 26
note_off 73
time 3
note_on 69
velocity 76
time 0
note_off 66
time 0
note_on 59
velocity 72
time 3
note_on 74
velocity 74
time 1
note_off 69
time 7
note_off 59
time 14
note_on 72
velocity 64
time 6
note_on 62
velocity 50
time 18
note_off 74
time 9
note_off 72
time 16
note_off 62
time 3
note_on 71
velocity 71
time 15
note_on 67
velocity 57
time 18
note_off 67
time 0
note_on 66
velocity 65
time 14
note_on 47
velocity 49
time 9
note_on 57
velocity 35
time 6
note_off 71
time 13
note_off 57
time 3
note_off 66
time 92
note_on 64
velocity 71
time 5
note_on 55
velocity 53
time 7
note_off 47
time 1
note_on 52
velocity 53
time 1
note_off 52
time 57
note_on 71
velocity 68
time 31
note_on 50
velocity 53
time 2
note_on 72
velocity 60
time 13
note_off 72
time 39
note_on 48
velocity 57
time 23
note_on 76
velocity 82
time 2
note_off 50
time 16
note_on 77
velocity 44
time 18
note_off 77
time 1
note_off 71
time 5
note_off 48
time 0
note_off 76
time 15
note_off 55
time 6
note_on 47
velocity 50
time 1
note_on 74
velocity 81
time 2
note_on 52
velocity 56
time 7
note_off 64
time 175
note_off 47
time 92
note_on 45
velocity 49
time 18
note_off 74
time 0
note_on 72
velocity 82
time 3
note_off 52
time 23
note_on 57
velocity 53
time 0
note_off 57
time 196
note_on 55
velocity 47
time 46
note_on 64
velocity 60
time 5
note_off 55
time 354
note_on 54
velocity 49
time 18
note_off 64
time 14
note_on 69
velocity 60
time 0
note_off 69
time 377
note_off 54
time 13
note_on 67
velocity 59
time 7
note_on 52
velocity 42
time 27
note_off 45
time 50
note_off 52
time 250
note_on 50
velocity 44
time 66
note_on 66
velocity 55
time 11
note_on 47
velocity 30
time 6
note_off 67
time 1
note_off 72
time 98
note_off 66
time 264
note_on 54
velocity 43
time 33
note_on 62
velocity 53
time 2
note_off 50
time 380
note_off 47
time 11
note_off 54
time 0
note_on 71
velocity 66
time 6
note_off 62
time 5
note_on 59
velocity 44
time 3
note_on 67
velocity 56
time 3
note_off 67
time 270
note_off 59
time 14
note_on 57
velocity 46
time 44
note_on 66
velocity 53
time 2
note_on 50
velocity 35
time 7
note_off 57
time 363
note_on 64
velocity 45
time 55
note_off 66
time 3
note_on 55
velocity 31
time 6
note_off 64
time 345
note_off 55
time 19
note_on 54
velocity 34
time 10
note_on 62
velocity 41
time 16
note_off 50
time 109
note_off 54
time 204
note_off 71
time 45
note_on 52
velocity 41
time 16
note_off 62
time 11
note_on 55
velocity 34
time 5
note_on 60
velocity 47
time 11
note_off 52
time 296
note_on 69
velocity 65
time 63
note_on 57
velocity 37
time 3
note_on 54
velocity 41
time 1
note_off 55
time 6
note_off 57
time 5
note_on 55
velocity 42
time 96
note_off 60
time 6
note_off 54
time 1
note_on 59
velocity 49
time 20
note_off 69
time 5
note_on 52
velocity 34
time 10
note_on 67
velocity 55
time 2
note_off 59
time 6
note_on 64
velocity 41
time 10
note_off 52
time 16
note_off 55
time 2
note_on 57
velocity 42
time 0
note_on 48
velocity 40
time 1
note_off 67
time 16
note_off 48
time 75
note_on 45
velocity 42
time 1
note_off 64
time 10
note_on 66
velocity 52
time 14
note_on 67
velocity 50
time 3
note_off 67
time 15
note_off 66
time 6
note_off 45
time 13
note_on 64
velocity 59
time 13
note_off 57
time 22
note_off 64
time 6
note_on 66
velocity 67
time 10
note_on 50
velocity 53
time 1
note_on 62
velocity 48
time 14
note_off 50
time 194
note_on 48
velocity 52
time 6
note_off 66
time 0
note_on 67
velocity 73
time 0
note_on 47
velocity 41
time 3
note_on 55
velocity 54
time 0
note_off 48
time 1
note_off 47
time 2
note_off 55
time 13
note_off 62
time 7
note_off 67
time 15
note_on 50
velocity 65
time 6
note_on 62
velocity 86
time 7
note_off 62
time 83
note_on 55
velocity 70
time 48
note_on 62
velocity 80
time 2
note_off 50
time 52
note_off 62
time 199
note_on 71
velocity 83
time 3
note_on 54
velocity 66
time 1
note_on 62
velocity 73
time 9
note_off 55
time 5
note_off 71
time 2
note_off 62
time 13
note_off 54
time 3
note_on 52
velocity 66
time 15
note_on 55
velocity 73
time 0
note_on 71
velocity 91
time 2
note_off 71
time 0
note_on 71
velocity 87
time 7
note_on 79
velocity 88
time 5
note_off 55
time 2
note_off 71
time 3
note_off 79
time 7
note_on 64
velocity 78
time 16
note_on 79
velocity 88
time 2
note_on 59
velocity 71
time 7
note_off 79
time 58
note_on 79
velocity 91
time 13
note_off 64
time 11
note_off 79
time 23
note_off 59
time 7
note_on 73
velocity 88
time 1
note_off 52
time 2
note_on 67
velocity 65
time 3
note_on 50
velocity 58
time 11
note_on 52
velocity 62
time 16
note_on 49
velocity 47
time 421
note_on 57
velocity 54
time 1
note_on 76
velocity 82
time 2
note_off 52
time 7
note_off 67
time 0
note_off 50
time 0
note_off 73
time 0
note_off 57
time 5
note_off 49
time 2
note_on 45
velocity 49
time 1
note_on 61
velocity 65
time 14
note_on 55
velocity 48
time 3
note_off 55
time 15
note_off 45
time 2
note_on 50
velocity 44
time 9
note_on 66
velocity 65
time 5
note_on 54
velocity 40
time 6
note_off 61
time 2
note_off 76
time 66
note_off 66
time 32
note_on 69
velocity 70
time 22
note_on 64
velocity 54
time 1
note_on 48
velocity 46
time 1
note_off 50
time 1
note_off 64
time 1
note_on 47
velocity 43
time 9
note_on 74
velocity 74
time 7
note_on 62
velocity 50
time 14
note_off 69
time 3
note_off 47
time 7
note_off 48
time 0
note_off 74
time 9
note_on 72
velocity 65
time 6
note_on 45
velocity 46
time 2
note_off 72
time 11
note_off 45
time 15
note_off 54
time 2
note_on 43
velocity 46
time 3
note_on 71
velocity 69
time 2
note_on 47
velocity 46
time 132
note_off 43
time 7
note_off 62
time 50
note_off 47
time 14
note_on 44
velocity 40
time 0
note_on 52
velocity 43
time 2
note_off 52
time 174
note_on 50
velocity 44
time 6
note_on 59
velocity 50
time 2
note_off 44
time 3
note_on 49
velocity 31
time 0
note_on 45
velocity 30
time 6
note_off 50
time 0
note_on 64
velocity 46
time 11
note_off 71
time 3
note_off 59
time 16
note_off 64
time 10
note_off 49
time 18
note_on 64
velocity 67
time 9
note_on 50
velocity 41
time 9
note_on 62
velocity 54
time 13
note_off 62
time 239
note_on 69
velocity 68
time 57
note_on 61
velocity 51
time 2
note_off 64
time 6
note_off 50
time 1
note_on 52
velocity 40
time 11
note_off 69
time 55
note_off 45
time 19
note_on 64
velocity 51
time 6
note_on 67
velocity 57
time 2
note_off 67
time 16
note_off 52
time 0
note_on 46
velocity 44
time 5
note_off 64
time 5
note_on 66
velocity 58
time 0
note_on 49
velocity 42
time 15
note_off 66
time 7
note_on 54
velocity 41
time 5
note_on 73
velocity 63
time 9
note_off 49
time 2
note_off 61
time 14
note_on 52
velocity 41
time 7
note_on 61
velocity 46
time 10
note_off 54
time 14
note_off 46
time 28
note_off 52
time 2
note_on 47
velocity 35
time 15
note_off 73
time 5
note_on 50
velocity 45
time 3
note_on 66
velocity 44
time 0
note_off 66
time 41
note_off 61
time 11
note_on 66
velocity 62
time 247
note_on 64
velocity 45
time 2
note_off 64
time 196
note_off 66
time 28
note_on 71
velocity 60
time 7
note_on 62
velocity 43
time 15
note_off 50
time 55
note_off 47
time 201
note_off 71
time 69
note_on 69
velocity 50
time 37
note_on 54
velocity 46
time 5
note_off 69
time 369
note_on 67
velocity 53
time 24
note_on 47
velocity 37
time 14
note_on 59
velocity 42
time 6
note_off 54
time 6
note_on 57
velocity 49
time 15
note_off 59
time 9
note_off 47
time 2
note_off 57
time 1
note_off 62
time 0
note_on 52
velocity 42
time 5
note_on 55
velocity 49
time 18
note_off 52
time 270
note_on 59
velocity 57
time 3
note_on 50
velocity 41
time 5
note_on 49
velocity 47
time 398
note_off 59
time 7
note_off 50
time 5
note_on 64
velocity 62
time 9
note_off 55
time 26
note_on 52
velocity 53
time 377
note_off 64
time 0
note_on 62
velocity 65
time 2
note_off 67
time 119
note_off 52
time 270
note_on 61
velocity 70
time 5
note_on 57
velocity 55
time 29
note_off 49
time 28
note_off 62
time 2
note_on 64
velocity 69
time 360
note_on 55
velocity 64
time 5
note_off 57
time 14
note_off 61
time 82
note_on 69
velocity 82
time 304
note_on 54
velocity 58
time 5
note_off 55
time 0
note_off 64
time 14
note_on 57
velocity 60
time 281
note_off 69
time 0
note_on 67
velocity 80
time 1
note_off 54
time 7
note_on 61
velocity 56
time 18
note_off 61
time 227
note_off 57
time 10
note_on 66
velocity 87
time 1
note_on 62
velocity 60
time 3
note_off 67
time 28
note_off 62
time 5
note_off 66
time 1
note_on 64
velocity 69
time 2
note_on 69
velocity 88
time 0
note_on 61
velocity 60
time 3
note_off 64
time 7
note_off 69
time 18
note_off 61
time 14
note_on 74
velocity 90
time 10
note_on 59
velocity 57
time 13
note_on 62
velocity 53
time 0
note_off 62
time 122
note_off 74
time 42
note_on 73
velocity 90
time 69
note_off 59
time 2
note_on 57
velocity 67
time 1
note_on 66
velocity 71
time 10
note_off 73
time 329
note_off 66
time 39
note_on 55
velocity 77
time 28
note_on 71
velocity 89
time 5
note_off 57
time 6
note_on 54
velocity 72
time 391
note_on 74
velocity 96
time 6
note_off 55
time 6
note_on 69
velocity 68
time 2
note_off 71
time 0
note_off 69
time 13
note_off 74
time 9
note_on 79
velocity 97
time 0
note_off 54
time 1
note_on 52
velocity 68
time 7
note_on 67
velocity 79
time 2
note_off 67
time 125
note_on 50
velocity 79
time 24
note_on 71
velocity 94
time 6
note_off 52
time 2
note_on 49
velocity 67
time 421
note_on 76
velocity 95
time 9
note_off 50
time 10
note_off 71
time 31
note_off 49
time 351
note_on 74
velocity 91
time 10
note_on 47
velocity 70
time 1
note_off 76
time 44
note_off 47
time 31
note_on 45
velocity 77
time 3
note_on 73
velocity 94
time 13
note_off 74
time 3
note_off 79
time 48
note_on 43
velocity 81
time 375
note_off 45
time 2
note_on 76
velocity 99
time 2
note_on 42
velocity 88
time 417
note_on 81
velocity 101
time 1
note_off 76
time 20
note_off 73
time 10
note_off 43
time 15
note_on 79
velocity 90
time 397
note_on 40
velocity 82
time 2
note_on 76
velocity 88
time 0
note_off 42
time 50
note_off 81
time 6
note_on 74
velocity 86
time 447
note_on 78
velocity 92
time 0
note_on 38
velocity 87
time 1
note_off 76
time 35
note_off 40
time 10
note_off 79
time 15
note_off 38
time 9
note_off 74
time 7
note_off 78
time 6
note_on 62
velocity 93
time 6
note_on 76
velocity 75
time 6
note_on 79
velocity 83
time 1
note_off 62
time 250
note_off 79
time 10
note_on 62
velocity 93
time 9
note_on 81
velocity 84
time 6
note_on 78
velocity 86
time 16
note_off 76
time 35
note_off 62
time 110
note_on 50
velocity 72
time 0
note_on 62
velocity 88
time 9
note_off 62
time 128
note_on 52
velocity 69
time 233
note_on 55
velocity 86
time 2
note_off 50
time 41
note_off 78
time 144
note_on 74
velocity 85
time 26
note_on 71
velocity 81
time 3
note_off 81
time 0
note_on 59
velocity 81
time 7
note_on 79
velocity 85
time 7
note_on 76
velocity 75
time 10
note_off 74
time 27
note_off 52
time 2
note_off 79
time 5
note_off 59
time 6
note_off 55
time 0
note_on 52
velocity 64
time 19
note_on 74
velocity 75
time 18
note_on 78
velocity 82
time 2
note_off 71
time 31
note_off 76
time 0
note_off 78
time 1
note_on 57
velocity 64
time 14
note_on 76
velocity 79
time 1
note_on 73
velocity 71
time 1
note_off 74
time 15
note_off 52
time 0
note_off 57
time 15
note_on 52
velocity 69
time 18
note_on 55
velocity 49
time 19
note_on 54
velocity 55
time 248
note_off 55
time 9
note_on 57
velocity 75
time 2
note_off 52
time 6
note_off 76
time 32
note_off 73
time 26
note_off 57
time 335
note_on 55
velocity 65
time 9
note_on 52
velocity 54
time 6
note_on 64
velocity 70
time 9
note_off 54
time 61
note_off 55
time 305
note_on 50
velocity 49
time 16
note_off 52
time 2
note_on 54
velocity 59
time 0
note_on 69
velocity 71
time 9
note_off 64
time 44
note_on 52
velocity 52
time 363
note_on 55
velocity 52
time 11
note_on 67
velocity 72
time 2
note_off 54
time 1
note_off 69
time 32
note_off 50
time 49
note_off 55
time 308
note_off 52
time 1
note_on 74
velocity 73
time 23
note_off 67
time 1
note_on 54
velocity 45
time 13
note_on 57
velocity 44
time 3
note_on 66
velocity 45
time 13
note_off 66
time 0
note_on 72
velocity 71
time 9
note_on 64
velocity 45
time 7
note_off 74
time 0
note_off 72
time 1
note_off 64
time 2
note_on 71
velocity 72
time 0
note_on 62
velocity 54
time 2
note_off 54
time 5
note_off 57
time 16
note_on 50
velocity 56
time 22
note_on 47
velocity 52
time 2
note_off 62
time 285
note_on 55
velocity 61
time 5
note_on 52
velocity 53
time 9
note_on 61
velocity 56
time 2
note_off 47
time 5
note_off 50
time 3
note_off 52
time 354
note_off 55
time 9
note_off 61
time 10
note_on 54
velocity 52
time 23
note_on 50
velocity 38
time 13
note_on 62
velocity 54
time 5
note_off 50
time 307
note_off 54
time 48
note_on 49
velocity 30
time 18
note_on 52
velocity 34
time 26
note_on 64
velocity 50
time 7
note_off 71
time 7
note_off 62
time 3
note_off 64
time 1
note_off 49
time 13
note_on 47
velocity 41
time 44
note_on 64
velocity 67
time 2
note_on 62
velocity 53
time 1
note_off 62
time 11
note_on 45
velocity 43
time 2
note_off 64
time 9
note_on 69
velocity 62
time 1
note_on 61
velocity 40
time 19
note_off 47
time 14
note_off 69
time 160
note_off 61
time 71
note_on 64
velocity 48
time 16
note_on 67
velocity 51
time 5
note_off 52
time 9
note_off 67
time 13
note_on 66
velocity 47
time 3
note_off 45
time 2
note_off 64
time 110
note_on 57
velocity 49
time 20
note_on 62
velocity 43
time 11
note_off 57
time 191
note_on 57
velocity 71
time 200
note_on 64
velocity 65
time 2
note_off 66
time 50
note_off 57
time 132
note_on 57
velocity 70
time 197
note_off 62
time 16
note_on 61
velocity 59
time 1
note_off 57
time 14
note_off 61
time 46
note_on 51
velocity 55
time 2
note_on 66
velocity 71
time 9
note_on 60
velocity 54
time 14
note_off 64
time 1
note_off 60
time 70
note_on 52
velocity 56
time 2
note_on 68
velocity 84
time 0
note_off 51
time 3
note_on 59
velocity 56
time 5
note_off 66
time 19
note_off 59
time 10
note_off 68
time 78
note_on 69
velocity 84
time 0
note_off 52
time 2
note_on 53
velocity 49
time 5
note_on 57
velocity 62
time 11
note_off 57
time 213
note_on 60
velocity 56
time 11
note_off 60
time 393
note_on 62
velocity 60
time 36
note_on 47
velocity 63
time 386
note_on 59
velocity 63
time 5
note_off 53
time 10
note_off 62
time 7
note_on 64
velocity 62
time 7
note_off 69
time 57
note_off 59
time 29
note_off 64
time 95
note_on 65
velocity 76
time 2
note_on 68
velocity 82
time 196
note_on 52
velocity 58
time 7
note_on 64
velocity 58
time 13
note_on 59
velocity 46
time 11
note_off 47
time 2
note_off 65
time 2
note_off 59
time 328
note_on 59
velocity 33
time 1
note_on 50
velocity 59
time 14
note_off 52
time 15
note_off 50
time 11
note_on 49
velocity 52
time 35
note_on 52
velocity 60
time 6
note_on 69
velocity 81
time 5
note_off 59
time 11
note_off 64
time 1
note_off 68
time 13
note_off 69
time 7
note_off 52
time 14
note_off 49
time 7
note_on 45
velocity 67
time 14
note_on 81
velocity 90
time 0
note_off 81
time 123
note_on 81
velocity 91
time 223
note_on 50
velocity 63
time 2
note_off 45
time 39
note_off 81
time 96
note_on 81
velocity 85
time 261
note_on 49
velocity 56
time 7
note_on 78
velocity 83
time 11
note_off 50
time 69
note_off 78
time 63
note_on 47
velocity 69
time 255
note_on 78
velocity 91
time 7
note_on 74
velocity 74
time 6
note_off 49
time 3
note_off 81
time 9
note_off 47
time 3
note_off 78
time 14
note_on 62
velocity 73
time 9
note_on 78
velocity 92
time 6
note_off 78
time 5
note_off 62
time 14
note_on 78
velocity 93
time 167
note_off 74
time 5
note_on 62
velocity 73
time 2
note_on 71
velocity 79
time 3
note_off 62
time 125
note_on 59
velocity 24
time 3
note_off 59
time 39
note_on 59
velocity 54
time 0
note_on 62
velocity 71
time 2
note_off 59
time 3
note_off 62
time 15
note_on 59
velocity 66
time 7
note_on 56
velocity 63
time 9
note_off 71
time 0
note_on 74
velocity 74
time 5
note_off 59
time 15
note_on 59
velocity 67
time 28
note_on 71
velocity 77
time 5
note_off 78
time 23
note_off 59
time 48
note_on 52
velocity 51
time 304
note_off 56
time 7
note_on 76
velocity 81
time 3
note_on 59
velocity 60
time 5
note_off 74
time 7
note_off 71
time 141
note_off 76
time 230
note_on 74
velocity 66
time 9
note_on 68
velocity 72
time 7
note_off 52
time 382
note_off 74
time 27
note_on 73
velocity 72
time 3
note_on 55
velocity 49
time 7
note_off 68
time 29
note_off 59
time 361
note_on 71
velocity 69
time 5
note_on 52
velocity 51
time 9
note_off 52
time 421
note_off 71
time 2
note_on 69
velocity 70
time 6
note_on 57
velocity 58
time 10
note_off 55
time 13
note_off 57
time 6
note_on 55
velocity 50
time 14
note_on 49
velocity 43
time 1
note_off 73
time 11
note_off 49
time 36
note_on 72
velocity 73
time 3
note_on 54
velocity 56
time 7
note_off 55
time 6
note_off 69
time 39
note_on 52
velocity 54
time 6
note_on 67
velocity 62
time 3
note_off 52
time 368
note_off 67
time 20
note_on 66
velocity 54
time 22
note_on 50
velocity 44
time 9
note_on 57
velocity 49
time 388
note_off 66
time 6
note_on 64
velocity 63
time 7
note_off 54
time 23
note_off 57
time 347
note_off 64
time 13
note_on 66
velocity 61
time 13
note_on 62
velocity 42
time 6
note_off 72
time 291
note_off 62
time 100
note_on 60
velocity 50
time 18
note_on 69
velocity 66
time 11
note_off 60
time 381
note_on 74
velocity 73
time 20
note_off 69
time 7
note_on 59
velocity 42
time 3
note_off 50
time 3
note_off 59
time 22
note_on 57
velocity 45
time 42
note_off 74
time 2
note_on 50
velocity 35
time 1
note_on 72
velocity 66
time 5
note_off 72
time 10
note_off 57
time 0
note_on 71
velocity 70
time 6
note_off 50
time 9
note_on 55
velocity 44
time 1
note_off 66
time 23
note_on 62
velocity 57
time 18
note_on 54
velocity 32
time 6
note_off 54
time 399
note_on 52
velocity 40
time 19
note_on 67
velocity 58
time 3
note_off 62
time 22
note_off 52
time 131
note_on 50
velocity 45
time 18
note_off 67
time 13
note_on 66
velocity 56
time 10
note_off 50
time 339
note_on 49
velocity 38
time 44
note_on 64
velocity 53
time 19
note_off 66
time 24
note_off 55
time 40
note_off 71
time 169
note_on 52
velocity 49
time 154
note_off 64
time 11
note_on 62
velocity 54
time 28
note_off 52
time 389
note_on 57
velocity 49
time 7
note_off 62
time 14
note_on 69
velocity 73
time 0
note_on 61
velocity 56
time 11
note_off 49
time 6
note_off 57
time 5
note_on 45
velocity 45
time 18
note_on 55
velocity 45
time 5
note_off 55
time 214
note_off 61
time 13
note_on 50
velocity 46
time 16
note_off 45
time 11
note_on 54
velocity 35
time 0
note_on 48
velocity 42
time 425
note_on 57
velocity 56
time 0
note_off 50
time 27
note_off 57
time 2
note_on 47
velocity 41
time 2
note_on 62
velocity 54
time 3
note_off 48
time 16
note_off 47
time 16
note_off 62
time 0
note_on 45
velocity 43
time 6
note_on 60
velocity 62
time 1
note_off 45
time 0
note_off 54
time 57
note_on 43
velocity 48
time 111
note_off 60
time 0
note_on 59
velocity 68
time 2
note_off 69
time 5
note_on 47
velocity 53
time 1
note_off 47
time 5
note_on 52
velocity 43
time 9
note_on 67
velocity 79
time 1
note_off 59
time 22
note_off 52
time 3
note_on 50
velocity 41
time 6
note_on 59
velocity 57
time 5
note_off 43
time 11
note_on 45
velocity 40
time 6
note_on 49
velocity 39
time 2
note_on 64
velocity 54
time 5
note_off 50
time 2
note_off 59
time 6
note_off 64
time 57
note_off 67
time 9
note_on 64
velocity 76
time 28
note_off 49
time 1
note_on 62
velocity 60
time 2
note_on 50
velocity 47
time 6
note_off 64
time 14
note_on 69
velocity 80
time 0
note_off 62
time 7
note_off 50
time 11
note_on 52
velocity 45
time 1
note_on 61
velocity 51
time 1
note_off 69
time 67
note_on 67
velocity 70
time 45
note_on 64
velocity 60
time 2
note_off 61
time 0
note_off 67
time 1
note_on 66
velocity 77
time 13
note_off 52
time 11
note_on 62
velocity 54
time 174
note_on 50
velocity 39
time 16
note_off 64
time 2
note_off 45
time 63
note_off 50
time 394
note_on 57
velocity 46
time 11
note_on 64
velocity 72
time 6
note_off 66
time 41
note_off 57
time 13
note_on 55
velocity 42
time 27
note_on 61
velocity 50
time 3
note_off 62
time 5
note_off 64
time 15
note_off 55
time 3
note_off 61
time 11
note_on 62
velocity 71
time 479
note_on 38
velocity 43
time 16
note_on 57
velocity 55
time 3
note_on 54
velocity 57
time 1
note_on 50
velocity 45
time 5
note_off 57
time 5
note_off 50
time 2
note_off 54
time 0
note_off 62
time 15
note_off 38
time 3
