note_on 53
velocity 33
time 1006
note_off 53
time 557
note_on 44
velocity 10
time 303
note_off 44
time 291
note_on 37
velocity 23
time 84
note_off 37
time 326
note_on 44
velocity 29
time 11
note_off 44
time 264
note_on 37
velocity 24
time 49
note_off 37
time 225
note_on 44
velocity 10
time 108
note_off 44
time 88
note_on 53
velocity 28
time 208
note_off 53
time 196
note_on 44
velocity 26
time 130
note_off 44
time 178
note_on 37
velocity 29
time 127
note_off 37
time 259
note_on 44
velocity 12
time 44
note_off 44
time 240
note_on 37
velocity 20
time 53
note_off 37
time 273
note_on 44
velocity 23
time 71
note_off 44
time 222
note_on 53
velocity 28
time 156
note_off 53
time 236
note_on 44
velocity 22
time 268
note_off 44
time 226
note_on 37
velocity 32
time 79
note_on 44
velocity 19
time 433
note_on 56
velocity 54
time 50
note_off 37
time 29
note_on 37
velocity 23
time 321
note_off 44
time 3
note_off 37
time 89
note_on 44
velocity 33
time 177
note_on 54
velocity 35
time 373
note_on 61
velocity 63
time 40
note_on 58
velocity 49
time 26
note_off 44
time 61
note_off 54
time 210
note_on 44
velocity 27
time 151
note_off 44
time 179
note_on 37
velocity 35
time 76
note_off 58
time 221
note_on 44
velocity 37
time 59
note_off 37
time 15
note_off 44
time 300
note_on 37
velocity 27
time 9
note_on 65
velocity 59
time 236
note_on 60
velocity 44
time 31
note_off 37
time 10
note_on 44
velocity 32
time 121
note_off 61
time 79
note_off 56
time 72
note_off 65
time 66
note_off 44
time 5
note_on 53
velocity 32
time 279
note_on 65
velocity 48
time 10
note_on 56
velocity 39
time 13
note_on 61
velocity 42
time 1
note_off 60
time 11
note_off 53
time 15
note_on 44
velocity 24
time 127
note_off 44
time 118
note_on 37
velocity 30
time 149
note_off 37
time 260
note_on 44
velocity 30
time 33
note_off 44
time 263
note_on 37
velocity 21
time 27
note_off 37
time 236
note_on 44
velocity 30
time 57
note_off 44
time 174
note_on 53
velocity 37
time 127
note_off 53
time 148
note_off 56
time 179
note_on 44
velocity 27
time 7
note_off 44
time 214
note_on 37
velocity 31
time 54
note_off 37
time 299
note_on 44
velocity 35
time 0
note_off 61
time 24
note_off 44
time 244
note_on 37
velocity 36
time 14
note_off 37
time 227
note_on 44
velocity 42
time 50
note_off 44
time 199
note_off 65
time 22
note_on 53
velocity 44
time 113
note_on 44
velocity 47
time 14
note_off 53
time 5
note_off 44
time 144
note_on 37
velocity 50
time 39
note_on 66
velocity 74
time 324
note_on 44
velocity 35
time 16
note_on 63
velocity 57
time 3
note_off 37
time 45
note_on 37
velocity 44
time 229
note_off 44
time 24
note_on 44
velocity 47
time 290
note_off 37
time 3
note_off 66
time 7
note_on 51
velocity 35
time 441
note_on 66
velocity 45
time 27
note_on 70
velocity 61
time 13
note_on 60
velocity 45
time 16
note_off 44
time 15
note_off 63
time 11
note_on 44
velocity 29
time 76
note_off 60
time 89
note_off 44
time 200
note_on 37
velocity 28
time 3
note_off 66
time 61
note_off 37
time 221
note_on 44
velocity 32
time 27
note_on 37
velocity 26
time 332
note_off 44
time 11
note_off 37
time 352
note_on 68
velocity 43
time 20
note_on 65
velocity 42
time 19
note_off 51
time 31
note_on 44
velocity 21
time 23
note_off 70
time 151
note_off 44
time 78
note_off 65
time 9
note_off 68
time 3
note_on 53
velocity 30
time 14
note_on 68
velocity 47
time 18
note_on 65
velocity 29
time 10
note_on 61
velocity 36
time 0
note_off 53
time 16
note_on 44
velocity 18
time 55
note_off 44
time 204
note_on 37
velocity 32
time 69
note_off 37
time 252
note_on 44
velocity 19
time 58
note_off 44
time 244
note_on 37
velocity 31
time 31
note_off 37
time 170
note_on 44
velocity 26
time 127
note_off 44
time 242
note_on 53
velocity 39
time 53
note_off 53
time 139
note_on 44
velocity 33
time 199
note_off 44
time 216
note_on 37
velocity 35
time 49
note_on 44
velocity 35
time 264
note_off 37
time 2
note_off 61
time 18
note_off 65
time 121
note_on 37
velocity 39
time 130
note_off 44
time 1
note_off 37
time 250
note_on 44
velocity 40
time 59
note_off 44
time 184
note_off 68
time 0
note_on 53
velocity 46
time 5
note_off 53
time 16
note_on 44
velocity 47
time 1
note_off 44
time 200
note_on 37
velocity 48
time 32
note_on 44
velocity 33
time 365
note_off 37
time 11
note_on 68
velocity 77
time 40
note_on 65
velocity 57
time 19
note_on 37
velocity 42
time 312
note_off 44
time 1
note_off 37
time 268
note_on 44
velocity 55
time 3
note_off 44
time 148
note_on 56
velocity 60
time 212
note_off 65
time 191
note_off 56
time 109
note_on 44
velocity 48
time 123
note_off 68
time 131
note_off 44
time 126
note_on 37
velocity 55
time 14
note_on 66
velocity 73
time 260
note_on 44
velocity 38
time 32
note_on 63
velocity 54
time 3
note_off 37
time 32
note_off 63
time 266
note_on 37
velocity 44
time 6
note_off 44
time 24
note_off 37
time 162
note_on 44
velocity 40
time 179
note_on 65
velocity 79
time 10
note_on 61
velocity 67
time 24
note_off 66
time 91
note_off 61
time 109
note_off 65
time 22
note_off 44
time 52
note_on 53
velocity 45
time 7
note_on 65
velocity 70
time 63
note_on 61
velocity 55
time 14
note_off 53
time 11
note_on 44
velocity 45
time 9
note_off 44
time 244
note_on 37
velocity 44
time 9
note_on 44
velocity 37
time 5
note_on 63
velocity 63
time 6
note_on 59
velocity 53
time 2
note_off 37
time 18
note_off 61
time 18
note_off 65
time 16
note_on 37
velocity 33
time 11
note_off 44
time 7
note_off 37
time 53
note_on 44
velocity 33
time 18
note_off 44
time 144
note_on 53
velocity 40
time 130
note_off 53
time 76
note_on 44
velocity 34
time 217
note_off 44
time 270
note_on 37
velocity 34
time 27
note_on 65
velocity 51
time 261
note_on 61
velocity 40
time 29
note_off 37
time 7
note_on 44
velocity 28
time 19
note_off 59
time 170
note_off 63
time 3
note_off 44
time 80
note_on 37
velocity 28
time 20
note_off 61
time 98
note_off 37
time 89
note_on 44
velocity 26
time 145
note_off 44
time 160
note_on 53
velocity 33
time 305
note_on 61
velocity 40
time 7
note_on 58
velocity 33
time 1
note_off 65
time 3
note_off 53
time 0
note_on 46
velocity 27
time 41
note_on 63
velocity 41
time 78
note_on 60
velocity 33
time 29
note_off 61
time 20
note_off 58
time 42
note_off 46
time 39
note_on 37
velocity 29
time 14
note_on 65
velocity 44
time 15
note_off 63
time 10
note_on 61
velocity 35
time 3
note_off 60
time 6
note_off 37
time 3
note_on 46
velocity 23
time 11
note_off 46
time 2
note_on 37
velocity 34
time 14
note_off 37
time 194
note_on 46
velocity 29
time 66
note_on 53
velocity 39
time 287
note_off 46
time 82
note_off 53
time 138
note_on 46
velocity 29
time 108
note_off 46
time 231
note_on 37
velocity 31
time 48
note_on 46
velocity 40
time 257
note_off 37
time 14
note_on 37
velocity 41
time 250
note_off 46
time 31
note_off 61
time 39
note_off 37
time 175
note_on 46
velocity 48
time 36
note_off 65
time 389
note_on 54
velocity 53
time 3
note_off 46
time 14
note_on 46
velocity 39
time 16
note_off 54
time 13
note_on 37
velocity 44
time 227
note_off 46
time 3
note_on 46
velocity 35
time 348
note_on 61
velocity 69
time 27
note_on 58
velocity 55
time 22
note_off 37
time 5
note_on 37
velocity 43
time 255
note_off 46
time 36
note_off 37
time 134
note_on 46
velocity 58
time 96
note_on 54
velocity 48
time 290
note_on 63
velocity 76
time 9
note_on 59
velocity 65
time 0
note_off 46
time 6
note_off 58
time 1
note_off 61
time 1
note_on 45
velocity 47
time 7
note_off 54
time 16
note_off 45
time 190
note_on 37
velocity 50
time 2
note_on 60
velocity 53
time 16
note_on 44
velocity 36
time 11
note_off 37
time 0
note_off 59
time 11
note_on 37
velocity 30
time 2
note_off 44
time 14
note_off 37
time 209
note_on 44
velocity 27
time 15
note_on 61
velocity 52
time 44
note_off 61
time 252
note_off 63
time 18
note_off 44
time 89
note_on 53
velocity 34
time 87
note_on 61
velocity 60
time 13
note_off 60
time 15
note_off 53
time 19
note_on 44
velocity 32
time 18
note_off 44
time 199
note_on 37
velocity 38
time 53
note_on 44
velocity 35
time 265
note_on 60
velocity 57
time 35
note_off 37
time 11
note_off 61
time 218
note_on 37
velocity 32
time 44
note_off 44
time 31
note_off 37
time 212
note_on 44
velocity 36
time 15
note_on 52
velocity 39
time 13
note_off 44
time 9
note_on 44
velocity 13
time 19
note_off 52
time 10
note_off 44
time 113
note_on 37
velocity 30
time 57
note_off 37
time 247
note_on 44
velocity 26
time 40
note_on 58
velocity 45
time 27
note_on 37
velocity 28
time 257
note_off 44
time 1
note_off 60
time 93
note_off 37
time 125
note_on 44
velocity 27
time 44
note_off 44
time 200
note_on 53
velocity 40
time 15
note_on 44
velocity 38
time 7
note_off 53
time 5
note_off 44
time 183
note_on 37
velocity 39
time 58
note_on 44
velocity 30
time 363
note_on 56
velocity 59
time 46
note_off 37
time 6
note_on 37
velocity 41
time 277
note_off 44
time 45
note_off 58
time 135
note_off 37
time 32
note_on 44
velocity 50
time 41
note_on 54
velocity 46
time 348
note_on 61
velocity 71
time 48
note_on 58
velocity 56
time 27
note_off 44
time 63
note_on 44
velocity 49
time 265
note_off 54
time 0
note_on 37
velocity 54
time 261
note_off 44
time 15
note_off 58
time 171
note_on 44
velocity 51
time 71
note_off 37
time 53
note_on 37
velocity 42
time 220
note_off 44
time 18
note_on 66
velocity 78
time 95
note_on 60
velocity 64
time 39
note_off 61
time 111
note_off 37
time 15
note_on 44
velocity 44
time 9
note_off 56
time 87
note_off 60
time 18
note_off 44
time 151
note_on 53
velocity 46
time 123
note_on 65
velocity 71
time 23
note_on 61
velocity 54
time 50
note_on 56
velocity 50
time 11
note_off 66
time 11
note_off 53
time 41
note_on 44
velocity 39
time 2
note_off 44
time 210
note_on 37
velocity 44
time 57
note_on 44
velocity 49
time 255
note_off 37
time 20
note_off 44
time 236
note_on 37
velocity 43
time 28
note_off 37
time 148
note_on 44
velocity 39
time 135
note_off 44
time 255
note_on 53
velocity 49
time 58
note_off 56
time 44
note_off 53
time 165
note_off 61
time 85
note_on 44
velocity 32
time 140
note_off 44
time 217
note_on 37
velocity 39
time 48
note_on 44
velocity 32
time 251
note_off 37
time 20
note_on 63
velocity 65
time 6
note_on 60
velocity 54
time 9
note_off 65
time 203
note_on 37
velocity 46
time 58
note_off 44
time 20
note_off 60
time 102
note_off 37
time 42
note_on 44
velocity 50
time 66
note_off 44
time 231
note_on 65
velocity 75
time 15
note_on 53
velocity 51
time 9
note_on 61
velocity 60
time 9
note_on 56
velocity 55
time 33
note_off 63
time 15
note_off 53
time 0
note_on 44
velocity 58
time 7
note_on 37
velocity 63
time 246
note_off 44
time 23
note_on 66
velocity 90
time 190
note_on 44
velocity 55
time 10
note_on 63
velocity 66
time 2
note_off 65
time 75
note_off 37
time 10
note_off 56
time 104
note_on 37
velocity 61
time 62
note_off 44
time 54
note_off 61
time 22
note_off 63
time 2
note_off 66
time 177
note_on 44
velocity 65
time 11
note_off 37
time 5
note_on 54
velocity 56
time 308
note_on 68
velocity 83
time 61
note_on 65
velocity 59
time 18
note_on 60
velocity 61
time 15
note_off 44
time 13
note_on 44
velocity 42
time 117
note_off 54
time 26
note_on 70
velocity 88
time 83
note_on 66
velocity 66
time 18
note_off 68
time 85
note_on 37
velocity 57
time 122
note_off 44
time 9
note_off 65
time 72
note_on 44
velocity 55
time 191
note_off 37
time 10
note_off 60
time 171
note_on 37
velocity 44
time 169
note_off 66
time 69
note_off 44
time 9
note_off 37
time 157
note_on 44
velocity 21
time 191
note_on 68
velocity 71
time 49
note_on 65
velocity 50
time 27
note_off 70
time 127
note_off 68
time 140
note_off 65
time 24
note_on 53
velocity 38
time 89
note_off 44
time 13
note_on 68
velocity 64
time 36
note_on 65
velocity 46
time 6
note_on 61
velocity 41
time 13
note_off 53
time 70
note_on 44
velocity 22
time 114
note_off 44
time 203
note_on 37
velocity 34
time 54
note_off 37
time 268
note_on 44
velocity 36
time 0
note_off 44
time 250
note_on 37
velocity 33
time 16
note_off 37
time 205
note_on 44
velocity 35
time 92
note_off 44
time 229
note_on 53
velocity 41
time 42
note_off 53
time 248
note_off 61
time 70
note_on 44
velocity 32
time 45
note_off 65
time 26
note_off 44
time 220
note_on 37
velocity 47
time 15
note_on 44
velocity 33
time 243
note_on 65
velocity 68
time 48
note_off 37
time 10
note_on 61
velocity 53
time 18
note_off 68
time 119
note_on 37
velocity 46
time 88
note_off 65
time 16
note_off 44
time 14
note_on 66
velocity 88
time 104
note_on 63
velocity 69
time 27
note_off 37
time 32
note_off 61
time 13
note_on 44
velocity 58
time 61
note_off 44
time 158
note_on 53
velocity 57
time 96
note_on 68
velocity 85
time 29
note_on 65
velocity 66
time 2
note_off 63
time 27
note_on 61
velocity 68
time 1
note_off 66
time 10
note_on 44
velocity 58
time 13
note_off 53
time 2
note_off 65
time 203
note_on 37
velocity 65
time 29
note_off 44
time 11
note_off 68
time 14
note_on 44
velocity 50
time 311
note_on 70
velocity 88
time 45
note_on 66
velocity 57
time 42
note_off 37
time 11
note_on 37
velocity 57
time 252
note_off 44
time 5
note_off 37
time 213
note_on 44
velocity 66
time 32
note_off 44
time 136
note_on 56
velocity 66
time 156
note_off 66
time 177
note_off 56
time 63
note_off 70
time 18
note_on 44
velocity 49
time 123
note_on 68
velocity 82
time 139
note_on 65
velocity 58
time 15
note_off 44
time 102
note_off 65
time 35
note_on 37
velocity 48
time 2
note_off 37
time 236
note_on 66
velocity 83
time 1
note_on 44
velocity 44
time 6
note_on 63
velocity 67
time 33
note_off 68
time 80
note_off 44
time 221
note_off 61
time 6
note_on 37
velocity 45
time 3
note_off 37
time 166
note_on 44
velocity 34
time 214
note_on 65
velocity 72
time 29
note_on 61
velocity 61
time 23
note_off 63
time 15
note_off 66
time 35
note_off 65
time 126
note_off 61
time 37
note_off 44
time 67
note_on 53
velocity 40
time 33
note_on 65
velocity 65
time 49
note_on 61
velocity 59
time 26
note_off 53
time 5
note_on 44
velocity 36
time 2
note_off 44
time 253
note_on 37
velocity 39
time 14
note_on 63
velocity 61
time 278
note_on 44
velocity 36
time 9
note_on 59
velocity 54
time 2
note_off 37
time 40
note_off 61
time 13
note_off 65
time 2
note_on 37
velocity 41
time 50
note_off 44
time 14
note_on 44
velocity 55
time 93
note_off 37
time 23
note_off 44
time 252
note_on 53
velocity 55
time 0
note_off 53
time 240
note_on 44
velocity 53
time 45
note_on 65
velocity 71
time 106
note_on 61
velocity 65
time 18
note_off 63
time 119
note_off 59
time 23
note_on 37
velocity 50
time 2
note_off 44
time 0
note_on 45
velocity 38
time 2
note_on 63
velocity 51
time 19
note_off 37
time 11
note_on 59
velocity 39
time 2
note_off 61
time 16
note_off 65
time 1
note_on 37
velocity 30
time 20
note_off 45
time 5
note_on 65
velocity 51
time 18
note_on 61
velocity 46
time 6
note_off 59
time 5
note_off 63
time 39
note_off 37
time 3
note_on 45
velocity 35
time 3
note_off 61
time 14
note_off 45
time 145
note_on 53
velocity 32
time 15
note_on 61
velocity 44
time 3
note_on 58
velocity 35
time 6
note_off 65
time 18
note_off 53
time 11
note_on 46
velocity 18
time 42
note_on 63
velocity 46
time 84
note_on 60
velocity 24
time 41
note_off 58
time 66
note_off 61
time 3
note_off 46
time 3
note_on 37
velocity 27
time 105
note_on 65
velocity 43
time 0
note_on 61
velocity 39
time 13
note_on 46
velocity 33
time 13
note_off 60
time 5
note_off 37
time 2
note_off 63
time 0
note_on 37
velocity 28
time 14
note_off 46
time 6
note_off 37
time 201
note_on 46
velocity 32
time 58
note_on 53
velocity 42
time 278
note_off 46
time 44
note_off 61
time 140
note_off 53
time 59
note_on 46
velocity 39
time 65
note_off 46
time 251
note_on 37
velocity 37
time 23
note_on 46
velocity 34
time 317
note_off 37
time 57
note_on 63
velocity 53
time 24
note_on 60
velocity 42
time 40
note_off 65
time 227
note_on 37
velocity 39
time 118
note_off 46
time 33
note_off 60
time 66
note_off 37
time 76
note_on 61
velocity 75
time 135
note_on 46
velocity 40
time 20
note_on 58
velocity 52
time 26
note_off 63
time 16
note_off 58
time 177
note_off 61
time 22
note_on 54
velocity 51
time 98
note_on 61
velocity 70
time 14
note_on 58
velocity 59
time 10
note_off 46
time 0
note_on 46
velocity 54
time 19
note_off 54
time 11
note_off 58
time 130
note_on 37
velocity 62
time 67
note_off 46
time 14
note_on 45
velocity 50
time 250
note_on 63
velocity 71
time 18
note_on 59
velocity 62
time 7
note_off 37
time 13
note_off 61
time 7
note_on 37
velocity 42
time 6
note_off 45
time 0
note_off 37
time 15
note_on 45
velocity 41
time 96
note_on 60
velocity 41
time 15
note_on 54
velocity 35
time 1
note_off 45
time 2
note_off 59
time 3
note_on 44
velocity 30
time 9
note_off 54
time 2
note_off 44
time 147
note_on 37
velocity 28
time 85
note_off 37
time 256
note_on 65
velocity 41
time 26
note_on 44
velocity 17
time 55
note_off 60
time 252
note_off 44
time 11
note_on 37
velocity 20
time 67
note_off 37
time 263
note_off 65
time 83
note_on 61
velocity 41
time 87
note_on 44
velocity 5
time 72
note_off 63
time 157
note_off 44
time 59
note_off 61
time 65
note_on 53
velocity 32
time 14
note_on 61
velocity 34
time 10
note_off 53
time 10
note_on 44
velocity 16
time 131
note_off 44
time 179
note_on 37
velocity 27
time 91
note_off 37
time 261
note_on 44
velocity 31
time 29
note_off 44
time 235
note_on 37
velocity 30
time 45
note_off 37
time 139
note_on 44
velocity 18
time 161
note_off 44
time 178
note_on 53
velocity 34
time 130
note_off 53
time 138
note_on 44
velocity 12
time 216
note_off 44
time 115
note_off 61
time 31
note_on 37
velocity 27
time 88
note_off 37
time 252
note_on 44
velocity 29
time 5
note_off 44
time 260
note_on 37
velocity 23
time 24
note_off 37
time 123
note_on 44
velocity 32
time 175
note_off 44
time 177
note_on 53
velocity 35
time 199
note_off 53
time 85
note_on 44
velocity 27
time 37
note_on 61
velocity 66
time 186
note_off 44
time 78
note_on 37
velocity 32
time 106
note_on 44
velocity 32
time 273
note_off 37
time 10
note_on 70
velocity 69
time 23
note_on 66
velocity 50
time 37
note_off 66
time 108
note_off 44
time 126
note_on 37
velocity 39
time 13
note_on 68
velocity 84
time 106
note_on 65
velocity 67
time 29
note_off 37
time 15
note_off 70
time 49
note_on 44
velocity 49
time 39
note_off 65
time 70
note_off 68
time 28
note_off 44
time 42
note_on 68
velocity 81
time 75
note_on 53
velocity 46
time 15
note_on 65
velocity 64
time 1
note_off 53
time 7
note_on 44
velocity 48
time 16
note_off 65
time 149
note_off 44
time 26
note_off 68
time 11
note_on 37
velocity 49
time 39
note_off 37
time 266
note_on 66
velocity 68
time 7
note_on 44
velocity 33
time 10
note_on 63
velocity 53
time 22
note_off 61
time 95
note_off 63
time 54
note_off 44
time 117
note_on 37
velocity 39
time 16
note_off 37
time 105
note_on 65
velocity 63
time 208
note_on 61
velocity 56
time 23
note_on 44
velocity 36
time 7
note_off 66
time 32
note_off 65
time 154
note_off 44
time 6
note_off 61
time 5
note_on 53
velocity 38
time 1
note_on 65
velocity 41
time 0
note_on 61
velocity 41
time 10
note_off 65
time 1
note_off 53
time 11
note_off 61
time 52
note_on 45
velocity 33
time 0
note_on 60
velocity 49
time 14
note_on 63
velocity 43
time 3
note_off 60
time 2
note_off 45
time 5
note_off 63
time 5
note_on 65
velocity 43
time 2
note_on 61
velocity 39
time 5
note_on 37
velocity 28
time 7
note_on 45
velocity 34
time 13
note_off 37
time 5
note_off 45
time 15
note_on 37
velocity 30
time 10
note_off 37
time 158
note_on 45
velocity 39
time 10
note_off 65
time 40
note_off 45
time 95
note_off 61
time 75
note_on 53
velocity 48
time 9
note_on 44
velocity 48
time 13
note_off 53
time 5
note_on 61
velocity 77
time 46
note_off 44
time 122
note_on 37
velocity 46
time 52
note_on 44
velocity 40
time 304
note_on 68
velocity 75
time 0
note_on 65
velocity 55
time 19
note_off 37
time 14
note_on 70
velocity 86
time 263
note_on 66
velocity 66
time 2
note_on 37
velocity 47
time 5
note_off 44
time 6
note_off 65
time 16
note_off 68
time 26
note_off 66
time 37
note_off 37
time 44
note_on 68
velocity 88
time 106
note_on 44
velocity 53
time 18
note_on 65
velocity 74
time 2
note_off 70
time 54
note_off 44
time 75
note_off 65
time 18
note_off 68
time 7
note_on 53
velocity 47
time 79
note_on 68
velocity 78
time 33
note_on 65
velocity 66
time 14
note_off 53
time 10
note_on 44
velocity 54
time 13
note_off 65
time 83
note_off 68
time 1
note_off 44
time 101
note_on 37
velocity 62
time 5
note_on 66
velocity 69
time 244
note_on 44
velocity 40
time 23
note_on 63
velocity 52
time 14
note_off 37
time 24
note_off 63
time 41
note_off 61
time 9
note_off 44
time 157
note_on 65
velocity 84
time 2
note_on 61
velocity 78
time 9
note_on 37
velocity 45
time 5
note_off 66
time 50
note_off 37
time 57
note_on 63
velocity 83
time 104
note_on 44
velocity 45
time 5
note_on 60
velocity 74
time 2
note_off 61
time 36
note_off 65
time 6
note_on 53
velocity 47
time 186
note_on 65
velocity 66
time 1
note_off 44
time 11
note_on 61
velocity 63
time 0
note_off 63
time 14
note_off 60
time 11
note_off 53
time 14
note_on 45
velocity 40
time 10
note_on 63
velocity 57
time 183
note_off 61
time 7
note_on 60
velocity 42
time 20
note_off 45
time 13
note_off 65
time 16
note_on 37
velocity 38
time 7
note_on 45
velocity 34
time 3
note_on 65
velocity 48
time 7
note_on 61
velocity 38
time 9
note_off 37
time 6
note_off 60
time 3
note_off 63
time 5
note_off 45
time 6
note_on 37
velocity 31
time 3
note_off 37
time 157
note_on 45
velocity 40
time 0
note_off 65
time 55
note_off 61
time 59
note_off 45
time 3
note_on 53
velocity 48
time 174
note_on 44
velocity 39
time 14
note_off 53
time 0
note_on 56
velocity 58
time 42
note_off 44
time 152
note_on 37
velocity 41
time 50
note_on 44
velocity 32
time 277
note_off 37
time 9
note_on 61
velocity 65
time 3
note_on 58
velocity 50
time 22
note_on 37
velocity 48
time 296
note_off 44
time 27
note_off 58
time 11
note_off 61
time 15
note_off 37
time 197
note_on 65
velocity 80
time 20
note_on 60
velocity 64
time 20
note_on 44
velocity 48
time 11
note_off 56
time 143
note_off 65
time 24
note_off 44
time 65
note_on 53
velocity 55
time 41
note_on 65
velocity 89
time 24
note_on 61
velocity 65
time 13
note_on 56
velocity 70
time 3
note_off 60
time 36
note_off 53
time 11
note_on 44
velocity 64
time 2
note_off 56
time 69
note_off 61
time 24
note_off 65
time 45
note_on 37
velocity 71
time 95
note_off 44
time 37
note_on 44
velocity 63
time 242
note_on 68
velocity 88
time 1
note_on 65
velocity 70
time 15
note_on 60
velocity 74
time 10
note_off 37
time 70
note_on 37
velocity 72
time 177
note_off 44
time 35
note_off 60
time 32
note_off 65
time 33
note_off 68
time 62
note_on 73
velocity 92
time 98
note_on 65
velocity 70
time 11
note_on 44
velocity 69
time 7
note_off 37
time 23
note_off 73
time 95
note_off 65
time 19
note_on 59
velocity 89
time 42
note_off 59
time 145
note_on 53
velocity 75
time 39
note_off 44
time 35
note_on 73
velocity 86
time 79
note_on 65
velocity 70
time 14
note_on 44
velocity 70
time 44
note_off 53
time 3
note_on 37
velocity 76
time 256
note_off 44
time 42
note_on 45
velocity 80
time 201
note_off 37
time 58
note_on 37
velocity 79
time 197
note_off 45
time 76
note_on 45
velocity 82
time 216
note_off 37
time 45
note_off 65
time 62
note_on 54
velocity 81
time 295
note_off 73
time 63
note_off 45
time 45
note_on 46
velocity 72
time 0
note_off 54
time 16
note_on 66
velocity 88
time 36
note_on 61
velocity 80
time 7
note_on 37
velocity 65
time 167
note_off 46
time 3
note_on 46
velocity 64
time 269
note_on 75
velocity 90
time 37
note_on 71
velocity 71
time 2
note_off 37
time 66
note_off 71
time 180
note_off 75
time 7
note_on 37
velocity 62
time 19
note_off 46
time 45
note_on 73
velocity 97
time 72
note_on 70
velocity 75
time 23
note_off 37
time 85
note_on 46
velocity 66
time 28
note_off 73
time 123
note_off 70
time 6
note_on 73
velocity 97
time 111
note_on 54
velocity 66
time 15
note_on 70
velocity 77
time 10
note_off 46
time 15
note_on 46
velocity 71
time 9
note_off 54
time 19
note_on 37
velocity 73
time 182
note_off 73
time 33
note_off 70
time 16
note_off 46
time 29
note_on 71
velocity 86
time 174
note_on 46
velocity 60
time 1
note_on 68
velocity 65
time 39
note_off 37
time 37
note_off 66
time 10
note_on 37
velocity 62
time 209
note_off 46
time 29
note_off 68
time 1
note_on 46
velocity 46
time 338
note_on 70
velocity 76
time 1
note_on 66
velocity 60
time 36
note_off 71
time 45
note_off 61
time 52
note_off 70
time 85
note_off 66
time 53
note_off 37
time 23
note_on 50
velocity 44
time 42
note_on 70
velocity 52
time 6
note_off 46
time 10
note_on 58
velocity 50
time 3
note_on 66
velocity 50
time 1
note_off 70
time 7
note_off 66
time 1
note_on 46
velocity 44
time 2
note_on 68
velocity 58
time 1
note_on 65
velocity 50
time 16
note_on 70
velocity 55
time 24
note_on 37
velocity 38
time 13
note_off 65
time 5
note_on 66
velocity 47
time 0
note_off 68
time 3
note_off 46
time 7
note_on 46
velocity 44
time 11
note_off 37
time 32
note_on 37
velocity 50
time 7
note_off 58
time 9
note_off 46
time 3
note_off 66
time 194
note_on 46
velocity 63
time 1
note_off 50
time 26
note_on 49
velocity 63
time 251
note_off 37
time 1
note_off 46
time 7
note_on 46
velocity 63
time 18
note_on 66
velocity 81
time 2
note_on 61
velocity 71
time 16
note_off 70
time 18
note_on 37
velocity 63
time 65
note_off 46
time 28
note_off 61
time 27
note_off 66
time 37
note_on 46
velocity 55
time 214
note_on 73
velocity 83
time 50
note_on 70
velocity 71
time 19
note_off 37
time 122
note_on 37
velocity 58
time 187
note_on 75
velocity 91
time 1
note_on 71
velocity 80
time 16
note_off 70
time 28
note_off 73
time 10
note_off 46
time 23
note_off 49
time 28
note_off 71
time 5
note_off 37
time 41
note_on 73
velocity 88
time 74
note_on 46
velocity 70
time 10
note_on 70
velocity 85
time 10
note_off 75
time 31
note_off 70
time 65
note_off 73
time 15
note_on 54
velocity 63
time 113
note_on 73
velocity 75
time 39
note_on 70
velocity 65
time 15
note_off 46
time 26
note_off 70
time 48
note_on 71
velocity 89
time 184
note_on 68
velocity 85
time 13
note_on 46
velocity 67
time 3
note_off 54
time 9
note_off 73
time 15
note_on 73
velocity 93
time 164
note_off 71
time 6
note_on 70
velocity 80
time 7
note_on 37
velocity 68
time 7
note_off 46
time 16
note_off 68
time 11
note_off 70
time 63
note_on 46
velocity 59
time 110
note_on 71
velocity 87
time 41
note_on 68
velocity 76
time 22
note_off 73
time 46
note_off 37
time 3
note_on 37
velocity 54
time 9
note_off 46
time 7
note_off 68
time 31
note_on 70
velocity 80
time 174
note_on 46
velocity 43
time 7
note_on 66
velocity 68
time 13
note_off 71
time 37
note_off 70
time 153
note_off 66
time 20
note_off 37
time 61
note_on 50
velocity 44
time 83
note_on 70
velocity 58
time 50
note_on 58
velocity 51
time 15
note_on 66
velocity 47
time 5
note_off 46
time 6
note_on 68
velocity 63
time 6
note_off 66
time 2
note_off 70
time 9
note_on 65
velocity 53
time 7
note_on 46
velocity 41
time 6
note_off 68
time 18
note_on 70
velocity 53
time 3
note_on 66
velocity 48
time 1
note_off 65
time 1
note_on 37
velocity 39
time 23
note_off 46
time 3
note_on 46
velocity 48
time 1
note_off 37
time 9
note_on 37
velocity 44
time 14
note_off 46
time 0
note_off 58
time 122
note_on 46
velocity 54
time 26
note_off 50
time 45
note_off 66
time 100
note_off 37
time 108
note_on 49
velocity 60
time 31
note_off 70
time 0
note_off 46
time 7
note_on 46
velocity 49
time 7
note_on 66
velocity 66
time 45
note_on 58
velocity 49
time 39
note_on 37
velocity 50
time 97
note_off 46
time 3
note_off 58
time 85
note_on 70
velocity 87
time 127
note_on 46
velocity 56
time 15
note_off 37
time 42
note_off 66
time 9
note_off 70
time 194
note_on 37
velocity 70
time 11
note_off 46
time 32
note_on 73
velocity 95
time 83
note_on 46
velocity 85
time 114
note_off 49
time 7
note_off 37
time 9
note_off 73
time 54
note_on 73
velocity 85
time 217
note_on 53
velocity 84
time 11
note_on 58
velocity 64
time 23
note_on 65
velocity 61
time 6
note_off 46
time 3
note_on 59
velocity 11
time 18
note_off 59
time 44
note_on 46
velocity 80
time 41
note_off 53
time 23
note_off 58
time 6
note_off 65
time 122
note_off 73
time 106
note_on 37
velocity 81
time 1
note_off 46
time 35
note_on 46
velocity 84
time 212
note_on 77
velocity 97
time 11
note_off 37
time 31
note_on 37
velocity 85
time 265
note_off 46
time 42
note_on 46
velocity 87
time 281
note_off 37
time 44
note_on 82
velocity 105
time 27
note_off 77
time 54
note_off 82
time 78
note_on 52
velocity 91
time 154
note_off 46
time 49
note_on 54
velocity 85
time 36
note_on 58
velocity 85
time 18
note_off 54
time 15
note_on 64
velocity 77
time 84
note_off 58
time 19
note_off 64
time 40
note_on 70
velocity 97
time 83
note_on 46
velocity 76
time 195
note_off 52
time 41
note_on 82
velocity 101
time 63
note_on 37
velocity 66
time 256
note_off 46
time 50
note_on 46
velocity 68
time 230
note_off 37
time 62
note_on 37
velocity 65
time 179
note_off 46
time 67
note_on 46
velocity 67
time 196
note_off 37
time 29
note_on 52
velocity 68
time 236
note_off 46
time 16
note_on 46
velocity 59
time 2
note_off 52
time 3
note_on 37
velocity 60
time 6
note_off 46
time 5
note_on 46
velocity 44
time 2
note_off 37
time 6
note_on 37
velocity 50
time 15
note_off 46
time 36
note_on 46
velocity 51
time 70
note_off 37
time 40
note_off 70
time 177
note_off 82
time 44
note_on 54
velocity 54
time 16
note_off 46
time 1
note_on 45
velocity 40
time 6
note_off 54
time 16
note_on 69
velocity 53
time 157
note_off 45
time 61
note_on 37
velocity 38
time 1
note_on 45
velocity 26
time 381
note_off 37
time 24
note_on 81
velocity 60
time 22
note_on 78
velocity 48
time 23
note_off 78
time 88
note_off 81
time 62
note_off 45
time 139
note_on 83
velocity 76
time 37
note_on 37
velocity 39
time 22
note_on 80
velocity 59
time 6
note_off 80
time 59
note_off 83
time 15
note_off 37
time 102
note_on 81
velocity 82
time 33
note_on 78
velocity 67
time 31
note_on 45
velocity 45
time 1
note_off 78
time 84
note_off 81
time 26
note_on 81
velocity 83
time 130
note_on 54
velocity 51
time 13
note_on 78
velocity 62
time 13
note_off 45
time 50
note_off 78
time 153
note_off 81
time 32
note_on 45
velocity 56
time 1
note_off 54
time 31
note_on 74
velocity 80
time 222
note_on 37
velocity 50
time 16
note_off 45
time 11
note_on 71
velocity 66
time 3
note_off 69
time 50
note_on 45
velocity 64
time 184
note_off 37
time 14
note_off 71
time 117
note_on 37
velocity 57
time 118
note_off 45
time 54
note_on 73
velocity 86
time 217
note_off 37
time 10
note_on 45
velocity 49
time 9
note_on 69
velocity 70
time 1
note_off 74
time 114
note_off 69
time 130
note_off 73
time 11
note_on 54
velocity 51
time 88
note_on 72
velocity 76
time 69
note_off 45
time 5
note_on 69
velocity 60
time 9
note_on 68
velocity 75
time 74
note_off 54
time 3
note_on 65
velocity 58
time 7
note_on 44
velocity 45
time 15
note_off 65
time 85
note_off 68
time 11
note_off 69
time 26
note_on 66
velocity 80
time 91
note_on 63
velocity 66
time 31
note_on 37
velocity 46
time 10
note_off 44
time 10
note_off 72
time 15
note_off 63
time 75
note_off 66
time 6
note_on 66
velocity 66
time 2
note_on 44
velocity 39
time 10
note_on 63
velocity 60
time 6
note_off 37
time 19
note_on 37
velocity 42
time 18
note_off 44
time 3
note_off 37
time 131
note_on 44
velocity 46
time 62
note_off 63
time 57
note_off 44
time 169
note_on 54
velocity 49
time 35
note_off 54
time 196
note_on 44
velocity 36
time 128
note_off 44
time 188
note_on 37
velocity 40
time 63
note_on 68
velocity 61
time 282
note_on 65
velocity 45
time 9
note_on 44
velocity 34
time 5
note_off 37
time 24
note_off 66
time 114
note_on 37
velocity 35
time 126
note_off 44
time 27
note_off 37
time 218
note_on 69
velocity 74
time 23
note_on 44
velocity 38
time 19
note_on 66
velocity 60
time 6
note_off 65
time 65
note_off 68
time 55
note_off 66
time 35
note_off 69
time 2
note_on 54
velocity 43
time 152
note_off 44
time 26
note_on 69
velocity 58
time 36
note_on 66
velocity 52
time 14
note_off 54
time 15
note_on 45
velocity 41
time 14
note_on 61
velocity 74
time 98
note_on 57
velocity 55
time 19
note_off 69
time 35
note_off 66
time 76
note_off 45
time 54
note_on 37
velocity 44
time 14
note_off 57
time 50
note_on 45
velocity 33
time 250
note_on 71
velocity 65
time 31
note_off 37
time 19
note_on 68
velocity 50
time 20
note_off 61
time 238
note_off 71
time 165
note_on 37
velocity 35
time 39
note_off 68
time 0
note_off 45
time 28
note_off 37
time 218
note_on 69
velocity 60
time 70
note_on 45
velocity 33
time 27
note_on 66
velocity 45
time 5
note_off 66
time 143
note_off 69
time 24
note_on 54
velocity 35
time 165
note_on 69
velocity 53
time 16
note_on 66
velocity 40
time 18
note_off 45
time 69
note_off 66
time 152
note_off 54
time 106
note_on 45
velocity 38
time 7
note_off 45
time 234
note_on 66
velocity 63
time 15
note_on 62
velocity 55
time 19
note_on 37
velocity 39
time 5
note_off 69
time 114
note_on 45
velocity 53
time 132
note_off 37
time 42
note_off 66
time 2
note_off 62
time 9
note_on 62
velocity 69
time 221
note_on 37
velocity 42
time 10
note_on 59
velocity 56
time 14
note_off 45
time 1
note_off 59
time 63
note_on 61
velocity 82
time 179
note_on 57
velocity 70
time 16
note_off 37
time 15
note_on 45
velocity 47
time 10
note_off 62
time 28
note_off 57
time 156
note_off 61
time 0
note_on 51
velocity 43
time 132
note_on 60
velocity 67
time 6
note_on 57
velocity 49
time 10
note_off 45
time 14
note_on 56
velocity 70
time 24
note_off 51
time 10
note_on 53
velocity 52
time 5
note_on 44
velocity 43
time 2
note_off 53
time 79
note_off 57
time 5
note_off 56
time 31
note_on 54
velocity 76
time 127
note_off 60
time 7
note_on 51
velocity 59
time 28
note_off 44
time 3
note_on 37
velocity 40
time 6
note_off 51
time 65
note_off 54
time 36
note_on 54
velocity 61
time 11
note_on 51
velocity 38
time 9
note_on 44
velocity 40
time 6
note_off 37
time 3
note_on 37
velocity 27
time 6
note_off 44
time 11
note_off 51
time 13
note_on 44
velocity 37
time 75
note_off 37
time 89
note_on 51
velocity 40
time 183
note_off 44
time 67
note_on 44
velocity 36
time 225
note_on 56
velocity 56
time 123
note_on 53
velocity 40
time 46
note_on 37
velocity 30
time 114
note_off 54
time 3
note_off 44
time 23
note_on 57
velocity 49
time 3
note_on 54
velocity 44
time 6
note_on 44
velocity 32
time 0
note_off 37
time 3
note_off 53
time 7
note_off 56
time 11
note_on 37
velocity 26
time 9
note_off 44
time 1
note_off 51
time 7
note_on 44
velocity 28
time 2
note_off 37
time 16
note_on 49
velocity 34
time 0
note_off 44
time 18
note_on 44
velocity 11
time 10
note_on 37
velocity 29
time 15
note_off 44
time 2
note_on 44
velocity 30
time 7
note_on 56
velocity 47
time 15
note_on 53
velocity 37
time 14
note_off 37
time 3
note_off 54
time 16
note_off 57
time 13
note_on 37
velocity 38
time 16
note_off 44
time 10
note_off 49
time 80
note_on 44
velocity 57
time 13
note_off 37
time 92
note_off 53
time 62
note_on 52
velocity 55
time 140
note_on 61
velocity 76
time 50
note_off 44
time 0
note_off 56
time 10
note_on 44
velocity 64
time 11
note_off 52
time 15
note_on 37
velocity 72
time 190
note_off 44
time 59
note_on 44
velocity 82
time 187
note_off 37
time 55
note_off 61
time 6
note_on 37
velocity 76
time 216
note_off 44
time 39
note_on 64
velocity 96
time 191
note_on 44
velocity 75
time 98
note_off 44
time 92
note_off 37
time 10
note_off 64
time 127
note_on 40
velocity 80
time 182
note_on 28
velocity 73
time 14
note_on 47
velocity 82
time 2
note_on 56
velocity 88
time 16
note_off 47
time 28
note_off 28
time 121
note_off 40
time 130
note_on 64
velocity 89
time 35
note_off 56
time 322
note_on 47
velocity 48
time 244
note_on 40
velocity 57
time 317
note_off 47
time 55
note_on 47
velocity 63
time 227
note_off 40
time 48
note_on 40
velocity 66
time 212
note_off 47
time 41
note_off 40
time 161
note_on 47
velocity 73
time 74
note_on 56
velocity 76
time 303
note_off 47
time 91
note_off 56
time 179
note_on 47
velocity 58
time 115
note_on 66
velocity 92
time 95
note_off 64
time 76
note_on 40
velocity 66
time 71
note_off 40
time 58
note_off 47
time 0
note_on 57
velocity 62
time 214
note_off 66
time 40
note_on 69
velocity 88
time 9
note_on 61
velocity 77
time 15
note_on 49
velocity 73
time 109
note_off 57
time 0
note_off 61
time 78
note_off 49
time 93
note_on 68
velocity 87
time 101
note_on 40
velocity 63
time 18
note_on 59
velocity 81
time 1
note_off 69
time 44
note_off 40
time 89
note_off 68
time 40
note_on 56
velocity 70
time 154
note_on 68
velocity 80
time 37
note_on 64
velocity 62
time 19
note_off 59
time 2
note_on 47
velocity 58
time 2
note_off 56
time 44
note_on 40
velocity 71
time 165
note_off 47
time 42
note_on 47
velocity 72
time 177
note_off 40
time 13
note_on 40
velocity 63
time 210
note_off 47
time 50
note_on 57
velocity 88
time 98
note_off 40
time 126
note_on 47
velocity 57
time 11
note_off 64
time 5
note_off 68
time 89
note_off 57
time 35
note_off 47
time 50
note_on 68
velocity 82
time 132
note_on 57
velocity 49
time 2
note_on 59
velocity 82
time 3
note_on 63
velocity 68
time 0
note_off 57
time 3
note_on 47
velocity 56
time 1
note_on 61
velocity 84
time 248
note_off 47
time 121
note_on 40
velocity 49
time 6
note_off 59
time 63
note_on 47
velocity 61
time 173
note_off 40
time 18
note_on 40
velocity 47
time 300
note_off 47
time 71
note_on 59
velocity 80
time 233
note_off 40
time 37
note_on 47
velocity 44
time 91
note_off 63
time 52
note_off 68
time 89
note_off 59
time 115
note_on 56
velocity 32
time 165
note_on 68
velocity 59
time 55
note_on 59
velocity 53
time 15
note_on 64
velocity 45
time 9
note_off 47
time 9
note_on 47
velocity 45
time 0
note_off 56
time 22
note_on 40
velocity 51
time 200
note_off 47
time 5
note_off 61
time 93
note_on 47
velocity 50
time 190
note_off 40
time 16
note_on 40
velocity 43
time 274
note_off 47
time 22
note_off 59
time 170
note_off 40
time 72
note_off 64
time 53
note_on 47
velocity 35
time 32
note_off 68
time 55
note_on 54
velocity 32
time 0
note_on 68
velocity 41
time 7
note_on 60
velocity 42
time 7
note_on 66
velocity 32
time 3
note_off 47
time 9
note_on 44
velocity 27
time 2
note_off 54
time 19
note_on 39
velocity 31
time 251
note_off 44
time 19
note_off 39
time 255
note_off 60
time 6
note_on 44
velocity 29
time 22
note_off 68
time 118
note_off 66
time 101
note_off 44
time 79
note_on 39
velocity 28
time 31
note_off 39
time 390
note_on 44
velocity 30
time 32
note_off 44
time 118
note_on 25
velocity 36
time 5
note_on 37
velocity 32
time 7
note_on 53
velocity 39
time 16
note_on 56
velocity 44
time 9
note_off 56
time 92
note_off 53
time 3
note_on 61
velocity 49
time 0
note_on 65
velocity 54
time 132
note_off 61
time 1
note_off 25
time 105
note_off 65
time 29
note_off 37
time 127
note_on 68
velocity 50
time 152
note_on 44
velocity 31
time 691
note_off 68
time 257
note_on 37
velocity 35
time 54
note_off 44
time 31
note_on 44
velocity 28
time 287
note_off 37
time 9
note_on 56
velocity 64
time 40
note_on 37
velocity 39
time 305
note_off 44
time 37
note_off 37
time 200
note_on 44
velocity 48
time 23
note_off 44
time 317
note_on 54
velocity 45
time 5
note_on 61
velocity 73
time 37
note_on 58
velocity 61
time 22
note_off 54
time 332
note_on 44
velocity 48
time 6
note_on 37
velocity 61
time 266
note_off 44
time 14
note_off 58
time 221
note_on 44
velocity 60
time 22
note_off 37
time 7
note_on 37
velocity 50
time 276
note_off 44
time 0
note_on 65
velocity 84
time 175
note_on 60
velocity 66
time 29
note_off 61
time 45
note_off 37
time 29
note_on 44
velocity 52
time 24
note_off 56
time 65
note_off 44
time 167
note_off 65
time 35
note_on 53
velocity 45
time 113
note_on 65
velocity 77
time 65
note_off 60
time 18
note_on 61
velocity 57
time 0
note_on 56
velocity 59
time 9
note_off 56
time 14
note_off 61
time 45
note_off 65
time 59
note_off 53
time 62
note_on 44
velocity 27
time 216
note_off 44
time 253
note_on 73
velocity 34
time 27
note_on 37
velocity 26
time 23
note_off 73
time 227
note_on 80
velocity 52
time 24
note_off 37
time 9
note_on 77
velocity 40
time 6
note_on 44
velocity 27
time 19
note_off 77
time 62
note_off 80
time 92
note_on 82
velocity 61
time 61
note_off 44
time 9
note_on 73
velocity 44
time 36
note_on 37
velocity 26
time 11
note_off 73
time 55
note_off 82
time 5
note_off 37
time 11
note_on 80
velocity 63
time 143
note_on 44
velocity 26
time 10
note_on 77
velocity 44
time 29
note_off 80
time 63
note_off 77
time 3
note_off 44
time 54
note_on 53
velocity 38
time 106
note_on 80
velocity 46
time 20
note_on 77
velocity 42
time 9
note_off 53
time 123
note_off 77
time 52
note_off 80
time 62
note_on 44
velocity 32
time 23
note_off 44
time 114
note_on 37
velocity 30
time 144
note_on 78
velocity 53
time 253
note_off 37
time 19
note_on 70
velocity 35
time 9
note_on 44
velocity 29
time 9
note_off 70
time 197
note_off 44
time 44
note_on 37
velocity 27
time 3
note_off 37
time 91
note_on 77
velocity 51
time 173
note_on 44
velocity 27
time 15
note_on 68
velocity 31
time 22
note_off 68
time 67
note_off 77
time 19
note_off 44
time 96
note_on 53
velocity 37
time 79
note_on 77
velocity 52
time 11
note_off 78
time 15
note_on 68
velocity 36
time 1
note_off 77
time 111
note_off 53
time 91
note_off 68
time 23
note_on 44
velocity 46
time 41
note_on 37
velocity 63
time 239
note_off 44
time 10
note_on 66
velocity 85
time 256
note_on 44
velocity 43
time 22
note_on 63
velocity 71
time 1
note_off 37
time 89
note_on 37
velocity 57
time 182
note_off 44
time 63
note_off 37
time 122
note_on 44
velocity 65
time 59
note_off 63
time 138
note_on 54
velocity 52
time 180
note_on 68
velocity 88
time 95
note_on 60
velocity 68
time 23
note_on 65
velocity 60
time 19
note_off 44
time 39
note_off 66
time 5
note_on 44
velocity 56
time 18
note_off 54
time 44
note_on 70
velocity 90
time 59
note_on 66
velocity 71
time 9
note_off 65
time 62
note_off 68
time 14
note_on 37
velocity 61
time 126
note_off 44
time 5
note_off 66
time 248
note_on 44
velocity 62
time 13
note_off 60
time 26
note_off 37
time 49
note_on 37
velocity 55
time 248
note_off 44
time 37
note_off 37
time 158
note_on 68
velocity 84
time 148
note_on 44
velocity 42
time 13
note_on 65
velocity 61
time 13
note_off 70
time 89
note_off 44
time 123
note_off 65
time 57
note_off 68
time 16
note_on 53
velocity 43
time 63
note_on 68
velocity 71
time 7
note_on 65
velocity 52
time 3
note_on 61
velocity 52
time 11
note_off 61
time 9
note_off 65
time 41
note_off 53
time 40
note_off 68
time 48
note_on 44
velocity 30
time 149
note_off 44
time 247
note_on 73
velocity 39
time 32
note_on 37
velocity 28
time 23
note_off 73
time 32
note_off 37
time 220
note_on 80
velocity 54
time 2
note_on 77
velocity 53
time 13
note_on 44
velocity 30
time 29
note_off 77
time 33
note_off 80
time 7
note_off 44
time 165
note_on 82
velocity 62
time 0
note_on 37
velocity 26
time 48
note_on 73
velocity 29
time 10
note_off 82
time 20
note_off 73
time 28
note_off 37
time 27
note_on 44
velocity 32
time 127
note_on 80
velocity 60
time 1
note_on 77
velocity 49
time 27
note_off 77
time 63
note_off 80
time 9
note_off 44
time 39
note_on 53
velocity 32
time 158
note_on 80
velocity 49
time 0
note_on 77
velocity 42
time 35
note_off 77
time 138
note_off 80
time 19
note_off 53
time 18
note_on 44
velocity 30
time 89
note_off 44
time 199
note_on 37
velocity 36
time 65
note_on 78
velocity 53
time 261
note_off 37
time 14
note_on 75
velocity 42
time 11
note_on 44
velocity 32
time 6
note_off 75
time 121
note_off 44
time 136
note_on 37
velocity 34
time 16
note_off 37
time 119
note_on 77
velocity 52
time 148
note_on 44
velocity 29
time 16
note_on 73
velocity 42
time 2
note_off 73
time 100
note_off 77
time 5
note_off 44
time 63
note_on 53
velocity 41
time 98
note_on 77
velocity 62
time 6
note_on 73
velocity 49
time 9
note_off 78
time 2
note_off 77
time 119
note_off 73
time 75
note_off 53
time 14
note_on 44
velocity 46
time 82
note_on 68
velocity 90
time 246
note_off 44
time 41
note_on 37
velocity 47
time 14
note_on 44
velocity 48
time 358
note_on 70
velocity 90
time 49
note_on 66
velocity 68
time 28
note_on 61
velocity 61
time 11
note_off 37
time 40
note_off 68
time 0
note_on 37
velocity 50
time 3
note_off 44
time 14
note_off 37
time 106
note_on 44
velocity 67
time 31
note_off 44
time 151
note_on 56
velocity 71
time 125
note_off 66
time 46
note_off 70
time 39
note_off 56
time 100
note_on 44
velocity 60
time 93
note_on 68
velocity 90
time 108
note_on 65
velocity 75
time 10
note_off 61
time 50
note_off 65
time 55
note_off 44
time 10
note_on 37
velocity 60
time 22
note_on 44
velocity 51
time 274
note_on 66
velocity 84
time 18
note_on 63
velocity 68
time 35
note_off 37
time 3
note_off 68
time 2
note_on 37
velocity 56
time 31
note_off 44
time 7
note_off 63
time 87
note_off 37
time 62
note_on 65
velocity 87
time 126
note_on 44
velocity 55
time 7
note_on 61
velocity 73
time 19
note_off 66
time 24
note_off 61
time 143
note_off 44
time 6
note_off 65
time 31
note_on 53
velocity 49
time 72
note_on 65
velocity 87
time 69
note_on 61
velocity 68
time 19
note_off 53
time 32
note_on 44
velocity 52
time 37
note_off 61
time 10
note_off 44
time 194
note_on 68
velocity 64
time 13
note_on 37
velocity 47
time 44
note_off 65
time 32
note_off 68
time 75
note_on 44
velocity 55
time 191
note_off 37
time 35
note_on 63
velocity 69
time 7
note_on 71
velocity 59
time 6
note_on 59
velocity 40
time 14
note_off 71
time 7
note_off 59
time 5
note_off 63
time 70
note_on 73
velocity 62
time 121
note_on 65
velocity 52
time 19
note_off 44
time 11
note_on 37
velocity 35
time 20
note_off 65
time 62
note_off 73
time 5
note_on 71
velocity 71
time 134
note_off 37
time 26
note_on 44
velocity 42
time 1
note_on 63
velocity 50
time 18
note_off 71
time 65
note_off 63
time 3
note_off 44
time 164
note_on 71
velocity 58
time 11
note_on 63
velocity 49
time 16
note_on 53
velocity 26
time 3
note_off 71
time 174
note_off 53
time 41
note_on 44
velocity 39
time 74
note_off 63
time 194
note_on 37
velocity 42
time 80
note_off 44
time 0
note_on 65
velocity 65
time 276
note_on 44
velocity 42
time 14
note_on 70
velocity 52
time 11
note_on 61
velocity 41
time 9
note_off 37
time 9
note_on 37
velocity 30
time 11
note_off 44
time 1
note_off 61
time 67
note_off 37
time 105
note_on 68
velocity 52
time 65
note_on 60
velocity 37
time 2
note_on 44
velocity 33
time 19
note_off 70
time 88
note_off 65
time 62
note_off 60
time 37
note_off 44
time 59
note_on 53
velocity 36
time 6
note_on 70
velocity 41
time 3
note_on 61
velocity 43
time 10
note_on 58
velocity 37
time 5
note_off 68
time 14
note_off 58
time 13
note_off 53
time 79
note_on 63
velocity 48
time 33
note_off 61
time 3
note_on 60
velocity 42
time 24
note_on 46
velocity 31
time 1
note_off 63
time 208
note_off 46
time 16
note_on 65
velocity 61
time 26
note_on 61
velocity 51
time 42
note_on 37
velocity 34
time 13
note_off 61
time 113
note_off 65
time 11
note_on 46
velocity 36
time 1
note_on 65
velocity 54
time 10
note_on 61
velocity 42
time 9
note_off 37
time 11
note_off 60
time 5
note_on 37
velocity 31
time 18
note_off 46
time 11
note_off 37
time 123
note_on 46
velocity 38
time 14
note_off 61
time 251
note_on 53
velocity 46
time 41
note_off 65
time 33
note_off 46
time 40
note_off 53
time 230
note_on 46
velocity 36
time 18
note_off 46
time 255
note_on 37
velocity 37
time 23
note_on 46
velocity 36
time 346
note_on 63
velocity 51
time 10
note_on 60
velocity 37
time 37
note_off 37
time 31
note_on 37
velocity 50
time 299
note_off 60
time 42
note_off 46
time 32
note_on 61
velocity 73
time 239
note_off 37
time 6
note_on 46
velocity 46
time 20
note_on 58
velocity 56
time 10
note_off 63
time 52
note_off 58
time 252
note_off 61
time 58
note_on 54
velocity 55
time 80
note_on 61
velocity 70
time 72
note_on 58
velocity 53
time 36
note_off 46
time 2
note_on 46
velocity 51
time 65
note_off 54
time 71
note_on 65
velocity 69
time 212
note_off 46
time 11
note_on 37
velocity 46
time 26
note_off 70
time 40
note_off 61
time 65
note_off 58
time 61
note_on 46
velocity 41
time 164
note_on 63
velocity 58
time 58
note_on 66
velocity 60
time 22
note_on 58
velocity 41
time 39
note_off 37
time 6
note_off 65
time 10
note_on 68
velocity 65
time 6
note_on 65
velocity 58
time 1
note_on 37
velocity 41
time 10
note_off 46
time 9
note_off 66
time 13
note_off 63
time 45
note_off 37
time 167
note_on 66
velocity 66
time 14
note_on 46
velocity 42
time 18
note_on 63
velocity 50
time 1
note_off 65
time 28
note_off 66
time 104
note_off 63
time 1
note_on 54
velocity 48
time 2
note_on 66
velocity 53
time 0
note_off 68
time 0
note_on 63
velocity 37
time 13
note_off 46
time 11
note_off 54
time 11
note_on 44
velocity 31
time 2
note_off 63
time 6
note_off 66
time 183
note_off 44
time 41
note_off 58
time 37
note_on 37
velocity 33
time 6
note_off 37
time 0
note_on 44
velocity 31
time 2
note_on 65
velocity 45
time 15
note_on 60
velocity 40
time 2
note_on 56
velocity 40
time 9
note_off 56
time 5
note_on 63
velocity 52
time 105
note_on 37
velocity 34
time 13
note_on 54
velocity 50
time 6
note_off 44
time 5
note_off 65
time 96
note_off 54
time 52
note_off 60
time 55
note_off 37
time 44
note_on 61
velocity 56
time 45
note_on 53
velocity 39
time 52
note_on 44
velocity 24
time 2
note_off 63
time 33
note_off 44
time 187
note_off 61
time 3
note_off 53
time 59
note_on 61
velocity 44
time 1
note_on 53
velocity 30
time 13
note_off 53
time 6
note_on 44
velocity 25
time 33
note_off 44
time 182
note_on 37
velocity 28
time 113
note_off 37
time 243
note_on 44
velocity 26
time 41
note_off 44
time 242
note_on 37
velocity 21
time 2
note_off 37
time 3
note_on 44
velocity 29
time 7
note_off 61
time 55
note_off 44
time 32
note_on 53
velocity 35
time 161
note_off 53
time 70
note_on 44
velocity 23
time 236
note_off 44
time 183
note_on 37
velocity 31
time 70
note_off 37
time 247
note_on 44
velocity 25
time 42
note_off 44
time 248
note_on 37
velocity 17
time 78
note_off 37
time 260
note_on 44
velocity 13
time 85
note_off 44
time 236
note_on 65
velocity 36
time 294
note_on 53
velocity 22
time 2
note_on 61
velocity 35
time 7
note_off 53
time 259
note_off 61
time 195
note_off 65
time 52
note_on 44
velocity 21
time 2
note_off 44
time 204
note_on 37
velocity 27
time 67
note_on 68
velocity 54
time 203
note_on 65
velocity 42
time 15
note_on 60
velocity 42
time 6
note_on 44
velocity 31
time 24
note_off 37
time 5
note_on 37
velocity 26
time 250
note_off 44
time 3
note_off 65
time 46
note_off 60
time 92
note_off 37
time 26
note_on 44
velocity 32
time 108
note_on 70
velocity 53
time 309
note_off 68
time 6
note_on 66
velocity 36
time 27
note_on 54
velocity 35
time 3
note_on 59
velocity 43
time 13
note_on 63
velocity 36
time 0
note_off 44
time 2
note_on 44
velocity 36
time 3
note_off 54
time 7
note_off 66
time 115
note_off 59
time 76
note_off 70
time 7
note_off 44
time 9
note_on 37
velocity 34
time 54
note_off 63
time 152
note_off 37
time 109
note_on 44
velocity 29
time 3
note_on 68
velocity 47
time 2
note_on 60
velocity 34
time 3
note_on 65
velocity 34
time 2
note_off 44
time 26
note_on 66
velocity 56
time 16
note_on 37
velocity 28
time 26
note_on 63
velocity 55
time 0
note_off 65
time 15
note_off 60
time 36
note_off 68
time 29
note_off 37
time 26
note_on 65
velocity 64
time 138
note_on 44
velocity 36
time 23
note_on 61
velocity 56
time 10
note_off 66
time 2
note_off 63
time 1
note_off 61
time 156
note_off 65
time 20
note_off 44
time 31
note_on 53
velocity 33
time 1
note_on 65
velocity 55
time 14
note_on 61
velocity 44
time 11
note_off 61
time 0
note_off 53
time 18
note_off 65
time 28
note_on 44
velocity 24
time 166
note_off 44
time 183
note_on 73
velocity 40
time 74
note_on 37
velocity 27
time 36
note_off 73
time 28
note_on 80
velocity 52
time 195
note_on 77
velocity 41
time 26
note_off 37
time 6
note_on 44
velocity 30
time 9
note_off 77
time 35
note_off 80
time 16
note_on 82
velocity 59
time 173
note_off 44
time 20
note_on 73
velocity 37
time 14
note_on 37
velocity 17
time 11
note_off 73
time 36
note_off 82
time 2
note_off 37
time 52
note_on 80
velocity 57
time 123
note_on 44
velocity 31
time 22
note_on 77
velocity 48
time 1
note_off 77
time 61
note_off 80
time 18
note_off 44
time 108
note_on 80
velocity 40
time 88
note_on 77
velocity 43
time 19
note_on 53
velocity 32
time 1
note_off 53
time 85
note_on 44
velocity 17
time 212
note_off 77
time 98
note_off 44
time 52
note_off 80
time 19
note_on 37
velocity 29
time 71
note_off 37
time 270
note_on 44
velocity 33
time 0
note_off 44
time 260
note_on 37
velocity 27
time 29
note_off 37
time 208
note_on 44
velocity 27
time 115
note_off 44
time 115
note_on 53
velocity 48
time 316
note_on 61
velocity 43
time 42
note_on 56
velocity 36
time 26
note_off 53
time 338
note_off 61
time 32
note_off 56
time 18
note_on 44
velocity 33
time 52
note_on 37
velocity 46
time 235
note_off 44
time 10
note_on 65
velocity 62
time 268
note_on 44
velocity 39
time 14
note_on 61
velocity 50
time 0
note_on 57
velocity 67
time 1
note_off 37
time 40
note_off 44
time 11
note_on 37
velocity 27
time 6
note_off 65
time 0
note_off 37
time 22
note_off 57
time 174
note_on 44
velocity 27
time 6
note_off 44
time 207
note_off 61
time 42
note_on 54
velocity 32
time 0
note_on 66
velocity 33
time 5
note_on 58
velocity 39
time 11
note_on 60
velocity 31
time 2
note_off 54
time 84
note_off 60
time 20
note_off 58
time 67
note_off 66
time 3
note_on 44
velocity 25
time 15
note_off 44
time 223
note_on 37
velocity 28
time 67
note_on 44
velocity 31
time 329
note_on 65
velocity 34
time 3
note_on 56
velocity 35
time 5
note_on 60
velocity 22
time 15
note_off 37
time 3
note_off 56
time 127
note_off 44
time 196
note_on 54
velocity 44
time 20
note_on 63
velocity 38
time 10
note_off 60
time 10
note_on 37
velocity 29
time 7
note_off 65
time 36
note_off 54
time 55
note_off 37
time 123
note_off 63
time 26
note_on 61
velocity 48
time 27
note_on 53
velocity 46
time 13
note_on 44
velocity 25
time 36
note_off 61
time 143
note_off 53
time 32
note_off 44
time 7
note_on 61
velocity 40
time 16
note_on 53
velocity 24
time 7
note_off 53
time 44
note_off 61
time 69
note_on 44
velocity 21
time 130
note_off 44
time 270
note_on 61
velocity 33
time 32
note_on 37
velocity 25
time 28
note_off 61
time 234
note_off 37
time 29
note_on 68
velocity 34
time 11
note_on 65
velocity 33
time 14
note_on 44
velocity 21
time 13
note_off 44
time 247
note_on 70
velocity 45
time 9
note_on 37
velocity 28
time 24
note_off 65
time 0
note_on 61
velocity 36
time 6
note_off 68
time 55
note_off 37
time 41
note_on 68
velocity 50
time 143
note_on 44
velocity 35
time 16
note_on 65
velocity 38
time 22
note_off 65
time 92
note_off 68
time 9
note_off 44
time 52
note_off 70
time 114
note_on 68
velocity 41
time 1
note_on 65
velocity 43
time 18
note_on 53
velocity 34
time 10
note_off 61
time 36
note_off 68
time 45
note_off 65
time 7
note_off 53
time 130
note_on 44
velocity 42
time 79
note_on 56
velocity 66
time 289
note_on 37
velocity 37
time 80
note_off 44
time 11
note_on 51
velocity 77
time 283
note_on 44
velocity 38
time 31
note_off 37
time 58
note_on 37
velocity 46
time 329
note_off 44
time 54
note_off 56
time 9
note_off 37
time 134
note_on 49
velocity 74
time 298
note_on 44
velocity 33
time 37
note_off 51
time 78
note_off 44
time 260
note_off 49
time 161
note_on 53
velocity 41
time 148
note_on 49
velocity 63
time 36
note_on 56
velocity 54
time 1
note_off 53
time 178
note_on 44
velocity 33
time 23
note_on 37
velocity 48
time 285
note_off 44
time 26
note_on 44
velocity 46
time 248
note_off 37
time 48
note_on 37
velocity 45
time 248
note_off 44
time 35
note_on 44
velocity 37
time 263
note_off 37
time 164
note_off 44
time 147
note_on 52
velocity 52
time 93
note_on 44
velocity 27
time 5
note_off 44
time 9
note_on 37
velocity 32
time 7
note_off 52
time 204
note_off 37
time 16
note_on 44
velocity 34
time 9
note_off 44
time 260
note_on 37
velocity 34
time 23
note_on 44
velocity 35
time 290
note_off 37
time 5
note_on 53
velocity 45
time 13
note_off 44
time 9
note_on 44
velocity 27
time 3
note_off 44
time 1
note_on 37
velocity 21
time 7
note_off 37
time 119
note_on 44
velocity 30
time 42
note_off 53
time 52
note_off 44
time 218
note_on 37
velocity 28
time 26
note_on 44
velocity 21
time 330
note_off 44
time 235
note_on 53
velocity 32
time 37
note_off 37
time 317
note_on 44
velocity 19
time 50
note_off 44
time 298
note_on 37
velocity 19
time 26
note_off 53
time 92
note_off 37
time 248
note_on 44
velocity 20
time 26
note_on 37
velocity 28
time 442
note_off 44
time 5
note_on 44
velocity 33
time 644
note_on 53
velocity 33
time 1462
note_off 49
time 2018
note_off 37
time 408
note_off 44
time 273
note_off 56
time 145
note_off 53
time 217
