note_on 50
velocity 73
time 0
note_off 50
time 35
note_on 50
velocity 63
time 371
note_off 50
time 37
note_on 69
velocity 60
time 248
note_on 50
velocity 58
time 106
note_off 69
time 3
note_on 65
velocity 61
time 10
note_off 50
time 28
note_off 65
time 61
note_on 62
velocity 50
time 49
note_off 62
time 97
note_on 69
velocity 59
time 35
note_off 69
time 111
note_on 50
velocity 52
time 14
note_on 65
velocity 60
time 5
note_off 50
time 35
note_off 65
time 44
note_on 62
velocity 54
time 54
note_off 62
time 106
note_on 74
velocity 56
time 28
note_off 74
time 105
note_on 50
velocity 53
time 27
note_on 70
velocity 57
time 1
note_off 50
time 39
note_off 70
time 44
note_on 67
velocity 62
time 46
note_off 67
time 93
note_on 70
velocity 61
time 28
note_on 67
velocity 66
time 134
note_off 70
time 9
note_on 50
velocity 59
time 2
note_off 50
time 37
note_off 67
time 52
note_on 64
velocity 59
time 58
note_off 64
time 75
note_on 67
velocity 44
time 59
note_on 69
velocity 29
time 33
note_off 69
time 49
note_off 67
time 22
note_on 50
velocity 69
time 9
note_on 64
velocity 61
time 2
note_off 50
time 36
note_off 64
time 72
note_on 61
velocity 61
time 16
note_off 61
time 114
note_on 67
velocity 66
time 9
note_off 67
time 114
note_on 64
velocity 65
time 26
note_on 50
velocity 62
time 10
note_off 50
time 40
note_off 64
time 55
note_on 61
velocity 68
time 22
note_off 61
time 96
note_on 69
velocity 60
time 46
note_off 69
time 109
note_on 65
velocity 55
time 23
note_on 50
velocity 58
time 19
note_off 50
time 32
note_off 65
time 35
note_on 62
velocity 50
time 59
note_off 62
time 84
note_on 69
velocity 58
time 42
note_off 69
time 98
note_on 65
velocity 62
time 28
note_on 50
velocity 60
time 2
note_off 50
time 39
note_off 65
time 40
note_on 62
velocity 59
time 49
note_off 62
time 40
note_on 81
velocity 63
time 108
note_off 81
time 113
note_on 62
velocity 60
time 1
note_on 77
velocity 74
time 5
note_off 62
time 36
note_off 77
time 82
note_on 74
velocity 69
time 26
note_off 74
time 106
note_on 77
velocity 68
time 23
note_off 77
time 114
note_on 62
velocity 61
time 2
note_on 74
velocity 69
time 9
note_off 62
time 31
note_off 74
time 50
note_on 69
velocity 61
time 54
note_off 69
time 83
note_on 74
velocity 66
time 33
note_off 74
time 122
note_on 55
velocity 51
time 15
note_on 70
velocity 61
time 0
note_off 55
time 65
note_off 70
time 26
note_on 67
velocity 56
time 46
note_off 67
time 70
note_on 74
velocity 58
time 42
note_off 74
time 101
note_on 70
velocity 60
time 40
note_on 55
velocity 50
time 7
note_off 55
time 57
note_off 70
time 27
note_on 67
velocity 52
time 55
note_off 67
time 96
note_on 79
velocity 51
time 31
note_off 79
time 82
note_on 60
velocity 46
time 49
note_on 76
velocity 52
time 0
note_off 60
time 36
note_off 76
time 78
note_on 72
velocity 51
time 31
note_off 72
time 87
note_on 76
velocity 56
time 39
note_off 76
time 83
note_on 60
velocity 43
time 28
note_on 72
velocity 60
time 15
note_off 60
time 19
note_off 72
time 58
note_on 67
velocity 56
time 63
note_off 67
time 69
note_on 72
velocity 56
time 49
note_off 72
time 110
note_on 53
velocity 48
time 19
note_on 69
velocity 58
time 1
note_off 53
time 63
note_off 69
time 3
note_on 65
velocity 46
time 74
note_off 65
time 67
note_on 72
velocity 59
time 49
note_off 72
time 75
note_on 69
velocity 51
time 59
note_on 53
velocity 43
time 9
note_off 53
time 62
note_off 69
time 15
note_on 65
velocity 50
time 54
note_off 65
time 76
note_on 77
velocity 62
time 42
note_off 77
time 119
note_on 58
velocity 53
time 11
note_on 74
velocity 53
time 13
note_off 58
time 23
note_off 74
time 85
note_on 70
velocity 57
time 28
note_off 70
time 104
note_on 74
velocity 61
time 24
note_off 74
time 89
note_on 55
velocity 56
time 13
note_on 70
velocity 67
time 19
note_off 55
time 31
note_off 70
time 57
note_on 67
velocity 70
time 33
note_off 67
time 109
note_on 79
velocity 75
time 6
note_on 76
velocity 74
time 136
note_on 60
velocity 55
time 5
note_off 79
time 0
note_off 60
time 41
note_off 76
time 92
note_on 72
velocity 74
time 1
note_off 72
time 113
note_on 76
velocity 76
time 7
note_off 76
time 108
note_on 72
velocity 71
time 23
note_on 57
velocity 52
time 7
note_off 57
time 40
note_off 72
time 33
note_on 69
velocity 64
time 57
note_off 69
time 84
note_on 81
velocity 59
time 37
note_off 81
time 101
note_on 77
velocity 64
time 26
note_on 62
velocity 51
time 5
note_off 62
time 44
note_off 77
time 61
note_on 74
velocity 59
time 27
note_off 74
time 110
note_on 77
velocity 62
time 18
note_off 77
time 105
note_on 74
velocity 59
time 42
note_on 50
velocity 37
time 13
note_off 50
time 52
note_off 74
time 26
note_on 70
velocity 55
time 62
note_off 70
time 88
note_on 82
velocity 50
time 36
note_on 79
velocity 63
time 114
note_off 82
time 0
note_on 52
velocity 46
time 5
note_off 52
time 50
note_off 79
time 49
note_on 76
velocity 35
time 54
note_off 76
time 78
note_on 79
velocity 57
time 28
note_off 79
time 59
note_on 76
velocity 61
time 58
note_on 48
velocity 42
time 9
note_off 48
time 44
note_off 76
time 29
note_on 72
velocity 62
time 62
note_on 84
velocity 73
time 125
note_off 72
time 16
note_off 84
time 105
note_on 81
velocity 71
time 11
note_on 53
velocity 61
time 3
note_off 53
time 40
note_off 81
time 78
note_on 77
velocity 72
time 15
note_off 77
time 119
note_on 81
velocity 70
time 13
note_off 81
time 110
note_on 52
velocity 61
time 7
note_on 77
velocity 76
time 7
note_off 52
time 32
note_off 77
time 57
note_on 72
velocity 70
time 49
note_off 72
time 72
note_on 81
velocity 62
time 53
note_off 81
time 125
note_on 77
velocity 66
time 10
note_on 50
velocity 54
time 3
note_off 50
time 32
note_off 77
time 80
note_on 74
velocity 63
time 16
note_off 74
time 109
note_on 77
velocity 68
time 22
note_off 77
time 109
note_on 48
velocity 51
time 19
note_on 74
velocity 60
time 9
note_off 48
time 27
note_off 74
time 32
note_on 69
velocity 59
time 61
note_off 69
time 57
note_on 77
velocity 64
time 67
note_off 77
time 91
note_on 74
velocity 61
time 32
note_on 46
velocity 49
time 6
note_off 46
time 35
note_off 74
time 44
note_on 70
velocity 60
time 32
note_off 70
time 109
note_on 74
velocity 54
time 35
note_off 74
time 115
note_on 70
velocity 59
time 13
note_on 45
velocity 48
time 19
note_off 45
time 39
note_off 70
time 2
note_on 65
velocity 54
time 72
note_off 65
time 58
note_on 74
velocity 53
time 66
note_off 74
time 96
note_on 70
velocity 66
time 23
note_on 43
velocity 51
time 11
note_off 43
time 39
note_off 70
time 72
note_on 67
velocity 66
time 15
note_off 67
time 104
note_on 70
velocity 63
time 29
note_off 70
time 123
note_on 41
velocity 60
time 7
note_on 67
velocity 66
time 3
note_off 41
time 41
note_off 67
time 41
note_on 62
velocity 60
time 49
note_off 62
time 83
note_on 70
velocity 70
time 33
note_off 70
time 122
note_on 67
velocity 63
time 27
note_on 40
velocity 50
time 13
note_off 40
time 42
note_off 67
time 44
note_on 60
velocity 66
time 31
note_off 60
time 92
note_on 70
velocity 71
time 24
note_off 70
time 118
note_on 67
velocity 78
time 10
note_on 36
velocity 56
time 22
note_off 36
time 66
note_off 67
time 14
note_on 64
velocity 72
time 41
note_off 64
time 106
note_on 70
velocity 73
time 16
note_on 69
velocity 81
time 135
note_on 41
velocity 56
time 10
note_off 70
time 16
note_off 41
time 28
note_off 69
time 32
note_on 65
velocity 57
time 55
note_off 65
time 46
note_on 69
velocity 59
time 71
note_off 69
time 123
note_on 45
velocity 44
time 14
note_on 65
velocity 48
time 7
note_off 45
time 59
note_off 65
time 1
note_on 60
velocity 49
time 61
note_off 60
time 53
note_on 65
velocity 60
time 72
note_off 65
time 109
note_on 46
velocity 45
time 11
note_on 62
velocity 60
time 26
note_off 46
time 35
note_off 62
time 58
note_on 58
velocity 42
time 58
note_off 58
time 40
note_on 65
velocity 52
time 65
note_off 65
time 102
note_on 48
velocity 40
time 16
note_on 60
velocity 55
time 1
note_off 48
time 45
note_off 60
time 50
note_on 58
velocity 53
time 29
note_off 58
time 87
note_on 64
velocity 45
time 58
note_off 64
time 114
note_on 60
velocity 56
time 6
note_on 41
velocity 37
time 2
note_off 60
time 93
note_on 57
velocity 53
time 39
note_off 57
time 122
note_on 65
velocity 58
time 13
note_off 65
time 102
note_on 60
velocity 66
time 15
note_off 60
time 84
note_on 57
velocity 63
time 55
note_off 57
time 53
note_off 41
time 49
note_on 60
velocity 68
time 9
note_on 57
velocity 69
time 126
note_off 60
time 1
note_off 57
time 87
note_on 53
velocity 63
time 48
note_off 53
time 70
note_on 60
velocity 70
time 61
note_off 60
time 113
note_on 51
velocity 90
time 3
note_on 57
velocity 74
time 0
note_off 51
time 80
note_off 57
time 20
note_on 53
velocity 64
time 35
note_off 53
time 75
note_on 60
velocity 59
time 61
note_on 50
velocity 67
time 143
note_off 60
time 3
note_on 57
velocity 59
time 19
note_off 50
time 26
note_off 57
time 74
note_on 54
velocity 56
time 24
note_off 54
time 59
note_on 60
velocity 57
time 91
note_on 48
velocity 70
time 82
note_off 60
time 39
note_on 57
velocity 67
time 5
note_off 48
time 5
note_off 57
time 87
note_on 54
velocity 65
time 33
note_off 54
time 106
note_on 63
velocity 76
time 19
note_on 57
velocity 54
time 115
note_off 63
time 23
note_on 46
velocity 40
time 14
note_off 46
time 48
note_off 57
time 29
note_on 54
velocity 51
time 15
note_off 54
time 84
note_on 62
velocity 56
time 35
note_off 62
time 101
note_on 57
velocity 57
time 15
note_on 45
velocity 43
time 48
note_off 57
time 52
note_off 45
time 16
note_on 54
velocity 55
time 11
note_on 60
velocity 51
time 152
note_off 54
time 9
note_on 58
velocity 56
time 111
note_off 60
time 7
note_on 43
velocity 43
time 18
note_off 43
time 84
note_off 58
time 0
note_on 55
velocity 53
time 11
note_on 62
velocity 47
time 147
note_off 55
time 3
note_on 46
velocity 52
time 115
note_on 58
velocity 59
time 2
note_off 62
time 7
note_off 46
time 46
note_off 58
time 36
note_on 55
velocity 47
time 31
note_off 55
time 89
note_on 62
velocity 51
time 57
note_on 58
velocity 63
time 105
note_off 62
time 1
note_on 48
velocity 53
time 9
note_off 48
time 44
note_off 58
time 35
note_on 55
velocity 61
time 31
note_off 55
time 97
note_on 64
velocity 68
time 35
note_on 58
velocity 72
time 134
note_off 64
time 1
note_on 50
velocity 60
time 33
note_off 50
time 61
note_off 58
time 1
note_on 55
velocity 66
time 33
note_off 55
time 111
note_on 66
velocity 75
time 31
note_off 66
time 126
note_on 58
velocity 63
time 6
note_on 51
velocity 59
time 14
note_off 51
time 48
note_off 58
time 15
note_on 55
velocity 57
time 50
note_off 55
time 95
note_on 67
velocity 65
time 39
note_off 67
time 113
note_on 46
velocity 42
time 27
note_on 62
velocity 53
time 9
note_off 46
time 53
note_off 62
time 22
note_on 58
velocity 56
time 36
note_off 58
time 93
note_on 67
velocity 59
time 45
note_off 67
time 100
note_on 63
velocity 57
time 22
note_on 48
velocity 37
time 40
note_off 48
time 42
note_off 63
time 26
note_on 57
velocity 36
time 46
note_off 57
time 66
note_on 67
velocity 49
time 40
note_off 67
time 70
note_on 62
velocity 52
time 48
note_off 62
time 92
note_on 57
velocity 44
time 44
note_off 57
time 102
note_on 66
velocity 50
time 22
note_off 66
time 145
note_on 62
velocity 54
time 3
note_on 43
velocity 24
time 3
note_off 62
time 110
note_on 58
velocity 54
time 16
note_on 67
velocity 56
time 139
note_off 58
time 18
note_on 62
velocity 60
time 109
note_off 67
time 0
note_off 62
time 110
note_off 43
time 5
note_on 58
velocity 66
time 32
note_off 58
time 41
note_on 62
velocity 69
time 84
note_on 58
velocity 72
time 130
note_off 62
time 9
note_off 58
time 82
note_on 55
velocity 63
time 57
note_off 55
time 88
note_on 62
velocity 70
time 29
note_off 62
time 113
note_on 58
velocity 71
time 13
note_on 53
velocity 79
time 5
note_off 53
time 50
note_off 58
time 40
note_on 55
velocity 67
time 23
note_off 55
time 108
note_on 62
velocity 62
time 36
note_on 59
velocity 64
time 130
note_off 62
time 10
note_on 52
velocity 69
time 3
note_off 52
time 50
note_off 59
time 54
note_on 56
velocity 66
time 23
note_off 56
time 118
note_on 62
velocity 55
time 40
note_on 50
velocity 56
time 123
note_on 59
velocity 63
time 5
note_off 62
time 2
note_off 50
time 35
note_off 59
time 71
note_on 56
velocity 56
time 27
note_off 56
time 113
note_on 65
velocity 62
time 16
note_off 65
time 111
note_on 59
velocity 59
time 16
note_on 48
velocity 58
time 5
note_off 48
time 48
note_off 59
time 52
note_on 56
velocity 56
time 31
note_off 56
time 136
note_on 64
velocity 56
time 6
note_off 64
time 121
note_on 47
velocity 53
time 10
note_on 60
velocity 43
time 0
note_off 47
time 55
note_off 60
time 80
note_on 57
velocity 36
time 48
note_off 57
time 37
note_on 64
velocity 56
time 11
note_off 64
time 128
note_on 62
velocity 53
time 13
note_on 45
velocity 50
time 32
note_off 62
time 42
note_on 60
velocity 52
time 31
note_off 45
time 40
note_off 60
time 39
note_on 57
velocity 43
time 7
note_off 57
time 104
note_on 64
velocity 76
time 15
note_off 64
time 119
note_on 60
velocity 71
time 7
note_on 48
velocity 35
time 5
note_off 48
time 70
note_off 60
time 0
note_on 57
velocity 63
time 40
note_off 57
time 83
note_on 64
velocity 62
time 63
note_off 64
time 117
note_on 50
velocity 57
time 20
note_on 60
velocity 47
time 10
note_off 60
time 35
note_off 50
time 31
note_on 57
velocity 48
time 5
note_off 57
time 117
note_on 66
velocity 68
time 13
note_off 66
time 115
note_on 60
velocity 68
time 1
note_on 52
velocity 38
time 27
note_off 60
time 71
note_off 52
time 32
note_on 57
velocity 59
time 11
note_off 57
time 79
note_on 68
velocity 74
time 44
note_on 60
velocity 73
time 110
note_off 68
time 10
note_on 53
velocity 58
time 22
note_off 53
time 55
note_off 60
time 1
note_on 57
velocity 71
time 48
note_off 57
time 114
note_on 69
velocity 77
time 36
note_off 69
time 131
note_on 48
velocity 64
time 9
note_on 64
velocity 59
time 15
note_off 48
time 53
note_off 64
time 28
note_on 60
velocity 62
time 48
note_off 60
time 55
note_on 69
velocity 67
time 62
note_off 69
time 109
note_on 65
velocity 66
time 19
note_on 50
velocity 51
time 1
note_off 50
time 54
note_off 65
time 19
note_on 59
velocity 60
time 59
note_off 59
time 65
note_on 69
velocity 63
time 62
note_off 69
time 113
note_on 52
velocity 48
time 18
note_on 64
velocity 63
time 1
note_off 52
time 45
note_off 64
time 28
note_on 59
velocity 62
time 53
note_off 59
time 82
note_on 68
velocity 67
time 46
note_on 64
velocity 69
time 126
note_off 68
time 7
note_on 45
velocity 48
time 1
note_off 45
time 67
note_off 64
time 19
note_on 60
velocity 71
time 39
note_off 60
time 91
note_on 69
velocity 76
time 44
note_off 69
time 111
note_on 64
velocity 74
time 5
note_on 57
velocity 61
time 6
note_off 57
time 55
note_off 64
time 26
note_on 60
velocity 76
time 46
note_off 60
time 108
note_on 72
velocity 79
time 29
note_on 57
velocity 58
time 126
note_on 65
velocity 71
time 2
note_off 72
time 2
note_off 57
time 40
note_off 65
time 44
note_on 62
velocity 69
time 41
note_off 62
time 93
note_on 70
velocity 73
time 40
note_on 67
velocity 72
time 125
note_off 70
time 9
note_on 55
velocity 54
time 15
note_off 55
time 37
note_off 67
time 22
note_on 64
velocity 68
time 52
note_off 64
time 101
note_on 70
velocity 67
time 28
note_on 53
velocity 61
time 140
note_on 69
velocity 53
time 6
note_off 70
time 22
note_off 53
time 24
note_on 67
velocity 33
time 0
note_off 67
time 5
note_off 69
time 18
note_on 65
velocity 63
time 61
note_off 65
time 65
note_on 69
velocity 64
time 50
note_on 60
velocity 69
time 122
note_on 41
velocity 61
time 5
note_off 69
time 0
note_off 41
time 59
note_off 60
time 14
note_on 57
velocity 66
time 53
note_off 57
time 71
note_on 69
velocity 61
time 55
note_on 41
velocity 57
time 114
note_off 69
time 5
note_on 62
velocity 63
time 7
note_off 41
time 44
note_off 62
time 28
note_on 59
velocity 63
time 53
note_off 59
time 88
note_on 67
velocity 64
time 53
note_off 67
time 100
note_on 64
velocity 60
time 23
note_on 40
velocity 46
time 15
note_off 40
time 42
note_off 64
time 46
note_on 61
velocity 61
time 28
note_off 61
time 89
note_on 67
velocity 63
time 28
note_off 67
time 88
note_on 65
velocity 72
time 39
note_on 38
velocity 52
time 11
note_off 38
time 52
note_off 65
time 32
note_on 62
velocity 69
time 32
note_off 62
time 105
note_on 74
velocity 77
time 7
note_on 69
velocity 81
time 115
note_off 74
time 23
note_on 50
velocity 56
time 2
note_off 50
time 49
note_off 69
time 28
note_on 65
velocity 75
time 33
note_off 65
time 108
note_on 77
velocity 84
time 20
note_on 70
velocity 74
time 131
note_on 50
velocity 63
time 3
note_off 77
time 7
note_off 50
time 42
note_off 70
time 40
note_on 67
velocity 69
time 29
note_off 67
time 104
note_on 75
velocity 74
time 31
note_on 48
velocity 58
time 127
note_off 75
time 0
note_on 72
velocity 71
time 1
note_off 48
time 49
note_off 72
time 27
note_on 69
velocity 66
time 55
note_off 69
time 98
note_on 75
velocity 72
time 11
note_off 75
time 143
note_on 74
velocity 60
time 5
note_on 46
velocity 53
time 15
note_off 46
time 53
note_off 74
time 26
note_on 70
velocity 69
time 6
note_off 70
time 101
note_on 74
velocity 65
time 42
note_off 74
time 114
note_on 65
velocity 70
time 24
note_on 58
velocity 62
time 7
note_off 58
time 40
note_off 65
time 41
note_on 62
velocity 62
time 44
note_off 62
time 100
note_on 74
velocity 65
time 32
note_off 74
time 110
note_on 67
velocity 64
time 13
note_on 58
velocity 65
time 10
note_off 58
time 41
note_off 67
time 32
note_on 64
velocity 64
time 53
note_off 64
time 106
note_on 72
velocity 64
time 41
note_off 72
time 92
note_on 69
velocity 58
time 29
note_on 57
velocity 59
time 11
note_off 57
time 41
note_off 69
time 55
note_on 66
velocity 58
time 22
note_off 66
time 95
note_on 72
velocity 58
time 37
note_off 72
time 1
note_on 55
velocity 49
time 13
note_on 67
velocity 65
time 9
note_on 74
velocity 67
time 1
note_off 67
time 1
note_on 70
velocity 71
time 29
note_off 74
time 5
note_off 70
time 95
note_off 55
time 6
note_on 67
velocity 66
time 27
note_off 67
time 105
note_on 79
velocity 75
time 20
note_off 79
time 15
note_on 75
velocity 78
time 2
note_off 75
time 93
note_on 67
velocity 73
time 23
note_off 67
time 96
note_on 79
velocity 81
time 20
note_off 79
time 128
note_on 74
velocity 74
time 2
note_on 58
velocity 78
time 1
note_off 58
time 53
note_off 74
time 35
note_on 67
velocity 75
time 44
note_off 67
time 115
note_on 79
velocity 78
time 14
note_on 73
velocity 81
time 132
note_off 79
time 6
note_on 57
velocity 65
time 14
note_off 57
time 48
note_off 73
time 36
note_on 69
velocity 78
time 28
note_off 69
time 106
note_on 79
velocity 80
time 23
note_off 79
time 127
note_on 76
velocity 75
time 6
note_on 55
velocity 64
time 9
note_off 55
time 50
note_off 76
time 41
note_on 73
velocity 85
time 14
note_off 73
time 113
note_on 82
velocity 89
time 16
note_off 82
time 101
note_on 76
velocity 73
time 37
note_on 53
velocity 63
time 33
note_off 76
time 61
note_off 53
time 1
note_on 73
velocity 71
time 36
note_off 73
time 119
note_on 81
velocity 76
time 9
note_off 81
time 115
note_on 76
velocity 63
time 27
note_on 52
velocity 56
time 22
note_off 52
time 45
note_off 76
time 55
note_on 73
velocity 63
time 15
note_on 79
velocity 70
time 127
note_off 73
time 1
note_on 77
velocity 74
time 139
note_on 50
velocity 48
time 2
note_off 79
time 15
note_off 50
time 59
note_on 74
velocity 72
time 44
note_off 77
time 58
note_off 74
time 46
note_on 69
velocity 71
time 36
note_off 69
time 98
note_on 65
velocity 75
time 27
note_on 53
velocity 50
time 16
note_off 53
time 49
note_off 65
time 42
note_on 62
velocity 67
time 5
note_off 62
time 63
note_on 69
velocity 71
time 28
note_on 55
velocity 62
time 126
note_on 65
velocity 74
time 0
note_off 69
time 5
note_off 55
time 13
note_off 65
time 33
note_on 62
velocity 69
time 36
note_off 62
time 48
note_on 71
velocity 82
time 35
note_on 65
velocity 78
time 115
note_off 71
time 0
note_on 57
velocity 55
time 31
note_off 57
time 19
note_off 65
time 7
note_on 62
velocity 70
time 9
note_off 62
time 16
note_on 73
velocity 81
time 16
note_on 58
velocity 63
time 0
note_on 65
velocity 70
time 0
note_off 73
time 7
note_off 58
time 46
note_off 65
time 11
note_on 62
velocity 74
time 37
note_off 62
time 89
note_on 74
velocity 75
time 37
note_off 74
time 118
note_on 65
velocity 76
time 11
note_on 53
velocity 61
time 10
note_off 53
time 67
note_off 65
time 11
note_on 62
velocity 66
time 44
note_off 62
time 114
note_on 69
velocity 79
time 40
note_off 69
time 128
note_on 65
velocity 70
time 10
note_on 55
velocity 51
time 7
note_off 55
time 19
note_off 65
time 23
note_on 62
velocity 64
time 46
note_off 62
time 95
note_on 70
velocity 72
time 5
note_off 70
time 9
note_on 64
velocity 45
time 26
note_on 57
velocity 61
time 1
note_off 57
time 48
note_off 64
time 36
note_on 61
velocity 64
time 16
note_off 61
time 117
note_on 69
velocity 69
time 7
note_off 69
time 117
note_on 64
velocity 62
time 19
note_on 46
velocity 56
time 15
note_off 46
time 35
note_off 64
time 31
note_on 61
velocity 63
time 19
note_on 67
velocity 65
time 63
note_off 61
time 3
note_off 67
time 31
note_on 41
velocity 62
time 3
note_on 62
velocity 67
time 0
note_off 41
time 33
note_off 62
time 35
note_on 57
velocity 59
time 57
note_off 57
time 46
note_on 65
velocity 66
time 42
note_on 62
velocity 68
time 3
note_off 65
time 0
note_on 43
velocity 54
time 3
note_off 43
time 46
note_on 58
velocity 69
time 85
note_off 62
time 1
note_off 58
time 121
note_on 64
velocity 67
time 16
note_on 45
velocity 62
time 66
note_on 60
velocity 76
time 15
note_off 64
time 2
note_off 45
time 57
note_off 60
time 33
note_on 53
velocity 68
time 39
note_off 53
time 115
note_on 63
velocity 71
time 6
note_on 46
velocity 60
time 118
note_on 58
velocity 68
time 9
note_off 63
time 9
note_off 46
time 41
note_off 58
time 37
note_on 53
velocity 69
time 36
note_off 53
time 98
note_on 62
velocity 63
time 35
note_off 62
time 108
note_on 41
velocity 58
time 7
note_on 57
velocity 61
time 7
note_off 41
time 40
note_off 57
time 33
note_on 53
velocity 60
time 57
note_off 53
time 76
note_on 62
velocity 57
time 52
note_off 62
time 87
note_on 43
velocity 52
time 32
note_on 58
velocity 61
time 6
note_off 43
time 44
note_off 58
time 42
note_on 52
velocity 53
time 48
note_off 52
time 80
note_on 62
velocity 55
time 39
note_off 62
time 97
note_on 45
velocity 63
time 18
note_on 57
velocity 61
time 7
note_off 45
time 33
note_off 57
time 40
note_on 52
velocity 53
time 48
note_off 52
time 84
note_on 61
velocity 58
time 22
note_off 61
time 140
note_on 57
velocity 68
time 20
note_on 38
velocity 87
time 3
note_off 57
time 110
note_on 54
velocity 76
time 15
note_off 54
time 115
note_on 57
velocity 73
time 6
note_on 60
velocity 78
time 134
note_off 57
time 2
note_off 60
time 123
note_on 57
velocity 77
time 9
note_off 57
time 48
note_on 60
velocity 85
time 2
note_on 63
velocity 86
time 132
note_off 60
time 3
note_off 63
time 100
note_on 60
velocity 84
time 7
note_on 63
velocity 87
time 126
note_off 60
time 16
note_off 63
time 71
note_on 66
velocity 92
time 42
note_on 42
velocity 85
time 15
note_off 38
time 14
note_on 45
velocity 84
time 22
note_off 42
time 23
note_off 66
time 13
note_on 58
velocity 87
time 39
note_on 50
velocity 86
time 10
note_off 45
time 1
note_off 58
time 91
note_on 55
velocity 80
time 22
note_on 58
velocity 81
time 131
note_off 55
time 14
note_on 62
velocity 78
time 80
note_off 58
time 1
note_on 58
velocity 84
time 16
note_off 62
time 0
note_on 62
velocity 84
time 23
note_off 58
time 14
note_off 62
time 13
note_on 67
velocity 82
time 0
note_off 67
time 20
note_on 62
velocity 83
time 40
note_off 62
time 66
note_on 67
velocity 83
time 1
note_on 70
velocity 86
time 5
note_off 67
time 2
note_on 55
velocity 85
time 37
note_off 50
time 13
note_off 55
time 132
note_on 57
velocity 87
time 2
note_on 58
velocity 35
time 27
note_off 58
time 46
note_on 61
velocity 101
time 46
note_off 57
time 31
note_off 61
time 0
note_on 67
velocity 76
time 52
note_off 70
time 5
note_off 67
time 108
note_on 76
velocity 75
time 3
note_on 70
velocity 80
time 136
note_off 76
time 1
note_on 50
velocity 67
time 9
note_off 50
time 61
note_off 70
time 33
note_on 67
velocity 76
time 19
note_off 67
time 102
note_on 79
velocity 89
time 20
note_on 70
velocity 79
time 134
note_off 79
time 6
note_on 61
velocity 70
time 2
note_off 61
time 53
note_off 70
time 42
note_on 67
velocity 69
time 28
note_off 67
time 98
note_on 76
velocity 83
time 33
note_on 70
velocity 72
time 131
note_off 76
time 0
note_on 50
velocity 51
time 24
note_off 50
time 53
note_off 70
time 18
note_on 67
velocity 66
time 26
note_off 67
time 106
note_on 73
velocity 78
time 32
note_on 70
velocity 73
time 128
note_on 61
velocity 63
time 16
note_off 73
time 0
note_off 61
time 55
note_off 70
time 20
note_on 67
velocity 70
time 33
note_off 67
time 92
note_on 76
velocity 78
time 54
note_off 76
time 125
note_on 70
velocity 69
time 5
note_on 50
velocity 52
time 29
note_off 50
time 71
note_off 70
time 0
note_on 67
velocity 69
time 28
note_off 67
time 101
note_on 79
velocity 74
time 28
note_off 79
time 121
note_on 70
velocity 63
time 27
note_on 61
velocity 52
time 11
note_off 61
time 46
note_off 70
time 35
note_on 67
velocity 65
time 28
note_off 67
time 88
note_on 76
velocity 69
time 41
note_off 76
time 141
note_on 70
velocity 65
time 2
note_on 50
velocity 46
time 18
note_off 50
time 62
note_off 70
time 23
note_on 67
velocity 61
time 32
note_off 67
time 104
note_on 73
velocity 59
time 31
note_on 69
velocity 51
time 143
note_on 60
velocity 57
time 24
note_off 73
time 13
note_off 60
time 36
note_off 69
time 35
note_on 66
velocity 52
time 14
note_off 66
time 125
note_on 74
velocity 53
time 24
note_off 74
time 127
note_on 50
velocity 50
time 6
note_on 69
velocity 61
time 1
note_off 50
time 48
note_off 69
time 58
note_on 66
velocity 51
time 36
note_off 66
time 111
note_on 75
velocity 66
time 11
note_off 75
time 139
note_on 69
velocity 58
time 5
note_on 60
velocity 59
time 18
note_off 60
time 45
note_off 69
time 49
note_on 66
velocity 54
time 24
note_on 74
velocity 65
time 130
note_off 66
time 1
note_off 74
time 117
note_on 69
velocity 60
time 22
note_on 50
velocity 47
time 5
note_off 50
time 42
note_off 69
time 59
note_on 66
velocity 54
time 27
note_off 66
time 130
note_on 72
velocity 59
time 20
note_on 60
velocity 60
time 131
note_off 72
time 6
note_on 69
velocity 57
time 1
note_off 60
time 40
note_off 69
time 69
note_on 66
velocity 52
time 14
note_off 66
time 125
note_on 74
velocity 52
time 14
note_off 74
time 118
note_on 50
velocity 36
time 5
note_on 69
velocity 55
time 13
note_off 50
time 33
note_off 69
time 54
note_on 66
velocity 45
time 41
note_off 66
time 91
note_on 75
velocity 64
time 2
note_off 75
time 140
note_on 69
velocity 56
time 11
note_on 60
velocity 55
time 5
note_off 60
time 45
note_off 69
time 46
note_on 66
velocity 47
time 37
note_off 66
time 106
note_on 74
velocity 55
time 13
note_off 74
time 131
note_on 69
velocity 55
time 10
note_on 50
velocity 46
time 14
note_off 69
time 67
note_off 50
time 15
note_on 66
velocity 55
time 26
note_off 66
time 61
note_on 72
velocity 52
time 88
note_off 72
time 125
note_on 67
velocity 61
time 9
note_on 58
velocity 30
time 13
note_off 58
time 41
note_off 67
time 29
note_on 62
velocity 49
time 62
note_off 62
time 93
note_on 67
velocity 63
time 9
note_on 70
velocity 66
time 156
note_off 67
time 1
note_on 50
velocity 27
time 10
note_off 50
time 52
note_off 70
time 26
note_on 67
velocity 71
time 39
note_off 67
time 115
note_on 70
velocity 76
time 2
note_on 58
velocity 46
time 128
note_off 70
time 2
note_on 74
velocity 79
time 10
note_off 58
time 23
note_on 70
velocity 86
time 6
note_off 74
time 0
note_on 74
velocity 84
time 9
note_off 70
time 10
note_on 79
velocity 87
time 54
note_off 74
time 3
note_on 50
velocity 48
time 3
note_off 50
time 24
note_off 79
time 7
note_on 74
velocity 89
time 0
note_on 79
velocity 86
time 5
note_off 74
time 16
note_off 79
time 14
note_on 55
velocity 55
time 18
note_on 82
velocity 83
time 0
note_off 55
time 62
note_on 81
velocity 80
time 67
note_off 82
time 53
note_off 81
time 40
note_on 79
velocity 71
time 31
note_off 79
time 96
note_on 50
velocity 51
time 11
note_on 77
velocity 79
time 9
note_off 50
time 46
note_off 77
time 69
note_on 76
velocity 76
time 14
note_off 76
time 98
note_on 74
velocity 67
time 41
note_off 74
time 76
note_on 55
velocity 56
time 24
note_on 73
velocity 73
time 19
note_off 55
time 28
note_off 73
time 65
note_on 69
velocity 68
time 46
note_off 69
time 71
note_on 73
velocity 69
time 44
note_off 73
time 110
note_on 50
velocity 47
time 3
note_on 76
velocity 66
time 22
note_off 50
time 45
note_off 76
time 42
note_on 73
velocity 66
time 28
note_off 73
time 115
note_on 76
velocity 67
time 7
note_off 76
time 117
note_on 79
velocity 59
time 19
note_on 52
velocity 27
time 15
note_off 52
time 50
note_off 79
time 31
note_on 76
velocity 65
time 13
note_off 76
time 82
note_on 74
velocity 60
time 52
note_off 74
time 95
note_on 73
velocity 68
time 14
note_on 50
velocity 54
time 20
note_off 50
time 61
note_off 73
time 49
note_on 71
velocity 48
time 19
note_on 72
velocity 12
time 50
note_off 71
time 18
note_off 72
time 36
note_on 69
velocity 63
time 9
note_off 69
time 66
note_on 67
velocity 70
time 55
note_on 52
velocity 55
time 7
note_off 52
time 48
note_off 67
time 37
note_on 64
velocity 61
time 29
note_off 64
time 71
note_on 67
velocity 67
time 42
note_off 67
time 117
note_on 50
velocity 46
time 14
note_on 70
velocity 66
time 3
note_off 50
time 42
note_off 70
time 36
note_on 67
velocity 66
time 46
note_off 67
time 75
note_on 70
velocity 68
time 48
note_off 70
time 111
note_on 73
velocity 68
time 26
note_on 52
velocity 50
time 2
note_off 52
time 46
note_off 73
time 37
note_on 67
velocity 66
time 42
note_off 67
time 108
note_on 76
velocity 63
time 22
note_on 50
velocity 49
time 115
note_on 73
velocity 68
time 0
note_off 76
time 0
note_off 50
time 40
note_off 73
time 58
note_on 70
velocity 71
time 10
note_off 70
time 131
note_on 76
velocity 68
time 3
note_off 76
time 119
note_on 73
velocity 69
time 3
note_on 52
velocity 58
time 16
note_off 52
time 58
note_off 73
time 35
note_on 69
velocity 69
time 39
note_off 69
time 117
note_on 76
velocity 59
time 27
note_off 76
time 97
note_on 73
velocity 66
time 20
note_on 50
velocity 46
time 20
note_off 50
time 65
note_off 73
time 6
note_on 67
velocity 61
time 49
note_off 67
time 118
note_on 76
velocity 54
time 18
note_on 72
velocity 65
time 122
note_off 76
time 5
note_on 54
velocity 49
time 2
note_off 54
time 55
note_off 72
time 57
note_on 69
velocity 63
time 13
note_off 69
time 115
note_on 74
velocity 50
time 19
note_off 74
time 108
note_on 50
velocity 46
time 6
note_on 70
velocity 60
time 7
note_off 50
time 55
note_off 70
time 20
note_on 67
velocity 59
time 58
note_off 67
time 23
note_on 75
velocity 66
time 11
note_off 75
time 7
note_on 69
velocity 62
time 16
note_on 54
velocity 54
time 40
note_off 54
time 49
note_off 69
time 20
note_on 66
velocity 58
time 42
note_off 66
time 100
note_on 74
velocity 55
time 7
note_off 74
time 122
note_on 69
velocity 59
time 26
note_on 50
velocity 46
time 6
note_off 69
time 102
note_on 66
velocity 57
time 33
note_off 66
time 117
note_on 72
velocity 57
time 9
note_off 72
time 149
note_on 67
velocity 54
time 5
note_on 55
velocity 54
time 6
note_off 67
time 115
note_on 62
velocity 56
time 18
note_off 62
time 130
note_on 70
velocity 57
time 7
note_off 70
time 123
note_on 67
velocity 59
time 3
note_on 57
velocity 61
time 11
note_off 55
time 79
note_off 67
time 28
note_on 65
velocity 58
time 26
note_off 65
time 118
note_on 70
velocity 58
time 10
note_on 55
velocity 64
time 114
note_off 70
time 9
note_on 67
velocity 58
time 5
note_off 57
time 50
note_off 67
time 71
note_on 63
velocity 51
time 39
note_on 70
velocity 58
time 6
note_off 63
time 9
note_off 70
time 54
note_on 53
velocity 66
time 7
note_on 67
velocity 53
time 0
note_off 55
time 1
note_off 67
time 9
note_on 62
velocity 49
time 22
note_off 62
time 5
note_on 70
velocity 58
time 33
note_off 70
time 122
note_on 67
velocity 57
time 23
note_on 52
velocity 53
time 9
note_off 53
time 2
note_off 67
time 6
note_on 61
velocity 49
time 9
note_on 70
velocity 43
time 45
note_off 61
time 15
note_off 70
time 6
note_on 55
velocity 59
time 3
note_on 64
velocity 54
time 6
note_off 64
time 13
note_off 52
time 1
note_on 61
velocity 60
time 14
note_off 61
time 18
note_on 70
velocity 54
time 5
note_off 70
time 1
note_on 64
velocity 60
time 3
note_on 53
velocity 57
time 11
note_off 55
time 11
note_off 64
time 16
note_on 61
velocity 59
time 11
note_off 61
time 9
note_on 69
velocity 63
time 3
note_off 53
time 2
note_on 52
velocity 65
time 10
note_off 69
time 10
note_on 64
velocity 60
time 13
note_off 64
time 14
note_on 61
velocity 59
time 15
note_off 50
time 2
note_off 52
time 15
note_off 61
time 11
note_on 67
velocity 58
time 7
note_off 67
time 16
note_on 50
velocity 60
time 10
note_on 62
velocity 60
time 6
note_on 44
velocity 60
time 5
note_off 62
time 11
note_on 59
velocity 53
time 15
note_off 59
time 49
note_on 65
velocity 47
time 20
note_on 52
velocity 70
time 110
note_off 65
time 7
note_on 62
velocity 60
time 13
note_off 50
time 76
note_off 62
time 26
note_on 61
velocity 55
time 27
note_off 61
time 130
note_on 65
velocity 45
time 24
note_off 65
time 121
note_on 53
velocity 68
time 7
note_on 62
velocity 52
time 18
note_off 52
time 5
note_off 62
time 119
note_on 59
velocity 48
time 45
note_off 59
time 141
note_on 65
velocity 35
time 15
note_off 65
time 85
note_on 45
velocity 51
time 13
note_on 62
velocity 52
time 20
note_off 44
time 44
note_off 62
time 66
note_on 57
velocity 44
time 40
note_off 57
time 141
note_on 65
velocity 32
time 11
note_on 52
velocity 49
time 148
note_on 61
velocity 52
time 6
note_on 46
velocity 48
time 3
note_off 65
time 14
note_off 53
time 11
note_off 45
time 49
note_off 61
time 63
note_on 55
velocity 39
time 29
note_off 55
time 85
note_on 64
velocity 51
time 44
note_off 64
time 123
note_on 55
velocity 63
time 1
note_on 61
velocity 54
time 15
note_off 52
time 95
note_off 61
time 31
note_on 58
velocity 51
time 16
note_off 58
time 106
note_on 64
velocity 49
time 15
note_off 64
time 109
note_on 53
velocity 66
time 10
note_on 61
velocity 59
time 0
note_off 55
time 71
note_off 61
time 32
note_on 57
velocity 56
time 36
note_off 57
time 113
note_on 64
velocity 56
time 15
note_off 64
time 123
note_on 52
velocity 70
time 2
note_on 61
velocity 62
time 5
note_off 53
time 13
note_off 61
time 98
note_on 55
velocity 52
time 32
note_off 55
time 110
note_on 64
velocity 46
time 28
note_off 46
time 31
note_off 64
time 61
note_on 47
velocity 55
time 27
note_on 53
velocity 70
time 3
note_on 59
velocity 57
time 11
note_off 52
time 28
note_off 59
time 105
note_on 56
velocity 62
time 15
note_off 56
time 144
note_on 62
velocity 53
time 0
note_off 62
time 125
note_on 52
velocity 61
time 2
note_on 61
velocity 57
time 6
note_off 53
time 26
note_on 56
velocity 53
time 105
note_off 61
time 1
note_off 56
time 111
note_on 64
velocity 43
time 27
note_on 53
velocity 48
time 123
note_on 62
velocity 61
time 2
note_off 52
time 1
note_off 64
time 32
note_off 62
time 97
note_on 56
velocity 51
time 18
note_on 65
velocity 45
time 126
note_off 56
time 2
note_off 47
time 87
note_on 46
velocity 44
time 29
note_off 65
time 7
note_on 55
velocity 55
time 9
note_off 53
time 27
note_on 52
velocity 60
time 95
note_off 46
time 59
note_off 55
time 16
note_off 52
time 13
note_on 50
velocity 67
time 27
note_off 50
time 45
note_on 49
velocity 58
time 89
note_on 45
velocity 58
time 3
note_on 52
velocity 57
time 130
note_off 49
time 20
note_off 52
time 76
note_on 55
velocity 63
time 7
note_off 55
time 119
note_on 61
velocity 61
time 37
note_on 52
velocity 66
time 10
note_off 61
time 75
note_on 55
velocity 72
time 37
note_off 52
time 32
note_off 55
time 78
note_on 61
velocity 68
time 28
note_off 61
time 117
note_on 55
velocity 70
time 2
note_on 64
velocity 77
time 10
note_off 64
time 96
note_on 61
velocity 77
time 15
note_off 55
time 40
note_off 61
time 67
note_on 64
velocity 77
time 11
note_off 64
time 58
note_on 67
velocity 74
time 76
note_on 58
velocity 65
time 5
note_on 49
velocity 59
time 130
note_off 45
time 11
note_off 58
time 13
note_on 52
velocity 70
time 101
note_off 49
time 2
note_off 67
time 85
note_off 52
time 14
note_on 57
velocity 68
time 36
note_on 65
velocity 78
time 1
note_off 65
time 95
note_on 62
velocity 75
time 29
note_off 62
time 84
note_on 65
velocity 84
time 32
note_off 65
time 72
note_on 62
velocity 75
time 46
note_on 69
velocity 86
time 7
note_off 69
time 87
note_on 65
velocity 88
time 31
note_off 62
time 26
note_off 65
time 54
note_on 69
velocity 89
time 45
note_off 69
time 121
note_on 65
velocity 84
time 11
note_on 74
velocity 86
time 5
note_off 74
time 82
note_on 69
velocity 85
time 1
note_off 69
time 18
note_off 65
time 6
note_on 74
velocity 87
time 9
note_off 74
time 26
note_on 77
velocity 97
time 5
note_on 69
velocity 84
time 7
note_on 62
velocity 85
time 11
note_off 57
time 18
note_off 69
time 27
note_on 65
velocity 89
time 3
note_off 62
time 15
note_off 65
time 54
note_on 68
velocity 94
time 14
note_off 77
time 138
note_on 71
velocity 85
time 23
note_off 71
time 10
note_on 74
velocity 86
time 20
note_on 77
velocity 92
time 29
note_off 74
time 14
note_off 68
time 26
note_off 77
time 54
note_on 74
velocity 92
time 14
note_on 77
velocity 96
time 119
note_off 74
time 2
note_on 80
velocity 93
time 61
note_off 77
time 7
note_off 80
time 93
note_on 77
velocity 107
time 6
note_on 80
velocity 92
time 36
note_off 77
time 19
note_off 80
time 65
note_on 83
velocity 98
time 3
note_on 80
velocity 79
time 75
note_off 83
time 10
note_off 80
time 76
note_on 77
velocity 89
time 22
note_off 77
time 131
note_on 82
velocity 92
time 5
note_on 79
velocity 76
time 148
note_off 82
time 11
note_off 79
time 72
note_on 76
velocity 82
time 31
note_off 76
time 83
note_on 81
velocity 88
time 57
note_on 78
velocity 81
time 65
note_off 81
time 1
note_on 75
velocity 82
time 115
note_off 78
time 5
note_off 75
time 37
note_on 80
velocity 85
time 5
note_on 77
velocity 74
time 29
note_off 80
time 2
note_off 77
time 83
note_on 74
velocity 71
time 35
note_off 74
time 104
note_on 79
velocity 78
time 23
note_on 76
velocity 75
time 128
note_off 79
time 2
note_on 73
velocity 84
time 113
note_off 76
time 1
note_off 73
time 131
note_on 78
velocity 89
time 13
note_on 75
velocity 83
time 132
note_off 78
time 32
note_on 72
velocity 84
time 78
note_off 75
time 3
note_off 72
time 78
note_on 77
velocity 92
time 42
note_on 74
velocity 82
time 136
note_off 77
time 11
note_off 74
time 79
note_on 71
velocity 86
time 32
note_off 71
time 74
note_on 76
velocity 94
time 57
note_on 73
velocity 85
time 7
note_off 76
time 10
note_on 70
velocity 91
time 123
note_off 73
time 24
note_off 70
time 88
note_on 75
velocity 98
time 15
note_on 72
velocity 94
time 87
note_off 75
time 22
note_off 72
time 83
note_on 69
velocity 93
time 18
note_off 69
time 102
note_on 74
velocity 97
time 74
note_on 71
velocity 83
time 489
note_on 62
velocity 65
time 15
note_on 68
velocity 71
time 0
note_on 65
velocity 65
time 1
note_on 50
velocity 60
time 3
note_on 47
velocity 49
time 3
note_on 53
velocity 59
time 3
note_on 56
velocity 60
time 2
note_off 56
time 13
note_off 47
time 31
note_off 62
time 11
note_off 53
time 40
note_off 50
time 63
note_off 71
time 32
note_off 68
time 46
note_off 65
time 121
note_on 65
velocity 64
time 328
note_on 69
velocity 78
time 0
note_on 45
velocity 58
time 7
note_on 50
velocity 57
time 5
note_on 62
velocity 59
time 5
note_on 57
velocity 53
time 1
note_on 53
velocity 52
time 2
note_off 53
time 11
note_off 65
time 61
note_off 50
time 32
note_off 62
time 80
note_on 73
velocity 86
time 437
note_on 67
velocity 61
time 0
note_on 64
velocity 61
time 3
note_on 52
velocity 56
time 2
note_off 74
time 5
note_off 57
time 10
note_off 45
time 39
note_off 52
time 23
note_off 64
time 119
note_off 67
time 74
note_off 69
time 89
note_off 73
time 95
note_on 74
velocity 81
time 591
note_on 66
velocity 62
time 9
note_on 69
velocity 63
time 0
note_on 62
velocity 64
time 3
note_on 38
velocity 58
time 2
note_on 50
velocity 56
time 0
note_off 74
time 281
note_off 38
time 46
note_off 50
time 13
note_off 69
time 266
note_off 62
time 71
note_off 66
time 130
note_on 62
velocity 39
time 735
note_on 64
velocity 46
time 322
note_off 62
time 102
note_on 65
velocity 52
time 2
note_off 64
time 35
note_on 67
velocity 52
time 18
note_off 65
time 0
note_on 64
velocity 50
time 3
note_off 67
time 23
note_off 64
time 39
note_on 65
velocity 48
time 152
note_off 65
time 210
note_on 62
velocity 48
time 24
note_off 62
time 230
note_on 61
velocity 54
time 6
note_on 62
velocity 55
time 143
note_off 61
time 7
note_off 62
time 6
note_on 70
velocity 54
time 143
note_off 70
time 74
note_on 69
velocity 42
time 42
note_off 69
time 87
note_on 67
velocity 59
time 11
note_off 67
time 82
note_on 69
velocity 61
time 20
note_off 69
time 91
note_on 67
velocity 60
time 31
note_off 67
time 61
note_on 69
velocity 58
time 48
note_off 69
time 78
note_on 67
velocity 58
time 28
note_off 67
time 88
note_on 65
velocity 55
time 31
note_off 65
time 91
note_on 67
velocity 52
time 3
note_off 67
time 132
note_on 69
velocity 54
time 19
note_on 57
velocity 48
time 501
note_on 59
velocity 58
time 470
note_off 57
time 109
note_on 67
velocity 50
time 100
note_off 69
time 156
note_on 60
velocity 56
time 69
note_off 67
time 1
note_on 65
velocity 47
time 11
note_off 59
time 57
note_off 65
time 52
note_on 64
velocity 42
time 46
note_off 64
time 218
note_on 67
velocity 56
time 14
note_on 62
velocity 56
time 9
note_off 60
time 105
note_off 67
time 89
note_on 65
velocity 56
time 1
note_off 65
time 242
note_on 59
velocity 57
time 22
note_on 64
velocity 49
time 1
note_off 62
time 50
note_on 62
velocity 50
time 184
note_off 64
time 35
note_off 62
time 187
note_off 59
time 20
note_on 60
velocity 55
time 0
note_on 64
velocity 49
time 2
note_on 57
velocity 60
time 204
note_off 60
time 39
note_on 56
velocity 64
time 123
note_off 64
time 2
note_on 72
velocity 63
time 2
note_off 57
time 11
note_off 56
time 143
note_on 57
velocity 71
time 44
note_off 57
time 52
note_on 65
velocity 68
time 52
note_on 71
velocity 56
time 204
note_off 72
time 46
note_off 65
time 75
note_on 69
velocity 57
time 3
note_off 71
time 0
note_on 71
velocity 57
time 7
note_off 69
time 44
note_off 71
time 48
note_on 71
velocity 54
time 5
note_on 64
velocity 39
time 11
note_off 64
time 11
note_on 62
velocity 57
time 1
note_off 62
time 14
note_off 71
time 10
note_on 64
velocity 52
time 6
note_on 69
velocity 59
time 10
note_on 62
velocity 53
time 93
note_off 64
time 0
note_off 69
time 29
note_off 62
time 24
note_on 68
velocity 59
time 7
note_on 64
velocity 51
time 11
note_off 64
time 26
note_on 62
velocity 47
time 15
note_off 62
time 14
note_on 60
velocity 55
time 16
note_on 69
velocity 68
time 1
note_off 68
time 7
note_off 60
time 0
note_on 62
velocity 57
time 0
note_off 69
time 0
note_off 62
time 26
note_on 69
velocity 68
time 13
note_on 64
velocity 56
time 5
note_on 67
velocity 70
time 63
note_off 69
time 59
note_on 66
velocity 73
time 18
note_off 67
time 10
note_on 67
velocity 73
time 3
note_off 66
time 18
note_off 67
time 18
note_on 76
velocity 66
time 11
note_on 62
velocity 47
time 23
note_off 64
time 16
note_off 76
time 28
note_on 61
velocity 48
time 9
note_off 62
time 1
note_off 61
time 32
note_on 59
velocity 52
time 15
note_on 67
velocity 62
time 200
note_on 62
velocity 48
time 16
note_off 59
time 31
note_on 61
velocity 51
time 177
note_off 62
time 2
note_on 59
velocity 50
time 229
note_off 61
time 11
note_off 59
time 33
note_on 57
velocity 46
time 14
note_on 65
velocity 44
time 218
note_on 62
velocity 36
time 6
note_off 57
time 15
note_off 67
time 27
note_on 74
velocity 49
time 177
note_on 50
velocity 50
time 2
note_on 52
velocity 61
time 167
note_off 50
time 162
note_off 62
time 27
note_on 72
velocity 49
time 58
note_off 74
time 53
note_off 65
time 13
note_on 53
velocity 65
time 152
note_on 70
velocity 52
time 26
note_off 72
time 7
note_off 52
time 115
note_off 70
time 55
note_on 69
velocity 50
time 22
note_off 69
time 5
note_on 55
velocity 56
time 7
note_on 72
velocity 56
time 6
note_off 53
time 11
note_off 72
time 111
note_on 70
velocity 46
time 13
note_on 52
velocity 58
time 235
note_on 69
velocity 49
time 11
note_off 70
time 7
note_off 55
time 89
note_off 69
time 100
note_on 67
velocity 39
time 19
note_on 69
velocity 56
time 231
note_on 53
velocity 46
time 18
note_off 52
time 35
note_off 67
time 13
note_on 50
velocity 59
time 173
note_off 53
time 37
note_on 49
velocity 58
time 180
note_on 65
velocity 63
time 7
note_off 50
time 20
note_on 50
velocity 72
time 194
note_off 49
time 16
note_off 69
time 23
note_off 50
time 20
note_on 67
velocity 60
time 15
note_on 58
velocity 67
time 18
note_on 64
velocity 54
time 14
note_off 65
time 19
note_off 58
time 13
note_off 64
time 19
note_on 62
velocity 45
time 26
note_off 62
time 27
note_on 64
velocity 50
time 6
note_off 64
time 122
note_on 57
velocity 50
time 70
note_on 64
velocity 48
time 7
note_off 57
time 96
note_on 55
velocity 54
time 16
note_off 55
time 55
note_off 64
time 5
note_on 62
velocity 53
time 27
note_on 57
velocity 56
time 7
note_off 57
time 67
note_on 55
velocity 51
time 28
note_off 55
time 59
note_off 62
time 7
note_on 57
velocity 53
time 31
note_on 61
velocity 39
time 19
note_off 57
time 33
note_on 55
velocity 45
time 36
note_off 61
time 48
note_off 55
time 16
note_on 53
velocity 51
time 41
note_on 62
velocity 51
time 36
note_off 53
time 19
note_on 55
velocity 50
time 42
note_off 62
time 119
note_on 57
velocity 44
time 28
note_on 61
velocity 43
time 13
note_off 55
time 36
note_on 64
velocity 57
time 3
note_off 61
time 6
note_on 65
velocity 68
time 143
note_on 62
velocity 44
time 27
note_off 64
time 48
note_off 67
time 14
note_on 55
velocity 53
time 109
note_off 57
time 91
note_on 67
velocity 74
time 11
note_off 62
time 3
note_on 53
velocity 46
time 0
note_on 64
velocity 50
time 11
note_off 65
time 9
note_off 55
time 0
note_on 52
velocity 50
time 1
note_off 53
time 5
note_on 55
velocity 47
time 15
note_on 69
velocity 76
time 3
note_on 61
velocity 50
time 13
note_off 52
time 7
note_off 64
time 5
note_off 67
time 3
note_off 55
time 80
note_on 53
velocity 51
time 3
note_off 61
time 16
note_on 65
velocity 77
time 10
note_on 62
velocity 54
time 16
note_on 52
velocity 50
time 22
note_off 69
time 2
note_off 53
time 7
note_off 52
time 31
note_on 50
velocity 51
time 7
note_on 55
velocity 51
time 192
note_on 70
velocity 74
time 1
note_off 65
time 1
note_off 50
time 2
note_on 63
velocity 53
time 6
note_off 62
time 59
note_on 67
velocity 80
time 13
note_off 63
time 7
note_off 55
time 7
note_off 70
time 5
note_on 66
velocity 75
time 14
note_off 67
time 10
note_on 58
velocity 47
time 1
note_on 62
velocity 53
time 3
note_on 67
velocity 83
time 7
note_off 66
time 13
note_off 62
time 13
note_off 67
time 0
note_on 68
velocity 66
time 14
note_on 75
velocity 78
time 7
note_off 68
time 10
note_on 57
velocity 50
time 6
note_off 58
time 3
note_on 55
velocity 35
time 3
note_off 57
time 5
note_off 75
time 13
note_on 57
velocity 52
time 84
note_off 55
time 18
note_off 57
time 11
note_on 74
velocity 68
time 2
note_on 57
velocity 48
time 13
note_on 64
velocity 50
time 3
note_off 74
time 13
note_on 73
velocity 67
time 5
note_off 57
time 37
note_on 55
velocity 46
time 26
note_off 73
time 6
note_on 74
velocity 65
time 10
note_off 74
time 19
note_on 73
velocity 59
time 19
note_off 55
time 33
note_on 53
velocity 45
time 10
note_off 73
time 5
note_on 74
velocity 66
time 7
note_off 74
time 7
note_on 73
velocity 67
time 1
note_off 53
time 2
note_on 55
velocity 50
time 36
note_off 73
time 31
note_on 71
velocity 68
time 9
note_off 55
time 32
note_on 73
velocity 64
time 80
note_off 71
time 5
note_on 55
velocity 37
time 3
note_off 73
time 10
note_off 64
time 1
note_on 74
velocity 62
time 10
note_off 55
time 18
note_on 53
velocity 39
time 29
note_on 69
velocity 54
time 7
note_off 69
time 10
note_on 52
velocity 39
time 6
note_off 53
time 2
note_on 67
velocity 48
time 1
note_off 74
time 3
note_off 52
time 11
note_on 53
velocity 41
time 0
note_off 67
time 9
note_on 69
velocity 51
time 1
note_off 69
time 19
note_on 57
velocity 39
time 6
note_on 74
velocity 56
time 2
note_on 65
velocity 46
time 5
note_off 53
time 3
note_on 55
velocity 44
time 5
note_off 57
time 0
note_off 55
time 7
note_off 74
time 2
note_on 53
velocity 43
time 3
note_off 65
time 2
note_off 53
time 85
note_on 55
velocity 46
time 32
note_off 55
time 5
note_on 72
velocity 55
time 6
note_on 55
velocity 45
time 9
note_on 62
velocity 35
time 3
note_off 72
time 11
note_on 71
velocity 57
time 5
note_off 55
time 0
note_off 71
time 0
note_on 72
velocity 61
time 16
note_on 53
velocity 46
time 0
note_off 72
time 87
note_on 71
velocity 56
time 26
note_off 53
time 5
note_off 71
time 49
note_on 52
velocity 43
time 16
note_on 72
velocity 60
time 15
note_off 72
time 14
note_on 71
velocity 54
time 7
note_off 52
time 54
note_on 53
velocity 41
time 22
note_off 71
time 1
note_on 69
velocity 57
time 23
note_off 53
time 39
note_off 69
time 48
note_on 71
velocity 55
time 14
note_off 71
time 10
note_on 53
velocity 38
time 27
note_on 72
velocity 57
time 6
note_off 62
time 13
note_on 67
velocity 42
time 0
note_on 52
velocity 44
time 3
note_off 53
time 10
note_off 52
time 9
note_off 67
time 0
note_on 50
velocity 39
time 28
note_on 65
velocity 40
time 3
note_off 65
time 10
note_on 52
velocity 39
time 15
note_on 67
velocity 50
time 1
note_off 72
time 0
note_off 50
time 1
note_off 67
time 5
note_on 72
velocity 55
time 0
note_on 55
velocity 38
time 7
note_off 52
time 3
note_on 63
velocity 37
time 0
note_off 55
time 5
note_on 53
velocity 39
time 14
note_off 72
time 15
note_on 51
velocity 51
time 10
note_off 53
time 9
note_off 63
time 1
note_off 51
time 96
note_on 53
velocity 48
time 13
note_off 53
time 11
note_on 70
velocity 49
time 16
note_on 60
velocity 28
time 9
note_on 53
velocity 43
time 1
note_on 69
velocity 65
time 10
note_off 70
time 7
note_off 53
time 40
note_off 69
time 19
note_on 70
velocity 65
time 3
note_on 51
velocity 43
time 11
note_off 70
time 7
note_on 69
velocity 61
time 5
note_off 51
time 2
note_off 69
time 27
note_on 70
velocity 70
time 0
note_on 50
velocity 44
time 1
note_off 70
time 39
note_on 69
velocity 61
time 5
note_off 50
time 66
note_on 51
velocity 49
time 7
note_off 69
time 6
note_on 67
velocity 62
time 20
note_off 51
time 37
note_on 69
velocity 60
time 1
note_off 67
time 7
note_off 60
time 13
note_off 69
time 26
note_on 70
velocity 70
time 9
note_on 51
velocity 50
time 24
note_on 50
velocity 66
time 42
note_off 51
time 6
note_on 49
velocity 64
time 151
note_on 69
velocity 84
time 9
note_off 50
time 40
note_on 50
velocity 77
time 5
note_off 49
time 28
note_off 50
time 27
note_on 67
velocity 70
time 9
note_on 58
velocity 77
time 11
note_off 69
time 1
note_off 58
time 7
note_off 67
time 105
note_on 65
velocity 60
time 14
note_on 64
velocity 63
time 72
note_off 65
time 3
note_on 57
velocity 61
time 0
note_off 57
time 104
note_on 55
velocity 59
time 11
note_off 55
time 67
note_on 57
velocity 59
time 48
note_off 57
time 66
note_on 55
velocity 55
time 37
note_off 55
time 54
note_on 67
velocity 57
time 9
note_off 64
time 2
note_on 57
velocity 55
time 44
note_off 57
time 53
note_on 55
velocity 47
time 42
note_off 55
time 29
note_on 53
velocity 49
time 41
note_off 53
time 58
note_on 55
velocity 50
time 32
note_on 61
velocity 43
time 145
note_off 67
time 20
note_on 57
velocity 39
time 3
note_off 55
time 3
note_on 69
velocity 64
time 19
note_off 70
time 18
note_off 61
time 9
note_on 71
velocity 70
time 11
note_on 62
velocity 50
time 5
note_on 55
velocity 52
time 136
note_off 62
time 23
note_off 57
time 20
note_on 73
velocity 86
time 3
note_on 64
velocity 57
time 15
note_on 53
velocity 45
time 13
note_off 55
time 9
note_off 71
time 18
note_off 69
time 9
note_off 53
time 18
note_on 52
velocity 54
time 19
note_on 57
velocity 51
time 9
note_on 55
velocity 52
time 1
note_off 52
time 5
note_on 74
velocity 85
time 11
note_off 73
time 11
note_off 64
time 16
note_on 53
velocity 51
time 140
note_off 55
time 7
note_on 71
velocity 84
time 212
note_off 53
time 9
note_on 52
velocity 51
time 15
note_off 74
time 55
note_off 52
time 144
note_on 50
velocity 48
time 23
note_on 52
velocity 37
time 216
note_off 50
time 5
note_on 73
velocity 71
time 20
note_off 57
time 36
note_off 71
time 33
note_on 69
velocity 74
time 157
note_off 73
time 88
note_off 52
time 109
note_on 64
velocity 71
time 20
note_on 68
velocity 67
time 9
note_on 49
velocity 42
time 9
note_off 69
time 40
note_on 69
velocity 82
time 10
note_off 68
time 14
note_off 64
time 2
note_off 69
time 1
note_off 49
time 2
note_on 50
velocity 54
time 18
note_on 62
velocity 61
time 5
note_on 77
velocity 78
time 3
note_off 62
time 3
note_off 77
time 2
note_on 52
velocity 60
time 5
note_on 61
velocity 73
time 3
note_off 50
time 19
note_off 61
time 7
note_off 52
time 9
note_on 76
velocity 78
time 5
note_on 59
velocity 56
time 10
note_on 53
velocity 59
time 1
note_on 74
velocity 75
time 13
note_off 76
time 7
note_off 74
time 0
note_on 76
velocity 79
time 14
note_off 59
time 41
note_off 76
time 58
note_on 74
velocity 79
time 5
note_off 74
time 9
note_on 50
velocity 51
time 3
note_on 62
velocity 58
time 6
note_on 76
velocity 73
time 2
note_off 53
time 3
note_on 74
velocity 81
time 0
note_off 50
time 10
note_off 76
time 0
note_off 74
time 1
note_on 73
velocity 80
time 9
note_off 73
time 24
note_on 74
velocity 81
time 7
note_on 76
velocity 84
time 1
note_on 57
velocity 48
time 6
note_on 61
velocity 48
time 5
note_off 74
time 0
note_off 62
time 9
note_on 64
velocity 64
time 0
note_off 61
time 15
note_off 76
time 28
note_on 65
velocity 57
time 13
note_on 81
velocity 89
time 5
note_off 64
time 1
note_on 64
velocity 72
time 6
note_off 65
time 6
note_off 64
time 26
note_off 57
time 10
note_on 57
velocity 62
time 14
note_on 54
velocity 56
time 9
note_on 79
velocity 84
time 1
note_off 81
time 7
note_on 52
velocity 55
time 14
note_on 78
velocity 87
time 28
note_off 54
time 15
note_off 57
time 7
note_off 79
time 1
note_on 76
velocity 92
time 2
note_off 78
time 24
note_on 60
velocity 51
time 11
note_on 50
velocity 49
time 6
note_on 79
velocity 79
time 10
note_off 76
time 1
note_off 52
time 15
note_on 78
velocity 86
time 5
note_on 54
velocity 48
time 59
note_off 50
time 10
note_on 76
velocity 86
time 10
note_off 78
time 55
note_off 79
time 15
note_off 54
time 10
note_on 74
velocity 91
time 27
note_off 76
time 9
note_on 55
velocity 41
time 9
note_on 58
velocity 43
time 5
note_off 60
time 15
note_on 75
velocity 87
time 0
note_off 74
time 6
note_on 84
velocity 88
time 3
note_on 62
velocity 47
time 6
note_off 75
time 11
note_off 58
time 9
note_on 63
velocity 46
time 7
note_on 82
velocity 74
time 9
note_off 62
time 7
note_off 84
time 1
note_off 63
time 14
note_on 62
velocity 55
time 1
note_off 62
time 53
note_off 55
time 26
note_on 56
velocity 53
time 7
note_on 59
velocity 48
time 6
note_on 81
velocity 68
time 16
note_off 82
time 1
note_on 54
velocity 44
time 79
note_off 56
time 10
note_on 80
velocity 69
time 1
note_off 81
time 31
note_on 78
velocity 69
time 15
note_off 80
time 13
note_on 52
velocity 37
time 0
note_on 64
velocity 34
time 3
note_on 81
velocity 59
time 10
note_off 78
time 0
note_off 54
time 5
note_off 59
time 10
note_on 80
velocity 64
time 27
note_off 81
time 7
note_on 56
velocity 37
time 153
note_on 78
velocity 57
time 11
note_off 80
time 42
note_off 52
time 79
note_off 78
time 98
note_on 76
velocity 52
time 3
note_off 56
time 191
note_on 57
velocity 34
time 46
note_on 74
velocity 56
time 15
note_off 76
time 14
note_off 64
time 11
note_off 57
time 9
note_off 74
time 15
note_on 72
velocity 43
time 15
note_off 72
time 3
note_on 71
velocity 45
time 11
note_on 45
velocity 45
time 5
note_off 71
time 5
note_on 72
velocity 54
time 3
note_off 72
time 54
note_on 47
velocity 63
time 0
note_on 72
velocity 43
time 11
note_off 45
time 3
note_on 71
velocity 50
time 2
note_off 72
time 6
note_off 71
time 37
note_on 48
velocity 67
time 3
note_on 69
velocity 51
time 11
note_off 47
time 14
note_off 69
time 11
note_on 71
velocity 51
time 0
note_off 71
time 36
note_on 50
velocity 70
time 6
note_on 71
velocity 48
time 9
note_off 48
time 15
note_on 69
velocity 53
time 26
note_off 71
time 9
note_off 69
time 11
note_on 47
velocity 67
time 11
note_on 68
velocity 55
time 6
note_off 50
time 1
note_on 69
velocity 63
time 9
note_off 68
time 35
note_off 69
time 11
note_on 67
velocity 67
time 3
note_off 47
time 1
note_on 49
velocity 54
time 3
note_on 44
velocity 37
time 26
note_off 44
time 33
note_on 45
velocity 42
time 3
note_off 49
time 13
note_on 57
velocity 75
time 153
note_on 44
velocity 46
time 9
note_off 45
time 2
note_on 45
velocity 50
time 1
note_off 44
time 11
note_off 45
time 22
note_on 59
velocity 78
time 16
note_on 53
velocity 54
time 9
note_off 57
time 9
note_on 65
velocity 63
time 9
note_off 67
time 5
note_off 53
time 2
note_on 61
velocity 73
time 10
note_off 65
time 5
note_on 64
velocity 62
time 1
note_off 64
time 0
note_on 65
velocity 57
time 15
note_off 65
time 7
note_off 61
time 6
note_on 62
velocity 69
time 14
note_on 52
velocity 43
time 2
note_on 65
velocity 52
time 18
note_off 52
time 16
note_on 50
velocity 45
time 11
note_off 50
time 7
note_on 64
velocity 58
time 9
note_off 62
time 6
note_on 52
velocity 55
time 13
note_off 52
time 54
note_off 59
time 7
note_on 50
velocity 38
time 3
note_off 50
time 18
note_on 52
velocity 48
time 7
note_on 59
velocity 69
time 2
note_on 62
velocity 42
time 15
note_off 64
time 14
note_off 65
time 3
note_off 52
time 0
note_on 49
velocity 49
time 15
note_on 69
velocity 59
time 16
note_off 49
time 5
note_on 50
velocity 57
time 26
note_off 62
time 23
note_off 69
time 0
note_on 52
velocity 54
time 9
note_off 50
time 5
note_off 59
time 10
note_on 60
velocity 59
time 1
note_on 69
velocity 62
time 16
note_on 57
velocity 66
time 9
note_off 60
time 11
note_off 52
time 13
note_off 57
time 3
note_on 53
velocity 50
time 0
note_on 56
velocity 58
time 0
note_off 56
time 15
note_on 57
velocity 65
time 1
note_off 53
time 1
note_off 57
time 0
note_on 52
velocity 46
time 15
note_on 65
velocity 62
time 0
note_on 50
velocity 49
time 0
note_off 52
time 0
note_off 50
time 0
note_on 48
velocity 40
time 3
note_off 65
time 7
note_on 50
velocity 42
time 11
note_off 48
time 39
note_off 50
time 39
note_on 64
velocity 51
time 13
note_on 50
velocity 31
time 3
note_off 64
time 15
note_on 62
velocity 53
time 13
note_off 50
time 29
note_off 62
time 9
note_on 48
velocity 44
time 3
note_on 64
velocity 55
time 33
note_off 64
time 63
note_on 62
velocity 48
time 58
note_off 48
time 26
note_off 62
time 33
note_on 47
velocity 42
time 13
note_on 64
velocity 51
time 23
note_off 64
time 0
note_on 62
velocity 53
time 13
note_off 47
time 3
note_off 62
time 2
note_on 48
velocity 44
time 15
note_on 60
velocity 50
time 0
note_off 48
time 10
note_off 60
time 9
note_on 62
velocity 46
time 44
note_off 62
time 3
note_on 64
velocity 47
time 6
note_on 48
velocity 40
time 1
note_off 48
time 488
note_on 65
velocity 38
time 2
note_off 64
time 3
note_on 50
velocity 36
time 1
note_off 50
time 7
note_off 65
time 14
note_off 69
time 66
note_on 60
velocity 49
time 7
note_on 52
velocity 39
time 15
note_off 60
time 111
note_on 59
velocity 50
time 28
note_off 52
time 79
note_on 75
velocity 63
time 10
note_off 59
time 18
note_on 60
velocity 49
time 11
note_off 60
time 0
note_on 59
velocity 42
time 15
note_off 59
time 14
note_on 60
velocity 47
time 7
note_on 50
velocity 44
time 6
note_on 76
velocity 64
time 2
note_off 60
time 0
note_on 59
velocity 53
time 13
note_off 75
time 5
note_off 76
time 1
note_off 59
time 11
note_on 69
velocity 61
time 18
note_on 60
velocity 49
time 16
note_off 50
time 15
note_off 60
time 24
note_on 59
velocity 48
time 44
note_off 59
time 16
note_on 60
velocity 57
time 3
note_on 72
velocity 67
time 5
note_off 69
time 3
note_on 52
velocity 43
time 3
note_off 60
time 14
note_on 59
velocity 57
time 10
note_off 59
time 32
note_on 60
velocity 53
time 42
note_on 71
velocity 66
time 5
note_off 72
time 52
note_off 60
time 27
note_on 59
velocity 57
time 23
note_off 59
time 52
note_on 60
velocity 53
time 52
note_on 69
velocity 58
time 40
note_off 60
time 11
note_off 71
time 24
note_on 59
velocity 50
time 7
note_off 59
time 48
note_on 57
velocity 54
time 20
note_off 69
time 3
note_on 68
velocity 59
time 20
note_off 68
time 44
note_off 57
time 48
note_on 59
velocity 55
time 39
note_off 52
time 2
note_off 59
time 13
note_on 57
velocity 54
time 13
note_on 69
velocity 63
time 6
note_off 69
time 36
note_on 68
velocity 69
time 7
note_off 68
time 63
note_on 69
velocity 71
time 13
note_on 45
velocity 53
time 365
note_on 47
velocity 61
time 483
note_off 57
time 87
note_off 45
time 42
note_on 67
velocity 48
time 96
note_off 69
time 45
note_off 67
time 195
note_on 49
velocity 62
time 9
note_on 65
velocity 42
time 6
note_off 47
time 115
note_off 65
time 89
note_on 64
velocity 40
time 32
note_off 64
time 59
note_on 67
velocity 53
time 7
note_on 50
velocity 66
time 15
note_off 49
time 71
note_off 67
time 1
note_on 65
velocity 44
time 14
note_off 65
time 18
note_on 47
velocity 68
time 0
note_on 64
velocity 51
time 0
note_off 50
time 5
note_off 64
time 10
note_on 62
velocity 45
time 10
note_off 62
time 18
note_on 49
velocity 51
time 15
note_on 64
velocity 55
time 0
note_off 47
time 2
note_on 45
velocity 52
time 1
note_off 49
time 16
note_on 76
velocity 75
time 9
note_on 44
velocity 47
time 0
note_off 45
time 15
note_on 45
velocity 55
time 0
note_off 44
time 1
note_off 45
time 52
note_on 74
velocity 72
time 15
note_on 53
velocity 53
time 0
note_off 76
time 15
note_off 64
time 3
note_on 73
velocity 77
time 45
note_off 53
time 2
note_off 74
time 15
note_on 71
velocity 65
time 7
note_on 52
velocity 50
time 2
note_off 73
time 23
note_off 52
time 3
note_on 50
velocity 55
time 18
note_off 50
time 13
note_on 52
velocity 50
time 18
note_off 52
time 0
note_on 50
velocity 53
time 29
note_off 50
time 65
note_on 74
velocity 63
time 7
note_off 71
time 33
note_on 52
velocity 54
time 15
note_off 52
time 48
note_on 50
velocity 57
time 35
note_off 50
time 1
note_on 49
velocity 58
time 20
note_off 49
time 113
note_off 74
time 22
note_on 73
velocity 68
time 48
note_on 57
velocity 59
time 7
note_on 76
velocity 66
time 1
note_off 73
time 35
note_on 53
velocity 43
time 15
note_off 57
time 1
note_on 77
velocity 67
time 7
note_off 76
time 33
note_on 76
velocity 70
time 85
note_off 77
time 39
note_off 76
time 42
note_off 53
time 130
note_on 52
velocity 40
time 13
note_on 67
velocity 63
time 26
note_off 67
time 190
note_off 52
time 10
note_on 50
velocity 46
time 19
note_on 70
velocity 56
time 358
note_on 49
velocity 36
time 6
note_off 50
time 48
note_on 52
velocity 46
time 355
note_off 49
time 28
note_off 52
time 197
note_on 50
velocity 40
time 18
note_on 69
velocity 59
time 126
note_on 53
velocity 43
time 19
note_off 50
time 59
note_off 70
time 39
note_on 67
velocity 62
time 13
note_off 69
time 2
note_off 53
time 1
note_on 55
velocity 48
time 3
note_on 53
velocity 41
time 13
note_on 69
velocity 65
time 1
note_off 67
time 3
note_off 55
time 6
note_off 69
time 1
note_on 69
velocity 56
time 18
note_off 53
time 1
note_on 45
velocity 50
time 7
note_on 67
velocity 59
time 18
note_off 69
time 1
note_off 45
time 63
note_off 67
time 14
note_on 65
velocity 49
time 9
note_on 67
velocity 60
time 14
note_off 65
time 0
note_off 67
time 55
note_on 50
velocity 55
time 2
note_on 67
velocity 60
time 7
note_off 50
time 9
note_on 49
velocity 46
time 18
note_off 49
time 7
note_on 65
velocity 56
time 0
note_on 50
velocity 50
time 1
note_off 67
time 0
note_off 50
time 11
note_on 49
velocity 46
time 11
note_off 49
time 58
note_off 65
time 15
note_on 64
velocity 48
time 35
note_on 50
velocity 45
time 2
note_off 50
time 41
note_on 49
velocity 45
time 2
note_off 49
time 5
note_on 47
velocity 43
time 5
note_off 64
time 11
note_on 65
velocity 47
time 11
note_off 47
time 3
note_on 49
velocity 41
time 10
note_off 65
time 65
note_off 49
time 7
note_on 50
velocity 33
time 0
note_on 65
velocity 36
time 1
note_on 62
velocity 54
time 14
note_on 60
velocity 63
time 16
note_off 65
time 14
note_on 64
velocity 40
time 18
note_on 58
velocity 68
time 7
note_off 64
time 13
note_on 66
velocity 41
time 14
note_off 60
time 5
note_off 62
time 2
note_on 67
velocity 48
time 91
note_off 66
time 0
note_on 57
velocity 58
time 0
note_off 67
time 13
note_on 66
velocity 51
time 11
note_off 58
time 5
note_on 67
velocity 46
time 5
note_off 66
time 1
note_on 69
velocity 57
time 13
note_on 60
velocity 52
time 1
note_off 67
time 16
note_off 57
time 2
note_on 67
velocity 52
time 9
note_off 69
time 5
note_off 67
time 5
note_on 58
velocity 47
time 3
note_on 67
velocity 24
time 2
note_off 60
time 2
note_off 50
time 6
note_on 69
velocity 38
time 2
note_off 67
time 33
note_on 55
velocity 65
time 36
note_off 69
time 1
note_on 70
velocity 50
time 1
note_on 69
velocity 57
time 16
note_off 70
time 6
note_off 69
time 110
note_on 54
velocity 68
time 13
note_on 62
velocity 64
time 0
note_on 69
velocity 59
time 0
note_off 55
time 11
note_off 58
time 7
note_on 71
velocity 70
time 7
note_off 69
time 9
note_on 52
velocity 75
time 3
note_on 72
velocity 71
time 5
note_off 71
time 1
note_off 54
time 3
note_on 71
velocity 77
time 16
note_off 72
time 5
note_off 71
time 59
note_on 71
velocity 72
time 18
note_on 50
velocity 62
time 7
note_off 52
time 16
note_on 73
velocity 84
time 11
note_off 71
time 0
note_on 74
velocity 88
time 15
note_on 53
velocity 59
time 2
note_off 73
time 9
note_off 50
time 10
note_on 73
velocity 90
time 41
note_off 74
time 48
note_off 73
time 27
note_on 52
velocity 46
time 2
note_on 55
velocity 46
time 14
note_off 62
time 0
note_on 73
velocity 71
time 0
note_off 53
time 10
note_on 81
velocity 77
time 19
note_off 73
time 29
note_off 55
time 177
note_on 79
velocity 79
time 5
note_off 81
time 15
note_off 52
time 7
note_on 50
velocity 58
time 2
note_on 77
velocity 71
time 9
note_on 49
velocity 40
time 2
note_off 50
time 18
note_off 79
time 0
note_on 47
velocity 44
time 15
note_off 49
time 26
note_on 76
velocity 62
time 19
note_on 50
velocity 34
time 31
note_off 47
time 14
note_off 77
time 5
note_off 50
time 45
note_on 49
velocity 43
time 3
note_on 79
velocity 59
time 69
note_off 49
time 6
note_on 47
velocity 39
time 5
note_off 76
time 39
note_off 47
time 164
note_on 45
velocity 41
time 20
note_off 45
time 49
note_off 79
time 0
note_on 50
velocity 29
time 2
note_on 77
velocity 54
time 3
note_off 50
time 7
note_on 81
velocity 43
time 14
note_off 77
time 16
note_off 81
time 9
note_on 82
velocity 58
time 7
note_on 62
velocity 59
time 7
note_on 81
velocity 47
time 18
note_off 82
time 16
note_off 81
time 14
note_on 64
velocity 58
time 6
note_on 73
velocity 53
time 6
note_off 62
time 3
note_off 73
time 240
note_on 65
velocity 65
time 104
note_off 64
time 15
note_on 76
velocity 60
time 92
note_on 67
velocity 64
time 13
note_off 65
time 11
note_on 64
velocity 61
time 14
note_off 67
time 14
note_off 64
time 0
note_on 65
velocity 64
time 14
note_off 76
time 16
note_off 65
time 41
note_on 62
velocity 65
time 10
note_on 57
velocity 49
time 5
note_on 61
velocity 66
time 9
note_on 69
velocity 64
time 5
note_off 62
time 1
note_on 62
velocity 75
time 19
note_off 69
time 5
note_off 61
time 10
note_off 62
time 13
note_on 55
velocity 44
time 9
note_on 74
velocity 67
time 15
note_on 70
velocity 59
time 0
note_off 57
time 6
note_off 55
time 0
note_on 53
velocity 47
time 24
note_off 70
time 2
note_on 52
velocity 37
time 109
note_on 69
velocity 59
time 13
note_on 72
velocity 61
time 0
note_off 53
time 0
note_off 74
time 16
note_off 69
time 14
note_on 67
velocity 63
time 0
note_off 67
time 61
note_on 69
velocity 58
time 37
note_off 69
time 49
note_on 67
velocity 62
time 46
note_off 67
time 52
note_on 55
velocity 37
time 46
note_on 69
velocity 56
time 13
note_off 69
time 61
note_off 52
time 18
note_on 67
velocity 65
time 9
note_off 67
time 96
note_on 65
velocity 53
time 31
note_off 65
time 58
note_on 67
velocity 58
time 44
note_off 67
time 62
note_on 54
velocity 37
time 14
note_off 55
time 0
note_on 69
velocity 53
time 49
note_off 72
time 1
note_on 57
velocity 43
time 3
note_off 54
time 9
note_on 58
velocity 48
time 9
note_on 75
velocity 76
time 1
note_off 57
time 13
note_off 58
time 24
note_on 57
velocity 46
time 3
note_on 54
velocity 48
time 16
note_on 50
velocity 37
time 2
note_off 57
time 2
note_on 74
velocity 63
time 5
note_off 54
time 44
note_off 75
time 63
note_on 72
velocity 64
time 1
note_off 74
time 2
note_on 74
velocity 59
time 26
note_off 72
time 2
note_off 74
time 9
note_on 54
velocity 39
time 10
note_on 74
velocity 60
time 0
note_on 57
velocity 33
time 1
note_off 69
time 3
note_off 50
time 7
note_off 74
time 5
note_on 72
velocity 62
time 7
note_off 54
time 1
note_off 57
time 2
note_off 72
time 28
note_on 70
velocity 55
time 19
note_on 72
velocity 63
time 135
note_off 70
time 6
note_off 72
time 3
note_on 43
velocity 41
time 9
note_on 72
velocity 57
time 5
note_off 43
time 11
note_on 70
velocity 60
time 18
note_off 72
time 2
note_on 55
velocity 44
time 0
note_off 70
time 0
note_on 54
velocity 51
time 27
note_on 69
velocity 58
time 1
note_off 55
time 11
note_off 54
time 7
note_on 55
velocity 44
time 13
note_off 69
time 10
note_on 70
velocity 61
time 1
note_off 55
time 1
note_on 48
velocity 35
time 2
note_on 52
velocity 30
time 0
note_on 74
velocity 48
time 26
note_off 70
time 32
note_on 72
velocity 59
time 58
note_off 52
time 11
note_off 74
time 3
note_on 70
velocity 60
time 6
note_off 72
time 5
note_on 72
velocity 54
time 35
note_off 70
time 11
note_off 72
time 10
note_on 72
velocity 52
time 9
note_on 52
velocity 37
time 10
note_on 55
velocity 27
time 7
note_off 48
time 3
note_off 72
time 37
note_on 70
velocity 59
time 15
note_off 55
time 3
note_off 70
time 9
note_off 52
time 9
note_on 69
velocity 58
time 14
note_on 70
velocity 61
time 16
note_off 69
time 11
note_off 70
time 7
note_on 41
velocity 38
time 16
note_on 70
velocity 59
time 7
note_on 69
velocity 62
time 7
note_off 41
time 9
note_on 53
velocity 44
time 1
note_off 70
time 82
note_off 69
time 104
note_on 52
velocity 44
time 18
note_off 53
time 1
note_on 67
velocity 58
time 0
note_off 52
time 145
note_on 53
velocity 48
time 14
note_off 67
time 1
note_on 69
velocity 61
time 18
note_off 53
time 173
note_on 50
velocity 41
time 18
note_off 69
time 3
note_on 72
velocity 57
time 0
note_on 46
velocity 40
time 9
note_on 70
velocity 62
time 187
note_off 50
time 15
note_off 72
time 18
note_off 70
time 183
note_on 69
velocity 56
time 16
note_on 70
velocity 57
time 1
note_off 69
time 6
note_off 70
time 35
note_on 70
velocity 45
time 14
note_off 46
time 7
note_on 53
velocity 35
time 5
note_on 50
velocity 40
time 3
note_off 53
time 10
note_on 69
velocity 49
time 3
note_off 70
time 2
note_off 69
time 0
note_off 50
time 1
note_on 67
velocity 44
time 6
note_on 69
velocity 50
time 37
note_off 67
time 5
note_off 69
time 14
note_on 69
velocity 48
time 18
note_on 52
velocity 40
time 2
note_on 67
velocity 54
time 19
note_off 69
time 0
note_off 67
time 135
note_on 65
velocity 52
time 31
note_on 53
velocity 47
time 6
note_off 65
time 7
note_on 67
velocity 56
time 7
note_off 67
time 49
note_on 76
velocity 63
time 14
note_on 55
velocity 52
time 2
note_off 53
time 18
note_on 57
velocity 64
time 1
note_off 76
time 15
note_off 55
time 18
note_on 74
velocity 68
time 6
note_on 58
velocity 55
time 2
note_off 57
time 7
note_on 73
velocity 73
time 13
note_off 74
time 0
note_off 73
time 63
note_on 74
velocity 78
time 1
note_off 74
time 105
note_on 73
velocity 72
time 7
note_off 73
time 85
note_on 55
velocity 47
time 2
note_off 58
time 23
note_on 74
velocity 78
time 3
note_off 74
time 106
note_on 73
velocity 77
time 16
note_off 73
time 7
note_off 55
time 3
note_on 71
velocity 73
time 2
note_on 73
velocity 72
time 13
note_off 71
time 1
note_off 52
time 18
note_off 73
time 6
note_on 74
velocity 66
time 14
note_on 53
velocity 46
time 11
note_on 57
velocity 37
time 7
note_off 57
time 11
note_off 53
time 3
note_on 53
velocity 65
time 19
note_on 50
velocity 64
time 0
note_off 53
time 2
note_on 55
velocity 59
time 5
note_on 52
velocity 59
time 2
note_off 50
time 0
note_on 72
velocity 76
time 6
note_off 74
time 3
note_on 57
velocity 48
time 6
note_on 70
velocity 76
time 2
note_on 54
velocity 49
time 9
note_off 55
time 1
note_off 52
time 3
note_off 72
time 9
note_on 69
velocity 73
time 29
note_off 70
time 29
note_off 69
time 6
note_on 72
velocity 74
time 9
note_on 55
velocity 41
time 1
note_off 54
time 6
note_off 57
time 11
note_on 70
velocity 68
time 13
note_on 69
velocity 71
time 13
note_on 52
velocity 55
time 1
note_off 70
time 5
note_off 55
time 0
note_off 72
time 13
note_on 67
velocity 71
time 27
note_off 69
time 11
note_off 52
time 5
note_on 69
velocity 70
time 0
note_on 54
velocity 52
time 9
note_off 67
time 0
note_on 50
velocity 50
time 7
note_off 54
time 10
note_off 50
time 11
note_on 66
velocity 76
time 15
note_on 49
velocity 47
time 13
note_on 57
velocity 49
time 0
note_off 69
time 0
note_off 49
time 14
note_on 50
velocity 48
time 18
note_off 57
time 0
note_off 50
time 1
note_on 67
velocity 75
time 11
note_on 55
velocity 47
time 2
note_off 66
time 1
note_on 58
velocity 38
time 1
note_off 58
time 58
note_off 67
time 7
note_off 55
time 65
note_on 69
velocity 73
time 10
note_on 54
velocity 46
time 0
note_on 57
velocity 42
time 2
note_off 54
time 5
note_off 69
time 11
note_off 57
time 1
note_on 70
velocity 61
time 10
note_on 52
velocity 40
time 10
note_on 55
velocity 35
time 0
note_off 52
time 3
note_off 55
time 36
note_off 70
time 11
note_on 67
velocity 57
time 7
note_on 55
velocity 31
time 7
note_on 58
velocity 35
time 11
note_off 58
time 6
note_off 67
time 5
note_off 55
time 3
note_on 57
velocity 31
time 18
note_on 54
velocity 38
time 6
note_on 69
velocity 49
time 3
note_off 69
time 7
note_off 57
time 11
note_on 72
velocity 58
time 1
note_off 54
time 1
note_off 72
time 22
note_on 75
velocity 54
time 9
note_on 58
velocity 35
time 7
note_on 55
velocity 34
time 3
note_off 58
time 50
note_on 54
velocity 33
time 18
note_on 57
velocity 39
time 14
note_off 55
time 1
note_on 74
velocity 60
time 0
note_off 75
time 5
note_on 72
velocity 65
time 14
note_on 55
velocity 39
time 18
note_on 52
velocity 34
time 3
note_off 74
time 7
note_off 57
time 10
note_off 54
time 1
note_off 72
time 16
note_on 70
velocity 62
time 5
note_off 52
time 7
note_on 54
velocity 34
time 3
note_on 74
velocity 61
time 2
note_on 50
velocity 34
time 1
note_off 55
time 1
note_off 70
time 6
note_on 72
velocity 70
time 18
note_off 74
time 37
note_off 54
time 5
note_off 50
time 141
note_on 54
velocity 41
time 20
note_on 70
velocity 72
time 6
note_on 57
velocity 47
time 22
note_off 72
time 20
note_off 54
time 27
note_off 57
time 10
note_off 70
time 11
note_on 69
velocity 75
time 3
note_on 55
velocity 45
time 19
note_on 43
velocity 41
time 6
note_on 70
velocity 72
time 2
note_off 69
time 0
note_off 43
time 2
note_off 55
time 0
note_on 74
velocity 84
time 2
note_off 70
time 14
note_off 74
time 14
note_on 57
velocity 48
time 7
note_on 60
velocity 51
time 1
note_on 77
velocity 79
time 0
note_off 60
time 15
note_on 59
velocity 59
time 6
note_on 56
velocity 56
time 23
note_off 57
time 5
note_on 76
velocity 79
time 9
note_off 77
time 11
note_on 54
velocity 48
time 1
note_on 57
velocity 48
time 3
note_off 59
time 0
note_on 74
velocity 80
time 0
note_off 56
time 9
note_off 76
time 13
note_on 73
velocity 87
time 5
note_off 74
time 18
note_off 57
time 16
note_on 52
velocity 46
time 5
note_on 56
velocity 53
time 1
note_on 76
velocity 85
time 9
note_off 54
time 1
note_off 73
time 15
note_on 74
velocity 87
time 0
note_off 56
time 28
note_off 76
time 10
note_off 52
time 1
note_on 56
velocity 45
time 14
note_on 73
velocity 87
time 3
note_on 59
velocity 54
time 2
note_off 74
time 13
note_off 56
time 7
note_off 59
time 0
note_on 71
velocity 87
time 28
note_off 73
time 13
note_on 45
velocity 52
time 1
note_on 57
velocity 52
time 5
note_on 73
velocity 83
time 16
note_off 71
time 14
note_off 45
time 16
note_off 73
time 11
note_off 57
time 23
note_on 76
velocity 92
time 24
note_off 76
time 5
note_on 65
velocity 52
time 0
note_on 62
velocity 50
time 6
note_on 82
velocity 87
time 14
note_off 65
time 7
note_on 61
velocity 52
time 16
note_off 62
time 9
note_on 64
velocity 52
time 0
note_on 81
velocity 75
time 13
note_off 82
time 6
note_on 59
velocity 43
time 14
note_on 62
velocity 48
time 1
note_on 79
velocity 73
time 0
note_off 64
time 1
note_off 81
time 7
note_off 61
time 6
note_on 77
velocity 76
time 29
note_off 79
time 0
note_off 62
time 2
note_off 59
time 10
note_on 61
velocity 35
time 0
note_on 81
velocity 67
time 13
note_off 77
time 3
note_on 57
velocity 40
time 9
note_on 79
velocity 70
time 36
note_off 61
time 14
note_off 81
time 36
note_on 61
velocity 35
time 3
note_off 57
time 7
note_on 64
velocity 42
time 1
note_on 77
velocity 65
time 0
note_off 79
time 0
note_off 77
time 15
note_on 76
velocity 58
time 36
note_off 61
time 37
note_off 76
time 9
note_off 64
time 10
note_on 62
velocity 43
time 1
note_on 79
velocity 57
time 1
note_off 62
time 11
note_on 77
velocity 54
time 72
note_off 79
time 7
note_off 77
time 13
note_on 50
velocity 57
time 11
note_on 76
velocity 47
time 9
note_off 76
time 1
note_on 77
velocity 54
time 3
note_off 77
time 1
note_on 52
velocity 69
time 15
note_on 77
velocity 56
time 0
note_off 50
time 13
note_on 76
velocity 48
time 6
note_off 77
time 0
note_off 76
time 19
note_on 53
velocity 71
time 5
note_on 74
velocity 47
time 9
note_off 52
time 5
note_on 76
velocity 46
time 63
note_off 74
time 11
note_off 76
time 102
note_on 55
velocity 66
time 14
note_on 76
velocity 50
time 1
note_off 53
time 27
note_on 74
velocity 58
time 57
note_off 76
time 32
note_off 74
time 14
note_on 52
velocity 65
time 1
note_on 73
velocity 54
time 15
note_off 55
time 14
note_on 74
velocity 58
time 2
note_off 73
time 40
note_off 74
time 32
note_off 52
time 3
note_on 72
velocity 68
time 1
note_on 54
velocity 55
time 9
note_on 50
velocity 50
time 11
note_off 54
time 1
note_on 49
velocity 44
time 23
note_on 62
velocity 73
time 7
note_off 50
time 7
note_on 50
velocity 54
time 9
note_off 49
time 6
note_off 50
time 6
note_on 64
velocity 77
time 6
note_on 58
velocity 54
time 14
note_off 62
time 2
note_on 70
velocity 64
time 2
note_off 58
time 131
note_off 72
time 9
note_off 70
time 5
note_on 66
velocity 73
time 1
note_on 69
velocity 58
time 2
note_on 70
velocity 67
time 22
note_off 69
time 20
note_off 70
time 1
note_off 66
time 9
note_on 57
velocity 46
time 3
note_on 70
velocity 68
time 7
note_on 67
velocity 68
time 2
note_off 57
time 24
note_on 55
velocity 52
time 5
note_off 55
time 3
note_on 57
velocity 53
time 13
note_off 67
time 2
note_on 69
velocity 64
time 1
note_off 64
time 88
note_off 57
time 5
note_on 55
velocity 38
time 31
note_off 55
time 36
note_on 64
velocity 73
time 45
note_on 67
velocity 62
time 9
note_on 57
velocity 45
time 3
note_off 70
time 16
note_on 55
velocity 51
time 0
note_off 57
time 0
note_off 69
time 15
note_off 55
time 7
note_on 53
velocity 37
time 5
note_on 74
velocity 71
time 10
note_off 53
time 18
note_off 67
time 13
note_on 55
velocity 47
time 14
note_off 74
time 2
note_off 55
time 16
note_on 57
velocity 49
time 3
note_on 74
velocity 54
time 7
note_on 65
velocity 65
time 5
note_off 64
time 0
note_on 62
velocity 65
time 16
note_off 65
time 18
note_off 57
time 3
note_on 61
velocity 56
time 15
note_on 58
velocity 51
time 3
note_off 62
time 3
note_on 62
velocity 68
time 16
note_off 61
time 15
note_off 58
time 5
note_off 62
time 29
note_on 70
velocity 60
time 14
note_on 57
velocity 34
time 10
note_on 55
velocity 48
time 119
note_off 57
time 40
note_off 55
time 16
note_on 53
velocity 40
time 0
note_off 70
time 10
note_off 53
time 98
note_on 55
velocity 40
time 26
note_off 55
time 18
note_on 69
velocity 53
time 2
note_on 55
velocity 28
time 14
note_off 69
time 18
note_on 67
velocity 57
time 3
note_on 53
velocity 45
time 1
note_off 55
time 5
note_off 67
time 0
note_on 69
velocity 55
time 18
note_off 69
time 19
note_on 67
velocity 51
time 44
note_off 53
time 37
note_on 52
velocity 40
time 44
note_off 67
time 3
note_on 69
velocity 52
time 44
note_off 69
time 13
note_on 67
velocity 57
time 16
note_off 52
time 0
note_off 67
time 3
note_on 65
velocity 54
time 7
note_on 53
velocity 40
time 5
note_off 65
time 7
note_off 53
time 10
note_on 67
velocity 52
time 28
note_off 67
time 5
note_on 53
velocity 39
time 7
note_on 69
velocity 47
time 5
note_on 70
velocity 50
time 450
note_on 55
velocity 39
time 15
note_off 53
time 3
note_off 69
time 3
note_off 55
time 5
note_off 70
time 10
note_off 74
time 10
note_on 57
velocity 40
time 15
note_on 65
velocity 29
time 19
note_off 65
time 7
note_on 64
velocity 49
time 6
note_off 64
time 1
note_on 80
velocity 59
time 10
note_off 57
time 13
note_on 65
velocity 41
time 14
note_off 65
time 18
note_on 64
velocity 45
time 14
note_off 64
time 7
note_on 65
velocity 48
time 7
note_on 81
velocity 58
time 10
note_on 55
velocity 31
time 3
note_off 65
time 14
note_off 80
time 6
note_on 64
velocity 42
time 14
note_off 81
time 1
note_off 64
time 2
note_on 74
velocity 56
time 3
note_off 55
time 1
note_on 65
velocity 47
time 6
note_off 65
time 54
note_on 64
velocity 53
time 9
note_off 64
time 11
note_on 65
velocity 53
time 6
note_on 77
velocity 68
time 7
note_off 74
time 5
note_on 57
velocity 47
time 7
note_off 65
time 6
note_on 64
velocity 49
time 22
note_off 64
time 48
note_on 76
velocity 65
time 15
note_on 65
velocity 53
time 11
note_off 77
time 29
note_off 65
time 57
note_on 64
velocity 56
time 31
note_off 64
time 18
note_on 74
velocity 52
time 3
note_on 65
velocity 48
time 10
note_off 76
time 0
note_off 65
time 0
note_on 64
velocity 54
time 22
note_off 64
time 148
note_on 73
velocity 54
time 29
note_on 62
velocity 42
time 1
note_off 74
time 19
note_off 62
time 2
note_on 64
velocity 49
time 16
note_off 57
time 0
note_off 64
time 2
note_on 74
velocity 56
time 7
note_on 50
velocity 45
time 13
note_off 73
time 1
note_off 50
time 7
note_on 72
velocity 57
time 9
note_on 50
velocity 40
time 2
note_on 69
velocity 47
time 1
note_on 54
velocity 45
time 19
note_on 70
velocity 71
time 15
note_on 55
velocity 45
time 16
note_on 67
velocity 46
time 2
note_on 52
velocity 49
time 1
note_off 69
time 0
note_off 54
time 9
note_off 72
time 9
note_off 67
time 27
note_off 70
time 139
note_off 52
time 66
note_on 70
velocity 26
time 49
note_on 69
velocity 64
time 1
note_on 54
velocity 47
time 2
note_on 66
velocity 45
time 14
note_on 57
velocity 39
time 0
note_off 55
time 1
note_off 57
time 13
note_off 66
time 11
note_off 54
time 11
note_on 67
velocity 49
time 3
note_on 64
velocity 39
time 6
note_on 55
velocity 32
time 3
note_on 58
velocity 38
time 3
note_off 70
time 11
note_off 69
time 3
note_off 55
time 3
note_off 67
time 7
note_off 58
time 3
note_on 70
velocity 49
time 6
note_on 67
velocity 41
time 9
note_on 55
velocity 33
time 2
note_on 52
velocity 35
time 6
note_off 64
time 2
note_off 67
time 3
note_off 55
time 5
note_off 52
time 0
note_off 70
time 11
note_off 50
time 3
note_off 74
time 13
note_on 74
velocity 59
time 1139
note_on 66
velocity 37
time 11
note_on 50
velocity 33
time 0
note_on 69
velocity 48
time 2
note_on 54
velocity 37
time 5
note_on 57
velocity 33
time 0
note_off 74
time 854
note_off 69
time 145
note_off 66
time 425
note_off 50
time 59
note_off 54
time 53
note_off 57
time 169
