note_on 51
velocity 37
time 1026
note_on 60
velocity 37
time 0
note_on 68
velocity 48
time 10
note_on 44
velocity 28
time 0
note_off 68
time 37
note_off 44
time 45
note_off 51
time 48
note_on 58
velocity 40
time 509
note_on 68
velocity 36
time 10
note_on 51
velocity 33
time 14
note_on 44
velocity 27
time 28
note_off 60
time 9
note_off 58
time 10
note_on 60
velocity 57
time 18
note_off 44
time 6
note_off 51
time 14
note_on 61
velocity 65
time 2
note_off 60
time 1
note_off 68
time 11
note_off 61
time 13
note_on 63
velocity 65
time 7
note_on 51
velocity 37
time 15
note_on 68
velocity 40
time 28
note_on 44
velocity 11
time 7
note_off 51
time 9
note_off 44
time 35
note_off 68
time 0
note_off 63
time 7
note_on 60
velocity 61
time 61
note_off 60
time 268
note_on 68
velocity 48
time 13
note_on 61
velocity 45
time 3
note_on 51
velocity 19
time 10
note_on 44
velocity 21
time 13
note_off 44
time 35
note_off 51
time 16
note_on 58
velocity 51
time 369
note_off 68
time 15
note_on 44
velocity 30
time 2
note_off 58
time 14
note_on 68
velocity 48
time 3
note_off 61
time 2
note_off 44
time 0
note_on 60
velocity 44
time 15
note_off 60
time 75
note_off 68
time 22
note_on 61
velocity 60
time 2
note_off 61
time 92
note_on 60
velocity 45
time 66
note_on 51
velocity 25
time 144
note_off 60
time 23
note_on 44
velocity 21
time 10
note_on 58
velocity 49
time 19
note_on 68
velocity 40
time 13
note_off 51
time 23
note_off 44
time 13
note_off 58
time 76
note_on 60
velocity 66
time 13
note_on 61
velocity 72
time 13
note_off 60
time 7
note_off 68
time 11
note_on 51
velocity 39
time 16
note_on 44
velocity 46
time 11
note_on 63
velocity 61
time 14
note_off 51
time 24
note_off 44
time 2
note_off 61
time 0
note_on 68
velocity 45
time 3
note_off 63
time 152
note_on 66
velocity 53
time 54
note_off 68
time 71
note_off 66
time 48
note_on 64
velocity 54
time 6
note_off 64
time 152
note_on 44
velocity 30
time 44
note_on 63
velocity 41
time 3
note_on 51
velocity 20
time 10
note_on 68
velocity 43
time 2
note_off 51
time 19
note_off 44
time 3
note_off 68
time 408
note_on 44
velocity 34
time 10
note_on 68
velocity 39
time 6
note_on 60
velocity 40
time 7
note_off 63
time 18
note_off 60
time 2
note_off 44
time 7
note_on 61
velocity 49
time 7
note_off 68
time 6
note_off 61
time 10
note_on 60
velocity 53
time 10
note_off 60
time 7
note_on 44
velocity 37
time 6
note_on 51
velocity 35
time 7
note_on 58
velocity 45
time 2
note_on 68
velocity 48
time 7
note_off 51
time 7
note_off 44
time 6
note_off 58
time 50
note_on 60
velocity 52
time 1
note_on 51
velocity 29
time 48
note_on 44
velocity 41
time 6
note_off 51
time 15
note_off 44
time 1
note_on 61
velocity 69
time 11
note_off 68
time 6
note_off 60
time 15
note_on 68
velocity 62
time 3
note_on 51
velocity 33
time 11
note_on 63
velocity 69
time 2
note_on 44
velocity 47
time 0
note_off 61
time 9
note_off 51
time 3
note_off 44
time 3
note_off 68
time 5
note_off 63
time 11
note_on 60
velocity 70
time 5
note_off 60
time 0
note_on 63
velocity 61
time 2
note_on 68
velocity 61
time 0
note_on 51
velocity 57
time 5
note_on 61
velocity 67
time 3
note_off 63
time 7
note_on 44
velocity 34
time 3
note_off 51
time 7
note_off 68
time 20
note_off 44
time 5
note_off 61
time 20
note_on 60
velocity 66
time 18
note_on 51
velocity 54
time 5
note_on 68
velocity 58
time 0
note_on 44
velocity 55
time 2
note_off 60
time 2
note_on 61
velocity 58
time 2
note_off 51
time 36
note_off 44
time 9
note_on 58
velocity 67
time 2
note_off 61
time 0
note_off 68
time 0
note_off 58
time 114
note_on 51
velocity 55
time 14
note_on 44
velocity 51
time 3
note_on 60
velocity 52
time 9
note_on 68
velocity 56
time 9
note_off 51
time 24
note_off 44
time 14
note_off 60
time 14
note_off 68
time 32
note_on 61
velocity 59
time 1
note_off 61
time 75
note_on 60
velocity 55
time 7
note_off 60
time 13
note_on 68
velocity 49
time 13
note_on 58
velocity 45
time 2
note_on 44
velocity 37
time 5
note_on 51
velocity 24
time 2
note_off 44
time 11
note_off 51
time 0
note_off 68
time 35
note_off 58
time 138
note_on 60
velocity 53
time 98
note_on 68
velocity 47
time 9
note_on 51
velocity 38
time 2
note_on 44
velocity 32
time 3
note_off 60
time 3
note_off 68
time 5
note_on 68
velocity 21
time 13
note_on 61
velocity 59
time 6
note_off 44
time 11
note_off 51
time 13
note_off 61
time 70
note_off 68
time 40
note_on 51
velocity 29
time 173
note_on 68
velocity 49
time 1
note_on 63
velocity 51
time 6
note_on 44
velocity 37
time 9
note_off 63
time 14
note_off 68
time 0
note_on 66
velocity 55
time 0
note_off 44
time 18
note_off 51
time 18
note_off 66
time 10
note_on 68
velocity 11
time 15
note_on 64
velocity 51
time 1
note_off 64
time 45
note_off 68
time 0
note_on 63
velocity 37
time 18
note_on 68
velocity 34
time 3
note_on 51
velocity 23
time 16
note_on 44
velocity 16
time 0
note_off 68
time 14
note_off 63
time 23
note_off 44
time 800
note_off 51
time 7
note_on 68
velocity 39
time 10
note_on 48
velocity 32
time 1
note_on 80
velocity 62
time 62
note_off 68
time 45
note_off 80
time 31
note_off 48
time 41
note_on 81
velocity 57
time 1
note_on 78
velocity 53
time 1
note_on 63
velocity 36
time 16
note_off 81
time 0
note_off 63
time 14
note_on 63
velocity 39
time 18
note_on 66
velocity 24
time 14
note_on 56
velocity 33
time 18
note_off 63
time 63
note_off 56
time 7
note_off 66
time 15
note_on 80
velocity 65
time 123
note_off 78
time 140
note_on 49
velocity 52
time 13
note_off 49
time 7
note_off 80
time 61
note_on 76
velocity 60
time 13
note_off 76
time 286
note_on 80
velocity 67
time 11
note_off 80
time 3
note_on 56
velocity 46
time 9
note_on 64
velocity 40
time 0
note_on 73
velocity 68
time 24
note_off 56
time 3
note_off 64
time 3
note_on 64
velocity 34
time 1
note_on 56
velocity 41
time 3
note_on 61
velocity 30
time 15
note_off 64
time 15
note_off 56
time 5
note_off 61
time 11
note_on 76
velocity 77
time 7
note_off 73
time 18
note_on 80
velocity 75
time 332
note_off 76
time 125
note_off 80
time 104
note_on 81
velocity 70
time 15
note_on 66
velocity 61
time 18
note_on 78
velocity 76
time 2
note_on 63
velocity 51
time 10
note_off 81
time 3
note_on 56
velocity 33
time 3
note_off 66
time 1
note_off 63
time 5
note_off 56
time 27
note_on 66
velocity 17
time 9
note_on 80
velocity 69
time 6
note_on 63
velocity 42
time 1
note_on 56
velocity 35
time 3
note_off 78
time 15
note_off 66
time 2
note_off 63
time 6
note_off 56
time 22
note_on 49
velocity 42
time 380
note_on 76
velocity 51
time 13
note_off 80
time 5
note_on 78
velocity 62
time 6
note_off 76
time 9
note_off 49
time 2
note_off 78
time 22
note_on 80
velocity 54
time 13
note_off 80
time 37
note_on 80
velocity 59
time 102
note_off 80
time 157
note_on 73
velocity 50
time 14
note_on 64
velocity 31
time 0
note_on 56
velocity 24
time 7
note_on 61
velocity 21
time 3
note_off 64
time 0
note_off 61
time 11
note_off 56
time 2
note_off 73
time 234
note_on 74
velocity 69
time 319
note_on 43
velocity 61
time 15
note_off 43
time 1
note_on 75
velocity 81
time 5
note_off 74
time 6
note_off 75
time 9
note_on 76
velocity 70
time 312
note_on 51
velocity 60
time 70
note_on 61
velocity 60
time 1
note_on 58
velocity 63
time 1
note_on 73
velocity 84
time 13
note_off 61
time 3
note_off 51
time 3
note_off 58
time 7
note_off 76
time 3
note_on 61
velocity 63
time 272
note_on 58
velocity 71
time 2
note_on 51
velocity 51
time 18
note_off 61
time 5
note_off 58
time 9
note_off 51
time 18
note_on 75
velocity 81
time 106
note_off 73
time 16
note_on 44
velocity 60
time 183
note_on 72
velocity 82
time 3
note_off 75
time 14
note_off 44
time 1
note_off 72
time 70
note_on 75
velocity 85
time 11
note_off 75
time 48
note_on 51
velocity 56
time 27
note_on 60
velocity 58
time 3
note_on 68
velocity 76
time 6
note_on 54
velocity 51
time 7
note_off 51
time 22
note_off 60
time 3
note_off 54
time 24
note_off 68
time 48
note_on 60
velocity 53
time 156
note_on 51
velocity 61
time 11
note_on 54
velocity 54
time 11
note_off 60
time 15
note_off 51
time 20
note_off 54
time 3
note_on 71
velocity 72
time 10
note_off 71
time 79
note_on 69
velocity 69
time 11
note_off 69
time 76
note_on 71
velocity 71
time 11
note_off 71
time 62
note_on 69
velocity 77
time 5
note_off 69
time 10
note_on 68
velocity 80
time 32
note_on 44
velocity 60
time 2
note_off 44
time 10
note_off 68
time 10
note_on 66
velocity 75
time 145
note_on 51
velocity 60
time 1
note_on 60
velocity 62
time 7
note_on 54
velocity 51
time 3
note_on 63
velocity 82
time 2
note_off 66
time 14
note_off 51
time 2
note_off 60
time 1
note_off 54
time 1
note_on 60
velocity 44
time 251
note_on 51
velocity 57
time 3
note_on 54
velocity 50
time 10
note_off 63
time 32
note_off 60
time 3
note_on 68
velocity 83
time 5
note_off 54
time 20
note_off 68
time 7
note_off 51
time 3
note_on 68
velocity 76
time 19
note_off 68
time 35
note_on 61
velocity 60
time 14
note_on 37
velocity 40
time 5
note_off 37
time 11
note_off 61
time 80
note_on 49
velocity 44
time 117
note_on 56
velocity 55
time 42
note_off 49
time 9
note_off 56
time 40
note_on 64
velocity 55
time 26
note_off 64
time 49
note_on 68
velocity 39
time 14
note_on 48
velocity 43
time 167
note_on 80
velocity 46
time 74
note_off 48
time 16
note_off 68
time 80
note_off 80
time 54
note_on 81
velocity 50
time 14
note_off 81
time 9
note_on 66
velocity 60
time 2
note_on 63
velocity 49
time 7
note_on 78
velocity 55
time 10
note_on 56
velocity 31
time 1
note_off 66
time 10
note_off 63
time 7
note_off 56
time 28
note_on 56
velocity 40
time 9
note_on 66
velocity 46
time 2
note_on 63
velocity 40
time 5
note_off 66
time 5
note_off 63
time 7
note_off 56
time 6
note_on 80
velocity 61
time 18
note_off 78
time 35
note_on 49
velocity 60
time 15
note_off 80
time 6
note_on 76
velocity 55
time 16
note_off 49
time 1
note_off 76
time 9
note_on 80
velocity 62
time 11
note_off 80
time 9
note_on 73
velocity 65
time 11
note_on 56
velocity 44
time 16
note_on 64
velocity 44
time 0
note_off 56
time 33
note_off 64
time 1
note_on 56
velocity 44
time 3
note_on 64
velocity 29
time 10
note_on 76
velocity 70
time 1
note_off 56
time 1
note_off 73
time 5
note_off 64
time 1
note_on 48
velocity 48
time 19
note_off 48
time 15
note_on 80
velocity 61
time 19
note_off 76
time 55
note_off 80
time 117
note_on 81
velocity 54
time 37
note_off 81
time 6
note_on 78
velocity 62
time 1
note_on 66
velocity 50
time 9
note_on 63
velocity 51
time 1
note_off 66
time 27
note_off 63
time 3
note_on 66
velocity 35
time 2
note_on 56
velocity 29
time 5
note_on 63
velocity 43
time 0
note_on 80
velocity 54
time 5
note_off 78
time 5
note_off 63
time 2
note_off 66
time 0
note_off 56
time 7
note_on 49
velocity 38
time 1
note_on 76
velocity 52
time 9
note_off 49
time 15
note_off 80
time 10
note_on 78
velocity 58
time 13
note_off 76
time 6
note_off 78
time 15
note_on 80
velocity 60
time 53
note_off 80
time 45
note_on 80
velocity 59
time 117
note_on 64
velocity 9
time 3
note_on 61
velocity 35
time 3
note_on 56
velocity 32
time 6
note_on 73
velocity 54
time 9
note_off 80
time 3
note_off 64
time 16
note_off 61
time 16
note_off 56
time 11
note_off 73
time 382
note_on 74
velocity 67
time 117
note_on 43
velocity 41
time 13
note_off 43
time 15
note_on 75
velocity 80
time 11
note_off 74
time 32
note_off 75
time 22
note_on 76
velocity 80
time 285
note_on 61
velocity 63
time 69
note_on 58
velocity 63
time 1
note_on 51
velocity 48
time 1
note_on 73
velocity 73
time 16
note_off 61
time 1
note_off 51
time 14
note_off 58
time 0
note_off 76
time 2
note_on 58
velocity 63
time 264
note_on 61
velocity 43
time 9
note_on 51
velocity 47
time 16
note_off 58
time 9
note_off 61
time 11
note_off 51
time 13
note_off 73
time 57
note_on 75
velocity 68
time 14
note_on 44
velocity 56
time 192
note_on 72
velocity 73
time 2
note_off 75
time 9
note_off 44
time 2
note_off 72
time 55
note_on 75
velocity 77
time 15
note_off 75
time 40
note_on 68
velocity 68
time 5
note_on 60
velocity 54
time 9
note_on 54
velocity 52
time 3
note_on 51
velocity 44
time 0
note_off 60
time 3
note_off 51
time 14
note_off 54
time 1
note_off 68
time 71
note_on 60
velocity 33
time 2
note_on 51
velocity 30
time 7
note_off 60
time 2
note_on 54
velocity 35
time 10
note_on 71
velocity 49
time 2
note_off 51
time 9
note_off 54
time 0
note_off 71
time 3
note_on 69
velocity 62
time 5
note_off 69
time 69
note_on 71
velocity 73
time 24
note_off 71
time 40
note_on 69
velocity 72
time 5
note_off 69
time 5
note_on 44
velocity 49
time 5
note_on 68
velocity 74
time 7
note_off 44
time 10
note_off 68
time 7
note_on 66
velocity 67
time 0
note_on 51
velocity 43
time 16
note_on 54
velocity 45
time 5
note_on 63
velocity 73
time 7
note_off 66
time 0
note_on 60
velocity 39
time 2
note_off 51
time 15
note_off 54
time 13
note_off 60
time 6
note_on 60
velocity 47
time 109
note_on 51
velocity 53
time 13
note_on 68
velocity 74
time 7
note_off 60
time 15
note_off 63
time 0
note_on 54
velocity 37
time 5
note_off 68
time 19
note_off 51
time 2
note_off 54
time 22
note_on 68
velocity 58
time 317
note_off 68
time 18
note_on 37
velocity 26
time 2
note_on 61
velocity 51
time 13
note_off 37
time 18
note_off 61
time 177
note_on 49
velocity 41
time 41
note_off 49
time 70
note_on 56
velocity 42
time 7
note_off 56
time 55
note_on 64
velocity 45
time 53
note_off 64
time 75
note_on 62
velocity 38
time 2
note_on 63
velocity 38
time 10
note_off 62
time 13
note_on 67
velocity 48
time 6
note_off 63
time 1
note_off 67
time 15
note_on 51
velocity 49
time 11
note_on 56
velocity 45
time 5
note_on 68
velocity 56
time 0
note_on 60
velocity 33
time 1
note_off 51
time 0
note_off 56
time 7
note_off 60
time 16
note_off 68
time 298
note_on 72
velocity 46
time 75
note_on 56
velocity 44
time 2
note_on 51
velocity 48
time 1
note_on 60
velocity 6
time 28
note_off 56
time 6
note_off 51
time 2
note_off 60
time 69
note_off 72
time 31
note_on 75
velocity 55
time 28
note_on 63
velocity 48
time 195
note_off 75
time 10
note_on 44
velocity 40
time 0
note_off 44
time 3
note_off 63
time 15
note_on 67
velocity 55
time 65
note_on 51
velocity 58
time 5
note_on 68
velocity 72
time 2
note_off 67
time 6
note_on 60
velocity 51
time 6
note_on 56
velocity 42
time 5
note_off 51
time 31
note_off 60
time 5
note_off 56
time 1
note_off 68
time 62
note_on 72
velocity 67
time 37
note_on 51
velocity 51
time 164
note_off 72
time 9
note_on 56
velocity 38
time 2
note_on 75
velocity 78
time 0
note_on 60
velocity 55
time 3
note_off 51
time 10
note_off 56
time 10
note_off 75
time 10
note_on 56
velocity 36
time 2
note_off 60
time 1
note_on 74
velocity 65
time 7
note_on 52
velocity 49
time 6
note_on 58
velocity 48
time 11
note_off 56
time 2
note_off 52
time 14
note_on 70
velocity 68
time 0
note_off 74
time 27
note_on 51
velocity 72
time 55
note_off 58
time 3
note_on 73
velocity 81
time 18
note_on 55
velocity 53
time 1
note_off 70
time 9
note_off 51
time 15
note_off 55
time 11
note_on 44
velocity 51
time 1
note_off 73
time 11
note_on 72
velocity 74
time 5
note_on 56
velocity 63
time 11
note_off 44
time 24
note_off 56
time 3
note_off 72
time 15
note_on 68
velocity 75
time 10
note_on 52
velocity 50
time 5
note_on 56
velocity 44
time 6
note_on 58
velocity 49
time 18
note_off 68
time 31
note_on 74
velocity 43
time 23
note_on 72
velocity 54
time 11
note_off 56
time 2
note_off 52
time 16
note_off 72
time 19
note_off 74
time 9
note_on 70
velocity 64
time 11
note_off 70
time 33
note_on 72
velocity 68
time 2
note_off 58
time 32
note_on 55
velocity 39
time 22
note_on 51
velocity 54
time 5
note_off 72
time 9
note_on 73
velocity 69
time 10
note_off 55
time 9
note_off 51
time 3
note_on 56
velocity 56
time 74
note_on 44
velocity 52
time 22
note_off 73
time 6
note_on 72
velocity 55
time 11
note_off 56
time 26
note_off 44
time 15
note_off 72
time 0
note_on 68
velocity 63
time 35
note_off 68
time 23
note_on 32
velocity 54
time 14
note_on 63
velocity 57
time 2
note_on 44
velocity 46
time 16
note_off 32
time 16
note_off 44
time 7
note_off 63
time 32
note_on 67
velocity 60
time 16
note_on 60
velocity 67
time 10
note_on 51
velocity 60
time 2
note_on 68
velocity 75
time 2
note_on 56
velocity 42
time 15
note_off 60
time 3
note_off 67
time 7
note_off 51
time 2
note_off 56
time 13
note_on 72
velocity 72
time 6
note_off 68
time 1
note_on 56
velocity 52
time 2
note_on 60
velocity 56
time 1
note_on 51
velocity 64
time 3
note_off 60
time 24
note_off 51
time 14
note_off 56
time 0
note_on 75
velocity 75
time 130
note_off 72
time 5
note_off 75
time 0
note_on 44
velocity 62
time 5
note_on 63
velocity 68
time 11
note_off 44
time 5
note_off 63
time 20
note_on 67
velocity 62
time 62
note_on 60
velocity 60
time 2
note_on 51
velocity 58
time 3
note_on 56
velocity 62
time 3
note_on 68
velocity 80
time 7
note_off 67
time 6
note_off 51
time 11
note_off 56
time 5
note_off 68
time 6
note_on 72
velocity 74
time 6
note_off 60
time 15
note_on 60
velocity 31
time 0
note_on 51
velocity 65
time 3
note_on 56
velocity 52
time 26
note_on 75
velocity 84
time 23
note_off 51
time 0
note_off 56
time 6
note_off 72
time 2
note_off 75
time 23
note_on 74
velocity 78
time 6
note_on 52
velocity 65
time 5
note_on 56
velocity 56
time 6
note_on 58
velocity 71
time 1
note_off 60
time 11
note_off 56
time 44
note_off 52
time 14
note_on 70
velocity 82
time 10
note_off 74
time 16
note_on 55
velocity 69
time 35
note_on 51
velocity 75
time 5
note_on 73
velocity 82
time 1
note_off 58
time 18
note_off 55
time 11
note_off 51
time 0
note_off 70
time 0
note_on 72
velocity 79
time 19
note_on 56
velocity 70
time 9
note_on 44
velocity 66
time 2
note_off 73
time 46
note_off 44
time 0
note_off 56
time 1
note_off 72
time 6
note_on 68
velocity 83
time 1
note_on 80
velocity 81
time 18
note_off 68
time 65
note_off 80
time 3
note_on 68
velocity 68
time 136
note_on 80
velocity 68
time 3
note_off 68
time 2
note_off 80
time 9
note_on 68
velocity 49
time 257
note_on 80
velocity 53
time 3
note_off 68
time 7
note_off 80
time 84
note_on 68
velocity 32
time 7
note_on 48
velocity 26
time 6
note_on 80
velocity 49
time 13
note_off 68
time 16
note_off 80
time 0
note_off 48
time 9
note_on 81
velocity 52
time 519
note_on 78
velocity 52
time 1
note_off 81
time 13
note_on 63
velocity 40
time 2
note_on 56
velocity 34
time 11
note_on 66
velocity 25
time 6
note_off 63
time 26
note_off 56
time 5
note_off 66
time 11
note_on 63
velocity 40
time 441
note_on 66
velocity 36
time 18
note_on 56
velocity 17
time 18
note_off 63
time 19
note_off 66
time 0
note_off 56
time 24
note_on 80
velocity 54
time 121
note_off 78
time 40
note_on 49
velocity 30
time 1
note_off 49
time 19
note_on 76
velocity 55
time 0
note_off 80
time 3
note_on 80
velocity 66
time 204
note_off 76
time 15
note_on 56
velocity 60
time 2
note_on 64
velocity 45
time 5
note_off 80
time 0
note_on 73
velocity 66
time 11
note_on 61
velocity 35
time 0
note_off 56
time 6
note_off 64
time 0
note_off 61
time 1
note_on 64
velocity 32
time 234
note_on 61
velocity 42
time 14
note_on 56
velocity 50
time 0
note_off 64
time 2
note_off 56
time 7
note_off 61
time 0
note_on 76
velocity 70
time 2
note_off 73
time 7
note_on 50
velocity 18
time 182
note_on 48
velocity 36
time 20
note_off 50
time 41
note_off 48
time 1
note_on 80
velocity 72
time 18
note_off 76
time 0
note_off 80
time 0
note_on 81
velocity 69
time 0
note_on 66
velocity 66
time 13
note_on 78
velocity 74
time 5
note_on 63
velocity 50
time 15
note_off 81
time 5
note_off 66
time 7
note_on 56
velocity 19
time 9
note_off 63
time 11
note_off 56
time 45
note_on 66
velocity 44
time 1
note_on 56
velocity 49
time 1
note_on 63
velocity 51
time 10
note_on 80
velocity 70
time 1
note_off 66
time 13
note_off 63
time 3
note_off 56
time 3
note_off 78
time 2
note_on 49
velocity 45
time 92
note_on 76
velocity 65
time 9
note_off 80
time 5
note_off 49
time 0
note_on 78
velocity 65
time 36
note_off 76
time 127
note_on 80
velocity 62
time 18
note_off 78
time 5
note_off 80
time 36
note_on 80
velocity 63
time 108
note_on 73
velocity 57
time 196
note_on 56
velocity 43
time 2
note_on 64
velocity 37
time 0
note_on 61
velocity 44
time 1
note_off 80
time 16
note_off 64
time 15
note_off 56
time 2
note_off 61
time 5
note_off 73
time 83
note_on 74
velocity 78
time 339
note_on 43
velocity 64
time 14
note_on 75
velocity 85
time 14
note_off 43
time 14
note_off 74
time 2
note_off 75
time 10
note_on 76
velocity 83
time 253
note_on 61
velocity 64
time 5
note_on 58
velocity 60
time 6
note_on 73
velocity 85
time 0
note_on 51
velocity 45
time 7
note_off 76
time 3
note_off 61
time 20
note_off 58
time 6
note_off 51
time 5
note_on 58
velocity 68
time 253
note_on 75
velocity 87
time 3
note_off 73
time 11
note_on 51
velocity 48
time 2
note_on 61
velocity 41
time 6
note_off 61
time 1
note_off 58
time 7
note_off 51
time 16
note_on 72
velocity 90
time 248
note_off 75
time 7
note_on 44
velocity 67
time 6
note_off 44
time 39
note_off 72
time 16
note_on 75
velocity 73
time 119
note_off 75
time 78
note_on 68
velocity 95
time 98
note_on 51
velocity 59
time 15
note_on 60
velocity 67
time 3
note_on 54
velocity 31
time 3
note_off 51
time 9
note_off 60
time 0
note_off 54
time 32
note_off 68
time 82
note_on 71
velocity 76
time 213
note_off 71
time 67
note_on 69
velocity 76
time 3
note_off 69
time 7
note_on 71
velocity 69
time 24
note_off 71
time 42
note_on 69
velocity 81
time 18
note_off 69
time 58
note_on 68
velocity 87
time 41
note_on 44
velocity 57
time 13
note_off 44
time 42
note_off 68
time 31
note_on 66
velocity 75
time 154
note_on 51
velocity 67
time 55
note_on 60
velocity 62
time 15
note_on 63
velocity 89
time 7
note_on 54
velocity 50
time 6
note_off 66
time 9
note_off 51
time 5
note_off 60
time 5
note_off 54
time 16
note_on 60
velocity 50
time 265
note_on 51
velocity 62
time 22
note_on 54
velocity 54
time 15
note_off 60
time 14
note_off 54
time 35
note_on 68
velocity 90
time 10
note_off 51
time 1
note_off 63
time 5
note_off 68
time 49
note_on 68
velocity 76
time 351
note_off 68
time 9
note_on 37
velocity 50
time 2
note_on 61
velocity 73
time 6
note_off 37
time 11
note_off 61
time 162
note_on 49
velocity 45
time 31
note_on 56
velocity 55
time 78
note_off 49
time 7
note_off 56
time 57
note_on 64
velocity 54
time 29
note_off 64
time 50
note_on 62
velocity 42
time 11
note_off 62
time 19
note_on 44
velocity 25
time 10
note_on 63
velocity 43
time 9
note_off 44
time 11
note_off 63
time 250
note_on 67
velocity 47
time 2
note_on 51
velocity 57
time 11
note_on 60
velocity 58
time 5
note_off 67
time 6
note_on 68
velocity 60
time 6
note_on 56
velocity 37
time 10
note_off 51
time 0
note_off 60
time 2
note_off 56
time 36
note_off 68
time 312
note_on 60
velocity 41
time 42
note_on 51
velocity 56
time 1
note_on 72
velocity 56
time 10
note_on 56
velocity 38
time 3
note_off 60
time 23
note_off 51
time 2
note_off 56
time 15
note_off 72
time 85
note_on 75
velocity 52
time 42
note_off 75
time 131
note_on 44
velocity 51
time 69
note_on 63
velocity 55
time 5
note_off 44
time 9
note_off 63
time 13
note_on 67
velocity 56
time 16
note_on 60
velocity 58
time 6
note_on 51
velocity 54
time 2
note_off 67
time 9
note_on 68
velocity 72
time 0
note_on 56
velocity 39
time 1
note_off 60
time 15
note_off 51
time 6
note_off 56
time 15
note_off 68
time 57
note_on 72
velocity 72
time 33
note_off 72
time 115
note_on 51
velocity 57
time 49
note_on 75
velocity 80
time 1
note_on 60
velocity 56
time 11
note_on 56
velocity 24
time 14
note_off 51
time 14
note_off 56
time 2
note_off 75
time 28
note_on 74
velocity 73
time 19
note_on 56
velocity 41
time 10
note_on 52
velocity 57
time 3
note_off 60
time 0
note_on 58
velocity 65
time 9
note_off 56
time 15
note_off 52
time 2
note_on 70
velocity 74
time 95
note_off 74
time 6
note_on 55
velocity 61
time 16
note_on 51
velocity 71
time 9
note_off 58
time 5
note_on 73
velocity 80
time 1
note_off 70
time 2
note_off 55
time 2
note_off 51
time 15
note_on 44
velocity 56
time 7
note_off 73
time 0
note_on 72
velocity 74
time 6
note_on 56
velocity 64
time 5
note_off 44
time 7
note_off 56
time 10
note_on 68
velocity 80
time 10
note_off 72
time 0
note_on 52
velocity 52
time 6
note_on 56
velocity 50
time 11
note_on 58
velocity 56
time 13
note_on 74
velocity 68
time 18
note_off 68
time 11
note_off 56
time 48
note_off 52
time 13
note_on 70
velocity 71
time 29
note_off 74
time 40
note_off 70
time 7
note_on 72
velocity 72
time 3
note_off 58
time 105
note_off 72
time 9
note_on 73
velocity 73
time 14
note_on 55
velocity 50
time 3
note_on 51
velocity 54
time 14
note_off 51
time 32
note_off 55
time 1
note_on 56
velocity 61
time 98
note_on 72
velocity 65
time 6
note_on 44
velocity 51
time 23
note_off 56
time 14
note_off 73
time 0
note_off 44
time 31
note_off 72
time 50
note_on 68
velocity 65
time 45
note_on 44
velocity 49
time 3
note_on 32
velocity 51
time 3
note_off 68
time 5
note_on 63
velocity 59
time 5
note_off 32
time 10
note_off 44
time 5
note_off 63
time 127
note_on 67
velocity 57
time 9
note_on 51
velocity 65
time 13
note_on 60
velocity 68
time 2
note_on 68
velocity 69
time 6
note_on 56
velocity 42
time 11
note_off 67
time 0
note_off 60
time 3
note_off 51
time 2
note_off 56
time 10
note_on 60
velocity 50
time 243
note_on 56
velocity 51
time 14
note_on 51
velocity 62
time 3
note_on 72
velocity 73
time 11
note_off 68
time 2
note_off 60
time 6
note_off 56
time 16
note_off 51
time 2
note_off 72
time 131
note_on 75
velocity 73
time 6
note_off 75
time 147
note_on 44
velocity 63
time 7
note_on 63
velocity 71
time 19
note_off 44
time 5
note_off 63
time 16
note_on 67
velocity 67
time 39
note_on 51
velocity 68
time 14
note_on 68
velocity 80
time 0
note_on 60
velocity 64
time 10
note_on 56
velocity 62
time 2
note_off 67
time 5
note_off 51
time 0
note_off 56
time 18
note_off 68
time 7
note_on 72
velocity 78
time 0
note_on 75
velocity 87
time 33
note_on 51
velocity 55
time 3
note_off 72
time 9
note_on 56
velocity 58
time 7
note_off 51
time 1
note_off 56
time 24
note_off 75
time 15
note_on 74
velocity 81
time 3
note_on 52
velocity 64
time 14
note_on 56
velocity 51
time 0
note_on 58
velocity 73
time 1
note_off 60
time 28
note_off 56
time 9
note_off 52
time 10
note_on 70
velocity 81
time 7
note_off 74
time 39
note_on 55
velocity 73
time 18
note_on 73
velocity 83
time 10
note_on 51
velocity 72
time 2
note_off 58
time 24
note_off 55
time 7
note_off 51
time 14
note_off 70
time 6
note_on 72
velocity 80
time 1
note_on 56
velocity 69
time 7
note_off 73
time 3
note_on 44
velocity 56
time 1
note_off 44
time 11
note_off 56
time 7
note_off 72
time 2
note_on 68
velocity 83
time 11
note_on 80
velocity 80
time 15
note_off 68
time 1
note_off 80
time 0
note_on 68
velocity 63
time 126
note_on 80
velocity 70
time 9
note_off 68
time 9
note_off 80
time 36
note_on 68
velocity 56
time 287
note_off 68
time 2
note_on 80
velocity 57
time 10
note_off 80
time 0
note_on 68
velocity 51
time 7
note_on 48
velocity 36
time 0
note_on 80
velocity 48
time 15
note_off 48
time 15
note_off 68
time 5
note_off 80
time 11
note_on 81
velocity 54
time 19
note_on 56
velocity 43
time 16
note_on 63
velocity 39
time 2
note_on 78
velocity 53
time 7
note_on 66
velocity 31
time 7
note_off 56
time 9
note_off 63
time 13
note_off 81
time 0
note_off 66
time 15
note_on 56
velocity 34
time 342
note_on 66
velocity 46
time 5
note_on 63
velocity 47
time 6
note_off 56
time 41
note_off 66
time 3
note_off 63
time 1
note_on 80
velocity 61
time 13
note_off 78
time 5
note_on 49
velocity 52
time 18
note_off 49
time 10
note_off 80
time 0
note_on 76
velocity 60
time 10
note_on 80
velocity 72
time 9
note_off 76
time 5
note_on 56
velocity 56
time 16
note_off 80
time 1
note_on 73
velocity 73
time 1
note_on 64
velocity 10
time 16
note_on 61
velocity 20
time 1
note_off 56
time 3
note_off 61
time 50
note_off 64
time 3
note_on 64
velocity 53
time 196
note_on 61
velocity 49
time 7
note_on 56
velocity 47
time 6
note_off 64
time 7
note_off 61
time 2
note_off 56
time 2
note_on 76
velocity 80
time 14
note_off 73
time 3
note_on 48
velocity 64
time 3
note_off 48
time 10
note_on 80
velocity 84
time 6
note_off 76
time 74
note_off 80
time 143
note_on 81
velocity 68
time 9
note_on 66
velocity 67
time 16
note_on 63
velocity 66
time 2
note_on 78
velocity 80
time 18
note_off 81
time 5
note_off 66
time 5
note_off 63
time 0
note_on 56
velocity 51
time 1
note_on 66
velocity 46
time 16
note_on 63
velocity 53
time 3
note_on 80
velocity 74
time 9
note_off 66
time 10
note_off 63
time 3
note_off 56
time 3
note_off 78
time 13
note_on 48
velocity 55
time 7
note_on 76
velocity 64
time 10
note_off 48
time 19
note_off 80
time 0
note_on 78
velocity 66
time 0
note_off 76
time 14
note_off 78
time 71
note_on 80
velocity 68
time 0
note_off 80
time 5
note_on 80
velocity 59
time 97
note_on 61
velocity 39
time 2
note_on 64
velocity 40
time 16
note_on 56
velocity 43
time 13
note_on 73
velocity 57
time 7
note_off 80
time 11
note_off 64
time 16
note_off 56
time 23
note_off 61
time 9
note_off 73
time 295
note_on 74
velocity 83
time 149
note_on 43
velocity 66
time 14
note_off 43
time 27
note_off 74
time 14
note_on 75
velocity 92
time 1
note_off 75
time 59
note_on 76
velocity 89
time 157
note_off 76
time 96
note_on 61
velocity 77
time 19
note_on 51
velocity 59
time 6
note_on 58
velocity 71
time 0
note_on 73
velocity 94
time 0
note_off 61
time 7
note_off 51
time 13
note_off 58
time 5
note_on 61
velocity 63
time 281
note_on 75
velocity 93
time 1
note_on 58
velocity 71
time 1
note_off 73
time 3
note_on 51
velocity 56
time 16
note_off 61
time 2
note_off 58
time 11
note_off 51
time 20
note_on 72
velocity 88
time 250
note_off 75
time 6
note_on 44
velocity 71
time 1
note_off 44
time 45
note_off 72
time 10
note_on 75
velocity 83
time 115
note_off 75
time 105
note_on 51
velocity 68
time 98
note_on 68
velocity 91
time 0
note_on 60
velocity 72
time 11
note_on 54
velocity 41
time 14
note_off 51
time 2
note_off 60
time 3
note_off 54
time 15
note_off 68
time 110
note_on 71
velocity 80
time 190
note_off 71
time 69
note_on 69
velocity 72
time 13
note_off 69
time 65
note_on 71
velocity 75
time 3
note_off 71
time 48
note_on 69
velocity 46
time 13
note_off 69
time 26
note_on 71
velocity 59
time 2
note_off 71
time 31
note_on 69
velocity 84
time 2
note_off 69
time 7
note_on 44
velocity 63
time 40
note_on 68
velocity 91
time 1
note_off 44
time 6
note_off 68
time 6
note_on 66
velocity 79
time 54
note_on 51
velocity 63
time 6
note_on 60
velocity 65
time 10
note_on 54
velocity 58
time 9
note_on 63
velocity 89
time 0
note_off 66
time 28
note_off 51
time 14
note_off 60
time 3
note_off 54
time 2
note_on 60
velocity 57
time 93
note_on 51
velocity 61
time 13
note_on 54
velocity 58
time 10
note_off 60
time 20
note_off 63
time 24
note_on 68
velocity 90
time 3
note_off 54
time 6
note_off 51
time 14
note_off 68
time 22
note_on 68
velocity 73
time 303
note_off 68
time 2
note_on 37
velocity 45
time 3
note_on 61
velocity 71
time 13
note_off 37
time 9
note_on 49
velocity 36
time 96
note_off 61
time 36
note_on 56
velocity 54
time 54
note_off 49
time 19
note_off 56
time 31
note_on 64
velocity 59
time 19
note_off 64
time 27
note_on 61
velocity 29
time 11
note_on 45
velocity 23
time 9
note_on 73
velocity 40
time 5
note_off 73
time 130
note_off 61
time 2
note_off 45
time 23
note_on 75
velocity 48
time 2
note_off 75
time 3
note_on 76
velocity 48
time 16
note_on 52
velocity 51
time 5
note_on 61
velocity 47
time 0
note_off 52
time 49
note_off 61
time 2
note_on 61
velocity 44
time 354
note_on 52
velocity 44
time 2
note_off 61
time 48
note_off 52
time 3
note_on 73
velocity 54
time 3
note_off 73
time 7
note_off 76
time 7
note_on 40
velocity 35
time 7
note_on 71
velocity 50
time 0
note_off 40
time 5
note_off 71
time 1
note_on 68
velocity 60
time 11
note_off 68
time 0
note_on 64
velocity 59
time 13
note_on 59
velocity 48
time 10
note_on 52
velocity 12
time 9
note_off 59
time 20
note_off 52
time 26
note_on 59
velocity 48
time 15
note_on 52
velocity 41
time 18
note_off 59
time 16
note_off 52
time 6
note_on 45
velocity 48
time 153
note_on 73
velocity 66
time 5
note_off 64
time 1
note_off 45
time 0
note_on 75
velocity 70
time 0
note_off 75
time 5
note_off 73
time 1
note_on 61
velocity 59
time 28
note_on 76
velocity 67
time 0
note_on 52
velocity 48
time 19
note_off 61
time 19
note_off 52
time 15
note_off 76
time 201
note_on 78
velocity 60
time 11
note_on 61
velocity 38
time 1
note_on 52
velocity 40
time 10
note_off 78
time 0
note_off 61
time 1
note_off 52
time 7
note_on 76
velocity 66
time 6
note_off 76
time 0
note_on 73
velocity 63
time 23
note_off 73
time 23
note_on 40
velocity 38
time 61
note_on 71
velocity 47
time 0
note_off 40
time 44
note_on 68
velocity 47
time 66
note_off 71
time 6
note_off 68
time 14
note_on 64
velocity 46
time 3
note_on 59
velocity 37
time 0
note_on 52
velocity 33
time 3
note_off 52
time 16
note_off 59
time 1
note_off 64
time 3
note_on 52
velocity 43
time 92
note_on 59
velocity 37
time 45
note_off 52
time 48
note_off 59
time 0
note_on 52
velocity 18
time 488
note_on 45
velocity 38
time 14
note_on 64
velocity 53
time 23
note_on 61
velocity 28
time 3
note_off 45
time 13
note_off 52
time 2
note_off 61
time 22
note_on 69
velocity 58
time 18
note_off 64
time 16
note_off 69
time 9
note_on 68
velocity 59
time 6
note_on 40
velocity 31
time 16
note_on 52
velocity 23
time 19
note_on 59
velocity 33
time 2
note_off 52
time 2
note_off 40
time 3
note_off 59
time 2
note_on 40
velocity 36
time 7
note_on 59
velocity 54
time 3
note_on 52
velocity 38
time 0
note_off 40
time 22
note_off 52
time 45
note_off 59
time 20
note_on 45
velocity 35
time 529
note_on 52
velocity 32
time 0
note_off 68
time 5
note_on 64
velocity 53
time 0
note_on 61
velocity 32
time 13
note_off 45
time 0
note_off 61
time 3
note_off 52
time 7
note_on 71
velocity 53
time 20
note_off 71
time 69
note_on 69
velocity 58
time 16
note_off 64
time 26
note_off 69
time 5
note_on 68
velocity 52
time 19
note_on 40
velocity 31
time 42
note_on 52
velocity 25
time 2
note_on 59
velocity 19
time 40
note_off 40
time 3
note_off 52
time 13
note_off 59
time 1
note_on 40
velocity 28
time 39
note_on 59
velocity 48
time 5
note_on 52
velocity 36
time 26
note_off 40
time 28
note_off 59
time 3
note_off 52
time 31
note_on 64
velocity 53
time 7
note_on 61
velocity 40
time 3
note_off 68
time 1
note_on 52
velocity 44
time 3
note_off 52
time 14
note_off 61
time 2
note_on 69
velocity 67
time 1
note_off 64
time 3
note_off 69
time 95
note_on 68
velocity 67
time 7
note_on 40
velocity 39
time 6
note_on 52
velocity 39
time 0
note_on 59
velocity 50
time 14
note_off 40
time 11
note_off 52
time 1
note_off 68
time 3
note_off 59
time 6
note_on 68
velocity 79
time 135
note_on 40
velocity 50
time 11
note_on 52
velocity 59
time 1
note_on 59
velocity 72
time 2
note_off 40
time 59
note_off 59
time 10
note_off 68
time 19
note_on 61
velocity 7
time 222
note_off 61
time 65
note_on 45
velocity 64
time 54
note_on 64
velocity 78
time 32
note_on 61
velocity 65
time 1
note_off 61
time 50
note_off 52
time 0
note_on 69
velocity 82
time 7
note_off 64
time 7
note_off 69
time 10
note_off 45
time 27
note_on 47
velocity 75
time 11
note_off 47
time 37
note_on 68
velocity 77
time 292
note_on 49
velocity 49
time 1
note_on 56
velocity 63
time 31
note_off 56
time 0
note_on 37
velocity 60
time 19
note_off 49
time 18
note_off 68
time 16
note_off 37
time 11
note_on 77
velocity 78
time 622
note_on 79
velocity 82
time 141
note_off 77
time 6
note_on 53
velocity 46
time 240
note_on 56
velocity 50
time 9
note_on 65
velocity 45
time 1
note_on 61
velocity 49
time 5
note_on 80
velocity 83
time 2
note_off 79
time 13
note_off 53
time 13
note_off 65
time 5
note_off 56
time 2
note_off 61
time 6
note_on 65
velocity 74
time 140
note_on 61
velocity 66
time 13
note_on 53
velocity 35
time 15
note_on 56
velocity 55
time 3
note_off 65
time 1
note_off 61
time 15
note_off 53
time 23
note_off 56
time 3
note_on 77
velocity 80
time 122
note_off 80
time 36
note_on 44
velocity 61
time 11
note_on 75
velocity 78
time 22
note_off 77
time 33
note_off 44
time 13
note_off 75
time 13
note_on 72
velocity 79
time 5
note_off 72
time 126
note_on 68
velocity 76
time 11
note_on 60
velocity 62
time 2
note_on 51
velocity 58
time 5
note_on 56
velocity 47
time 7
note_off 60
time 13
note_off 51
time 10
note_off 56
time 10
note_on 60
velocity 63
time 234
note_on 56
velocity 54
time 29
note_on 51
velocity 58
time 5
note_off 60
time 1
note_off 56
time 5
note_off 51
time 2
note_on 49
velocity 61
time 18
note_off 68
time 18
note_on 77
velocity 77
time 5
note_off 49
time 15
note_on 79
velocity 81
time 141
note_off 77
time 10
note_on 56
velocity 39
time 23
note_on 65
velocity 56
time 5
note_on 61
velocity 54
time 10
note_on 53
velocity 31
time 9
note_on 80
velocity 83
time 0
note_off 79
time 11
note_off 65
time 6
note_off 56
time 15
note_off 61
time 0
note_off 53
time 16
note_on 65
velocity 56
time 14
note_off 80
time 11
note_on 56
velocity 55
time 3
note_on 82
velocity 70
time 0
note_on 61
velocity 45
time 2
note_off 65
time 0
note_off 61
time 14
note_off 56
time 0
note_on 80
velocity 74
time 23
note_off 82
time 44
note_off 80
time 5
note_on 77
velocity 74
time 1
note_on 44
velocity 54
time 3
note_off 77
time 3
note_on 75
velocity 73
time 19
note_off 44
time 5
note_off 75
time 13
note_on 72
velocity 67
time 20
note_off 72
time 10
note_on 68
velocity 62
time 35
note_on 51
velocity 50
time 1
note_on 56
velocity 41
time 26
note_on 60
velocity 33
time 10
note_off 60
time 0
note_off 56
time 3
note_off 51
time 5
note_off 68
time 14
note_on 51
velocity 46
time 19
note_on 60
velocity 49
time 10
note_on 56
velocity 41
time 13
note_off 60
time 31
note_off 51
time 19
note_off 56
time 40
note_on 49
velocity 43
time 5
note_on 56
velocity 36
time 13
note_on 68
velocity 57
time 13
note_on 65
velocity 44
time 2
note_off 49
time 14
note_off 65
time 0
note_on 73
velocity 71
time 0
note_off 56
time 5
note_off 73
time 10
note_off 68
time 15
note_on 72
velocity 60
time 11
note_on 56
velocity 10
time 6
note_on 44
velocity 28
time 7
note_on 63
velocity 42
time 14
note_off 63
time 15
note_on 63
velocity 57
time 14
note_off 56
time 1
note_off 63
time 5
note_off 44
time 3
note_on 49
velocity 43
time 28
note_on 56
velocity 30
time 7
note_on 65
velocity 39
time 7
note_on 68
velocity 53
time 0
note_off 72
time 14
note_off 65
time 1
note_on 75
velocity 59
time 3
note_off 49
time 13
note_off 56
time 15
note_on 73
velocity 56
time 20
note_off 75
time 3
note_off 68
time 6
note_off 73
time 11
note_on 72
velocity 52
time 2
note_on 44
velocity 32
time 7
note_on 56
velocity 23
time 15
note_on 63
velocity 42
time 23
note_off 63
time 9
note_off 56
time 3
note_off 44
time 19
note_on 63
velocity 43
time 10
note_on 56
velocity 36
time 1
note_off 56
time 44
note_off 63
time 67
note_off 72
time 1
note_on 49
velocity 37
time 0
note_on 68
velocity 50
time 7
note_on 56
velocity 26
time 9
note_on 65
velocity 34
time 14
note_off 65
time 18
note_on 73
velocity 54
time 11
note_off 68
time 9
note_off 49
time 9
note_off 56
time 1
note_off 73
time 15
note_on 72
velocity 62
time 3
note_on 63
velocity 51
time 11
note_on 56
velocity 25
time 1
note_on 44
velocity 44
time 3
note_off 44
time 10
note_off 56
time 5
note_off 63
time 14
note_off 72
time 1
note_on 72
velocity 74
time 127
note_on 44
velocity 45
time 24
note_on 56
velocity 48
time 2
note_on 63
velocity 61
time 0
note_off 44
time 97
note_off 56
time 11
note_off 63
time 16
note_on 68
velocity 66
time 15
note_on 56
velocity 43
time 3
note_on 65
velocity 59
time 0
note_on 49
velocity 52
time 6
note_off 72
time 10
note_off 56
time 14
note_off 65
time 0
note_off 49
time 0
note_on 73
velocity 75
time 7
note_off 68
time 1
note_off 73
time 15
note_on 72
velocity 66
time 7
note_on 44
velocity 36
time 15
note_on 56
velocity 41
time 5
note_on 63
velocity 54
time 2
note_off 56
time 5
note_off 72
time 0
note_off 63
time 6
note_on 63
velocity 57
time 10
note_on 51
velocity 39
time 13
note_off 44
time 7
note_off 51
time 16
note_on 61
velocity 55
time 1
note_off 63
time 11
note_off 61
time 2
note_on 51
velocity 37
time 2
note_on 60
velocity 42
time 14
note_on 44
velocity 31
time 1
note_on 68
velocity 50
time 7
note_off 51
time 1
note_off 44
time 15
note_off 68
time 10
note_on 58
velocity 39
time 2
note_on 68
velocity 42
time 1
note_on 44
velocity 21
time 9
note_on 51
velocity 33
time 2
note_off 60
time 10
note_off 58
time 134
note_on 60
velocity 57
time 3
note_off 44
time 13
note_off 68
time 11
note_off 51
time 0
note_off 60
time 3
note_on 61
velocity 64
time 0
note_on 44
velocity 46
time 20
note_off 61
time 10
note_on 68
velocity 55
time 2
note_on 51
velocity 36
time 3
note_on 63
velocity 55
time 5
note_off 44
time 33
note_off 51
time 10
note_off 63
time 16
note_off 68
time 1
note_on 60
velocity 58
time 85
note_off 60
time 244
note_on 61
velocity 48
time 6
note_on 68
velocity 50
time 0
note_on 44
velocity 33
time 14
note_on 51
velocity 28
time 9
note_on 58
velocity 60
time 311
note_off 44
time 33
note_off 68
time 39
note_off 51
time 5
note_on 44
velocity 39
time 13
note_off 61
time 7
note_on 51
velocity 37
time 1
note_off 58
time 0
note_on 68
velocity 51
time 1
note_on 60
velocity 43
time 0
note_off 44
time 11
note_off 51
time 6
note_off 60
time 13
note_off 68
time 20
note_on 61
velocity 51
time 9
note_off 61
time 83
note_on 60
velocity 52
time 40
note_on 44
velocity 27
time 197
note_off 60
time 6
note_on 68
velocity 50
time 19
note_on 58
velocity 45
time 2
note_on 51
velocity 11
time 11
note_off 58
time 123
note_on 60
velocity 62
time 0
note_on 61
velocity 77
time 3
note_off 44
time 7
note_off 51
time 11
note_off 60
time 7
note_off 68
time 22
note_on 51
velocity 37
time 15
note_on 44
velocity 40
time 14
note_on 68
velocity 52
time 5
note_on 63
velocity 62
time 10
note_off 51
time 28
note_off 44
time 2
note_off 61
time 27
note_off 63
time 5
note_on 66
velocity 64
time 57
note_off 68
time 19
note_on 64
velocity 58
time 84
note_off 66
time 16
note_off 64
time 123
note_on 44
velocity 40
time 36
note_on 68
velocity 47
time 13
note_on 51
velocity 23
time 2
note_on 63
velocity 47
time 0
note_off 51
time 66
note_off 44
time 0
note_off 68
time 9
note_on 51
velocity 36
time 14
note_on 44
velocity 23
time 15
note_on 68
velocity 50
time 15
note_on 60
velocity 36
time 3
note_off 60
time 16
note_off 63
time 0
note_off 51
time 2
note_off 44
time 1
note_on 61
velocity 49
time 9
note_off 68
time 10
note_off 61
time 0
note_on 60
velocity 51
time 14
note_on 44
velocity 33
time 36
note_on 51
velocity 26
time 3
note_off 60
time 11
note_on 68
velocity 53
time 1
note_on 58
velocity 45
time 26
note_off 44
time 19
note_off 51
time 2
note_off 68
time 5
note_on 68
velocity 64
time 13
note_on 51
velocity 35
time 5
note_on 44
velocity 42
time 1
note_off 58
time 0
note_on 60
velocity 56
time 9
note_off 51
time 9
note_off 44
time 5
note_on 61
velocity 74
time 20
note_off 68
time 5
note_off 60
time 7
note_on 51
velocity 35
time 0
note_on 44
velocity 46
time 1
note_on 68
velocity 63
time 1
note_on 63
velocity 66
time 13
note_off 61
time 13
note_off 51
time 13
note_off 44
time 6
note_off 68
time 13
note_off 63
time 6
note_on 60
velocity 64
time 11
note_off 60
time 18
note_on 63
velocity 58
time 5
note_on 68
velocity 55
time 3
note_on 61
velocity 66
time 10
note_off 63
time 2
note_on 51
velocity 55
time 3
note_on 44
velocity 46
time 6
note_off 51
time 32
note_off 68
time 20
note_off 44
time 1
note_off 61
time 92
note_on 60
velocity 62
time 26
note_on 44
velocity 45
time 177
note_on 68
velocity 52
time 3
note_on 51
velocity 43
time 1
note_off 60
time 2
note_on 61
velocity 49
time 22
note_off 51
time 27
note_off 44
time 9
note_off 68
time 89
note_off 61
time 44
note_on 58
velocity 57
time 2
note_off 58
time 197
note_on 44
velocity 45
time 19
note_on 68
velocity 51
time 7
note_on 51
velocity 28
time 7
note_on 60
velocity 39
time 7
note_off 60
time 76
note_off 51
time 19
note_off 44
time 3
note_off 68
time 15
note_on 61
velocity 51
time 32
note_off 61
time 93
note_on 60
velocity 55
time 29
note_off 60
time 205
note_on 68
velocity 50
time 16
note_on 51
velocity 28
time 2
note_on 44
velocity 23
time 10
note_on 58
velocity 49
time 6
note_off 68
time 0
note_off 44
time 15
note_off 51
time 15
note_off 58
time 55
note_on 60
velocity 53
time 15
note_on 68
velocity 50
time 3
note_on 44
velocity 29
time 11
note_on 51
velocity 19
time 1
note_off 68
time 0
note_off 60
time 14
note_off 44
time 48
note_on 61
velocity 51
time 5
note_off 51
time 5
note_on 68
velocity 52
time 0
note_off 68
time 36
note_off 61
time 28
note_on 44
velocity 35
time 2
note_on 68
velocity 48
time 6
note_on 51
velocity 33
time 1
note_on 63
velocity 52
time 1
note_off 63
time 13
note_off 68
time 10
note_on 68
velocity 18
time 3
note_on 66
velocity 50
time 11
note_off 44
time 1
note_off 51
time 3
note_off 68
time 19
note_off 66
time 13
note_on 68
velocity 23
time 85
note_on 64
velocity 47
time 18
note_off 68
time 2
note_off 64
time 13
note_on 63
velocity 39
time 16
note_on 51
velocity 28
time 10
note_on 68
velocity 32
time 0
note_on 44
velocity 21
time 2
note_off 68
time 9
note_off 63
time 6
note_off 44
time 19
note_on 68
velocity 41
time 11
note_off 51
time 13
note_on 48
velocity 36
time 27
note_on 80
velocity 60
time 11
note_off 68
time 0
note_off 80
time 3
note_off 48
time 7
note_on 81
velocity 54
time 6
note_on 78
velocity 54
time 1
note_on 56
velocity 46
time 10
note_on 63
velocity 43
time 6
note_off 81
time 2
note_on 66
velocity 36
time 13
note_off 56
time 1
note_off 63
time 11
note_off 66
time 10
note_on 56
velocity 43
time 6
note_on 63
velocity 39
time 3
note_on 66
velocity 38
time 0
note_off 63
time 0
note_off 66
time 1
note_off 56
time 9
note_on 80
velocity 60
time 11
note_off 78
time 0
note_on 49
velocity 43
time 13
note_off 49
time 10
note_off 80
time 2
note_on 76
velocity 62
time 13
note_off 76
time 13
note_on 80
velocity 66
time 11
note_off 80
time 11
note_on 73
velocity 65
time 3
note_on 56
velocity 51
time 18
note_on 64
velocity 33
time 18
note_off 56
time 23
note_off 64
time 18
note_on 64
velocity 23
time 0
note_on 61
velocity 42
time 15
note_on 56
velocity 55
time 10
note_off 64
time 9
note_off 61
time 1
note_off 56
time 2
note_on 76
velocity 78
time 5
note_off 73
time 83
note_on 48
velocity 61
time 16
note_off 48
time 0
note_on 80
velocity 75
time 20
note_off 76
time 66
note_off 80
time 167
note_on 81
velocity 66
time 13
note_on 66
velocity 60
time 5
note_on 78
velocity 73
time 18
note_off 81
time 10
note_on 63
velocity 45
time 3
note_off 66
time 9
note_off 63
time 24
note_on 80
velocity 64
time 5
note_on 63
velocity 47
time 2
note_on 56
velocity 38
time 2
note_on 66
velocity 15
time 7
note_off 63
time 13
note_off 56
time 3
note_off 78
time 5
note_off 66
time 1
note_on 49
velocity 43
time 14
note_on 76
velocity 53
time 15
note_off 49
time 13
note_off 80
time 0
note_on 78
velocity 60
time 10
note_off 76
time 1
note_off 78
time 15
note_on 80
velocity 59
time 19
note_off 80
time 45
note_on 80
velocity 63
time 109
note_off 80
time 13
note_on 73
velocity 54
time 10
note_on 56
velocity 34
time 5
note_on 64
velocity 17
time 1
note_on 61
velocity 36
time 16
note_off 64
time 14
note_off 61
time 1
note_off 56
time 1
note_off 73
time 250
note_on 74
velocity 70
time 378
note_on 43
velocity 55
time 0
note_on 75
velocity 84
time 19
note_off 43
time 6
note_off 74
time 31
note_off 75
time 18
note_on 76
velocity 77
time 281
note_on 61
velocity 68
time 66
note_on 51
velocity 58
time 1
note_on 58
velocity 64
time 5
note_on 73
velocity 87
time 13
note_off 51
time 15
note_off 61
time 0
note_off 76
time 1
note_off 58
time 3
note_on 61
velocity 60
time 265
note_on 58
velocity 61
time 10
note_on 51
velocity 58
time 7
note_off 61
time 7
note_off 58
time 11
note_off 51
time 19
note_off 73
time 52
note_on 75
velocity 79
time 15
note_off 75
time 192
note_on 72
velocity 84
time 2
note_on 44
velocity 55
time 13
note_off 44
time 1
note_off 72
time 35
note_on 75
velocity 83
time 9
note_off 75
time 58
note_on 68
velocity 79
time 28
note_on 51
velocity 60
time 3
note_on 60
velocity 51
time 16
note_on 54
velocity 48
time 6
note_off 51
time 24
note_off 60
time 2
note_off 54
time 9
note_off 68
time 31
note_on 60
velocity 51
time 171
note_on 51
velocity 51
time 11
note_on 54
velocity 50
time 15
note_off 60
time 5
note_on 71
velocity 73
time 14
note_off 54
time 14
note_off 51
time 2
note_off 71
time 52
note_on 69
velocity 73
time 10
note_off 69
time 67
note_on 71
velocity 69
time 10
note_off 71
time 57
note_on 69
velocity 71
time 2
note_off 69
time 2
note_on 68
velocity 80
time 19
note_on 44
velocity 60
time 11
note_off 44
time 18
note_off 68
time 14
note_on 66
velocity 81
time 70
note_on 60
velocity 55
time 9
note_on 51
velocity 53
time 5
note_on 54
velocity 58
time 2
note_on 63
velocity 85
time 1
note_off 66
time 3
note_off 60
time 11
note_off 51
time 1
note_off 54
time 5
note_on 60
velocity 49
time 192
note_on 51
velocity 52
time 6
note_on 54
velocity 54
time 14
note_off 60
time 14
note_off 54
time 27
note_off 51
time 1
note_off 63
time 2
note_on 68
velocity 84
time 6
note_off 68
time 29
note_on 68
velocity 68
time 282
note_off 68
time 6
note_on 37
velocity 53
time 11
note_on 61
velocity 73
time 14
note_off 37
time 71
note_off 61
time 55
note_on 49
velocity 50
time 75
note_on 56
velocity 55
time 66
note_off 49
time 2
note_off 56
time 46
note_on 64
velocity 54
time 29
note_off 64
time 45
note_on 68
velocity 40
time 13
note_on 48
velocity 30
time 35
note_off 48
time 5
note_on 80
velocity 26
time 26
note_off 80
time 6
note_off 68
time 16
note_on 81
velocity 48
time 0
note_off 81
time 18
note_on 63
velocity 40
time 45
note_on 78
velocity 53
time 1
note_on 56
velocity 23
time 2
note_off 63
time 32
note_off 56
time 6
note_on 56
velocity 43
time 325
note_on 63
velocity 32
time 7
note_on 80
velocity 51
time 10
note_off 78
time 7
note_off 56
time 13
note_off 63
time 7
note_on 49
velocity 33
time 338
note_off 80
time 9
note_on 76
velocity 48
time 24
note_off 49
time 14
note_off 76
time 61
note_on 80
velocity 58
time 67
note_off 80
time 50
note_on 73
velocity 55
time 164
note_on 56
velocity 45
time 5
note_on 64
velocity 26
time 16
note_on 61
velocity 34
time 1
note_off 56
time 23
note_off 61
time 16
note_off 64
time 2
note_on 64
velocity 35
time 3
note_on 56
velocity 42
time 2
note_on 76
velocity 59
time 2
note_off 64
time 6
note_off 56
time 10
note_off 73
time 14
note_on 48
velocity 43
time 1
note_on 80
velocity 64
time 9
note_off 76
time 9
note_off 48
time 7
note_off 80
time 16
note_on 83
velocity 58
time 37
note_on 81
velocity 60
time 9
note_off 83
time 2
note_off 81
time 48
note_on 80
velocity 57
time 11
note_on 56
velocity 44
time 42
note_on 63
velocity 54
time 23
note_on 66
velocity 40
time 13
note_off 56
time 31
note_off 66
time 5
note_off 63
time 2
note_off 80
time 2
note_on 75
velocity 59
time 35
note_on 56
velocity 25
time 6
note_on 63
velocity 36
time 16
note_on 66
velocity 28
time 6
note_on 80
velocity 54
time 11
note_off 66
time 19
note_off 75
time 6
note_off 63
time 3
note_off 56
time 18
note_off 80
time 42
note_on 80
velocity 48
time 298
note_on 49
velocity 35
time 242
note_on 76
velocity 45
time 18
note_off 49
time 9
note_off 80
time 18
note_off 76
time 0
note_on 78
velocity 60
time 6
note_off 78
time 40
note_on 80
velocity 53
time 82
note_off 80
time 35
note_on 80
velocity 55
time 39
note_off 80
time 11
note_on 61
velocity 33
time 19
note_on 56
velocity 33
time 10
note_on 73
velocity 41
time 11
note_on 64
velocity 27
time 5
note_off 64
time 53
note_off 61
time 69
note_off 56
time 19
note_off 73
time 226
note_on 74
velocity 75
time 346
note_on 43
velocity 71
time 7
note_on 75
velocity 93
time 3
note_off 74
time 3
note_off 43
time 7
note_off 75
time 10
note_on 76
velocity 54
time 330
note_on 74
velocity 44
time 32
note_on 51
velocity 64
time 24
note_on 61
velocity 68
time 2
note_off 74
time 3
note_on 58
velocity 66
time 1
note_on 73
velocity 90
time 1
note_off 51
time 14
note_off 61
time 1
note_off 76
time 0
note_off 58
time 3
note_on 58
velocity 72
time 270
note_on 61
velocity 69
time 2
note_on 51
velocity 57
time 11
note_off 58
time 24
note_off 61
time 0
note_off 51
time 16
note_off 73
time 88
note_on 75
velocity 83
time 14
note_off 75
time 156
note_on 72
velocity 92
time 33
note_on 44
velocity 67
time 1
note_off 44
time 2
note_off 72
time 140
note_on 75
velocity 85
time 27
note_off 75
time 28
note_on 68
velocity 85
time 39
note_on 51
velocity 70
time 27
note_on 60
velocity 71
time 7
note_on 54
velocity 62
time 9
note_off 60
time 39
note_off 51
time 1
note_off 54
time 0
note_off 68
time 14
note_on 71
velocity 87
time 240
note_off 71
time 76
note_on 69
velocity 78
time 5
note_off 69
time 9
note_on 71
velocity 65
time 9
note_off 71
time 33
note_on 69
velocity 49
time 11
note_off 69
time 37
note_on 71
velocity 70
time 20
note_off 71
time 33
note_on 69
velocity 82
time 28
note_off 69
time 36
note_on 68
velocity 86
time 46
note_on 44
velocity 62
time 11
note_off 44
time 3
note_off 68
time 10
note_on 66
velocity 78
time 184
note_on 51
velocity 53
time 1
note_on 63
velocity 87
time 0
note_on 60
velocity 58
time 11
note_off 66
time 0
note_on 54
velocity 50
time 9
note_off 51
time 10
note_off 60
time 1
note_off 54
time 5
note_on 60
velocity 48
time 268
note_on 54
velocity 49
time 6
note_on 51
velocity 63
time 1
note_on 68
velocity 87
time 9
note_off 63
time 15
note_off 60
time 9
note_off 68
time 3
note_off 54
time 19
note_off 51
time 7
note_on 68
velocity 81
time 401
note_off 68
time 5
note_on 37
velocity 51
time 9
note_on 61
velocity 74
time 6
note_off 37
time 2
note_on 49
velocity 43
time 312
note_on 56
velocity 64
time 127
note_off 49
time 32
note_off 56
time 48
note_on 64
velocity 64
time 0
note_off 61
time 7
note_off 64
time 28
