note_on 58
velocity 42
time 1000
note_on 54
velocity 30
time 65
note_on 49
velocity 22
time 571
note_on 61
velocity 38
time 31
note_on 42
velocity 35
time 580
note_on 70
velocity 42
time 125
note_off 49
time 152
note_off 61
time 3
note_on 49
velocity 26
time 204
note_on 61
velocity 41
time 23
note_off 58
time 92
note_off 54
time 76
note_on 56
velocity 62
time 139
note_on 53
velocity 33
time 13
note_off 61
time 15
note_off 49
time 11
note_off 70
time 6
note_on 61
velocity 37
time 52
note_on 49
velocity 22
time 3
note_off 56
time 165
note_off 53
time 7
note_on 59
velocity 60
time 423
note_on 56
velocity 30
time 13
note_off 61
time 0
note_off 49
time 20
note_on 49
velocity 28
time 393
note_on 61
velocity 34
time 13
note_off 42
time 111
note_on 42
velocity 25
time 253
note_on 71
velocity 49
time 119
note_off 49
time 72
note_off 61
time 50
note_off 71
time 149
note_on 61
velocity 53
time 18
note_off 59
time 20
note_off 56
time 15
note_on 49
velocity 17
time 15
note_on 58
velocity 64
time 252
note_on 54
velocity 39
time 16
note_off 61
time 3
note_off 49
time 11
note_off 58
time 57
note_on 61
velocity 40
time 9
note_on 49
velocity 14
time 27
note_off 54
time 15
note_on 51
velocity 22
time 480
note_on 54
velocity 53
time 13
note_off 61
time 0
note_off 49
time 37
note_on 61
velocity 38
time 169
note_on 49
velocity 23
time 28
note_off 42
time 50
note_off 51
time 166
note_on 42
velocity 28
time 72
note_on 66
velocity 48
time 5
note_off 49
time 11
note_off 61
time 65
note_on 61
velocity 45
time 205
note_off 54
time 2
note_on 49
velocity 25
time 42
note_off 66
time 48
note_off 49
time 52
note_on 54
velocity 60
time 37
note_off 61
time 7
note_on 51
velocity 33
time 31
note_on 56
velocity 52
time 11
note_off 54
time 6
note_on 53
velocity 36
time 14
note_off 51
time 0
note_on 49
velocity 13
time 119
note_on 61
velocity 34
time 1
note_off 53
time 108
note_off 56
time 16
note_on 58
velocity 44
time 445
note_on 54
velocity 24
time 62
note_off 61
time 5
note_off 49
time 26
note_on 61
velocity 30
time 31
note_on 49
velocity 14
time 46
note_off 42
time 92
note_on 42
velocity 22
time 230
note_on 70
velocity 42
time 59
note_off 49
time 113
note_off 61
time 35
note_on 61
velocity 33
time 187
note_on 49
velocity 8
time 33
note_off 61
time 406
note_off 49
time 28
note_on 61
velocity 43
time 281
note_on 49
velocity 25
time 24
note_off 58
time 102
note_off 54
time 10
note_off 70
time 57
note_off 61
time 37
note_on 61
velocity 67
time 407
note_on 58
velocity 39
time 11
note_off 49
time 16
note_on 66
velocity 40
time 330
note_on 49
velocity 33
time 9
note_off 58
time 31
note_off 42
time 18
note_on 42
velocity 38
time 281
note_on 73
velocity 57
time 20
note_off 66
time 74
note_off 49
time 36
note_on 66
velocity 50
time 174
note_on 49
velocity 37
time 24
note_off 61
time 20
note_off 73
time 5
note_on 59
velocity 69
time 3
note_on 56
velocity 38
time 0
note_off 66
time 10
note_off 49
time 6
note_on 49
velocity 43
time 71
note_on 66
velocity 42
time 0
note_off 56
time 58
note_off 59
time 0
note_off 42
time 88
note_on 63
velocity 66
time 367
note_on 59
velocity 35
time 7
note_off 66
time 6
note_off 49
time 2
note_off 59
time 207
note_on 49
velocity 28
time 40
note_on 66
velocity 39
time 24
note_on 42
velocity 38
time 320
note_on 75
velocity 43
time 26
note_off 49
time 35
note_off 66
time 57
note_on 66
velocity 39
time 197
note_on 49
velocity 35
time 23
note_off 63
time 10
note_off 75
time 96
note_on 61
velocity 63
time 16
note_on 58
velocity 39
time 0
note_off 66
time 2
note_off 49
time 19
note_on 66
velocity 35
time 162
note_on 49
velocity 20
time 6
note_off 58
time 10
note_off 61
time 46
note_off 66
time 53
note_on 54
velocity 52
time 490
note_on 51
velocity 25
time 6
note_off 49
time 9
note_on 49
velocity 23
time 209
note_on 61
velocity 31
time 5
note_off 42
time 48
note_off 51
time 123
note_on 42
velocity 24
time 135
note_on 66
velocity 40
time 11
note_off 49
time 11
note_off 61
time 71
note_on 61
velocity 40
time 194
note_off 54
time 20
note_on 49
velocity 31
time 13
note_off 49
time 117
note_on 54
velocity 59
time 28
note_off 61
time 7
note_on 51
velocity 41
time 19
note_off 66
time 55
note_off 54
time 0
note_on 56
velocity 51
time 9
note_on 53
velocity 37
time 5
note_off 51
time 15
note_on 49
velocity 27
time 82
note_off 53
time 7
note_on 61
velocity 34
time 26
note_off 56
time 102
note_on 58
velocity 46
time 424
note_on 54
velocity 30
time 59
note_off 61
time 0
note_off 49
time 65
note_on 61
velocity 32
time 164
note_on 49
velocity 25
time 10
note_off 42
time 125
note_on 42
velocity 26
time 225
note_on 70
velocity 44
time 37
note_off 49
time 167
note_off 61
time 3
note_on 61
velocity 49
time 246
note_on 49
velocity 29
time 28
note_off 49
time 570
note_off 61
time 19
note_on 61
velocity 38
time 368
note_on 49
velocity 23
time 20
note_off 58
time 167
note_off 42
time 188
note_off 54
time 3
note_on 55
velocity 35
time 399
note_on 58
velocity 64
time 0
note_off 61
time 95
note_off 70
time 16
note_off 49
time 19
note_on 61
velocity 48
time 239
note_on 51
velocity 32
time 46
note_off 55
time 111
note_off 51
time 18
note_on 39
velocity 40
time 239
note_on 70
velocity 54
time 13
note_off 61
time 113
note_off 39
time 22
note_on 51
velocity 47
time 184
note_on 61
velocity 49
time 5
note_off 58
time 101
note_off 70
time 20
note_off 61
time 35
note_on 61
velocity 70
time 394
note_on 58
velocity 31
time 32
note_off 51
time 105
note_on 51
velocity 35
time 203
note_on 63
velocity 38
time 14
note_on 44
velocity 34
time 402
note_on 73
velocity 48
time 83
note_off 51
time 67
note_off 63
time 24
note_on 63
velocity 45
time 196
note_off 58
time 24
note_on 51
velocity 32
time 1
note_off 61
time 52
note_off 73
time 27
note_on 59
velocity 72
time 194
note_on 56
velocity 36
time 9
note_off 63
time 0
note_off 51
time 19
note_on 63
velocity 44
time 31
note_on 51
velocity 39
time 6
note_off 56
time 7
note_off 59
time 2
note_on 54
velocity 40
time 309
note_on 58
velocity 63
time 9
note_off 63
time 5
note_off 51
time 9
note_off 44
time 18
note_on 63
velocity 37
time 44
note_on 48
velocity 32
time 42
note_off 58
time 57
note_off 54
time 243
note_on 56
velocity 50
time 10
note_on 53
velocity 35
time 7
note_off 48
time 10
note_off 63
time 7
note_on 49
velocity 26
time 115
note_on 61
velocity 47
time 7
note_off 53
time 26
note_off 49
time 14
note_on 37
velocity 43
time 210
note_on 68
velocity 54
time 46
note_off 37
time 22
note_off 61
time 41
note_on 61
velocity 61
time 179
note_on 49
velocity 36
time 16
note_off 56
time 32
note_on 56
velocity 35
time 295
note_off 68
time 0
note_on 59
velocity 75
time 1
note_off 61
time 6
note_off 49
time 2
note_on 61
velocity 41
time 194
note_on 49
velocity 34
time 15
note_on 71
velocity 47
time 277
note_on 42
velocity 30
time 32
note_off 61
time 39
note_off 49
time 16
note_off 71
time 78
note_off 59
time 79
note_on 61
velocity 41
time 13
note_off 56
time 24
note_on 49
velocity 32
time 1
note_on 58
velocity 61
time 309
note_off 61
time 14
note_on 54
velocity 37
time 0
note_off 49
time 1
note_on 49
velocity 28
time 96
note_on 61
velocity 39
time 9
note_off 58
time 42
note_off 54
time 148
note_on 53
velocity 35
time 2
note_on 56
velocity 54
time 1
note_off 61
time 13
note_off 49
time 13
note_on 46
velocity 29
time 6
note_on 62
velocity 43
time 9
note_off 53
time 18
note_off 56
time 121
note_off 42
time 40
note_on 51
velocity 33
time 393
note_on 54
velocity 47
time 11
note_off 62
time 15
note_off 46
time 18
note_on 63
velocity 29
time 154
note_on 46
velocity 21
time 70
note_on 66
velocity 47
time 347
note_on 39
velocity 36
time 23
note_off 63
time 55
note_off 46
time 13
note_on 63
velocity 50
time 236
note_on 46
velocity 33
time 19
note_off 51
time 63
note_off 54
time 2
note_off 66
time 19
note_off 39
time 125
note_on 54
velocity 42
time 283
note_on 56
velocity 70
time 106
note_off 63
time 15
note_off 46
time 16
note_off 54
time 299
note_on 44
velocity 31
time 74
note_on 63
velocity 33
time 5
note_on 36
velocity 35
time 450
note_on 68
velocity 46
time 62
note_off 44
time 27
note_off 63
time 48
note_off 36
time 123
note_on 63
velocity 45
time 101
note_off 56
time 6
note_on 44
velocity 29
time 7
note_off 44
time 72
note_on 56
velocity 63
time 251
note_on 53
velocity 40
time 16
note_off 63
time 5
note_off 68
time 15
note_off 53
time 33
note_on 61
velocity 38
time 221
note_on 37
velocity 30
time 14
note_off 37
time 66
note_off 56
time 2
note_on 52
velocity 30
time 364
note_on 58
velocity 57
time 29
note_off 61
time 16
note_on 70
velocity 37
time 285
note_on 43
velocity 24
time 14
note_off 52
time 273
note_off 58
time 20
note_on 53
velocity 30
time 536
note_on 56
velocity 49
time 7
note_off 70
time 121
note_off 43
time 0
note_on 49
velocity 14
time 274
note_on 61
velocity 30
time 6
note_on 44
velocity 22
time 468
note_on 68
velocity 36
time 2
note_off 49
time 87
note_off 61
time 3
note_off 53
time 273
note_on 61
velocity 32
time 3
note_on 49
velocity 21
time 13
note_off 56
time 46
note_off 44
time 41
note_off 68
time 24
note_on 54
velocity 47
time 264
note_on 51
velocity 37
time 9
note_off 61
time 24
note_off 49
time 0
note_on 44
velocity 31
time 23
note_on 60
velocity 24
time 42
note_on 68
velocity 36
time 311
note_off 60
time 32
note_on 37
velocity 28
time 11
note_off 44
time 89
note_off 68
time 291
note_on 60
velocity 32
time 9
note_on 44
velocity 16
time 31
note_off 51
time 23
note_off 54
time 238
note_on 53
velocity 39
time 259
note_on 49
velocity 21
time 36
note_off 60
time 5
note_off 44
time 35
note_on 61
velocity 34
time 75
note_on 44
velocity 28
time 49
note_off 37
time 78
note_on 37
velocity 33
time 390
note_on 68
velocity 42
time 113
note_off 61
time 164
note_off 37
time 242
note_off 49
time 97
note_on 61
velocity 45
time 7
note_off 44
time 61
note_off 53
time 109
note_off 68
time 167
note_on 54
velocity 30
time 929
note_on 58
velocity 45
time 5
note_off 61
time 135
note_on 61
velocity 31
time 315
note_on 49
velocity 17
time 11
note_on 42
velocity 28
time 477
note_on 70
velocity 42
time 44
note_off 49
time 88
note_off 61
time 41
note_off 58
time 162
note_on 61
velocity 42
time 2
note_on 49
velocity 14
time 14
note_off 54
time 161
note_on 56
velocity 53
time 143
note_on 53
velocity 35
time 29
note_off 61
time 14
note_off 70
time 2
note_off 49
time 15
note_on 61
velocity 33
time 61
note_off 53
time 20
note_on 49
velocity 19
time 6
note_off 56
time 42
note_on 59
velocity 55
time 394
note_on 56
velocity 27
time 50
note_off 61
time 19
note_off 49
time 16
note_on 61
velocity 35
time 118
note_on 49
velocity 22
time 24
note_off 42
time 49
note_on 71
velocity 46
time 214
note_on 42
velocity 24
time 7
note_off 61
time 40
note_off 49
time 29
note_off 71
time 111
note_off 59
time 45
note_on 61
velocity 42
time 2
note_on 49
velocity 23
time 32
note_off 56
time 0
note_on 58
velocity 56
time 302
note_on 54
velocity 33
time 27
note_off 61
time 14
note_off 49
time 11
note_off 58
time 27
note_on 61
velocity 36
time 2
note_off 54
time 61
note_on 49
velocity 12
time 26
note_on 54
velocity 50
time 343
note_on 51
velocity 33
time 11
note_off 61
time 15
note_off 49
time 14
note_on 61
velocity 39
time 45
note_on 49
velocity 25
time 35
note_off 42
time 14
note_off 51
time 149
note_on 42
velocity 27
time 102
note_off 49
time 15
note_on 66
velocity 19
time 41
note_off 61
time 15
note_on 61
velocity 37
time 239
note_off 54
time 31
note_on 49
velocity 20
time 11
note_off 49
time 80
note_on 54
velocity 55
time 62
note_off 61
time 13
note_on 51
velocity 34
time 1
note_off 66
time 70
note_off 54
time 2
note_on 56
velocity 52
time 3
note_on 53
velocity 35
time 10
note_off 51
time 10
note_on 61
velocity 33
time 102
note_off 53
time 24
note_on 49
velocity 21
time 16
note_off 56
time 20
note_on 58
velocity 47
time 520
note_on 54
velocity 29
time 37
note_off 61
time 9
note_off 49
time 15
note_on 61
velocity 33
time 83
note_on 49
velocity 27
time 41
note_off 42
time 57
note_on 70
velocity 37
time 304
note_on 42
velocity 30
time 3
note_off 49
time 96
note_off 61
time 67
note_on 61
velocity 33
time 203
note_on 49
velocity 26
time 24
note_off 61
time 390
note_off 49
time 11
note_on 61
velocity 39
time 377
note_on 49
velocity 31
time 10
note_off 58
time 104
note_off 54
time 36
note_off 61
time 109
note_off 70
time 10
note_on 61
velocity 62
time 359
note_on 58
velocity 34
time 19
note_off 49
time 84
note_off 42
time 218
note_on 49
velocity 22
time 16
note_on 66
velocity 36
time 52
note_off 58
time 109
note_on 42
velocity 39
time 175
note_on 73
velocity 43
time 83
note_off 66
time 83
note_off 49
time 36
note_on 49
velocity 40
time 154
note_on 66
velocity 47
time 3
note_off 61
time 100
note_off 73
time 169
note_on 59
velocity 72
time 26
note_on 56
velocity 34
time 26
note_off 66
time 5
note_off 49
time 14
note_on 49
velocity 38
time 122
note_off 59
time 33
note_on 66
velocity 40
time 0
note_off 56
time 16
note_off 42
time 57
note_on 59
velocity 33
time 398
note_on 63
velocity 65
time 91
note_off 66
time 7
note_off 49
time 0
note_on 49
velocity 26
time 226
note_off 59
time 1
note_on 66
velocity 35
time 16
note_on 42
velocity 33
time 328
note_on 75
velocity 41
time 7
note_off 49
time 41
note_off 66
time 42
note_off 63
time 210
note_on 49
velocity 22
time 1
note_on 66
velocity 34
time 3
note_off 75
time 41
note_on 61
velocity 53
time 285
note_on 58
velocity 34
time 11
note_off 66
time 10
note_off 49
time 10
note_off 58
time 85
note_on 66
velocity 37
time 53
note_on 49
velocity 8
time 15
note_off 61
time 71
note_off 66
time 63
note_on 51
velocity 30
time 350
note_on 54
velocity 51
time 14
note_off 49
time 15
note_on 61
velocity 30
time 143
note_on 49
velocity 27
time 10
note_off 42
time 18
note_on 66
velocity 34
time 279
note_on 42
velocity 35
time 11
note_off 51
time 13
note_off 49
time 29
note_off 61
time 23
note_off 54
time 234
note_on 61
velocity 31
time 5
note_on 49
velocity 24
time 15
note_off 49
time 95
note_on 54
velocity 55
time 55
note_on 51
velocity 42
time 7
note_off 61
time 52
note_off 66
time 191
note_off 54
time 19
note_on 53
velocity 41
time 19
note_on 56
velocity 50
time 1
note_off 51
time 1
note_off 53
time 59
note_on 49
velocity 34
time 1
note_on 61
velocity 36
time 26
note_off 56
time 62
note_on 58
velocity 43
time 451
note_on 54
velocity 28
time 31
note_off 61
time 10
note_off 49
time 0
note_on 61
velocity 43
time 26
note_on 49
velocity 23
time 45
note_off 42
time 55
note_on 70
velocity 46
time 273
note_on 42
velocity 27
time 1
note_off 61
time 118
note_off 49
time 45
note_on 49
velocity 25
time 197
note_on 61
velocity 41
time 13
note_off 49
time 466
note_off 61
time 46
note_on 61
velocity 37
time 533
note_on 49
velocity 17
time 48
note_off 58
time 171
note_off 54
time 213
note_off 42
time 135
note_on 58
velocity 60
time 285
note_on 55
velocity 34
time 27
note_off 61
time 2
note_off 70
time 7
note_off 49
time 5
note_on 51
velocity 42
time 147
note_on 61
velocity 45
time 23
note_off 55
time 41
note_off 51
time 42
note_on 39
velocity 46
time 261
note_on 70
velocity 61
time 109
note_off 39
time 55
note_off 61
time 22
note_on 51
velocity 41
time 217
note_on 61
velocity 43
time 11
note_off 58
time 67
note_off 70
time 20
note_off 61
time 48
note_on 58
velocity 40
time 273
note_on 61
velocity 71
time 130
note_off 51
time 42
note_on 51
velocity 40
time 321
note_on 63
velocity 41
time 22
note_on 44
velocity 34
time 463
note_on 73
velocity 56
time 145
note_off 51
time 5
note_off 63
time 5
note_on 63
velocity 44
time 294
note_off 58
time 37
note_on 51
velocity 32
time 20
note_off 73
time 18
note_off 61
time 42
note_on 59
velocity 59
time 183
note_on 56
velocity 30
time 11
note_off 63
time 3
note_off 51
time 3
note_off 59
time 13
note_on 63
velocity 38
time 19
note_on 51
velocity 36
time 7
note_off 56
time 11
note_on 58
velocity 59
time 5
note_on 54
velocity 41
time 5
note_off 63
time 3
note_off 51
time 0
note_off 44
time 0
note_on 48
velocity 35
time 59
note_on 63
velocity 39
time 6
note_off 58
time 35
note_off 54
time 136
note_on 56
velocity 54
time 7
note_on 53
velocity 40
time 3
note_off 63
time 13
note_off 48
time 18
note_on 49
velocity 35
time 84
note_on 61
velocity 38
time 29
note_off 49
time 19
note_off 53
time 0
note_on 37
velocity 44
time 229
note_on 68
velocity 49
time 29
note_off 37
time 23
note_off 61
time 36
note_on 61
velocity 50
time 187
note_on 49
velocity 35
time 11
note_off 56
time 10
note_on 56
velocity 30
time 334
note_on 59
velocity 68
time 53
note_off 68
time 7
note_off 61
time 11
note_off 49
time 19
note_on 61
velocity 36
time 161
note_on 49
velocity 32
time 18
note_on 71
velocity 54
time 257
note_off 61
time 9
note_on 42
velocity 40
time 2
note_off 49
time 57
note_off 71
time 156
note_on 49
velocity 32
time 48
note_off 56
time 13
note_off 59
time 0
note_on 61
velocity 47
time 13
note_on 54
velocity 39
time 305
note_on 58
velocity 69
time 52
note_off 61
time 2
note_off 49
time 27
note_on 49
velocity 25
time 55
note_on 61
velocity 41
time 23
note_off 58
time 61
note_off 54
time 132
note_on 56
velocity 55
time 13
note_on 53
velocity 37
time 1
note_off 61
time 15
note_off 49
time 14
note_off 42
time 100
note_on 62
velocity 35
time 3
note_on 46
velocity 32
time 1
note_off 53
time 110
note_off 56
time 140
note_on 54
velocity 44
time 381
note_on 51
velocity 21
time 54
note_off 62
time 14
note_off 46
time 10
note_on 63
velocity 35
time 46
note_on 46
velocity 32
time 13
note_on 66
velocity 40
time 341
note_on 39
velocity 36
time 32
note_off 63
time 46
note_off 46
time 11
note_on 63
velocity 46
time 217
note_on 46
velocity 25
time 35
note_off 51
time 76
note_off 54
time 39
note_off 66
time 41
note_off 39
time 3
note_on 54
velocity 36
time 287
note_on 56
velocity 65
time 52
note_off 63
time 5
note_off 46
time 6
note_off 54
time 229
note_on 44
velocity 30
time 42
note_on 63
velocity 36
time 29
note_on 36
velocity 36
time 414
note_on 68
velocity 42
time 35
note_off 44
time 33
note_off 63
time 50
note_off 36
time 117
note_on 63
velocity 39
time 105
note_on 44
velocity 21
time 16
note_off 56
time 6
note_off 44
time 59
note_on 56
velocity 61
time 276
note_on 53
velocity 34
time 7
note_off 63
time 13
note_off 68
time 19
note_off 53
time 7
note_on 37
velocity 38
time 188
note_on 61
velocity 34
time 11
note_off 37
time 65
note_off 56
time 52
note_on 52
velocity 35
time 317
note_on 58
velocity 59
time 41
note_off 61
time 7
note_on 43
velocity 23
time 240
note_on 70
velocity 39
time 3
note_off 52
time 291
note_off 58
time 7
note_on 56
velocity 48
time 533
note_on 53
velocity 30
time 23
note_off 70
time 128
note_off 43
time 14
note_on 61
velocity 32
time 144
note_on 49
velocity 23
time 2
note_on 68
velocity 41
time 423
note_on 44
velocity 25
time 31
note_off 61
time 39
note_off 49
time 22
note_off 53
time 221
note_on 61
velocity 35
time 1
note_on 49
velocity 19
time 24
note_off 44
time 41
note_off 56
time 6
note_off 68
time 33
note_off 61
time 259
note_on 54
velocity 47
time 9
note_on 51
velocity 35
time 16
note_off 49
time 6
note_on 44
velocity 29
time 45
note_on 60
velocity 31
time 52
note_on 68
velocity 43
time 348
note_on 37
velocity 35
time 1
note_off 60
time 16
note_off 44
time 126
note_on 60
velocity 38
time 286
note_off 68
time 18
note_on 44
velocity 29
time 20
note_off 51
time 80
note_off 37
time 88
note_off 54
time 63
note_on 53
velocity 43
time 315
note_on 49
velocity 22
time 31
note_off 60
time 16
note_off 44
time 42
note_on 61
velocity 38
time 101
note_on 44
velocity 31
time 5
note_on 37
velocity 30
time 510
note_on 68
velocity 42
time 41
note_off 61
time 207
note_off 49
time 45
note_off 44
time 156
note_off 37
time 26
note_on 61
velocity 46
time 109
note_off 53
time 302
note_off 68
time 80
note_on 32
velocity 30
time 731
note_on 44
velocity 26
time 11
note_on 71
velocity 72
time 156
note_on 68
velocity 50
time 26
note_off 61
time 80
note_on 63
velocity 42
time 423
note_on 59
velocity 38
time 454
note_off 44
time 52
note_off 63
time 7
note_off 32
time 75
note_off 71
time 175
note_off 68
time 10
note_on 63
velocity 41
time 41
note_on 46
velocity 27
time 484
note_on 34
velocity 35
time 19
note_on 70
velocity 52
time 83
note_on 68
velocity 42
time 44
note_off 63
time 57
note_off 59
time 2
note_on 65
velocity 42
time 210
note_off 46
time 192
note_on 62
velocity 49
time 140
note_off 34
time 23
note_off 65
time 14
note_off 68
time 59
note_on 68
velocity 52
time 199
note_off 70
time 48
note_off 62
time 66
note_on 30
velocity 35
time 230
note_on 42
velocity 26
time 0
note_on 70
velocity 67
time 169
note_on 66
velocity 55
time 11
note_off 68
time 19
note_off 42
time 28
note_off 66
time 44
note_on 63
velocity 53
time 6
note_off 30
time 82
note_on 68
velocity 75
time 169
note_off 63
time 22
note_on 44
velocity 36
time 2
note_on 65
velocity 50
time 0
note_on 32
velocity 37
time 9
note_off 70
time 13
note_off 65
time 1
note_on 59
velocity 53
time 1
note_off 44
time 2
note_off 68
time 18
note_off 32
time 9
note_on 46
velocity 33
time 305
note_on 34
velocity 32
time 22
note_on 66
velocity 63
time 36
note_off 59
time 9
note_on 63
velocity 56
time 1
note_on 58
velocity 42
time 1
note_off 58
time 252
note_on 54
velocity 39
time 16
note_off 46
time 42
note_off 34
time 55
note_on 58
velocity 40
time 201
note_off 63
time 10
note_off 54
time 20
note_off 66
time 80
note_on 65
velocity 55
time 179
note_on 44
velocity 20
time 11
note_on 62
velocity 38
time 1
note_on 32
velocity 30
time 2
note_off 58
time 11
note_on 58
velocity 39
time 6
note_off 44
time 190
note_on 53
velocity 42
time 24
note_off 58
time 1
note_off 32
time 140
note_off 62
time 136
note_on 58
velocity 41
time 28
note_on 42
velocity 37
time 0
note_on 30
velocity 29
time 15
note_on 63
velocity 43
time 3
note_off 58
time 3
note_off 53
time 13
note_off 65
time 58
note_on 58
velocity 48
time 18
note_off 42
time 161
note_on 41
velocity 21
time 102
note_on 29
velocity 42
time 15
note_off 30
time 15
note_on 56
velocity 56
time 122
note_off 41
time 3
note_off 29
time 31
note_off 58
time 48
note_off 63
time 85
note_on 39
velocity 47
time 391
note_on 27
velocity 43
time 9
note_on 69
velocity 82
time 182
note_on 66
velocity 61
time 20
note_off 56
time 9
note_on 61
velocity 48
time 221
note_off 27
time 9
note_off 39
time 5
note_on 57
velocity 56
time 1
note_off 61
time 15
note_off 66
time 67
note_on 61
velocity 55
time 2
note_off 69
time 9
note_on 32
velocity 43
time 394
note_on 44
velocity 38
time 39
note_on 68
velocity 68
time 87
note_on 66
velocity 46
time 26
note_off 61
time 11
note_off 57
time 7
note_on 63
velocity 50
time 149
note_off 44
time 151
note_on 60
velocity 57
time 134
note_off 66
time 3
note_off 63
time 24
note_off 32
time 10
note_on 66
velocity 70
time 221
note_off 68
time 57
note_off 60
time 32
note_on 40
velocity 44
time 295
note_on 28
velocity 44
time 13
note_off 66
time 147
note_on 68
velocity 78
time 33
note_on 64
velocity 57
time 11
note_off 40
time 57
note_off 64
time 48
note_on 61
velocity 50
time 6
note_off 28
time 15
note_on 42
velocity 45
time 319
note_on 30
velocity 34
time 6
note_on 66
velocity 75
time 19
note_off 61
time 0
note_on 63
velocity 52
time 15
note_off 68
time 11
note_off 42
time 2
note_off 63
time 29
note_on 57
velocity 47
time 15
note_off 66
time 2
note_off 30
time 7
note_on 64
velocity 65
time 19
note_on 32
velocity 35
time 11
note_on 61
velocity 56
time 5
note_on 44
velocity 25
time 2
note_off 57
time 5
note_on 56
velocity 44
time 39
note_on 52
velocity 47
time 227
note_off 56
time 3
note_off 44
time 88
note_off 64
time 92
note_off 32
time 1
note_off 61
time 44
note_on 56
velocity 44
time 45
note_off 52
time 161
note_on 42
velocity 32
time 135
note_on 30
velocity 27
time 5
note_on 63
velocity 55
time 18
note_on 60
velocity 49
time 15
note_off 56
time 0
note_on 56
velocity 41
time 9
note_off 42
time 183
note_on 51
velocity 49
time 114
note_off 56
time 7
note_off 30
time 114
note_on 56
velocity 43
time 222
note_off 60
time 32
note_off 51
time 63
note_on 40
velocity 34
time 10
note_on 28
velocity 31
time 2
note_on 61
velocity 54
time 18
note_off 56
time 28
note_off 63
time 2
note_on 56
velocity 41
time 89
note_off 40
time 22
note_on 39
velocity 33
time 414
note_on 27
velocity 28
time 13
note_off 28
time 15
note_on 54
velocity 43
time 188
note_off 39
time 204
note_off 27
time 2
note_off 56
time 93
note_off 61
time 27
note_on 61
velocity 52
time 791
note_on 25
velocity 28
time 9
note_on 37
velocity 23
time 3
note_off 54
time 14
note_on 56
velocity 22
time 316
note_off 25
time 347
note_on 52
velocity 41
time 40
note_off 56
time 119
note_off 37
time 128
note_on 56
velocity 38
time 92
note_on 64
velocity 54
time 5
note_off 52
time 0
note_off 56
time 0
note_off 61
time 7
note_on 61
velocity 39
time 15
note_on 30
velocity 29
time 424
note_on 42
velocity 25
time 13
note_on 57
velocity 30
time 3
note_off 61
time 10
note_off 42
time 233
note_on 61
velocity 40
time 33
note_off 30
time 39
note_on 63
velocity 52
time 270
note_off 61
time 59
note_off 64
time 119
note_on 61
velocity 33
time 169
note_off 57
time 16
note_on 33
velocity 33
time 300
note_on 45
velocity 31
time 6
note_on 66
velocity 57
time 114
note_on 60
velocity 32
time 16
note_off 61
time 61
note_on 61
velocity 30
time 16
note_off 63
time 15
note_on 65
velocity 63
time 223
note_off 60
time 105
note_off 61
time 46
note_off 66
time 80
note_off 33
time 5
note_off 45
time 5
note_on 62
velocity 41
time 63
note_on 44
velocity 38
time 359
note_on 32
velocity 38
time 5
note_on 59
velocity 42
time 5
note_off 62
time 36
note_off 32
time 74
note_off 44
time 6
note_on 62
velocity 38
time 97
note_on 35
velocity 36
time 221
note_on 47
velocity 22
time 15
note_on 68
velocity 68
time 6
note_off 62
time 83
note_off 65
time 16
note_off 47
time 105
note_off 35
time 2
note_on 65
velocity 51
time 88
note_off 59
time 7
note_on 45
velocity 41
time 276
note_on 33
velocity 40
time 9
note_on 60
velocity 57
time 0
note_on 63
velocity 58
time 69
note_off 65
time 2
note_off 68
time 111
note_off 45
time 82
note_off 33
time 36
note_on 66
velocity 79
time 20
note_off 63
time 61
note_off 60
time 162
note_on 63
velocity 49
time 36
note_on 36
velocity 41
time 253
note_on 48
velocity 41
time 2
note_on 69
velocity 78
time 104
note_on 62
velocity 39
time 9
note_off 63
time 3
note_on 63
velocity 52
time 36
note_off 66
time 48
note_on 68
velocity 83
time 209
note_off 63
time 52
note_off 48
time 14
note_off 69
time 31
note_off 62
time 20
note_off 36
time 2
note_on 65
velocity 52
time 158
note_on 35
velocity 44
time 248
note_on 47
velocity 45
time 1
note_off 65
time 36
note_on 62
velocity 62
time 9
note_off 35
time 18
note_off 47
time 13
note_on 65
velocity 72
time 45
note_off 68
time 75
note_on 50
velocity 42
time 231
note_on 38
velocity 21
time 28
note_on 71
velocity 90
time 2
note_off 65
time 57
note_off 50
time 175
note_off 38
time 35
note_on 68
velocity 51
time 66
note_off 62
time 72
note_on 37
velocity 42
time 259
note_on 49
velocity 39
time 3
note_on 64
velocity 58
time 141
note_on 67
velocity 54
time 140
note_off 68
time 76
note_on 70
velocity 82
time 214
note_off 67
time 61
note_off 71
time 0
note_off 49
time 140
note_off 37
time 67
note_on 67
velocity 48
time 33
note_off 64
time 200
note_off 70
time 15
note_on 40
velocity 38
time 302
note_on 52
velocity 36
time 2
note_on 73
velocity 74
time 216
note_on 66
velocity 44
time 1
note_off 67
time 0
note_on 67
velocity 41
time 486
note_off 66
time 148
note_off 40
time 764
note_on 38
velocity 34
time 5
note_off 67
time 126
note_on 67
velocity 40
time 200
note_off 52
time 141
note_on 50
velocity 29
time 613
note_on 71
velocity 55
time 170
note_off 73
time 71
note_off 67
time 2
note_on 62
velocity 18
time 269
note_on 67
velocity 53
time 339
note_off 62
time 22
note_off 71
time 13
note_on 59
velocity 50
time 260
note_on 62
velocity 59
time 277
note_off 67
time 22
note_off 59
time 3
note_on 55
velocity 61
time 244
note_on 59
velocity 72
time 397
note_off 55
time 53
note_off 62
time 32
note_off 50
time 52
note_on 49
velocity 42
time 329
note_on 50
velocity 74
time 48
note_off 59
time 0
note_on 55
velocity 66
time 264
note_on 47
velocity 40
time 20
note_off 50
time 3
note_off 49
time 10
note_on 54
velocity 62
time 15
note_on 45
velocity 37
time 13
note_off 55
time 11
note_off 47
time 0
note_on 44
velocity 33
time 368
note_on 53
velocity 52
time 27
note_off 54
time 9
note_off 45
time 0
note_on 50
velocity 44
time 269
note_off 53
time 74
note_on 47
velocity 40
time 388
note_off 44
time 31
note_off 50
time 6
note_on 44
velocity 42
time 355
note_off 47
time 13
note_off 38
time 210
note_on 41
velocity 46
time 67
note_off 44
time 32
note_off 41
time 15
note_on 38
velocity 42
time 9
note_on 39
velocity 41
time 6
note_off 38
time 15
note_on 42
velocity 43
time 7
note_off 39
time 2
note_on 48
velocity 45
time 20
note_off 42
time 58
note_on 51
velocity 44
time 14
note_off 48
time 20
note_on 54
velocity 52
time 261
note_off 51
time 20
note_on 57
velocity 48
time 213
note_off 54
time 70
note_off 57
time 3
note_on 58
velocity 56
time 1345
note_on 54
velocity 35
time 37
note_on 49
velocity 24
time 502
note_on 61
velocity 35
time 93
note_off 54
time 71
note_off 49
time 50
note_on 37
velocity 40
time 372
note_on 70
velocity 47
time 96
note_off 61
time 82
note_off 37
time 33
note_on 49
velocity 28
time 282
note_on 61
velocity 37
time 0
note_off 58
time 24
note_off 70
time 126
note_on 56
velocity 56
time 196
note_on 53
velocity 33
time 14
note_off 61
time 2
note_off 49
time 9
note_on 49
velocity 27
time 95
note_off 53
time 1
note_on 61
velocity 35
time 23
note_off 56
time 61
note_on 56
velocity 22
time 303
note_on 59
velocity 66
time 2
note_off 61
time 7
note_off 49
time 9
note_on 49
velocity 38
time 157
note_off 56
time 18
note_on 61
velocity 34
time 28
note_off 49
time 27
note_on 37
velocity 47
time 191
note_on 71
velocity 58
time 22
note_off 61
time 18
note_off 37
time 69
note_off 71
time 135
note_off 59
time 28
note_on 61
velocity 44
time 10
note_on 49
velocity 40
time 37
note_on 58
velocity 64
time 303
note_on 54
velocity 36
time 9
note_off 61
time 53
note_off 49
time 0
note_on 61
velocity 42
time 118
note_off 58
time 9
note_off 54
time 24
note_on 49
velocity 27
time 3
note_on 54
velocity 59
time 468
note_on 51
velocity 30
time 6
note_off 61
time 14
note_off 49
time 13
note_on 61
velocity 33
time 169
note_on 49
velocity 22
time 2
note_off 49
time 55
note_off 51
time 0
note_on 66
velocity 39
time 238
note_on 37
velocity 38
time 23
note_off 61
time 72
note_off 37
time 98
note_on 61
velocity 41
time 171
note_off 54
time 11
note_on 49
velocity 22
time 11
note_off 49
time 82
note_on 54
velocity 57
time 85
note_on 51
velocity 35
time 1
note_off 61
time 3
note_off 66
time 20
note_on 56
velocity 51
time 303
note_on 53
velocity 35
time 3
note_off 54
time 19
note_off 51
time 2
note_on 49
velocity 17
time 212
note_on 61
velocity 36
time 20
note_off 53
time 127
note_off 56
time 31
note_on 58
velocity 45
time 649
note_on 54
velocity 37
time 11
note_off 61
time 153
note_off 49
time 18
note_on 49
velocity 25
time 221
note_on 61
velocity 39
time 11
note_on 42
velocity 41
time 415
note_on 70
velocity 48
time 87
note_off 61
time 152
note_off 49
time 11
note_on 49
velocity 42
time 165
note_on 61
velocity 51
time 7
note_off 49
time 411
note_off 61
time 40
note_on 49
velocity 30
time 325
note_on 61
velocity 39
time 28
note_off 54
time 49
note_off 58
time 22
note_off 42
time 69
note_off 61
time 106
note_off 70
time 5
note_on 58
velocity 32
time 328
note_on 61
velocity 67
time 23
note_off 49
time 80
note_on 49
velocity 28
time 239
note_on 66
velocity 36
time 22
note_off 58
time 46
note_on 73
velocity 48
time 350
note_on 42
velocity 41
time 6
note_off 66
time 89
note_off 49
time 46
note_on 66
velocity 44
time 164
note_on 49
velocity 41
time 7
note_off 61
time 62
note_off 73
time 175
note_on 59
velocity 72
time 3
note_on 56
velocity 39
time 33
note_off 66
time 33
note_off 49
time 14
note_off 56
time 236
note_on 49
velocity 30
time 7
note_off 59
time 1
note_on 66
velocity 30
time 3
note_off 42
time 79
note_on 59
velocity 32
time 381
note_on 63
velocity 65
time 36
note_off 66
time 5
note_off 49
time 76
note_off 59
time 121
note_on 66
velocity 45
time 78
note_on 49
velocity 37
time 3
note_on 75
velocity 47
time 278
note_on 42
velocity 36
time 18
note_off 49
time 19
note_off 66
time 11
note_off 63
time 188
note_off 75
time 52
note_on 66
velocity 37
time 10
note_on 49
velocity 40
time 15
note_on 61
velocity 59
time 269
note_on 58
velocity 42
time 0
note_off 66
time 0
note_off 49
time 13
note_off 58
time 69
note_on 66
velocity 45
time 46
note_on 49
velocity 36
time 10
note_off 61
time 26
note_off 66
time 11
note_on 51
velocity 41
time 342
note_on 54
velocity 69
time 11
note_off 49
time 2
note_on 61
velocity 47
time 140
note_on 49
velocity 32
time 16
note_off 42
time 2
note_off 51
time 147
note_on 66
velocity 43
time 128
note_off 61
time 7
note_off 49
time 6
note_on 42
velocity 45
time 3
note_off 54
time 35
note_on 61
velocity 49
time 259
note_on 49
velocity 33
time 2
note_on 51
velocity 45
time 203
note_on 54
velocity 69
time 1
note_off 49
time 16
note_off 61
time 52
note_off 54
time 91
note_on 56
velocity 63
time 184
note_on 53
velocity 41
time 7
note_off 51
time 15
note_off 66
time 3
note_on 49
velocity 32
time 157
note_on 61
velocity 45
time 7
note_off 53
time 76
note_off 56
time 165
note_on 58
velocity 59
time 317
note_on 54
velocity 34
time 23
note_off 61
time 0
note_off 49
time 0
note_on 61
velocity 53
time 113
note_on 49
velocity 27
time 1
note_off 42
time 156
note_on 42
velocity 35
time 186
note_on 70
velocity 63
time 178
note_off 49
time 28
note_off 61
time 171
note_on 49
velocity 36
time 553
note_on 61
velocity 55
time 22
note_off 70
time 3
note_off 42
time 144
note_on 62
velocity 38
time 1354
note_on 50
velocity 25
time 7
note_off 61
time 3
note_off 49
time 15
note_off 58
time 15
note_off 54
time 501
note_on 58
velocity 58
time 304
note_off 62
time 154
note_off 50
time 98
note_on 51
velocity 37
time 320
note_on 63
velocity 41
time 18
note_off 51
time 177
note_on 39
velocity 38
time 250
note_on 70
velocity 49
time 85
note_off 63
time 125
note_off 39
time 16
note_on 63
velocity 38
time 201
note_on 51
velocity 41
time 11
note_off 58
time 106
note_on 61
velocity 56
time 402
note_on 58
velocity 35
time 35
note_off 63
time 84
note_off 51
time 59
note_on 51
velocity 34
time 216
note_off 70
time 28
note_on 63
velocity 37
time 7
note_on 73
velocity 52
time 329
note_on 44
velocity 35
time 15
note_off 51
time 78
note_off 63
time 23
note_on 63
velocity 51
time 177
note_off 58
time 6
note_on 51
velocity 31
time 2
note_off 61
time 62
note_off 73
time 57
note_on 59
velocity 70
time 165
note_on 56
velocity 36
time 29
note_off 63
time 15
note_off 51
time 16
note_off 44
time 63
note_on 63
velocity 46
time 78
note_on 51
velocity 34
time 28
note_off 59
time 33
note_off 63
time 16
note_off 56
time 49
note_on 56
velocity 69
time 309
note_on 47
velocity 33
time 32
note_off 51
time 5
note_off 47
time 98
note_off 56
time 19
note_on 59
velocity 75
time 128
note_on 56
velocity 46
time 58
note_off 59
time 152
note_off 56
time 110
note_on 61
velocity 68
time 63
note_on 58
velocity 48
time 15
note_on 49
velocity 43
time 44
note_on 66
velocity 45
time 35
note_off 58
time 122
note_on 42
velocity 51
time 109
note_on 73
velocity 72
time 11
note_off 49
time 35
note_off 66
time 63
note_on 49
velocity 52
time 136
note_off 42
time 24
note_on 66
velocity 69
time 1
note_off 49
time 52
note_off 61
time 92
note_on 61
velocity 50
time 210
note_off 73
time 66
note_on 64
velocity 79
time 13
note_off 66
time 5
note_on 54
velocity 45
time 196
note_on 66
velocity 46
time 6
note_on 76
velocity 72
time 253
note_on 47
velocity 52
time 5
note_off 66
time 69
note_off 54
time 31
note_on 66
velocity 61
time 170
note_on 54
velocity 57
time 5
note_off 61
time 26
note_off 64
time 11
note_off 76
time 31
note_on 59
velocity 48
time 274
note_on 63
velocity 80
time 11
note_off 66
time 3
note_off 54
time 36
note_on 54
velocity 44
time 117
note_on 66
velocity 56
time 29
note_off 59
time 15
note_off 47
time 65
note_off 63
time 20
note_off 66
time 50
note_on 66
velocity 82
time 433
note_on 63
velocity 47
time 26
note_off 54
time 50
note_on 57
velocity 38
time 299
note_on 69
velocity 67
time 6
note_on 48
velocity 48
time 351
note_on 78
velocity 82
time 72
note_off 57
time 100
note_off 69
time 78
note_on 57
velocity 51
time 111
note_on 69
velocity 87
time 11
note_off 66
time 41
note_off 63
time 41
note_off 78
time 128
note_on 63
velocity 54
time 152
note_on 66
velocity 90
time 114
note_off 69
time 10
note_off 57
time 28
note_on 69
velocity 74
time 182
note_on 57
velocity 52
time 1
note_off 48
time 79
note_on 48
velocity 61
time 170
note_on 78
velocity 82
time 41
note_off 69
time 89
note_off 57
time 54
note_on 57
velocity 70
time 152
note_on 69
velocity 85
time 3
note_off 66
time 83
note_off 63
time 37
note_off 78
time 0
note_off 48
time 18
note_off 69
time 59
note_off 57
time 677
note_on 66
velocity 93
time 36
note_on 63
velocity 61
time 14
note_off 63
time 208
note_off 66
time 37
note_on 69
velocity 89
time 67
note_on 66
velocity 57
time 16
note_off 69
time 432
note_on 69
velocity 4
time 0
note_on 77
velocity 28
time 0
note_on 78
velocity 41
time 7
note_off 77
time 98
note_on 80
velocity 36
time 32
note_on 81
velocity 43
time 329
note_off 66
time 3
note_off 69
time 3
note_off 78
time 114
note_off 80
time 128
note_off 81
time 3
note_on 74
velocity 41
time 16
note_on 73
velocity 49
time 263
note_off 74
time 16
note_on 65
velocity 46
time 27
note_on 72
velocity 48
time 5
note_on 66
velocity 46
time 5
note_off 73
time 9
note_off 65
time 1
note_on 68
velocity 46
time 3
note_off 66
time 5
note_off 68
time 11
note_on 69
velocity 45
time 15
note_on 62
velocity 43
time 87
note_off 69
time 58
note_on 73
velocity 47
time 2
note_on 61
velocity 46
time 1
note_off 72
time 7
note_off 62
time 10
note_off 73
time 59
note_off 61
time 205
note_on 53
velocity 45
time 126
note_on 54
velocity 53
time 562
note_on 63
velocity 41
time 24
note_on 72
velocity 44
time 0
note_on 66
velocity 38
time 1
note_on 60
velocity 43
time 7
note_off 53
time 10
note_on 56
velocity 52
time 16
note_off 54
time 33
note_on 57
velocity 58
time 11
note_off 56
time 151
note_on 48
velocity 58
time 6
note_off 57
time 5
note_off 72
time 3
note_off 60
time 6
note_off 48
time 24
note_off 63
time 0
note_off 66
time 19
note_on 54
velocity 39
time 503
note_on 49
velocity 43
time 6
note_on 70
velocity 83
time 113
note_on 61
velocity 51
time 29
note_off 61
time 71
note_off 54
time 109
note_on 47
velocity 39
time 208
note_on 53
velocity 39
time 20
note_on 68
velocity 82
time 11
note_on 61
velocity 35
time 14
note_off 49
time 10
note_off 70
time 16
note_on 73
velocity 76
time 5
note_off 68
time 0
note_off 47
time 149
note_off 53
time 44
note_off 61
time 18
note_off 73
time 23
note_on 73
velocity 58
time 561
note_on 61
velocity 32
time 7
note_on 67
velocity 36
time 1
note_on 52
velocity 33
time 3
note_on 64
velocity 40
time 19
note_on 46
velocity 28
time 3
note_off 52
time 338
note_on 48
velocity 38
time 546
note_off 46
time 128
note_on 49
velocity 37
time 496
note_off 48
time 183
note_on 51
velocity 55
time 10
note_off 49
time 0
note_off 51
time 136
note_on 52
velocity 54
time 7
note_on 45
velocity 61
time 14
note_off 52
time 13
note_on 44
velocity 63
time 3
note_off 45
time 10
note_off 61
time 3
note_off 73
time 19
note_on 60
velocity 65
time 16
note_off 64
time 0
note_off 67
time 1
note_on 43
velocity 42
time 0
note_on 61
velocity 67
time 11
note_off 44
time 5
note_off 60
time 6
note_on 63
velocity 69
time 16
note_off 61
time 36
note_on 64
velocity 73
time 48
note_off 63
time 69
note_on 57
velocity 75
time 115
note_off 64
time 41
note_off 57
time 16
note_on 56
velocity 66
time 20
note_on 44
velocity 49
time 7
note_off 43
time 15
note_on 72
velocity 75
time 2
note_off 56
time 180
note_on 55
velocity 49
time 59
note_on 45
velocity 45
time 37
note_on 73
velocity 64
time 10
note_off 44
time 23
note_off 72
time 15
note_on 75
velocity 65
time 15
note_off 73
time 32
note_on 76
velocity 65
time 234
note_off 75
time 82
note_off 45
time 132
note_off 55
time 109
note_on 67
velocity 67
time 22
note_off 76
time 96
note_off 67
time 177
note_on 46
velocity 40
time 156
note_on 49
velocity 36
time 2
note_on 54
velocity 47
time 5
note_on 66
velocity 67
time 136
note_on 58
velocity 52
time 227
note_on 70
velocity 73
time 11
note_off 46
time 46
note_off 49
time 13
note_off 66
time 27
note_off 54
time 6
note_off 58
time 9
note_on 61
velocity 48
time 175
note_on 73
velocity 77
time 23
note_off 70
time 27
note_off 61
time 7
note_on 66
velocity 51
time 203
note_off 66
time 46
note_on 78
velocity 75
time 11
note_on 47
velocity 52
time 188
note_on 54
velocity 45
time 72
note_on 66
velocity 49
time 2
note_off 47
time 10
note_off 54
time 45
note_off 78
time 131
note_on 65
velocity 49
time 63
note_off 66
time 33
note_on 77
velocity 81
time 62
note_off 73
time 117
note_on 75
velocity 70
time 572
note_on 63
velocity 37
time 6
note_off 77
time 46
note_off 65
time 28
note_off 63
time 273
note_on 61
velocity 44
time 13
note_on 73
velocity 72
time 11
note_off 75
time 44
note_off 61
time 44
note_on 71
velocity 71
time 138
note_on 59
velocity 40
time 11
note_off 73
time 0
note_off 59
time 65
note_off 71
time 9
note_on 58
velocity 31
time 65
note_off 58
time 55
note_on 59
velocity 46
time 41
note_on 70
velocity 62
time 15
note_off 70
time 49
note_on 71
velocity 67
time 9
note_off 59
time 3
note_on 58
velocity 43
time 15
note_on 65
velocity 55
time 32
note_on 50
velocity 48
time 5
note_on 70
velocity 61
time 10
note_off 71
time 3
note_on 68
velocity 71
time 102
note_on 56
velocity 49
time 7
note_off 58
time 13
note_off 50
time 6
note_off 65
time 15
note_off 70
time 55
note_on 51
velocity 46
time 234
note_on 54
velocity 45
time 10
note_off 56
time 29
note_on 66
velocity 68
time 7
note_off 68
time 2
note_off 66
time 44
note_off 51
time 6
note_off 54
time 32
note_on 78
velocity 78
time 113
note_on 66
velocity 49
time 29
note_off 66
time 113
note_off 78
time 122
note_on 77
velocity 76
time 9
note_on 53
velocity 45
time 5
note_on 61
velocity 36
time 7
note_on 68
velocity 48
time 0
note_on 65
velocity 25
time 5
note_off 65
time 2
note_off 68
time 191
note_on 75
velocity 73
time 0
note_on 63
velocity 46
time 10
note_off 61
time 14
note_on 71
velocity 53
time 0
note_off 77
time 41
note_off 71
time 184
note_on 61
velocity 45
time 1
note_on 54
velocity 46
time 9
note_off 53
time 0
note_on 73
velocity 75
time 14
note_on 70
velocity 46
time 6
note_off 63
time 1
note_off 75
time 48
note_off 70
time 117
note_off 54
time 158
note_on 51
velocity 46
time 14
note_on 60
velocity 42
time 22
note_off 61
time 15
note_on 78
velocity 70
time 13
note_on 69
velocity 47
time 6
note_off 73
time 10
note_off 60
time 10
note_off 51
time 11
note_off 69
time 40
note_off 78
time 2
note_on 49
velocity 39
time 486
note_on 70
velocity 68
time 5
note_on 61
velocity 45
time 11
note_on 66
velocity 51
time 0
note_off 61
time 239
note_on 60
velocity 33
time 111
note_on 61
velocity 46
time 378
note_off 60
time 9
note_off 70
time 96
note_off 66
time 96
note_off 61
time 54
note_on 62
velocity 42
time 24
note_on 68
velocity 62
time 333
note_on 63
velocity 47
time 16
note_on 65
velocity 55
time 16
note_off 62
time 7
note_off 65
time 126
note_on 59
velocity 49
time 7
note_off 68
time 6
note_off 63
time 27
note_on 66
velocity 49
time 450
note_on 58
velocity 39
time 31
note_on 61
velocity 41
time 6
note_off 59
time 1
note_on 48
velocity 49
time 13
note_off 49
time 55
note_on 49
velocity 55
time 213
note_off 48
time 147
note_on 50
velocity 65
time 130
note_off 66
time 242
note_on 51
velocity 60
time 80
note_off 49
time 16
note_off 50
time 23
note_on 65
velocity 74
time 92
note_on 56
velocity 57
time 3
note_off 61
time 11
note_off 58
time 3
note_on 47
velocity 70
time 121
note_off 51
time 49
note_off 56
time 31
note_on 46
velocity 59
time 361
note_off 47
time 48
note_on 66
velocity 78
time 85
note_on 54
velocity 61
time 18
note_off 65
time 13
note_off 54
time 9
note_off 66
time 59
note_on 45
velocity 52
time 240
note_off 46
time 125
note_on 75
velocity 82
time 108
note_on 66
velocity 52
time 20
note_on 72
velocity 51
time 7
note_on 44
velocity 42
time 826
note_off 45
time 2
note_off 44
time 802
note_off 66
time 91
note_off 72
time 438
note_on 37
velocity 31
time 1480
note_on 65
velocity 38
time 0
note_on 71
velocity 38
time 0
note_on 73
velocity 47
time 1
note_off 75
time 88
note_off 65
time 144
note_off 71
time 79
note_off 37
time 18
note_off 73
time 37
note_on 66
velocity 47
time 2170
note_on 58
velocity 40
time 5
note_on 54
velocity 33
time 6
note_on 49
velocity 21
time 635
note_on 61
velocity 33
time 45
note_off 61
time 467
note_on 42
velocity 31
time 39
note_off 49
time 84
note_on 49
velocity 16
time 225
note_off 58
time 3
note_on 61
velocity 37
time 0
note_off 54
time 183
note_on 56
velocity 56
time 164
note_on 53
velocity 31
time 42
note_off 61
time 6
note_off 49
time 6
note_on 61
velocity 37
time 104
note_off 53
time 16
note_on 49
velocity 19
time 23
note_off 56
time 57
note_on 59
velocity 58
time 451
note_on 56
velocity 30
time 31
note_off 61
time 63
note_off 49
time 5
note_on 61
velocity 36
time 207
note_on 49
velocity 23
time 55
note_off 66
time 119
note_off 42
time 42
note_off 61
time 174
note_on 42
velocity 29
time 57
note_off 49
time 67
note_off 59
time 199
note_on 49
velocity 21
time 15
note_on 61
velocity 39
time 9
note_off 56
time 15
note_on 58
velocity 53
time 321
note_on 54
velocity 32
time 16
note_off 61
time 10
note_off 49
time 0
note_on 61
velocity 39
time 135
note_off 58
time 19
note_on 49
velocity 20
time 19
note_off 54
time 37
note_on 54
velocity 50
time 436
note_on 51
velocity 28
time 18
note_off 61
time 16
note_off 49
time 7
note_on 61
velocity 37
time 165
note_on 49
velocity 29
time 36
note_off 42
time 119
note_off 61
time 170
note_off 51
time 15
note_on 42
velocity 35
time 6
note_off 49
time 19
note_off 54
time 145
note_on 61
velocity 36
time 175
note_on 49
velocity 29
time 9
note_off 49
time 148
note_on 54
velocity 58
time 33
note_on 51
velocity 32
time 9
note_off 54
time 80
note_on 56
velocity 55
time 187
note_on 53
velocity 38
time 9
note_off 61
time 11
note_off 51
time 0
note_on 49
velocity 27
time 106
note_on 61
velocity 38
time 2
note_off 53
time 45
note_off 56
time 162
note_on 58
velocity 52
time 329
note_on 54
velocity 33
time 39
note_off 61
time 1
note_off 49
time 11
note_on 61
velocity 43
time 136
note_on 49
velocity 29
time 31
note_off 42
time 96
note_off 58
time 186
note_off 54
time 45
note_off 61
time 0
note_on 42
velocity 39
time 9
note_off 49
time 32
note_on 61
velocity 47
time 302
note_on 49
velocity 27
time 2
note_on 66
velocity 67
time 186
note_on 51
velocity 39
time 28
note_on 54
velocity 50
time 3
note_off 49
time 22
note_off 54
time 80
note_on 53
velocity 40
time 2
note_on 68
velocity 69
time 2
note_on 56
velocity 39
time 15
note_off 66
time 1
note_off 61
time 10
note_off 51
time 11
note_on 61
velocity 39
time 148
note_on 49
velocity 28
time 7
note_off 53
time 102
note_off 68
time 23
note_off 56
time 52
note_on 70
velocity 60
time 481
note_on 54
velocity 32
time 9
note_on 58
velocity 35
time 7
note_off 61
time 5
note_off 49
time 10
note_on 61
velocity 37
time 210
note_on 49
velocity 30
time 20
note_off 42
time 154
note_off 61
time 216
note_off 49
time 42
note_on 42
velocity 30
time 19
note_off 54
time 95
note_off 70
time 207
note_on 49
velocity 33
time 214
note_on 61
velocity 37
time 9
note_off 58
time 5
note_on 66
velocity 52
time 248
note_off 49
time 7
note_on 54
velocity 34
time 19
note_on 51
velocity 29
time 19
note_off 54
time 158
note_on 68
velocity 56
time 7
note_on 56
velocity 39
time 0
note_on 53
velocity 29
time 2
note_off 61
time 27
note_off 51
time 9
note_off 66
time 3
note_on 61
velocity 29
time 501
note_on 49
velocity 27
time 24
note_off 68
time 218
note_off 53
time 36
note_off 56
time 144
note_on 70
velocity 46
time 1053
note_on 58
velocity 33
time 3
note_on 54
velocity 30
time 22
note_off 61
time 10
note_off 49
time 7
note_on 61
velocity 35
time 429
note_on 49
velocity 21
time 10
note_off 49
time 591
note_off 61
time 16
note_on 61
velocity 41
time 416
note_on 49
velocity 17
time 59
note_off 49
time 537
note_off 61
time 61
note_on 61
velocity 33
time 471
note_on 49
velocity 20
time 15
note_off 49
time 532
note_off 61
time 69
note_on 61
velocity 23
time 647
note_on 49
velocity 19
time 2
note_off 49
time 791
note_off 61
time 143
note_on 61
velocity 26
time 842
note_off 61
time 649
note_off 70
time 364
note_off 42
time 251
note_off 54
time 1996
note_off 58
time 0
