note_on 61
velocity 60
time 954
note_on 58
velocity 45
time 19
note_off 58
time 2
note_on 70
velocity 50
time 16
note_on 58
velocity 31
time 18
note_on 65
velocity 36
time 5
note_on 72
velocity 64
time 3
note_off 58
time 19
note_off 70
time 14
note_on 73
velocity 55
time 53
note_on 70
velocity 41
time 14
note_on 58
velocity 25
time 1
note_off 72
time 144
note_off 65
time 195
note_off 61
time 13
note_off 73
time 76
note_off 70
time 6
note_off 58
time 14
note_on 65
velocity 71
time 248
note_on 70
velocity 58
time 7
note_on 73
velocity 64
time 0
note_on 61
velocity 55
time 20
note_on 58
velocity 46
time 5
note_off 58
time 0
note_off 70
time 36
note_off 73
time 33
note_on 73
velocity 56
time 1
note_on 63
velocity 52
time 3
note_on 66
velocity 50
time 2
note_on 70
velocity 47
time 6
note_on 58
velocity 41
time 3
note_off 61
time 13
note_off 65
time 19
note_off 58
time 16
note_on 58
velocity 38
time 1
note_on 72
velocity 48
time 5
note_on 69
velocity 38
time 6
note_off 73
time 7
note_off 70
time 16
note_on 73
velocity 65
time 39
note_on 70
velocity 55
time 6
note_off 72
time 125
note_off 58
time 87
note_on 72
velocity 57
time 207
note_on 75
velocity 64
time 6
note_on 58
velocity 41
time 16
note_off 69
time 131
note_off 73
time 57
note_off 70
time 27
note_off 72
time 5
note_off 75
time 33
note_off 63
time 15
note_off 66
time 15
note_off 58
time 95
note_on 66
velocity 70
time 154
note_on 58
velocity 51
time 3
note_on 75
velocity 64
time 0
note_on 72
velocity 56
time 3
note_on 63
velocity 59
time 5
note_on 69
velocity 53
time 1
note_on 60
velocity 58
time 7
note_off 58
time 52
note_off 69
time 101
note_off 63
time 2
note_off 72
time 79
note_off 75
time 35
note_on 65
velocity 49
time 207
note_on 58
velocity 34
time 11
note_on 61
velocity 46
time 0
note_on 72
velocity 49
time 7
note_on 75
velocity 56
time 0
note_off 60
time 71
note_off 66
time 169
note_off 58
time 315
note_on 70
velocity 44
time 235
note_on 73
velocity 53
time 5
note_on 58
velocity 36
time 15
note_off 75
time 127
note_off 72
time 28
note_on 75
velocity 70
time 220
note_on 72
velocity 60
time 5
note_off 73
time 117
note_off 58
time 41
note_on 77
velocity 66
time 281
note_on 73
velocity 56
time 14
note_on 58
velocity 38
time 9
note_off 70
time 123
note_off 72
time 18
note_off 75
time 80
note_off 65
time 16
note_off 61
time 18
note_off 58
time 5
note_off 77
time 3
note_off 73
time 37
note_on 65
velocity 72
time 225
note_on 70
velocity 63
time 7
note_on 77
velocity 69
time 3
note_on 58
velocity 53
time 7
note_on 73
velocity 58
time 2
note_on 61
velocity 60
time 1
note_off 73
time 3
note_off 58
time 2
note_off 77
time 5
note_on 69
velocity 70
time 373
note_on 77
velocity 70
time 1
note_on 58
velocity 34
time 2
note_on 73
velocity 54
time 7
note_on 60
velocity 42
time 1
note_off 70
time 16
note_off 61
time 0
note_off 65
time 22
note_off 58
time 166
note_on 72
velocity 50
time 244
note_on 75
velocity 58
time 0
note_on 58
velocity 37
time 13
note_off 73
time 97
note_off 77
time 87
note_on 77
velocity 66
time 210
note_on 73
velocity 62
time 1
note_off 72
time 69
note_off 75
time 53
note_off 58
time 72
note_off 73
time 55
note_on 58
velocity 36
time 204
note_on 78
velocity 74
time 6
note_on 75
velocity 63
time 2
note_off 77
time 190
note_off 75
time 20
note_off 69
time 18
note_off 78
time 23
note_off 58
time 36
note_off 60
time 19
note_on 58
velocity 43
time 239
note_on 60
velocity 43
time 3
note_on 69
velocity 78
time 1
note_on 78
velocity 72
time 6
note_on 75
velocity 61
time 0
note_off 60
time 240
note_off 75
time 53
note_off 58
time 19
note_off 78
time 15
note_on 70
velocity 58
time 276
note_on 78
velocity 55
time 2
note_on 75
velocity 57
time 2
note_on 58
velocity 25
time 10
note_off 69
time 250
note_off 58
time 102
note_on 58
velocity 50
time 305
note_on 77
velocity 52
time 11
note_on 73
velocity 31
time 1
note_off 75
time 149
note_on 60
velocity 66
time 242
note_on 75
velocity 62
time 3
note_off 78
time 76
note_off 77
time 2
note_off 58
time 182
note_on 61
velocity 53
time 192
note_on 77
velocity 58
time 15
note_off 75
time 122
note_off 60
time 44
note_off 70
time 2
note_off 77
time 7
note_off 73
time 20
note_off 61
time 44
note_on 70
velocity 71
time 187
note_on 61
velocity 51
time 2
note_on 73
velocity 56
time 0
note_on 77
velocity 63
time 5
note_off 77
time 174
note_off 61
time 188
note_off 70
time 53
note_on 67
velocity 50
time 272
note_on 61
velocity 44
time 14
note_on 70
velocity 47
time 0
note_on 77
velocity 52
time 1
note_off 73
time 346
note_on 66
velocity 44
time 178
note_on 75
velocity 51
time 9
note_on 60
velocity 40
time 5
note_off 61
time 140
note_on 61
velocity 66
time 244
note_on 73
velocity 57
time 3
note_off 77
time 24
note_off 67
time 16
note_off 75
time 33
note_off 60
time 145
note_on 63
velocity 60
time 218
note_on 72
velocity 54
time 7
note_off 73
time 143
note_off 70
time 48
note_off 66
time 22
note_off 61
time 10
note_off 63
time 343
note_on 73
velocity 66
time 217
note_on 63
velocity 58
time 6
note_on 66
velocity 64
time 0
note_on 70
velocity 54
time 0
note_off 72
time 183
note_on 75
velocity 74
time 201
note_off 63
time 42
note_off 73
time 5
note_on 63
velocity 63
time 348
note_on 65
velocity 54
time 6
note_on 69
velocity 54
time 2
note_off 70
time 233
note_off 66
time 93
note_on 77
velocity 69
time 490
note_on 61
velocity 44
time 7
note_on 70
velocity 50
time 5
note_off 69
time 135
note_off 63
time 71
note_off 75
time 44
note_on 63
velocity 62
time 9
note_on 72
velocity 74
time 16
note_off 65
time 7
note_off 70
time 3
note_off 61
time 123
note_on 65
velocity 67
time 28
note_on 73
velocity 76
time 15
note_off 72
time 147
note_off 63
time 39
note_off 65
time 407
note_on 65
velocity 68
time 214
note_on 79
velocity 78
time 0
note_off 77
time 225
note_on 81
velocity 77
time 184
note_off 79
time 174
note_off 65
time 36
note_on 65
velocity 54
time 329
note_on 66
velocity 58
time 0
note_on 82
velocity 71
time 14
note_off 81
time 270
note_on 63
velocity 50
time 574
note_on 72
velocity 65
time 13
note_off 65
time 118
note_off 73
time 2
note_on 61
velocity 48
time 256
note_on 73
velocity 67
time 7
note_off 63
time 130
note_off 72
time 307
note_on 75
velocity 57
time 36
note_on 60
velocity 36
time 1
note_off 61
time 201
note_off 73
time 63
note_on 58
velocity 35
time 558
note_on 81
velocity 53
time 6
note_off 82
time 114
note_off 60
time 29
note_on 82
velocity 63
time 247
note_off 81
time 165
note_on 57
velocity 31
time 376
note_on 84
velocity 59
time 5
note_off 58
time 225
note_off 82
time 46
note_off 75
time 6
note_on 78
velocity 60
time 6
note_on 75
velocity 48
time 3
note_on 77
velocity 61
time 7
note_on 73
velocity 49
time 3
note_off 75
time 7
note_off 73
time 16
note_on 75
velocity 53
time 0
note_on 72
velocity 42
time 15
note_off 78
time 9
note_off 84
time 0
note_off 57
time 11
note_off 66
time 1
note_off 77
time 16
note_on 84
velocity 63
time 84
note_on 57
velocity 37
time 6
note_on 58
velocity 45
time 174
note_on 82
velocity 69
time 0
note_off 84
time 91
note_off 57
time 123
note_on 81
velocity 55
time 265
note_on 60
velocity 41
time 6
note_off 82
time 134
note_off 58
time 48
note_off 72
time 89
note_off 75
time 42
note_on 72
velocity 47
time 82
note_on 75
velocity 59
time 1
note_off 72
time 65
note_on 70
velocity 49
time 16
note_on 73
velocity 61
time 5
note_off 75
time 42
note_on 69
velocity 42
time 58
note_on 72
velocity 49
time 9
note_off 70
time 75
note_off 73
time 48
note_off 81
time 141
note_off 60
time 45
note_on 81
velocity 53
time 420
note_on 60
velocity 35
time 6
note_on 61
velocity 32
time 377
note_on 84
velocity 57
time 19
note_off 81
time 151
note_off 60
time 29
note_on 63
velocity 32
time 355
note_on 77
velocity 49
time 15
note_off 84
time 190
note_off 61
time 19
note_off 69
time 61
note_off 72
time 113
note_on 69
velocity 37
time 416
note_on 65
velocity 26
time 2
note_on 70
velocity 48
time 398
note_on 67
velocity 36
time 13
note_off 69
time 130
note_off 65
time 80
note_on 72
velocity 53
time 227
note_on 69
velocity 36
time 6
note_off 70
time 127
note_off 67
time 20
note_off 63
time 9
note_off 72
time 0
note_on 72
velocity 53
time 19
note_on 63
velocity 38
time 5
note_on 73
velocity 66
time 5
note_on 61
velocity 51
time 3
note_off 63
time 15
note_off 72
time 5
note_on 60
velocity 47
time 19
note_on 75
velocity 62
time 27
note_off 61
time 16
note_off 73
time 40
note_off 60
time 0
note_off 69
time 6
note_on 72
velocity 63
time 24
note_on 69
velocity 51
time 6
note_on 60
velocity 51
time 9
note_on 73
velocity 66
time 199
note_on 58
velocity 61
time 3
note_on 70
velocity 62
time 5
note_off 75
time 27
note_off 72
time 44
note_off 69
time 182
note_on 72
velocity 58
time 144
note_on 75
velocity 68
time 13
note_on 57
velocity 52
time 3
note_off 60
time 152
note_off 73
time 53
note_off 58
time 1
note_off 70
time 126
note_on 55
velocity 61
time 444
note_on 69
velocity 61
time 18
note_off 57
time 104
note_off 72
time 80
note_on 53
velocity 57
time 111
note_off 55
time 84
note_on 65
velocity 39
time 411
note_on 58
velocity 51
time 6
note_off 53
time 291
note_off 69
time 1
note_off 77
time 0
note_on 77
velocity 59
time 18
note_on 73
velocity 53
time 10
note_off 75
time 16
note_on 75
velocity 62
time 9
note_on 72
velocity 57
time 7
note_off 73
time 15
note_off 77
time 101
note_on 73
velocity 52
time 277
note_on 70
velocity 39
time 1
note_off 75
time 114
note_off 72
time 3
note_off 70
time 1
note_on 75
velocity 51
time 18
note_on 69
velocity 40
time 7
note_on 66
velocity 30
time 9
note_off 73
time 15
note_off 65
time 9
note_on 72
velocity 52
time 10
note_on 63
velocity 35
time 7
note_off 66
time 63
note_off 75
time 165
note_on 65
velocity 32
time 106
note_on 73
velocity 43
time 9
note_on 70
velocity 31
time 7
note_off 72
time 92
note_off 69
time 63
note_off 63
time 13
note_off 70
time 15
note_off 73
time 0
note_on 70
velocity 52
time 6
note_on 61
velocity 35
time 1
note_off 58
time 10
note_on 72
velocity 70
time 3
note_on 60
velocity 57
time 3
note_off 65
time 42
note_off 70
time 1
note_on 73
velocity 63
time 289
note_on 58
velocity 48
time 3
note_off 61
time 28
note_off 60
time 93
note_off 72
time 2
note_off 73
time 14
note_on 65
velocity 43
time 2
note_on 56
velocity 42
time 9
note_on 70
velocity 53
time 0
note_on 73
velocity 62
time 3
note_off 58
time 0
note_off 73
time 28
note_off 70
time 6
note_on 63
velocity 38
time 6
note_on 55
velocity 32
time 3
note_on 70
velocity 37
time 0
note_on 73
velocity 48
time 1
note_off 65
time 5
note_off 56
time 3
note_off 63
time 227
note_on 72
velocity 61
time 199
note_on 63
velocity 47
time 2
note_on 68
velocity 49
time 0
note_on 56
velocity 44
time 3
note_off 70
time 139
note_off 55
time 19
note_off 73
time 53
note_on 70
velocity 67
time 180
note_on 55
velocity 59
time 10
note_off 72
time 59
note_off 56
time 71
note_off 63
time 3
note_off 68
time 87
note_on 72
velocity 63
time 218
note_on 53
velocity 52
time 1
note_off 55
time 106
note_off 70
time 67
note_off 72
time 477
note_on 65
velocity 49
time 214
note_on 72
velocity 57
time 2
note_on 68
velocity 51
time 3
note_on 51
velocity 46
time 1
note_off 53
time 179
note_off 68
time 7
note_off 65
time 1
note_off 72
time 6
note_on 50
velocity 32
time 16
note_on 65
velocity 41
time 2
note_on 68
velocity 42
time 0
note_on 72
velocity 49
time 5
note_off 51
time 2
note_off 65
time 16
note_on 67
velocity 43
time 22
note_on 65
velocity 32
time 2
note_on 55
velocity 46
time 6
note_on 70
velocity 52
time 7
note_off 68
time 45
note_off 50
time 125
note_off 72
time 13
note_on 53
velocity 63
time 52
note_on 68
velocity 62
time 9
note_off 70
time 63
note_off 55
time 95
note_off 65
time 160
note_on 52
velocity 55
time 106
note_on 70
velocity 57
time 10
note_off 67
time 75
note_off 53
time 44
note_off 68
time 15
note_off 70
time 15
note_on 65
velocity 62
time 14
note_on 67
velocity 53
time 3
note_on 70
velocity 62
time 2
note_on 55
velocity 40
time 9
note_off 52
time 9
note_off 70
time 76
note_off 67
time 9
note_on 67
velocity 36
time 96
note_on 64
velocity 43
time 7
note_on 70
velocity 42
time 11
note_on 48
velocity 32
time 15
note_off 55
time 63
note_off 65
time 16
note_on 60
velocity 41
time 71
note_on 68
velocity 54
time 10
note_on 53
velocity 38
time 2
note_on 65
velocity 31
time 3
note_off 67
time 119
note_off 64
time 23
note_on 51
velocity 62
time 167
note_on 67
velocity 62
time 16
note_off 48
time 16
note_off 68
time 46
note_off 70
time 41
note_off 53
time 71
note_on 49
velocity 55
time 88
note_on 68
velocity 60
time 0
note_off 67
time 66
note_off 60
time 78
note_off 51
time 31
note_off 65
time 5
note_off 68
time 50
note_on 60
velocity 59
time 160
note_on 48
velocity 43
time 6
note_on 68
velocity 65
time 1
note_on 65
velocity 51
time 3
note_off 49
time 16
note_off 65
time 104
note_off 68
time 52
note_on 68
velocity 49
time 18
note_on 65
velocity 39
time 1
note_on 46
velocity 37
time 2
note_on 61
velocity 44
time 1
note_off 48
time 13
note_off 60
time 16
note_off 61
time 0
note_off 46
time 70
note_off 65
time 36
note_on 67
velocity 58
time 182
note_on 58
velocity 44
time 5
note_on 61
velocity 47
time 3
note_on 46
velocity 28
time 2
note_off 68
time 7
note_on 68
velocity 67
time 192
note_off 67
time 93
note_off 46
time 6
note_on 70
velocity 68
time 1
note_on 46
velocity 50
time 5
note_off 68
time 70
note_off 61
time 104
note_off 58
time 6
note_off 46
time 104
note_on 67
velocity 71
time 136
note_on 61
velocity 56
time 6
note_on 58
velocity 53
time 3
note_on 46
velocity 53
time 10
note_off 70
time 13
note_off 46
time 113
note_on 64
velocity 73
time 286
note_on 46
velocity 47
time 1
note_on 55
velocity 49
time 7
note_on 60
velocity 59
time 7
note_off 61
time 5
note_off 58
time 6
note_off 67
time 11
note_off 60
time 36
note_on 65
velocity 67
time 9
note_on 56
velocity 48
time 3
note_on 72
velocity 84
time 2
note_on 44
velocity 50
time 3
note_off 55
time 5
note_off 64
time 2
note_off 46
time 11
note_on 64
velocity 66
time 131
note_off 65
time 100
note_on 65
velocity 61
time 354
note_on 49
velocity 39
time 3
note_off 44
time 139
note_off 64
time 32
note_off 65
time 9
note_off 49
time 41
note_off 56
time 72
note_on 65
velocity 52
time 188
note_on 70
velocity 62
time 0
note_on 55
velocity 39
time 1
note_on 49
velocity 30
time 16
note_on 53
velocity 45
time 18
note_on 68
velocity 65
time 3
note_off 72
time 2
note_off 70
time 6
note_off 55
time 5
note_off 49
time 0
note_off 65
time 19
note_on 70
velocity 60
time 207
note_on 49
velocity 28
time 6
note_on 55
velocity 40
time 3
note_on 65
velocity 48
time 0
note_off 53
time 149
note_off 68
time 1
note_off 70
time 3
note_off 55
time 50
note_on 70
velocity 80
time 347
note_on 55
velocity 41
time 6
note_on 64
velocity 53
time 7
note_on 48
velocity 39
time 2
note_off 65
time 1
note_on 46
velocity 45
time 18
note_on 62
velocity 64
time 1
note_off 64
time 114
note_off 48
time 52
note_off 55
time 91
note_off 49
time 71
note_on 55
velocity 38
time 143
note_on 64
velocity 53
time 3
note_on 48
velocity 41
time 11
note_off 46
time 80
note_off 62
time 24
note_off 48
time 48
note_off 64
time 19
note_off 55
time 113
note_on 68
velocity 58
time 134
note_on 64
velocity 39
time 2
note_on 48
velocity 39
time 6
note_on 60
velocity 39
time 11
note_on 67
velocity 60
time 26
note_off 68
time 88
note_off 64
time 28
note_off 60
time 48
note_off 48
time 1
note_on 68
velocity 52
time 52
note_on 64
velocity 45
time 3
note_on 60
velocity 39
time 2
note_on 48
velocity 35
time 18
note_off 67
time 109
note_off 70
time 44
note_off 68
time 6
note_off 64
time 0
note_off 48
time 20
note_off 60
time 52
note_on 68
velocity 53
time 19
note_on 41
velocity 31
time 10
note_on 65
velocity 37
time 7
note_on 60
velocity 33
time 2
note_on 63
velocity 59
time 5
note_on 61
velocity 53
time 46
note_on 46
velocity 28
time 5
note_off 41
time 261
note_off 63
time 15
note_off 65
time 5
note_off 46
time 0
note_off 60
time 16
note_off 61
time 0
note_on 66
velocity 56
time 282
note_on 61
velocity 40
time 7
note_on 46
velocity 26
time 16
note_on 58
velocity 32
time 0
note_off 58
time 2
note_on 57
velocity 49
time 55
note_on 65
velocity 66
time 0
note_off 68
time 1
note_off 66
time 13
note_off 61
time 7
note_off 57
time 16
note_off 46
time 78
note_on 66
velocity 68
time 130
note_on 58
velocity 47
time 5
note_on 61
velocity 51
time 3
note_on 46
velocity 46
time 2
note_off 65
time 13
note_off 46
time 117
note_on 54
velocity 58
time 210
note_on 73
velocity 77
time 1
note_on 70
velocity 61
time 5
note_on 46
velocity 46
time 7
note_off 66
time 11
note_off 58
time 3
note_on 53
velocity 64
time 3
note_on 69
velocity 76
time 14
note_off 70
time 9
note_off 54
time 10
note_off 46
time 0
note_on 54
velocity 70
time 46
note_on 70
velocity 62
time 19
note_on 46
velocity 38
time 15
note_off 61
time 45
note_off 69
time 65
note_off 53
time 119
note_off 46
time 399
note_on 46
velocity 46
time 170
note_on 72
velocity 72
time 14
note_off 70
time 130
note_on 70
velocity 82
time 259
note_off 72
time 121
note_off 46
time 3
note_on 76
velocity 81
time 15
note_on 55
velocity 48
time 2
note_on 72
velocity 66
time 2
note_on 46
velocity 45
time 11
note_off 73
time 19
note_off 54
time 2
note_off 70
time 2
note_off 55
time 66
note_off 72
time 6
note_on 44
velocity 50
time 7
note_on 56
velocity 49
time 2
note_on 72
velocity 83
time 1
note_on 65
velocity 63
time 10
note_off 46
time 0
note_off 76
time 19
note_off 65
time 13
note_off 56
time 54
note_on 55
velocity 67
time 19
note_on 67
velocity 82
time 6
note_on 77
velocity 88
time 380
note_on 49
velocity 40
time 5
note_on 53
velocity 48
time 0
note_on 68
velocity 61
time 11
note_off 67
time 126
note_off 55
time 44
note_off 72
time 11
note_off 44
time 36
note_off 68
time 16
note_on 72
velocity 82
time 311
note_on 48
velocity 59
time 3
note_on 68
velocity 77
time 0
note_off 49
time 3
note_off 68
time 324
note_on 73
velocity 78
time 134
note_on 46
velocity 61
time 3
note_on 68
velocity 71
time 6
note_off 48
time 95
note_off 72
time 9
note_on 52
velocity 68
time 389
note_on 49
velocity 64
time 2
note_on 67
velocity 65
time 5
note_on 70
velocity 80
time 3
note_off 53
time 70
note_off 68
time 1
note_off 46
time 7
note_off 77
time 57
note_on 68
velocity 84
time 3
note_on 53
velocity 79
time 3
note_off 52
time 106
note_off 67
time 14
note_off 70
time 10
note_on 70
velocity 70
time 322
note_on 76
velocity 84
time 6
note_on 55
velocity 62
time 11
note_on 48
velocity 58
time 7
note_off 68
time 134
note_off 49
time 16
note_off 53
time 5
note_off 73
time 52
note_off 55
time 421
note_off 48
time 42
note_off 70
time 7
note_on 48
velocity 63
time 166
note_on 55
velocity 59
time 6
note_on 72
velocity 86
time 0
note_on 70
velocity 70
time 1
note_off 55
time 555
note_off 72
time 28
note_off 70
time 6
note_off 48
time 28
note_on 70
velocity 53
time 440
note_on 77
velocity 73
time 10
note_on 41
velocity 38
time 3
note_on 72
velocity 57
time 0
note_on 53
velocity 39
time 2
note_off 76
time 240
note_off 72
time 15
note_on 72
velocity 57
time 10
note_on 68
velocity 51
time 9
note_off 70
time 7
note_on 70
velocity 54
time 7
note_on 67
velocity 43
time 9
note_off 68
time 16
note_off 72
time 2
note_off 77
time 44
note_on 72
velocity 48
time 42
note_on 68
velocity 22
time 5
note_off 70
time 6
note_off 67
time 1
note_off 53
time 18
note_off 41
time 2
note_on 77
velocity 45
time 266
note_on 53
velocity 36
time 6
note_off 53
time 96
note_on 75
velocity 54
time 325
note_off 77
time 27
note_on 58
velocity 37
time 503
note_on 74
velocity 48
time 3
note_off 75
time 141
note_off 72
time 1
note_off 68
time 127
note_on 71
velocity 48
time 192
note_on 68
velocity 27
time 19
note_on 70
velocity 55
time 384
note_on 66
velocity 43
time 2
note_off 68
time 78
note_off 71
time 100
note_on 65
velocity 35
time 24
note_on 68
velocity 43
time 7
note_off 66
time 192
note_off 70
time 53
note_off 58
time 9
note_off 74
time 26
note_on 75
velocity 53
time 580
note_on 58
velocity 32
time 16
note_off 58
time 87
note_on 77
velocity 55
time 307
note_off 75
time 139
note_on 51
velocity 37
time 376
note_on 78
velocity 50
time 9
note_off 77
time 207
note_off 68
time 36
note_off 65
time 55
note_on 66
velocity 47
time 13
note_on 63
velocity 34
time 7
note_on 68
velocity 61
time 5
note_on 65
velocity 44
time 1
note_off 66
time 10
note_off 63
time 2
note_on 70
velocity 50
time 10
note_on 66
velocity 44
time 7
note_off 51
time 16
note_off 65
time 55
note_off 68
time 3
note_off 78
time 14
note_on 51
velocity 43
time 74
note_on 75
velocity 53
time 6
note_off 51
time 114
note_on 73
velocity 50
time 303
note_off 75
time 18
note_on 72
velocity 43
time 166
note_off 73
time 152
note_off 70
time 63
note_off 66
time 75
note_on 60
velocity 41
time 540
note_on 63
velocity 38
time 5
note_on 61
velocity 45
time 377
note_on 65
velocity 46
time 18
note_off 63
time 152
note_off 60
time 27
note_on 63
velocity 36
time 268
note_on 66
velocity 45
time 1
note_off 65
time 126
note_off 61
time 45
note_off 72
time 37
note_on 73
velocity 47
time 621
note_on 56
velocity 36
time 2
note_off 56
time 102
note_on 75
velocity 54
time 296
note_off 73
time 89
note_on 49
velocity 23
time 417
note_off 66
time 16
note_on 77
velocity 47
time 3
note_off 75
time 128
note_off 63
time 153
note_on 68
velocity 44
time 585
note_on 65
velocity 18
time 16
note_on 63
velocity 42
time 375
note_on 66
velocity 48
time 3
note_off 68
time 105
note_off 65
time 22
note_on 61
velocity 22
time 347
note_on 65
velocity 39
time 11
note_off 63
time 152
note_off 66
time 6
note_off 49
time 10
note_off 61
time 39
note_off 65
time 2
note_on 73
velocity 51
time 11
note_on 65
velocity 36
time 9
note_on 49
velocity 24
time 6
note_on 61
velocity 19
time 5
note_on 72
velocity 52
time 15
note_off 61
time 13
note_off 77
time 27
note_off 65
time 16
note_on 61
velocity 24
time 0
note_on 70
velocity 49
time 1
note_on 54
velocity 27
time 0
note_on 66
velocity 33
time 6
note_off 73
time 15
note_off 72
time 14
note_off 49
time 70
note_off 70
time 10
note_off 61
time 19
note_off 66
time 24
note_off 54
time 37
note_on 70
velocity 67
time 240
note_on 61
velocity 27
time 16
note_on 66
velocity 41
time 0
note_on 54
velocity 31
time 5
note_on 53
velocity 46
time 16
note_off 61
time 52
note_off 70
time 0
note_on 63
velocity 28
time 15
note_on 78
velocity 66
time 0
note_on 51
velocity 35
time 0
note_on 70
velocity 44
time 0
note_off 66
time 11
note_off 53
time 16
note_off 54
time 7
note_off 78
time 2
note_off 70
time 0
note_off 63
time 1
note_off 51
time 5
note_on 78
velocity 71
time 308
note_on 70
velocity 59
time 6
note_on 63
velocity 50
time 3
note_on 51
velocity 65
time 2
note_on 77
velocity 77
time 10
note_on 65
velocity 55
time 5
note_off 63
time 9
note_off 70
time 3
note_off 78
time 1
note_on 75
velocity 66
time 209
note_on 70
velocity 56
time 3
note_on 60
velocity 54
time 1
note_on 66
velocity 46
time 6
note_off 65
time 11
note_off 51
time 0
note_off 77
time 0
note_off 60
time 1
note_off 70
time 14
note_off 75
time 36
note_off 66
time 27
note_on 75
velocity 88
time 230
note_on 66
velocity 59
time 7
note_on 60
velocity 53
time 7
note_on 69
velocity 61
time 2
note_off 69
time 11
note_on 58
velocity 70
time 3
note_on 70
velocity 77
time 5
note_off 60
time 3
note_off 66
time 18
note_off 70
time 283
note_on 84
velocity 81
time 55
note_on 57
velocity 45
time 19
note_on 66
velocity 50
time 0
note_on 72
velocity 53
time 0
note_off 58
time 117
note_off 75
time 66
note_off 57
time 15
note_off 84
time 15
note_off 72
time 11
note_on 65
velocity 49
time 242
note_on 84
velocity 85
time 7
note_on 57
velocity 42
time 10
note_on 72
velocity 59
time 3
note_off 66
time 28
note_on 82
velocity 77
time 6
note_off 72
time 13
note_on 81
velocity 66
time 36
note_on 72
velocity 58
time 0
note_on 77
velocity 59
time 6
note_on 63
velocity 39
time 10
note_off 65
time 15
note_off 84
time 0
note_off 57
time 27
note_off 82
time 1
note_off 77
time 15
note_off 81
time 19
note_off 72
time 14
note_on 81
velocity 65
time 144
note_on 77
velocity 59
time 2
note_on 72
velocity 63
time 15
note_on 65
velocity 36
time 7
note_off 63
time 35
note_on 63
velocity 55
time 3
note_off 72
time 7
note_off 65
time 1
note_off 77
time 5
note_on 77
velocity 54
time 7
note_on 62
velocity 41
time 10
note_on 70
velocity 54
time 0
note_on 82
velocity 61
time 7
note_off 63
time 50
note_off 81
time 27
note_off 77
time 16
note_off 62
time 46
note_off 70
time 32
note_off 82
time 28
note_on 82
velocity 67
time 212
note_on 77
velocity 57
time 2
note_on 70
velocity 52
time 2
note_on 62
velocity 44
time 5
note_on 80
velocity 69
time 3
note_off 77
time 6
note_off 70
time 1
note_on 70
velocity 49
time 14
note_on 77
velocity 62
time 2
note_on 78
velocity 62
time 1
note_on 63
velocity 34
time 5
note_off 82
time 10
note_off 62
time 28
note_off 80
time 18
note_off 78
time 11
note_off 77
time 5
note_off 70
time 53
note_off 63
time 27
note_on 78
velocity 57
time 236
note_on 75
velocity 48
time 14
note_on 70
velocity 45
time 2
note_on 63
velocity 42
time 22
note_on 61
velocity 42
time 67
note_off 78
time 6
note_off 75
time 5
note_off 70
time 6
note_on 60
velocity 41
time 10
note_on 75
velocity 47
time 7
note_off 63
time 2
note_on 78
velocity 51
time 0
note_on 70
velocity 41
time 7
note_off 61
time 16
note_off 70
time 9
note_off 60
time 2
note_off 75
time 67
note_off 78
time 7
note_on 78
velocity 57
time 14
note_on 75
velocity 45
time 2
note_on 60
velocity 33
time 1
note_on 69
velocity 43
time 0
note_on 70
velocity 64
time 15
note_on 58
velocity 43
time 9
note_off 60
time 5
note_off 75
time 9
note_off 78
time 5
note_off 69
time 5
note_on 57
velocity 40
time 95
note_on 75
velocity 56
time 27
note_on 72
velocity 58
time 7
note_on 78
velocity 57
time 3
note_off 58
time 15
note_off 70
time 10
note_off 57
time 16
note_off 75
time 16
note_off 78
time 27
note_off 72
time 71
note_on 77
velocity 63
time 1
note_on 73
velocity 54
time 1
note_on 65
velocity 37
time 0
note_on 57
velocity 32
time 9
note_on 63
velocity 52
time 13
note_on 72
velocity 66
time 0
note_off 73
time 49
note_off 65
time 2
note_off 77
time 32
note_on 61
velocity 48
time 283
note_on 70
velocity 56
time 3
note_on 58
velocity 35
time 6
note_on 77
velocity 63
time 3
note_off 63
time 123
note_off 57
time 35
note_off 72
time 23
note_off 70
time 15
note_off 61
time 14
note_off 77
time 44
note_off 58
time 27
note_on 78
velocity 70
time 16
note_on 70
velocity 63
time 1
note_on 58
velocity 51
time 6
note_on 61
velocity 48
time 10
note_on 56
velocity 60
time 106
note_on 77
velocity 79
time 9
note_off 78
time 23
note_off 61
time 54
note_off 70
time 52
note_off 58
time 37
note_on 70
velocity 63
time 19
note_on 75
velocity 73
time 1
note_on 61
velocity 49
time 5
note_on 54
velocity 44
time 3
note_off 56
time 42
note_off 77
time 40
note_off 75
time 20
note_off 54
time 82
note_off 61
time 3
note_off 70
time 24
note_on 54
velocity 45
time 315
note_on 60
velocity 39
time 0
note_on 69
velocity 70
time 2
note_on 75
velocity 70
time 5
note_on 61
velocity 64
time 32
note_on 73
velocity 77
time 9
note_on 70
velocity 72
time 2
note_on 53
velocity 52
time 7
note_off 60
time 0
note_off 54
time 50
note_off 75
time 32
note_off 69
time 23
note_off 70
time 5
note_off 61
time 69
note_on 63
velocity 60
time 95
note_on 70
velocity 65
time 6
note_on 51
velocity 60
time 2
note_on 72
velocity 77
time 2
note_off 73
time 10
note_off 53
time 2
note_off 63
time 13
note_off 72
time 2
note_off 51
time 48
note_off 70
time 19
note_on 69
velocity 70
time 294
note_on 65
velocity 69
time 6
note_on 72
velocity 77
time 0
note_on 51
velocity 65
time 3
note_off 69
time 1
note_on 73
velocity 84
time 89
note_on 70
velocity 79
time 5
note_on 49
velocity 69
time 13
note_off 72
time 5
note_off 70
time 15
note_off 51
time 16
note_off 65
time 5
note_on 75
velocity 84
time 2
note_on 69
velocity 64
time 1
note_on 66
velocity 64
time 5
note_on 50
velocity 41
time 1
note_on 48
velocity 54
time 13
note_off 73
time 15
note_off 49
time 1
note_off 50
time 10
note_off 48
time 13
note_off 66
time 3
note_off 69
time 3
note_off 75
time 108
note_on 72
velocity 86
time 203
note_on 66
velocity 73
time 3
note_on 69
velocity 73
time 1
note_on 48
velocity 73
time 5
note_off 69
time 10
note_on 46
velocity 72
time 97
note_on 70
velocity 77
time 3
note_on 73
velocity 83
time 6
note_off 72
time 7
note_off 48
time 14
note_off 66
time 6
note_on 45
velocity 65
time 186
note_on 75
velocity 84
time 7
note_on 65
velocity 67
time 6
note_on 72
velocity 74
time 0
note_off 46
time 148
note_off 73
time 5
note_off 70
time 58
note_off 45
time 372
note_off 65
time 74
note_on 41
velocity 72
time 158
note_on 70
velocity 66
time 7
note_on 73
velocity 75
time 6
note_on 65
velocity 68
time 5
note_off 72
time 62
note_off 75
time 0
note_on 72
velocity 73
time 335
note_on 69
velocity 72
time 15
note_off 70
time 49
note_off 73
time 71
note_off 65
time 70
note_off 41
time 54
note_on 65
velocity 59
time 261
note_on 73
velocity 73
time 1
note_on 46
velocity 54
time 5
note_on 70
velocity 67
time 0
note_off 72
time 225
note_off 69
time 59
note_off 46
time 263
note_on 46
velocity 50
time 324
note_on 44
velocity 70
time 398
note_off 46
time 179
note_on 42
velocity 71
time 256
note_off 44
time 227
note_off 70
time 191
note_off 65
time 52
note_off 42
time 207
note_on 42
velocity 74
time 140
note_on 70
velocity 76
time 14
note_on 65
velocity 62
time 3
note_on 41
velocity 69
time 375
note_off 42
time 106
note_off 65
time 42
note_off 70
time 45
note_on 39
velocity 60
time 338
note_on 70
velocity 68
time 2
note_on 66
velocity 60
time 1
note_off 41
time 205
note_off 39
time 467
note_on 39
velocity 52
time 178
note_on 78
velocity 71
time 6
note_on 77
velocity 73
time 411
note_off 78
time 119
note_off 73
time 20
note_off 39
time 66
note_on 75
velocity 65
time 200
note_on 39
velocity 43
time 11
note_off 77
time 341
note_on 73
velocity 62
time 76
note_off 75
time 93
note_off 39
time 35
note_off 66
time 49
note_off 70
time 2
note_on 66
velocity 50
time 251
note_on 72
velocity 59
time 1
note_on 39
velocity 32
time 9
note_on 63
velocity 44
time 5
note_off 73
time 76
note_off 63
time 180
note_on 70
velocity 54
time 161
note_on 61
velocity 44
time 14
note_off 39
time 128
note_off 66
time 6
note_off 72
time 58
note_off 61
time 136
note_on 69
velocity 49
time 236
note_on 60
velocity 37
time 5
note_on 41
velocity 31
time 3
note_on 65
velocity 34
time 0
note_off 70
time 171
note_off 41
time 6
note_off 65
time 6
note_off 60
time 62
note_off 69
time 59
note_on 65
velocity 42
time 430
note_on 57
velocity 31
time 20
note_on 53
velocity 30
time 3
note_on 58
velocity 41
time 36
note_on 67
velocity 53
time 2
note_off 53
time 13
note_off 65
time 1
note_on 60
velocity 34
time 18
note_on 53
velocity 15
time 2
note_on 69
velocity 51
time 2
note_off 67
time 11
note_off 57
time 16
note_off 58
time 2
note_off 53
time 14
note_off 60
time 5
note_off 69
time 0
note_on 63
velocity 66
time 330
note_on 69
velocity 50
time 23
note_on 60
velocity 37
time 3
note_on 65
velocity 36
time 20
note_on 53
velocity 21
time 10
note_off 65
time 6
note_off 69
time 15
note_off 53
time 18
note_on 61
velocity 54
time 429
note_on 69
velocity 53
time 3
note_on 65
velocity 47
time 6
note_on 53
velocity 25
time 7
note_on 58
velocity 33
time 1
note_off 63
time 7
note_off 60
time 1
note_off 53
time 263
note_on 53
velocity 31
time 266
note_on 67
velocity 47
time 0
note_on 64
velocity 37
time 11
note_off 69
time 131
note_off 65
time 31
note_on 69
velocity 62
time 235
note_on 65
velocity 55
time 1
note_off 67
time 111
note_off 53
time 54
note_off 64
time 130
note_on 70
velocity 55
time 170
note_on 67
velocity 50
time 5
note_on 53
velocity 38
time 15
note_off 69
time 143
note_off 65
time 97
note_off 67
time 9
note_off 70
time 41
note_off 58
time 3
note_off 61
time 2
note_off 53
time 40
note_on 67
velocity 61
time 229
note_on 64
velocity 57
time 6
note_on 70
velocity 69
time 1
note_on 61
velocity 60
time 6
note_on 53
velocity 50
time 9
note_off 53
time 118
note_off 64
time 57
note_off 70
time 5
note_off 67
time 37
note_on 67
velocity 61
time 162
note_on 60
velocity 52
time 2
note_on 64
velocity 52
time 2
note_on 53
velocity 34
time 1
note_on 70
velocity 61
time 0
note_off 61
time 226
note_off 64
time 14
note_off 60
time 2
note_off 53
time 82
note_on 69
velocity 62
time 227
note_on 65
velocity 45
time 2
note_on 60
velocity 49
time 11
note_on 53
velocity 28
time 28
note_off 70
time 2
note_off 67
time 10
note_on 70
velocity 70
time 9
note_on 67
velocity 64
time 2
note_on 61
velocity 59
time 5
note_off 69
time 169
note_off 60
time 6
note_off 53
time 2
note_off 65
time 16
note_on 63
velocity 58
time 242
note_on 72
velocity 72
time 16
note_on 53
velocity 48
time 6
note_on 69
velocity 65
time 2
note_off 70
time 144
note_off 61
time 28
note_off 67
time 7
note_off 63
time 7
note_off 69
time 11
note_off 53
time 82
note_off 72
time 1
note_on 63
velocity 66
time 225
note_on 65
velocity 74
time 0
note_on 72
velocity 80
time 0
note_on 53
velocity 60
time 3
note_on 69
velocity 74
time 1
note_off 69
time 14
note_off 72
time 97
note_off 53
time 24
note_off 65
time 14
note_on 61
velocity 63
time 207
note_on 65
velocity 64
time 3
note_on 72
velocity 78
time 0
note_on 53
velocity 52
time 5
note_on 69
velocity 68
time 3
note_off 63
time 31
note_off 61
time 15
note_off 53
time 44
note_off 72
time 118
note_on 70
velocity 73
time 170
note_on 67
velocity 67
time 14
note_on 61
velocity 55
time 9
note_on 53
velocity 56
time 1
note_off 69
time 1
note_on 72
velocity 81
time 71
note_on 60
velocity 71
time 2
note_on 69
velocity 74
time 5
note_off 67
time 66
note_off 70
time 22
note_off 61
time 46
note_off 69
time 141
note_off 53
time 13
note_on 58
velocity 68
time 153
note_on 53
velocity 63
time 10
note_on 73
velocity 81
time 0
note_on 70
velocity 72
time 6
note_off 72
time 130
note_off 60
time 50
note_off 65
time 0
note_off 73
time 40
note_off 53
time 7
note_off 58
time 7
note_off 70
time 0
note_on 73
velocity 87
time 270
note_on 70
velocity 75
time 3
note_on 65
velocity 81
time 2
note_on 58
velocity 77
time 1
note_on 53
velocity 67
time 1
note_on 56
velocity 86
time 242
note_off 58
time 75
note_off 65
time 75
note_off 53
time 36
note_off 70
time 14
note_off 73
time 3
note_on 70
velocity 71
time 235
note_on 66
velocity 82
time 11
note_on 73
velocity 85
time 2
note_on 54
velocity 64
time 10
note_on 53
velocity 62
time 5
note_off 56
time 13
note_off 53
time 36
note_off 54
time 44
note_off 66
time 15
note_off 73
time 19
note_off 70
time 45
note_on 54
velocity 70
time 244
note_on 51
velocity 72
time 3
note_on 72
velocity 82
time 0
note_on 69
velocity 73
time 15
note_on 66
velocity 81
time 1
note_on 53
velocity 81
time 100
note_on 70
velocity 72
time 1
note_on 49
velocity 72
time 1
note_on 73
velocity 88
time 0
note_off 54
time 7
note_off 72
time 0
note_off 69
time 1
note_off 51
time 1
note_off 70
time 2
note_off 66
time 98
note_on 69
velocity 73
time 119
note_on 75
velocity 93
time 0
note_on 66
velocity 83
time 3
note_on 72
velocity 73
time 0
note_on 51
velocity 75
time 1
note_on 54
velocity 73
time 3
note_on 48
velocity 61
time 3
note_off 73
time 2
note_off 49
time 14
note_off 53
time 6
note_off 66
time 65
note_off 54
time 7
note_off 51
time 13
note_off 48
time 9
note_off 69
time 14
note_off 75
time 35
note_off 72
time 11
note_on 51
velocity 72
time 299
note_on 75
velocity 95
time 1
note_on 66
velocity 81
time 1
note_on 72
velocity 80
time 0
note_on 54
velocity 79
time 1
note_on 69
velocity 79
time 0
note_on 48
velocity 64
time 11
note_off 72
time 0
note_on 46
velocity 64
time 238
note_on 49
velocity 60
time 1
note_on 73
velocity 75
time 9
note_on 77
velocity 88
time 5
note_off 48
time 14
note_off 75
time 3
note_off 51
time 7
note_off 49
time 65
note_off 66
time 0
note_off 54
time 7
note_off 69
time 2
note_off 77
time 11
note_off 73
time 31
note_off 46
time 91
note_on 69
velocity 57
time 333
note_on 78
velocity 81
time 5
note_on 54
velocity 53
time 3
note_on 51
velocity 53
time 1
note_on 72
velocity 61
time 3
note_on 66
velocity 61
time 2
note_on 75
velocity 68
time 1
note_on 45
velocity 41
time 2
note_on 48
velocity 49
time 0
note_off 45
time 3200
note_off 48
time 11
note_off 72
time 6
note_off 66
time 9
note_off 51
time 7
note_off 78
time 11
note_off 54
time 2
note_off 69
time 49
note_off 75
time 49
note_on 77
velocity 79
time 114
note_on 65
velocity 40
time 10
note_on 57
velocity 40
time 2
note_on 72
velocity 58
time 3
note_off 65
time 2
note_on 73
velocity 60
time 7
note_on 70
velocity 51
time 7
note_on 58
velocity 37
time 3
note_on 65
velocity 39
time 7
note_off 72
time 1
note_off 77
time 5
note_off 57
time 1
note_off 58
time 7
note_off 70
time 7
note_off 65
time 79
note_off 73
time 87
note_on 75
velocity 76
time 152
note_on 70
velocity 65
time 5
note_on 58
velocity 66
time 1
note_on 54
velocity 54
time 11
note_on 66
velocity 60
time 3
note_on 72
velocity 75
time 2
note_on 51
velocity 62
time 6
note_off 54
time 11
note_off 70
time 16
note_off 75
time 32
note_off 66
time 66
note_on 70
velocity 58
time 75
note_on 73
velocity 73
time 0
note_on 53
velocity 64
time 5
note_on 65
velocity 54
time 2
note_off 72
time 152
note_off 58
time 52
note_off 51
time 5
note_off 65
time 48
note_on 72
velocity 62
time 368
note_on 63
velocity 50
time 1
note_on 69
velocity 50
time 5
note_on 41
velocity 40
time 14
note_off 70
time 0
note_off 73
time 9
note_on 70
velocity 60
time 33
note_off 69
time 1
note_off 72
time 3
note_off 70
time 14
note_off 63
time 18
note_on 70
velocity 58
time 205
note_on 62
velocity 41
time 13
note_on 46
velocity 31
time 9
note_off 41
time 16
note_off 53
time 14
note_off 46
time 6
note_off 62
time 50
note_on 65
velocity 42
time 11
note_on 46
velocity 21
time 6
note_on 62
velocity 36
time 1
note_on 53
velocity 26
time 5
note_off 62
time 14
note_on 66
velocity 53
time 27
note_on 63
velocity 47
time 15
note_on 51
velocity 47
time 3
note_off 65
time 11
note_off 46
time 0
note_on 46
velocity 24
time 16
note_on 65
velocity 47
time 1
note_on 68
velocity 55
time 0
note_on 50
velocity 40
time 5
note_off 66
time 1
note_off 51
time 0
note_off 63
time 9
note_on 48
velocity 53
time 53
note_off 53
time 59
note_off 65
time 24
note_off 68
time 26
note_off 46
time 11
note_off 50
time 24
note_on 51
velocity 57
time 3
note_on 68
velocity 56
time 15
note_on 65
velocity 55
time 7
note_on 46
velocity 29
time 3
note_off 48
time 29
note_on 50
velocity 49
time 84
note_off 51
time 151
note_off 65
time 13
note_off 68
time 3
note_off 46
time 7
note_off 50
time 11
note_on 68
velocity 55
time 19
note_on 65
velocity 48
time 1
note_on 50
velocity 35
time 7
note_on 46
velocity 33
time 10
note_off 46
time 10
note_on 66
velocity 50
time 363
note_on 51
velocity 35
time 3
note_on 63
velocity 36
time 7
note_on 46
velocity 8
time 36
note_off 65
time 191
note_off 68
time 2
note_off 50
time 9
note_on 53
velocity 48
time 207
note_off 51
time 226
note_off 46
time 50
note_on 54
velocity 40
time 332
note_on 46
velocity 29
time 23
note_off 53
time 207
note_off 46
time 26
note_off 54
time 39
note_on 65
velocity 42
time 631
note_on 62
velocity 37
time 3
note_on 54
velocity 33
time 0
note_on 46
velocity 30
time 10
note_off 63
time 9
note_on 63
velocity 41
time 123
note_on 60
velocity 37
time 5
note_off 66
time 93
note_off 62
time 105
note_off 65
time 22
note_off 46
time 65
note_on 53
velocity 24
time 795
note_on 62
velocity 29
time 6
note_on 65
velocity 33
time 2
note_on 46
velocity 17
time 39
note_off 63
time 231
note_off 54
time 22
note_off 60
time 6
note_off 46
time 5930
note_off 53
time 126
note_off 62
time 33
note_off 65
time 75
note_off 70
time 13
note_on 70
velocity 48
time 1266
note_on 65
velocity 34
time 1188
note_off 70
time 289
note_off 65
time 175
note_on 78
velocity 53
time 617
note_on 77
velocity 59
time 531
note_off 78
time 117
note_on 75
velocity 61
time 437
note_off 77
time 175
note_on 73
velocity 51
time 395
note_on 65
velocity 59
time 10
note_off 75
time 173
note_on 72
velocity 60
time 403
note_off 73
time 122
note_on 73
velocity 53
time 110
note_on 58
velocity 39
time 16
note_off 72
time 143
note_off 65
time 118
note_on 75
velocity 52
time 281
note_off 73
time 108
note_off 58
time 338
note_on 77
velocity 58
time 74
note_off 75
time 75
note_off 77
time 498
note_on 76
velocity 53
time 9
note_on 73
velocity 42
time 11
note_off 76
time 100
note_on 77
velocity 65
time 134
note_off 77
time 119
note_on 79
velocity 65
time 191
note_on 72
velocity 47
time 3
note_off 73
time 127
note_on 70
velocity 58
time 395
note_off 72
time 169
note_on 68
velocity 57
time 377
note_off 70
time 170
note_on 67
velocity 40
time 303
note_on 80
velocity 58
time 11
note_off 79
time 28
note_off 80
time 104
note_off 68
time 24
note_on 79
velocity 60
time 101
note_off 79
time 102
note_on 68
velocity 49
time 182
note_on 77
velocity 64
time 10
note_off 67
time 160
note_on 70
velocity 56
time 360
note_off 68
time 313
note_on 72
velocity 51
time 251
note_off 70
time 244
note_on 75
velocity 48
time 277
note_off 77
time 11
note_off 75
time 74
note_on 73
velocity 52
time 160
note_off 73
time 91
note_on 75
velocity 55
time 194
note_on 77
velocity 65
time 507
note_off 72
time 5
note_on 70
velocity 45
time 2
note_off 70
time 105
note_off 75
time 2
note_on 69
velocity 55
time 126
note_off 69
time 127
note_on 70
velocity 51
time 170
note_on 78
velocity 66
time 2
note_off 77
time 162
note_on 72
velocity 58
time 348
note_off 70
time 160
note_on 73
velocity 50
time 408
note_off 72
time 270
note_on 77
velocity 46
time 243
note_off 78
time 82
note_off 77
time 72
note_on 75
velocity 57
time 98
note_off 75
time 15
note_on 77
velocity 67
time 183
note_on 72
velocity 51
time 489
note_on 79
velocity 68
time 6
note_off 73
time 75
note_off 72
time 70
note_off 77
time 0
note_on 70
velocity 51
time 101
note_off 70
time 208
note_on 80
velocity 69
time 58
note_on 72
velocity 58
time 32
note_off 79
time 143
note_on 74
velocity 67
time 317
note_off 72
time 138
note_on 75
velocity 61
time 411
note_off 74
time 246
note_on 79
velocity 54
time 292
note_off 80
time 54
note_off 79
time 62
note_on 77
velocity 71
time 15
note_off 77
time 97
note_on 79
velocity 69
time 167
note_off 75
time 345
note_on 81
velocity 72
time 95
note_on 73
velocity 67
time 10
note_off 79
time 92
note_off 73
time 36
note_on 72
velocity 71
time 110
note_off 72
time 85
note_on 82
velocity 70
time 213
note_on 58
velocity 67
time 3
note_on 73
velocity 62
time 7
note_off 81
time 83
note_on 75
velocity 69
time 441
note_off 73
time 136
note_on 53
velocity 45
time 410
note_on 77
velocity 62
time 0
note_off 75
time 132
note_off 58
time 88
note_on 81
velocity 46
time 0
note_off 82
time 46
note_off 81
time 37
note_on 79
velocity 59
time 144
note_off 79
time 84
note_off 53
time 91
note_on 81
velocity 60
time 106
note_on 82
velocity 68
time 486
note_on 66
velocity 65
time 2
note_on 75
velocity 57
time 10
note_off 81
time 27
note_off 77
time 7
note_off 75
time 7
note_on 73
velocity 71
time 108
note_off 73
time 100
note_on 65
velocity 62
time 190
note_on 84
velocity 80
time 0
note_on 75
velocity 65
time 14
note_off 66
time 57
note_off 82
time 9
note_on 63
velocity 71
time 437
note_off 65
time 91
note_on 53
velocity 70
time 22
note_on 61
velocity 55
time 0
note_off 63
time 71
note_off 84
time 138
note_off 75
time 115
note_off 61
time 97
note_on 60
velocity 54
time 61
note_on 82
velocity 65
time 10
note_on 73
velocity 62
time 5
note_off 73
time 78
note_off 82
time 11
note_on 75
velocity 65
time 127
note_on 81
velocity 62
time 3
note_off 60
time 49
note_off 75
time 54
note_off 81
time 6
note_on 46
velocity 50
time 186
note_on 82
velocity 62
time 2
note_on 73
velocity 60
time 5
note_on 58
velocity 45
time 2
note_off 53
time 130
note_off 58
time 158
note_off 73
time 44
note_on 80
velocity 68
time 31
note_on 60
velocity 64
time 3
note_on 72
velocity 60
time 7
note_off 60
time 59
note_on 61
velocity 75
time 157
note_off 72
time 1
note_off 46
time 0
note_off 61
time 28
note_on 78
velocity 74
time 171
note_on 70
velocity 62
time 3
note_on 63
velocity 61
time 6
note_off 82
time 16
note_off 80
time 102
note_on 61
velocity 59
time 171
note_on 77
velocity 72
time 2
note_on 65
velocity 64
time 3
note_off 63
time 76
note_off 78
time 7
note_on 66
velocity 60
time 18
note_on 75
velocity 64
time 3
note_on 60
velocity 47
time 7
note_off 61
time 78
note_off 77
time 37
note_off 65
time 31
note_off 70
time 98
note_on 58
velocity 42
time 247
note_on 69
velocity 53
time 6
note_off 60
time 5
note_off 69
time 69
note_on 70
velocity 56
time 151
note_off 70
time 83
note_off 66
time 61
note_on 65
velocity 28
time 130
note_on 57
velocity 37
time 22
note_on 72
velocity 59
time 0
note_off 58
time 79
note_off 75
time 83
note_on 69
velocity 47
time 339
note_on 53
velocity 40
time 3
note_on 77
velocity 66
time 0
note_on 63
velocity 43
time 6
note_off 57
time 2
note_off 72
time 11
note_off 77
time 85
note_off 63
time 88
note_on 78
velocity 77
time 31
note_off 78
time 145
note_on 55
velocity 41
time 126
note_on 77
velocity 79
time 15
note_on 70
velocity 61
time 3
note_on 61
velocity 50
time 3
note_off 69
time 70
note_off 65
time 46
note_off 53
time 48
note_on 60
velocity 56
time 299
note_off 55
time 7
note_on 75
velocity 82
time 2
note_on 57
velocity 47
time 5
note_on 72
velocity 70
time 13
note_off 61
time 46
note_off 70
time 3
note_off 77
time 0
note_off 60
time 9
note_off 57
time 13
note_off 75
time 10
note_on 46
velocity 74
time 243
note_on 58
velocity 63
time 10
note_on 73
velocity 86
time 0
note_on 61
velocity 65
time 22
note_off 72
time 23
note_off 61
time 2
note_off 58
time 14
note_on 48
velocity 58
time 0
note_on 70
velocity 66
time 0
note_on 63
velocity 61
time 5
note_off 63
time 1
note_off 70
time 6
note_on 69
velocity 70
time 2
note_off 69
time 44
note_on 49
velocity 48
time 200
note_on 70
velocity 63
time 0
note_on 65
velocity 54
time 6
note_on 41
velocity 51
time 10
note_off 48
time 96
note_off 46
time 23
note_on 51
velocity 57
time 371
note_on 66
velocity 61
time 14
note_off 49
time 11
note_off 65
time 2
note_off 73
time 10
note_on 72
velocity 78
time 213
note_on 53
velocity 42
time 10
note_on 60
velocity 55
time 5
note_off 41
time 3
note_off 51
time 15
note_off 66
time 11
note_on 54
velocity 63
time 16
note_off 53
time 3
note_on 68
velocity 59
time 420
note_on 56
velocity 41
time 2
note_on 65
velocity 49
time 2
note_on 53
velocity 44
time 1
note_off 70
time 190
note_off 54
time 7
note_off 60
time 76
note_on 51
velocity 54
time 205
note_off 53
time 6
note_on 70
velocity 62
time 529
note_on 58
velocity 40
time 11
note_on 50
velocity 30
time 3
note_off 56
time 74
note_off 51
time 14
note_off 72
time 156
note_off 50
time 22
note_on 62
velocity 49
time 55
note_on 46
velocity 34
time 35
note_off 65
time 36
note_on 63
velocity 64
time 27
note_on 48
velocity 38
time 1
note_off 62
time 20
note_off 46
time 28
note_on 50
velocity 35
time 291
note_on 65
velocity 65
time 7
note_off 48
time 190
note_off 68
time 18
note_off 63
time 41
note_on 66
velocity 60
time 259
note_on 51
velocity 39
time 2
note_off 50
time 61
note_off 65
time 251
note_on 53
velocity 44
time 194
note_on 63
velocity 65
time 0
note_off 51
time 66
note_off 63
time 20
note_on 62
velocity 56
time 141
note_off 62
time 84
note_on 63
velocity 50
time 174
note_on 51
velocity 42
time 13
note_off 53
time 91
note_off 58
time 75
note_on 49
velocity 34
time 177
note_on 75
velocity 55
time 2
note_off 70
time 135
note_off 51
time 69
note_on 68
velocity 52
time 307
note_on 60
velocity 29
time 7
note_on 48
velocity 28
time 1
note_off 49
time 71
note_off 60
time 130
note_off 48
time 37
note_off 75
time 49
note_on 48
velocity 43
time 240
note_on 44
velocity 26
time 19
note_on 49
velocity 40
time 458
note_on 46
velocity 34
time 6
note_off 48
time 109
note_off 44
time 80
note_off 49
time 298
note_on 48
velocity 40
time 0
note_on 51
velocity 43
time 5
note_off 66
time 36
note_off 46
time 28
note_off 63
time 15
note_off 51
time 3
note_on 49
velocity 50
time 6
note_on 61
velocity 38
time 1
note_on 65
velocity 47
time 2
note_on 53
velocity 32
time 11
note_off 48
time 1
note_off 53
time 15
note_on 51
velocity 58
time 139
note_off 65
time 10
note_on 70
velocity 61
time 292
note_on 73
velocity 72
time 0
note_on 65
velocity 45
time 9
note_on 53
velocity 33
time 2
note_on 46
velocity 34
time 15
note_off 68
time 14
note_off 49
time 11
note_off 51
time 0
note_off 61
time 5
note_on 54
velocity 61
time 16
note_off 53
time 2
note_on 53
velocity 60
time 33
note_on 72
velocity 67
time 6
note_on 68
velocity 57
time 9
note_on 56
velocity 45
time 1
note_off 54
time 9
note_off 70
time 36
note_off 46
time 132
note_off 73
time 23
note_off 56
time 11
note_on 58
velocity 76
time 54
note_off 58
time 100
note_on 60
velocity 79
time 10
note_off 60
time 36
note_on 73
velocity 69
time 36
note_on 58
velocity 56
time 3
note_on 77
velocity 82
time 0
note_on 49
velocity 40
time 15
note_off 72
time 48
note_off 53
time 44
note_off 68
time 18
note_on 56
velocity 67
time 226
note_off 58
time 50
note_on 70
velocity 69
time 436
note_on 54
velocity 57
time 10
note_on 51
velocity 56
time 28
note_off 56
time 15
note_off 49
time 66
note_off 65
time 29
note_on 56
velocity 63
time 53
note_on 68
velocity 66
time 6
note_on 72
velocity 76
time 3
note_on 53
velocity 48
time 2
note_off 54
time 19
note_off 77
time 18
note_off 70
time 23
note_off 73
time 54
note_off 51
time 23
note_off 68
time 18
note_on 54
velocity 56
time 164
note_on 70
velocity 67
time 7
note_on 75
velocity 78
time 5
note_on 58
velocity 52
time 5
note_on 66
velocity 67
time 2
note_off 53
time 29
note_off 56
time 31
note_off 72
time 29
note_off 58
time 35
note_off 66
time 63
note_on 60
velocity 67
time 153
note_on 73
velocity 82
time 13
note_on 65
velocity 64
time 6
note_off 60
time 82
note_off 70
time 6
note_off 75
time 65
note_off 65
time 39
note_on 61
velocity 69
time 11
note_off 61
time 104
note_on 63
velocity 65
time 195
note_on 68
velocity 75
time 1
note_on 56
velocity 50
time 3
note_on 72
velocity 78
time 1
note_off 73
time 37
note_off 54
time 91
note_on 53
velocity 67
time 367
note_on 73
velocity 76
time 476
note_on 65
velocity 72
time 1
note_on 51
velocity 63
time 10
note_off 53
time 122
note_off 72
time 15
note_off 63
time 1
note_off 56
time 221
note_on 49
velocity 61
time 148
note_off 51
time 65
note_on 56
velocity 67
time 451
note_on 63
velocity 59
time 11
note_off 65
time 93
note_off 49
time 23
note_on 70
velocity 77
time 13
note_off 73
time 13
note_off 68
time 69
note_on 72
velocity 81
time 10
note_on 44
velocity 51
time 1
note_on 68
velocity 74
time 5
note_off 70
time 13
note_off 68
time 10
note_on 66
velocity 73
time 5
note_off 44
time 27
note_off 63
time 158
note_off 66
time 36
note_on 49
velocity 31
time 300
note_on 73
velocity 74
time 11
note_on 61
velocity 44
time 1
note_on 65
velocity 57
time 0
note_off 72
time 1
note_off 61
time 0
note_on 60
velocity 48
time 5
note_on 63
velocity 57
time 11
note_off 65
time 2
note_off 49
time 10
note_on 61
velocity 41
time 113
note_on 68
velocity 57
time 7
note_on 65
velocity 43
time 7
note_off 60
time 26
note_off 56
time 27
note_off 63
time 5
note_off 73
time 35
note_on 66
velocity 37
time 91
note_on 63
velocity 43
time 16
note_off 61
time 24
note_off 65
time 19
note_off 68
time 225
note_on 65
velocity 42
time 260
note_on 68
velocity 46
time 20
note_off 66
time 192
note_off 63
time 42
note_on 83
velocity 64
time 283
note_off 65
time 238
note_on 82
velocity 66
time 259
note_on 65
velocity 30
time 6
note_on 62
velocity 31
time 15
note_off 83
time 97
note_off 68
time 160
note_on 80
velocity 64
time 251
note_off 82
time 3
note_on 70
velocity 69
time 111
note_on 78
velocity 59
time 6
note_on 63
velocity 34
time 2
note_off 65
time 44
note_off 62
time 3
note_off 80
time 9
note_off 63
time 48
note_on 77
velocity 58
time 1
note_off 78
time 109
note_on 63
velocity 58
time 415
note_on 78
velocity 56
time 20
note_off 77
time 145
note_off 70
time 210
note_on 80
velocity 57
time 130
note_on 65
velocity 36
time 6
note_off 78
time 106
note_on 66
velocity 43
time 404
note_on 82
velocity 62
time 3
note_off 80
time 78
note_off 63
time 114
note_off 65
time 165
note_on 78
velocity 67
time 144
note_on 81
velocity 61
time 13
note_on 63
velocity 39
time 16
note_off 82
time 2
note_off 81
time 74
note_off 66
time 71
note_on 82
velocity 62
time 61
note_off 82
time 92
note_on 77
velocity 81
time 196
note_on 69
velocity 43
time 10
note_on 84
velocity 70
time 0
note_off 78
time 40
note_off 63
time 153
note_off 69
time 40
note_on 67
velocity 56
time 18
note_on 75
velocity 83
time 7
note_off 77
time 50
note_off 67
time 31
note_on 65
velocity 62
time 125
note_off 65
time 45
note_on 58
velocity 75
time 235
note_on 73
velocity 68
time 2
note_on 70
velocity 68
time 1
note_off 75
time 62
note_off 70
time 372
note_on 82
velocity 78
time 50
note_on 77
velocity 63
time 6
note_off 84
time 110
note_off 77
time 144
note_off 73
time 138
note_on 53
velocity 58
time 109
note_on 75
velocity 67
time 2
note_on 72
velocity 52
time 5
note_off 58
time 243
note_on 81
velocity 64
time 261
note_off 82
time 84
note_off 75
time 1
note_off 72
time 140
note_off 53
time 216
note_on 82
velocity 64
time 66
note_on 70
velocity 54
time 3
note_on 74
velocity 47
time 11
note_off 81
time 158
note_on 66
velocity 62
time 322
note_off 74
time 264
note_on 75
velocity 60
time 251
note_on 65
velocity 50
time 2
note_off 66
time 75
note_on 63
velocity 44
time 337
note_off 65
time 196
note_on 77
velocity 47
time 315
note_on 62
velocity 36
time 3
note_off 63
time 218
note_off 75
time 6
note_on 58
velocity 43
time 276
note_off 62
time 210
note_on 60
velocity 47
time 302
note_on 80
velocity 62
time 5
note_off 58
time 190
note_off 82
time 48
note_on 62
velocity 59
time 239
note_off 60
time 96
note_on 78
velocity 66
time 427
note_on 51
velocity 68
time 2
note_on 63
velocity 48
time 6
note_off 80
time 104
note_off 62
time 10
note_off 77
time 117
note_off 63
time 244
note_on 75
velocity 64
time 28
note_on 53
velocity 48
time 10
note_off 75
time 76
note_on 74
velocity 55
time 140
note_off 74
time 61
note_on 75
velocity 61
time 208
note_on 54
velocity 49
time 10
note_on 46
velocity 42
time 24
note_off 53
time 154
note_off 51
time 20
note_off 78
time 278
note_on 56
velocity 55
time 24
note_off 54
time 62
note_on 77
velocity 66
time 446
note_on 58
velocity 48
time 14
note_off 46
time 105
note_off 56
time 53
note_on 59
velocity 67
time 58
note_off 58
time 9
note_on 61
velocity 51
time 207
note_on 73
velocity 60
time 2
note_on 76
velocity 64
time 1
note_on 58
velocity 49
time 3
note_off 75
time 149
note_off 59
time 45
note_off 77
time 53
note_on 56
velocity 53
time 152
note_off 58
time 44
note_on 55
velocity 30
time 497
note_on 63
velocity 33
time 0
note_on 75
velocity 55
time 1
note_off 56
time 5
note_off 76
time 61
note_off 61
time 26
note_off 55
time 138
note_off 75
time 63
note_on 55
velocity 44
time 191
note_on 51
velocity 49
time 6
note_on 75
velocity 56
time 10
note_off 75
time 83
note_on 76
velocity 68
time 131
note_off 76
time 134
note_on 53
velocity 38
time 110
note_on 56
velocity 60
time 18
note_on 75
velocity 73
time 9
note_off 73
time 52
note_off 63
time 14
note_off 55
time 13
note_off 51
time 57
note_on 73
velocity 77
time 277
note_on 58
velocity 50
time 7
note_on 55
velocity 60
time 1
note_off 53
time 18
note_off 56
time 46
note_off 75
time 88
note_off 70
time 2
note_off 58
time 84
note_on 56
velocity 56
time 134
note_on 59
velocity 52
time 0
note_on 71
velocity 75
time 9
note_on 68
velocity 62
time 14
note_off 55
time 16
note_off 73
time 13
note_off 68
time 11
note_off 56
time 7
note_on 54
velocity 63
time 170
note_on 58
velocity 69
time 3
note_on 70
velocity 84
time 2
note_off 71
time 10
note_off 59
time 3
note_on 56
velocity 66
time 67
note_on 71
velocity 76
time 0
note_on 80
velocity 86
time 1
note_on 76
velocity 69
time 6
note_on 52
velocity 51
time 3
note_off 54
time 31
note_off 58
time 10
note_off 70
time 61
note_off 52
time 194
note_off 56
time 62
note_on 54
velocity 80
time 9
note_on 51
velocity 60
time 10
note_on 49
velocity 55
time 476
note_on 52
velocity 76
time 0
note_on 70
velocity 71
time 11
note_off 51
time 6
note_off 71
time 44
note_off 54
time 1
note_off 76
time 74
note_off 49
time 79
note_on 75
velocity 79
time 6
note_off 75
time 41
note_off 80
time 102
note_on 73
velocity 91
time 46
note_on 46
velocity 64
time 1
note_off 70
time 209
note_off 52
time 130
note_on 51
velocity 61
time 123
note_on 79
velocity 87
time 35
note_off 46
time 29
note_off 73
time 6
note_on 76
velocity 81
time 13
note_off 76
time 18
note_on 39
velocity 67
time 41
note_on 75
velocity 91
time 9
note_off 75
time 131
note_on 73
velocity 93
time 11
note_off 79
time 32
note_off 39
time 5
note_off 73
time 58
note_on 72
velocity 62
time 157
note_on 44
velocity 54
time 10
note_on 68
velocity 90
time 5
note_on 80
velocity 87
time 0
note_off 51
time 0
note_on 56
velocity 76
time 307
note_off 80
time 6
note_off 72
time 61
note_on 46
velocity 38
time 420
note_on 54
velocity 49
time 10
note_on 61
velocity 81
time 11
note_off 68
time 89
note_off 44
time 18
note_off 56
time 57
note_off 46
time 294
note_on 53
velocity 71
time 13
note_on 44
velocity 61
time 6
note_off 54
time 19
note_off 61
time 414
note_on 42
velocity 63
time 70
note_on 51
velocity 71
time 1
note_off 44
time 71
note_off 53
time 63
note_on 49
velocity 50
time 394
note_on 77
velocity 83
time 1
note_off 42
time 97
note_off 51
time 3
note_on 75
velocity 82
time 368
note_on 54
velocity 47
time 7
note_on 58
velocity 56
time 6
note_off 77
time 84
note_off 49
time 19
note_on 73
velocity 77
time 380
note_off 75
time 89
note_on 56
velocity 43
time 425
note_on 72
velocity 71
time 0
note_off 73
time 61
note_off 58
time 13
note_on 68
velocity 64
time 424
note_on 66
velocity 62
time 5
note_on 53
velocity 42
time 11
note_off 54
time 131
note_off 56
time 96
note_off 72
time 1
note_on 54
velocity 60
time 246
note_on 70
velocity 76
time 7
note_on 65
velocity 73
time 1
note_off 66
time 48
note_off 68
time 45
note_off 53
time 147
note_on 72
velocity 80
time 242
note_on 56
velocity 60
time 7
note_on 63
velocity 73
time 2
note_off 70
time 23
note_off 65
time 19
note_off 54
time 24
note_on 61
velocity 69
time 429
note_on 73
velocity 81
time 0
note_on 58
velocity 59
time 5
note_off 63
time 37
note_off 72
time 39
note_off 56
time 15
note_off 61
time 36
note_on 66
velocity 73
time 354
note_on 54
velocity 61
time 531
note_off 58
time 161
note_on 65
velocity 64
time 304
note_off 66
time 182
note_on 56
velocity 44
time 321
note_on 63
velocity 59
time 6
note_off 65
time 160
note_off 54
time 36
note_on 58
velocity 46
time 315
note_off 56
time 136
note_on 72
velocity 53
time 338
note_on 56
velocity 36
time 20
note_off 73
time 111
note_off 58
time 15
note_on 54
velocity 39
time 338
note_off 56
time 63
note_on 73
velocity 50
time 451
note_on 53
velocity 27
time 2
note_on 56
velocity 35
time 3
note_off 63
time 52
note_off 72
time 31
note_off 54
time 203
note_off 73
time 177
note_on 71
velocity 48
time 23
note_off 71
time 89
note_on 70
velocity 49
time 138
note_off 70
time 61
note_off 53
time 207
note_on 68
velocity 46
time 13
note_on 71
velocity 56
time 2
note_off 56
time 3
note_on 66
velocity 48
time 467
note_on 51
velocity 50
time 22
note_off 51
time 54
note_off 66
time 0
note_off 68
time 13
note_on 49
velocity 41
time 156
note_on 65
velocity 50
time 0
note_off 49
time 41
note_off 65
time 15
note_on 66
velocity 58
time 207
note_on 51
velocity 49
time 5
note_off 71
time 390
note_on 61
velocity 70
time 72
note_on 70
velocity 54
time 16
note_off 66
time 1
note_on 53
velocity 39
time 1
note_off 70
time 50
note_off 51
time 114
note_on 68
velocity 59
time 35
note_off 68
time 88
note_off 53
time 186
note_on 70
velocity 58
time 1
note_on 54
velocity 39
time 23
note_on 63
velocity 56
time 454
note_on 72
velocity 56
time 11
note_off 70
time 88
note_off 61
time 15
note_on 73
velocity 59
time 394
note_on 56
velocity 44
time 10
note_off 72
time 100
note_off 54
time 119
note_off 63
time 31
note_on 53
velocity 43
time 235
note_on 68
velocity 56
time 0
note_off 53
time 61
note_off 68
time 1
note_on 66
velocity 57
time 141
note_on 51
velocity 47
time 7
note_off 66
time 48
note_off 51
time 23
note_on 68
velocity 66
time 208
note_on 53
velocity 40
time 16
note_on 63
velocity 80
time 432
note_on 55
velocity 49
time 13
note_off 68
time 11
note_on 72
velocity 60
time 1
note_off 56
time 10
note_off 73
time 20
note_off 72
time 23
note_off 53
time 23
note_on 70
velocity 70
time 122
note_off 70
time 113
note_off 55
time 139
note_on 72
velocity 72
time 0
note_on 56
velocity 58
time 1
note_on 65
velocity 64
time 483
note_on 74
velocity 74
time 13
note_off 72
time 69
note_off 63
time 39
note_on 58
velocity 60
time 369
note_on 75
velocity 72
time 0
note_off 74
time 143
note_off 65
time 70
note_off 56
time 72
note_on 55
velocity 61
time 180
note_off 55
time 63
note_on 53
velocity 64
time 154
note_off 53
time 74
note_on 55
velocity 71
time 187
note_off 58
time 377
note_on 73
velocity 73
time 74
note_on 65
velocity 78
time 1
note_on 57
velocity 58
time 9
note_off 75
time 70
note_off 55
time 76
note_off 73
time 0
note_on 72
velocity 73
time 71
note_off 72
time 96
note_on 58
velocity 51
time 121
note_on 73
velocity 71
time 11
note_off 57
time 20
note_off 58
time 191
note_on 75
velocity 77
time 15
note_on 60
velocity 63
time 14
note_off 73
time 9
note_off 60
time 42
note_on 58
velocity 81
time 157
note_on 73
velocity 69
time 6
note_off 75
time 29
note_on 75
velocity 68
time 171
note_on 60
velocity 64
time 7
note_off 58
time 97
note_off 65
time 18
note_off 73
time 7
note_on 61
velocity 54
time 100
note_on 77
velocity 76
time 6
note_off 60
time 11
note_off 75
time 78
note_off 61
time 35
note_on 60
velocity 72
time 96
note_off 60
time 101
note_on 58
velocity 79
time 122
note_on 73
velocity 84
time 10
note_off 58
time 72
note_on 56
velocity 84
time 130
note_off 56
time 87
note_off 77
time 110
note_on 54
velocity 85
time 33
note_on 75
velocity 81
time 7
note_on 72
velocity 85
time 2
note_off 54
time 55
note_off 73
time 7
note_on 53
velocity 90
time 145
note_off 53
time 62
note_on 54
velocity 95
time 171
note_on 70
velocity 87
time 7
note_off 72
time 10
note_off 54
time 50
note_on 51
velocity 90
time 138
note_off 51
time 58
note_on 53
velocity 91
time 197
note_on 69
velocity 64
time 9
note_off 70
time 23
note_on 70
velocity 75
time 203
note_off 75
time 23
note_off 69
time 52
note_off 70
time 58
note_on 75
velocity 82
time 79
note_on 72
velocity 68
time 24
note_off 72
time 105
note_on 69
velocity 67
time 93
note_off 69
time 128
note_on 46
velocity 60
time 130
note_on 65
velocity 52
time 3
note_on 73
velocity 69
time 5
note_off 75
time 92
note_off 53
time 96
note_on 72
velocity 71
time 255
note_on 68
velocity 60
time 6
note_off 65
time 85
note_off 73
time 83
note_off 46
time 61
note_on 66
velocity 59
time 248
note_on 70
velocity 74
time 5
note_off 72
time 53
note_off 68
time 84
note_on 72
velocity 79
time 67
note_off 66
time 32
note_off 70
time 15
note_on 61
velocity 76
time 173
note_on 65
velocity 65
time 11
note_on 73
velocity 70
time 2
note_off 72
time 18
note_on 70
velocity 73
time 183
note_off 73
time 44
note_on 60
velocity 46
time 204
note_on 63
velocity 54
time 0
note_off 65
time 10
note_on 68
velocity 61
time 29
note_off 70
time 2
note_off 68
time 104
note_on 66
velocity 65
time 15
note_off 61
time 33
note_off 66
time 52
note_on 68
velocity 70
time 19
note_off 68
time 76
note_on 66
velocity 73
time 1
note_on 68
velocity 80
time 92
note_off 66
time 1
note_on 58
velocity 65
time 24
note_off 60
time 0
note_on 66
velocity 72
time 66
note_off 68
time 0
note_off 66
time 95
note_on 65
velocity 72
time 3
note_on 66
velocity 81
time 100
note_off 65
time 55
note_off 66
time 11
note_on 57
velocity 59
time 71
note_on 77
velocity 96
time 0
note_off 58
time 13
note_on 65
velocity 73
time 0
note_off 63
time 389
note_on 56
velocity 53
time 46
note_on 62
velocity 75
time 24
note_off 57
time 14
note_off 62
time 28
note_on 60
velocity 73
time 147
note_off 60
time 49
note_on 70
velocity 84
time 239
note_on 62
velocity 52
time 22
note_off 65
time 199
note_off 77
time 31
note_on 54
velocity 69
time 208
note_off 56
time 20
note_off 54
time 52
note_on 53
velocity 68
time 134
note_off 53
time 52
note_on 63
velocity 76
time 244
note_on 54
velocity 52
time 2
note_off 62
time 39
note_off 70
time 63
note_off 63
time 11
note_on 56
velocity 62
time 246
note_on 83
velocity 91
time 9
note_off 54
time 326
note_on 62
velocity 59
time 160
note_on 58
velocity 64
time 2
note_on 82
velocity 96
time 2
note_off 83
time 71
note_off 56
time 10
note_on 77
velocity 101
time 315
note_on 80
velocity 81
time 3
note_off 82
time 14
note_off 80
time 29
note_on 51
velocity 77
time 300
note_on 78
velocity 94
time 3
note_on 75
velocity 99
time 5
note_off 62
time 7
note_off 77
time 2
note_off 58
time 6
note_off 75
time 0
note_on 73
velocity 87
time 114
note_on 70
velocity 75
time 11
note_off 78
time 177
note_off 70
time 188
note_off 73
time 27
note_on 71
velocity 84
time 50
note_on 76
velocity 88
time 10
note_on 44
velocity 61
time 3
note_on 68
velocity 74
time 6
note_off 51
time 9
note_off 68
time 192
note_on 75
velocity 84
time 173
note_on 66
velocity 64
time 13
note_off 76
time 28
note_off 71
time 127
note_off 66
time 49
note_on 53
velocity 80
time 141
note_on 70
velocity 71
time 10
note_on 74
velocity 80
time 0
note_on 65
velocity 70
time 5
note_off 75
time 16
note_off 44
time 255
note_on 42
velocity 77
time 13
note_off 65
time 214
note_on 75
velocity 86
time 261
note_on 46
velocity 74
time 3
note_on 66
velocity 75
time 2
note_on 41
velocity 67
time 10
note_off 42
time 65
note_off 53
time 29
note_off 74
time 154
note_on 39
velocity 68
time 230
note_off 46
time 39
note_off 41
time 18
note_off 66
time 113
note_on 46
velocity 66
time 315
note_on 65
velocity 67
time 13
note_off 39
time 32
note_on 59
velocity 80
time 458
note_off 75
time 373
note_on 74
velocity 80
time 96
note_on 58
velocity 72
time 11
note_off 59
time 74
note_on 56
velocity 75
time 397
note_off 65
time 23
note_off 58
time 44
note_off 70
time 62
note_on 63
velocity 63
time 381
note_on 75
velocity 75
time 0
note_on 70
velocity 68
time 3
note_on 51
velocity 53
time 6
note_on 54
velocity 51
time 18
note_off 46
time 87
note_off 74
time 79
note_off 56
time 42
note_on 53
velocity 63
time 7
note_off 54
time 11
note_off 75
time 6
note_off 63
time 11
note_on 63
velocity 53
time 11
note_on 58
velocity 44
time 6
note_on 54
velocity 44
time 1
note_off 53
time 9
note_off 70
time 14
note_on 56
velocity 45
time 14
note_on 53
velocity 41
time 7
note_off 54
time 0
note_off 58
time 19
note_off 63
time 39
note_off 53
time 33
note_off 51
time 1
note_on 58
velocity 36
time 3
note_on 54
velocity 39
time 5
note_off 56
time 28
note_off 58
time 32
note_on 77
velocity 57
time 7
note_on 60
velocity 41
time 2
note_on 73
velocity 47
time 1
note_off 60
time 26
note_on 61
velocity 48
time 135
note_off 61
time 79
note_on 75
velocity 54
time 229
note_on 63
velocity 40
time 1
note_on 72
velocity 41
time 0
note_off 73
time 141
note_off 77
time 1
note_on 70
velocity 46
time 350
note_on 73
velocity 53
time 6
note_off 72
time 92
note_off 75
time 19
note_on 72
velocity 47
time 373
note_on 69
velocity 37
time 11
note_off 73
time 80
note_off 70
time 46
note_on 70
velocity 49
time 359
note_on 53
velocity 28
time 3
note_on 67
velocity 41
time 6
note_on 61
velocity 30
time 16
note_off 63
time 88
note_off 54
time 63
note_off 72
time 7
note_off 69
time 36
note_on 72
velocity 63
time 250
note_on 69
velocity 55
time 2
note_on 51
velocity 43
time 20
note_on 60
velocity 41
time 11
note_off 61
time 32
note_off 67
time 14
note_off 70
time 20
note_off 53
time 53
note_on 73
velocity 64
time 316
note_on 70
velocity 61
time 14
note_on 58
velocity 45
time 7
note_on 49
velocity 38
time 9
note_off 72
time 88
note_off 51
time 5
note_off 69
time 57
note_off 60
time 14
note_on 57
velocity 38
time 325
note_on 75
velocity 67
time 0
note_on 72
velocity 57
time 15
note_on 48
velocity 33
time 6
note_off 49
time 114
note_off 73
time 31
note_off 70
time 7
note_off 58
time 20
note_off 75
time 157
note_off 72
time 136
note_on 78
velocity 67
time 5
note_on 75
velocity 63
time 9
note_off 48
time 7
note_off 57
time 5
note_on 73
velocity 47
time 484
note_on 77
velocity 56
time 3
note_on 56
velocity 34
time 9
note_on 53
velocity 18
time 23
note_off 78
time 92
note_off 75
time 101
note_on 75
velocity 55
time 276
note_on 71
velocity 39
time 5
note_off 73
time 98
note_off 77
time 80
note_on 74
velocity 42
time 281
note_on 70
velocity 45
time 2
note_on 46
velocity 29
time 33
note_off 75
time 66
note_off 71
time 49
note_off 53
time 115
note_off 70
time 16
note_off 74
time 70
note_on 77
velocity 59
time 145
note_on 74
velocity 51
time 15
note_on 75
velocity 55
time 476
note_on 72
velocity 52
time 2
note_on 51
velocity 39
time 1
note_on 54
velocity 39
time 6
note_off 74
time 65
note_off 46
time 251
note_off 56
time 20
note_off 77
time 15
note_on 73
velocity 56
time 115
note_on 70
velocity 56
time 7
note_off 72
time 52
note_off 75
time 55
note_on 69
velocity 44
time 407
note_on 72
velocity 62
time 1
note_off 73
time 152
note_off 70
time 1
note_on 49
velocity 38
time 369
note_on 53
velocity 51
time 0
note_off 51
time 46
note_off 54
time 63
note_on 51
velocity 51
time 348
note_on 73
velocity 65
time 9
note_on 70
velocity 59
time 7
note_on 48
velocity 42
time 10
note_off 49
time 98
note_off 53
time 53
note_off 69
time 75
note_off 72
time 39
note_off 48
time 212
note_on 46
velocity 45
time 10
note_on 49
velocity 49
time 9
note_off 51
time 70
note_on 58
velocity 39
time 390
note_on 54
velocity 52
time 16
note_on 63
velocity 69
time 6
note_off 46
time 98
note_off 49
time 41
note_on 72
velocity 67
time 342
note_off 63
time 399
note_on 55
velocity 60
time 92
note_on 64
velocity 54
time 3
note_off 73
time 49
note_off 70
time 91
note_off 54
time 84
note_off 58
time 6
note_on 60
velocity 49
time 268
note_on 70
velocity 62
time 6
note_off 64
time 139
note_off 72
time 27
note_on 53
velocity 18
time 320
note_on 69
velocity 52
time 3
note_on 61
velocity 36
time 3
note_on 65
velocity 38
time 1
note_off 70
time 58
note_off 55
time 106
note_off 60
time 19
note_off 65
time 16
note_off 69
time 87
note_on 78
velocity 70
time 194
note_on 60
velocity 44
time 19
note_on 69
velocity 44
time 5
note_off 61
time 110
note_on 70
velocity 70
time 343
note_on 77
velocity 85
time 3
note_on 61
velocity 65
time 7
note_off 78
time 59
note_off 69
time 91
note_off 60
time 108
note_on 75
velocity 83
time 217
note_on 72
velocity 75
time 10
note_on 63
velocity 71
time 7
note_off 70
time 109
note_off 61
time 14
note_off 77
time 50
note_off 75
time 10
note_on 73
velocity 78
time 177
note_on 65
velocity 56
time 24
note_off 63
time 49
note_off 72
time 91
note_on 70
velocity 87
time 27
note_off 73
time 183
note_on 41
velocity 76
time 303
note_on 72
velocity 94
time 10
note_off 53
time 7
note_on 69
velocity 83
time 75
note_off 70
time 83
note_on 42
velocity 72
time 390
note_on 70
velocity 80
time 3
note_off 41
time 74
note_off 69
time 2
note_off 72
time 9
note_on 68
velocity 74
time 302
note_on 66
velocity 67
time 257
note_on 63
velocity 63
time 7
note_off 65
time 0
note_off 66
time 6
note_on 65
velocity 69
time 14
note_on 61
velocity 60
time 2
note_off 63
time 5
note_off 68
time 3
note_off 61
time 0
note_on 68
velocity 78
time 187
note_on 63
velocity 50
time 14
note_on 59
velocity 55
time 20
note_off 70
time 2
note_off 65
time 13
note_off 63
time 1
note_off 59
time 157
note_on 41
velocity 53
time 67
note_on 62
velocity 70
time 10
note_off 62
time 89
note_off 42
time 9
note_on 63
velocity 74
time 130
note_off 63
time 83
note_on 65
velocity 72
time 207
note_on 39
velocity 53
time 10
note_off 41
time 39
note_on 38
velocity 55
time 417
note_off 39
time 84
note_off 68
time 3
note_on 66
velocity 64
time 5
note_on 39
velocity 44
time 19
note_on 58
velocity 50
time 0
note_off 65
time 1
note_off 38
time 6
note_on 65
velocity 61
time 139
note_on 61
velocity 49
time 9
note_off 58
time 11
note_on 60
velocity 50
time 20
note_on 51
velocity 64
time 3
note_on 63
velocity 54
time 1
note_off 39
time 7
note_off 65
time 3
note_off 61
time 7
note_on 61
velocity 52
time 6
note_on 58
velocity 45
time 5
note_off 63
time 5
note_off 60
time 11
note_on 65
velocity 58
time 84
note_on 60
velocity 44
time 1
note_on 57
velocity 35
time 1
note_off 61
time 78
note_off 58
time 40
note_off 66
time 14
note_on 49
velocity 35
time 13
note_on 63
velocity 46
time 0
note_off 51
time 3
note_off 49
time 13
note_off 60
time 5
note_on 48
velocity 42
time 46
note_off 48
time 40
note_on 70
velocity 64
time 234
note_on 58
velocity 43
time 18
note_on 49
velocity 29
time 6
note_off 63
time 7
note_off 57
time 5
note_on 51
velocity 40
time 11
note_on 61
velocity 50
time 1
note_off 65
time 19
note_on 65
velocity 71
time 308
note_on 57
velocity 41
time 2
note_on 53
velocity 37
time 5
note_on 60
velocity 39
time 20
note_off 61
time 6
note_off 51
time 14
note_off 70
time 7
note_off 58
time 1
note_off 49
time 7
note_on 51
velocity 57
time 18
note_off 60
time 31
note_off 53
time 15
note_off 57
time 187
note_on 58
velocity 76
time 153
note_on 49
velocity 44
time 20
note_off 51
time 6
note_off 65
time 15
note_off 58
time 5
note_on 78
velocity 83
time 220
note_on 48
velocity 56
time 3
note_off 49
time 126
note_on 53
velocity 79
time 339
note_on 77
velocity 78
time 18
note_on 73
velocity 62
time 10
note_on 49
velocity 61
time 1
note_off 78
time 19
note_off 48
time 18
note_on 45
velocity 64
time 128
note_off 49
time 0
note_on 72
velocity 72
time 10
note_on 75
velocity 80
time 0
note_off 73
time 52
note_on 46
velocity 74
time 427
note_on 73
velocity 79
time 2
note_on 70
velocity 71
time 2
note_off 77
time 0
note_off 72
time 144
note_off 53
time 22
note_off 45
time 6
note_off 75
time 23
note_off 70
time 164
note_on 72
velocity 84
time 123
note_on 69
velocity 59
time 1
note_on 66
velocity 69
time 1
note_off 73
time 82
note_off 72
time 2
note_off 66
time 18
note_on 41
velocity 74
time 165
note_off 46
time 3
note_on 70
velocity 72
time 2
note_on 73
velocity 81
time 3
note_on 65
velocity 70
time 9
note_off 69
time 19
note_off 41
time 6
note_off 65
time 1
note_off 73
time 14
note_off 70
time 10
note_on 75
velocity 92
time 174
note_on 60
velocity 75
time 3
note_on 69
velocity 72
time 7
note_on 63
velocity 75
time 6
note_off 69
time 18
note_off 63
time 15
note_on 61
velocity 69
time 42
note_on 58
velocity 67
time 1
note_on 77
velocity 88
time 0
note_on 70
velocity 76
time 3
note_off 75
time 48
note_off 60
time 48
note_on 60
velocity 84
time 369
note_on 54
velocity 71
time 11
note_on 57
velocity 64
time 3
note_on 75
velocity 82
time 0
note_on 72
velocity 84
time 3
note_off 61
time 32
note_off 70
time 0
note_off 58
time 15
note_off 77
time 3
note_off 54
time 285
note_off 72
time 6
note_off 57
time 55
note_on 73
velocity 85
time 61
note_on 70
velocity 77
time 1
note_on 58
velocity 74
time 1
note_on 61
velocity 75
time 5
note_off 75
time 2
note_on 53
velocity 68
time 3
note_off 60
time 58
note_off 70
time 28
note_off 73
time 37
note_off 58
time 83
note_on 63
velocity 89
time 18
note_off 61
time 36
note_off 63
time 71
note_on 65
velocity 84
time 151
note_on 51
velocity 71
time 3
note_on 72
velocity 88
time 5
note_on 69
velocity 73
time 5
note_on 60
velocity 67
time 1
note_off 53
time 24
note_off 60
time 29
note_off 72
time 89
note_off 51
time 139
note_on 49
velocity 66
time 5
note_on 61
velocity 70
time 1
note_on 70
velocity 88
time 0
note_off 69
time 1
note_on 48
velocity 62
time 414
note_on 66
velocity 80
time 3
note_on 63
velocity 75
time 9
note_off 49
time 49
note_off 65
time 32
note_off 61
time 67
note_on 50
velocity 60
time 425
note_on 58
velocity 56
time 10
note_on 65
velocity 68
time 9
note_on 68
velocity 78
time 0
note_off 66
time 102
note_off 63
time 18
note_off 48
time 14
note_off 70
time 52
note_off 65
time 2
note_on 72
velocity 86
time 173
note_on 66
velocity 72
time 3
note_on 63
velocity 77
time 5
note_on 51
velocity 73
time 7
note_off 68
time 10
note_off 58
time 11
note_off 50
time 63
note_off 63
time 229
note_off 66
time 1
note_on 53
velocity 77
time 101
note_on 73
velocity 91
time 14
note_on 65
velocity 76
time 6
note_on 61
velocity 76
time 14
note_off 51
time 15
note_off 72
time 49
note_off 53
time 104
note_on 54
velocity 85
time 72
note_off 54
time 85
note_on 52
velocity 91
time 174
note_off 52
time 88
note_off 65
time 80
note_on 53
velocity 93
time 78
note_off 53
time 79
note_on 40
velocity 76
time 274
note_on 67
velocity 88
time 11
note_off 61
time 65
note_off 73
time 26
note_on 73
velocity 89
time 460
note_on 60
velocity 88
time 134
note_on 72
velocity 87
time 0
note_off 73
time 71
note_off 67
time 85
note_on 70
velocity 87
time 343
note_off 70
time 110
note_off 60
time 7
note_on 70
velocity 90
time 229
note_on 60
velocity 81
time 2
note_on 65
velocity 78
time 0
note_on 41
velocity 69
time 5
note_off 40
time 6
note_off 72
time 5
note_on 66
velocity 85
time 35
note_off 65
time 2
note_off 70
time 9
note_on 69
velocity 82
time 247
note_on 65
velocity 79
time 1
note_on 53
velocity 73
time 6
note_off 66
time 6
note_off 60
time 9
note_on 63
velocity 67
time 26
note_off 65
time 59
note_off 63
time 22
note_off 41
time 31
note_on 58
velocity 51
time 11
note_on 62
velocity 50
time 2
note_on 70
velocity 61
time 9
note_on 46
velocity 31
time 13
note_off 69
time 225
note_off 62
time 3451
note_off 53
time 16
note_off 46
time 7
note_off 58
time 10
note_off 70
time 65
