note_on 65
velocity 40
time 6
note_off 65
time 36
note_on 70
velocity 70
time 162
note_on 58
velocity 49
time 192
note_off 58
time 35
note_on 63
velocity 60
time 171
note_off 63
time 41
note_on 62
velocity 59
time 37
note_off 62
time 72
note_on 60
velocity 59
time 10
note_off 60
time 66
note_on 58
velocity 62
time 18
note_on 65
velocity 71
time 109
note_off 58
time 1
note_off 70
time 37
note_on 69
velocity 72
time 157
note_off 69
time 31
note_off 65
time 147
note_on 72
velocity 80
time 9
note_off 72
time 33
note_on 65
velocity 67
time 160
note_off 65
time 40
note_on 74
velocity 73
time 158
note_on 70
velocity 66
time 6
note_on 58
velocity 60
time 91
note_off 58
time 89
note_on 60
velocity 61
time 14
note_off 60
time 53
note_on 62
velocity 70
time 27
note_off 62
time 44
note_on 60
velocity 72
time 53
note_off 60
time 76
note_on 58
velocity 74
time 6
note_off 58
time 92
note_on 57
velocity 62
time 3
note_on 55
velocity 60
time 58
note_off 57
time 3
note_off 55
time 111
note_on 53
velocity 67
time 11
note_off 70
time 80
note_off 74
time 2
note_on 72
velocity 71
time 122
note_on 69
velocity 56
time 5
note_off 69
time 28
note_off 72
time 3
note_on 75
velocity 84
time 148
note_on 72
velocity 71
time 1
note_off 53
time 1
note_off 72
time 29
note_off 75
time 16
note_on 65
velocity 78
time 134
note_off 65
time 37
note_on 77
velocity 89
time 161
note_on 74
velocity 84
time 2
note_on 68
velocity 72
time 95
note_off 68
time 74
note_on 67
velocity 72
time 36
note_on 65
velocity 77
time 91
note_off 67
time 0
note_on 63
velocity 80
time 92
note_off 65
time 9
note_off 63
time 69
note_on 62
velocity 75
time 11
note_off 77
time 3
note_on 60
velocity 84
time 80
note_off 62
time 2
note_on 79
velocity 83
time 5
note_off 79
time 44
note_off 60
time 35
note_on 59
velocity 75
time 9
note_off 74
time 66
note_off 59
time 28
note_on 60
velocity 84
time 3
note_on 77
velocity 87
time 3
note_on 76
velocity 86
time 190
note_off 60
time 5
note_off 77
time 7
note_on 67
velocity 61
time 3
note_off 76
time 15
note_off 67
time 10
note_on 57
velocity 68
time 143
note_on 75
velocity 82
time 2
note_on 72
velocity 73
time 7
note_off 57
time 26
note_off 72
time 6
note_off 75
time 32
note_on 58
velocity 76
time 119
note_on 74
velocity 80
time 5
note_on 65
velocity 63
time 14
note_off 58
time 9
note_off 65
time 20
note_on 51
velocity 67
time 145
note_on 67
velocity 81
time 11
note_off 74
time 40
note_on 72
velocity 77
time 148
note_off 72
time 37
note_off 67
time 121
note_on 77
velocity 80
time 28
note_on 75
velocity 80
time 91
note_off 77
time 42
note_on 63
velocity 58
time 26
note_on 74
velocity 84
time 11
note_off 51
time 3
note_off 75
time 20
note_off 63
time 14
note_off 74
time 39
note_on 72
velocity 72
time 29
note_on 53
velocity 45
time 100
note_on 62
velocity 44
time 0
note_on 70
velocity 71
time 13
note_off 72
time 5
note_off 62
time 321
note_off 70
time 27
note_on 69
velocity 56
time 19
note_on 60
velocity 39
time 5
note_off 69
time 42
note_off 60
time 55
note_off 53
time 9
note_on 65
velocity 41
time 85
note_off 65
time 36
note_on 70
velocity 55
time 156
note_on 58
velocity 51
time 188
note_off 58
time 32
note_on 63
velocity 60
time 160
note_off 63
time 50
note_on 62
velocity 46
time 49
note_off 62
time 66
note_on 60
velocity 64
time 7
note_off 60
time 54
note_on 58
velocity 53
time 26
note_on 65
velocity 62
time 122
note_off 58
time 7
note_off 70
time 46
note_on 69
velocity 66
time 143
note_off 69
time 36
note_off 65
time 166
note_on 72
velocity 67
time 1
note_off 72
time 33
note_on 65
velocity 68
time 136
note_off 65
time 48
note_on 74
velocity 62
time 156
note_on 70
velocity 56
time 6
note_on 58
velocity 54
time 95
note_off 58
time 67
note_on 60
velocity 60
time 24
note_off 60
time 62
note_on 62
velocity 67
time 23
note_off 62
time 41
note_on 60
velocity 67
time 57
note_off 60
time 71
note_on 58
velocity 70
time 18
note_off 58
time 85
note_on 57
velocity 53
time 14
note_off 57
time 62
note_on 55
velocity 51
time 3
note_off 55
time 91
note_on 53
velocity 50
time 35
note_off 70
time 100
note_off 74
time 20
note_on 72
velocity 61
time 72
note_on 69
velocity 33
time 18
note_off 72
time 23
note_off 69
time 16
note_on 75
velocity 78
time 130
note_on 72
velocity 60
time 3
note_off 72
time 23
note_off 53
time 5
note_off 75
time 7
note_on 65
velocity 78
time 144
note_off 65
time 42
note_on 77
velocity 91
time 149
note_on 74
velocity 84
time 2
note_on 68
velocity 74
time 95
note_off 68
time 70
note_on 67
velocity 79
time 35
note_on 65
velocity 82
time 84
note_off 67
time 3
note_on 63
velocity 83
time 87
note_off 65
time 16
note_off 77
time 54
note_off 63
time 15
note_on 62
velocity 80
time 10
note_on 60
velocity 84
time 89
note_on 79
velocity 89
time 0
note_off 62
time 9
note_off 79
time 40
note_on 59
velocity 80
time 40
note_off 60
time 0
note_off 74
time 59
note_off 59
time 39
note_on 60
velocity 86
time 2
note_on 77
velocity 98
time 7
note_on 74
velocity 19
time 18
note_off 74
time 41
note_on 76
velocity 93
time 121
note_on 67
velocity 76
time 9
note_off 77
time 15
note_off 60
time 1
note_off 67
time 14
note_off 76
time 10
note_on 75
velocity 87
time 149
note_on 57
velocity 68
time 1
note_on 72
velocity 73
time 9
note_off 57
time 26
note_off 72
time 7
note_off 75
time 14
note_on 58
velocity 78
time 121
note_on 74
velocity 87
time 7
note_on 65
velocity 71
time 7
note_off 58
time 19
note_off 65
time 14
note_on 51
velocity 69
time 147
note_on 67
velocity 81
time 15
note_off 74
time 49
note_on 72
velocity 81
time 143
note_off 72
time 45
note_off 67
time 106
note_on 77
velocity 78
time 31
note_on 75
velocity 80
time 83
note_off 77
time 44
note_on 63
velocity 61
time 31
note_on 74
velocity 83
time 20
note_off 51
time 14
note_off 75
time 14
note_off 63
time 14
note_off 74
time 35
note_on 72
velocity 78
time 9
note_on 62
velocity 42
time 123
note_on 53
velocity 37
time 2
note_on 70
velocity 75
time 5
note_off 72
time 7
note_off 62
time 359
note_off 70
time 3
note_on 60
velocity 36
time 24
note_on 69
velocity 49
time 14
note_off 60
time 134
note_off 69
time 36
note_off 53
time 13
note_on 72
velocity 75
time 10
note_on 63
velocity 77
time 203
note_off 72
time 127
note_on 53
velocity 64
time 62
note_on 45
velocity 70
time 191
note_off 53
time 160
note_off 63
time 22
note_on 67
velocity 70
time 26
note_on 65
velocity 73
time 93
note_off 67
time 61
note_on 63
velocity 75
time 24
note_off 65
time 55
note_off 45
time 147
note_on 50
velocity 42
time 20
note_off 50
time 39
note_on 48
velocity 45
time 40
note_off 48
time 54
note_off 63
time 11
note_on 62
velocity 58
time 26
note_on 46
velocity 46
time 1
note_off 62
time 3
note_off 46
time 2
note_on 77
velocity 64
time 18
note_on 68
velocity 61
time 141
note_off 77
time 42
note_on 58
velocity 41
time 162
note_on 50
velocity 46
time 203
note_off 58
time 96
note_off 68
time 54
note_on 72
velocity 53
time 41
note_on 70
velocity 60
time 91
note_off 72
time 45
note_on 68
velocity 60
time 48
note_off 70
time 28
note_on 55
velocity 53
time 151
note_off 50
time 7
note_off 55
time 62
note_on 53
velocity 43
time 58
note_off 68
time 33
note_off 53
time 15
note_on 67
velocity 50
time 24
note_on 51
velocity 48
time 2
note_off 67
time 15
note_off 51
time 18
note_on 79
velocity 81
time 66
note_on 71
velocity 90
time 98
note_off 79
time 111
note_on 68
velocity 69
time 69
note_off 68
time 45
note_on 62
velocity 77
time 153
note_off 62
time 40
note_on 65
velocity 79
time 128
note_on 74
velocity 85
time 0
note_off 71
time 29
note_off 65
time 5
note_on 63
velocity 73
time 167
note_on 72
velocity 86
time 1
note_off 74
time 37
note_off 72
time 42
note_on 67
velocity 68
time 122
note_on 79
velocity 89
time 5
note_off 63
time 66
note_on 62
velocity 61
time 127
note_on 69
velocity 89
time 6
note_off 67
time 74
note_on 71
velocity 88
time 101
note_on 77
velocity 83
time 2
note_off 62
time 15
note_off 69
time 19
note_off 79
time 0
note_on 72
velocity 74
time 152
note_on 60
velocity 58
time 9
note_off 71
time 11
note_off 60
time 32
note_on 75
velocity 75
time 131
note_on 57
velocity 59
time 13
note_off 77
time 15
note_off 57
time 28
note_on 58
velocity 69
time 147
note_off 58
time 40
note_off 72
time 115
note_off 75
time 26
note_on 52
velocity 61
time 7
note_on 74
velocity 61
time 7
note_on 70
velocity 53
time 9
note_off 52
time 23
note_on 53
velocity 57
time 162
note_off 53
time 18
note_off 70
time 44
note_off 74
time 7
note_on 69
velocity 48
time 24
note_on 72
velocity 58
time 5
note_on 41
velocity 84
time 9
note_off 69
time 1
note_off 41
time 7
note_off 72
time 3
note_on 53
velocity 85
time 156
note_on 58
velocity 93
time 207
note_off 53
time 44
note_on 70
velocity 82
time 128
note_off 70
time 37
note_on 75
velocity 80
time 149
note_on 74
velocity 78
time 85
note_off 75
time 31
note_off 74
time 54
note_on 72
velocity 79
time 1
note_on 70
velocity 85
time 83
note_off 72
time 27
note_on 77
velocity 93
time 84
note_off 70
time 19
note_off 58
time 22
note_on 57
velocity 74
time 154
note_off 57
time 35
note_on 60
velocity 84
time 149
note_off 77
time 15
note_off 60
time 13
note_on 53
velocity 70
time 160
note_off 53
time 41
note_on 62
velocity 52
time 177
note_on 58
velocity 52
time 2
note_on 82
velocity 54
time 98
note_off 82
time 82
note_on 84
velocity 56
time 28
note_off 84
time 55
note_on 86
velocity 62
time 28
note_on 84
velocity 69
time 79
note_off 86
time 15
note_on 82
velocity 74
time 63
note_off 84
time 33
note_on 81
velocity 74
time 55
note_off 82
time 20
note_off 81
time 52
note_on 79
velocity 71
time 14
note_off 79
time 92
note_on 77
velocity 69
time 9
note_off 62
time 91
note_off 58
time 20
note_on 57
velocity 54
time 71
note_on 60
velocity 59
time 10
note_off 57
time 29
note_off 60
time 11
note_on 60
velocity 61
time 144
note_on 63
velocity 64
time 13
note_off 60
time 33
note_off 63
time 13
note_off 77
time 44
note_on 53
velocity 74
time 89
note_off 53
time 39
note_on 65
velocity 84
time 166
note_on 62
velocity 71
time 9
note_on 80
velocity 75
time 93
note_on 79
velocity 87
time 84
note_off 80
time 45
note_on 77
velocity 90
time 49
note_off 79
time 0
note_off 65
time 74
note_off 62
time 1
note_on 63
velocity 62
time 5
note_on 67
velocity 69
time 2
note_on 75
velocity 90
time 13
note_off 77
time 1
note_off 67
time 20
note_off 63
time 3
note_on 74
velocity 80
time 62
note_off 75
time 20
note_on 68
velocity 77
time 54
note_on 65
velocity 57
time 11
note_off 74
time 3
note_on 72
velocity 79
time 3
note_off 68
time 11
note_off 65
time 7
note_on 71
velocity 88
time 78
note_off 72
time 5
note_on 63
velocity 64
time 76
note_on 67
velocity 69
time 3
note_off 71
time 10
note_on 72
velocity 90
time 3
note_off 67
time 164
note_on 74
velocity 83
time 13
note_on 62
velocity 60
time 6
note_on 65
velocity 61
time 0
note_off 72
time 6
note_off 63
time 18
note_off 65
time 15
note_off 62
time 2
note_off 74
time 9
note_on 60
velocity 65
time 126
note_on 77
velocity 74
time 1
note_on 63
velocity 65
time 9
note_off 60
time 27
note_off 63
time 11
note_on 75
velocity 73
time 31
note_off 77
time 14
note_off 75
time 74
note_on 63
velocity 63
time 3
note_on 74
velocity 74
time 3
note_on 67
velocity 58
time 15
note_off 63
time 24
note_off 74
time 0
note_off 67
time 13
note_on 72
velocity 67
time 35
note_off 72
time 67
note_on 62
velocity 56
time 42
note_on 70
velocity 64
time 3
note_on 53
velocity 60
time 3
note_off 70
time 42
note_on 72
velocity 62
time 9
note_off 72
time 53
note_on 70
velocity 65
time 1
note_off 70
time 84
note_on 69
velocity 80
time 7
note_on 70
velocity 70
time 53
note_off 69
time 24
note_on 63
velocity 71
time 128
note_off 62
time 9
note_off 70
time 147
note_on 72
velocity 63
time 36
note_off 72
time 49
note_on 69
velocity 73
time 32
note_off 63
time 31
note_off 53
time 10
note_on 58
velocity 47
time 50
note_on 70
velocity 77
time 5
note_off 69
time 5
note_on 62
velocity 51
time 2
note_off 70
time 19
note_on 77
velocity 83
time 154
note_off 77
time 27
note_off 62
time 61
note_off 58
time 10
note_on 82
velocity 89
time 102
note_on 58
velocity 67
time 190
note_on 62
velocity 54
time 1
note_off 62
time 31
note_off 58
time 6
note_on 67
velocity 71
time 179
note_on 63
velocity 64
time 3
note_off 82
time 9
note_on 79
velocity 64
time 0
note_off 79
time 2
note_on 81
velocity 72
time 1
note_off 81
time 15
note_off 63
time 6
note_on 79
velocity 69
time 23
note_off 79
time 45
note_on 77
velocity 87
time 9
note_on 79
velocity 84
time 74
note_off 77
time 15
note_on 84
velocity 99
time 69
note_off 79
time 23
note_off 67
time 72
note_on 60
velocity 74
time 9
note_on 63
velocity 74
time 0
note_off 60
time 32
note_off 63
time 0
note_on 65
velocity 71
time 183
note_on 69
velocity 85
time 2
note_off 84
time 42
note_on 81
velocity 71
time 7
note_off 81
time 9
note_on 82
velocity 71
time 11
note_off 82
time 52
note_off 65
time 11
note_on 81
velocity 70
time 9
note_on 79
velocity 83
time 52
note_off 81
time 3
note_off 69
time 26
note_on 81
velocity 78
time 44
note_off 79
time 19
note_on 89
velocity 103
time 76
note_off 81
time 27
note_on 62
velocity 70
time 16
note_on 65
velocity 70
time 0
note_off 62
time 28
note_off 65
time 1
note_on 70
velocity 63
time 209
note_on 74
velocity 85
time 5
note_off 89
time 13
note_on 87
velocity 67
time 2
note_off 70
time 36
note_off 74
time 46
note_on 86
velocity 76
time 5
note_off 87
time 16
note_off 86
time 48
note_on 84
velocity 78
time 23
note_on 82
velocity 84
time 97
note_off 84
time 11
note_on 81
velocity 78
time 88
note_off 82
time 35
note_on 72
velocity 69
time 28
note_on 69
velocity 66
time 1
note_on 79
velocity 82
time 2
note_off 81
time 1
note_off 69
time 13
note_off 72
time 0
note_off 79
time 22
note_on 77
velocity 78
time 11
note_off 77
time 75
note_on 70
velocity 59
time 16
note_on 67
velocity 59
time 7
note_on 75
velocity 75
time 2
note_off 75
time 83
note_on 77
velocity 75
time 5
note_off 67
time 71
note_on 69
velocity 59
time 16
note_off 70
time 2
note_on 65
velocity 50
time 3
note_on 74
velocity 76
time 3
note_off 69
time 24
note_off 77
time 0
note_off 65
time 2
note_on 75
velocity 68
time 59
note_off 74
time 10
note_off 75
time 70
note_on 72
velocity 69
time 14
note_on 63
velocity 61
time 5
note_on 67
velocity 57
time 2
note_off 67
time 29
note_off 63
time 10
note_on 74
velocity 65
time 49
note_off 72
time 6
note_off 74
time 52
note_on 70
velocity 70
time 14
note_on 62
velocity 59
time 9
note_on 65
velocity 61
time 2
note_off 62
time 36
note_off 65
time 2
note_off 70
time 31
note_on 74
velocity 67
time 7
note_on 67
velocity 62
time 97
note_on 63
velocity 60
time 1
note_on 72
velocity 80
time 0
note_off 74
time 9
note_off 72
time 31
note_off 67
time 141
note_off 63
time 10
note_on 75
velocity 88
time 5
note_off 75
time 53
note_on 53
velocity 68
time 144
note_on 60
velocity 60
time 13
note_off 60
time 165
note_off 53
time 11
note_on 69
velocity 75
time 0
note_on 63
velocity 70
time 6
note_off 63
time 36
note_off 69
time 3
note_on 70
velocity 77
time 175
note_on 62
velocity 67
time 9
note_on 58
velocity 63
time 177
note_off 62
time 53
note_off 58
time 2
note_off 70
time 44
note_on 46
velocity 50
time 101
note_off 46
time 117
note_on 72
velocity 56
time 89
note_on 63
velocity 57
time 209
note_off 72
time 125
note_on 53
velocity 42
time 57
note_on 45
velocity 53
time 199
note_off 53
time 157
note_off 63
time 41
note_on 67
velocity 62
time 16
note_on 65
velocity 66
time 87
note_off 67
time 72
note_on 63
velocity 74
time 27
note_off 65
time 101
note_off 45
time 83
note_on 50
velocity 51
time 16
note_off 50
time 66
note_on 48
velocity 50
time 32
note_off 48
time 63
note_off 63
time 11
note_on 46
velocity 50
time 24
note_on 62
velocity 70
time 0
note_off 62
time 3
note_off 46
time 10
note_on 77
velocity 90
time 113
note_on 68
velocity 90
time 2
note_off 77
time 16
note_on 58
velocity 67
time 18
note_on 50
velocity 74
time 0
note_off 58
time 114
note_off 68
time 13
note_on 72
velocity 76
time 3
note_on 70
velocity 82
time 93
note_off 72
time 71
note_on 68
velocity 83
time 24
note_off 70
time 58
note_off 50
time 121
note_on 55
velocity 59
time 6
note_off 55
time 65
note_on 53
velocity 54
time 35
note_off 68
time 53
note_off 53
time 5
note_on 51
velocity 51
time 33
note_on 67
velocity 65
time 0
note_off 67
time 16
note_off 51
time 6
note_on 79
velocity 62
time 10
note_off 79
time 196
note_on 71
velocity 52
time 5
note_on 68
velocity 48
time 195
note_off 68
time 33
note_on 62
velocity 53
time 153
note_off 62
time 37
note_off 71
time 91
note_on 74
velocity 53
time 52
note_on 65
velocity 37
time 18
note_off 65
time 41
note_on 72
velocity 57
time 145
note_on 63
velocity 46
time 2
note_off 74
time 2
note_off 72
time 44
note_on 79
velocity 69
time 141
note_on 67
velocity 37
time 10
note_off 63
time 67
note_on 69
velocity 58
time 119
note_on 62
velocity 40
time 11
note_off 67
time 95
note_on 71
velocity 73
time 76
note_on 77
velocity 75
time 1
note_off 69
time 14
note_off 62
time 28
note_off 79
time 33
note_on 60
velocity 54
time 118
note_on 72
velocity 65
time 1
note_off 71
time 14
note_off 60
time 28
note_on 75
velocity 75
time 145
note_on 57
velocity 67
time 9
note_off 57
time 36
note_off 77
time 13
note_on 58
velocity 79
time 130
note_off 58
time 39
note_off 72
time 102
note_off 75
time 32
note_on 52
velocity 69
time 3
note_on 74
velocity 64
time 9
note_on 70
velocity 57
time 5
note_off 52
time 20
note_on 53
velocity 55
time 173
note_off 53
time 16
note_off 70
time 35
note_off 74
time 24
note_on 72
velocity 59
time 15
note_on 69
velocity 46
time 11
note_off 69
time 3
note_on 41
velocity 84
time 7
note_off 41
time 26
note_off 72
time 0
note_on 53
velocity 89
time 148
note_on 58
velocity 91
time 200
note_off 53
time 50
note_on 70
velocity 82
time 134
note_off 70
time 37
note_on 75
velocity 82
time 147
note_on 74
velocity 78
time 85
note_off 75
time 29
note_on 72
velocity 81
time 54
note_off 74
time 1
note_on 70
velocity 83
time 91
note_off 72
time 31
note_on 77
velocity 93
time 65
note_off 70
time 20
note_off 58
time 49
note_on 57
velocity 72
time 136
note_off 57
time 31
note_on 60
velocity 81
time 151
note_off 77
time 24
note_off 60
time 7
note_on 53
velocity 76
time 143
note_off 53
time 32
note_on 62
velocity 74
time 184
note_on 58
velocity 62
time 2
note_on 82
velocity 69
time 119
note_off 82
time 61
note_on 84
velocity 70
time 22
note_off 84
time 85
note_on 86
velocity 83
time 2
note_on 84
velocity 88
time 96
note_off 86
time 71
note_on 82
velocity 86
time 14
note_off 84
time 70
note_on 81
velocity 90
time 22
note_off 82
time 37
note_on 79
velocity 84
time 52
note_off 81
time 1
note_on 77
velocity 89
time 91
note_off 79
time 23
note_off 62
time 26
note_off 58
time 53
note_on 60
velocity 78
time 79
note_on 57
velocity 54
time 7
note_off 57
time 31
note_off 60
time 22
note_on 63
velocity 84
time 144
note_on 60
velocity 66
time 11
note_off 63
time 24
note_off 60
time 11
note_off 77
time 123
note_on 53
velocity 71
time 2
note_off 53
time 42
note_on 62
velocity 43
time 179
note_on 65
velocity 44
time 13
note_on 80
velocity 52
time 83
note_off 80
time 87
note_on 79
velocity 54
time 14
note_off 79
time 58
note_on 77
velocity 53
time 35
note_off 65
time 31
note_off 77
time 23
note_off 62
time 13
note_on 63
velocity 49
time 0
note_on 67
velocity 45
time 11
note_on 75
velocity 58
time 18
note_off 67
time 15
note_off 63
time 6
note_off 75
time 37
note_on 74
velocity 61
time 31
note_off 74
time 53
note_on 68
velocity 56
time 36
note_on 72
velocity 61
time 15
note_on 65
velocity 17
time 15
note_off 68
time 9
note_off 72
time 31
note_off 65
time 15
note_on 71
velocity 64
time 18
note_off 71
time 82
note_on 67
velocity 52
time 7
note_on 63
velocity 42
time 11
note_on 72
velocity 71
time 0
note_off 67
time 177
note_off 72
time 6
note_on 74
velocity 69
time 0
note_on 65
velocity 55
time 5
note_on 62
velocity 48
time 6
note_off 63
time 10
note_off 74
time 26
note_off 62
time 9
note_off 65
time 0
note_on 63
velocity 61
time 130
note_on 77
velocity 69
time 2
note_on 60
velocity 54
time 2
note_off 60
time 37
note_off 63
time 6
note_off 77
time 40
note_on 75
velocity 65
time 1
note_off 75
time 84
note_on 74
velocity 68
time 2
note_on 63
velocity 58
time 5
note_on 67
velocity 48
time 13
note_off 63
time 24
note_off 74
time 1
note_off 67
time 5
note_on 72
velocity 62
time 46
note_off 72
time 49
note_on 53
velocity 43
time 70
note_on 70
velocity 58
time 2
note_on 62
velocity 28
time 19
note_off 70
time 28
note_on 72
velocity 56
time 20
note_off 72
time 44
note_on 70
velocity 66
time 3
note_off 70
time 66
note_on 69
velocity 65
time 20
note_off 69
time 49
note_on 70
velocity 58
time 5
note_on 63
velocity 57
time 152
note_off 62
time 22
note_off 70
time 117
note_on 72
velocity 56
time 45
note_off 72
time 45
note_on 69
velocity 64
time 36
note_off 53
time 23
note_off 63
time 10
note_off 69
time 37
note_on 70
velocity 73
time 13
note_on 62
velocity 42
time 16
note_on 58
velocity 46
time 5
note_off 70
time 10
note_on 77
velocity 79
time 183
note_off 77
time 29
note_off 58
time 78
note_off 62
time 1
note_on 82
velocity 94
time 87
note_on 81
velocity 29
time 83
note_off 81
time 66
note_on 58
velocity 75
time 37
note_on 62
velocity 59
time 9
note_off 58
time 31
note_off 62
time 11
note_off 82
time 132
note_on 67
velocity 83
time 18
note_on 63
velocity 73
time 3
note_on 79
velocity 68
time 44
note_off 79
time 11
note_on 81
velocity 72
time 13
note_off 81
time 31
note_off 63
time 15
note_on 79
velocity 73
time 3
note_on 77
velocity 88
time 61
note_off 79
time 0
note_on 79
velocity 82
time 74
note_off 77
time 27
note_on 84
velocity 105
time 63
note_off 67
time 28
note_off 79
time 11
note_on 60
velocity 74
time 3
note_on 63
velocity 73
time 3
note_off 60
time 28
note_off 63
time 3
note_on 65
velocity 77
time 187
note_on 69
velocity 85
time 0
note_off 84
time 41
note_on 81
velocity 61
time 6
note_off 81
time 6
note_on 82
velocity 76
time 9
note_off 65
time 23
note_off 82
time 31
note_on 81
velocity 78
time 11
note_off 69
time 52
note_off 81
time 7
note_on 79
velocity 82
time 3
note_on 81
velocity 91
time 79
note_off 79
time 24
note_on 89
velocity 106
time 70
note_off 81
time 24
note_on 62
velocity 73
time 1
note_on 65
velocity 68
time 2
note_off 62
time 32
note_off 65
time 2
note_on 74
velocity 86
time 199
note_on 70
velocity 72
time 5
note_off 89
time 1
note_on 87
velocity 80
time 3
note_off 70
time 40
note_off 74
time 7
note_on 86
velocity 82
time 35
note_off 87
time 23
note_off 86
time 53
note_on 84
velocity 84
time 14
note_on 82
velocity 88
time 92
note_off 84
time 10
note_on 81
velocity 80
time 82
note_off 82
time 41
note_on 72
velocity 74
time 29
note_on 69
velocity 69
time 6
note_on 79
velocity 77
time 3
note_off 81
time 2
note_off 72
time 10
note_off 69
time 3
note_off 79
time 5
note_on 77
velocity 81
time 6
note_off 77
time 72
note_on 67
velocity 69
time 35
note_on 75
velocity 74
time 1
note_on 70
velocity 73
time 1
note_on 77
velocity 80
time 105
note_off 75
time 1
note_off 67
time 74
note_on 69
velocity 66
time 1
note_on 65
velocity 58
time 6
note_off 70
time 7
note_on 74
velocity 74
time 3
note_off 69
time 18
note_off 65
time 9
note_off 77
time 6
note_on 75
velocity 71
time 46
note_off 74
time 15
note_off 75
time 66
note_on 72
velocity 71
time 14
note_on 67
velocity 67
time 2
note_on 63
velocity 60
time 3
note_off 67
time 31
note_off 63
time 7
note_on 74
velocity 69
time 58
note_off 72
time 23
note_on 70
velocity 69
time 33
note_off 74
time 1
note_on 62
velocity 60
time 9
note_off 62
time 42
note_off 70
time 37
note_on 74
velocity 66
time 1
note_on 67
velocity 65
time 95
note_on 63
velocity 63
time 2
note_on 72
velocity 81
time 7
note_off 74
time 10
note_off 72
time 31
note_off 67
time 147
note_on 75
velocity 87
time 15
note_off 63
time 1
note_off 75
time 46
note_on 53
velocity 69
time 158
note_on 60
velocity 70
time 3
note_off 60
time 164
note_off 53
time 10
note_on 69
velocity 78
time 3
note_on 63
velocity 75
time 1
note_off 63
time 32
note_off 69
time 9
note_on 70
velocity 86
time 164
note_on 62
velocity 53
time 22
note_on 58
velocity 67
time 169
note_off 58
time 44
note_off 62
time 15
note_off 70
time 28
note_on 46
velocity 59
time 115
note_off 46
time 58
note_on 53
velocity 53
time 135
note_off 53
time 41
note_on 58
velocity 48
time 173
note_on 46
velocity 39
time 191
note_off 46
time 41
note_on 51
velocity 46
time 147
note_off 51
time 72
note_on 49
velocity 48
time 9
note_off 49
time 70
note_on 48
velocity 44
time 29
note_off 48
time 67
note_on 46
velocity 43
time 7
note_off 46
time 109
note_on 53
velocity 50
time 14
note_off 58
time 74
note_on 57
velocity 48
time 135
note_on 60
velocity 48
time 92
note_off 57
time 19
note_off 60
time 67
note_on 58
velocity 58
time 19
note_on 61
velocity 59
time 59
note_off 58
time 11
note_off 61
time 52
note_on 60
velocity 63
time 41
note_off 60
time 96
note_on 63
velocity 62
time 9
note_off 53
time 2
note_off 63
time 88
note_on 61
velocity 59
time 5
note_on 46
velocity 42
time 203
note_off 46
time 39
note_on 51
velocity 57
time 158
note_on 49
velocity 50
time 80
note_off 51
time 0
note_off 49
time 58
note_on 48
velocity 52
time 27
note_off 48
time 70
note_on 46
velocity 49
time 18
note_off 61
time 74
note_off 46
time 33
note_on 54
velocity 63
time 5
note_on 58
velocity 52
time 96
note_off 58
time 53
note_on 60
velocity 50
time 42
note_off 60
time 54
note_on 61
velocity 55
time 41
note_off 61
time 84
note_on 63
velocity 63
time 9
note_off 63
time 48
note_on 65
velocity 45
time 54
note_off 65
time 74
note_on 51
velocity 56
time 6
note_on 66
velocity 60
time 3
note_off 54
time 3
note_off 51
time 40
note_on 63
velocity 51
time 53
note_off 66
time 0
note_off 63
time 48
note_on 56
velocity 69
time 52
note_on 60
velocity 55
time 97
note_off 60
time 63
note_on 61
velocity 61
time 23
note_off 61
time 91
note_on 63
velocity 59
time 7
note_off 63
time 40
note_on 65
velocity 71
time 37
note_off 65
time 88
note_on 66
velocity 61
time 11
note_off 66
time 57
note_on 53
velocity 51
time 15
note_off 56
time 3
note_on 68
velocity 67
time 5
note_off 53
time 31
note_off 68
time 69
note_on 65
velocity 60
time 5
note_off 65
time 49
note_on 58
velocity 59
time 39
note_on 61
velocity 59
time 10
note_off 58
time 31
note_off 61
time 28
note_on 66
velocity 52
time 36
note_off 66
time 59
note_on 54
velocity 50
time 11
note_on 70
velocity 47
time 29
note_off 54
time 9
note_off 70
time 45
note_on 66
velocity 49
time 33
note_off 66
time 52
note_on 60
velocity 68
time 13
note_on 63
velocity 55
time 27
note_off 60
time 16
note_off 63
time 36
note_on 66
velocity 45
time 39
note_off 66
time 50
note_on 56
velocity 46
time 11
note_on 68
velocity 54
time 16
note_off 56
time 19
note_off 68
time 40
note_on 66
velocity 30
time 48
note_off 66
time 41
note_on 65
velocity 52
time 33
note_on 61
velocity 44
time 2
note_off 61
time 32
note_off 65
time 11
note_on 68
velocity 48
time 32
note_off 68
time 80
note_on 56
velocity 42
time 33
note_on 73
velocity 56
time 0
note_off 56
time 44
note_off 73
time 31
note_on 68
velocity 38
time 32
note_off 68
time 57
note_on 60
velocity 53
time 24
note_on 66
velocity 48
time 18
note_off 60
time 16
note_off 66
time 37
note_on 68
velocity 42
time 29
note_off 68
time 55
note_on 56
velocity 50
time 27
note_on 75
velocity 56
time 5
note_off 56
time 36
note_off 75
time 53
note_on 68
velocity 37
time 37
note_off 68
time 39
note_on 61
velocity 64
time 13
note_on 65
velocity 54
time 10
note_off 61
time 31
note_off 65
time 22
note_on 68
velocity 59
time 28
note_off 68
time 70
note_on 73
velocity 68
time 27
note_on 56
velocity 60
time 6
note_off 56
time 41
note_off 73
time 37
note_on 68
velocity 57
time 7
note_off 68
time 59
note_on 66
velocity 71
time 42
note_on 60
velocity 79
time 1
note_off 60
time 40
note_off 66
time 42
note_on 68
velocity 67
time 2
note_off 68
time 91
note_on 75
velocity 78
time 10
note_on 56
velocity 77
time 2
note_off 56
time 39
note_on 68
velocity 61
time 52
note_off 75
time 29
note_off 68
time 49
note_on 61
velocity 87
time 13
note_on 65
velocity 69
time 7
note_off 61
time 35
note_on 68
velocity 63
time 40
note_off 65
time 7
note_off 68
time 85
note_on 73
velocity 83
time 11
note_on 49
velocity 74
time 1
note_off 49
time 33
note_on 68
velocity 69
time 57
note_off 73
time 22
note_off 68
time 65
note_on 59
velocity 93
time 7
note_on 65
velocity 73
time 3
note_off 59
time 49
note_on 68
velocity 69
time 26
note_off 65
time 13
note_on 47
velocity 80
time 84
note_off 68
time 3
note_on 74
velocity 80
time 1
note_off 47
time 40
note_on 68
velocity 70
time 57
note_off 74
time 6
note_off 68
time 70
note_on 58
velocity 91
time 13
note_on 66
velocity 76
time 18
note_off 58
time 45
note_on 70
velocity 76
time 41
note_off 66
time 6
note_off 70
time 67
note_on 73
velocity 74
time 10
note_on 46
velocity 70
time 3
note_off 46
time 41
note_off 73
time 32
note_on 70
velocity 71
time 11
note_off 70
time 53
note_on 66
velocity 76
time 26
note_on 57
velocity 81
time 15
note_off 57
time 36
note_on 73
velocity 80
time 53
note_off 66
time 3
note_off 73
time 69
note_on 78
velocity 86
time 9
note_on 45
velocity 65
time 19
note_off 45
time 44
note_on 73
velocity 74
time 26
note_off 78
time 61
note_off 73
time 19
note_on 72
velocity 79
time 13
note_on 56
velocity 82
time 2
note_off 56
time 44
note_off 72
time 31
note_on 75
velocity 80
time 13
note_off 75
time 92
note_on 78
velocity 80
time 11
note_on 44
velocity 67
time 10
note_off 44
time 44
note_on 75
velocity 69
time 29
note_off 78
time 26
note_off 75
time 66
note_on 73
velocity 70
time 16
note_on 58
velocity 76
time 1
note_off 58
time 37
note_off 73
time 37
note_on 77
velocity 74
time 9
note_off 77
time 100
note_on 46
velocity 66
time 3
note_on 73
velocity 80
time 0
note_off 46
time 31
note_off 73
time 40
note_on 77
velocity 75
time 13
note_off 77
time 71
note_on 54
velocity 84
time 26
note_on 73
velocity 82
time 1
note_off 54
time 39
note_off 73
time 36
note_on 75
velocity 79
time 18
note_off 75
time 80
note_on 42
velocity 84
time 3
note_on 73
velocity 79
time 6
note_off 42
time 36
note_on 75
velocity 81
time 50
note_off 73
time 6
note_off 75
time 89
note_on 56
velocity 91
time 2
note_on 72
velocity 87
time 13
note_off 56
time 31
note_off 72
time 58
note_on 75
velocity 76
time 2
note_on 44
velocity 81
time 76
note_off 75
time 0
note_on 72
velocity 78
time 7
note_off 44
time 27
note_on 75
velocity 66
time 39
note_off 72
time 26
note_on 73
velocity 87
time 85
note_on 49
velocity 84
time 1
note_off 75
time 31
note_off 49
time 11
note_on 44
velocity 72
time 170
note_off 73
time 5
note_off 44
time 33
note_on 37
velocity 61
time 161
note_off 37
time 156
note_on 53
velocity 56
time 29
note_off 53
time 54
note_on 58
velocity 53
time 153
note_on 46
velocity 37
time 205
note_off 46
time 40
note_on 51
velocity 51
time 153
note_off 51
time 79
note_on 49
velocity 49
time 2
note_off 49
time 63
note_on 48
velocity 42
time 44
note_on 46
velocity 46
time 61
note_off 48
time 6
note_off 46
time 127
note_on 53
velocity 52
time 1
note_off 58
time 84
note_on 57
velocity 51
time 126
note_on 60
velocity 53
time 84
note_off 57
time 3
note_off 60
time 71
note_on 58
velocity 61
time 19
note_off 58
time 84
note_on 61
velocity 62
time 1
note_off 61
time 74
note_on 60
velocity 67
time 24
note_off 60
time 97
note_on 63
velocity 70
time 3
note_off 53
time 36
note_on 61
velocity 70
time 61
note_off 63
time 7
note_on 46
velocity 57
time 186
note_off 46
time 53
note_on 51
velocity 72
time 139
note_on 49
velocity 60
time 88
note_off 51
time 2
note_off 49
time 74
note_on 48
velocity 60
time 11
note_off 48
time 75
note_on 46
velocity 58
time 9
note_off 61
time 85
note_on 54
velocity 73
time 37
note_off 46
time 10
note_on 58
velocity 60
time 82
note_off 58
time 61
note_on 60
velocity 64
time 36
note_off 60
time 58
note_on 61
velocity 62
time 36
note_off 61
time 88
note_on 63
velocity 68
time 1
note_off 63
time 46
note_on 65
velocity 68
time 41
note_on 51
velocity 62
time 84
note_off 54
time 3
note_on 66
velocity 74
time 14
note_off 65
time 6
note_off 51
time 18
note_on 63
velocity 70
time 55
note_off 66
time 16
note_off 63
time 50
note_on 56
velocity 77
time 57
note_on 60
velocity 60
time 92
note_off 60
time 61
note_on 61
velocity 71
time 19
note_off 61
time 89
note_on 63
velocity 61
time 10
note_off 63
time 39
note_on 65
velocity 78
time 33
note_off 65
time 93
note_on 66
velocity 70
time 7
note_on 53
velocity 63
time 72
note_off 66
time 6
note_off 56
time 5
note_on 68
velocity 73
time 5
note_off 53
time 24
note_off 68
time 61
note_on 65
velocity 59
time 1
note_off 65
time 55
note_on 61
velocity 58
time 48
note_on 58
velocity 70
time 11
note_off 58
time 36
note_off 61
time 18
note_on 66
velocity 50
time 32
note_off 66
time 59
note_on 54
velocity 47
time 40
note_on 70
velocity 46
time 6
note_off 54
time 29
note_off 70
time 24
note_on 66
velocity 48
time 41
note_off 66
time 52
note_on 60
velocity 74
time 22
note_on 63
velocity 60
time 13
note_off 60
time 23
note_off 63
time 29
note_on 66
velocity 45
time 48
note_off 66
time 50
note_on 56
velocity 52
time 32
note_on 68
velocity 55
time 3
note_off 56
time 36
note_off 68
time 23
note_on 66
velocity 51
time 33
note_off 66
time 40
note_on 65
velocity 58
time 50
note_on 61
velocity 61
time 13
note_off 61
time 39
note_off 65
time 0
note_on 68
velocity 50
time 35
note_off 68
time 75
note_on 73
velocity 59
time 36
note_on 56
velocity 35
time 18
note_off 56
time 39
note_off 73
time 22
note_on 68
velocity 34
time 48
note_off 68
time 45
note_on 60
velocity 72
time 22
note_on 66
velocity 62
time 7
note_off 60
time 28
note_off 66
time 40
note_on 68
velocity 62
time 23
note_off 68
time 57
note_on 75
velocity 77
time 35
note_on 56
velocity 59
time 10
note_off 56
time 42
note_off 75
time 58
note_on 68
velocity 54
time 7
note_off 68
time 40
note_on 61
velocity 79
time 32
note_on 65
velocity 70
time 3
note_off 61
time 33
note_off 65
time 36
note_on 68
velocity 66
time 13
note_off 68
time 92
note_on 73
velocity 78
time 7
note_on 56
velocity 71
time 6
note_off 56
time 42
note_on 68
velocity 61
time 40
note_off 73
time 18
note_off 68
time 67
note_on 66
velocity 74
time 3
note_on 60
velocity 83
time 7
note_off 60
time 36
note_on 68
velocity 69
time 58
note_off 66
time 6
note_on 75
velocity 84
time 92
note_off 68
time 1
note_on 56
velocity 76
time 9
note_off 56
time 39
note_on 68
velocity 62
time 49
note_off 75
time 29
note_off 68
time 59
note_on 61
velocity 87
time 10
note_on 65
velocity 66
time 7
note_off 61
time 35
note_off 65
time 41
note_on 68
velocity 62
time 3
note_off 68
time 96
note_on 73
velocity 81
time 1
note_on 49
velocity 76
time 3
note_off 49
time 40
note_on 68
velocity 64
time 49
note_off 73
time 19
note_off 68
time 65
note_on 65
velocity 69
time 10
note_on 59
velocity 88
time 1
note_off 59
time 55
note_on 68
velocity 67
time 28
note_off 65
time 9
note_off 68
time 85
note_on 47
velocity 71
time 14
note_on 74
velocity 70
time 0
note_off 47
time 39
note_on 68
velocity 63
time 55
note_off 74
time 3
note_off 68
time 62
note_on 58
velocity 72
time 39
note_on 66
velocity 63
time 10
note_off 58
time 28
note_off 66
time 49
note_on 70
velocity 62
time 3
note_off 70
time 65
note_on 46
velocity 55
time 28
note_on 73
velocity 66
time 2
note_off 46
time 39
note_off 73
time 36
note_on 70
velocity 60
time 10
note_off 70
time 49
note_on 66
velocity 59
time 52
note_on 57
velocity 59
time 6
note_off 57
time 41
note_off 66
time 11
note_on 73
velocity 59
time 40
note_off 73
time 52
note_on 45
velocity 53
time 39
note_on 78
velocity 66
time 0
note_off 45
time 39
note_on 73
velocity 54
time 53
note_off 78
time 2
note_off 73
time 54
note_on 56
velocity 61
time 41
note_on 72
velocity 61
time 2
note_off 56
time 44
note_off 72
time 16
note_on 75
velocity 50
time 35
note_off 75
time 69
note_on 78
velocity 60
time 28
note_on 44
velocity 52
time 9
note_off 44
time 36
note_on 75
velocity 40
time 63
note_off 78
time 2
note_off 75
time 50
note_on 73
velocity 56
time 29
note_on 58
velocity 62
time 3
note_off 58
time 41
note_off 73
time 15
note_on 77
velocity 60
time 37
note_off 77
time 79
note_on 46
velocity 53
time 9
note_on 73
velocity 64
time 6
note_off 46
time 27
note_off 73
time 26
note_on 77
velocity 61
time 19
note_off 77
time 84
note_on 73
velocity 73
time 23
note_on 54
velocity 60
time 5
note_off 54
time 45
note_off 73
time 23
note_on 75
velocity 72
time 18
note_off 75
time 87
note_on 73
velocity 73
time 15
note_on 42
velocity 60
time 2
note_off 42
time 36
note_on 75
velocity 66
time 40
note_off 73
time 3
note_off 75
time 91
note_on 56
velocity 73
time 20
note_on 72
velocity 71
time 10
note_off 56
time 29
note_off 72
time 26
note_on 75
velocity 55
time 36
note_off 75
time 50
note_on 44
velocity 59
time 28
note_on 72
velocity 62
time 14
note_off 44
time 20
note_off 72
time 27
note_on 75
velocity 53
time 28
note_off 75
time 111
note_on 49
velocity 62
time 5
note_on 73
velocity 63
time 5
note_off 49
time 35
note_on 44
velocity 58
time 161
note_off 44
time 40
note_off 73
time 46
note_on 37
velocity 57
time 117
note_off 37
time 209
note_on 68
velocity 96
time 27
note_off 68
time 48
note_on 73
velocity 102
time 174
note_on 65
velocity 87
time 1
note_on 49
velocity 68
time 199
note_off 49
time 37
note_on 54
velocity 82
time 152
note_on 53
velocity 72
time 96
note_off 54
time 19
note_off 65
time 10
note_on 51
velocity 69
time 61
note_off 53
time 2
note_on 49
velocity 63
time 80
note_off 51
time 10
note_on 56
velocity 78
time 111
note_on 63
velocity 72
time 3
note_off 49
time 2
note_off 63
time 39
note_off 73
time 14
note_on 72
velocity 77
time 143
note_on 68
velocity 66
time 1
note_off 72
time 33
note_off 68
time 5
note_off 56
time 147
note_on 70
velocity 79
time 2
note_on 73
velocity 87
time 0
note_off 70
time 28
note_off 73
time 11
note_on 75
velocity 92
time 149
note_on 72
velocity 81
time 5
note_off 72
time 26
note_off 75
time 44
note_on 77
velocity 91
time 139
note_on 73
velocity 82
time 11
note_on 61
velocity 77
time 197
note_off 61
time 35
note_on 60
velocity 76
time 160
note_on 58
velocity 77
time 80
note_off 60
time 18
note_on 56
velocity 78
time 69
note_off 58
time 33
note_on 55
velocity 71
time 48
note_off 56
time 26
note_off 73
time 7
note_on 56
velocity 83
time 82
note_off 55
time 27
note_off 77
time 49
note_on 75
velocity 85
time 115
note_on 72
velocity 64
time 7
note_off 72
time 23
note_off 75
time 15
note_on 77
velocity 89
time 158
note_on 73
velocity 80
time 3
note_off 73
time 29
note_off 77
time 33
note_on 54
velocity 57
time 101
note_on 78
velocity 89
time 28
note_off 56
time 1
note_on 75
velocity 67
time 14
note_off 75
time 35
note_off 54
time 23
note_off 78
time 9
note_on 80
velocity 77
time 132
note_on 75
velocity 55
time 35
note_on 53
velocity 38
time 67
note_off 53
time 84
note_on 54
velocity 54
time 9
note_off 54
time 78
note_on 56
velocity 59
time 1
note_off 56
time 9
note_on 58
velocity 65
time 14
note_on 73
velocity 80
time 31
note_off 58
time 5
note_on 56
velocity 56
time 11
note_off 56
time 20
note_off 75
time 6
note_on 58
velocity 56
time 18
note_on 46
velocity 54
time 0
note_off 58
time 0
note_off 73
time 5
note_off 80
time 3
note_off 46
time 3
note_on 73
velocity 82
time 6
note_on 78
velocity 69
time 1
note_on 51
velocity 56
time 6
note_off 51
time 11
note_on 53
velocity 57
time 14
note_off 53
time 19
note_on 54
velocity 67
time 11
note_off 54
time 15
note_on 56
velocity 63
time 11
note_on 72
velocity 79
time 0
note_off 73
time 1
note_off 56
time 13
note_on 54
velocity 53
time 15
note_off 54
time 16
note_on 56
velocity 58
time 13
note_off 56
time 39
note_on 44
velocity 45
time 2
note_off 44
time 19
note_off 72
time 3
note_off 78
time 3
note_on 77
velocity 78
time 5
note_on 72
velocity 43
time 19
note_on 49
velocity 40
time 2
note_off 49
time 15
note_on 51
velocity 50
time 0
note_off 51
time 13
note_on 53
velocity 55
time 2
note_off 53
time 13
note_on 54
velocity 54
time 11
note_on 70
velocity 51
time 14
note_off 72
time 1
note_off 54
time 35
note_on 56
velocity 57
time 14
note_off 56
time 16
note_on 58
velocity 53
time 7
note_off 77
time 14
note_off 58
time 11
note_on 54
velocity 57
time 2
note_off 70
time 9
note_off 54
time 11
note_on 75
velocity 64
time 14
note_on 70
velocity 35
time 15
note_on 60
velocity 55
time 10
note_off 60
time 11
note_on 61
velocity 52
time 11
note_off 61
time 2
note_on 63
velocity 59
time 7
note_off 70
time 7
note_on 65
velocity 67
time 14
note_off 63
time 5
note_on 69
velocity 59
time 6
note_off 75
time 11
note_off 69
time 13
note_on 70
velocity 59
time 11
note_on 72
velocity 61
time 3
note_off 70
time 11
note_off 72
time 20
note_on 69
velocity 52
time 2
note_off 65
time 7
note_off 69
time 1
note_on 58
velocity 52
time 9
note_on 73
velocity 52
time 6
note_on 65
velocity 70
time 5
note_off 73
time 6
note_on 75
velocity 62
time 0
note_on 77
velocity 67
time 5
note_off 75
time 9
note_on 73
velocity 63
time 27
note_off 77
time 18
note_off 73
time 26
note_on 56
velocity 68
time 6
note_on 72
velocity 66
time 3
note_off 72
time 22
note_on 75
velocity 64
time 10
note_on 73
velocity 72
time 13
note_off 75
time 28
note_on 72
velocity 67
time 19
note_off 73
time 6
note_off 58
time 16
note_off 72
time 27
note_on 54
velocity 71
time 7
note_on 70
velocity 66
time 0
note_off 70
time 50
note_on 69
velocity 72
time 15
note_off 56
time 5
note_off 69
time 31
note_on 70
velocity 70
time 6
note_off 70
time 32
note_on 69
velocity 66
time 18
note_off 65
time 6
note_off 69
time 7
note_on 64
velocity 56
time 14
note_on 70
velocity 68
time 0
note_off 70
time 0
note_on 73
velocity 72
time 5
note_on 72
velocity 69
time 11
note_off 73
time 2
note_off 64
time 2
note_on 70
velocity 60
time 23
note_off 72
time 3
note_off 54
time 1
note_off 70
time 9
note_on 53
velocity 57
time 13
note_on 65
velocity 50
time 7
note_on 69
velocity 65
time 7
note_off 53
time 11
note_off 69
time 7
note_on 53
velocity 57
time 10
note_on 77
velocity 73
time 5
note_off 65
time 6
note_off 77
time 3
note_on 65
velocity 51
time 26
note_on 55
velocity 55
time 11
note_off 65
time 0
note_on 76
velocity 78
time 14
note_off 76
time 33
note_on 65
velocity 59
time 3
note_on 57
velocity 57
time 15
note_off 65
time 11
note_on 75
velocity 82
time 11
note_off 55
time 28
note_on 65
velocity 56
time 7
note_off 75
time 0
note_on 58
velocity 66
time 70
note_off 57
time 5
note_off 65
time 3
note_on 74
velocity 78
time 0
note_off 74
time 82
note_on 65
velocity 58
time 7
note_off 58
time 18
note_off 53
time 44
note_on 53
velocity 34
time 22
note_on 58
velocity 54
time 0
note_off 65
time 1
note_on 73
velocity 73
time 18
note_off 73
time 89
note_on 65
velocity 52
time 7
note_off 65
time 62
note_on 60
velocity 62
time 10
note_on 72
velocity 62
time 2
note_off 58
time 48
note_off 72
time 3
note_on 65
velocity 53
time 39
note_off 65
time 32
note_off 60
time 29
note_on 61
velocity 59
time 9
note_on 70
velocity 56
time 3
note_off 70
time 62
note_on 65
velocity 39
time 53
note_off 61
time 44
note_off 65
time 6
note_on 60
velocity 48
time 19
note_on 69
velocity 52
time 6
note_off 53
time 26
note_off 69
time 28
note_on 65
velocity 32
time 54
note_off 65
time 0
note_on 53
velocity 56
time 18
note_on 77
velocity 61
time 3
note_off 60
time 15
note_off 77
time 19
note_on 65
velocity 39
time 14
note_off 65
time 7
note_on 55
velocity 45
time 44
note_on 76
velocity 51
time 5
note_off 76
time 41
note_on 65
velocity 26
time 3
note_off 65
time 2
note_on 57
velocity 52
time 24
note_on 75
velocity 55
time 0
note_off 55
time 59
note_off 75
time 3
note_on 65
velocity 26
time 32
note_on 58
velocity 57
time 69
note_off 57
time 3
note_off 65
time 0
note_on 74
velocity 56
time 5
note_off 74
time 62
note_on 65
velocity 23
time 9
note_off 58
time 15
note_off 65
time 15
note_on 58
velocity 53
time 6
note_on 73
velocity 61
time 1
note_off 73
time 2
note_on 65
velocity 21
time 29
note_off 65
time 6
note_on 60
velocity 60
time 27
note_on 72
velocity 50
time 14
note_off 58
time 5
note_off 72
time 20
note_on 65
velocity 44
time 23
note_off 65
time 6
note_off 60
time 20
note_on 61
velocity 56
time 6
note_on 70
velocity 53
time 3
note_off 70
time 65
note_on 69
velocity 50
time 5
note_on 60
velocity 43
time 5
note_off 61
time 1
note_off 53
time 3
note_off 69
time 2
note_on 77
velocity 71
time 49
note_on 53
velocity 47
time 2
note_off 60
time 5
note_off 77
time 72
note_on 65
velocity 50
time 2
note_off 65
time 29
note_on 76
velocity 76
time 16
note_on 55
velocity 43
time 2
note_off 76
time 24
note_on 65
velocity 44
time 22
note_off 65
time 35
note_on 75
velocity 77
time 6
note_on 57
velocity 50
time 7
note_off 55
time 39
note_on 65
velocity 49
time 2
note_off 75
time 6
note_off 57
time 1
note_off 65
time 1
note_on 74
velocity 77
time 0
note_on 58
velocity 59
time 3
note_off 74
time 10
note_off 58
time 7
note_on 65
velocity 59
time 2
note_off 65
time 2
note_on 58
velocity 54
time 10
note_on 73
velocity 76
time 3
note_off 73
time 29
note_on 65
velocity 53
time 3
note_off 65
time 22
note_on 72
velocity 73
time 11
note_on 60
velocity 62
time 11
note_off 58
time 3
note_off 72
time 37
note_on 65
velocity 55
time 57
note_off 60
time 10
note_off 65
time 13
note_on 70
velocity 65
time 14
note_on 61
velocity 56
time 1
note_off 70
time 46
note_off 61
time 1
note_off 53
time 1
note_on 65
velocity 48
time 44
note_off 65
time 52
note_on 53
velocity 51
time 65
note_on 60
velocity 44
time 6
note_on 69
velocity 57
time 1
note_off 60
time 35
note_off 69
time 11
note_on 65
velocity 43
time 24
note_off 65
time 72
note_on 70
velocity 60
time 40
note_on 61
velocity 53
time 7
note_off 61
time 36
note_off 70
time 5
note_on 65
velocity 45
time 50
note_off 65
time 35
note_on 69
velocity 62
time 40
note_on 60
velocity 55
time 5
note_off 60
time 45
note_off 69
time 2
note_on 65
velocity 43
time 50
note_off 65
time 55
note_on 70
velocity 55
time 32
note_on 61
velocity 44
time 6
note_off 53
time 3
note_off 61
time 5
note_off 70
time 14
note_on 65
velocity 43
time 6
note_off 65
time 5
note_on 69
velocity 44
time 85
note_on 53
velocity 29
time 7
note_on 60
velocity 33
time 2
note_off 69
time 54
note_off 60
time 39
note_off 53
time 9
note_on 65
velocity 45
time 250
note_off 65
time 35
note_on 70
velocity 69
time 177
note_on 58
velocity 55
time 200
note_off 58
time 35
note_on 63
velocity 53
time 177
note_off 63
time 41
note_on 62
velocity 53
time 29
note_off 62
time 59
note_on 60
velocity 51
time 31
note_off 60
time 58
note_on 58
velocity 54
time 37
note_on 65
velocity 61
time 110
note_off 58
time 9
note_off 70
time 19
note_on 69
velocity 70
time 167
note_off 69
time 35
note_off 65
time 141
note_on 72
velocity 80
time 18
note_off 72
time 32
note_on 65
velocity 68
time 154
note_off 65
time 39
note_on 74
velocity 73
time 165
note_on 70
velocity 64
time 1
note_on 58
velocity 57
time 76
note_off 58
time 87
note_on 60
velocity 60
time 15
note_off 60
time 61
note_on 62
velocity 70
time 29
note_off 62
time 50
note_on 60
velocity 71
time 52
note_off 60
time 88
note_on 58
velocity 71
time 3
note_on 57
velocity 59
time 88
note_off 58
time 7
note_on 55
velocity 59
time 66
note_off 57
time 7
note_off 55
time 104
note_on 53
velocity 60
time 15
note_off 70
time 109
note_off 74
time 14
note_on 72
velocity 71
time 78
note_on 69
velocity 56
time 7
note_off 69
time 26
note_off 72
time 2
note_off 53
time 135
note_on 72
velocity 75
time 9
note_on 75
velocity 85
time 0
note_off 72
time 31
note_off 75
time 19
note_on 65
velocity 84
time 147
note_off 65
time 53
note_on 77
velocity 90
time 157
note_on 74
velocity 85
time 5
note_on 68
velocity 69
time 105
note_off 68
time 76
note_on 67
velocity 71
time 18
note_on 65
velocity 75
time 85
note_off 67
time 0
note_on 63
velocity 79
time 89
note_off 65
time 7
note_off 63
time 66
note_off 77
time 7
note_on 62
velocity 74
time 14
note_on 79
velocity 82
time 76
note_on 60
velocity 79
time 2
note_off 62
time 3
note_off 79
time 36
note_off 60
time 45
note_on 59
velocity 75
time 7
note_off 74
time 62
note_off 59
time 29
note_on 77
velocity 89
time 1
note_on 60
velocity 78
time 10
note_off 77
time 149
note_on 76
velocity 85
time 44
note_on 67
velocity 72
time 5
note_off 60
time 1
note_off 76
time 40
note_off 67
time 3
note_on 57
velocity 66
time 143
note_on 75
velocity 85
time 0
note_on 72
velocity 71
time 11
note_off 57
time 26
note_off 72
time 7
note_off 75
time 18
note_on 58
velocity 73
time 113
note_on 74
velocity 78
time 3
note_on 65
velocity 63
time 18
note_off 58
time 16
note_off 65
time 23
note_on 67
velocity 73
time 134
note_on 51
velocity 64
time 2
note_off 74
time 63
note_on 72
velocity 76
time 132
note_off 72
time 33
note_off 67
time 121
note_on 77
velocity 75
time 39
note_on 75
velocity 75
time 105
note_off 77
time 46
note_on 74
velocity 80
time 31
note_on 63
velocity 50
time 20
note_off 51
time 6
note_off 75
time 0
note_off 63
time 36
note_off 74
time 13
note_on 72
velocity 70
time 18
note_off 72
time 95
note_on 70
velocity 70
time 10
note_on 53
velocity 36
time 26
note_on 62
velocity 35
time 9
note_off 62
time 7
note_off 70
time 0
note_on 60
velocity 37
time 9
note_on 69
velocity 57
time 5
note_off 69
time 2
note_off 60
time 14
note_off 53
time 5
note_on 65
velocity 56
time 11
note_off 65
time 7
note_on 67
velocity 58
time 6
note_off 67
time 20
note_on 65
velocity 31
time 52
note_on 64
velocity 59
time 33
note_off 65
time 48
note_on 65
velocity 38
time 0
note_off 64
time 6
note_off 65
time 44
note_on 46
velocity 52
time 54
note_on 50
velocity 56
time 71
note_off 46
time 18
note_off 50
time 62
note_on 53
velocity 52
time 29
note_on 58
velocity 58
time 87
note_off 53
time 1
note_on 62
velocity 47
time 92
note_off 58
time 9
note_on 65
velocity 58
time 62
note_off 62
time 6
note_on 69
velocity 57
time 89
note_off 65
time 10
note_off 69
time 50
note_on 70
velocity 52
time 24
note_off 70
time 37
note_on 53
velocity 48
time 61
note_on 60
velocity 44
time 2
note_on 70
velocity 58
time 0
note_off 70
time 11
note_on 69
velocity 55
time 22
note_on 74
velocity 71
time 16
note_off 69
time 6
note_off 53
time 23
note_on 72
velocity 71
time 13
note_off 60
time 14
note_off 74
time 5
note_on 70
velocity 73
time 19
note_off 72
time 6
note_on 69
velocity 71
time 0
note_off 70
time 1
note_off 69
time 7
note_on 67
velocity 69
time 1
note_on 65
velocity 68
time 23
note_off 67
time 1
note_off 65
time 0
note_on 58
velocity 68
time 44
note_on 62
velocity 71
time 89
note_off 58
time 31
note_off 62
time 63
note_on 65
velocity 68
time 10
note_on 69
velocity 70
time 14
note_off 65
time 14
note_off 69
time 11
note_on 70
velocity 78
time 6
note_off 70
time 50
note_on 72
velocity 85
time 10
note_on 74
velocity 84
time 9
note_off 72
time 7
note_on 75
velocity 79
time 18
note_off 74
time 19
note_on 60
velocity 70
time 62
note_on 63
velocity 72
time 1
note_on 77
velocity 89
time 2
note_on 69
velocity 69
time 1
note_off 75
time 28
note_off 69
time 67
note_on 75
velocity 71
time 0
note_off 77
time 92
note_on 74
velocity 82
time 7
note_on 72
velocity 80
time 11
note_off 75
time 0
note_off 74
time 13
note_off 60
time 11
note_off 63
time 10
note_off 72
time 18
note_on 74
velocity 94
time 1
note_on 72
velocity 81
time 15
note_off 74
time 2
note_on 70
velocity 88
time 33
note_off 72
time 22
note_on 69
velocity 81
time 72
note_off 70
time 5
note_off 69
time 69
note_on 77
velocity 94
time 54
note_on 74
velocity 82
time 10
note_on 68
velocity 62
time 83
note_off 68
time 9
note_on 67
velocity 72
time 20
note_on 65
velocity 74
time 0
note_off 67
time 1
note_on 63
velocity 77
time 35
note_off 65
time 13
note_off 63
time 70
note_off 77
time 9
note_on 62
velocity 72
time 6
note_off 74
time 40
note_on 60
velocity 82
time 48
note_off 62
time 3
note_on 79
velocity 83
time 9
note_on 75
velocity 75
time 1
note_off 75
time 39
note_off 79
time 15
note_off 60
time 2
note_on 59
velocity 64
time 28
note_off 59
time 62
note_on 60
velocity 69
time 27
note_on 77
velocity 87
time 14
note_on 74
velocity 69
time 9
note_off 74
time 61
note_on 67
velocity 62
time 42
note_off 77
time 20
note_on 76
velocity 75
time 33
note_off 67
time 0
note_off 60
time 15
note_on 72
velocity 34
time 15
note_off 76
time 37
note_off 72
time 3
note_on 67
velocity 56
time 7
note_off 67
time 72
note_on 57
velocity 56
time 29
note_on 72
velocity 63
time 10
note_on 75
velocity 69
time 9
note_off 57
time 15
note_off 72
time 27
note_on 65
velocity 58
time 35
note_off 75
time 3
note_off 65
time 71
note_on 74
velocity 58
time 10
note_on 70
velocity 56
time 20
note_on 58
velocity 57
time 3
note_off 58
time 37
note_off 70
time 3
note_off 74
time 9
note_on 65
velocity 45
time 16
note_off 65
time 35
note_on 51
velocity 53
time 41
note_off 51
time 66
note_on 55
velocity 55
time 3
note_off 55
time 88
note_on 60
velocity 56
time 5
note_off 60
time 110
note_on 63
velocity 51
time 11
note_off 63
time 78
note_on 67
velocity 53
time 16
note_on 72
velocity 60
time 87
note_off 67
time 19
note_on 75
velocity 63
time 76
note_off 72
time 2
note_off 75
time 84
note_on 79
velocity 66
time 16
note_on 53
velocity 38
time 74
note_on 62
velocity 39
time 36
note_on 70
velocity 60
time 10
note_off 79
time 9
note_off 62
time 356
note_off 70
time 13
note_on 60
velocity 28
time 3
note_on 69
velocity 45
time 16
note_off 69
time 123
note_off 60
time 18
note_off 53
time 50
note_on 72
velocity 74
time 7
note_on 63
velocity 78
time 199
note_off 72
time 134
note_on 53
velocity 54
time 49
note_on 45
velocity 59
time 208
note_off 53
time 117
note_off 63
time 66
note_on 67
velocity 61
time 35
note_on 65
velocity 64
time 105
note_off 67
time 49
note_on 63
velocity 68
time 40
note_off 65
time 48
note_off 45
time 127
note_on 50
velocity 48
time 26
note_off 50
time 53
note_on 48
velocity 45
time 50
note_off 48
time 49
note_off 63
time 14
note_on 46
velocity 39
time 28
note_on 62
velocity 61
time 1
note_off 62
time 3
note_off 46
time 28
note_on 77
velocity 86
time 104
note_on 68
velocity 88
time 16
note_off 77
time 55
note_on 58
velocity 65
time 127
note_on 50
velocity 72
time 178
note_off 68
time 110
note_off 58
time 18
note_on 72
velocity 75
time 28
note_on 70
velocity 82
time 87
note_off 72
time 75
note_on 68
velocity 82
time 18
note_off 70
time 65
note_off 50
time 123
note_on 55
velocity 57
time 26
note_off 55
time 80
note_on 53
velocity 52
time 24
note_off 68
time 42
note_off 53
time 11
note_on 67
velocity 62
time 16
note_on 51
velocity 50
time 24
note_off 67
time 1
note_off 51
time 19
note_on 79
velocity 64
time 2
note_on 71
velocity 54
time 178
note_off 79
time 61
note_on 68
velocity 49
time 132
note_off 68
time 40
note_on 62
velocity 53
time 149
note_off 62
time 55
note_off 71
time 115
note_on 74
velocity 54
time 24
note_on 65
velocity 48
time 3
note_off 65
time 31
note_on 63
velocity 45
time 154
note_on 72
velocity 58
time 0
note_off 74
time 2
note_off 72
time 44
note_on 79
velocity 68
time 149
note_on 67
velocity 44
time 6
note_off 63
time 55
note_on 69
velocity 57
time 140
note_on 62
velocity 42
time 10
note_off 67
time 72
note_on 71
velocity 74
time 91
note_on 77
velocity 76
time 2
note_off 62
time 29
note_off 79
time 22
note_off 69
time 20
note_on 72
velocity 77
time 143
note_on 60
velocity 53
time 1
note_off 60
time 39
note_off 71
time 14
note_on 75
velocity 83
time 128
note_on 57
velocity 64
time 6
note_off 57
time 37
note_off 77
time 15
note_on 58
velocity 59
time 135
note_on 59
velocity 51
time 29
note_off 58
time 3
note_off 59
time 28
note_off 72
time 84
note_on 52
velocity 80
time 28
note_on 74
velocity 76
time 6
note_on 70
velocity 70
time 6
note_off 75
time 1
note_off 52
time 29
note_on 53
velocity 84
time 157
note_off 53
time 22
note_off 70
time 52
note_off 74
time 18
note_on 72
velocity 79
time 10
note_on 69
velocity 74
time 3
note_on 41
velocity 92
time 14
note_off 69
time 3
note_off 72
time 1
note_off 41
time 9
note_on 53
velocity 82
time 154
note_on 58
velocity 91
time 203
note_off 53
time 62
note_on 70
velocity 84
time 134
note_off 70
time 41
note_on 75
velocity 82
time 166
note_on 74
velocity 78
time 84
note_off 75
time 35
note_on 72
velocity 83
time 50
note_off 74
time 1
note_on 70
velocity 85
time 87
note_off 72
time 27
note_on 77
velocity 93
time 76
note_off 70
time 14
note_off 58
time 41
note_on 57
velocity 75
time 143
note_off 57
time 35
note_on 60
velocity 82
time 152
note_off 77
time 11
note_off 60
time 22
note_on 53
velocity 70
time 154
note_off 53
time 41
note_on 62
velocity 68
time 164
note_on 58
velocity 60
time 6
note_on 82
velocity 61
time 102
note_off 82
time 71
note_on 84
velocity 61
time 18
note_off 84
time 79
note_on 86
velocity 70
time 13
note_on 84
velocity 74
time 88
note_off 86
time 37
note_on 82
velocity 77
time 48
note_off 84
time 49
note_on 81
velocity 77
time 42
note_off 82
time 26
note_off 81
time 48
note_on 79
velocity 71
time 10
note_off 79
time 98
note_on 77
velocity 72
time 1
note_off 62
time 74
note_off 58
time 23
note_on 57
velocity 55
time 87
note_on 60
velocity 57
time 11
note_off 57
time 24
note_off 60
time 11
note_on 60
velocity 57
time 157
note_on 63
velocity 72
time 5
note_off 60
time 36
note_off 63
time 0
note_off 77
time 75
note_on 53
velocity 76
time 66
note_off 53
time 33
note_on 65
velocity 77
time 184
note_on 62
velocity 71
time 3
note_on 80
velocity 74
time 88
note_on 79
velocity 85
time 91
note_off 80
time 45
note_on 77
velocity 86
time 54
note_off 79
time 1
note_off 62
time 65
note_off 77
time 29
note_on 75
velocity 86
time 3
note_on 67
velocity 83
time 1
note_on 63
velocity 50
time 13
note_off 65
time 0
note_off 67
time 28
note_off 63
time 3
note_on 74
velocity 77
time 41
note_off 75
time 6
note_off 74
time 74
note_on 68
velocity 81
time 18
note_on 72
velocity 76
time 3
note_on 65
velocity 67
time 1
note_off 68
time 26
note_off 65
time 10
note_on 71
velocity 78
time 48
note_off 72
time 0
note_off 71
time 84
note_on 67
velocity 82
time 16
note_on 63
velocity 63
time 19
note_on 72
velocity 80
time 0
note_off 67
time 175
note_on 62
velocity 60
time 1
note_on 65
velocity 69
time 1
note_off 72
time 7
note_on 74
velocity 81
time 0
note_off 63
time 20
note_off 62
time 16
note_off 65
time 0
note_off 74
time 10
note_on 60
velocity 63
time 135
note_on 63
velocity 65
time 0
note_on 77
velocity 78
time 3
note_off 60
time 32
note_off 63
time 6
note_on 75
velocity 70
time 59
note_off 77
time 23
note_on 74
velocity 74
time 63
note_on 63
velocity 58
time 3
note_on 67
velocity 62
time 9
note_off 75
time 1
note_off 63
time 18
note_off 67
time 19
note_off 74
time 0
note_on 72
velocity 65
time 49
note_off 72
time 49
note_on 53
velocity 57
time 48
note_on 62
velocity 53
time 5
note_on 70
velocity 64
time 6
note_off 70
time 40
note_on 72
velocity 66
time 10
note_off 72
time 63
note_on 70
velocity 67
time 9
note_off 70
time 54
note_on 69
velocity 76
time 10
note_on 70
velocity 69
time 57
note_off 69
time 15
note_on 63
velocity 69
time 132
note_off 62
time 7
note_off 70
time 158
note_on 72
velocity 62
time 36
note_off 72
time 50
note_on 69
velocity 63
time 27
note_off 53
time 39
note_off 63
time 2
note_off 69
time 49
note_on 58
velocity 43
time 6
note_on 62
velocity 49
time 2
note_on 70
velocity 65
time 0
note_off 70
time 26
note_on 77
velocity 76
time 161
note_off 77
time 32
note_off 62
time 24
note_off 58
time 2
note_on 82
velocity 77
time 140
note_on 58
velocity 67
time 186
note_on 62
velocity 45
time 19
note_off 58
time 20
note_off 62
time 14
note_on 63
velocity 48
time 169
note_on 67
velocity 62
time 5
note_off 82
time 16
note_on 79
velocity 63
time 16
note_off 79
time 2
note_off 63
time 10
note_on 81
velocity 65
time 0
note_off 81
time 36
note_on 77
velocity 82
time 75
note_on 79
velocity 83
time 61
note_off 77
time 22
note_on 84
velocity 98
time 59
note_off 79
time 26
note_off 67
time 57
note_on 63
velocity 77
time 2
note_on 60
velocity 63
time 6
note_off 63
time 16
note_off 60
time 6
note_on 69
velocity 88
time 191
note_on 65
velocity 74
time 7
note_off 84
time 18
note_on 81
velocity 72
time 29
note_off 81
time 15
note_off 65
time 1
note_on 82
velocity 69
time 2
note_off 82
time 40
note_on 81
velocity 69
time 11
note_off 81
time 48
note_off 69
time 6
note_on 79
velocity 82
time 2
note_on 81
velocity 84
time 88
note_off 79
time 16
note_on 89
velocity 102
time 71
note_off 81
time 23
note_on 62
velocity 72
time 2
note_on 65
velocity 67
time 5
note_off 62
time 15
note_off 65
time 3
note_on 74
velocity 87
time 177
note_on 70
velocity 72
time 10
note_off 89
time 15
note_on 87
velocity 80
time 10
note_off 70
time 66
note_on 86
velocity 85
time 5
note_off 74
time 14
note_off 87
time 7
note_off 86
time 57
note_on 84
velocity 89
time 6
note_on 82
velocity 86
time 98
note_off 84
time 9
note_on 81
velocity 77
time 95
note_off 82
time 32
note_on 72
velocity 74
time 18
note_on 69
velocity 68
time 10
note_on 79
velocity 77
time 13
note_off 81
time 5
note_off 72
time 2
note_off 69
time 11
note_off 79
time 15
note_on 77
velocity 78
time 20
note_off 77
time 19
note_on 70
velocity 71
time 9
note_on 67
velocity 69
time 2
note_on 75
velocity 72
time 16
note_off 75
time 2
note_on 77
velocity 75
time 6
note_on 69
velocity 70
time 15
note_off 67
time 2
note_on 65
velocity 61
time 0
note_off 70
time 5
note_on 74
velocity 75
time 7
note_off 69
time 7
note_off 77
time 6
note_off 65
time 7
note_on 75
velocity 73
time 41
note_off 74
time 10
note_off 75
time 1
note_on 63
velocity 68
time 11
note_on 72
velocity 73
time 1
note_on 67
velocity 66
time 1
note_off 63
time 11
note_off 67
time 0
note_on 74
velocity 73
time 52
note_off 72
time 23
note_on 62
velocity 71
time 46
note_off 74
time 7
note_on 70
velocity 70
time 5
note_on 65
velocity 62
time 2
note_off 62
time 19
note_off 65
time 7
note_off 70
time 49
note_on 74
velocity 64
time 0
note_on 63
velocity 68
time 101
note_on 67
velocity 70
time 1
note_on 72
velocity 79
time 9
note_off 74
time 5
note_off 72
time 28
note_off 67
time 2
note_off 63
time 2
note_on 75
velocity 90
time 0
note_off 75
time 13
note_on 53
velocity 74
time 91
note_on 60
velocity 64
time 3
note_off 60
time 93
note_off 53
time 11
note_on 63
velocity 71
time 10
note_on 69
velocity 72
time 0
note_off 63
time 3
note_off 69
time 7
note_on 70
velocity 84
time 138
note_on 62
velocity 68
time 6
note_on 58
velocity 55
time 197
note_off 62
time 20
note_off 58
time 36
note_off 70
time 39
note_on 46
velocity 47
time 1
note_off 46
time 0
note_on 69
velocity 50
time 7
note_off 69
time 1
note_on 70
velocity 48
time 35
note_on 72
velocity 62
time 52
note_off 70
time 5
note_off 72
time 122
note_on 63
velocity 54
time 6
note_on 51
velocity 50
time 82
note_off 51
time 119
note_on 53
velocity 53
time 6
note_off 63
time 18
note_off 53
time 53
note_on 55
velocity 51
time 2
note_off 55
time 111
note_on 45
velocity 49
time 3
note_on 67
velocity 56
time 105
note_off 45
time 40
note_on 65
velocity 59
time 53
note_off 67
time 36
note_off 65
time 46
note_on 63
velocity 59
time 10
note_off 63
time 75
note_on 62
velocity 51
time 31
note_on 51
velocity 44
time 97
note_off 62
time 15
note_off 51
time 35
note_on 50
velocity 52
time 24
note_off 50
time 74
note_on 48
velocity 49
time 18
note_off 48
time 66
note_on 46
velocity 38
time 63
note_on 74
velocity 64
time 80
note_off 46
time 35
note_on 75
velocity 74
time 72
note_off 74
time 15
note_on 77
velocity 84
time 66
note_off 75
time 35
note_on 68
velocity 79
time 79
note_off 77
time 65
note_on 56
velocity 60
time 45
note_on 58
velocity 70
time 89
note_off 56
time 31
note_off 68
time 33
note_on 60
velocity 62
time 26
note_off 58
time 31
note_on 50
velocity 61
time 74
note_off 60
time 29
note_on 72
velocity 71
time 87
note_off 50
time 70
note_on 70
velocity 75
time 15
note_off 72
time 55
note_on 68
velocity 80
time 40
note_off 70
time 48
note_on 67
velocity 76
time 74
note_off 68
time 9
note_on 56
velocity 63
time 84
note_off 67
time 39
note_off 56
time 44
note_on 55
velocity 70
time 6
note_off 55
time 93
note_on 53
velocity 58
time 15
note_off 53
time 83
note_on 51
velocity 52
time 23
note_on 79
velocity 77
time 115
note_off 51
time 18
note_on 75
velocity 84
time 65
note_off 79
time 48
note_on 72
velocity 83
time 40
note_off 75
time 65
note_on 71
velocity 86
time 39
note_off 72
time 39
note_on 68
velocity 64
time 85
note_off 71
time 19
note_on 65
velocity 58
time 3
note_off 68
time 0
note_off 65
time 76
note_on 63
velocity 57
time 1
note_off 63
time 79
note_on 62
velocity 52
time 18
note_on 80
velocity 45
time 100
note_off 62
time 20
note_off 80
time 46
note_on 71
velocity 58
time 1
note_off 71
time 48
note_on 74
velocity 22
time 71
note_off 74
time 45
note_on 63
velocity 47
time 24
note_on 72
velocity 57
time 11
note_off 63
time 26
note_off 72
time 22
note_on 75
velocity 24
time 53
note_off 75
time 46
note_on 74
velocity 52
time 19
note_on 59
velocity 49
time 11
note_off 74
time 45
note_off 59
time 2
note_on 77
velocity 55
time 9
note_off 77
time 40
note_on 75
velocity 56
time 23
note_on 60
velocity 54
time 23
note_off 60
time 6
note_off 75
time 18
note_on 79
velocity 46
time 37
note_off 79
time 67
note_on 74
velocity 63
time 14
note_on 62
velocity 50
time 18
note_off 62
time 31
note_off 74
time 20
note_on 77
velocity 56
time 26
note_off 77
time 89
note_on 63
velocity 61
time 11
note_on 72
velocity 61
time 3
note_off 63
time 39
note_off 72
time 35
note_on 75
velocity 66
time 10
note_off 75
time 82
note_on 62
velocity 74
time 20
note_on 71
velocity 73
time 3
note_off 62
time 31
note_on 74
velocity 74
time 50
note_off 71
time 9
note_off 74
time 83
note_on 63
velocity 86
time 3
note_on 72
velocity 70
time 16
note_off 63
time 31
note_on 74
velocity 70
time 35
note_off 72
time 7
note_on 72
velocity 76
time 32
note_on 64
velocity 86
time 6
note_off 74
time 18
note_off 64
time 18
note_on 70
velocity 85
time 53
note_off 72
time 7
note_off 70
time 67
note_on 69
velocity 87
time 29
note_on 65
velocity 84
time 1
note_off 69
time 49
note_on 72
velocity 82
time 14
note_off 65
time 10
note_on 70
velocity 86
time 72
note_off 72
time 65
note_on 68
velocity 77
time 7
note_on 69
velocity 80
time 29
note_off 68
time 3
note_on 67
velocity 78
time 0
note_off 70
time 3
note_off 69
time 16
note_off 67
time 59
note_on 65
velocity 75
time 14
note_on 53
velocity 80
time 20
note_on 41
velocity 79
time 3
note_off 65
time 28
note_off 53
time 1
note_off 41
time 10
note_on 63
velocity 85
time 22
note_off 63
time 92
note_on 62
velocity 83
time 13
note_on 58
velocity 96
time 14
note_on 46
velocity 84
time 1
note_off 62
time 15
note_on 70
velocity 93
time 65
note_off 70
time 36
note_on 75
velocity 89
time 162
note_on 74
velocity 77
time 0
note_off 75
time 32
note_on 72
velocity 77
time 40
note_off 74
time 10
note_on 70
velocity 83
time 75
note_off 72
time 28
note_on 77
velocity 95
time 6
note_off 46
time 3
note_off 70
time 5
note_off 58
time 9
note_on 45
velocity 75
time 50
note_on 57
velocity 74
time 2
note_off 45
time 29
note_off 57
time 9
note_on 60
velocity 87
time 48
note_on 48
velocity 81
time 5
note_off 60
time 24
note_off 48
time 7
note_off 77
time 3
note_on 53
velocity 88
time 72
note_on 41
velocity 72
time 3
note_off 53
time 26
note_off 41
time 5
note_on 58
velocity 77
time 3
note_on 62
velocity 79
time 2
note_on 82
velocity 74
time 42
note_off 82
time 80
note_on 84
velocity 76
time 7
note_on 86
velocity 82
time 92
note_off 84
time 9
note_on 84
velocity 82
time 69
note_off 86
time 31
note_on 82
velocity 87
time 6
note_off 84
time 85
note_on 81
velocity 84
time 5
note_off 82
time 45
note_on 79
velocity 86
time 45
note_off 81
time 6
note_on 77
velocity 90
time 10
note_off 79
time 6
note_off 58
time 14
note_off 62
time 14
note_on 60
velocity 74
time 58
note_on 57
velocity 57
time 10
note_off 57
time 27
note_off 60
time 1
note_on 63
velocity 85
time 162
note_on 60
velocity 68
time 5
note_off 63
time 28
note_off 60
time 9
note_on 53
velocity 75
time 139
note_off 77
time 2
note_off 53
time 35
note_on 62
velocity 48
time 203
note_on 65
velocity 48
time 1
note_on 80
velocity 51
time 85
note_off 80
time 71
note_on 79
velocity 52
time 24
note_off 79
time 54
note_on 77
velocity 59
time 27
note_off 62
time 27
note_off 77
time 0
note_on 63
velocity 47
time 23
note_on 67
velocity 49
time 11
note_on 75
velocity 57
time 3
note_off 65
time 6
note_off 67
time 22
note_off 63
time 1
note_off 75
time 31
note_on 74
velocity 61
time 20
note_off 74
time 49
note_on 68
velocity 66
time 41
note_on 72
velocity 63
time 6
note_on 65
velocity 50
time 5
note_off 68
time 29
note_off 65
time 2
note_off 72
time 16
note_on 71
velocity 67
time 29
note_off 71
time 92
note_on 67
velocity 61
time 6
note_on 63
velocity 53
time 11
note_on 72
velocity 75
time 1
note_off 67
time 179
note_off 72
time 23
note_on 74
velocity 77
time 0
note_on 65
velocity 59
time 5
note_on 62
velocity 54
time 1
note_off 63
time 13
note_off 65
time 28
note_off 62
time 2
note_off 74
time 1
note_on 60
velocity 63
time 126
note_on 63
velocity 59
time 9
note_on 77
velocity 72
time 3
note_off 60
time 31
note_off 63
time 9
note_on 75
velocity 71
time 24
note_off 77
time 13
note_on 63
velocity 60
time 44
note_on 67
velocity 56
time 14
note_on 74
velocity 70
time 0
note_off 75
time 0
note_off 63
time 28
note_off 67
time 6
note_off 74
time 15
note_on 72
velocity 64
time 50
note_off 72
time 49
note_on 62
velocity 47
time 37
note_on 53
velocity 53
time 7
note_on 70
velocity 66
time 7
note_off 70
time 41
note_on 72
velocity 67
time 26
note_off 72
time 52
note_on 70
velocity 75
time 6
note_off 70
time 67
note_on 69
velocity 77
time 9
note_on 70
velocity 74
time 57
note_off 69
time 22
note_off 62
time 115
note_on 63
velocity 70
time 20
note_off 70
time 151
note_on 72
velocity 66
time 20
note_off 72
time 54
note_on 69
velocity 67
time 42
note_off 63
time 41
note_off 53
time 6
note_off 69
time 20
note_on 58
velocity 44
time 16
note_on 62
velocity 47
time 7
note_on 70
velocity 59
time 1
note_off 70
time 26
note_on 77
velocity 81
time 13
note_off 62
time 13
note_off 58
time 5
note_on 79
velocity 81
time 22
note_off 77
time 7
note_on 81
velocity 82
time 0
note_off 79
time 18
note_on 82
velocity 91
time 28
note_off 81
time 45
note_on 58
velocity 54
time 46
note_on 62
velocity 42
time 23
note_off 58
time 33
note_off 62
time 19
note_on 60
velocity 59
time 13
note_on 63
velocity 53
time 15
note_off 63
time 71
note_on 65
velocity 59
time 9
note_off 60
time 2
note_on 62
velocity 70
time 11
note_off 65
time 36
note_off 62
time 37
note_on 63
velocity 57
time 22
note_on 67
velocity 78
time 33
note_on 79
velocity 79
time 0
note_off 82
time 3
note_off 63
time 6
note_on 81
velocity 79
time 20
note_off 79
time 27
note_on 82
velocity 86
time 52
note_off 81
time 40
note_on 84
velocity 93
time 63
note_off 67
time 18
note_off 82
time 0
note_on 63
velocity 67
time 6
note_on 60
velocity 56
time 2
note_off 60
time 31
note_off 63
time 0
note_on 62
velocity 53
time 7
note_on 65
velocity 61
time 3
note_on 63
velocity 68
time 80
note_off 62
time 11
note_off 65
time 2
note_on 67
velocity 56
time 24
note_off 67
time 28
note_off 63
time 7
note_on 69
velocity 90
time 50
note_on 65
velocity 80
time 13
note_off 84
time 28
note_on 84
velocity 83
time 15
note_off 65
time 18
note_off 69
time 16
note_on 86
velocity 94
time 7
note_off 84
time 36
note_on 87
velocity 88
time 53
note_off 86
time 44
note_on 89
velocity 98
time 55
note_off 87
time 79
note_on 65
velocity 64
time 5
note_on 69
velocity 69
time 3
note_off 65
time 46
note_off 69
time 10
note_on 67
velocity 64
time 6
note_on 70
velocity 68
time 5
note_off 70
time 83
note_on 72
velocity 75
time 0
note_off 67
time 16
note_on 69
velocity 78
time 2
note_off 72
time 45
note_off 69
time 7
note_on 70
velocity 76
time 61
note_on 74
velocity 91
time 3
note_on 87
velocity 81
time 16
note_off 89
time 18
note_off 70
time 49
note_off 74
time 0
note_on 86
velocity 84
time 31
note_off 87
time 28
note_off 86
time 54
note_on 84
velocity 85
time 11
note_on 82
velocity 89
time 93
note_off 84
time 18
note_on 81
velocity 78
time 79
note_off 82
time 44
note_on 72
velocity 76
time 36
note_on 69
velocity 75
time 0
note_on 79
velocity 82
time 1
note_off 81
time 9
note_off 72
time 7
note_off 69
time 3
note_off 79
time 20
note_on 77
velocity 81
time 13
note_off 77
time 83
note_on 67
velocity 67
time 22
note_on 70
velocity 77
time 1
note_on 75
velocity 77
time 0
note_on 77
velocity 83
time 106
note_off 75
time 24
note_off 67
time 50
note_on 69
velocity 65
time 6
note_on 65
velocity 56
time 5
note_off 70
time 3
note_on 74
velocity 78
time 5
note_off 65
time 23
note_off 69
time 0
note_off 77
time 2
note_on 75
velocity 77
time 57
note_off 74
time 22
note_off 75
time 65
note_on 67
velocity 72
time 7
note_on 63
velocity 70
time 2
note_on 72
velocity 75
time 5
note_off 67
time 36
note_off 63
time 3
note_on 74
velocity 77
time 71
note_off 72
time 27
note_on 62
velocity 65
time 42
note_on 65
velocity 67
time 10
note_off 74
time 13
note_on 70
velocity 71
time 6
note_off 62
time 6
note_off 65
time 10
note_on 74
velocity 66
time 55
note_off 70
time 5
note_on 67
velocity 77
time 79
note_on 63
velocity 72
time 1
note_on 72
velocity 78
time 18
note_off 74
time 2
note_off 72
time 31
note_off 67
time 139
note_off 63
time 9
note_on 75
velocity 95
time 13
note_off 75
time 53
note_on 53
velocity 71
time 156
note_on 60
velocity 71
time 5
note_off 60
time 174
note_on 69
velocity 83
time 13
note_off 53
time 1
note_on 63
velocity 76
time 1
note_off 63
time 44
note_off 69
time 32
note_on 70
velocity 90
time 166
note_on 62
velocity 73
time 10
note_on 58
velocity 79
time 216
note_off 58
time 76
note_on 46
velocity 70
time 229
note_off 62
time 326
note_off 46
time 22
note_off 70
time 27
