note_on 77
velocity 72
time 0
note_on 49
velocity 40
time 9
note_off 49
time 55
note_on 56
velocity 41
time 5
note_on 73
velocity 63
time 186
note_off 77
time 11
note_on 68
velocity 58
time 26
note_on 65
velocity 26
time 9
note_on 61
velocity 35
time 19
note_off 73
time 27
note_off 56
time 10
note_on 56
velocity 40
time 333
note_off 56
time 75
note_on 56
velocity 47
time 277
note_off 56
time 87
note_on 56
velocity 47
time 255
note_off 65
time 63
note_off 61
time 11
note_on 70
velocity 66
time 217
note_on 65
velocity 52
time 27
note_on 61
velocity 42
time 3
note_off 68
time 59
note_off 56
time 33
note_off 65
time 217
note_on 56
velocity 34
time 41
note_off 61
time 26
note_on 72
velocity 67
time 428
note_on 63
velocity 41
time 23
note_on 66
velocity 41
time 11
note_off 70
time 2
note_off 56
time 5
note_on 56
velocity 36
time 201
note_off 56
time 100
note_on 56
velocity 42
time 210
note_off 56
time 22
note_on 56
velocity 34
time 50
note_on 58
velocity 47
time 7
note_off 56
time 3
note_on 56
velocity 41
time 15
note_off 58
time 67
note_off 66
time 88
note_on 73
velocity 67
time 278
note_on 61
velocity 34
time 11
note_on 65
velocity 35
time 23
note_off 63
time 42
note_off 56
time 5
note_off 72
time 3
note_on 56
velocity 38
time 24
note_off 61
time 32
note_off 65
time 221
note_on 75
velocity 74
time 80
note_on 66
velocity 36
time 15
note_on 60
velocity 44
time 16
note_off 56
time 3
note_off 73
time 6
note_on 56
velocity 28
time 93
note_on 77
velocity 75
time 248
note_off 75
time 36
note_on 68
velocity 35
time 3
note_on 78
velocity 74
time 247
note_on 70
velocity 44
time 1
note_off 77
time 16
note_off 56
time 13
note_off 68
time 195
note_on 56
velocity 30
time 20
note_off 56
time 158
note_on 56
velocity 45
time 166
note_off 56
time 75
note_on 56
velocity 36
time 265
note_off 66
time 58
note_off 60
time 44
note_on 77
velocity 74
time 373
note_on 68
velocity 46
time 15
note_on 61
velocity 36
time 3
note_off 78
time 7
note_off 70
time 15
note_off 56
time 19
note_on 56
velocity 27
time 200
note_off 61
time 59
note_off 68
time 45
note_off 77
time 24
note_on 77
velocity 70
time 208
note_on 60
velocity 42
time 36
note_on 68
velocity 39
time 0
note_off 56
time 7
note_on 56
velocity 38
time 7
note_on 66
velocity 47
time 27
note_off 56
time 54
note_off 68
time 1
note_on 56
velocity 37
time 238
note_on 75
velocity 62
time 0
note_off 60
time 79
note_off 66
time 76
note_off 77
time 6
note_on 73
velocity 49
time 66
note_on 65
velocity 36
time 5
note_on 61
velocity 34
time 1
note_off 75
time 18
note_off 56
time 20
note_on 56
velocity 32
time 148
note_off 61
time 61
note_off 65
time 69
note_off 73
time 84
note_on 75
velocity 58
time 10
note_off 75
time 53
note_on 75
velocity 50
time 18
note_on 66
velocity 32
time 1
note_on 60
velocity 37
time 5
note_off 56
time 6
note_off 75
time 15
note_on 77
velocity 64
time 0
note_on 75
velocity 64
time 3
note_off 77
time 11
note_on 56
velocity 30
time 6
note_off 75
time 1
note_on 74
velocity 63
time 13
note_off 60
time 7
note_off 66
time 0
note_off 56
time 10
note_off 74
time 31
note_on 75
velocity 72
time 5
note_on 77
velocity 73
time 128
note_off 75
time 10
note_on 78
velocity 73
time 126
note_off 77
time 23
note_on 77
velocity 72
time 264
note_on 49
velocity 42
time 27
note_off 78
time 3
note_on 56
velocity 42
time 335
note_off 49
time 41
note_on 73
velocity 51
time 19
note_off 77
time 18
note_on 68
velocity 53
time 52
note_on 61
velocity 34
time 23
note_on 65
velocity 36
time 1
note_off 73
time 9
note_off 56
time 10
note_on 56
velocity 39
time 7
note_off 56
time 22
note_on 56
velocity 42
time 18
note_off 56
time 76
note_on 56
velocity 38
time 244
note_off 56
time 61
note_on 56
velocity 38
time 216
note_off 56
time 69
note_on 70
velocity 72
time 62
note_off 68
time 135
note_on 56
velocity 30
time 141
note_off 61
time 83
note_off 65
time 15
note_on 72
velocity 65
time 149
note_on 66
velocity 44
time 27
note_on 63
velocity 43
time 2
note_off 70
time 15
note_off 56
time 10
note_on 56
velocity 43
time 187
note_off 56
time 1
note_on 56
velocity 53
time 115
note_off 56
time 154
note_on 56
velocity 45
time 210
note_off 56
time 360
note_on 58
velocity 48
time 1
note_on 56
velocity 36
time 2
note_off 58
time 0
note_off 66
time 13
note_on 73
velocity 69
time 166
note_on 65
velocity 40
time 31
note_on 61
velocity 38
time 1
note_off 63
time 1
note_off 56
time 7
note_off 72
time 0
note_on 56
velocity 42
time 78
note_off 61
time 66
note_on 66
velocity 46
time 214
note_on 75
velocity 73
time 9
note_on 60
velocity 37
time 20
note_off 73
time 6
note_off 56
time 16
note_off 65
time 5
note_on 56
velocity 40
time 145
note_on 77
velocity 80
time 225
note_off 75
time 28
note_on 68
velocity 43
time 7
note_on 78
velocity 78
time 282
note_on 70
velocity 44
time 6
note_off 77
time 9
note_off 56
time 75
note_on 56
velocity 20
time 188
note_off 56
time 157
note_on 56
velocity 44
time 166
note_off 56
time 74
note_on 56
velocity 39
time 214
note_off 68
time 24
note_off 66
time 11
note_off 60
time 46
note_on 77
velocity 69
time 264
note_on 68
velocity 65
time 15
note_off 78
time 16
note_on 61
velocity 50
time 16
note_off 70
time 14
note_off 56
time 9
note_on 56
velocity 40
time 199
note_off 61
time 59
note_off 77
time 91
note_off 68
time 9
note_on 77
velocity 79
time 134
note_on 60
velocity 46
time 40
note_on 68
velocity 52
time 2
note_off 56
time 3
note_on 56
velocity 33
time 166
note_on 66
velocity 56
time 368
note_off 56
time 109
note_off 68
time 97
note_on 75
velocity 56
time 6
note_on 56
velocity 39
time 5
note_off 60
time 9
note_off 66
time 1
note_on 73
velocity 53
time 31
note_on 61
velocity 33
time 40
note_on 65
velocity 40
time 1
note_off 75
time 1
note_off 56
time 0
note_off 77
time 18
note_on 56
velocity 38
time 80
note_off 61
time 97
note_off 65
time 26
note_on 72
velocity 73
time 276
note_on 61
velocity 39
time 14
note_on 65
velocity 41
time 3
note_off 73
time 27
note_off 56
time 31
note_on 56
velocity 40
time 250
note_off 65
time 7
note_off 61
time 52
note_on 73
velocity 74
time 22
note_off 56
time 6
note_off 72
time 2
note_on 75
velocity 66
time 121
note_on 44
velocity 58
time 44
note_off 73
time 0
note_off 44
time 41
note_on 56
velocity 48
time 195
note_off 75
time 149
note_on 75
velocity 77
time 231
note_on 63
velocity 43
time 42
note_on 60
velocity 39
time 6
note_off 56
time 75
note_on 56
velocity 31
time 253
note_off 60
time 22
note_off 63
time 54
note_on 63
velocity 62
time 239
note_off 56
time 16
note_on 59
velocity 49
time 5
note_off 63
time 259
note_on 56
velocity 50
time 50
note_off 59
time 119
note_on 77
velocity 78
time 259
note_off 56
time 5
note_on 59
velocity 44
time 23
note_on 65
velocity 49
time 6
note_on 49
velocity 58
time 14
note_off 75
time 15
note_off 49
time 115
note_on 61
velocity 64
time 95
note_off 59
time 9
note_off 65
time 132
note_on 78
velocity 80
time 339
note_on 58
velocity 41
time 36
note_on 54
velocity 44
time 7
note_off 61
time 62
note_off 77
time 7
note_on 61
velocity 44
time 106
note_on 77
velocity 82
time 46
note_off 58
time 50
note_off 78
time 16
note_on 58
velocity 48
time 283
note_on 66
velocity 47
time 3
note_on 75
velocity 78
time 15
note_off 61
time 49
note_off 54
time 40
note_off 66
time 179
note_on 73
velocity 79
time 65
note_on 61
velocity 46
time 1
note_off 58
time 26
note_off 77
time 16
note_off 61
time 7
note_off 75
time 37
note_on 77
velocity 74
time 298
note_on 49
velocity 52
time 42
note_off 73
time 10
note_on 56
velocity 58
time 144
note_off 49
time 76
note_on 65
velocity 56
time 257
note_on 61
velocity 50
time 5
note_off 56
time 71
note_on 56
velocity 49
time 283
note_off 61
time 9
note_off 65
time 71
note_on 51
velocity 48
time 238
note_on 75
velocity 73
time 88
note_off 56
time 14
note_off 77
time 36
note_on 56
velocity 39
time 91
note_on 71
velocity 70
time 111
note_off 75
time 28
note_on 70
velocity 73
time 290
note_on 63
velocity 43
time 9
note_on 59
velocity 15
time 18
note_off 71
time 44
note_off 56
time 29
note_on 68
velocity 73
time 227
note_on 56
velocity 49
time 37
note_off 70
time 5
note_off 51
time 13
note_off 63
time 121
note_off 59
time 52
note_on 51
velocity 43
time 178
note_on 70
velocity 61
time 10
note_off 68
time 0
note_off 56
time 16
note_on 55
velocity 40
time 2
note_off 70
time 165
note_on 71
velocity 56
time 13
note_off 71
time 101
note_on 70
velocity 63
time 29
note_off 70
time 52
note_on 68
velocity 49
time 44
note_on 61
velocity 40
time 89
note_on 63
velocity 39
time 5
note_off 68
time 11
note_on 70
velocity 57
time 0
note_off 55
time 11
note_on 55
velocity 28
time 175
note_off 61
time 49
note_off 63
time 13
note_off 51
time 46
note_off 55
time 23
note_on 71
velocity 55
time 171
note_off 70
time 48
note_on 68
velocity 52
time 135
note_on 44
velocity 55
time 3
note_off 71
time 6
note_off 44
time 80
note_on 56
velocity 37
time 213
note_on 59
velocity 29
time 324
note_on 63
velocity 37
time 15
note_on 75
velocity 76
time 44
note_off 56
time 91
note_off 68
time 24
note_off 63
time 305
note_on 56
velocity 27
time 11
note_on 61
velocity 70
time 304
note_on 73
velocity 70
time 9
note_off 56
time 35
note_on 58
velocity 31
time 65
note_off 59
time 54
note_off 75
time 54
note_on 56
velocity 44
time 152
note_off 58
time 40
note_off 61
time 10
note_on 76
velocity 71
time 361
note_on 64
velocity 60
time 33
note_on 61
velocity 45
time 2
note_off 73
time 82
note_off 56
time 6
note_off 64
time 214
note_on 56
velocity 43
time 31
note_off 61
time 2
note_off 56
time 40
note_on 75
velocity 72
time 319
note_on 44
velocity 62
time 48
note_off 76
time 2
note_off 44
time 50
note_off 75
time 134
note_on 56
velocity 52
time 59
note_on 75
velocity 73
time 472
note_on 63
velocity 64
time 39
note_on 59
velocity 53
time 6
note_off 56
time 61
note_on 56
velocity 43
time 326
note_off 56
time 62
note_on 56
velocity 56
time 240
note_off 56
time 180
note_on 56
velocity 59
time 175
note_off 63
time 91
note_off 59
time 72
note_on 77
velocity 85
time 257
note_on 59
velocity 47
time 36
note_on 65
velocity 55
time 3
note_off 56
time 63
note_off 75
time 9
note_on 56
velocity 53
time 343
note_off 65
time 61
note_off 59
time 110
note_on 78
velocity 75
time 334
note_on 51
velocity 49
time 58
note_off 56
time 6
note_off 77
time 24
note_on 54
velocity 42
time 158
note_on 77
velocity 82
time 58
note_off 51
time 15
note_off 78
time 39
note_on 75
velocity 75
time 358
note_on 58
velocity 43
time 3
note_on 66
velocity 41
time 7
note_off 54
time 98
note_off 66
time 114
note_on 54
velocity 40
time 111
note_on 73
velocity 79
time 24
note_off 58
time 10
note_off 77
time 13
note_off 54
time 15
note_off 75
time 40
note_on 77
velocity 75
time 13
note_on 46
velocity 42
time 6
note_off 73
time 6
note_off 46
time 0
note_on 53
velocity 50
time 9
note_on 65
velocity 46
time 50
note_on 61
velocity 36
time 15
note_on 58
velocity 27
time 24
note_off 53
time 41
note_off 65
time 16
note_on 53
velocity 40
time 11
note_off 61
time 2
note_off 53
time 7
note_off 58
time 0
note_on 41
velocity 51
time 268
note_off 41
time 102
note_on 53
velocity 45
time 18
note_on 73
velocity 70
time 14
note_on 65
velocity 45
time 234
note_on 61
velocity 28
time 35
note_on 58
velocity 31
time 5
note_on 72
velocity 74
time 46
note_off 73
time 10
note_off 77
time 28
note_off 53
time 14
note_off 65
time 207
note_on 53
velocity 47
time 53
note_on 70
velocity 75
time 27
note_off 72
time 29
note_off 61
time 13
note_off 53
time 16
note_off 58
time 0
note_on 72
velocity 70
time 321
note_on 41
velocity 52
time 1
note_off 70
time 3
note_off 41
time 57
note_on 53
velocity 58
time 229
note_on 73
velocity 64
time 210
note_off 72
time 6
note_off 73
time 125
note_on 72
velocity 62
time 19
note_off 72
time 85
note_on 70
velocity 58
time 13
note_off 70
time 106
note_on 72
velocity 64
time 7
note_on 63
velocity 43
time 33
note_on 65
velocity 43
time 5
note_on 57
velocity 35
time 7
note_off 53
time 16
note_off 65
time 9
note_on 53
velocity 43
time 5
note_off 63
time 9
note_off 57
time 48
note_off 53
time 11
note_on 73
velocity 58
time 154
note_off 72
time 39
note_on 70
velocity 54
time 15
note_off 73
time 3
note_on 46
velocity 42
time 11
note_off 46
time 61
note_on 53
velocity 38
time 253
note_on 77
velocity 70
time 321
note_on 65
velocity 49
time 33
note_on 61
velocity 39
time 15
note_off 70
time 24
note_off 53
time 102
note_on 53
velocity 25
time 210
note_off 61
time 76
note_off 65
time 82
note_on 75
velocity 71
time 274
note_on 63
velocity 61
time 15
note_on 60
velocity 48
time 28
note_off 77
time 46
note_off 53
time 65
note_on 53
velocity 27
time 290
note_off 60
time 10
note_off 63
time 78
note_on 78
velocity 79
time 239
note_on 66
velocity 64
time 14
note_on 63
velocity 45
time 16
note_off 75
time 102
note_off 53
time 63
note_off 66
time 71
note_on 53
velocity 39
time 102
note_off 63
time 59
note_on 77
velocity 72
time 289
note_on 61
velocity 37
time 18
note_on 65
velocity 39
time 2
note_off 78
time 3
note_off 53
time 5
note_on 53
velocity 22
time 153
note_on 73
velocity 58
time 87
note_off 61
time 76
note_off 65
time 79
note_off 77
time 82
note_on 72
velocity 63
time 80
note_on 65
velocity 61
time 16
note_off 73
time 1
note_on 61
velocity 45
time 26
note_on 58
velocity 35
time 3
note_off 53
time 118
note_on 70
velocity 67
time 186
note_off 72
time 53
note_on 53
velocity 46
time 2
note_off 61
time 14
note_off 58
time 45
note_off 65
time 109
note_on 72
velocity 68
time 148
note_on 63
velocity 62
time 1
note_on 57
velocity 51
time 10
note_off 70
time 61
note_off 53
time 3
note_on 53
velocity 41
time 104
note_off 63
time 113
note_on 73
velocity 71
time 40
note_off 72
time 14
note_on 72
velocity 68
time 169
note_off 73
time 18
note_off 72
time 74
note_on 70
velocity 65
time 13
note_off 70
time 93
note_on 72
velocity 64
time 5
note_on 63
velocity 49
time 15
note_on 65
velocity 41
time 1
note_off 53
time 3
note_off 65
time 3
note_on 53
velocity 52
time 13
note_off 63
time 14
note_off 57
time 7
note_off 53
time 7
note_on 73
velocity 59
time 5
note_off 72
time 10
note_on 70
velocity 58
time 14
note_off 73
time 10
note_on 46
velocity 51
time 2
note_off 46
time 26
note_on 53
velocity 58
time 13
note_on 75
velocity 75
time 220
note_on 63
velocity 55
time 27
note_on 60
velocity 48
time 14
note_off 70
time 53
note_off 53
time 33
note_off 63
time 203
note_on 53
velocity 44
time 88
note_off 60
time 49
note_on 77
velocity 77
time 368
note_on 61
velocity 32
time 65
note_on 65
velocity 41
time 3
note_off 75
time 57
note_off 53
time 3
note_on 53
velocity 51
time 100
note_off 61
time 93
note_off 65
time 88
note_on 75
velocity 73
time 169
note_on 63
velocity 59
time 15
note_on 60
velocity 46
time 24
note_off 53
time 59
note_off 77
time 57
note_on 53
velocity 33
time 234
note_off 63
time 63
note_off 60
time 79
note_on 77
velocity 74
time 286
note_on 65
velocity 61
time 49
note_on 61
velocity 38
time 19
note_off 75
time 7
note_off 53
time 11
note_on 53
velocity 33
time 152
note_off 53
time 1
note_on 53
velocity 38
time 7
note_off 53
time 14
note_on 53
velocity 42
time 166
note_off 53
time 71
note_off 65
time 53
note_off 61
time 7
note_on 61
velocity 31
time 234
note_on 65
velocity 44
time 14
note_on 54
velocity 41
time 140
note_off 65
time 40
note_off 61
time 63
note_on 75
velocity 63
time 364
note_on 63
velocity 40
time 20
note_on 60
velocity 43
time 9
note_off 77
time 6
note_on 56
velocity 40
time 54
note_off 54
time 1
note_off 63
time 69
note_off 56
time 14
note_off 60
time 40
note_on 77
velocity 81
time 15
note_off 75
time 16
note_on 56
velocity 38
time 98
note_on 73
velocity 67
time 13
note_off 77
time 15
note_on 65
velocity 43
time 5
note_on 61
velocity 37
time 0
note_off 56
time 5
note_on 68
velocity 67
time 18
note_off 73
time 36
note_on 56
velocity 34
time 166
note_off 56
time 89
note_on 56
velocity 31
time 307
note_off 56
time 82
note_on 56
velocity 36
time 234
note_off 56
time 128
note_on 56
velocity 29
time 242
note_on 70
velocity 69
time 14
note_off 56
time 83
note_off 68
time 106
note_on 56
velocity 30
time 195
note_off 65
time 46
note_off 61
time 1
note_on 72
velocity 66
time 385
note_on 66
velocity 40
time 37
note_on 63
velocity 38
time 2
note_off 70
time 62
note_off 56
time 2
note_on 56
velocity 35
time 143
note_off 56
time 78
note_on 56
velocity 48
time 26
note_off 56
time 111
note_on 56
velocity 34
time 28
note_on 58
velocity 48
time 79
note_off 56
time 39
note_on 56
velocity 42
time 191
note_off 58
time 13
note_off 66
time 1
note_on 73
velocity 70
time 108
note_on 61
velocity 39
time 35
note_on 65
velocity 38
time 2
note_off 63
time 16
note_off 56
time 15
note_off 72
time 7
note_on 56
velocity 43
time 67
note_off 61
time 65
note_on 75
velocity 70
time 338
note_on 66
velocity 44
time 18
note_on 60
velocity 47
time 5
note_off 73
time 3
note_off 56
time 5
note_off 65
time 9
note_on 56
velocity 44
time 192
note_on 77
velocity 75
time 263
note_on 68
velocity 60
time 5
note_off 75
time 26
note_on 78
velocity 76
time 277
note_on 70
velocity 62
time 9
note_off 77
time 14
note_off 56
time 23
note_off 68
time 93
note_on 56
velocity 42
time 16
note_off 56
time 5
note_on 56
velocity 44
time 2
note_off 56
time 6
note_on 56
velocity 39
time 152
note_off 66
time 41
note_off 60
time 19
note_on 77
velocity 70
time 352
note_on 68
velocity 41
time 50
note_on 61
velocity 42
time 19
note_off 70
time 39
note_off 78
time 5
note_off 56
time 1
note_on 56
velocity 46
time 123
note_off 61
time 16
note_off 77
time 50
note_off 68
time 0
note_on 77
velocity 64
time 153
note_on 68
velocity 66
time 22
note_on 60
velocity 46
time 27
note_off 56
time 15
note_on 56
velocity 41
time 2
note_on 66
velocity 54
time 171
note_off 56
time 89
note_off 68
time 145
note_on 56
velocity 36
time 14
note_on 75
velocity 61
time 16
note_off 60
time 9
note_off 66
time 10
note_on 73
velocity 53
time 80
note_on 61
velocity 37
time 18
note_on 65
velocity 39
time 9
note_off 75
time 35
note_off 77
time 0
note_off 56
time 15
note_on 56
velocity 36
time 72
note_off 61
time 79
note_off 65
time 31
note_off 73
time 148
note_on 74
velocity 51
time 9
note_on 66
velocity 41
time 5
note_on 60
velocity 40
time 6
note_off 74
time 18
note_on 75
velocity 59
time 6
note_off 56
time 7
note_off 75
time 15
note_on 76
velocity 63
time 20
note_off 76
time 3
note_on 77
velocity 63
time 19
note_on 56
velocity 37
time 1
note_off 77
time 16
note_on 80
velocity 66
time 10
note_off 66
time 7
note_off 60
time 10
note_off 56
time 45
note_off 80
time 50
note_on 79
velocity 71
time 13
note_on 78
velocity 73
time 144
note_off 79
time 3
note_on 77
velocity 74
time 174
note_off 78
time 20
note_on 49
velocity 38
time 15
note_on 56
velocity 45
time 29
note_off 49
time 16
note_on 73
velocity 64
time 45
note_on 68
velocity 60
time 79
note_on 65
velocity 46
time 20
note_on 61
velocity 40
time 11
note_off 73
time 78
note_off 56
time 23
note_off 77
time 18
note_on 56
velocity 34
time 41
note_off 56
time 97
note_on 56
velocity 41
time 266
note_off 56
time 89
note_on 56
velocity 32
time 269
note_off 56
time 92
note_on 56
velocity 30
time 100
note_on 70
velocity 63
time 14
note_off 56
time 127
note_off 68
time 100
note_on 56
velocity 34
time 127
note_off 65
time 102
note_off 61
time 16
note_on 72
velocity 57
time 22
note_on 63
velocity 37
time 14
note_on 66
velocity 36
time 7
note_off 70
time 2
note_off 56
time 11
note_on 56
velocity 37
time 184
note_off 56
time 91
note_on 56
velocity 41
time 220
note_off 56
time 2
note_on 56
velocity 39
time 2
note_on 58
velocity 47
time 82
note_off 56
time 6
note_on 56
velocity 46
time 2
note_off 58
time 33
note_off 66
time 2
note_on 73
velocity 70
time 217
note_on 65
velocity 49
time 18
note_on 61
velocity 45
time 6
note_off 63
time 11
note_off 56
time 49
note_off 72
time 7
note_on 56
velocity 49
time 0
note_off 61
time 0
note_on 75
velocity 75
time 178
note_on 66
velocity 59
time 5
note_on 60
velocity 51
time 19
note_off 65
time 55
note_off 56
time 9
note_off 73
time 15
note_on 56
velocity 48
time 119
note_on 77
velocity 81
time 223
note_on 68
velocity 52
time 23
note_off 75
time 20
note_on 78
velocity 73
time 5
note_on 70
velocity 54
time 10
note_off 77
time 9
note_off 56
time 9
note_on 56
velocity 36
time 222
note_off 68
time 28
note_off 56
time 48
note_on 56
velocity 35
time 2
note_off 56
time 5
note_on 56
velocity 34
time 125
note_off 66
time 88
note_off 60
time 130
note_on 72
velocity 63
time 235
note_on 63
velocity 57
time 11
note_off 70
time 105
note_off 78
time 10
note_off 56
time 14
note_on 56
velocity 40
time 127
note_off 63
time 191
note_off 56
time 42
note_on 75
velocity 63
time 346
note_on 66
velocity 49
time 22
note_off 72
time 58
note_on 56
velocity 34
time 7
note_off 75
time 2
note_off 66
time 11
note_off 56
time 0
note_on 56
velocity 35
time 78
note_off 56
time 72
note_on 56
velocity 42
time 28
note_off 56
time 37
note_on 56
velocity 32
time 337
note_off 56
time 69
note_on 56
velocity 26
time 338
note_off 56
time 171
note_on 56
velocity 24
time 317
note_off 56
time 220
note_on 56
velocity 21
time 385
note_on 37
velocity 39
time 11
note_on 44
velocity 29
time 24
note_off 56
time 44
note_on 56
velocity 24
time 242
note_off 44
time 89
note_off 56
time 95
note_on 39
velocity 45
time 173
note_on 44
velocity 39
time 24
note_on 56
velocity 24
time 0
note_off 56
time 201
note_off 37
time 1
note_off 44
time 104
note_on 56
velocity 31
time 148
note_off 56
time 182
note_on 56
velocity 36
time 205
note_on 40
velocity 48
time 1
note_on 49
velocity 51
time 11
note_off 39
time 1
note_off 56
time 35
note_on 56
velocity 31
time 182
note_off 56
time 165
note_off 49
time 84
note_on 48
velocity 51
time 158
note_on 56
velocity 26
time 0
note_on 39
velocity 37
time 28
note_off 40
time 16
note_off 56
time 7
note_on 56
velocity 37
time 160
note_off 48
time 24
note_off 39
time 84
note_off 56
time 29
note_on 39
velocity 43
time 177
note_on 56
velocity 36
time 20
note_on 44
velocity 47
time 1
note_off 56
time 108
note_on 56
velocity 41
time 200
note_off 44
time 186
note_off 56
time 10
note_on 56
velocity 40
time 192
note_on 44
velocity 45
time 2
note_on 40
velocity 53
time 2
note_off 39
time 14
note_off 56
time 27
note_off 44
time 24
note_on 56
velocity 41
time 128
note_off 56
time 204
note_on 51
velocity 63
time 115
note_on 42
velocity 58
time 20
note_on 56
velocity 39
time 7
note_off 40
time 1
note_off 56
time 16
note_off 51
time 149
note_on 56
velocity 44
time 0
note_off 56
time 115
note_on 49
velocity 45
time 196
note_on 40
velocity 52
time 5
note_on 56
velocity 43
time 1
note_off 42
time 3
note_off 56
time 37
note_on 56
velocity 30
time 169
note_off 49
time 98
note_off 56
time 28
note_off 40
time 7
note_on 49
velocity 53
time 28
note_on 40
velocity 43
time 27
note_on 56
velocity 13
time 15
note_off 56
time 36
note_on 56
velocity 36
time 36
note_off 56
time 7
note_on 51
velocity 67
time 14
note_on 44
velocity 47
time 28
note_on 56
velocity 25
time 14
note_off 49
time 54
note_off 56
time 59
note_off 40
time 2
note_on 56
velocity 32
time 3
note_off 51
time 13
note_off 56
time 23
note_on 52
velocity 60
time 160
note_on 49
velocity 49
time 22
note_on 56
velocity 34
time 1
note_off 44
time 10
note_off 56
time 6
note_off 52
time 10
note_on 56
velocity 38
time 24
note_off 56
time 5
note_on 51
velocity 70
time 11
note_on 56
velocity 29
time 3
note_on 44
velocity 37
time 22
note_off 49
time 18
note_off 56
time 11
note_off 51
time 18
note_on 56
velocity 9
time 1
note_off 44
time 22
note_off 56
time 109
note_on 56
velocity 34
time 218
note_on 44
velocity 49
time 1
note_on 51
velocity 40
time 11
note_off 56
time 36
note_on 56
velocity 36
time 174
note_off 56
time 89
note_on 56
velocity 39
time 208
note_off 56
time 118
note_on 56
velocity 28
time 240
note_off 56
time 105
note_on 56
velocity 42
time 197
note_off 56
time 100
note_on 56
velocity 29
time 226
note_off 56
time 130
note_on 56
velocity 29
time 247
note_off 56
time 162
note_on 56
velocity 39
time 184
note_off 56
time 85
note_on 56
velocity 38
time 221
note_off 56
time 102
note_on 56
velocity 39
time 239
note_off 51
time 61
note_off 56
time 98
note_on 52
velocity 49
time 173
note_on 56
velocity 36
time 2
note_on 49
velocity 30
time 15
note_off 44
time 93
note_off 56
time 16
note_off 52
time 20
note_on 56
velocity 35
time 95
note_off 56
time 111
note_on 51
velocity 58
time 2
note_on 56
velocity 40
time 3
note_on 44
velocity 42
time 1
note_off 49
time 16
note_off 56
time 10
note_on 56
velocity 49
time 5
note_off 56
time 37
note_off 51
time 40
note_on 49
velocity 57
time 79
note_on 56
velocity 39
time 22
note_on 40
velocity 48
time 16
note_off 44
time 13
note_off 56
time 15
note_on 56
velocity 48
time 53
note_off 56
time 57
note_on 51
velocity 63
time 80
note_on 56
velocity 42
time 2
note_on 44
velocity 49
time 13
note_off 49
time 14
note_off 40
time 36
note_off 56
time 0
note_on 56
velocity 50
time 24
note_off 51
time 16
note_off 56
time 1
note_on 49
velocity 50
time 214
note_on 56
velocity 40
time 7
note_on 40
velocity 51
time 20
note_off 44
time 15
note_off 56
time 28
note_on 56
velocity 49
time 131
note_off 56
time 141
note_off 49
time 1
note_on 39
velocity 54
time 191
note_on 48
velocity 57
time 7
note_on 56
velocity 47
time 16
note_off 40
time 7
note_off 56
time 1
note_off 48
time 53
note_on 56
velocity 46
time 2
note_off 56
time 44
note_on 40
velocity 54
time 216
note_on 49
velocity 54
time 0
note_on 56
velocity 38
time 13
note_off 39
time 70
note_off 56
time 29
note_on 56
velocity 51
time 96
note_off 56
time 153
note_off 49
time 46
note_on 56
velocity 45
time 158
note_on 48
velocity 59
time 9
note_on 39
velocity 51
time 7
note_off 40
time 15
note_off 56
time 20
note_off 48
time 22
note_on 56
velocity 47
time 33
note_off 56
time 152
note_on 40
velocity 58
time 190
note_on 49
velocity 60
time 3
note_on 56
velocity 42
time 20
note_off 39
time 9
note_off 56
time 10
note_on 56
velocity 52
time 76
note_off 49
time 78
note_off 56
time 141
note_on 51
velocity 70
time 114
note_on 39
velocity 52
time 16
note_on 56
velocity 42
time 16
note_off 56
time 18
note_off 40
time 19
note_on 56
velocity 50
time 123
note_off 51
time 24
note_off 39
time 39
note_off 56
time 42
note_on 52
velocity 65
time 191
note_on 56
velocity 44
time 7
note_on 37
velocity 58
time 7
note_off 56
time 5
note_off 52
time 57
note_on 56
velocity 47
time 59
note_off 56
time 173
note_on 56
velocity 42
time 194
note_on 44
velocity 66
time 20
note_on 51
velocity 62
time 13
note_off 37
time 15
note_off 56
time 14
note_on 56
velocity 46
time 136
note_on 68
velocity 54
time 0
note_off 56
time 135
note_off 68
time 0
note_on 68
velocity 50
time 136
note_on 56
velocity 48
time 23
note_off 56
time 105
note_off 68
time 28
note_on 56
velocity 50
time 165
note_on 68
velocity 55
time 11
note_off 56
time 123
note_off 68
time 44
note_on 56
velocity 55
time 135
note_on 68
velocity 55
time 6
note_off 56
time 132
note_off 68
time 5
note_on 56
velocity 54
time 174
note_on 68
velocity 59
time 5
note_off 51
time 40
note_off 68
time 106
note_off 56
time 3
note_on 56
velocity 54
time 170
note_on 68
velocity 60
time 2
note_off 68
time 139
note_off 56
time 5
note_on 56
velocity 52
time 177
note_on 68
velocity 54
time 3
note_off 68
time 156
note_off 56
time 16
note_off 44
time 39
note_on 37
velocity 62
time 119
note_on 68
velocity 52
time 7
note_on 56
velocity 40
time 29
note_on 44
velocity 29
time 3
note_off 68
time 113
note_off 56
time 75
note_on 56
velocity 50
time 174
note_on 68
velocity 55
time 3
note_off 68
time 136
note_off 56
time 2
note_off 44
time 14
note_on 39
velocity 68
time 132
note_on 44
velocity 58
time 7
note_on 68
velocity 57
time 13
note_on 56
velocity 32
time 29
note_off 37
time 54
note_off 56
time 40
note_off 68
time 3
note_off 44
time 65
note_on 68
velocity 54
time 117
note_on 56
velocity 52
time 11
note_off 68
time 135
note_off 56
time 40
note_on 40
velocity 54
time 132
note_on 61
velocity 59
time 10
note_on 49
velocity 62
time 5
note_on 68
velocity 54
time 6
note_on 56
velocity 36
time 11
note_off 39
time 11
note_off 68
time 16
note_off 56
time 13
note_on 68
velocity 55
time 69
note_on 56
velocity 33
time 23
note_off 61
time 89
note_off 49
time 61
note_off 68
time 3
note_off 56
time 72
note_on 60
velocity 51
time 95
note_on 68
velocity 55
time 2
note_on 56
velocity 43
time 6
note_on 39
velocity 56
time 2
note_on 48
velocity 57
time 0
note_off 40
time 2
note_off 68
time 1
note_off 56
time 29
note_off 48
time 118
note_on 68
velocity 59
time 3
note_on 56
velocity 46
time 14
note_off 39
time 28
note_off 68
time 80
note_off 56
time 2
note_on 39
velocity 70
time 152
note_on 44
velocity 71
time 3
note_on 68
velocity 60
time 3
note_on 56
velocity 43
time 19
note_off 68
time 110
note_off 56
time 20
note_on 68
velocity 60
time 183
note_on 56
velocity 53
time 14
note_off 44
time 91
note_off 68
time 53
note_off 56
time 19
note_on 44
velocity 66
time 109
note_on 40
velocity 81
time 2
note_on 68
velocity 71
time 26
note_on 56
velocity 53
time 9
note_off 39
time 16
note_off 68
time 3
note_off 56
time 46
note_off 44
time 16
note_on 68
velocity 59
time 115
note_on 56
velocity 53
time 18
note_off 56
time 114
note_off 68
time 24
note_on 63
velocity 75
time 207
note_on 42
velocity 76
time 5
note_on 56
velocity 60
time 2
note_on 51
velocity 72
time 2
note_on 68
velocity 55
time 39
note_off 60
time 41
note_off 40
time 50
note_off 68
time 28
note_off 56
time 3
note_off 51
time 119
note_on 68
velocity 39
time 18
note_on 56
velocity 34
time 7
note_off 68
time 57
note_off 56
time 31
note_on 61
velocity 63
time 167
note_on 68
velocity 54
time 0
note_on 40
velocity 67
time 6
note_on 49
velocity 57
time 1
note_off 63
time 5
note_on 56
velocity 41
time 2
note_off 42
time 13
note_off 68
time 10
note_off 56
time 7
note_on 68
velocity 64
time 122
note_on 56
velocity 56
time 11
note_off 49
time 72
note_off 40
time 35
note_off 56
time 10
note_off 68
time 2
note_on 49
velocity 75
time 145
note_on 68
velocity 61
time 22
note_on 56
velocity 51
time 2
note_on 40
velocity 67
time 1
note_off 68
time 101
note_off 56
time 35
note_on 56
velocity 69
time 164
note_on 68
velocity 65
time 0
note_off 61
time 15
note_off 68
time 145
note_off 56
time 6
note_on 63
velocity 73
time 127
note_on 51
velocity 84
time 7
note_on 44
velocity 71
time 11
note_on 56
velocity 64
time 3
note_on 68
velocity 65
time 3
note_off 49
time 50
note_off 40
time 0
note_off 68
time 15
note_off 56
time 3
note_on 68
velocity 70
time 108
note_on 56
velocity 60
time 13
note_off 51
time 106
note_off 68
time 31
note_off 56
time 67
note_on 64
velocity 77
time 115
note_on 52
velocity 73
time 24
note_on 49
velocity 72
time 2
note_on 56
velocity 71
time 0
note_off 63
time 11
note_off 44
time 2
note_off 56
time 5
note_off 52
time 69
note_on 68
velocity 59
time 14
note_on 56
velocity 63
time 15
note_off 68
time 102
note_off 56
time 22
note_on 51
velocity 77
time 2
note_on 44
velocity 64
time 6
note_on 63
velocity 71
time 5
note_off 49
time 7
note_on 56
velocity 55
time 1
note_off 64
time 10
note_on 68
velocity 32
time 1
note_off 51
time 13
note_off 44
time 26
note_off 56
time 63
note_off 68
time 13
note_on 32
velocity 81
time 15
note_on 68
velocity 59
time 5
note_on 56
velocity 33
time 6
note_off 32
time 10
note_off 63
time 160
note_off 56
time 67
note_off 68
time 3
note_on 56
velocity 68
time 147
note_on 63
velocity 79
time 0
note_on 68
velocity 77
time 9
note_on 51
velocity 73
time 3
note_on 44
velocity 65
time 3
note_off 68
time 246
note_off 56
time 32
note_on 68
velocity 75
time 151
note_on 56
velocity 68
time 13
note_off 56
time 162
note_off 68
time 3
note_on 68
velocity 83
time 157
note_on 56
velocity 76
time 6
note_off 56
time 192
note_off 68
time 18
note_on 68
velocity 86
time 144
note_on 56
velocity 76
time 1
note_off 56
time 161
note_off 68
time 3
note_on 56
velocity 80
time 132
note_on 68
velocity 66
time 19
note_off 68
time 96
note_off 56
time 75
note_on 68
velocity 74
time 128
note_on 56
velocity 77
time 6
note_off 68
time 164
note_off 56
time 13
note_off 51
time 19
note_off 44
time 46
note_on 56
velocity 79
time 66
note_on 68
velocity 80
time 6
note_off 68
time 148
note_off 56
time 9
note_on 56
velocity 78
time 156
note_on 68
velocity 75
time 1
note_off 63
time 69
note_off 56
time 9
note_off 68
time 32
note_on 64
velocity 84
time 321
note_on 59
velocity 89
time 2
note_on 68
velocity 87
time 0
note_on 71
velocity 87
time 0
note_on 28
velocity 92
time 2
note_on 40
velocity 92
time 0
note_off 71
time 175
note_off 59
time 3
note_off 28
time 101
note_on 71
velocity 85
time 79
note_on 59
velocity 87
time 1
note_off 68
time 36
note_off 59
time 141
note_off 71
time 20
note_off 64
time 138
note_on 71
velocity 85
time 18
note_on 59
velocity 84
time 3
note_off 71
time 160
note_off 59
time 6
note_on 71
velocity 83
time 166
note_on 59
velocity 85
time 2
note_off 71
time 188
note_off 59
time 11
note_off 40
time 42
note_on 68
velocity 85
time 96
note_on 59
velocity 82
time 5
note_on 63
velocity 80
time 0
note_on 71
velocity 78
time 1
note_on 35
velocity 82
time 14
note_on 47
velocity 82
time 3
note_off 71
time 32
note_off 59
time 11
note_on 71
velocity 85
time 131
note_on 59
velocity 77
time 11
note_off 68
time 71
note_off 59
time 97
note_off 47
time 3
note_off 71
time 14
note_on 71
velocity 86
time 132
note_on 59
velocity 75
time 9
note_off 71
time 125
note_off 59
time 7
note_on 71
velocity 81
time 153
note_on 59
velocity 73
time 13
note_off 63
time 19
note_off 71
time 117
note_off 59
time 11
note_on 68
velocity 85
time 187
note_on 64
velocity 74
time 7
note_on 59
velocity 80
time 1
note_on 71
velocity 82
time 0
note_on 28
velocity 82
time 14
note_on 40
velocity 74
time 11
note_off 35
time 27
note_off 71
time 44
note_off 59
time 13
note_off 28
time 55
note_on 71
velocity 83
time 53
note_on 59
velocity 65
time 16
note_off 68
time 53
note_off 71
time 65
note_off 59
time 3
note_on 71
velocity 79
time 171
note_on 59
velocity 62
time 15
note_off 59
time 106
note_off 71
time 2
note_on 71
velocity 82
time 183
note_on 59
velocity 58
time 37
note_off 64
time 57
note_off 71
time 109
note_off 59
time 9
note_on 68
velocity 80
time 151
note_on 71
velocity 79
time 6
note_on 59
velocity 65
time 9
note_on 63
velocity 63
time 3
note_on 35
velocity 71
time 13
note_on 47
velocity 64
time 14
note_off 40
time 16
note_off 71
time 3
note_off 59
time 18
note_on 71
velocity 80
time 134
note_on 59
velocity 63
time 16
note_off 59
time 115
note_off 71
time 33
note_off 47
time 9
note_on 71
velocity 79
time 167
note_on 59
velocity 66
time 13
note_off 68
time 65
note_off 71
time 121
note_off 59
time 24
note_on 34
velocity 82
time 135
note_off 35
time 5
note_on 71
velocity 76
time 7
note_on 59
velocity 58
time 18
note_on 46
velocity 42
time 15
note_off 46
time 50
note_off 71
time 186
note_off 63
time 50
note_off 59
time 1
note_on 68
velocity 89
time 190
note_on 63
velocity 69
time 19
note_on 59
velocity 71
time 9
note_on 71
velocity 82
time 1
note_on 32
velocity 86
time 15
note_on 44
velocity 60
time 26
note_off 34
time 20
note_off 71
time 18
note_off 59
time 16
note_on 71
velocity 78
time 138
note_on 59
velocity 73
time 10
note_off 32
time 153
note_off 71
time 32
note_off 59
time 2
note_on 59
velocity 68
time 167
note_on 71
velocity 75
time 5
note_off 71
time 164
note_off 59
time 2
note_on 71
velocity 75
time 149
note_on 59
velocity 66
time 5
note_off 68
time 92
note_off 71
time 82
note_off 59
time 13
note_off 63
time 37
note_on 67
velocity 80
time 117
note_on 63
velocity 82
time 1
note_on 71
velocity 84
time 2
note_on 59
velocity 73
time 3
note_off 44
time 9
note_on 39
velocity 82
time 5
note_on 51
velocity 77
time 5
note_off 71
time 6
note_off 59
time 26
note_on 71
velocity 70
time 145
note_on 59
velocity 60
time 37
note_off 71
time 145
note_off 39
time 20
note_off 59
time 3
note_off 51
time 27
note_on 71
velocity 70
time 119
note_on 59
velocity 67
time 6
note_off 59
time 118
note_off 71
time 20
note_on 71
velocity 65
time 179
note_on 59
velocity 51
time 32
note_off 67
time 44
note_off 59
time 121
note_off 71
time 15
note_off 63
time 5
note_on 63
velocity 58
time 203
note_on 68
velocity 69
time 1
note_on 59
velocity 57
time 5
note_on 71
velocity 71
time 2
note_on 32
velocity 51
time 9
note_on 44
velocity 46
time 1
note_off 71
time 20
note_off 68
time 40
note_off 59
time 18
note_off 63
time 84
note_on 56
velocity 71
time 244
note_off 56
time 175
note_on 56
velocity 69
time 192
note_off 44
time 19
note_off 32
time 32
note_off 56
time 3
note_on 56
velocity 57
time 3
note_off 56
time 19
note_on 56
velocity 47
time 18
note_off 56
time 75
note_on 56
velocity 37
time 18
note_off 56
time 79
note_on 56
velocity 41
time 27
note_off 56
time 16
note_on 56
velocity 39
time 32
note_off 56
time 281
note_on 56
velocity 31
time 117
note_on 37
velocity 38
time 18
note_on 44
velocity 28
time 3
note_off 56
time 84
note_on 56
velocity 30
time 194
note_off 44
time 96
note_off 56
time 95
note_on 39
velocity 51
time 123
note_on 44
velocity 30
time 6
note_on 56
velocity 22
time 37
note_off 37
time 78
note_off 56
time 96
note_off 44
time 42
note_on 56
velocity 32
time 128
note_off 56
time 139
note_on 49
velocity 53
time 162
note_on 56
velocity 45
time 0
note_on 40
velocity 48
time 1
note_off 39
time 9
note_off 56
time 65
note_on 56
velocity 43
time 147
note_off 49
time 10
note_off 56
time 6
note_on 48
velocity 54
time 0
note_on 56
velocity 41
time 2
note_off 40
time 13
note_on 39
velocity 35
time 0
note_off 56
time 7
note_off 48
time 2
note_on 56
velocity 42
time 20
note_off 39
time 9
note_off 56
time 135
note_on 39
velocity 46
time 145
note_on 44
velocity 48
time 5
note_on 56
velocity 43
time 11
note_off 56
time 7
note_on 56
velocity 47
time 105
note_off 44
time 91
note_off 56
time 3
note_on 44
velocity 46
time 75
note_on 40
velocity 53
time 9
note_on 56
velocity 46
time 5
note_off 39
time 2
note_off 56
time 5
note_off 44
time 3
note_on 56
velocity 58
time 3
note_off 56
time 1
note_on 56
velocity 53
time 2
note_on 51
velocity 56
time 9
note_on 42
velocity 46
time 13
note_off 40
time 3
note_off 56
time 13
note_on 56
velocity 38
time 11
note_off 51
time 9
note_off 56
time 10
note_on 49
velocity 47
time 83
note_on 56
velocity 44
time 5
note_on 40
velocity 37
time 2
note_off 42
time 2
note_off 56
time 7
note_off 40
time 9
note_on 56
velocity 52
time 9
note_off 49
time 11
note_off 56
time 15
note_on 49
velocity 54
time 15
note_on 56
velocity 44
time 9
note_on 40
velocity 24
time 18
note_off 56
time 9
note_on 56
velocity 59
time 1
note_off 56
time 165
note_on 56
velocity 56
time 179
note_on 51
velocity 54
time 5
note_off 49
time 24
note_on 44
velocity 3
time 0
note_off 40
time 7
note_off 56
time 2
note_on 56
velocity 47
time 10
note_off 51
time 15
note_off 56
time 117
note_on 49
velocity 31
time 194
note_on 56
velocity 43
time 2
note_on 52
velocity 46
time 1
note_off 44
time 13
note_off 56
time 23
note_off 52
time 126
note_on 56
velocity 34
time 57
note_off 56
time 123
note_off 49
time 67
note_on 56
velocity 43
time 102
note_on 51
velocity 49
time 5
note_on 44
velocity 6
time 6
note_off 56
time 7
note_off 51
time 130
note_on 56
velocity 40
time 46
note_off 44
time 35
note_off 56
time 91
note_on 56
velocity 41
time 214
note_on 44
velocity 50
time 5
note_on 51
velocity 41
time 18
note_off 56
time 148
note_on 56
velocity 42
time 186
note_off 56
time 108
note_on 56
velocity 42
time 218
note_off 56
time 74
note_on 56
velocity 40
time 212
note_off 56
time 72
note_on 56
velocity 42
time 82
note_off 56
time 92
note_on 56
velocity 35
time 239
note_off 56
time 67
note_on 56
velocity 37
time 231
note_off 56
time 71
note_on 56
velocity 39
time 250
note_off 56
time 58
note_off 51
time 97
note_on 56
velocity 30
time 37
note_off 56
time 72
note_on 56
velocity 33
time 0
note_off 56
time 3
note_on 56
velocity 36
time 88
note_on 52
velocity 58
time 13
note_on 49
velocity 29
time 23
note_off 44
time 6
note_off 56
time 2
note_off 52
time 22
note_on 56
velocity 43
time 9
note_off 56
time 102
note_on 51
velocity 66
time 31
note_on 56
velocity 47
time 28
note_on 44
velocity 46
time 0
note_off 49
time 9
note_off 56
time 16
note_off 51
time 13
note_on 56
velocity 51
time 1
note_off 56
time 113
note_on 49
velocity 61
time 192
note_on 56
velocity 50
time 22
note_on 40
velocity 44
time 14
note_off 44
time 13
note_off 56
time 7
note_on 56
velocity 50
time 16
note_off 56
time 75
note_on 51
velocity 68
time 188
note_on 56
velocity 45
time 6
note_on 44
velocity 49
time 0
note_off 49
time 7
note_off 40
time 54
note_off 56
time 0
note_on 56
velocity 47
time 45
note_off 56
time 122
note_off 51
time 141
note_on 56
velocity 40
time 55
note_on 49
velocity 64
time 11
note_on 40
velocity 46
time 9
note_off 44
time 18
note_off 56
time 5
note_off 49
time 79
note_on 56
velocity 49
time 55
note_off 56
time 127
note_on 56
velocity 49
time 207
note_on 48
velocity 67
time 3
note_on 39
velocity 60
time 3
note_off 40
time 3
note_off 56
time 10
note_off 48
time 66
note_on 56
velocity 52
time 45
note_off 56
time 118
note_off 39
time 175
note_on 56
velocity 50
time 11
note_on 49
velocity 54
time 10
note_on 40
velocity 47
time 3
note_off 56
time 10
note_on 56
velocity 51
time 117
note_off 40
time 71
note_off 56
time 32
note_off 49
time 83
note_on 56
velocity 49
time 15
note_on 48
velocity 55
time 9
note_on 39
velocity 38
time 18
note_off 56
time 0
note_off 48
time 117
note_on 56
velocity 55
time 42
note_off 56
time 134
note_on 56
velocity 51
time 203
note_on 49
velocity 56
time 7
note_on 40
velocity 51
time 3
note_off 39
time 7
note_off 56
time 18
note_off 49
time 58
note_on 56
velocity 55
time 31
note_off 56
time 131
note_on 39
velocity 61
time 164
note_on 51
velocity 70
time 6
note_on 56
velocity 54
time 7
note_off 40
time 15
note_off 56
time 9
note_off 51
time 55
note_on 56
velocity 59
time 32
note_off 56
time 156
note_on 37
velocity 70
time 154
note_on 52
velocity 61
time 9
note_on 56
velocity 48
time 7
note_off 39
time 11
note_off 56
time 24
note_off 52
time 7
note_on 56
velocity 47
time 108
note_off 56
time 82
note_on 44
velocity 78
time 191
note_on 56
velocity 46
time 9
note_on 51
velocity 68
time 10
note_off 37
time 16
note_off 56
time 33
note_on 68
velocity 74
time 18
note_on 56
velocity 56
time 35
note_off 56
time 78
note_off 68
time 61
note_on 68
velocity 76
time 123
note_on 56
velocity 62
time 6
note_off 56
time 132
note_off 68
time 20
note_on 68
velocity 73
time 122
note_on 56
velocity 67
time 7
note_off 68
time 158
note_off 56
time 28
note_on 68
velocity 74
time 131
note_on 56
velocity 75
time 7
note_off 68
time 151
note_off 56
time 7
note_off 51
time 48
note_on 56
velocity 72
time 98
note_on 68
velocity 70
time 0
note_off 68
time 141
note_off 56
time 23
note_on 68
velocity 66
time 132
note_on 56
velocity 65
time 3
note_off 68
time 125
note_off 56
time 14
note_on 68
velocity 65
time 145
note_on 56
velocity 51
time 16
note_off 68
time 141
note_off 56
time 15
note_off 44
time 67
note_on 44
velocity 46
time 75
note_on 37
velocity 66
time 6
note_on 68
velocity 59
time 1
note_on 56
velocity 36
time 27
note_off 56
time 66
note_off 68
time 44
note_on 68
velocity 57
time 190
note_on 56
velocity 40
time 37
note_off 44
time 70
note_off 56
time 29
note_off 68
time 13
note_on 39
velocity 76
time 139
note_on 44
velocity 57
time 10
note_on 68
velocity 52
time 31
note_on 56
velocity 22
time 16
note_off 37
time 46
note_off 68
time 58
note_off 56
time 61
note_off 44
time 35
note_on 56
velocity 47
time 55
note_on 68
velocity 60
time 10
note_off 68
time 147
note_off 56
time 44
note_on 61
velocity 71
time 111
note_on 40
velocity 62
time 11
note_on 49
velocity 62
time 9
note_on 56
velocity 49
time 13
note_on 68
velocity 26
time 20
note_off 39
time 13
note_off 68
time 37
note_off 56
time 7
note_on 68
velocity 45
time 97
note_on 56
velocity 40
time 27
note_off 61
time 58
note_off 56
time 32
note_off 68
time 15
note_off 49
time 10
note_on 60
velocity 61
time 130
note_off 40
time 14
note_on 39
velocity 60
time 13
note_on 48
velocity 56
time 0
note_on 56
velocity 50
time 2
note_on 68
velocity 64
time 0
note_off 68
time 6
note_off 56
time 49
note_on 68
velocity 67
time 96
note_on 56
velocity 54
time 5
note_off 39
time 45
note_off 68
time 96
note_off 56
time 11
note_off 48
time 102
note_on 39
velocity 77
time 10
note_on 68
velocity 69
time 22
note_on 44
velocity 58
time 15
note_on 56
velocity 37
time 28
note_off 56
time 62
note_off 68
time 58
note_on 68
velocity 70
time 157
note_on 56
velocity 54
time 14
note_off 44
time 76
note_off 39
time 26
note_off 68
time 28
note_off 56
time 3
note_on 40
velocity 80
time 110
note_on 44
velocity 79
time 19
note_on 68
velocity 66
time 9
note_on 56
velocity 32
time 13
note_off 56
time 1
note_off 68
time 15
note_on 56
velocity 57
time 109
note_on 68
velocity 62
time 20
note_off 68
time 111
note_off 56
time 16
note_off 44
time 31
note_on 63
velocity 80
time 134
note_on 51
velocity 79
time 11
note_on 56
velocity 62
time 0
note_on 42
velocity 73
time 5
note_on 68
velocity 36
time 11
note_off 60
time 5
note_off 40
time 3
note_off 56
time 18
note_off 68
time 10
note_on 68
velocity 45
time 115
note_on 56
velocity 56
time 2
note_off 51
time 13
note_off 68
time 87
note_off 56
time 19
note_on 61
velocity 80
time 179
note_on 40
velocity 67
time 10
note_on 49
velocity 70
time 13
note_on 68
velocity 59
time 3
note_on 56
velocity 53
time 6
note_off 42
time 7
note_off 63
time 2
note_off 68
time 61
note_off 56
time 0
note_on 68
velocity 67
time 128
note_on 56
velocity 54
time 20
note_off 49
time 24
note_off 68
time 84
note_off 56
time 13
note_off 40
time 26
note_on 49
velocity 81
time 92
note_on 68
velocity 65
time 16
note_on 40
velocity 65
time 1
note_on 56
velocity 54
time 14
note_off 68
time 127
note_off 56
time 5
note_on 68
velocity 74
time 148
note_on 56
velocity 64
time 7
note_off 68
time 132
note_off 56
time 11
note_on 63
velocity 87
time 222
note_on 51
velocity 79
time 10
note_on 44
velocity 73
time 1
note_on 56
velocity 62
time 0
note_on 68
velocity 50
time 32
note_off 61
time 22
note_off 49
time 3
note_off 40
time 14
note_off 56
time 5
note_off 68
time 3
note_on 56
velocity 64
time 102
note_on 68
velocity 59
time 15
note_off 63
time 74
note_off 51
time 6
note_off 56
time 62
note_off 68
time 14
note_on 64
velocity 82
time 125
note_on 49
velocity 78
time 11
note_on 52
velocity 76
time 3
note_on 56
velocity 70
time 3
note_on 68
velocity 64
time 1
note_off 44
time 10
note_off 68
time 11
note_off 56
time 9
note_off 52
time 117
note_on 68
velocity 68
time 48
note_on 56
velocity 68
time 1
note_off 56
time 141
note_off 68
time 18
note_off 49
time 2
note_on 51
velocity 88
time 0
note_on 44
velocity 73
time 11
note_on 63
velocity 82
time 6
note_on 56
velocity 71
time 7
note_off 51
time 10
note_off 64
time 3
note_on 68
velocity 18
time 14
note_off 44
time 1
note_off 68
time 71
note_off 56
time 20
note_on 32
velocity 91
time 18
note_on 68
velocity 73
time 2
note_on 56
velocity 65
time 10
note_off 32
time 13
note_off 56
time 199
note_off 63
time 39
note_off 68
time 48
note_on 44
velocity 77
time 6
note_on 68
velocity 84
time 152
note_on 56
velocity 88
time 1
note_on 63
velocity 83
time 2
note_on 51
velocity 83
time 13
note_off 56
time 158
note_off 68
time 32
note_on 68
velocity 83
time 140
note_on 56
velocity 72
time 6
note_off 56
time 138
note_off 68
time 18
note_on 68
velocity 89
time 127
note_on 56
velocity 74
time 7
note_off 56
time 164
note_off 68
time 9
note_on 68
velocity 80
time 156
note_on 56
velocity 74
time 5
note_off 68
time 136
note_off 56
time 29
note_on 68
velocity 83
time 104
note_on 56
velocity 67
time 14
note_off 68
time 143
note_off 56
time 10
note_on 68
velocity 81
time 169
note_on 56
velocity 74
time 7
note_off 51
time 6
note_off 44
time 37
note_off 68
time 114
note_off 56
time 5
note_on 68
velocity 84
time 165
note_on 56
velocity 76
time 14
note_off 56
time 134
note_off 68
time 2
note_on 68
velocity 87
time 194
note_on 56
velocity 84
time 3
note_off 63
time 62
note_off 56
time 31
note_off 68
time 24
note_on 71
velocity 90
time 309
note_on 59
velocity 88
time 2
note_on 64
velocity 80
time 0
note_on 68
velocity 82
time 2
note_on 28
velocity 90
time 2
note_on 40
velocity 95
time 0
note_off 71
time 52
note_off 59
time 41
note_on 71
velocity 92
time 165
note_on 59
velocity 83
time 2
note_off 28
time 55
note_off 71
time 136
note_off 59
time 15
note_on 71
velocity 87
time 147
note_on 59
velocity 82
time 5
note_off 59
time 165
note_off 71
time 1
note_on 71
velocity 85
time 156
note_on 59
velocity 77
time 9
note_off 68
time 52
note_off 64
time 6
note_off 40
time 75
note_off 59
time 50
note_off 71
time 7
note_on 68
velocity 84
time 162
note_on 59
velocity 83
time 3
note_on 63
velocity 86
time 1
note_on 71
velocity 84
time 1
note_on 35
velocity 87
time 13
note_on 47
velocity 91
time 0
note_off 71
time 42
note_off 59
time 48
note_on 71
velocity 86
time 115
note_on 59
velocity 80
time 16
note_off 47
time 122
note_off 71
time 42
note_off 59
time 24
note_on 71
velocity 89
time 127
note_on 59
velocity 82
time 6
note_off 59
time 151
note_off 71
time 0
note_on 71
velocity 87
time 148
note_on 59
velocity 83
time 5
note_off 63
time 49
note_off 68
time 6
note_off 59
time 96
note_off 71
time 10
note_on 64
velocity 87
time 154
note_on 68
velocity 94
time 2
note_on 59
velocity 91
time 3
note_on 71
velocity 91
time 2
note_on 40
velocity 92
time 11
note_on 28
velocity 93
time 1
note_off 35
time 11
note_off 71
time 40
note_off 59
time 71
note_off 28
time 37
note_on 71
velocity 86
time 97
note_on 59
velocity 80
time 5
note_off 59
time 132
note_off 71
time 20
note_on 59
velocity 82
time 154
note_on 71
velocity 87
time 2
note_off 59
time 139
note_off 71
time 15
note_off 68
time 88
note_on 71
velocity 90
time 78
note_on 59
velocity 80
time 3
note_off 64
time 88
note_off 59
time 91
note_off 71
time 1
note_on 68
velocity 96
time 149
note_on 59
velocity 81
time 9
note_on 63
velocity 83
time 0
note_on 71
velocity 83
time 1
note_on 47
velocity 94
time 9
note_on 35
velocity 92
time 2
note_off 40
time 9
note_off 71
time 10
note_off 59
time 57
note_on 71
velocity 95
time 97
note_on 59
velocity 88
time 15
note_off 47
time 58
note_off 59
time 85
note_off 71
time 10
note_on 71
velocity 91
time 183
note_on 59
velocity 79
time 9
note_off 35
time 84
note_off 71
time 85
note_off 59
time 3
note_on 71
velocity 84
time 173
note_on 34
velocity 90
time 3
note_on 59
velocity 74
time 3
note_on 46
velocity 76
time 5
note_off 68
time 147
note_off 46
time 18
note_off 59
time 126
note_off 63
time 1
note_off 71
time 3
note_on 68
velocity 79
time 169
note_on 71
velocity 85
time 5
note_on 63
velocity 78
time 5
note_on 59
velocity 79
time 1
note_on 32
velocity 87
time 10
note_on 44
velocity 72
time 14
note_off 34
time 16
note_off 71
time 10
note_off 59
time 13
note_on 59
velocity 78
time 154
note_on 71
velocity 87
time 2
note_off 32
time 27
note_off 71
time 151
note_off 59
time 16
note_on 59
velocity 80
time 141
note_on 71
velocity 84
time 1
note_off 71
time 178
note_off 59
time 9
note_on 71
velocity 80
time 144
note_on 59
velocity 76
time 2
note_off 68
time 110
note_off 63
time 13
note_off 59
time 35
note_off 71
time 11
note_on 63
velocity 81
time 140
note_on 59
velocity 81
time 6
note_on 67
velocity 81
time 0
note_on 71
velocity 90
time 0
note_on 39
velocity 85
time 3
note_off 44
time 3
note_on 51
velocity 85
time 0
note_off 71
time 24
note_off 59
time 36
note_on 71
velocity 83
time 127
note_on 59
velocity 81
time 10
note_off 39
time 32
note_off 51
time 11
note_off 71
time 115
note_off 59
time 11
note_on 59
velocity 71
time 167
note_on 71
velocity 79
time 0
note_off 59
time 157
note_off 71
time 11
note_on 71
velocity 83
time 143
note_on 59
velocity 69
time 3
note_off 67
time 89
note_off 59
time 63
note_off 71
time 10
note_off 63
time 22
note_on 68
velocity 74
time 131
note_on 71
velocity 78
time 0
note_on 59
velocity 66
time 6
note_on 63
velocity 69
time 5
note_on 32
velocity 70
time 3
note_on 44
velocity 57
time 22
note_off 68
time 13
note_on 68
velocity 84
time 132
note_off 68
time 194
note_on 68
velocity 81
time 141
note_off 68
time 166
note_on 68
velocity 68
time 171
note_off 68
time 173
note_on 68
velocity 67
time 164
note_off 68
time 177
note_on 68
velocity 59
time 178
note_off 32
time 13
note_off 44
time 48
note_off 68
time 89
note_on 68
velocity 50
time 208
note_off 68
time 98
note_on 68
velocity 45
time 7
note_off 71
time 0
note_off 59
time 128
note_off 68
time 26
note_off 63
time 10
note_on 72
velocity 81
time 324
note_on 60
velocity 52
time 33
note_on 42
velocity 44
time 1
note_on 54
velocity 39
time 13
note_on 44
velocity 43
time 14
note_on 68
velocity 31
time 5
note_off 68
time 16
note_on 68
velocity 48
time 156
note_off 68
time 127
note_on 68
velocity 55
time 177
note_off 68
time 113
note_on 68
velocity 44
time 244
note_off 54
time 3
note_off 72
time 59
note_off 60
time 9
note_off 42
time 33
note_off 44
time 123
note_off 68
time 44
note_on 73
velocity 70
time 106
note_on 68
velocity 30
time 19
note_on 44
velocity 9
time 9
note_on 61
velocity 41
time 7
note_on 52
velocity 35
time 19
note_on 40
velocity 38
time 1
note_off 68
time 72
note_off 40
time 11
note_off 52
time 71
note_on 68
velocity 53
time 59
note_off 68
time 71
note_on 37
velocity 64
time 191
note_on 68
velocity 56
time 19
note_on 49
velocity 11
time 48
note_off 44
time 32
note_off 49
time 70
note_off 68
time 44
note_on 68
velocity 61
time 148
note_off 61
time 46
note_off 73
time 15
note_off 37
time 238
note_off 68
time 9
note_on 75
velocity 74
time 123
note_on 73
velocity 61
time 10
note_on 63
velocity 46
time 3
note_on 68
velocity 34
time 16
note_on 32
velocity 48
time 26
note_on 44
velocity 41
time 11
note_off 68
time 7
note_on 68
velocity 68
time 91
note_off 68
time 132
note_on 68
velocity 61
time 182
note_off 68
time 169
note_on 68
velocity 60
time 178
note_off 68
time 115
note_off 32
time 93
note_off 44
time 35
note_on 68
velocity 60
time 57
note_off 68
time 87
note_on 68
velocity 65
time 235
note_off 73
time 41
note_off 75
time 80
note_off 68
time 40
note_off 63
time 35
note_on 75
velocity 89
time 162
note_on 72
velocity 75
time 9
note_on 63
velocity 57
time 9
note_on 68
velocity 45
time 10
note_on 56
velocity 52
time 10
note_on 44
velocity 58
time 3
note_off 68
time 207
note_off 56
time 98
note_on 68
velocity 58
time 61
note_off 63
time 49
note_off 72
time 6
note_off 75
time 119
note_off 68
time 266
note_on 76
velocity 84
time 16
note_on 75
velocity 70
time 3
note_on 68
velocity 7
time 10
note_on 49
velocity 57
time 9
note_on 64
velocity 55
time 0
note_on 56
velocity 51
time 9
note_off 44
time 130
note_off 68
time 1
note_on 68
velocity 57
time 145
note_off 75
time 76
note_off 64
time 55
note_off 68
time 0
note_off 76
time 15
note_on 76
velocity 79
time 141
note_on 73
velocity 65
time 5
note_on 64
velocity 56
time 14
note_on 68
velocity 54
time 18
note_off 68
time 201
note_off 76
time 131
note_on 68
velocity 48
time 7
note_off 73
time 11
note_off 64
time 24
note_off 56
time 26
note_off 49
time 41
note_off 68
time 14
note_on 75
velocity 75
time 13
note_on 73
velocity 65
time 0
note_on 63
velocity 52
time 11
note_on 68
velocity 21
time 5
note_on 44
velocity 47
time 0
note_on 56
velocity 39
time 5
note_off 68
time 11
note_on 68
velocity 39
time 98
note_off 73
time 42
note_off 75
time 26
note_off 63
time 41
note_off 68
time 16
note_on 75
velocity 64
time 1
note_on 72
velocity 62
time 18
note_on 63
velocity 41
time 3
note_off 56
time 46
note_on 68
velocity 51
time 92
note_off 75
time 18
note_off 44
time 37
note_off 72
time 6
note_off 68
time 53
note_off 63
time 42
note_on 73
velocity 56
time 359
note_on 61
velocity 37
time 28
note_on 68
velocity 45
time 1
note_on 45
velocity 36
time 10
note_on 57
velocity 33
time 20
note_off 68
time 14
note_on 68
velocity 36
time 226
note_off 68
time 75
note_on 66
velocity 30
time 278
note_off 66
time 50
note_off 45
time 170
note_off 57
time 61
note_on 66
velocity 33
time 23
note_off 66
time 118
note_on 44
velocity 40
time 178
note_on 56
velocity 37
time 1
note_on 68
velocity 48
time 22
note_off 68
time 78
note_off 44
time 135
note_off 56
time 50
note_on 68
velocity 53
time 26
note_off 68
time 71
note_on 42
velocity 45
time 183
note_on 69
velocity 44
time 119
note_off 69
time 72
note_on 69
velocity 39
time 145
note_off 73
time 2
note_off 69
time 41
note_off 42
time 27
note_off 61
time 50
note_on 63
velocity 53
time 285
note_on 68
velocity 52
time 3
note_on 60
velocity 38
time 20
note_on 44
velocity 40
time 3
note_on 56
velocity 40
time 55
note_off 56
time 13
note_on 56
velocity 46
time 187
note_off 56
time 59
note_on 56
velocity 49
time 74
note_off 56
time 65
note_on 56
velocity 51
time 9
note_off 44
time 3
note_off 60
time 19
note_off 68
time 7
note_off 63
time 26
note_off 56
time 27
note_on 64
velocity 63
time 111
note_on 68
velocity 44
time 29
note_on 61
velocity 39
time 6
note_on 37
velocity 56
time 0
note_on 44
velocity 37
time 14
note_on 56
velocity 16
time 20
note_off 56
time 0
note_off 64
time 118
note_on 56
velocity 49
time 59
note_off 61
time 18
note_off 68
time 54
note_off 56
time 40
note_on 61
velocity 63
time 151
note_on 58
velocity 62
time 14
note_on 68
velocity 57
time 5
note_off 44
time 23
note_off 58
time 27
note_off 61
time 3
note_on 56
velocity 41
time 18
note_off 56
time 69
note_off 37
time 20
note_off 68
time 46
note_on 63
velocity 62
time 139
note_on 60
velocity 54
time 15
note_on 68
velocity 60
time 7
note_on 32
velocity 64
time 2
note_on 44
velocity 26
time 24
note_on 56
velocity 29
time 2
note_off 56
time 20
note_on 56
velocity 30
time 132
note_off 44
time 28
note_off 60
time 0
note_off 63
time 22
note_off 68
time 74
note_off 32
time 6
note_off 56
time 54
note_on 64
velocity 54
time 208
note_on 37
velocity 63
time 18
note_on 68
velocity 54
time 13
note_on 61
velocity 46
time 1
note_on 44
velocity 45
time 36
note_off 64
time 100
note_on 56
velocity 31
time 50
note_off 61
time 13
note_off 68
time 54
note_off 56
time 46
note_on 61
velocity 71
time 162
note_on 58
velocity 61
time 14
note_on 56
velocity 28
time 33
note_on 68
velocity 37
time 26
note_off 56
time 105
note_off 61
time 110
note_off 58
time 22
note_on 56
velocity 53
time 19
note_off 56
time 126
note_off 68
time 14
note_on 68
velocity 63
time 141
note_on 64
velocity 52
time 2
note_on 61
velocity 54
time 15
note_on 56
velocity 26
time 22
note_off 56
time 79
note_on 56
velocity 47
time 242
note_off 64
time 67
note_off 61
time 11
note_off 56
time 7
note_off 37
time 44
note_off 44
time 9
note_off 68
time 6
note_on 68
velocity 61
time 175
note_on 61
velocity 46
time 19
note_on 64
velocity 47
time 3
note_on 56
velocity 39
time 5
note_on 37
velocity 38
time 6
note_on 44
velocity 35
time 23
note_off 44
time 123
note_off 56
time 15
note_off 37
time 40
note_on 56
velocity 39
time 140
note_off 64
time 3
note_off 61
time 50
note_off 68
time 85
note_off 56
time 23
note_on 60
velocity 42
time 246
note_on 56
velocity 26
time 2
note_on 63
velocity 46
time 3
note_on 68
velocity 53
time 2
note_on 32
velocity 57
time 16
note_on 44
velocity 28
time 80
note_off 56
time 18
note_on 56
velocity 46
time 147
note_off 60
time 1
note_off 63
time 74
note_off 68
time 20
note_on 63
velocity 50
time 158
note_on 66
velocity 59
time 2
note_on 68
velocity 66
time 16
note_off 56
time 148
note_on 56
velocity 50
time 153
note_off 63
time 7
note_off 44
time 11
note_off 68
time 114
note_off 66
time 10
note_off 56
time 18
note_on 61
velocity 50
time 127
note_on 68
velocity 60
time 6
note_on 64
velocity 47
time 3
note_off 32
time 5
note_on 37
velocity 42
time 5
note_on 44
velocity 34
time 1
note_off 64
time 6
note_on 56
velocity 45
time 5
note_off 61
time 2
note_off 37
time 0
note_off 44
time 0
note_off 68
time 16
note_off 56
time 19
note_on 68
velocity 50
time 89
note_on 63
velocity 42
time 13
note_on 60
velocity 43
time 5
note_on 56
velocity 44
time 7
note_on 32
velocity 43
time 11
note_on 44
velocity 31
time 18
note_off 56
time 27
note_on 56
velocity 62
time 154
note_off 56
time 149
note_on 56
velocity 49
time 203
note_off 56
time 93
note_on 56
velocity 51
time 178
note_off 56
time 82
note_on 56
velocity 53
time 214
note_off 56
time 131
note_off 32
time 54
note_off 44
time 92
note_on 56
velocity 56
time 32
note_off 56
time 139
note_on 56
velocity 55
time 174
note_off 56
time 161
note_on 56
velocity 60
time 182
note_off 56
time 95
note_off 60
time 1
note_off 63
time 9
note_off 68
time 11
note_on 72
velocity 79
time 243
note_on 60
velocity 58
time 10
note_on 68
velocity 57
time 18
note_on 42
velocity 54
time 24
note_on 54
velocity 61
time 1
note_on 44
velocity 46
time 3
note_off 68
time 194
note_off 44
time 24
note_on 68
velocity 74
time 132
note_on 44
velocity 76
time 14
note_off 44
time 180
note_off 68
time 7
note_on 68
velocity 72
time 132
note_on 44
velocity 78
time 14
note_off 68
time 110
note_off 44
time 24
note_on 68
velocity 73
time 136
note_on 44
velocity 74
time 16
note_off 72
time 18
note_off 54
time 22
note_off 60
time 18
note_off 42
time 85
note_off 68
time 52
note_off 44
time 3
note_on 73
velocity 80
time 89
note_on 44
velocity 62
time 13
note_on 68
velocity 58
time 1
note_on 61
velocity 69
time 1
note_on 52
velocity 70
time 13
note_on 40
velocity 68
time 5
note_off 68
time 80
note_off 40
time 27
note_off 52
time 39
note_on 68
velocity 53
time 115
note_off 68
time 113
note_on 37
velocity 82
time 126
note_on 49
velocity 57
time 15
note_on 68
velocity 60
time 32
note_off 44
time 18
note_off 68
time 134
note_off 49
time 18
note_on 68
velocity 77
time 126
note_off 61
time 35
note_off 73
time 2
note_off 68
time 203
note_on 75
velocity 85
time 135
note_on 73
velocity 76
time 6
note_on 63
velocity 69
time 6
note_on 68
velocity 63
time 7
note_on 32
velocity 81
time 6
note_on 44
velocity 71
time 2
note_off 37
time 13
note_off 68
time 66
note_on 68
velocity 69
time 174
note_off 68
time 179
note_on 68
velocity 82
time 144
note_off 68
time 175
note_on 68
velocity 72
time 139
note_off 68
time 135
note_on 68
velocity 71
time 184
note_off 68
time 102
note_on 68
velocity 66
time 208
note_off 73
time 45
note_off 75
time 102
note_off 63
time 95
note_off 68
time 63
note_on 75
velocity 95
time 14
note_on 72
velocity 85
time 5
note_on 68
velocity 27
time 5
note_on 63
velocity 61
time 18
note_off 68
time 36
note_off 32
time 11
note_off 63
time 256
note_off 44
time 13
note_on 68
velocity 64
time 11
note_off 72
time 5
note_off 75
time 154
note_on 76
velocity 93
time 104
note_on 75
velocity 85
time 5
note_on 64
velocity 77
time 2
note_on 37
velocity 82
time 19
note_on 44
velocity 77
time 3
note_off 68
time 61
note_on 68
velocity 55
time 178
note_off 75
time 50
note_off 76
time 83
note_off 64
time 31
note_off 68
time 69
note_on 68
velocity 46
time 26
note_on 76
velocity 92
time 5
note_on 73
velocity 83
time 3
note_on 64
velocity 67
time 18
note_off 68
time 179
note_off 37
time 52
note_off 44
time 23
note_on 68
velocity 66
time 66
note_off 76
time 5
note_off 64
time 67
note_off 73
time 71
note_off 68
time 92
note_on 68
velocity 37
time 22
note_on 75
velocity 89
time 5
note_on 44
velocity 85
time 7
note_on 73
velocity 86
time 0
note_on 63
velocity 72
time 2
note_on 56
velocity 76
time 1
note_off 68
time 35
note_on 68
velocity 70
time 148
note_off 73
time 40
note_off 75
time 58
note_off 63
time 40
note_off 68
time 101
note_on 68
velocity 40
time 106
note_on 72
velocity 78
time 11
note_on 75
velocity 95
time 10
note_on 63
velocity 69
time 5
note_off 68
time 45
note_off 56
time 7
note_on 68
velocity 70
time 368
note_off 75
time 122
note_off 44
time 11
note_off 72
time 24
note_off 63
time 16
note_off 68
time 48
note_on 73
velocity 78
time 325
note_on 71
velocity 68
time 3
note_on 61
velocity 48
time 16
note_on 68
velocity 58
time 3
note_on 41
velocity 58
time 5
note_on 53
velocity 50
time 5
note_off 61
time 26
note_on 61
velocity 58
time 188
note_off 61
time 96
note_on 61
velocity 73
time 222
note_off 61
time 62
note_off 53
time 113
note_on 61
velocity 69
time 138
note_off 71
time 15
note_off 68
time 78
note_off 73
time 65
note_off 61
time 44
note_off 41
time 18
note_on 68
velocity 72
time 122
note_on 69
velocity 78
time 6
note_on 73
velocity 77
time 7
note_on 61
velocity 51
time 16
note_on 42
velocity 63
time 3
note_on 54
velocity 56
time 31
note_off 61
time 42
note_on 61
velocity 54
time 205
note_off 68
time 69
note_off 73
time 93
note_off 61
time 10
note_off 69
time 22
note_on 66
velocity 64
time 89
note_on 69
velocity 70
time 7
note_on 73
velocity 83
time 0
note_off 54
time 10
note_on 61
velocity 61
time 5
note_off 61
time 128
note_off 73
time 187
note_off 69
time 54
note_on 61
velocity 47
time 41
note_off 66
time 22
note_off 61
time 24
note_on 36
velocity 57
time 101
note_on 48
velocity 45
time 27
note_off 42
time 24
note_on 66
velocity 71
time 63
note_on 68
velocity 76
time 5
note_on 63
velocity 77
time 10
note_on 56
velocity 57
time 27
note_off 56
time 41
note_on 56
velocity 54
time 184
note_off 56
time 58
note_on 56
velocity 58
time 242
note_off 56
time 84
note_off 48
time 11
note_off 36
time 0
note_on 56
velocity 52
time 14
note_off 63
time 13
note_off 68
time 11
note_off 66
time 19
note_off 56
time 35
note_on 66
velocity 50
time 1
note_on 61
velocity 55
time 15
note_on 68
velocity 64
time 0
note_on 56
velocity 36
time 3
note_on 49
velocity 49
time 5
note_on 37
velocity 49
time 10
note_off 56
time 16
note_on 56
velocity 46
time 15
note_off 68
time 1
note_off 66
time 1
note_off 61
time 0
note_off 56
time 14
note_on 64
velocity 64
time 113
note_on 70
velocity 74
time 0
note_on 61
velocity 59
time 20
note_off 49
time 23
note_on 56
velocity 26
time 18
note_off 37
time 5
note_off 56
time 9
note_on 56
velocity 26
time 98
note_off 64
time 52
note_off 70
time 67
note_off 61
time 23
note_off 56
time 157
note_on 64
velocity 51
time 7
note_on 70
velocity 51
time 5
note_on 61
velocity 49
time 18
note_on 32
velocity 44
time 37
note_on 44
velocity 28
time 53
note_on 56
velocity 37
time 78
note_off 56
time 69
note_on 56
velocity 36
time 268
note_off 56
time 2
note_off 70
time 20
note_off 64
time 41
note_on 56
velocity 39
time 18
note_off 61
time 3
note_off 56
time 71
note_on 60
velocity 48
time 149
note_on 68
velocity 50
time 9
note_on 63
velocity 52
time 3
note_on 56
velocity 3
time 15
note_off 56
time 0
note_on 56
velocity 40
time 3
note_off 60
time 9
note_off 68
time 20
note_off 44
time 2
note_off 63
time 15
note_off 32
time 92
note_on 37
velocity 50
time 97
note_on 44
velocity 42
time 2
note_on 64
velocity 63
time 14
note_off 56
time 5
note_on 70
velocity 68
time 1
note_on 61
velocity 50
time 15
note_on 56
velocity 18
time 55
note_off 37
time 28
note_off 44
time 1
note_off 64
time 16
note_off 70
time 55
note_off 61
time 3
note_on 64
velocity 55
time 147
note_on 70
velocity 59
time 3
note_off 56
time 19
note_on 61
velocity 45
time 0
note_on 32
velocity 60
time 13
note_on 56
velocity 38
time 183
note_off 56
time 125
note_on 56
velocity 37
time 200
note_off 56
time 3
note_off 70
time 173
note_on 56
velocity 42
time 18
note_off 64
time 6
note_off 56
time 154
note_off 61
time 9
note_on 68
velocity 55
time 161
note_on 63
velocity 47
time 15
note_on 60
velocity 44
time 9
note_on 56
velocity 44
time 18
note_off 56
time 65
note_off 60
time 1
note_on 56
velocity 43
time 7
note_off 68
time 5
note_off 63
time 3
note_off 56
time 3
note_off 32
time 1
note_on 70
velocity 62
time 18
note_on 56
velocity 15
time 2
note_on 61
velocity 48
time 13
note_on 64
velocity 50
time 10
note_on 44
velocity 41
time 9
note_on 37
velocity 36
time 1
note_off 56
time 11
note_off 37
time 11
note_on 56
velocity 30
time 5
note_off 44
time 6
note_off 64
time 3
note_off 56
time 6
note_off 61
time 26
note_off 70
time 10
note_on 70
velocity 56
time 174
note_on 61
velocity 39
time 3
note_on 56
velocity 40
time 22
note_on 64
velocity 47
time 1
note_on 32
velocity 43
time 23
note_on 44
velocity 33
time 19
note_off 56
time 36
note_on 56
velocity 39
time 151
note_off 70
time 11
note_off 64
time 83
note_off 56
time 75
note_off 61
time 2
note_on 68
velocity 50
time 338
note_on 56
velocity 41
time 7
note_on 63
velocity 42
time 0
note_on 60
velocity 43
time 2
note_off 56
time 105
note_off 32
time 58
note_off 44
time 9
note_on 56
velocity 38
time 184
note_off 56
time 123
note_on 56
velocity 38
time 291
note_off 56
time 75
note_on 53
velocity 41
time 347
note_on 56
velocity 33
time 14
note_off 56
time 141
note_on 56
velocity 37
time 410
note_off 53
time 26
note_on 54
velocity 41
time 6
note_off 56
time 108
note_off 54
time 26
note_off 60
time 0
note_off 68
time 203
note_off 63
time 22
note_on 56
velocity 37
time 223
note_on 51
velocity 41
time 19
note_off 51
time 127
note_off 56
time 122
note_on 77
velocity 80
time 561
note_on 49
velocity 33
time 44
note_on 56
velocity 37
time 307
note_off 49
time 23
note_on 73
velocity 53
time 276
note_off 77
time 141
note_on 61
velocity 32
time 101
note_on 65
velocity 36
time 6
note_on 68
velocity 57
time 87
note_off 56
time 49
note_off 73
time 92
note_on 56
velocity 40
time 384
note_off 56
time 135
note_on 56
velocity 37
time 209
note_off 56
time 118
note_on 56
velocity 25
time 292
note_off 56
time 59
note_on 56
velocity 34
time 279
note_on 70
velocity 61
time 59
note_off 56
time 71
note_off 68
time 98
note_on 56
velocity 33
time 158
note_off 65
time 24
note_off 61
time 11
note_on 72
velocity 63
time 464
note_on 63
velocity 34
time 52
note_on 66
velocity 39
time 6
note_off 70
time 19
note_off 56
time 16
note_on 56
velocity 24
time 196
note_off 56
time 89
note_on 56
velocity 45
time 322
note_off 56
time 92
note_on 56
velocity 32
time 309
note_on 58
velocity 47
time 338
note_off 56
time 16
note_on 56
velocity 42
time 309
note_off 58
time 44
note_off 66
time 149
note_on 73
velocity 67
time 266
note_on 61
velocity 40
time 40
note_on 65
velocity 37
time 14
note_off 63
time 2
note_off 56
time 2
note_off 72
time 13
note_on 56
velocity 32
time 95
note_off 61
time 10
note_on 75
velocity 72
time 59
note_on 66
velocity 44
time 15
note_on 60
velocity 46
time 36
note_off 65
time 23
note_off 56
time 13
note_off 73
time 16
note_on 56
velocity 7
time 229
note_on 68
velocity 60
time 0
note_on 77
velocity 70
time 13
note_off 75
time 19
note_on 78
velocity 72
time 135
note_on 70
velocity 50
time 13
note_off 56
time 19
note_off 68
time 0
note_off 77
time 13
note_on 56
velocity 33
time 11
note_off 56
time 41
note_on 56
velocity 35
time 252
note_off 56
time 88
note_on 56
velocity 14
time 283
note_off 66
time 10
note_off 60
time 74
note_off 70
time 231
note_on 77
velocity 63
time 143
note_on 61
velocity 38
time 31
note_on 68
velocity 43
time 3
note_off 56
time 11
note_off 78
time 3
note_on 56
velocity 33
time 195
note_off 61
time 48
note_off 77
time 62
note_off 68
time 19
note_on 77
velocity 69
time 223
note_on 68
velocity 47
time 33
note_on 60
velocity 40
time 5
note_off 56
time 6
note_on 56
velocity 36
time 122
note_on 66
velocity 51
time 319
note_off 56
time 3
note_off 68
time 15
note_on 75
velocity 65
time 29
note_on 56
velocity 43
time 9
note_off 66
time 1
note_off 60
time 11
note_off 77
time 0
note_on 73
velocity 55
time 49
note_off 75
time 28
note_on 65
velocity 43
time 5
note_on 61
velocity 36
time 14
note_off 56
time 5
note_on 56
velocity 41
time 104
note_off 61
time 24
note_off 65
time 11
note_off 73
time 93
note_on 74
velocity 60
time 40
note_off 74
time 113
note_on 75
velocity 56
time 27
note_on 60
velocity 35
time 53
note_off 75
time 3
note_on 66
velocity 41
time 3
note_on 77
velocity 61
time 5
note_off 77
time 9
note_on 75
velocity 57
time 13
note_off 75
time 26
note_on 74
velocity 56
time 33
note_off 56
time 14
note_off 74
time 50
note_on 75
velocity 48
time 2
note_off 75
time 26
note_on 76
velocity 58
time 3
note_on 56
velocity 38
time 6
note_off 76
time 10
note_on 77
velocity 62
time 16
note_off 77
time 11
note_on 80
velocity 66
time 5
note_off 66
time 3
note_off 60
time 54
note_off 56
time 46
note_off 80
time 49
note_on 79
velocity 68
time 24
note_off 79
time 16
note_on 78
velocity 75
time 1
note_on 77
velocity 76
time 11
note_on 49
velocity 42
time 3
note_off 78
time 16
note_on 56
velocity 39
time 192
note_off 49
time 15
note_on 73
velocity 62
time 14
note_off 77
time 16
note_on 65
velocity 41
time 54
note_on 61
velocity 40
time 28
note_off 56
time 33
note_on 68
velocity 66
time 1
note_off 73
time 1
note_on 56
velocity 44
time 32
note_off 56
time 33
note_on 56
velocity 49
time 174
note_off 56
time 93
note_on 56
velocity 43
time 216
note_off 56
time 145
note_on 70
velocity 64
time 212
note_on 56
velocity 34
time 10
note_off 68
time 123
note_off 56
time 9
note_on 56
velocity 33
time 248
note_off 61
time 110
note_off 65
time 7
note_on 72
velocity 72
time 225
note_on 66
velocity 44
time 39
note_on 63
velocity 43
time 5
note_off 70
time 14
note_off 56
time 14
note_on 56
velocity 40
time 161
note_off 56
time 87
note_on 56
velocity 48
time 11
note_off 56
time 9
note_on 56
velocity 22
time 18
note_on 58
velocity 44
time 174
note_off 56
time 69
note_on 56
velocity 36
time 263
note_off 58
time 1
note_off 66
time 223
note_off 63
time 23
note_off 56
time 10
note_on 82
velocity 72
time 15
note_off 72
time 10
note_on 80
velocity 48
time 3
note_off 82
time 15
note_on 78
velocity 54
time 199
note_off 80
time 15
note_on 72
velocity 53
time 371
note_off 78
time 84
note_on 77
velocity 62
time 459
note_off 72
time 9
note_on 75
velocity 60
time 330
note_off 77
time 10
note_on 73
velocity 50
time 434
note_off 75
time 7
note_on 70
velocity 36
time 703
note_off 73
time 104
note_off 70
time 282
note_on 66
velocity 48
time 261
note_on 58
velocity 48
time 15
note_on 63
velocity 43
time 22
note_on 44
velocity 33
time 13
note_on 56
velocity 36
time 303
note_off 56
time 109
note_on 56
velocity 32
time 244
note_off 56
time 83
note_on 56
velocity 32
time 240
note_off 56
time 75
note_on 60
velocity 54
time 226
note_on 56
velocity 27
time 27
note_off 58
time 37
note_off 56
time 7
note_on 56
velocity 35
time 148
note_off 56
time 89
note_on 56
velocity 32
time 257
note_off 56
time 98
note_on 56
velocity 27
time 259
note_off 66
time 121
note_off 44
time 19
note_off 56
time 55
note_on 65
velocity 47
time 278
note_on 61
velocity 42
time 26
note_on 49
velocity 35
time 10
note_on 56
velocity 35
time 11
note_off 60
time 2
note_off 63
time 59
note_off 56
time 2
note_on 56
velocity 27
time 186
note_off 56
time 138
note_on 56
velocity 35
time 195
note_off 56
time 169
note_on 56
velocity 33
time 200
note_off 56
time 84
note_off 61
time 239
note_on 56
velocity 28
time 2
note_off 56
time 139
note_on 56
velocity 34
time 187
note_on 61
velocity 49
time 79
note_off 56
time 114
note_on 56
velocity 29
time 55
note_on 63
velocity 55
time 174
note_off 56
time 83
note_off 61
time 24
note_off 65
time 0
note_on 56
velocity 15
time 54
note_off 49
time 29
note_on 61
velocity 59
time 105
note_off 56
time 65
note_off 63
time 44
note_off 61
time 50
note_on 66
velocity 47
time 182
note_on 61
velocity 42
time 7
note_on 63
velocity 43
time 0
note_on 56
velocity 38
time 26
note_on 44
velocity 38
time 6
note_off 56
time 3
note_on 56
velocity 25
time 243
note_off 56
time 71
note_on 60
velocity 60
time 263
note_off 61
time 19
note_on 56
velocity 27
time 3
note_off 56
time 123
note_on 56
velocity 48
time 179
note_off 56
time 130
note_on 70
velocity 61
time 214
note_on 56
velocity 31
time 20
note_off 60
time 2
note_off 56
time 10
note_on 56
velocity 35
time 3
note_off 56
time 3
note_on 56
velocity 27
time 218
note_on 60
velocity 48
time 6
note_off 70
time 165
note_off 56
time 39
note_off 66
time 13
note_off 63
time 71
note_on 56
velocity 40
time 2
note_off 56
time 40
note_off 44
time 6
note_off 60
time 3
note_on 66
velocity 58
time 2
note_on 60
velocity 24
time 10
note_on 44
velocity 52
time 3
note_on 63
velocity 38
time 22
note_on 56
velocity 39
time 36
note_off 56
time 5
note_on 56
velocity 30
time 37
note_off 56
time 22
note_on 56
velocity 30
time 35
note_off 56
time 26
note_on 56
velocity 35
time 3
note_off 56
time 7
note_on 56
velocity 20
time 82
note_off 56
time 14
note_on 56
velocity 37
time 39
note_off 56
time 114
note_off 66
time 19
note_off 60
time 23
note_off 63
time 23
note_on 56
velocity 43
time 153
note_off 56
time 83
note_off 44
time 170
note_on 65
velocity 54
time 200
note_on 61
velocity 41
time 13
note_on 56
velocity 42
time 19
note_on 49
velocity 49
time 2
note_off 56
time 80
note_on 56
velocity 24
time 226
note_off 56
time 132
note_on 56
velocity 32
time 7
note_off 56
time 85
note_on 56
velocity 35
time 6
note_off 56
time 210
note_on 44
velocity 50
time 242
note_on 56
velocity 18
time 33
note_off 49
time 140
note_off 56
time 75
note_on 56
velocity 33
time 196
note_off 56
time 225
note_on 56
velocity 43
time 9
note_off 56
time 216
note_on 56
velocity 35
time 350
note_off 44
time 10
note_off 56
time 1
note_off 61
time 3
note_off 65
time 2
note_on 65
velocity 47
time 222
note_on 61
velocity 37
time 2
note_on 37
velocity 36
time 1
note_on 56
velocity 40
time 5
note_off 37
time 3410
note_off 56
time 3
note_off 61
time 11
note_off 65
time 13
note_on 38
velocity 84
time 201
note_off 38
time 170
note_on 45
velocity 79
time 0
note_off 45
time 14
