note_on 70
velocity 62
time 244
note_on 67
velocity 54
time 10
note_on 63
velocity 50
time 74
note_on 62
velocity 67
time 141
note_on 63
velocity 0
time 22
note_on 62
velocity 0
time 27
note_on 63
velocity 70
time 18
note_on 63
velocity 0
time 63
note_on 67
velocity 0
time 11
note_on 58
velocity 70
time 24
note_on 70
velocity 0
time 15
note_on 58
velocity 0
time 16
note_on 55
velocity 69
time 11
note_on 55
velocity 0
time 3
note_on 51
velocity 67
time 80
note_on 51
velocity 0
time 174
note_on 67
velocity 75
time 15
note_on 75
velocity 80
time 192
note_on 67
velocity 0
time 44
note_on 75
velocity 0
time 70
note_on 65
velocity 60
time 87
note_on 75
velocity 62
time 11
note_on 74
velocity 63
time 209
note_on 58
velocity 47
time 5
note_on 75
velocity 0
time 42
note_on 57
velocity 62
time 148
note_on 58
velocity 0
time 3
note_on 57
velocity 0
time 166
note_on 58
velocity 63
time 48
note_on 65
velocity 0
time 37
note_on 58
velocity 0
time 22
note_on 74
velocity 0
time 15
note_on 53
velocity 56
time 128
note_on 53
velocity 0
time 82
note_on 50
velocity 55
time 109
note_on 50
velocity 0
time 134
note_on 46
velocity 53
time 71
note_on 46
velocity 0
time 106
note_on 65
velocity 58
time 87
note_on 67
velocity 62
time 174
note_on 65
velocity 0
time 1
note_on 68
velocity 69
time 226
note_on 53
velocity 54
time 1
note_on 67
velocity 0
time 28
note_on 53
velocity 0
time 80
note_on 60
velocity 66
time 96
note_on 68
velocity 0
time 5
note_on 63
velocity 62
time 167
note_on 60
velocity 0
time 2
note_on 58
velocity 55
time 214
note_on 62
velocity 73
time 18
note_on 63
velocity 0
time 36
note_on 58
velocity 0
time 67
note_on 65
velocity 64
time 96
note_on 62
velocity 0
time 199
note_on 70
velocity 66
time 2
note_on 65
velocity 0
time 49
note_on 50
velocity 47
time 162
note_on 58
velocity 69
time 1
note_on 70
velocity 0
time 37
note_on 50
velocity 0
time 109
note_on 65
velocity 65
time 50
note_on 58
velocity 0
time 95
note_on 68
velocity 69
time 102
note_on 65
velocity 0
time 36
note_on 68
velocity 0
time 84
note_on 68
velocity 60
time 101
note_on 58
velocity 49
time 18
note_on 63
velocity 51
time 5
note_on 51
velocity 45
time 183
note_on 67
velocity 58
time 27
note_on 68
velocity 0
time 88
note_on 50
velocity 67
time 100
note_on 51
velocity 0
time 15
note_on 50
velocity 0
time 167
note_on 51
velocity 75
time 20
note_on 51
velocity 0
time 54
note_on 67
velocity 0
time 87
note_on 58
velocity 0
time 2
note_on 63
velocity 0
time 50
note_on 46
velocity 64
time 2
note_on 46
velocity 0
time 65
note_on 43
velocity 51
time 132
note_on 43
velocity 0
time 75
note_on 39
velocity 46
time 161
note_on 39
velocity 0
time 188
note_on 51
velocity 52
time 6
note_on 51
velocity 0
time 195
note_on 50
velocity 52
time 16
note_on 51
velocity 58
time 188
note_on 50
velocity 0
time 49
note_on 51
velocity 0
time 131
note_on 55
velocity 53
time 7
note_on 55
velocity 0
time 197
note_on 53
velocity 55
time 7
note_on 53
velocity 0
time 182
note_on 55
velocity 61
time 28
note_on 55
velocity 0
time 182
note_on 58
velocity 62
time 2
note_on 58
velocity 0
time 71
note_on 56
velocity 62
time 122
note_on 39
velocity 58
time 5
note_on 39
velocity 0
time 57
note_on 56
velocity 0
time 35
note_on 51
velocity 70
time 98
note_on 58
velocity 63
time 2
note_on 39
velocity 56
time 1
note_on 51
velocity 0
time 55
note_on 39
velocity 0
time 11
note_on 61
velocity 61
time 153
note_on 58
velocity 0
time 2
note_on 61
velocity 0
time 37
note_on 49
velocity 62
time 72
note_on 55
velocity 61
time 7
note_on 39
velocity 43
time 5
note_on 49
velocity 0
time 29
note_on 39
velocity 0
time 7
note_on 55
velocity 0
time 29
note_on 48
velocity 54
time 108
note_on 56
velocity 65
time 0
note_on 39
velocity 42
time 6
note_on 60
velocity 69
time 205
note_on 56
velocity 0
time 11
note_on 51
velocity 67
time 179
note_on 58
velocity 68
time 7
note_on 60
velocity 0
time 0
note_on 48
velocity 0
time 3
note_on 39
velocity 0
time 135
note_on 58
velocity 0
time 36
note_on 44
velocity 63
time 5
note_on 60
velocity 69
time 7
note_on 51
velocity 0
time 10
note_on 44
velocity 0
time 117
note_on 63
velocity 69
time 62
note_on 60
velocity 0
time 15
note_on 63
velocity 0
time 72
note_on 61
velocity 72
time 114
note_on 46
velocity 64
time 11
note_on 39
velocity 56
time 7
note_on 46
velocity 0
time 18
note_on 61
velocity 0
time 2
note_on 39
velocity 0
time 6
note_on 63
velocity 75
time 2
note_on 48
velocity 69
time 11
note_on 39
velocity 56
time 10
note_on 48
velocity 0
time 83
note_on 39
velocity 0
time 29
note_on 68
velocity 71
time 66
note_on 63
velocity 0
time 29
note_on 68
velocity 0
time 9
note_on 44
velocity 61
time 36
note_on 60
velocity 68
time 15
note_on 39
velocity 46
time 3
note_on 44
velocity 0
time 6
note_on 39
velocity 0
time 16
note_on 60
velocity 0
time 29
note_on 62
velocity 71
time 9
note_on 51
velocity 55
time 11
note_on 52
velocity 22
time 7
note_on 53
velocity 15
time 6
note_on 52
velocity 0
time 16
note_on 65
velocity 74
time 84
note_on 62
velocity 0
time 45
note_on 53
velocity 0
time 65
note_on 51
velocity 0
time 46
note_on 63
velocity 74
time 35
note_on 56
velocity 65
time 1
note_on 65
velocity 0
time 9
note_on 50
velocity 70
time 20
note_on 56
velocity 0
time 1
note_on 63
velocity 0
time 5
note_on 65
velocity 79
time 0
note_on 50
velocity 0
time 143
note_on 68
velocity 78
time 67
note_on 65
velocity 0
time 3
note_on 68
velocity 0
time 44
note_on 51
velocity 76
time 89
note_on 67
velocity 83
time 2
note_on 51
velocity 0
time 35
note_on 67
velocity 0
time 3
note_on 68
velocity 83
time 54
note_on 53
velocity 73
time 10
note_on 53
velocity 0
time 18
note_on 77
velocity 76
time 23
note_on 68
velocity 0
time 10
note_on 77
velocity 0
time 15
note_on 50
velocity 67
time 0
note_on 39
velocity 56
time 6
note_on 46
velocity 57
time 6
note_on 68
velocity 80
time 1
note_on 50
velocity 0
time 20
note_on 39
velocity 0
time 5
note_on 46
velocity 0
time 1
note_on 68
velocity 0
time 9
note_on 51
velocity 73
time 88
note_on 67
velocity 78
time 14
note_on 39
velocity 56
time 9
note_on 46
velocity 60
time 0
note_on 39
velocity 0
time 2
note_on 51
velocity 0
time 9
note_on 46
velocity 0
time 19
note_on 70
velocity 81
time 28
note_on 67
velocity 0
time 28
note_on 68
velocity 83
time 5
note_on 53
velocity 72
time 3
note_on 70
velocity 0
time 13
note_on 53
velocity 0
time 40
note_on 70
velocity 84
time 98
note_on 55
velocity 76
time 1
note_on 68
velocity 0
time 61
note_on 55
velocity 0
time 53
note_on 75
velocity 84
time 82
note_on 70
velocity 0
time 40
note_on 75
velocity 0
time 67
note_on 74
velocity 84
time 95
note_on 58
velocity 73
time 14
note_on 58
velocity 0
time 53
note_on 74
velocity 0
time 0
note_on 55
velocity 73
time 101
note_on 75
velocity 91
time 2
note_on 55
velocity 0
time 92
note_on 79
velocity 86
time 100
note_on 75
velocity 0
time 5
note_on 79
velocity 0
time 71
note_on 50
velocity 74
time 109
note_on 77
velocity 82
time 5
note_on 50
velocity 0
time 82
note_on 77
velocity 0
time 9
note_on 51
velocity 70
time 106
note_on 79
velocity 76
time 0
note_on 51
velocity 0
time 6
note_on 75
velocity 82
time 44
note_on 79
velocity 0
time 27
note_on 55
velocity 67
time 113
note_on 74
velocity 76
time 1
note_on 75
velocity 0
time 14
note_on 55
velocity 0
time 63
note_on 48
velocity 57
time 105
note_on 75
velocity 75
time 15
note_on 74
velocity 0
time 44
note_on 48
velocity 0
time 63
note_on 72
velocity 73
time 48
note_on 50
velocity 61
time 78
note_on 70
velocity 74
time 10
note_on 72
velocity 0
time 48
note_on 50
velocity 0
time 23
note_on 51
velocity 72
time 119
note_on 72
velocity 80
time 11
note_on 70
velocity 0
time 24
note_on 51
velocity 0
time 59
note_on 50
velocity 63
time 10
note_on 50
velocity 0
time 67
note_on 48
velocity 70
time 14
note_on 69
velocity 72
time 0
note_on 48
velocity 0
time 16
note_on 50
velocity 63
time 14
note_on 69
velocity 0
time 53
note_on 50
velocity 0
time 11
note_on 67
velocity 72
time 6
note_on 51
velocity 69
time 7
note_on 51
velocity 0
time 5
note_on 41
velocity 66
time 105
note_on 69
velocity 63
time 40
note_on 67
velocity 0
time 7
note_on 41
velocity 0
time 1
note_on 65
velocity 73
time 194
note_on 63
velocity 81
time 184
note_on 65
velocity 0
time 29
note_on 63
velocity 0
time 130
note_on 65
velocity 81
time 44
note_on 75
velocity 0
time 63
note_on 65
velocity 0
time 2
note_on 69
velocity 0
time 13
note_on 72
velocity 0
time 20
note_on 60
velocity 79
time 80
note_on 60
velocity 0
time 50
note_on 57
velocity 70
time 122
note_on 57
velocity 0
time 85
note_on 53
velocity 75
time 117
note_on 53
velocity 0
time 72
note_on 69
velocity 80
time 65
note_on 75
velocity 81
time 31
note_on 69
velocity 0
time 14
note_on 58
velocity 60
time 156
note_on 74
velocity 77
time 0
note_on 75
velocity 0
time 52
note_on 58
velocity 0
time 41
note_on 70
velocity 73
time 106
note_on 74
velocity 0
time 32
note_on 70
velocity 0
time 143
note_on 65
velocity 72
time 14
note_on 51
velocity 58
time 53
note_on 67
velocity 68
time 19
note_on 65
velocity 0
time 2
note_on 51
velocity 0
time 3
note_on 67
velocity 0
time 122
note_on 63
velocity 64
time 3
note_on 63
velocity 0
time 173
note_on 62
velocity 57
time 18
note_on 62
velocity 0
time 207
note_on 60
velocity 64
time 13
note_on 53
velocity 56
time 7
note_on 53
velocity 0
time 14
note_on 70
velocity 54
time 111
note_on 70
velocity 0
time 173
note_on 69
velocity 53
time 11
note_on 60
velocity 0
time 24
note_on 70
velocity 56
time 178
note_on 62
velocity 43
time 10
note_on 69
velocity 0
time 16
note_on 58
velocity 47
time 179
note_on 57
velocity 59
time 174
note_on 58
velocity 0
time 15
note_on 57
velocity 0
time 144
note_on 58
velocity 63
time 48
note_on 62
velocity 0
time 66
note_on 70
velocity 0
time 15
note_on 58
velocity 0
time 1
note_on 53
velocity 54
time 130
note_on 53
velocity 0
time 55
note_on 50
velocity 53
time 127
note_on 50
velocity 0
time 71
note_on 46
velocity 46
time 140
note_on 46
velocity 0
time 186
note_on 58
velocity 53
time 18
note_on 58
velocity 0
time 183
note_on 57
velocity 55
time 20
note_on 58
velocity 59
time 217
note_on 57
velocity 0
time 32
note_on 58
velocity 0
time 11
note_on 62
velocity 52
time 15
note_on 46
velocity 42
time 19
note_on 62
velocity 0
time 93
note_on 46
velocity 0
time 11
note_on 60
velocity 58
time 3
note_on 45
velocity 55
time 1
note_on 60
velocity 0
time 104
note_on 46
velocity 58
time 11
note_on 62
velocity 61
time 3
note_on 45
velocity 0
time 10
note_on 46
velocity 0
time 113
note_on 62
velocity 0
time 54
note_on 65
velocity 62
time 10
note_on 50
velocity 48
time 1
note_on 50
velocity 0
time 65
note_on 65
velocity 0
time 14
note_on 48
velocity 58
time 119
note_on 63
velocity 64
time 11
note_on 46
velocity 43
time 14
note_on 48
velocity 0
time 36
note_on 46
velocity 0
time 9
note_on 63
velocity 0
time 31
note_on 46
velocity 54
time 89
note_on 50
velocity 63
time 0
note_on 65
velocity 70
time 7
note_on 46
velocity 0
time 121
note_on 50
velocity 0
time 2
note_on 53
velocity 58
time 24
note_on 68
velocity 64
time 2
note_on 65
velocity 0
time 3
note_on 53
velocity 0
time 16
note_on 68
velocity 0
time 28
note_on 46
velocity 60
time 14
note_on 56
velocity 65
time 2
note_on 62
velocity 58
time 20
note_on 46
velocity 0
time 32
note_on 62
velocity 0
time 23
note_on 56
velocity 0
time 3
note_on 46
velocity 59
time 126
note_on 55
velocity 68
time 18
note_on 63
velocity 59
time 9
note_on 46
velocity 0
time 95
note_on 55
velocity 0
time 22
note_on 67
velocity 68
time 29
note_on 63
velocity 0
time 3
note_on 58
velocity 64
time 2
note_on 67
velocity 0
time 170
note_on 65
velocity 67
time 1
note_on 56
velocity 68
time 24
note_on 58
velocity 0
time 3
note_on 65
velocity 0
time 130
note_on 67
velocity 73
time 13
note_on 58
velocity 69
time 10
note_on 56
velocity 0
time 14
note_on 58
velocity 0
time 131
note_on 70
velocity 68
time 37
note_on 67
velocity 0
time 16
note_on 55
velocity 66
time 1
note_on 55
velocity 0
time 78
note_on 70
velocity 0
time 1
note_on 53
velocity 63
time 111
note_on 68
velocity 75
time 1
note_on 46
velocity 54
time 2
note_on 46
velocity 0
time 66
note_on 53
velocity 0
time 11
note_on 68
velocity 0
time 13
note_on 46
velocity 69
time 15
note_on 55
velocity 74
time 3
note_on 70
velocity 79
time 0
note_on 46
velocity 0
time 95
note_on 75
velocity 75
time 0
note_on 55
velocity 0
time 14
note_on 58
velocity 73
time 2
note_on 70
velocity 0
time 15
note_on 58
velocity 0
time 18
note_on 75
velocity 0
time 10
note_on 58
velocity 59
time 39
note_on 67
velocity 74
time 7
note_on 63
velocity 73
time 1
note_on 63
velocity 0
time 0
note_on 58
velocity 0
time 32
note_on 67
velocity 0
time 3
note_on 60
velocity 67
time 110
note_on 69
velocity 77
time 2
note_on 58
velocity 50
time 15
note_on 72
velocity 77
time 191
note_on 63
velocity 68
time 16
note_on 69
velocity 0
time 22
note_on 60
velocity 0
time 76
note_on 58
velocity 0
time 11
note_on 70
velocity 78
time 31
note_on 62
velocity 75
time 15
note_on 72
velocity 0
time 23
note_on 63
velocity 0
time 3
note_on 62
velocity 0
time 53
note_on 63
velocity 78
time 0
note_on 70
velocity 0
time 11
note_on 72
velocity 84
time 0
note_on 75
velocity 84
time 194
note_on 60
velocity 74
time 3
note_on 63
velocity 0
time 14
note_on 72
velocity 0
time 1
note_on 60
velocity 0
time 52
note_on 75
velocity 0
time 24
note_on 58
velocity 77
time 89
note_on 74
velocity 82
time 6
note_on 74
velocity 0
time 29
note_on 58
velocity 0
time 1
note_on 60
velocity 79
time 80
note_on 75
velocity 89
time 5
note_on 60
velocity 0
time 158
note_on 84
velocity 76
time 28
note_on 58
velocity 73
time 20
note_on 75
velocity 0
time 6
note_on 58
velocity 0
time 22
note_on 84
velocity 0
time 27
note_on 75
velocity 82
time 104
note_on 57
velocity 73
time 11
note_on 46
velocity 68
time 2
note_on 53
velocity 64
time 7
note_on 57
velocity 0
time 49
note_on 46
velocity 0
time 14
note_on 53
velocity 0
time 11
note_on 75
velocity 0
time 2
note_on 58
velocity 76
time 15
note_on 74
velocity 78
time 0
note_on 53
velocity 66
time 5
note_on 46
velocity 49
time 19
note_on 53
velocity 0
time 18
note_on 46
velocity 0
time 20
note_on 58
velocity 0
time 0
note_on 74
velocity 0
time 19
note_on 62
velocity 72
time 114
note_on 70
velocity 68
time 5
note_on 60
velocity 79
time 5
note_on 69
velocity 80
time 3
note_on 70
velocity 0
time 18
note_on 62
velocity 0
time 16
note_on 62
velocity 83
time 141
note_on 70
velocity 79
time 5
note_on 60
velocity 0
time 44
note_on 69
velocity 0
time 3
note_on 62
velocity 0
time 117
note_on 65
velocity 78
time 15
note_on 74
velocity 81
time 1
note_on 70
velocity 0
time 11
note_on 65
velocity 0
time 29
note_on 74
velocity 0
time 13
note_on 63
velocity 78
time 55
note_on 72
velocity 89
time 2
note_on 72
velocity 0
time 46
note_on 63
velocity 0
time 11
note_on 74
velocity 89
time 44
note_on 65
velocity 79
time 3
note_on 65
velocity 0
time 138
note_on 77
velocity 88
time 57
note_on 68
velocity 76
time 7
note_on 74
velocity 0
time 6
note_on 77
velocity 0
time 28
note_on 68
velocity 0
time 1
note_on 75
velocity 85
time 5
note_on 67
velocity 73
time 14
note_on 67
velocity 0
time 10
note_on 75
velocity 0
time 59
note_on 68
velocity 79
time 160
note_on 77
velocity 73
time 2
note_on 74
velocity 65
time 3
note_on 58
velocity 66
time 214
note_on 57
velocity 77
time 186
note_on 58
velocity 0
time 42
note_on 57
velocity 0
time 0
note_on 58
velocity 77
time 18
note_on 58
velocity 0
time 72
note_on 77
velocity 0
time 33
note_on 68
velocity 0
time 9
note_on 74
velocity 0
time 33
note_on 53
velocity 63
time 24
note_on 53
velocity 0
time 31
note_on 50
velocity 60
time 45
note_on 50
velocity 0
time 5
note_on 46
velocity 51
time 31
note_on 46
velocity 0
time 132
note_on 67
velocity 51
time 80
note_on 63
velocity 48
time 6
note_on 63
velocity 0
time 67
note_on 65
velocity 56
time 10
note_on 67
velocity 0
time 2
note_on 62
velocity 51
time 1
note_on 67
velocity 52
time 140
note_on 62
velocity 0
time 1
note_on 63
velocity 49
time 3
note_on 65
velocity 0
time 7
note_on 58
velocity 55
time 179
note_on 58
velocity 0
time 3
note_on 56
velocity 52
time 11
note_on 56
velocity 0
time 72
note_on 58
velocity 57
time 6
note_on 63
velocity 0
time 20
note_on 67
velocity 0
time 16
note_on 58
velocity 0
time 31
note_on 55
velocity 55
time 123
note_on 55
velocity 0
time 72
note_on 51
velocity 58
time 138
note_on 51
velocity 0
time 48
note_on 46
velocity 45
time 113
note_on 46
velocity 0
time 76
note_on 74
velocity 61
time 123
note_on 65
velocity 57
time 7
note_on 65
velocity 0
time 63
note_on 74
velocity 0
time 101
note_on 75
velocity 60
time 18
note_on 67
velocity 54
time 40
note_on 67
velocity 0
time 83
note_on 77
velocity 68
time 7
note_on 75
velocity 0
time 5
note_on 68
velocity 52
time 19
note_on 46
velocity 52
time 187
note_on 46
velocity 0
time 162
note_on 45
velocity 51
time 16
note_on 46
velocity 62
time 174
note_on 45
velocity 0
time 3
note_on 77
velocity 0
time 13
note_on 68
velocity 0
time 20
note_on 46
velocity 0
time 58
note_on 50
velocity 61
time 22
note_on 50
velocity 0
time 49
note_on 77
velocity 69
time 7
note_on 48
velocity 55
time 15
note_on 68
velocity 42
time 24
note_on 48
velocity 0
time 39
note_on 68
velocity 0
time 9
note_on 77
velocity 0
time 23
note_on 50
velocity 70
time 19
note_on 68
velocity 68
time 10
note_on 71
velocity 74
time 5
note_on 50
velocity 0
time 121
note_on 53
velocity 64
time 44
note_on 71
velocity 0
time 1
note_on 68
velocity 0
time 7
note_on 53
velocity 0
time 42
note_on 72
velocity 71
time 132
note_on 51
velocity 68
time 1
note_on 65
velocity 69
time 3
note_on 68
velocity 45
time 22
note_on 65
velocity 0
time 36
note_on 68
velocity 0
time 15
note_on 72
velocity 0
time 16
note_on 51
velocity 0
time 13
note_on 53
velocity 71
time 78
note_on 62
velocity 74
time 5
note_on 68
velocity 64
time 0
note_on 71
velocity 72
time 0
note_on 53
velocity 0
time 136
note_on 56
velocity 71
time 79
note_on 56
velocity 0
time 76
note_on 62
velocity 0
time 33
note_on 71
velocity 0
time 13
note_on 68
velocity 0
time 46
note_on 55
velocity 77
time 3
note_on 55
velocity 0
time 102
note_on 56
velocity 81
time 98
note_on 56
velocity 0
time 65
note_on 59
velocity 73
time 82
note_on 62
velocity 63
time 41
note_on 59
velocity 0
time 39
note_on 47
velocity 78
time 48
note_on 65
velocity 69
time 10
note_on 62
velocity 0
time 9
note_on 47
velocity 0
time 54
note_on 63
velocity 70
time 26
note_on 65
velocity 0
time 26
note_on 62
velocity 76
time 41
note_on 63
velocity 0
time 22
note_on 62
velocity 0
time 62
note_on 48
velocity 76
time 98
note_on 63
velocity 74
time 14
note_on 48
velocity 0
time 37
note_on 63
velocity 0
time 15
note_on 67
velocity 68
time 39
note_on 67
velocity 0
time 97
note_on 72
velocity 68
time 1
note_on 72
velocity 0
time 105
note_on 75
velocity 64
time 63
note_on 60
velocity 59
time 14
note_on 60
velocity 0
time 55
note_on 75
velocity 0
time 119
note_on 74
velocity 58
time 3
note_on 72
velocity 58
time 203
note_on 74
velocity 0
time 0
note_on 72
velocity 0
time 114
note_on 58
velocity 59
time 63
note_on 58
velocity 0
time 97
note_on 63
velocity 62
time 118
note_on 72
velocity 65
time 114
note_on 63
velocity 0
time 10
note_on 72
velocity 0
time 167
note_on 56
velocity 56
time 7
note_on 65
velocity 67
time 19
note_on 56
velocity 0
time 53
note_on 65
velocity 0
time 20
note_on 68
velocity 69
time 100
note_on 68
velocity 0
time 97
note_on 72
velocity 66
time 83
note_on 72
velocity 0
time 106
note_on 44
velocity 55
time 87
note_on 75
velocity 64
time 15
note_on 44
velocity 0
time 58
note_on 74
velocity 62
time 1
note_on 75
velocity 0
time 2
note_on 72
velocity 62
time 130
note_on 74
velocity 0
time 13
note_on 72
velocity 0
time 9
note_on 51
velocity 62
time 65
note_on 51
velocity 0
time 46
note_on 67
velocity 70
time 5
note_on 72
velocity 77
time 102
note_on 67
velocity 0
time 44
note_on 68
velocity 77
time 41
note_on 53
velocity 68
time 5
note_on 72
velocity 0
time 26
note_on 53
velocity 0
time 50
note_on 68
velocity 0
time 23
note_on 71
velocity 79
time 9
note_on 71
velocity 0
time 84
note_on 72
velocity 77
time 88
note_on 72
velocity 0
time 87
note_on 54
velocity 70
time 113
note_on 75
velocity 78
time 1
note_on 54
velocity 0
time 69
note_on 74
velocity 71
time 65
note_on 75
velocity 0
time 40
note_on 72
velocity 69
time 147
note_on 74
velocity 0
time 33
note_on 72
velocity 0
time 98
note_on 55
velocity 69
time 71
note_on 55
velocity 0
time 16
note_on 65
velocity 68
time 45
note_on 71
velocity 73
time 42
note_on 65
velocity 0
time 0
note_on 71
velocity 0
time 85
note_on 72
velocity 72
time 97
note_on 48
velocity 55
time 1
note_on 67
velocity 73
time 145
note_on 72
velocity 0
time 31
note_on 63
velocity 74
time 162
note_on 67
velocity 0
time 22
note_on 60
velocity 72
time 31
note_on 63
velocity 0
time 0
note_on 51
velocity 69
time 154
note_on 48
velocity 0
time 22
note_on 60
velocity 0
time 108
note_on 55
velocity 72
time 33
note_on 51
velocity 0
time 44
note_on 58
velocity 79
time 173
note_on 55
velocity 0
time 3
note_on 57
velocity 69
time 175
note_on 58
velocity 0
time 41
note_on 55
velocity 68
time 144
note_on 57
velocity 0
time 3
note_on 57
velocity 63
time 136
note_on 55
velocity 0
time 26
note_on 75
velocity 72
time 190
note_on 57
velocity 0
time 177
note_on 74
velocity 73
time 9
note_on 75
velocity 0
time 46
note_on 75
velocity 79
time 58
note_on 74
velocity 0
time 29
note_on 75
velocity 0
time 76
note_on 72
velocity 65
time 83
note_on 72
velocity 0
time 85
note_on 69
velocity 64
time 111
note_on 69
velocity 0
time 76
note_on 65
velocity 63
time 138
note_on 60
velocity 50
time 200
note_on 65
velocity 0
time 102
note_on 53
velocity 47
time 101
note_on 60
velocity 0
time 0
note_on 58
velocity 54
time 218
note_on 53
velocity 0
time 20
note_on 65
velocity 64
time 183
note_on 65
velocity 0
time 63
note_on 63
velocity 65
time 113
note_on 63
velocity 0
time 61
note_on 65
velocity 62
time 156
note_on 58
velocity 0
time 59
note_on 70
velocity 53
time 138
note_on 72
velocity 60
time 199
note_on 72
velocity 0
time 218
note_on 73
velocity 57
time 0
note_on 56
velocity 45
time 218
note_on 53
velocity 49
time 104
note_on 65
velocity 0
time 9
note_on 56
velocity 0
time 46
note_on 73
velocity 0
time 40
note_on 55
velocity 50
time 96
note_on 53
velocity 0
time 98
note_on 70
velocity 0
time 18
note_on 73
velocity 62
time 59
note_on 55
velocity 0
time 195
note_on 72
velocity 74
time 0
note_on 73
velocity 0
time 31
note_on 73
velocity 76
time 140
note_on 72
velocity 0
time 36
note_on 73
velocity 0
time 66
note_on 70
velocity 71
time 87
note_on 70
velocity 0
time 96
note_on 67
velocity 65
time 104
note_on 67
velocity 0
time 91
note_on 63
velocity 59
time 117
note_on 58
velocity 42
time 203
note_on 63
velocity 0
time 147
note_on 51
velocity 43
time 63
note_on 58
velocity 0
time 88
note_on 56
velocity 42
time 138
note_on 51
velocity 0
time 61
note_on 63
velocity 47
time 135
note_on 63
velocity 0
time 71
note_on 61
velocity 50
time 122
note_on 61
velocity 0
time 71
note_on 63
velocity 61
time 125
note_on 56
velocity 0
time 167
note_on 68
velocity 55
time 23
note_on 70
velocity 48
time 201
note_on 72
velocity 55
time 205
note_on 70
velocity 0
time 35
note_on 55
velocity 37
time 170
note_on 51
velocity 41
time 95
note_on 68
velocity 0
time 35
note_on 55
velocity 0
time 20
note_on 72
velocity 0
time 22
note_on 63
velocity 0
time 7
note_on 53
velocity 48
time 132
note_on 51
velocity 0
time 18
note_on 62
velocity 45
time 199
note_on 53
velocity 0
time 31
note_on 62
velocity 0
time 134
note_on 68
velocity 53
time 19
note_on 72
velocity 59
time 117
note_on 68
velocity 0
time 7
note_on 70
velocity 56
time 217
note_on 72
velocity 0
time 0
note_on 68
velocity 54
time 191
note_on 70
velocity 0
time 22
note_on 55
velocity 52
time 149
note_on 68
velocity 0
time 2
note_on 55
velocity 0
time 53
note_on 61
velocity 51
time 18
note_on 70
velocity 59
time 207
note_on 61
velocity 0
time 106
note_on 52
velocity 55
time 110
note_on 70
velocity 0
time 19
note_on 60
velocity 59
time 35
note_on 52
velocity 0
time 58
note_on 67
velocity 63
time 152
note_on 60
velocity 0
time 16
note_on 70
velocity 65
time 42
note_on 67
velocity 0
time 11
note_on 68
velocity 65
time 179
note_on 70
velocity 0
time 37
note_on 67
velocity 64
time 169
note_on 68
velocity 0
time 45
note_on 67
velocity 0
time 167
note_on 53
velocity 57
time 11
note_on 60
velocity 61
time 210
note_on 53
velocity 0
time 16
note_on 68
velocity 65
time 174
note_on 60
velocity 0
time 15
note_on 50
velocity 67
time 140
note_on 68
velocity 0
time 28
note_on 58
velocity 66
time 200
note_on 50
velocity 0
time 55
note_on 68
velocity 71
time 127
note_on 58
velocity 0
time 58
note_on 68
velocity 0
time 87
note_on 51
velocity 73
time 31
note_on 68
velocity 73
time 210
note_on 51
velocity 0
time 29
note_on 67
velocity 70
time 153
note_on 68
velocity 0
time 41
note_on 67
velocity 0
time 102
note_on 45
velocity 58
time 42
note_on 72
velocity 56
time 205
note_on 45
velocity 0
time 28
note_on 63
velocity 51
time 169
note_on 72
velocity 0
time 7
note_on 63
velocity 0
time 134
note_on 46
velocity 41
time 76
note_on 62
velocity 51
time 205
note_on 60
velocity 51
time 11
note_on 62
velocity 0
time 11
note_on 46
velocity 0
time 11
note_on 60
velocity 0
time 52
note_on 62
velocity 60
time 1
note_on 50
velocity 46
time 18
note_on 58
velocity 60
time 1
note_on 62
velocity 0
time 3
note_on 50
velocity 0
time 1
note_on 58
velocity 0
time 3
note_on 48
velocity 47
time 9
note_on 57
velocity 62
time 7
note_on 48
velocity 0
time 50
note_on 57
velocity 0
time 0
note_on 58
velocity 65
time 9
note_on 50
velocity 55
time 7
note_on 58
velocity 0
time 80
note_on 50
velocity 0
time 39
note_on 62
velocity 59
time 80
note_on 53
velocity 60
time 7
note_on 62
velocity 0
time 70
note_on 53
velocity 0
time 1
note_on 65
velocity 58
time 10
note_on 56
velocity 48
time 3
note_on 65
velocity 0
time 76
note_on 56
velocity 0
time 16
note_on 46
velocity 49
time 100
note_on 68
velocity 68
time 2
note_on 50
velocity 52
time 200
note_on 65
velocity 64
time 2
note_on 68
velocity 0
time 6
note_on 46
velocity 0
time 3
note_on 48
velocity 54
time 178
note_on 63
velocity 64
time 10
note_on 50
velocity 0
time 16
note_on 65
velocity 0
time 2
note_on 50
velocity 63
time 182
note_on 48
velocity 0
time 11
note_on 65
velocity 65
time 0
note_on 63
velocity 0
time 16
note_on 50
velocity 0
time 13
note_on 62
velocity 63
time 1
note_on 53
velocity 67
time 7
note_on 65
velocity 0
time 9
note_on 60
velocity 68
time 24
note_on 62
velocity 0
time 10
note_on 51
velocity 71
time 2
note_on 53
velocity 0
time 24
note_on 62
velocity 70
time 10
note_on 60
velocity 0
time 7
note_on 53
velocity 70
time 2
note_on 51
velocity 0
time 13
note_on 62
velocity 0
time 44
note_on 53
velocity 0
time 5
note_on 65
velocity 71
time 44
note_on 50
velocity 62
time 11
note_on 50
velocity 0
time 49
note_on 65
velocity 0
time 0
note_on 68
velocity 78
time 70
note_on 46
velocity 67
time 3
note_on 46
velocity 0
time 28
note_on 68
velocity 0
time 23
note_on 72
velocity 77
time 97
note_on 63
velocity 67
time 15
note_on 72
velocity 0
time 20
note_on 62
velocity 63
time 15
note_on 63
velocity 0
time 3
note_on 53
velocity 61
time 5
note_on 53
velocity 0
time 74
note_on 43
velocity 66
time 114
note_on 70
velocity 67
time 2
note_on 62
velocity 0
time 54
note_on 61
velocity 59
time 170
note_on 43
velocity 0
time 75
note_on 70
velocity 0
time 11
note_on 51
velocity 60
time 98
note_on 60
velocity 59
time 13
note_on 61
velocity 0
time 3
note_on 51
velocity 0
time 67
note_on 41
velocity 70
time 91
note_on 68
velocity 64
time 36
note_on 60
velocity 0
time 54
note_on 41
velocity 0
time 72
note_on 59
velocity 55
time 83
note_on 68
velocity 0
time 19
note_on 50
velocity 53
time 156
note_on 59
velocity 0
time 20
note_on 58
velocity 55
time 6
note_on 50
velocity 0
time 50
note_on 58
velocity 0
time 127
note_on 39
velocity 50
time 16
note_on 67
velocity 53
time 210
note_on 39
velocity 0
time 97
note_on 67
velocity 0
time 88
note_on 65
velocity 62
time 2
note_on 67
velocity 65
time 26
note_on 65
velocity 0
time 13
note_on 67
velocity 0
time 130
note_on 55
velocity 44
time 6
note_on 63
velocity 63
time 0
note_on 55
velocity 0
time 177
note_on 53
velocity 55
time 6
note_on 62
velocity 62
time 16
note_on 63
velocity 0
time 19
note_on 62
velocity 0
time 5
note_on 53
velocity 0
time 11
note_on 55
velocity 58
time 7
note_on 63
velocity 69
time 35
note_on 55
velocity 0
time 40
note_on 63
velocity 0
time 29
note_on 58
velocity 58
time 85
note_on 67
velocity 58
time 14
note_on 58
velocity 0
time 45
note_on 67
velocity 0
time 24
note_on 61
velocity 52
time 71
note_on 70
velocity 60
time 3
note_on 70
velocity 0
time 58
note_on 61
velocity 0
time 18
note_on 51
velocity 53
time 117
note_on 73
velocity 65
time 6
note_on 55
velocity 62
time 139
note_on 70
velocity 67
time 7
note_on 51
velocity 0
time 3
note_on 73
velocity 0
time 44
note_on 53
velocity 58
time 49
note_on 68
velocity 73
time 3
note_on 55
velocity 0
time 2
note_on 70
velocity 0
time 29
note_on 55
velocity 62
time 61
note_on 70
velocity 75
time 14
note_on 53
velocity 0
time 10
note_on 68
velocity 0
time 18
note_on 58
velocity 68
time 171
note_on 67
velocity 72
time 5
note_on 55
velocity 0
time 7
note_on 70
velocity 0
time 31
note_on 56
velocity 73
time 148
note_on 65
velocity 73
time 0
note_on 58
velocity 0
time 10
note_on 67
velocity 0
time 5
note_on 67
velocity 73
time 180
note_on 58
velocity 71
time 19
note_on 65
velocity 0
time 15
note_on 56
velocity 0
time 1
note_on 58
velocity 0
time 69
note_on 67
velocity 0
time 10
note_on 70
velocity 80
time 74
note_on 55
velocity 69
time 7
note_on 55
velocity 0
time 46
note_on 70
velocity 0
time 11
note_on 51
velocity 72
time 100
note_on 73
velocity 77
time 0
note_on 51
velocity 0
time 13
note_on 73
velocity 0
time 54
note_on 77
velocity 82
time 101
note_on 68
velocity 70
time 62
note_on 77
velocity 0
time 27
note_on 67
velocity 61
time 170
note_on 58
velocity 68
time 10
note_on 68
velocity 0
time 14
note_on 58
velocity 0
time 45
note_on 48
velocity 75
time 39
note_on 75
velocity 72
time 7
note_on 67
velocity 0
time 65
note_on 66
velocity 62
time 128
note_on 75
velocity 0
time 80
note_on 48
velocity 0
time 89
note_on 56
velocity 54
time 20
note_on 65
velocity 63
time 0
note_on 66
velocity 0
time 0
note_on 56
velocity 0
time 58
note_on 46
velocity 59
time 131
note_on 73
velocity 65
time 6
note_on 65
velocity 0
time 36
note_on 64
velocity 56
time 157
note_on 46
velocity 0
time 23
note_on 73
velocity 0
time 23
note_on 64
velocity 0
time 139
note_on 55
velocity 51
time 11
note_on 63
velocity 54
time 3
note_on 55
velocity 0
time 83
note_on 44
velocity 49
time 62
note_on 63
velocity 0
time 1
note_on 72
velocity 56
time 98
note_on 44
velocity 0
time 84
note_on 70
velocity 58
time 111
note_on 72
velocity 0
time 5
note_on 72
velocity 64
time 96
note_on 70
velocity 0
time 1
note_on 68
velocity 61
time 191
note_on 60
velocity 49
time 3
note_on 72
velocity 0
time 16
note_on 60
velocity 0
time 13
note_on 67
velocity 65
time 9
note_on 68
velocity 0
time 3
note_on 58
velocity 52
time 10
note_on 58
velocity 0
time 169
note_on 68
velocity 70
time 3
note_on 60
velocity 58
time 10
note_on 67
velocity 0
time 5
note_on 60
velocity 0
time 40
note_on 68
velocity 0
time 26
note_on 72
velocity 66
time 108
note_on 72
velocity 0
time 75
note_on 75
velocity 71
time 48
note_on 75
velocity 0
time 41
note_on 79
velocity 71
time 28
note_on 70
velocity 65
time 87
note_on 79
velocity 0
time 35
note_on 48
velocity 53
time 22
note_on 69
velocity 68
time 2
note_on 70
velocity 0
time 11
note_on 48
velocity 0
time 48
note_on 62
velocity 73
time 109
note_on 77
velocity 74
time 7
note_on 69
velocity 0
time 71
note_on 68
velocity 71
time 131
note_on 62
velocity 0
time 24
note_on 77
velocity 0
time 23
note_on 46
velocity 73
time 24
note_on 67
velocity 67
time 7
note_on 68
velocity 0
time 29
note_on 46
velocity 0
time 3
note_on 75
velocity 73
time 80
note_on 60
velocity 79
time 14
note_on 67
velocity 0
time 22
note_on 60
velocity 0
time 50
note_on 66
velocity 69
time 70
note_on 75
velocity 0
time 69
note_on 45
velocity 72
time 117
note_on 65
velocity 70
time 7
note_on 66
velocity 0
time 14
note_on 45
velocity 0
time 87
note_on 65
velocity 0
time 6
note_on 46
velocity 72
time 100
note_on 74
velocity 71
time 205
note_on 46
velocity 0
time 20
note_on 72
velocity 80
time 44
note_on 74
velocity 0
time 49
note_on 74
velocity 79
time 93
note_on 72
velocity 0
time 0
note_on 70
velocity 78
time 166
note_on 62
velocity 67
time 1
note_on 74
velocity 0
time 42
note_on 69
velocity 83
time 158
note_on 60
velocity 76
time 1
note_on 62
velocity 0
time 18
note_on 70
velocity 0
time 22
note_on 70
velocity 81
time 151
note_on 60
velocity 0
time 7
note_on 69
velocity 0
time 5
note_on 62
velocity 75
time 1
note_on 62
velocity 0
time 46
note_on 70
velocity 0
time 41
note_on 74
velocity 77
time 83
note_on 74
velocity 0
time 97
note_on 77
velocity 77
time 93
note_on 77
velocity 0
time 19
note_on 80
velocity 82
time 80
note_on 72
velocity 79
time 153
note_on 80
velocity 0
time 71
note_on 50
velocity 66
time 69
note_on 71
velocity 73
time 13
note_on 72
velocity 0
time 7
note_on 50
velocity 0
time 62
note_on 63
velocity 81
time 127
note_on 79
velocity 77
time 9
note_on 71
velocity 0
time 52
note_on 70
velocity 78
time 128
note_on 79
velocity 0
time 55
note_on 63
velocity 0
time 6
note_on 48
velocity 72
time 89
note_on 69
velocity 70
time 6
note_on 70
velocity 0
time 44
note_on 48
velocity 0
time 18
note_on 62
velocity 78
time 50
note_on 77
velocity 81
time 14
note_on 69
velocity 0
time 46
note_on 62
velocity 0
time 29
note_on 68
velocity 74
time 85
note_on 77
velocity 0
time 63
note_on 47
velocity 70
time 119
note_on 67
velocity 70
time 9
note_on 68
velocity 0
time 6
note_on 47
velocity 0
time 76
note_on 67
velocity 0
time 14
note_on 48
velocity 70
time 96
note_on 75
velocity 80
time 213
note_on 48
velocity 0
time 105
note_on 74
velocity 81
time 85
note_on 75
velocity 0
time 54
note_on 75
velocity 89
time 153
note_on 74
velocity 0
time 26
note_on 72
velocity 83
time 178
note_on 63
velocity 69
time 2
note_on 75
velocity 0
time 49
note_on 71
velocity 82
time 132
note_on 62
velocity 77
time 2
note_on 63
velocity 0
time 23
note_on 72
velocity 0
time 7
note_on 63
velocity 79
time 154
note_on 71
velocity 0
time 1
note_on 62
velocity 0
time 2
note_on 72
velocity 90
time 5
note_on 63
velocity 0
time 20
note_on 72
velocity 0
time 37
note_on 75
velocity 88
time 46
note_on 75
velocity 0
time 113
note_on 79
velocity 81
time 74
note_on 79
velocity 0
time 33
note_on 84
velocity 81
time 127
note_on 68
velocity 64
time 158
note_on 67
velocity 66
time 42
note_on 83
velocity 85
time 1
note_on 68
velocity 0
time 26
note_on 84
velocity 0
time 29
note_on 68
velocity 71
time 152
note_on 84
velocity 91
time 9
note_on 67
velocity 0
time 10
note_on 83
velocity 0
time 58
note_on 63
velocity 69
time 10
note_on 79
velocity 86
time 19
note_on 68
velocity 0
time 3
note_on 84
velocity 0
time 35
note_on 60
velocity 69
time 35
note_on 80
velocity 80
time 3
note_on 63
velocity 0
time 22
note_on 79
velocity 0
time 16
note_on 80
velocity 0
time 0
note_on 60
velocity 0
time 26
note_on 67
velocity 71
time 28
note_on 78
velocity 81
time 195
note_on 62
velocity 64
time 3
note_on 67
velocity 0
time 18
note_on 79
velocity 80
time 35
note_on 58
velocity 62
time 7
note_on 62
velocity 0
time 1
note_on 78
velocity 0
time 31
note_on 79
velocity 0
time 91
note_on 58
velocity 0
time 59
note_on 84
velocity 73
time 28
note_on 66
velocity 62
time 10
note_on 66
velocity 0
time 179
note_on 60
velocity 61
time 3
note_on 60
velocity 0
time 140
note_on 78
velocity 74
time 14
note_on 57
velocity 56
time 2
note_on 84
velocity 0
time 42
note_on 57
velocity 0
time 121
note_on 63
velocity 55
time 28
note_on 79
velocity 70
time 1
note_on 78
velocity 0
time 9
note_on 58
velocity 54
time 28
note_on 74
velocity 63
time 11
note_on 79
velocity 0
time 0
note_on 63
velocity 0
time 9
note_on 75
velocity 61
time 180
note_on 55
velocity 53
time 7
note_on 58
velocity 0
time 0
note_on 74
velocity 0
time 48
note_on 75
velocity 0
time 109
note_on 55
velocity 0
time 40
note_on 62
velocity 59
time 7
note_on 62
velocity 0
time 156
note_on 57
velocity 60
time 35
note_on 73
velocity 60
time 5
note_on 73
velocity 0
time 151
note_on 57
velocity 0
time 15
note_on 54
velocity 59
time 16
note_on 74
velocity 62
time 3
note_on 54
velocity 0
time 184
note_on 55
velocity 66
time 18
note_on 82
velocity 63
time 9
note_on 74
velocity 0
time 55
note_on 55
velocity 0
time 24
note_on 79
velocity 65
time 75
note_on 82
velocity 0
time 53
note_on 79
velocity 0
time 82
note_on 74
velocity 69
time 6
note_on 48
velocity 79
time 191
note_on 75
velocity 75
time 15
note_on 74
velocity 0
time 39
note_on 48
velocity 0
time 149
note_on 79
velocity 74
time 0
note_on 75
velocity 0
time 42
note_on 84
velocity 74
time 63
note_on 79
velocity 0
time 11
note_on 49
velocity 72
time 200
note_on 82
velocity 76
time 6
note_on 84
velocity 0
time 36
note_on 49
velocity 0
time 10
note_on 81
velocity 68
time 53
note_on 82
velocity 0
time 50
note_on 79
velocity 65
time 67
note_on 81
velocity 0
time 33
note_on 79
velocity 0
time 78
note_on 50
velocity 52
time 35
note_on 78
velocity 60
time 0
note_on 78
velocity 0
time 79
note_on 79
velocity 60
time 5
note_on 81
velocity 63
time 87
note_on 79
velocity 0
time 1
note_on 81
velocity 0
time 20
note_on 74
velocity 67
time 45
note_on 50
velocity 0
time 62
note_on 75
velocity 73
time 35
note_on 74
velocity 0
time 27
note_on 74
velocity 72
time 72
note_on 75
velocity 0
time 37
note_on 38
velocity 68
time 122
note_on 72
velocity 74
time 5
note_on 74
velocity 0
time 5
note_on 38
velocity 0
time 100
note_on 40
velocity 75
time 87
note_on 70
velocity 68
time 18
note_on 72
velocity 0
time 53
note_on 72
velocity 82
time 134
note_on 70
velocity 0
time 0
note_on 40
velocity 0
time 28
note_on 42
velocity 75
time 88
note_on 69
velocity 73
time 19
note_on 72
velocity 0
time 19
note_on 42
velocity 0
time 66
note_on 69
velocity 0
time 7
note_on 43
velocity 75
time 93
note_on 70
velocity 74
time 6
note_on 43
velocity 0
time 104
note_on 70
velocity 0
time 3
note_on 74
velocity 75
time 24
note_on 74
velocity 0
time 36
note_on 79
velocity 74
time 91
note_on 79
velocity 0
time 123
note_on 82
velocity 78
time 92
note_on 55
velocity 71
time 2
note_on 55
velocity 0
time 111
note_on 81
velocity 70
time 29
note_on 82
velocity 0
time 44
note_on 79
velocity 67
time 33
note_on 81
velocity 0
time 29
note_on 79
velocity 0
time 85
note_on 53
velocity 70
time 48
note_on 53
velocity 0
time 140
note_on 70
velocity 69
time 48
note_on 79
velocity 75
time 59
note_on 70
velocity 0
time 37
note_on 79
velocity 0
time 162
note_on 51
velocity 65
time 3
note_on 72
velocity 72
time 5
note_on 51
velocity 0
time 82
note_on 72
velocity 0
time 10
note_on 75
velocity 73
time 88
note_on 75
velocity 0
time 48
note_on 79
velocity 69
time 62
note_on 79
velocity 0
time 123
note_on 39
velocity 50
time 82
note_on 82
velocity 69
time 0
note_on 39
velocity 0
time 36
note_on 81
velocity 63
time 114
note_on 82
velocity 0
time 7
note_on 79
velocity 61
time 190
note_on 81
velocity 0
time 15
note_on 79
velocity 0
time 33
note_on 46
velocity 54
time 66
note_on 46
velocity 0
time 115
note_on 74
velocity 63
time 98
note_on 79
velocity 66
time 177
note_on 74
velocity 0
time 39
note_on 79
velocity 0
time 105
note_on 48
velocity 60
time 23
note_on 75
velocity 70
time 3
note_on 48
velocity 0
time 82
note_on 75
velocity 0
time 27
note_on 78
velocity 69
time 11
note_on 78
velocity 0
time 79
note_on 79
velocity 70
time 104
note_on 79
velocity 0
time 98
note_on 49
velocity 58
time 92
note_on 70
velocity 63
time 13
note_on 49
velocity 0
time 93
note_on 70
velocity 0
time 54
note_on 69
velocity 61
time 20
note_on 67
velocity 56
time 195
note_on 69
velocity 0
time 39
note_on 67
velocity 0
time 84
note_on 50
velocity 54
time 48
note_on 50
velocity 0
time 131
note_on 72
velocity 65
time 72
note_on 66
velocity 60
time 145
note_on 72
velocity 0
time 11
note_on 66
velocity 0
time 140
note_on 43
velocity 42
time 42
note_on 67
velocity 61
time 11
note_on 67
velocity 0
time 88
note_on 70
velocity 57
time 97
note_on 70
velocity 0
time 70
note_on 74
velocity 61
time 31
note_on 74
velocity 0
time 28
note_on 79
velocity 64
time 109
note_on 79
velocity 0
time 69
note_on 46
velocity 49
time 3
note_on 43
velocity 0
time 10
note_on 46
velocity 0
time 109
note_on 50
velocity 47
time 14
note_on 50
velocity 0
time 165
note_on 53
velocity 51
time 19
note_on 70
velocity 72
time 26
note_on 70
velocity 0
time 9
note_on 69
velocity 79
time 1
note_on 53
velocity 0
time 92
note_on 70
velocity 76
time 1
note_on 69
velocity 0
time 14
note_on 52
velocity 50
time 2
note_on 52
velocity 0
time 196
note_on 50
velocity 53
time 11
note_on 52
velocity 52
time 55
note_on 50
velocity 0
time 10
note_on 73
velocity 64
time 203
note_on 70
velocity 0
time 22
note_on 72
velocity 73
time 2
note_on 73
velocity 0
time 59
note_on 52
velocity 0
time 70
note_on 73
velocity 74
time 55
note_on 72
velocity 0
time 15
note_on 73
velocity 0
time 58
note_on 70
velocity 69
time 108
note_on 70
velocity 0
time 69
note_on 67
velocity 61
time 127
note_on 67
velocity 0
time 36
note_on 64
velocity 59
time 139
note_on 55
velocity 42
time 210
note_on 48
velocity 41
time 191
note_on 70
velocity 58
time 14
note_on 64
velocity 0
time 19
note_on 55
velocity 0
time 61
note_on 53
velocity 46
time 10
note_on 48
velocity 0
time 24
note_on 68
velocity 60
time 48
note_on 70
velocity 0
time 15
note_on 68
velocity 0
time 52
note_on 67
velocity 72
time 36
note_on 67
velocity 0
time 10
note_on 53
velocity 0
time 16
note_on 68
velocity 75
time 122
note_on 72
velocity 71
time 195
note_on 77
velocity 75
time 132
note_on 80
velocity 74
time 32
note_on 48
velocity 59
time 190
note_on 68
velocity 0
time 76
note_on 51
velocity 70
time 127
note_on 72
velocity 0
time 6
note_on 77
velocity 0
time 37
note_on 48
velocity 0
time 82
note_on 80
velocity 0
time 55
note_on 50
velocity 70
time 28
note_on 51
velocity 0
time 69
note_on 80
velocity 80
time 44
note_on 79
velocity 78
time 53
note_on 80
velocity 0
time 59
note_on 50
velocity 0
time 82
note_on 80
velocity 75
time 63
note_on 79
velocity 0
time 40
note_on 80
velocity 0
time 85
note_on 77
velocity 77
time 44
note_on 77
velocity 0
time 78
note_on 74
velocity 72
time 125
note_on 74
velocity 0
time 84
note_on 70
velocity 67
time 117
note_on 62
velocity 43
time 190
note_on 58
velocity 45
time 212
note_on 80
velocity 63
time 1
note_on 62
velocity 0
time 7
note_on 70
velocity 0
time 74
note_on 63
velocity 46
time 148
note_on 58
velocity 0
time 48
note_on 80
velocity 0
time 6
note_on 79
velocity 67
time 62
note_on 79
velocity 0
time 95
note_on 77
velocity 66
time 96
note_on 77
velocity 0
time 76
note_on 63
velocity 0
time 98
note_on 79
velocity 62
time 15
note_on 75
velocity 59
time 203
note_on 79
velocity 0
time 18
note_on 75
velocity 0
time 183
note_on 70
velocity 59
time 2
note_on 70
velocity 0
time 31
note_on 67
velocity 64
time 9
note_on 67
velocity 0
time 9
note_on 70
velocity 66
time 84
note_on 55
velocity 51
time 5
note_on 70
velocity 0
time 67
note_on 55
velocity 0
time 110
note_on 73
velocity 64
time 23
note_on 51
velocity 50
time 1
note_on 51
velocity 0
time 154
note_on 56
velocity 56
time 55
note_on 56
velocity 0
time 5
note_on 72
velocity 62
time 24
note_on 51
velocity 49
time 2
note_on 73
velocity 0
time 18
note_on 49
velocity 52
time 69
note_on 51
velocity 0
time 7
note_on 70
velocity 66
time 3
note_on 72
velocity 0
time 5
note_on 49
velocity 0
time 151
note_on 48
velocity 55
time 44
note_on 68
velocity 71
time 6
note_on 70
velocity 0
time 6
note_on 68
velocity 0
time 48
note_on 48
velocity 0
time 100
note_on 67
velocity 67
time 5
note_on 46
velocity 55
time 9
note_on 67
velocity 0
time 57
note_on 65
velocity 69
time 144
note_on 44
velocity 60
time 6
note_on 46
velocity 0
time 10
note_on 43
velocity 63
time 36
note_on 44
velocity 0
time 10
note_on 63
velocity 72
time 183
note_on 43
velocity 0
time 1
note_on 65
velocity 0
time 7
note_on 48
velocity 64
time 10
note_on 63
velocity 0
time 66
note_on 66
velocity 71
time 1
note_on 46
velocity 65
time 6
note_on 48
velocity 0
time 19
note_on 45
velocity 64
time 11
note_on 46
velocity 0
time 58
note_on 45
velocity 0
time 76
note_on 46
velocity 72
time 10
note_on 65
velocity 67
time 0
note_on 66
velocity 0
time 45
note_on 45
velocity 68
time 42
note_on 46
velocity 0
time 1
note_on 63
velocity 62
time 80
note_on 65
velocity 0
time 3
note_on 45
velocity 0
time 1
note_on 43
velocity 61
time 24
note_on 45
velocity 58
time 88
note_on 43
velocity 0
time 1
note_on 63
velocity 0
time 75
note_on 62
velocity 62
time 23
note_on 46
velocity 60
time 7
note_on 45
velocity 0
time 26
note_on 60
velocity 63
time 157
note_on 62
velocity 0
time 15
note_on 46
velocity 0
time 20
note_on 58
velocity 63
time 166
note_on 60
velocity 0
time 16
note_on 56
velocity 64
time 210
note_on 58
velocity 0
time 2
note_on 56
velocity 0
time 74
note_on 55
velocity 61
time 92
note_on 55
velocity 0
time 65
note_on 53
velocity 56
time 123
note_on 53
velocity 0
time 55
note_on 55
velocity 58
time 154
note_on 46
velocity 49
time 11
note_on 63
velocity 62
time 195
note_on 55
velocity 0
time 9
note_on 46
velocity 0
time 5
note_on 63
velocity 0
time 72
note_on 62
velocity 57
time 14
note_on 62
velocity 0
time 53
note_on 63
velocity 64
time 158
note_on 63
velocity 0
time 194
note_on 58
velocity 56
time 9
note_on 58
velocity 0
time 115
note_on 56
velocity 58
time 16
note_on 56
velocity 0
time 79
note_on 55
velocity 63
time 11
note_on 55
velocity 0
time 23
note_on 53
velocity 64
time 128
note_on 53
velocity 0
time 61
note_on 51
velocity 65
time 28
note_on 51
velocity 0
time 53
note_on 50
velocity 62
time 164
note_on 46
velocity 52
time 6
note_on 65
velocity 65
time 204
note_on 50
velocity 0
time 3
note_on 46
velocity 0
time 3
note_on 65
velocity 0
time 37
note_on 63
velocity 64
time 126
note_on 63
velocity 0
time 63
note_on 65
velocity 70
time 141
note_on 62
velocity 66
time 11
note_on 65
velocity 0
time 13
note_on 62
velocity 0
time 31
note_on 58
velocity 70
time 115
note_on 58
velocity 0
time 74
note_on 56
velocity 68
time 57
note_on 56
velocity 0
time 48
note_on 55
velocity 67
time 61
note_on 55
velocity 0
time 74
note_on 53
velocity 71
time 117
note_on 53
velocity 0
time 80
note_on 51
velocity 70
time 127
note_on 46
velocity 60
time 10
note_on 67
velocity 76
time 199
note_on 46
velocity 0
time 40
note_on 51
velocity 0
time 2
note_on 67
velocity 0
time 48
note_on 65
velocity 75
time 102
note_on 65
velocity 0
time 66
note_on 67
velocity 80
time 132
note_on 63
velocity 67
time 9
note_on 67
velocity 0
time 11
note_on 63
velocity 0
time 69
note_on 60
velocity 76
time 49
note_on 60
velocity 0
time 49
note_on 58
velocity 78
time 27
note_on 58
velocity 0
time 85
note_on 56
velocity 77
time 118
note_on 56
velocity 0
time 29
note_on 55
velocity 64
time 23
note_on 55
velocity 0
time 16
note_on 46
velocity 59
time 143
note_on 50
velocity 64
time 0
note_on 53
velocity 55
time 2
note_on 52
velocity 38
time 26
note_on 52
velocity 0
time 1
note_on 68
velocity 82
time 48
note_on 46
velocity 0
time 20
note_on 50
velocity 0
time 40
note_on 53
velocity 0
time 46
note_on 68
velocity 0
time 1
note_on 67
velocity 83
time 84
note_on 67
velocity 0
time 83
note_on 68
velocity 90
time 118
note_on 65
velocity 79
time 78
note_on 68
velocity 0
time 9
note_on 65
velocity 0
time 84
note_on 62
velocity 80
time 9
note_on 62
velocity 0
time 1
note_on 60
velocity 82
time 130
note_on 60
velocity 0
time 71
note_on 58
velocity 79
time 104
note_on 58
velocity 0
time 58
note_on 56
velocity 74
time 87
note_on 56
velocity 0
time 126
note_on 55
velocity 54
time 6
note_on 70
velocity 81
time 10
note_on 67
velocity 68
time 5
note_on 63
velocity 61
time 3
note_on 55
velocity 0
time 101
note_on 58
velocity 73
time 37
note_on 56
velocity 80
time 61
note_on 58
velocity 0
time 31
note_on 56
velocity 0
time 123
note_on 58
velocity 77
time 53
note_on 58
velocity 0
time 96
note_on 67
velocity 0
time 9
note_on 63
velocity 0
time 28
note_on 70
velocity 0
time 28
note_on 55
velocity 78
time 37
note_on 55
velocity 0
time 80
note_on 51
velocity 78
time 113
note_on 51
velocity 0
time 76
note_on 46
velocity 70
time 125
note_on 46
velocity 0
time 145
note_on 67
velocity 74
time 55
note_on 75
velocity 80
time 10
note_on 67
velocity 0
time 37
note_on 75
velocity 0
time 72
note_on 75
velocity 57
time 82
note_on 65
velocity 59
time 14
note_on 58
velocity 45
time 82
note_on 74
velocity 56
time 26
note_on 75
velocity 0
time 70
note_on 57
velocity 62
time 113
note_on 58
velocity 0
time 26
note_on 57
velocity 0
time 144
note_on 58
velocity 70
time 37
note_on 58
velocity 0
time 70
note_on 65
velocity 0
time 22
note_on 74
velocity 0
time 41
note_on 53
velocity 61
time 71
note_on 53
velocity 0
time 57
note_on 50
velocity 58
time 136
note_on 50
velocity 0
time 110
note_on 46
velocity 50
time 114
note_on 46
velocity 0
time 207
note_on 65
velocity 47
time 28
note_on 65
velocity 0
time 177
note_on 67
velocity 51
time 16
note_on 68
velocity 62
time 183
note_on 67
velocity 0
time 2
note_on 60
velocity 58
time 203
note_on 68
velocity 0
time 26
note_on 60
velocity 0
time 93
note_on 55
velocity 56
time 23
note_on 63
velocity 56
time 0
note_on 55
velocity 0
time 76
note_on 63
velocity 0
time 117
note_on 53
velocity 60
time 3
note_on 62
velocity 60
time 10
note_on 53
velocity 0
time 50
note_on 62
velocity 0
time 121
note_on 65
velocity 53
time 15
note_on 65
velocity 0
time 88
note_on 51
velocity 64
time 92
note_on 70
velocity 59
time 11
note_on 51
velocity 0
time 45
note_on 70
velocity 0
time 44
note_on 50
velocity 66
time 97
note_on 58
velocity 65
time 31
note_on 50
velocity 0
time 0
note_on 58
velocity 0
time 119
note_on 65
velocity 58
time 7
note_on 65
velocity 0
time 75
note_on 46
velocity 57
time 111
note_on 68
velocity 64
time 5
note_on 46
velocity 0
time 53
note_on 68
velocity 0
time 82
note_on 39
velocity 61
time 57
note_on 67
velocity 64
time 15
note_on 39
velocity 0
time 82
note_on 58
velocity 66
time 118
note_on 67
velocity 0
time 10
note_on 53
velocity 69
time 45
note_on 58
velocity 0
time 13
note_on 61
velocity 66
time 1
note_on 53
velocity 0
time 16
note_on 51
velocity 77
time 20
note_on 60
velocity 69
time 1
note_on 61
velocity 0
time 2
note_on 51
velocity 0
time 50
note_on 60
velocity 0
time 106
note_on 63
velocity 66
time 1
note_on 63
velocity 0
time 93
note_on 49
velocity 73
time 72
note_on 68
velocity 70
time 10
note_on 49
velocity 0
time 45
note_on 68
velocity 0
time 20
note_on 48
velocity 73
time 2
note_on 56
velocity 70
time 10
note_on 48
velocity 0
time 6
note_on 63
velocity 69
time 84
note_on 56
velocity 0
time 24
note_on 63
velocity 0
time 11
note_on 44
velocity 79
time 84
note_on 67
velocity 70
time 6
note_on 44
velocity 0
time 61
note_on 67
velocity 0
time 49
note_on 38
velocity 71
time 74
note_on 65
velocity 70
time 11
note_on 38
velocity 0
time 135
note_on 56
velocity 71
time 62
note_on 65
velocity 0
time 63
note_on 60
velocity 70
time 126
note_on 51
velocity 81
time 3
note_on 56
velocity 0
time 20
note_on 51
velocity 0
time 44
note_on 50
velocity 77
time 95
note_on 58
velocity 74
time 3
note_on 60
velocity 0
time 29
note_on 50
velocity 0
time 85
note_on 62
velocity 70
time 88
note_on 58
velocity 0
time 9
note_on 62
velocity 0
time 78
note_on 48
velocity 79
time 63
note_on 67
velocity 71
time 14
note_on 48
velocity 0
time 75
note_on 67
velocity 0
time 11
note_on 46
velocity 86
time 95
note_on 55
velocity 74
time 16
note_on 46
velocity 0
time 9
note_on 62
velocity 73
time 78
note_on 55
velocity 0
time 28
note_on 62
velocity 0
time 36
note_on 43
velocity 80
time 63
note_on 65
velocity 71
time 10
note_on 43
velocity 0
time 100
note_on 65
velocity 0
time 40
note_on 36
velocity 83
time 53
note_on 63
velocity 74
time 9
note_on 36
velocity 0
time 5
note_on 55
velocity 78
time 71
note_on 63
velocity 0
time 7
note_on 49
velocity 83
time 65
note_on 58
velocity 72
time 7
note_on 55
velocity 0
time 14
note_on 49
velocity 0
time 74
note_on 48
velocity 79
time 91
note_on 56
velocity 78
time 1
note_on 58
velocity 0
time 11
note_on 48
velocity 0
time 24
note_on 60
velocity 75
time 93
note_on 56
velocity 0
time 37
note_on 60
velocity 0
time 158
note_on 65
velocity 71
time 7
note_on 46
velocity 77
time 19
note_on 65
velocity 0
time 69
note_on 46
velocity 0
time 26
note_on 44
velocity 73
time 118
note_on 53
velocity 68
time 7
note_on 44
velocity 0
time 74
note_on 60
velocity 66
time 148
note_on 53
velocity 0
time 10
note_on 60
velocity 0
time 171
note_on 63
velocity 57
time 36
note_on 43
velocity 53
time 11
note_on 63
velocity 0
time 100
note_on 43
velocity 0
time 14
note_on 53
velocity 44
time 36
note_on 62
velocity 52
time 9
note_on 44
velocity 36
time 2
note_on 58
velocity 50
time 2
note_on 58
velocity 0
time 368
note_on 44
velocity 0
time 7
note_on 62
velocity 0
time 19
note_on 53
velocity 0
time 0
note_on 80
velocity 81
time 41
note_on 50
velocity 71
time 2
note_on 77
velocity 73
time 6
note_on 70
velocity 76
time 6
note_on 50
velocity 0
time 18
note_on 70
velocity 0
time 0
note_on 77
velocity 0
time 11
note_on 80
velocity 0
time 5
note_on 51
velocity 67
time 65
note_on 79
velocity 84
time 1
note_on 75
velocity 71
time 14
note_on 70
velocity 73
time 2
note_on 53
velocity 69
time 128
note_on 51
velocity 0
time 2
note_on 53
velocity 0
time 13
note_on 55
velocity 74
time 5
note_on 55
velocity 0
time 75
note_on 56
velocity 74
time 0
note_on 58
velocity 82
time 54
note_on 56
velocity 0
time 28
note_on 58
velocity 0
time 1
note_on 79
velocity 0
time 9
note_on 60
velocity 71
time 3
note_on 70
velocity 0
time 49
note_on 75
velocity 0
time 11
note_on 62
velocity 76
time 3
note_on 60
velocity 0
time 9
note_on 63
velocity 86
time 67
note_on 62
velocity 0
time 3
note_on 63
velocity 0
time 19
note_on 77
velocity 86
time 92
note_on 56
velocity 79
time 5
note_on 68
velocity 87
time 5
note_on 72
velocity 75
time 3
note_on 56
velocity 0
time 44
note_on 72
velocity 0
time 2
note_on 68
velocity 0
time 15
note_on 77
velocity 0
time 32
note_on 58
velocity 67
time 1
note_on 75
velocity 84
time 0
note_on 67
velocity 73
time 11
note_on 70
velocity 71
time 0
note_on 67
velocity 0
time 122
note_on 70
velocity 0
time 76
note_on 46
velocity 51
time 174
note_on 58
velocity 0
time 100
note_on 65
velocity 62
time 35
note_on 75
velocity 0
time 2
note_on 70
velocity 63
time 13
note_on 75
velocity 69
time 11
note_on 75
velocity 0
time 27
note_on 74
velocity 63
time 16
note_on 74
velocity 0
time 32
note_on 75
velocity 72
time 3
note_on 75
velocity 0
time 93
note_on 74
velocity 64
time 5
note_on 74
velocity 0
time 85
note_on 75
velocity 69
time 6
note_on 75
velocity 0
time 62
note_on 74
velocity 49
time 3
note_on 74
velocity 0
time 52
note_on 75
velocity 54
time 7
note_on 74
velocity 65
time 55
note_on 75
velocity 0
time 0
note_on 75
velocity 50
time 368
note_on 74
velocity 0
time 33
note_on 75
velocity 0
time 39
note_on 65
velocity 0
time 16
note_on 51
velocity 43
time 759
note_on 75
velocity 47
time 5
note_on 67
velocity 42
time 9
note_on 70
velocity 0
time 16
note_on 46
velocity 0
time 1
note_on 75
velocity 0
time 14
note_on 70
velocity 53
time 5
note_on 67
velocity 0
time 2
note_on 70
velocity 0
time 16
note_on 68
velocity 55
time 23
note_on 68
velocity 0
time 3
note_on 70
velocity 61
time 98
note_on 51
velocity 0
time 76
note_on 70
velocity 0
time 122
note_on 67
velocity 50
time 15
note_on 67
velocity 0
time 55
note_on 65
velocity 55
time 140
note_on 65
velocity 0
time 62
note_on 67
velocity 58
time 130
note_on 67
velocity 0
time 40
note_on 63
velocity 58
time 15
note_on 63
velocity 0
time 41
note_on 62
velocity 53
time 31
note_on 62
velocity 0
time 69
note_on 63
velocity 65
time 130
note_on 63
velocity 0
time 170
note_on 58
velocity 56
time 14
note_on 58
velocity 0
time 5
note_on 56
velocity 56
time 136
note_on 56
velocity 0
time 49
note_on 58
velocity 58
time 140
note_on 55
velocity 56
time 186
note_on 58
velocity 0
time 6
note_on 55
velocity 0
time 58
note_on 53
velocity 50
time 170
note_on 53
velocity 0
time 50
note_on 55
velocity 51
time 149
note_on 55
velocity 0
time 39
note_on 51
velocity 45
time 29
note_on 51
velocity 0
time 11
note_on 50
velocity 50
time 0
note_on 50
velocity 0
time 46
note_on 51
velocity 59
time 138
note_on 51
velocity 0
time 1
note_on 50
velocity 43
time 35
note_on 50
velocity 0
time 52
note_on 51
velocity 56
time 19
note_on 39
velocity 43
time 208
note_on 51
velocity 0
time 15
note_on 39
velocity 0
time 87
note_on 51
velocity 57
time 988
note_on 51
velocity 0
time 1302
note_on 58
velocity 51
time 23
note_on 58
velocity 0
time 588
note_on 56
velocity 67
time 292
note_on 56
velocity 0
time 55
note_on 55
velocity 65
time 250
note_on 55
velocity 0
time 33
note_on 60
velocity 62
time 277
note_on 58
velocity 62
time 170
note_on 60
velocity 0
time 2
note_on 56
velocity 59
time 87
note_on 58
velocity 0
time 10
note_on 56
velocity 0
time 28
note_on 56
velocity 63
time 257
note_on 56
velocity 0
time 114
note_on 55
velocity 57
time 16
note_on 55
velocity 0
time 20
note_on 56
velocity 62
time 14
note_on 56
velocity 0
time 31
note_on 60
velocity 69
time 121
note_on 60
velocity 0
time 37
note_on 53
velocity 64
time 259
note_on 53
velocity 0
time 36
note_on 58
velocity 62
time 175
note_on 56
velocity 56
time 111
note_on 58
velocity 0
time 59
note_on 56
velocity 0
time 205
note_on 55
velocity 55
time 16
note_on 55
velocity 0
time 40
note_on 55
velocity 57
time 62
note_on 55
velocity 0
time 75
note_on 53
velocity 56
time 37
note_on 53
velocity 0
time 1
note_on 55
velocity 55
time 15
note_on 55
velocity 0
time 45
note_on 58
velocity 53
time 165
note_on 58
velocity 0
time 55
note_on 58
velocity 72
time 283
note_on 51
velocity 43
time 2
note_on 51
velocity 0
time 102
note_on 51
velocity 49
time 212
note_on 51
velocity 0
time 88
note_on 50
velocity 51
time 45
note_on 51
velocity 65
time 7
note_on 50
velocity 0
time 2
note_on 51
velocity 0
time 37
note_on 55
velocity 49
time 282
note_on 55
velocity 0
time 39
note_on 63
velocity 74
time 269
note_on 48
velocity 46
time 7
note_on 58
velocity 0
time 54
note_on 50
velocity 57
time 9
note_on 48
velocity 0
time 5
note_on 50
velocity 0
time 109
note_on 51
velocity 62
time 11
note_on 51
velocity 0
time 108
note_on 53
velocity 71
time 10
note_on 63
velocity 0
time 10
note_on 63
velocity 64
time 9
note_on 63
velocity 0
time 46
note_on 62
velocity 72
time 252
note_on 46
velocity 54
time 3
note_on 53
velocity 0
time 14
note_on 62
velocity 0
time 20
note_on 46
velocity 0
time 257
note_on 67
velocity 77
time 9
note_on 58
velocity 71
time 194
note_on 65
velocity 71
time 10
note_on 67
velocity 0
time 1
note_on 63
velocity 69
time 66
note_on 65
velocity 0
time 13
note_on 63
velocity 0
time 24
note_on 63
velocity 76
time 61
note_on 62
velocity 67
time 149
note_on 63
velocity 0
time 10
note_on 62
velocity 0
time 127
note_on 63
velocity 71
time 9
note_on 57
velocity 59
time 6
note_on 58
velocity 0
time 3
note_on 63
velocity 0
time 27
note_on 67
velocity 74
time 89
note_on 55
velocity 58
time 9
note_on 57
velocity 0
time 3
note_on 67
velocity 0
time 2
note_on 60
velocity 75
time 247
note_on 55
velocity 0
time 13
note_on 57
velocity 58
time 3
note_on 60
velocity 0
time 6
note_on 65
velocity 80
time 282
note_on 57
velocity 0
time 121
note_on 58
velocity 55
time 26
note_on 58
velocity 0
time 59
note_on 57
velocity 60
time 3
note_on 55
velocity 71
time 71
note_on 57
velocity 0
time 9
note_on 55
velocity 0
time 143
note_on 57
velocity 69
time 14
note_on 63
velocity 75
time 9
note_on 65
velocity 0
time 0
note_on 57
velocity 0
time 286
note_on 58
velocity 68
time 18
note_on 62
velocity 68
time 10
note_on 63
velocity 0
time 5
note_on 62
velocity 0
time 32
note_on 58
velocity 0
time 66
note_on 46
velocity 46
time 3
note_on 62
velocity 52
time 13
note_on 62
velocity 0
time 96
note_on 60
velocity 55
time 15
note_on 46
velocity 0
time 148
note_on 60
velocity 0
time 9
note_on 62
velocity 56
time 0
note_on 58
velocity 58
time 2
note_on 62
velocity 0
time 39
note_on 58
velocity 0
time 158
note_on 56
velocity 67
time 11
note_on 65
velocity 72
time 3
note_on 65
velocity 0
time 54
note_on 56
velocity 0
time 197
note_on 55
velocity 68
time 7
note_on 58
velocity 72
time 1
note_on 58
velocity 0
time 41
note_on 55
velocity 0
time 183
note_on 43
velocity 55
time 7
note_on 58
velocity 63
time 0
note_on 58
velocity 0
time 74
note_on 56
velocity 59
time 41
note_on 43
velocity 0
time 108
note_on 58
velocity 61
time 39
note_on 55
velocity 47
time 2
note_on 56
velocity 0
time 1
note_on 58
velocity 0
time 39
note_on 62
velocity 66
time 23
note_on 55
velocity 0
time 1
note_on 53
velocity 52
time 13
note_on 62
velocity 0
time 27
note_on 53
velocity 0
time 18
note_on 63
velocity 83
time 1
note_on 51
velocity 57
time 20
note_on 55
velocity 52
time 3
note_on 55
velocity 0
time 234
note_on 53
velocity 60
time 39
note_on 56
velocity 65
time 7
note_on 51
velocity 0
time 23
note_on 53
velocity 0
time 42
note_on 55
velocity 56
time 24
note_on 58
velocity 66
time 1
note_on 56
velocity 0
time 18
note_on 58
velocity 0
time 88
note_on 56
velocity 69
time 59
note_on 60
velocity 54
time 1
note_on 55
velocity 0
time 5
note_on 60
velocity 0
time 69
note_on 58
velocity 61
time 39
note_on 58
velocity 0
time 61
note_on 63
velocity 0
time 20
note_on 60
velocity 64
time 35
note_on 60
velocity 0
time 162
note_on 70
velocity 85
time 0
note_on 62
velocity 66
time 15
note_on 56
velocity 0
time 67
note_on 55
velocity 60
time 14
note_on 65
velocity 62
time 9
note_on 62
velocity 0
time 10
note_on 55
velocity 0
time 72
note_on 53
velocity 62
time 23
note_on 53
velocity 0
time 143
note_on 55
velocity 66
time 5
note_on 58
velocity 73
time 5
note_on 65
velocity 0
time 2
note_on 58
velocity 0
time 33
note_on 70
velocity 0
time 1
note_on 55
velocity 0
time 236
note_on 68
velocity 85
time 15
note_on 58
velocity 64
time 3
note_on 62
velocity 61
time 0
note_on 62
velocity 0
time 46
note_on 68
velocity 0
time 2
note_on 67
velocity 83
time 18
note_on 51
velocity 63
time 6
note_on 58
velocity 0
time 1
note_on 63
velocity 65
time 5
note_on 67
velocity 0
time 19
note_on 51
velocity 0
time 158
note_on 56
velocity 66
time 5
note_on 72
velocity 90
time 2
note_on 55
velocity 68
time 132
note_on 56
velocity 0
time 7
note_on 55
velocity 0
time 27
note_on 56
velocity 75
time 5
note_on 56
velocity 0
time 50
note_on 70
velocity 75
time 209
note_on 60
velocity 66
time 6
note_on 72
velocity 0
time 3
note_on 60
velocity 0
time 33
note_on 53
velocity 81
time 0
note_on 68
velocity 75
time 11
note_on 70
velocity 0
time 14
note_on 68
velocity 0
time 31
note_on 68
velocity 75
time 164
note_on 68
velocity 0
time 128
note_on 67
velocity 67
time 9
note_on 62
velocity 74
time 76
note_on 67
velocity 0
time 13
note_on 68
velocity 71
time 2
note_on 63
velocity 0
time 16
note_on 68
velocity 0
time 13
note_on 60
velocity 71
time 247
note_on 55
velocity 70
time 2
note_on 72
velocity 79
time 6
note_on 62
velocity 0
time 6
note_on 72
velocity 0
time 61
note_on 53
velocity 0
time 42
note_on 56
velocity 76
time 16
note_on 55
velocity 0
time 78
note_on 58
velocity 80
time 85
note_on 62
velocity 63
time 2
note_on 65
velocity 76
time 3
note_on 60
velocity 0
time 6
note_on 56
velocity 0
time 31
note_on 65
velocity 0
time 15
note_on 70
velocity 76
time 230
note_on 62
velocity 0
time 121
note_on 63
velocity 60
time 87
note_on 62
velocity 64
time 63
note_on 63
velocity 0
time 3
note_on 60
velocity 63
time 39
note_on 62
velocity 0
time 6
note_on 60
velocity 0
time 285
note_on 68
velocity 69
time 6
note_on 62
velocity 55
time 5
note_on 70
velocity 0
time 50
note_on 62
velocity 0
time 231
note_on 67
velocity 67
time 14
note_on 63
velocity 60
time 6
note_on 68
velocity 0
time 2
note_on 58
velocity 0
time 1
note_on 51
velocity 57
time 1
note_on 67
velocity 0
time 41
note_on 67
velocity 64
time 37
note_on 58
velocity 54
time 18
note_on 67
velocity 0
time 126
note_on 65
velocity 59
time 3
note_on 58
velocity 0
time 10
note_on 56
velocity 54
time 11
note_on 51
velocity 0
time 70
note_on 65
velocity 0
time 53
note_on 67
velocity 68
time 2
note_on 56
velocity 0
time 3
note_on 63
velocity 0
time 1
note_on 58
velocity 63
time 18
note_on 67
velocity 0
time 13
note_on 70
velocity 67
time 266
note_on 50
velocity 56
time 5
note_on 70
velocity 0
time 19
note_on 50
velocity 0
time 15
note_on 63
velocity 66
time 79
note_on 48
velocity 51
time 7
note_on 63
velocity 0
time 49
note_on 65
velocity 59
time 0
note_on 56
velocity 55
time 6
note_on 58
velocity 0
time 1
note_on 65
velocity 0
time 125
note_on 63
velocity 54
time 20
note_on 56
velocity 0
time 1
note_on 55
velocity 53
time 6
note_on 48
velocity 0
time 101
note_on 63
velocity 0
time 14
note_on 65
velocity 64
time 11
note_on 55
velocity 0
time 2
note_on 56
velocity 69
time 14
note_on 65
velocity 0
time 20
note_on 53
velocity 58
time 255
note_on 68
velocity 64
time 3
note_on 53
velocity 0
time 42
note_on 68
velocity 0
time 7
note_on 70
velocity 81
time 130
note_on 62
velocity 69
time 11
note_on 46
velocity 65
time 9
note_on 56
velocity 0
time 48
note_on 63
velocity 69
time 18
note_on 55
velocity 68
time 1
note_on 62
velocity 0
time 16
note_on 53
velocity 77
time 5
note_on 55
velocity 0
time 13
note_on 63
velocity 0
time 35
note_on 53
velocity 0
time 16
note_on 58
velocity 70
time 0
note_on 62
velocity 76
time 6
note_on 58
velocity 0
time 87
note_on 62
velocity 0
time 125
note_on 55
velocity 25
time 63
note_on 75
velocity 91
time 23
note_on 60
velocity 76
time 0
note_on 70
velocity 0
time 3
note_on 60
velocity 0
time 13
note_on 67
velocity 76
time 45
note_on 67
velocity 0
time 48
note_on 46
velocity 0
time 221
note_on 53
velocity 79
time 22
note_on 72
velocity 83
time 1
note_on 45
velocity 70
time 7
note_on 75
velocity 0
time 1
note_on 55
velocity 0
time 16
note_on 75
velocity 88
time 212
note_on 75
velocity 0
time 39
note_on 46
velocity 74
time 85
note_on 74
velocity 81
time 10
note_on 72
velocity 0
time 27
note_on 45
velocity 0
time 14
note_on 53
velocity 0
time 3
note_on 74
velocity 0
time 9
note_on 79
velocity 80
time 62
note_on 50
velocity 77
time 5
note_on 70
velocity 72
time 11
note_on 69
velocity 64
time 117
note_on 70
velocity 0
time 9
note_on 55
velocity 74
time 48
note_on 46
velocity 0
time 3
note_on 70
velocity 76
time 3
note_on 50
velocity 0
time 10
note_on 69
velocity 0
time 9
note_on 79
velocity 0
time 3
note_on 43
velocity 82
time 127
note_on 77
velocity 84
time 15
note_on 43
velocity 0
time 45
note_on 75
velocity 85
time 16
note_on 48
velocity 81
time 2
note_on 77
velocity 0
time 5
note_on 55
velocity 0
time 22
note_on 75
velocity 0
time 2
note_on 60
velocity 79
time 18
note_on 75
velocity 77
time 1
note_on 58
velocity 81
time 33
note_on 60
velocity 0
time 7
note_on 74
velocity 74
time 3
note_on 75
velocity 0
time 13
note_on 70
velocity 0
time 5
note_on 48
velocity 0
time 105
note_on 60
velocity 87
time 16
note_on 69
velocity 87
time 11
note_on 75
velocity 84
time 1
note_on 58
velocity 0
time 2
note_on 74
velocity 0
time 6
note_on 69
velocity 0
time 29
note_on 75
velocity 0
time 14
note_on 51
velocity 80
time 63
note_on 79
velocity 83
time 6
note_on 67
velocity 81
time 5
note_on 67
velocity 0
time 50
note_on 51
velocity 0
time 1
note_on 79
velocity 0
time 16
note_on 72
velocity 83
time 250
note_on 53
velocity 71
time 9
note_on 69
velocity 86
time 0
note_on 55
velocity 71
time 11
note_on 72
velocity 0
time 16
note_on 60
velocity 0
time 70
note_on 55
velocity 0
time 6
note_on 77
velocity 90
time 18
note_on 69
velocity 0
time 45
note_on 62
velocity 57
time 80
note_on 70
velocity 67
time 31
note_on 60
velocity 70
time 6
note_on 53
velocity 0
time 9
note_on 62
velocity 0
time 10
note_on 70
velocity 0
time 6
note_on 69
velocity 66
time 0
note_on 58
velocity 70
time 36
note_on 60
velocity 0
time 3
note_on 69
velocity 0
time 0
note_on 67
velocity 74
time 2
note_on 58
velocity 0
time 62
note_on 67
velocity 0
time 9
note_on 75
velocity 69
time 1
note_on 69
velocity 60
time 5
note_on 77
velocity 0
time 0
note_on 60
velocity 49
time 6
note_on 53
velocity 47
time 9
note_on 53
velocity 0
time 251
note_on 69
velocity 0
time 28
note_on 60
velocity 0
time 3
note_on 75
velocity 0
time 7
note_on 74
velocity 67
time 3
note_on 58
velocity 51
time 1
note_on 62
velocity 52
time 3
note_on 70
velocity 62
time 2
note_on 74
velocity 0
time 49
note_on 58
velocity 0
time 226
note_on 53
velocity 57
time 5
note_on 74
velocity 71
time 6
note_on 72
velocity 72
time 121
note_on 74
velocity 0
time 27
note_on 62
velocity 0
time 92
note_on 53
velocity 0
time 5
note_on 70
velocity 0
time 5
note_on 72
velocity 0
time 5
note_on 74
velocity 77
time 1
note_on 58
velocity 55
time 3
note_on 74
velocity 0
time 32
note_on 77
velocity 71
time 169
note_on 58
velocity 0
time 6
note_on 57
velocity 51
time 7
note_on 60
velocity 46
time 2
note_on 65
velocity 56
time 7
note_on 77
velocity 0
time 35
note_on 65
velocity 0
time 10
note_on 60
velocity 0
time 16
note_on 57
velocity 0
time 183
note_on 70
velocity 64
time 33
note_on 55
velocity 51
time 11
note_on 62
velocity 52
time 0
note_on 67
velocity 55
time 20
note_on 70
velocity 0
time 27
note_on 70
velocity 65
time 0
note_on 55
velocity 0
time 1
note_on 50
velocity 56
time 1
note_on 67
velocity 0
time 74
note_on 70
velocity 0
time 24
note_on 69
velocity 65
time 18
note_on 50
velocity 0
time 130
note_on 69
velocity 0
time 7
note_on 55
velocity 53
time 9
note_on 70
velocity 60
time 0
note_on 62
velocity 0
time 11
note_on 70
velocity 0
time 28
note_on 55
velocity 0
time 54
note_on 74
velocity 64
time 65
note_on 56
velocity 49
time 10
note_on 53
velocity 40
time 5
note_on 62
velocity 52
time 11
note_on 74
velocity 0
time 31
note_on 62
velocity 0
time 48
note_on 56
velocity 0
time 147
note_on 53
velocity 0
time 37
note_on 51
velocity 51
time 23
note_on 67
velocity 63
time 0
note_on 58
velocity 46
time 5
note_on 63
velocity 55
time 6
note_on 60
velocity 64
time 296
note_on 69
velocity 69
time 1
note_on 65
velocity 60
time 2
note_on 63
velocity 0
time 3
note_on 58
velocity 0
time 1
note_on 67
velocity 0
time 13
note_on 67
velocity 62
time 20
note_on 51
velocity 0
time 6
note_on 65
velocity 0
time 0
note_on 70
velocity 68
time 1
note_on 61
velocity 64
time 6
note_on 60
velocity 0
time 7
note_on 69
velocity 0
time 11
note_on 52
velocity 55
time 15
note_on 52
velocity 0
time 11
note_on 61
velocity 0
time 19
note_on 60
velocity 51
time 0
note_on 53
velocity 43
time 5
note_on 65
velocity 55
time 7
note_on 67
velocity 0
time 3
note_on 60
velocity 0
time 160
note_on 58
velocity 53
time 22
note_on 70
velocity 0
time 14
note_on 58
velocity 0
time 223
note_on 69
velocity 60
time 28
note_on 60
velocity 51
time 1
note_on 60
velocity 0
time 96
note_on 65
velocity 0
time 28
note_on 63
velocity 43
time 28
note_on 69
velocity 0
time 255
note_on 63
velocity 0
time 20
note_on 46
velocity 49
time 13
note_on 58
velocity 53
time 5
note_on 53
velocity 0
time 6
note_on 70
velocity 51
time 13
note_on 62
velocity 51
time 11
note_on 70
velocity 0
time 3
note_on 62
velocity 0
time 1
note_on 58
velocity 0
time 75
note_on 65
velocity 58
time 156
note_on 74
velocity 61
time 0
note_on 65
velocity 0
time 36
note_on 74
velocity 0
time 57
note_on 67
velocity 60
time 48
note_on 75
velocity 50
time 24
note_on 67
velocity 0
time 63
note_on 58
velocity 78
time 71
note_on 75
velocity 0
time 2
note_on 77
velocity 64
time 16
note_on 68
velocity 64
time 7
note_on 46
velocity 0
time 40
note_on 77
velocity 0
time 53
note_on 74
velocity 58
time 196
note_on 74
velocity 0
time 61
note_on 63
velocity 77
time 265
note_on 70
velocity 62
time 11
note_on 58
velocity 0
time 222
note_on 70
velocity 0
time 11
note_on 68
velocity 0
time 48
note_on 67
velocity 65
time 27
note_on 75
velocity 60
time 5
note_on 67
velocity 0
time 49
note_on 77
velocity 67
time 65
note_on 68
velocity 61
time 16
note_on 75
velocity 0
time 19
note_on 68
velocity 0
time 14
note_on 77
velocity 0
time 11
note_on 79
velocity 70
time 100
note_on 51
velocity 61
time 13
note_on 70
velocity 55
time 14
note_on 63
velocity 0
time 18
note_on 79
velocity 0
time 10
note_on 70
velocity 0
time 7
note_on 63
velocity 73
time 33
note_on 75
velocity 67
time 0
note_on 67
velocity 66
time 6
note_on 75
velocity 0
time 44
note_on 67
velocity 0
time 1
note_on 63
velocity 0
time 40
note_on 62
velocity 66
time 209
note_on 51
velocity 0
time 5
note_on 58
velocity 72
time 5
note_on 77
velocity 71
time 7
note_on 65
velocity 66
time 1
note_on 65
velocity 0
time 42
note_on 62
velocity 0
time 11
note_on 77
velocity 0
time 27
note_on 75
velocity 68
time 186
note_on 67
velocity 70
time 3
note_on 70
velocity 55
time 14
note_on 70
velocity 0
time 69
note_on 74
velocity 61
time 7
note_on 75
velocity 0
time 35
note_on 58
velocity 0
time 1
note_on 74
velocity 0
time 15
note_on 72
velocity 61
time 3
note_on 68
velocity 68
time 33
note_on 72
velocity 0
time 29
note_on 56
velocity 59
time 139
note_on 68
velocity 0
time 3
note_on 74
velocity 70
time 0
note_on 65
velocity 64
time 9
note_on 70
velocity 60
time 2
note_on 67
velocity 0
time 10
note_on 70
velocity 0
time 45
note_on 56
velocity 0
time 31
note_on 74
velocity 0
time 203
note_on 65
velocity 0
time 1
note_on 55
velocity 62
time 1
note_on 75
velocity 73
time 9
note_on 63
velocity 66
time 7
note_on 70
velocity 52
time 19
note_on 55
velocity 0
time 2
note_on 75
velocity 0
time 16
note_on 70
velocity 0
time 20
note_on 63
velocity 0
time 10
note_on 60
velocity 68
time 32
note_on 63
velocity 63
time 11
note_on 63
velocity 0
time 122
note_on 62
velocity 57
time 11
note_on 62
velocity 0
time 111
note_on 63
velocity 60
time 26
note_on 63
velocity 0
time 40
note_on 60
velocity 0
time 214
note_on 67
velocity 68
time 19
note_on 58
velocity 57
time 2
note_on 67
velocity 0
time 44
note_on 60
velocity 71
time 227
note_on 56
velocity 55
time 9
note_on 58
velocity 0
time 2
note_on 60
velocity 0
time 15
note_on 56
velocity 0
time 16
note_on 65
velocity 75
time 5
note_on 56
velocity 55
time 7
note_on 56
velocity 0
time 98
note_on 55
velocity 62
time 16
note_on 55
velocity 0
time 50
note_on 56
velocity 62
time 2
note_on 56
velocity 0
time 45
note_on 60
velocity 54
time 273
note_on 63
velocity 61
time 3
note_on 65
velocity 0
time 2
note_on 60
velocity 0
time 24
note_on 53
velocity 59
time 266
note_on 62
velocity 59
time 6
note_on 63
velocity 0
time 6
note_on 53
velocity 0
time 26
note_on 62
velocity 0
time 22
note_on 58
velocity 58
time 248
note_on 62
velocity 53
time 13
note_on 62
velocity 0
time 126
note_on 60
velocity 53
time 3
note_on 60
velocity 0
time 156
note_on 62
velocity 63
time 9
note_on 62
velocity 0
time 40
note_on 56
velocity 53
time 278
note_on 65
velocity 57
time 6
note_on 58
velocity 0
time 19
note_on 65
velocity 0
time 29
note_on 56
velocity 0
time 57
note_on 55
velocity 56
time 10
note_on 58
velocity 65
time 11
note_on 55
velocity 0
time 33
note_on 58
velocity 0
time 9
note_on 55
velocity 53
time 246
note_on 58
velocity 56
time 26
note_on 55
velocity 0
time 52
note_on 58
velocity 0
time 15
note_on 53
velocity 45
time 9
note_on 56
velocity 58
time 13
note_on 55
velocity 54
time 139
note_on 56
velocity 0
time 6
note_on 53
velocity 0
time 1
note_on 58
velocity 58
time 0
note_on 55
velocity 0
time 33
note_on 58
velocity 0
time 13
note_on 58
velocity 53
time 44
note_on 62
velocity 60
time 3
note_on 62
velocity 0
time 36
note_on 58
velocity 0
time 9
note_on 70
velocity 79
time 191
note_on 51
velocity 51
time 14
note_on 55
velocity 52
time 11
note_on 51
velocity 0
time 78
note_on 51
velocity 57
time 7
note_on 55
velocity 0
time 29
note_on 51
velocity 0
time 27
note_on 50
velocity 55
time 27
note_on 50
velocity 0
time 147
note_on 51
velocity 71
time 1
note_on 67
velocity 60
time 24
note_on 51
velocity 0
time 11
note_on 55
velocity 73
time 282
note_on 55
velocity 0
time 27
note_on 75
velocity 85
time 208
note_on 48
velocity 70
time 2
note_on 67
velocity 0
time 69
note_on 70
velocity 0
time 23
note_on 67
velocity 66
time 11
note_on 67
velocity 0
time 5
note_on 65
velocity 60
time 9
note_on 60
velocity 75
time 138
note_on 67
velocity 75
time 5
note_on 65
velocity 0
time 6
note_on 67
velocity 0
time 37
note_on 75
velocity 0
time 3
note_on 48
velocity 0
time 13
note_on 75
velocity 87
time 227
note_on 69
velocity 79
time 1
note_on 69
velocity 0
time 31
note_on 75
velocity 0
time 44
note_on 82
velocity 86
time 235
note_on 58
velocity 75
time 7
note_on 74
velocity 72
time 3
note_on 70
velocity 82
time 1
note_on 60
velocity 0
time 18
note_on 58
velocity 0
time 16
note_on 74
velocity 0
time 35
note_on 79
velocity 74
time 149
note_on 62
velocity 68
time 5
note_on 58
velocity 71
time 9
note_on 62
velocity 0
time 46
note_on 58
velocity 0
time 27
note_on 60
velocity 74
time 3
note_on 56
velocity 67
time 3
note_on 82
velocity 0
time 49
note_on 58
velocity 77
time 14
note_on 62
velocity 80
time 10
note_on 56
velocity 0
time 1
note_on 70
velocity 0
time 2
note_on 60
velocity 0
time 3
note_on 62
velocity 0
time 24
note_on 58
velocity 0
time 19
note_on 79
velocity 0
time 19
note_on 80
velocity 84
time 61
note_on 62
velocity 74
time 2
note_on 77
velocity 81
time 2
note_on 65
velocity 73
time 1
note_on 65
velocity 0
time 33
note_on 62
velocity 0
time 5
note_on 77
velocity 0
time 19
note_on 80
velocity 0
time 44
note_on 79
velocity 82
time 191
note_on 75
velocity 80
time 13
note_on 67
velocity 73
time 1
note_on 63
velocity 72
time 6
note_on 75
velocity 0
time 6
note_on 79
velocity 0
time 20
note_on 67
velocity 0
time 6
note_on 84
velocity 89
time 26
note_on 67
velocity 73
time 1
note_on 75
velocity 76
time 15
note_on 75
velocity 0
time 93
note_on 65
velocity 73
time 32
note_on 74
velocity 77
time 5
note_on 63
velocity 0
time 0
note_on 67
velocity 0
time 0
note_on 65
velocity 0
time 15
note_on 75
velocity 83
time 9
note_on 67
velocity 80
time 5
note_on 74
velocity 0
time 2
note_on 75
velocity 0
time 31
note_on 82
velocity 88
time 71
note_on 64
velocity 79
time 7
note_on 79
velocity 76
time 1
note_on 84
velocity 0
time 29
note_on 64
velocity 0
time 22
note_on 79
velocity 0
time 6
note_on 80
velocity 80
time 230
note_on 65
velocity 81
time 2
note_on 67
velocity 0
time 10
note_on 72
velocity 70
time 0
note_on 65
velocity 0
time 19
note_on 82
velocity 0
time 1
note_on 72
velocity 0
time 23
note_on 80
velocity 0
time 75
note_on 80
velocity 81
time 11
note_on 60
velocity 82
time 13
note_on 53
velocity 78
time 5
note_on 77
velocity 86
time 1
note_on 60
velocity 0
time 59
note_on 53
velocity 0
time 32
note_on 52
velocity 68
time 23
note_on 79
velocity 79
time 22
note_on 80
velocity 0
time 29
note_on 52
velocity 0
time 62
note_on 53
velocity 71
time 29
note_on 65
velocity 84
time 2
note_on 80
velocity 87
time 0
note_on 79
velocity 0
time 1
note_on 77
velocity 0
time 9
note_on 53
velocity 0
time 48
note_on 80
velocity 0
time 11
note_on 84
velocity 87
time 231
note_on 57
velocity 83
time 3
note_on 75
velocity 85
time 9
note_on 75
velocity 0
time 3
note_on 57
velocity 0
time 1
note_on 84
velocity 0
time 13
note_on 77
velocity 92
time 69
note_on 58
velocity 84
time 2
note_on 74
velocity 81
time 5
note_on 65
velocity 0
time 15
note_on 74
velocity 0
time 16
note_on 77
velocity 0
time 18
note_on 82
velocity 91
time 3
note_on 65
velocity 76
time 3
note_on 74
velocity 73
time 14
note_on 74
velocity 0
time 48
note_on 63
velocity 76
time 7
note_on 65
velocity 0
time 11
note_on 72
velocity 72
time 0
note_on 58
velocity 0
time 28
note_on 74
velocity 77
time 75
note_on 65
velocity 83
time 5
note_on 72
velocity 0
time 0
note_on 63
velocity 0
time 3
note_on 74
velocity 0
time 29
note_on 80
velocity 87
time 250
note_on 62
velocity 74
time 9
note_on 77
velocity 79
time 7
note_on 82
velocity 0
time 24
note_on 62
velocity 0
time 33
note_on 77
velocity 0
time 1
note_on 79
velocity 85
time 225
note_on 70
velocity 84
time 16
note_on 63
velocity 83
time 1
note_on 65
velocity 0
time 2
note_on 80
velocity 0
time 14
note_on 70
velocity 0
time 11
note_on 79
velocity 0
time 11
note_on 78
velocity 16
time 82
note_on 78
velocity 0
time 7
note_on 63
velocity 0
time 15
note_on 51
velocity 70
time 1
note_on 58
velocity 72
time 0
note_on 79
velocity 83
time 14
note_on 70
velocity 81
time 2
note_on 58
velocity 0
time 41
note_on 70
velocity 0
time 1
note_on 79
velocity 0
time 74
note_on 77
velocity 75
time 7
note_on 68
velocity 76
time 16
note_on 68
velocity 0
time 44
note_on 51
velocity 0
time 6
note_on 63
velocity 85
time 7
note_on 79
velocity 82
time 3
note_on 70
velocity 75
time 5
note_on 77
velocity 0
time 2
note_on 70
velocity 0
time 31
note_on 79
velocity 0
time 14
note_on 62
velocity 69
time 33
note_on 63
velocity 0
time 14
note_on 82
velocity 80
time 40
note_on 62
velocity 0
time 5
note_on 60
velocity 75
time 2
note_on 74
velocity 74
time 2
note_on 74
velocity 0
time 15
note_on 82
velocity 0
time 26
note_on 60
velocity 0
time 48
note_on 58
velocity 73
time 16
note_on 58
velocity 0
time 82
note_on 60
velocity 68
time 16
note_on 75
velocity 81
time 2
note_on 67
velocity 74
time 10
note_on 67
velocity 0
time 79
note_on 75
velocity 0
time 3
note_on 60
velocity 0
time 93
note_on 48
velocity 69
time 2
note_on 69
velocity 75
time 6
note_on 75
velocity 71
time 10
note_on 69
velocity 0
time 48
note_on 75
velocity 0
time 37
note_on 74
velocity 65
time 33
note_on 71
velocity 64
time 2
note_on 71
velocity 0
time 46
note_on 48
velocity 0
time 39
note_on 74
velocity 0
time 7
note_on 60
velocity 64
time 50
note_on 75
velocity 73
time 2
note_on 72
velocity 72
time 6
note_on 72
velocity 0
time 31
note_on 75
velocity 0
time 7
note_on 60
velocity 0
time 84
note_on 58
velocity 61
time 18
note_on 58
velocity 0
time 148
note_on 56
velocity 58
time 5
note_on 79
velocity 73
time 2
note_on 71
velocity 75
time 7
note_on 71
velocity 0
time 28
note_on 79
velocity 0
time 5
note_on 56
velocity 0
time 49
note_on 55
velocity 55
time 28
note_on 72
velocity 84
time 23
note_on 55
velocity 0
time 2
note_on 56
velocity 58
time 16
note_on 56
velocity 0
time 285
note_on 74
velocity 61
time 2
note_on 44
velocity 53
time 3
note_on 74
velocity 0
time 154
note_on 75
velocity 59
time 7
note_on 44
velocity 0
time 138
note_on 77
velocity 72
time 14
note_on 56
velocity 59
time 1
note_on 72
velocity 0
time 63
note_on 75
velocity 0
time 11
note_on 71
velocity 70
time 63
note_on 56
velocity 0
time 75
note_on 72
velocity 78
time 0
note_on 71
velocity 0
time 3
note_on 55
velocity 62
time 9
note_on 55
velocity 0
time 11
note_on 72
velocity 0
time 13
note_on 74
velocity 73
time 2
note_on 53
velocity 57
time 1
note_on 74
velocity 0
time 46
note_on 53
velocity 0
time 23
note_on 71
velocity 71
time 2
note_on 55
velocity 52
time 3
note_on 71
velocity 0
time 37
note_on 67
velocity 65
time 102
note_on 67
velocity 0
time 2
note_on 75
velocity 76
time 98
note_on 72
velocity 73
time 10
note_on 77
velocity 0
time 39
note_on 74
velocity 79
time 2
note_on 75
velocity 0
time 11
note_on 75
velocity 85
time 18
note_on 74
velocity 0
time 2
note_on 77
velocity 79
time 67
note_on 75
velocity 0
time 2
note_on 74
velocity 80
time 136
note_on 77
velocity 0
time 11
note_on 74
velocity 0
time 29
note_on 55
velocity 0
time 65
note_on 53
velocity 54
time 42
note_on 79
velocity 78
time 171
note_on 55
velocity 59
time 14
note_on 53
velocity 0
time 1
note_on 72
velocity 0
time 53
note_on 56
velocity 59
time 83
note_on 55
velocity 0
time 7
note_on 56
velocity 0
time 114
note_on 55
velocity 62
time 6
note_on 70
velocity 59
time 3
note_on 55
velocity 0
time 127
note_on 53
velocity 63
time 6
note_on 79
velocity 0
time 0
note_on 53
velocity 0
time 161
note_on 52
velocity 57
time 2
note_on 77
velocity 74
time 1
note_on 52
velocity 0
time 89
note_on 50
velocity 53
time 10
note_on 50
velocity 0
time 160
note_on 76
velocity 64
time 23
note_on 48
velocity 56
time 1
note_on 77
velocity 0
time 7
note_on 76
velocity 0
time 37
note_on 72
velocity 64
time 6
note_on 70
velocity 0
time 31
note_on 72
velocity 0
time 7
note_on 77
velocity 66
time 170
note_on 68
velocity 66
time 7
note_on 67
velocity 68
time 121
note_on 68
velocity 0
time 3
note_on 67
velocity 0
time 27
note_on 68
velocity 69
time 11
note_on 70
velocity 65
time 40
note_on 68
velocity 0
time 1
note_on 70
velocity 0
time 97
note_on 67
velocity 69
time 27
note_on 67
velocity 0
time 33
note_on 48
velocity 0
time 54
note_on 46
velocity 47
time 53
note_on 46
velocity 0
time 156
note_on 72
velocity 76
time 0
note_on 48
velocity 56
time 7
note_on 77
velocity 0
time 32
note_on 48
velocity 0
time 95
note_on 50
velocity 56
time 3
note_on 50
velocity 0
time 106
note_on 48
velocity 63
time 46
note_on 75
velocity 63
time 10
note_on 48
velocity 0
time 96
note_on 46
velocity 53
time 41
note_on 46
velocity 0
time 154
note_on 72
velocity 0
time 1
note_on 45
velocity 49
time 1
note_on 70
velocity 61
time 5
note_on 45
velocity 0
time 104
note_on 43
velocity 53
time 27
note_on 43
velocity 0
time 143
note_on 69
velocity 61
time 29
note_on 41
velocity 46
time 2
note_on 70
velocity 0
time 3
note_on 69
velocity 0
time 37
note_on 65
velocity 55
time 225
note_on 65
velocity 0
time 42
note_on 70
velocity 59
time 23
note_on 74
velocity 70
time 1
note_on 75
velocity 0
time 35
note_on 72
velocity 80
time 24
note_on 74
velocity 0
time 27
note_on 74
velocity 76
time 106
note_on 72
velocity 0
time 19
note_on 75
velocity 79
time 14
note_on 74
velocity 0
time 22
note_on 72
velocity 75
time 138
note_on 75
velocity 0
time 15
note_on 72
velocity 0
time 29
note_on 41
velocity 0
time 50
note_on 51
velocity 65
time 42
note_on 77
velocity 71
time 97
note_on 51
velocity 0
time 1
note_on 53
velocity 57
time 35
note_on 70
velocity 0
time 55
note_on 53
velocity 0
time 79
note_on 55
velocity 50
time 23
note_on 55
velocity 0
time 122
note_on 68
velocity 64
time 5
note_on 53
velocity 63
time 18
note_on 77
velocity 0
time 53
note_on 51
velocity 64
time 75
note_on 53
velocity 0
time 7
note_on 51
velocity 0
time 98
note_on 50
velocity 57
time 44
note_on 75
velocity 65
time 3
note_on 50
velocity 0
time 135
note_on 48
velocity 50
time 23
note_on 48
velocity 0
time 139
note_on 74
velocity 58
time 13
note_on 46
velocity 47
time 6
note_on 75
velocity 0
time 1
note_on 74
velocity 0
time 61
note_on 70
velocity 64
time 248
note_on 70
velocity 0
time 55
note_on 68
velocity 0
time 259
note_on 75
velocity 59
time 13
note_on 67
velocity 54
time 2
note_on 67
velocity 0
time 104
note_on 65
velocity 60
time 16
note_on 65
velocity 0
time 136
note_on 67
velocity 56
time 13
note_on 67
velocity 0
time 130
note_on 68
velocity 54
time 11
note_on 68
velocity 0
time 141
note_on 65
velocity 57
time 19
note_on 65
velocity 0
time 49
note_on 46
velocity 0
time 35
note_on 56
velocity 53
time 35
note_on 56
velocity 0
time 136
note_on 70
velocity 54
time 19
note_on 58
velocity 54
time 1
note_on 75
velocity 0
time 18
note_on 58
velocity 0
time 88
note_on 60
velocity 47
time 33
note_on 60
velocity 0
time 138
note_on 58
velocity 68
time 13
note_on 73
velocity 63
time 3
note_on 56
velocity 56
time 164
note_on 58
velocity 0
time 71
note_on 68
velocity 54
time 76
note_on 55
velocity 62
time 14
note_on 56
velocity 0
time 0
note_on 70
velocity 0
time 28
note_on 55
velocity 0
time 98
note_on 53
velocity 50
time 32
note_on 53
velocity 0
time 39
note_on 70
velocity 63
time 7
note_on 68
velocity 0
time 5
note_on 63
velocity 67
time 5
note_on 55
velocity 58
time 0
note_on 73
velocity 0
time 14
note_on 55
velocity 0
time 250
note_on 70
velocity 0
time 28
note_on 56
velocity 55
time 22
note_on 72
velocity 51
time 15
note_on 68
velocity 41
time 6
note_on 63
velocity 0
time 167
note_on 72
velocity 0
time 24
note_on 70
velocity 61
time 13
note_on 56
velocity 0
time 13
note_on 50
velocity 48
time 5
note_on 68
velocity 0
time 27
note_on 67
velocity 62
time 285
note_on 52
velocity 51
time 2
note_on 70
velocity 0
time 5
note_on 50
velocity 0
time 5
note_on 61
velocity 55
time 0
note_on 61
velocity 0
time 84
note_on 52
velocity 0
time 201
note_on 68
velocity 65
time 31
note_on 60
velocity 62
time 1
note_on 53
velocity 48
time 2
note_on 67
velocity 0
time 3
note_on 60
velocity 0
time 100
note_on 68
velocity 0
time 144
note_on 65
velocity 69
time 10
note_on 67
velocity 49
time 167
note_on 67
velocity 0
time 140
note_on 68
velocity 66
time 1
note_on 53
velocity 0
time 3
note_on 51
velocity 54
time 9
note_on 65
velocity 0
time 125
note_on 51
velocity 0
time 3
note_on 63
velocity 66
time 19
note_on 49
velocity 55
time 2
note_on 49
velocity 0
time 72
note_on 48
velocity 48
time 39
note_on 63
velocity 0
time 130
note_on 61
velocity 66
time 28
note_on 48
velocity 0
time 6
note_on 46
velocity 45
time 0
note_on 61
velocity 0
time 32
note_on 68
velocity 0
time 164
note_on 61
velocity 64
time 6
note_on 65
velocity 59
time 5
note_on 61
velocity 0
time 128
note_on 60
velocity 67
time 24
note_on 61
velocity 69
time 138
note_on 60
velocity 0
time 9
note_on 70
velocity 75
time 0
note_on 46
velocity 0
time 10
note_on 65
velocity 0
time 23
note_on 61
velocity 0
time 27
note_on 46
velocity 57
time 83
note_on 46
velocity 0
time 106
note_on 48
velocity 59
time 48
note_on 70
velocity 0
time 6
note_on 68
velocity 79
time 2
note_on 65
velocity 70
time 2
note_on 48
velocity 0
time 139
note_on 49
velocity 54
time 23
note_on 65
velocity 0
time 88
note_on 49
velocity 0
time 44
note_on 67
velocity 65
time 16
note_on 68
velocity 0
time 2
note_on 51
velocity 61
time 5
note_on 58
velocity 77
time 2
note_on 67
velocity 0
time 45
note_on 58
velocity 0
time 55
note_on 63
velocity 69
time 190
note_on 67
velocity 69
time 3
note_on 65
velocity 70
time 157
note_on 67
velocity 0
time 1
note_on 51
velocity 0
time 59
note_on 67
velocity 72
time 88
note_on 65
velocity 0
time 3
note_on 39
velocity 54
time 147
note_on 41
velocity 62
time 164
note_on 70
velocity 74
time 2
note_on 61
velocity 72
time 2
note_on 67
velocity 0
time 24
note_on 63
velocity 0
time 6
note_on 39
velocity 0
time 67
note_on 43
velocity 68
time 45
note_on 41
velocity 0
time 24
note_on 61
velocity 0
time 35
note_on 44
velocity 72
time 85
note_on 43
velocity 0
time 9
note_on 60
velocity 74
time 1
note_on 63
velocity 74
time 6
note_on 70
velocity 0
time 11
note_on 60
velocity 0
time 50
note_on 44
velocity 0
time 46
note_on 46
velocity 66
time 18
note_on 46
velocity 0
time 65
note_on 48
velocity 75
time 66
note_on 68
velocity 77
time 6
note_on 60
velocity 78
time 3
note_on 63
velocity 0
time 9
note_on 48
velocity 0
time 84
note_on 50
velocity 70
time 31
note_on 60
velocity 0
time 20
note_on 58
velocity 68
time 7
note_on 50
velocity 0
time 84
note_on 58
velocity 0
time 5
note_on 51
velocity 85
time 29
note_on 60
velocity 83
time 13
note_on 60
velocity 0
time 59
note_on 68
velocity 0
time 13
note_on 67
velocity 73
time 14
note_on 63
velocity 76
time 7
note_on 63
velocity 0
time 41
note_on 70
velocity 91
time 3
note_on 65
velocity 68
time 5
note_on 56
velocity 76
time 7
note_on 67
velocity 0
time 41
note_on 65
velocity 0
time 20
note_on 56
velocity 0
time 32
note_on 56
velocity 67
time 3
note_on 65
velocity 73
time 11
note_on 51
velocity 0
time 52
note_on 56
velocity 0
time 78
note_on 55
velocity 68
time 6
note_on 63
velocity 65
time 15
note_on 65
velocity 0
time 0
note_on 63
velocity 0
time 118
note_on 55
velocity 0
time 5
note_on 50
velocity 64
time 3
note_on 56
velocity 70
time 3
note_on 65
velocity 81
time 0
note_on 65
velocity 0
time 279
note_on 56
velocity 0
time 5
note_on 58
velocity 77
time 19
note_on 67
velocity 74
time 5
note_on 50
velocity 0
time 65
note_on 67
velocity 0
time 53
note_on 56
velocity 69
time 6
note_on 58
velocity 0
time 20
note_on 65
velocity 69
time 2
note_on 65
velocity 0
time 66
note_on 56
velocity 0
time 42
note_on 75
velocity 90
time 10
note_on 51
velocity 85
time 2
note_on 55
velocity 81
time 1
note_on 70
velocity 0
time 0
note_on 63
velocity 81
time 2
note_on 63
velocity 0
time 15
note_on 55
velocity 0
time 36
note_on 58
velocity 76
time 0
note_on 67
velocity 68
time 6
note_on 58
velocity 0
time 109
note_on 56
velocity 75
time 14
note_on 65
velocity 67
time 5
note_on 67
velocity 0
time 2
note_on 58
velocity 86
time 140
note_on 67
velocity 77
time 20
note_on 56
velocity 0
time 14
note_on 65
velocity 0
time 2
note_on 75
velocity 0
time 18
note_on 58
velocity 0
time 15
note_on 60
velocity 83
time 162
note_on 75
velocity 85
time 0
note_on 69
velocity 81
time 5
note_on 67
velocity 0
time 26
note_on 60
velocity 0
time 33
note_on 69
velocity 0
time 16
note_on 67
velocity 72
time 62
note_on 75
velocity 0
time 118
note_on 67
velocity 0
time 31
note_on 51
velocity 0
time 31
note_on 62
velocity 85
time 1
note_on 74
velocity 82
time 1
note_on 58
velocity 80
time 3
note_on 65
velocity 83
time 5
note_on 62
velocity 0
time 5
note_on 74
velocity 0
time 15
note_on 65
velocity 0
time 31
note_on 79
velocity 84
time 7
note_on 62
velocity 75
time 2
note_on 70
velocity 77
time 7
note_on 60
velocity 73
time 110
note_on 70
velocity 0
time 24
note_on 68
velocity 78
time 3
note_on 62
velocity 0
time 13
note_on 62
velocity 88
time 110
note_on 70
velocity 79
time 0
note_on 68
velocity 0
time 9
note_on 58
velocity 0
time 2
note_on 60
velocity 0
time 20
note_on 62
velocity 0
time 14
note_on 70
velocity 0
time 0
note_on 79
velocity 0
time 251
note_on 56
velocity 74
time 1
note_on 65
velocity 83
time 0
note_on 77
velocity 87
time 0
note_on 74
velocity 83
time 5
note_on 65
velocity 0
time 66
note_on 56
velocity 0
time 6
note_on 55
velocity 83
time 230
note_on 75
velocity 82
time 10
note_on 70
velocity 79
time 2
note_on 74
velocity 0
time 2
note_on 77
velocity 0
time 2
note_on 55
velocity 0
time 20
note_on 75
velocity 0
time 44
note_on 72
velocity 80
time 148
note_on 67
velocity 79
time 2
note_on 75
velocity 81
time 0
note_on 60
velocity 86
time 2
note_on 70
velocity 0
time 11
note_on 74
velocity 78
time 101
note_on 67
velocity 0
time 22
note_on 75
velocity 0
time 2
note_on 72
velocity 0
time 55
note_on 63
velocity 83
time 74
note_on 74
velocity 0
time 5
note_on 75
velocity 81
time 2
note_on 67
velocity 81
time 2
note_on 60
velocity 0
time 36
note_on 75
velocity 0
time 1
note_on 79
velocity 87
time 243
note_on 58
velocity 74
time 5
note_on 79
velocity 0
time 61
note_on 58
velocity 0
time 6
note_on 72
velocity 84
time 231
note_on 56
velocity 79
time 2
note_on 68
velocity 78
time 2
note_on 63
velocity 0
time 10
note_on 67
velocity 0
time 0
note_on 68
velocity 0
time 36
note_on 72
velocity 0
time 15
note_on 56
velocity 0
time 19
note_on 56
velocity 73
time 46
note_on 77
velocity 90
time 0
note_on 60
velocity 71
time 7
note_on 68
velocity 86
time 2
note_on 60
velocity 0
time 101
note_on 55
velocity 70
time 26
note_on 58
velocity 81
time 1
note_on 56
velocity 0
time 16
note_on 55
velocity 0
time 85
note_on 58
velocity 0
time 0
note_on 60
velocity 82
time 11
note_on 56
velocity 74
time 3
note_on 56
velocity 0
time 37
note_on 60
velocity 0
time 0
note_on 75
velocity 89
time 45
note_on 63
velocity 75
time 3
note_on 60
velocity 76
time 1
note_on 67
velocity 78
time 10
note_on 68
velocity 0
time 31
note_on 77
velocity 0
time 9
note_on 60
velocity 0
time 10
note_on 63
velocity 0
time 20
note_on 67
velocity 0
time 147
note_on 74
velocity 82
time 55
note_on 68
velocity 74
time 1
note_on 65
velocity 75
time 5
note_on 53
velocity 72
time 3
note_on 75
velocity 0
time 19
note_on 65
velocity 0
time 7
note_on 53
velocity 0
time 18
note_on 74
velocity 0
time 10
note_on 74
velocity 81
time 76
note_on 62
velocity 59
time 7
note_on 65
velocity 75
time 0
note_on 58
velocity 62
time 3
note_on 68
velocity 0
time 20
note_on 65
velocity 0
time 40
note_on 72
velocity 78
time 62
note_on 74
velocity 0
time 26
note_on 72
velocity 0
time 126
note_on 70
velocity 72
time 0
note_on 74
velocity 79
time 0
note_on 67
velocity 66
time 3
note_on 62
velocity 0
time 2
note_on 58
velocity 0
time 22
note_on 74
velocity 0
time 35
note_on 67
velocity 0
time 218
note_on 77
velocity 78
time 23
note_on 56
velocity 63
time 9
note_on 62
velocity 62
time 0
note_on 70
velocity 0
time 3
note_on 77
velocity 0
time 62
note_on 56
velocity 0
time 10
note_on 62
velocity 0
time 92
note_on 55
velocity 48
time 2
note_on 70
velocity 73
time 15
note_on 63
velocity 62
time 19
note_on 55
velocity 0
time 29
note_on 55
velocity 59
time 31
note_on 75
velocity 78
time 9
note_on 63
velocity 0
time 75
note_on 53
velocity 64
time 63
note_on 55
velocity 0
time 6
note_on 53
velocity 0
time 138
note_on 73
velocity 77
time 3
note_on 55
velocity 65
time 6
note_on 70
velocity 0
time 19
note_on 75
velocity 0
time 14
note_on 55
velocity 0
time 3
note_on 58
velocity 64
time 178
note_on 65
velocity 69
time 11
note_on 68
velocity 68
time 2
note_on 58
velocity 0
time 32
note_on 65
velocity 0
time 2
note_on 68
velocity 0
time 13
note_on 51
velocity 54
time 266
note_on 63
velocity 59
time 7
note_on 67
velocity 70
time 2
note_on 51
velocity 0
time 149
note_on 73
velocity 0
time 15
note_on 51
velocity 61
time 115
note_on 72
velocity 80
time 1
note_on 51
velocity 0
time 49
note_on 50
velocity 60
time 28
note_on 51
velocity 69
time 145
note_on 50
velocity 0
time 1
note_on 70
velocity 78
time 9
note_on 67
velocity 0
time 18
note_on 72
velocity 0
time 1
note_on 51
velocity 0
time 11
note_on 63
velocity 0
time 33
note_on 55
velocity 64
time 141
note_on 65
velocity 67
time 10
note_on 62
velocity 59
time 2
note_on 55
velocity 0
time 24
note_on 65
velocity 0
time 16
note_on 62
velocity 0
time 2
note_on 48
velocity 47
time 279
note_on 60
velocity 62
time 5
note_on 63
velocity 65
time 2
note_on 70
velocity 0
time 96
note_on 68
velocity 71
time 196
note_on 50
velocity 58
time 18
note_on 48
velocity 0
time 16
note_on 67
velocity 72
time 78
note_on 50
velocity 0
time 6
note_on 51
velocity 65
time 2
note_on 68
velocity 0
time 13
note_on 51
velocity 0
time 108
note_on 53
velocity 69
time 14
note_on 68
velocity 86
time 9
note_on 67
velocity 0
time 10
note_on 63
velocity 0
time 72
note_on 53
velocity 0
time 22
note_on 56
velocity 52
time 27
note_on 62
velocity 64
time 2
note_on 60
velocity 0
time 2
note_on 62
velocity 0
time 136
note_on 60
velocity 61
time 10
note_on 56
velocity 0
time 91
note_on 46
velocity 50
time 27
note_on 53
velocity 52
time 3
note_on 62
velocity 66
time 5
note_on 60
velocity 0
time 2
note_on 62
velocity 0
time 39
note_on 58
velocity 66
time 285
note_on 58
velocity 0
time 44
note_on 46
velocity 0
time 244
note_on 66
velocity 67
time 35
note_on 45
velocity 48
time 1
note_on 63
velocity 62
time 7
note_on 68
velocity 0
time 27
note_on 53
velocity 0
time 5
note_on 60
velocity 83
time 6
note_on 63
velocity 0
time 19
note_on 46
velocity 69
time 317
note_on 53
velocity 74
time 3
note_on 65
velocity 78
time 2
note_on 63
velocity 74
time 3
note_on 45
velocity 0
time 15
note_on 66
velocity 0
time 2
note_on 60
velocity 0
time 6
note_on 53
velocity 0
time 46
note_on 53
velocity 75
time 144
note_on 51
velocity 77
time 2
note_on 53
velocity 0
time 11
note_on 62
velocity 77
time 3
note_on 53
velocity 85
time 3
note_on 63
velocity 0
time 16
note_on 51
velocity 0
time 16
note_on 53
velocity 0
time 1
note_on 58
velocity 86
time 58
note_on 65
velocity 0
time 101
note_on 58
velocity 0
time 93
note_on 55
velocity 75
time 710
note_on 58
velocity 59
time 3
note_on 63
velocity 68
time 1
note_on 39
velocity 57
time 6
note_on 62
velocity 0
time 11
note_on 46
velocity 0
time 1
note_on 55
velocity 0
time 537
note_on 39
velocity 0
time 27
note_on 63
velocity 0
time 7
note_on 58
velocity 0
time 35
