note_on 39
velocity 30
time 1018
note_on 27
velocity 28
time 11
note_off 27
time 230
note_off 39
time 79
note_on 46
velocity 29
time 747
note_on 54
velocity 35
time 688
note_off 46
time 18
note_off 54
time 337
note_on 63
velocity 28
time 242
note_off 63
time 192
note_on 70
velocity 41
time 377
note_off 70
time 152
note_on 63
velocity 31
time 424
note_off 63
time 372
note_on 54
velocity 40
time 108
note_off 54
time 244
note_on 46
velocity 42
time 256
note_off 46
time 76
note_on 27
velocity 37
time 562
note_on 39
velocity 23
time 63
note_off 27
time 109
note_off 39
time 76
note_on 46
velocity 26
time 522
note_off 46
time 339
note_on 54
velocity 37
time 141
note_off 54
time 239
note_on 63
velocity 34
time 227
note_off 63
time 136
note_on 70
velocity 39
time 398
note_off 70
time 122
note_on 63
velocity 33
time 380
note_off 63
time 410
note_on 54
velocity 25
time 87
note_off 54
time 315
note_on 46
velocity 33
time 160
note_off 46
time 105
note_on 39
velocity 23
time 558
note_on 27
velocity 32
time 14
note_off 27
time 170
note_off 39
time 58
note_on 46
velocity 18
time 553
note_off 46
time 415
note_on 54
velocity 39
time 80
note_off 54
time 179
note_on 63
velocity 33
time 320
note_off 63
time 134
note_on 78
velocity 67
time 778
note_on 70
velocity 39
time 5
note_off 70
time 105
note_on 63
velocity 30
time 639
note_off 63
time 363
note_on 54
velocity 41
time 104
note_on 46
velocity 42
time 451
note_off 54
time 53
note_off 46
time 65
note_on 39
velocity 40
time 516
note_on 27
velocity 43
time 35
note_off 27
time 20
note_off 39
time 52
note_on 47
velocity 45
time 378
note_off 47
time 437
note_on 56
velocity 41
time 66
note_off 56
time 463
note_on 62
velocity 42
time 1
note_off 62
time 154
note_on 68
velocity 46
time 289
note_off 68
time 130
note_on 62
velocity 34
time 377
note_off 78
time 355
note_off 62
time 92
note_on 56
velocity 34
time 78
note_on 77
velocity 60
time 79
note_off 56
time 178
note_on 47
velocity 37
time 230
note_off 47
time 74
note_on 39
velocity 34
time 584
note_on 27
velocity 34
time 3
note_off 27
time 18
note_off 39
time 100
note_on 46
velocity 22
time 475
note_on 74
velocity 50
time 55
note_off 77
time 278
note_off 46
time 33
note_on 54
velocity 40
time 101
note_off 54
time 111
note_on 63
velocity 26
time 302
note_off 63
time 138
note_on 75
velocity 59
time 3
note_off 74
time 203
note_on 77
velocity 61
time 1
note_off 75
time 10
note_on 70
velocity 41
time 244
note_on 75
velocity 55
time 74
note_off 77
time 59
note_off 70
time 75
note_on 63
velocity 36
time 407
note_off 63
time 165
note_on 54
velocity 41
time 270
note_off 54
time 270
note_on 46
velocity 37
time 128
note_off 46
time 104
note_on 27
velocity 41
time 479
note_on 39
velocity 39
time 6
note_off 27
time 0
note_off 39
time 62
note_on 70
velocity 48
time 475
note_on 46
velocity 28
time 6
note_on 55
velocity 51
time 420
note_off 46
time 87
note_off 70
time 170
note_off 55
time 95
note_on 71
velocity 68
time 61
note_on 61
velocity 33
time 35
note_off 61
time 114
note_off 75
time 152
note_on 67
velocity 38
time 307
note_on 73
velocity 69
time 45
note_off 71
time 84
note_off 67
time 46
note_on 61
velocity 35
time 527
note_off 61
time 266
note_on 55
velocity 40
time 128
note_off 55
time 156
note_on 46
velocity 29
time 341
note_off 46
time 54
note_on 32
velocity 30
time 734
note_off 32
time 104
note_on 44
velocity 29
time 59
note_off 44
time 121
note_on 75
velocity 53
time 84
note_off 73
time 40
note_on 73
velocity 60
time 328
note_on 51
velocity 39
time 216
note_off 75
time 13
note_on 71
velocity 54
time 0
note_on 63
velocity 30
time 15
note_off 73
time 5
note_off 63
time 111
note_on 59
velocity 33
time 119
note_off 51
time 102
note_on 68
velocity 42
time 338
note_off 59
time 76
note_off 68
time 40
note_off 71
time 238
note_on 59
velocity 47
time 23
note_off 59
time 63
note_on 70
velocity 68
time 395
note_on 51
velocity 48
time 36
note_on 44
velocity 47
time 401
note_off 51
time 32
note_off 44
time 23
note_on 34
velocity 51
time 490
note_on 46
velocity 48
time 192
note_off 34
time 5
note_off 46
time 48
note_on 56
velocity 45
time 432
note_on 68
velocity 65
time 128
note_off 70
time 117
note_on 62
velocity 33
time 329
note_off 68
time 167
note_on 70
velocity 25
time 279
note_off 62
time 48
note_off 70
time 78
note_off 56
time 104
note_on 62
velocity 37
time 175
note_off 62
time 61
note_on 66
velocity 51
time 419
note_on 56
velocity 36
time 57
note_off 56
time 244
note_on 49
velocity 10
time 205
note_off 49
time 59
note_on 35
velocity 31
time 661
note_on 63
velocity 37
time 87
note_off 66
time 35
note_off 35
time 113
note_on 47
velocity 3
time 192
note_off 47
time 53
note_on 54
velocity 36
time 380
note_off 63
time 239
note_off 54
time 128
note_on 59
velocity 35
time 50
note_on 66
velocity 34
time 490
note_off 59
time 113
note_off 66
time 218
note_on 59
velocity 37
time 111
note_off 59
time 104
note_on 54
velocity 38
time 403
note_off 54
time 371
note_on 47
velocity 35
time 96
note_off 47
time 118
note_on 32
velocity 33
time 713
note_on 65
velocity 35
time 106
note_on 59
velocity 24
time 1
note_off 32
time 31
note_on 44
velocity 38
time 140
note_off 59
time 55
note_off 65
time 29
note_off 44
time 6
note_on 66
velocity 54
time 111
note_on 63
velocity 40
time 10
note_off 63
time 57
note_off 66
time 16
note_on 53
velocity 38
time 3
note_on 65
velocity 43
time 9
note_on 68
velocity 50
time 2
note_off 68
time 48
note_on 70
velocity 65
time 57
note_off 65
time 5
note_on 66
velocity 52
time 24
note_off 66
time 79
note_on 59
velocity 40
time 3
note_off 70
time 44
note_on 71
velocity 70
time 126
note_on 68
velocity 58
time 6
note_off 68
time 74
note_off 71
time 35
note_on 63
velocity 37
time 303
note_on 80
velocity 69
time 0
note_on 71
velocity 50
time 7
note_off 59
time 19
note_off 63
time 101
note_on 59
velocity 36
time 119
note_off 53
time 84
note_off 59
time 23
note_on 53
velocity 37
time 372
note_off 71
time 216
note_off 80
time 52
note_off 53
time 138
note_on 44
velocity 24
time 147
note_off 44
time 96
note_on 78
velocity 49
time 208
note_on 70
velocity 34
time 39
note_off 78
time 143
note_off 70
time 50
note_on 78
velocity 42
time 274
note_on 70
velocity 33
time 23
note_on 39
velocity 27
time 28
note_on 27
velocity 24
time 7
note_off 27
time 104
note_off 39
time 82
note_on 46
velocity 29
time 458
note_on 54
velocity 47
time 489
note_off 46
time 125
note_off 70
time 69
note_off 78
time 139
note_on 63
velocity 50
time 108
note_on 78
velocity 76
time 742
note_on 70
velocity 36
time 62
note_off 63
time 220
note_off 54
time 42
note_on 63
velocity 47
time 283
note_off 63
time 261
note_on 54
velocity 58
time 175
note_off 54
time 320
note_on 46
velocity 58
time 115
note_off 46
time 95
note_on 27
velocity 48
time 526
note_on 39
velocity 52
time 18
note_off 27
time 15
note_off 39
time 20
note_off 70
time 260
note_on 47
velocity 61
time 69
note_off 78
time 184
note_on 56
velocity 41
time 300
note_on 77
velocity 77
time 161
note_off 47
time 135
note_on 78
velocity 83
time 260
note_off 77
time 67
note_on 62
velocity 53
time 87
note_off 56
time 122
note_on 77
velocity 84
time 1
note_off 62
time 54
note_off 78
time 61
note_off 77
time 84
note_on 75
velocity 78
time 6
note_off 75
time 135
note_on 77
velocity 79
time 20
note_on 68
velocity 54
time 251
note_on 78
velocity 77
time 9
note_off 77
time 0
note_off 68
time 111
note_on 62
velocity 45
time 264
note_on 56
velocity 57
time 391
note_off 62
time 67
note_off 56
time 199
note_on 47
velocity 51
time 89
note_off 47
time 100
note_on 77
velocity 74
time 6
note_off 78
time 105
note_on 39
velocity 43
time 454
note_on 27
velocity 46
time 2
note_off 27
time 63
note_off 39
time 62
note_on 46
velocity 43
time 463
note_on 74
velocity 61
time 76
note_off 77
time 429
note_off 46
time 2
note_on 54
velocity 50
time 41
note_off 54
time 214
note_on 63
velocity 36
time 152
note_off 63
time 135
note_on 75
velocity 65
time 9
note_on 77
velocity 69
time 199
note_off 74
time 6
note_off 75
time 5
note_on 70
velocity 52
time 209
note_on 75
velocity 62
time 69
note_off 70
time 35
note_off 77
time 10
note_on 63
velocity 48
time 481
note_off 63
time 295
note_on 54
velocity 56
time 106
note_on 46
velocity 54
time 390
note_off 46
time 79
note_off 54
time 20
note_on 39
velocity 57
time 539
note_on 46
velocity 63
time 147
note_on 54
velocity 51
time 365
note_off 39
time 104
note_on 70
velocity 78
time 11
note_off 46
time 32
note_off 54
time 19
note_on 63
velocity 71
time 299
note_off 63
time 50
note_on 38
velocity 65
time 406
note_on 46
velocity 66
time 139
note_off 38
time 123
note_off 70
time 46
note_on 54
velocity 52
time 235
note_off 46
time 87
note_on 71
velocity 77
time 18
note_off 54
time 96
note_off 75
time 153
note_on 62
velocity 61
time 195
note_off 62
time 37
note_on 37
velocity 49
time 617
note_on 73
velocity 74
time 100
note_off 71
time 74
note_off 37
time 144
note_on 49
velocity 42
time 110
note_off 49
time 71
note_on 58
velocity 47
time 365
note_on 66
velocity 46
time 394
note_off 58
time 300
note_on 70
velocity 48
time 157
note_off 66
time 179
note_off 70
time 199
note_on 66
velocity 47
time 16
note_off 66
time 350
note_on 58
velocity 46
time 74
note_off 58
time 98
note_on 49
velocity 46
time 311
note_on 37
velocity 46
time 665
note_off 49
time 10
note_on 49
velocity 40
time 236
note_off 37
time 39
note_off 49
time 166
note_off 73
time 63
note_on 75
velocity 57
time 10
note_on 73
velocity 70
time 274
note_off 75
time 235
note_on 53
velocity 42
time 23
note_on 71
velocity 58
time 152
note_on 63
velocity 38
time 46
note_off 73
time 19
note_off 63
time 79
note_on 59
velocity 36
time 151
note_off 53
time 27
note_on 68
velocity 39
time 382
note_off 59
time 27
note_off 68
time 70
note_off 71
time 122
note_on 59
velocity 38
time 169
note_off 59
time 84
note_on 70
velocity 43
time 429
note_on 61
velocity 32
time 52
note_on 53
velocity 12
time 3
note_off 53
time 246
note_on 49
velocity 34
time 113
note_off 49
time 101
note_on 42
velocity 31
time 600
note_on 30
velocity 29
time 7
note_on 66
velocity 43
time 80
note_on 58
velocity 22
time 46
note_off 30
time 14
note_off 61
time 31
note_off 42
time 29
note_off 58
time 115
note_on 49
velocity 28
time 354
note_on 54
velocity 38
time 516
note_off 49
time 80
note_off 70
time 128
note_on 58
velocity 38
time 210
note_off 54
time 98
note_on 63
velocity 33
time 360
note_off 58
time 41
note_on 61
velocity 35
time 382
note_off 63
time 74
note_on 58
velocity 30
time 393
note_off 61
time 85
note_off 58
time 192
note_on 54
velocity 38
time 177
note_off 54
time 148
note_on 32
velocity 17
time 634
note_on 44
velocity 21
time 39
note_off 32
time 59
note_off 66
time 36
note_off 44
time 29
note_on 53
velocity 29
time 450
note_on 59
velocity 29
time 451
note_off 53
time 132
note_on 65
velocity 39
time 32
note_off 65
time 458
note_on 63
velocity 39
time 72
note_off 63
time 96
note_on 66
velocity 52
time 291
note_on 63
velocity 48
time 15
note_off 59
time 101
note_off 63
time 35
note_on 63
velocity 48
time 216
note_off 66
time 14
note_off 63
time 187
note_on 68
velocity 64
time 184
note_on 59
velocity 39
time 23
note_on 65
velocity 47
time 18
note_off 59
time 248
note_on 53
velocity 31
time 78
note_off 53
time 106
note_on 46
velocity 35
time 434
note_on 34
velocity 40
time 11
note_on 70
velocity 61
time 87
note_on 62
velocity 45
time 13
note_off 68
time 11
note_off 65
time 11
note_off 34
time 40
note_off 46
time 16
note_off 62
time 183
note_on 53
velocity 45
time 226
note_on 58
velocity 55
time 506
note_off 53
time 302
note_on 62
velocity 55
time 113
note_off 58
time 253
note_on 66
velocity 56
time 229
note_off 70
time 118
note_off 66
time 184
note_on 65
velocity 53
time 144
note_off 62
time 217
note_on 62
velocity 38
time 147
note_off 65
time 157
note_off 62
time 213
note_on 58
velocity 48
time 40
note_off 58
time 63
note_on 41
velocity 41
time 485
note_on 51
velocity 53
time 143
note_off 41
time 88
note_on 71
velocity 64
time 31
note_on 68
velocity 47
time 19
note_off 51
time 1
note_off 68
time 122
note_off 71
time 10
note_on 56
velocity 53
time 252
note_on 70
velocity 54
time 110
note_on 73
velocity 76
time 0
note_off 70
time 139
note_on 75
velocity 80
time 179
note_on 71
velocity 69
time 6
note_off 73
time 10
note_on 59
velocity 64
time 100
note_off 75
time 65
note_on 77
velocity 87
time 45
note_on 73
velocity 60
time 39
note_off 73
time 29
note_off 77
time 15
note_on 66
velocity 50
time 257
note_on 82
velocity 82
time 10
note_on 78
velocity 63
time 9
note_off 66
time 153
note_off 59
time 263
note_on 65
velocity 41
time 7
note_off 56
time 33
note_off 71
time 28
note_off 82
time 16
note_off 78
time 87
note_off 65
time 179
note_on 59
velocity 40
time 31
note_off 59
time 317
note_on 80
velocity 62
time 36
note_on 56
velocity 49
time 16
note_on 77
velocity 60
time 1
note_off 56
time 62
note_on 34
velocity 41
time 520
note_on 46
velocity 42
time 31
note_on 74
velocity 48
time 2
note_on 70
velocity 42
time 26
note_off 77
time 16
note_off 80
time 10
note_off 34
time 58
note_off 46
time 27
note_on 53
velocity 43
time 358
note_on 58
velocity 51
time 464
note_off 70
time 174
note_off 53
time 63
note_on 62
velocity 46
time 156
note_off 58
time 110
note_on 66
velocity 45
time 350
note_off 66
time 333
note_on 65
velocity 47
time 102
note_off 62
time 125
note_on 62
velocity 48
time 270
note_off 65
time 69
note_on 58
velocity 53
time 316
note_off 62
time 0
note_off 58
time 65
note_on 44
velocity 51
time 438
note_on 53
velocity 53
time 16
note_on 58
velocity 48
time 338
note_on 70
velocity 73
time 100
note_off 53
time 37
note_off 44
time 2
note_off 58
time 66
note_off 74
time 156
note_on 62
velocity 64
time 95
note_on 72
velocity 83
time 368
note_on 66
velocity 55
time 32
note_off 66
time 182
note_on 65
velocity 71
time 144
note_off 62
time 109
note_on 62
velocity 67
time 277
note_on 74
velocity 86
time 11
note_off 72
time 101
note_off 65
time 6
note_off 70
time 102
note_off 62
time 152
note_on 58
velocity 78
time 11
note_off 58
time 63
note_on 75
velocity 80
time 462
note_on 42
velocity 60
time 3
note_on 70
velocity 63
time 1
note_on 66
velocity 55
time 1
note_off 74
time 14
note_off 66
time 93
note_off 42
time 26
note_on 58
velocity 76
time 203
note_off 58
time 72
note_on 63
velocity 71
time 282
note_off 70
time 164
note_on 66
velocity 75
time 196
note_off 63
time 182
note_on 71
velocity 80
time 302
note_off 75
time 131
note_off 66
time 20
note_on 70
velocity 75
time 305
note_on 66
velocity 77
time 358
note_off 71
time 98
note_off 70
time 14
note_on 63
velocity 80
time 264
note_off 66
time 55
note_off 63
time 11
note_on 48
velocity 79
time 430
note_on 36
velocity 74
time 15
note_off 36
time 10
note_off 48
time 23
note_on 70
velocity 82
time 285
note_on 77
velocity 88
time 1
note_on 58
velocity 64
time 7
note_off 70
time 49
note_off 77
time 29
note_on 63
velocity 71
time 277
note_on 78
velocity 90
time 105
note_on 75
velocity 87
time 1
note_off 75
time 166
note_on 80
velocity 88
time 121
note_on 77
velocity 86
time 2
note_off 78
time 36
note_on 66
velocity 75
time 46
note_off 80
time 52
note_off 63
time 22
note_off 58
time 3
note_on 78
velocity 91
time 26
note_on 82
velocity 90
time 3
note_off 78
time 58
note_off 77
time 7
note_off 82
time 1
note_on 73
velocity 80
time 261
note_on 89
velocity 100
time 18
note_on 85
velocity 91
time 3
note_off 73
time 205
note_on 72
velocity 88
time 235
note_off 66
time 118
note_off 85
time 15
note_off 89
time 48
note_on 66
velocity 85
time 145
note_off 72
time 139
note_on 84
velocity 91
time 179
note_on 87
velocity 95
time 2
note_on 63
velocity 76
time 20
note_off 66
time 57
note_off 63
time 32
note_on 41
velocity 80
time 382
note_on 81
velocity 90
time 92
note_on 77
velocity 84
time 9
note_off 87
time 11
note_off 84
time 45
note_on 48
velocity 81
time 304
note_off 41
time 13
note_off 48
time 27
note_on 57
velocity 82
time 326
note_on 60
velocity 83
time 329
note_off 57
time 92
note_on 69
velocity 84
time 332
note_off 60
time 100
note_off 69
time 236
note_on 60
velocity 86
time 14
note_on 57
velocity 90
time 337
note_off 60
time 24
note_off 57
time 20
note_on 48
velocity 91
time 342
note_off 48
time 48
note_off 77
time 412
note_on 45
velocity 92
time 160
note_on 33
velocity 85
time 2
note_off 33
time 32
note_off 45
time 26
note_off 81
time 89
note_on 54
velocity 87
time 277
note_on 63
velocity 74
time 376
note_on 87
velocity 98
time 78
note_on 78
velocity 97
time 3
note_on 90
velocity 92
time 1
note_off 54
time 319
note_on 66
velocity 87
time 26
note_off 63
time 27
note_off 66
time 20
note_off 78
time 1
note_off 87
time 13
note_off 90
time 14
note_on 89
velocity 100
time 244
note_on 85
velocity 99
time 1
note_on 77
velocity 97
time 1
note_on 75
velocity 79
time 6
note_off 75
time 28
note_on 66
velocity 93
time 325
note_off 89
time 16
note_off 77
time 39
note_off 85
time 26
note_on 87
velocity 97
time 279
note_on 84
velocity 91
time 1
note_on 75
velocity 99
time 1
note_on 63
velocity 83
time 23
note_off 66
time 42
note_on 54
velocity 90
time 315
note_off 63
time 27
note_off 54
time 26
note_off 75
time 5
note_off 87
time 270
note_on 46
velocity 81
time 279
note_on 34
velocity 77
time 6
note_on 85
velocity 94
time 24
note_on 89
velocity 96
time 2
note_on 77
velocity 94
time 3
note_off 84
time 5
note_off 34
time 13
note_off 46
time 42
note_on 53
velocity 81
time 380
note_off 89
time 147
note_off 77
time 7
note_on 57
velocity 19
time 125
note_on 61
velocity 69
time 65
note_off 85
time 78
note_on 87
velocity 92
time 71
note_on 75
velocity 93
time 3
note_off 57
time 3
note_on 84
velocity 85
time 0
note_off 75
time 166
note_off 87
time 121
note_on 89
velocity 88
time 42
note_on 85
velocity 82
time 9
note_on 77
velocity 85
time 3
note_off 53
time 10
note_off 84
time 49
note_off 77
time 44
note_off 89
time 14
note_on 65
velocity 70
time 6
note_off 61
time 27
note_off 85
time 10
note_off 65
time 10
note_on 87
velocity 86
time 59
note_on 84
velocity 76
time 11
note_on 75
velocity 84
time 1
note_off 84
time 48
note_off 75
time 40
note_off 87
time 37
note_on 73
velocity 63
time 92
note_off 73
time 45
note_on 85
velocity 87
time 50
note_on 82
velocity 79
time 9
note_on 73
velocity 89
time 2
note_on 65
velocity 61
time 502
note_on 61
velocity 73
time 347
note_off 65
time 119
note_off 61
time 134
note_on 53
velocity 69
time 104
note_off 53
time 50
note_on 29
velocity 66
time 394
note_on 41
velocity 69
time 0
note_off 29
time 9
note_off 41
time 13
note_off 82
time 196
note_off 73
time 31
note_off 85
time 0
note_on 50
velocity 65
time 14
note_on 59
velocity 52
time 326
note_on 83
velocity 93
time 62
note_on 71
velocity 81
time 14
note_on 80
velocity 74
time 1
note_off 50
time 208
note_on 62
velocity 65
time 109
note_off 59
time 22
note_off 80
time 54
note_off 83
time 19
note_off 71
time 24
note_on 68
velocity 58
time 260
note_on 82
velocity 83
time 57
note_on 70
velocity 71
time 16
note_on 78
velocity 77
time 6
note_off 68
time 18
note_off 62
time 1
note_on 62
velocity 51
time 174
note_off 70
time 55
note_on 59
velocity 49
time 328
note_on 80
velocity 75
time 50
note_on 77
velocity 65
time 14
note_on 68
velocity 58
time 3
note_off 78
time 11
note_off 62
time 5
note_off 59
time 122
note_off 82
time 44
note_on 50
velocity 51
time 70
note_off 50
time 65
note_off 68
time 11
note_on 30
velocity 44
time 463
note_on 42
velocity 43
time 16
note_on 82
velocity 77
time 40
note_on 70
velocity 55
time 23
note_on 78
velocity 69
time 5
note_off 80
time 5
note_off 77
time 9
note_off 30
time 63
note_off 42
time 23
note_on 51
velocity 55
time 329
note_off 70
time 66
note_off 82
time 263
note_on 58
velocity 53
time 7
note_on 80
velocity 69
time 75
note_on 68
velocity 61
time 7
note_on 77
velocity 65
time 6
note_off 78
time 67
note_off 68
time 75
note_off 80
time 123
note_on 82
velocity 74
time 27
note_on 78
velocity 66
time 9
note_on 70
velocity 64
time 24
note_off 77
time 54
note_off 70
time 45
note_on 63
velocity 55
time 37
note_off 82
time 9
note_off 78
time 18
note_off 51
time 15
note_off 58
time 23
note_off 63
time 11
note_on 80
velocity 74
time 19
note_on 77
velocity 43
time 27
note_on 68
velocity 64
time 1
note_off 77
time 33
note_off 80
time 58
note_off 68
time 1
note_on 70
velocity 62
time 272
note_on 78
velocity 72
time 36
note_on 75
velocity 65
time 20
note_on 66
velocity 53
time 19
note_off 70
time 41
note_on 63
velocity 55
time 454
note_on 58
velocity 63
time 395
note_off 63
time 110
note_on 51
velocity 65
time 265
note_off 58
time 14
note_off 66
time 3
note_off 51
time 61
note_on 32
velocity 57
time 421
note_on 44
velocity 58
time 0
note_off 32
time 0
note_off 44
time 2
note_on 55
velocity 21
time 316
note_off 78
time 45
note_on 59
velocity 54
time 227
note_on 77
velocity 83
time 50
note_on 68
velocity 62
time 15
note_off 75
time 266
note_off 68
time 42
note_on 63
velocity 73
time 22
note_off 63
time 95
note_off 55
time 184
note_on 75
velocity 82
time 54
note_on 66
velocity 75
time 9
note_on 68
velocity 68
time 22
note_off 68
time 78
note_off 66
time 36
note_off 59
time 13
note_off 77
time 42
note_on 63
velocity 75
time 135
note_off 75
time 0
note_off 63
time 265
note_on 59
velocity 58
time 78
note_on 74
velocity 87
time 14
note_on 65
velocity 77
time 6
note_off 65
time 148
note_off 74
time 183
note_on 53
velocity 75
time 16
note_off 59
time 2
note_off 53
time 48
note_on 34
velocity 63
time 457
note_on 80
velocity 76
time 101
note_on 71
velocity 78
time 23
note_on 46
velocity 61
time 300
note_off 34
time 9
note_off 46
time 49
note_on 54
velocity 66
time 337
note_off 71
time 365
note_on 63
velocity 57
time 26
note_off 80
time 54
note_on 78
velocity 73
time 458
note_on 70
velocity 57
time 28
note_off 63
time 109
note_off 54
time 134
note_on 63
velocity 56
time 58
note_off 63
time 157
note_on 54
velocity 57
time 233
note_off 54
time 80
note_on 46
velocity 63
time 320
note_on 34
velocity 64
time 585
note_off 46
time 108
note_on 46
velocity 53
time 208
note_off 34
time 41
note_off 70
time 19
note_off 46
time 41
note_on 56
velocity 58
time 363
note_on 77
velocity 72
time 151
note_on 68
velocity 55
time 29
note_off 68
time 114
note_off 78
time 115
note_on 78
velocity 82
time 95
note_on 70
velocity 59
time 16
note_on 62
velocity 47
time 41
note_off 77
time 10
note_off 70
time 46
note_on 77
velocity 80
time 144
note_on 68
velocity 55
time 40
note_off 78
time 22
note_off 68
time 14
note_on 70
velocity 47
time 305
note_on 75
velocity 68
time 9
note_on 66
velocity 50
time 13
note_off 62
time 5
note_off 77
time 0
note_off 70
time 3
note_off 56
time 257
note_on 62
velocity 42
time 14
note_off 62
time 76
note_off 66
time 173
note_on 56
velocity 16
time 209
note_off 56
time 322
note_off 75
time 35
note_on 46
velocity 42
time 72
note_on 74
velocity 55
time 20
note_on 65
velocity 46
time 9
note_off 46
time 131
note_off 65
time 169
note_on 27
velocity 37
time 480
note_on 39
velocity 39
time 22
note_on 66
velocity 43
time 23
note_on 75
velocity 57
time 14
note_off 74
time 7
note_off 27
time 46
note_off 39
time 76
note_on 46
velocity 43
time 407
note_off 66
time 276
note_off 75
time 63
note_on 54
velocity 51
time 76
note_off 46
time 75
note_on 63
velocity 49
time 397
note_on 78
velocity 76
time 667
note_on 70
velocity 56
time 22
note_off 63
time 192
note_off 54
time 180
note_on 63
velocity 53
time 212
note_off 63
time 279
note_on 54
velocity 63
time 109
note_on 46
velocity 65
time 420
note_off 54
time 40
note_off 46
time 44
note_on 27
velocity 61
time 578
note_on 39
velocity 60
time 7
note_off 27
time 10
note_off 39
time 55
note_on 47
velocity 67
time 343
note_off 70
time 246
note_on 56
velocity 49
time 191
note_on 77
velocity 76
time 167
note_on 68
velocity 59
time 5
note_off 78
time 44
note_off 68
time 13
note_off 47
time 145
note_on 78
velocity 82
time 79
note_on 70
velocity 61
time 13
note_off 77
time 59
note_off 70
time 46
note_on 62
velocity 59
time 10
note_off 78
time 88
note_off 56
time 48
note_on 77
velocity 80
time 24
note_on 68
velocity 72
time 16
note_off 68
time 62
note_off 62
time 41
note_on 75
velocity 75
time 66
note_on 66
velocity 60
time 18
note_off 77
time 5
note_off 66
time 28
note_off 75
time 98
note_on 68
velocity 77
time 23
note_on 77
velocity 84
time 0
note_off 68
time 70
note_on 68
velocity 66
time 154
note_on 78
velocity 83
time 2
note_on 70
velocity 56
time 9
note_off 77
time 7
note_off 68
time 117
note_on 62
velocity 55
time 321
note_off 70
time 138
note_on 56
velocity 61
time 218
note_off 62
time 62
note_off 56
time 199
note_on 47
velocity 49
time 95
note_on 77
velocity 76
time 74
note_on 68
velocity 51
time 42
note_off 47
time 13
note_off 78
time 33
note_on 39
velocity 52
time 468
note_on 27
velocity 47
time 2
note_off 27
time 5
note_off 39
time 9
note_off 68
time 36
note_on 46
velocity 43
time 438
note_on 74
velocity 62
time 13
note_on 65
velocity 51
time 24
note_off 46
time 359
note_on 54
velocity 51
time 45
note_off 65
time 98
note_off 74
time 9
note_off 54
time 190
note_on 63
velocity 39
time 36
note_off 77
time 41
note_on 75
velocity 62
time 105
note_off 63
time 15
note_on 66
velocity 54
time 11
note_off 66
time 44
note_on 77
velocity 69
time 162
note_off 75
time 7
note_on 68
velocity 34
time 31
note_off 68
time 59
note_on 70
velocity 50
time 135
note_on 75
velocity 61
time 130
note_on 66
velocity 35
time 10
note_off 70
time 7
note_off 77
time 101
note_on 63
velocity 42
time 343
note_off 63
time 259
note_on 54
velocity 48
time 145
note_off 54
time 242
note_on 46
velocity 44
time 167
note_off 46
time 71
note_on 39
velocity 48
time 428
note_on 27
velocity 46
time 2
note_off 66
time 14
note_off 27
time 15
note_off 39
time 10
note_on 70
velocity 60
time 390
note_on 46
velocity 44
time 39
note_on 61
velocity 38
time 13
note_off 61
time 309
note_off 75
time 40
note_on 55
velocity 54
time 7
note_off 46
time 240
note_on 71
velocity 72
time 135
note_on 61
velocity 46
time 11
note_on 63
velocity 51
time 23
note_off 55
time 26
note_off 61
time 53
note_off 63
time 59
note_off 70
time 118
note_on 67
velocity 42
time 253
note_on 73
velocity 71
time 5
note_on 64
velocity 43
time 15
note_off 71
time 61
note_off 67
time 16
note_on 61
velocity 46
time 408
note_on 55
velocity 44
time 377
note_off 61
time 48
note_off 55
time 162
note_off 64
time 67
note_on 46
velocity 42
time 192
note_off 46
time 63
note_on 32
velocity 43
time 566
note_off 32
time 111
note_on 44
velocity 41
time 18
note_off 44
time 135
note_on 66
velocity 37
time 63
note_on 75
velocity 58
time 1
note_off 73
time 97
note_off 66
time 3
note_on 73
velocity 66
time 259
note_on 64
velocity 51
time 27
note_off 75
time 33
note_off 64
time 6
note_on 51
velocity 49
time 161
note_on 71
velocity 62
time 151
note_off 73
time 3
note_on 63
velocity 37
time 3
note_off 63
time 140
note_on 59
velocity 35
time 111
note_off 51
time 80
note_on 68
velocity 42
time 373
note_off 68
time 97
note_off 71
time 50
note_off 59
time 118
note_on 51
velocity 30
time 583
note_on 70
velocity 59
time 10
note_on 61
velocity 39
time 31
note_off 51
time 208
note_on 44
velocity 31
time 174
note_off 44
time 63
note_on 34
velocity 32
time 507
note_off 34
time 166
note_on 46
velocity 40
time 31
note_off 61
time 65
note_off 46
time 2
note_on 56
velocity 41
time 467
note_on 68
velocity 49
time 101
note_on 59
velocity 37
time 62
note_off 59
time 106
note_off 70
time 27
note_off 68
time 20
note_on 62
velocity 34
time 263
note_on 70
velocity 34
time 494
note_off 62
time 3
note_off 70
time 96
note_off 56
time 161
note_on 62
velocity 40
time 274
note_off 62
time 67
note_on 56
velocity 38
time 645
note_on 66
velocity 54
time 132
note_on 58
velocity 33
time 62
note_off 58
time 197
note_off 56
time 158
note_on 59
velocity 38
time 157
note_on 68
velocity 56
time 5
note_off 59
time 110
note_off 66
time 10
note_on 46
velocity 37
time 18
note_off 46
time 244
note_on 66
velocity 56
time 33
note_on 58
velocity 44
time 45
note_off 68
time 61
note_off 58
time 24
note_on 39
velocity 32
time 576
note_on 63
velocity 43
time 52
note_on 27
velocity 22
time 9
note_on 54
velocity 29
time 39
note_off 66
time 72
note_off 27
time 7
note_off 39
time 93
note_off 54
time 130
note_on 46
velocity 31
time 372
note_off 63
time 447
note_off 46
time 111
note_on 54
velocity 40
time 62
note_off 54
time 283
note_on 63
velocity 40
time 184
note_off 63
time 167
note_on 70
velocity 44
time 373
note_off 70
time 141
note_on 63
velocity 35
time 335
note_off 63
time 391
note_on 54
velocity 40
time 41
note_off 54
time 329
note_on 46
velocity 31
time 105
note_off 46
time 65
note_on 27
velocity 27
time 537
note_on 39
velocity 27
time 10
note_off 27
time 138
note_off 39
time 91
note_on 46
velocity 26
time 393
note_off 46
time 276
note_on 54
velocity 39
time 174
note_off 54
time 210
note_on 63
velocity 35
time 243
note_off 63
time 108
note_on 70
velocity 52
time 361
note_off 70
time 91
note_on 63
velocity 38
time 496
note_off 63
time 391
note_on 54
velocity 32
time 147
note_off 54
time 406
note_on 46
velocity 34
time 251
note_off 46
time 106
note_on 75
velocity 34
time 1459
note_on 42
velocity 33
time 24
note_on 30
velocity 28
time 16
note_on 70
velocity 22
time 9
note_off 30
time 117
note_off 42
time 63
note_off 70
time 180
note_on 73
velocity 41
time 105
note_off 75
time 9
note_off 73
time 192
note_on 75
velocity 36
time 89
note_on 49
velocity 41
time 32
note_on 70
velocity 30
time 22
note_off 75
time 223
note_off 70
time 3
note_on 73
velocity 35
time 19
note_on 66
velocity 29
time 36
note_off 73
time 3
note_off 66
time 264
note_on 80
velocity 31
time 104
note_on 58
velocity 58
time 45
note_off 49
time 171
note_off 80
time 63
note_on 78
velocity 50
time 49
note_off 78
time 145
note_on 80
velocity 41
time 63
note_on 73
velocity 34
time 6
note_off 80
time 66
note_off 73
time 88
note_on 78
velocity 48
time 10
note_off 78
time 31
note_on 70
velocity 34
time 27
note_off 70
time 44
note_on 70
velocity 45
time 128
note_on 75
velocity 48
time 0
note_off 70
time 131
note_off 75
time 7
note_on 73
velocity 54
time 24
note_on 66
velocity 37
time 6
note_off 66
time 80
note_off 73
time 14
note_on 70
velocity 54
time 45
note_on 75
velocity 35
time 36
note_off 75
time 118
note_on 73
velocity 57
time 19
note_off 70
time 48
note_on 66
velocity 33
time 18
note_off 73
time 6
note_off 66
time 32
note_on 56
velocity 62
time 102
note_on 73
velocity 38
time 70
note_off 58
time 11
note_off 73
time 5
note_on 63
velocity 37
time 18
note_on 71
velocity 56
time 0
note_off 71
time 151
note_on 51
velocity 76
time 19
note_on 66
velocity 42
time 9
note_on 73
velocity 60
time 6
note_off 63
time 3
note_off 56
time 63
note_on 71
velocity 60
time 80
note_off 73
time 1
note_on 63
velocity 46
time 20
note_off 66
time 27
note_off 71
time 36
note_on 54
velocity 64
time 223
note_on 71
velocity 50
time 1
note_off 63
time 2
note_off 51
time 13
note_on 68
velocity 15
time 18
note_off 68
time 13
note_off 71
time 10
note_on 63
velocity 41
time 13
note_on 70
velocity 60
time 1
note_off 63
time 2
note_off 70
time 42
note_on 71
velocity 40
time 76
note_on 68
velocity 31
time 11
note_off 71
time 113
note_on 70
velocity 51
time 32
note_on 63
velocity 47
time 1
note_off 68
time 11
note_off 70
time 48
note_off 63
time 10
note_on 53
velocity 42
time 1
note_on 70
velocity 46
time 28
note_off 54
time 13
note_on 62
velocity 12
time 10
note_off 62
time 10
note_off 70
time 0
note_on 68
velocity 47
time 18
note_on 58
velocity 35
time 6
note_off 53
time 54
note_off 68
time 48
note_on 70
velocity 50
time 22
note_off 58
time 3
note_on 62
velocity 38
time 35
note_off 62
time 88
note_off 70
time 24
note_on 68
velocity 48
time 36
note_on 58
velocity 28
time 15
note_off 68
time 145
note_on 42
velocity 43
time 28
note_off 58
time 1
note_on 70
velocity 48
time 22
note_on 30
velocity 31
time 1
note_off 70
time 16
note_on 58
velocity 33
time 7
note_on 68
velocity 42
time 11
note_off 30
time 16
note_off 58
time 0
note_off 42
time 9
note_off 68
time 11
note_on 70
velocity 56
time 11
note_on 62
velocity 12
time 48
note_off 62
time 84
note_off 70
time 7
note_on 58
velocity 47
time 3
note_on 68
velocity 49
time 33
note_on 51
velocity 71
time 143
note_off 68
time 0
note_on 70
velocity 59
time 19
note_off 58
time 19
note_on 63
velocity 40
time 16
note_off 63
time 71
note_off 70
time 44
note_on 58
velocity 56
time 6
note_on 66
velocity 41
time 39
note_off 58
time 118
note_off 66
time 23
note_on 46
velocity 70
time 11
note_on 70
velocity 55
time 15
note_on 63
velocity 40
time 3
note_off 51
time 65
note_off 63
time 72
note_on 58
velocity 44
time 7
note_on 66
velocity 44
time 22
note_off 70
time 7
note_off 58
time 58
note_off 66
time 24
note_on 49
velocity 64
time 186
note_on 69
velocity 50
time 2
note_off 46
time 65
note_off 69
time 19
note_on 68
velocity 52
time 5
note_on 63
velocity 28
time 6
note_off 63
time 10
note_off 68
time 9
note_on 69
velocity 51
time 22
note_on 66
velocity 31
time 31
note_off 66
time 65
note_off 69
time 31
note_on 68
velocity 49
time 41
note_on 63
velocity 37
time 29
note_off 68
time 37
note_off 63
time 16
note_on 48
velocity 49
time 178
note_on 68
velocity 35
time 15
note_on 63
velocity 15
time 6
note_off 49
time 48
note_off 63
time 5
note_off 68
time 0
note_on 66
velocity 43
time 9
note_on 56
velocity 28
time 0
note_off 66
time 14
note_on 63
velocity 45
time 7
note_on 68
velocity 54
time 10
note_off 56
time 18
note_on 66
velocity 51
time 121
note_off 68
time 10
note_off 63
time 14
note_on 56
velocity 40
time 7
note_off 66
time 53
note_off 56
time 11
note_on 68
velocity 59
time 69
note_on 62
velocity 44
time 24
note_on 56
velocity 45
time 138
note_off 62
time 11
note_on 65
velocity 42
time 23
note_off 68
time 36
note_off 65
time 96
note_off 56
time 41
note_on 68
velocity 66
time 0
note_on 47
velocity 36
time 5
note_on 62
velocity 31
time 13
note_off 48
time 13
note_on 56
velocity 55
time 13
note_off 68
time 10
note_on 65
velocity 47
time 9
note_off 62
time 29
note_off 56
time 45
note_off 65
time 9
note_on 70
velocity 62
time 15
note_on 46
velocity 41
time 2
note_on 61
velocity 34
time 1
note_off 47
time 14
note_on 65
velocity 54
time 36
note_on 58
velocity 52
time 11
note_off 70
time 13
note_off 65
time 13
note_off 61
time 9
note_off 58
time 22
note_off 46
time 178
note_on 44
velocity 51
time 32
note_on 71
velocity 52
time 10
note_on 61
velocity 25
time 11
note_off 44
time 16
note_off 71
time 24
note_on 65
velocity 49
time 42
note_on 59
velocity 48
time 6
note_off 61
time 29
note_off 59
time 19
note_off 65
time 16
note_on 42
velocity 38
time 289
note_on 30
velocity 51
time 32
note_on 75
velocity 53
time 48
note_on 70
velocity 33
time 13
note_off 30
time 0
note_off 42
time 0
note_off 75
time 55
note_on 73
velocity 51
time 41
note_on 66
velocity 36
time 10
note_off 70
time 0
note_off 73
time 151
note_off 66
time 37
note_on 75
velocity 50
time 14
note_on 49
velocity 66
time 6
note_on 70
velocity 34
time 40
note_off 75
time 131
note_off 70
time 3
note_on 73
velocity 49
time 26
note_on 66
velocity 49
time 2
note_off 73
time 37
note_off 66
time 134
note_on 80
velocity 30
time 127
note_on 58
velocity 71
time 48
note_off 80
time 18
note_on 78
velocity 52
time 14
note_on 70
velocity 39
time 16
note_on 80
velocity 53
time 138
note_off 49
time 2
note_off 70
time 0
note_off 78
time 0
note_on 73
velocity 41
time 41
note_off 80
time 92
note_off 73
time 15
note_on 70
velocity 46
time 31
note_on 78
velocity 39
time 3
note_off 78
time 37
note_off 70
time 3
note_on 75
velocity 61
time 100
note_on 70
velocity 54
time 16
note_off 70
time 102
note_off 75
time 15
note_on 66
velocity 46
time 26
note_on 73
velocity 57
time 1
note_off 73
time 114
note_off 66
time 36
note_on 70
velocity 52
time 2
note_on 75
velocity 55
time 0
note_off 75
time 149
note_on 73
velocity 59
time 1
note_off 70
time 7
note_on 66
velocity 46
time 31
note_off 73
time 40
note_off 66
time 14
note_on 56
velocity 76
time 139
note_on 73
velocity 47
time 11
note_on 66
velocity 2
time 13
note_off 73
time 3
note_on 63
velocity 50
time 11
note_off 66
time 15
note_on 71
velocity 56
time 1
note_off 58
time 134
note_off 71
time 37
note_on 66
velocity 32
time 5
note_on 51
velocity 82
time 28
note_on 73
velocity 61
time 2
note_off 63
time 48
note_off 56
time 57
note_off 73
time 53
note_on 71
velocity 60
time 10
note_off 66
time 26
note_on 63
velocity 51
time 10
note_off 71
time 46
note_on 54
velocity 79
time 171
note_off 63
time 31
note_on 71
velocity 52
time 11
note_on 68
velocity 40
time 14
note_off 51
time 50
note_off 71
time 5
note_off 68
time 15
note_on 63
velocity 48
time 15
note_on 70
velocity 59
time 6
note_off 63
time 5
note_off 70
time 13
note_on 71
velocity 49
time 59
note_on 68
velocity 37
time 19
note_off 71
time 100
note_on 63
velocity 56
time 11
note_off 68
time 16
note_on 70
velocity 49
time 0
note_off 63
time 45
note_off 70
time 15
note_on 53
velocity 61
time 2
note_on 70
velocity 58
time 10
note_on 62
velocity 40
time 3
note_off 54
time 14
note_off 62
time 15
note_off 70
time 7
note_on 58
velocity 52
time 5
note_on 68
velocity 60
time 2
note_off 53
time 26
note_off 58
time 78
note_off 68
time 26
note_on 70
velocity 65
time 11
note_on 62
velocity 40
time 36
note_off 62
time 78
note_on 58
velocity 56
time 24
note_off 70
time 13
note_on 68
velocity 52
time 14
note_off 58
time 145
note_off 68
time 14
note_on 42
velocity 64
time 22
note_on 70
velocity 56
time 16
note_on 30
velocity 55
time 3
note_on 62
velocity 30
time 15
note_off 62
time 67
note_on 58
velocity 45
time 32
note_off 70
time 7
note_on 68
velocity 51
time 11
note_off 30
time 3
note_off 58
time 0
note_off 42
time 9
note_off 68
time 2
note_on 70
velocity 57
time 0
note_on 63
velocity 42
time 19
note_off 63
time 67
note_off 70
time 52
note_on 58
velocity 53
time 11
note_on 66
velocity 42
time 41
note_off 58
time 33
note_off 66
time 62
note_on 51
velocity 84
time 15
note_on 70
velocity 56
time 14
note_on 63
velocity 45
time 3
note_off 63
time 0
note_off 70
time 27
note_on 66
velocity 47
time 23
note_on 58
velocity 45
time 24
note_off 66
time 98
note_on 70
velocity 64
time 27
note_on 46
velocity 77
time 18
note_on 63
velocity 40
time 0
note_off 63
time 62
note_off 51
time 23
note_off 70
time 44
note_off 58
time 5
note_on 49
velocity 71
time 213
note_on 69
velocity 58
time 3
note_on 66
velocity 45
time 5
note_off 66
time 70
note_off 46
time 18
note_on 63
velocity 52
time 16
note_off 69
time 0
note_on 68
velocity 28
time 20
note_off 63
time 5
note_off 68
time 42
note_on 69
velocity 65
time 42
note_on 66
velocity 47
time 28
note_off 66
time 69
note_off 69
time 41
note_on 68
velocity 59
time 19
note_on 63
velocity 46
time 19
note_off 63
time 74
note_off 68
time 49
note_on 48
velocity 66
time 92
note_off 49
time 61
note_on 68
velocity 50
time 20
note_on 63
velocity 51
time 14
note_off 68
time 59
note_off 63
time 13
note_on 66
velocity 62
time 2
note_on 56
velocity 34
time 0
note_off 56
time 9
note_off 66
time 0
note_on 63
velocity 55
time 2
note_on 68
velocity 61
time 14
note_on 56
velocity 54
time 29
note_off 63
time 19
note_off 68
time 59
note_on 66
velocity 52
time 18
note_off 56
time 13
note_off 66
time 58
note_on 69
velocity 75
time 57
note_on 63
velocity 64
time 19
note_off 69
time 87
note_off 63
time 26
note_on 66
velocity 66
time 0
note_on 57
velocity 37
time 2
note_off 57
time 18
note_on 49
velocity 81
time 0
note_on 63
velocity 53
time 7
note_off 48
time 16
note_on 70
velocity 71
time 1
note_off 66
time 23
note_off 49
time 10
note_off 70
time 118
note_off 63
time 22
note_on 66
velocity 27
time 10
note_off 66
time 44
note_on 56
velocity 80
time 164
note_on 75
velocity 55
time 13
note_on 71
velocity 52
time 13
note_on 73
velocity 66
time 54
note_on 65
velocity 45
time 11
note_off 75
time 13
note_off 71
time 27
note_off 73
time 0
note_on 54
velocity 78
time 11
note_on 75
velocity 62
time 0
note_off 65
time 1
note_on 71
velocity 52
time 13
note_off 56
time 33
note_on 56
velocity 81
time 63
note_on 73
velocity 68
time 0
note_on 65
velocity 57
time 16
note_off 75
time 0
note_off 71
time 14
note_off 73
time 27
note_off 65
time 1
note_off 54
time 15
note_on 78
velocity 62
time 322
note_on 59
velocity 68
time 10
note_off 56
time 63
note_off 78
time 16
note_on 68
velocity 51
time 9
note_on 77
velocity 56
time 0
note_on 58
velocity 59
time 287
note_off 77
time 40
note_on 74
velocity 43
time 37
note_on 78
velocity 59
time 9
note_off 68
time 22
note_off 59
time 35
note_off 78
time 2
note_off 58
time 27
note_on 68
velocity 45
time 59
note_off 68
time 59
note_off 74
time 9
note_on 62
velocity 46
time 372
note_on 70
velocity 40
time 23
note_on 82
velocity 84
time 171
note_off 62
time 205
note_off 70
time 36
note_on 68
velocity 62
time 95
note_off 68
time 135
note_on 70
velocity 67
time 22
note_on 62
velocity 59
time 16
note_off 70
time 83
note_off 62
time 108
note_on 68
velocity 61
time 5
note_on 58
velocity 53
time 22
note_off 68
time 15
note_off 58
time 19
note_on 47
velocity 69
time 6
note_off 47
time 16
note_on 65
velocity 52
time 252
note_on 56
velocity 35
time 28
note_off 56
time 78
note_off 65
time 22
note_on 68
velocity 61
time 32
note_on 63
velocity 57
time 15
note_off 63
time 121
note_on 65
velocity 59
time 29
note_off 68
time 7
note_on 56
velocity 57
time 9
note_on 80
velocity 84
time 205
note_off 56
time 7
note_on 68
velocity 57
time 1
note_off 65
time 3
note_on 63
velocity 63
time 6
note_off 68
time 128
note_off 63
time 31
note_on 65
velocity 68
time 6
note_on 68
velocity 41
time 152
note_off 65
time 41
note_on 63
velocity 48
time 35
note_on 75
velocity 82
time 6
note_off 68
time 66
note_on 65
velocity 43
time 42
note_off 63
time 24
note_off 65
time 13
note_off 80
time 14
note_off 82
time 50
note_on 46
velocity 61
time 227
note_on 78
velocity 81
time 11
note_off 46
time 10
note_off 75
time 72
note_on 68
velocity 57
time 157
note_off 78
time 40
note_off 68
time 89
note_on 70
velocity 64
time 19
note_on 62
velocity 47
time 44
note_off 70
time 83
note_on 58
velocity 56
time 100
note_on 68
velocity 54
time 24
note_off 62
time 48
note_off 68
time 27
note_on 77
velocity 77
time 2
note_off 58
time 57
note_off 77
time 15
note_on 53
velocity 53
time 386
note_on 44
velocity 50
time 9
note_on 58
velocity 75
time 79
note_on 60
velocity 78
time 170
note_off 58
time 9
note_off 53
time 6
note_off 44
time 37
note_on 62
velocity 93
time 131
note_off 60
time 36
note_off 62
time 200
note_on 63
velocity 85
time 0
note_on 58
velocity 80
time 23
note_on 51
velocity 60
time 9
note_on 42
velocity 53
time 14
note_off 63
time 3
note_on 70
velocity 95
time 246
note_off 42
time 106
note_off 51
time 65
note_off 58
time 31
note_off 70
time 136
note_on 41
velocity 46
time 299
note_on 53
velocity 44
time 1
note_on 67
velocity 16
time 32
note_on 66
velocity 19
time 20
note_on 70
velocity 90
time 3
note_on 63
velocity 50
time 23
note_on 59
velocity 57
time 13
note_off 53
time 3
note_off 41
time 71
note_off 67
time 156
note_off 66
time 18
note_on 68
velocity 83
time 481
note_off 70
time 29
note_off 63
time 15
note_off 68
time 28
note_off 59
time 28
note_on 34
velocity 57
time 222
note_on 46
velocity 58
time 2
note_on 62
velocity 72
time 11
note_on 56
velocity 43
time 3
note_on 53
velocity 55
time 11
note_off 34
time 14
note_off 46
time 3
note_off 53
time 7
note_off 56
time 2
note_off 62
time 108
note_on 68
velocity 59
time 171
note_off 68
time 110
note_on 70
velocity 65
time 46
note_on 62
velocity 59
time 2
note_on 68
velocity 70
time 162
note_on 58
velocity 67
time 5
note_off 62
time 0
note_off 70
time 9
note_off 58
time 204
note_on 70
velocity 47
time 7
note_on 62
velocity 58
time 32
note_off 68
time 31
note_on 82
velocity 90
time 1
note_off 70
time 95
note_on 68
velocity 79
time 55
note_off 62
time 9
note_on 58
velocity 61
time 15
note_off 58
time 78
note_on 70
velocity 74
time 58
note_off 68
time 2
note_on 62
velocity 62
time 15
note_off 70
time 141
note_off 62
time 9
note_on 68
velocity 65
time 0
note_on 58
velocity 72
time 6
note_off 68
time 19
note_off 58
time 16
note_on 47
velocity 77
time 15
note_off 47
time 9
note_on 65
velocity 60
time 182
note_off 82
time 138
note_off 65
time 2
note_on 63
velocity 61
time 18
note_on 68
velocity 63
time 1
note_on 56
velocity 46
time 161
note_off 68
time 3
note_off 63
time 16
note_on 65
velocity 61
time 10
note_on 80
velocity 89
time 208
note_on 68
velocity 64
time 23
note_on 63
velocity 70
time 15
note_off 65
time 28
note_off 68
time 72
note_off 63
time 14
note_off 56
time 48
note_on 65
velocity 64
time 2
note_on 68
velocity 32
time 84
note_on 78
velocity 92
time 36
note_on 63
velocity 54
time 54
note_off 68
time 48
note_off 65
time 20
note_off 63
time 19
note_on 75
velocity 96
time 70
note_off 80
time 16
note_off 78
time 42
note_on 46
velocity 74
time 149
note_off 46
time 5
note_on 78
velocity 92
time 14
note_off 75
time 149
note_on 68
velocity 72
time 91
note_off 68
time 130
note_on 70
velocity 76
time 0
note_on 62
velocity 62
time 19
note_off 78
time 45
note_off 70
time 50
note_on 68
velocity 70
time 101
note_on 58
velocity 58
time 13
note_off 68
time 37
note_off 62
time 7
note_on 77
velocity 86
time 11
note_off 58
time 13
note_off 77
time 36
note_on 44
velocity 60
time 299
note_on 53
velocity 68
time 1
note_on 58
velocity 89
time 0
note_off 58
time 106
note_off 53
time 20
note_on 60
velocity 92
time 3
note_off 44
time 9
note_off 60
time 141
note_on 62
velocity 95
time 33
note_on 63
velocity 91
time 294
note_on 58
velocity 93
time 2
note_on 51
velocity 83
time 1
note_on 42
velocity 73
time 3
note_off 62
time 37
note_off 63
time 3
note_off 51
time 135
note_off 42
time 62
note_on 70
velocity 97
time 195
note_on 32
velocity 87
time 373
note_on 31
velocity 51
time 2
note_off 31
time 13
note_off 70
time 84
note_off 58
time 35
note_on 44
velocity 90
time 46
note_on 54
velocity 89
time 148
note_off 54
time 97
note_on 60
velocity 87
time 32
note_on 63
velocity 91
time 144
note_on 70
velocity 95
time 309
note_off 70
time 311
note_off 60
time 251
note_off 32
time 85
note_on 68
velocity 93
time 186
note_off 63
time 50
note_off 44
time 19
note_on 37
velocity 60
time 299
note_on 44
velocity 68
time 2
note_on 53
velocity 78
time 28
note_on 61
velocity 83
time 1
note_off 37
time 7
note_off 44
time 1
note_on 59
velocity 3
time 13
note_off 68
time 11
note_off 59
time 2
note_off 53
time 50
note_off 61
time 54
note_on 65
velocity 66
time 226
note_on 56
velocity 49
time 31
note_off 56
time 111
note_off 65
time 28
note_on 68
velocity 69
time 1
note_on 59
velocity 64
time 3
note_off 59
time 148
note_on 56
velocity 70
time 9
note_on 65
velocity 67
time 7
note_off 68
time 19
note_on 68
velocity 56
time 229
note_on 87
velocity 93
time 7
note_off 56
time 2
note_on 59
velocity 60
time 13
note_on 83
velocity 65
time 5
note_off 65
time 31
note_off 68
time 69
note_off 59
time 57
note_on 65
velocity 71
time 0
note_on 56
velocity 48
time 20
note_off 56
time 67
note_on 68
velocity 59
time 74
note_off 65
time 9
note_on 59
velocity 49
time 37
note_off 68
time 108
note_on 56
velocity 73
time 19
note_off 59
time 9
note_off 56
time 28
note_on 41
velocity 71
time 2
note_off 41
time 9
note_off 83
time 16
note_off 87
time 15
note_on 68
velocity 62
time 166
note_off 68
time 130
note_on 85
velocity 90
time 72
note_on 70
velocity 59
time 13
note_on 61
velocity 54
time 24
note_on 82
velocity 41
time 2
note_off 82
time 35
note_off 85
time 9
note_off 70
time 48
note_off 61
time 85
note_on 68
velocity 59
time 5
note_on 59
velocity 54
time 2
note_on 70
velocity 46
time 276
note_on 61
velocity 56
time 22
note_off 59
time 9
note_on 83
velocity 83
time 35
note_on 80
velocity 66
time 9
note_off 68
time 37
note_off 70
time 157
note_off 80
time 6
note_on 68
velocity 63
time 5
note_off 61
time 1
note_on 59
velocity 50
time 28
note_on 82
velocity 84
time 53
note_on 78
velocity 65
time 2
note_off 59
time 50
note_on 70
velocity 58
time 10
note_off 68
time 13
note_on 61
velocity 58
time 18
note_off 70
time 67
note_on 77
velocity 71
time 69
note_on 80
velocity 79
time 13
note_on 68
velocity 56
time 3
note_off 78
time 2
note_off 61
time 23
note_off 83
time 2
note_off 68
time 23
note_off 82
time 26
note_off 77
time 207
note_on 42
velocity 41
time 66
note_on 82
velocity 68
time 14
note_on 78
velocity 54
time 13
note_off 80
time 0
note_off 42
time 18
note_off 78
time 139
note_off 82
time 66
note_on 66
velocity 30
time 53
note_off 66
time 93
note_on 70
velocity 51
time 54
note_on 61
velocity 41
time 31
note_off 70
time 35
note_off 61
time 39
note_on 66
velocity 44
time 208
note_on 58
velocity 32
time 15
note_on 61
velocity 39
time 7
note_off 58
time 39
note_off 66
time 2
note_off 61
time 19
note_on 70
velocity 49
time 621
note_on 44
velocity 40
time 26
note_on 58
velocity 26
time 16
note_on 62
velocity 29
time 1
note_on 65
velocity 23
time 0
note_off 65
time 11
note_off 58
time 14
note_off 70
time 10
note_off 62
time 6
note_off 44
time 184
note_on 46
velocity 34
time 58
note_on 72
velocity 61
time 41
note_on 53
velocity 41
time 1
note_on 60
velocity 53
time 26
note_off 60
time 59
note_off 46
time 1
note_off 72
time 14
note_off 53
time 24
note_on 74
velocity 66
time 236
note_on 50
velocity 44
time 7
note_on 58
velocity 35
time 10
note_on 62
velocity 51
time 10
note_off 50
time 23
note_off 58
time 9
note_on 42
velocity 50
time 375
note_on 70
velocity 54
time 24
note_on 66
velocity 50
time 13
note_off 42
time 7
note_off 74
time 10
note_off 66
time 27
note_off 62
time 35
note_on 54
velocity 58
time 91
note_on 75
velocity 72
time 126
note_on 63
velocity 65
time 10
note_off 70
time 13
note_off 54
time 78
note_on 58
velocity 49
time 7
note_on 51
velocity 48
time 1
note_off 58
time 33
note_off 51
time 5
note_on 41
velocity 64
time 5
note_on 70
velocity 51
time 3
note_on 68
velocity 67
time 11
note_off 41
time 2
note_off 75
time 2
note_off 70
time 14
note_off 63
time 2
note_on 56
velocity 60
time 153
note_off 56
time 78
note_on 77
velocity 76
time 62
note_on 65
velocity 70
time 7
note_off 68
time 0
note_on 58
velocity 56
time 54
note_on 50
velocity 50
time 18
note_off 58
time 13
note_off 50
time 23
note_on 39
velocity 58
time 20
note_on 75
velocity 61
time 9
note_on 70
velocity 62
time 2
note_off 39
time 0
note_off 77
time 1
note_off 65
time 22
note_off 70
time 45
note_on 54
velocity 54
time 53
note_on 78
velocity 85
time 139
note_on 66
velocity 77
time 11
note_off 54
time 16
note_off 75
time 0
note_on 58
velocity 68
time 57
note_on 51
velocity 50
time 48
note_off 58
time 0
note_off 51
time 45
note_off 66
time 29
note_off 78
time 165
note_on 37
velocity 57
time 59
note_on 49
velocity 60
time 3
note_on 75
velocity 66
time 29
note_on 71
velocity 61
time 19
note_off 37
time 18
note_off 49
time 9
note_on 79
velocity 79
time 42
note_on 67
velocity 77
time 10
note_off 71
time 5
note_off 67
time 70
note_off 79
time 6
note_on 59
velocity 45
time 58
note_off 59
time 39
note_on 78
velocity 83
time 40
note_on 66
velocity 76
time 9
note_on 63
velocity 69
time 9
note_on 55
velocity 61
time 10
note_off 75
time 2
note_off 63
time 26
note_off 55
time 20
note_off 66
time 5
note_off 78
time 3
note_on 79
velocity 69
time 87
note_on 67
velocity 82
time 16
note_off 79
time 130
note_off 67
time 11
note_on 47
velocity 69
time 0
note_on 35
velocity 72
time 7
note_on 79
velocity 82
time 31
note_on 67
velocity 81
time 0
note_on 75
velocity 70
time 11
note_on 73
velocity 73
time 6
note_off 35
time 2
note_off 47
time 0
note_off 79
time 11
note_off 67
time 20
note_on 59
velocity 63
time 167
note_off 73
time 83
note_on 80
velocity 84
time 13
note_off 75
time 2
note_on 68
velocity 93
time 5
note_on 63
velocity 64
time 52
note_on 56
velocity 77
time 10
note_off 59
time 3
note_off 63
time 26
note_off 56
time 29
note_on 75
velocity 55
time 14
note_on 73
velocity 85
time 2
note_on 34
velocity 70
time 1
note_on 46
velocity 80
time 2
note_on 44
velocity 30
time 1
note_off 34
time 2
note_off 75
time 1
note_off 80
time 0
note_off 68
time 3
note_off 46
time 7
note_off 44
time 26
note_on 61
velocity 74
time 164
note_on 51
velocity 44
time 28
note_off 73
time 20
note_on 82
velocity 88
time 9
note_off 51
time 11
note_on 70
velocity 96
time 3
note_off 61
time 11
note_on 63
velocity 62
time 57
note_on 55
velocity 77
time 11
note_off 63
time 26
note_off 55
time 10
note_on 44
velocity 91
time 2
note_on 75
velocity 84
time 10
note_on 80
velocity 76
time 0
note_on 32
velocity 53
time 11
note_off 44
time 20
note_off 32
time 24
note_off 70
time 14
note_off 82
time 20
note_on 79
velocity 44
time 80
note_on 59
velocity 57
time 82
note_off 80
time 13
note_off 79
time 48
note_on 83
velocity 88
time 3
note_on 71
velocity 94
time 18
note_on 63
velocity 64
time 24
note_on 56
velocity 79
time 19
note_off 75
time 2
note_off 59
time 3
note_off 83
time 13
note_off 63
time 2
note_off 71
time 13
note_off 56
time 28
note_on 44
velocity 36
time 24
note_on 56
velocity 62
time 18
note_on 82
velocity 79
time 5
note_on 70
velocity 77
time 1
note_on 74
velocity 62
time 2
note_off 44
time 3
note_off 56
time 11
note_off 74
time 2
note_off 70
time 16
note_off 82
time 31
note_on 62
velocity 71
time 230
note_on 84
velocity 87
time 11
note_on 72
velocity 82
time 13
note_off 72
time 46
note_off 84
time 15
note_off 62
time 114
note_on 58
velocity 80
time 10
note_on 86
velocity 89
time 39
note_on 74
velocity 91
time 2
note_off 58
time 3
note_off 74
time 67
note_off 86
time 13
note_on 42
velocity 72
time 16
note_on 54
velocity 74
time 1
note_on 86
velocity 85
time 15
note_on 74
velocity 87
time 6
note_on 78
velocity 82
time 7
note_on 82
velocity 81
time 0
note_off 42
time 5
note_off 54
time 18
note_off 86
time 9
note_off 74
time 16
note_off 78
time 28
note_on 63
velocity 76
time 166
note_on 87
velocity 85
time 65
note_on 75
velocity 102
time 5
note_off 82
time 37
note_off 63
time 11
note_on 66
velocity 84
time 27
note_on 58
velocity 89
time 5
note_off 66
time 31
note_off 58
time 20
note_off 75
time 7
note_off 87
time 13
note_on 86
velocity 91
time 15
note_on 74
velocity 90
time 0
note_on 82
velocity 90
time 0
note_on 49
velocity 92
time 1
note_on 79
velocity 82
time 0
note_on 37
velocity 69
time 15
note_off 37
time 11
note_off 49
time 0
note_off 86
time 6
note_off 74
time 19
note_off 79
time 72
note_on 58
velocity 83
time 40
note_on 51
velocity 53
time 19
note_off 51
time 44
note_off 82
time 10
note_on 75
velocity 103
time 41
note_on 87
velocity 86
time 1
note_on 63
velocity 74
time 48
note_on 55
velocity 73
time 10
note_off 58
time 0
note_off 63
time 23
note_off 55
time 10
note_on 56
velocity 6
time 15
note_off 75
time 16
note_off 87
time 13
note_off 56
time 50
note_on 86
velocity 92
time 18
note_on 47
velocity 90
time 1
note_on 74
velocity 104
time 1
note_on 80
velocity 99
time 3
note_on 35
velocity 75
time 5
note_on 83
velocity 70
time 0
note_on 82
velocity 60
time 5
note_off 35
time 6
note_off 47
time 13
note_off 82
time 2
note_off 74
time 6
note_off 86
time 0
note_on 59
velocity 85
time 213
note_on 87
velocity 93
time 24
note_on 75
velocity 107
time 1
note_on 51
velocity 26
time 19
note_on 85
velocity 62
time 10
note_off 80
time 9
note_off 85
time 22
note_off 51
time 15
note_off 83
time 16
note_off 75
time 20
note_off 87
time 6
note_on 56
velocity 88
time 53
note_off 59
time 26
note_on 86
velocity 96
time 18
note_off 56
time 3
note_on 74
velocity 108
time 0
note_off 86
time 153
note_off 74
time 42
note_on 83
velocity 25
time 29
note_on 46
velocity 107
time 16
note_off 83
time 1
note_on 83
velocity 43
time 0
note_on 34
velocity 69
time 9
note_on 75
velocity 104
time 0
note_on 80
velocity 98
time 2
note_on 87
velocity 93
time 1
note_off 34
time 5
note_off 46
time 9
note_off 75
time 115
note_off 87
time 0
note_off 83
time 31
note_on 86
velocity 95
time 76
note_on 74
velocity 103
time 5
note_off 80
time 49
note_on 51
velocity 78
time 7
note_off 74
time 15
note_on 60
velocity 76
time 3
note_off 86
time 9
note_on 80
velocity 93
time 87
note_on 75
velocity 101
time 2
note_on 87
velocity 88
time 3
note_on 83
velocity 52
time 16
note_off 60
time 24
note_off 83
time 33
note_off 51
time 5
note_off 75
time 3
note_off 87
time 3
note_on 55
velocity 71
time 7
note_on 63
velocity 100
time 7
note_off 63
time 44
note_off 55
time 19
note_on 74
velocity 108
time 11
note_on 86
velocity 96
time 0
note_on 76
velocity 62
time 33
note_off 80
time 11
note_off 76
time 14
note_off 74
time 6
note_off 86
time 2
note_on 75
velocity 108
time 138
note_on 87
velocity 95
time 7
note_off 87
time 67
note_off 75
time 52
note_on 45
velocity 97
time 19
note_on 75
velocity 112
time 1
note_on 81
velocity 102
time 0
note_on 33
velocity 85
time 1
note_on 84
velocity 95
time 1
note_on 87
velocity 98
time 3
note_off 33
time 2
note_off 45
time 0
note_off 81
time 330
note_on 61
velocity 93
time 35
note_on 52
velocity 77
time 11
note_off 75
time 19
note_off 87
time 2
note_on 76
velocity 105
time 138
note_on 81
velocity 86
time 0
note_on 88
velocity 93
time 1
note_on 64
velocity 97
time 1
note_on 80
velocity 84
time 9
note_off 80
time 16
note_off 84
time 0
note_off 76
time 7
note_off 88
time 22
note_off 61
time 3
note_off 81
time 0
note_on 61
velocity 88
time 100
note_off 64
time 33
note_on 88
velocity 59
time 220
note_on 85
velocity 106
time 5
note_on 95
velocity 100
time 2
note_on 83
velocity 102
time 2
note_on 64
velocity 103
time 2
note_on 91
velocity 44
time 42
note_off 61
time 26
note_on 54
velocity 38
time 5
note_off 91
time 1
note_off 64
time 75
note_off 54
time 26
note_on 61
velocity 89
time 11
note_off 52
time 61
note_on 64
velocity 88
time 76
note_on 62
velocity 75
time 14
note_off 61
time 2
note_off 62
time 19
note_off 64
time 15
note_on 62
velocity 53
time 134
note_on 73
velocity 88
time 2
note_on 64
velocity 56
time 15
note_off 64
time 62
note_on 64
velocity 23
time 31
note_off 62
time 42
note_off 64
time 0
note_off 73
time 13
note_on 69
velocity 97
time 62
note_on 76
velocity 104
time 2
note_on 64
velocity 88
time 3
note_on 66
velocity 51
time 19
note_off 66
time 14
note_off 95
time 123
note_off 85
time 65
note_off 83
time 3
note_off 88
time 106
note_on 88
velocity 33
time 0
note_on 93
velocity 93
time 7
note_on 81
velocity 102
time 6
note_on 85
velocity 99
time 0
note_off 76
time 66
note_off 93
time 44
note_off 81
time 82
note_off 85
time 24
note_on 80
velocity 109
time 239
note_on 85
velocity 99
time 3
note_on 92
velocity 94
time 0
note_off 69
time 35
note_off 64
time 2
note_on 90
velocity 52
time 1
note_off 90
time 149
note_off 88
time 16
note_off 92
time 80
note_off 80
time 98
note_on 90
velocity 92
time 365
note_on 78
velocity 108
time 6
note_off 85
time 29
note_off 78
time 85
note_off 90
time 1
note_on 80
velocity 10
time 158
note_off 80
time 62
note_on 27
velocity 78
time 15
note_on 39
velocity 89
time 2
note_on 77
velocity 101
time 59
note_on 79
velocity 92
time 0
note_on 85
velocity 96
time 0
note_on 89
velocity 96
time 0
note_on 80
velocity 63
time 7
note_off 80
time 16
note_off 27
time 5
note_off 39
time 9
note_on 55
velocity 85
time 294
note_on 46
velocity 56
time 16
note_off 46
time 62
note_on 61
velocity 89
time 110
note_off 55
time 39
note_off 89
time 5
note_off 61
time 48
note_off 85
time 41
note_off 77
time 50
note_on 61
velocity 92
time 46
note_on 67
velocity 89
time 1
note_off 67
time 24
note_off 61
time 27
note_on 88
velocity 96
time 261
note_on 76
velocity 103
time 3
note_on 45
velocity 97
time 1
note_on 33
velocity 84
time 3
note_off 33
time 5
note_off 45
time 10
note_off 79
time 36
note_off 88
time 32
note_off 76
time 36
note_on 61
velocity 71
time 149
note_on 52
velocity 20
time 65
note_off 61
time 36
note_on 87
velocity 87
time 3
note_on 75
velocity 105
time 9
note_off 52
time 5
note_on 52
velocity 23
time 0
note_on 64
velocity 88
time 13
note_off 87
time 49
note_off 75
time 20
note_on 57
velocity 47
time 2
note_off 64
time 83
note_on 61
velocity 79
time 1
note_on 81
velocity 90
time 143
note_on 73
velocity 98
time 2
note_on 85
velocity 92
time 0
note_on 64
velocity 92
time 7
note_off 61
time 44
note_off 64
time 75
note_off 81
time 14
note_on 61
velocity 82
time 36
note_off 85
time 5
note_off 52
time 2
note_off 73
time 2
note_off 57
time 14
note_on 64
velocity 90
time 92
note_off 61
time 6
note_off 64
time 40
note_on 71
velocity 100
time 96
note_on 83
velocity 89
time 2
note_on 73
velocity 73
time 55
note_on 64
velocity 47
time 45
note_on 63
velocity 3
time 5
note_off 71
time 23
note_off 73
time 6
note_off 83
time 9
note_off 63
time 18
note_on 69
velocity 82
time 95
note_on 76
velocity 102
time 0
note_on 83
velocity 100
time 6
note_on 71
velocity 96
time 5
note_off 76
time 87
note_off 83
time 74
note_off 71
time 23
note_on 81
velocity 98
time 177
note_off 64
time 42
note_off 81
time 160
note_off 69
time 35
note_on 76
velocity 10
time 109
note_on 68
velocity 98
time 42
note_on 80
velocity 91
time 1
note_on 73
velocity 95
time 7
note_on 78
velocity 47
time 50
note_off 78
time 152
note_off 80
time 14
note_off 76
time 2
note_off 68
time 37
note_off 73
time 42
note_on 66
velocity 98
time 240
note_on 78
velocity 99
time 2
note_on 68
velocity 81
time 16
note_off 68
time 23
note_on 79
velocity 47
time 3
note_off 79
time 1
note_off 78
time 58
note_off 66
time 6
note_on 39
velocity 88
time 135
note_on 27
velocity 78
time 1
note_on 73
velocity 93
time 84
note_on 65
velocity 92
time 3
note_on 67
velocity 89
time 0
note_on 77
velocity 90
time 6
note_off 27
time 1
note_off 39
time 13
note_off 65
time 166
note_off 67
time 9
note_on 55
velocity 68
time 28
note_on 46
velocity 52
time 2
note_off 46
time 46
note_on 61
velocity 92
time 96
note_off 55
time 42
note_off 61
time 31
note_off 77
time 127
note_on 67
velocity 81
time 7
note_on 61
velocity 76
time 3
note_off 67
time 11
note_off 61
time 18
note_on 76
velocity 95
time 243
note_on 64
velocity 95
time 9
note_off 73
time 145
note_on 45
velocity 96
time 7
note_on 33
velocity 85
time 3
note_off 33
time 71
note_off 45
time 10
note_off 64
time 102
note_on 52
velocity 74
time 55
note_on 75
velocity 92
time 66
note_on 63
velocity 96
time 9
note_off 52
time 40
note_on 57
velocity 81
time 1
note_off 76
time 16
note_off 63
time 113
note_on 52
velocity 75
time 20
note_off 57
time 123
note_off 75
time 13
note_on 57
velocity 49
time 13
note_on 76
velocity 97
time 1
note_on 64
velocity 95
time 3
note_on 61
velocity 89
time 5
note_off 64
time 62
note_off 52
time 33
note_off 76
time 15
note_off 61
time 15
note_on 52
velocity 78
time 50
note_on 75
velocity 90
time 1
note_on 63
velocity 91
time 14
note_off 57
time 55
note_off 63
time 1
note_off 75
time 1
note_on 61
velocity 98
time 117
note_on 73
velocity 83
time 5
note_on 57
velocity 82
time 1
note_off 52
time 10
note_off 61
time 65
note_off 73
time 14
note_on 69
velocity 90
time 117
note_on 73
velocity 95
time 5
note_on 61
velocity 94
time 2
note_on 64
velocity 84
time 0
note_on 52
velocity 78
time 6
note_off 64
time 10
note_off 69
time 2
note_off 61
time 14
note_off 73
time 6
note_off 57
time 7
note_off 52
time 48
note_on 59
velocity 95
time 59
note_on 71
velocity 94
time 0
note_off 59
time 55
note_off 71
time 2
note_on 69
velocity 95
time 131
note_on 57
velocity 99
time 5
note_off 57
time 152
note_off 69
time 5
note_on 69
velocity 98
time 119
note_on 61
velocity 95
time 5
note_on 57
velocity 97
time 1
note_on 64
velocity 90
time 0
note_off 69
time 9
note_off 57
time 53
note_off 61
time 52
note_on 68
velocity 92
time 165
note_on 56
velocity 97
time 5
note_on 66
velocity 13
time 18
note_off 64
time 15
note_off 66
time 19
note_off 68
time 201
note_off 56
time 41
note_on 66
velocity 89
time 236
note_on 54
velocity 105
time 9
note_on 58
velocity 42
time 31
note_on 59
velocity 45
time 1
note_off 58
time 79
note_off 59
time 0
note_off 54
time 50
note_off 66
time 111
note_on 27
velocity 75
time 203
note_on 39
velocity 86
time 2
note_on 65
velocity 86
time 39
note_on 61
velocity 92
time 5
note_on 55
velocity 91
time 7
note_off 27
time 9
note_off 39
time 29
note_off 55
time 108
note_off 61
time 46
note_on 55
velocity 72
time 46
note_on 46
velocity 61
time 2
note_off 46
time 48
note_on 61
velocity 90
time 131
note_off 55
time 44
note_off 61
time 29
note_on 67
velocity 93
time 192
note_on 61
velocity 84
time 5
note_off 67
time 32
note_off 61
time 28
note_on 64
velocity 94
time 274
note_off 65
time 39
note_on 45
velocity 87
time 307
note_on 33
velocity 81
time 10
note_on 61
velocity 90
time 104
note_on 55
velocity 86
time 1
note_on 65
velocity 92
time 0
note_off 64
time 15
note_off 33
time 0
note_off 45
time 31
note_off 55
time 109
note_off 61
time 10
note_on 57
velocity 88
time 37
note_on 47
velocity 51
time 26
note_off 57
time 3
note_off 47
time 31
note_on 61
velocity 80
time 157
note_off 61
time 82
note_on 67
velocity 76
time 92
note_on 61
velocity 74
time 22
note_off 67
time 36
note_off 61
time 32
note_on 64
velocity 91
time 191
note_off 65
time 108
note_on 39
velocity 70
time 282
note_on 27
velocity 69
time 7
note_off 64
time 0
note_on 64
velocity 83
time 0
note_on 55
velocity 75
time 6
note_on 61
velocity 56
time 10
note_off 27
time 11
note_off 61
time 0
note_off 39
time 3
note_off 55
time 100
note_on 55
velocity 60
time 92
note_on 46
velocity 53
time 6
note_off 46
time 63
note_on 61
velocity 79
time 79
note_off 55
time 19
note_off 61
time 50
note_on 67
velocity 69
time 207
note_on 61
velocity 56
time 15
note_off 67
time 22
note_off 61
time 78
note_on 63
velocity 80
time 240
note_off 64
time 114
note_on 45
velocity 57
time 295
note_on 33
velocity 54
time 19
note_on 65
velocity 72
time 7
note_on 55
velocity 48
time 0
note_on 61
velocity 58
time 0
note_off 33
time 5
note_off 45
time 7
note_off 63
time 1
note_off 55
time 52
note_off 61
time 11
note_on 55
velocity 51
time 109
note_off 55
time 42
note_on 61
velocity 62
time 225
note_off 61
time 92
note_on 61
velocity 45
time 242
note_on 67
velocity 47
time 11
note_off 67
time 61
note_off 61
time 22
note_on 64
velocity 61
time 550
note_off 65
time 149
note_off 64
time 152
note_on 64
velocity 59
time 782
note_on 55
velocity 44
time 41
note_on 61
velocity 41
time 6
note_on 27
velocity 31
time 1
note_on 39
velocity 30
time 0
note_off 27
time 55
note_off 39
time 54
note_off 55
time 19
note_off 61
time 40
note_on 55
velocity 39
time 378
note_off 55
time 71
note_on 55
velocity 40
time 317
note_on 61
velocity 34
time 10
note_off 55
time 72
note_off 61
time 16
note_on 67
velocity 37
time 739
note_on 61
velocity 34
time 35
note_off 67
time 942
note_on 63
velocity 33
time 1354
note_off 64
time 15
note_off 61
time 739
note_off 63
time 104
note_on 58
velocity 28
time 1118
note_on 55
velocity 21
time 15
note_on 59
velocity 35
time 1
note_on 56
velocity 29
time 7
note_off 58
time 10
note_off 55
time 18
note_off 59
time 184
note_off 56
time 141
note_on 63
velocity 38
time 160
note_on 59
velocity 32
time 3
note_on 61
velocity 19
time 463
note_on 58
velocity 25
time 10
note_off 59
time 157
note_off 63
time 1
note_off 61
time 13
note_off 58
time 14
note_on 59
velocity 25
time 399
note_on 63
velocity 15
time 6
note_on 64
velocity 38
time 432
note_on 61
velocity 44
time 9
note_off 63
time 76
note_off 59
time 32
note_on 66
velocity 47
time 14
note_off 61
time 0
note_on 63
velocity 40
time 7
note_off 64
time 6
note_off 66
time 131
note_on 66
velocity 37
time 358
note_on 70
velocity 41
time 13
note_off 63
time 15
note_off 66
time 74
note_off 70
time 247
note_on 68
velocity 28
time 1095
note_on 64
velocity 23
time 1
note_off 68
time 322
note_off 64
time 74
note_on 70
velocity 28
time 942
note_on 66
velocity 24
time 55
note_off 66
time 16
note_on 71
velocity 39
time 16
note_off 70
time 1
note_on 68
velocity 34
time 1
note_off 71
time 31
note_on 75
velocity 43
time 145
note_on 71
velocity 37
time 1
note_off 68
time 20
note_on 73
velocity 47
time 19
note_on 70
velocity 40
time 9
note_off 75
time 40
note_off 71
time 1
note_on 75
velocity 42
time 252
note_on 71
velocity 30
time 33
note_off 73
time 39
note_off 70
time 41
note_off 75
time 510
note_on 76
velocity 45
time 37
note_on 73
velocity 34
time 24
note_off 71
time 118
note_on 80
velocity 42
time 798
note_on 71
velocity 30
time 6
note_off 76
time 24
note_off 73
time 2
note_off 80
time 756
note_off 71
time 7
note_on 78
velocity 35
time 1412
note_on 70
velocity 7
time 23
note_off 78
time 611
note_off 70
time 20
note_on 78
velocity 25
time 985
note_on 39
velocity 18
time 48
note_on 27
velocity 25
time 9
note_off 27
time 119
note_off 39
time 117
note_on 46
velocity 26
time 695
note_off 46
time 562
note_on 54
velocity 34
time 97
note_off 78
time 458
note_on 63
velocity 36
time 26
note_on 78
velocity 61
time 774
note_on 70
velocity 38
time 39
note_off 63
time 268
note_off 54
time 89
note_on 63
velocity 30
time 270
note_off 63
time 361
note_on 54
velocity 42
time 143
note_off 54
time 337
note_on 46
velocity 43
time 71
note_off 46
time 134
note_on 27
velocity 38
time 522
note_on 39
velocity 41
time 14
note_off 27
time 3
note_off 39
time 6
note_on 47
velocity 42
time 386
note_off 70
time 113
note_off 78
time 93
note_on 56
velocity 40
time 216
note_on 77
velocity 70
time 229
note_on 68
velocity 56
time 31
note_off 47
time 50
note_off 68
time 45
note_on 78
velocity 72
time 338
note_on 70
velocity 62
time 26
note_off 77
time 20
note_on 62
velocity 40
time 45
note_off 70
time 48
note_off 78
time 57
note_on 77
velocity 70
time 76
note_on 68
velocity 45
time 39
note_off 56
time 5
note_off 68
time 27
note_off 62
time 23
note_on 75
velocity 67
time 74
note_off 77
time 6
note_on 66
velocity 59
time 9
note_off 66
time 39
note_off 75
time 95
note_on 77
velocity 74
time 11
note_on 68
velocity 53
time 22
note_off 68
time 33
note_on 68
velocity 41
time 203
note_on 78
velocity 69
time 0
note_on 70
velocity 46
time 0
note_off 77
time 9
note_off 68
time 108
note_on 62
velocity 37
time 343
note_off 62
time 360
note_off 70
time 1
note_off 78
time 10
note_on 56
velocity 39
time 9
note_off 56
time 134
note_on 47
velocity 18
time 292
note_off 47
time 71
note_on 77
velocity 54
time 27
note_on 68
velocity 51
time 31
note_on 27
velocity 39
time 562
note_on 39
velocity 37
time 20
note_off 27
time 22
note_off 39
time 75
note_off 68
time 88
note_on 46
velocity 28
time 401
note_on 74
velocity 52
time 88
note_on 65
velocity 44
time 55
note_off 46
time 183
note_on 54
velocity 39
time 212
note_off 65
time 28
note_off 74
time 28
note_off 54
time 227
note_off 77
time 42
note_on 63
velocity 41
time 19
note_off 63
time 101
note_on 75
velocity 60
time 19
note_on 66
velocity 37
time 23
note_off 66
time 42
note_off 75
time 147
note_on 77
velocity 64
time 1
note_on 68
velocity 42
time 19
note_off 68
time 48
note_on 70
velocity 44
time 190
note_off 70
time 106
note_on 66
velocity 40
time 5
note_on 75
velocity 61
time 3
note_off 77
time 105
note_on 63
velocity 39
time 3
note_off 63
time 218
note_on 54
velocity 43
time 115
note_off 54
time 269
note_on 46
velocity 45
time 149
note_off 46
time 65
note_off 66
time 123
note_on 27
velocity 48
time 358
note_on 39
velocity 43
time 19
note_off 27
time 10
note_off 39
time 18
note_on 70
velocity 61
time 355
note_on 46
velocity 40
time 23
note_on 61
velocity 44
time 27
note_off 61
time 251
note_off 75
time 70
note_on 55
velocity 51
time 41
note_off 46
time 184
note_on 61
velocity 42
time 175
note_on 71
velocity 66
time 32
note_off 55
time 52
note_on 63
velocity 53
time 5
note_off 70
time 2
note_off 61
time 53
note_off 63
time 97
note_on 67
velocity 34
time 319
note_on 73
velocity 62
time 2
note_on 64
velocity 33
time 6
note_off 71
time 18
note_off 67
time 59
note_on 61
velocity 38
time 313
note_off 61
time 348
note_on 55
velocity 39
time 31
note_off 55
time 130
note_on 46
velocity 30
time 322
note_off 46
time 58
note_off 64
time 31
note_on 32
velocity 28
time 509
note_on 44
velocity 32
time 88
note_off 32
time 19
note_off 44
time 111
note_on 75
velocity 57
time 53
note_on 66
velocity 24
time 26
note_off 73
time 19
note_off 66
time 59
note_off 75
time 148
note_on 73
velocity 63
time 3
note_on 64
velocity 51
time 37
note_off 64
time 40
note_on 51
velocity 43
time 167
note_on 71
velocity 54
time 173
note_on 63
velocity 48
time 13
note_off 73
time 10
note_off 63
time 88
note_on 59
velocity 38
time 100
note_off 51
time 87
note_on 68
velocity 40
time 341
note_off 59
time 101
note_off 68
time 52
note_off 71
time 71
note_on 59
velocity 37
time 157
note_off 59
time 66
note_on 70
velocity 62
time 360
note_on 51
velocity 44
time 11
note_on 61
velocity 44
time 16
note_on 44
velocity 48
time 346
note_off 51
time 58
note_off 44
time 28
note_on 34
velocity 48
time 484
note_on 46
velocity 42
time 111
note_off 34
time 63
note_off 46
time 19
note_on 56
velocity 46
time 403
note_off 61
time 15
note_on 68
velocity 55
time 130
note_on 59
velocity 38
time 18
note_off 59
time 175
note_off 70
time 32
note_off 68
time 24
note_on 62
velocity 37
time 218
note_on 70
velocity 33
time 408
note_off 62
time 98
note_off 70
time 93
note_off 56
time 209
note_on 62
velocity 23
time 97
note_off 62
time 50
note_on 56
velocity 31
time 470
note_on 66
velocity 50
time 108
note_on 58
velocity 36
time 32
note_off 56
time 212
note_on 46
velocity 34
time 305
note_off 46
time 106
note_on 63
velocity 43
time 292
note_off 63
time 199
note_off 58
time 63
note_on 27
velocity 29
time 341
note_on 39
velocity 26
time 45
note_on 58
velocity 31
time 97
note_on 63
velocity 40
time 10
note_on 61
velocity 34
time 9
note_on 55
velocity 29
time 29
note_off 27
time 72
note_off 39
time 105
note_off 66
time 10
note_off 55
time 70
note_off 58
time 18
note_on 46
velocity 22
time 516
note_off 61
time 240
note_off 63
time 2
note_on 55
velocity 33
time 225
note_off 46
time 28
note_off 55
time 449
note_on 61
velocity 15
time 52
note_off 61
time 149
note_on 78
velocity 48
time 791
note_on 70
velocity 32
time 14
note_on 67
velocity 29
time 10
note_off 67
time 127
note_on 61
velocity 29
time 781
note_off 61
time 493
note_on 55
velocity 32
time 63
note_off 55
time 255
note_on 46
velocity 27
time 197
note_off 46
time 72
note_on 39
velocity 22
time 492
note_off 39
time 89
note_off 78
time 65
note_on 46
velocity 37
time 29
note_off 70
time 0
note_off 46
time 72
note_on 58
velocity 42
time 263
note_on 76
velocity 51
time 89
note_off 58
time 33
note_on 68
velocity 37
time 31
note_off 68
time 123
note_on 61
velocity 35
time 223
note_off 61
time 259
note_on 75
velocity 58
time 122
note_on 70
velocity 35
time 5
note_on 67
velocity 36
time 54
note_off 70
time 136
note_on 61
velocity 32
time 165
note_off 61
time 52
note_off 67
time 186
note_on 73
velocity 56
time 108
note_on 70
velocity 14
time 83
note_off 76
time 63
note_off 75
time 182
note_off 73
time 5
note_on 49
velocity 35
time 10
note_off 70
time 19
note_off 49
time 28
note_on 39
velocity 36
time 458
note_on 75
velocity 56
time 63
note_on 71
velocity 30
time 10
note_off 39
time 136
note_on 47
velocity 39
time 46
note_off 71
time 173
note_off 75
time 88
note_off 47
time 23
note_on 56
velocity 36
time 79
note_on 73
velocity 54
time 144
note_on 70
velocity 45
time 35
note_off 56
time 3
note_off 70
time 91
note_off 73
time 111
note_on 75
velocity 58
time 89
note_on 71
velocity 40
time 48
note_off 71
time 80
note_on 63
velocity 40
time 3
note_off 75
time 67
note_on 73
velocity 57
time 48
note_on 70
velocity 32
time 54
note_off 70
time 41
note_off 63
time 91
note_on 71
velocity 48
time 273
note_on 68
velocity 42
time 28
note_off 73
time 7
note_on 63
velocity 39
time 226
note_off 63
time 55
note_on 56
velocity 37
time 364
note_off 56
time 264
note_on 47
velocity 36
time 84
note_on 39
velocity 47
time 477
note_off 47
time 14
note_off 68
time 80
note_off 71
time 3
note_on 46
velocity 52
time 154
note_off 39
time 110
note_on 56
velocity 45
time 197
note_off 46
time 13
note_on 70
velocity 67
time 119
note_off 56
time 15
note_on 62
velocity 47
time 33
note_off 70
time 134
note_off 62
time 11
note_on 62
velocity 53
time 183
note_on 68
velocity 68
time 343
note_on 59
velocity 57
time 33
note_off 62
time 152
note_off 68
time 15
note_off 59
time 11
note_on 62
velocity 56
time 126
note_off 62
time 48
note_on 66
velocity 74
time 145
note_on 58
velocity 72
time 32
note_off 58
time 175
note_off 66
time 2
note_on 65
velocity 73
time 188
note_on 56
velocity 43
time 35
note_on 46
velocity 37
time 49
note_off 56
time 82
note_on 39
velocity 46
time 359
note_on 58
velocity 56
time 132
note_on 66
velocity 68
time 5
note_off 46
time 1
note_off 65
time 76
note_off 58
time 6
note_on 46
velocity 54
time 6
note_on 54
velocity 48
time 427
note_on 65
velocity 63
time 100
note_off 39
time 15
note_on 56
velocity 59
time 0
note_off 46
time 42
note_off 54
time 14
note_off 56
time 29
note_off 65
time 182
note_off 66
time 9
note_on 66
velocity 45
time 16
note_on 58
velocity 59
time 35
note_on 63
velocity 60
time 83
note_off 58
time 3
note_off 66
time 54
note_off 63
time 44
note_on 65
velocity 72
time 63
note_on 56
velocity 60
time 35
note_off 56
time 76
note_off 65
time 223
note_on 70
velocity 51
time 63
note_on 63
velocity 64
time 10
note_on 54
velocity 62
time 7
note_off 70
time 18
note_off 54
time 54
note_off 63
time 165
note_on 63
velocity 42
time 102
note_on 54
velocity 67
time 420
note_on 46
velocity 65
time 368
note_off 54
time 36
note_off 63
time 139
note_on 39
velocity 67
time 330
note_off 46
time 52
note_on 46
velocity 61
time 179
note_on 58
velocity 78
time 169
note_off 39
time 14
note_off 46
time 154
note_on 55
velocity 63
time 0
note_off 55
time 55
note_off 58
time 102
note_on 59
velocity 71
time 240
note_on 61
velocity 51
time 2
note_off 61
time 239
note_off 59
time 48
note_on 67
velocity 45
time 309
note_on 61
velocity 56
time 7
note_off 67
time 39
note_off 61
time 85
note_on 61
velocity 36
time 315
note_off 61
time 52
note_on 55
velocity 37
time 376
note_on 46
velocity 43
time 347
note_off 55
time 15
note_on 39
velocity 46
time 2
note_off 46
time 3
note_on 47
velocity 34
time 18
note_on 63
velocity 53
time 186
note_off 39
time 42
note_on 61
velocity 60
time 205
note_off 63
time 65
note_on 56
velocity 43
time 18
note_off 61
time 16
note_on 59
velocity 47
time 0
note_off 47
time 5
note_off 56
time 145
note_on 63
velocity 31
time 378
note_off 63
time 377
note_on 68
velocity 45
time 24
note_off 68
time 71
note_on 63
velocity 42
time 356
note_off 63
time 46
note_on 58
velocity 56
time 472
note_on 44
velocity 41
time 459
note_off 59
time 363
note_on 39
velocity 28
time 13
note_off 44
time 1
note_on 47
velocity 36
time 26
note_on 52
velocity 37
time 100
note_on 56
velocity 42
time 2
note_off 47
time 2
note_off 58
time 14
note_off 52
time 65
note_off 39
time 10
note_off 56
time 152
note_on 62
velocity 20
time 386
note_on 66
velocity 26
time 524
note_off 62
time 161
note_on 62
velocity 31
time 522
note_off 62
time 91
note_off 66
time 11
note_on 47
velocity 19
time 1100
note_on 54
velocity 36
time 10
note_off 47
time 174
note_off 54
time 575
note_on 56
velocity 38
time 5
note_off 56
time 433
note_on 54
velocity 43
time 5
note_on 39
velocity 32
time 5
note_on 27
velocity 27
time 11
note_on 51
velocity 37
time 1
note_off 54
time 2
note_off 27
time 32
note_off 39
time 117
note_off 51
time 114
note_on 46
velocity 25
time 481
note_on 54
velocity 31
time 674
note_off 46
time 132
note_off 54
time 196
note_on 63
velocity 38
time 161
note_off 63
time 144
note_on 70
velocity 32
time 451
note_off 70
time 135
note_on 63
velocity 34
time 378
note_off 63
time 320
note_on 54
velocity 32
time 169
note_off 54
time 234
note_on 46
velocity 32
time 183
note_off 46
time 67
note_on 32
velocity 40
time 9
note_on 56
velocity 41
time 72
note_on 53
velocity 37
time 48
note_off 53
time 74
note_off 56
time 20
note_on 44
velocity 34
time 48
note_off 32
time 41
note_off 44
time 29
note_on 58
velocity 54
time 91
note_on 54
velocity 49
time 22
note_off 54
time 65
note_off 58
time 40
note_on 51
velocity 46
time 1
note_on 59
velocity 56
time 5
note_on 56
velocity 39
time 6
note_off 56
time 14
note_off 59
time 14
note_on 63
velocity 58
time 29
note_on 59
velocity 47
time 50
note_on 53
velocity 51
time 121
note_off 63
time 19
note_off 51
time 72
note_off 53
time 16
note_on 65
velocity 60
time 14
note_on 61
velocity 53
time 22
note_off 61
time 54
note_off 65
time 22
note_off 59
time 48
note_on 63
velocity 42
time 307
note_on 70
velocity 60
time 16
note_on 66
velocity 42
time 10
note_off 63
time 222
note_on 59
velocity 36
time 183
note_off 59
time 102
note_off 66
time 257
note_off 70
time 13
note_on 53
velocity 37
time 80
note_off 53
time 289
note_on 65
velocity 47
time 70
note_on 68
velocity 55
time 24
note_on 44
velocity 11
time 18
note_off 44
time 89
note_off 65
time 276
note_on 27
velocity 34
time 244
note_on 39
velocity 29
time 9
note_on 63
velocity 39
time 22
note_on 54
velocity 34
time 41
note_off 68
time 6
note_off 27
time 67
note_off 39
time 72
note_off 54
time 58
note_on 46
velocity 26
time 436
note_off 63
time 78
note_off 46
time 350
note_on 54
velocity 38
time 46
note_off 54
time 238
note_on 63
velocity 41
time 208
note_off 63
time 84
note_on 70
velocity 45
time 380
note_off 70
time 123
note_on 63
velocity 27
time 380
note_off 63
time 325
note_on 54
velocity 36
time 111
note_off 54
time 329
note_on 46
velocity 34
time 177
note_off 46
time 92
note_on 44
velocity 38
time 539
note_on 32
velocity 34
time 7
note_off 32
time 18
note_off 44
time 44
note_on 68
velocity 48
time 147
note_on 65
velocity 51
time 18
note_off 68
time 108
note_off 65
time 20
note_on 53
velocity 48
time 52
note_on 70
velocity 65
time 141
note_on 66
velocity 62
time 20
note_off 66
time 111
note_off 70
time 53
note_on 59
velocity 52
time 53
note_on 71
velocity 71
time 110
note_on 68
velocity 75
time 20
note_off 68
time 134
note_off 71
time 96
note_on 75
velocity 78
time 11
note_on 71
velocity 61
time 3
note_on 63
velocity 58
time 63
note_off 63
time 170
note_on 77
velocity 87
time 9
note_on 73
velocity 70
time 10
note_off 75
time 16
note_off 73
time 27
note_off 77
time 33
note_on 68
velocity 47
time 295
note_on 82
velocity 88
time 18
note_on 78
velocity 58
time 13
note_off 68
time 20
note_on 63
velocity 52
time 446
note_off 59
time 109
note_off 78
time 0
note_off 82
time 5
note_off 63
time 216
note_on 59
velocity 53
time 40
note_off 53
time 15
note_off 71
time 29
note_on 53
velocity 47
time 324
note_off 59
time 20
note_on 77
velocity 67
time 10
note_on 80
velocity 76
time 11
note_off 53
time 44
note_on 39
velocity 44
time 524
note_on 27
velocity 39
time 9
note_on 66
velocity 57
time 54
note_on 75
velocity 67
time 11
note_off 77
time 74
note_off 80
time 16
note_off 27
time 9
note_off 39
time 14
note_off 66
time 218
note_on 46
velocity 51
time 191
note_on 54
velocity 60
time 410
note_off 46
time 44
note_on 63
velocity 52
time 358
note_off 54
time 1
note_off 63
time 79
note_on 70
velocity 59
time 352
note_off 70
time 113
note_on 63
velocity 57
time 308
note_on 54
velocity 65
time 395
note_off 63
time 39
note_on 46
velocity 70
time 373
note_off 54
time 53
note_off 46
time 23
note_on 44
velocity 78
time 6
note_on 32
velocity 74
time 2
note_off 32
time 15
note_off 75
time 24
note_off 44
time 24
note_on 53
velocity 72
time 444
note_on 78
velocity 86
time 16
note_on 75
velocity 82
time 1
note_off 75
time 115
note_off 78
time 32
note_on 77
velocity 91
time 256
note_on 80
velocity 89
time 1
note_on 59
velocity 74
time 6
note_off 77
time 69
note_off 80
time 15
note_on 82
velocity 90
time 209
note_on 78
velocity 88
time 3
note_on 63
velocity 87
time 15
note_off 78
time 48
note_off 82
time 6
note_off 53
time 15
note_off 63
time 20
note_on 83
velocity 96
time 179
note_on 80
velocity 100
time 2
note_on 68
velocity 88
time 1
note_off 68
time 72
note_off 80
time 14
note_off 83
time 16
note_on 91
velocity 23
time 106
note_on 89
velocity 17
time 10
note_off 91
time 44
note_off 89
time 19
note_on 85
velocity 102
time 29
note_on 82
velocity 97
time 10
note_on 63
velocity 99
time 1
note_off 59
time 91
note_off 82
time 42
note_off 63
time 167
note_on 87
velocity 100
time 66
note_on 59
velocity 64
time 1
note_on 83
velocity 105
time 1
note_off 85
time 39
note_off 87
time 325
note_on 89
velocity 100
time 41
note_on 85
velocity 100
time 2
note_on 53
velocity 91
time 13
note_off 83
time 13
note_off 59
time 1
note_on 54
velocity 45
time 9
note_off 53
time 6
note_off 85
time 41
note_off 54
time 2
note_off 89
time 0
note_on 89
velocity 102
time 6
note_on 92
velocity 100
time 2
note_on 94
velocity 98
time 0
note_on 39
velocity 101
time 0
note_on 27
velocity 75
time 3
note_off 27
time 16
note_off 39
time 13
note_off 94
time 298
note_off 89
time 6
note_off 92
time 0
note_on 90
velocity 96
time 40
note_on 87
velocity 105
time 11
note_on 46
velocity 76
time 16
note_on 86
velocity 32
time 58
note_off 90
time 3
note_off 87
time 6
note_off 86
time 33
note_on 54
velocity 76
time 31
note_off 46
time 20
note_on 63
velocity 88
time 125
note_on 89
velocity 97
time 10
note_on 85
velocity 98
time 3
note_off 63
time 29
note_off 54
time 6
note_off 89
time 130
note_off 85
time 16
note_on 87
velocity 98
time 7
note_on 83
velocity 93
time 11
note_on 84
velocity 49
time 33
note_off 84
time 31
note_off 87
time 26
note_off 83
time 15
note_on 44
velocity 100
time 6
note_on 32
velocity 65
time 7
note_on 82
velocity 100
time 2
note_on 87
velocity 94
time 0
note_on 85
velocity 91
time 9
note_off 44
time 6
note_off 32
time 5
note_on 80
velocity 55
time 11
note_off 80
time 29
note_off 82
time 63
note_off 87
time 101
note_on 83
velocity 96
time 9
note_on 80
velocity 94
time 15
note_off 80
time 62
note_on 63
velocity 85
time 35
note_off 85
time 2
note_on 59
velocity 76
time 5
note_on 51
velocity 77
time 11
note_off 63
time 6
note_off 59
time 15
note_off 51
time 31
note_off 83
time 16
note_on 78
velocity 100
time 9
note_on 82
velocity 75
time 1
note_off 82
time 27
note_off 78
time 32
note_on 77
velocity 103
time 6
note_on 82
velocity 95
time 1
note_on 80
velocity 77
time 9
note_on 39
velocity 99
time 0
note_on 27
velocity 52
time 5
note_off 39
time 0
note_off 27
time 3
note_on 78
velocity 92
time 187
note_on 75
velocity 96
time 3
note_on 46
velocity 65
time 7
note_off 82
time 2
note_off 77
time 5
note_off 80
time 24
note_off 75
time 52
note_off 78
time 0
note_off 46
time 27
note_on 54
velocity 74
time 22
note_on 77
velocity 86
time 69
note_on 73
velocity 98
time 3
note_on 76
velocity 90
time 7
note_off 54
time 20
note_off 76
time 55
note_off 73
time 9
note_off 77
time 2
note_on 71
velocity 92
time 76
note_on 74
velocity 80
time 15
note_on 75
velocity 26
time 46
note_off 75
time 1
note_off 74
time 14
note_off 71
time 7
note_on 44
velocity 98
time 16
note_on 32
velocity 56
time 3
note_on 75
velocity 100
time 5
note_on 70
velocity 84
time 0
note_on 73
velocity 62
time 11
note_on 71
velocity 80
time 5
note_on 74
velocity 71
time 1
note_off 32
time 5
note_off 44
time 1
note_off 71
time 1
note_off 70
time 1
note_on 76
velocity 18
time 7
note_off 73
time 54
note_off 75
time 7
note_off 76
time 3
note_off 74
time 11
note_on 71
velocity 92
time 20
note_on 68
velocity 92
time 14
note_off 68
time 59
note_on 59
velocity 73
time 18
note_on 63
velocity 82
time 1
note_on 51
velocity 87
time 15
note_off 59
time 15
note_off 63
time 0
note_on 53
velocity 28
time 10
note_off 51
time 26
note_off 71
time 3
note_on 70
velocity 85
time 18
note_on 66
velocity 92
time 3
note_off 53
time 1
note_off 70
time 23
note_off 66
time 69
note_on 65
velocity 88
time 15
note_on 70
velocity 83
time 0
note_on 39
velocity 95
time 9
note_on 68
velocity 80
time 2
note_on 27
velocity 58
time 15
note_off 39
time 16
note_off 27
time 2
note_off 65
time 15
note_on 63
velocity 95
time 36
note_on 66
velocity 75
time 15
note_off 68
time 9
note_off 70
time 1
note_off 63
time 59
note_off 66
time 11
note_on 54
velocity 94
time 10
note_off 54
time 33
note_on 46
velocity 50
time 1
note_off 46
time 35
note_on 65
velocity 88
time 6
note_on 61
velocity 88
time 5
note_off 65
time 87
note_off 61
time 3
note_on 63
velocity 83
time 29
note_on 59
velocity 90
time 10
note_off 63
time 52
note_off 59
time 16
note_on 61
velocity 88
time 58
note_on 58
velocity 88
time 11
note_off 58
time 113
note_on 59
velocity 90
time 13
note_on 56
velocity 87
time 5
note_off 61
time 10
note_off 59
time 13
note_off 56
time 0
note_on 58
velocity 94
time 74
note_on 55
velocity 37
time 48
note_off 55
time 45
note_on 56
velocity 81
time 31
note_on 53
velocity 82
time 2
note_off 58
time 32
note_on 54
velocity 66
time 75
note_on 51
velocity 94
time 9
note_off 53
time 3
note_off 56
time 0
note_off 54
time 61
note_off 51
time 1
note_on 53
velocity 92
time 61
note_on 50
velocity 79
time 18
note_off 50
time 16
note_on 47
velocity 86
time 1
note_off 53
time 1
note_on 52
velocity 68
time 6
note_off 52
time 10
note_on 48
velocity 26
time 2
note_on 51
velocity 25
time 0
note_off 47
time 7
note_off 51
time 5
note_off 48
time 9
note_on 46
velocity 89
time 32
note_on 49
velocity 85
time 7
note_off 46
time 33
note_off 49
time 59
note_on 47
velocity 93
time 14
note_on 44
velocity 88
time 18
note_on 43
velocity 62
time 14
note_off 44
time 2
note_off 43
time 6
note_on 46
velocity 92
time 49
note_on 42
velocity 92
time 9
note_off 47
time 27
note_off 42
time 39
note_off 46
time 6
note_on 41
velocity 97
time 89
note_on 44
velocity 101
time 3
note_off 41
time 44
note_off 44
time 1
note_on 39
velocity 104
time 359
note_on 27
velocity 89
time 1
note_off 27
time 16
note_off 39
time 28
note_on 46
velocity 90
time 320
note_on 54
velocity 92
time 264
note_off 46
time 76
note_on 63
velocity 92
time 361
note_off 63
time 351
note_off 54
time 50
note_on 70
velocity 82
time 1089
note_off 70
time 194
note_on 70
velocity 86
time 117
note_off 70
time 14
