note_on 45
velocity 59
time 2
note_on 45
velocity 0
time 89
note_on 60
velocity 64
time 7
note_on 52
velocity 57
time 2
note_on 60
velocity 0
time 22
note_on 52
velocity 0
time 15
note_on 60
velocity 57
time 2
note_on 52
velocity 48
time 6
note_on 60
velocity 0
time 0
note_on 52
velocity 0
time 7
note_on 45
velocity 47
time 87
note_on 45
velocity 0
time 3
note_on 60
velocity 47
time 22
note_on 52
velocity 39
time 9
note_on 60
velocity 0
time 39
note_on 52
velocity 0
time 2
note_on 60
velocity 50
time 316
note_on 52
velocity 50
time 6
note_on 60
velocity 0
time 40
note_on 52
velocity 0
time 3
note_on 45
velocity 48
time 295
note_on 64
velocity 56
time 1
note_on 45
velocity 0
time 2
note_on 64
velocity 0
time 0
note_on 66
velocity 71
time 9
note_on 52
velocity 49
time 3
note_on 60
velocity 46
time 3
note_on 66
velocity 0
time 24
note_on 60
velocity 0
time 10
note_on 52
velocity 0
time 5
note_on 68
velocity 78
time 83
note_on 68
velocity 0
time 33
note_on 69
velocity 78
time 144
note_on 69
velocity 0
time 28
note_on 52
velocity 50
time 5
note_on 60
velocity 46
time 1
note_on 60
velocity 0
time 37
note_on 52
velocity 0
time 3
note_on 69
velocity 72
time 282
note_on 45
velocity 49
time 32
note_on 69
velocity 0
time 18
note_on 45
velocity 0
time 35
note_on 71
velocity 71
time 10
note_on 62
velocity 49
time 6
note_on 52
velocity 43
time 7
note_on 71
velocity 0
time 9
note_on 62
velocity 0
time 11
note_on 52
velocity 0
time 0
note_on 68
velocity 72
time 7
note_on 68
velocity 0
time 3
note_on 66
velocity 70
time 0
note_on 52
velocity 45
time 5
note_on 62
velocity 52
time 1
note_on 66
velocity 0
time 19
note_on 62
velocity 0
time 15
note_on 52
velocity 0
time 5
note_on 69
velocity 50
time 253
note_on 69
velocity 0
time 61
note_on 45
velocity 49
time 9
note_on 66
velocity 58
time 2
note_on 66
velocity 0
time 49
note_on 45
velocity 0
time 415
note_on 64
velocity 55
time 85
note_on 60
velocity 48
time 7
note_on 52
velocity 31
time 13
note_on 60
velocity 0
time 27
note_on 52
velocity 0
time 18
note_on 60
velocity 54
time 369
note_on 52
velocity 33
time 29
note_on 60
velocity 0
time 13
note_on 52
velocity 0
time 32
note_on 45
velocity 47
time 266
note_on 45
velocity 0
time 18
note_on 60
velocity 49
time 29
note_on 52
velocity 43
time 10
note_on 60
velocity 0
time 26
note_on 52
velocity 0
time 14
note_on 64
velocity 0
time 15
note_on 60
velocity 43
time 14
note_on 52
velocity 41
time 19
note_on 52
velocity 0
time 0
note_on 60
velocity 0
time 2
note_on 45
velocity 54
time 48
note_on 64
velocity 71
time 22
note_on 45
velocity 0
time 15
note_on 64
velocity 0
time 5
note_on 66
velocity 70
time 92
note_on 60
velocity 53
time 7
note_on 52
velocity 49
time 3
note_on 66
velocity 0
time 22
note_on 60
velocity 0
time 10
note_on 52
velocity 0
time 6
note_on 68
velocity 75
time 92
note_on 68
velocity 0
time 28
note_on 68
velocity 77
time 119
note_on 60
velocity 56
time 11
note_on 52
velocity 50
time 9
note_on 60
velocity 0
time 29
note_on 52
velocity 0
time 9
note_on 68
velocity 0
time 14
note_on 69
velocity 82
time 5
note_on 69
velocity 0
time 1
note_on 45
velocity 64
time 67
note_on 45
velocity 0
time 74
note_on 69
velocity 76
time 16
note_on 69
velocity 0
time 44
note_on 62
velocity 59
time 1
note_on 52
velocity 54
time 6
note_on 71
velocity 73
time 0
note_on 71
velocity 0
time 6
note_on 62
velocity 0
time 11
note_on 52
velocity 0
time 2
note_on 68
velocity 64
time 13
note_on 68
velocity 0
time 11
note_on 68
velocity 60
time 14
note_on 52
velocity 47
time 11
note_on 62
velocity 40
time 1
note_on 68
velocity 0
time 11
note_on 52
velocity 0
time 6
note_on 62
velocity 0
time 0
note_on 66
velocity 61
time 61
note_on 66
velocity 0
time 57
note_on 69
velocity 54
time 115
note_on 45
velocity 42
time 58
note_on 69
velocity 0
time 0
note_on 66
velocity 55
time 1
note_on 66
velocity 0
time 3
note_on 45
velocity 0
time 36
note_on 64
velocity 56
time 109
note_on 60
velocity 50
time 15
note_on 52
velocity 41
time 7
note_on 60
velocity 0
time 26
note_on 52
velocity 0
time 14
note_on 52
velocity 49
time 322
note_on 60
velocity 45
time 1
note_on 52
velocity 0
time 40
note_on 60
velocity 0
time 0
note_on 45
velocity 50
time 289
note_on 45
velocity 0
time 0
note_on 60
velocity 48
time 18
note_on 52
velocity 44
time 14
note_on 60
velocity 0
time 26
note_on 52
velocity 0
time 13
note_on 64
velocity 0
time 40
note_on 52
velocity 59
time 13
note_on 60
velocity 42
time 3
note_on 52
velocity 0
time 13
note_on 60
velocity 0
time 6
note_on 67
velocity 82
time 37
note_on 76
velocity 88
time 3
note_on 64
velocity 73
time 10
note_on 60
velocity 56
time 16
note_on 67
velocity 0
time 10
note_on 64
velocity 0
time 5
note_on 76
velocity 0
time 7
note_on 60
velocity 0
time 14
note_on 76
velocity 88
time 270
note_on 65
velocity 63
time 10
note_on 68
velocity 74
time 5
note_on 60
velocity 48
time 6
note_on 65
velocity 0
time 24
note_on 68
velocity 0
time 0
note_on 76
velocity 0
time 9
note_on 60
velocity 0
time 2
note_on 76
velocity 86
time 269
note_on 69
velocity 74
time 3
note_on 60
velocity 56
time 23
note_on 66
velocity 61
time 1
note_on 69
velocity 0
time 7
note_on 76
velocity 0
time 10
note_on 66
velocity 0
time 16
note_on 60
velocity 0
time 1
note_on 76
velocity 86
time 309
note_on 71
velocity 62
time 16
note_on 55
velocity 55
time 10
note_on 62
velocity 57
time 18
note_on 67
velocity 47
time 1
note_on 74
velocity 82
time 76
note_on 76
velocity 0
time 26
note_on 74
velocity 0
time 59
note_on 72
velocity 77
time 9
note_on 72
velocity 0
time 82
note_on 74
velocity 83
time 6
note_on 67
velocity 0
time 6
note_on 55
velocity 0
time 1
note_on 74
velocity 0
time 0
note_on 71
velocity 0
time 6
note_on 62
velocity 0
time 170
note_on 64
velocity 61
time 29
note_on 72
velocity 66
time 6
note_on 60
velocity 53
time 10
note_on 72
velocity 0
time 24
note_on 64
velocity 0
time 1
note_on 57
velocity 30
time 16
note_on 60
velocity 0
time 3
note_on 57
velocity 0
time 41
note_on 65
velocity 54
time 16
note_on 72
velocity 66
time 1
note_on 62
velocity 62
time 3
note_on 57
velocity 51
time 3
note_on 65
velocity 0
time 7
note_on 72
velocity 0
time 10
note_on 62
velocity 0
time 2
note_on 57
velocity 0
time 9
note_on 57
velocity 48
time 156
note_on 72
velocity 65
time 0
note_on 63
velocity 58
time 2
note_on 66
velocity 49
time 14
note_on 72
velocity 0
time 14
note_on 63
velocity 0
time 0
note_on 57
velocity 0
time 2
note_on 66
velocity 0
time 6
note_on 72
velocity 69
time 16
note_on 52
velocity 48
time 26
note_on 59
velocity 47
time 2
note_on 67
velocity 43
time 7
note_on 64
velocity 37
time 2
note_on 71
velocity 67
time 2
note_on 72
velocity 0
time 10
note_on 71
velocity 0
time 6
note_on 69
velocity 61
time 7
note_on 69
velocity 0
time 46
note_on 71
velocity 68
time 14
note_on 64
velocity 0
time 11
note_on 71
velocity 0
time 59
note_on 67
velocity 0
time 14
note_on 59
velocity 0
time 259
note_on 52
velocity 0
time 6
note_on 53
velocity 48
time 57
note_on 71
velocity 80
time 70
note_on 65
velocity 68
time 14
note_on 60
velocity 56
time 9
note_on 69
velocity 75
time 78
note_on 71
velocity 0
time 7
note_on 67
velocity 76
time 87
note_on 69
velocity 0
time 0
note_on 67
velocity 0
time 98
note_on 69
velocity 77
time 10
note_on 69
velocity 0
time 71
note_on 60
velocity 0
time 3
note_on 65
velocity 0
time 28
note_on 53
velocity 0
time 63
note_on 48
velocity 33
time 298
note_on 67
velocity 72
time 18
note_on 65
velocity 74
time 1
note_on 55
velocity 41
time 3
note_on 60
velocity 39
time 24
note_on 65
velocity 0
time 88
note_on 64
velocity 70
time 19
note_on 64
velocity 0
time 105
note_on 62
velocity 77
time 9
note_on 62
velocity 0
time 48
note_on 64
velocity 68
time 75
note_on 60
velocity 0
time 355
note_on 48
velocity 0
time 14
note_on 55
velocity 0
time 7
note_on 67
velocity 0
time 82
note_on 64
velocity 0
time 92
note_on 65
velocity 76
time 65
note_on 60
velocity 63
time 14
note_on 50
velocity 60
time 1
note_on 57
velocity 62
time 1
note_on 57
velocity 0
time 6
note_on 50
velocity 0
time 3
note_on 60
velocity 0
time 6
note_on 65
velocity 0
time 3
note_on 67
velocity 69
time 14
note_on 60
velocity 62
time 5
note_on 52
velocity 53
time 7
note_on 57
velocity 45
time 1
note_on 60
velocity 0
time 15
note_on 52
velocity 0
time 1
note_on 57
velocity 0
time 1
note_on 67
velocity 0
time 3
note_on 69
velocity 63
time 27
note_on 57
velocity 39
time 2
note_on 60
velocity 54
time 2
note_on 53
velocity 56
time 11
note_on 69
velocity 0
time 26
note_on 53
velocity 0
time 6
note_on 60
velocity 0
time 7
note_on 57
velocity 0
time 1
note_on 60
velocity 46
time 197
note_on 65
velocity 55
time 1
note_on 57
velocity 39
time 23
note_on 50
velocity 50
time 1
note_on 65
velocity 0
time 49
note_on 50
velocity 0
time 5
note_on 60
velocity 0
time 14
note_on 57
velocity 0
time 5
note_on 62
velocity 53
time 458
note_on 59
velocity 43
time 11
note_on 57
velocity 45
time 11
note_on 53
velocity 31
time 13
note_on 59
velocity 0
time 62
note_on 62
velocity 0
time 0
note_on 53
velocity 0
time 13
note_on 57
velocity 0
time 14
note_on 64
velocity 36
time 897
note_on 59
velocity 28
time 23
note_on 56
velocity 32
time 7
note_on 52
velocity 39
time 2
note_on 56
velocity 0
time 18
note_on 52
velocity 0
time 20
note_on 59
velocity 0
time 165
note_on 64
velocity 0
time 5
note_on 45
velocity 39
time 22
note_on 45
velocity 0
time 0
note_on 60
velocity 57
time 1
note_on 52
velocity 51
time 9
note_on 60
velocity 0
time 18
note_on 52
velocity 0
time 6
note_on 60
velocity 37
time 511
note_on 52
velocity 39
time 6
note_on 60
velocity 0
time 33
note_on 52
velocity 0
time 6
note_on 45
velocity 42
time 5
note_on 45
velocity 0
time 27
note_on 60
velocity 45
time 16
note_on 60
velocity 0
time 35
note_on 60
velocity 41
time 296
note_on 52
velocity 40
time 10
note_on 60
velocity 0
time 26
note_on 52
velocity 0
time 18
note_on 64
velocity 54
time 273
note_on 45
velocity 45
time 10
note_on 64
velocity 0
time 0
note_on 45
velocity 0
time 15
note_on 66
velocity 65
time 9
note_on 52
velocity 42
time 1
note_on 60
velocity 29
time 7
note_on 66
velocity 0
time 19
note_on 52
velocity 0
time 11
note_on 60
velocity 0
time 14
note_on 68
velocity 77
time 65
note_on 68
velocity 0
time 32
note_on 69
velocity 75
time 126
note_on 60
velocity 47
time 9
note_on 52
velocity 40
time 18
note_on 69
velocity 0
time 3
note_on 60
velocity 0
time 15
note_on 52
velocity 0
time 20
note_on 69
velocity 67
time 251
note_on 45
velocity 52
time 3
note_on 45
velocity 0
time 2
note_on 69
velocity 0
time 3
note_on 71
velocity 69
time 15
note_on 62
velocity 52
time 5
note_on 52
velocity 45
time 6
note_on 71
velocity 0
time 19
note_on 62
velocity 0
time 15
note_on 52
velocity 0
time 7
note_on 68
velocity 71
time 66
note_on 68
velocity 0
time 33
note_on 66
velocity 63
time 115
note_on 66
velocity 0
time 35
note_on 62
velocity 32
time 2
note_on 52
velocity 19
time 24
note_on 62
velocity 0
time 24
note_on 52
velocity 0
time 31
note_on 69
velocity 54
time 145
note_on 69
velocity 0
time 58
note_on 66
velocity 62
time 3
note_on 45
velocity 45
time 31
note_on 66
velocity 0
time 9
note_on 45
velocity 0
time 376
note_on 64
velocity 67
time 71
note_on 60
velocity 55
time 6
note_on 52
velocity 48
time 3
note_on 60
velocity 0
time 39
note_on 52
velocity 0
time 3
note_on 60
velocity 47
time 329
note_on 52
velocity 47
time 1
note_on 60
velocity 0
time 35
note_on 52
velocity 0
time 2
note_on 45
velocity 58
time 111
note_on 45
velocity 0
time 7
note_on 64
velocity 0
time 136
note_on 60
velocity 50
time 87
note_on 52
velocity 54
time 2
note_on 60
velocity 0
time 33
note_on 52
velocity 0
time 3
note_on 60
velocity 56
time 190
note_on 52
velocity 54
time 10
note_on 60
velocity 0
time 28
note_on 52
velocity 0
time 13
note_on 45
velocity 62
time 226
note_on 45
velocity 0
time 54
note_on 64
velocity 68
time 70
note_on 64
velocity 0
time 49
note_on 66
velocity 75
time 106
note_on 52
velocity 46
time 10
note_on 60
velocity 45
time 2
note_on 66
velocity 0
time 24
note_on 52
velocity 0
time 11
note_on 60
velocity 0
time 2
note_on 68
velocity 74
time 93
note_on 68
velocity 0
time 54
note_on 52
velocity 50
time 67
note_on 68
velocity 66
time 98
note_on 60
velocity 49
time 15
note_on 60
velocity 0
time 37
note_on 68
velocity 0
time 42
note_on 69
velocity 65
time 24
note_on 52
velocity 0
time 5
note_on 69
velocity 0
time 58
note_on 45
velocity 63
time 59
note_on 45
velocity 0
time 91
note_on 69
velocity 68
time 18
note_on 69
velocity 0
time 14
note_on 71
velocity 75
time 101
note_on 62
velocity 63
time 3
note_on 52
velocity 52
time 16
note_on 62
velocity 0
time 26
note_on 71
velocity 0
time 1
note_on 52
velocity 0
time 22
note_on 68
velocity 75
time 55
note_on 68
velocity 0
time 39
note_on 52
velocity 44
time 41
note_on 68
velocity 79
time 95
note_on 62
velocity 54
time 16
note_on 62
velocity 0
time 83
note_on 66
velocity 77
time 18
note_on 68
velocity 0
time 0
note_on 52
velocity 0
time 19
note_on 66
velocity 0
time 35
note_on 69
velocity 66
time 16
note_on 66
velocity 76
time 31
note_on 45
velocity 52
time 9
note_on 69
velocity 0
time 15
note_on 66
velocity 0
time 40
note_on 64
velocity 69
time 79
note_on 45
velocity 0
time 16
note_on 52
velocity 55
time 1
note_on 60
velocity 60
time 3
note_on 60
velocity 0
time 35
note_on 52
velocity 0
time 3
note_on 60
velocity 59
time 265
note_on 52
velocity 51
time 14
note_on 60
velocity 0
time 20
note_on 52
velocity 0
time 20
note_on 45
velocity 64
time 238
note_on 45
velocity 0
time 0
note_on 60
velocity 59
time 19
note_on 52
velocity 52
time 5
note_on 60
velocity 0
time 32
note_on 52
velocity 0
time 10
note_on 64
velocity 0
time 138
note_on 52
velocity 56
time 1
note_on 60
velocity 59
time 2
note_on 52
velocity 0
time 22
note_on 60
velocity 0
time 23
note_on 67
velocity 85
time 270
note_on 64
velocity 62
time 1
note_on 76
velocity 76
time 13
note_on 60
velocity 54
time 2
note_on 76
velocity 0
time 26
note_on 64
velocity 0
time 1
note_on 67
velocity 0
time 5
note_on 60
velocity 0
time 6
note_on 68
velocity 95
time 278
note_on 60
velocity 50
time 19
note_on 65
velocity 48
time 2
note_on 76
velocity 54
time 6
note_on 68
velocity 0
time 19
note_on 65
velocity 0
time 7
note_on 76
velocity 0
time 5
note_on 60
velocity 0
time 6
note_on 69
velocity 86
time 235
note_on 66
velocity 67
time 1
note_on 76
velocity 80
time 9
note_on 60
velocity 36
time 9
note_on 69
velocity 0
time 15
note_on 76
velocity 0
time 0
note_on 66
velocity 0
time 3
note_on 60
velocity 0
time 26
note_on 55
velocity 58
time 186
note_on 62
velocity 59
time 65
note_on 71
velocity 78
time 28
note_on 76
velocity 81
time 3
note_on 67
velocity 30
time 87
note_on 74
velocity 84
time 13
note_on 76
velocity 0
time 46
note_on 74
velocity 0
time 52
note_on 72
velocity 82
time 1
note_on 72
velocity 0
time 102
note_on 74
velocity 85
time 0
note_on 67
velocity 0
time 158
note_on 55
velocity 0
time 6
note_on 71
velocity 0
time 3
note_on 74
velocity 0
time 2
note_on 62
velocity 0
time 230
note_on 64
velocity 76
time 3
note_on 72
velocity 88
time 3
note_on 60
velocity 73
time 10
note_on 57
velocity 63
time 5
note_on 64
velocity 0
time 26
note_on 60
velocity 0
time 2
note_on 72
velocity 0
time 5
note_on 57
velocity 0
time 10
note_on 65
velocity 84
time 253
note_on 72
velocity 86
time 3
note_on 62
velocity 73
time 1
note_on 57
velocity 56
time 9
note_on 72
velocity 0
time 20
note_on 65
velocity 0
time 3
note_on 62
velocity 0
time 1
note_on 57
velocity 0
time 15
note_on 63
velocity 61
time 246
note_on 72
velocity 87
time 5
note_on 66
velocity 86
time 2
note_on 57
velocity 37
time 11
note_on 66
velocity 0
time 18
note_on 72
velocity 0
time 6
note_on 63
velocity 0
time 1
note_on 57
velocity 0
time 20
note_on 59
velocity 55
time 296
note_on 52
velocity 49
time 13
note_on 64
velocity 48
time 5
note_on 72
velocity 86
time 1
note_on 67
velocity 67
time 9
note_on 71
velocity 78
time 108
note_on 72
velocity 0
time 46
note_on 71
velocity 0
time 42
note_on 69
velocity 73
time 2
note_on 69
velocity 0
time 101
note_on 71
velocity 77
time 16
note_on 64
velocity 0
time 190
note_on 52
velocity 0
time 9
note_on 71
velocity 0
time 16
note_on 67
velocity 0
time 0
note_on 71
velocity 64
time 14
note_on 65
velocity 53
time 5
note_on 59
velocity 0
time 3
note_on 53
velocity 35
time 18
note_on 60
velocity 33
time 0
note_on 69
velocity 62
time 83
note_on 71
velocity 0
time 31
note_on 69
velocity 0
time 69
note_on 67
velocity 56
time 16
note_on 67
velocity 0
time 98
note_on 69
velocity 58
time 22
note_on 69
velocity 0
time 44
note_on 65
velocity 0
time 54
note_on 60
velocity 0
time 111
note_on 53
velocity 0
time 11
note_on 48
velocity 34
time 123
note_on 67
velocity 61
time 19
note_on 65
velocity 65
time 0
note_on 55
velocity 38
time 33
note_on 60
velocity 26
time 79
note_on 65
velocity 0
time 72
note_on 64
velocity 72
time 14
note_on 64
velocity 0
time 27
note_on 62
velocity 70
time 7
note_on 62
velocity 0
time 44
note_on 64
velocity 66
time 22
note_on 60
velocity 0
time 1
note_on 48
velocity 0
time 16
note_on 67
velocity 0
time 138
note_on 55
velocity 0
time 186
note_on 64
velocity 0
time 3
note_on 65
velocity 75
time 69
note_on 60
velocity 56
time 18
note_on 57
velocity 46
time 36
note_on 50
velocity 50
time 3
note_on 50
velocity 0
time 58
note_on 57
velocity 0
time 5
note_on 60
velocity 0
time 3
note_on 65
velocity 0
time 13
note_on 67
velocity 71
time 19
note_on 57
velocity 55
time 10
note_on 52
velocity 56
time 3
note_on 60
velocity 53
time 3
note_on 52
velocity 0
time 1
note_on 57
velocity 0
time 1
note_on 67
velocity 0
time 6
note_on 60
velocity 0
time 1
note_on 69
velocity 59
time 118
note_on 60
velocity 41
time 11
note_on 53
velocity 58
time 7
note_on 57
velocity 19
time 20
note_on 69
velocity 0
time 14
note_on 60
velocity 0
time 9
note_on 53
velocity 0
time 3
note_on 57
velocity 0
time 29
note_on 65
velocity 55
time 169
note_on 60
velocity 37
time 7
note_on 57
velocity 38
time 22
note_on 50
velocity 50
time 10
note_on 65
velocity 0
time 49
note_on 50
velocity 0
time 11
note_on 57
velocity 0
time 22
note_on 60
velocity 0
time 63
note_on 62
velocity 56
time 410
note_on 59
velocity 44
time 15
note_on 57
velocity 39
time 28
note_on 53
velocity 18
time 9
note_on 57
velocity 0
time 148
note_on 53
velocity 0
time 5
note_on 59
velocity 0
time 2
note_on 62
velocity 0
time 0
note_on 52
velocity 29
time 394
note_on 56
velocity 35
time 92
note_on 64
velocity 48
time 32
note_on 59
velocity 41
time 11
note_on 56
velocity 0
time 72
note_on 52
velocity 0
time 26
note_on 59
velocity 0
time 28
note_on 64
velocity 0
time 15
note_on 69
velocity 52
time 1080
note_on 73
velocity 38
time 305
note_on 76
velocity 41
time 2
note_on 76
velocity 0
time 72
note_on 73
velocity 0
time 1
note_on 69
velocity 0
time 230
note_on 73
velocity 46
time 184
note_on 71
velocity 54
time 9
note_on 76
velocity 48
time 1
note_on 76
velocity 0
time 268
note_on 73
velocity 0
time 2
note_on 71
velocity 0
time 3
note_on 68
velocity 59
time 7
note_on 68
velocity 0
time 44
note_on 68
velocity 53
time 183
note_on 68
velocity 0
time 27
note_on 66
velocity 57
time 19
note_on 66
velocity 0
time 9
note_on 64
velocity 49
time 11
note_on 64
velocity 0
time 88
note_on 76
velocity 43
time 15
note_on 64
velocity 41
time 9
note_on 68
velocity 38
time 0
note_on 74
velocity 39
time 3
note_on 68
velocity 0
time 6
note_on 76
velocity 0
time 9
note_on 74
velocity 0
time 1
note_on 64
velocity 0
time 247
note_on 76
velocity 43
time 121
note_on 68
velocity 34
time 19
note_on 74
velocity 38
time 6
note_on 68
velocity 0
time 114
note_on 74
velocity 0
time 36
note_on 76
velocity 0
time 27
note_on 69
velocity 60
time 256
note_on 69
velocity 0
time 5
note_on 71
velocity 57
time 10
note_on 76
velocity 59
time 0
note_on 73
velocity 51
time 1
note_on 73
velocity 0
time 1
note_on 76
velocity 0
time 13
note_on 71
velocity 0
time 62
note_on 73
velocity 68
time 39
note_on 73
velocity 0
time 0
note_on 69
velocity 61
time 3
note_on 76
velocity 64
time 6
note_on 73
velocity 51
time 13
note_on 73
velocity 0
time 14
note_on 76
velocity 0
time 2
note_on 69
velocity 0
time 3
note_on 66
velocity 67
time 22
note_on 66
velocity 0
time 14
note_on 68
velocity 64
time 9
note_on 68
velocity 0
time 52
note_on 66
velocity 65
time 33
note_on 66
velocity 0
time 14
note_on 64
velocity 53
time 7
note_on 64
velocity 0
time 13
note_on 64
velocity 52
time 13
note_on 76
velocity 44
time 5
note_on 74
velocity 45
time 13
note_on 68
velocity 42
time 2
note_on 74
velocity 0
time 1
note_on 76
velocity 0
time 3
note_on 68
velocity 0
time 0
note_on 64
velocity 0
time 92
note_on 76
velocity 44
time 98
note_on 74
velocity 47
time 1
note_on 68
velocity 41
time 11
note_on 68
velocity 0
time 157
note_on 74
velocity 0
time 24
note_on 76
velocity 0
time 72
note_on 69
velocity 67
time 5
note_on 76
velocity 49
time 291
note_on 73
velocity 44
time 6
note_on 73
velocity 0
time 67
note_on 76
velocity 0
time 0
note_on 64
velocity 60
time 19
note_on 76
velocity 54
time 0
note_on 73
velocity 40
time 7
note_on 69
velocity 0
time 87
note_on 66
velocity 60
time 14
note_on 64
velocity 0
time 2
note_on 76
velocity 0
time 18
note_on 66
velocity 0
time 16
note_on 73
velocity 0
time 7
note_on 66
velocity 62
time 84
note_on 68
velocity 71
time 108
note_on 66
velocity 0
time 24
note_on 68
velocity 0
time 19
note_on 68
velocity 74
time 0
note_on 73
velocity 51
time 10
note_on 76
velocity 54
time 9
note_on 76
velocity 0
time 183
note_on 73
velocity 0
time 7
note_on 76
velocity 68
time 97
note_on 73
velocity 52
time 10
note_on 68
velocity 0
time 61
note_on 76
velocity 0
time 36
note_on 73
velocity 0
time 16
note_on 68
velocity 72
time 269
note_on 68
velocity 0
time 13
note_on 71
velocity 67
time 0
note_on 71
velocity 0
time 148
note_on 71
velocity 60
time 22
note_on 76
velocity 51
time 32
note_on 73
velocity 49
time 6
note_on 71
velocity 0
time 0
note_on 69
velocity 60
time 7
note_on 76
velocity 0
time 5
note_on 73
velocity 0
time 15
note_on 69
velocity 0
time 18
note_on 73
velocity 52
time 15
note_on 69
velocity 59
time 5
note_on 76
velocity 50
time 3
note_on 69
velocity 0
time 5
note_on 64
velocity 49
time 6
note_on 66
velocity 65
time 10
note_on 64
velocity 0
time 2
note_on 76
velocity 0
time 7
note_on 66
velocity 0
time 23
note_on 73
velocity 0
time 0
note_on 66
velocity 57
time 59
note_on 66
velocity 0
time 58
note_on 68
velocity 52
time 9
note_on 68
velocity 0
time 5
note_on 68
velocity 46
time 10
note_on 76
velocity 35
time 16
note_on 73
velocity 31
time 1
note_on 76
velocity 0
time 11
note_on 73
velocity 0
time 11
note_on 73
velocity 36
time 244
note_on 76
velocity 40
time 2
note_on 76
velocity 0
time 167
note_on 68
velocity 0
time 18
note_on 73
velocity 0
time 16
note_on 69
velocity 38
time 16
note_on 76
velocity 31
time 463
note_on 73
velocity 23
time 5
note_on 76
velocity 0
time 3
note_on 73
velocity 0
time 7
note_on 69
velocity 0
time 28
note_on 73
velocity 43
time 22
note_on 76
velocity 45
time 2
note_on 71
velocity 46
time 15
note_on 76
velocity 0
time 11
note_on 73
velocity 0
time 2
note_on 71
velocity 0
time 3
note_on 68
velocity 53
time 46
note_on 68
velocity 0
time 40
note_on 68
velocity 48
time 61
note_on 68
velocity 0
time 0
note_on 66
velocity 63
time 2
note_on 66
velocity 0
time 14
note_on 64
velocity 51
time 3
note_on 64
velocity 0
time 55
note_on 76
velocity 51
time 58
note_on 64
velocity 37
time 15
note_on 74
velocity 40
time 1
note_on 68
velocity 30
time 13
note_on 68
velocity 0
time 122
note_on 76
velocity 0
time 1
note_on 74
velocity 0
time 14
note_on 74
velocity 40
time 19
note_on 76
velocity 45
time 1
note_on 68
velocity 42
time 13
note_on 64
velocity 0
time 2
note_on 68
velocity 0
time 3
note_on 74
velocity 0
time 6
note_on 76
velocity 0
time 20
note_on 69
velocity 62
time 54
note_on 69
velocity 0
time 18
note_on 76
velocity 62
time 9
note_on 73
velocity 54
time 3
note_on 71
velocity 55
time 1
note_on 73
velocity 0
time 11
note_on 76
velocity 0
time 10
note_on 71
velocity 0
time 14
note_on 73
velocity 65
time 22
note_on 73
velocity 0
time 11
note_on 76
velocity 61
time 14
note_on 69
velocity 52
time 18
note_on 73
velocity 44
time 15
note_on 76
velocity 0
time 0
note_on 73
velocity 0
time 19
note_on 69
velocity 0
time 15
note_on 66
velocity 56
time 13
note_on 66
velocity 0
time 57
note_on 68
velocity 58
time 58
note_on 68
velocity 0
time 55
note_on 66
velocity 66
time 9
note_on 66
velocity 0
time 197
note_on 64
velocity 58
time 19
note_on 64
velocity 0
time 80
note_on 76
velocity 44
time 122
note_on 64
velocity 48
time 13
note_on 68
velocity 42
time 0
note_on 74
velocity 46
time 5
note_on 76
velocity 0
time 6
note_on 74
velocity 0
time 10
note_on 68
velocity 0
time 5
note_on 64
velocity 0
time 115
note_on 76
velocity 54
time 71
note_on 74
velocity 50
time 1
note_on 68
velocity 47
time 14
note_on 68
velocity 0
time 63
note_on 74
velocity 0
time 36
note_on 76
velocity 0
time 54
note_on 69
velocity 62
time 7
note_on 76
velocity 56
time 371
note_on 73
velocity 43
time 13
note_on 73
velocity 0
time 10
note_on 76
velocity 0
time 0
note_on 76
velocity 60
time 66
note_on 64
velocity 61
time 2
note_on 73
velocity 49
time 2
note_on 69
velocity 0
time 5
note_on 64
velocity 0
time 0
note_on 66
velocity 65
time 13
note_on 66
velocity 0
time 46
note_on 76
velocity 0
time 3
note_on 73
velocity 0
time 26
note_on 66
velocity 70
time 7
note_on 67
velocity 61
time 2
note_on 66
velocity 0
time 48
note_on 67
velocity 0
time 16
note_on 67
velocity 70
time 67
note_on 76
velocity 60
time 11
note_on 73
velocity 56
time 2
note_on 76
velocity 0
time 5
note_on 73
velocity 0
time 2
note_on 67
velocity 0
time 15
note_on 76
velocity 69
time 6
note_on 73
velocity 60
time 10
note_on 73
velocity 0
time 44
note_on 76
velocity 0
time 2
note_on 67
velocity 77
time 272
note_on 67
velocity 0
time 144
note_on 68
velocity 73
time 3
note_on 68
velocity 0
time 76
note_on 68
velocity 83
time 31
note_on 76
velocity 72
time 19
note_on 73
velocity 64
time 3
note_on 76
velocity 0
time 15
note_on 73
velocity 0
time 1
note_on 68
velocity 0
time 6
note_on 76
velocity 75
time 37
note_on 73
velocity 72
time 1
note_on 73
velocity 0
time 98
note_on 76
velocity 0
time 3
note_on 68
velocity 76
time 255
note_on 69
velocity 72
time 186
note_on 68
velocity 0
time 6
note_on 69
velocity 0
time 46
note_on 69
velocity 78
time 16
note_on 76
velocity 71
time 19
note_on 73
velocity 58
time 10
note_on 69
velocity 0
time 5
note_on 76
velocity 0
time 46
note_on 73
velocity 0
time 13
note_on 76
velocity 76
time 319
note_on 73
velocity 64
time 2
note_on 73
velocity 0
time 44
note_on 76
velocity 0
time 14
note_on 45
velocity 40
time 13
note_on 45
velocity 0
time 326
note_on 52
velocity 55
time 24
note_on 60
velocity 56
time 0
note_on 60
velocity 0
time 36
note_on 52
velocity 0
time 3
note_on 60
velocity 44
time 380
note_on 60
velocity 0
time 37
note_on 45
velocity 45
time 282
note_on 45
velocity 0
time 29
note_on 52
velocity 49
time 28
note_on 60
velocity 46
time 7
note_on 52
velocity 0
time 35
note_on 60
velocity 0
time 0
note_on 60
velocity 51
time 305
note_on 52
velocity 48
time 6
note_on 60
velocity 0
time 32
note_on 52
velocity 0
time 3
note_on 64
velocity 54
time 294
note_on 45
velocity 52
time 2
note_on 64
velocity 0
time 7
note_on 45
velocity 0
time 0
note_on 52
velocity 51
time 13
note_on 66
velocity 52
time 1
note_on 60
velocity 51
time 3
note_on 66
velocity 0
time 7
note_on 60
velocity 0
time 5
note_on 52
velocity 0
time 2
note_on 68
velocity 59
time 33
note_on 68
velocity 0
time 27
note_on 69
velocity 73
time 140
note_on 52
velocity 45
time 20
note_on 60
velocity 34
time 2
note_on 69
velocity 0
time 6
note_on 52
velocity 0
time 28
note_on 60
velocity 0
time 7
note_on 69
velocity 67
time 236
note_on 45
velocity 52
time 15
note_on 45
velocity 0
time 6
note_on 69
velocity 0
time 2
note_on 62
velocity 55
time 16
note_on 52
velocity 51
time 1
note_on 71
velocity 57
time 5
note_on 62
velocity 0
time 26
note_on 52
velocity 0
time 6
note_on 71
velocity 0
time 6
note_on 68
velocity 60
time 88
note_on 68
velocity 0
time 26
note_on 66
velocity 62
time 118
note_on 52
velocity 48
time 24
note_on 66
velocity 0
time 9
note_on 62
velocity 28
time 6
note_on 52
velocity 0
time 39
note_on 62
velocity 0
time 13
note_on 69
velocity 57
time 158
note_on 69
velocity 0
time 50
note_on 66
velocity 61
time 7
note_on 45
velocity 49
time 15
note_on 66
velocity 0
time 19
note_on 45
velocity 0
time 279
note_on 64
velocity 69
time 66
note_on 52
velocity 49
time 7
note_on 60
velocity 51
time 0
note_on 60
velocity 0
time 13
note_on 52
velocity 0
time 1
note_on 52
velocity 53
time 278
note_on 60
velocity 51
time 3
note_on 60
velocity 0
time 45
note_on 52
velocity 0
time 2
note_on 45
velocity 48
time 264
note_on 45
velocity 0
time 3
note_on 64
velocity 0
time 66
note_on 60
velocity 56
time 135
note_on 52
velocity 56
time 2
note_on 60
velocity 0
time 36
note_on 52
velocity 0
time 3
note_on 60
velocity 55
time 141
note_on 52
velocity 57
time 3
note_on 60
velocity 0
time 3
note_on 52
velocity 0
time 3
note_on 45
velocity 61
time 110
note_on 45
velocity 0
time 52
note_on 64
velocity 62
time 76
note_on 64
velocity 0
time 40
note_on 66
velocity 68
time 97
note_on 60
velocity 51
time 11
note_on 52
velocity 53
time 2
note_on 66
velocity 0
time 19
note_on 60
velocity 0
time 13
note_on 52
velocity 0
time 6
note_on 68
velocity 76
time 84
note_on 68
velocity 0
time 29
note_on 68
velocity 76
time 5
note_on 60
velocity 59
time 5
note_on 52
velocity 65
time 7
note_on 60
velocity 0
time 13
note_on 52
velocity 0
time 6
note_on 69
velocity 76
time 31
note_on 68
velocity 0
time 29
note_on 69
velocity 0
time 36
note_on 45
velocity 77
time 0
note_on 69
velocity 69
time 3
note_on 45
velocity 0
time 6
note_on 69
velocity 0
time 19
note_on 62
velocity 65
time 92
note_on 71
velocity 71
time 13
note_on 52
velocity 57
time 1
note_on 62
velocity 0
time 27
note_on 71
velocity 0
time 2
note_on 52
velocity 0
time 11
note_on 68
velocity 72
time 0
note_on 68
velocity 0
time 11
note_on 62
velocity 62
time 11
note_on 68
velocity 71
time 1
note_on 52
velocity 57
time 3
note_on 62
velocity 0
time 11
note_on 52
velocity 0
time 2
note_on 68
velocity 0
time 19
note_on 66
velocity 76
time 2
note_on 66
velocity 0
time 39
note_on 69
velocity 70
time 69
note_on 66
velocity 75
time 37
note_on 69
velocity 0
time 2
note_on 45
velocity 55
time 9
note_on 66
velocity 0
time 20
note_on 45
velocity 0
time 308
note_on 64
velocity 73
time 9
note_on 60
velocity 64
time 22
note_on 52
velocity 55
time 2
note_on 60
velocity 0
time 32
note_on 52
velocity 0
time 6
note_on 60
velocity 56
time 261
note_on 52
velocity 57
time 7
note_on 60
velocity 0
time 27
note_on 52
velocity 0
time 9
note_on 45
velocity 74
time 98
note_on 45
velocity 0
time 201
note_on 60
velocity 71
time 98
note_on 52
velocity 62
time 1
note_on 60
velocity 0
time 15
note_on 64
velocity 0
time 1
note_on 52
velocity 0
time 2
note_on 52
velocity 61
time 39
note_on 60
velocity 70
time 24
note_on 52
velocity 0
time 27
note_on 60
velocity 0
time 39
note_on 67
velocity 81
time 217
note_on 76
velocity 91
time 1
note_on 64
velocity 74
time 11
note_on 60
velocity 60
time 7
note_on 67
velocity 0
time 11
note_on 76
velocity 0
time 9
note_on 64
velocity 0
time 3
note_on 60
velocity 0
time 14
note_on 65
velocity 71
time 263
note_on 76
velocity 83
time 0
note_on 60
velocity 65
time 3
note_on 68
velocity 83
time 2
note_on 65
velocity 0
time 26
note_on 68
velocity 0
time 3
note_on 76
velocity 0
time 3
note_on 60
velocity 0
time 3
note_on 66
velocity 74
time 247
note_on 76
velocity 86
time 23
note_on 60
velocity 22
time 6
note_on 66
velocity 0
time 16
note_on 76
velocity 0
time 9
note_on 60
velocity 0
time 26
note_on 62
velocity 75
time 243
note_on 76
velocity 78
time 1
note_on 55
velocity 75
time 5
note_on 67
velocity 70
time 1
note_on 71
velocity 62
time 1
note_on 74
velocity 81
time 105
note_on 76
velocity 0
time 52
note_on 72
velocity 86
time 41
note_on 74
velocity 0
time 9
note_on 74
velocity 85
time 98
note_on 72
velocity 0
time 2
note_on 67
velocity 0
time 98
note_on 55
velocity 0
time 72
note_on 71
velocity 0
time 10
note_on 74
velocity 0
time 3
note_on 62
velocity 0
time 194
note_on 64
velocity 80
time 6
note_on 72
velocity 81
time 0
note_on 60
velocity 78
time 1
note_on 57
velocity 72
time 5
note_on 60
velocity 0
time 39
note_on 72
velocity 0
time 1
note_on 57
velocity 0
time 2
note_on 64
velocity 0
time 1
note_on 65
velocity 81
time 248
note_on 72
velocity 88
time 3
note_on 62
velocity 75
time 3
note_on 57
velocity 62
time 15
note_on 62
velocity 0
time 16
note_on 65
velocity 0
time 5
note_on 72
velocity 0
time 1
note_on 57
velocity 0
time 15
note_on 63
velocity 70
time 218
note_on 72
velocity 88
time 14
note_on 66
velocity 80
time 11
note_on 63
velocity 0
time 20
note_on 66
velocity 0
time 9
note_on 72
velocity 0
time 13
note_on 52
velocity 64
time 200
note_on 59
velocity 57
time 46
note_on 72
velocity 81
time 27
note_on 67
velocity 65
time 9
note_on 64
velocity 65
time 41
note_on 71
velocity 79
time 45
note_on 72
velocity 0
time 42
note_on 69
velocity 78
time 42
note_on 71
velocity 0
time 1
note_on 69
velocity 0
time 97
note_on 71
velocity 84
time 2
note_on 64
velocity 0
time 7
note_on 52
velocity 0
time 9
note_on 67
velocity 0
time 7
note_on 71
velocity 0
time 0
note_on 53
velocity 47
time 286
note_on 71
velocity 80
time 208
note_on 65
velocity 72
time 2
note_on 59
velocity 0
time 7
note_on 60
velocity 51
time 13
note_on 69
velocity 74
time 82
note_on 71
velocity 0
time 40
note_on 67
velocity 66
time 58
note_on 69
velocity 0
time 0
note_on 69
velocity 78
time 128
note_on 67
velocity 0
time 2
note_on 69
velocity 0
time 55
note_on 53
velocity 0
time 2
note_on 65
velocity 0
time 40
note_on 60
velocity 0
time 76
note_on 48
velocity 48
time 192
note_on 67
velocity 76
time 6
note_on 55
velocity 46
time 10
note_on 65
velocity 70
time 0
note_on 60
velocity 47
time 22
note_on 65
velocity 0
time 91
note_on 64
velocity 71
time 24
note_on 64
velocity 0
time 138
note_on 62
velocity 79
time 1
note_on 62
velocity 0
time 121
note_on 64
velocity 70
time 24
note_on 60
velocity 0
time 2
note_on 48
velocity 0
time 11
note_on 55
velocity 0
time 85
note_on 67
velocity 0
time 87
note_on 64
velocity 0
time 141
note_on 65
velocity 79
time 9
note_on 60
velocity 66
time 1
note_on 50
velocity 52
time 33
note_on 57
velocity 56
time 10
note_on 57
velocity 0
time 6
note_on 60
velocity 0
time 71
note_on 50
velocity 0
time 16
note_on 65
velocity 0
time 24
note_on 67
velocity 75
time 24
note_on 60
velocity 59
time 3
note_on 52
velocity 61
time 6
note_on 57
velocity 58
time 5
note_on 52
velocity 0
time 3
note_on 57
velocity 0
time 0
note_on 60
velocity 0
time 1
note_on 67
velocity 0
time 6
note_on 69
velocity 65
time 65
note_on 60
velocity 59
time 2
note_on 57
velocity 54
time 5
note_on 53
velocity 54
time 3
note_on 69
velocity 0
time 13
note_on 53
velocity 0
time 6
note_on 60
velocity 0
time 3
note_on 57
velocity 0
time 0
note_on 65
velocity 65
time 11
note_on 60
velocity 58
time 3
note_on 50
velocity 51
time 3
note_on 57
velocity 50
time 14
note_on 65
velocity 0
time 3
note_on 50
velocity 0
time 6
note_on 57
velocity 0
time 1
note_on 60
velocity 0
time 75
note_on 62
velocity 58
time 10
note_on 59
velocity 49
time 9
note_on 57
velocity 43
time 19
note_on 53
velocity 46
time 2
note_on 59
velocity 0
time 70
note_on 53
velocity 0
time 18
note_on 57
velocity 0
time 3
note_on 52
velocity 35
time 0
note_on 56
velocity 44
time 6
note_on 59
velocity 44
time 11
note_on 64
velocity 50
time 44
note_on 62
velocity 0
time 11
note_on 59
velocity 0
time 118
note_on 56
velocity 0
time 88
note_on 52
velocity 0
time 36
note_on 64
velocity 0
time 100
note_on 69
velocity 60
time 1490
note_on 61
velocity 44
time 31
note_on 52
velocity 31
time 59
note_on 45
velocity 35
time 2
note_on 71
velocity 58
time 611
note_on 69
velocity 0
time 3
note_on 71
velocity 0
time 199
note_on 68
velocity 60
time 49
note_on 68
velocity 0
time 66
note_on 61
velocity 0
time 46
note_on 68
velocity 51
time 111
note_on 66
velocity 54
time 7
note_on 62
velocity 34
time 6
note_on 68
velocity 0
time 40
note_on 64
velocity 48
time 5
note_on 66
velocity 0
time 9
note_on 64
velocity 0
time 14
note_on 64
velocity 55
time 157
note_on 62
velocity 0
time 87
note_on 64
velocity 0
time 2
note_on 52
velocity 0
time 72
note_on 45
velocity 0
time 67
note_on 45
velocity 34
time 130
note_on 69
velocity 62
time 2
note_on 61
velocity 45
time 29
note_on 52
velocity 33
time 139
note_on 71
velocity 55
time 371
note_on 69
velocity 0
time 88
note_on 73
velocity 60
time 334
note_on 71
velocity 0
time 15
note_on 69
velocity 55
time 231
note_on 73
velocity 0
time 22
note_on 69
velocity 0
time 0
note_on 66
velocity 66
time 19
note_on 61
velocity 0
time 15
note_on 66
velocity 0
time 28
note_on 68
velocity 60
time 102
note_on 62
velocity 34
time 16
note_on 66
velocity 55
time 20
note_on 68
velocity 0
time 42
note_on 64
velocity 52
time 240
note_on 66
velocity 0
time 16
note_on 64
velocity 0
time 0
note_on 64
velocity 52
time 10
note_on 62
velocity 0
time 11
note_on 64
velocity 0
time 40
note_on 52
velocity 0
time 14
note_on 45
velocity 0
time 192
note_on 69
velocity 44
time 200
note_on 45
velocity 35
time 39
note_on 69
velocity 0
time 20
note_on 61
velocity 53
time 13
note_on 66
velocity 64
time 7
note_on 52
velocity 44
time 65
note_on 66
velocity 0
time 0
note_on 64
velocity 60
time 994
note_on 52
velocity 0
time 3
note_on 61
velocity 0
time 40
note_on 45
velocity 0
time 197
note_on 64
velocity 0
time 130
note_on 45
velocity 32
time 588
note_on 69
velocity 34
time 9
note_on 60
velocity 32
time 62
note_on 69
velocity 0
time 28
note_on 65
velocity 41
time 23
note_on 52
velocity 36
time 18
note_on 65
velocity 0
time 102
note_on 64
velocity 42
time 1519
note_on 60
velocity 0
time 272
note_on 64
velocity 0
time 130
note_on 33
velocity 61
time 41
note_on 45
velocity 0
time 14
note_on 33
velocity 0
time 11
note_on 52
velocity 0
time 13
