note_on 48
velocity 66
time 959
note_on 60
velocity 76
time 169
note_off 60
time 53
note_on 63
velocity 74
time 109
note_off 63
time 52
note_on 67
velocity 80
time 93
note_off 67
time 37
note_on 72
velocity 76
time 123
note_off 72
time 44
note_on 75
velocity 85
time 106
note_off 75
time 66
note_on 79
velocity 86
time 88
note_off 79
time 58
note_off 48
time 88
note_on 84
velocity 89
time 3
note_off 84
time 66
note_on 79
velocity 92
time 87
note_off 79
time 58
note_on 75
velocity 83
time 111
note_off 75
time 33
note_on 72
velocity 82
time 113
note_off 72
time 59
note_on 67
velocity 80
time 96
note_off 67
time 33
note_on 60
velocity 75
time 140
note_on 48
velocity 62
time 136
note_off 48
time 48
note_on 51
velocity 72
time 110
note_off 51
time 41
note_off 60
time 15
note_on 55
velocity 75
time 95
note_off 55
time 40
note_on 60
velocity 77
time 122
note_off 60
time 46
note_on 63
velocity 82
time 96
note_off 63
time 63
note_on 67
velocity 86
time 95
note_off 67
time 57
note_on 72
velocity 86
time 100
note_on 71
velocity 42
time 40
note_off 72
time 26
note_off 71
time 7
note_on 67
velocity 78
time 79
note_off 67
time 55
note_on 63
velocity 77
time 84
note_off 63
time 70
note_on 60
velocity 73
time 111
note_off 60
time 29
note_on 55
velocity 59
time 114
note_off 55
time 54
note_on 48
velocity 50
time 123
note_off 48
time 7
note_on 79
velocity 69
time 23
note_off 79
time 85
note_on 81
velocity 69
time 2
note_off 81
time 50
note_on 83
velocity 66
time 20
note_off 83
time 74
note_on 84
velocity 77
time 9
note_on 67
velocity 69
time 3
note_on 75
velocity 75
time 2
note_off 75
time 6
note_off 67
time 3
note_off 84
time 3
note_on 83
velocity 81
time 119
note_on 74
velocity 79
time 5
note_off 74
time 29
note_off 83
time 23
note_on 84
velocity 82
time 98
note_on 67
velocity 67
time 1
note_on 75
velocity 74
time 6
note_off 67
time 26
note_off 75
time 1
note_off 84
time 14
note_on 83
velocity 84
time 95
note_on 74
velocity 69
time 19
note_off 74
time 23
note_off 83
time 16
note_on 84
velocity 88
time 122
note_on 75
velocity 80
time 6
note_on 67
velocity 61
time 74
note_off 75
time 9
note_on 69
velocity 74
time 3
note_off 67
time 39
note_off 69
time 15
note_on 71
velocity 76
time 9
note_off 71
time 29
note_off 84
time 54
note_on 72
velocity 87
time 11
note_on 79
velocity 84
time 1
note_on 63
velocity 75
time 10
note_off 72
time 16
note_off 63
time 5
note_off 79
time 16
note_on 71
velocity 72
time 113
note_on 62
velocity 72
time 11
note_off 71
time 14
note_off 62
time 18
note_on 72
velocity 79
time 122
note_on 63
velocity 71
time 10
note_on 79
velocity 69
time 3
note_off 72
time 23
note_off 63
time 7
note_on 71
velocity 69
time 123
note_on 62
velocity 67
time 10
note_off 71
time 20
note_off 62
time 16
note_off 79
time 35
note_on 72
velocity 61
time 100
note_on 63
velocity 51
time 13
note_on 79
velocity 68
time 79
note_off 63
time 11
note_off 79
time 76
note_on 81
velocity 69
time 0
note_off 81
time 65
note_on 83
velocity 70
time 11
note_off 72
time 18
note_off 83
time 54
note_on 84
velocity 77
time 11
note_on 67
velocity 57
time 9
note_on 75
velocity 62
time 14
note_off 84
time 22
note_off 67
time 2
note_off 75
time 1
note_on 83
velocity 74
time 136
note_on 74
velocity 65
time 13
note_off 74
time 24
note_off 83
time 5
note_on 84
velocity 78
time 125
note_on 67
velocity 70
time 10
note_on 75
velocity 63
time 2
note_off 84
time 14
note_off 75
time 9
note_off 67
time 2
note_on 83
velocity 83
time 114
note_on 74
velocity 78
time 5
note_off 74
time 24
note_off 83
time 26
note_on 84
velocity 87
time 127
note_on 75
velocity 79
time 9
note_on 67
velocity 62
time 80
note_off 75
time 0
note_on 69
velocity 77
time 9
note_off 67
time 1
note_off 69
time 54
note_on 71
velocity 81
time 10
note_off 71
time 28
note_off 84
time 53
note_on 79
velocity 88
time 10
note_on 72
velocity 85
time 3
note_on 63
velocity 84
time 2
note_off 72
time 1
note_off 63
time 5
note_off 79
time 23
note_on 71
velocity 76
time 123
note_on 62
velocity 77
time 3
note_off 71
time 20
note_off 62
time 7
note_on 72
velocity 77
time 141
note_on 63
velocity 71
time 5
note_on 79
velocity 76
time 13
note_off 72
time 10
note_off 63
time 11
note_on 71
velocity 71
time 127
note_on 62
velocity 69
time 9
note_off 71
time 22
note_off 62
time 10
note_off 79
time 113
note_on 72
velocity 64
time 37
note_on 63
velocity 60
time 10
note_off 63
time 10
note_off 72
time 31
note_on 79
velocity 81
time 6
note_off 79
time 70
note_on 84
velocity 89
time 98
note_off 84
time 45
note_on 75
velocity 84
time 144
note_off 75
time 29
note_on 79
velocity 84
time 45
note_off 79
time 29
note_on 77
velocity 87
time 5
note_off 77
time 40
note_on 80
velocity 82
time 46
note_off 80
time 32
note_on 74
velocity 95
time 32
note_off 74
time 48
note_on 77
velocity 90
time 40
note_off 77
time 45
note_on 75
velocity 78
time 35
note_off 75
time 22
note_on 74
velocity 51
time 16
note_on 79
velocity 95
time 27
note_off 74
time 5
note_off 79
time 52
note_on 71
velocity 92
time 26
note_off 71
time 36
note_on 74
velocity 83
time 35
note_off 74
time 53
note_on 72
velocity 93
time 31
note_off 72
time 52
note_on 75
velocity 90
time 15
note_off 75
time 65
note_on 67
velocity 93
time 36
note_off 67
time 37
note_on 71
velocity 86
time 42
note_off 71
time 49
note_on 68
velocity 93
time 29
note_off 68
time 52
note_on 72
velocity 89
time 31
note_off 72
time 44
note_on 63
velocity 92
time 37
note_off 63
time 54
note_on 67
velocity 91
time 22
note_off 67
time 37
note_on 65
velocity 96
time 40
note_off 65
time 58
note_on 68
velocity 86
time 19
note_off 68
time 46
note_on 62
velocity 97
time 40
note_off 62
time 41
note_on 65
velocity 82
time 39
note_off 65
time 32
note_on 63
velocity 84
time 53
note_off 63
time 29
note_on 67
velocity 79
time 54
note_off 67
time 42
note_on 59
velocity 76
time 54
note_off 59
time 31
note_on 62
velocity 76
time 55
note_off 62
time 32
note_on 60
velocity 74
time 59
note_off 60
time 28
note_on 63
velocity 65
time 66
note_off 63
time 39
note_on 53
velocity 68
time 49
note_off 53
time 33
note_on 65
velocity 65
time 35
note_off 65
time 36
note_on 43
velocity 58
time 147
note_on 62
velocity 57
time 83
note_on 64
velocity 70
time 3
note_off 62
time 6
note_off 64
time 69
note_on 66
velocity 77
time 16
note_off 43
time 3
note_on 67
velocity 76
time 0
note_on 59
velocity 69
time 1
note_off 66
time 9
note_on 50
velocity 59
time 5
note_off 59
time 18
note_off 67
time 10
note_off 50
time 5
note_on 66
velocity 71
time 130
note_on 57
velocity 63
time 3
note_off 57
time 27
note_off 66
time 5
note_on 59
velocity 73
time 145
note_on 67
velocity 72
time 2
note_on 50
velocity 48
time 3
note_off 59
time 23
note_off 67
time 5
note_off 50
time 101
note_on 66
velocity 72
time 32
note_on 57
velocity 61
time 10
note_off 66
time 23
note_off 57
time 3
note_on 67
velocity 73
time 144
note_on 50
velocity 63
time 95
note_off 50
time 62
note_on 52
velocity 70
time 3
note_off 52
time 62
note_on 54
velocity 75
time 23
note_off 67
time 42
note_off 54
time 19
note_on 62
velocity 77
time 7
note_on 55
velocity 82
time 13
note_on 47
velocity 66
time 14
note_off 55
time 16
note_off 62
time 5
note_off 47
time 16
note_on 45
velocity 68
time 130
note_on 54
velocity 67
time 11
note_off 54
time 37
note_off 45
time 11
note_on 55
velocity 68
time 131
note_on 62
velocity 71
time 11
note_on 47
velocity 62
time 5
note_off 55
time 16
note_off 47
time 23
note_on 45
velocity 57
time 111
note_on 54
velocity 58
time 14
note_off 62
time 35
note_off 54
time 3
note_off 45
time 5
note_on 47
velocity 52
time 167
note_on 55
velocity 44
time 0
note_off 55
time 18
note_off 47
time 3
note_on 79
velocity 66
time 121
note_on 70
velocity 58
time 15
note_off 70
time 42
note_off 79
time 24
note_on 60
velocity 55
time 35
note_on 68
velocity 63
time 16
note_on 77
velocity 69
time 0
note_off 68
time 40
note_off 60
time 2
note_off 77
time 41
note_on 76
velocity 75
time 72
note_on 67
velocity 62
time 5
note_off 67
time 37
note_off 76
time 23
note_on 77
velocity 75
time 111
note_on 68
velocity 73
time 7
note_on 60
velocity 60
time 3
note_off 68
time 29
note_off 60
time 6
note_off 77
time 31
note_on 76
velocity 81
time 87
note_on 67
velocity 67
time 11
note_off 67
time 26
note_off 76
time 5
note_on 77
velocity 80
time 156
note_on 68
velocity 70
time 6
note_on 60
velocity 49
time 88
note_off 60
time 67
note_on 62
velocity 71
time 0
note_off 62
time 62
note_off 68
time 0
note_on 64
velocity 80
time 11
note_off 64
time 42
note_on 65
velocity 83
time 58
note_on 72
velocity 79
time 7
note_on 56
velocity 72
time 3
note_off 77
time 3
note_off 65
time 18
note_off 56
time 9
note_off 72
time 23
note_on 64
velocity 73
time 113
note_on 55
velocity 55
time 23
note_off 64
time 9
note_off 55
time 24
note_on 56
velocity 50
time 139
note_on 65
velocity 54
time 0
note_on 72
velocity 66
time 0
note_off 65
time 31
note_off 56
time 2
note_on 64
velocity 64
time 126
note_on 55
velocity 62
time 11
note_off 64
time 24
note_off 55
time 13
note_off 72
time 67
note_on 56
velocity 55
time 91
note_on 65
velocity 57
time 6
note_on 68
velocity 67
time 167
note_on 77
velocity 69
time 0
note_off 56
time 2
note_off 65
time 22
note_off 68
time 14
note_off 77
time 5
note_on 58
velocity 48
time 138
note_on 67
velocity 57
time 15
note_on 75
velocity 68
time 0
note_off 67
time 37
note_off 58
time 2
note_off 75
time 10
note_on 65
velocity 58
time 125
note_on 74
velocity 65
time 1
note_off 65
time 27
note_off 74
time 10
note_on 75
velocity 73
time 138
note_on 58
velocity 54
time 3
note_on 67
velocity 65
time 1
note_off 58
time 32
note_off 67
time 2
note_off 75
time 5
note_on 65
velocity 63
time 118
note_on 74
velocity 66
time 1
note_off 65
time 32
note_off 74
time 0
note_on 67
velocity 67
time 169
note_on 75
velocity 70
time 2
note_on 58
velocity 49
time 70
note_off 58
time 66
note_on 60
velocity 59
time 9
note_off 60
time 78
note_on 62
velocity 65
time 5
note_off 67
time 5
note_off 62
time 46
note_off 75
time 9
note_on 63
velocity 79
time 27
note_on 70
velocity 78
time 0
note_on 55
velocity 54
time 18
note_off 63
time 31
note_off 55
time 6
note_off 70
time 7
note_on 53
velocity 62
time 118
note_on 62
velocity 68
time 0
note_off 62
time 36
note_off 53
time 1
note_on 63
velocity 63
time 143
note_on 55
velocity 55
time 2
note_on 70
velocity 69
time 5
note_off 63
time 37
note_off 55
time 11
note_on 62
velocity 67
time 118
note_on 53
velocity 38
time 24
note_off 62
time 19
note_off 53
time 35
note_off 70
time 70
note_on 63
velocity 54
time 58
note_on 55
velocity 52
time 9
note_off 63
time 15
note_off 55
time 14
note_on 75
velocity 54
time 70
note_on 67
velocity 47
time 1
note_off 67
time 54
note_off 75
time 5
note_on 67
velocity 53
time 6
note_on 41
velocity 56
time 10
note_on 53
velocity 50
time 0
note_on 75
velocity 65
time 0
note_off 67
time 35
note_off 53
time 22
note_off 75
time 32
note_on 74
velocity 71
time 7
note_on 65
velocity 70
time 2
note_off 65
time 41
note_off 74
time 22
note_off 41
time 61
note_on 42
velocity 59
time 3
note_on 74
velocity 69
time 0
note_on 65
velocity 61
time 14
note_on 54
velocity 56
time 5
note_off 65
time 33
note_off 74
time 40
note_on 63
velocity 67
time 0
note_on 72
velocity 63
time 7
note_off 42
time 11
note_off 54
time 5
note_off 63
time 15
note_off 72
time 26
note_on 63
velocity 57
time 15
note_on 55
velocity 55
time 2
note_on 72
velocity 73
time 1
note_on 43
velocity 52
time 6
note_off 63
time 88
note_off 72
time 48
note_on 62
velocity 63
time 13
note_on 71
velocity 65
time 5
note_off 62
time 61
note_off 71
time 11
note_on 71
velocity 74
time 105
note_on 62
velocity 64
time 13
note_off 62
time 26
note_off 71
time 33
note_on 72
velocity 78
time 85
note_on 63
velocity 66
time 13
note_off 63
time 35
note_off 72
time 28
note_off 43
time 62
note_on 63
velocity 67
time 15
note_off 55
time 13
note_on 72
velocity 73
time 0
note_off 63
time 44
note_off 72
time 59
note_on 74
velocity 77
time 58
note_on 65
velocity 65
time 5
note_off 65
time 50
note_off 74
time 27
note_on 74
velocity 81
time 97
note_on 55
velocity 65
time 5
note_on 43
velocity 56
time 5
note_on 65
velocity 68
time 0
note_off 65
time 54
note_off 74
time 26
note_on 75
velocity 88
time 74
note_on 67
velocity 76
time 6
note_off 67
time 49
note_off 75
time 23
note_on 75
velocity 87
time 88
note_on 67
velocity 77
time 10
note_off 67
time 32
note_off 75
time 27
note_on 77
velocity 88
time 84
note_on 69
velocity 82
time 10
note_off 69
time 49
note_off 77
time 11
note_off 43
time 18
note_off 55
time 13
note_on 69
velocity 84
time 75
note_on 77
velocity 87
time 0
note_off 69
time 69
note_off 77
time 20
note_on 74
velocity 83
time 80
note_on 71
velocity 78
time 2
note_off 71
time 50
note_off 74
time 19
note_on 74
velocity 94
time 104
note_on 71
velocity 82
time 2
note_on 55
velocity 80
time 5
note_on 43
velocity 67
time 3
note_off 71
time 7
note_off 74
time 10
note_on 72
velocity 91
time 70
note_on 75
velocity 92
time 0
note_off 72
time 19
note_off 75
time 19
note_on 72
velocity 86
time 97
note_on 75
velocity 94
time 1
note_off 72
time 49
note_off 75
time 26
note_on 74
velocity 90
time 82
note_on 77
velocity 89
time 1
note_off 74
time 61
note_off 77
time 11
note_off 43
time 87
note_off 55
time 1
note_on 77
velocity 100
time 9
note_on 74
velocity 90
time 6
note_off 74
time 45
note_off 77
time 23
note_on 79
velocity 96
time 97
note_on 75
velocity 83
time 14
note_off 75
time 37
note_off 79
time 6
note_on 79
velocity 97
time 118
note_on 75
velocity 88
time 9
note_on 55
velocity 76
time 9
note_on 43
velocity 66
time 3
note_off 79
time 31
note_off 75
time 2
note_on 77
velocity 89
time 97
note_on 74
velocity 86
time 5
note_off 77
time 18
note_off 74
time 1
note_on 77
velocity 91
time 101
note_on 74
velocity 87
time 7
note_off 74
time 55
note_off 77
time 1
note_on 72
velocity 87
time 97
note_on 75
velocity 84
time 5
note_off 72
time 53
note_off 75
time 13
note_on 75
velocity 91
time 100
note_on 72
velocity 85
time 1
note_off 72
time 45
note_off 75
time 28
note_off 43
time 14
note_off 55
time 14
note_on 74
velocity 88
time 79
note_on 71
velocity 74
time 9
note_off 71
time 48
note_off 74
time 19
note_on 72
velocity 76
time 1
note_on 69
velocity 62
time 29
note_on 71
velocity 83
time 52
note_on 74
velocity 87
time 7
note_off 69
time 2
note_on 55
velocity 69
time 9
note_off 72
time 3
note_on 43
velocity 60
time 2
note_off 71
time 13
note_off 74
time 20
note_on 79
velocity 94
time 87
note_off 79
time 1
note_on 84
velocity 97
time 115
note_on 80
velocity 88
time 9
note_on 78
velocity 71
time 31
note_off 80
time 55
note_off 84
time 22
note_off 78
time 9
note_on 83
velocity 91
time 19
note_on 79
velocity 85
time 14
note_off 79
time 13
note_off 55
time 33
note_on 74
velocity 65
time 26
note_off 43
time 1
note_off 83
time 41
note_off 74
time 31
note_on 84
velocity 89
time 1
note_on 75
velocity 84
time 11
note_on 55
velocity 51
time 5
note_on 43
velocity 44
time 1
note_on 72
velocity 69
time 3
note_off 75
time 14
note_off 84
time 50
note_off 72
time 33
note_on 80
velocity 78
time 9
note_on 77
velocity 78
time 13
note_off 77
time 16
note_off 43
time 0
note_on 74
velocity 68
time 6
note_off 55
time 11
note_off 74
time 79
note_off 80
time 0
note_on 79
velocity 86
time 0
note_on 75
velocity 74
time 11
note_off 75
time 1
note_on 72
velocity 64
time 3
note_off 72
time 41
note_off 79
time 15
note_on 77
velocity 74
time 1
note_on 55
velocity 43
time 14
note_on 73
velocity 68
time 1
note_on 43
velocity 37
time 13
note_off 73
time 111
note_on 71
velocity 57
time 7
note_off 71
time 14
note_off 77
time 20
note_on 75
velocity 78
time 3
note_on 72
velocity 70
time 18
note_off 72
time 2
note_on 67
velocity 59
time 15
note_off 75
time 20
note_off 67
time 31
note_off 43
time 5
note_off 55
time 18
note_on 72
velocity 72
time 10
note_on 68
velocity 61
time 13
note_off 68
time 7
note_on 66
velocity 55
time 0
note_off 66
time 82
note_off 72
time 14
note_on 71
velocity 65
time 3
note_on 55
velocity 35
time 16
note_on 43
velocity 34
time 5
note_on 67
velocity 51
time 0
note_off 67
time 122
note_on 62
velocity 54
time 11
note_off 71
time 9
note_off 62
time 28
note_on 72
velocity 72
time 3
note_on 63
velocity 65
time 7
note_off 63
time 14
note_on 60
velocity 53
time 1
note_off 72
time 61
note_off 60
time 5
note_on 68
velocity 62
time 9
note_on 65
velocity 52
time 18
note_off 43
time 6
note_off 55
time 35
note_off 65
time 3
note_on 62
velocity 52
time 13
note_off 62
time 80
note_off 68
time 37
note_on 43
velocity 41
time 16
note_on 67
velocity 59
time 0
note_on 63
velocity 58
time 2
note_on 55
velocity 40
time 1
note_off 63
time 126
note_on 60
velocity 45
time 44
note_off 60
time 11
note_off 67
time 55
note_on 65
velocity 59
time 14
note_on 61
velocity 50
time 22
note_off 61
time 36
note_on 59
velocity 56
time 0
note_off 59
time 46
note_off 55
time 91
note_on 63
velocity 68
time 31
note_off 65
time 5
note_on 60
velocity 61
time 1
note_off 60
time 13
note_off 63
time 16
note_on 62
velocity 67
time 3
note_on 59
velocity 58
time 5
note_off 43
time 1
note_off 59
time 27
note_on 57
velocity 64
time 28
note_off 62
time 2
note_on 60
velocity 64
time 1
note_off 57
time 88
note_on 59
velocity 70
time 0
note_on 55
velocity 62
time 5
note_off 60
time 22
note_on 43
velocity 60
time 72
note_on 45
velocity 74
time 93
note_off 43
time 11
note_off 45
time 88
note_on 47
velocity 76
time 3
note_off 55
time 7
note_on 48
velocity 78
time 76
note_off 47
time 6
note_off 59
time 7
note_off 48
time 52
note_on 50
velocity 76
time 28
note_on 51
velocity 75
time 87
note_off 50
time 7
note_on 53
velocity 76
time 91
note_off 51
time 1
note_off 53
time 70
note_on 55
velocity 83
time 27
note_off 55
time 52
note_on 57
velocity 69
time 26
note_off 57
time 93
note_on 59
velocity 74
time 3
note_on 60
velocity 74
time 83
note_off 59
time 10
note_off 60
time 74
note_on 62
velocity 86
time 7
note_off 62
time 26
note_on 64
velocity 73
time 183
note_on 66
velocity 83
time 31
note_off 64
time 29
note_on 67
velocity 86
time 53
note_off 66
time 7
note_off 67
time 42
note_on 69
velocity 82
time 29
note_on 71
velocity 82
time 95
note_off 69
time 2
note_on 72
velocity 89
time 76
note_off 71
time 23
note_off 72
time 67
note_on 74
velocity 92
time 5
note_off 74
time 10
note_on 76
velocity 75
time 161
note_on 78
velocity 94
time 87
note_off 76
time 13
note_off 78
time 92
note_on 79
velocity 97
time 3
note_off 79
time 18
note_on 79
velocity 80
time 23
note_off 79
time 32
note_on 74
velocity 97
time 59
note_off 74
time 111
note_on 71
velocity 85
time 48
note_off 71
time 31
note_on 71
velocity 75
time 49
note_off 71
time 31
note_on 67
velocity 91
time 49
note_off 67
time 24
note_on 67
velocity 90
time 50
note_off 67
time 35
note_on 62
velocity 85
time 70
note_off 62
time 28
note_on 62
velocity 77
time 42
note_off 62
time 33
note_on 59
velocity 83
time 66
note_off 59
time 24
note_on 59
velocity 80
time 82
note_off 59
time 29
note_on 43
velocity 67
time 177
note_off 43
time 157
note_on 43
velocity 35
time 471
note_on 59
velocity 47
time 177
note_off 59
time 50
note_on 62
velocity 60
time 117
note_off 62
time 33
note_on 62
velocity 56
time 127
note_off 62
time 49
note_on 67
velocity 68
time 126
note_off 67
time 42
note_on 71
velocity 68
time 134
note_off 71
time 46
note_off 43
time 13
note_on 74
velocity 64
time 130
note_on 43
velocity 58
time 177
note_off 43
time 52
note_on 47
velocity 58
time 138
note_off 47
time 39
note_on 50
velocity 61
time 122
note_off 50
time 37
note_on 55
velocity 65
time 139
note_off 55
time 42
note_on 59
velocity 66
time 127
note_off 59
time 36
note_off 74
time 61
note_on 62
velocity 60
time 100
note_on 74
velocity 67
time 162
note_on 66
velocity 40
time 28
note_off 74
time 27
note_off 66
time 9
note_on 66
velocity 60
time 101
note_on 74
velocity 69
time 13
note_off 66
time 35
note_off 74
time 31
note_on 72
velocity 76
time 95
note_on 63
velocity 69
time 6
note_off 63
time 35
note_off 72
time 33
note_off 62
time 2
note_on 72
velocity 75
time 85
note_on 63
velocity 64
time 1
note_off 63
time 55
note_off 72
time 27
note_on 70
velocity 81
time 88
note_on 62
velocity 78
time 3
note_off 62
time 40
note_off 70
time 24
note_on 70
velocity 85
time 102
note_on 62
velocity 80
time 2
note_off 62
time 46
note_off 70
time 20
note_on 69
velocity 76
time 91
note_on 60
velocity 68
time 13
note_off 60
time 35
note_off 69
time 23
note_on 69
velocity 74
time 101
note_on 60
velocity 64
time 7
note_off 60
time 37
note_off 69
time 3
note_on 67
velocity 76
time 113
note_on 58
velocity 53
time 22
note_off 58
time 32
note_off 67
time 15
note_on 58
velocity 62
time 96
note_on 67
velocity 69
time 6
note_off 58
time 67
note_off 67
time 7
note_on 57
velocity 67
time 104
note_on 66
velocity 62
time 1
note_off 57
time 40
note_off 66
time 2
note_on 66
velocity 56
time 126
note_on 57
velocity 52
time 1
note_off 57
time 15
note_off 66
time 2
note_on 67
velocity 68
time 123
note_on 58
velocity 56
time 5
note_off 67
time 10
note_off 58
time 5
note_on 67
velocity 66
time 104
note_on 58
velocity 66
time 7
note_off 67
time 32
note_off 58
time 10
note_on 65
velocity 71
time 117
note_on 57
velocity 63
time 11
note_off 65
time 35
note_off 57
time 3
note_on 57
velocity 68
time 117
note_on 65
velocity 82
time 0
note_off 65
time 46
note_off 57
time 7
note_on 63
velocity 79
time 113
note_on 55
velocity 73
time 5
note_off 55
time 46
note_off 63
time 1
note_on 63
velocity 91
time 115
note_on 55
velocity 78
time 7
note_off 55
time 39
note_off 63
time 11
note_on 62
velocity 92
time 108
note_on 54
velocity 80
time 7
note_off 62
time 33
note_off 54
time 5
note_on 62
velocity 91
time 125
note_on 54
velocity 81
time 3
note_off 62
time 48
note_off 54
time 5
note_on 61
velocity 93
time 113
note_on 52
velocity 77
time 15
note_off 52
time 35
note_off 61
time 5
note_on 61
velocity 92
time 123
note_on 52
velocity 74
time 19
note_off 52
time 33
note_off 61
time 0
note_on 62
velocity 92
time 126
note_on 50
velocity 79
time 13
note_off 50
time 32
note_off 62
time 3
note_on 62
velocity 93
time 118
note_on 50
velocity 72
time 7
note_off 50
time 11
note_off 62
time 2
note_on 74
velocity 95
time 148
note_off 74
time 69
note_on 75
velocity 102
time 101
note_off 75
time 42
note_on 69
velocity 93
time 132
note_off 69
time 53
note_on 72
velocity 101
time 37
note_off 72
time 46
note_on 70
velocity 96
time 16
note_off 70
time 54
note_on 74
velocity 100
time 18
note_off 74
time 44
note_on 66
velocity 98
time 33
note_off 66
time 41
note_on 69
velocity 89
time 48
note_off 69
time 33
note_on 67
velocity 97
time 36
note_off 67
time 48
note_on 70
velocity 91
time 39
note_off 70
time 50
note_on 62
velocity 98
time 24
note_off 62
time 45
note_on 66
velocity 89
time 42
note_off 66
time 48
note_on 63
velocity 91
time 26
note_off 63
time 55
note_on 67
velocity 86
time 24
note_off 67
time 32
note_on 58
velocity 88
time 50
note_off 58
time 59
note_on 62
velocity 80
time 35
note_off 62
time 29
note_on 60
velocity 85
time 42
note_off 60
time 48
note_on 63
velocity 73
time 45
note_off 63
time 29
note_on 57
velocity 81
time 46
note_off 57
time 29
note_on 60
velocity 70
time 55
note_off 60
time 31
note_on 58
velocity 50
time 92
note_on 79
velocity 43
time 257
note_off 58
time 10
note_off 79
time 10
note_on 80
velocity 62
time 136
note_off 80
time 78
note_on 74
velocity 70
time 186
note_off 74
time 45
note_on 77
velocity 60
time 0
note_off 77
time 5
note_on 75
velocity 68
time 5
note_off 75
time 45
note_on 79
velocity 78
time 48
note_off 79
time 32
note_on 71
velocity 68
time 57
note_off 71
time 31
note_on 74
velocity 76
time 46
note_off 74
time 35
note_on 72
velocity 83
time 44
note_off 72
time 28
note_on 75
velocity 80
time 54
note_off 75
time 40
note_on 67
velocity 77
time 40
note_off 67
time 33
note_on 71
velocity 80
time 65
note_off 71
time 40
note_on 68
velocity 81
time 32
note_off 68
time 53
note_on 72
velocity 78
time 36
note_off 72
time 31
note_on 63
velocity 73
time 35
note_off 63
time 41
note_on 67
velocity 73
time 66
note_off 67
time 32
note_on 65
velocity 74
time 9
note_off 65
time 32
note_on 68
velocity 77
time 75
note_off 68
time 45
note_on 62
velocity 73
time 40
note_off 62
time 31
note_on 65
velocity 74
time 54
note_off 65
time 39
note_on 63
velocity 58
time 105
note_on 67
velocity 62
time 167
note_on 79
velocity 63
time 2
note_off 67
time 46
note_off 79
time 6
note_off 63
time 18
note_on 62
velocity 59
time 37
note_on 69
velocity 61
time 0
note_on 79
velocity 72
time 1
note_on 77
velocity 78
time 31
note_off 69
time 23
note_off 79
time 11
note_off 77
time 37
note_off 62
time 27
note_on 55
velocity 51
time 0
note_on 77
velocity 81
time 16
note_on 71
velocity 56
time 10
note_off 55
time 70
note_off 71
time 5
note_off 77
time 9
note_on 75
velocity 79
time 41
note_off 75
time 66
note_on 74
velocity 72
time 10
note_off 74
time 5
note_on 72
velocity 62
time 0
note_on 75
velocity 78
time 5
note_on 48
velocity 41
time 19
note_off 75
time 65
note_on 84
velocity 76
time 50
note_off 48
time 11
note_off 72
time 54
note_off 84
time 3
note_on 48
velocity 48
time 111
note_on 84
velocity 83
time 11
note_on 74
velocity 71
time 9
note_off 48
time 9
note_on 82
velocity 88
time 7
note_off 84
time 29
note_off 74
time 5
note_off 82
time 36
note_on 48
velocity 53
time 7
note_on 82
velocity 88
time 2
note_on 76
velocity 72
time 11
note_off 48
time 3
note_off 76
time 2
note_off 82
time 82
note_on 80
velocity 68
time 22
note_off 80
time 45
note_on 79
velocity 70
time 40
note_off 79
time 69
note_on 80
velocity 79
time 14
note_on 77
velocity 65
time 5
note_on 53
velocity 51
time 3
note_off 77
time 87
note_on 65
velocity 64
time 13
note_off 53
time 63
note_off 80
time 5
note_off 65
time 3
note_on 65
velocity 70
time 15
note_on 77
velocity 65
time 1
note_on 80
velocity 76
time 0
note_on 53
velocity 64
time 19
note_on 63
velocity 75
time 67
note_off 53
time 1
note_off 63
time 50
note_off 65
time 2
note_off 77
time 7
note_off 80
time 23
note_on 63
velocity 74
time 19
note_on 79
velocity 81
time 5
note_on 55
velocity 64
time 5
note_on 75
velocity 69
time 5
note_off 55
time 0
note_off 75
time 6
note_on 56
velocity 53
time 5
note_off 79
time 6
note_off 56
time 65
note_off 63
time 15
note_on 62
velocity 50
time 18
note_on 58
velocity 47
time 10
note_on 77
velocity 68
time 1
note_on 74
velocity 63
time 3
note_off 58
time 93
note_off 62
time 0
note_on 82
velocity 76
time 16
note_off 74
time 3
note_on 70
velocity 59
time 3
note_off 77
time 18
note_off 70
time 39
note_off 82
time 15
note_on 46
velocity 55
time 11
note_on 82
velocity 74
time 0
note_on 72
velocity 70
time 2
note_on 80
velocity 84
time 13
note_off 46
time 3
note_off 72
time 29
note_off 82
time 1
note_off 80
time 41
note_on 46
velocity 58
time 7
note_on 80
velocity 84
time 13
note_on 74
velocity 69
time 7
note_off 46
time 5
note_off 74
time 7
note_off 80
time 10
note_on 79
velocity 78
time 65
note_off 79
time 71
note_on 77
velocity 80
time 5
note_off 77
time 15
note_on 79
velocity 73
time 20
note_on 75
velocity 62
time 3
note_on 51
velocity 46
time 11
note_on 63
velocity 53
time 157
note_off 75
time 16
note_off 63
time 9
note_off 51
time 3
note_off 79
time 15
note_on 63
velocity 63
time 2
note_on 79
velocity 73
time 6
note_on 75
velocity 69
time 1
note_on 51
velocity 48
time 11
note_on 62
velocity 73
time 3
note_off 63
time 1
note_off 75
time 9
note_off 62
time 66
note_off 79
time 16
note_off 51
time 7
note_on 77
velocity 70
time 13
note_on 62
velocity 69
time 7
note_on 74
velocity 63
time 2
note_on 53
velocity 48
time 3
note_off 74
time 71
note_off 53
time 10
note_off 62
time 16
note_on 55
velocity 50
time 5
note_off 55
time 52
note_off 77
time 71
note_on 60
velocity 42
time 6
note_on 72
velocity 60
time 2
note_on 56
velocity 46
time 3
note_on 75
velocity 64
time 0
note_off 56
time 0
note_off 60
time 5
note_off 72
time 14
note_off 75
time 36
note_on 80
velocity 70
time 2
note_on 68
velocity 62
time 2
note_off 68
time 35
note_off 80
time 22
note_on 44
velocity 47
time 14
note_on 80
velocity 71
time 6
note_on 70
velocity 60
time 15
note_off 44
time 7
note_off 80
time 3
note_on 79
velocity 75
time 20
note_off 70
time 19
note_off 79
time 61
note_on 44
velocity 47
time 31
note_on 79
velocity 74
time 3
note_on 72
velocity 57
time 13
note_off 44
time 15
note_off 72
time 6
note_off 79
time 13
note_on 77
velocity 64
time 76
note_off 77
time 42
note_on 75
velocity 75
time 19
note_off 75
time 14
note_on 77
velocity 62
time 10
note_on 50
velocity 46
time 3
note_on 74
velocity 59
time 11
note_off 50
time 14
note_on 62
velocity 62
time 33
note_off 62
time 44
note_off 74
time 2
note_off 77
time 1
note_on 62
velocity 56
time 7
note_on 50
velocity 52
time 6
note_on 77
velocity 66
time 2
note_on 74
velocity 62
time 19
note_off 50
time 6
note_off 62
time 87
note_on 60
velocity 67
time 5
note_off 77
time 41
note_off 60
time 18
note_off 74
time 9
note_on 75
velocity 69
time 63
note_on 51
velocity 54
time 6
note_on 72
velocity 61
time 0
note_on 60
velocity 49
time 9
note_off 60
time 3
note_off 51
time 2
note_off 75
time 49
note_on 53
velocity 51
time 1
note_off 72
time 19
note_off 53
time 55
note_on 55
velocity 39
time 16
note_on 59
velocity 40
time 3
note_on 74
velocity 63
time 1
note_on 71
velocity 47
time 3
note_off 55
time 82
note_off 71
time 0
note_off 74
time 6
note_on 67
velocity 51
time 28
note_off 59
time 1
note_on 79
velocity 64
time 1
note_off 67
time 36
note_off 79
time 20
note_on 43
velocity 42
time 3
note_on 79
velocity 67
time 19
note_on 69
velocity 51
time 9
note_off 43
time 0
note_on 77
velocity 75
time 22
note_off 79
time 23
note_off 69
time 3
note_off 77
time 44
note_on 43
velocity 40
time 23
note_on 77
velocity 74
time 9
note_on 71
velocity 60
time 2
note_off 71
time 15
note_off 43
time 2
note_off 77
time 35
note_on 75
velocity 69
time 40
note_off 75
time 52
note_on 74
velocity 70
time 24
note_off 74
time 39
note_on 75
velocity 77
time 0
note_on 48
velocity 43
time 6
note_on 72
velocity 63
time 6
note_off 72
time 2
note_off 75
time 5
note_off 48
time 15
note_on 67
velocity 61
time 14
note_off 67
time 44
note_on 73
velocity 65
time 15
note_on 53
velocity 44
time 0
note_on 68
velocity 54
time 7
note_off 68
time 113
note_on 65
velocity 54
time 2
note_off 73
time 16
note_off 65
time 18
note_off 53
time 22
note_on 63
velocity 55
time 0
note_on 72
velocity 55
time 5
note_on 56
velocity 43
time 2
note_on 67
velocity 43
time 11
note_off 63
time 3
note_off 67
time 10
note_on 60
velocity 52
time 11
note_off 60
time 31
note_off 56
time 89
note_off 72
time 89
note_on 55
velocity 33
time 54
note_on 71
velocity 55
time 1
note_on 62
velocity 40
time 10
note_off 62
time 126
note_off 71
time 52
note_on 84
velocity 49
time 35
note_on 80
velocity 46
time 16
note_off 80
time 15
note_off 84
time 14
note_on 84
velocity 47
time 2
note_on 80
velocity 45
time 13
note_off 80
time 0
note_off 84
time 0
note_on 79
velocity 65
time 76
note_on 83
velocity 60
time 0
note_off 79
time 16
note_off 83
time 1
note_on 83
velocity 56
time 2
note_on 79
velocity 51
time 2
note_off 79
time 11
note_off 83
time 14
note_on 80
velocity 54
time 37
note_on 84
velocity 60
time 0
note_off 80
time 53
note_off 84
time 9
note_on 43
velocity 41
time 11
note_on 84
velocity 65
time 7
note_on 80
velocity 52
time 5
note_off 55
time 1
note_off 80
time 15
note_on 79
velocity 59
time 6
note_on 82
velocity 67
time 9
note_off 84
time 0
note_off 79
time 48
note_off 82
time 14
note_on 82
velocity 72
time 15
note_on 79
velocity 64
time 0
note_on 55
velocity 53
time 6
note_off 79
time 70
note_off 82
time 14
note_on 78
velocity 67
time 24
note_on 81
velocity 69
time 5
note_off 78
time 69
note_off 81
time 6
note_off 55
time 49
note_on 54
velocity 63
time 11
note_on 81
velocity 68
time 0
note_on 78
velocity 63
time 11
note_off 43
time 32
note_off 78
time 29
note_off 81
time 16
note_on 82
velocity 79
time 2
note_on 79
velocity 71
time 3
note_off 79
time 78
note_off 82
time 1
note_off 54
time 16
note_on 82
velocity 75
time 72
note_on 55
velocity 64
time 7
note_on 79
velocity 67
time 3
note_on 43
velocity 60
time 7
note_on 80
velocity 74
time 105
note_off 79
time 3
note_on 77
velocity 69
time 6
note_off 82
time 26
note_off 77
time 6
note_off 80
time 9
note_off 55
time 80
note_on 53
velocity 64
time 7
note_on 77
velocity 75
time 5
note_on 80
velocity 76
time 1
note_off 77
time 2
note_off 80
time 2
note_on 79
velocity 86
time 7
note_on 76
velocity 82
time 7
note_off 76
time 70
note_off 79
time 0
note_off 53
time 9
note_on 52
velocity 69
time 15
note_on 79
velocity 96
time 11
note_on 76
velocity 76
time 3
note_off 43
time 48
note_off 76
time 32
note_on 80
velocity 85
time 6
note_on 77
velocity 76
time 2
note_off 79
time 1
note_off 77
time 62
note_off 80
time 11
note_off 52
time 54
note_on 53
velocity 70
time 3
note_on 80
velocity 87
time 3
note_on 43
velocity 54
time 9
note_on 77
velocity 81
time 2
note_off 77
time 82
note_on 79
velocity 88
time 15
note_on 75
velocity 82
time 3
note_off 80
time 1
note_off 75
time 63
note_off 79
time 9
note_on 79
velocity 88
time 7
note_on 51
velocity 73
time 10
note_off 53
time 1
note_on 75
velocity 82
time 1
note_on 78
velocity 85
time 144
note_off 79
time 5
note_on 74
velocity 85
time 2
note_off 75
time 20
note_off 74
time 50
note_off 78
time 10
note_off 51
time 74
note_on 50
velocity 71
time 0
note_on 78
velocity 85
time 3
note_on 74
velocity 83
time 3
note_off 74
time 57
note_off 43
time 29
note_on 75
velocity 88
time 1
note_off 78
time 0
note_on 79
velocity 88
time 10
note_off 75
time 72
note_off 79
time 0
note_off 50
time 3
note_on 79
velocity 96
time 20
note_on 51
velocity 78
time 10
note_on 43
velocity 60
time 2
note_on 75
velocity 76
time 6
note_off 79
time 11
note_on 73
velocity 78
time 0
note_on 77
velocity 81
time 0
note_off 75
time 6
note_off 73
time 72
note_off 77
time 16
note_on 77
velocity 83
time 35
note_on 73
velocity 76
time 1
note_on 49
velocity 73
time 3
note_off 51
time 3
note_off 73
time 0
note_off 77
time 0
note_on 76
velocity 78
time 20
note_on 72
velocity 81
time 3
note_off 72
time 78
note_off 76
time 6
note_off 49
time 46
note_on 76
velocity 79
time 20
note_on 48
velocity 63
time 3
note_on 72
velocity 80
time 0
note_off 72
time 80
note_off 43
time 19
note_off 76
time 3
note_on 77
velocity 81
time 2
note_on 73
velocity 73
time 5
note_off 48
time 27
note_off 77
time 16
note_off 73
time 7
note_on 77
velocity 78
time 22
note_on 49
velocity 59
time 3
note_on 73
velocity 66
time 7
note_on 43
velocity 44
time 7
note_off 73
time 50
note_off 77
time 13
note_on 72
velocity 68
time 36
note_on 75
velocity 77
time 1
note_off 72
time 62
note_off 75
time 16
note_off 49
time 45
note_on 75
velocity 68
time 0
note_on 72
velocity 66
time 7
note_on 48
velocity 57
time 5
note_off 75
time 10
note_off 72
time 6
note_on 71
velocity 63
time 16
note_on 74
velocity 66
time 0
note_off 71
time 29
note_off 74
time 1
note_off 48
time 15
note_on 47
velocity 57
time 27
note_on 71
velocity 57
time 18
note_on 74
velocity 66
time 1
note_off 43
time 6
note_off 71
time 55
note_off 74
time 3
note_on 72
velocity 64
time 2
note_on 75
velocity 65
time 3
note_off 72
time 42
note_off 75
time 13
note_off 47
time 16
note_on 43
velocity 47
time 29
note_on 75
velocity 81
time 7
note_on 55
velocity 55
time 3
note_on 72
velocity 69
time 2
note_off 72
time 19
note_on 67
velocity 60
time 6
note_off 75
time 57
note_off 67
time 14
note_on 72
velocity 74
time 18
note_on 68
velocity 63
time 6
note_off 68
time 13
note_on 66
velocity 55
time 16
note_off 66
time 55
note_off 72
time 14
note_on 71
velocity 75
time 41
note_on 67
velocity 67
time 1
note_off 43
time 18
note_off 67
time 6
note_off 55
time 16
note_on 62
velocity 67
time 27
note_off 71
time 44
note_off 62
time 24
note_on 72
velocity 86
time 18
note_on 63
velocity 78
time 7
note_on 55
velocity 62
time 3
note_on 43
velocity 56
time 3
note_on 60
velocity 62
time 18
note_off 63
time 6
note_off 72
time 58
note_off 60
time 16
note_on 68
velocity 76
time 28
note_on 65
velocity 73
time 3
note_off 65
time 9
note_on 62
velocity 58
time 32
note_off 62
time 46
note_off 68
time 16
note_on 67
velocity 75
time 18
note_on 63
velocity 64
time 10
note_off 43
time 58
note_off 55
time 10
note_off 63
time 5
note_on 60
velocity 51
time 20
note_off 60
time 70
note_off 67
time 20
note_on 65
velocity 71
time 49
note_on 55
velocity 58
time 1
note_on 43
velocity 52
time 5
note_on 61
velocity 64
time 10
note_off 55
time 32
note_off 43
time 19
note_off 61
time 63
note_on 59
velocity 53
time 33
note_off 59
time 98
note_on 60
velocity 49
time 33
note_on 63
velocity 65
time 1
note_off 65
time 0
note_off 60
time 0
note_on 55
velocity 60
time 1
note_off 63
time 40
note_on 57
velocity 72
time 35
note_off 55
time 5
note_off 57
time 66
note_on 59
velocity 72
time 1
note_off 59
time 5
note_on 60
velocity 80
time 1
note_off 60
time 37
note_on 62
velocity 73
time 52
note_on 63
velocity 75
time 80
note_off 62
time 9
note_off 63
time 79
note_on 65
velocity 68
time 10
note_on 67
velocity 72
time 83
note_off 65
time 3
note_off 67
time 31
note_on 55
velocity 60
time 138
note_on 63
velocity 57
time 2
note_off 63
time 36
note_off 55
time 19
note_on 63
velocity 55
time 114
note_on 55
velocity 53
time 15
note_on 67
velocity 45
time 5
note_on 65
velocity 53
time 11
note_off 55
time 7
note_off 63
time 3
note_off 65
time 11
note_on 62
velocity 68
time 1
note_on 53
velocity 65
time 6
note_off 62
time 41
note_off 67
time 7
note_off 53
time 6
note_on 62
velocity 77
time 110
note_on 67
velocity 77
time 3
note_on 53
velocity 69
time 10
note_off 62
time 2
note_off 53
time 7
note_on 60
velocity 81
time 67
note_on 51
velocity 74
time 10
note_off 67
time 48
note_off 51
time 5
note_off 60
time 5
note_on 67
velocity 80
time 125
note_on 51
velocity 79
time 1
note_on 60
velocity 79
time 2
note_off 60
time 45
note_off 51
time 32
note_on 50
velocity 77
time 92
note_on 58
velocity 85
time 0
note_off 67
time 54
note_off 58
time 13
note_off 50
time 9
note_on 67
velocity 90
time 101
note_on 50
velocity 79
time 1
note_on 58
velocity 84
time 3
note_off 58
time 70
note_off 50
time 16
note_on 56
velocity 89
time 93
note_on 48
velocity 87
time 3
note_off 67
time 28
note_off 48
time 28
note_off 56
time 0
note_on 67
velocity 87
time 113
note_on 56
velocity 94
time 9
note_on 48
velocity 84
time 5
note_off 56
time 67
note_off 48
time 6
note_on 47
velocity 85
time 95
note_on 55
velocity 88
time 0
note_off 67
time 48
note_off 47
time 20
note_off 55
time 0
note_on 47
velocity 86
time 164
note_on 55
velocity 87
time 3
note_on 62
velocity 77
time 106
note_on 63
velocity 76
time 62
note_off 62
time 2
note_off 63
time 52
note_on 65
velocity 76
time 33
note_off 47
time 49
note_off 55
time 7
note_off 65
time 1
note_on 67
velocity 82
time 37
note_off 67
time 2
note_on 69
velocity 79
time 2
note_on 71
velocity 83
time 45
note_on 47
velocity 66
time 10
note_on 55
velocity 61
time 3
note_off 69
time 1
note_off 47
time 35
note_off 71
time 10
note_off 55
time 6
note_on 72
velocity 85
time 15
note_on 74
velocity 92
time 67
note_off 72
time 5
note_on 55
velocity 74
time 22
note_on 48
velocity 68
time 10
note_on 75
velocity 94
time 16
note_off 74
time 11
note_off 75
time 11
note_off 48
time 164
note_on 72
velocity 91
time 1
note_off 72
time 32
note_off 55
time 13
note_on 55
velocity 85
time 175
note_on 47
velocity 81
time 3
note_on 62
velocity 86
time 85
note_off 62
time 82
note_on 63
velocity 80
time 1
note_off 63
time 59
note_on 65
velocity 79
time 27
note_off 47
time 44
note_off 65
time 14
note_off 55
time 7
note_on 67
velocity 86
time 27
note_off 67
time 67
note_on 69
velocity 82
time 6
note_on 71
velocity 89
time 66
note_off 69
time 7
note_on 47
velocity 77
time 16
note_on 55
velocity 75
time 16
note_off 71
time 16
note_on 72
velocity 90
time 24
note_off 47
time 6
note_on 74
velocity 87
time 26
note_on 48
velocity 79
time 53
note_off 72
time 1
note_on 75
velocity 98
time 2
note_off 74
time 9
note_off 75
time 23
note_off 48
time 48
note_on 72
velocity 96
time 88
note_on 51
velocity 72
time 11
note_off 55
time 10
note_off 72
time 19
note_off 51
time 2
note_on 53
velocity 74
time 147
note_on 68
velocity 95
time 3
note_off 68
time 54
note_on 77
velocity 93
time 118
note_off 77
time 50
note_off 53
time 85
note_on 75
velocity 93
time 53
note_on 55
velocity 68
time 2
note_on 67
velocity 84
time 0
note_off 67
time 37
note_off 75
time 44
note_on 72
velocity 89
time 76
note_off 72
time 52
note_off 55
time 110
note_on 43
velocity 55
time 53
note_on 74
velocity 76
time 0
note_on 65
velocity 71
time 3
note_off 65
time 32
note_off 74
time 5
note_off 43
time 0
note_on 71
velocity 73
time 37
note_off 71
time 29
note_on 47
velocity 49
time 75
note_on 55
velocity 60
time 1
note_on 62
velocity 71
time 111
note_off 62
time 50
note_on 63
velocity 74
time 23
note_off 63
time 39
note_on 65
velocity 71
time 49
note_off 65
time 36
note_off 47
time 2
note_off 55
time 20
note_on 67
velocity 77
time 31
note_off 67
time 59
note_on 69
velocity 76
time 9
note_off 69
time 69
note_on 71
velocity 74
time 5
note_on 47
velocity 50
time 28
note_on 55
velocity 49
time 0
note_off 71
time 6
note_off 47
time 44
note_on 72
velocity 77
time 0
note_off 55
time 3
note_off 72
time 44
note_on 74
velocity 84
time 15
note_off 74
time 74
note_on 75
velocity 82
time 1
note_on 48
velocity 54
time 22
note_off 75
time 1
note_on 55
velocity 38
time 10
note_on 72
velocity 73
time 174
note_off 48
time 26
note_off 55
time 1
note_off 72
time 1
note_on 55
velocity 51
time 192
note_on 47
velocity 52
time 11
note_on 62
velocity 61
time 63
note_off 62
time 48
note_on 63
velocity 72
time 32
note_off 63
time 31
note_on 65
velocity 73
time 49
note_off 47
time 11
note_off 65
time 0
note_off 55
time 7
note_on 67
velocity 72
time 23
note_off 67
time 48
note_on 69
velocity 74
time 16
note_off 69
time 69
note_on 71
velocity 79
time 0
note_on 55
velocity 57
time 33
note_on 47
velocity 52
time 6
note_off 71
time 3
note_off 47
time 37
note_on 72
velocity 78
time 6
note_off 72
time 53
note_on 74
velocity 81
time 11
note_on 48
velocity 54
time 67
note_off 74
time 5
note_on 75
velocity 86
time 1
note_off 75
time 23
note_off 48
time 20
note_off 55
time 110
note_on 72
velocity 73
time 24
note_on 51
velocity 55
time 7
note_off 72
time 24
note_off 51
time 9
note_on 68
velocity 75
time 141
note_on 53
velocity 54
time 22
note_off 68
time 33
note_off 53
time 2
note_on 41
velocity 65
time 144
note_on 74
velocity 72
time 2
note_off 74
time 28
note_off 41
time 9
note_on 55
velocity 70
time 154
note_on 63
velocity 74
time 7
note_off 63
time 42
note_on 72
velocity 78
time 143
note_off 72
time 44
note_off 55
time 46
note_on 43
velocity 62
time 113
note_on 62
velocity 80
time 5
note_off 62
time 48
note_off 43
time 122
note_on 71
velocity 81
time 5
note_off 71
time 24
note_on 72
velocity 86
time 226
note_on 48
velocity 51
time 14
note_off 48
time 72
note_on 50
velocity 66
time 1
note_off 50
time 39
note_on 51
velocity 72
time 5
note_on 53
velocity 75
time 98
note_off 51
time 7
note_off 53
time 58
note_off 72
time 16
note_on 55
velocity 78
time 6
note_on 57
velocity 76
time 88
note_off 55
time 14
note_on 59
velocity 82
time 65
note_off 57
time 14
note_off 59
time 58
note_on 60
velocity 83
time 24
note_off 60
time 48
note_on 62
velocity 78
time 31
note_off 62
time 100
note_on 63
velocity 76
time 9
note_on 65
velocity 81
time 84
note_off 63
time 5
note_off 65
time 98
note_on 67
velocity 89
time 0
note_off 67
time 37
note_on 69
velocity 79
time 186
note_on 71
velocity 86
time 83
note_off 69
time 3
note_off 71
time 16
note_on 72
velocity 97
time 24
note_off 72
time 49
note_on 74
velocity 88
time 31
note_on 75
velocity 91
time 87
note_off 74
time 3
note_on 77
velocity 87
time 88
note_off 75
time 16
note_on 79
velocity 96
time 88
note_off 77
time 11
note_off 79
time 2
note_on 81
velocity 80
time 179
note_on 83
velocity 92
time 95
note_off 81
time 7
note_off 83
time 88
note_on 84
velocity 96
time 7
note_off 84
time 19
note_on 84
velocity 80
time 19
note_off 84
time 23
note_on 79
velocity 92
time 45
note_off 79
time 37
note_on 79
velocity 80
time 48
note_off 79
time 27
note_on 75
velocity 85
time 54
note_off 75
time 24
note_on 75
velocity 92
time 55
note_off 75
time 23
note_on 72
velocity 88
time 57
note_off 72
time 23
note_on 72
velocity 86
time 72
note_off 72
time 22
note_on 67
velocity 78
time 76
note_off 67
time 29
note_on 67
velocity 87
time 44
note_off 67
time 26
note_on 63
velocity 75
time 72
note_off 63
time 31
note_on 63
velocity 72
time 66
note_off 63
time 33
note_on 36
velocity 64
time 243
note_on 39
velocity 41
time 22
note_off 39
time 44
note_off 36
time 1730
