note_on 74
velocity 92
time 1023
note_off 74
time 62
note_on 81
velocity 93
time 459
note_on 57
velocity 79
time 485
note_off 57
time 63
note_on 62
velocity 86
time 438
note_off 62
time 15
note_off 81
time 0
note_on 78
velocity 97
time 395
note_on 74
velocity 82
time 9
note_off 74
time 415
note_on 73
velocity 73
time 46
note_on 76
velocity 79
time 9
note_off 78
time 2
note_off 73
time 32
note_off 76
time 14
note_on 71
velocity 78
time 84
note_on 74
velocity 72
time 5
note_off 71
time 33
note_off 74
time 14
note_on 73
velocity 79
time 70
note_on 69
velocity 76
time 11
note_off 69
time 31
note_off 73
time 28
note_on 71
velocity 83
time 70
note_on 67
velocity 78
time 1
note_off 67
time 37
note_off 71
time 18
note_on 69
velocity 77
time 78
note_on 66
velocity 76
time 1
note_off 66
time 35
note_off 69
time 14
note_on 64
velocity 73
time 82
note_on 67
velocity 72
time 0
note_off 64
time 48
note_off 67
time 28
note_on 62
velocity 80
time 85
note_on 66
velocity 85
time 0
note_off 62
time 27
note_off 66
time 9
note_on 81
velocity 96
time 1
note_on 78
velocity 81
time 9
note_off 78
time 440
note_off 81
time 15
note_on 79
velocity 84
time 16
note_on 76
velocity 70
time 19
note_off 76
time 35
note_off 79
time 22
note_on 78
velocity 89
time 65
note_on 74
velocity 81
time 9
note_off 74
time 44
note_off 78
time 24
note_on 76
velocity 92
time 61
note_on 73
velocity 83
time 1
note_off 76
time 59
note_off 73
time 5
note_on 74
velocity 89
time 62
note_on 71
velocity 79
time 10
note_off 71
time 49
note_off 74
time 13
note_on 73
velocity 90
time 62
note_on 69
velocity 81
time 7
note_off 69
time 32
note_off 73
time 36
note_on 67
velocity 79
time 54
note_on 71
velocity 88
time 6
note_off 67
time 32
note_off 71
time 24
note_on 66
velocity 80
time 91
note_on 69
velocity 82
time 7
note_off 66
time 29
note_off 69
time 7
note_on 86
velocity 87
time 2
note_on 66
velocity 61
time 11
note_off 66
time 48
note_on 81
velocity 90
time 44
note_off 86
time 29
note_off 81
time 83
note_on 74
velocity 92
time 7
note_on 67
velocity 60
time 183
note_off 74
time 0
note_on 78
velocity 75
time 2
note_off 78
time 93
note_on 76
velocity 74
time 5
note_off 67
time 23
note_off 76
time 50
note_on 78
velocity 74
time 2
note_on 76
velocity 71
time 14
note_off 78
time 3
note_off 76
time 19
note_on 78
velocity 72
time 2
note_on 76
velocity 71
time 14
note_off 78
time 0
note_off 76
time 19
note_on 78
velocity 70
time 2
note_on 69
velocity 62
time 10
note_off 69
time 13
note_on 76
velocity 67
time 3
note_off 78
time 2
note_off 76
time 66
note_on 78
velocity 72
time 10
note_on 76
velocity 68
time 13
note_off 78
time 0
note_off 76
time 0
note_on 74
velocity 71
time 9
note_off 74
time 14
note_on 76
velocity 70
time 3
note_off 76
time 0
note_on 62
velocity 46
time 6
note_on 78
velocity 70
time 0
note_off 78
time 10
note_off 62
time 7
note_on 62
velocity 67
time 0
note_on 81
velocity 73
time 1
note_off 62
time 16
note_off 81
time 18
note_on 74
velocity 68
time 3
note_off 74
time 46
note_on 69
velocity 59
time 42
note_on 55
velocity 61
time 78
note_on 71
velocity 66
time 5
note_off 69
time 3
note_off 55
time 18
note_off 71
time 16
note_on 73
velocity 68
time 13
note_off 73
time 10
note_on 71
velocity 65
time 1
note_on 64
velocity 59
time 20
note_off 71
time 15
note_off 64
time 11
note_on 69
velocity 68
time 29
note_off 69
time 14
note_on 71
velocity 62
time 1
note_on 57
velocity 61
time 11
note_on 73
velocity 73
time 3
note_off 71
time 3
note_off 57
time 7
note_off 73
time 13
note_on 74
velocity 68
time 6
note_on 73
velocity 67
time 15
note_off 74
time 13
note_on 66
velocity 59
time 31
note_off 73
time 16
note_off 66
time 2
note_on 71
velocity 68
time 14
note_on 73
velocity 59
time 3
note_off 71
time 10
note_on 59
velocity 65
time 16
note_on 74
velocity 80
time 1
note_off 73
time 10
note_off 59
time 5
note_off 74
time 7
note_on 76
velocity 67
time 19
note_on 74
velocity 71
time 78
note_off 76
time 2
note_on 67
velocity 61
time 33
note_off 74
time 24
note_off 67
time 11
note_on 73
velocity 75
time 3
note_off 73
time 62
note_on 74
velocity 69
time 24
note_on 76
velocity 80
time 63
note_on 61
velocity 61
time 7
note_off 74
time 3
note_off 61
time 36
note_off 76
time 39
note_on 78
velocity 77
time 6
note_on 76
velocity 74
time 87
note_off 78
time 33
note_on 69
velocity 66
time 2
note_off 76
time 24
note_off 69
time 7
note_on 74
velocity 79
time 20
note_on 76
velocity 73
time 70
note_off 74
time 9
note_on 62
velocity 66
time 71
note_on 78
velocity 86
time 6
note_off 76
time 20
note_off 62
time 14
note_on 79
velocity 73
time 31
note_off 78
time 7
note_on 78
velocity 72
time 72
note_off 79
time 23
note_on 71
velocity 61
time 33
note_off 78
time 19
note_on 76
velocity 75
time 13
note_off 71
time 1
note_on 78
velocity 79
time 70
note_off 76
time 7
note_on 79
velocity 86
time 78
note_on 64
velocity 67
time 6
note_off 78
time 3
note_off 64
time 36
note_on 81
velocity 77
time 14
note_off 79
time 2
note_on 79
velocity 78
time 84
note_off 81
time 16
note_on 73
velocity 71
time 29
note_off 79
time 28
note_on 78
velocity 80
time 3
note_off 73
time 15
note_off 78
time 63
note_on 79
velocity 78
time 10
note_on 81
velocity 89
time 79
note_on 66
velocity 77
time 1
note_off 79
time 13
note_off 66
time 54
note_off 81
time 14
note_on 83
velocity 79
time 1
note_on 81
velocity 85
time 91
note_off 83
time 19
note_on 74
velocity 82
time 3
note_off 81
time 44
note_off 74
time 7
note_on 79
velocity 81
time 3
note_on 81
velocity 85
time 69
note_off 79
time 10
note_on 67
velocity 83
time 46
note_on 83
velocity 87
time 18
note_off 81
time 15
note_off 83
time 19
note_off 67
time 5
note_on 69
velocity 79
time 191
note_on 85
velocity 87
time 2
note_off 69
time 61
note_off 85
time 32
note_on 86
velocity 87
time 123
note_on 71
velocity 89
time 2
note_off 71
time 62
note_on 85
velocity 82
time 40
note_off 86
time 40
note_on 83
velocity 79
time 61
note_off 85
time 37
note_on 81
velocity 89
time 65
note_off 83
time 39
note_off 81
time 61
note_on 67
velocity 81
time 1
note_on 79
velocity 87
time 6
note_off 67
time 53
note_on 69
velocity 16
time 6
note_on 78
velocity 87
time 40
note_off 79
time 10
note_off 69
time 10
note_on 76
velocity 84
time 75
note_off 78
time 23
note_off 76
time 76
note_on 74
velocity 88
time 5
note_on 69
velocity 71
time 88
note_on 76
velocity 85
time 22
note_off 74
time 29
note_off 69
time 45
note_on 81
velocity 86
time 37
note_off 76
time 14
note_on 79
velocity 81
time 95
note_off 81
time 39
note_on 78
velocity 79
time 59
note_off 79
time 35
note_on 57
velocity 59
time 80
note_on 76
velocity 74
time 0
note_off 78
time 42
note_off 76
time 36
note_on 74
velocity 74
time 16
note_off 57
time 5
note_on 73
velocity 78
time 6
note_off 74
time 0
note_on 71
velocity 79
time 23
note_off 73
time 42
note_on 69
velocity 79
time 7
note_off 71
time 28
note_off 69
time 31
note_on 71
velocity 65
time 15
note_off 71
time 9
note_on 69
velocity 68
time 5
note_off 69
time 18
note_on 71
velocity 61
time 7
note_on 69
velocity 60
time 71
note_off 71
time 3
note_on 71
velocity 64
time 62
note_on 54
velocity 57
time 3
note_off 69
time 0
note_on 69
velocity 61
time 71
note_off 71
time 2
note_off 69
time 66
note_on 71
velocity 65
time 0
note_on 62
velocity 70
time 42
note_on 69
velocity 69
time 32
note_off 71
time 10
note_off 62
time 18
note_off 54
time 39
note_off 69
time 1
note_on 67
velocity 79
time 2
note_on 69
velocity 73
time 70
note_off 67
time 27
note_on 55
velocity 75
time 84
note_on 71
velocity 71
time 125
note_off 69
time 14
note_off 71
time 19
note_on 73
velocity 69
time 9
note_on 71
velocity 67
time 3
note_on 64
velocity 64
time 1
note_off 73
time 0
note_off 71
time 19
note_off 64
time 9
note_off 55
time 6
note_on 69
velocity 71
time 5
note_on 71
velocity 70
time 0
note_off 69
time 7
note_on 57
velocity 82
time 7
note_on 73
velocity 79
time 2
note_off 71
time 9
note_off 73
time 3
note_on 74
velocity 70
time 3
note_on 73
velocity 73
time 10
note_off 74
time 10
note_on 66
velocity 69
time 5
note_off 73
time 14
note_off 57
time 1
note_on 71
velocity 74
time 6
note_off 66
time 2
note_on 73
velocity 68
time 5
note_off 71
time 9
note_on 74
velocity 79
time 16
note_on 59
velocity 82
time 3
note_off 73
time 14
note_off 74
time 0
note_on 76
velocity 74
time 7
note_on 74
velocity 73
time 2
note_off 76
time 9
note_off 59
time 11
note_on 67
velocity 67
time 6
note_on 73
velocity 74
time 15
note_off 74
time 0
note_off 67
time 0
note_off 73
time 7
note_on 74
velocity 70
time 7
note_on 76
velocity 76
time 3
note_on 61
velocity 66
time 3
note_off 74
time 3
note_off 76
time 19
note_on 78
velocity 75
time 7
note_off 78
time 0
note_on 76
velocity 70
time 1
note_on 69
velocity 60
time 10
note_off 76
time 9
note_off 61
time 6
note_off 69
time 5
note_on 74
velocity 72
time 9
note_off 74
time 16
note_on 76
velocity 62
time 6
note_on 78
velocity 73
time 15
note_on 62
velocity 57
time 10
note_off 76
time 6
note_off 78
time 35
note_on 79
velocity 63
time 16
note_on 78
velocity 67
time 13
note_off 62
time 2
note_off 79
time 2
note_on 71
velocity 61
time 0
note_off 71
time 10
note_off 78
time 2
note_on 76
velocity 64
time 9
note_on 78
velocity 61
time 16
note_off 76
time 0
note_on 79
velocity 72
time 3
note_off 78
time 13
note_on 64
velocity 51
time 1
note_off 79
time 1
note_on 81
velocity 64
time 26
note_off 81
time 10
note_on 79
velocity 65
time 6
note_off 64
time 1
note_on 73
velocity 55
time 6
note_off 79
time 11
note_off 73
time 6
note_on 78
velocity 64
time 3
note_off 78
time 14
note_on 79
velocity 75
time 41
note_off 79
time 0
note_on 81
velocity 75
time 3
note_on 66
velocity 56
time 6
note_off 81
time 14
note_on 83
velocity 68
time 18
note_off 66
time 0
note_on 81
velocity 71
time 18
note_off 83
time 0
note_on 74
velocity 63
time 13
note_off 81
time 1
note_off 74
time 11
note_on 79
velocity 71
time 2
note_off 79
time 18
note_on 81
velocity 67
time 9
note_on 83
velocity 81
time 16
note_off 81
time 15
note_on 67
velocity 56
time 7
note_off 83
time 11
note_off 67
time 28
note_on 85
velocity 76
time 121
note_on 69
velocity 60
time 9
note_off 69
time 40
note_off 85
time 0
note_on 86
velocity 74
time 140
note_on 71
velocity 66
time 2
note_off 71
time 32
note_on 85
velocity 74
time 44
note_off 86
time 26
note_on 83
velocity 72
time 15
note_off 85
time 13
note_on 81
velocity 77
time 16
note_off 83
time 7
note_off 81
time 10
note_on 67
velocity 60
time 15
note_on 79
velocity 73
time 7
note_off 67
time 16
note_off 79
time 5
note_on 78
velocity 73
time 5
note_on 76
velocity 64
time 15
note_off 78
time 23
note_off 76
time 7
note_on 74
velocity 72
time 10
note_off 74
time 15
note_on 69
velocity 58
time 14
note_on 78
velocity 74
time 9
note_off 69
time 23
note_off 78
time 24
note_on 76
velocity 68
time 18
note_off 76
time 23
note_on 78
velocity 71
time 5
note_off 78
time 13
note_on 76
velocity 62
time 5
note_off 76
time 37
note_on 78
velocity 65
time 18
note_off 78
time 67
note_on 76
velocity 68
time 3
note_off 76
time 26
note_on 57
velocity 53
time 3
note_on 78
velocity 69
time 16
note_off 57
time 24
note_off 78
time 45
note_on 76
velocity 61
time 11
note_off 76
time 44
note_on 78
velocity 70
time 15
note_off 78
time 72
note_on 76
velocity 67
time 9
note_off 76
time 36
note_on 74
velocity 56
time 29
note_off 74
time 44
note_on 76
velocity 56
time 39
note_on 74
velocity 61
time 83
note_off 76
time 6
note_on 50
velocity 37
time 6
note_off 74
time 0
note_off 50
time 19
note_on 82
velocity 72
time 108
note_on 79
velocity 62
time 5
note_off 82
time 6
note_on 81
velocity 68
time 0
note_on 77
velocity 57
time 0
note_off 79
time 18
note_off 77
time 18
note_on 79
velocity 76
time 18
note_on 70
velocity 76
time 3
note_off 81
time 0
note_on 73
velocity 70
time 3
note_on 76
velocity 69
time 0
note_off 70
time 74
note_off 79
time 5
note_on 69
velocity 71
time 65
note_off 69
time 62
note_on 67
velocity 74
time 85
note_off 67
time 67
note_on 65
velocity 80
time 82
note_off 73
time 18
note_on 81
velocity 73
time 1
note_on 77
velocity 64
time 3
note_on 74
velocity 63
time 0
note_off 65
time 24
note_off 77
time 20
note_off 76
time 3
note_off 81
time 6
note_off 74
time 16
note_on 64
velocity 73
time 42
note_off 64
time 31
note_on 62
velocity 66
time 119
note_off 62
time 27
note_on 64
velocity 75
time 117
note_on 82
velocity 82
time 13
note_on 79
velocity 81
time 1
note_on 62
velocity 68
time 50
note_off 64
time 3
note_off 62
time 61
note_on 64
velocity 62
time 1
note_off 82
time 39
note_on 62
velocity 56
time 24
note_off 64
time 14
note_off 62
time 55
note_on 64
velocity 58
time 0
note_on 62
velocity 59
time 69
note_off 64
time 19
note_on 81
velocity 74
time 157
note_on 77
velocity 66
time 9
note_off 62
time 16
note_off 79
time 10
note_off 77
time 22
note_on 79
velocity 78
time 16
note_on 70
velocity 82
time 2
note_on 76
velocity 73
time 0
note_on 73
velocity 76
time 3
note_off 81
time 1
note_off 79
time 7
note_off 70
time 7
note_on 69
velocity 77
time 67
note_off 69
time 58
note_on 67
velocity 78
time 66
note_off 67
time 63
note_off 76
time 33
note_off 73
time 7
note_on 65
velocity 85
time 50
note_on 81
velocity 73
time 5
note_on 77
velocity 70
time 6
note_on 74
velocity 66
time 2
note_off 65
time 2
note_off 77
time 16
note_off 74
time 15
note_off 81
time 13
note_on 64
velocity 79
time 31
note_off 64
time 46
note_on 62
velocity 79
time 79
note_off 62
time 44
note_on 64
velocity 79
time 127
note_on 84
velocity 83
time 15
note_on 81
velocity 84
time 1
note_off 64
time 45
note_on 62
velocity 67
time 7
note_off 62
time 54
note_on 64
velocity 68
time 11
note_on 62
velocity 69
time 70
note_off 64
time 5
note_off 81
time 39
note_on 64
velocity 62
time 23
note_off 62
time 1
note_on 62
velocity 62
time 74
note_off 64
time 16
note_on 82
velocity 74
time 18
note_on 79
velocity 68
time 2
note_off 62
time 7
note_off 84
time 1
note_off 79
time 15
note_off 82
time 19
note_on 72
velocity 86
time 18
note_on 81
velocity 81
time 11
note_on 75
velocity 80
time 2
note_on 78
velocity 69
time 3
note_off 72
time 35
note_on 70
velocity 86
time 52
note_off 81
time 55
note_off 75
time 15
note_off 78
time 2
note_off 70
time 1
note_on 69
velocity 86
time 69
note_off 69
time 62
note_on 70
velocity 87
time 88
note_on 74
velocity 75
time 15
note_on 82
velocity 82
time 0
note_on 79
velocity 73
time 2
note_off 70
time 52
note_off 74
time 19
note_off 79
time 40
note_off 82
time 2
note_on 69
velocity 85
time 18
note_off 69
time 59
note_on 67
velocity 81
time 70
note_off 67
time 44
note_on 69
velocity 77
time 139
note_on 81
velocity 83
time 10
note_on 84
velocity 83
time 1
note_off 69
time 42
note_on 67
velocity 75
time 7
note_off 67
time 71
note_on 69
velocity 69
time 5
note_off 81
time 57
note_on 67
velocity 64
time 10
note_off 69
time 5
note_on 69
velocity 63
time 59
note_off 67
time 5
note_on 67
velocity 63
time 67
note_off 69
time 14
note_on 79
velocity 63
time 145
note_on 82
velocity 73
time 2
note_off 84
time 13
note_off 67
time 0
note_off 79
time 19
note_off 82
time 37
note_on 72
velocity 91
time 273
note_on 75
velocity 76
time 5
note_on 81
velocity 74
time 3
note_on 78
velocity 70
time 1
note_off 72
time 24
note_on 70
velocity 88
time 69
note_off 81
time 5
note_off 78
time 16
note_off 75
time 10
note_off 70
time 39
note_on 69
velocity 87
time 69
note_off 69
time 59
note_on 70
velocity 93
time 84
note_on 74
velocity 73
time 1
note_on 79
velocity 69
time 6
note_on 82
velocity 82
time 1
note_off 74
time 41
note_off 70
time 20
note_off 79
time 10
note_off 82
time 3
note_on 69
velocity 87
time 61
note_off 69
time 18
note_on 67
velocity 89
time 67
note_off 67
time 59
note_on 69
velocity 78
time 113
note_on 86
velocity 86
time 5
note_on 83
velocity 81
time 1
note_on 67
velocity 76
time 39
note_off 69
time 1
note_off 67
time 57
note_on 69
velocity 63
time 13
note_off 86
time 55
note_on 67
velocity 71
time 15
note_off 69
time 5
note_on 69
velocity 64
time 29
note_off 67
time 3
note_on 67
velocity 66
time 76
note_off 69
time 9
note_on 84
velocity 74
time 50
note_on 81
velocity 70
time 13
note_off 83
time 11
note_off 67
time 10
note_off 81
time 28
note_on 74
velocity 87
time 317
note_on 80
velocity 70
time 1
note_on 77
velocity 75
time 2
note_on 83
velocity 75
time 2
note_off 74
time 22
note_off 84
time 32
note_off 77
time 9
note_off 83
time 14
note_on 72
velocity 91
time 22
note_off 80
time 1
note_off 72
time 67
note_on 71
velocity 87
time 69
note_off 71
time 67
note_on 84
velocity 83
time 82
note_on 76
velocity 73
time 1
note_on 81
velocity 73
time 1
note_on 72
velocity 95
time 3
note_off 76
time 66
note_off 72
time 3
note_off 84
time 15
note_off 81
time 9
note_on 71
velocity 85
time 49
note_off 71
time 84
note_on 69
velocity 82
time 18
note_off 69
time 54
note_on 71
velocity 76
time 132
note_on 86
velocity 84
time 0
note_on 83
velocity 80
time 5
note_on 69
velocity 76
time 54
note_off 71
time 1
note_off 69
time 62
note_on 71
velocity 66
time 9
note_on 69
velocity 70
time 65
note_off 86
time 5
note_off 71
time 3
note_off 69
time 63
note_on 71
velocity 62
time 2
note_on 69
velocity 63
time 62
note_off 71
time 18
note_off 83
time 132
note_on 84
velocity 72
time 1
note_on 81
velocity 71
time 2
note_off 69
time 18
note_off 81
time 14
note_on 74
velocity 78
time 2
note_on 80
velocity 62
time 0
note_on 83
velocity 65
time 2
note_on 77
velocity 63
time 1
note_off 74
time 0
note_off 84
time 7
note_off 77
time 1
note_off 83
time 2
note_off 80
time 3
note_on 72
velocity 73
time 13
note_off 72
time 1
note_on 71
velocity 78
time 19
note_off 71
time 16
note_on 84
velocity 76
time 6
note_on 72
velocity 81
time 2
note_on 76
velocity 72
time 1
note_on 81
velocity 69
time 0
note_off 76
time 3
note_off 84
time 16
note_off 72
time 3
note_off 81
time 7
note_on 71
velocity 76
time 6
note_on 69
velocity 68
time 111
note_off 71
time 2
note_off 69
time 33
note_on 71
velocity 72
time 54
note_on 85
velocity 77
time 18
note_off 71
time 19
note_on 69
velocity 59
time 13
note_off 85
time 1
note_off 69
time 15
note_on 71
velocity 66
time 33
note_off 71
time 9
note_on 69
velocity 65
time 5
note_off 69
time 10
note_on 38
velocity 83
time 3
note_on 78
velocity 77
time 3
note_off 38
time 0
note_off 78
time 9
note_on 74
velocity 71
time 11
note_off 74
time 32
note_on 73
velocity 75
time 88
note_off 73
time 14
note_on 71
velocity 78
time 72
note_on 83
velocity 100
time 2
note_off 83
time 13
note_off 71
time 24
note_on 73
velocity 72
time 92
note_off 73
time 27
note_on 74
velocity 74
time 70
note_off 74
time 69
note_on 37
velocity 84
time 93
note_on 76
velocity 81
time 0
note_off 37
time 36
note_off 76
time 35
note_on 73
velocity 74
time 41
note_off 73
time 57
note_on 71
velocity 70
time 69
note_off 71
time 1
note_on 81
velocity 101
time 46
note_on 69
velocity 74
time 5
note_off 81
time 1
note_off 69
time 9
note_on 71
velocity 73
time 88
note_off 71
time 6
note_on 73
velocity 72
time 19
note_off 73
time 49
note_on 71
velocity 76
time 52
note_on 38
velocity 85
time 5
note_off 38
time 35
note_off 71
time 13
note_on 74
velocity 76
time 6
note_off 74
time 48
note_on 73
velocity 66
time 100
note_off 73
time 57
note_on 71
velocity 69
time 79
note_on 40
velocity 65
time 6
note_off 40
time 36
note_off 71
time 3
note_on 69
velocity 58
time 7
note_off 69
time 82
note_on 68
velocity 61
time 69
note_off 68
time 48
note_on 69
velocity 69
time 84
note_on 33
velocity 60
time 10
note_off 69
time 15
note_off 33
time 13
note_on 81
velocity 92
time 0
note_on 61
velocity 61
time 24
note_off 81
time 2
note_on 64
velocity 57
time 5
note_off 61
time 10
note_off 64
time 3
note_on 69
velocity 50
time 7
note_off 69
time 52
note_on 62
velocity 64
time 15
note_on 38
velocity 84
time 2
note_off 38
time 40
note_off 62
time 117
note_on 66
velocity 59
time 6
note_off 66
time 131
note_on 71
velocity 54
time 35
note_off 71
time 6
note_on 83
velocity 95
time 7
note_on 62
velocity 63
time 16
note_off 83
time 1
note_off 62
time 15
note_on 66
velocity 61
time 3
note_off 66
time 27
note_on 71
velocity 51
time 14
note_off 71
time 78
note_on 37
velocity 83
time 52
note_on 61
velocity 61
time 6
note_off 37
time 32
note_on 64
velocity 56
time 125
note_off 61
time 5
note_off 64
time 15
note_on 69
velocity 50
time 3
note_off 69
time 16
note_on 81
velocity 95
time 15
note_on 61
velocity 61
time 11
note_off 81
time 1
note_on 64
velocity 60
time 7
note_off 61
time 9
note_off 64
time 24
note_on 69
velocity 53
time 15
note_on 38
velocity 78
time 42
note_on 62
velocity 64
time 1
note_off 69
time 0
note_off 38
time 50
note_on 66
velocity 68
time 108
note_off 62
time 5
note_off 66
time 113
note_on 69
velocity 58
time 14
note_on 40
velocity 69
time 32
note_off 69
time 1
note_on 64
velocity 61
time 13
note_off 40
time 52
note_off 64
time 49
note_on 68
velocity 61
time 24
note_off 68
time 3
note_on 71
velocity 54
time 24
note_off 71
time 55
note_on 33
velocity 72
time 131
note_on 57
velocity 59
time 2
note_off 33
time 5
note_off 57
time 3
note_on 72
velocity 66
time 201
note_on 74
velocity 77
time 54
note_off 72
time 0
note_on 76
velocity 76
time 35
note_off 74
time 35
note_off 76
time 48
note_on 76
velocity 72
time 221
note_on 74
velocity 84
time 6
note_off 76
time 31
note_on 65
velocity 45
time 316
note_on 69
velocity 56
time 83
note_on 72
velocity 85
time 58
note_off 74
time 37
note_off 69
time 29
note_off 72
time 15
note_off 65
time 9
note_on 71
velocity 88
time 59
note_off 71
time 75
note_on 69
velocity 87
time 80
note_off 69
time 78
note_on 71
velocity 78
time 110
note_on 64
velocity 48
time 26
note_on 68
velocity 53
time 0
note_off 68
time 14
note_on 65
velocity 55
time 166
note_on 69
velocity 62
time 61
note_off 64
time 5
note_on 72
velocity 85
time 5
note_off 71
time 0
note_off 72
time 13
note_off 69
time 5
note_off 65
time 18
note_on 74
velocity 96
time 36
note_off 74
time 78
note_on 76
velocity 89
time 76
note_off 76
time 66
note_on 71
velocity 80
time 121
note_on 68
velocity 57
time 24
note_on 64
velocity 47
time 2
note_off 71
time 20
note_off 68
time 31
note_on 74
velocity 73
time 10
note_off 74
time 15
note_on 72
velocity 72
time 2
note_off 72
time 16
note_on 74
velocity 61
time 9
note_on 72
velocity 78
time 3
note_on 69
velocity 62
time 11
note_off 64
time 0
note_on 65
velocity 59
time 0
note_off 74
time 16
note_off 69
time 7
note_off 65
time 6
note_off 72
time 1
note_on 71
velocity 70
time 93
note_off 71
time 52
note_on 69
velocity 63
time 83
note_off 69
time 40
note_on 71
velocity 70
time 5
note_on 64
velocity 41
time 10
note_on 68
velocity 51
time 0
note_off 71
time 15
note_off 68
time 0
note_off 64
time 3
note_on 64
velocity 67
time 0
note_on 49
velocity 51
time 14
note_off 64
time 28
note_off 49
time 1
note_on 66
velocity 63
time 27
note_on 64
velocity 64
time 80
note_off 66
time 29
note_on 57
velocity 58
time 5
note_off 64
time 20
note_off 57
time 19
note_on 62
velocity 70
time 20
note_on 64
velocity 58
time 62
note_off 62
time 3
note_on 66
velocity 72
time 79
note_on 50
velocity 51
time 2
note_off 64
time 35
note_off 50
time 7
note_off 66
time 27
note_on 68
velocity 69
time 3
note_on 66
velocity 66
time 87
note_off 68
time 11
note_on 59
velocity 56
time 22
note_off 59
time 39
note_off 66
time 2
note_on 64
velocity 65
time 18
note_on 66
velocity 60
time 62
note_off 64
time 44
note_on 52
velocity 55
time 26
note_on 68
velocity 76
time 13
note_off 66
time 23
note_off 52
time 7
note_off 68
time 45
note_on 69
velocity 67
time 13
note_on 68
velocity 70
time 76
note_off 69
time 11
note_on 61
velocity 59
time 15
note_off 61
time 39
note_off 68
time 3
note_on 66
velocity 72
time 11
note_off 66
time 87
note_on 68
velocity 70
time 3
note_off 68
time 85
note_on 54
velocity 58
time 1
note_on 69
velocity 74
time 10
note_off 54
time 36
note_off 69
time 42
note_on 71
velocity 63
time 19
note_off 71
time 76
note_on 69
velocity 66
time 7
note_on 62
velocity 65
time 13
note_off 62
time 7
note_off 69
time 5
note_on 68
velocity 69
time 1
note_off 68
time 20
note_on 69
velocity 70
time 5
note_on 56
velocity 60
time 16
note_off 69
time 3
note_on 71
velocity 74
time 1
note_off 56
time 22
note_off 71
time 2
note_on 73
velocity 75
time 3
note_on 71
velocity 76
time 24
note_on 64
velocity 69
time 9
note_off 73
time 7
note_off 64
time 28
note_off 71
time 5
note_on 69
velocity 70
time 13
note_on 71
velocity 69
time 28
note_off 69
time 0
note_on 57
velocity 67
time 19
note_on 73
velocity 83
time 11
note_off 57
time 6
note_off 71
time 1
note_on 74
velocity 72
time 13
note_off 73
time 5
note_on 73
velocity 72
time 76
note_off 74
time 20
note_on 66
velocity 70
time 5
note_off 66
time 7
note_off 73
time 16
note_on 71
velocity 71
time 13
note_on 73
velocity 73
time 22
note_off 71
time 13
note_on 59
velocity 63
time 9
note_on 74
velocity 88
time 3
note_off 59
time 5
note_off 73
time 13
note_off 74
time 18
note_on 76
velocity 76
time 3
note_on 74
velocity 78
time 61
note_on 68
velocity 71
time 6
note_off 76
time 3
note_off 68
time 6
note_off 74
time 24
note_on 73
velocity 77
time 1
note_off 73
time 36
note_on 74
velocity 72
time 9
note_on 76
velocity 86
time 10
note_off 74
time 13
note_on 61
velocity 73
time 7
note_off 61
time 3
note_on 78
velocity 87
time 3
note_off 76
time 3
note_on 76
velocity 79
time 3
note_off 78
time 0
note_on 69
velocity 72
time 3
note_off 76
time 16
note_off 69
time 3
note_on 74
velocity 87
time 9
note_on 76
velocity 76
time 6
note_off 74
time 1
note_on 62
velocity 81
time 10
note_on 78
velocity 99
time 7
note_off 76
time 3
note_off 62
time 5
note_off 78
time 9
note_on 64
velocity 80
time 80
note_on 80
velocity 87
time 0
note_off 64
time 0
note_off 80
time 37
note_on 81
velocity 83
time 14
note_on 66
velocity 89
time 1
note_off 66
time 70
note_on 80
velocity 78
time 28
note_off 81
time 23
note_on 78
velocity 82
time 65
note_off 80
time 29
note_on 76
velocity 79
time 31
note_off 78
time 9
note_off 76
time 35
note_on 62
velocity 80
time 11
note_on 74
velocity 83
time 0
note_off 62
time 9
note_on 73
velocity 83
time 3
note_off 74
time 1
note_on 71
velocity 79
time 11
note_off 73
time 13
note_off 71
time 23
note_on 69
velocity 76
time 13
note_on 71
velocity 79
time 27
note_on 64
velocity 63
time 10
note_off 69
time 32
note_off 64
time 28
note_off 71
time 31
note_on 76
velocity 78
time 0
note_on 74
velocity 81
time 70
note_off 76
time 28
note_on 73
velocity 78
time 61
note_off 74
time 37
note_on 52
velocity 59
time 72
note_on 71
velocity 76
time 6
note_off 73
time 63
note_off 71
time 23
note_on 69
velocity 73
time 16
note_off 52
time 26
note_on 68
velocity 78
time 9
note_off 69
time 9
note_on 66
velocity 83
time 6
note_off 68
time 6
note_on 64
velocity 76
time 3
note_off 66
time 20
note_off 64
time 7
note_on 66
velocity 70
time 6
note_on 64
velocity 67
time 15
note_off 66
time 3
note_on 66
velocity 68
time 14
note_off 64
time 2
note_on 64
velocity 63
time 0
note_off 66
time 11
note_on 66
velocity 68
time 54
note_off 64
time 3
note_on 49
velocity 63
time 39
note_on 64
velocity 65
time 32
note_off 66
time 6
note_off 64
time 78
note_on 66
velocity 66
time 0
note_on 57
velocity 69
time 63
note_on 64
velocity 71
time 9
note_off 66
time 15
note_off 57
time 35
note_off 64
time 23
note_on 62
velocity 76
time 5
note_off 49
time 26
note_on 64
velocity 74
time 40
note_off 62
time 40
note_on 50
velocity 73
time 85
note_on 66
velocity 73
time 100
note_off 64
time 3
note_on 68
velocity 65
time 35
note_off 66
time 1
note_on 66
velocity 69
time 11
note_on 59
velocity 64
time 7
note_off 68
time 0
note_off 66
time 7
note_off 59
time 2
note_off 50
time 1
note_on 64
velocity 72
time 0
note_on 66
velocity 70
time 19
note_off 64
time 27
note_on 52
velocity 81
time 53
note_on 68
velocity 79
time 11
note_off 66
time 23
note_off 68
time 0
note_on 69
velocity 69
time 9
note_on 68
velocity 75
time 89
note_off 69
time 3
note_on 61
velocity 68
time 7
note_off 52
time 9
note_off 68
time 3
note_on 66
velocity 78
time 3
note_off 61
time 20
note_on 68
velocity 79
time 59
note_off 66
time 3
note_off 68
time 84
note_on 54
velocity 78
time 3
note_on 69
velocity 76
time 2
note_off 69
time 7
note_on 71
velocity 69
time 5
note_off 71
time 89
note_on 69
velocity 71
time 11
note_on 62
velocity 72
time 5
note_off 54
time 5
note_off 62
time 2
note_off 69
time 1
note_on 68
velocity 73
time 6
note_off 68
time 59
note_on 69
velocity 71
time 20
note_on 56
velocity 72
time 87
note_on 71
velocity 75
time 0
note_off 69
time 5
note_off 71
time 39
note_on 73
velocity 72
time 7
note_on 71
velocity 68
time 19
note_on 64
velocity 65
time 2
note_off 73
time 1
note_off 64
time 6
note_off 71
time 6
note_off 56
time 18
note_on 69
velocity 66
time 5
note_on 71
velocity 57
time 15
note_off 69
time 1
note_on 73
velocity 73
time 0
note_on 57
velocity 59
time 6
note_off 71
time 0
note_off 73
time 54
note_on 74
velocity 67
time 3
note_on 73
velocity 62
time 5
note_off 74
time 0
note_on 66
velocity 58
time 11
note_off 57
time 3
note_off 66
time 0
note_off 73
time 6
note_on 71
velocity 68
time 2
note_on 73
velocity 59
time 18
note_off 71
time 6
note_on 59
velocity 55
time 0
note_on 74
velocity 70
time 14
note_off 73
time 10
note_off 74
time 46
note_on 76
velocity 58
time 26
note_off 59
time 2
note_on 74
velocity 59
time 0
note_off 76
time 1
note_on 68
velocity 54
time 2
note_off 74
time 0
note_off 68
time 9
note_on 73
velocity 60
time 9
note_off 73
time 3
note_on 74
velocity 65
time 0
note_on 61
velocity 56
time 1
note_on 76
velocity 67
time 2
note_off 74
time 2
note_off 76
time 42
note_on 78
velocity 64
time 15
note_on 76
velocity 61
time 11
note_off 61
time 5
note_off 78
time 1
note_on 69
velocity 52
time 11
note_off 76
time 2
note_off 69
time 20
note_on 74
velocity 64
time 3
note_off 74
time 44
note_on 76
velocity 59
time 2
note_on 78
velocity 78
time 5
note_on 62
velocity 58
time 6
note_off 76
time 1
note_off 62
time 48
note_off 78
time 10
note_on 80
velocity 68
time 199
note_on 64
velocity 53
time 16
note_off 80
time 41
note_off 64
time 6
note_on 66
velocity 57
time 210
note_on 81
velocity 67
time 3
note_off 66
time 44
note_off 81
time 54
note_on 80
velocity 66
time 1
note_on 78
velocity 69
time 114
note_off 80
time 7
note_on 76
velocity 65
time 95
note_off 78
time 46
note_off 76
time 35
note_on 62
velocity 62
time 14
note_on 74
velocity 72
time 9
note_off 62
time 41
note_off 74
time 33
note_on 73
velocity 74
time 27
note_on 71
velocity 63
time 97
note_off 73
time 13
note_on 69
velocity 66
time 50
note_off 71
time 1
note_off 69
time 49
note_on 64
velocity 58
time 108
note_on 69
velocity 66
time 11
note_off 64
time 37
note_off 69
time 10
note_on 71
velocity 61
time 27
note_off 71
time 40
note_on 73
velocity 69
time 16
note_off 73
time 72
note_on 71
velocity 69
time 3
note_off 71
time 37
note_on 73
velocity 58
time 36
note_off 73
time 57
note_on 71
velocity 66
time 11
note_off 71
time 44
note_on 73
velocity 66
time 18
note_on 52
velocity 49
time 6
note_off 52
time 44
note_off 73
time 20
note_on 71
velocity 66
time 3
note_off 71
time 55
note_on 73
velocity 58
time 16
note_on 71
velocity 58
time 74
note_off 73
time 1
note_off 71
time 41
note_on 69
velocity 59
time 14
note_off 69
time 57
note_on 71
velocity 59
time 41
note_off 71
time 14
note_on 69
velocity 59
time 10
note_on 45
velocity 46
time 2
note_off 69
time 0
note_off 45
time 1
note_on 73
velocity 64
time 5
note_on 81
velocity 86
time 0
note_off 81
time 26
note_off 73
time 72
note_on 69
velocity 58
time 11
note_on 64
velocity 55
time 19
note_off 69
time 50
note_on 38
velocity 76
time 13
note_on 74
velocity 68
time 2
note_off 64
time 6
note_off 38
time 15
note_off 74
time 18
note_on 69
velocity 59
time 10
note_off 69
time 49
note_on 64
velocity 55
time 36
note_on 40
velocity 71
time 3
note_on 71
velocity 61
time 6
note_off 40
time 28
note_off 64
time 6
note_off 71
time 105
note_on 68
velocity 60
time 10
note_off 68
time 14
note_on 64
velocity 52
time 37
note_off 64
time 18
note_on 33
velocity 63
time 15
note_on 73
velocity 67
time 1
note_off 33
time 0
note_off 73
time 3
note_on 69
velocity 60
time 3
note_off 69
time 32
note_on 64
velocity 48
time 33
note_off 64
time 0
note_on 81
velocity 96
time 98
note_on 61
velocity 59
time 0
note_off 81
time 18
note_on 64
velocity 60
time 3
note_off 61
time 6
note_off 64
time 18
note_on 69
velocity 60
time 0
note_off 69
time 3
note_on 62
velocity 67
time 13
note_on 38
velocity 86
time 7
note_off 38
time 11
note_on 66
velocity 70
time 19
note_off 62
time 3
note_off 66
time 1
note_on 69
velocity 57
time 18
note_off 69
time 66
note_on 40
velocity 74
time 3
note_on 64
velocity 64
time 13
note_off 40
time 36
note_off 64
time 29
note_on 68
velocity 66
time 2
note_off 68
time 115
note_on 71
velocity 54
time 28
note_off 71
time 44
note_on 57
velocity 62
time 15
note_on 33
velocity 66
time 3
note_off 33
time 7
note_off 57
time 2
note_on 73
velocity 71
time 9
note_on 81
velocity 98
time 5
note_off 81
time 13
note_off 73
time 49
note_on 69
velocity 66
time 1
note_on 64
velocity 64
time 148
note_off 69
time 54
note_on 38
velocity 80
time 2
note_on 74
velocity 77
time 0
note_off 64
time 15
note_off 38
time 44
note_on 69
velocity 61
time 16
note_off 74
time 19
note_off 69
time 39
note_on 64
velocity 59
time 15
note_on 40
velocity 68
time 20
note_on 71
velocity 65
time 7
note_off 64
time 11
note_off 40
time 37
note_off 71
time 96
note_on 68
velocity 65
time 3
note_off 68
time 106
note_on 64
velocity 63
time 49
note_off 64
time 33
note_on 73
velocity 68
time 20
note_on 33
velocity 58
time 15
note_off 33
time 41
note_off 73
time 13
note_on 74
velocity 72
time 19
note_on 76
velocity 70
time 154
note_off 74
time 5
note_on 62
velocity 72
time 62
note_on 78
velocity 77
time 0
note_off 76
time 27
note_off 62
time 74
note_on 76
velocity 76
time 58
note_off 78
time 11
note_off 76
time 117
note_on 74
velocity 77
time 15
note_on 64
velocity 74
time 18
note_on 73
velocity 77
time 5
note_off 74
time 32
note_off 64
time 97
note_on 74
velocity 85
time 36
note_off 73
time 11
note_on 71
velocity 77
time 134
note_off 74
time 9
note_off 71
time 91
note_on 69
velocity 76
time 7
note_on 52
velocity 77
time 1
note_off 52
time 110
note_on 71
velocity 73
time 29
note_off 69
time 23
note_on 68
velocity 75
time 134
note_off 71
time 7
note_on 69
velocity 70
time 148
note_on 57
velocity 68
time 5
note_off 68
time 20
note_off 57
time 57
note_on 68
velocity 70
time 32
note_off 69
time 23
note_on 66
velocity 75
time 110
note_off 68
time 15
note_off 66
time 130
note_on 64
velocity 69
time 13
note_on 50
velocity 61
time 9
note_off 50
time 102
note_on 66
velocity 68
time 44
note_off 64
time 1
note_off 66
time 95
note_on 62
velocity 67
time 5
note_on 61
velocity 64
time 173
note_on 52
velocity 62
time 5
note_off 62
time 6
note_off 52
time 22
note_off 61
time 61
note_on 62
velocity 68
time 6
note_off 62
time 42
note_on 59
velocity 63
time 24
note_off 59
time 105
note_on 57
velocity 62
time 52
note_on 40
velocity 51
time 3
note_off 40
time 76
note_off 57
time 26
note_on 59
velocity 63
time 11
note_on 56
velocity 63
time 7
note_off 59
time 10
note_off 56
time 11
note_on 57
velocity 60
time 14
note_on 33
velocity 41
time 14
note_off 33
time 6
note_off 57
time 0
note_on 77
velocity 70
time 441
note_on 79
velocity 81
time 61
note_off 77
time 40
note_on 81
velocity 91
time 19
note_off 79
time 15
note_on 79
velocity 78
time 576
note_off 81
time 78
note_on 77
velocity 81
time 114
note_off 79
time 111
note_on 76
velocity 83
time 46
note_off 77
time 44
note_on 74
velocity 86
time 101
note_off 76
time 7
note_on 73
velocity 83
time 134
note_off 74
time 18
note_on 74
velocity 81
time 14
note_off 73
time 15
note_off 74
time 42
note_on 74
velocity 83
time 123
note_off 74
time 55
note_on 73
velocity 70
time 7
note_on 74
velocity 67
time 14
note_off 73
time 0
note_on 73
velocity 80
time 18
note_off 74
time 37
note_on 70
velocity 65
time 320
note_off 73
time 91
note_on 69
velocity 61
time 2
note_off 70
time 3
note_on 67
velocity 68
time 183
note_off 69
time 6
note_on 65
velocity 68
time 125
note_off 67
time 9
note_off 65
time 37
note_on 73
velocity 85
time 101
note_on 67
velocity 70
time 35
note_on 65
velocity 65
time 0
note_off 67
time 2
note_off 73
time 5
note_on 64
velocity 69
time 63
note_off 65
time 14
note_off 64
time 53
note_on 74
velocity 90
time 109
note_on 65
velocity 59
time 22
note_off 65
time 31
note_on 64
velocity 60
time 9
note_off 74
time 10
note_on 62
velocity 57
time 6
note_off 64
time 11
note_off 62
time 11
note_on 74
velocity 69
time 96
note_on 76
velocity 74
time 65
note_on 77
velocity 84
time 66
note_on 69
velocity 50
time 7
note_on 65
velocity 48
time 3
note_off 74
time 1
note_on 62
velocity 53
time 2
note_off 76
time 23
note_off 65
time 16
note_off 62
time 2
note_off 69
time 1
note_on 76
velocity 73
time 199
note_on 64
velocity 50
time 37
note_on 69
velocity 53
time 3
note_on 60
velocity 44
time 14
note_off 77
time 14
note_off 60
time 37
note_off 76
time 3
note_off 69
time 1
note_off 64
time 11
note_on 58
velocity 55
time 152
note_on 62
velocity 46
time 49
note_on 76
velocity 67
time 32
note_on 64
velocity 42
time 1
note_on 67
velocity 58
time 45
note_on 74
velocity 79
time 31
note_off 76
time 18
note_off 62
time 11
note_off 58
time 11
note_off 64
time 9
note_on 73
velocity 73
time 3
note_off 67
time 3
note_off 74
time 3
note_on 74
velocity 77
time 126
note_off 73
time 9
note_on 57
velocity 49
time 59
note_on 61
velocity 45
time 63
note_on 64
velocity 45
time 24
note_on 76
velocity 71
time 32
note_off 74
time 1
note_on 67
velocity 46
time 9
note_off 61
time 13
note_off 64
time 0
note_off 76
time 5
note_off 57
time 2
note_off 67
time 1
note_on 62
velocity 59
time 165
note_on 65
velocity 66
time 41
note_on 69
velocity 68
time 32
note_on 77
velocity 82
time 23
note_off 69
time 72
note_off 62
time 2
note_off 65
time 7
note_on 76
velocity 86
time 11
note_off 77
time 6
note_on 77
velocity 88
time 118
note_off 76
time 35
note_on 58
velocity 61
time 19
note_on 62
velocity 62
time 29
note_on 64
velocity 61
time 23
note_on 79
velocity 86
time 11
note_on 67
velocity 63
time 1
note_off 77
time 11
note_off 62
time 9
note_off 58
time 6
note_off 67
time 15
note_off 64
time 1
note_on 77
velocity 82
time 1
note_off 79
time 19
note_on 76
velocity 78
time 105
note_off 77
time 42
note_on 57
velocity 53
time 36
note_on 64
velocity 49
time 29
note_on 61
velocity 53
time 3
note_off 76
time 27
note_on 67
velocity 67
time 0
note_on 74
velocity 85
time 3
note_off 67
time 41
note_off 57
time 16
note_off 64
time 10
note_off 61
time 1
note_on 73
velocity 81
time 10
note_off 74
time 2
note_on 74
velocity 83
time 147
note_off 73
time 13
note_on 57
velocity 60
time 101
note_on 61
velocity 62
time 32
note_on 64
velocity 62
time 3
note_on 67
velocity 72
time 3
note_on 76
velocity 88
time 13
note_off 74
time 29
note_off 57
time 5
note_off 64
time 11
note_off 61
time 1
note_off 67
time 2
note_on 77
velocity 82
time 16
note_off 76
time 59
note_on 79
velocity 88
time 66
note_off 77
time 35
note_on 62
velocity 64
time 84
note_on 65
velocity 67
time 28
note_on 77
velocity 89
time 19
note_on 69
velocity 80
time 0
note_off 79
time 14
note_off 69
time 6
note_off 62
time 10
note_off 65
time 0
note_off 77
time 7
note_on 79
velocity 89
time 3
note_on 81
velocity 92
time 104
note_off 79
time 33
note_on 58
velocity 65
time 74
note_on 62
velocity 67
time 26
note_on 64
velocity 73
time 26
note_on 79
velocity 93
time 0
note_on 67
velocity 81
time 11
note_off 81
time 0
note_off 58
time 3
note_off 62
time 9
note_off 67
time 2
note_off 64
time 2
note_on 77
velocity 80
time 0
note_off 79
time 9
note_on 76
velocity 79
time 114
note_off 77
time 27
note_off 76
time 41
note_on 58
velocity 56
time 6
note_on 61
velocity 59
time 48
note_on 64
velocity 64
time 6
note_on 74
velocity 84
time 15
note_on 67
velocity 80
time 1
note_off 58
time 16
note_off 67
time 2
note_off 64
time 1
note_off 61
time 3
note_on 73
velocity 76
time 33
note_off 74
time 20
note_off 73
time 123
note_on 74
velocity 77
time 6
note_on 57
velocity 80
time 2
note_on 73
velocity 67
time 11
note_off 74
time 18
note_off 57
time 7
note_off 73
time 102
note_on 69
velocity 58
time 16
note_on 76
velocity 62
time 170
note_off 69
time 14
note_on 81
velocity 95
time 149
note_on 73
velocity 76
time 18
note_off 76
time 13
note_off 81
time 10
note_off 73
time 102
note_on 69
velocity 66
time 22
note_off 69
time 141
note_on 76
velocity 59
time 7
note_on 70
velocity 63
time 152
note_on 55
velocity 85
time 2
note_off 76
time 19
note_off 55
time 40
note_off 70
time 92
note_on 67
velocity 69
time 15
note_on 76
velocity 60
time 153
note_off 67
time 50
note_on 82
velocity 99
time 125
note_on 73
velocity 79
time 7
note_off 76
time 9
note_off 82
time 35
note_on 67
velocity 65
time 113
note_off 73
time 7
note_on 76
velocity 68
time 136
note_off 67
time 14
note_off 76
time 139
note_on 53
velocity 84
time 6
note_on 74
velocity 74
time 9
note_off 53
time 40
note_on 69
velocity 66
time 134
note_off 74
time 0
note_on 77
velocity 67
time 140
note_off 69
time 22
note_on 81
velocity 103
time 156
note_on 74
velocity 79
time 6
note_off 77
time 6
note_off 81
time 27
note_on 69
velocity 68
time 118
note_off 74
time 14
note_on 77
velocity 70
time 132
note_off 69
time 66
note_off 77
time 84
note_on 76
velocity 72
time 3
note_on 52
velocity 86
time 9
note_off 52
time 44
note_on 69
velocity 70
time 122
note_off 76
time 18
note_on 79
velocity 78
time 110
note_off 69
time 63
note_on 76
velocity 78
time 122
note_on 85
velocity 104
time 1
note_off 79
time 18
note_off 85
time 19
note_on 69
velocity 71
time 117
note_off 76
time 18
note_on 79
velocity 88
time 111
note_off 69
time 9
note_on 50
velocity 77
time 170
note_on 77
velocity 87
time 1
note_off 79
time 26
note_off 50
time 3
note_on 76
velocity 86
time 127
note_off 77
time 14
note_on 74
velocity 86
time 127
note_off 76
time 23
note_on 81
velocity 100
time 145
note_on 62
velocity 66
time 19
note_off 74
time 32
note_off 81
time 14
note_on 65
velocity 72
time 87
note_off 62
time 75
note_off 65
time 78
note_on 69
velocity 68
time 2
note_on 46
velocity 92
time 188
note_on 58
velocity 64
time 9
note_off 69
time 15
note_off 46
time 40
note_on 62
velocity 63
time 123
note_off 58
time 9
note_on 69
velocity 64
time 141
note_off 62
time 2
note_off 69
time 136
note_on 79
velocity 95
time 22
note_on 58
velocity 61
time 7
note_off 79
time 63
note_off 58
time 75
note_on 62
velocity 65
time 9
note_off 62
time 145
note_on 67
velocity 61
time 10
note_on 45
velocity 88
time 186
note_on 57
velocity 53
time 1
note_off 67
time 6
note_off 45
time 45
note_off 57
time 92
note_on 62
velocity 57
time 28
note_off 62
time 127
note_on 65
velocity 59
time 26
note_on 57
velocity 53
time 170
note_on 77
velocity 88
time 3
note_off 65
time 31
note_off 77
time 37
note_off 57
time 6
note_on 62
velocity 61
time 7
note_off 62
time 11
note_on 65
velocity 60
time 5
note_off 65
time 10
note_on 55
velocity 52
time 6
note_on 43
velocity 81
time 1
note_off 43
time 7
note_off 55
time 6
note_on 61
velocity 54
time 2
note_off 61
time 27
note_on 64
velocity 59
time 32
note_on 76
velocity 77
time 18
note_on 55
velocity 53
time 14
note_off 64
time 19
note_off 76
time 32
note_off 55
time 74
note_on 61
velocity 55
time 15
note_off 61
time 28
note_on 64
velocity 58
time 7
note_on 41
velocity 69
time 10
note_on 53
velocity 56
time 14
note_off 64
time 9
note_off 41
time 20
note_off 53
time 0
note_on 57
velocity 52
time 1
note_off 57
time 28
note_on 64
velocity 49
time 26
note_on 74
velocity 75
time 85
note_off 64
time 5
note_on 53
velocity 49
time 2
note_off 74
time 61
note_off 53
time 16
note_on 57
velocity 53
time 3
note_off 57
time 6
note_on 62
velocity 55
time 2
note_on 40
velocity 63
time 188
note_on 52
velocity 48
time 1
note_off 62
time 1
note_off 40
time 16
note_off 52
time 0
note_on 55
velocity 52
time 0
note_off 55
time 15
note_on 62
velocity 54
time 1
note_off 62
time 195
note_on 52
velocity 48
time 7
note_on 73
velocity 72
time 1
note_off 73
time 82
note_off 52
time 20
note_on 55
velocity 48
time 15
note_off 55
time 11
note_on 61
velocity 58
time 2
note_off 61
time 49
note_on 50
velocity 45
time 126
note_on 38
velocity 56
time 19
note_off 38
time 14
note_off 50
time 9
note_on 77
velocity 75
time 342
note_on 79
velocity 82
time 75
note_off 77
time 23
note_on 81
velocity 86
time 0
note_off 79
time 33
note_on 79
velocity 81
time 523
note_off 81
time 66
note_on 77
velocity 88
time 123
note_off 79
time 89
note_on 76
velocity 89
time 63
note_on 58
velocity 52
time 42
note_off 77
time 6
note_on 62
velocity 55
time 52
note_on 64
velocity 58
time 33
note_on 74
velocity 88
time 44
note_on 67
velocity 75
time 10
note_off 76
time 9
note_on 73
velocity 87
time 11
note_off 74
time 9
note_off 58
time 23
note_off 67
time 19
note_off 62
time 20
note_off 64
time 2
note_on 74
velocity 92
time 19
note_off 73
time 24
note_off 74
time 39
note_on 57
velocity 50
time 183
note_on 61
velocity 50
time 44
note_on 64
velocity 50
time 18
note_on 74
velocity 76
time 7
note_on 67
velocity 57
time 15
note_on 73
velocity 75
time 15
note_off 74
time 1
note_on 74
velocity 71
time 2
note_off 73
time 2
note_on 73
velocity 73
time 36
note_off 74
time 36
note_off 73
time 5
note_on 78
velocity 58
time 298
note_on 79
velocity 73
time 48
note_off 57
time 7
note_off 78
time 6
note_off 67
time 3
note_off 64
time 0
note_on 81
velocity 69
time 5
note_off 61
time 3
note_off 79
time 11
note_on 78
velocity 56
time 544
note_off 81
time 128
note_on 76
velocity 60
time 59
note_off 78
time 39
note_off 76
time 96
note_on 74
velocity 61
time 35
note_on 50
velocity 28
time 40
note_on 54
velocity 36
time 15
note_on 57
velocity 35
time 33
note_on 62
velocity 50
time 58
note_on 60
velocity 42
time 3
note_on 72
velocity 59
time 32
note_off 74
time 22
note_off 50
time 3
note_off 54
time 9
note_off 57
time 1
note_on 70
velocity 61
time 6
note_off 72
time 5
note_off 60
time 11
note_off 62
time 1
note_on 69
velocity 59
time 85
note_off 70
time 5
note_off 69
time 42
note_on 55
velocity 44
time 147
note_on 72
velocity 66
time 45
note_on 58
velocity 46
time 7
note_off 72
time 9
note_on 62
velocity 48
time 0
note_on 70
velocity 65
time 10
note_off 70
time 0
note_on 72
velocity 59
time 5
note_on 70
velocity 66
time 48
note_off 72
time 11
note_off 70
time 11
note_off 58
time 147
note_off 62
time 18
note_off 55
time 29
note_on 76
velocity 72
time 111
note_on 77
velocity 83
time 36
note_off 76
time 16
note_on 79
velocity 89
time 11
note_off 77
time 46
note_on 76
velocity 67
time 28
note_off 79
time 13
note_off 76
time 48
note_on 74
velocity 77
time 1
note_off 74
time 74
note_on 72
velocity 69
time 44
note_off 72
time 41
note_on 72
velocity 69
time 88
note_on 62
velocity 64
time 14
note_on 67
velocity 55
time 5
note_on 70
velocity 78
time 0
note_off 72
time 3
note_off 70
time 6
note_off 67
time 36
note_on 69
velocity 64
time 7
note_off 69
time 59
note_on 70
velocity 65
time 52
note_off 70
time 45
note_off 62
time 109
note_on 61
velocity 60
time 7
note_on 67
velocity 56
time 1
note_on 69
velocity 64
time 3
note_off 69
time 55
note_off 67
time 45
note_on 70
velocity 68
time 63
note_off 70
time 41
note_on 69
velocity 69
time 65
note_off 69
time 79
note_on 72
velocity 84
time 29
note_off 61
time 22
note_on 62
velocity 76
time 1
note_on 67
velocity 71
time 6
note_on 70
velocity 82
time 9
note_off 72
time 35
note_off 70
time 36
note_off 67
time 19
note_on 69
velocity 69
time 91
note_off 69
time 70
note_on 70
velocity 75
time 63
note_off 70
time 72
note_on 69
velocity 72
time 100
note_on 67
velocity 59
time 5
note_on 61
velocity 56
time 3
note_off 62
time 20
note_off 69
time 42
note_off 67
time 50
note_on 70
velocity 72
time 20
note_off 70
time 45
note_on 69
velocity 62
time 87
note_off 69
time 37
note_on 72
velocity 75
time 95
note_off 61
time 18
note_on 62
velocity 62
time 15
note_on 67
velocity 56
time 9
note_off 72
time 11
note_on 70
velocity 73
time 1
note_off 70
time 9
note_on 72
velocity 57
time 26
note_off 67
time 1
note_on 70
velocity 73
time 61
note_off 72
time 9
note_off 70
time 66
note_on 69
velocity 65
time 19
note_on 70
velocity 65
time 78
note_off 69
time 7
note_off 70
time 58
note_on 69
velocity 74
time 55
note_on 67
velocity 60
time 6
note_on 61
velocity 58
time 2
note_off 62
time 31
note_off 69
time 29
note_off 61
time 74
note_off 67
time 5
note_on 71
velocity 79
time 9
note_off 71
time 48
note_on 73
velocity 84
time 87
note_off 73
time 63
note_on 58
velocity 50
time 20
note_on 62
velocity 54
time 39
note_on 76
velocity 84
time 32
note_on 64
velocity 66
time 1
note_on 67
velocity 75
time 7
note_on 74
velocity 90
time 9
note_off 76
time 45
note_off 74
time 3
note_on 73
velocity 87
time 10
note_off 62
time 2
note_off 58
time 9
note_off 73
time 14
note_off 67
time 14
note_off 64
time 2
note_on 74
velocity 85
time 54
note_off 74
time 7
note_on 73
velocity 79
time 18
note_on 57
velocity 52
time 10
note_on 67
velocity 56
time 0
note_on 61
velocity 51
time 2
note_on 64
velocity 45
time 1
note_off 73
time 14
note_on 74
velocity 78
time 1
note_off 57
time 11
note_off 67
time 11
note_off 64
time 3
note_off 61
time 2
note_off 74
time 0
note_on 73
velocity 74
time 2
note_off 73
time 45
note_on 76
velocity 73
time 72
note_on 58
velocity 47
time 6
note_on 62
velocity 47
time 13
note_on 67
velocity 54
time 24
note_on 64
velocity 42
time 5
note_off 76
time 7
note_on 74
velocity 71
time 5
note_off 74
time 78
note_on 76
velocity 68
time 3
note_off 62
time 65
note_off 76
time 1
note_on 74
velocity 66
time 3
note_off 58
time 35
note_off 64
time 2
note_off 67
time 0
note_off 74
time 27
note_on 73
velocity 70
time 6
note_off 73
time 70
note_on 74
velocity 69
time 2
note_on 73
velocity 66
time 110
note_off 74
time 0
note_on 61
velocity 50
time 37
note_on 67
velocity 54
time 6
note_on 57
velocity 41
time 3
note_on 64
velocity 46
time 0
note_off 73
time 48
note_on 74
velocity 72
time 82
note_off 64
time 26
note_off 67
time 0
note_off 61
time 3
note_off 57
time 6
note_off 74
time 36
note_on 76
velocity 78
time 62
note_off 76
time 61
note_on 79
velocity 78
time 79
note_on 62
velocity 53
time 27
note_on 65
velocity 50
time 5
note_on 77
velocity 72
time 2
note_on 69
velocity 44
time 2
note_off 79
time 33
note_off 77
time 49
note_off 65
time 37
note_off 62
time 1
note_on 76
velocity 87
time 27
note_off 69
time 7
note_off 76
time 63
note_on 77
velocity 90
time 75
note_off 77
time 67
note_on 76
velocity 87
time 84
note_on 67
velocity 53
time 2
note_on 69
velocity 55
time 2
note_on 64
velocity 55
time 13
note_on 61
velocity 51
time 13
note_off 76
time 40
note_off 67
time 37
note_off 69
time 11
note_on 77
velocity 84
time 32
note_off 77
time 59
note_on 76
velocity 83
time 69
note_off 76
time 54
note_off 64
time 42
note_on 79
velocity 83
time 32
note_off 61
time 14
note_on 65
velocity 53
time 5
note_on 69
velocity 53
time 10
note_on 62
velocity 57
time 10
note_off 79
time 28
note_off 65
time 3
note_on 77
velocity 75
time 1
note_off 69
time 26
note_on 79
velocity 71
time 45
note_off 77
time 1
note_on 77
velocity 73
time 74
note_off 79
time 15
note_off 77
time 70
note_on 76
velocity 74
time 3
note_off 76
time 63
note_on 77
velocity 74
time 24
note_off 62
time 16
note_off 77
time 57
note_on 64
velocity 54
time 3
note_on 69
velocity 53
time 0
note_on 76
velocity 80
time 0
note_on 67
velocity 42
time 9
note_on 61
velocity 49
time 3
note_off 76
time 55
note_off 67
time 6
note_off 69
time 23
note_on 74
velocity 76
time 83
note_off 74
time 65
note_off 64
time 53
note_on 76
velocity 75
time 14
note_off 76
time 71
note_on 69
velocity 55
time 91
note_on 77
velocity 76
time 0
note_on 62
velocity 52
time 5
note_on 65
velocity 49
time 13
note_off 61
time 57
note_off 77
time 1
note_off 69
time 18
note_off 62
time 15
note_off 65
time 5
note_on 76
velocity 73
time 40
note_off 76
time 55
note_on 77
velocity 74
time 93
note_off 77
time 50
note_on 79
velocity 76
time 104
note_on 58
velocity 53
time 23
note_on 62
velocity 49
time 1
note_on 67
velocity 50
time 3
note_off 79
time 36
note_off 62
time 19
note_off 67
time 11
note_off 58
time 23
note_on 77
velocity 72
time 52
note_off 77
time 53
note_on 76
velocity 69
time 95
note_off 76
time 37
note_on 67
velocity 53
time 136
note_on 74
velocity 71
time 0
note_on 62
velocity 50
time 6
note_on 58
velocity 45
time 11
note_on 55
velocity 38
time 1
note_off 74
time 29
note_off 62
time 11
note_off 67
time 3
note_off 55
time 2
note_off 58
time 3
note_on 73
velocity 62
time 67
note_off 73
time 52
note_on 74
velocity 67
time 97
note_off 74
time 55
note_on 57
velocity 61
time 125
note_on 73
velocity 65
time 0
note_off 57
time 3
note_off 73
time 7
note_on 69
velocity 59
time 39
note_on 76
velocity 65
time 147
note_off 69
time 46
note_on 73
velocity 70
time 18
note_on 81
velocity 91
time 0
note_off 76
time 3
note_off 81
time 22
note_off 73
time 49
note_on 69
velocity 55
time 54
note_on 76
velocity 61
time 132
note_off 76
time 52
note_off 69
time 2
note_on 78
velocity 76
time 3
note_on 86
velocity 91
time 0
note_off 86
time 0
note_on 74
velocity 68
time 82
note_off 78
time 1
note_on 69
velocity 62
time 140
note_off 74
time 33
note_on 79
velocity 81
time 145
note_on 45
velocity 83
time 5
note_off 69
time 5
note_off 45
time 6
note_on 76
velocity 63
time 114
note_off 79
time 14
note_on 69
velocity 59
time 130
note_off 76
time 0
note_on 78
velocity 61
time 196
note_off 69
time 16
note_on 38
velocity 75
time 15
note_off 38
time 9
note_on 74
velocity 68
time 3
note_off 78
time 2
note_off 74
time 123
note_on 69
velocity 62
time 27
note_on 81
velocity 104
time 1
note_on 76
velocity 70
time 5
note_off 69
time 9
note_off 81
time 19
note_on 73
velocity 73
time 48
note_off 76
time 1
note_off 73
time 58
note_on 69
velocity 64
time 16
note_on 78
velocity 79
time 3
note_on 86
velocity 96
time 10
note_off 69
time 1
note_off 86
time 2
note_on 74
velocity 74
time 10
note_off 78
time 13
note_on 69
velocity 62
time 83
note_off 74
time 6
note_on 79
velocity 82
time 6
note_on 45
velocity 81
time 3
note_off 69
time 16
note_off 45
time 7
note_on 76
velocity 65
time 110
note_off 79
time 11
note_off 76
time 70
note_on 69
velocity 56
time 26
note_off 69
time 14
note_on 78
velocity 78
time 2
note_on 38
velocity 67
time 2
note_off 38
time 10
note_off 78
time 6
note_on 74
velocity 69
time 6
note_off 74
time 110
note_on 69
velocity 54
time 39
note_off 69
time 36
note_on 81
velocity 94
time 16
note_on 61
velocity 55
time 5
note_off 81
time 27
note_on 64
velocity 61
time 0
note_off 61
time 1
note_off 64
time 53
note_on 69
velocity 57
time 14
note_off 69
time 200
note_on 86
velocity 92
time 6
note_on 62
velocity 57
time 14
note_off 86
time 26
note_on 66
velocity 60
time 9
note_off 62
time 1
note_off 66
time 1
note_on 69
velocity 44
time 22
note_on 57
velocity 49
time 134
note_on 45
velocity 82
time 3
note_off 69
time 15
note_off 45
time 2
note_off 57
time 45
note_on 64
velocity 54
time 49
note_off 64
time 125
note_on 69
velocity 45
time 23
note_on 38
velocity 81
time 170
note_off 69
time 15
note_on 62
velocity 58
time 15
note_off 38
time 10
note_off 62
time 118
note_on 66
velocity 53
time 39
note_off 66
time 109
note_on 69
velocity 48
time 45
note_on 81
velocity 84
time 87
note_off 69
time 16
note_on 61
velocity 54
time 13
note_off 81
time 29
note_on 64
velocity 55
time 128
note_off 61
time 45
note_off 64
time 62
note_on 69
velocity 51
time 22
note_on 86
velocity 84
time 191
note_off 69
time 24
note_on 62
velocity 53
time 5
note_off 86
time 11
note_off 62
time 105
note_on 66
velocity 52
time 7
note_on 69
velocity 48
time 140
note_off 66
time 11
note_on 45
velocity 71
time 152
note_on 57
velocity 52
time 2
note_off 69
time 7
note_off 45
time 63
note_off 57
time 70
note_on 64
velocity 54
time 31
note_off 64
time 135
note_on 69
velocity 49
time 6
note_off 69
time 52
note_on 38
velocity 56
time 226
note_on 62
velocity 53
time 14
note_off 38
time 18
note_off 62
time 19
note_on 50
velocity 49
time 386
note_on 66
velocity 71
time 1
note_off 50
time 3
note_off 66
time 24
note_on 67
velocity 60
time 19
note_on 66
velocity 64
time 61
note_on 59
velocity 54
time 26
note_off 67
time 0
note_off 59
time 40
note_off 66
time 7
note_on 64
velocity 65
time 7
note_on 66
velocity 55
time 88
note_off 64
time 1
note_on 52
velocity 52
time 61
note_on 67
velocity 73
time 18
note_off 52
time 26
note_off 66
time 0
note_off 67
time 45
note_on 69
velocity 61
time 26
note_on 67
velocity 63
time 70
note_off 69
time 22
note_on 61
velocity 53
time 19
note_off 67
time 40
note_off 61
time 2
note_on 66
velocity 73
time 5
note_off 66
time 67
note_on 67
velocity 59
time 18
note_on 54
velocity 53
time 61
note_on 69
velocity 72
time 7
note_off 67
time 9
note_off 54
time 32
note_off 69
time 28
note_on 71
velocity 65
time 11
note_on 69
velocity 67
time 84
note_off 71
time 11
note_on 62
velocity 63
time 32
note_off 69
time 14
note_off 62
time 3
note_on 67
velocity 71
time 3
note_on 69
velocity 62
time 11
note_off 67
time 1
note_on 55
velocity 54
time 2
note_on 71
velocity 71
time 3
note_off 55
time 6
note_off 69
time 0
note_off 71
time 5
note_on 73
velocity 69
time 0
note_on 71
velocity 70
time 1
note_off 73
time 6
note_on 64
velocity 58
time 15
note_off 71
time 29
note_off 64
time 10
note_on 69
velocity 68
time 13
note_on 71
velocity 56
time 1
note_off 69
time 15
note_on 73
velocity 75
time 63
note_on 57
velocity 58
time 11
note_off 71
time 29
note_off 57
time 9
note_on 74
velocity 70
time 28
note_off 73
time 5
note_on 73
velocity 65
time 44
note_off 74
time 20
note_on 66
velocity 68
time 24
note_off 66
time 39
note_off 73
time 5
note_on 71
velocity 66
time 9
note_on 73
velocity 65
time 27
note_off 71
time 22
note_on 74
velocity 80
time 13
note_on 59
velocity 57
time 6
note_off 73
time 16
note_off 59
time 23
note_off 74
time 0
note_on 76
velocity 66
time 10
note_on 74
velocity 74
time 2
note_off 76
time 18
note_on 67
velocity 58
time 13
note_off 74
time 7
note_on 73
velocity 74
time 7
note_off 67
time 10
note_off 73
time 1
note_on 74
velocity 76
time 18
note_on 76
velocity 80
time 6
note_on 61
velocity 67
time 2
note_off 74
time 7
note_off 61
time 15
note_off 76
time 2
note_on 78
velocity 80
time 5
note_on 76
velocity 80
time 11
note_off 78
time 1
note_on 69
velocity 68
time 14
note_off 76
time 6
note_off 69
time 7
note_on 74
velocity 81
time 5
note_on 76
velocity 74
time 13
note_off 74
time 5
note_on 62
velocity 66
time 10
note_on 78
velocity 85
time 7
note_off 62
time 2
note_off 76
time 0
note_on 79
velocity 77
time 15
note_off 78
time 0
note_on 78
velocity 78
time 15
note_off 79
time 5
note_on 71
velocity 76
time 9
note_on 76
velocity 82
time 19
note_off 78
time 0
note_off 71
time 2
note_on 78
velocity 80
time 58
note_off 76
time 20
note_on 64
velocity 73
time 54
note_on 79
velocity 88
time 1
note_off 78
time 41
note_off 64
time 15
note_off 79
time 23
note_on 81
velocity 77
time 1
note_on 79
velocity 82
time 74
note_off 81
time 26
note_on 73
velocity 80
time 14
note_on 78
velocity 83
time 36
note_off 79
time 1
note_off 73
time 22
note_off 78
time 48
note_on 79
velocity 83
time 3
note_on 81
velocity 91
time 78
note_on 66
velocity 82
time 5
note_off 79
time 3
note_off 66
time 69
note_off 81
time 3
note_on 83
velocity 84
time 1
note_on 81
velocity 86
time 74
note_off 83
time 28
note_on 74
velocity 90
time 11
note_off 81
time 31
note_on 79
velocity 86
time 6
note_off 74
time 26
note_on 81
velocity 77
time 46
note_off 79
time 10
note_on 67
velocity 91
time 65
note_on 83
velocity 96
time 0
note_off 81
time 31
note_off 67
time 26
note_off 83
time 0
note_on 69
velocity 83
time 205
note_on 85
velocity 91
time 0
note_off 69
time 62
note_off 85
time 41
note_on 86
velocity 85
time 128
note_on 71
velocity 80
time 5
note_off 71
time 57
note_on 85
velocity 84
time 37
note_off 86
time 44
note_on 83
velocity 86
time 58
note_off 85
time 44
note_on 81
velocity 86
time 59
note_off 83
time 44
note_on 67
velocity 82
time 32
note_on 79
velocity 86
time 16
note_off 81
time 3
note_off 67
time 37
note_on 78
velocity 90
time 59
note_off 79
time 9
note_on 76
velocity 86
time 87
note_off 78
time 23
note_off 76
time 65
note_on 74
velocity 86
time 14
note_on 76
velocity 87
time 113
note_on 69
velocity 73
time 20
note_off 74
time 18
note_off 69
time 71
note_on 81
velocity 81
time 9
note_off 76
time 13
note_on 79
velocity 26
time 36
note_off 79
time 1
note_on 79
velocity 45
time 39
note_off 81
time 23
note_on 78
velocity 83
time 91
note_off 79
time 44
note_on 76
velocity 84
time 63
note_on 57
velocity 63
time 7
note_off 78
time 46
note_off 76
time 42
note_on 74
velocity 82
time 7
note_off 57
time 7
note_on 73
velocity 80
time 13
note_off 74
time 11
note_on 71
velocity 82
time 75
note_off 73
time 48
note_on 69
velocity 75
time 170
note_off 71
time 28
note_on 71
velocity 70
time 3
note_off 69
time 3
note_off 71
time 11
note_on 69
velocity 69
time 3
note_on 71
velocity 63
time 13
note_off 69
time 1
note_on 69
velocity 64
time 9
note_off 71
time 6
note_on 71
velocity 67
time 0
note_off 69
time 9
note_on 54
velocity 65
time 9
note_on 69
velocity 63
time 15
note_off 71
time 5
note_on 71
velocity 65
time 2
note_off 69
time 7
note_on 62
velocity 71
time 13
note_on 69
velocity 70
time 5
note_off 71
time 18
note_off 62
time 39
note_off 69
time 10
note_off 54
time 6
note_on 67
velocity 76
time 5
note_on 69
velocity 79
time 71
note_off 67
time 35
note_on 55
velocity 80
time 98
note_on 71
velocity 68
time 151
note_off 69
time 15
note_off 71
time 28
note_on 73
velocity 71
time 9
note_on 64
velocity 61
time 16
note_on 71
velocity 70
time 14
note_off 73
time 9
note_off 55
time 6
note_off 64
time 3
note_off 71
time 7
note_on 69
velocity 75
time 18
note_on 71
velocity 67
time 5
note_off 69
time 24
note_on 57
velocity 89
time 41
note_on 73
velocity 80
time 22
note_off 71
time 49
note_on 74
velocity 75
time 39
note_off 73
time 9
note_on 73
velocity 71
time 61
note_off 74
time 1
note_on 66
velocity 71
time 2
note_off 73
time 16
note_on 71
velocity 76
time 0
note_off 57
time 16
note_off 66
time 3
note_on 73
velocity 73
time 35
note_off 71
time 40
note_on 74
velocity 81
time 65
note_on 59
velocity 87
time 6
note_off 73
time 29
note_off 74
time 3
note_on 76
velocity 77
time 0
note_on 74
velocity 72
time 54
note_off 76
time 22
note_on 67
velocity 72
time 16
note_off 59
time 5
note_on 73
velocity 75
time 11
note_off 74
time 0
note_off 67
time 6
note_off 73
time 2
note_on 74
velocity 73
time 7
note_on 61
velocity 73
time 52
note_on 76
velocity 76
time 3
note_off 74
time 9
note_off 76
time 19
note_on 78
velocity 75
time 11
note_on 76
velocity 71
time 0
note_off 78
time 1
note_on 69
velocity 60
time 11
note_off 76
time 7
note_off 61
time 2
note_off 69
time 0
note_on 74
velocity 70
time 0
note_off 74
time 3
note_on 76
velocity 63
time 1
note_on 78
velocity 74
time 20
note_on 62
velocity 62
time 23
note_off 76
time 7
note_off 78
time 26
note_on 79
velocity 66
time 0
note_on 78
velocity 64
time 83
note_off 79
time 15
note_on 71
velocity 58
time 9
note_off 62
time 2
note_off 78
time 5
note_off 71
time 11
note_on 76
velocity 64
time 1
note_on 78
velocity 61
time 13
note_off 76
time 3
note_on 79
velocity 73
time 6
note_off 78
time 6
note_on 64
velocity 54
time 7
note_off 79
time 15
note_on 81
velocity 63
time 16
note_off 81
time 0
note_on 79
velocity 63
time 5
note_off 64
time 5
note_on 73
velocity 62
time 15
note_off 79
time 3
note_on 78
velocity 64
time 13
note_off 73
time 18
note_off 78
time 13
note_on 79
velocity 62
time 1
note_off 79
time 14
note_on 81
velocity 74
time 3
note_on 66
velocity 62
time 16
note_off 81
time 27
note_on 83
velocity 61
time 19
note_on 81
velocity 68
time 11
note_off 83
time 0
note_off 66
time 7
note_off 81
time 11
note_on 74
velocity 61
time 7
note_on 79
velocity 65
time 31
note_off 74
time 11
note_off 79
time 36
note_on 81
velocity 61
time 18
note_on 83
velocity 71
time 3
note_off 81
time 13
note_on 67
velocity 51
time 13
note_off 83
time 27
note_off 67
time 16
note_on 85
velocity 74
time 190
note_on 69
velocity 52
time 16
note_off 69
time 42
note_off 85
time 3
note_on 71
velocity 58
time 196
note_on 86
velocity 69
time 6
note_off 71
time 35
note_on 85
velocity 69
time 65
note_off 86
time 16
note_on 83
velocity 68
time 89
note_off 85
time 6
note_on 81
velocity 69
time 109
note_off 83
time 18
note_off 81
time 69
note_on 79
velocity 75
time 18
note_on 67
velocity 61
time 3
note_off 67
time 48
note_off 79
time 22
note_on 78
velocity 74
time 27
note_on 76
velocity 64
time 88
note_off 78
time 24
note_off 76
time 53
note_on 74
velocity 69
time 1
note_off 74
time 41
note_on 69
velocity 53
time 108
note_on 74
velocity 65
time 22
note_off 69
time 19
note_off 74
time 15
note_on 76
velocity 64
time 20
note_off 76
time 41
note_on 78
velocity 70
time 20
note_off 78
time 74
note_on 76
velocity 65
time 3
note_off 76
time 44
note_on 78
velocity 56
time 22
note_off 78
time 69
note_on 76
velocity 61
time 5
note_off 76
time 42
note_on 78
velocity 62
time 27
note_on 57
velocity 49
time 22
note_off 57
time 45
note_off 78
time 2
note_on 76
velocity 60
time 14
note_off 76
time 45
note_on 78
velocity 62
time 14
note_off 78
time 74
note_on 76
velocity 62
time 3
note_off 76
time 59
note_on 74
velocity 64
time 11
note_off 74
time 69
note_on 76
velocity 57
time 35
note_on 50
velocity 44
time 98
note_off 76
time 0
note_on 74
velocity 66
time 3
note_off 74
time 7
note_off 50
time 0
note_on 86
velocity 84
time 393
note_on 78
velocity 65
time 9
note_off 86
time 31
note_off 78
time 127
note_on 74
velocity 66
time 10
note_on 69
velocity 52
time 153
note_off 74
time 7
note_on 43
velocity 77
time 15
note_on 79
velocity 69
time 0
note_off 69
time 13
note_off 43
time 20
note_off 79
time 104
note_on 76
velocity 61
time 14
note_off 76
time 147
note_on 69
velocity 53
time 26
note_on 45
velocity 71
time 165
note_off 69
time 2
note_on 76
velocity 63
time 7
note_off 45
time 28
note_off 76
time 114
note_on 73
velocity 57
time 16
note_off 73
time 113
note_on 69
velocity 50
time 32
note_off 69
time 143
note_on 38
velocity 58
time 20
note_on 78
velocity 66
time 1
note_off 38
time 16
note_off 78
time 61
note_on 74
velocity 65
time 18
note_off 74
time 128
note_on 69
velocity 55
time 18
note_off 69
time 33
note_on 86
velocity 90
time 160
note_on 54
velocity 54
time 13
note_off 86
time 33
note_on 57
velocity 57
time 121
note_off 54
time 71
note_off 57
time 29
note_on 62
velocity 62
time 37
note_on 43
velocity 82
time 180
note_off 62
time 1
note_on 55
velocity 65
time 2
note_off 43
time 20
note_on 59
velocity 67
time 105
note_off 55
time 36
note_off 59
time 89
note_on 62
velocity 54
time 46
note_off 62
time 158
note_on 45
velocity 73
time 18
note_on 57
velocity 65
time 9
note_off 45
time 46
note_off 57
time 92
note_on 61
velocity 58
time 15
note_off 61
time 113
note_on 64
velocity 55
time 37
note_off 64
time 42
note_on 38
velocity 64
time 173
note_on 50
velocity 61
time 0
note_off 38
time 11
note_off 50
time 1
note_on 86
velocity 87
time 457
note_on 78
velocity 73
time 14
note_off 86
time 10
note_off 78
time 125
note_on 74
velocity 66
time 9
note_on 69
velocity 63
time 152
note_off 74
time 19
note_on 43
velocity 83
time 7
note_on 79
velocity 82
time 3
note_off 69
time 3
note_off 43
time 9
note_on 76
velocity 71
time 7
note_off 79
time 7
note_on 69
velocity 72
time 9
note_off 76
time 6
note_on 45
velocity 70
time 19
note_on 76
velocity 73
time 7
note_off 69
time 1
note_off 45
time 6
note_off 76
time 7
note_on 73
velocity 76
time 10
note_off 73
time 3
note_on 69
velocity 77
time 9
note_off 69
time 18
note_on 78
velocity 73
time 2
note_on 38
velocity 63
time 13
note_off 38
time 10
note_off 78
time 9
note_on 79
velocity 78
time 3
note_on 81
velocity 88
time 71
note_off 79
time 22
note_on 67
velocity 80
time 153
note_on 83
velocity 82
time 9
note_off 81
time 29
note_off 67
time 53
note_on 81
velocity 89
time 67
note_off 83
time 10
note_off 81
time 105
note_on 79
velocity 86
time 28
note_on 69
velocity 70
time 152
note_on 78
velocity 84
time 5
note_off 79
time 23
note_off 69
time 55
note_on 79
velocity 89
time 67
note_off 78
time 15
note_on 76
velocity 81
time 123
note_off 79
time 20
note_off 76
time 141
note_on 74
velocity 80
time 9
note_on 57
velocity 78
time 15
note_off 57
time 111
note_on 76
velocity 76
time 36
note_off 74
time 28
note_on 73
velocity 77
time 111
note_off 76
time 14
note_on 74
velocity 81
time 154
note_on 62
velocity 68
time 9
note_off 73
time 31
note_off 62
time 41
note_on 73
velocity 78
time 84
note_off 74
time 40
note_on 71
velocity 76
time 102
note_off 73
time 32
note_on 69
velocity 73
time 138
note_off 71
time 5
note_on 55
velocity 65
time 3
note_off 55
time 95
note_off 69
time 55
note_on 71
velocity 74
time 2
note_on 67
velocity 76
time 156
note_off 71
time 3
note_on 66
velocity 73
time 165
note_on 57
velocity 57
time 2
note_off 67
time 18
note_off 57
time 110
note_on 67
velocity 76
time 29
note_off 66
time 6
note_on 64
velocity 74
time 141
note_off 67
time 19
note_on 62
velocity 70
time 205
note_on 45
velocity 50
time 9
note_off 64
time 9
note_off 45
time 13
note_on 64
velocity 65
time 11
note_off 62
time 3
note_on 61
velocity 72
time 15
note_off 64
time 18
note_off 61
time 18
note_on 38
velocity 48
time 31
note_on 61
velocity 54
time 92
note_off 61
time 16
note_on 62
velocity 64
time 20
note_off 62
time 18
note_on 64
velocity 61
time 7
note_off 64
time 9
note_on 62
velocity 63
time 10
note_off 62
time 11
note_on 64
velocity 53
time 7
note_off 64
time 0
note_on 62
velocity 62
time 16
note_off 62
time 54
note_on 64
velocity 61
time 14
note_off 64
time 54
note_on 62
velocity 57
time 6
note_off 62
time 53
note_on 64
velocity 61
time 20
note_off 64
time 61
note_on 62
velocity 54
time 10
note_off 62
time 52
note_on 64
velocity 59
time 13
note_off 64
time 55
note_on 62
velocity 59
time 20
note_off 62
time 54
note_on 64
velocity 49
time 20
note_on 62
velocity 51
time 61
note_off 64
time 108
note_off 62
time 1565
note_off 38
time 27
