note_on 69
velocity 45
time 983
note_on 57
velocity 29
time 37
note_on 57
velocity 0
time 591
note_on 73
velocity 61
time 675
note_on 57
velocity 31
time 70
note_on 69
velocity 0
time 9
note_on 57
velocity 0
time 113
note_on 78
velocity 61
time 777
note_on 57
velocity 31
time 76
note_on 73
velocity 0
time 110
note_on 57
velocity 0
time 83
note_on 76
velocity 59
time 62
note_on 78
velocity 0
time 233
note_on 57
velocity 35
time 505
note_on 74
velocity 58
time 229
note_on 57
velocity 0
time 70
note_on 76
velocity 0
time 16
note_on 73
velocity 67
time 242
note_on 74
velocity 0
time 92
note_on 71
velocity 62
time 324
note_on 50
velocity 32
time 85
note_on 73
velocity 0
time 5
note_on 50
velocity 0
time 212
note_on 78
velocity 65
time 138
note_on 71
velocity 0
time 239
note_on 50
velocity 30
time 575
note_on 50
velocity 0
time 138
note_on 76
velocity 56
time 11
note_on 74
velocity 62
time 364
note_on 78
velocity 0
time 278
note_on 76
velocity 0
time 26
note_on 50
velocity 29
time 106
note_on 73
velocity 58
time 160
note_on 50
velocity 0
time 7
note_on 71
velocity 55
time 381
note_on 74
velocity 0
time 226
note_on 73
velocity 0
time 35
note_on 50
velocity 34
time 158
note_on 69
velocity 54
time 141
note_on 50
velocity 0
time 152
note_on 71
velocity 0
time 58
note_on 69
velocity 0
time 110
note_on 68
velocity 60
time 520
note_on 59
velocity 35
time 93
note_on 50
velocity 27
time 20
note_on 50
velocity 0
time 79
note_on 76
velocity 65
time 117
note_on 68
velocity 0
time 260
note_on 57
velocity 37
time 483
note_on 49
velocity 35
time 37
note_on 59
velocity 0
time 32
note_on 73
velocity 59
time 125
note_on 76
velocity 0
time 170
note_on 49
velocity 0
time 79
note_on 57
velocity 0
time 10
note_on 73
velocity 0
time 29
note_on 68
velocity 60
time 483
note_on 49
velocity 37
time 58
note_on 57
velocity 31
time 6
note_on 69
velocity 51
time 419
note_on 68
velocity 0
time 113
note_on 57
velocity 0
time 9
note_on 69
velocity 0
time 55
note_on 49
velocity 0
time 11
note_on 63
velocity 55
time 442
note_on 57
velocity 34
time 62
note_on 49
velocity 36
time 9
note_on 64
velocity 41
time 389
note_on 63
velocity 0
time 135
note_on 57
velocity 0
time 32
note_on 64
velocity 0
time 80
note_on 49
velocity 0
time 6
note_on 66
velocity 49
time 440
note_on 57
velocity 35
time 48
note_on 50
velocity 28
time 26
note_on 68
velocity 53
time 1
note_on 66
velocity 0
time 87
note_on 69
velocity 51
time 0
note_on 68
velocity 0
time 11
note_on 57
velocity 0
time 44
note_on 50
velocity 0
time 35
note_on 68
velocity 57
time 166
note_on 69
velocity 0
time 49
note_on 68
velocity 0
time 33
note_on 71
velocity 53
time 276
note_on 57
velocity 36
time 39
note_on 50
velocity 35
time 14
note_on 73
velocity 64
time 15
note_on 71
velocity 0
time 87
note_on 74
velocity 72
time 36
note_on 50
velocity 0
time 15
note_on 73
velocity 0
time 45
note_on 57
velocity 0
time 5
note_on 73
velocity 72
time 242
note_on 74
velocity 0
time 26
note_on 73
velocity 0
time 54
note_on 81
velocity 66
time 287
note_on 59
velocity 38
time 54
note_on 52
velocity 36
time 24
note_on 80
velocity 72
time 71
note_on 81
velocity 0
time 53
note_on 83
velocity 71
time 1
note_on 80
velocity 0
time 0
note_on 52
velocity 0
time 10
note_on 59
velocity 0
time 11
note_on 81
velocity 74
time 220
note_on 83
velocity 0
time 89
note_on 80
velocity 65
time 253
note_on 59
velocity 36
time 33
note_on 52
velocity 35
time 0
note_on 81
velocity 0
time 13
note_on 78
velocity 60
time 79
note_on 80
velocity 0
time 75
note_on 76
velocity 57
time 18
note_on 78
velocity 0
time 18
note_on 59
velocity 0
time 45
note_on 52
velocity 0
time 53
note_on 76
velocity 0
time 62
note_on 74
velocity 62
time 161
note_on 73
velocity 50
time 421
note_on 45
velocity 37
time 72
note_on 71
velocity 54
time 5
note_on 73
velocity 0
time 7
note_on 74
velocity 0
time 5
note_on 69
velocity 52
time 16
note_on 71
velocity 0
time 85
note_on 69
velocity 0
time 286
note_on 57
velocity 34
time 453
note_on 45
velocity 0
time 156
note_on 73
velocity 63
time 220
note_on 57
velocity 0
time 212
note_on 57
velocity 36
time 695
note_on 57
velocity 0
time 375
note_on 75
velocity 69
time 0
note_on 73
velocity 0
time 247
note_on 64
velocity 37
time 445
note_on 57
velocity 31
time 29
note_on 76
velocity 66
time 175
note_on 64
velocity 0
time 49
note_on 57
velocity 0
time 15
note_on 75
velocity 0
time 46
note_on 73
velocity 75
time 216
note_on 76
velocity 0
time 221
note_on 70
velocity 68
time 114
note_on 64
velocity 37
time 61
note_on 56
velocity 38
time 2
note_on 73
velocity 0
time 70
note_on 71
velocity 65
time 7
note_on 70
velocity 0
time 53
note_on 75
velocity 68
time 20
note_on 56
velocity 0
time 49
note_on 64
velocity 0
time 29
note_on 71
velocity 0
time 138
note_on 64
velocity 29
time 526
note_on 56
velocity 32
time 2
note_on 76
velocity 48
time 151
note_on 56
velocity 0
time 39
note_on 75
velocity 0
time 101
note_on 64
velocity 0
time 59
note_on 73
velocity 61
time 111
note_on 68
velocity 58
time 316
note_on 57
velocity 34
time 45
note_on 54
velocity 33
time 5
note_on 73
velocity 0
time 0
note_on 76
velocity 0
time 0
note_on 69
velocity 57
time 1
note_on 68
velocity 0
time 41
note_on 54
velocity 0
time 57
note_on 75
velocity 67
time 9
note_on 57
velocity 0
time 27
note_on 69
velocity 0
time 230
note_on 57
velocity 35
time 460
note_on 54
velocity 37
time 22
note_on 54
velocity 0
time 175
note_on 57
velocity 0
time 61
note_on 76
velocity 57
time 9
note_on 75
velocity 0
time 93
note_on 73
velocity 64
time 272
note_on 76
velocity 0
time 183
note_on 57
velocity 36
time 158
note_on 52
velocity 32
time 28
note_on 69
velocity 49
time 79
note_on 73
velocity 0
time 63
note_on 73
velocity 52
time 11
note_on 57
velocity 0
time 87
note_on 52
velocity 0
time 3
note_on 69
velocity 0
time 71
note_on 57
velocity 31
time 3
note_on 52
velocity 34
time 9
note_on 73
velocity 0
time 11
note_on 52
velocity 0
time 235
note_on 57
velocity 0
time 96
note_on 81
velocity 51
time 59
note_on 73
velocity 60
time 333
note_on 81
velocity 0
time 95
note_on 76
velocity 59
time 218
note_on 59
velocity 34
time 88
note_on 73
velocity 0
time 0
note_on 57
velocity 28
time 5
note_on 51
velocity 33
time 9
note_on 75
velocity 68
time 14
note_on 76
velocity 0
time 40
note_on 59
velocity 0
time 19
note_on 78
velocity 69
time 26
note_on 51
velocity 0
time 29
note_on 57
velocity 0
time 26
note_on 75
velocity 0
time 23
note_on 76
velocity 66
time 234
note_on 78
velocity 0
time 19
note_on 75
velocity 66
time 328
note_on 59
velocity 33
time 54
note_on 57
velocity 29
time 3
note_on 51
velocity 35
time 7
note_on 76
velocity 0
time 24
note_on 73
velocity 61
time 3
note_on 75
velocity 0
time 72
note_on 71
velocity 59
time 88
note_on 51
velocity 0
time 1
note_on 57
velocity 0
time 5
note_on 73
velocity 0
time 66
note_on 59
velocity 0
time 149
note_on 69
velocity 55
time 121
note_on 71
velocity 0
time 1
note_on 68
velocity 50
time 445
note_on 59
velocity 32
time 46
note_on 52
velocity 32
time 11
note_on 69
velocity 0
time 13
note_on 66
velocity 54
time 0
note_on 68
velocity 0
time 16
note_on 64
velocity 49
time 72
note_on 66
velocity 0
time 75
note_on 52
velocity 0
time 22
note_on 59
velocity 0
time 11
note_on 59
velocity 33
time 675
note_on 52
velocity 34
time 11
note_on 64
velocity 0
time 105
note_on 59
velocity 0
time 13
note_on 52
velocity 0
time 40
note_on 76
velocity 49
time 332
note_on 59
velocity 40
time 639
note_on 48
velocity 34
time 27
note_on 72
velocity 60
time 19
note_on 48
velocity 0
time 74
note_on 64
velocity 59
time 70
note_on 72
velocity 0
time 239
note_on 76
velocity 0
time 225
note_on 57
velocity 53
time 217
note_on 48
velocity 42
time 15
note_on 59
velocity 0
time 13
note_on 64
velocity 0
time 62
note_on 48
velocity 0
time 74
note_on 57
velocity 0
time 29
note_on 76
velocity 65
time 169
note_on 56
velocity 45
time 723
note_on 44
velocity 47
time 6
note_on 71
velocity 55
time 55
note_on 64
velocity 59
time 49
note_on 56
velocity 0
time 75
note_on 44
velocity 0
time 7
note_on 71
velocity 0
time 76
note_on 76
velocity 0
time 118
note_on 56
velocity 41
time 483
note_on 44
velocity 41
time 6
note_on 64
velocity 0
time 92
note_on 44
velocity 0
time 52
note_on 76
velocity 64
time 200
note_on 56
velocity 0
time 15
note_on 57
velocity 40
time 727
note_on 52
velocity 35
time 10
note_on 45
velocity 35
time 18
note_on 72
velocity 56
time 71
note_on 52
velocity 0
time 10
note_on 57
velocity 0
time 0
note_on 45
velocity 0
time 5
note_on 66
velocity 52
time 45
note_on 72
velocity 0
time 257
note_on 76
velocity 0
time 1
note_on 57
velocity 34
time 10
note_on 52
velocity 29
time 0
note_on 45
velocity 32
time 9
note_on 57
velocity 0
time 1
note_on 66
velocity 0
time 7
note_on 45
velocity 0
time 31
note_on 52
velocity 0
time 42
note_on 76
velocity 50
time 324
note_on 54
velocity 30
time 794
note_on 52
velocity 24
time 27
note_on 46
velocity 32
time 0
note_on 73
velocity 47
time 82
note_on 54
velocity 0
time 3
note_on 66
velocity 53
time 27
note_on 52
velocity 0
time 10
note_on 46
velocity 0
time 1
note_on 76
velocity 0
time 235
note_on 73
velocity 0
time 62
note_on 54
velocity 33
time 414
note_on 46
velocity 36
time 15
note_on 52
velocity 33
time 3
note_on 66
velocity 0
time 40
note_on 46
velocity 0
time 45
note_on 52
velocity 0
time 76
note_on 54
velocity 0
time 188
note_on 76
velocity 65
time 1
note_on 54
velocity 39
time 738
note_on 47
velocity 39
time 19
note_on 75
velocity 67
time 44
note_on 76
velocity 0
time 71
note_on 47
velocity 0
time 217
note_on 80
velocity 62
time 9
note_on 75
velocity 0
time 31
note_on 54
velocity 0
time 75
note_on 78
velocity 67
time 183
note_on 80
velocity 0
time 148
note_on 59
velocity 38
time 221
note_on 47
velocity 40
time 7
note_on 75
velocity 66
time 20
note_on 78
velocity 0
time 96
note_on 71
velocity 64
time 14
note_on 75
velocity 0
time 2
note_on 59
velocity 0
time 1
note_on 69
velocity 69
time 201
note_on 69
velocity 0
time 123
note_on 69
velocity 61
time 210
note_on 52
velocity 40
time 29
note_on 59
velocity 36
time 13
note_on 47
velocity 0
time 19
note_on 71
velocity 0
time 16
note_on 68
velocity 71
time 54
note_on 69
velocity 0
time 95
note_on 52
velocity 0
time 1
note_on 76
velocity 71
time 1
note_on 68
velocity 0
time 55
note_on 59
velocity 0
time 109
note_on 75
velocity 82
time 160
note_on 76
velocity 0
time 48
note_on 75
velocity 0
time 80
note_on 57
velocity 39
time 148
note_on 45
velocity 32
time 11
note_on 75
velocity 73
time 85
note_on 73
velocity 69
time 144
note_on 75
velocity 0
time 79
note_on 71
velocity 68
time 35
note_on 45
velocity 0
time 32
note_on 73
velocity 0
time 22
note_on 57
velocity 0
time 62
note_on 69
velocity 68
time 16
note_on 71
velocity 0
time 18
note_on 69
velocity 0
time 1
note_on 69
velocity 59
time 16
note_on 59
velocity 36
time 6
note_on 47
velocity 37
time 2
note_on 68
velocity 61
time 37
note_on 69
velocity 0
time 44
note_on 66
velocity 58
time 0
note_on 68
velocity 0
time 2
note_on 59
velocity 0
time 16
note_on 47
velocity 0
time 10
note_on 64
velocity 60
time 6
note_on 66
velocity 0
time 3
note_on 64
velocity 0
time 13
note_on 59
velocity 33
time 0
note_on 47
velocity 33
time 5
note_on 68
velocity 51
time 16
note_on 63
velocity 50
time 6
note_on 68
velocity 0
time 7
note_on 66
velocity 56
time 2
note_on 66
velocity 0
time 29
note_on 68
velocity 59
time 27
note_on 68
velocity 0
time 53
note_on 66
velocity 55
time 28
note_on 66
velocity 0
time 55
note_on 68
velocity 56
time 13
note_on 68
velocity 0
time 70
note_on 66
velocity 53
time 6
note_on 66
velocity 0
time 55
note_on 68
velocity 50
time 7
note_on 68
velocity 0
time 69
note_on 66
velocity 58
time 7
note_on 66
velocity 0
time 62
note_on 68
velocity 55
time 10
note_on 68
velocity 0
time 80
note_on 66
velocity 56
time 11
note_on 66
velocity 0
time 11
note_on 64
velocity 59
time 1
note_on 59
velocity 0
time 9
note_on 66
velocity 68
time 18
note_on 64
velocity 0
time 10
note_on 63
velocity 0
time 0
note_on 64
velocity 64
time 32
note_on 66
velocity 0
time 15
note_on 59
velocity 33
time 14
note_on 49
velocity 36
time 2
note_on 47
velocity 0
time 6
note_on 71
velocity 66
time 14
note_on 64
velocity 0
time 14
note_on 69
velocity 71
time 2
note_on 71
velocity 0
time 50
note_on 49
velocity 0
time 65
note_on 59
velocity 0
time 33
note_on 68
velocity 67
time 136
note_on 69
velocity 0
time 131
note_on 57
velocity 34
time 10
note_on 49
velocity 36
time 3
note_on 69
velocity 58
time 164
note_on 68
velocity 0
time 85
note_on 68
velocity 71
time 6
note_on 57
velocity 0
time 11
note_on 69
velocity 0
time 67
note_on 69
velocity 70
time 234
note_on 68
velocity 0
time 63
note_on 59
velocity 36
time 5
note_on 51
velocity 32
time 3
note_on 49
velocity 0
time 11
note_on 73
velocity 57
time 140
note_on 69
velocity 0
time 95
note_on 71
velocity 62
time 9
note_on 51
velocity 0
time 14
note_on 59
velocity 0
time 14
note_on 73
velocity 0
time 20
note_on 70
velocity 62
time 171
note_on 71
velocity 0
time 74
note_on 59
velocity 34
time 13
note_on 51
velocity 38
time 1
note_on 71
velocity 53
time 158
note_on 70
velocity 0
time 55
note_on 70
velocity 52
time 1
note_on 71
velocity 0
time 10
note_on 51
velocity 0
time 35
note_on 59
velocity 0
time 40
note_on 71
velocity 52
time 213
note_on 70
velocity 0
time 18
note_on 81
velocity 58
time 330
note_on 59
velocity 39
time 24
note_on 52
velocity 39
time 2
note_on 71
velocity 0
time 10
note_on 80
velocity 64
time 50
note_on 81
velocity 0
time 83
note_on 52
velocity 0
time 2
note_on 78
velocity 75
time 67
note_on 59
velocity 0
time 110
note_on 80
velocity 0
time 7
note_on 76
velocity 72
time 183
note_on 78
velocity 0
time 88
note_on 72
velocity 61
time 229
note_on 76
velocity 0
time 19
note_on 57
velocity 38
time 24
note_on 45
velocity 38
time 10
note_on 73
velocity 58
time 108
note_on 72
velocity 0
time 69
note_on 76
velocity 58
time 266
note_on 73
velocity 0
time 33
note_on 45
velocity 0
time 57
note_on 76
velocity 0
time 46
note_on 57
velocity 0
time 45
note_on 64
velocity 51
time 7
note_on 64
velocity 0
time 196
note_on 68
velocity 57
time 311
note_on 64
velocity 37
time 32
note_on 59
velocity 33
time 22
note_on 47
velocity 37
time 11
note_on 64
velocity 0
time 63
note_on 47
velocity 0
time 91
note_on 59
velocity 0
time 28
note_on 68
velocity 0
time 35
note_on 57
velocity 31
time 0
note_on 47
velocity 32
time 3
note_on 68
velocity 49
time 87
note_on 63
velocity 39
time 27
note_on 68
velocity 0
time 15
note_on 66
velocity 51
time 1
note_on 66
velocity 0
time 1
note_on 68
velocity 57
time 7
note_on 68
velocity 0
time 0
note_on 66
velocity 57
time 10
note_on 66
velocity 0
time 11
note_on 68
velocity 45
time 1
note_on 68
velocity 0
time 5
note_on 66
velocity 64
time 1
note_on 66
velocity 0
time 9
note_on 68
velocity 54
time 5
note_on 66
velocity 67
time 18
note_on 68
velocity 0
time 1
note_on 66
velocity 0
time 6
note_on 68
velocity 45
time 15
note_on 68
velocity 0
time 35
note_on 66
velocity 53
time 0
note_on 66
velocity 0
time 16
note_on 68
velocity 54
time 13
note_on 66
velocity 61
time 13
note_on 68
velocity 0
time 2
note_on 47
velocity 0
time 9
note_on 66
velocity 0
time 10
note_on 64
velocity 57
time 7
note_on 57
velocity 0
time 10
note_on 66
velocity 64
time 52
note_on 64
velocity 0
time 24
note_on 63
velocity 0
time 108
note_on 57
velocity 32
time 66
note_on 52
velocity 33
time 15
note_on 64
velocity 55
time 2
note_on 66
velocity 0
time 18
note_on 57
velocity 0
time 10
note_on 56
velocity 54
time 3
note_on 56
velocity 0
time 15
note_on 57
velocity 47
time 11
note_on 57
velocity 0
time 9
note_on 56
velocity 50
time 0
note_on 56
velocity 0
time 10
note_on 57
velocity 63
time 7
note_on 57
velocity 0
time 10
note_on 56
velocity 46
time 9
note_on 54
velocity 44
time 117
note_on 56
velocity 0
time 20
note_on 56
velocity 36
time 451
note_on 54
velocity 0
time 57
note_on 56
velocity 0
time 57
note_on 64
velocity 0
time 1
note_on 52
velocity 0
time 95
note_on 47
velocity 36
time 300
note_on 71
velocity 53
time 32
note_on 59
velocity 32
time 52
note_on 47
velocity 0
time 14
note_on 71
velocity 0
time 15
note_on 71
velocity 41
time 48
note_on 55
velocity 36
time 6
note_on 59
velocity 0
time 15
note_on 73
velocity 48
time 1
note_on 71
velocity 0
time 6
note_on 71
velocity 59
time 41
note_on 73
velocity 0
time 28
note_on 73
velocity 67
time 269
note_on 71
velocity 0
time 69
note_on 71
velocity 67
time 253
note_on 52
velocity 41
time 35
note_on 73
velocity 0
time 16
note_on 55
velocity 0
time 11
note_on 73
velocity 64
time 174
note_on 71
velocity 0
time 136
note_on 74
velocity 70
time 144
note_on 73
velocity 0
time 88
note_on 71
velocity 58
time 276
note_on 50
velocity 38
time 44
note_on 74
velocity 0
time 29
note_on 52
velocity 0
time 15
note_on 83
velocity 62
time 151
note_on 50
velocity 0
time 33
note_on 71
velocity 0
time 148
note_on 59
velocity 36
time 533
note_on 50
velocity 34
time 16
note_on 81
velocity 62
time 2
note_on 50
velocity 0
time 32
note_on 80
velocity 73
time 160
note_on 83
velocity 0
time 213
note_on 81
velocity 0
time 40
note_on 78
velocity 77
time 50
note_on 80
velocity 0
time 100
note_on 49
velocity 41
time 242
note_on 77
velocity 63
time 7
note_on 78
velocity 0
time 75
note_on 80
velocity 59
time 14
note_on 77
velocity 0
time 7
note_on 49
velocity 0
time 36
note_on 59
velocity 0
time 15
note_on 74
velocity 56
time 194
note_on 80
velocity 0
time 37
note_on 59
velocity 29
time 324
note_on 49
velocity 34
time 13
note_on 73
velocity 53
time 53
note_on 73
velocity 0
time 18
note_on 49
velocity 0
time 69
note_on 73
velocity 50
time 74
note_on 74
velocity 0
time 82
note_on 71
velocity 52
time 235
note_on 73
velocity 0
time 76
note_on 55
velocity 41
time 6
note_on 49
velocity 33
time 16
note_on 59
velocity 0
time 117
note_on 70
velocity 50
time 130
note_on 71
velocity 0
time 36
note_on 73
velocity 54
time 50
note_on 49
velocity 0
time 69
note_on 55
velocity 0
time 0
note_on 70
velocity 0
time 50
note_on 76
velocity 61
time 192
note_on 73
velocity 0
time 92
note_on 79
velocity 61
time 253
note_on 49
velocity 36
time 39
note_on 76
velocity 0
time 3
note_on 55
velocity 34
time 3
note_on 67
velocity 49
time 75
note_on 49
velocity 0
time 50
note_on 55
velocity 0
time 75
note_on 73
velocity 55
time 27
note_on 67
velocity 0
time 100
note_on 79
velocity 0
time 40
note_on 76
velocity 62
time 162
note_on 79
velocity 68
time 338
note_on 55
velocity 37
time 40
note_on 47
velocity 35
time 7
note_on 76
velocity 0
time 48
note_on 73
velocity 0
time 33
note_on 67
velocity 55
time 13
note_on 47
velocity 0
time 121
note_on 55
velocity 0
time 0
note_on 73
velocity 63
time 96
note_on 67
velocity 0
time 138
note_on 79
velocity 0
time 80
note_on 76
velocity 73
time 54
note_on 79
velocity 80
time 326
note_on 47
velocity 38
time 36
note_on 55
velocity 38
time 1
note_on 76
velocity 0
time 61
note_on 73
velocity 0
time 7
note_on 67
velocity 56
time 15
note_on 47
velocity 0
time 74
note_on 73
velocity 67
time 165
note_on 55
velocity 0
time 7
note_on 79
velocity 0
time 96
note_on 67
velocity 0
time 46
note_on 76
velocity 72
time 144
note_on 73
velocity 0
time 84
note_on 79
velocity 76
time 239
note_on 55
velocity 41
time 18
note_on 45
velocity 39
time 28
note_on 76
velocity 0
time 11
note_on 67
velocity 53
time 75
note_on 73
velocity 64
time 113
note_on 45
velocity 0
time 9
note_on 55
velocity 0
time 5
note_on 79
velocity 0
time 39
note_on 67
velocity 0
time 98
note_on 76
velocity 66
time 140
note_on 73
velocity 0
time 175
note_on 79
velocity 65
time 162
note_on 76
velocity 0
time 50
note_on 55
velocity 36
time 1
note_on 45
velocity 38
time 14
note_on 77
velocity 65
time 7
note_on 79
velocity 0
time 33
note_on 77
velocity 0
time 55
note_on 45
velocity 0
time 71
note_on 55
velocity 0
time 14
note_on 77
velocity 63
time 78
note_on 76
velocity 62
time 298
note_on 77
velocity 0
time 95
note_on 74
velocity 62
time 238
note_on 53
velocity 34
time 62
note_on 57
velocity 37
time 3
note_on 45
velocity 34
time 18
note_on 76
velocity 0
time 6
note_on 65
velocity 50
time 79
note_on 74
velocity 0
time 11
note_on 57
velocity 0
time 33
note_on 53
velocity 0
time 11
note_on 69
velocity 60
time 13
note_on 45
velocity 0
time 2
note_on 65
velocity 0
time 173
note_on 74
velocity 70
time 123
note_on 69
velocity 0
time 118
note_on 77
velocity 59
time 236
note_on 53
velocity 30
time 11
note_on 57
velocity 30
time 10
note_on 45
velocity 33
time 5
note_on 74
velocity 0
time 7
note_on 76
velocity 58
time 2
note_on 77
velocity 0
time 6
note_on 76
velocity 0
time 18
note_on 53
velocity 0
time 46
note_on 45
velocity 0
time 7
note_on 76
velocity 57
time 117
note_on 57
velocity 0
time 121
note_on 74
velocity 58
time 204
note_on 76
velocity 0
time 100
note_on 56
velocity 35
time 235
note_on 47
velocity 31
time 26
note_on 65
velocity 53
time 95
note_on 74
velocity 0
time 15
note_on 47
velocity 0
time 55
note_on 56
velocity 0
time 7
note_on 71
velocity 68
time 63
note_on 65
velocity 0
time 162
note_on 74
velocity 76
time 117
note_on 71
velocity 0
time 156
note_on 77
velocity 73
time 13
note_on 56
velocity 45
time 1
note_on 47
velocity 38
time 11
note_on 74
velocity 0
time 16
note_on 76
velocity 71
time 0
note_on 77
velocity 0
time 9
note_on 47
velocity 0
time 37
note_on 76
velocity 0
time 26
note_on 56
velocity 0
time 136
note_on 76
velocity 67
time 36
note_on 74
velocity 78
time 315
note_on 76
velocity 0
time 84
note_on 67
velocity 60
time 259
note_on 55
velocity 31
time 31
note_on 57
velocity 38
time 6
note_on 49
velocity 36
time 0
note_on 74
velocity 0
time 16
note_on 73
velocity 72
time 35
note_on 67
velocity 0
time 2
note_on 57
velocity 0
time 1
note_on 49
velocity 0
time 44
note_on 76
velocity 74
time 3
note_on 55
velocity 0
time 14
note_on 79
velocity 71
time 281
note_on 73
velocity 0
time 104
note_on 76
velocity 0
time 2
note_on 57
velocity 38
time 5
note_on 55
velocity 33
time 14
note_on 49
velocity 32
time 15
note_on 77
velocity 71
time 11
note_on 79
velocity 0
time 0
note_on 49
velocity 0
time 26
note_on 77
velocity 0
time 70
note_on 55
velocity 0
time 20
note_on 57
velocity 0
time 84
note_on 77
velocity 79
time 27
note_on 76
velocity 82
time 291
note_on 77
velocity 0
time 1
note_on 80
velocity 77
time 305
note_on 57
velocity 36
time 48
note_on 50
velocity 31
time 18
note_on 76
velocity 0
time 3
note_on 81
velocity 77
time 79
note_on 80
velocity 0
time 31
note_on 57
velocity 0
time 63
note_on 50
velocity 0
time 11
note_on 77
velocity 76
time 10
note_on 81
velocity 0
time 109
note_on 74
velocity 70
time 195
note_on 77
velocity 0
time 87
note_on 57
velocity 34
time 1
note_on 50
velocity 29
time 10
note_on 72
velocity 55
time 49
note_on 74
velocity 0
time 14
note_on 72
velocity 0
time 3
note_on 50
velocity 0
time 11
note_on 57
velocity 0
time 22
note_on 72
velocity 54
time 44
note_on 71
velocity 53
time 7
note_on 72
velocity 0
time 3
note_on 80
velocity 51
time 111
note_on 57
velocity 27
time 63
note_on 59
velocity 31
time 2
note_on 51
velocity 27
time 19
note_on 71
velocity 0
time 3
note_on 81
velocity 58
time 74
note_on 80
velocity 0
time 63
note_on 59
velocity 0
time 16
note_on 57
velocity 0
time 1
note_on 81
velocity 0
time 5
note_on 51
velocity 0
time 9
note_on 71
velocity 49
time 9
note_on 72
velocity 53
time 36
note_on 71
velocity 0
time 100
note_on 57
velocity 29
time 236
note_on 59
velocity 28
time 0
note_on 51
velocity 33
time 13
note_on 75
velocity 52
time 13
note_on 72
velocity 0
time 46
note_on 76
velocity 47
time 1
note_on 57
velocity 0
time 16
note_on 75
velocity 0
time 9
note_on 51
velocity 0
time 102
note_on 59
velocity 0
time 32
note_on 69
velocity 46
time 70
note_on 76
velocity 0
time 72
note_on 59
velocity 34
time 72
note_on 52
velocity 32
time 22
note_on 66
velocity 45
time 14
note_on 69
velocity 0
time 11
note_on 68
velocity 50
time 10
note_on 59
velocity 0
time 3
note_on 52
velocity 0
time 0
note_on 66
velocity 0
time 0
note_on 68
velocity 0
time 15
note_on 69
velocity 53
time 11
note_on 71
velocity 53
time 10
note_on 59
velocity 35
time 7
note_on 52
velocity 32
time 13
note_on 69
velocity 0
time 7
note_on 73
velocity 57
time 6
note_on 71
velocity 0
time 16
note_on 73
velocity 0
time 1
note_on 59
velocity 0
time 1
note_on 52
velocity 0
time 5
note_on 73
velocity 62
time 7
note_on 74
velocity 70
time 14
note_on 73
velocity 0
time 24
note_on 74
velocity 0
time 33
note_on 74
velocity 64
time 240
note_on 45
velocity 40
time 29
note_on 57
velocity 34
time 11
note_on 71
velocity 58
time 79
note_on 74
velocity 0
time 22
note_on 73
velocity 55
time 13
note_on 57
velocity 0
time 72
note_on 45
velocity 0
time 22
note_on 71
velocity 0
time 32
note_on 74
velocity 66
time 152
note_on 73
velocity 0
time 41
note_on 74
velocity 0
time 48
note_on 74
velocity 58
time 244
note_on 45
velocity 36
time 10
note_on 57
velocity 34
time 11
note_on 75
velocity 61
time 36
note_on 74
velocity 0
time 3
note_on 75
velocity 0
time 18
note_on 45
velocity 0
time 1
note_on 75
velocity 58
time 134
note_on 57
velocity 0
time 125
note_on 76
velocity 62
time 194
note_on 75
velocity 0
time 28
note_on 76
velocity 0
time 59
note_on 76
velocity 53
time 282
note_on 57
velocity 35
time 28
note_on 50
velocity 33
time 31
note_on 73
velocity 55
time 44
note_on 76
velocity 0
time 52
note_on 50
velocity 0
time 6
note_on 57
velocity 0
time 3
note_on 74
velocity 62
time 7
note_on 73
velocity 0
time 79
note_on 76
velocity 62
time 221
note_on 74
velocity 0
time 6
note_on 76
velocity 0
time 53
note_on 76
velocity 49
time 3
note_on 57
velocity 34
time 14
note_on 50
velocity 27
time 13
note_on 77
velocity 53
time 76
note_on 76
velocity 0
time 1
note_on 77
velocity 0
time 13
note_on 50
velocity 0
time 20
note_on 77
velocity 57
time 5
note_on 57
velocity 0
time 0
note_on 78
velocity 60
time 18
note_on 77
velocity 0
time 14
note_on 86
velocity 55
time 145
note_on 57
velocity 33
time 36
note_on 78
velocity 0
time 19
note_on 50
velocity 33
time 1
note_on 85
velocity 58
time 61
note_on 86
velocity 0
time 13
note_on 50
velocity 0
time 42
note_on 83
velocity 65
time 50
note_on 57
velocity 0
time 45
note_on 85
velocity 0
time 15
note_on 83
velocity 0
time 59
note_on 81
velocity 70
time 1
note_on 78
velocity 60
time 127
note_on 62
velocity 34
time 18
note_on 50
velocity 28
time 13
note_on 81
velocity 0
time 6
note_on 83
velocity 51
time 2
note_on 78
velocity 0
time 31
note_on 80
velocity 53
time 10
note_on 50
velocity 0
time 13
note_on 83
velocity 0
time 49
note_on 80
velocity 0
time 162
note_on 74
velocity 58
time 57
note_on 74
velocity 0
time 84
note_on 69
velocity 43
time 424
note_on 61
velocity 36
time 16
note_on 52
velocity 29
time 45
note_on 62
velocity 0
time 1
note_on 61
velocity 0
time 18
note_on 69
velocity 0
time 36
note_on 52
velocity 0
time 55
note_on 73
velocity 48
time 377
note_on 59
velocity 33
time 69
note_on 52
velocity 28
time 19
note_on 73
velocity 0
time 85
note_on 71
velocity 44
time 0
note_on 71
velocity 0
time 16
note_on 73
velocity 58
time 10
note_on 73
velocity 0
time 15
note_on 71
velocity 54
time 10
note_on 71
velocity 0
time 3
note_on 73
velocity 57
time 16
note_on 73
velocity 0
time 19
note_on 71
velocity 58
time 18
note_on 71
velocity 0
time 16
note_on 73
velocity 64
time 2
note_on 73
velocity 0
time 7
note_on 71
velocity 57
time 16
note_on 71
velocity 0
time 3
note_on 73
velocity 60
time 1
note_on 73
velocity 0
time 11
note_on 71
velocity 47
time 24
note_on 71
velocity 0
time 48
note_on 73
velocity 57
time 19
note_on 73
velocity 0
time 61
note_on 71
velocity 53
time 5
note_on 59
velocity 0
time 14
note_on 71
velocity 0
time 11
note_on 69
velocity 56
time 15
note_on 71
velocity 62
time 196
note_on 69
velocity 0
time 16
note_on 69
velocity 56
time 10
note_on 71
velocity 0
time 3
note_on 57
velocity 32
time 10
note_on 54
velocity 34
time 15
note_on 52
velocity 0
time 7
note_on 76
velocity 63
time 113
note_on 69
velocity 0
time 15
note_on 74
velocity 72
time 3
note_on 54
velocity 0
time 16
note_on 57
velocity 0
time 9
note_on 76
velocity 0
time 5
note_on 73
velocity 70
time 32
note_on 74
velocity 0
time 26
note_on 57
velocity 43
time 9
note_on 54
velocity 36
time 3
note_on 74
velocity 72
time 55
note_on 73
velocity 0
time 59
note_on 73
velocity 66
time 0
note_on 74
velocity 0
time 39
note_on 74
velocity 66
time 13
note_on 73
velocity 0
time 19
note_on 59
velocity 34
time 10
note_on 56
velocity 38
time 7
note_on 54
velocity 0
time 13
note_on 57
velocity 0
time 10
note_on 78
velocity 56
time 16
note_on 74
velocity 0
time 3
note_on 76
velocity 60
time 15
note_on 59
velocity 0
time 71
note_on 56
velocity 0
time 19
note_on 78
velocity 0
time 39
note_on 75
velocity 66
time 144
note_on 76
velocity 0
time 105
note_on 56
velocity 36
time 222
note_on 59
velocity 34
time 2
note_on 76
velocity 53
time 74
note_on 75
velocity 0
time 59
note_on 75
velocity 54
time 0
note_on 76
velocity 0
time 6
note_on 59
velocity 0
time 5
note_on 76
velocity 49
time 10
note_on 75
velocity 0
time 20
note_on 57
velocity 36
time 2
note_on 56
velocity 0
time 15
note_on 86
velocity 50
time 67
note_on 76
velocity 0
time 46
note_on 85
velocity 58
time 5
note_on 86
velocity 0
time 1
note_on 57
velocity 0
time 7
note_on 81
velocity 57
time 0
note_on 85
velocity 0
time 79
note_on 77
velocity 50
time 204
note_on 62
velocity 38
time 31
note_on 50
velocity 32
time 19
note_on 81
velocity 0
time 0
note_on 78
velocity 54
time 49
note_on 77
velocity 0
time 62
note_on 83
velocity 48
time 277
note_on 78
velocity 0
time 50
note_on 50
velocity 0
time 1
note_on 81
velocity 56
time 66
note_on 83
velocity 0
time 49
note_on 62
velocity 0
time 58
note_on 81
velocity 0
time 23
note_on 69
velocity 39
time 415
note_on 61
velocity 37
time 33
note_on 52
velocity 28
time 36
note_on 61
velocity 0
time 55
note_on 52
velocity 0
time 69
note_on 69
velocity 0
time 70
note_on 73
velocity 40
time 808
note_on 59
velocity 29
time 115
note_on 52
velocity 30
time 13
note_on 73
velocity 0
time 3
note_on 71
velocity 39
time 2
note_on 71
velocity 0
time 6
note_on 73
velocity 52
time 7
note_on 73
velocity 0
time 29
note_on 71
velocity 47
time 44
note_on 71
velocity 0
time 10
note_on 73
velocity 34
time 27
note_on 73
velocity 0
time 0
note_on 71
velocity 55
time 15
note_on 71
velocity 0
time 5
note_on 73
velocity 50
time 7
note_on 71
velocity 60
time 15
note_on 73
velocity 0
time 0
note_on 71
velocity 0
time 18
note_on 73
velocity 64
time 7
note_on 73
velocity 0
time 6
note_on 71
velocity 47
time 10
note_on 71
velocity 0
time 28
note_on 73
velocity 58
time 9
note_on 73
velocity 0
time 29
note_on 71
velocity 50
time 0
note_on 71
velocity 0
time 3
note_on 73
velocity 65
time 7
note_on 73
velocity 0
time 0
note_on 71
velocity 51
time 13
note_on 71
velocity 0
time 33
note_on 69
velocity 49
time 26
note_on 71
velocity 46
time 861
note_on 69
velocity 0
time 141
note_on 59
velocity 0
time 19
note_on 52
velocity 0
time 58
note_on 69
velocity 36
time 1230
note_on 45
velocity 31
time 22
note_on 71
velocity 0
time 1
note_on 69
velocity 0
time 445
note_on 45
velocity 0
time 13
