note_on 41
velocity 36
time 1000
note_on 48
velocity 38
time 3
note_on 40
velocity 39
time 164
note_off 41
time 24
note_on 36
velocity 44
time 139
note_off 40
time 117
note_on 41
velocity 31
time 1084
note_off 36
time 152
note_on 49
velocity 53
time 242
note_off 48
time 190
note_on 47
velocity 55
time 169
note_off 49
time 118
note_on 48
velocity 45
time 332
note_off 47
time 58
note_on 40
velocity 42
time 108
note_off 41
time 14
note_off 40
time 158
note_on 36
velocity 38
time 14
note_on 41
velocity 29
time 1169
note_off 36
time 165
note_on 49
velocity 46
time 328
note_off 48
time 222
note_on 47
velocity 56
time 186
note_off 49
time 164
note_on 48
velocity 56
time 197
note_off 47
time 52
note_on 40
velocity 44
time 114
note_off 41
time 10
note_on 36
velocity 39
time 190
note_off 40
time 32
note_off 36
time 856
note_on 41
velocity 32
time 31
note_off 41
time 46
note_on 41
velocity 43
time 470
note_off 41
time 95
note_on 40
velocity 42
time 48
note_off 40
time 121
note_on 36
velocity 41
time 55
note_on 41
velocity 51
time 384
note_off 36
time 46
note_off 41
time 76
note_on 40
velocity 40
time 31
note_off 40
time 109
note_on 36
velocity 48
time 70
note_off 36
time 41
note_on 36
velocity 43
time 367
note_off 36
time 44
note_on 41
velocity 55
time 394
note_off 41
time 50
note_on 40
velocity 42
time 291
note_off 40
time 42
note_on 41
velocity 38
time 230
note_off 41
time 45
note_on 40
velocity 32
time 225
note_off 40
time 49
note_on 36
velocity 47
time 313
note_off 36
time 52
note_on 41
velocity 44
time 951
note_on 65
velocity 48
time 16
note_off 48
time 28
note_off 41
time 1
note_off 65
time 7
note_on 67
velocity 49
time 376
note_on 41
velocity 52
time 61
note_off 67
time 20
note_off 41
time 18
note_on 68
velocity 58
time 6
note_on 48
velocity 39
time 23
note_off 48
time 58
note_on 56
velocity 54
time 0
note_off 56
time 36
note_off 68
time 26
note_on 70
velocity 51
time 13
note_on 41
velocity 57
time 104
note_on 72
velocity 68
time 33
note_off 41
time 7
note_on 48
velocity 53
time 6
note_off 70
time 19
note_off 48
time 5
note_on 56
velocity 60
time 1
note_off 56
time 16
note_off 72
time 5
note_on 68
velocity 68
time 9
note_off 68
time 18
note_on 67
velocity 59
time 2
note_off 67
time 40
note_on 68
velocity 66
time 7
note_on 67
velocity 71
time 74
note_off 68
time 22
note_on 41
velocity 40
time 10
note_off 67
time 29
note_on 48
velocity 51
time 1
note_off 41
time 19
note_on 65
velocity 69
time 5
note_on 56
velocity 66
time 15
note_off 48
time 9
note_off 65
time 9
note_off 56
time 20
note_on 41
velocity 38
time 212
note_on 48
velocity 35
time 130
note_on 77
velocity 76
time 109
note_on 56
velocity 50
time 18
note_off 41
time 0
note_off 56
time 6
note_off 48
time 10
note_off 77
time 208
note_on 70
velocity 61
time 0
note_off 70
time 14
note_on 72
velocity 65
time 261
note_on 46
velocity 51
time 61
note_off 46
time 49
note_off 72
time 6
note_on 53
velocity 51
time 5
note_on 73
velocity 63
time 7
note_off 53
time 2
note_on 61
velocity 57
time 3
note_off 61
time 16
note_on 75
velocity 70
time 48
note_off 73
time 6
note_on 46
velocity 55
time 67
note_on 53
velocity 51
time 10
note_on 77
velocity 68
time 2
note_off 46
time 2
note_off 75
time 5
note_on 61
velocity 83
time 5
note_off 53
time 3
note_off 61
time 5
note_off 77
time 37
note_on 73
velocity 65
time 5
note_off 73
time 0
note_on 73
velocity 62
time 33
note_off 73
time 50
note_on 75
velocity 77
time 31
note_on 41
velocity 51
time 58
note_on 73
velocity 69
time 11
note_off 75
time 10
note_on 48
velocity 54
time 7
note_off 41
time 10
note_off 73
time 3
note_on 71
velocity 74
time 31
note_off 48
time 15
note_on 56
velocity 57
time 6
note_on 72
velocity 38
time 5
note_off 71
time 2
note_off 56
time 22
note_off 72
time 15
note_on 41
velocity 52
time 174
note_on 48
velocity 51
time 92
note_off 41
time 5
note_on 68
velocity 80
time 14
note_on 56
velocity 72
time 0
note_on 70
velocity 39
time 9
note_off 56
time 6
note_off 48
time 10
note_off 70
time 29
note_off 68
time 273
note_on 65
velocity 64
time 9
note_off 65
time 9
note_on 67
velocity 59
time 238
note_on 41
velocity 52
time 23
note_off 41
time 45
note_off 67
time 10
note_on 48
velocity 52
time 1
note_on 68
velocity 62
time 3
note_on 56
velocity 66
time 6
note_off 48
time 3
note_off 56
time 13
note_on 70
velocity 68
time 39
note_on 41
velocity 62
time 54
note_off 68
time 1
note_on 48
velocity 57
time 9
note_off 41
time 7
note_on 72
velocity 71
time 0
note_on 56
velocity 78
time 10
note_off 48
time 7
note_off 56
time 0
note_off 70
time 2
note_on 68
velocity 70
time 3
note_off 72
time 1
note_off 68
time 62
note_on 67
velocity 79
time 10
note_off 67
time 20
note_on 68
velocity 73
time 18
note_on 67
velocity 75
time 78
note_on 41
velocity 60
time 6
note_off 68
time 24
note_off 41
time 14
note_on 48
velocity 54
time 0
note_on 65
velocity 84
time 22
note_off 67
time 1
note_on 56
velocity 73
time 20
note_off 65
time 5
note_off 48
time 2
note_off 56
time 23
note_on 41
velocity 59
time 166
note_on 48
velocity 54
time 88
note_on 72
velocity 90
time 1
note_on 56
velocity 73
time 14
note_off 41
time 32
note_on 71
velocity 17
time 35
note_off 71
time 1
note_off 48
time 20
note_off 56
time 1
note_off 72
time 88
note_on 72
velocity 81
time 113
note_on 60
velocity 77
time 11
note_off 72
time 2
note_off 60
time 33
note_on 62
velocity 83
time 208
note_on 51
velocity 68
time 2
note_on 55
velocity 69
time 10
note_on 63
velocity 78
time 3
note_on 43
velocity 68
time 1
note_off 62
time 44
note_off 55
time 39
note_on 65
velocity 83
time 7
note_off 43
time 26
note_off 51
time 11
note_off 63
time 18
note_on 55
velocity 77
time 14
note_on 67
velocity 80
time 2
note_on 50
velocity 68
time 1
note_on 43
velocity 68
time 5
note_off 65
time 54
note_off 55
time 29
note_off 43
time 2
note_off 50
time 6
note_on 59
velocity 82
time 14
note_off 67
time 31
note_off 59
time 72
note_on 60
velocity 83
time 65
note_on 48
velocity 58
time 93
note_on 55
velocity 63
time 13
note_off 48
time 15
note_off 60
time 39
note_on 64
velocity 75
time 13
note_off 55
time 55
note_off 64
time 42
note_on 60
velocity 83
time 126
note_on 48
velocity 63
time 82
note_on 58
velocity 68
time 161
note_off 60
time 63
note_on 61
velocity 74
time 48
note_on 64
velocity 50
time 29
note_off 61
time 6
note_on 63
velocity 76
time 7
note_on 61
velocity 73
time 42
note_off 63
time 70
note_off 64
time 122
note_off 58
time 10
note_off 48
time 36
note_off 61
time 15
note_on 60
velocity 45
time 6
note_off 60
time 173
note_on 65
velocity 55
time 14
note_off 65
time 37
note_on 67
velocity 35
time 348
note_on 41
velocity 45
time 31
note_off 67
time 27
note_off 41
time 24
note_on 48
velocity 48
time 5
note_on 68
velocity 54
time 5
note_on 56
velocity 59
time 19
note_off 48
time 2
note_off 56
time 16
note_on 70
velocity 59
time 10
note_off 68
time 1
note_on 41
velocity 54
time 52
note_on 72
velocity 65
time 40
note_off 41
time 2
note_on 48
velocity 59
time 1
note_off 70
time 10
note_off 48
time 3
note_on 56
velocity 61
time 5
note_off 56
time 6
note_off 72
time 5
note_on 68
velocity 69
time 11
note_off 68
time 1
note_on 67
velocity 65
time 26
note_off 67
time 44
note_on 68
velocity 69
time 20
note_on 67
velocity 70
time 83
note_off 68
time 1
note_off 67
time 37
note_on 48
velocity 45
time 26
note_on 65
velocity 51
time 13
note_on 41
velocity 3
time 1
note_on 56
velocity 59
time 15
note_off 65
time 14
note_off 48
time 2
note_off 41
time 19
note_off 56
time 5
note_on 41
velocity 33
time 204
note_on 48
velocity 38
time 144
note_on 56
velocity 41
time 2
note_on 77
velocity 74
time 3
note_off 41
time 16
note_off 48
time 59
note_off 77
time 19
note_off 56
time 13
note_on 77
velocity 56
time 87
note_off 77
time 70
note_on 70
velocity 62
time 15
note_off 70
time 3
note_on 72
velocity 65
time 250
note_on 46
velocity 50
time 95
note_on 53
velocity 42
time 108
note_off 46
time 3
note_on 73
velocity 66
time 0
note_off 72
time 41
note_on 61
velocity 46
time 10
note_off 53
time 5
note_off 61
time 15
note_on 75
velocity 77
time 27
note_off 73
time 14
note_on 46
velocity 51
time 1
note_on 77
velocity 72
time 14
note_off 46
time 3
note_off 75
time 7
note_on 53
velocity 40
time 2
note_on 61
velocity 70
time 5
note_off 53
time 22
note_off 61
time 7
note_on 73
velocity 76
time 40
note_off 73
time 29
note_on 73
velocity 84
time 7
note_off 77
time 3
note_off 73
time 16
note_on 75
velocity 82
time 35
note_on 73
velocity 74
time 65
note_off 75
time 18
note_on 41
velocity 57
time 1
note_off 73
time 36
note_on 72
velocity 79
time 3
note_on 48
velocity 56
time 7
note_off 41
time 3
note_off 72
time 14
note_on 56
velocity 70
time 28
note_off 48
time 18
note_off 56
time 13
note_on 41
velocity 50
time 204
note_on 48
velocity 49
time 89
note_on 68
velocity 75
time 18
note_on 56
velocity 54
time 6
note_off 41
time 9
note_off 48
time 16
note_off 56
time 2
note_off 68
time 218
note_on 65
velocity 68
time 16
note_off 65
time 9
note_on 67
velocity 69
time 184
note_on 41
velocity 56
time 15
note_on 48
velocity 57
time 13
note_off 41
time 2
note_off 48
time 50
note_on 56
velocity 65
time 3
note_on 68
velocity 72
time 5
note_off 67
time 18
note_off 56
time 15
note_on 70
velocity 82
time 20
note_on 41
velocity 69
time 31
note_on 48
velocity 61
time 15
note_off 68
time 0
note_off 41
time 6
note_on 72
velocity 74
time 9
note_on 56
velocity 85
time 37
note_off 70
time 0
note_off 48
time 10
note_off 56
time 7
note_off 72
time 37
note_on 68
velocity 79
time 59
note_off 68
time 62
note_on 67
velocity 83
time 19
note_off 67
time 58
note_on 68
velocity 75
time 11
note_on 67
velocity 76
time 16
note_on 41
velocity 59
time 32
note_off 68
time 9
note_on 48
velocity 46
time 10
note_on 65
velocity 83
time 9
note_off 41
time 7
note_off 67
time 0
note_off 65
time 18
note_on 56
velocity 72
time 10
note_off 48
time 16
note_off 56
time 0
note_on 41
velocity 59
time 13
note_on 48
velocity 53
time 23
note_on 45
velocity 8
time 1
note_off 41
time 33
note_on 56
velocity 84
time 41
note_on 72
velocity 91
time 5
note_off 45
time 28
note_off 48
time 7
note_off 56
time 22
note_off 72
time 135
note_on 72
velocity 73
time 114
note_on 60
velocity 83
time 24
note_off 72
time 1
note_off 60
time 14
note_on 62
velocity 83
time 285
note_on 51
velocity 64
time 121
note_on 55
velocity 71
time 15
note_on 63
velocity 83
time 0
note_on 43
velocity 70
time 3
note_off 62
time 31
note_on 65
velocity 84
time 41
note_off 43
time 16
note_off 55
time 7
note_off 51
time 2
note_off 63
time 24
note_on 50
velocity 69
time 1
note_on 55
velocity 80
time 0
note_on 43
velocity 78
time 2
note_on 67
velocity 84
time 6
note_off 65
time 50
note_off 55
time 19
note_off 43
time 1
note_off 50
time 14
note_on 59
velocity 84
time 11
note_off 67
time 22
note_on 60
velocity 88
time 158
note_off 59
time 7
note_on 48
velocity 72
time 320
note_on 72
velocity 65
time 559
note_on 70
velocity 51
time 18
note_off 72
time 6
note_off 60
time 5
note_off 70
time 28
note_on 68
velocity 48
time 14
note_off 68
time 82
note_on 67
velocity 53
time 57
note_off 48
time 26
note_off 67
time 9
note_on 60
velocity 19
time 5
note_off 60
time 44
note_on 60
velocity 38
time 304
note_on 67
velocity 44
time 3
note_off 60
time 44
note_off 67
time 36
note_on 68
velocity 47
time 49
note_off 68
time 132
note_on 65
velocity 50
time 23
note_on 60
velocity 31
time 18
note_on 53
velocity 38
time 3
note_on 56
velocity 32
time 0
note_off 53
time 61
note_off 56
time 1
note_off 60
time 1
note_off 65
time 0
note_on 67
velocity 61
time 23
note_off 67
time 87
note_on 68
velocity 67
time 52
note_on 60
velocity 38
time 15
note_on 56
velocity 26
time 7
note_on 53
velocity 26
time 7
note_off 68
time 5
note_off 56
time 46
note_off 60
time 1
note_off 53
time 7
note_on 60
velocity 40
time 269
note_on 68
velocity 51
time 5
note_on 56
velocity 31
time 3
note_on 53
velocity 18
time 27
note_off 60
time 35
note_off 56
time 7
note_off 53
time 18
note_off 68
time 36
note_on 72
velocity 62
time 19
note_on 55
velocity 44
time 134
note_off 72
time 2
note_on 60
velocity 35
time 23
note_on 53
velocity 28
time 5
note_on 70
velocity 51
time 10
note_off 60
time 96
note_off 53
time 5
note_on 68
velocity 61
time 0
note_off 55
time 14
note_off 70
time 1
note_off 68
time 36
note_on 67
velocity 60
time 20
note_off 67
time 42
note_on 68
velocity 60
time 20
note_on 60
velocity 45
time 23
note_on 53
velocity 38
time 6
note_on 58
velocity 48
time 3
note_on 67
velocity 70
time 22
note_off 58
time 24
note_off 68
time 3
note_off 53
time 10
note_off 60
time 2
note_off 67
time 27
note_on 65
velocity 65
time 27
note_off 65
time 119
note_on 67
velocity 64
time 0
note_on 60
velocity 38
time 11
note_on 58
velocity 47
time 3
note_on 53
velocity 28
time 20
note_off 58
time 32
note_off 60
time 13
note_off 67
time 16
note_off 53
time 3
note_on 68
velocity 57
time 20
note_off 68
time 61
note_on 65
velocity 53
time 75
note_on 60
velocity 40
time 7
note_on 53
velocity 31
time 6
note_on 56
velocity 39
time 3
note_off 65
time 2
note_off 56
time 61
note_off 60
time 19
note_off 53
time 15
note_on 67
velocity 63
time 79
note_off 67
time 2
note_on 60
velocity 40
time 16
note_on 68
velocity 63
time 11
note_on 56
velocity 35
time 11
note_on 53
velocity 52
time 3
note_off 53
time 16
note_on 70
velocity 67
time 0
note_off 60
time 5
note_off 56
time 5
note_off 68
time 18
note_off 70
time 44
note_on 58
velocity 54
time 1
note_on 56
velocity 46
time 2
note_on 72
velocity 81
time 11
note_on 53
velocity 33
time 11
note_off 58
time 7
note_off 56
time 3
note_off 53
time 33
note_on 73
velocity 79
time 39
note_off 73
time 52
note_on 73
velocity 73
time 70
note_off 72
time 24
note_on 39
velocity 55
time 130
note_off 73
time 35
note_on 77
velocity 67
time 44
note_off 39
time 11
note_off 77
time 70
note_on 75
velocity 69
time 187
note_off 75
time 35
note_on 73
velocity 69
time 14
note_on 61
velocity 49
time 27
note_on 55
velocity 43
time 11
note_off 73
time 0
note_on 75
velocity 87
time 14
note_on 51
velocity 44
time 6
note_off 51
time 0
note_off 61
time 2
note_off 55
time 10
note_on 73
velocity 77
time 15
note_off 75
time 0
note_on 61
velocity 54
time 119
note_off 73
time 3
note_on 51
velocity 44
time 11
note_on 55
velocity 48
time 1
note_on 72
velocity 72
time 5
note_off 61
time 11
note_off 51
time 26
note_off 55
time 3
note_off 72
time 65
note_on 70
velocity 72
time 9
note_off 70
time 50
note_on 44
velocity 59
time 26
note_on 68
velocity 61
time 14
note_off 44
time 0
note_off 68
time 15
note_on 70
velocity 64
time 5
note_off 70
time 104
note_on 72
velocity 61
time 2
note_on 60
velocity 32
time 11
note_on 51
velocity 36
time 5
note_on 56
velocity 37
time 3
note_off 72
time 11
note_off 51
time 5
note_off 60
time 10
note_off 56
time 1
note_on 60
velocity 48
time 5
note_on 56
velocity 36
time 2
note_on 51
velocity 43
time 2
note_on 72
velocity 74
time 0
note_off 60
time 6
note_off 56
time 5
note_off 51
time 6
note_on 73
velocity 67
time 19
note_off 72
time 16
note_on 39
velocity 53
time 2
note_off 73
time 33
note_on 77
velocity 63
time 44
note_off 39
time 3
note_off 77
time 29
note_on 75
velocity 73
time 162
note_off 75
time 35
note_on 73
velocity 59
time 26
note_on 55
velocity 46
time 23
note_on 61
velocity 43
time 1
note_off 73
time 1
note_on 75
velocity 74
time 0
note_on 51
velocity 42
time 6
note_off 61
time 31
note_off 51
time 3
note_on 73
velocity 76
time 19
note_off 55
time 2
note_off 75
time 1
note_off 73
time 14
note_on 72
velocity 66
time 7
note_on 55
velocity 37
time 1
note_on 61
velocity 30
time 9
note_on 51
velocity 27
time 0
note_off 55
time 13
note_off 61
time 5
note_off 51
time 14
note_off 72
time 26
note_on 70
velocity 66
time 13
note_off 70
time 11
note_on 68
velocity 58
time 50
note_on 44
velocity 57
time 5
note_off 44
time 3
note_on 70
velocity 68
time 36
note_off 68
time 27
note_on 72
velocity 72
time 91
note_off 70
time 28
note_on 51
velocity 69
time 26
note_on 60
velocity 50
time 1
note_on 56
velocity 60
time 2
note_off 60
time 83
note_on 52
velocity 76
time 33
note_off 51
time 3
note_on 53
velocity 69
time 14
note_off 56
time 14
note_on 60
velocity 59
time 3
note_off 52
time 19
note_on 56
velocity 11
time 16
note_off 60
time 3
note_off 53
time 20
note_off 56
time 2
note_off 72
time 41
note_on 60
velocity 44
time 298
note_on 55
velocity 40
time 18
note_on 70
velocity 46
time 27
note_off 55
time 27
note_off 60
time 19
note_off 70
time 29
note_on 68
velocity 53
time 27
note_off 68
time 66
note_on 67
velocity 54
time 67
note_on 53
velocity 33
time 11
note_on 60
velocity 34
time 7
note_on 58
velocity 39
time 1
note_off 67
time 28
note_off 58
time 20
note_off 53
time 2
note_off 60
time 2
note_on 53
velocity 30
time 294
note_on 58
velocity 37
time 1
note_on 60
velocity 33
time 1
note_on 67
velocity 46
time 9
note_off 58
time 33
note_off 60
time 10
note_off 53
time 7
note_off 67
time 40
note_on 68
velocity 54
time 19
note_on 56
velocity 48
time 115
note_on 60
velocity 36
time 2
note_off 68
time 2
note_on 65
velocity 55
time 3
note_on 53
velocity 23
time 3
note_off 60
time 102
note_on 67
velocity 65
time 0
note_off 65
time 6
note_off 56
time 1
note_off 53
time 7
note_off 67
time 71
note_on 68
velocity 66
time 53
note_on 56
velocity 25
time 10
note_on 60
velocity 27
time 10
note_off 68
time 9
note_off 56
time 32
note_off 60
time 6
note_on 60
velocity 35
time 253
note_on 53
velocity 12
time 14
note_on 56
velocity 33
time 0
note_on 68
velocity 50
time 19
note_off 60
time 93
note_off 56
time 6
note_off 53
time 23
note_off 68
time 0
note_on 72
velocity 62
time 13
note_on 60
velocity 42
time 119
note_on 55
velocity 48
time 29
note_off 72
time 6
note_on 53
velocity 44
time 2
note_on 70
velocity 59
time 10
note_off 53
time 125
note_off 55
time 3
note_off 60
time 0
note_on 68
velocity 60
time 0
note_off 70
time 0
note_off 68
time 39
note_on 67
velocity 67
time 15
note_off 67
time 16
note_on 68
velocity 74
time 10
note_on 60
velocity 44
time 48
note_on 58
velocity 41
time 1
note_on 53
velocity 45
time 2
note_off 68
time 5
note_on 67
velocity 62
time 1
note_off 58
time 36
note_off 60
time 6
note_off 53
time 6
note_off 67
time 16
note_on 65
velocity 57
time 20
note_on 60
velocity 40
time 135
note_on 58
velocity 41
time 5
note_on 67
velocity 70
time 1
note_on 53
velocity 35
time 1
note_off 65
time 0
note_off 58
time 48
note_off 60
time 10
note_off 53
time 3
note_off 67
time 7
note_on 68
velocity 62
time 57
note_off 68
time 57
note_on 65
velocity 50
time 67
note_on 60
velocity 39
time 5
note_on 53
velocity 22
time 22
note_on 56
velocity 35
time 0
note_off 65
time 29
note_off 60
time 14
note_off 56
time 7
note_off 53
time 35
note_on 67
velocity 59
time 52
note_off 67
time 23
note_on 60
velocity 50
time 9
note_on 53
velocity 58
time 18
note_on 68
velocity 65
time 0
note_on 56
velocity 53
time 9
note_on 70
velocity 76
time 13
note_off 60
time 5
note_off 53
time 0
note_off 56
time 9
note_off 68
time 0
note_off 70
time 40
note_on 58
velocity 62
time 37
note_on 72
velocity 81
time 0
note_on 56
velocity 59
time 1
note_on 53
velocity 52
time 9
note_off 58
time 24
note_off 56
time 3
note_off 53
time 3
note_on 73
velocity 81
time 50
note_off 73
time 76
note_on 73
velocity 74
time 59
note_off 72
time 28
note_on 39
velocity 55
time 109
note_off 73
time 28
note_on 77
velocity 74
time 37
note_off 39
time 14
note_off 77
time 180
note_on 75
velocity 71
time 27
note_off 75
time 31
note_on 73
velocity 70
time 16
note_on 61
velocity 49
time 1
note_off 73
time 13
note_on 55
velocity 41
time 2
note_on 75
velocity 82
time 11
note_on 51
velocity 23
time 16
note_off 61
time 18
note_off 55
time 6
note_on 73
velocity 75
time 0
note_off 51
time 3
note_off 75
time 5
note_on 51
velocity 47
time 28
note_off 73
time 0
note_on 61
velocity 51
time 3
note_on 55
velocity 47
time 2
note_on 72
velocity 78
time 10
note_off 61
time 14
note_off 55
time 7
note_off 51
time 10
note_off 72
time 85
note_on 70
velocity 69
time 2
note_off 70
time 39
note_on 44
velocity 59
time 26
note_on 68
velocity 63
time 15
note_off 44
time 6
note_off 68
time 10
note_on 70
velocity 65
time 27
note_off 70
time 10
note_on 72
velocity 61
time 61
note_on 60
velocity 31
time 14
note_on 56
velocity 36
time 2
note_on 51
velocity 16
time 10
note_off 72
time 13
note_off 56
time 1
note_off 51
time 14
note_off 60
time 6
note_on 60
velocity 44
time 7
note_on 56
velocity 41
time 16
note_on 51
velocity 39
time 14
note_off 60
time 7
note_on 72
velocity 58
time 16
note_off 56
time 5
note_off 51
time 11
note_on 73
velocity 73
time 93
note_off 72
time 55
note_on 39
velocity 55
time 14
note_off 73
time 1
note_on 77
velocity 68
time 53
note_off 39
time 40
note_off 77
time 23
note_on 75
velocity 71
time 184
note_off 75
time 33
note_on 73
velocity 67
time 1
note_off 73
time 15
note_on 55
velocity 39
time 7
note_on 61
velocity 28
time 3
note_on 75
velocity 80
time 0
note_on 51
velocity 39
time 3
note_on 73
velocity 74
time 44
note_off 75
time 3
note_off 61
time 1
note_off 51
time 3
note_off 55
time 13
note_off 73
time 2
note_on 61
velocity 51
time 6
note_on 72
velocity 75
time 3
note_on 51
velocity 52
time 5
note_off 61
time 28
note_off 51
time 16
note_on 70
velocity 71
time 58
note_off 72
time 1
note_off 70
time 52
note_on 44
velocity 54
time 7
note_on 68
velocity 70
time 1
note_off 68
time 26
note_off 44
time 9
note_on 70
velocity 60
time 3
note_off 70
time 35
note_on 60
velocity 47
time 14
note_on 51
velocity 43
time 15
note_on 72
velocity 69
time 16
note_off 60
time 24
note_off 72
time 147
note_on 44
velocity 82
time 0
note_off 51
time 16
note_on 68
velocity 73
time 0
note_off 44
time 41
note_on 72
velocity 88
time 32
note_off 68
time 14
note_on 44
velocity 72
time 41
note_on 51
velocity 57
time 3
note_off 72
time 3
note_off 44
time 2
note_on 75
velocity 95
time 18
note_on 56
velocity 76
time 2
note_on 66
velocity 86
time 1
note_on 60
velocity 75
time 5
note_on 68
velocity 75
time 3
note_off 66
time 15
note_off 68
time 11
note_off 56
time 6
note_off 60
time 2
note_off 51
time 1
note_off 75
time 1
note_on 75
velocity 83
time 167
note_on 66
velocity 70
time 14
note_off 66
time 16
note_on 56
velocity 74
time 28
note_on 60
velocity 66
time 7
note_on 77
velocity 88
time 7
note_on 51
velocity 63
time 1
note_on 66
velocity 56
time 31
note_off 75
time 0
note_off 60
time 1
note_off 51
time 9
note_off 66
time 10
note_off 77
time 2
note_off 56
time 3
note_on 68
velocity 18
time 3
note_off 68
time 50
note_on 60
velocity 68
time 174
note_on 56
velocity 65
time 7
note_on 75
velocity 97
time 3
note_on 66
velocity 87
time 6
note_on 51
velocity 46
time 7
note_off 60
time 33
note_off 66
time 0
note_off 51
time 11
note_off 56
time 32
note_off 75
time 1
note_on 49
velocity 57
time 1
note_on 56
velocity 63
time 66
note_on 61
velocity 85
time 36
note_on 73
velocity 89
time 7
note_on 65
velocity 77
time 6
note_on 68
velocity 64
time 3
note_off 65
time 13
note_off 49
time 0
note_off 73
time 3
note_off 68
time 3
note_off 56
time 14
note_off 61
time 7
note_on 49
velocity 67
time 205
note_on 77
velocity 89
time 10
note_on 65
velocity 78
time 2
note_off 65
time 23
note_off 77
time 3
note_on 56
velocity 67
time 40
note_off 49
time 41
note_on 80
velocity 86
time 109
note_on 65
velocity 87
time 2
note_on 68
velocity 75
time 7
note_off 56
time 11
note_on 73
velocity 72
time 6
note_off 65
time 19
note_off 80
time 274
note_off 73
time 66
note_off 68
time 7
note_on 61
velocity 61
time 24
note_on 70
velocity 59
time 1
note_on 66
velocity 56
time 9
note_on 54
velocity 53
time 1
note_on 58
velocity 51
time 1
note_off 61
time 22
note_off 70
time 1
note_off 66
time 9
note_off 58
time 3
note_off 54
time 1
note_on 72
velocity 57
time 199
note_on 61
velocity 22
time 3
note_on 66
velocity 42
time 3
note_on 54
velocity 15
time 24
note_off 72
time 10
note_off 66
time 11
note_off 61
time 48
note_on 61
velocity 17
time 0
note_on 73
velocity 57
time 0
note_off 54
time 1
note_on 65
velocity 57
time 0
note_on 56
velocity 41
time 20
note_on 49
velocity 40
time 19
note_off 61
time 19
note_off 56
time 14
note_off 49
time 1
note_off 65
time 134
note_on 68
velocity 56
time 36
note_on 37
velocity 60
time 1
note_off 37
time 46
note_off 73
time 95
note_off 68
time 41
note_on 61
velocity 56
time 9
note_on 70
velocity 58
time 5
note_on 54
velocity 40
time 15
note_on 66
velocity 44
time 0
note_off 61
time 5
note_on 58
velocity 39
time 1
note_off 70
time 13
note_off 66
time 16
note_off 54
time 3
note_off 58
time 11
note_on 61
velocity 49
time 154
note_on 66
velocity 54
time 6
note_on 58
velocity 27
time 2
note_on 72
velocity 58
time 9
note_off 61
time 18
note_off 66
time 10
note_off 58
time 9
note_off 72
time 1
note_on 73
velocity 64
time 65
note_on 65
velocity 57
time 5
note_on 56
velocity 33
time 23
note_on 61
velocity 28
time 5
note_on 49
velocity 48
time 2
note_off 61
time 5
note_off 56
time 9
note_off 49
time 22
note_on 37
velocity 56
time 222
note_on 68
velocity 58
time 18
note_off 73
time 22
note_off 37
time 3
note_off 65
time 2
note_off 68
time 13
note_on 44
velocity 67
time 199
note_off 44
time 5
note_on 51
velocity 76
time 5
note_on 75
velocity 86
time 48
note_on 66
velocity 77
time 7
note_on 56
velocity 71
time 2
note_on 60
velocity 80
time 5
note_off 66
time 2
note_off 60
time 15
note_off 75
time 20
note_off 56
time 7
note_on 75
velocity 93
time 113
note_off 51
time 3
note_on 44
velocity 57
time 14
note_on 66
velocity 56
time 0
note_on 51
velocity 53
time 7
note_off 66
time 28
note_off 44
time 2
note_on 49
velocity 22
time 10
note_on 77
velocity 93
time 26
note_on 66
velocity 76
time 7
note_on 60
velocity 79
time 10
note_on 68
velocity 60
time 0
note_on 56
velocity 67
time 3
note_off 51
time 3
note_off 49
time 5
note_off 75
time 2
note_off 60
time 7
note_off 66
time 1
note_off 68
time 3
note_off 77
time 3
note_off 56
time 3
note_on 75
velocity 90
time 290
note_on 66
velocity 85
time 7
note_on 60
velocity 66
time 6
note_on 56
velocity 62
time 1
note_on 51
velocity 30
time 28
note_off 66
time 5
note_off 60
time 5
note_off 56
time 31
note_off 51
time 5
note_on 49
velocity 67
time 95
note_off 75
time 29
note_on 56
velocity 60
time 9
note_on 61
velocity 82
time 53
note_on 73
velocity 87
time 6
note_on 65
velocity 69
time 10
note_off 49
time 6
note_on 68
velocity 68
time 2
note_off 65
time 11
note_off 68
time 0
note_off 56
time 3
note_off 61
time 0
note_off 73
time 0
note_on 77
velocity 87
time 229
note_on 49
velocity 67
time 1
note_on 65
velocity 74
time 3
note_off 77
time 19
note_off 65
time 6
note_on 56
velocity 69
time 45
note_off 49
time 28
note_on 80
velocity 85
time 123
note_on 68
velocity 74
time 2
note_on 65
velocity 84
time 6
note_on 73
velocity 74
time 14
note_off 56
time 1
note_off 65
time 41
note_off 80
time 294
note_off 73
time 33
note_off 68
time 29
note_on 72
velocity 53
time 16
note_on 51
velocity 46
time 11
note_on 67
velocity 51
time 0
note_on 63
velocity 34
time 14
note_off 51
time 22
note_off 67
time 2
note_on 39
velocity 43
time 1
note_off 72
time 1
note_off 63
time 19
note_on 61
velocity 52
time 194
note_on 70
velocity 51
time 22
note_on 51
velocity 30
time 7
note_on 67
velocity 23
time 2
note_off 61
time 2
note_off 39
time 31
note_off 67
time 9
note_off 51
time 13
note_off 70
time 22
note_on 44
velocity 50
time 2
note_on 72
velocity 59
time 10
note_on 63
velocity 56
time 16
note_off 63
time 5
note_off 72
time 5
note_on 51
velocity 47
time 11
note_on 68
velocity 55
time 2
note_on 60
velocity 49
time 10
note_off 51
time 9
note_off 60
time 3
note_off 68
time 63
note_on 51
velocity 61
time 11
note_off 44
time 3
note_on 39
velocity 54
time 1
note_on 63
velocity 52
time 2
note_on 72
velocity 52
time 0
note_on 67
velocity 42
time 9
note_off 51
time 3
note_off 63
time 18
note_off 67
time 15
note_off 72
time 9
note_on 61
velocity 43
time 217
note_on 67
velocity 40
time 2
note_on 70
velocity 51
time 0
note_on 51
velocity 29
time 7
note_off 61
time 31
note_off 67
time 15
note_off 51
time 3
note_off 39
time 16
note_off 70
time 9
note_on 44
velocity 53
time 1
note_on 72
velocity 69
time 5
note_on 63
velocity 62
time 23
note_off 63
time 3
note_off 72
time 156
note_on 51
velocity 54
time 6
note_on 68
velocity 57
time 5
note_on 60
velocity 45
time 15
note_off 44
time 1
note_off 51
time 14
note_off 60
time 22
note_off 68
time 45
note_on 44
velocity 56
time 121
note_off 44
time 5
note_on 51
velocity 67
time 36
note_on 75
velocity 89
time 7
note_on 60
velocity 73
time 7
note_on 66
velocity 72
time 1
note_on 56
velocity 60
time 7
note_off 60
time 29
note_off 66
time 3
note_off 56
time 13
note_off 75
time 42
note_on 44
velocity 69
time 80
note_off 51
time 11
note_on 75
velocity 86
time 19
note_on 51
velocity 45
time 5
note_off 44
time 2
note_on 66
velocity 48
time 10
note_on 68
velocity 41
time 10
note_off 66
time 35
note_on 56
velocity 74
time 16
note_off 68
time 7
note_on 60
velocity 79
time 2
note_on 77
velocity 96
time 0
note_on 66
velocity 73
time 7
note_on 68
velocity 72
time 2
note_off 66
time 24
note_off 56
time 1
note_off 60
time 0
note_off 75
time 0
note_off 51
time 3
note_off 68
time 1
note_off 77
time 10
note_on 75
velocity 94
time 270
note_on 56
velocity 69
time 3
note_on 60
velocity 68
time 0
note_on 66
velocity 85
time 3
note_on 51
velocity 45
time 26
note_off 60
time 2
note_off 51
time 28
note_off 56
time 62
note_off 66
time 23
note_on 49
velocity 70
time 49
note_off 75
time 55
note_on 56
velocity 72
time 16
note_on 73
velocity 91
time 54
note_on 65
velocity 78
time 3
note_on 61
velocity 89
time 1
note_on 68
velocity 71
time 13
note_off 49
time 10
note_off 65
time 6
note_off 56
time 2
note_off 68
time 2
note_off 73
time 3
note_off 61
time 2
note_on 77
velocity 89
time 214
note_on 65
velocity 78
time 3
note_on 68
velocity 79
time 5
note_on 49
velocity 76
time 7
note_off 65
time 13
note_off 68
time 3
note_off 77
time 18
note_on 56
velocity 76
time 48
note_off 49
time 55
note_on 68
velocity 55
time 96
note_on 65
velocity 91
time 13
note_off 56
time 3
note_on 73
velocity 74
time 11
note_on 80
velocity 91
time 1
note_off 65
time 39
note_off 80
time 341
note_off 73
time 71
note_off 68
time 15
note_on 61
velocity 57
time 1
note_on 70
velocity 53
time 1
note_on 66
velocity 48
time 10
note_on 54
velocity 38
time 9
note_off 61
time 11
note_off 70
time 6
note_on 58
velocity 8
time 7
note_off 66
time 1
note_off 54
time 11
note_off 58
time 63
note_on 61
velocity 19
time 109
note_on 58
velocity 36
time 1
note_on 72
velocity 60
time 11
note_on 66
velocity 39
time 5
note_off 58
time 28
note_off 66
time 11
note_off 72
time 1
note_off 61
time 28
note_on 73
velocity 62
time 14
note_on 61
velocity 44
time 3
note_on 65
velocity 56
time 2
note_on 49
velocity 48
time 31
note_on 56
velocity 40
time 1
note_off 61
time 57
note_off 56
time 10
note_off 49
time 3
note_off 65
time 199
note_on 68
velocity 53
time 18
note_on 37
velocity 62
time 1
note_off 37
time 49
note_off 73
time 35
note_off 68
time 101
note_on 70
velocity 56
time 13
note_on 61
velocity 54
time 3
note_on 54
velocity 44
time 9
note_on 66
velocity 42
time 6
note_off 61
time 9
note_on 58
velocity 29
time 1
note_off 70
time 2
note_off 54
time 16
note_off 66
time 9
note_off 58
time 22
note_on 58
velocity 39
time 147
note_on 72
velocity 62
time 5
note_on 61
velocity 43
time 1
note_on 66
velocity 46
time 5
note_on 54
velocity 23
time 11
note_off 58
time 19
note_off 61
time 1
note_off 72
time 1
note_off 66
time 7
note_on 73
velocity 64
time 55
note_off 54
time 7
note_on 65
velocity 53
time 0
note_on 61
velocity 43
time 20
note_on 56
velocity 45
time 16
note_on 49
velocity 43
time 27
note_off 61
time 1
note_off 56
time 18
note_off 49
time 1
note_on 68
velocity 64
time 188
note_on 37
velocity 66
time 13
note_off 65
time 5
note_off 73
time 5
note_off 68
time 15
note_off 37
time 9
note_on 44
velocity 71
time 7
note_off 44
time 36
note_on 51
velocity 74
time 11
note_on 75
velocity 91
time 0
note_on 66
velocity 73
time 7
note_on 68
velocity 50
time 11
note_off 66
time 6
note_on 60
velocity 78
time 23
note_off 68
time 5
note_on 56
velocity 67
time 6
note_off 75
time 22
note_off 60
time 2
note_off 56
time 23
note_off 51
time 84
note_on 75
velocity 96
time 13
note_on 66
velocity 70
time 13
note_on 51
velocity 32
time 6
note_on 68
velocity 33
time 18
note_off 66
time 13
note_on 49
velocity 37
time 3
note_on 44
velocity 23
time 10
note_off 68
time 13
note_off 49
time 22
note_on 77
velocity 90
time 2
note_on 66
velocity 83
time 5
note_off 44
time 6
note_on 56
velocity 76
time 3
note_on 68
velocity 58
time 10
note_off 66
time 1
note_on 60
velocity 76
time 6
note_off 75
time 1
note_off 77
time 15
note_off 51
time 1
note_off 56
time 1
note_off 68
time 1
note_off 60
time 13
note_on 60
velocity 76
time 270
note_on 56
velocity 71
time 3
note_on 75
velocity 96
time 0
note_on 66
velocity 88
time 7
note_on 51
velocity 53
time 13
note_off 60
time 23
note_off 51
time 24
note_off 56
time 13
note_off 66
time 79
note_on 49
velocity 69
time 71
note_off 75
time 31
note_on 56
velocity 74
time 1
note_on 73
velocity 91
time 48
note_on 65
velocity 82
time 3
note_on 61
velocity 96
time 3
note_on 68
velocity 79
time 3
note_off 65
time 27
note_off 68
time 1
note_off 49
time 3
note_off 56
time 15
note_off 73
time 0
note_off 61
time 1
note_on 77
velocity 90
time 217
note_on 65
velocity 84
time 3
note_on 68
velocity 66
time 13
note_off 65
time 11
note_off 68
time 11
note_off 77
time 15
note_on 49
velocity 79
time 3
note_on 56
velocity 81
time 102
note_off 49
time 63
note_on 68
velocity 75
time 108
note_on 65
velocity 93
time 13
note_off 56
time 26
note_on 73
velocity 79
time 44
note_off 65
time 10
note_on 80
velocity 92
time 75
note_on 78
velocity 38
time 59
note_off 78
time 59
note_off 80
time 309
note_off 68
time 33
note_off 73
time 95
note_on 72
velocity 60
time 6
note_on 51
velocity 50
time 6
note_on 67
velocity 59
time 0
note_on 63
velocity 48
time 3
note_on 39
velocity 38
time 28
note_off 63
time 0
note_off 67
time 1
note_off 51
time 5
note_off 72
time 2
note_on 67
velocity 54
time 231
note_on 70
velocity 54
time 9
note_on 51
velocity 47
time 2
note_off 67
time 45
note_off 51
time 33
note_on 72
velocity 63
time 10
note_off 70
time 2
note_on 44
velocity 54
time 11
note_on 63
velocity 54
time 7
note_off 39
time 20
note_off 63
time 16
note_off 72
time 16
note_on 68
velocity 61
time 16
note_on 51
velocity 48
time 11
note_on 60
velocity 46
time 11
note_off 60
time 37
note_off 51
time 2
note_off 68
time 199
note_on 72
velocity 69
time 39
note_on 51
velocity 47
time 1
note_on 63
velocity 41
time 0
note_off 44
time 2
note_on 39
velocity 49
time 6
note_on 67
velocity 23
time 6
note_off 63
time 19
note_off 51
time 7
note_off 72
time 3
note_off 67
time 6
note_on 61
velocity 41
time 210
note_on 67
velocity 34
time 15
note_on 70
velocity 51
time 0
note_on 51
velocity 19
time 14
note_off 61
time 7
note_off 67
time 22
note_off 51
time 26
note_off 39
time 29
note_off 70
time 7
note_on 44
velocity 62
time 1
note_on 63
velocity 56
time 0
note_on 72
velocity 62
time 2
note_off 63
time 23
note_on 56
velocity 69
time 134
note_on 68
velocity 52
time 61
note_on 60
velocity 51
time 5
note_off 44
time 35
note_off 72
time 20
note_off 60
time 108
note_on 54
velocity 79
time 13
note_off 56
time 67
note_off 68
time 48
note_on 53
velocity 65
time 247
note_on 62
velocity 56
time 3
note_on 68
velocity 47
time 14
note_on 70
velocity 48
time 5
note_off 54
time 19
note_off 68
time 89
note_off 70
time 19
note_off 62
time 1
note_on 68
velocity 40
time 158
note_on 62
velocity 50
time 1
note_on 70
velocity 44
time 18
note_off 70
time 78
note_off 68
time 28
note_off 62
time 7
note_on 46
velocity 63
time 84
note_off 53
time 7
note_on 68
velocity 56
time 7
note_on 65
velocity 53
time 14
note_on 70
velocity 51
time 7
note_on 48
velocity 59
time 11
note_off 65
time 32
note_off 46
time 10
note_off 70
time 19
note_off 68
time 16
note_off 48
time 53
note_on 50
velocity 66
time 15
note_on 51
velocity 68
time 11
note_off 50
time 6
note_on 66
velocity 51
time 1
note_on 63
velocity 48
time 1
note_on 70
velocity 49
time 1
note_on 53
velocity 75
time 0
note_off 51
time 14
note_off 63
time 0
note_off 70
time 19
note_off 66
time 9
note_on 54
velocity 71
time 10
note_on 63
velocity 51
time 13
note_on 70
velocity 61
time 3
note_off 53
time 32
note_off 70
time 11
note_off 63
time 5
note_on 63
velocity 61
time 32
note_on 70
velocity 62
time 3
note_off 54
time 53
note_off 63
time 39
note_on 56
velocity 49
time 29
note_off 70
time 6
note_off 56
time 39
note_on 54
velocity 69
time 19
note_on 62
velocity 60
time 26
note_on 68
velocity 56
time 2
note_on 70
velocity 46
time 7
note_on 53
velocity 65
time 15
note_off 54
time 59
note_off 62
time 80
note_off 70
time 11
note_off 68
time 14
note_off 53
time 44
note_on 52
velocity 62
time 3
note_off 52
time 76
note_on 62
velocity 50
time 1
note_on 68
velocity 51
time 10
note_on 53
velocity 66
time 6
note_on 70
velocity 51
time 3
note_off 68
time 40
note_off 62
time 1
note_off 53
time 1
note_off 70
time 10
note_on 70
velocity 54
time 257
note_on 62
velocity 48
time 3
note_on 46
velocity 65
time 3
note_on 68
velocity 49
time 0
note_off 62
time 14
note_off 68
time 5
note_off 70
time 5
note_on 51
velocity 75
time 130
note_on 70
velocity 58
time 6
note_on 63
velocity 51
time 11
note_on 66
velocity 53
time 6
note_off 46
time 61
note_off 63
time 15
note_off 70
time 15
note_off 51
time 39
note_on 53
velocity 64
time 16
note_off 66
time 0
note_on 70
velocity 71
time 26
note_on 54
velocity 60
time 14
note_on 63
velocity 57
time 13
note_off 53
time 19
note_off 63
time 24
note_off 70
time 70
note_on 69
velocity 66
time 62
note_on 63
velocity 66
time 15
note_on 61
velocity 54
time 18
note_off 63
time 6
note_off 61
time 2
note_off 69
time 15
note_on 68
velocity 51
time 0
note_on 60
velocity 43
time 23
note_on 63
velocity 41
time 20
note_off 60
time 14
note_off 68
time 7
note_off 63
time 7
note_on 68
velocity 41
time 3
note_on 60
velocity 28
time 10
note_on 63
velocity 32
time 6
note_off 63
time 69
note_off 60
time 40
note_off 68
time 22
note_off 54
time 24
note_on 44
velocity 44
time 7
note_on 46
velocity 54
time 2
note_on 66
velocity 42
time 0
note_on 68
velocity 40
time 0
note_on 63
velocity 41
time 29
note_off 44
time 14
note_off 68
time 7
note_off 46
time 3
note_off 63
time 1
note_on 48
velocity 60
time 5
note_off 66
time 15
note_on 63
velocity 47
time 1
note_on 49
velocity 68
time 6
note_on 68
velocity 43
time 9
note_on 65
velocity 53
time 1
note_off 48
time 33
note_off 68
time 101
note_off 63
time 2
note_on 51
velocity 77
time 3
note_off 49
time 23
note_off 65
time 27
note_on 65
velocity 35
time 39
note_on 53
velocity 68
time 7
note_on 68
velocity 53
time 0
note_on 61
velocity 48
time 31
note_off 51
time 6
note_off 61
time 6
note_off 68
time 9
note_on 54
velocity 70
time 2
note_on 68
velocity 59
time 0
note_on 61
velocity 51
time 2
note_off 53
time 13
note_off 65
time 7
note_off 61
time 54
note_off 68
time 11
note_off 54
time 10
note_on 53
velocity 50
time 41
note_off 53
time 29
note_on 53
velocity 70
time 84
note_on 68
velocity 54
time 37
note_on 60
velocity 55
time 3
note_on 66
velocity 51
time 5
note_on 51
velocity 73
time 10
note_off 53
time 2
note_off 66
time 153
note_off 60
time 6
note_off 68
time 0
note_off 51
time 36
note_on 50
velocity 45
time 41
note_off 50
time 67
note_on 60
velocity 49
time 5
note_on 66
velocity 51
time 2
note_on 68
velocity 45
time 7
note_on 51
velocity 67
time 1
note_off 51
time 33
note_off 66
time 6
note_off 60
time 2
note_off 68
time 9
note_on 66
velocity 48
time 265
note_on 60
velocity 45
time 1
note_on 44
velocity 67
time 14
note_on 68
velocity 44
time 2
note_off 60
time 5
note_off 68
time 14
note_off 66
time 10
note_on 68
velocity 49
time 152
note_on 53
velocity 64
time 2
note_on 65
velocity 53
time 6
note_on 61
velocity 52
time 9
note_off 44
time 62
note_off 61
time 3
note_on 51
velocity 71
time 7
note_off 68
time 3
note_off 65
time 1
note_off 53
time 11
note_on 68
velocity 72
time 113
note_on 49
velocity 67
time 0
note_off 51
time 3
note_on 65
velocity 49
time 0
note_on 61
velocity 55
time 3
note_off 61
time 9
note_off 65
time 3
note_on 69
velocity 78
time 161
note_on 48
velocity 62
time 9
note_off 49
time 2
note_on 65
velocity 62
time 2
note_on 63
velocity 65
time 3
note_off 68
time 31
note_on 47
velocity 68
time 1
note_off 48
time 2
note_off 63
time 6
note_off 65
time 1
note_off 69
time 6
note_on 70
velocity 64
time 0
note_on 46
velocity 58
time 6
note_on 65
velocity 45
time 0
note_on 63
velocity 51
time 5
note_off 47
time 14
note_off 63
time 32
note_off 65
time 7
note_off 70
time 5
note_on 62
velocity 54
time 10
note_on 65
velocity 45
time 6
note_on 70
velocity 56
time 2
note_off 46
time 10
note_off 62
time 18
note_off 65
time 24
note_off 70
time 36
note_on 46
velocity 59
time 22
note_on 70
velocity 62
time 27
note_on 68
velocity 68
time 11
note_on 48
velocity 66
time 1
note_on 65
velocity 49
time 0
note_off 46
time 7
note_off 65
time 1
note_off 70
time 32
note_off 48
time 15
note_on 50
velocity 70
time 9
note_off 68
time 41
note_off 50
time 13
note_on 51
velocity 66
time 3
note_on 70
velocity 59
time 6
note_on 65
velocity 57
time 1
note_on 66
velocity 62
time 3
note_off 65
time 7
note_on 53
velocity 74
time 2
note_off 51
time 2
note_off 66
time 5
note_off 70
time 11
note_on 54
velocity 73
time 14
note_on 70
velocity 66
time 13
note_on 66
velocity 69
time 5
note_on 63
velocity 60
time 2
note_off 53
time 13
note_off 63
time 18
note_off 70
time 18
note_off 66
time 15
note_off 54
time 33
note_on 63
velocity 62
time 22
note_on 56
velocity 71
time 3
note_on 70
velocity 67
time 3
note_off 63
time 31
note_off 56
time 20
note_on 54
velocity 71
time 2
note_off 70
time 7
note_off 54
time 65
note_on 54
velocity 66
time 61
note_on 70
velocity 62
time 32
note_on 68
velocity 66
time 7
note_on 63
velocity 59
time 9
note_on 53
velocity 79
time 5
note_off 54
time 28
note_off 63
time 6
note_off 68
time 0
note_off 70
time 1
note_off 53
time 7
note_on 52
velocity 56
time 9
note_off 52
time 66
note_on 70
velocity 45
time 18
note_on 68
velocity 43
time 1
note_on 53
velocity 72
time 5
note_on 62
velocity 58
time 3
note_off 53
time 33
note_off 62
time 20
note_off 70
time 14
note_off 68
time 3
note_on 46
velocity 67
time 255
note_on 70
velocity 50
time 0
note_on 68
velocity 48
time 2
note_on 62
velocity 49
time 5
note_off 62
time 18
note_off 70
time 2
note_off 68
time 7
note_on 51
velocity 70
time 7
note_on 70
velocity 54
time 7
note_on 63
velocity 47
time 23
note_on 66
velocity 51
time 3
note_off 46
time 55
note_off 63
time 15
note_off 70
time 23
note_off 51
time 35
note_on 53
velocity 69
time 11
note_off 66
time 76
note_on 70
velocity 75
time 1
note_on 54
velocity 68
time 0
note_on 63
velocity 58
time 3
note_off 53
time 26
note_off 63
time 11
note_off 70
time 65
note_on 69
velocity 68
time 54
note_on 63
velocity 66
time 24
note_on 61
velocity 56
time 9
note_off 61
time 18
note_off 63
time 6
note_off 69
time 1
note_on 68
velocity 61
time 14
note_on 63
velocity 29
time 16
note_on 61
velocity 37
time 2
note_off 61
time 18
note_off 68
time 0
note_off 63
time 15
note_on 68
velocity 40
time 0
note_on 60
velocity 41
time 11
note_on 63
velocity 22
time 16
note_off 63
time 45
note_off 68
time 31
note_off 60
time 10
note_on 44
velocity 41
time 2
note_off 54
time 7
note_on 46
velocity 64
time 16
note_on 68
velocity 33
time 6
note_on 66
velocity 51
time 1
note_on 63
velocity 46
time 3
note_off 44
time 13
note_off 46
time 6
note_off 66
time 0
note_off 68
time 9
note_on 48
velocity 64
time 1
note_off 63
time 36
note_on 49
velocity 68
time 1
note_on 63
velocity 57
time 2
note_on 65
velocity 54
time 2
note_off 48
time 1
note_on 68
velocity 45
time 10
note_on 51
velocity 78
time 19
note_off 63
time 3
note_off 65
time 3
note_off 68
time 0
note_off 49
time 14
note_on 53
velocity 69
time 20
note_on 65
velocity 59
time 11
note_on 61
velocity 57
time 7
note_on 68
velocity 58
time 7
note_off 51
time 1
note_off 61
time 11
note_off 68
time 0
note_on 54
velocity 65
time 32
note_off 53
time 0
note_off 65
time 10
note_on 68
velocity 55
time 3
note_on 61
velocity 59
time 10
note_off 54
time 50
note_off 61
time 13
note_off 68
time 2
note_on 53
velocity 55
time 32
note_off 53
time 32
note_on 53
velocity 70
time 14
note_on 61
velocity 53
time 46
note_on 68
velocity 51
time 1
note_on 66
velocity 54
time 3
note_on 51
velocity 75
time 11
note_off 53
time 20
note_off 66
time 16
note_off 68
time 1
note_off 61
time 1
note_off 51
time 3
note_on 50
velocity 58
time 7
note_on 60
velocity 55
time 62
note_off 50
time 6
note_on 66
velocity 58
time 0
note_on 68
velocity 40
time 0
note_on 51
velocity 69
time 5
note_off 51
time 33
note_off 66
time 19
note_off 60
time 10
note_off 68
time 1
note_on 66
velocity 48
time 277
note_on 44
velocity 68
time 3
note_on 60
velocity 48
time 5
note_on 68
velocity 44
time 11
note_off 60
time 11
note_off 66
time 15
note_off 68
time 1
note_on 65
velocity 44
time 2
note_on 53
velocity 52
time 5
note_on 68
velocity 44
time 3
note_on 61
velocity 44
time 6
note_off 44
time 14
note_off 65
time 26
note_off 61
time 7
note_on 51
velocity 57
time 6
note_off 68
time 7
note_off 53
time 19
note_on 49
velocity 51
time 7
note_off 51
time 0
note_on 68
velocity 31
time 1
note_on 61
velocity 40
time 7
note_on 65
velocity 34
time 0
note_off 61
time 2
note_off 65
time 1
note_off 68
time 18
note_off 49
time 134
note_on 68
velocity 37
time 147
note_on 65
velocity 35
time 27
note_on 61
velocity 35
time 5
note_off 65
time 92
note_off 61
time 2
note_off 68
time 67
note_on 68
velocity 31
time 14
note_on 41
velocity 42
time 2
note_on 61
velocity 36
time 2
note_on 65
velocity 27
time 13
note_off 65
time 1
note_off 61
time 9
note_on 39
velocity 43
time 11
note_off 41
time 11
note_off 68
time 0
note_off 39
time 2
note_on 37
velocity 37
time 9
note_on 65
velocity 30
time 1
note_on 61
velocity 36
time 6
note_on 68
velocity 36
time 3
note_off 61
time 2
note_off 65
time 3
note_off 68
time 20
note_on 61
velocity 43
time 158
note_on 65
velocity 42
time 3
note_on 68
velocity 29
time 23
note_off 65
time 13
note_off 61
time 15
note_off 68
time 19
note_on 64
velocity 54
time 339
note_on 68
velocity 58
time 2
note_on 56
velocity 48
time 10
note_off 64
time 27
note_off 56
time 6
note_off 68
time 13
note_on 64
velocity 44
time 225
note_on 68
velocity 34
time 3
note_on 56
velocity 36
time 22
note_off 56
time 89
note_off 68
time 7
note_off 64
time 14
note_on 64
velocity 37
time 226
note_on 68
velocity 27
time 5
note_on 56
velocity 36
time 2
note_off 64
time 83
note_off 68
time 0
note_off 56
time 7
note_on 36
velocity 57
time 256
note_on 64
velocity 46
time 2
note_on 68
velocity 50
time 9
note_on 56
velocity 45
time 6
note_off 37
time 28
note_off 56
time 57
note_off 64
time 3
note_off 68
time 13
note_on 64
velocity 33
time 195
note_on 56
velocity 33
time 5
note_on 68
velocity 25
time 2
note_off 64
time 71
note_off 56
time 18
note_off 68
time 5
note_on 56
velocity 33
time 295
note_on 68
velocity 36
time 1
note_on 64
velocity 24
time 24
note_off 56
time 44
note_off 68
time 31
note_off 64
time 1
note_on 55
velocity 42
time 380
note_on 64
velocity 35
time 5
note_on 48
velocity 53
time 7
note_on 67
velocity 26
time 7
note_off 55
time 41
note_off 64
time 1
note_off 67
time 0
note_on 55
velocity 36
time 229
note_on 67
velocity 31
time 2
note_on 64
velocity 16
time 29
note_off 67
time 148
note_off 55
time 28
note_off 64
time 11
note_on 55
velocity 34
time 403
note_on 64
velocity 29
time 14
note_on 67
velocity 25
time 0
note_off 67
time 299
note_off 64
time 2
note_off 55
time 61
note_on 41
velocity 38
time 18
note_on 60
velocity 34
time 1
note_on 55
velocity 32
time 14
note_off 36
time 13
note_on 40
velocity 40
time 15
note_off 41
time 0
note_on 36
velocity 40
time 11
note_off 40
time 9
note_off 55
time 16
note_on 65
velocity 43
time 368
note_on 56
velocity 40
time 27
note_on 41
velocity 41
time 5
note_off 36
time 1
note_off 60
time 14
note_off 48
time 7
note_on 49
velocity 69
time 217
note_off 49
time 239
note_on 47
velocity 66
time 118
note_off 47
time 40
note_off 56
time 10
note_on 48
velocity 45
time 207
note_on 60
velocity 49
time 13
note_off 65
time 11
note_on 55
velocity 55
time 11
note_off 41
time 79
note_on 40
velocity 39
time 11
note_on 36
velocity 29
time 201
note_off 40
time 74
note_off 55
time 2
note_on 65
velocity 44
time 257
note_on 41
velocity 46
time 6
note_on 56
velocity 40
time 24
note_off 36
time 5
note_off 60
time 50
note_off 48
time 66
note_on 49
velocity 67
time 227
note_off 49
time 106
note_on 47
velocity 69
time 11
note_off 56
time 41
note_off 47
time 15
note_on 48
velocity 50
time 217
note_on 55
velocity 54
time 2
note_on 60
velocity 47
time 2
note_off 41
time 36
note_off 65
time 11
note_on 40
velocity 44
time 33
note_off 40
time 177
note_on 36
velocity 39
time 29
note_on 41
velocity 53
time 670
note_off 41
time 44
note_off 36
time 20
note_on 41
velocity 46
time 403
note_off 41
time 110
note_on 40
velocity 44
time 46
note_off 40
time 111
note_on 36
velocity 43
time 49
note_on 41
velocity 49
time 338
note_off 36
time 40
note_off 41
time 105
note_on 40
velocity 39
time 57
note_off 40
time 98
note_on 36
velocity 44
time 48
note_off 36
time 42
note_on 36
velocity 49
time 326
note_off 36
time 66
note_on 41
velocity 40
time 384
note_on 40
velocity 44
time 277
note_off 41
time 5
note_off 55
time 85
note_off 40
time 153
note_on 41
velocity 36
time 26
note_off 60
time 231
note_on 40
velocity 32
time 37
note_off 41
time 6
note_off 40
time 317
note_on 36
velocity 35
time 29
note_off 36
time 106
note_on 36
velocity 34
time 360
note_off 48
time 33
note_off 36
time 7
note_on 41
velocity 49
time 10
note_on 65
velocity 55
time 5
note_off 41
time 35
note_off 65
time 3
note_on 67
velocity 42
time 213
note_off 67
time 58
note_on 41
velocity 45
time 5
note_on 68
velocity 67
time 16
note_on 48
velocity 49
time 24
note_off 41
time 1
note_on 56
velocity 68
time 57
note_off 48
time 10
note_off 68
time 0
note_off 56
time 23
note_on 70
velocity 59
time 19
note_on 72
velocity 70
time 135
note_on 41
velocity 52
time 5
note_on 48
velocity 64
time 6
note_off 70
time 22
note_off 41
time 10
note_off 48
time 9
note_on 56
velocity 71
time 7
note_off 56
time 22
note_off 72
time 14
note_on 68
velocity 68
time 27
note_off 68
time 1
note_on 67
velocity 71
time 76
note_off 67
time 35
note_on 68
velocity 68
time 41
note_on 67
velocity 71
time 54
note_off 68
time 11
note_on 41
velocity 40
time 6
note_off 67
time 31
note_on 48
velocity 41
time 7
note_off 41
time 9
note_on 65
velocity 74
time 7
note_off 48
time 24
note_on 56
velocity 57
time 3
note_off 65
time 1
note_off 56
time 27
note_on 41
velocity 50
time 134
note_on 48
velocity 32
time 3
note_off 41
time 2
note_on 56
velocity 57
time 9
note_on 77
velocity 78
time 1
note_off 48
time 14
note_off 56
time 11
note_off 77
time 302
note_on 70
velocity 67
time 33
note_off 70
time 2
note_on 72
velocity 65
time 230
note_on 46
velocity 58
time 23
note_on 53
velocity 53
time 9
note_off 46
time 6
note_on 61
velocity 73
time 1
note_off 53
time 2
note_on 73
velocity 61
time 10
note_off 61
time 16
note_off 72
time 13
note_on 75
velocity 75
time 85
note_on 46
velocity 68
time 15
note_off 73
time 2
note_on 77
velocity 73
time 28
note_off 75
time 14
note_on 53
velocity 59
time 1
note_off 46
time 18
note_off 77
time 26
note_off 53
time 2
note_on 61
velocity 82
time 1
note_off 61
time 26
note_on 73
velocity 72
time 14
note_off 73
time 0
note_on 73
velocity 69
time 22
note_on 75
velocity 81
time 54
note_off 73
time 6
note_on 41
velocity 61
time 58
note_on 73
velocity 73
time 9
note_off 75
time 29
note_on 48
velocity 58
time 5
note_off 41
time 2
note_on 72
velocity 85
time 16
note_off 73
time 10
note_off 72
time 13
note_on 56
velocity 74
time 3
note_off 48
time 6
note_off 56
time 26
note_on 41
velocity 57
time 246
note_on 48
velocity 53
time 71
note_off 41
time 40
note_on 68
velocity 82
time 9
note_on 56
velocity 71
time 10
note_off 48
time 18
note_off 56
time 7
note_off 68
time 230
note_on 65
velocity 65
time 9
note_off 65
time 9
note_on 67
velocity 61
time 225
note_on 41
velocity 57
time 18
note_on 48
velocity 61
time 2
note_off 41
time 16
note_off 48
time 0
note_off 67
time 0
note_on 56
velocity 73
time 11
note_on 68
velocity 65
time 10
note_off 56
time 11
note_on 70
velocity 67
time 27
note_on 41
velocity 53
time 28
note_on 72
velocity 74
time 18
note_on 40
velocity 28
time 3
note_off 68
time 3
note_off 41
time 16
note_on 48
velocity 49
time 5
note_on 56
velocity 84
time 11
note_off 70
time 3
note_off 40
time 15
note_off 48
time 3
note_off 56
time 5
note_off 72
time 3
note_on 68
velocity 80
time 79
note_off 68
time 0
note_on 67
velocity 72
time 22
note_off 67
time 57
note_on 68
velocity 85
time 14
note_on 41
velocity 67
time 13
note_on 67
velocity 81
time 6
note_on 48
velocity 59
time 3
note_off 68
time 15
note_off 41
time 1
note_on 65
velocity 91
time 23
note_on 56
velocity 80
time 9
note_off 48
time 13
note_off 67
time 1
note_off 56
time 16
note_off 65
time 7
note_on 41
velocity 66
time 96
note_on 48
velocity 41
time 18
note_off 41
time 1
note_on 47
velocity 41
time 1
note_on 72
velocity 89
time 5
note_on 56
velocity 86
time 18
note_off 47
time 20
note_off 48
time 6
note_off 56
time 1
note_off 72
time 130
note_on 72
velocity 83
time 117
note_off 72
time 39
note_on 60
velocity 88
time 18
note_off 60
time 5
note_on 62
velocity 90
time 273
note_on 51
velocity 72
time 22
note_on 55
velocity 80
time 7
note_on 43
velocity 67
time 5
note_on 63
velocity 84
time 28
note_off 62
time 33
note_off 55
time 14
note_off 51
time 46
note_off 43
time 13
note_on 65
velocity 83
time 10
note_off 63
time 26
note_on 55
velocity 85
time 46
note_on 43
velocity 74
time 2
note_on 50
velocity 72
time 2
note_on 67
velocity 80
time 15
note_off 43
time 14
note_off 55
time 11
note_off 50
time 11
note_off 65
time 33
note_on 59
velocity 84
time 54
note_off 67
time 36
note_off 59
time 84
note_on 60
velocity 78
time 32
note_on 48
velocity 57
time 14
note_on 55
velocity 69
time 59
note_off 48
time 18
note_off 60
time 2
note_on 64
velocity 83
time 35
note_off 55
time 41
note_off 64
time 32
note_on 60
velocity 83
time 108
note_on 48
velocity 64
time 74
note_on 58
velocity 62
time 126
note_on 64
velocity 61
time 136
note_on 61
velocity 68
time 74
note_off 60
time 14
note_off 61
time 19
note_on 63
velocity 69
time 24
note_on 61
velocity 64
time 83
note_off 63
time 16
note_off 64
time 5
note_off 58
time 7
note_off 48
time 9
note_off 61
time 11
note_on 60
velocity 54
time 16
note_on 65
velocity 57
time 141
note_off 60
time 1
note_off 65
time 32
note_on 67
velocity 45
time 332
note_on 41
velocity 37
time 0
note_off 67
time 5
note_off 41
time 2
note_on 48
velocity 48
time 9
note_on 68
velocity 47
time 24
note_on 56
velocity 60
time 9
note_off 48
time 2
note_off 56
time 2
note_on 70
velocity 59
time 76
note_on 41
velocity 57
time 6
note_off 68
time 9
note_off 41
time 9
note_on 48
velocity 47
time 1
note_on 72
velocity 71
time 1
note_off 48
time 11
note_on 56
velocity 59
time 0
note_off 70
time 0
note_off 56
time 32
note_off 72
time 5
note_on 68
velocity 68
time 80
note_off 68
time 18
note_on 67
velocity 69
time 36
note_off 67
time 53
note_on 68
velocity 69
time 35
note_on 41
velocity 53
time 36
note_on 67
velocity 71
time 10
note_on 48
velocity 56
time 24
note_off 68
time 3
note_off 41
time 3
note_on 65
velocity 75
time 32
note_off 67
time 0
note_on 56
velocity 67
time 0
note_off 48
time 11
note_off 65
time 7
note_off 56
time 6
note_on 41
velocity 49
time 130
note_on 48
velocity 47
time 88
note_off 41
time 42
note_on 77
velocity 78
time 3
note_on 56
velocity 64
time 5
note_off 48
time 3
note_off 56
time 5
note_off 77
time 71
note_on 77
velocity 50
time 84
note_off 77
time 3
note_on 70
velocity 63
time 11
note_off 70
time 36
note_on 72
velocity 62
time 303
note_on 46
velocity 51
time 78
note_on 53
velocity 50
time 59
note_off 46
time 13
note_on 73
velocity 61
time 26
note_off 72
time 19
note_on 61
velocity 52
time 1
note_off 53
time 33
note_off 61
time 6
note_on 75
velocity 71
time 102
note_on 46
velocity 50
time 48
note_off 73
time 10
note_on 53
velocity 47
time 10
note_off 46
time 10
note_off 75
time 28
note_on 77
velocity 65
time 1
note_on 61
velocity 73
time 6
note_off 53
time 24
note_off 61
time 5
note_on 73
velocity 62
time 0
note_off 73
time 35
note_off 77
time 0
note_on 73
velocity 73
time 11
note_off 73
time 50
note_on 75
velocity 80
time 19
note_on 41
velocity 60
time 63
note_on 73
velocity 66
time 7
note_off 75
time 36
note_off 41
time 1
note_on 48
velocity 54
time 1
note_on 72
velocity 74
time 26
note_off 73
time 5
note_on 56
velocity 64
time 6
note_off 48
time 7
note_off 72
time 7
note_off 56
time 23
note_on 41
velocity 42
time 214
note_on 48
velocity 41
time 98
note_on 56
velocity 53
time 80
note_on 68
velocity 77
time 3
note_off 41
time 11
note_off 56
time 10
note_off 48
time 9
note_off 68
time 247
note_on 65
velocity 52
time 28
note_on 67
velocity 60
time 9
note_off 67
time 22
note_off 65
time 11
note_on 41
velocity 46
time 7
note_on 56
velocity 51
time 6
note_on 68
velocity 67
time 0
note_on 48
velocity 42
time 11
note_off 56
time 27
note_off 48
time 13
note_off 41
time 3
note_on 70
velocity 71
time 11
note_off 68
time 6
note_off 70
time 19
note_on 56
velocity 68
time 37
note_on 48
velocity 64
time 3
note_on 41
velocity 36
time 19
note_on 72
velocity 79
time 19
note_off 56
time 14
note_off 41
time 16
note_off 48
time 2
note_on 42
velocity 3
time 6
note_off 42
time 49
note_off 72
time 9
note_on 68
velocity 77
time 35
note_off 68
time 75
note_on 67
velocity 78
time 20
note_off 67
time 15
note_on 68
velocity 77
time 14
note_on 67
velocity 78
time 70
note_on 41
velocity 50
time 15
note_on 56
velocity 60
time 0
note_on 48
velocity 57
time 3
note_off 68
time 0
note_on 65
velocity 85
time 9
note_off 67
time 18
note_off 56
time 6
note_off 48
time 9
note_off 65
time 1
note_off 41
time 24
note_on 41
velocity 36
time 329
note_on 56
velocity 51
time 10
note_on 48
velocity 43
time 9
note_on 72
velocity 84
time 27
note_off 56
time 156
note_off 41
time 46
note_off 48
time 11
note_off 72
time 27
note_on 60
velocity 70
time 1
note_off 60
time 32
note_on 64
velocity 68
time 45
note_on 41
velocity 58
time 119
note_on 55
velocity 60
time 3
note_on 48
velocity 48
time 16
note_on 67
velocity 73
time 7
note_off 55
time 96
note_on 70
velocity 83
time 11
note_off 41
time 6
note_off 48
time 0
note_off 67
time 5
note_on 55
velocity 67
time 87
note_on 41
velocity 67
time 9
note_on 48
velocity 71
time 1
note_on 73
velocity 82
time 3
note_off 64
time 1
note_off 70
time 14
note_off 55
time 15
note_off 41
time 11
note_off 48
time 16
note_on 72
velocity 77
time 104
note_on 68
velocity 81
time 85
note_off 72
time 5
note_off 73
time 15
note_off 68
time 18
note_on 70
velocity 80
time 11
note_on 68
velocity 75
time 0
note_on 56
velocity 71
time 9
note_on 48
velocity 61
time 3
note_off 70
time 7
note_on 41
velocity 40
time 2
note_on 65
velocity 89
time 13
note_off 68
time 28
note_off 65
time 6
note_off 48
time 13
note_off 56
time 6
note_off 41
time 3
note_on 41
velocity 61
time 312
note_on 56
velocity 63
time 7
note_on 48
velocity 55
time 11
note_on 77
velocity 86
time 1
note_off 41
time 192
note_off 77
time 1
note_off 56
time 2
note_off 48
time 148
note_on 60
velocity 78
time 16
note_off 60
time 32
note_on 64
velocity 70
time 61
note_on 55
velocity 79
time 76
note_on 41
velocity 70
time 1
note_on 48
velocity 61
time 5
note_on 67
velocity 76
time 27
note_off 55
time 7
note_off 48
time 5
note_off 41
time 7
note_on 70
velocity 81
time 29
note_off 67
time 0
note_on 41
velocity 76
time 57
note_on 55
velocity 83
time 3
note_on 48
velocity 72
time 9
note_on 73
velocity 88
time 16
note_off 64
time 2
note_off 55
time 28
note_off 70
time 7
note_off 41
time 3
note_off 48
time 9
note_off 73
time 121
note_on 72
velocity 80
time 23
note_on 68
velocity 85
time 83
note_off 72
time 3
note_off 68
time 63
note_on 70
velocity 87
time 1
note_on 68
velocity 86
time 44
note_on 48
velocity 61
time 36
note_on 56
velocity 75
time 0
note_on 65
velocity 93
time 1
note_off 70
time 0
note_on 41
velocity 53
time 1
note_off 68
time 29
note_off 56
time 6
note_off 65
time 0
note_off 48
time 15
note_on 43
velocity 2
time 29
note_off 43
time 1
note_off 41
time 28
note_on 41
velocity 54
time 164
note_on 56
velocity 58
time 0
note_on 48
velocity 54
time 13
note_on 80
velocity 90
time 28
note_off 80
time 216
note_off 41
time 106
note_off 56
time 98
note_on 60
velocity 80
time 16
note_off 48
time 28
note_off 60
time 22
note_on 64
velocity 72
time 16
note_on 41
velocity 66
time 104
note_on 55
velocity 73
time 0
note_on 48
velocity 54
time 7
note_on 67
velocity 79
time 10
note_off 55
time 3
note_on 70
velocity 82
time 7
note_off 48
time 7
note_off 41
time 0
note_off 67
time 33
note_off 64
time 80
note_on 55
velocity 64
time 88
note_on 41
velocity 50
time 1
note_on 73
velocity 80
time 5
note_on 48
velocity 55
time 2
note_off 70
time 32
note_off 41
time 83
note_off 55
time 29
note_off 48
time 87
note_on 72
velocity 75
time 19
note_off 73
time 84
note_off 72
time 130
note_on 68
velocity 54
time 41
note_off 68
time 15
note_on 70
velocity 58
time 46
note_on 68
velocity 54
time 0
note_off 70
time 1
note_off 68
time 44
note_on 41
velocity 43
time 27
note_on 56
velocity 41
time 5
note_on 65
velocity 49
time 10
note_on 48
velocity 34
time 2
note_off 48
time 7
note_off 56
time 9
note_off 41
time 0
note_off 65
time 36
note_on 49
velocity 45
time 18
note_on 77
velocity 57
time 1
note_on 58
velocity 51
time 0
note_off 58
time 9
note_off 49
time 14
note_on 48
velocity 32
time 268
note_on 41
velocity 44
time 1
note_on 56
velocity 43
time 7
note_on 89
velocity 48
time 1
note_off 77
time 16
note_on 101
velocity 42
time 0
note_off 89
time 200
note_off 56
time 115
note_off 48
time 42
note_off 41
time 32
note_off 101
time 127
