note_on 77
velocity 50
time 20
note_off 77
time 103
note_on 76
velocity 52
time 22
note_off 76
time 28
note_on 74
velocity 53
time 2
note_on 65
velocity 34
time 16
note_on 62
velocity 36
time 4
note_off 74
time 3
note_off 62
time 264
note_off 65
time 0
note_on 74
velocity 39
time 83
note_off 74
time 331
note_on 65
velocity 23
time 366
note_on 62
velocity 34
time 2
note_off 62
time 708
note_on 81
velocity 55
time 13
note_off 65
time 30
note_off 81
time 483
note_on 65
velocity 25
time 167
note_on 62
velocity 28
time 15
note_off 62
time 639
note_off 65
time 23
note_on 74
velocity 52
time 45
note_on 73
velocity 52
time 821
note_on 64
velocity 30
time 37
note_on 67
velocity 33
time 0
note_off 74
time 46
note_off 64
time 23
note_off 67
time 18
note_on 76
velocity 47
time 11
note_off 73
time 2
note_off 76
time 53
note_on 74
velocity 50
time 20
note_off 74
time 14
note_on 73
velocity 47
time 13
note_on 67
velocity 34
time 13
note_on 64
velocity 34
time 10
note_off 73
time 82
note_on 73
velocity 42
time 445
note_off 64
time 7
note_off 67
time 35
note_off 73
time 294
note_on 67
velocity 32
time 368
note_on 64
velocity 32
time 26
note_on 81
velocity 52
time 635
note_off 81
time 107
note_on 82
velocity 62
time 13
note_off 64
time 59
note_off 67
time 5
note_off 82
time 67
note_on 67
velocity 32
time 53
note_on 64
velocity 31
time 16
note_on 73
velocity 49
time 688
note_off 64
time 32
note_off 67
time 52
note_on 74
velocity 60
time 198
note_on 69
velocity 32
time 51
note_on 65
velocity 24
time 10
note_off 73
time 201
note_off 65
time 636
note_off 69
time 11
note_off 74
time 250
note_on 77
velocity 51
time 31
note_off 77
time 104
note_on 76
velocity 58
time 7
note_off 76
time 115
note_on 74
velocity 56
time 15
note_on 69
velocity 39
time 9
note_on 65
velocity 31
time 12
note_off 74
time 281
note_on 74
velocity 43
time 368
note_off 65
time 29
note_off 69
time 3
note_off 74
time 313
note_on 69
velocity 39
time 354
note_on 65
velocity 27
time 32
note_on 85
velocity 63
time 516
note_off 85
time 110
note_on 86
velocity 73
time 12
note_off 65
time 92
note_off 69
time 28
note_off 86
time 515
note_on 69
velocity 38
time 77
note_on 65
velocity 28
time 12
note_on 77
velocity 65
time 690
note_off 65
time 46
note_off 69
time 64
note_on 76
velocity 69
time 716
note_on 70
velocity 32
time 61
note_on 67
velocity 31
time 9
note_off 77
time 152
note_off 67
time 745
note_off 70
time 3
note_off 76
time 197
note_on 79
velocity 51
time 21
note_off 79
time 88
note_on 77
velocity 62
time 9
note_off 77
time 109
note_on 76
velocity 63
time 17
note_on 67
velocity 28
time 35
note_on 70
velocity 37
time 3
note_off 76
time 281
note_off 67
time 395
note_on 82
velocity 63
time 20
note_off 70
time 18
note_on 79
velocity 45
time 1
note_off 79
time 391
note_off 82
time 107
note_on 69
velocity 45
time 196
note_on 81
velocity 45
time 709
note_off 69
time 2
note_on 77
velocity 35
time 21
note_off 77
time 416
note_off 81
time 14
note_on 69
velocity 38
time 255
note_on 73
velocity 48
time 334
note_off 69
time 81
note_on 76
velocity 59
time 242
note_off 73
time 82
note_on 79
velocity 65
time 11
note_off 76
time 12
note_off 79
time 16
note_on 79
velocity 61
time 160
note_on 62
velocity 39
time 40
note_on 65
velocity 37
time 1
note_on 77
velocity 58
time 13
note_off 79
time 9
note_on 76
velocity 58
time 3
note_off 77
time 76
note_off 62
time 100
note_off 65
time 40
note_on 74
velocity 62
time 10
note_off 76
time 6
note_off 74
time 9
note_on 74
velocity 51
time 111
note_on 65
velocity 30
time 35
note_on 62
velocity 37
time 7
note_off 74
time 38
note_on 74
velocity 43
time 364
note_off 62
time 51
note_off 65
time 16
note_off 74
time 422
note_on 69
velocity 35
time 235
note_on 65
velocity 25
time 22
note_on 85
velocity 56
time 522
note_off 85
time 54
note_on 86
velocity 53
time 32
note_off 86
time 63
note_on 88
velocity 61
time 19
note_on 86
velocity 58
time 97
note_off 88
time 2
note_off 65
time 112
note_off 69
time 9
note_off 86
time 50
note_on 69
velocity 36
time 102
note_on 65
velocity 29
time 26
note_on 77
velocity 61
time 259
note_off 65
time 63
note_off 69
time 185
note_on 76
velocity 65
time 561
note_on 70
velocity 34
time 57
note_on 67
velocity 33
time 3
note_off 77
time 183
note_off 67
time 41
note_off 70
time 28
note_off 76
time 122
note_on 79
velocity 45
time 48
note_off 79
time 79
note_on 77
velocity 56
time 15
note_off 77
time 6
note_on 76
velocity 58
time 4
note_on 67
velocity 36
time 16
note_on 70
velocity 32
time 2
note_off 76
time 140
note_off 67
time 217
note_off 70
time 6
note_on 82
velocity 61
time 9
note_on 79
velocity 43
time 36
note_off 79
time 500
note_off 82
time 64
note_on 69
velocity 42
time 107
note_on 81
velocity 48
time 45
note_on 77
velocity 35
time 20
note_off 69
time 8
note_off 81
time 533
note_off 77
time 30
note_on 69
velocity 38
time 115
note_on 73
velocity 42
time 347
note_off 69
time 126
note_on 76
velocity 57
time 189
note_off 73
time 45
note_on 79
velocity 61
time 1
note_off 76
time 29
note_off 79
time 16
note_on 79
velocity 57
time 155
note_on 74
velocity 46
time 18
note_on 77
velocity 63
time 18
note_off 79
time 51
note_on 76
velocity 64
time 111
note_off 77
time 32
note_off 74
time 110
note_on 77
velocity 64
time 185
note_off 76
time 58
note_on 74
velocity 48
time 370
note_on 70
velocity 51
time 7
note_off 77
time 22
note_on 86
velocity 66
time 716
note_on 77
velocity 44
time 37
note_off 74
time 31
note_off 70
time 115
note_off 77
time 135
note_off 86
time 50
note_on 69
velocity 39
time 8
note_on 74
velocity 31
time 0
note_on 86
velocity 47
time 470
note_off 74
time 19
note_on 77
velocity 33
time 26
note_off 69
time 103
note_off 77
time 610
note_on 74
velocity 26
time 5
note_on 68
velocity 33
time 7
note_off 86
time 9
note_off 74
time 698
note_on 77
velocity 42
time 103
note_off 68
time 83
note_off 77
time 20
note_on 79
velocity 42
time 120
note_on 74
velocity 32
time 8
note_on 69
velocity 33
time 32
note_off 79
time 95
note_on 77
velocity 40
time 41
note_off 77
time 18
note_on 79
velocity 40
time 27
note_off 79
time 30
note_on 77
velocity 36
time 66
note_off 77
time 39
note_on 79
velocity 38
time 28
note_off 79
time 41
note_on 77
velocity 34
time 3
note_on 79
velocity 16
time 28
note_off 77
time 13
note_on 77
velocity 39
time 69
note_off 79
time 20
note_off 77
time 28
note_on 79
velocity 25
time 8
note_off 79
time 0
note_on 77
velocity 32
time 22
note_on 76
velocity 36
time 23
note_on 73
velocity 32
time 12
note_off 77
time 39
note_off 74
time 8
note_off 69
time 639
note_off 76
time 14
note_off 73
time 2
note_on 72
velocity 61
time 107
note_on 53
velocity 30
time 80
note_on 57
velocity 30
time 4
note_off 53
time 584
note_on 60
velocity 36
time 77
note_off 57
time 80
note_off 72
time 198
note_on 76
velocity 52
time 88
note_off 76
time 76
note_on 77
velocity 63
time 25
note_off 77
time 80
note_on 72
velocity 60
time 30
note_on 57
velocity 41
time 0
note_on 53
velocity 32
time 6
note_off 60
time 12
note_off 72
time 17
note_on 72
velocity 44
time 72
note_on 60
velocity 33
time 31
note_off 72
time 70
note_off 53
time 54
note_off 57
time 39
note_on 57
velocity 41
time 442
note_on 53
velocity 35
time 10
note_off 60
time 14
note_on 84
velocity 56
time 4
note_on 82
velocity 66
time 32
note_on 60
velocity 35
time 0
note_off 53
time 70
note_off 57
time 39
note_off 84
time 0
note_on 81
velocity 63
time 36
note_off 82
time 77
note_on 79
velocity 64
time 233
note_on 57
velocity 38
time 56
note_on 53
velocity 38
time 2
note_off 81
time 7
note_off 60
time 3
note_on 77
velocity 64
time 9
note_off 79
time 4
note_on 76
velocity 64
time 36
note_off 77
time 0
note_on 60
velocity 37
time 28
note_off 57
time 151
note_off 76
time 23
note_on 77
velocity 60
time 34
note_off 77
time 75
note_on 76
velocity 66
time 33
note_off 76
time 59
note_on 77
velocity 64
time 42
note_off 77
time 68
note_on 79
velocity 61
time 27
note_off 79
time 12
note_on 77
velocity 65
time 12
note_on 58
velocity 44
time 13
note_on 55
velocity 39
time 2
note_off 53
time 7
note_off 60
time 22
note_on 60
velocity 37
time 17
note_off 58
time 93
note_off 55
time 22
note_off 77
time 117
note_on 76
velocity 51
time 6
note_off 76
time 65
note_on 77
velocity 58
time 8
note_off 77
time 32
note_on 58
velocity 38
time 23
note_on 55
velocity 40
time 2
note_on 76
velocity 61
time 1
note_off 60
time 0
note_off 76
time 47
note_on 76
velocity 48
time 210
note_on 60
velocity 29
time 32
note_off 76
time 9
note_off 58
time 14
note_off 55
time 9
note_on 58
velocity 31
time 159
note_on 55
velocity 37
time 10
note_off 60
time 22
note_on 60
velocity 41
time 3
note_off 58
time 39
note_off 55
time 3
note_on 58
velocity 35
time 11
note_on 55
velocity 38
time 25
note_off 60
time 16
note_on 67
velocity 49
time 44
note_on 60
velocity 32
time 38
note_off 55
time 116
note_off 58
time 106
note_on 69
velocity 58
time 56
note_off 67
time 100
note_off 69
time 219
note_on 72
velocity 54
time 2
note_on 55
velocity 37
time 14
note_on 52
velocity 40
time 21
note_off 72
time 0
note_on 70
velocity 53
time 15
note_off 60
time 4
note_off 70
time 10
note_on 69
velocity 59
time 4
note_off 69
time 0
note_on 67
velocity 58
time 53
note_off 67
time 70
note_on 60
velocity 44
time 28
note_on 77
velocity 63
time 12
note_on 76
velocity 63
time 139
note_off 77
time 28
note_off 55
time 31
note_off 52
time 35
note_off 76
time 20
note_on 74
velocity 63
time 16
note_off 74
time 72
note_on 72
velocity 64
time 31
note_on 55
velocity 43
time 13
note_on 81
velocity 67
time 1
note_off 72
time 19
note_on 52
velocity 37
time 3
note_on 79
velocity 64
time 4
note_off 81
time 4
note_off 60
time 4
note_off 79
time 30
note_on 77
velocity 71
time 7
note_off 77
time 6
note_on 76
velocity 72
time 26
note_on 84
velocity 73
time 16
note_on 60
velocity 43
time 5
note_off 76
time 9
note_on 82
velocity 69
time 2
note_off 84
time 16
note_off 55
time 6
note_off 52
time 18
note_on 81
velocity 72
time 6
note_off 82
time 6
note_off 81
time 94
note_on 79
velocity 75
time 14
note_on 88
velocity 73
time 23
note_on 55
velocity 42
time 8
note_on 52
velocity 37
time 5
note_off 79
time 6
note_off 60
time 3
note_on 86
velocity 71
time 48
note_off 88
time 13
note_on 84
velocity 63
time 102
note_on 60
velocity 39
time 1
note_off 86
time 9
note_off 55
time 2
note_off 52
time 15
note_on 55
velocity 42
time 164
note_on 52
velocity 43
time 22
note_off 60
time 212
note_off 84
time 90
note_on 82
velocity 69
time 2
note_on 84
velocity 69
time 151
note_off 82
time 4
note_on 88
velocity 68
time 8
note_off 84
time 2
note_on 60
velocity 46
time 6
note_on 86
velocity 70
time 2
note_off 88
time 8
note_off 55
time 1
note_on 84
velocity 73
time 82
note_off 86
time 9
note_off 84
time 91
note_on 82
velocity 69
time 14
note_off 82
time 66
note_off 52
time 20
note_on 82
velocity 65
time 25
note_on 57
velocity 40
time 15
note_on 53
velocity 40
time 7
note_off 60
time 44
note_on 81
velocity 64
time 10
note_off 82
time 0
note_off 81
time 29
note_on 80
velocity 66
time 158
note_on 60
velocity 38
time 15
note_off 53
time 6
note_off 80
time 7
note_off 57
time 4
note_on 81
velocity 64
time 6
note_off 81
time 53
note_on 80
velocity 53
time 1
note_on 57
velocity 42
time 15
note_on 53
velocity 36
time 1
note_off 60
time 8
note_off 80
time 3
note_on 81
velocity 55
time 7
note_off 81
time 10
note_on 80
velocity 49
time 5
note_on 60
velocity 35
time 12
note_off 53
time 15
note_off 57
time 12
note_on 81
velocity 54
time 5
note_off 80
time 25
note_off 81
time 50
note_on 81
velocity 48
time 15
note_on 57
velocity 31
time 8
note_on 53
velocity 26
time 8
note_off 60
time 50
note_off 81
time 11
note_on 60
velocity 37
time 265
note_off 57
time 12
note_off 53
time 0
note_on 57
velocity 36
time 297
note_on 53
velocity 32
time 8
note_off 60
time 0
note_on 60
velocity 37
time 45
note_off 53
time 136
note_off 57
time 36
note_on 73
velocity 59
time 338
note_on 58
velocity 31
time 55
note_on 53
velocity 34
time 8
note_off 60
time 13
note_off 73
time 4
note_on 74
velocity 63
time 3
note_off 74
time 44
note_on 74
velocity 64
time 14
note_on 62
velocity 37
time 0
note_off 53
time 6
note_off 58
time 7
note_on 58
velocity 34
time 209
note_on 53
velocity 37
time 11
note_off 62
time 58
note_off 74
time 78
note_on 75
velocity 56
time 0
note_off 75
time 8
note_on 76
velocity 60
time 14
note_on 62
velocity 34
time 9
note_off 76
time 0
note_off 58
time 202
note_on 77
velocity 61
time 19
note_off 53
time 2
note_off 77
time 35
note_on 78
velocity 56
time 262
note_on 58
velocity 33
time 13
note_on 53
velocity 24
time 4
note_off 78
time 57
note_off 62
time 178
note_on 79
velocity 62
time 68
note_off 79
time 37
note_on 80
velocity 59
time 261
note_on 62
velocity 38
time 15
note_off 80
time 40
note_off 53
time 196
note_off 58
time 20
note_on 81
velocity 57
time 27
note_off 81
time 37
note_on 84
velocity 51
time 165
note_on 53
velocity 22
time 27
note_on 58
velocity 34
time 16
note_off 62
time 219
note_off 84
time 84
note_on 82
velocity 52
time 9
note_off 82
time 94
note_on 62
velocity 39
time 187
note_off 53
time 11
note_off 58
time 21
note_on 74
velocity 60
time 0
note_off 74
time 15
note_on 74
velocity 64
time 271
note_on 57
velocity 42
time 14
note_on 53
velocity 39
time 18
note_off 62
time 75
note_on 72
velocity 66
time 8
note_off 74
time 30
note_on 71
velocity 63
time 6
note_on 60
velocity 37
time 18
note_off 72
time 14
note_off 57
time 16
note_off 53
time 8
note_on 72
velocity 69
time 9
note_off 71
time 29
note_off 72
time 34
note_on 72
velocity 57
time 13
note_on 53
velocity 34
time 12
note_on 57
velocity 36
time 1
note_off 60
time 16
note_on 60
velocity 37
time 27
note_off 53
time 132
note_off 57
time 26
note_on 57
velocity 35
time 443
note_on 53
velocity 28
time 31
note_off 60
time 119
note_off 72
time 133
note_on 84
velocity 60
time 23
note_off 84
time 2
note_on 60
velocity 36
time 51
note_off 53
time 0
note_off 57
time 3
note_on 81
velocity 58
time 13
note_off 81
time 41
note_on 57
velocity 34
time 6
note_on 53
velocity 32
time 6
note_off 60
time 14
note_on 77
velocity 59
time 4
note_off 77
time 19
note_on 60
velocity 43
time 13
note_off 53
time 3
note_off 57
time 0
note_on 72
velocity 65
time 9
note_off 72
time 46
note_on 72
velocity 64
time 283
note_on 55
velocity 44
time 5
note_on 52
velocity 40
time 29
note_off 60
time 51
note_on 70
velocity 63
time 11
note_off 72
time 18
note_on 69
velocity 69
time 3
note_on 60
velocity 41
time 17
note_off 70
time 13
note_on 70
velocity 71
time 11
note_off 55
time 1
note_off 52
time 7
note_off 69
time 2
note_on 79
velocity 72
time 10
note_on 55
velocity 42
time 20
note_on 52
velocity 40
time 15
note_off 70
time 6
note_off 60
time 10
note_on 60
velocity 44
time 34
note_off 55
time 139
note_off 52
time 27
note_off 79
time 21
note_on 70
velocity 61
time 27
note_on 69
velocity 66
time 366
note_off 60
time 13
note_on 57
velocity 40
time 6
note_on 53
velocity 39
time 6
note_off 70
time 10
note_on 72
velocity 62
time 13
note_off 69
time 5
note_on 70
velocity 63
time 50
note_off 72
time 1
note_off 70
time 32
note_on 69
velocity 64
time 7
note_on 60
velocity 44
time 12
note_off 69
time 3
note_on 70
velocity 64
time 12
note_off 70
time 0
note_on 72
velocity 66
time 7
note_off 72
time 33
note_off 53
time 26
note_on 74
velocity 64
time 51
note_off 60
time 0
note_off 74
time 5
note_off 57
time 7
note_on 76
velocity 64
time 14
note_off 76
time 2
note_on 77
velocity 64
time 13
note_off 77
time 13
note_on 79
velocity 51
time 15
note_on 81
velocity 54
time 90
note_on 59
velocity 34
time 32
note_on 50
velocity 26
time 1
note_on 53
velocity 25
time 5
note_off 79
time 27
note_off 81
time 14
note_off 53
time 251
note_off 50
time 21
note_off 59
time 10
note_on 69
velocity 57
time 414
note_on 65
velocity 42
time 37
note_off 69
time 106
note_on 72
velocity 55
time 454
note_on 69
velocity 53
time 23
note_on 48
velocity 31
time 38
note_on 60
velocity 29
time 15
note_off 65
time 1
note_off 60
time 7
note_off 48
time 13
note_on 36
velocity 30
time 16
note_off 36
time 9
note_off 69
time 242
note_on 67
velocity 35
time 405
note_on 70
velocity 36
time 0
note_off 72
time 8
note_off 67
time 41
note_off 70
time 12
note_on 69
velocity 46
time 9
note_on 65
velocity 28
time 16
note_off 65
time 1
note_off 69
time 28
note_on 67
velocity 31
time 6
note_on 64
velocity 34
time 17
note_off 64
time 507
note_off 67
time 8
note_on 81
velocity 68
time 61
note_on 64
velocity 38
time 41
note_on 58
velocity 30
time 29
note_on 60
velocity 38
time 0
note_on 79
velocity 70
time 227
note_off 81
time 16
note_off 79
time 87
note_on 79
velocity 64
time 247
note_on 67
velocity 37
time 34
note_off 79
time 134
note_off 60
time 11
note_off 64
time 3
note_off 58
time 36
note_on 60
velocity 38
time 66
note_on 64
velocity 37
time 3
note_on 58
velocity 38
time 2
note_off 67
time 37
note_on 67
velocity 35
time 28
note_on 77
velocity 44
time 9
note_off 77
time 20
note_off 64
time 13
note_off 60
time 5
note_on 76
velocity 51
time 8
note_off 76
time 98
note_on 74
velocity 51
time 32
note_off 74
time 64
note_on 72
velocity 48
time 64
note_on 57
velocity 29
time 184
note_on 60
velocity 44
time 0
note_on 84
velocity 54
time 8
note_off 72
time 10
note_off 58
time 113
note_off 67
time 6
note_off 84
time 48
note_on 84
velocity 40
time 483
note_on 65
velocity 25
time 26
note_off 84
time 101
note_off 60
time 6
note_off 57
time 15
note_on 60
velocity 36
time 14
note_on 57
velocity 31
time 17
note_off 65
time 16
note_on 86
velocity 56
time 9
note_off 86
time 58
note_on 84
velocity 57
time 7
note_on 82
velocity 67
time 128
note_off 84
time 15
note_on 65
velocity 37
time 10
note_off 60
time 93
note_on 81
velocity 67
time 8
note_off 82
time 16
note_off 81
time 85
note_on 79
velocity 66
time 31
note_off 79
time 102
note_on 77
velocity 68
time 9
note_off 77
time 148
note_on 76
velocity 69
time 20
note_on 60
velocity 45
time 14
note_on 58
velocity 43
time 1
note_off 76
time 5
note_on 77
velocity 67
time 1
note_off 57
time 14
note_off 65
time 26
note_off 77
time 19
note_on 79
velocity 69
time 8
note_off 79
time 14
note_on 81
velocity 63
time 25
note_on 79
velocity 57
time 46
note_off 81
time 26
note_on 64
velocity 34
time 6
note_off 79
time 6
note_off 60
time 9
note_off 58
time 16
note_on 58
velocity 38
time 14
note_on 60
velocity 42
time 4
note_off 64
time 8
note_on 77
velocity 45
time 113
note_on 64
velocity 31
time 14
note_off 77
time 55
note_off 60
time 15
note_on 76
velocity 49
time 7
note_off 76
time 91
note_on 74
velocity 53
time 39
note_off 74
time 64
note_on 72
velocity 47
time 64
note_off 72
time 93
note_on 60
velocity 36
time 3
note_on 84
velocity 53
time 12
note_on 57
velocity 30
time 1
note_off 58
time 13
note_off 64
time 0
note_off 84
time 4
note_on 84
velocity 54
time 0
note_on 65
velocity 30
time 4
note_off 60
time 4
note_off 84
time 16
note_off 57
time 18
note_on 86
velocity 57
time 13
note_on 88
velocity 67
time 90
note_off 86
time 1
note_off 88
time 143
note_on 89
velocity 66
time 9
note_on 60
velocity 43
time 28
note_on 57
velocity 36
time 19
note_off 89
time 91
note_on 88
velocity 66
time 2
note_off 65
time 81
note_off 88
time 31
note_on 86
velocity 66
time 13
note_off 86
time 65
note_on 84
velocity 62
time 46
note_on 82
velocity 69
time 57
note_off 84
time 0
note_on 65
velocity 41
time 18
note_off 60
time 35
note_on 81
velocity 66
time 16
note_off 82
time 5
note_off 81
time 83
note_on 79
velocity 70
time 40
note_off 79
time 91
note_on 77
velocity 67
time 20
note_off 77
time 29
note_on 58
velocity 40
time 6
note_on 76
velocity 65
time 2
note_on 60
velocity 42
time 4
note_off 76
time 1
note_on 77
velocity 65
time 20
note_off 57
time 34
note_off 65
time 18
note_off 77
time 8
note_on 79
velocity 66
time 0
note_off 79
time 18
note_on 81
velocity 60
time 23
note_off 81
time 27
note_on 79
velocity 52
time 8
note_on 64
velocity 37
time 16
note_off 79
time 5
note_off 60
time 9
note_off 58
time 0
note_on 58
velocity 35
time 43
note_on 60
velocity 42
time 1
note_off 64
time 3
note_on 77
velocity 52
time 4
note_on 67
velocity 32
time 17
note_off 77
time 53
note_on 76
velocity 57
time 7
note_off 60
time 20
note_off 76
time 94
note_on 74
velocity 62
time 13
note_off 74
time 89
note_on 72
velocity 68
time 32
note_off 58
time 52
note_on 84
velocity 68
time 32
note_on 60
velocity 45
time 4
note_on 57
velocity 39
time 3
note_off 72
time 14
note_off 67
time 10
note_off 84
time 3
note_on 84
velocity 71
time 175
note_on 65
velocity 31
time 50
note_off 57
time 189
note_off 60
time 10
note_on 60
velocity 38
time 368
note_on 57
velocity 38
time 25
note_on 82
velocity 60
time 191
note_off 65
time 11
note_off 84
time 164
note_on 81
velocity 70
time 35
note_off 82
time 3
note_on 79
velocity 66
time 201
note_off 81
time 19
note_on 65
velocity 36
time 8
note_off 79
time 95
note_off 60
time 34
note_on 77
velocity 65
time 18
note_off 77
time 28
note_on 75
velocity 69
time 25
note_off 75
time 54
note_on 75
velocity 54
time 196
note_on 58
velocity 30
time 0
note_on 74
velocity 57
time 4
note_on 62
velocity 44
time 9
note_off 75
time 19
note_off 57
time 11
note_off 65
time 1
note_on 73
velocity 55
time 13
note_off 74
time 6
note_on 74
velocity 60
time 6
note_on 67
velocity 39
time 13
note_off 73
time 13
note_off 62
time 16
note_off 58
time 4
note_on 78
velocity 69
time 26
note_off 74
time 3
note_on 79
velocity 69
time 15
note_on 62
velocity 46
time 0
note_on 58
velocity 38
time 2
note_off 78
time 5
note_off 67
time 11
note_off 79
time 0
note_on 81
velocity 56
time 11
note_off 81
time 71
note_on 82
velocity 69
time 81
note_off 82
time 46
note_on 81
velocity 62
time 52
note_on 67
velocity 42
time 9
note_on 82
velocity 63
time 8
note_off 81
time 2
note_off 82
time 9
note_on 84
velocity 67
time 22
note_off 62
time 28
note_off 58
time 26
note_on 85
velocity 68
time 338
note_on 62
velocity 43
time 44
note_on 58
velocity 39
time 3
note_off 84
time 11
note_off 67
time 1
note_off 85
time 13
note_on 88
velocity 62
time 13
note_off 88
time 69
note_on 86
velocity 74
time 5
note_off 86
time 3
note_on 84
velocity 66
time 10
note_on 67
velocity 51
time 6
note_off 62
time 7
note_off 58
time 11
note_on 82
velocity 74
time 10
note_off 84
time 1
note_on 81
velocity 69
time 273
note_on 58
velocity 41
time 0
note_on 62
velocity 50
time 0
note_off 82
time 16
note_off 67
time 11
note_on 79
velocity 68
time 68
note_off 81
time 17
note_on 82
velocity 70
time 26
note_on 67
velocity 46
time 13
note_off 79
time 25
note_off 58
time 104
note_off 62
time 17
note_on 79
velocity 75
time 141
note_off 82
time 19
note_on 65
velocity 40
time 32
note_on 60
velocity 41
time 1
note_on 89
velocity 78
time 107
note_off 67
time 59
note_off 79
time 9
note_on 69
velocity 36
time 57
note_off 65
time 22
note_off 89
time 15
note_on 88
velocity 50
time 19
note_off 60
time 41
note_off 88
time 12
note_on 86
velocity 58
time 1
note_off 86
time 26
note_on 84
velocity 60
time 47
note_off 84
time 13
note_on 82
velocity 63
time 18
note_on 60
velocity 37
time 22
note_on 65
velocity 31
time 12
note_off 82
time 2
note_on 81
velocity 57
time 8
note_off 81
time 60
note_off 69
time 10
note_on 79
velocity 53
time 40
note_off 79
time 28
note_on 77
velocity 62
time 39
note_off 77
time 37
note_on 76
velocity 55
time 44
note_off 76
time 19
note_on 74
velocity 65
time 14
note_off 74
time 31
note_on 72
velocity 60
time 3
note_off 72
time 5
note_on 71
velocity 62
time 15
note_on 69
velocity 40
time 3
note_off 71
time 57
note_on 72
velocity 62
time 15
note_off 72
time 6
note_off 65
time 29
note_on 74
velocity 56
time 2
note_off 60
time 5
note_off 74
time 28
note_on 76
velocity 58
time 10
note_off 76
time 26
note_on 77
velocity 69
time 39
note_off 77
time 21
note_on 79
velocity 59
time 15
note_on 81
velocity 60
time 18
note_on 64
velocity 38
time 1
note_on 60
velocity 36
time 5
note_off 79
time 0
note_off 69
time 22
note_off 81
time 5
note_on 79
velocity 54
time 16
note_off 79
time 17
note_on 81
velocity 47
time 19
note_off 81
time 33
note_on 79
velocity 50
time 6
note_off 79
time 32
note_on 81
velocity 60
time 26
note_off 81
time 29
note_on 70
velocity 35
time 7
note_on 79
velocity 65
time 35
note_off 79
time 36
note_off 64
time 11
note_on 81
velocity 62
time 1
note_off 60
time 14
note_off 81
time 42
note_on 79
velocity 58
time 39
note_off 79
time 26
note_on 79
velocity 50
time 127
note_off 79
time 27
note_on 81
velocity 65
time 15
note_off 81
time 61
note_on 79
velocity 59
time 26
note_off 79
time 48
note_on 81
velocity 31
time 20
note_on 64
velocity 40
time 21
note_on 60
velocity 37
time 8
note_off 81
time 5
note_on 79
velocity 51
time 37
note_off 79
time 7
note_on 81
velocity 37
time 27
note_off 70
time 12
note_off 81
time 29
note_on 79
velocity 63
time 2
note_off 79
time 29
note_on 79
velocity 60
time 9
note_off 79
time 44
note_on 79
velocity 47
time 90
note_off 79
time 3
note_on 81
velocity 52
time 12
note_on 70
velocity 38
time 32
note_off 81
time 3
note_on 79
velocity 61
time 33
note_off 79
time 4
note_on 81
velocity 47
time 0
note_off 81
time 14
note_on 79
velocity 63
time 16
note_off 79
time 61
note_on 81
velocity 31
time 25
note_off 81
time 17
note_on 79
velocity 39
time 3
note_off 79
time 29
note_off 70
time 0
note_on 77
velocity 45
time 23
note_off 60
time 1
note_off 64
time 57
note_off 77
time 34
note_on 79
velocity 53
time 15
note_on 77
velocity 42
time 593
note_on 69
velocity 26
time 46
note_on 62
velocity 32
time 0
note_off 79
time 70
note_off 69
time 33
note_off 77
time 7
note_off 62
time 32
note_on 72
velocity 72
time 105
note_on 63
velocity 55
time 19
note_on 45
velocity 42
time 30
note_on 48
velocity 44
time 0
note_off 63
time 375
note_off 72
time 48
note_on 53
velocity 40
time 211
note_off 48
time 141
note_off 45
time 33
note_on 48
velocity 44
time 483
note_on 45
velocity 39
time 13
note_off 53
time 157
note_off 48
time 211
note_on 63
velocity 60
time 218
note_on 60
velocity 49
time 20
note_on 53
velocity 42
time 21
note_off 60
time 83
note_off 63
time 47
note_off 53
time 80
note_off 45
time 44
note_on 62
velocity 57
time 5
note_on 58
velocity 48
time 5
note_on 46
velocity 42
time 2
note_off 58
time 13
note_off 46
time 8
note_off 62
time 7
note_on 74
velocity 55
time 8
note_on 70
velocity 47
time 1
note_off 70
time 11
note_off 74
time 2
note_on 34
velocity 44
time 58
note_off 34
time 8
note_on 70
velocity 46
time 38
note_on 67
velocity 39
time 15
note_off 67
time 6
note_off 70
time 6
note_on 69
velocity 45
time 13
note_on 65
velocity 36
time 10
note_on 48
velocity 28
time 41
note_off 48
time 7
note_off 69
time 10
note_off 65
time 12
note_on 72
velocity 43
time 1
note_on 69
velocity 38
time 12
note_off 72
time 4
note_off 69
time 11
note_on 36
velocity 35
time 30
note_off 36
time 2
note_on 64
velocity 41
time 30
note_on 58
velocity 31
time 33
note_off 64
time 2
note_off 58
time 45
note_on 41
velocity 35
time 0
note_on 65
velocity 40
time 4
note_on 57
velocity 31
time 4
note_off 57
time 9
note_off 65
time 4
note_off 41
time 10
note_on 69
velocity 45
time 6
note_on 72
velocity 39
time 12
note_off 72
time 0
note_off 69
time 16
note_on 69
velocity 24
time 447
note_on 65
velocity 28
time 10
note_off 69
time 123
note_off 65
time 17
note_on 48
velocity 34
time 478
note_on 45
velocity 23
time 5
note_off 45
time 132
note_off 48
time 8
note_on 45
velocity 30
time 22
note_on 41
velocity 27
time 6
note_off 45
time 163
note_off 41
time 26
note_on 74
velocity 48
time 201
note_on 65
velocity 16
time 81
note_on 62
velocity 30
time 13
note_off 65
time 528
note_on 69
velocity 33
time 130
note_off 62
time 145
note_off 74
time 103
note_on 77
velocity 45
time 131
note_off 77
time 66
note_on 76
velocity 54
time 39
note_off 76
time 81
note_on 74
velocity 54
time 31
note_on 65
velocity 30
time 22
note_on 62
velocity 37
time 0
note_off 69
time 9
note_off 74
time 16
note_on 74
velocity 41
time 171
note_on 69
velocity 28
time 21
note_off 74
time 102
note_off 65
time 85
note_off 62
time 14
note_on 65
velocity 33
time 445
note_on 62
velocity 32
time 8
note_off 69
time 39
note_on 81
velocity 45
time 25
note_on 79
velocity 54
time 39
note_on 69
velocity 31
time 30
note_off 81
time 46
note_off 65
time 78
note_off 62
time 26
note_on 77
velocity 59
time 119
note_off 79
time 7
note_on 76
velocity 54
time 8
note_on 65
velocity 27
time 4
note_on 62
velocity 32
time 17
note_off 77
time 9
note_off 69
time 18
note_on 74
velocity 55
time 16
note_off 76
time 1
note_on 73
velocity 55
time 169
note_off 74
time 18
note_on 69
velocity 38
time 1
note_off 62
time 6
note_off 65
time 14
note_on 74
velocity 54
time 23
note_off 73
time 27
note_off 69
time 320
note_on 72
velocity 55
time 19
note_on 66
velocity 35
time 50
note_on 62
velocity 31
time 6
note_off 74
time 0
note_on 69
velocity 28
time 43
note_off 62
time 123
note_off 66
time 27
note_off 72
time 69
note_on 75
velocity 46
time 131
note_off 75
time 94
note_on 74
velocity 47
time 19
note_off 69
time 45
note_on 72
velocity 46
time 18
note_on 66
velocity 37
time 1
note_on 62
velocity 38
time 2
note_off 74
time 10
note_on 84
velocity 60
time 56
note_off 72
time 109
note_off 62
time 125
note_on 69
velocity 29
time 112
note_off 66
time 127
note_on 82
velocity 60
time 148
note_off 84
time 206
note_on 66
velocity 40
time 140
note_on 60
velocity 38
time 11
note_off 69
time 9
note_on 81
velocity 59
time 10
note_off 82
time 6
note_on 69
velocity 38
time 66
note_off 66
time 121
note_off 60
time 40
note_on 79
velocity 57
time 165
note_off 69
time 72
note_off 81
time 157
note_on 60
velocity 41
time 88
note_on 62
velocity 39
time 8
note_on 78
velocity 59
time 39
note_off 79
time 14
note_on 66
velocity 41
time 79
note_off 62
time 32
note_off 78
time 146
note_off 60
time 13
note_on 81
velocity 62
time 89
note_off 66
time 83
note_on 79
velocity 64
time 422
note_on 62
velocity 41
time 39
note_on 58
velocity 28
time 8
note_off 81
time 9
note_on 67
velocity 35
time 15
note_off 62
time 87
note_off 58
time 38
note_off 79
time 88
note_on 82
velocity 52
time 151
note_off 82
time 60
note_on 81
velocity 58
time 52
note_off 81
time 21
note_on 62
velocity 38
time 7
note_on 58
velocity 35
time 2
note_on 79
velocity 53
time 2
note_off 67
time 7
note_off 79
time 10
note_on 79
velocity 44
time 138
note_on 67
velocity 26
time 26
note_off 79
time 144
note_off 58
time 34
note_off 62
time 0
note_on 58
velocity 33
time 455
note_on 62
velocity 35
time 7
note_off 67
time 4
note_on 86
velocity 56
time 3
note_on 84
velocity 61
time 107
note_on 67
velocity 31
time 40
note_off 86
time 148
note_off 58
time 3
note_off 62
time 16
note_on 82
velocity 60
time 89
note_off 84
time 275
note_on 81
velocity 61
time 10
note_on 58
velocity 35
time 26
note_on 62
velocity 41
time 11
note_off 67
time 8
note_off 82
time 5
note_on 79
velocity 60
time 20
note_off 81
time 0
note_on 84
velocity 59
time 41
note_on 67
velocity 38
time 19
note_off 79
time 33
note_on 82
velocity 63
time 81
note_off 84
time 11
note_off 58
time 5
note_off 62
time 33
note_on 81
velocity 67
time 73
note_off 82
time 5
note_off 81
time 102
note_on 79
velocity 67
time 16
note_on 77
velocity 59
time 38
note_on 58
velocity 31
time 0
note_on 60
velocity 40
time 1
note_off 79
time 7
note_off 67
time 15
note_off 77
time 107
note_on 76
velocity 54
time 17
note_on 67
velocity 30
time 39
note_off 76
time 50
note_on 77
velocity 59
time 46
note_off 60
time 60
note_off 77
time 31
note_off 58
time 13
note_on 79
velocity 61
time 19
note_off 79
time 119
note_on 77
velocity 56
time 30
note_off 77
time 43
note_on 76
velocity 50
time 19
note_on 58
velocity 30
time 17
note_on 60
velocity 41
time 4
note_off 67
time 75
note_off 76
time 13
note_on 67
velocity 37
time 1
note_off 60
time 16
note_off 58
time 13
note_on 72
velocity 58
time 16
note_on 74
velocity 59
time 117
note_off 72
time 3
note_on 77
velocity 62
time 33
note_off 74
time 2
note_on 60
velocity 42
time 10
note_on 58
velocity 35
time 2
note_off 77
time 30
note_on 76
velocity 57
time 4
note_off 67
time 29
note_off 76
time 19
note_on 74
velocity 61
time 16
note_off 74
time 60
note_on 72
velocity 62
time 67
note_on 67
velocity 37
time 9
note_off 72
time 3
note_on 81
velocity 61
time 1
note_on 79
velocity 60
time 11
note_off 60
time 19
note_off 81
time 8
note_off 58
time 6
note_off 79
time 30
note_on 77
velocity 65
time 8
note_off 77
time 10
note_on 76
velocity 66
time 17
note_on 88
velocity 64
time 5
note_off 76
time 30
note_on 58
velocity 36
time 1
note_on 60
velocity 42
time 2
note_on 86
velocity 63
time 6
note_off 88
time 7
note_off 67
time 6
note_on 84
velocity 57
time 19
note_off 86
time 8
note_on 82
velocity 69
time 61
note_off 84
time 5
note_off 82
time 9
note_on 81
velocity 64
time 11
note_on 67
velocity 40
time 1
note_off 81
time 5
note_on 79
velocity 69
time 13
note_off 60
time 5
note_off 58
time 7
note_on 77
velocity 65
time 15
note_off 79
time 2
note_off 77
time 120
note_on 76
velocity 65
time 15
note_on 77
velocity 65
time 12
note_on 60
velocity 43
time 5
note_on 57
velocity 36
time 12
note_off 76
time 59
note_off 67
time 2
note_on 65
velocity 32
time 22
note_off 60
time 160
note_off 57
time 20
note_off 77
time 68
note_on 81
velocity 52
time 113
note_off 81
time 71
note_on 79
velocity 62
time 25
note_off 79
time 105
note_on 77
velocity 66
time 23
note_on 60
velocity 38
time 25
note_on 57
velocity 30
time 16
note_off 65
time 21
note_on 84
velocity 67
time 20
note_off 77
time 148
note_on 65
velocity 31
time 140
note_off 60
time 191
note_off 57
time 14
note_on 82
velocity 67
time 83
note_off 84
time 152
note_on 60
velocity 43
time 4
note_on 57
velocity 39
time 1
note_off 65
time 16
note_on 81
velocity 64
time 10
note_off 82
time 10
note_on 65
velocity 39
time 183
note_off 60
time 165
note_off 57
time 67
note_on 79
velocity 65
time 43
note_off 81
time 177
note_on 60
velocity 44
time 41
note_on 57
velocity 37
time 14
note_off 65
time 14
note_on 77
velocity 66
time 15
note_off 79
time 7
note_on 65
velocity 47
time 130
note_off 60
time 97
note_off 57
time 180
note_on 76
velocity 65
time 33
note_off 77
time 256
note_on 74
velocity 61
time 64
note_on 58
velocity 42
time 26
note_on 57
velocity 40
time 30
note_off 65
time 9
note_off 76
time 14
note_on 65
velocity 40
time 58
note_off 57
time 171
note_off 58
time 33
note_off 74
time 23
note_on 77
velocity 50
time 101
note_off 77
time 89
note_on 76
velocity 58
time 18
note_off 76
time 144
note_on 74
velocity 56
time 7
note_on 58
velocity 42
time 22
note_on 57
velocity 43
time 8
note_off 74
time 5
note_off 65
time 16
note_on 75
velocity 62
time 38
note_off 75
time 92
note_on 76
velocity 65
time 101
note_on 65
velocity 40
time 26
note_off 76
time 122
note_off 58
time 71
note_on 77
velocity 62
time 66
note_off 77
time 173
note_on 78
velocity 60
time 136
note_on 58
velocity 40
time 18
note_on 55
velocity 33
time 1
note_off 78
time 190
note_off 57
time 7
note_off 65
time 50
note_on 79
velocity 57
time 10
note_off 79
time 65
note_on 80
velocity 60
time 156
note_on 64
velocity 39
time 28
note_off 80
time 10
note_on 81
velocity 65
time 9
note_off 58
time 0
note_off 55
time 0
note_off 81
time 0
note_on 84
velocity 66
time 139
note_on 58
velocity 45
time 16
note_on 55
velocity 40
time 6
note_on 82
velocity 65
time 5
note_off 84
time 11
note_off 64
time 15
note_off 82
time 0
note_on 81
velocity 66
time 6
note_off 81
time 44
note_on 79
velocity 62
time 23
note_off 79
time 35
note_on 79
velocity 61
time 14
note_on 64
velocity 41
time 2
note_off 79
time 13
note_on 77
velocity 63
time 0
note_off 58
time 11
note_off 77
time 22
note_on 76
velocity 65
time 13
note_off 55
time 8
note_off 76
time 62
note_on 74
velocity 62
time 38
note_off 74
time 8
note_on 73
velocity 61
time 15
note_on 55
velocity 44
time 5
note_on 57
velocity 43
time 1
note_off 73
time 13
note_on 74
velocity 61
time 0
note_off 64
time 29
note_off 74
time 41
note_on 76
velocity 65
time 13
note_off 76
time 0
note_on 77
velocity 65
time 18
note_off 77
time 29
note_on 76
velocity 57
time 19
note_on 61
velocity 42
time 12
note_off 57
time 4
note_off 76
time 6
note_off 55
time 18
note_off 61
time 60
note_on 57
velocity 41
time 14
note_on 55
velocity 37
time 20
note_on 74
velocity 39
time 0
note_on 64
velocity 37
time 10
note_off 74
time 7
note_on 73
velocity 51
time 0
note_off 57
time 11
note_off 73
time 113
note_on 71
velocity 47
time 15
note_off 71
time 76
note_on 69
velocity 48
time 68
note_off 64
time 94
note_off 69
time 18
note_on 81
velocity 53
time 69
note_on 53
velocity 31
time 6
note_on 57
velocity 30
time 16
note_off 55
time 42
note_off 81
time 123
note_on 81
velocity 43
time 451
note_on 62
velocity 30
time 15
note_off 81
time 137
note_off 57
time 4
note_off 53
time 13
note_on 57
velocity 37
time 45
note_on 53
velocity 33
time 5
note_off 62
time 1
note_on 82
velocity 51
time 28
note_on 81
velocity 58
time 121
note_off 82
time 64
note_on 62
velocity 39
time 80
note_off 81
time 9
note_on 79
velocity 66
time 1
note_off 79
time 82
note_off 57
time 46
note_on 77
velocity 65
time 7
note_off 77
time 122
note_on 76
velocity 66
time 15
note_off 76
time 112
note_on 74
velocity 66
time 14
note_off 74
time 0
note_on 73
velocity 62
time 15
note_on 57
velocity 43
time 6
note_on 55
velocity 34
time 7
note_off 73
time 2
note_off 53
time 13
note_on 74
velocity 63
time 11
note_off 62
time 34
note_off 74
time 18
note_on 76
velocity 63
time 4
note_off 76
time 13
note_on 77
velocity 61
time 17
note_off 77
time 21
note_on 76
velocity 54
time 10
note_on 61
velocity 37
time 26
note_off 57
time 9
note_off 76
time 13
note_off 55
time 0
note_off 61
time 17
note_on 57
velocity 40
time 9
note_on 55
velocity 37
time 6
note_on 64
velocity 35
time 35
note_on 74
velocity 37
time 13
note_off 74
time 1
note_off 57
time 0
note_on 73
velocity 47
time 6
note_off 73
time 97
note_on 71
velocity 48
time 19
note_off 71
time 60
note_on 69
velocity 50
time 1
note_off 69
time 139
note_off 64
time 5
note_on 81
velocity 49
time 1
note_on 57
velocity 34
time 19
note_on 53
velocity 33
time 2
note_off 55
time 48
note_off 81
time 11
note_on 81
velocity 44
time 4
note_on 62
velocity 33
time 26
note_off 53
time 21
note_off 81
time 3
note_off 57
time 27
note_on 89
velocity 49
time 1
note_on 88
velocity 56
time 55
note_off 89
time 4
note_off 88
time 138
note_on 86
velocity 63
time 17
note_on 57
velocity 40
time 11
note_on 53
velocity 28
time 32
note_off 86
time 12
note_on 84
velocity 62
time 70
note_off 62
time 55
note_off 84
time 65
note_on 82
velocity 67
time 16
note_on 81
velocity 63
time 15
note_off 82
time 41
note_on 79
velocity 69
time 0
note_off 81
time 0
note_on 62
velocity 43
time 26
note_off 79
time 51
note_on 77
velocity 65
time 40
note_off 57
time 28
note_off 77
time 29
note_on 76
velocity 67
time 22
note_off 76
time 78
note_on 74
velocity 68
time 27
note_off 74
time 23
note_on 73
velocity 63
time 11
note_on 57
velocity 44
time 15
note_on 55
velocity 41
time 9
note_off 73
time 11
note_off 53
time 0
note_on 74
velocity 63
time 19
note_off 62
time 12
note_off 74
time 17
note_on 76
velocity 64
time 12
note_off 76
time 9
note_on 77
velocity 64
time 21
note_off 77
time 10
note_on 76
velocity 56
time 16
note_on 61
velocity 34
time 28
note_off 57
time 12
note_off 76
time 0
note_off 55
time 2
note_off 61
time 116
note_on 57
velocity 36
time 213
note_on 55
velocity 37
time 8
note_on 74
velocity 50
time 43
note_on 64
velocity 31
time 25
note_off 74
time 36
note_on 73
velocity 55
time 17
note_off 57
time 34
note_off 73
time 73
note_on 71
velocity 63
time 11
note_off 71
time 75
note_on 69
velocity 67
time 42
note_off 64
time 3
note_on 81
velocity 61
time 11
note_off 69
time 13
note_on 57
velocity 38
time 19
note_on 53
velocity 39
time 10
note_off 55
time 8
note_off 81
time 4
note_on 81
velocity 57
time 239
note_on 62
velocity 36
time 18
note_off 81
time 13
note_off 53
time 54
note_off 57
time 5
note_on 57
velocity 40
time 52
note_on 53
velocity 38
time 9
note_off 62
time 14
note_on 79
velocity 40
time 55
note_on 62
velocity 32
time 17
note_off 79
time 8
note_on 77
velocity 51
time 32
note_off 57
time 34
note_off 77
time 41
note_off 53
time 5
note_on 76
velocity 54
time 26
note_off 76
time 91
note_on 74
velocity 58
time 39
note_on 75
velocity 49
time 11
note_on 55
velocity 32
time 17
note_on 58
velocity 32
time 11
note_off 74
time 0
note_off 62
time 12
note_on 79
velocity 60
time 23
note_off 75
time 15
note_on 63
velocity 43
time 0
note_off 55
time 6
note_off 58
time 16
note_on 81
velocity 62
time 0
note_off 79
time 34
note_on 58
velocity 45
time 192
note_on 55
velocity 39
time 16
note_off 63
time 3
note_on 82
velocity 70
time 0
note_off 81
time 9
note_on 63
velocity 45
time 33
note_off 58
time 13
note_on 81
velocity 71
time 73
note_off 55
time 171
note_off 82
time 44
note_on 56
velocity 48
time 100
note_on 59
velocity 52
time 3
note_off 63
time 14
note_on 79
velocity 70
time 4
note_off 81
time 0
note_on 62
velocity 52
time 112
note_off 56
time 5
note_off 59
time 2
note_on 77
velocity 67
time 6
note_off 79
time 114
note_on 59
velocity 48
time 14
note_on 56
velocity 47
time 18
note_off 62
time 16
note_on 76
velocity 63
time 8
note_off 77
time 46
note_on 65
velocity 49
time 2
note_off 59
time 23
note_off 56
time 4
note_off 76
time 10
note_on 74
velocity 63
time 96
note_off 74
time 9
note_on 73
velocity 59
time 21
note_on 64
velocity 47
time 6
note_on 57
velocity 45
time 13
note_off 65
time 32
note_off 73
time 0
note_on 74
velocity 62
time 16
note_off 74
time 6
note_on 76
velocity 65
time 9
note_off 76
time 25
note_on 77
velocity 66
time 0
note_off 77
time 22
note_on 76
velocity 58
time 4
note_on 61
velocity 41
time 25
note_off 64
time 8
note_off 57
time 13
note_off 76
time 7
note_off 61
time 11
note_on 61
velocity 48
time 317
note_on 57
velocity 46
time 19
note_on 76
velocity 61
time 16
note_off 76
time 30
note_on 77
velocity 65
time 2
note_off 77
time 93
note_on 81
velocity 69
time 5
note_on 64
velocity 42
time 13
note_on 79
velocity 68
time 16
note_off 81
time 1
note_off 61
time 3
note_off 57
time 17
note_off 79
time 32
note_on 77
velocity 66
time 12
note_off 77
time 89
note_on 76
velocity 67
time 33
note_on 77
velocity 62
time 12
note_on 62
velocity 43
time 7
note_on 57
velocity 40
time 12
note_off 76
time 15
note_off 64
time 13
note_on 86
velocity 56
time 105
note_on 65
velocity 36
time 36
note_off 77
time 21
note_off 62
time 89
note_off 86
time 21
note_off 57
time 63
note_on 59
velocity 47
time 29
note_on 57
velocity 40
time 18
note_off 65
time 14
note_on 74
velocity 54
time 30
note_off 74
time 11
note_on 76
velocity 59
time 3
note_off 76
time 6
note_on 79
velocity 60
time 9
note_on 68
velocity 44
time 1
note_off 79
time 5
note_on 77
velocity 63
time 7
note_off 77
time 21
note_off 59
time 1
note_on 76
velocity 65
time 12
note_off 68
time 19
note_off 57
time 22
note_off 76
time 51
note_on 74
velocity 64
time 25
note_on 73
velocity 61
time 7
note_on 69
velocity 40
time 9
note_on 57
velocity 37
time 8
note_off 74
time 0
note_off 69
time 8
note_on 81
velocity 58
time 9
note_on 61
velocity 44
time 8
note_off 73
time 20
note_off 61
time 26
note_off 81
time 4
note_off 57
time 7
note_on 49
velocity 42
time 45
note_on 45
velocity 40
time 14
note_on 64
velocity 48
time 13
note_off 64
time 13
note_on 65
velocity 49
time 22
note_off 65
time 12
note_on 52
velocity 36
time 16
note_on 69
velocity 55
time 1
note_off 69
time 0
note_on 67
velocity 57
time 0
note_off 45
time 13
note_off 67
time 1
note_off 49
time 9
note_on 65
velocity 60
time 15
note_off 65
time 56
note_on 64
velocity 63
time 35
note_on 65
velocity 54
time 16
note_on 50
velocity 40
time 17
note_on 45
velocity 37
time 2
note_off 64
time 20
note_off 52
time 0
note_on 74
velocity 46
time 3
note_on 53
velocity 29
time 1
note_off 65
time 46
note_off 50
time 64
note_off 45
time 14
note_off 74
time 7
note_on 47
velocity 41
time 16
note_on 45
velocity 32
time 15
note_off 53
time 18
note_on 62
velocity 40
time 37
note_on 64
velocity 46
time 12
note_off 62
time 19
note_off 64
time 197
note_on 67
velocity 38
time 21
note_on 56
velocity 38
time 2
note_off 67
time 36
note_on 65
velocity 48
time 5
note_off 47
time 33
note_off 65
time 17
note_off 45
time 5
note_on 64
velocity 55
time 13
note_off 56
time 41
note_off 64
time 48
note_on 62
velocity 57
time 22
note_on 61
velocity 50
time 8
note_on 45
velocity 34
time 27
note_on 57
velocity 33
time 8
note_off 62
time 15
note_on 69
velocity 45
time 20
note_off 61
time 15
note_off 69
time 6
note_on 64
velocity 47
time 14
note_off 64
time 3
note_off 45
time 34
note_off 57
time 29
note_on 61
velocity 52
time 150
note_off 61
time 89
note_on 57
velocity 40
time 261
note_off 57
time 120
note_on 52
velocity 38
time 279
note_off 52
time 108
note_on 49
velocity 36
time 314
note_off 49
time 126
note_on 45
velocity 36
time 394
note_off 45
time 217
note_on 33
velocity 34
time 22
note_off 33
time 8
note_on 69
velocity 66
time 800
note_on 66
velocity 60
time 10
note_on 50
velocity 66
time 27
note_off 66
time 66
note_off 69
time 11
note_on 64
velocity 63
time 11
note_on 67
velocity 64
time 3
note_off 64
time 21
note_off 67
time 5
note_on 66
velocity 66
time 36
note_on 62
velocity 66
time 1
note_off 66
time 29
note_off 62
time 7
note_on 71
velocity 70
time 229
note_on 67
velocity 59
time 9
note_on 43
velocity 56
time 1
note_off 50
time 4
note_off 67
time 2
note_off 43
time 9
note_off 71
time 0
note_on 76
velocity 61
time 15
note_on 67
velocity 51
time 7
note_off 76
time 0
note_off 67
time 1
note_on 74
velocity 52
time 12
note_on 66
velocity 47
time 5
note_on 57
velocity 36
time 3
note_off 66
time 63
note_on 73
velocity 59
time 8
note_on 64
velocity 46
time 6
note_off 74
time 0
note_off 64
time 3
note_on 62
velocity 48
time 45
note_on 59
velocity 45
time 10
note_off 57
time 14
note_on 71
velocity 51
time 0
note_off 73
time 30
note_off 62
time 186
note_off 59
time 4
note_on 69
velocity 55
time 20
note_on 61
velocity 45
time 14
note_on 64
velocity 39
time 4
note_off 71
time 37
note_off 69
time 70
note_off 64
time 31
note_off 61
time 10
note_on 69
velocity 75
time 67
note_on 66
velocity 70
time 8
note_on 50
velocity 77
time 197
note_off 66
time 133
note_off 69
time 87
note_on 67
velocity 72
time 1
note_on 64
velocity 68
time 6
note_off 64
time 36
note_off 67
time 1
note_on 66
velocity 75
time 164
note_on 62
velocity 73
time 5
note_off 66
time 31
note_off 62
time 4
note_on 71
velocity 77
time 200
note_on 67
velocity 68
time 3
note_on 43
velocity 59
time 1
note_off 50
time 8
note_off 43
time 19
note_off 67
time 4
note_off 71
time 8
note_on 67
velocity 59
time 32
note_on 64
velocity 52
time 16
note_on 45
velocity 53
time 73
note_off 67
time 183
note_on 66
velocity 54
time 13
note_on 62
velocity 55
time 3
note_off 64
time 5
note_off 62
time 33
note_off 66
time 0
note_on 61
velocity 61
time 4
note_on 64
velocity 49
time 8
note_off 61
time 23
note_off 64
time 11
note_off 45
time 166
note_on 62
velocity 57
time 72
note_on 38
velocity 44
time 6
note_off 62
time 4
note_off 38
time 0
note_on 81
velocity 82
time 1
note_on 78
velocity 73
time 13
note_on 66
velocity 70
time 202
note_on 62
velocity 74
time 5
note_off 66
time 4
note_off 78
time 0
note_on 79
velocity 75
time 1
note_on 76
velocity 73
time 1
note_off 81
time 1
note_on 67
velocity 70
time 3
note_on 64
velocity 71
time 4
note_off 76
time 12
note_off 79
time 2
note_off 67
time 6
note_off 64
time 15
note_on 74
velocity 75
time 127
note_on 78
velocity 80
time 1
note_on 66
velocity 58
time 7
note_on 69
velocity 52
time 6
note_off 78
time 16
note_off 74
time 2
note_off 66
time 4
note_off 69
time 9
note_off 62
time 19
note_on 76
velocity 81
time 152
note_on 74
velocity 71
time 3
note_on 67
velocity 70
time 5
note_on 71
velocity 72
time 1
note_on 62
velocity 63
time 10
note_off 74
time 8
note_off 76
time 8
note_off 71
time 17
note_off 62
time 15
note_off 67
time 30
note_on 81
velocity 62
time 25
note_on 79
velocity 75
time 79
note_off 81
time 5
note_on 78
velocity 74
time 80
note_off 79
time 2
note_on 76
velocity 74
time 71
note_off 78
time 1
note_off 76
time 16
note_on 66
velocity 66
time 3
note_on 69
velocity 68
time 1
note_on 62
velocity 63
time 2
note_on 74
velocity 79
time 0
note_off 74
time 2
note_off 69
time 7
note_off 62
time 9
note_off 66
time 40
note_on 86
velocity 77
time 5
note_on 81
velocity 76
time 86
note_off 86
time 5
note_on 78
velocity 80
time 81
note_off 81
time 3
note_off 78
time 60
note_on 74
velocity 76
time 13
note_off 74
time 7
note_on 67
velocity 66
time 21
note_on 62
velocity 64
time 1
note_on 71
velocity 68
time 1
note_on 76
velocity 84
time 13
note_on 74
velocity 70
time 4
note_off 71
time 15
note_off 62
time 15
note_off 67
time 3
note_off 74
time 7
note_off 76
time 28
note_on 81
velocity 73
time 100
note_on 79
velocity 68
time 87
note_off 81
time 2
note_on 78
velocity 74
time 66
note_off 79
time 2
note_off 78
time 18
note_on 76
velocity 70
time 6
note_off 76
time 25
note_on 66
velocity 58
time 11
note_on 69
velocity 63
time 3
note_on 74
velocity 74
time 6
note_on 62
velocity 58
time 3
note_off 69
time 14
note_off 66
time 3
note_off 62
time 7
note_off 74
time 1
note_on 78
velocity 68
time 1
note_on 62
velocity 55
time 7
note_off 78
time 7
note_off 62
time 0
note_on 69
velocity 52
time 0
note_off 69
time 11
note_on 64
velocity 62
time 0
note_on 69
velocity 57
time 11
note_off 64
time 23
note_off 69
time 7
note_on 68
velocity 64
time 52
note_off 68
time 46
note_on 76
velocity 71
time 37
note_on 61
velocity 65
time 3
note_off 61
time 34
note_off 76
time 3
note_on 67
velocity 71
time 59
note_off 67
time 52
note_on 62
velocity 64
time 46
note_on 67
velocity 66
time 27
note_off 62
time 8
note_off 67
time 28
note_on 66
velocity 71
time 36
note_off 66
time 66
note_on 71
velocity 68
time 33
note_on 55
velocity 61
time 10
note_off 71
time 51
note_on 63
velocity 65
time 36
note_off 63
time 45
note_on 64
velocity 67
time 40
note_off 64
time 55
note_on 66
velocity 65
time 41
note_off 66
time 94
note_on 67
velocity 65
time 1
note_off 67
time 54
note_on 64
velocity 67
time 33
note_off 64
time 77
note_on 57
velocity 52
time 33
note_on 62
velocity 67
time 3
note_off 55
time 57
note_off 57
time 157
note_off 62
time 16
note_on 61
velocity 60
time 8
note_off 61
time 29
note_on 81
velocity 75
time 166
note_on 78
velocity 63
time 11
note_on 62
velocity 63
time 12
note_on 66
velocity 66
time 3
note_off 66
time 8
note_off 62
time 13
note_off 78
time 5
note_off 81
time 13
note_on 79
velocity 68
time 3
note_on 67
velocity 60
time 5
note_on 64
velocity 60
time 3
note_on 76
velocity 55
time 0
note_off 79
time 9
note_off 76
time 7
note_off 67
time 6
note_off 64
time 3
note_on 78
velocity 73
time 137
note_on 69
velocity 56
time 8
note_on 66
velocity 59
time 1
note_on 74
velocity 60
time 1
note_off 78
time 21
note_off 74
time 4
note_off 66
time 2
note_off 69
time 0
note_on 76
velocity 67
time 20
note_on 69
velocity 39
time 11
note_on 73
velocity 65
time 1
note_on 67
velocity 50
time 1
note_off 76
time 13
note_off 67
time 13
note_off 73
time 1
note_on 81
velocity 66
time 18
note_off 69
time 0
note_off 81
time 6
note_on 79
velocity 63
time 33
note_off 79
time 76
note_on 78
velocity 66
time 5
note_on 76
velocity 75
time 83
note_off 78
time 5
note_off 76
time 8
note_on 74
velocity 61
time 1
note_on 69
velocity 56
time 3
note_on 66
velocity 54
time 9
note_off 74
time 17
note_on 86
velocity 75
time 19
note_off 66
time 14
note_off 69
time 25
note_off 86
time 53
note_on 81
velocity 73
time 9
note_off 81
time 70
note_on 78
velocity 79
time 6
note_off 78
time 60
note_on 74
velocity 71
time 22
note_on 76
velocity 74
time 31
note_on 73
velocity 55
time 4
note_on 69
velocity 53
time 5
note_off 74
time 1
note_on 67
velocity 56
time 1
note_off 76
time 8
note_off 67
time 21
note_off 73
time 3
note_off 69
time 27
note_on 81
velocity 65
time 22
note_off 81
time 55
note_on 79
velocity 61
time 26
note_off 79
time 14
note_on 78
velocity 70
time 3
note_off 78
time 7
note_on 76
velocity 71
time 11
note_off 76
time 5
note_on 74
velocity 57
time 3
note_on 69
velocity 54
time 5
note_on 66
velocity 51
time 8
note_off 74
time 53
note_on 86
velocity 67
time 14
note_off 66
time 17
note_off 69
time 2
note_off 86
time 46
note_on 85
velocity 71
time 8
note_off 85
time 70
note_on 83
velocity 68
time 25
note_off 83
time 33
note_on 81
velocity 69
time 33
note_off 81
time 31
note_on 64
velocity 64
time 2
note_on 81
velocity 68
time 1
note_off 64
time 5
note_off 81
time 11
note_on 80
velocity 69
time 36
note_off 80
time 12
note_on 83
velocity 71
time 8
note_on 68
velocity 58
time 10
note_off 68
time 27
note_off 83
time 3
note_on 74
velocity 72
time 53
note_off 74
time 37
note_on 69
velocity 59
time 50
note_on 74
velocity 73
time 8
note_off 69
time 18
note_off 74
time 51
note_on 73
velocity 70
time 17
note_off 73
time 77
note_on 71
velocity 64
time 31
note_on 62
velocity 65
time 4
note_off 71
time 67
note_on 74
velocity 65
time 14
note_off 74
time 7
note_on 78
velocity 68
time 8
note_off 78
time 41
note_on 74
velocity 69
time 23
note_off 74
time 45
note_off 62
time 27
note_on 71
velocity 65
time 11
note_on 64
velocity 63
time 4
note_off 71
time 26
note_on 68
velocity 67
time 9
note_off 68
time 60
note_off 64
time 7
note_on 69
velocity 60
time 46
note_on 57
velocity 55
time 20
note_off 57
time 16
note_off 69
time 12
note_on 72
velocity 53
time 92
note_on 69
velocity 42
time 6
note_on 75
velocity 60
time 4
note_off 72
time 35
note_off 69
time 10
note_off 75
time 111
note_on 71
velocity 56
time 17
note_on 67
velocity 54
time 7
note_on 76
velocity 59
time 4
note_off 71
time 10
note_off 67
time 7
note_off 76
time 4
note_on 69
velocity 52
time 8
note_on 66
velocity 46
time 7
note_on 78
velocity 65
time 32
note_off 66
time 0
note_off 69
time 4
note_off 78
time 89
note_on 67
velocity 66
time 14
note_on 79
velocity 63
time 3
note_on 64
velocity 50
time 8
note_off 67
time 11
note_off 79
time 0
note_off 64
time 7
note_on 67
velocity 44
time 16
note_on 70
velocity 64
time 0
note_on 73
velocity 65
time 30
note_off 70
time 10
note_off 67
time 9
note_off 73
time 2
note_on 69
velocity 52
time 13
note_on 66
velocity 56
time 1
note_on 74
velocity 58
time 4
note_off 69
time 5
note_off 74
time 10
note_off 66
time 1
note_on 64
velocity 55
time 0
note_on 67
velocity 51
time 5
note_on 76
velocity 63
time 13
note_off 64
time 92
note_off 67
time 32
note_on 66
velocity 58
time 10
note_on 78
velocity 62
time 8
note_on 62
velocity 55
time 0
note_off 76
time 1
note_off 66
time 14
note_off 62
time 14
note_off 78
time 0
note_on 81
velocity 69
time 19
note_on 45
velocity 60
time 2
note_on 78
velocity 61
time 0
note_off 45
time 14
note_on 57
velocity 68
time 6
note_off 78
time 5
note_off 57
time 7
note_off 81
time 105
note_on 78
velocity 64
time 8
note_on 75
velocity 64
time 1
note_off 75
time 3
note_off 78
time 2
note_on 79
velocity 69
time 144
note_on 45
velocity 53
time 4
note_on 76
velocity 63
time 5
note_off 45
time 32
note_off 76
time 6
note_on 57
velocity 72
time 4
note_off 57
time 0
note_off 79
time 13
note_on 76
velocity 73
time 107
note_on 73
velocity 63
time 6
note_off 73
time 10
note_off 76
time 13
note_on 45
velocity 55
time 0
note_on 74
velocity 62
time 1
note_on 77
velocity 43
time 14
note_off 74
time 11
note_off 45
time 3
note_off 77
time 14
note_on 57
velocity 63
time 0
note_on 67
velocity 72
time 10
note_on 73
velocity 75
time 1
note_off 57
time 10
note_off 67
time 0
note_off 73
time 35
note_on 66
velocity 67
time 16
note_on 45
velocity 61
time 4
note_on 74
velocity 49
time 6
note_off 66
time 0
note_off 45
time 13
note_off 74
time 0
note_on 57
velocity 63
time 56
note_on 62
velocity 67
time 6
note_off 57
time 28
note_off 62
time 6
note_on 69
velocity 15
time 10
note_off 69
time 1
note_on 69
velocity 67
time 0
note_on 45
velocity 54
time 10
note_on 61
velocity 52
time 6
note_off 45
time 9
note_off 69
time 3
note_off 61
time 7
note_on 69
velocity 81
time 38
note_on 66
velocity 71
time 13
note_on 50
velocity 78
time 221
note_off 66
time 11
note_off 69
time 113
note_on 64
velocity 71
time 12
note_on 67
velocity 71
time 1
note_off 64
time 33
note_off 67
time 6
note_on 66
velocity 79
time 143
note_on 62
velocity 69
time 9
note_off 66
time 33
note_off 62
time 4
note_off 50
time 3
note_on 71
velocity 77
time 5
note_on 43
velocity 68
time 6
note_on 67
velocity 74
time 2
note_off 67
time 9
note_off 43
time 2
note_off 71
time 9
note_on 76
velocity 63
time 32
note_on 67
velocity 65
time 1
note_off 67
time 35
note_off 76
time 3
note_on 57
velocity 45
time 6
note_on 74
velocity 57
time 9
note_on 66
velocity 56
time 15
note_off 66
time 122
note_on 73
velocity 60
time 42
note_on 64
velocity 48
time 9
note_off 74
time 4
note_off 64
time 82
note_on 62
velocity 40
time 101
note_on 71
velocity 54
time 0
note_on 59
velocity 41
time 3
note_off 57
time 2
note_off 73
time 1
note_off 62
time 245
note_on 69
velocity 52
time 3
note_on 64
velocity 40
time 11
note_on 61
velocity 39
time 8
note_off 59
time 21
note_off 71
time 8
note_off 69
time 108
note_off 64
time 29
note_off 61
time 22
note_on 69
velocity 77
time 106
note_on 66
velocity 71
time 9
note_on 50
velocity 77
time 122
note_off 66
time 101
note_off 69
time 83
note_on 64
velocity 74
time 13
note_on 67
velocity 72
time 0
note_off 64
time 33
note_off 67
time 14
note_on 66
velocity 76
time 89
note_on 62
velocity 66
time 0
note_off 66
time 16
note_off 62
time 2
note_on 71
velocity 76
time 13
note_on 67
velocity 71
time 5
note_on 43
velocity 62
time 2
note_off 50
time 2
note_off 43
time 3
note_off 67
time 11
note_off 71
time 4
note_on 67
velocity 59
time 55
note_on 64
velocity 54
time 16
note_on 45
velocity 51
time 148
note_on 66
velocity 54
time 190
note_on 62
velocity 56
time 2
note_off 67
time 0
note_off 64
time 9
note_off 62
time 23
note_off 66
time 0
note_on 61
velocity 48
time 120
note_on 64
velocity 39
time 0
note_off 61
time 34
note_off 64
time 6
note_on 38
velocity 44
time 231
note_on 62
velocity 48
time 9
note_off 45
time 2
note_off 62
time 35
note_off 38
time 4
note_on 69
velocity 69
time 5
note_off 69
time 16
note_on 74
velocity 61
time 1
note_on 78
velocity 72
time 8
note_off 74
time 14
note_off 78
time 27
note_on 66
velocity 76
time 54
note_off 66
time 33
note_on 69
velocity 67
time 64
note_off 69
time 32
note_on 64
velocity 73
time 69
note_off 64
time 40
note_on 67
velocity 70
time 46
note_off 67
time 33
note_on 62
velocity 69
time 54
note_off 62
time 34
note_on 66
velocity 61
time 58
note_off 66
time 37
note_on 59
velocity 71
time 43
note_on 55
velocity 62
time 15
note_on 64
velocity 71
time 8
note_off 64
time 4
note_on 63
velocity 74
time 19
note_off 63
time 8
note_on 64
velocity 76
time 1
note_off 64
time 40
note_off 55
time 4
note_off 59
time 30
note_on 67
velocity 78
time 11
note_off 67
time 46
note_on 71
velocity 73
time 44
note_on 76
velocity 74
time 25
note_off 71
time 2
note_off 76
time 5
note_on 79
velocity 58
time 3
note_off 79
time 4
note_on 67
velocity 67
time 14
note_off 67
time 30
note_on 76
velocity 64
time 39
note_off 76
time 4
note_on 68
velocity 67
time 8
note_off 68
time 19
note_on 74
velocity 51
time 21
note_off 74
time 12
note_on 69
velocity 64
time 91
note_on 73
velocity 56
time 44
note_off 73
time 3
note_off 69
time 11
note_on 76
velocity 66
time 4
note_off 76
time 5
note_on 69
velocity 74
time 12
note_on 74
velocity 76
time 5
note_off 69
time 5
note_on 78
velocity 80
time 33
note_off 74
time 5
note_off 78
time 61
note_on 66
velocity 75
time 46
note_off 66
time 28
note_on 69
velocity 75
time 22
note_off 69
time 32
note_on 64
velocity 74
time 61
note_off 64
time 15
note_on 67
velocity 75
time 9
note_off 67
time 7
note_on 62
velocity 77
time 66
note_off 62
time 32
note_on 66
velocity 66
time 54
note_off 66
time 32
note_on 59
velocity 73
time 55
note_on 55
velocity 64
time 17
note_on 64
velocity 48
time 17
note_on 65
velocity 44
time 7
note_off 65
time 7
note_off 64
time 2
note_on 63
velocity 77
time 15
note_off 63
time 21
note_on 64
velocity 74
time 3
note_off 55
time 10
note_off 59
time 25
note_off 64
time 43
note_on 67
velocity 77
time 8
note_off 67
time 97
note_on 71
velocity 68
time 4
note_on 69
velocity 77
time 34
note_off 71
time 0
note_off 69
time 7
note_on 66
velocity 73
time 5
note_off 66
time 9
note_on 54
velocity 68
time 14
note_on 45
velocity 59
time 12
note_off 54
time 16
note_off 45
time 25
note_on 62
velocity 67
time 44
note_off 62
time 35
note_on 45
velocity 56
time 65
note_on 52
velocity 55
time 3
note_off 52
time 32
note_off 45
time 2
note_on 61
velocity 50
time 4
note_off 61
time 31
note_on 50
velocity 59
time 85
note_off 50
time 39
note_on 62
velocity 56
time 37
note_off 62
time 36
note_on 38
velocity 67
time 7
note_off 38
time 2
note_on 69
velocity 69
time 1
note_off 69
time 39
note_on 74
velocity 72
time 41
note_on 78
velocity 75
time 5
note_off 74
time 5
note_off 78
time 7
note_on 66
velocity 72
time 6
note_off 66
time 12
note_on 81
velocity 78
time 5
note_off 81
time 27
note_on 64
velocity 73
time 78
note_off 64
time 32
note_on 79
velocity 73
time 30
note_off 79
time 11
note_on 62
velocity 71
time 38
note_off 62
time 6
note_on 78
velocity 65
time 39
note_off 78
time 39
note_on 74
velocity 60
time 1
note_on 71
velocity 52
time 13
note_on 67
velocity 39
time 6
note_on 76
velocity 63
time 4
note_off 76
time 15
note_on 81
velocity 72
time 3
note_off 74
time 9
note_off 71
time 7
note_off 67
time 6
note_off 81
time 9
note_on 79
velocity 73
time 7
note_on 78
velocity 73
time 61
note_off 79
time 11
note_on 76
velocity 78
time 72
note_off 78
time 7
note_off 76
time 57
note_on 66
velocity 71
time 12
note_on 69
velocity 64
time 3
note_on 74
velocity 69
time 0
note_off 69
time 2
note_off 66
time 8
note_off 74
time 0
note_on 86
velocity 82
time 15
note_on 81
velocity 77
time 23
note_off 86
time 14
note_on 78
velocity 77
time 70
note_off 81
time 3
note_off 78
time 67
note_on 74
velocity 72
time 13
note_on 71
velocity 64
time 14
note_on 67
velocity 57
time 13
note_off 74
time 2
note_on 76
velocity 75
time 2
note_off 71
time 10
note_off 67
time 3
note_off 76
time 4
note_on 81
velocity 74
time 13
note_on 79
velocity 69
time 83
note_off 81
time 44
note_on 78
velocity 75
time 38
note_off 79
time 13
note_on 76
velocity 67
time 12
note_off 78
time 2
note_off 76
time 5
note_on 66
velocity 61
time 7
note_on 69
velocity 58
time 1
note_off 69
time 15
note_off 66
time 11
note_on 74
velocity 65
time 6
note_off 74
time 40
note_on 78
velocity 73
time 19
note_off 78
time 11
note_on 69
velocity 67
time 13
note_off 69
time 9
note_on 62
velocity 67
time 3
note_off 62
time 32
note_on 66
velocity 68
time 11
note_off 66
time 23
note_on 64
velocity 65
time 55
note_off 64
time 34
note_on 67
velocity 64
time 42
note_off 67
time 27
note_on 61
velocity 66
time 71
note_off 61
time 34
note_on 64
velocity 50
time 51
note_off 64
time 36
note_on 62
velocity 65
time 67
note_off 62
time 31
note_on 66
velocity 52
time 52
note_off 66
time 28
note_on 55
velocity 58
time 84
note_on 71
velocity 55
time 15
note_off 71
time 27
note_on 67
velocity 59
time 29
note_off 67
time 65
note_on 66
velocity 54
time 51
note_off 66
time 53
note_on 64
velocity 67
time 14
note_on 56
velocity 61
time 10
note_off 55
time 8
note_off 64
time 15
note_on 62
velocity 69
time 16
note_off 62
time 98
note_on 61
velocity 66
time 3
note_off 56
time 6
note_on 57
velocity 55
time 7
note_off 61
time 39
note_on 64
velocity 68
time 34
note_off 64
time 8
note_off 57
time 12
note_on 45
velocity 71
time 11
note_off 45
time 8
note_on 69
velocity 70
time 4
note_off 69
time 2
note_on 74
velocity 72
time 18
note_off 74
time 7
note_on 78
velocity 62
time 30
note_off 78
time 11
note_on 66
velocity 71
time 36
note_off 66
time 6
note_on 81
velocity 70
time 13
note_off 81
time 25
note_on 64
velocity 73
time 63
note_off 64
time 17
note_on 79
velocity 71
time 40
note_off 79
time 32
note_on 62
velocity 68
time 72
note_off 62
time 55
note_on 78
velocity 50
time 33
note_off 78
time 29
note_on 73
velocity 70
time 14
note_on 67
velocity 55
time 12
note_on 69
velocity 56
time 2
note_on 76
velocity 62
time 8
note_off 76
time 0
note_off 67
time 19
note_on 81
velocity 74
time 7
note_off 73
time 3
note_off 69
time 5
note_off 81
time 33
note_on 79
velocity 72
time 15
note_on 78
velocity 77
time 84
note_off 79
time 4
note_on 76
velocity 80
time 84
note_off 78
time 3
note_off 76
time 55
note_on 69
velocity 75
time 9
note_on 66
velocity 71
time 2
note_off 69
time 6
note_off 66
time 1
note_on 74
velocity 71
time 33
note_off 74
time 35
note_on 67
velocity 64
time 55
note_on 64
velocity 66
time 12
note_off 67
time 21
note_off 64
time 27
note_on 85
velocity 73
time 35
note_off 85
time 30
note_on 66
velocity 61
time 76
note_on 62
velocity 50
time 17
note_off 66
time 25
note_off 62
time 8
note_on 86
velocity 54
time 41
note_off 86
time 30
note_on 73
velocity 58
time 83
note_on 67
velocity 49
time 13
note_on 69
velocity 53
time 2
note_on 76
velocity 69
time 11
note_off 76
time 8
note_off 73
time 12
note_off 69
time 12
note_on 81
velocity 73
time 2
note_off 67
time 2
note_on 79
velocity 70
time 31
note_off 81
time 36
note_on 78
velocity 77
time 59
note_off 79
time 3
note_off 78
time 8
note_on 76
velocity 74
time 1
note_off 76
time 3
note_on 66
velocity 68
time 28
note_on 69
velocity 71
time 10
note_on 74
velocity 69
time 9
note_off 74
time 0
note_on 86
velocity 78
time 5
note_off 69
time 27
note_off 86
time 12
note_on 85
velocity 78
time 2
note_off 66
time 25
note_off 85
time 62
note_on 83
velocity 73
time 1
note_off 83
time 67
note_on 81
velocity 77
time 15
note_off 81
time 94
note_on 80
velocity 82
time 3
note_off 80
time 10
note_on 64
velocity 65
time 9
note_off 64
time 5
note_on 74
velocity 79
time 22
note_off 74
time 34
note_on 68
velocity 62
time 22
note_off 68
time 8
note_on 73
velocity 71
time 16
note_off 73
time 9
note_on 69
velocity 61
time 11
note_off 69
time 4
note_on 62
velocity 65
time 12
note_on 71
velocity 57
time 13
note_off 71
time 38
note_on 78
velocity 69
time 21
note_off 78
time 41
note_on 74
velocity 59
time 13
note_off 74
time 53
note_on 71
velocity 63
time 38
note_on 64
velocity 53
time 16
note_off 62
time 8
note_off 71
time 31
note_on 68
velocity 65
time 43
note_off 68
time 56
note_on 69
velocity 60
time 66
note_off 64
time 2
note_on 57
velocity 57
time 10
note_off 57
time 3
note_off 69
time 42
note_on 69
velocity 39
time 9
note_on 72
velocity 51
time 1
note_off 69
time 58
note_off 72
time 2
note_on 75
velocity 49
time 21
note_off 75
time 53
note_on 78
velocity 64
time 21
note_off 78
time 19
note_on 67
velocity 63
time 12
note_off 67
time 6
note_on 76
velocity 55
time 37
note_off 76
time 28
note_on 66
velocity 59
time 6
note_off 66
time 35
note_on 81
velocity 63
time 37
note_off 81
time 35
note_on 64
velocity 60
time 0
note_on 79
velocity 60
time 4
note_off 79
time 20
note_off 64
time 5
note_on 83
velocity 66
time 4
note_off 83
time 38
note_on 76
velocity 67
time 29
note_off 76
time 40
note_on 67
velocity 60
time 15
note_on 70
velocity 67
time 1
note_on 73
velocity 63
time 14
note_off 67
time 22
note_off 70
time 3
note_on 76
velocity 68
time 50
note_off 73
time 0
note_off 76
time 29
note_on 66
velocity 61
time 60
note_off 66
time 53
note_on 74
velocity 64
time 6
note_off 74
time 1
note_on 64
velocity 61
time 6
note_off 64
time 23
note_on 79
velocity 61
time 58
note_off 79
time 39
note_on 62
velocity 48
time 15
note_on 78
velocity 62
time 14
note_off 62
time 14
note_off 78
time 5
note_on 81
velocity 64
time 18
note_off 81
time 27
note_on 74
velocity 55
time 17
note_off 74
time 31
note_on 66
velocity 57
time 8
note_on 57
velocity 47
time 6
note_on 81
velocity 56
time 4
note_off 81
time 14
note_on 63
velocity 64
time 19
note_off 66
time 39
note_on 78
velocity 59
time 6
note_off 78
time 61
note_on 64
velocity 71
time 34
note_off 63
time 46
note_on 79
velocity 68
time 2
note_off 79
time 1
note_off 64
time 12
note_on 61
velocity 76
time 2
note_on 76
velocity 78
time 2
note_off 76
time 6
note_on 69
velocity 77
time 16
note_off 61
time 25
note_on 78
velocity 73
time 21
note_off 78
time 58
note_on 66
velocity 71
time 52
note_off 69
time 3
note_on 75
velocity 73
time 16
note_off 75
time 52
note_on 67
velocity 67
time 13
note_off 66
time 10
note_on 76
velocity 72
time 37
note_off 76
time 36
note_off 67
time 71
note_on 64
velocity 63
time 8
note_on 73
velocity 60
time 89
note_off 73
time 41
note_off 64
time 61
note_on 66
velocity 62
time 15
note_on 74
velocity 61
time 81
note_off 74
time 31
note_off 66
time 76
note_on 62
velocity 58
time 17
note_on 68
velocity 49
time 33
note_off 57
time 5
note_off 68
time 27
note_off 62
time 47
note_on 61
velocity 58
time 3
note_on 69
velocity 44
time 39
note_off 69
time 52
note_on 57
velocity 55
time 0
note_off 61
time 4
note_off 57
time 9
note_on 69
velocity 62
time 1
note_off 69
time 4
note_on 74
velocity 71
time 26
note_on 78
velocity 76
time 11
note_off 74
time 1
note_off 78
time 14
note_on 66
velocity 78
time 22
note_off 66
time 18
note_on 69
velocity 71
time 26
note_off 69
time 19
note_on 64
velocity 76
time 57
note_off 64
time 37
note_on 67
velocity 70
time 44
note_off 67
time 37
note_on 62
velocity 74
time 58
note_off 62
time 36
note_on 66
velocity 67
time 46
note_off 66
time 40
note_on 59
velocity 71
time 81
note_on 55
velocity 70
time 6
note_on 64
velocity 65
time 6
note_off 55
time 3
note_off 59
time 2
note_off 64
time 7
note_on 63
velocity 72
time 5
note_off 63
time 21
note_on 64
velocity 63
time 14
note_off 64
time 47
note_on 67
velocity 77
time 41
note_off 67
time 85
note_on 71
velocity 75
time 18
note_off 71
time 13
note_on 76
velocity 73
time 3
note_on 79
velocity 62
time 48
note_off 76
time 1
note_off 79
time 7
note_on 67
velocity 63
time 7
note_off 67
time 37
note_on 76
velocity 68
time 45
note_off 76
time 37
note_on 68
velocity 63
time 77
note_off 68
time 46
note_on 74
velocity 55
time 62
note_off 74
time 28
note_on 69
velocity 56
time 13
note_on 73
velocity 55
time 6
note_off 69
time 1
note_off 73
time 6
note_on 76
velocity 67
time 3
note_off 76
time 70
note_on 69
velocity 70
time 2
note_on 74
velocity 73
time 8
note_off 69
time 1
note_on 78
velocity 81
time 14
note_off 74
time 2
note_off 78
time 28
note_on 66
velocity 78
time 51
note_off 66
time 31
note_on 69
velocity 72
time 59
note_off 69
time 3
note_on 64
velocity 77
time 58
note_off 64
time 22
note_on 67
velocity 80
time 36
note_off 67
time 3
note_on 62
velocity 78
time 60
note_off 62
time 33
note_on 66
velocity 78
time 41
note_off 66
time 33
note_on 59
velocity 80
time 71
note_on 55
velocity 70
time 13
note_on 64
velocity 67
time 6
note_off 64
time 5
note_on 63
velocity 80
time 13
note_off 55
time 1
note_off 59
time 0
note_off 63
time 33
note_on 64
velocity 77
time 25
note_off 64
time 71
note_on 67
velocity 75
time 18
note_on 71
velocity 79
time 8
note_off 67
time 2
note_on 69
velocity 79
time 8
note_off 71
time 6
note_on 66
velocity 72
time 2
note_off 69
time 1
note_off 66
time 28
note_on 54
velocity 67
time 87
note_on 45
velocity 59
time 11
note_off 54
time 21
note_off 45
time 21
note_on 62
velocity 60
time 58
note_off 62
time 32
note_on 52
velocity 63
time 48
note_on 45
velocity 53
time 2
note_off 52
time 35
note_off 45
time 6
note_on 61
velocity 58
time 61
note_off 61
time 37
note_on 50
velocity 63
time 64
note_off 50
time 36
note_on 62
velocity 62
time 60
note_off 62
time 31
note_on 38
velocity 67
time 66
note_off 38
time 56
note_on 66
velocity 72
time 456
note_on 69
velocity 74
time 5
note_on 50
velocity 78
time 233
note_off 66
time 81
note_off 69
time 92
note_on 64
velocity 74
time 4
note_on 67
velocity 72
time 2
note_off 64
time 31
note_off 67
time 16
note_on 66
velocity 80
time 148
note_on 62
velocity 70
time 5
note_off 62
time 35
note_off 66
time 0
note_on 71
velocity 78
time 210
note_on 67
velocity 70
time 8
note_on 43
velocity 61
time 7
note_off 50
time 5
note_off 67
time 9
note_off 71
time 5
note_off 43
time 9
note_on 67
velocity 59
time 126
note_on 76
velocity 55
time 6
note_off 67
time 26
note_off 76
time 5
note_on 74
velocity 60
time 194
note_on 66
velocity 49
time 13
note_on 57
velocity 46
time 4
note_off 74
time 27
note_off 66
time 1
note_on 64
velocity 58
time 166
note_on 73
velocity 56
time 1
note_off 64
time 30
note_off 73
time 6
note_on 59
velocity 49
time 171
note_on 71
velocity 65
time 1
note_on 62
velocity 58
time 5
note_off 71
time 33
note_off 62
time 5
note_off 57
time 25
note_on 69
velocity 57
time 200
note_on 61
velocity 44
time 4
note_on 64
velocity 39
time 13
note_off 59
time 23
note_off 69
time 104
note_off 64
time 21
note_off 61
time 41
note_on 69
velocity 80
time 95
note_on 66
velocity 75
time 5
note_on 50
velocity 78
time 214
note_off 66
time 77
note_off 69
time 97
note_on 67
velocity 71
time 25
note_on 64
velocity 70
time 6
note_off 64
time 38
note_off 67
time 2
note_on 66
velocity 78
time 158
note_on 62
velocity 65
time 4
note_off 66
time 19
note_off 62
time 16
note_off 50
time 169
note_on 71
velocity 76
time 14
note_on 43
velocity 64
time 9
note_on 67
velocity 74
time 0
note_off 43
time 16
note_off 67
time 15
note_off 71
time 8
note_on 67
velocity 71
time 76
note_on 64
velocity 71
time 8
note_on 45
velocity 75
time 137
note_on 66
velocity 73
time 204
note_on 62
velocity 71
time 5
note_off 64
time 2
note_off 67
time 0
note_off 62
time 35
note_off 66
time 5
note_off 45
time 127
note_on 64
velocity 77
time 15
note_on 55
velocity 71
time 3
note_on 61
velocity 73
time 0
note_off 64
time 33
note_off 61
time 6
note_off 55
time 2
note_on 62
velocity 52
time 17
note_on 56
velocity 37
time 8
note_on 53
velocity 35
time 2
note_on 47
velocity 27
time 7
note_on 35
velocity 38
time 11
note_off 47
time 295
note_off 53
time 68
note_off 62
time 30
note_off 35
time 35
note_off 56
time 195
note_on 61
velocity 55
time 0
note_on 33
velocity 52
time 5
note_on 55
velocity 38
time 10
note_off 33
time 4
note_on 45
velocity 57
time 4
note_off 45
time 12
note_off 55
time 23
note_off 61
time 33
note_on 62
velocity 61
time 18
note_on 54
velocity 57
time 5
note_off 54
time 14
note_off 62
time 2
note_on 67
velocity 69
time 32
note_on 33
velocity 60
time 7
note_on 61
velocity 57
time 6
note_off 33
time 54
note_on 45
velocity 70
time 17
note_off 45
time 3
note_off 67
time 12
note_off 61
time 15
note_on 66
velocity 71
time 0
note_on 62
velocity 57
time 5
note_off 62
time 13
note_off 66
time 0
note_on 73
velocity 74
time 37
note_on 67
velocity 71
time 13
note_on 33
velocity 61
time 1
note_off 33
time 14
note_on 45
velocity 74
time 11
note_off 45
time 13
note_off 67
time 5
note_off 73
time 47
note_on 66
velocity 72
time 95
note_on 74
velocity 75
time 1
note_off 66
time 5
note_off 74
time 2
note_on 79
velocity 81
time 28
note_on 73
velocity 67
time 2
note_on 33
velocity 73
time 1
note_off 33
time 63
note_on 35
velocity 80
time 29
note_on 76
velocity 82
time 1
note_off 79
time 9
note_off 73
time 32
note_off 76
time 19
note_on 47
velocity 67
time 9
note_on 78
velocity 85
time 2
note_on 74
velocity 72
time 1
note_off 74
time 6
note_off 78
time 2
note_off 47
time 10
note_off 35
time 75
note_on 78
velocity 86
time 65
note_on 74
velocity 64
time 7
note_on 47
velocity 64
time 4
note_off 74
time 27
note_off 78
time 2
note_off 47
time 10
note_on 86
velocity 84
time 7
note_on 74
velocity 68
time 0
note_on 78
velocity 64
time 1
note_on 35
velocity 62
time 5
note_on 47
velocity 58
time 3
note_off 35
time 16
note_off 47
time 15
note_off 86
time 444
note_off 74
time 85
note_off 78
time 85
note_on 84
velocity 78
time 10
note_on 81
velocity 68
time 5
note_on 66
velocity 64
time 7
note_off 66
time 5
note_on 67
velocity 67
time 3
note_off 67
time 4
note_off 81
time 5
note_on 83
velocity 73
time 109
note_off 84
time 2
note_on 79
velocity 68
time 4
note_off 79
time 9
note_off 83
time 6
note_on 78
velocity 69
time 13
note_on 81
velocity 72
time 3
note_on 63
velocity 55
time 6
note_off 63
time 89
note_off 78
time 11
note_on 64
velocity 73
time 9
note_off 64
time 8
note_on 79
velocity 68
time 17
note_on 76
velocity 61
time 2
note_on 61
velocity 66
time 7
note_off 81
time 0
note_off 76
time 10
note_off 79
time 2
note_off 61
time 4
note_on 74
velocity 55
time 7
note_on 78
velocity 69
time 0
note_on 62
velocity 55
time 5
note_off 74
time 14
note_off 78
time 4
note_off 62
time 9
note_on 76
velocity 68
time 2
note_on 67
velocity 58
time 2
note_on 55
velocity 57
time 2
note_on 78
velocity 69
time 3
note_off 76
time 6
note_off 67
time 5
note_off 55
time 8
note_off 78
time 1
note_on 76
velocity 72
time 13
note_off 76
time 33
note_on 57
velocity 57
time 9
note_on 66
velocity 57
time 0
note_on 74
velocity 71
time 6
note_off 66
time 5
note_off 74
time 6
note_off 57
time 9
note_on 73
velocity 61
time 66
note_on 57
velocity 49
time 1
note_on 67
velocity 55
time 2
note_on 64
velocity 45
time 12
note_off 73
time 12
note_off 67
time 7
note_off 57
time 13
note_off 64
time 6
note_on 74
velocity 60
time 0
note_on 66
velocity 49
time 15
note_on 62
velocity 48
time 6
note_on 59
velocity 46
time 5
note_off 62
time 8
note_off 59
time 4
note_off 66
time 14
note_off 74
time 35
note_on 56
velocity 71
time 11
note_on 50
velocity 59
time 20
note_off 50
time 12
note_on 77
velocity 77
time 25
note_off 56
time 38
note_on 49
velocity 67
time 5
note_on 57
velocity 55
time 8
note_on 76
velocity 67
time 0
note_off 77
time 13
note_off 49
time 7
note_off 76
time 1
note_off 57
time 4
note_on 62
velocity 66
time 8
note_on 56
velocity 52
time 1
note_off 56
time 150
note_on 77
velocity 66
time 6
note_off 62
time 5
note_on 76
velocity 63
time 1
note_on 61
velocity 53
time 2
note_on 57
velocity 29
time 15
note_off 77
time 8
note_off 76
time 0
note_off 61
time 3
note_off 57
time 11
note_on 62
velocity 51
time 4
note_on 68
velocity 52
time 2
note_off 62
time 13
note_off 68
time 17
note_on 77
velocity 50
time 25
note_on 76
velocity 59
time 14
note_on 61
velocity 48
time 3
note_on 69
velocity 41
time 7
note_off 77
time 5
note_off 76
time 8
note_off 61
time 2
note_off 69
time 6
note_on 74
velocity 49
time 136
note_on 68
velocity 35
time 38
note_on 77
velocity 60
time 383
note_off 68
time 4
note_off 74
time 42
note_on 76
velocity 44
time 213
note_on 73
velocity 23
time 45
note_on 69
velocity 32
time 16
note_off 77
time 8
note_off 73
time 9
note_off 69
time 4
note_off 76
time 32
note_on 69
velocity 66
time 0
note_on 74
velocity 67
time 13
note_on 78
velocity 70
time 19
note_off 69
time 20
note_on 81
velocity 85
time 18
note_on 62
velocity 80
time 9
note_on 54
velocity 72
time 7
note_off 74
time 19
note_off 62
time 6
note_off 54
time 15
note_off 78
time 32
note_off 81
time 6
note_on 69
velocity 62
time 89
note_on 61
velocity 75
time 20
note_on 76
velocity 70
time 0
note_on 52
velocity 70
time 6
note_on 73
velocity 65
time 2
note_on 79
velocity 76
time 1
note_off 69
time 10
note_off 61
time 4
note_off 73
time 5
note_off 52
time 11
note_off 79
time 11
note_off 76
time 3
note_on 69
velocity 73
time 1
note_on 50
velocity 73
time 1
note_on 74
velocity 66
time 3
note_on 62
velocity 72
time 3
note_on 78
velocity 80
time 6
note_off 69
time 15
note_off 50
time 9
note_off 74
time 6
note_off 62
time 7
note_off 78
time 29
note_on 71
velocity 84
time 6
note_on 79
velocity 81
time 9
note_on 83
velocity 84
time 2
note_on 67
velocity 70
time 6
note_off 71
time 21
note_on 62
velocity 62
time 5
note_on 55
velocity 60
time 1
note_on 59
velocity 63
time 2
note_off 79
time 11
note_off 67
time 1
note_off 83
time 8
note_off 62
time 8
note_off 59
time 0
note_off 55
time 13
note_on 76
velocity 66
time 13
note_on 67
velocity 55
time 4
note_off 67
time 6
note_off 76
time 7
note_on 74
velocity 66
time 22
note_on 66
velocity 58
time 7
note_on 57
velocity 51
time 10
note_off 66
time 23
note_off 74
time 2
note_on 64
velocity 59
time 154
note_on 73
velocity 60
time 0
note_off 73
time 29
note_off 64
time 14
note_on 62
velocity 59
time 161
note_on 71
velocity 63
time 2
note_on 59
velocity 48
time 28
note_off 57
time 9
note_off 62
time 0
note_off 71
time 1
note_on 69
velocity 57
time 220
note_on 61
velocity 57
time 8
note_on 64
velocity 46
time 3
note_off 59
time 8
note_off 64
time 89
note_off 69
time 5
note_off 61
time 91
note_on 69
velocity 70
time 17
note_off 69
time 2
note_on 74
velocity 69
time 4
note_on 78
velocity 78
time 58
note_off 74
time 10
note_off 78
time 40
note_on 66
velocity 76
time 46
note_off 66
time 31
note_on 69
velocity 78
time 60
note_off 69
time 47
note_on 64
velocity 79
time 53
note_off 64
time 41
note_on 67
velocity 77
time 40
note_off 67
time 32
note_on 62
velocity 80
time 47
note_off 62
time 30
note_on 66
velocity 75
time 11
note_off 66
time 31
note_on 59
velocity 75
time 59
note_on 55
velocity 68
time 12
note_on 64
velocity 66
time 83
note_off 64
time 15
note_on 63
velocity 75
time 11
note_off 63
time 73
note_on 64
velocity 72
time 13
note_off 55
time 14
note_off 59
time 10
note_off 64
time 7
note_on 67
velocity 78
time 4
note_off 67
time 18
note_on 71
velocity 76
time 3
note_on 69
velocity 80
time 5
note_on 66
velocity 80
time 14
note_off 71
time 0
note_off 66
time 11
note_off 69
time 21
note_on 61
velocity 62
time 110
note_on 45
velocity 49
time 16
note_on 57
velocity 43
time 4
note_on 55
velocity 32
time 9
note_on 52
velocity 30
time 3
note_off 61
time 14
note_off 57
time 15
note_off 45
time 2
note_off 55
time 17
note_off 52
time 9
note_on 62
velocity 51
time 9
note_on 38
velocity 43
time 13
note_on 57
velocity 38
time 2
note_on 54
velocity 37
time 5
note_on 50
velocity 31
time 2
note_off 50
time 13
note_off 38
time 8
note_off 57
time 3
note_off 62
time 2
note_off 54
time 7
