note_on 77
velocity 62
time 107
note_on 81
velocity 52
time 27
note_on 65
velocity 37
time 10
note_off 77
time 1
note_on 72
velocity 26
time 4
note_off 81
time 9
note_off 65
time 15
note_off 72
time 7
note_on 76
velocity 41
time 601
note_on 79
velocity 52
time 22
note_on 70
velocity 47
time 3
note_off 76
time 12
note_on 72
velocity 27
time 20
note_off 79
time 3
note_off 70
time 10
note_off 72
time 29
note_on 77
velocity 67
time 638
note_on 69
velocity 52
time 7
note_off 77
time 95
note_on 79
velocity 59
time 6
note_off 79
time 64
note_on 81
velocity 67
time 8
note_on 77
velocity 65
time 101
note_off 81
time 4
note_off 77
time 34
note_on 72
velocity 63
time 54
note_off 72
time 57
note_on 73
velocity 63
time 25
note_off 73
time 96
note_off 69
time 2
note_on 74
velocity 68
time 2
note_on 70
velocity 63
time 20
note_off 70
time 62
note_off 74
time 6
note_on 76
velocity 66
time 2
note_off 76
time 71
note_on 77
velocity 63
time 15
note_on 74
velocity 62
time 83
note_off 77
time 20
note_off 74
time 34
note_on 67
velocity 58
time 44
note_off 67
time 48
note_on 69
velocity 61
time 27
note_off 69
time 81
note_on 70
velocity 69
time 19
note_on 55
velocity 68
time 8
note_off 70
time 65
note_on 72
velocity 65
time 2
note_off 72
time 81
note_on 74
velocity 67
time 1
note_off 55
time 3
note_on 58
velocity 72
time 6
note_on 70
velocity 76
time 54
note_off 74
time 13
note_off 70
time 50
note_on 62
velocity 70
time 34
note_on 59
velocity 72
time 12
note_off 58
time 10
note_off 62
time 53
note_on 65
velocity 67
time 14
note_off 65
time 64
note_off 59
time 19
note_on 64
velocity 67
time 6
note_on 60
velocity 70
time 22
note_off 60
time 41
note_off 64
time 18
note_on 65
velocity 66
time 28
note_off 65
time 63
note_on 67
velocity 60
time 19
note_off 67
time 41
note_on 64
velocity 55
time 32
note_off 64
time 39
note_on 72
velocity 76
time 44
note_on 69
velocity 76
time 81
note_off 72
time 19
note_on 65
velocity 76
time 65
note_off 69
time 6
note_off 65
time 26
note_on 65
velocity 86
time 144
note_off 65
time 40
note_on 65
velocity 84
time 133
note_off 65
time 38
note_on 64
velocity 78
time 130
note_on 60
velocity 63
time 21
note_on 70
velocity 76
time 5
note_on 55
velocity 60
time 1
note_off 64
time 1
note_off 60
time 22
note_off 70
time 1
note_off 55
time 11
note_on 65
velocity 52
time 551
note_on 53
velocity 50
time 15
note_on 60
velocity 38
time 4
note_on 69
velocity 59
time 4
note_off 65
time 18
note_off 60
time 15
note_off 53
time 2
note_off 69
time 1
note_on 64
velocity 38
time 564
note_on 58
velocity 51
time 12
note_on 67
velocity 56
time 3
note_on 60
velocity 40
time 2
note_off 64
time 29
note_off 58
time 8
note_off 67
time 0
note_off 60
time 2
note_on 57
velocity 65
time 10
note_on 65
velocity 76
time 0
note_on 45
velocity 62
time 4
note_on 67
velocity 71
time 11
note_off 65
time 0
note_on 69
velocity 71
time 23
note_off 67
time 41
note_on 70
velocity 74
time 33
note_off 57
time 15
note_off 69
time 1
note_off 70
time 23
note_on 72
velocity 73
time 59
note_off 72
time 60
note_on 73
velocity 82
time 29
note_off 45
time 30
note_off 73
time 15
note_on 74
velocity 81
time 13
note_on 58
velocity 77
time 9
note_on 46
velocity 68
time 3
note_off 74
time 53
note_on 76
velocity 84
time 3
note_on 77
velocity 80
time 16
note_off 76
time 6
note_off 77
time 18
note_on 79
velocity 79
time 13
note_off 79
time 59
note_on 81
velocity 72
time 21
note_off 46
time 13
note_on 79
velocity 47
time 12
note_off 58
time 31
note_off 79
time 4
note_off 81
time 16
note_on 82
velocity 77
time 2
note_on 84
velocity 82
time 7
note_off 82
time 6
note_off 84
time 10
note_on 77
velocity 85
time 130
note_on 60
velocity 73
time 6
note_on 69
velocity 74
time 6
note_off 77
time 17
note_off 60
time 11
note_off 69
time 2
note_on 48
velocity 71
time 138
note_on 76
velocity 91
time 1
note_on 67
velocity 78
time 11
note_off 48
time 38
note_off 67
time 3
note_off 76
time 1
note_on 77
velocity 94
time 8
note_on 53
velocity 74
time 3
note_on 69
velocity 69
time 3
note_off 77
time 9
note_off 69
time 7
note_off 53
time 6
note_on 41
velocity 73
time 17
note_off 41
time 6
note_on 41
velocity 68
time 138
note_off 41
time 43
note_on 70
velocity 88
time 0
note_on 41
velocity 62
time 7
note_on 62
velocity 72
time 8
note_off 70
time 19
note_off 62
time 11
note_off 41
time 11
note_on 41
velocity 64
time 108
note_on 69
velocity 86
time 4
note_on 60
velocity 77
time 4
note_off 69
time 27
note_off 60
time 5
note_off 41
time 6
note_on 41
velocity 70
time 0
note_on 58
velocity 82
time 0
note_on 67
velocity 89
time 0
note_off 58
time 10
note_off 41
time 6
note_off 67
time 6
note_on 67
velocity 90
time 136
note_on 41
velocity 66
time 5
note_on 58
velocity 80
time 4
note_off 58
time 33
note_off 41
time 1
note_off 67
time 103
note_on 65
velocity 79
time 9
note_on 41
velocity 63
time 1
note_on 57
velocity 68
time 7
note_off 65
time 25
note_off 57
time 14
note_off 41
time 4
note_on 65
velocity 84
time 126
note_on 57
velocity 72
time 1
note_on 41
velocity 61
time 6
note_off 57
time 29
note_off 65
time 1
note_off 41
time 15
note_on 65
velocity 87
time 132
note_on 41
velocity 64
time 7
note_on 57
velocity 71
time 4
note_off 57
time 34
note_off 65
time 7
note_off 41
time 4
note_on 67
velocity 78
time 139
note_on 41
velocity 63
time 4
note_on 58
velocity 65
time 10
note_off 58
time 23
note_off 67
time 0
note_off 41
time 13
note_on 41
velocity 57
time 129
note_on 55
velocity 59
time 17
note_on 64
velocity 54
time 3
note_off 41
time 22
note_off 55
time 8
note_off 64
time 0
note_on 41
velocity 48
time 9
note_on 65
velocity 60
time 2
note_on 57
velocity 42
time 2
note_off 65
time 17
note_off 57
time 0
note_off 41
time 2
note_on 53
velocity 47
time 100
note_off 53
time 50
note_on 53
velocity 49
time 12
note_off 53
time 6
note_on 70
velocity 44
time 94
note_on 74
velocity 57
time 4
note_on 53
velocity 45
time 8
note_off 53
time 27
note_off 70
time 20
note_on 53
velocity 54
time 20
note_on 72
velocity 66
time 3
note_off 74
time 18
note_on 69
velocity 57
time 2
note_off 53
time 31
note_on 70
velocity 70
time 7
note_on 53
velocity 57
time 9
note_on 67
velocity 59
time 0
note_off 72
time 2
note_off 69
time 4
note_off 70
time 3
note_off 67
time 4
note_off 53
time 5
note_on 70
velocity 76
time 133
note_on 67
velocity 63
time 2
note_on 53
velocity 57
time 1
note_off 53
time 48
note_on 69
velocity 68
time 123
note_on 53
velocity 61
time 3
note_on 65
velocity 64
time 7
note_off 67
time 18
note_off 70
time 0
note_off 69
time 13
note_off 65
time 5
note_off 53
time 2
note_on 69
velocity 84
time 127
note_on 65
velocity 66
time 4
note_on 53
velocity 58
time 5
note_off 69
time 5
note_off 65
time 9
note_off 53
time 12
note_on 69
velocity 82
time 16
note_on 53
velocity 61
time 0
note_on 65
velocity 66
time 4
note_off 69
time 27
note_off 65
time 8
note_off 53
time 7
note_on 53
velocity 67
time 115
note_on 67
velocity 79
time 3
note_on 70
velocity 76
time 0
note_off 67
time 30
note_off 70
time 3
note_off 53
time 9
note_on 53
velocity 73
time 134
note_on 67
velocity 74
time 0
note_on 64
velocity 67
time 8
note_off 67
time 23
note_off 53
time 12
note_off 64
time 1
note_on 69
velocity 76
time 137
note_on 53
velocity 76
time 4
note_on 65
velocity 70
time 2
note_off 53
time 47
note_on 53
velocity 82
time 128
note_off 53
time 44
note_off 65
time 7
note_off 69
time 29
note_on 53
velocity 84
time 6
note_off 53
time 14
note_on 65
velocity 89
time 40
note_off 65
time 9
note_on 69
velocity 76
time 16
note_off 69
time 79
note_on 74
velocity 79
time 4
note_on 77
velocity 79
time 84
note_off 74
time 3
note_on 81
velocity 77
time 87
note_off 77
time 30
note_off 81
time 35
note_on 65
velocity 80
time 22
note_off 65
time 52
note_on 64
velocity 87
time 41
note_off 64
time 42
note_on 67
velocity 75
time 52
note_off 67
time 77
note_on 72
velocity 78
time 30
note_off 72
time 75
note_on 76
velocity 77
time 7
note_on 79
velocity 74
time 83
note_off 76
time 21
note_off 79
time 35
note_on 64
velocity 76
time 46
note_off 64
time 52
note_on 62
velocity 80
time 23
note_off 62
time 51
note_on 65
velocity 75
time 50
note_off 65
time 81
note_on 71
velocity 71
time 13
note_off 71
time 63
note_on 74
velocity 75
time 8
note_on 77
velocity 74
time 96
note_off 74
time 22
note_off 77
time 39
note_on 62
velocity 70
time 8
note_off 62
time 54
note_on 60
velocity 76
time 31
note_off 60
time 38
note_on 64
velocity 66
time 65
note_off 64
time 61
note_on 67
velocity 54
time 27
note_off 67
time 65
note_on 72
velocity 66
time 12
note_on 76
velocity 59
time 96
note_off 72
time 20
note_on 60
velocity 51
time 61
note_off 76
time 5
note_on 65
velocity 57
time 96
note_off 60
time 15
note_on 69
velocity 51
time 2
note_off 69
time 14
note_on 74
velocity 63
time 16
note_off 74
time 64
note_on 73
velocity 59
time 13
note_off 73
time 47
note_on 76
velocity 62
time 8
note_off 76
time 44
note_on 74
velocity 68
time 6
note_off 74
time 12
note_on 77
velocity 78
time 3
note_off 77
time 26
note_on 76
velocity 71
time 47
note_off 65
time 30
note_off 76
time 17
note_on 79
velocity 79
time 16
note_off 79
time 36
note_on 77
velocity 71
time 57
note_off 77
time 44
note_on 81
velocity 65
time 23
note_off 81
time 56
note_on 80
velocity 59
time 25
note_off 80
time 70
note_on 81
velocity 64
time 22
note_off 81
time 38
note_on 54
velocity 41
time 338
note_on 64
velocity 45
time 12
note_on 72
velocity 46
time 8
note_off 64
time 18
note_off 54
time 54
note_on 55
velocity 50
time 44
note_on 71
velocity 52
time 5
note_off 72
time 4
note_on 62
velocity 44
time 4
note_off 55
time 4
note_off 62
time 21
note_off 71
time 0
note_on 42
velocity 83
time 331
note_on 43
velocity 88
time 14
note_off 42
time 7
note_off 43
time 0
note_on 84
velocity 49
time 146
note_on 66
velocity 55
time 6
note_on 76
velocity 34
time 11
note_off 76
time 51
note_off 84
time 102
note_off 66
time 51
note_on 74
velocity 41
time 4
note_on 67
velocity 49
time 2
note_on 83
velocity 47
time 2
note_off 74
time 33
note_off 67
time 2
note_off 83
time 14
note_on 78
velocity 95
time 326
note_off 78
time 54
note_on 79
velocity 83
time 11
note_off 79
time 61
note_on 72
velocity 62
time 202
note_on 54
velocity 60
time 5
note_on 64
velocity 38
time 14
note_off 64
time 44
note_on 55
velocity 69
time 135
note_on 71
velocity 59
time 4
note_on 62
velocity 50
time 6
note_off 54
time 17
note_off 72
time 18
note_off 55
time 6
note_off 62
time 25
note_off 71
time 22
note_on 42
velocity 85
time 316
note_on 43
velocity 89
time 232
note_off 42
time 8
note_off 43
time 165
note_on 77
velocity 47
time 2
note_off 77
time 54
note_on 77
velocity 57
time 167
note_off 77
time 27
note_on 77
velocity 64
time 0
note_off 77
time 4
note_on 77
velocity 58
time 123
note_off 77
time 40
note_on 79
velocity 60
time 10
note_off 79
time 56
note_on 81
velocity 57
time 13
note_off 81
time 282
note_on 79
velocity 51
time 20
note_off 79
time 52
note_on 77
velocity 58
time 20
note_off 77
time 50
note_on 77
velocity 59
time 183
note_off 77
time 6
note_on 77
velocity 51
time 5
note_off 77
time 0
note_on 77
velocity 67
time 5
note_off 77
time 13
note_on 79
velocity 68
time 9
note_on 81
velocity 65
time 58
note_off 79
time 1
note_off 81
time 28
note_on 79
velocity 57
time 8
note_off 79
time 60
note_on 77
velocity 59
time 5
note_off 77
time 61
note_on 76
velocity 63
time 142
note_on 60
velocity 43
time 9
note_off 76
time 29
note_off 60
time 15
note_on 67
velocity 55
time 26
note_off 67
time 53
note_on 64
velocity 38
time 84
note_off 64
time 62
note_on 67
velocity 41
time 18
note_off 67
time 56
note_on 76
velocity 71
time 32
note_on 60
velocity 49
time 3
note_off 76
time 32
note_off 60
time 11
note_on 67
velocity 55
time 48
note_off 67
time 50
note_on 79
velocity 78
time 52
note_on 59
velocity 52
time 7
note_off 59
time 48
note_on 67
velocity 57
time 26
note_off 67
time 52
note_on 62
velocity 44
time 60
note_off 62
time 54
note_on 67
velocity 53
time 36
note_off 67
time 50
note_off 79
time 41
note_on 59
velocity 45
time 7
note_on 77
velocity 58
time 13
note_off 59
time 29
note_on 67
velocity 50
time 41
note_off 67
time 51
note_off 77
time 73
note_on 60
velocity 43
time 19
note_on 76
velocity 59
time 0
note_off 76
time 32
note_off 60
time 5
note_on 67
velocity 50
time 30
note_off 67
time 56
note_on 64
velocity 27
time 89
note_off 64
time 54
note_on 67
velocity 44
time 13
note_off 67
time 56
note_on 76
velocity 73
time 53
note_on 60
velocity 49
time 2
note_off 76
time 33
note_off 60
time 8
note_on 67
velocity 54
time 37
note_off 67
time 56
note_on 79
velocity 82
time 58
note_on 59
velocity 67
time 2
note_off 59
time 46
note_on 67
velocity 61
time 39
note_off 67
time 53
note_on 62
velocity 58
time 51
note_off 62
time 54
note_on 67
velocity 66
time 31
note_off 67
time 42
note_on 77
velocity 78
time 75
note_on 59
velocity 63
time 6
note_off 79
time 15
note_off 59
time 30
note_on 67
velocity 64
time 9
note_off 67
time 3
note_on 76
velocity 81
time 9
note_on 60
velocity 62
time 2
note_off 77
time 10
note_on 64
velocity 66
time 16
note_off 60
time 4
note_on 67
velocity 72
time 15
note_off 64
time 0
note_off 76
time 7
note_off 67
time 16
note_on 72
velocity 71
time 29
note_off 72
time 56
note_on 71
velocity 79
time 31
note_on 76
velocity 85
time 9
note_on 72
velocity 76
time 1
note_off 71
time 2
note_off 76
time 4
note_off 72
time 6
note_on 79
velocity 84
time 89
note_on 72
velocity 80
time 6
note_on 69
velocity 50
time 30
note_on 77
velocity 87
time 145
note_off 79
time 35
note_off 77
time 66
note_off 69
time 15
note_off 72
time 33
note_on 76
velocity 88
time 38
note_on 71
velocity 64
time 21
note_on 67
velocity 64
time 6
note_off 76
time 20
note_off 71
time 13
note_off 67
time 15
note_on 76
velocity 89
time 110
note_on 69
velocity 71
time 14
note_on 65
velocity 62
time 14
note_off 76
time 14
note_off 65
time 13
note_on 74
velocity 80
time 5
note_off 74
time 22
note_off 69
time 79
note_on 72
velocity 73
time 9
note_on 66
velocity 61
time 4
note_off 72
time 23
note_on 74
velocity 65
time 34
note_off 66
time 7
note_off 74
time 23
note_on 72
velocity 62
time 10
note_off 72
time 25
note_on 74
velocity 77
time 18
note_on 72
velocity 82
time 12
note_off 74
time 0
note_on 67
velocity 57
time 23
note_off 72
time 19
note_on 74
velocity 70
time 8
note_off 74
time 2
note_on 71
velocity 62
time 1
note_off 71
time 117
note_off 67
time 15
note_on 77
velocity 52
time 71
note_on 62
velocity 39
time 2
note_off 77
time 47
note_off 62
time 18
note_on 77
velocity 72
time 9
note_off 77
time 5
note_on 62
velocity 47
time 39
note_on 77
velocity 76
time 11
note_off 77
time 32
note_off 62
time 18
note_on 62
velocity 45
time 73
note_on 77
velocity 61
time 20
note_off 62
time 14
note_on 64
velocity 57
time 23
note_off 77
time 12
note_on 79
velocity 66
time 0
note_off 64
time 21
note_off 79
time 25
note_on 81
velocity 71
time 6
note_on 65
velocity 55
time 12
note_off 65
time 247
note_on 79
velocity 67
time 21
note_off 81
time 8
note_on 64
velocity 55
time 11
note_off 79
time 41
note_off 64
time 12
note_on 77
velocity 63
time 4
note_on 62
velocity 62
time 2
note_off 62
time 43
note_off 77
time 5
note_on 77
velocity 73
time 1
note_on 62
velocity 63
time 4
note_off 62
time 10
note_off 77
time 2
note_on 77
velocity 72
time 120
note_on 62
velocity 51
time 16
note_off 77
time 3
note_on 77
velocity 79
time 12
note_off 62
time 1
note_on 62
velocity 54
time 1
note_off 77
time 25
note_off 62
time 91
note_on 77
velocity 67
time 32
note_on 64
velocity 53
time 35
note_on 79
velocity 73
time 4
note_off 77
time 8
note_off 64
time 29
note_on 65
velocity 66
time 4
note_on 81
velocity 77
time 14
note_off 79
time 12
note_off 65
time 227
note_on 79
velocity 63
time 19
note_on 64
velocity 64
time 12
note_off 81
time 20
note_on 77
velocity 58
time 29
note_off 79
time 8
note_off 64
time 22
note_on 62
velocity 60
time 7
note_off 77
time 42
note_off 62
time 37
note_on 60
velocity 64
time 118
note_on 76
velocity 75
time 0
note_off 60
time 48
note_off 76
time 35
note_on 72
velocity 63
time 19
note_off 72
time 39
note_on 67
velocity 55
time 46
note_off 67
time 60
note_on 72
velocity 58
time 38
note_off 72
time 44
note_on 76
velocity 51
time 52
note_off 76
time 41
note_on 67
velocity 52
time 6
note_off 67
time 47
note_on 79
velocity 86
time 42
note_on 59
velocity 72
time 11
note_on 47
velocity 69
time 2
note_on 67
velocity 66
time 12
note_off 79
time 7
note_off 67
time 6
note_on 78
velocity 79
time 11
note_on 67
velocity 82
time 73
note_off 78
time 3
note_off 47
time 21
note_off 67
time 57
note_on 77
velocity 82
time 11
note_off 59
time 4
note_off 77
time 9
note_on 67
velocity 76
time 8
note_off 67
time 2
note_on 60
velocity 60
time 13
note_on 76
velocity 78
time 0
note_on 48
velocity 52
time 9
note_off 60
time 15
note_off 48
time 6
note_off 76
time 15
note_on 72
velocity 66
time 2
note_off 72
time 16
note_on 67
velocity 55
time 22
note_off 67
time 77
note_on 72
velocity 53
time 30
note_off 72
time 54
note_on 76
velocity 64
time 22
note_off 76
time 51
note_on 67
velocity 57
time 46
note_off 67
time 58
note_on 79
velocity 87
time 71
note_on 59
velocity 68
time 14
note_on 47
velocity 64
time 0
note_on 67
velocity 72
time 2
note_off 79
time 12
note_off 47
time 6
note_off 67
time 11
note_on 78
velocity 82
time 16
note_off 59
time 36
note_off 78
time 41
note_on 67
velocity 81
time 5
note_off 67
time 84
note_on 77
velocity 78
time 32
note_on 48
velocity 59
time 38
note_off 77
time 17
note_on 67
velocity 75
time 3
note_off 67
time 30
note_on 60
velocity 62
time 4
note_off 48
time 14
note_on 76
velocity 72
time 1
note_off 60
time 29
note_off 76
time 5
note_on 79
velocity 75
time 6
note_off 79
time 15
note_on 84
velocity 72
time 19
note_on 83
velocity 78
time 62
note_off 84
time 17
note_on 81
velocity 71
time 89
note_off 83
time 47
note_on 79
velocity 72
time 29
note_off 81
time 18
note_off 79
time 39
note_on 69
velocity 76
time 14
note_on 72
velocity 80
time 0
note_on 77
velocity 76
time 11
note_off 72
time 8
note_off 77
time 7
note_off 69
time 5
note_on 79
velocity 76
time 4
note_off 79
time 28
note_on 81
velocity 73
time 5
note_off 81
time 12
note_on 77
velocity 63
time 10
note_off 77
time 37
note_on 67
velocity 75
time 35
note_on 71
velocity 76
time 1
note_on 75
velocity 73
time 11
note_off 71
time 23
note_off 67
time 21
note_off 75
time 23
note_on 76
velocity 67
time 21
note_off 76
time 68
note_on 69
velocity 88
time 28
note_on 74
velocity 80
time 8
note_on 65
velocity 77
time 1
note_off 69
time 1
note_off 74
time 12
note_on 76
velocity 79
time 1
note_off 65
time 8
note_on 77
velocity 75
time 40
note_off 76
time 17
note_off 77
time 60
note_on 74
velocity 74
time 10
note_off 74
time 7
note_on 67
velocity 75
time 23
note_on 64
velocity 74
time 0
note_on 71
velocity 78
time 4
note_off 67
time 16
note_off 64
time 2
note_off 71
time 8
note_on 72
velocity 75
time 2
note_off 72
time 78
note_on 65
velocity 73
time 8
note_on 74
velocity 74
time 2
note_off 65
time 33
note_off 74
time 11
note_on 77
velocity 74
time 6
note_on 76
velocity 66
time 78
note_on 67
velocity 74
time 4
note_off 77
time 26
note_off 67
time 26
note_on 72
velocity 69
time 17
note_off 72
time 42
note_off 76
time 7
note_on 55
velocity 62
time 31
note_on 71
velocity 70
time 10
note_off 55
time 28
note_off 71
time 21
note_on 74
velocity 68
time 41
note_off 74
time 68
note_on 60
velocity 71
time 19
note_on 72
velocity 76
time 3
note_off 60
time 25
note_off 72
time 22
note_on 74
velocity 75
time 11
note_off 74
time 72
note_on 76
velocity 73
time 10
note_on 72
velocity 68
time 56
note_off 76
time 7
note_off 72
time 41
note_on 69
velocity 66
time 34
note_off 69
time 44
note_on 67
velocity 71
time 46
note_off 67
time 68
note_on 60
velocity 80
time 23
note_on 57
velocity 79
time 2
note_on 65
velocity 79
time 3
note_off 60
time 0
note_off 65
time 7
note_on 67
velocity 81
time 5
note_off 57
time 2
note_on 69
velocity 68
time 46
note_off 67
time 5
note_off 69
time 19
note_on 65
velocity 63
time 3
note_off 65
time 27
note_on 63
velocity 68
time 51
note_on 55
velocity 75
time 16
note_on 59
velocity 77
time 0
note_off 63
time 40
note_off 59
time 6
note_on 64
velocity 66
time 21
note_off 55
time 3
note_off 64
time 68
note_on 62
velocity 74
time 42
note_on 57
velocity 86
time 1
note_on 53
velocity 78
time 8
note_on 64
velocity 73
time 13
note_off 62
time 0
note_off 57
time 7
note_off 53
time 23
note_on 65
velocity 71
time 7
note_off 64
time 15
note_off 65
time 65
note_on 62
velocity 68
time 9
note_off 62
time 17
note_on 55
velocity 73
time 6
note_on 52
velocity 71
time 4
note_on 59
velocity 71
time 8
note_off 52
time 32
note_off 55
time 2
note_on 60
velocity 73
time 48
note_off 59
time 2
note_on 53
velocity 78
time 69
note_off 60
time 10
note_on 62
velocity 78
time 14
note_off 53
time 11
note_off 62
time 70
note_on 65
velocity 74
time 8
note_on 55
velocity 71
time 89
note_on 64
velocity 67
time 1
note_off 65
time 26
note_off 55
time 16
note_on 60
velocity 65
time 25
note_off 64
time 26
note_off 60
time 26
note_on 43
velocity 60
time 35
note_on 59
velocity 66
time 3
note_off 59
time 41
note_off 43
time 2
note_on 62
velocity 59
time 44
note_off 62
time 53
note_on 60
velocity 66
time 10
note_on 48
velocity 53
time 0
note_off 60
time 9
note_off 48
time 15
note_on 67
velocity 72
time 5
note_off 67
time 16
note_on 64
velocity 73
time 82
note_off 64
time 33
note_on 60
velocity 72
time 145
note_off 60
time 33
note_on 58
velocity 73
time 150
note_on 52
velocity 60
time 5
note_off 58
time 34
note_off 52
time 5
note_on 58
velocity 79
time 138
note_on 52
velocity 58
time 10
note_off 52
time 50
note_off 58
time 2
note_on 57
velocity 73
time 138
note_on 53
velocity 63
time 1
note_off 53
time 65
note_off 57
time 53
note_on 72
velocity 64
time 54
note_off 72
time 50
note_on 69
velocity 67
time 158
note_off 69
time 39
note_on 65
velocity 59
time 148
note_off 65
time 41
note_on 60
velocity 63
time 139
note_on 57
velocity 58
time 11
note_off 60
time 33
note_off 57
time 8
note_on 57
velocity 62
time 143
note_on 60
velocity 58
time 5
note_off 60
time 37
note_off 57
time 11
note_on 59
velocity 61
time 140
note_on 55
velocity 44
time 15
note_off 55
time 80
note_off 59
time 63
note_on 77
velocity 60
time 16
note_off 77
time 52
note_on 74
velocity 63
time 143
note_off 74
time 37
note_on 71
velocity 57
time 159
note_off 71
time 53
note_on 65
velocity 63
time 123
note_on 55
velocity 50
time 9
note_off 55
time 39
note_off 65
time 2
note_on 65
velocity 76
time 136
note_on 55
velocity 60
time 8
note_off 65
time 64
note_off 55
time 2
note_on 64
velocity 77
time 141
note_on 60
velocity 74
time 3
note_on 72
velocity 66
time 81
note_off 60
time 16
note_off 64
time 13
note_off 72
time 20
note_on 71
velocity 74
time 39
note_off 71
time 84
note_on 72
velocity 78
time 2
note_on 76
velocity 78
time 82
note_off 72
time 4
note_on 79
velocity 72
time 68
note_off 76
time 31
note_off 79
time 43
note_on 62
velocity 89
time 19
note_on 55
velocity 82
time 8
note_on 77
velocity 79
time 94
note_off 55
time 11
note_off 62
time 6
note_on 76
velocity 76
time 70
note_off 77
time 1
note_on 77
velocity 81
time 82
note_off 76
time 11
note_on 74
velocity 82
time 69
note_off 77
time 41
note_off 74
time 61
note_on 71
velocity 81
time 2
note_off 71
time 69
note_on 64
velocity 89
time 23
note_on 60
velocity 88
time 2
note_on 72
velocity 82
time 85
note_off 60
time 16
note_off 64
time 4
note_off 72
time 51
note_on 71
velocity 79
time 16
note_on 72
velocity 81
time 94
note_off 71
time 2
note_on 76
velocity 84
time 82
note_off 72
time 23
note_on 79
velocity 74
time 54
note_off 76
time 35
note_off 79
time 40
note_on 62
velocity 93
time 16
note_on 55
velocity 87
time 7
note_off 62
time 55
note_off 55
time 5
note_on 77
velocity 79
time 31
note_on 76
velocity 78
time 84
note_off 77
time 1
note_on 77
velocity 80
time 89
note_off 76
time 4
note_on 74
velocity 79
time 91
note_off 77
time 8
note_off 74
time 55
note_on 71
velocity 78
time 1
note_on 72
velocity 89
time 4
note_on 48
velocity 73
time 2
note_off 71
time 13
note_off 72
time 10
note_off 48
time 3
note_on 60
velocity 62
time 13
note_off 60
time 72
note_on 64
velocity 73
time 9
note_on 84
velocity 92
time 2
note_on 76
velocity 87
time 9
note_off 76
time 19
note_off 64
time 4
note_off 84
time 7
note_on 60
velocity 79
time 22
note_off 60
time 86
note_on 84
velocity 94
time 2
note_on 55
velocity 78
time 2
note_on 76
velocity 87
time 0
note_off 76
time 29
note_off 84
time 16
note_off 55
time 38
note_on 52
velocity 72
time 1
note_off 52
time 90
note_on 48
velocity 72
time 14
note_on 84
velocity 92
time 21
note_on 76
velocity 89
time 4
note_off 76
time 3
note_off 84
time 15
note_off 48
time 2
note_on 72
velocity 42
time 13
note_off 72
time 19
note_on 72
velocity 61
time 127
note_off 72
time 28
note_on 72
velocity 61
time 0
note_off 72
time 9
note_on 72
velocity 63
time 71
note_off 72
time 39
note_on 74
velocity 64
time 14
note_off 74
time 46
note_on 75
velocity 58
time 27
note_off 75
time 302
note_on 74
velocity 57
time 2
note_off 74
time 41
note_on 72
velocity 54
time 37
note_off 72
time 32
note_on 72
velocity 50
time 189
note_off 72
time 5
note_on 72
velocity 63
time 32
note_off 72
time 22
note_on 72
velocity 59
time 6
note_off 72
time 30
note_on 72
velocity 58
time 62
note_off 72
time 48
note_on 74
velocity 59
time 15
note_off 74
time 45
note_on 75
velocity 54
time 10
note_on 74
velocity 53
time 286
note_off 75
time 4
note_off 74
time 45
note_on 72
velocity 54
time 31
note_off 72
time 47
note_on 84
velocity 87
time 16
note_on 38
velocity 74
time 9
note_on 81
velocity 72
time 4
note_off 38
time 23
note_on 50
velocity 69
time 56
note_off 50
time 61
note_on 40
velocity 82
time 28
note_off 40
time 13
note_on 52
velocity 76
time 5
note_off 52
time 17
note_on 42
velocity 72
time 31
note_off 42
time 17
note_off 81
time 6
note_off 84
time 8
note_on 82
velocity 88
time 1
note_on 79
velocity 80
time 16
note_on 42
velocity 67
time 4
note_on 54
velocity 70
time 1
note_off 42
time 10
note_off 54
time 16
note_on 45
velocity 79
time 61
note_on 55
velocity 68
time 2
note_off 45
time 6
note_off 55
time 33
note_off 79
time 2
note_off 82
time 4
note_on 38
velocity 84
time 0
note_on 84
velocity 90
time 14
note_on 81
velocity 86
time 5
note_off 38
time 55
note_on 50
velocity 73
time 8
note_off 50
time 22
note_on 40
velocity 82
time 46
note_on 52
velocity 80
time 44
note_off 40
time 8
note_off 52
time 40
note_on 42
velocity 81
time 52
note_off 42
time 78
note_on 54
velocity 77
time 14
note_off 54
time 47
note_off 84
time 22
note_off 81
time 6
note_on 82
velocity 90
time 38
note_on 79
velocity 81
time 5
note_on 43
velocity 87
time 2
note_off 43
time 13
note_on 55
velocity 72
time 16
note_off 55
time 29
note_on 45
velocity 85
time 37
note_on 57
velocity 82
time 79
note_off 45
time 3
note_off 82
time 3
note_off 57
time 43
note_on 46
velocity 82
time 12
note_off 46
time 28
note_on 58
velocity 72
time 23
note_off 58
time 33
note_on 81
velocity 81
time 63
note_on 48
velocity 76
time 26
note_on 47
velocity 75
time 2
note_off 79
time 13
note_off 47
time 18
note_off 48
time 25
note_on 60
velocity 58
time 20
note_off 60
time 28
note_on 45
velocity 83
time 62
note_off 45
time 52
note_on 57
velocity 70
time 35
note_off 57
time 35
note_off 81
time 21
note_on 78
velocity 88
time 17
note_on 48
velocity 66
time 20
note_off 48
time 33
note_on 50
velocity 37
time 4
note_on 62
velocity 66
time 44
note_off 50
time 2
note_off 62
time 39
note_off 78
time 60
note_on 58
velocity 55
time 1
note_on 55
velocity 50
time 20
note_on 79
velocity 72
time 1
note_off 79
time 3
note_off 58
time 4
note_off 55
time 50
note_on 70
velocity 40
time 15
note_off 70
time 11
note_on 70
velocity 60
time 61
note_off 70
time 25
note_on 70
velocity 51
time 5
note_off 70
time 7
note_on 70
velocity 60
time 46
note_off 70
time 22
note_on 72
velocity 56
time 14
note_on 73
velocity 54
time 56
note_off 72
time 1
note_off 73
time 293
note_on 72
velocity 55
time 10
note_off 72
time 63
note_on 70
velocity 54
time 28
note_off 70
time 51
note_on 70
velocity 57
time 190
note_off 70
time 8
note_on 70
velocity 66
time 51
note_off 70
time 30
note_on 70
velocity 43
time 31
note_off 70
time 32
note_on 72
velocity 63
time 18
note_off 72
time 45
note_on 73
velocity 56
time 17
note_on 72
velocity 60
time 3
note_off 73
time 7
note_off 72
time 4
note_on 70
velocity 52
time 14
note_off 70
time 44
note_on 58
velocity 63
time 7
note_on 55
velocity 57
time 9
note_on 60
velocity 76
time 0
note_off 60
time 2
note_on 72
velocity 75
time 5
note_off 72
time 1
note_on 62
velocity 80
time 0
note_off 62
time 53
note_on 74
velocity 81
time 26
note_off 74
time 22
note_off 58
time 17
note_on 64
velocity 87
time 11
note_off 64
time 0
note_on 76
velocity 84
time 34
note_off 76
time 51
note_off 55
time 30
note_on 65
velocity 89
time 1
note_on 57
velocity 69
time 11
note_on 53
velocity 67
time 2
note_off 65
time 1
note_on 77
velocity 85
time 12
note_off 57
time 5
note_off 53
time 9
note_off 77
time 1
note_on 67
velocity 86
time 3
note_off 67
time 14
note_on 79
velocity 81
time 12
note_off 79
time 15
note_on 69
velocity 80
time 5
note_off 69
time 37
note_on 81
velocity 67
time 30
note_off 81
time 21
note_on 36
velocity 77
time 12
note_on 79
velocity 77
time 2
note_on 82
velocity 74
time 12
note_off 36
time 37
note_on 48
velocity 70
time 29
note_off 48
time 42
note_on 38
velocity 85
time 43
note_off 38
time 66
note_on 50
velocity 79
time 28
note_off 50
time 37
note_on 40
velocity 82
time 55
note_off 40
time 59
note_on 52
velocity 78
time 18
note_off 52
time 41
note_off 79
time 17
note_on 41
velocity 78
time 47
note_on 81
velocity 78
time 4
note_on 77
velocity 72
time 4
note_off 82
time 41
note_on 82
velocity 6
time 1
note_off 41
time 6
note_off 82
time 15
note_on 53
velocity 79
time 10
note_off 53
time 44
note_on 43
velocity 76
time 7
note_off 43
time 9
note_on 55
velocity 75
time 10
note_off 81
time 1
note_off 77
time 3
note_off 55
time 10
note_on 45
velocity 80
time 5
note_off 45
time 9
note_on 57
velocity 74
time 12
note_off 57
time 39
note_on 55
velocity 91
time 18
note_on 57
velocity 87
time 1
note_on 52
velocity 74
time 1
note_off 57
time 5
note_on 69
velocity 81
time 0
note_off 69
time 52
note_on 59
velocity 84
time 31
note_off 59
time 54
note_on 71
velocity 83
time 32
note_off 71
time 50
note_on 61
velocity 88
time 35
note_off 61
time 86
note_on 73
velocity 81
time 15
note_off 52
time 31
note_off 73
time 31
note_off 55
time 28
note_on 62
velocity 91
time 6
note_on 53
velocity 78
time 6
note_on 50
velocity 74
time 14
note_off 62
time 7
note_on 74
velocity 87
time 2
note_off 53
time 3
note_off 50
time 8
note_off 74
time 12
note_on 64
velocity 90
time 4
note_off 64
time 6
note_on 76
velocity 89
time 10
note_off 76
time 8
note_on 65
velocity 90
time 33
note_off 65
time 64
note_on 77
velocity 84
time 2
note_off 77
time 4
note_on 33
velocity 82
time 21
note_on 79
velocity 87
time 8
note_on 76
velocity 81
time 5
note_off 33
time 64
note_on 45
velocity 73
time 18
note_off 45
time 44
note_on 35
velocity 86
time 39
note_off 35
time 78
note_on 47
velocity 76
time 13
note_off 47
time 40
note_on 37
velocity 82
time 61
note_on 49
velocity 79
time 88
note_off 37
time 11
note_off 76
time 30
note_off 49
time 13
note_off 79
time 13
note_on 74
velocity 83
time 47
note_on 77
velocity 86
time 0
note_on 38
velocity 82
time 3
note_off 38
time 64
note_on 50
velocity 73
time 7
note_off 50
time 62
note_on 40
velocity 75
time 55
note_off 40
time 55
note_on 52
velocity 71
time 33
note_off 52
time 43
note_on 41
velocity 80
time 40
note_off 41
time 51
note_on 53
velocity 68
time 47
note_off 74
time 27
note_off 53
time 13
note_off 77
time 28
note_on 55
velocity 79
time 10
note_off 55
time 3
note_on 75
velocity 70
time 3
note_off 75
time 3
note_on 74
velocity 71
time 7
note_off 74
time 95
note_on 75
velocity 68
time 10
note_off 75
time 62
note_on 70
velocity 79
time 38
note_on 79
velocity 60
time 2
note_on 67
velocity 69
time 17
note_off 79
time 55
note_on 75
velocity 59
time 5
note_off 75
time 45
note_off 70
time 28
note_off 67
time 13
note_on 69
velocity 70
time 27
note_on 65
velocity 75
time 17
note_off 65
time 33
note_off 69
time 0
note_on 74
velocity 67
time 7
note_off 74
time 66
note_on 73
velocity 59
time 47
note_off 73
time 53
note_on 74
velocity 67
time 39
note_off 74
time 70
note_on 77
velocity 73
time 15
note_on 69
velocity 82
time 23
note_on 65
velocity 77
time 2
note_off 77
time 62
note_on 74
velocity 72
time 8
note_off 74
time 48
note_off 65
time 31
note_off 69
time 3
note_on 67
velocity 80
time 38
note_on 64
velocity 71
time 10
note_off 67
time 21
note_off 64
time 10
note_on 73
velocity 70
time 46
note_off 73
time 63
note_on 71
velocity 69
time 36
note_on 73
velocity 69
time 96
note_off 71
time 1
note_off 73
time 64
note_on 67
velocity 86
time 16
note_on 76
velocity 69
time 6
note_on 64
velocity 72
time 6
note_on 73
velocity 72
time 64
note_off 76
time 8
note_off 73
time 25
note_off 67
time 43
note_off 64
time 8
note_on 65
velocity 75
time 40
note_on 69
velocity 76
time 1
note_off 69
time 47
note_off 65
time 2
note_on 74
velocity 71
time 35
note_off 74
time 70
note_on 73
velocity 70
time 11
note_off 73
time 64
note_on 74
velocity 76
time 25
note_off 74
time 12
note_on 77
velocity 76
time 15
note_on 65
velocity 71
time 10
note_on 69
velocity 73
time 2
note_off 65
time 9
note_off 69
time 0
note_off 77
time 0
note_on 74
velocity 84
time 4
note_off 74
time 16
note_on 86
velocity 84
time 3
note_on 74
velocity 80
time 2
note_on 80
velocity 75
time 4
note_on 58
velocity 71
time 29
note_off 58
time 81
note_on 57
velocity 75
time 1
note_on 58
velocity 76
time 12
note_off 57
time 1
note_off 74
time 1
note_off 80
time 12
note_off 86
time 31
note_off 58
time 29
note_on 62
velocity 78
time 13
note_on 58
velocity 80
time 1
note_off 62
time 6
note_off 58
time 29
note_on 85
velocity 93
time 59
note_on 81
velocity 82
time 3
note_on 76
velocity 84
time 7
note_on 57
velocity 79
time 6
note_off 57
time 6
note_on 56
velocity 76
time 3
note_off 56
time 12
note_on 57
velocity 75
time 27
note_off 76
time 8
note_off 57
time 17
note_on 61
velocity 86
time 1
note_off 81
time 2
note_off 85
time 27
note_off 61
time 14
note_on 57
velocity 75
time 2
note_off 57
time 21
note_on 86
velocity 94
time 43
note_on 74
velocity 95
time 1
note_on 80
velocity 90
time 4
note_on 46
velocity 75
time 9
note_off 46
time 19
note_on 45
velocity 74
time 3
note_off 74
time 27
note_on 46
velocity 83
time 14
note_off 80
time 4
note_off 45
time 4
note_off 86
time 13
note_off 46
time 60
note_on 50
velocity 86
time 8
note_on 46
velocity 88
time 82
note_off 50
time 3
note_off 46
time 2
note_on 85
velocity 96
time 29
note_on 81
velocity 86
time 1
note_on 76
velocity 90
time 4
note_on 45
velocity 80
time 0
note_on 44
velocity 87
time 6
note_off 45
time 8
note_off 44
time 34
note_on 45
velocity 84
time 41
note_on 49
velocity 88
time 67
note_off 45
time 3
note_off 49
time 19
note_on 45
velocity 87
time 21
note_off 45
time 82
note_on 33
velocity 91
time 56
note_off 33
time 9
note_off 76
time 3
note_off 81
time 45
note_off 85
time 22
note_on 84
velocity 63
time 132
note_off 84
time 0
note_on 81
velocity 65
time 4
note_on 77
velocity 82
time 13
note_off 81
time 0
note_off 77
time 14
note_on 77
velocity 90
time 157
note_off 77
time 39
note_on 77
velocity 93
time 152
note_off 77
time 45
note_on 76
velocity 78
time 109
note_on 72
velocity 61
time 30
note_on 82
velocity 75
time 0
note_on 67
velocity 62
time 7
note_off 76
time 1
note_off 82
time 20
note_off 72
time 10
note_off 67
time 2
note_on 77
velocity 59
time 568
note_on 81
velocity 64
time 26
note_on 65
velocity 55
time 3
note_on 72
velocity 47
time 1
note_off 77
time 13
note_off 81
time 17
note_off 65
time 5
note_off 72
time 4
note_on 70
velocity 45
time 610
note_on 72
velocity 37
time 2
note_on 76
velocity 37
time 3
note_on 79
velocity 49
time 18
note_off 76
time 25
note_off 70
time 7
note_off 79
time 0
note_off 72
time 5
note_on 77
velocity 60
time 646
note_on 69
velocity 48
time 15
note_off 77
time 87
note_on 79
velocity 58
time 1
note_off 79
time 80
note_on 81
velocity 59
time 20
note_on 77
velocity 66
time 85
note_off 81
time 4
note_off 77
time 33
note_on 72
velocity 62
time 52
note_off 72
time 63
note_on 73
velocity 64
time 22
note_off 73
time 85
note_on 74
velocity 71
time 6
note_on 70
velocity 61
time 7
note_off 69
time 4
note_off 70
time 58
note_off 74
time 18
note_on 76
velocity 70
time 4
note_off 76
time 81
note_on 77
velocity 67
time 7
note_on 74
velocity 64
time 98
note_off 77
time 12
note_off 74
time 38
note_on 67
velocity 62
time 44
note_off 67
time 54
note_on 69
velocity 64
time 26
note_off 69
time 85
note_on 70
velocity 73
time 5
note_on 55
velocity 69
time 7
note_off 70
time 68
note_on 72
velocity 69
time 4
note_off 72
time 81
note_on 74
velocity 66
time 10
note_on 58
velocity 77
time 14
note_off 55
time 6
note_on 70
velocity 73
time 44
note_off 74
time 10
note_off 70
time 44
note_on 62
velocity 70
time 39
note_off 58
time 28
note_on 59
velocity 77
time 3
note_off 62
time 39
note_on 65
velocity 47
time 54
note_on 67
velocity 41
time 9
note_off 65
time 39
note_off 67
time 1
note_off 59
time 16
note_on 64
velocity 50
time 8
note_on 60
velocity 72
time 15
note_off 60
time 43
note_off 64
time 23
note_on 65
velocity 68
time 10
note_off 65
time 76
note_on 67
velocity 65
time 2
note_off 67
time 65
note_on 64
velocity 67
time 30
note_off 64
time 42
note_on 72
velocity 78
time 47
note_on 69
velocity 78
time 82
note_off 72
time 23
note_on 65
velocity 79
time 54
note_off 69
time 5
note_off 65
time 29
note_on 65
velocity 84
time 152
note_off 65
time 38
note_on 65
velocity 88
time 130
note_off 65
time 44
note_on 64
velocity 76
time 115
note_on 60
velocity 59
time 23
note_on 70
velocity 75
time 5
note_on 55
velocity 58
time 2
note_off 64
time 6
note_off 70
time 17
note_off 60
time 4
note_off 55
time 9
note_on 65
velocity 58
time 534
note_on 60
velocity 42
time 16
note_on 53
velocity 50
time 5
note_on 69
velocity 58
time 4
note_off 65
time 18
note_off 53
time 20
note_off 60
time 1
note_off 69
time 0
note_on 64
velocity 39
time 584
note_on 58
velocity 44
time 27
note_on 67
velocity 55
time 8
note_on 60
velocity 31
time 11
note_off 64
time 7
note_off 67
time 18
note_off 58
time 12
note_off 60
time 2
note_on 57
velocity 54
time 661
note_on 45
velocity 50
time 0
note_on 65
velocity 66
time 7
note_on 67
velocity 71
time 18
note_off 65
time 4
note_on 69
velocity 76
time 11
note_off 67
time 11
note_on 70
velocity 79
time 14
note_off 69
time 10
note_off 57
time 2
note_off 70
time 41
note_on 72
velocity 78
time 46
note_off 72
time 70
note_on 73
velocity 65
time 14
note_off 45
time 8
note_on 74
velocity 59
time 6
note_off 73
time 1
note_off 74
time 0
note_on 58
velocity 66
time 14
note_on 46
velocity 59
time 4
note_on 74
velocity 71
time 1
note_off 74
time 35
note_on 76
velocity 84
time 36
note_on 77
velocity 78
time 11
note_off 76
time 2
note_off 77
time 7
note_on 79
velocity 76
time 47
note_off 79
time 5
note_off 46
time 6
note_on 81
velocity 80
time 7
note_off 58
time 37
note_on 82
velocity 81
time 34
note_off 81
time 8
note_on 84
velocity 79
time 64
note_off 82
time 52
note_off 84
time 14
note_on 77
velocity 85
time 138
note_on 69
velocity 74
time 6
note_on 60
velocity 64
time 12
note_off 77
time 5
note_off 69
time 10
note_off 60
time 19
note_on 76
velocity 83
time 127
note_on 67
velocity 78
time 3
note_on 48
velocity 64
time 3
note_off 67
time 25
note_off 76
time 2
note_off 48
time 7
note_on 77
velocity 85
time 14
note_on 53
velocity 62
time 5
note_on 69
velocity 71
time 5
note_off 77
time 3
note_off 69
time 15
note_off 53
time 9
note_on 41
velocity 67
time 98
note_off 41
time 10
note_on 41
velocity 62
time 120
note_off 41
time 76
note_on 41
velocity 67
time 7
note_on 70
velocity 81
time 1
note_on 62
velocity 75
time 7
note_off 70
time 9
note_off 62
time 2
note_off 41
time 1
note_on 41
velocity 67
time 108
note_on 69
velocity 85
time 4
note_on 60
velocity 76
time 10
note_off 69
time 13
note_off 60
time 5
note_off 41
time 9
note_on 67
velocity 87
time 59
note_on 41
velocity 66
time 6
note_on 58
velocity 79
time 2
note_off 58
time 33
note_off 67
time 6
note_off 41
time 4
note_on 67
velocity 87
time 130
note_on 41
velocity 60
time 4
note_on 58
velocity 77
time 4
note_off 41
time 52
note_off 58
time 3
note_off 67
time 80
note_on 41
velocity 65
time 36
note_on 65
velocity 79
time 6
note_on 57
velocity 70
time 5
note_off 65
time 31
note_off 57
time 4
note_off 41
time 4
note_on 57
velocity 68
time 147
note_on 65
velocity 84
time 0
note_on 41
velocity 61
time 4
note_off 65
time 29
note_off 57
time 4
note_off 41
time 12
note_on 65
velocity 84
time 138
note_on 41
velocity 58
time 2
note_on 57
velocity 65
time 1
note_off 57
time 32
note_off 65
time 1
note_off 41
time 8
note_on 41
velocity 59
time 132
note_on 67
velocity 75
time 0
note_on 58
velocity 66
time 10
note_off 67
time 21
note_off 58
time 7
note_off 41
time 10
note_on 41
velocity 61
time 123
note_on 64
velocity 70
time 17
note_on 55
velocity 64
time 4
note_off 64
time 30
note_off 41
time 2
note_off 55
time 0
note_on 41
velocity 45
time 155
note_on 57
velocity 51
time 0
note_on 65
velocity 60
time 0
note_off 57
time 12
note_off 41
time 8
note_off 65
time 15
note_on 53
velocity 40
time 48
note_off 53
time 47
note_on 53
velocity 51
time 9
note_off 53
time 8
note_on 53
velocity 50
time 85
note_on 74
velocity 60
time 22
note_on 70
velocity 50
time 6
note_off 53
time 33
note_off 70
time 22
note_off 74
time 20
note_on 53
velocity 54
time 4
note_on 72
velocity 66
time 6
note_on 69
velocity 62
time 12
note_off 53
time 33
note_off 69
time 4
note_on 70
velocity 63
time 33
note_off 72
time 6
note_on 67
velocity 62
time 1
note_on 53
velocity 54
time 11
note_off 67
time 0
note_off 70
time 9
note_off 53
time 0
note_on 53
velocity 57
time 128
note_on 70
velocity 74
time 2
note_on 67
velocity 47
time 8
note_off 53
time 53
note_off 67
time 22
note_off 70
time 53
note_on 69
velocity 72
time 51
note_on 65
velocity 63
time 7
note_on 53
velocity 58
time 1
note_off 69
time 29
note_off 65
time 4
note_off 53
time 10
note_on 65
velocity 66
time 134
note_on 69
velocity 81
time 0
note_on 53
velocity 53
time 2
note_off 69
time 31
note_off 65
time 8
note_off 53
time 8
note_on 69
velocity 80
time 137
note_on 53
velocity 57
time 2
note_on 65
velocity 66
time 2
note_off 69
time 29
note_off 65
time 6
note_off 53
time 9
note_on 67
velocity 78
time 132
note_on 70
velocity 79
time 2
note_on 53
velocity 57
time 1
note_off 67
time 30
note_off 70
time 11
note_off 53
time 4
note_on 67
velocity 76
time 129
note_on 53
velocity 62
time 2
note_on 64
velocity 65
time 9
note_off 67
time 20
note_off 64
time 11
note_off 53
time 7
note_on 53
velocity 71
time 151
note_on 69
velocity 78
time 2
note_on 65
velocity 65
time 10
note_off 53
time 42
note_on 53
velocity 68
time 122
note_off 53
time 42
note_off 65
time 26
note_off 69
time 2
note_on 53
velocity 72
time 17
note_off 53
time 10
note_on 65
velocity 85
time 14
note_off 65
time 7
note_on 69
velocity 76
time 13
note_on 74
velocity 80
time 73
note_off 69
time 3
note_on 77
velocity 80
time 83
note_off 74
time 13
note_on 81
velocity 80
time 89
note_off 77
time 38
note_off 81
time 42
note_on 65
velocity 80
time 9
note_off 65
time 63
note_on 64
velocity 89
time 26
note_off 64
time 44
note_on 67
velocity 77
time 53
note_off 67
time 75
note_on 72
velocity 75
time 6
note_on 76
velocity 77
time 70
note_off 72
time 30
note_on 79
velocity 79
time 50
note_off 76
time 36
note_off 79
time 23
note_on 64
velocity 81
time 38
note_off 64
time 51
note_on 62
velocity 88
time 32
note_off 62
time 43
note_on 65
velocity 77
time 44
note_on 71
velocity 76
time 27
note_off 65
time 1
note_on 74
velocity 76
time 38
note_off 71
time 42
note_on 77
velocity 76
time 57
note_off 74
time 40
note_off 77
time 16
note_on 62
velocity 82
time 17
note_off 62
time 56
note_on 60
velocity 85
time 32
note_off 60
time 40
note_on 64
velocity 73
time 34
note_off 64
time 77
note_on 67
velocity 67
time 9
note_on 72
velocity 66
time 4
note_off 67
time 31
note_on 76
velocity 68
time 47
note_off 72
time 27
note_off 76
time 28
note_on 72
velocity 63
time 96
note_off 72
time 27
note_on 70
velocity 68
time 22
note_off 70
time 25
note_on 74
velocity 67
time 1
note_off 74
time 18
note_on 79
velocity 58
time 14
note_on 82
velocity 64
time 77
note_off 79
time 4
note_on 86
velocity 64
time 86
note_off 82
time 13
note_off 86
time 43
note_on 70
velocity 55
time 29
note_off 70
time 64
note_on 69
velocity 68
time 15
note_off 69
time 42
note_on 72
velocity 60
time 41
note_off 72
time 48
note_on 77
velocity 53
time 46
note_off 77
time 60
note_on 81
velocity 56
time 10
note_on 84
velocity 53
time 89
note_off 81
time 13
note_off 84
time 27
note_on 69
velocity 62
time 54
note_off 69
time 63
note_on 67
velocity 57
time 27
note_off 67
time 41
note_on 70
velocity 52
time 31
note_off 70
time 54
note_on 76
velocity 52
time 20
note_on 79
velocity 56
time 90
note_off 76
time 46
note_on 82
velocity 61
time 33
note_off 79
time 31
note_off 82
time 43
note_on 67
velocity 52
time 18
note_off 67
time 58
note_on 65
velocity 61
time 17
note_off 65
time 48
note_on 69
velocity 55
time 54
note_off 69
time 30
note_on 72
velocity 61
time 22
note_off 72
time 65
note_on 77
velocity 62
time 13
note_on 81
velocity 64
time 16
note_off 77
time 17
note_off 81
time 1
note_on 65
velocity 51
time 1
note_on 70
velocity 59
time 30
note_on 74
velocity 51
time 14
note_off 74
time 14
note_on 79
velocity 60
time 4
note_on 78
velocity 61
time 20
note_off 79
time 15
note_on 81
velocity 69
time 25
note_off 78
time 15
note_off 81
time 16
note_on 79
velocity 69
time 16
note_off 79
time 42
note_on 82
velocity 77
time 7
note_off 82
time 4
note_on 81
velocity 75
time 34
note_off 81
time 58
note_on 84
velocity 75
time 5
note_off 84
time 0
note_on 82
velocity 72
time 11
note_off 70
time 4
note_off 65
time 12
note_off 82
time 4
note_on 86
velocity 70
time 39
note_off 86
time 57
note_on 85
velocity 67
time 23
note_on 86
velocity 69
time 12
note_off 85
time 10
note_off 86
time 9
note_on 71
velocity 64
time 13
note_on 59
velocity 62
time 1
note_on 79
velocity 30
time 9
note_on 77
velocity 44
time 7
note_off 59
time 4
note_off 71
time 37
note_off 79
time 1
note_on 60
velocity 53
time 4
note_on 76
velocity 72
time 6
note_off 77
time 6
note_off 60
time 7
note_off 76
time 11
note_on 69
velocity 30
time 12
note_off 69
time 12
note_on 47
velocity 82
time 269
note_off 47
time 93
note_on 48
velocity 90
time 2
note_off 48
time 10
note_on 71
velocity 61
time 303
note_on 89
velocity 59
time 0
note_off 71
time 156
note_off 89
time 25
note_on 72
velocity 70
time 31
note_on 88
velocity 53
time 1
note_on 79
velocity 62
time 13
note_off 72
time 17
note_off 79
time 23
note_off 88
time 7
note_on 59
velocity 95
time 327
note_on 60
velocity 88
time 228
note_off 59
time 1
note_off 60
time 39
note_on 47
velocity 76
time 330
note_on 77
velocity 60
time 3
note_on 69
velocity 48
time 7
note_off 69
time 62
note_off 77
time 135
note_on 48
velocity 82
time 16
note_on 76
velocity 70
time 7
note_off 47
time 7
note_on 67
velocity 59
time 8
note_off 48
time 22
note_off 67
time 23
note_off 76
time 20
note_on 35
velocity 97
time 383
note_off 35
time 230
note_on 36
velocity 89
time 3
note_off 36
time 415
note_on 82
velocity 44
time 1077
note_off 82
time 12
note_on 82
velocity 59
time 44
note_off 82
time 17
note_on 82
velocity 57
time 0
note_off 82
time 10
note_on 82
velocity 63
time 61
note_off 82
time 32
note_on 84
velocity 58
time 25
note_off 84
time 44
note_on 86
velocity 53
time 18
note_off 86
time 309
note_on 84
velocity 55
time 23
note_off 84
time 70
note_on 82
velocity 56
time 21
note_off 82
time 45
note_on 82
velocity 59
time 165
note_off 82
time 6
note_on 82
velocity 64
time 50
note_off 82
time 21
note_on 82
velocity 58
time 63
note_off 82
time 8
note_on 82
velocity 31
time 32
note_on 84
velocity 47
time 35
note_off 82
time 13
note_off 84
time 18
note_on 86
velocity 53
time 32
note_off 86
time 16
note_on 84
velocity 51
time 15
note_off 84
time 61
note_on 82
velocity 30
time 35
note_off 82
time 0
note_on 81
velocity 57
time 34
note_on 65
velocity 34
time 21
note_off 81
time 8
note_off 65
time 35
note_on 72
velocity 50
time 14
note_off 72
time 53
note_on 69
velocity 43
time 54
note_off 69
time 52
note_on 72
velocity 48
time 45
note_off 72
time 41
note_on 81
velocity 72
time 28
note_on 65
velocity 49
time 22
note_off 81
time 6
note_off 65
time 41
note_on 72
velocity 56
time 28
note_off 72
time 48
note_on 84
velocity 74
time 56
note_on 64
velocity 57
time 7
note_off 64
time 53
note_on 72
velocity 51
time 38
note_off 72
time 37
note_on 67
velocity 43
time 61
note_off 67
time 48
note_on 72
velocity 52
time 25
note_off 72
time 59
note_off 84
time 23
note_on 82
velocity 68
time 23
note_on 64
velocity 50
time 15
note_off 64
time 41
note_on 72
velocity 46
time 58
note_off 72
time 41
note_off 82
time 29
note_on 81
velocity 64
time 20
note_on 65
velocity 49
time 21
note_off 81
time 12
note_off 65
time 29
note_on 72
velocity 54
time 27
note_off 72
time 71
note_on 69
velocity 35
time 80
note_off 69
time 43
note_on 72
velocity 48
time 38
note_off 72
time 39
note_on 81
velocity 72
time 39
note_on 65
velocity 55
time 20
note_off 81
time 11
note_off 65
time 29
note_on 72
velocity 52
time 35
note_off 72
time 58
note_on 84
velocity 80
time 48
note_on 64
velocity 66
time 8
note_off 64
time 57
note_on 72
velocity 59
time 29
note_off 72
time 57
note_on 67
velocity 59
time 51
note_off 67
time 58
note_on 72
velocity 63
time 33
note_off 72
time 44
note_off 84
time 50
note_on 82
velocity 77
time 8
note_on 64
velocity 61
time 6
note_off 64
time 11
note_on 72
velocity 61
time 26
note_off 72
time 38
note_on 65
velocity 69
time 14
note_on 81
velocity 81
time 5
note_off 82
time 27
note_off 65
time 6
note_on 69
velocity 69
time 3
note_off 69
time 14
note_on 72
velocity 73
time 1
note_off 81
time 21
note_off 72
time 19
note_on 77
velocity 76
time 21
note_off 77
time 76
note_on 76
velocity 79
time 18
note_on 81
velocity 86
time 2
note_on 77
velocity 73
time 15
note_off 76
time 7
note_off 81
time 6
note_off 77
time 2
note_on 77
velocity 80
time 12
note_on 84
velocity 86
time 8
note_on 74
velocity 62
time 23
note_on 82
velocity 88
time 13
note_off 84
time 8
note_off 82
time 0
note_off 74
time 12
note_off 77
time 15
note_on 76
velocity 73
time 13
note_on 81
velocity 93
time 1
note_on 72
velocity 70
time 7
note_off 76
time 9
note_off 72
time 10
note_off 81
time 12
note_on 74
velocity 71
time 7
note_on 81
velocity 91
time 4
note_on 70
velocity 66
time 5
note_on 79
velocity 86
time 4
note_off 70
time 5
note_off 81
time 2
note_off 74
time 11
note_off 79
time 13
note_on 71
velocity 73
time 47
note_on 77
velocity 78
time 5
note_off 77
time 31
note_off 71
time 40
note_on 79
velocity 78
time 12
note_off 79
time 22
note_on 77
velocity 79
time 10
note_on 79
velocity 81
time 11
note_off 77
time 3
note_on 72
velocity 66
time 53
note_on 77
velocity 83
time 8
note_off 79
time 15
note_off 77
time 17
note_on 79
velocity 71
time 1
note_off 72
time 10
note_off 79
time 0
note_on 76
velocity 72
time 9
note_off 76
time 16
note_on 70
velocity 59
time 5
note_on 55
velocity 41
time 2
note_off 55
time 17
note_off 70
time 0
note_on 70
velocity 65
time 60
note_off 70
time 22
note_on 70
velocity 73
time 63
note_on 55
velocity 55
time 1
note_off 70
time 6
note_off 55
time 16
note_on 70
velocity 69
time 10
note_on 57
velocity 60
time 14
note_on 72
velocity 65
time 2
note_off 70
time 4
note_off 57
time 37
note_on 74
velocity 63
time 13
note_off 72
time 2
note_on 58
velocity 55
time 10
note_off 58
time 255
note_on 72
velocity 64
time 28
note_on 57
velocity 51
time 5
note_off 74
time 10
note_on 70
velocity 67
time 67
note_off 72
time 6
note_off 57
time 4
note_on 55
velocity 60
time 2
note_off 70
time 84
note_off 55
time 4
note_on 70
velocity 76
time 8
note_on 55
velocity 62
time 14
note_off 55
time 13
note_off 70
time 0
note_on 70
velocity 76
time 109
note_on 55
velocity 52
time 26
note_off 70
time 2
note_on 70
velocity 76
time 50
note_off 55
time 3
note_off 70
time 0
note_on 55
velocity 35
time 2
note_on 70
velocity 69
time 4
note_off 55
time 2
note_on 57
velocity 63
time 19
note_off 70
time 3
note_on 72
velocity 75
time 1
note_on 74
velocity 70
time 21
note_off 57
time 11
note_on 58
velocity 61
time 9
note_off 72
time 12
note_off 58
time 210
note_on 72
velocity 62
time 29
note_on 57
velocity 59
time 3
note_off 74
time 21
note_off 72
time 51
note_on 55
velocity 59
time 6
note_on 70
velocity 52
time 4
note_off 57
time 7
note_off 70
time 39
note_off 55
time 75
note_on 53
velocity 60
time 95
note_on 69
velocity 62
time 4
note_off 53
time 54
note_on 65
velocity 65
time 19
note_off 69
time 1
note_off 65
time 45
note_on 60
velocity 54
time 67
note_off 60
time 61
note_on 65
velocity 58
time 11
note_off 65
time 66
note_on 69
velocity 56
time 35
note_off 69
time 45
note_on 60
velocity 54
time 39
note_off 60
time 56
note_on 72
velocity 88
time 75
note_on 52
velocity 71
time 3
note_on 40
velocity 60
time 4
note_off 72
time 11
note_on 60
velocity 71
time 6
note_off 60
time 17
note_on 71
velocity 84
time 6
note_off 40
time 26
note_on 60
velocity 77
time 56
note_off 71
time 12
note_off 52
time 59
note_off 60
time 7
note_on 70
velocity 83
time 28
note_off 70
time 9
note_on 60
velocity 79
time 12
note_off 60
time 0
note_on 53
velocity 61
time 9
note_on 41
velocity 55
time 6
note_on 69
velocity 76
time 0
note_on 65
velocity 70
time 80
note_off 53
time 1
note_off 69
time 1
note_off 41
time 23
note_off 65
time 27
note_on 60
velocity 59
time 39
note_off 60
time 66
note_on 65
velocity 61
time 25
note_off 65
time 52
note_on 69
velocity 62
time 39
note_off 69
time 55
note_on 60
velocity 60
time 44
note_off 60
time 67
note_on 72
velocity 87
time 56
note_on 52
velocity 71
time 10
note_on 40
velocity 64
time 2
note_off 72
time 5
note_off 40
time 0
note_on 60
velocity 79
time 8
note_off 60
time 3
note_on 71
velocity 88
time 4
note_off 52
time 37
note_on 60
velocity 82
time 64
note_off 71
time 5
note_off 60
time 69
note_on 70
velocity 81
time 17
note_off 70
time 45
note_on 60
velocity 76
time 17
note_on 41
velocity 48
time 0
note_off 60
time 21
note_on 69
velocity 76
time 46
note_on 53
velocity 73
time 6
note_off 41
time 14
note_off 69
time 7
note_on 72
velocity 76
time 2
note_off 53
time 5
note_off 72
time 0
note_on 77
velocity 78
time 16
note_on 76
velocity 72
time 86
note_off 77
time 40
note_on 74
velocity 71
time 57
note_off 76
time 34
note_off 74
time 30
note_on 72
velocity 72
time 18
note_off 72
time 39
note_on 70
velocity 77
time 8
note_on 65
velocity 84
time 5
note_on 62
velocity 80
time 3
note_on 72
velocity 68
time 11
note_off 70
time 5
note_off 65
time 72
note_on 74
velocity 73
time 14
note_off 72
time 1
note_off 62
time 9
note_off 74
time 14
note_on 70
velocity 67
time 19
note_off 70
time 77
note_on 68
velocity 72
time 6
note_on 60
velocity 71
time 2
note_on 64
velocity 74
time 2
note_off 64
time 37
note_off 60
time 0
note_off 68
time 8
note_on 69
velocity 70
time 12
note_off 69
time 10
note_on 62
velocity 80
time 10
note_on 67
velocity 77
time 3
note_on 58
velocity 73
time 7
note_off 67
time 16
note_on 69
velocity 76
time 8
note_off 62
time 73
note_off 69
time 8
note_on 70
velocity 72
time 0
note_off 58
time 14
note_off 70
time 36
note_on 67
velocity 66
time 11
note_off 67
time 8
note_on 64
velocity 73
time 10
note_on 57
velocity 69
time 6
note_on 60
velocity 70
time 1
note_off 60
time 46
note_off 64
time 0
note_off 57
time 5
note_on 65
velocity 51
time 16
note_off 65
time 42
note_on 67
velocity 66
time 33
note_on 58
velocity 61
time 18
note_off 67
time 38
note_off 58
time 26
note_on 70
velocity 72
time 3
note_on 60
velocity 73
time 38
note_off 70
time 2
note_on 69
velocity 63
time 2
note_on 67
velocity 61
time 13
note_off 67
time 0
note_off 60
time 4
note_on 65
velocity 69
time 2
note_off 69
time 22
note_off 65
time 40
note_on 64
velocity 67
time 12
note_on 48
velocity 56
time 2
note_off 64
time 9
note_off 48
time 23
note_on 67
velocity 70
time 3
note_off 67
time 59
note_on 65
velocity 74
time 23
note_on 53
velocity 78
time 3
note_off 53
time 2
note_off 65
time 17
note_on 67
velocity 64
time 10
note_off 67
time 3
note_on 69
velocity 67
time 4
note_on 65
velocity 63
time 53
note_off 69
time 13
note_off 65
time 30
note_on 62
velocity 67
time 38
note_off 62
time 37
note_on 60
velocity 65
time 60
note_off 60
time 88
note_on 53
velocity 82
time 11
note_on 50
velocity 79
time 6
note_on 58
velocity 68
time 11
note_on 60
velocity 73
time 12
note_off 53
time 2
note_off 58
time 2
note_off 50
time 12
note_off 60
time 3
note_on 62
velocity 69
time 6
note_off 62
time 18
note_on 58
velocity 65
time 7
note_off 58
time 75
note_on 52
velocity 78
time 3
note_on 56
velocity 70
time 2
note_on 48
velocity 71
time 2
note_off 52
time 50
note_off 48
time 19
note_off 56
time 11
note_on 57
velocity 65
time 25
note_off 57
time 39
note_on 55
velocity 77
time 41
note_on 50
velocity 86
time 4
note_on 46
velocity 70
time 11
note_on 57
velocity 70
time 12
note_off 55
time 2
note_off 50
time 15
note_on 58
velocity 70
time 39
note_off 57
time 19
note_off 46
time 16
note_off 58
time 39
note_on 55
velocity 69
time 23
note_off 55
time 43
note_on 45
velocity 69
time 60
note_on 48
velocity 73
time 1
note_on 52
velocity 76
time 6
note_on 53
velocity 72
time 79
note_off 45
time 5
note_off 48
time 3
note_off 52
time 2
note_off 53
time 37
note_on 46
velocity 70
time 7
note_on 55
velocity 77
time 9
note_off 46
time 12
note_off 55
time 10
note_on 58
velocity 76
time 35
note_on 57
velocity 74
time 83
note_on 48
velocity 75
time 16
note_off 58
time 21
note_off 48
time 27
note_on 53
velocity 65
time 15
note_off 57
time 20
note_off 53
time 43
note_on 52
velocity 62
time 25
note_on 36
velocity 63
time 3
note_off 52
time 41
note_off 36
time 11
note_on 55
velocity 55
time 29
note_off 55
time 43
note_on 53
velocity 58
time 2
note_on 41
velocity 54
time 12
note_off 53
time 9
note_off 41
time 11
note_on 72
velocity 72
time 92
note_off 72
time 14
note_on 69
velocity 78
time 101
note_off 69
time 34
note_on 65
velocity 80
time 138
note_off 65
time 48
note_on 63
velocity 80
time 145
note_on 57
velocity 60
time 10
note_off 57
time 40
note_off 63
time 4
note_on 63
velocity 83
time 135
note_on 57
velocity 63
time 9
note_off 57
time 50
note_off 63
time 23
note_on 62
velocity 75
time 108
note_on 58
velocity 60
time 8
note_off 58
time 78
note_off 62
time 23
note_on 77
velocity 71
time 69
note_off 77
time 35
note_on 74
velocity 62
time 156
note_off 74
time 40
note_on 70
velocity 62
time 137
note_off 70
time 42
note_on 65
velocity 63
time 141
note_on 62
velocity 58
time 10
note_off 62
time 43
note_off 65
time 0
note_on 62
velocity 59
time 121
note_on 65
velocity 60
time 13
note_off 65
time 39
note_off 62
time 8
note_on 64
velocity 57
time 153
note_on 60
velocity 44
time 25
note_off 60
time 125
note_on 82
velocity 65
time 19
note_off 64
time 19
note_off 82
time 14
note_on 79
velocity 63
time 158
note_off 79
time 42
note_on 76
velocity 63
time 143
note_off 76
time 44
note_on 70
velocity 71
time 138
note_on 60
velocity 62
time 11
note_off 70
time 32
note_off 60
time 8
note_on 70
velocity 74
time 134
note_on 60
velocity 65
time 1
note_off 60
time 77
note_off 70
time 15
note_on 65
velocity 79
time 107
note_on 69
velocity 86
time 1
note_on 77
velocity 73
time 73
note_off 69
time 22
note_off 65
time 2
note_off 77
time 46
note_on 76
velocity 80
time 15
note_off 76
time 93
note_on 77
velocity 79
time 5
note_on 81
velocity 78
time 75
note_off 77
time 10
note_on 84
velocity 76
time 72
note_off 81
time 31
note_off 84
time 29
note_on 70
velocity 89
time 53
note_on 60
velocity 81
time 1
note_on 67
velocity 78
time 2
note_on 82
velocity 72
time 81
note_off 67
time 34
note_off 60
time 12
note_off 70
time 17
note_off 82
time 13
note_on 81
velocity 74
time 2
note_off 81
time 95
note_on 82
velocity 80
time 1
note_on 79
velocity 73
time 110
note_off 82
time 69
note_on 76
velocity 76
time 14
note_off 79
time 1
note_off 76
time 59
note_on 65
velocity 87
time 0
note_on 69
velocity 87
time 3
note_off 69
time 4
note_off 65
time 3
note_on 77
velocity 78
time 14
note_off 77
time 50
note_on 76
velocity 69
time 11
note_off 76
time 7
note_on 77
velocity 76
time 4
note_on 72
velocity 65
time 87
note_off 77
time 15
note_off 72
time 52
note_on 69
velocity 68
time 8
note_off 69
time 58
note_on 55
velocity 82
time 23
note_on 52
velocity 76
time 2
note_on 48
velocity 81
time 2
note_off 52
time 0
note_off 55
time 0
note_off 48
time 4
note_on 70
velocity 66
time 9
note_on 69
velocity 78
time 19
note_off 70
time 0
note_on 70
velocity 73
time 13
note_off 69
time 1
note_on 67
velocity 66
time 60
note_off 70
time 28
note_off 67
time 18
note_on 64
velocity 66
time 20
note_off 64
time 40
note_on 65
velocity 87
time 55
note_on 41
velocity 75
time 5
note_off 65
time 10
note_off 41
time 6
note_on 53
velocity 72
time 31
note_off 53
time 39
note_on 52
velocity 75
time 61
note_on 53
velocity 73
time 71
note_off 52
time 3
note_off 53
time 0
note_on 55
velocity 67
time 12
note_off 55
time 16
note_on 65
velocity 67
time 7
note_on 53
velocity 80
time 22
note_on 69
velocity 78
time 40
note_off 65
time 20
note_off 53
time 21
note_on 72
velocity 91
time 11
note_on 57
velocity 80
time 5
note_off 69
time 6
note_off 57
time 15
note_off 72
time 10
note_on 53
velocity 70
time 3
note_off 53
time 63
note_on 48
velocity 71
time 3
note_off 48
time 59
note_on 53
velocity 75
time 61
note_off 53
time 37
note_on 45
velocity 76
time 41
note_on 48
velocity 82
time 79
note_off 45
time 8
note_off 48
time 17
note_on 41
velocity 88
time 6
note_on 77
velocity 98
time 6
note_on 72
velocity 91
time 3
note_on 69
velocity 92
time 1
note_off 69
time 5
note_off 72
time 3
note_off 77
time 15
note_off 41
time 3
note_on 77
velocity 93
time 152
note_on 72
velocity 86
time 3
note_on 69
velocity 88
time 1
note_on 45
velocity 69
time 3
note_off 69
time 22
note_off 72
time 0
note_off 77
time 4
note_off 45
time 12
note_on 77
velocity 93
time 153
note_on 72
velocity 86
time 3
note_on 69
velocity 87
time 3
note_on 48
velocity 65
time 4
note_off 72
time 15
note_off 69
time 3
note_off 77
time 8
note_off 48
time 19
note_on 41
velocity 72
time 3
note_on 77
velocity 99
time 2
note_on 72
velocity 89
time 19
note_on 69
velocity 93
time 2
note_off 69
time 13
note_off 72
time 4
note_off 41
time 8
note_off 77
time 3
