note_on 58
velocity 41
time 11
note_on 63
velocity 49
time 651
note_on 27
velocity 34
time 26
note_on 39
velocity 32
time 3
note_off 58
time 2
note_on 65
velocity 54
time 0
note_off 63
time 3
note_on 67
velocity 57
time 34
note_off 65
time 13
note_off 39
time 0
note_off 27
time 18
note_off 67
time 56
note_on 67
velocity 56
time 240
note_on 27
velocity 31
time 4
note_on 39
velocity 30
time 2
note_on 65
velocity 54
time 35
note_off 27
time 5
note_off 67
time 7
note_off 39
time 16
note_off 65
time 177
note_on 68
velocity 56
time 2
note_on 39
velocity 23
time 5
note_on 27
velocity 28
time 1
note_off 27
time 6
note_off 39
time 11
note_on 67
velocity 54
time 57
note_off 68
time 5
note_off 67
time 145
note_on 58
velocity 50
time 351
note_on 43
velocity 35
time 19
note_on 31
velocity 33
time 31
note_off 58
time 2
note_on 56
velocity 52
time 16
note_off 43
time 7
note_off 31
time 468
note_off 56
time 43
note_on 67
velocity 51
time 28
note_on 32
velocity 30
time 0
note_on 44
velocity 28
time 6
note_on 63
velocity 46
time 137
note_off 67
time 10
note_on 65
velocity 49
time 8
note_off 63
time 9
note_off 44
time 5
note_off 65
time 14
note_off 32
time 170
note_on 56
velocity 48
time 229
note_on 34
velocity 31
time 29
note_on 46
velocity 31
time 0
note_off 46
time 11
note_off 56
time 30
note_on 55
velocity 44
time 29
note_off 34
time 53
note_off 55
time 311
note_on 62
velocity 45
time 235
note_on 39
velocity 29
time 27
note_on 27
velocity 29
time 3
note_on 63
velocity 35
time 658
note_off 62
time 19
note_off 63
time 3
note_off 27
time 127
note_off 39
time 41
note_on 58
velocity 40
time 248
note_on 27
velocity 27
time 0
note_on 63
velocity 44
time 0
note_on 39
velocity 29
time 1
note_off 58
time 134
note_on 65
velocity 56
time 2
note_off 63
time 3
note_on 67
velocity 58
time 10
note_off 65
time 17
note_off 27
time 23
note_off 39
time 8
note_off 67
time 47
note_on 67
velocity 59
time 242
note_on 39
velocity 24
time 36
note_on 27
velocity 31
time 5
note_on 65
velocity 62
time 12
note_off 67
time 15
note_off 27
time 11
note_off 39
time 73
note_off 65
time 291
note_on 68
velocity 63
time 175
note_on 39
velocity 27
time 7
note_on 27
velocity 31
time 7
note_off 27
time 1
note_off 39
time 50
note_on 67
velocity 60
time 67
note_off 68
time 164
note_off 67
time 59
note_on 58
velocity 59
time 291
note_on 43
velocity 34
time 26
note_on 31
velocity 30
time 30
note_off 58
time 5
note_on 56
velocity 59
time 0
note_off 43
time 7
note_off 56
time 442
note_off 31
time 12
note_on 67
velocity 55
time 15
note_on 32
velocity 31
time 31
note_on 44
velocity 26
time 23
note_on 63
velocity 60
time 109
note_off 67
time 10
note_on 65
velocity 55
time 14
note_off 63
time 10
note_off 44
time 3
note_off 65
time 19
note_off 32
time 106
note_on 56
velocity 51
time 17
note_on 46
velocity 30
time 12
note_on 34
velocity 28
time 3
note_off 46
time 22
note_off 56
time 15
note_on 55
velocity 46
time 6
note_off 34
time 63
note_off 55
time 186
note_on 62
velocity 43
time 13
note_on 27
velocity 22
time 6
note_on 39
velocity 24
time 1
note_on 63
velocity 33
time 526
note_off 62
time 123
note_off 27
time 44
note_off 63
time 28
note_off 39
time 250
note_on 70
velocity 58
time 319
note_off 70
time 362
note_on 70
velocity 59
time 392
note_on 43
velocity 28
time 42
note_on 31
velocity 22
time 19
note_off 31
time 8
note_off 43
time 35
note_on 68
velocity 41
time 560
note_on 36
velocity 27
time 16
note_on 48
velocity 19
time 2
note_off 70
time 61
note_on 67
velocity 48
time 14
note_off 68
time 14
note_off 48
time 19
note_off 67
time 41
note_on 65
velocity 56
time 22
note_on 63
velocity 58
time 261
note_off 65
time 13
note_off 63
time 255
note_on 65
velocity 48
time 10
note_on 46
velocity 37
time 8
note_off 36
time 5
note_on 34
velocity 27
time 2
note_on 63
velocity 50
time 0
note_off 65
time 8
note_off 46
time 43
note_on 62
velocity 57
time 38
note_on 60
velocity 60
time 235
note_off 63
time 13
note_off 62
time 19
note_off 34
time 22
note_on 58
velocity 55
time 0
note_off 60
time 13
note_on 44
velocity 26
time 4
note_on 32
velocity 32
time 5
note_on 60
velocity 43
time 71
note_off 58
time 5
note_off 44
time 59
note_off 60
time 56
note_on 62
velocity 56
time 3
note_off 32
time 16
note_off 62
time 104
note_on 63
velocity 54
time 190
note_on 43
velocity 30
time 21
note_on 31
velocity 27
time 14
note_on 65
velocity 56
time 13
note_off 43
time 60
note_off 63
time 13
note_off 65
time 6
note_on 67
velocity 55
time 5
note_off 31
time 8
note_on 65
velocity 61
time 225
note_off 67
time 1
note_off 65
time 0
note_on 68
velocity 51
time 5
note_on 39
velocity 22
time 1
note_on 27
velocity 27
time 6
note_on 67
velocity 50
time 14
note_off 68
time 34
note_off 27
time 8
note_off 67
time 9
note_on 65
velocity 57
time 7
note_off 39
time 79
note_off 65
time 152
note_on 63
velocity 58
time 6
note_on 46
velocity 26
time 6
note_on 67
velocity 49
time 4
note_on 34
velocity 23
time 8
note_off 63
time 0
note_on 65
velocity 43
time 16
note_off 67
time 28
note_off 34
time 21
note_off 46
time 22
note_on 50
velocity 40
time 316
note_on 38
velocity 33
time 19
note_off 65
time 1
note_on 58
velocity 50
time 158
note_off 50
time 86
note_off 38
time 492
note_on 67
velocity 60
time 8
note_on 51
velocity 34
time 12
note_on 39
velocity 34
time 8
note_off 58
time 6
note_off 51
time 38
note_on 69
velocity 67
time 128
note_off 67
time 135
note_off 39
time 347
note_on 50
velocity 44
time 114
note_on 38
velocity 27
time 6
note_off 50
time 5
note_off 38
time 47
note_on 70
velocity 66
time 59
note_off 69
time 21
note_on 65
velocity 47
time 613
note_on 48
velocity 21
time 15
note_on 36
velocity 25
time 12
note_off 70
time 14
note_on 63
velocity 49
time 15
note_off 65
time 6
note_off 63
time 12
note_on 62
velocity 51
time 11
note_off 48
time 100
note_off 36
time 2
note_on 63
velocity 59
time 180
note_off 62
time 44
note_on 51
velocity 51
time 255
note_on 39
velocity 47
time 1
note_off 63
time 7
note_on 60
velocity 69
time 144
note_off 39
time 16
note_off 51
time 71
note_on 69
velocity 73
time 489
note_on 53
velocity 41
time 18
note_on 41
velocity 35
time 30
note_off 60
time 17
note_off 41
time 188
note_on 70
velocity 73
time 9
note_off 69
time 17
note_off 53
time 1
note_on 55
velocity 63
time 67
note_on 43
velocity 45
time 2
note_off 43
time 56
note_on 72
velocity 73
time 59
note_off 70
time 45
note_off 55
time 15
note_on 65
velocity 57
time 563
note_on 45
velocity 35
time 5
note_on 57
velocity 34
time 3
note_on 63
velocity 61
time 7
note_off 65
time 41
note_off 57
time 84
note_off 45
time 57
note_on 62
velocity 62
time 18
note_off 72
time 3
note_off 63
time 1
note_on 63
velocity 66
time 261
note_off 62
time 5
note_on 53
velocity 60
time 3
note_on 41
velocity 48
time 13
note_off 63
time 11
note_off 41
time 63
note_on 72
velocity 63
time 162
note_off 72
time 107
note_on 74
velocity 70
time 6
note_on 75
velocity 77
time 110
note_off 74
time 23
note_off 53
time 330
note_on 74
velocity 69
time 0
note_on 58
velocity 42
time 18
note_on 46
velocity 39
time 8
note_off 75
time 8
note_on 72
velocity 71
time 8
note_off 74
time 13
note_off 72
time 11
note_on 70
velocity 70
time 16
note_off 58
time 63
note_off 70
time 43
note_on 72
velocity 60
time 182
note_off 72
time 44
note_on 70
velocity 70
time 13
note_off 70
time 57
note_on 72
velocity 66
time 18
note_on 57
velocity 46
time 56
note_on 70
velocity 69
time 17
note_off 72
time 4
note_on 45
velocity 36
time 1
note_on 69
velocity 72
time 8
note_off 70
time 3
note_on 70
velocity 74
time 117
note_off 69
time 7
note_off 46
time 4
note_off 57
time 4
note_off 45
time 1
note_on 55
velocity 40
time 71
note_on 43
velocity 39
time 7
note_on 69
velocity 61
time 13
note_off 70
time 3
note_on 67
velocity 63
time 22
note_off 55
time 6
note_off 69
time 6
note_off 67
time 219
note_on 65
velocity 61
time 8
note_off 43
time 76
note_on 63
velocity 56
time 191
note_off 65
time 4
note_on 53
velocity 34
time 10
note_on 41
velocity 34
time 9
note_on 62
velocity 60
time 3
note_off 63
time 6
note_off 53
time 16
note_off 62
time 6
note_on 60
velocity 55
time 14
note_off 60
time 12
note_on 58
velocity 57
time 12
note_off 41
time 15
note_off 58
time 1
note_on 51
velocity 30
time 10
note_on 60
velocity 52
time 1
note_on 39
velocity 25
time 1
note_off 60
time 227
note_on 62
velocity 58
time 3
note_off 62
time 20
note_on 63
velocity 52
time 8
note_off 51
time 0
note_off 63
time 69
note_off 39
time 109
note_on 65
velocity 52
time 43
note_off 65
time 54
note_on 63
velocity 49
time 33
note_on 50
velocity 34
time 25
note_off 63
time 8
note_on 38
velocity 27
time 14
note_on 65
velocity 59
time 6
note_on 63
velocity 61
time 13
note_off 65
time 12
note_off 63
time 25
note_on 62
velocity 57
time 13
note_on 63
velocity 48
time 7
note_off 62
time 12
note_off 50
time 1
note_off 38
time 17
note_on 48
velocity 28
time 434
note_on 36
velocity 29
time 45
note_on 69
velocity 44
time 8
note_off 69
time 6
note_on 70
velocity 49
time 0
note_off 36
time 0
note_off 48
time 37
note_off 70
time 87
note_on 72
velocity 58
time 16
note_on 70
velocity 53
time 278
note_on 51
velocity 30
time 20
note_on 39
velocity 19
time 1
note_off 72
time 1
note_on 69
velocity 55
time 3
note_off 70
time 5
note_off 63
time 11
note_on 67
velocity 56
time 19
note_off 69
time 53
note_off 51
time 86
note_on 65
velocity 58
time 98
note_off 67
time 11
note_off 39
time 29
note_on 70
velocity 58
time 3
note_on 50
velocity 31
time 10
note_on 38
velocity 25
time 17
note_off 65
time 1
note_off 50
time 10
note_off 38
time 17
note_on 46
velocity 34
time 228
note_on 34
velocity 37
time 4
note_on 65
velocity 52
time 10
note_off 70
time 3
note_off 34
time 5
note_off 46
time 12
note_off 65
time 200
note_on 63
velocity 55
time 9
note_on 53
velocity 37
time 4
note_on 41
velocity 34
time 6
note_off 63
time 1
note_on 62
velocity 46
time 31
note_on 63
velocity 48
time 11
note_off 53
time 4
note_off 62
time 0
note_off 41
time 3
note_off 63
time 6
note_on 62
velocity 53
time 2
note_off 62
time 262
note_on 60
velocity 53
time 4
note_on 41
velocity 39
time 4
note_on 29
velocity 40
time 2
note_off 29
time 1
note_off 41
time 4
note_off 60
time 4
note_on 58
velocity 58
time 2
note_off 58
time 122
note_on 58
velocity 52
time 108
note_on 43
velocity 36
time 6
note_on 31
velocity 29
time 9
note_off 31
time 16
note_off 43
time 10
note_on 63
velocity 65
time 7
note_on 62
velocity 62
time 231
note_on 33
velocity 35
time 2
note_on 45
velocity 37
time 0
note_off 63
time 4
note_off 58
time 2
note_on 60
velocity 69
time 11
note_off 45
time 26
note_off 62
time 4
note_on 62
velocity 68
time 263
note_on 34
velocity 46
time 7
note_on 46
velocity 41
time 6
note_off 60
time 5
note_off 33
time 6
note_off 46
time 8
note_off 34
time 19
note_on 58
velocity 66
time 187
note_on 26
velocity 38
time 47
note_on 38
velocity 38
time 0
note_off 62
time 8
note_off 38
time 2
note_off 26
time 213
note_on 57
velocity 61
time 21
note_on 27
velocity 35
time 8
note_off 58
time 18
note_on 39
velocity 27
time 0
note_off 39
time 15
note_on 55
velocity 62
time 13
note_off 57
time 14
note_off 27
time 15
note_on 36
velocity 41
time 0
note_on 24
velocity 36
time 9
note_off 24
time 16
note_off 36
time 14
note_on 57
velocity 62
time 4
note_off 55
time 44
note_on 29
velocity 29
time 8
note_on 41
velocity 29
time 6
note_off 57
time 11
note_on 58
velocity 55
time 3
note_off 58
time 16
note_on 57
velocity 53
time 12
note_off 57
time 68
note_on 58
velocity 56
time 10
note_off 58
time 48
note_on 57
velocity 57
time 6
note_off 57
time 55
note_on 58
velocity 59
time 28
note_on 57
velocity 54
time 35
note_off 58
time 13
note_off 57
time 153
note_on 55
velocity 57
time 10
note_off 29
time 6
note_off 41
time 15
note_on 57
velocity 56
time 17
note_off 55
time 2
note_on 58
velocity 46
time 16
note_off 57
time 3
note_on 34
velocity 34
time 7
note_on 46
velocity 34
time 2
note_off 34
time 25
note_off 46
time 29
note_on 48
velocity 38
time 8
note_on 36
velocity 31
time 4
note_off 48
time 6
note_off 36
time 240
note_on 46
velocity 38
time 5
note_on 34
velocity 28
time 9
note_off 58
time 18
note_off 46
time 4
note_off 34
time 76
note_on 58
velocity 53
time 320
note_on 44
velocity 29
time 28
note_on 32
velocity 26
time 16
note_off 44
time 11
note_off 32
time 22
note_on 63
velocity 49
time 14
note_on 43
velocity 33
time 2
note_on 31
velocity 27
time 0
note_off 58
time 5
note_off 43
time 14
note_off 31
time 5
note_on 65
velocity 57
time 17
note_off 63
time 46
note_on 67
velocity 58
time 228
note_on 29
velocity 36
time 4
note_on 41
velocity 35
time 2
note_off 65
time 12
note_off 41
time 2
note_off 67
time 5
note_off 29
time 245
note_on 67
velocity 46
time 23
note_on 39
velocity 35
time 12
note_on 27
velocity 31
time 11
note_off 39
time 17
note_off 27
time 8
note_on 38
velocity 37
time 256
note_on 65
velocity 45
time 2
note_on 26
velocity 34
time 10
note_off 67
time 12
note_off 26
time 13
note_off 38
time 22
note_on 51
velocity 69
time 383
note_on 68
velocity 50
time 29
note_on 36
velocity 26
time 9
note_off 65
time 3
note_on 67
velocity 48
time 14
note_off 68
time 5
note_off 51
time 10
note_off 36
time 15
note_off 67
time 9
note_on 58
velocity 71
time 423
note_on 55
velocity 44
time 51
note_on 48
velocity 24
time 6
note_on 36
velocity 30
time 17
note_off 48
time 17
note_off 58
time 25
note_on 56
velocity 52
time 1
note_off 36
time 10
note_off 55
time 30
note_off 56
time 29
note_on 58
velocity 69
time 387
note_on 67
velocity 57
time 17
note_on 43
velocity 36
time 14
note_on 31
velocity 28
time 6
note_on 63
velocity 50
time 106
note_off 63
time 0
note_on 65
velocity 57
time 5
note_off 67
time 0
note_off 31
time 3
note_off 43
time 3
note_off 65
time 38
note_off 58
time 51
note_on 58
velocity 71
time 346
note_on 56
velocity 44
time 47
note_on 46
velocity 25
time 18
note_on 34
velocity 29
time 5
note_off 46
time 14
note_on 55
velocity 49
time 16
note_off 56
time 6
note_off 58
time 52
note_off 34
time 25
note_on 58
velocity 62
time 394
note_on 62
velocity 57
time 10
note_off 55
time 22
note_on 27
velocity 30
time 10
note_on 39
velocity 28
time 2
note_off 27
time 0
note_on 63
velocity 53
time 31
note_off 39
time 51
note_off 62
time 13
note_off 58
time 104
note_on 58
velocity 72
time 326
note_on 43
velocity 32
time 40
note_on 31
velocity 27
time 30
note_off 63
time 9
note_on 63
velocity 72
time 48
note_off 43
time 132
note_off 58
time 271
note_off 31
time 43
note_on 44
velocity 37
time 82
note_on 32
velocity 36
time 8
note_on 60
velocity 66
time 129
note_on 65
velocity 68
time 7
note_off 63
time 1
note_off 32
time 9
note_off 44
time 61
note_on 67
velocity 78
time 87
note_off 65
time 36
note_off 67
time 158
note_on 67
velocity 65
time 350
note_on 44
velocity 40
time 23
note_on 56
velocity 34
time 1
note_off 56
time 4
note_off 44
time 100
note_on 65
velocity 68
time 17
note_off 67
time 28
note_off 60
time 32
note_on 68
velocity 73
time 393
note_off 65
time 13
note_on 58
velocity 48
time 12
note_on 38
velocity 35
time 13
note_on 50
velocity 32
time 0
note_off 50
time 9
note_on 67
velocity 66
time 43
note_off 68
time 5
note_off 67
time 119
note_off 58
time 57
note_off 38
time 376
note_on 58
velocity 61
time 59
note_on 39
velocity 32
time 42
note_on 51
velocity 27
time 7
note_off 51
time 33
note_off 58
time 34
note_on 56
velocity 60
time 6
note_off 39
time 13
note_on 67
velocity 54
time 520
note_on 48
velocity 29
time 23
note_on 36
velocity 27
time 11
note_off 56
time 13
note_on 63
velocity 52
time 0
note_off 36
time 39
note_off 67
time 30
note_on 65
velocity 53
time 55
note_off 63
time 8
note_off 48
time 28
note_off 65
time 7
note_on 56
velocity 46
time 351
note_on 50
velocity 33
time 4
note_on 38
velocity 29
time 17
note_on 55
velocity 48
time 23
note_off 56
time 3
note_off 50
time 0
note_off 38
time 9
note_on 62
velocity 46
time 56
note_on 51
velocity 29
time 34
note_on 39
velocity 32
time 25
note_off 55
time 28
note_on 63
velocity 40
time 178
note_off 62
time 10
note_off 51
time 104
note_off 39
time 67
note_on 58
velocity 41
time 185
note_on 50
velocity 31
time 3
note_on 38
velocity 28
time 10
note_off 63
time 14
note_off 38
time 33
note_off 50
time 0
note_on 65
velocity 58
time 116
note_off 58
time 15
note_on 67
velocity 70
time 309
note_on 63
velocity 49
time 23
note_on 48
velocity 28
time 10
note_off 65
time 15
note_on 36
velocity 28
time 9
note_off 48
time 107
note_on 69
velocity 73
time 104
note_off 36
time 65
note_off 63
time 279
note_on 58
velocity 70
time 222
note_on 43
velocity 43
time 7
note_on 31
velocity 40
time 20
note_off 31
time 18
note_off 43
time 61
note_on 70
velocity 73
time 58
note_off 67
time 32
note_off 69
time 8
note_off 70
time 167
note_off 58
time 330
note_on 63
velocity 65
time 6
note_on 60
velocity 54
time 0
note_on 48
velocity 40
time 2
note_on 36
velocity 36
time 13
note_off 36
time 13
note_on 58
velocity 71
time 3
note_off 60
time 0
note_off 48
time 4
note_off 58
time 128
note_on 65
velocity 74
time 85
note_on 57
velocity 62
time 16
note_off 63
time 13
note_on 50
velocity 46
time 4
note_on 38
velocity 38
time 11
note_off 50
time 16
note_on 58
velocity 67
time 14
note_off 65
time 4
note_on 67
velocity 80
time 268
note_on 39
velocity 48
time 44
note_on 51
velocity 46
time 1
note_off 38
time 10
note_off 58
time 3
note_off 57
time 15
note_on 63
velocity 75
time 60
note_off 67
time 119
note_on 69
velocity 75
time 391
note_on 65
velocity 59
time 25
note_off 51
time 0
note_off 63
time 1
note_off 39
time 38
note_on 70
velocity 79
time 194
note_on 50
velocity 52
time 4
note_on 38
velocity 45
time 1
note_off 69
time 8
note_off 50
time 7
note_off 38
time 3
note_on 43
velocity 73
time 282
note_on 31
velocity 57
time 16
note_off 31
time 13
note_off 43
time 33
note_on 72
velocity 77
time 185
note_on 63
velocity 56
time 31
note_on 45
velocity 47
time 2
note_on 33
velocity 43
time 9
note_off 65
time 18
note_off 70
time 8
note_off 45
time 13
note_off 72
time 4
note_off 63
time 38
note_off 33
time 168
note_on 67
velocity 72
time 42
note_on 34
velocity 42
time 12
note_on 46
velocity 47
time 1
note_on 62
velocity 47
time 5
note_off 46
time 2
note_off 34
time 20
note_on 65
velocity 76
time 1
note_off 67
time 8
note_on 63
velocity 72
time 240
note_on 38
velocity 45
time 7
note_on 26
velocity 38
time 5
note_off 65
time 8
note_off 38
time 5
note_on 65
velocity 71
time 4
note_off 63
time 10
note_off 26
time 7
note_on 27
velocity 41
time 4
note_on 39
velocity 40
time 7
note_off 27
time 8
note_off 62
time 1
note_on 60
velocity 50
time 11
note_off 39
time 16
note_off 60
time 17
note_on 62
velocity 46
time 67
note_off 62
time 42
note_on 60
velocity 59
time 22
note_off 60
time 67
note_on 62
velocity 54
time 6
note_on 41
velocity 36
time 8
note_on 29
velocity 32
time 7
note_on 60
velocity 56
time 0
note_off 62
time 12
note_off 41
time 2
note_off 29
time 7
note_off 60
time 1
note_on 58
velocity 52
time 16
note_off 58
time 0
note_on 60
velocity 52
time 6
note_off 60
time 29
note_on 58
velocity 52
time 9
note_on 46
velocity 37
time 8
note_on 34
velocity 35
time 9
note_off 46
time 0
note_off 34
time 9
note_on 45
velocity 38
time 16
note_on 33
velocity 33
time 10
note_off 45
time 14
note_off 65
time 256
note_off 33
time 1
note_on 34
velocity 29
time 13
note_on 46
velocity 33
time 2
note_off 34
time 6
note_off 46
time 39
note_on 70
velocity 53
time 282
note_on 48
velocity 26
time 8
note_on 36
velocity 31
time 1
note_off 36
time 9
note_off 48
time 13
note_off 70
time 9
note_on 70
velocity 49
time 358
note_on 50
velocity 33
time 18
note_on 38
velocity 28
time 14
note_off 50
time 0
note_off 38
time 19
note_on 34
velocity 39
time 264
note_on 46
velocity 32
time 8
note_off 34
time 1
note_off 46
time 1
note_on 51
velocity 34
time 2
note_on 68
velocity 45
time 1
note_off 70
time 6
note_on 39
velocity 22
time 1
note_off 68
time 9
note_on 67
velocity 55
time 25
note_off 51
time 123
note_on 65
velocity 53
time 51
note_off 58
time 44
note_off 67
time 17
note_off 39
time 67
note_off 65
time 26
note_on 63
velocity 53
time 7
note_off 63
time 277
note_on 65
velocity 52
time 1
note_on 46
velocity 38
time 9
note_on 34
velocity 34
time 19
note_on 63
velocity 53
time 10
note_off 65
time 12
note_off 46
time 7
note_on 62
velocity 54
time 6
note_on 60
velocity 56
time 207
note_off 62
time 33
note_off 63
time 6
note_off 34
time 268
note_on 44
velocity 29
time 20
note_on 58
velocity 52
time 4
note_off 60
time 9
note_on 32
velocity 30
time 11
note_on 60
velocity 48
time 30
note_off 58
time 10
note_off 44
time 31
note_off 60
time 90
note_on 62
velocity 58
time 7
note_off 32
time 101
note_off 62
time 45
note_on 63
velocity 57
time 155
note_on 43
velocity 35
time 4
note_on 31
velocity 30
time 16
note_on 65
velocity 55
time 5
note_off 43
time 28
note_on 67
velocity 63
time 12
note_off 65
time 3
note_off 31
time 4
note_off 63
time 86
note_on 65
velocity 62
time 118
note_off 67
time 3
note_off 65
time 261
note_on 68
velocity 68
time 17
note_on 39
velocity 39
time 27
note_on 27
velocity 42
time 13
note_on 58
velocity 28
time 2
note_on 67
velocity 60
time 18
note_off 68
time 16
note_on 65
velocity 64
time 25
note_off 67
time 0
note_off 27
time 14
note_off 39
time 91
note_off 65
time 90
note_on 63
velocity 66
time 1
note_off 58
time 63
note_on 67
velocity 64
time 7
note_on 46
velocity 36
time 10
note_off 63
time 9
note_on 58
velocity 40
time 3
note_on 34
velocity 29
time 9
note_on 65
velocity 57
time 140
note_off 67
time 71
note_off 34
time 16
note_off 46
time 16
note_off 58
time 51
note_on 56
velocity 64
time 373
note_on 50
velocity 31
time 13
note_off 65
time 0
note_on 38
velocity 30
time 3
note_off 50
time 14
note_off 38
time 2
note_on 46
velocity 50
time 212
note_on 34
velocity 46
time 3
note_off 34
time 71
note_off 46
time 38
note_off 56
time 313
note_on 55
velocity 67
time 143
note_on 51
velocity 46
time 17
note_on 39
velocity 37
time 14
note_off 39
time 1
note_on 50
velocity 68
time 96
note_off 51
time 12
note_off 50
time 6
note_on 48
velocity 48
time 2
note_off 55
time 16
note_on 53
velocity 56
time 6
note_off 48
time 14
note_off 53
time 7
note_on 55
velocity 58
time 7
note_off 55
time 55
note_on 53
velocity 62
time 26
note_off 53
time 63
note_on 55
velocity 55
time 25
note_off 55
time 86
note_on 67
velocity 73
time 0
note_on 47
velocity 46
time 10
note_on 53
velocity 40
time 13
note_off 53
time 7
note_on 55
velocity 46
time 23
note_off 55
time 14
note_on 53
velocity 49
time 14
note_off 67
time 6
note_off 53
time 11
note_on 55
velocity 41
time 14
note_off 55
time 32
note_off 47
time 1
note_on 53
velocity 56
time 21
note_off 53
time 115
note_on 48
velocity 40
time 68
note_on 72
velocity 69
time 6
note_on 63
velocity 43
time 0
note_on 51
velocity 23
time 0
note_off 63
time 14
note_off 48
time 11
note_on 74
velocity 80
time 34
note_on 65
velocity 58
time 10
note_off 72
time 13
note_off 65
time 71
note_on 75
velocity 75
time 146
note_on 43
velocity 52
time 8
note_off 74
time 1
note_on 67
velocity 45
time 26
note_off 67
time 12
note_off 75
time 28
note_on 75
velocity 77
time 178
note_on 63
velocity 46
time 31
note_on 48
velocity 42
time 7
note_off 51
time 10
note_off 63
time 13
note_on 74
velocity 76
time 106
note_on 65
velocity 57
time 20
note_on 46
velocity 57
time 2
note_off 48
time 2
note_off 75
time 10
note_off 43
time 8
note_off 74
time 6
note_off 65
time 110
note_on 77
velocity 70
time 189
note_off 46
time 18
note_on 74
velocity 56
time 1
note_on 44
velocity 40
time 8
note_on 56
velocity 31
time 6
note_off 77
time 65
note_off 56
time 2
note_on 75
velocity 54
time 9
note_off 74
time 8
note_on 72
velocity 46
time 29
note_off 72
time 71
note_off 44
time 32
note_off 75
time 12
note_on 67
velocity 65
time 386
note_on 51
velocity 31
time 43
note_on 55
velocity 43
time 0
note_on 39
velocity 36
time 5
note_off 55
time 0
note_off 39
time 27
note_off 67
time 51
note_on 65
velocity 60
time 17
note_on 56
velocity 47
time 5
note_off 56
time 69
note_off 51
time 27
note_off 65
time 45
note_on 75
velocity 66
time 409
note_on 53
velocity 39
time 3
note_on 67
velocity 42
time 7
note_on 41
velocity 36
time 7
note_on 72
velocity 63
time 11
note_off 67
time 10
note_off 41
time 50
note_off 75
time 26
note_off 72
time 73
note_on 74
velocity 76
time 1
note_on 65
velocity 51
time 37
note_off 53
time 20
note_off 74
time 16
note_off 65
time 41
note_on 65
velocity 63
time 462
note_on 62
velocity 44
time 18
note_on 55
velocity 31
time 17
note_on 43
velocity 33
time 11
note_off 65
time 38
note_on 63
velocity 65
time 18
note_off 62
time 17
note_off 55
time 10
note_on 60
velocity 20
time 7
note_off 60
time 1
note_off 63
time 46
note_off 43
time 256
note_on 71
velocity 63
time 151
note_on 53
velocity 36
time 12
note_on 62
velocity 42
time 1
note_on 44
velocity 38
time 4
note_off 62
time 1
note_off 44
time 58
note_off 71
time 25
note_on 72
velocity 51
time 27
note_on 63
velocity 39
time 22
note_on 43
velocity 34
time 3
note_off 43
time 0
note_off 53
time 57
note_on 55
velocity 49
time 182
note_on 41
velocity 48
time 13
note_off 72
time 3
note_off 41
time 4
note_off 63
time 11
note_off 55
time 53
note_on 67
velocity 73
time 185
note_on 40
velocity 42
time 0
note_off 40
time 8
note_off 67
time 87
note_on 67
velocity 72
time 145
note_on 41
velocity 36
time 4
note_on 56
velocity 49
time 8
note_on 53
velocity 25
time 2
note_off 56
time 23
note_on 58
velocity 54
time 8
note_off 53
time 0
note_off 58
time 9
note_on 56
velocity 55
time 0
note_off 56
time 14
note_on 58
velocity 53
time 50
note_off 58
time 54
note_on 56
velocity 56
time 29
note_off 41
time 81
note_on 58
velocity 57
time 7
note_on 51
velocity 35
time 10
note_on 39
velocity 43
time 2
note_off 58
time 7
note_off 56
time 9
note_on 55
velocity 55
time 1
note_off 51
time 7
note_off 67
time 41
note_off 39
time 190
note_off 55
time 51
note_on 65
velocity 61
time 17
note_on 56
velocity 53
time 15
note_on 38
velocity 31
time 6
note_on 50
velocity 33
time 0
note_off 50
time 2
note_on 63
velocity 68
time 1
note_off 65
time 17
note_off 63
time 143
note_off 38
time 61
note_on 62
velocity 72
time 11
note_on 48
velocity 37
time 13
note_on 36
velocity 28
time 0
note_off 48
time 4
note_on 60
velocity 69
time 7
note_off 62
time 10
note_off 36
time 175
note_off 56
time 14
note_on 62
velocity 63
time 19
note_off 60
time 1
note_on 35
velocity 38
time 4
note_on 47
velocity 35
time 6
note_on 55
velocity 41
time 5
note_off 47
time 11
note_on 60
velocity 66
time 8
note_off 62
time 3
note_off 35
time 100
note_on 59
velocity 61
time 56
note_off 60
time 4
note_on 31
velocity 26
time 0
note_on 43
velocity 29
time 8
note_on 57
velocity 59
time 1
note_off 59
time 10
note_off 55
time 17
note_off 31
time 43
note_off 43
time 17
note_on 55
velocity 67
time 20
note_off 57
time 9
note_on 57
velocity 57
time 186
note_on 53
velocity 36
time 0
note_on 41
velocity 29
time 16
note_off 53
time 17
note_on 59
velocity 64
time 15
note_off 57
time 5
note_off 59
time 66
note_off 41
time 27
note_on 60
velocity 55
time 7
note_on 51
velocity 31
time 3
note_on 39
velocity 34
time 9
note_on 62
velocity 63
time 0
note_off 60
time 15
note_on 63
velocity 64
time 34
note_off 51
time 4
note_off 62
time 0
note_on 62
velocity 72
time 67
note_off 63
time 21
note_off 39
time 151
note_off 62
time 29
note_on 65
velocity 61
time 10
note_on 48
velocity 32
time 7
note_on 36
velocity 18
time 13
note_on 63
velocity 59
time 0
note_off 65
time 15
note_off 63
time 11
note_on 62
velocity 56
time 5
note_off 36
time 3
note_off 48
time 13
note_off 62
time 125
note_on 60
velocity 53
time 8
note_off 55
time 14
note_on 55
velocity 33
time 315
note_on 63
velocity 51
time 3
note_on 43
velocity 32
time 15
note_off 60
time 1
note_on 62
velocity 43
time 294
note_off 63
time 27
note_off 43
time 27
note_off 55
time 18
note_on 59
velocity 37
time 137
note_on 47
velocity 34
time 4
note_off 62
time 28
note_off 47
time 128
note_on 55
velocity 63
time 31
note_off 59
time 4
note_on 63
velocity 68
time 595
note_on 48
velocity 35
time 4
note_on 60
velocity 31
time 7
note_off 60
time 79
note_on 66
velocity 72
time 7
note_on 58
velocity 55
time 561
note_on 46
velocity 55
time 18
note_off 48
time 6
note_off 58
time 129
note_on 67
velocity 65
time 16
note_off 63
time 13
note_off 66
time 29
note_off 46
time 2
note_on 62
velocity 57
time 70
note_on 45
velocity 39
time 22
note_on 57
velocity 32
time 1
note_off 67
time 2
note_on 60
velocity 49
time 8
note_off 62
time 12
note_off 57
time 10
note_off 60
time 13
note_on 58
velocity 54
time 12
note_off 45
time 36
note_on 60
velocity 52
time 216
note_off 58
time 2
note_off 55
time 167
note_on 48
velocity 46
time 139
note_on 36
velocity 33
time 18
note_off 60
time 10
note_on 57
velocity 67
time 208
note_off 36
time 35
note_off 48
time 51
note_on 69
velocity 22
time 510
note_on 66
velocity 72
time 10
note_on 50
velocity 39
time 9
note_on 38
velocity 33
time 33
note_off 69
time 3
note_on 67
velocity 75
time 139
note_off 66
time 65
note_off 50
time 152
note_on 51
velocity 39
time 475
note_off 38
time 13
note_on 39
velocity 43
time 1
note_off 51
time 13
note_on 69
velocity 60
time 21
note_off 67
time 47
note_off 39
time 30
note_off 69
time 2
note_on 42
velocity 32
time 380
note_on 62
velocity 43
time 9
note_on 30
velocity 33
time 11
note_on 60
velocity 47
time 13
note_off 62
time 3
note_off 30
time 87
note_off 60
time 4
note_on 58
velocity 50
time 21
note_off 42
time 40
note_off 58
time 14
note_on 60
velocity 49
time 3
note_on 50
velocity 46
time 14
note_off 57
time 7
note_on 38
velocity 35
time 0
note_off 60
time 11
note_off 38
time 76
note_on 72
velocity 67
time 163
note_on 70
velocity 68
time 0
note_off 50
time 11
note_off 72
time 13
note_on 43
velocity 36
time 2
note_on 55
velocity 32
time 1
note_on 69
velocity 69
time 8
note_off 70
time 17
note_on 67
velocity 68
time 82
note_off 69
time 6
note_off 55
time 15
note_off 43
time 130
note_on 53
velocity 39
time 21
note_on 41
velocity 34
time 17
note_off 67
time 15
note_on 69
velocity 56
time 9
note_on 67
velocity 65
time 64
note_off 69
time 4
note_off 67
time 18
note_on 66
velocity 65
time 4
note_on 67
velocity 65
time 14
note_off 66
time 30
note_off 53
time 3
note_on 51
velocity 33
time 27
note_off 41
time 5
note_on 39
velocity 32
time 12
note_on 65
velocity 54
time 122
note_on 63
velocity 54
time 3
note_off 67
time 5
note_off 65
time 14
note_off 51
time 20
note_on 62
velocity 59
time 63
note_off 63
time 52
note_off 39
time 159
note_off 62
time 60
note_on 50
velocity 35
time 10
note_on 60
velocity 54
time 3
note_on 38
velocity 27
time 0
note_on 58
velocity 51
time 8
note_off 60
time 5
note_on 57
velocity 56
time 26
note_off 58
time 29
note_off 50
time 13
note_off 57
time 13
note_on 55
velocity 55
time 6
note_off 38
time 198
note_on 36
velocity 29
time 17
note_on 57
velocity 49
time 3
note_on 48
velocity 24
time 11
note_on 58
velocity 60
time 7
note_off 57
time 20
note_on 60
velocity 54
time 13
note_off 58
time 17
note_off 48
time 6
note_off 36
time 5
note_on 34
velocity 36
time 17
note_on 46
velocity 33
time 4
note_off 60
time 61
note_on 62
velocity 50
time 33
note_off 62
time 133
note_on 60
velocity 56
time 4
note_off 60
time 110
note_on 58
velocity 48
time 18
note_on 60
velocity 43
time 209
note_off 58
time 7
note_off 55
time 37
note_off 46
time 15
note_off 34
time 246
note_on 45
velocity 28
time 6
note_on 33
velocity 33
time 42
note_on 66
velocity 44
time 72
note_on 67
velocity 53
time 19
note_off 33
time 6
note_off 66
time 25
note_off 45
time 50
note_on 69
velocity 61
time 66
note_off 67
time 9
note_on 67
velocity 53
time 265
note_on 36
velocity 36
time 5
note_on 48
velocity 34
time 5
note_off 69
time 28
note_on 66
velocity 53
time 2
note_off 67
time 11
note_off 48
time 16
note_off 60
time 0
note_on 64
velocity 63
time 3
note_off 66
time 33
note_off 64
time 189
note_on 62
velocity 54
time 25
note_on 46
velocity 41
time 272
note_on 67
velocity 55
time 14
note_off 36
time 8
note_on 34
velocity 35
time 7
note_off 62
time 16
note_off 46
time 14
note_off 34
time 170
note_off 67
time 93
note_on 43
velocity 39
time 4
note_on 62
velocity 55
time 4
note_on 31
velocity 30
time 7
note_off 31
time 16
note_off 43
time 9
note_off 62
time 238
note_on 60
velocity 51
time 35
note_on 50
velocity 42
time 18
note_off 60
time 1
note_on 38
velocity 26
time 15
note_on 58
velocity 38
time 0
note_on 60
velocity 45
time 16
note_off 58
time 11
note_off 50
time 13
note_off 60
time 2
note_on 58
velocity 49
time 2
note_off 38
time 2
note_off 58
time 8
note_on 38
velocity 36
time 5
note_on 57
velocity 60
time 6
note_on 26
velocity 31
time 15
note_off 26
time 16
note_off 38
time 5
note_off 57
time 15
note_on 55
velocity 59
time 5
note_off 55
time 53
note_on 55
velocity 54
time 1
note_on 43
velocity 35
time 1
note_on 31
velocity 33
time 15
note_off 43
time 3
note_off 31
time 18
note_on 39
velocity 39
time 71
note_on 27
velocity 32
time 6
note_off 27
time 15
note_off 39
time 17
note_on 58
velocity 70
time 195
note_on 41
velocity 31
time 16
note_on 29
velocity 29
time 16
note_off 55
time 4
note_off 29
time 5
note_off 41
time 9
note_on 43
velocity 53
time 180
note_on 31
velocity 44
time 7
note_off 43
time 2
note_off 31
time 203
note_on 60
velocity 76
time 11
note_on 32
velocity 39
time 21
note_on 44
velocity 39
time 14
note_off 58
time 39
note_off 44
time 17
note_off 32
time 13
note_on 43
velocity 62
time 144
note_on 31
velocity 46
time 19
note_off 43
time 2
note_on 62
velocity 81
time 244
note_off 31
time 17
note_on 32
velocity 50
time 1
note_off 60
time 8
note_on 44
velocity 47
time 3
note_off 32
time 1
note_off 44
time 0
note_on 46
velocity 71
time 79
note_on 34
velocity 61
time 10
note_off 34
time 9
note_off 46
time 14
note_on 63
velocity 78
time 222
note_on 51
velocity 58
time 2
note_off 62
time 12
note_on 48
velocity 40
time 1
note_on 36
velocity 30
time 16
note_off 51
time 0
note_off 48
time 6
note_on 53
velocity 70
time 0
note_off 36
time 131
note_on 55
velocity 78
time 16
note_off 53
time 13
note_on 34
velocity 48
time 3
note_on 46
velocity 48
time 0
note_off 34
time 2
note_off 46
time 3
note_off 55
time 30
note_on 55
velocity 76
time 285
note_on 48
velocity 42
time 16
note_on 36
velocity 40
time 0
note_off 36
time 10
note_off 48
time 4
note_off 55
time 112
note_on 53
velocity 74
time 17
note_on 50
velocity 49
time 3
note_on 38
velocity 41
time 2
note_off 50
time 0
note_off 53
time 60
note_off 38
time 205
note_on 56
velocity 67
time 37
note_on 51
velocity 39
time 25
note_on 39
velocity 34
time 3
note_off 56
time 0
note_on 55
velocity 58
time 7
note_off 51
time 3
note_off 55
time 12
note_off 39
time 2
note_on 58
velocity 54
time 52
note_on 48
velocity 32
time 34
note_on 36
velocity 36
time 1
note_off 58
time 6
note_off 48
time 7
note_on 56
velocity 43
time 11
note_off 36
time 13
note_off 63
time 62
note_on 44
velocity 31
time 437
note_on 67
velocity 48
time 2
note_on 32
velocity 34
time 25
note_off 56
time 9
note_on 63
velocity 50
time 121
note_off 67
time 17
note_on 65
velocity 52
time 7
note_off 63
time 5
note_off 65
time 9
note_off 44
time 42
note_off 32
time 150
note_on 56
velocity 50
time 216
note_on 46
velocity 32
time 26
note_on 34
velocity 32
time 16
note_off 34
time 46
note_off 56
time 3
note_on 55
velocity 55
time 27
note_off 46
time 83
note_off 55
time 302
note_on 62
velocity 54
time 129
note_on 36
velocity 32
time 22
note_on 48
velocity 24
time 3
note_off 48
time 13
note_off 36
time 204
note_off 62
time 60
note_on 46
velocity 33
time 8
note_on 34
velocity 29
time 3
note_on 63
velocity 51
time 0
note_off 63
time 18
note_off 34
time 8
note_off 46
time 29
note_on 63
velocity 71
time 261
note_on 48
velocity 39
time 18
note_on 60
velocity 58
time 1
note_on 51
velocity 56
time 3
note_on 36
velocity 37
time 8
note_off 51
time 0
note_off 36
time 8
note_off 60
time 7
note_off 63
time 0
note_off 48
time 11
note_on 65
velocity 79
time 137
note_on 58
velocity 63
time 15
note_on 53
velocity 63
time 10
note_on 50
velocity 48
time 1
note_on 38
velocity 42
time 11
note_off 53
time 5
note_off 50
time 15
note_off 65
time 7
note_off 58
time 3
note_off 38
time 205
note_on 67
velocity 83
time 62
note_on 58
velocity 66
time 26
note_on 51
velocity 50
time 5
note_on 55
velocity 59
time 3
note_on 39
velocity 49
time 4
note_off 55
time 12
note_off 51
time 5
note_off 39
time 73
note_on 50
velocity 70
time 70
note_on 38
velocity 61
time 10
note_off 50
time 76
note_off 67
time 3
note_off 38
time 218
note_on 67
velocity 75
time 15
note_on 39
velocity 49
time 11
note_on 51
velocity 52
time 0
note_on 65
velocity 74
time 0
note_off 67
time 12
note_off 39
time 12
note_off 51
time 4
note_on 67
velocity 78
time 12
note_off 65
time 21
note_on 65
velocity 73
time 23
note_off 67
time 5
note_on 70
velocity 83
time 0
note_on 53
velocity 75
time 3
note_on 67
velocity 71
time 1
note_on 41
velocity 64
time 2
note_off 65
time 3
note_on 65
velocity 70
time 8
note_off 41
time 21
note_off 67
time 5
note_on 63
velocity 77
time 13
note_off 65
time 28
note_off 53
time 17
note_off 58
time 9
note_off 70
time 18
note_on 65
velocity 75
time 41
note_off 63
time 9
note_on 70
velocity 88
time 168
note_on 63
velocity 72
time 10
note_off 65
time 8
note_on 55
velocity 65
time 2
note_on 51
velocity 60
time 2
note_on 43
velocity 51
time 14
note_off 55
time 7
note_off 43
time 17
note_on 53
velocity 77
time 141
note_on 41
velocity 67
time 15
note_off 41
time 16
note_off 53
time 53
note_on 68
velocity 75
time 13
note_on 55
velocity 52
time 3
note_on 43
velocity 36
time 9
note_off 70
time 16
note_off 63
time 8
note_off 55
time 18
note_off 68
time 12
note_on 67
velocity 81
time 83
note_off 51
time 184
note_off 43
time 23
note_on 65
velocity 76
time 5
note_on 56
velocity 55
time 8
note_on 44
velocity 48
time 2
note_off 67
time 3
note_off 56
time 10
note_off 44
time 14
note_on 63
velocity 80
time 42
note_off 65
time 45
note_on 65
velocity 76
time 220
note_on 50
velocity 55
time 8
note_off 63
time 10
note_on 38
velocity 46
time 3
note_off 50
time 9
note_on 63
velocity 75
time 16
note_off 65
time 27
note_on 62
velocity 72
time 137
note_off 38
time 10
note_on 46
velocity 46
time 3
note_on 34
velocity 46
time 0
note_off 63
time 13
note_on 60
velocity 71
time 16
note_off 62
time 18
note_off 34
time 48
note_off 46
time 98
note_on 58
velocity 72
time 90
note_off 60
time 11
note_on 60
velocity 67
time 255
note_on 56
velocity 36
time 6
note_on 44
velocity 39
time 7
note_off 44
time 8
note_on 62
velocity 76
time 11
note_off 56
time 1
note_off 60
time 3
note_off 62
time 63
note_on 63
velocity 71
time 212
note_on 55
velocity 40
time 13
note_on 43
velocity 43
time 2
note_on 65
velocity 65
time 11
note_off 55
time 4
note_off 43
time 6
note_on 67
velocity 72
time 37
note_off 65
time 8
note_off 63
time 7
note_on 65
velocity 70
time 196
note_off 67
time 22
note_on 51
velocity 47
time 2
note_on 68
velocity 65
time 12
note_on 39
velocity 38
time 14
note_off 65
time 0
note_on 67
velocity 66
time 3
note_off 68
time 11
note_on 65
velocity 70
time 75
note_off 67
time 27
note_off 39
time 17
note_off 65
time 215
note_on 63
velocity 65
time 1
note_on 67
velocity 57
time 8
note_on 46
velocity 45
time 9
note_off 51
time 5
note_off 63
time 0
note_off 58
time 6
note_on 58
velocity 18
time 1
note_on 44
velocity 54
time 0
note_off 46
time 5
note_on 65
velocity 60
time 1
note_off 58
time 15
note_off 67
time 3
note_off 44
time 147
note_off 65
time 16
note_on 55
velocity 42
time 0
note_on 58
velocity 52
time 0
note_on 46
velocity 41
time 13
note_on 43
velocity 39
time 1
note_off 58
time 0
note_off 43
time 295
note_on 63
velocity 78
time 32
note_off 55
time 26
note_off 46
time 58
note_off 63
time 322
note_on 72
velocity 84
time 166
note_on 63
velocity 69
time 15
note_on 56
velocity 50
time 6
note_on 51
velocity 52
time 9
note_on 44
velocity 44
time 9
note_off 44
time 352
note_off 51
time 42
note_on 74
velocity 87
time 11
note_off 72
time 43
note_off 56
time 56
note_on 58
velocity 76
time 470
note_on 46
velocity 60
time 13
note_on 43
velocity 53
time 16
note_off 58
time 127
note_off 43
time 82
note_on 75
velocity 83
time 68
note_off 74
time 19
note_off 63
time 52
note_off 75
time 0
note_off 46
time 181
note_on 68
velocity 60
time 110
note_on 60
velocity 48
time 8
note_off 68
time 38
note_on 70
velocity 78
time 27
note_on 68
velocity 78
time 73
note_off 70
time 9
note_on 53
velocity 81
time 33
note_on 48
velocity 56
time 28
note_on 41
velocity 38
time 11
note_on 67
velocity 80
time 0
note_off 68
time 5
note_on 68
velocity 85
time 30
note_off 67
time 25
note_off 53
time 39
note_off 41
time 2
note_off 48
time 32
note_off 60
time 112
note_on 51
velocity 85
time 353
note_on 55
velocity 61
time 26
note_on 39
velocity 54
time 13
note_on 43
velocity 51
time 2
note_off 55
time 0
note_off 68
time 58
note_on 72
velocity 93
time 268
note_off 43
time 109
note_off 39
time 17
note_off 51
time 26
note_on 74
velocity 88
time 389
note_on 56
velocity 71
time 2
note_on 41
velocity 57
time 17
note_off 72
time 2
note_on 44
velocity 65
time 1
note_off 56
time 27
note_off 44
time 37
note_off 41
time 113
note_on 75
velocity 88
time 116
note_on 55
velocity 87
time 6
note_on 43
velocity 79
time 8
note_off 74
time 34
note_off 55
time 12
note_off 43
time 25
note_on 41
velocity 86
time 10
note_on 34
velocity 80
time 4
note_off 34
time 9
note_off 41
time 6
note_on 53
velocity 69
time 125
note_off 53
time 100
note_on 55
velocity 65
time 25
note_off 55
time 46
note_on 53
velocity 59
time 8
note_off 53
time 84
note_on 55
velocity 67
time 4
note_on 77
velocity 89
time 19
note_off 75
time 15
note_off 55
time 54
note_on 53
velocity 61
time 9
note_off 53
time 81
note_on 51
velocity 79
time 7
note_on 53
velocity 62
time 70
note_off 51
time 8
note_off 53
time 25
note_off 77
time 120
note_on 68
velocity 66
time 19
note_off 68
time 48
note_on 70
velocity 80
time 21
note_on 68
velocity 87
time 65
note_on 51
velocity 75
time 21
note_on 39
velocity 69
time 3
note_on 36
velocity 59
time 5
note_off 70
time 7
note_off 68
time 8
note_on 67
velocity 81
time 8
note_on 68
velocity 88
time 5
note_off 67
time 0
note_off 36
time 7
note_off 51
time 1
note_on 44
velocity 80
time 386
note_off 39
time 1
note_on 32
velocity 78
time 6
note_off 68
time 8
note_on 65
velocity 86
time 209
note_off 44
time 62
note_on 67
velocity 72
time 361
note_on 46
velocity 80
time 10
note_off 65
time 4
note_on 34
velocity 58
time 5
note_off 32
time 16
note_on 65
velocity 80
time 13
note_off 67
time 4
note_on 63
velocity 77
time 242
note_off 65
time 8
note_off 46
time 33
note_on 43
velocity 80
time 281
note_on 31
velocity 60
time 27
note_off 34
time 4
note_off 63
time 17
note_on 65
velocity 69
time 12
note_on 63
velocity 77
time 56
note_off 65
time 13
note_on 62
velocity 78
time 14
note_off 63
time 6
note_on 63
velocity 77
time 125
note_off 62
time 34
note_off 43
time 36
note_on 44
velocity 74
time 266
note_off 31
time 13
note_on 32
velocity 46
time 25
note_on 73
velocity 79
time 14
note_off 44
time 3
note_off 63
time 85
note_off 73
time 3
note_off 32
time 9
note_on 43
velocity 62
time 1
note_on 72
velocity 77
time 6
note_on 31
velocity 46
time 1
note_off 43
time 0
note_off 31
time 11
note_on 70
velocity 82
time 23
note_off 72
time 1
note_on 41
velocity 50
time 7
note_on 68
velocity 76
time 0
note_on 29
velocity 48
time 2
note_off 70
time 2
note_off 41
time 6
note_on 67
velocity 78
time 16
note_off 68
time 1
note_on 65
velocity 77
time 17
note_off 67
time 0
note_on 39
velocity 45
time 1
note_on 27
velocity 44
time 6
note_off 29
time 2
note_on 63
velocity 75
time 33
note_off 65
time 32
note_off 39
time 2
note_off 27
time 144
note_off 63
time 1
note_on 65
velocity 72
time 1
note_on 38
velocity 43
time 6
note_on 26
velocity 38
time 2
note_on 67
velocity 78
time 1
note_off 65
time 34
note_on 68
velocity 75
time 0
note_off 67
time 9
note_off 26
time 37
note_off 38
time 12
note_off 68
time 11
note_on 70
velocity 63
time 79
note_off 70
time 9
note_on 68
velocity 54
time 29
note_off 68
time 32
note_on 41
velocity 46
time 12
note_on 70
velocity 68
time 4
note_on 29
velocity 41
time 8
note_on 68
velocity 79
time 5
note_off 70
time 9
note_on 67
velocity 74
time 7
note_off 68
time 4
note_on 68
velocity 66
time 312
note_off 67
time 9
note_off 29
time 13
note_off 41
time 3
note_on 46
velocity 52
time 265
note_on 34
velocity 35
time 7
note_off 34
time 5
note_off 68
time 0
note_on 62
velocity 63
time 8
note_off 46
time 12
note_on 63
velocity 66
time 248
note_on 48
velocity 46
time 2
note_on 36
velocity 42
time 5
note_off 62
time 2
note_off 48
time 14
note_on 65
velocity 71
time 11
note_off 63
time 10
note_on 63
velocity 69
time 198
note_on 46
velocity 43
time 5
note_on 34
velocity 43
time 5
note_off 36
time 1
note_off 65
time 5
note_off 46
time 4
note_on 62
velocity 72
time 10
note_off 63
time 22
note_off 34
time 7
note_on 44
velocity 48
time 0
note_on 60
velocity 71
time 6
note_on 32
velocity 41
time 2
note_off 62
time 7
note_off 60
time 1
note_on 58
velocity 71
time 7
note_off 44
time 34
note_off 32
time 62
note_on 43
velocity 46
time 151
note_on 70
velocity 74
time 5
note_on 31
velocity 35
time 13
note_off 58
time 10
note_off 31
time 10
note_off 43
time 8
note_on 63
velocity 66
time 192
note_on 36
velocity 43
time 16
note_on 48
velocity 42
time 2
note_off 70
time 8
note_off 48
time 3
note_off 36
time 15
note_on 44
velocity 42
time 255
note_on 67
velocity 65
time 16
note_on 32
velocity 35
time 7
note_off 63
time 1
note_off 32
time 12
note_on 65
velocity 73
time 6
note_off 44
time 26
note_off 67
time 4
note_on 46
velocity 56
time 10
note_on 63
velocity 74
time 7
note_on 34
velocity 50
time 3
note_off 65
time 6
note_off 34
time 3
note_off 46
time 31
note_on 62
velocity 74
time 9
note_off 63
time 15
note_on 63
velocity 80
time 261
note_on 48
velocity 60
time 10
note_on 36
velocity 52
time 7
note_off 62
time 4
note_off 36
time 6
note_on 68
velocity 82
time 4
note_off 48
time 25
note_off 63
time 0
note_on 67
velocity 82
time 167
note_on 50
velocity 78
time 10
note_on 38
velocity 68
time 8
note_off 68
time 13
note_on 65
velocity 84
time 14
note_off 67
time 9
note_off 50
time 13
note_on 67
velocity 87
time 120
note_on 51
velocity 82
time 9
note_on 39
velocity 73
time 1
note_off 38
time 2
note_off 65
time 1
note_off 51
time 9
note_off 39
time 41
note_on 58
velocity 90
time 295
note_on 63
velocity 84
time 4
note_on 43
velocity 78
time 12
note_on 31
velocity 65
time 9
note_off 67
time 11
note_off 58
time 40
note_off 43
time 15
note_off 63
time 54
note_on 60
velocity 88
time 261
note_on 56
velocity 88
time 2
note_off 31
time 6
note_on 44
velocity 81
time 1
note_on 32
velocity 74
time 3
note_off 44
time 7
note_off 32
time 27
note_on 41
velocity 89
time 466
note_on 29
velocity 82
time 9
note_off 29
time 17
note_off 41
time 83
note_on 62
velocity 89
time 129
note_off 60
time 19
note_off 56
time 92
note_off 62
time 82
note_on 62
velocity 89
time 311
note_on 46
velocity 87
time 1
note_on 53
velocity 88
time 0
note_on 34
velocity 82
time 6
note_off 46
time 177
note_off 34
time 107
note_on 34
velocity 89
time 595
note_on 22
velocity 89
time 3
note_on 63
velocity 90
time 18
note_off 62
time 7
note_off 22
time 126
note_off 34
time 116
note_off 53
time 37
note_off 63
time 172
note_on 63
velocity 87
time 505
note_on 51
velocity 87
time 5
note_on 39
velocity 86
time 6
note_on 27
velocity 81
time 2
note_off 27
time 4805
note_off 51
time 417
note_off 39
time 67
note_off 63
time 19
