note_on 57
velocity 88
time 977
note_on 45
velocity 77
time 14
note_on 33
velocity 67
time 3
note_off 57
time 351
note_off 45
time 96
note_on 56
velocity 98
time 600
note_on 44
velocity 88
time 9
note_on 32
velocity 81
time 5
note_off 33
time 50
note_off 44
time 192
note_off 56
time 69
note_on 49
velocity 95
time 1343
note_on 37
velocity 79
time 21
note_on 25
velocity 71
time 6
note_off 32
time 177
note_off 25
time 51
note_off 37
time 22
note_off 49
time 0
note_on 73
velocity 60
time 2568
note_on 68
velocity 43
time 41
note_on 56
velocity 32
time 9
note_on 52
velocity 32
time 6
note_on 64
velocity 32
time 0
note_on 61
velocity 17
time 26
note_off 61
time 117
note_off 56
time 46
note_off 64
time 0
note_off 52
time 14
note_off 68
time 27
note_off 73
time 6
note_on 76
velocity 53
time 540
note_on 71
velocity 42
time 19
note_on 56
velocity 34
time 10
note_on 68
velocity 35
time 12
note_on 64
velocity 25
time 2
note_on 59
velocity 35
time 12
note_off 64
time 106
note_off 68
time 65
note_off 76
time 37
note_off 59
time 11
note_off 71
time 19
note_off 56
time 23
note_on 70
velocity 42
time 538
note_on 75
velocity 45
time 6
note_on 55
velocity 33
time 20
note_on 67
velocity 31
time 14
note_on 58
velocity 33
time 1
note_on 63
velocity 25
time 3
note_off 67
time 104
note_off 70
time 0
note_off 75
time 25
note_off 58
time 20
note_off 63
time 0
note_off 55
time 25
note_on 57
velocity 58
time 629
note_on 45
velocity 39
time 39
note_on 33
velocity 37
time 15
note_off 33
time 46
note_off 57
time 1
note_off 45
time 31
note_on 74
velocity 51
time 462
note_on 69
velocity 46
time 6
note_on 54
velocity 38
time 19
note_on 62
velocity 33
time 3
note_on 66
velocity 36
time 20
note_on 60
velocity 37
time 14
note_off 60
time 54
note_off 66
time 10
note_off 69
time 9
note_off 54
time 4
note_off 62
time 14
note_off 74
time 16
note_on 56
velocity 66
time 611
note_on 32
velocity 39
time 46
note_on 44
velocity 40
time 4
note_off 32
time 18
note_off 56
time 23
note_off 44
time 2
note_on 72
velocity 51
time 476
note_on 66
velocity 39
time 19
note_on 60
velocity 37
time 9
note_on 51
velocity 37
time 2
note_on 63
velocity 42
time 9
note_on 54
velocity 36
time 14
note_off 63
time 76
note_off 54
time 2
note_off 66
time 20
note_off 72
time 14
note_off 51
time 5
note_off 60
time 32
note_on 49
velocity 61
time 650
note_on 25
velocity 43
time 27
note_on 37
velocity 36
time 5
note_off 25
time 8
note_off 37
time 17
note_off 49
time 10
note_on 73
velocity 64
time 491
note_on 68
velocity 46
time 51
note_on 56
velocity 43
time 3
note_on 64
velocity 42
time 10
note_on 52
velocity 35
time 4
note_off 64
time 167
note_off 56
time 34
note_off 52
time 14
note_off 73
time 23
note_off 68
time 50
note_on 76
velocity 56
time 71
note_on 71
velocity 40
time 19
note_on 64
velocity 32
time 11
note_on 56
velocity 33
time 4
note_on 59
velocity 40
time 1
note_on 68
velocity 36
time 15
note_off 64
time 170
note_off 68
time 26
note_off 59
time 20
note_off 76
time 23
note_off 71
time 42
note_off 56
time 3
note_on 75
velocity 51
time 465
note_on 70
velocity 43
time 14
note_on 58
velocity 35
time 18
note_on 55
velocity 39
time 6
note_on 63
velocity 33
time 7
note_on 67
velocity 33
time 11
note_off 70
time 93
note_off 67
time 5
note_off 75
time 14
note_off 63
time 35
note_off 58
time 26
note_off 55
time 31
note_on 57
velocity 66
time 601
note_on 45
velocity 41
time 30
note_on 33
velocity 40
time 6
note_off 33
time 21
note_off 57
time 19
note_off 45
time 16
note_on 74
velocity 47
time 480
note_on 54
velocity 41
time 25
note_on 69
velocity 31
time 3
note_on 60
velocity 45
time 1
note_on 62
velocity 45
time 0
note_on 66
velocity 42
time 14
note_off 66
time 67
note_off 60
time 7
note_off 54
time 44
note_off 62
time 1
note_off 74
time 9
note_off 69
time 3
note_on 56
velocity 48
time 691
note_on 44
velocity 39
time 17
note_on 32
velocity 38
time 10
note_off 32
time 44
note_off 56
time 33
note_off 44
time 8
note_on 72
velocity 47
time 535
note_on 66
velocity 33
time 31
note_on 51
velocity 30
time 2
note_on 63
velocity 34
time 11
note_on 60
velocity 29
time 2
note_on 54
velocity 35
time 4
note_off 54
time 101
note_off 72
time 45
note_off 63
time 6
note_off 66
time 27
note_off 51
time 9
note_off 60
time 5
note_on 49
velocity 50
time 738
note_on 37
velocity 38
time 18
note_on 25
velocity 36
time 12
note_off 25
time 43
note_off 49
time 14
note_off 37
time 4
note_on 73
velocity 58
time 598
note_on 68
velocity 43
time 15
note_on 52
velocity 31
time 22
note_on 56
velocity 35
time 12
note_on 61
velocity 22
time 0
note_on 64
velocity 29
time 0
note_off 61
time 62
note_off 52
time 186
note_off 56
time 14
note_off 64
time 62
note_off 68
time 39
note_off 73
time 61
note_on 80
velocity 60
time 468
note_on 59
velocity 39
time 16
note_on 73
velocity 44
time 11
note_on 68
velocity 33
time 6
note_on 61
velocity 39
time 1
note_on 71
velocity 34
time 11
note_off 71
time 88
note_off 80
time 48
note_off 59
time 29
note_off 68
time 23
note_off 73
time 5
note_off 61
time 22
note_on 78
velocity 49
time 528
note_on 57
velocity 33
time 36
note_on 73
velocity 38
time 2
note_on 66
velocity 31
time 1
note_on 69
velocity 33
time 5
note_on 61
velocity 39
time 7
note_off 69
time 138
note_off 78
time 42
note_off 73
time 9
note_off 61
time 58
note_off 66
time 5
note_off 57
time 19
note_on 60
velocity 71
time 601
note_on 48
velocity 44
time 38
note_on 36
velocity 44
time 8
note_off 36
time 23
note_off 48
time 33
note_off 60
time 14
note_on 76
velocity 59
time 500
note_on 69
velocity 49
time 22
note_on 54
velocity 40
time 3
note_on 57
velocity 47
time 0
note_on 64
velocity 48
time 9
note_on 66
velocity 38
time 4
note_off 66
time 116
note_off 69
time 15
note_off 76
time 21
note_off 64
time 9
note_off 57
time 0
note_off 54
time 15
note_on 59
velocity 82
time 217
note_on 47
velocity 56
time 39
note_on 35
velocity 60
time 4
note_off 35
time 19
note_off 47
time 32
note_off 59
time 6
note_on 75
velocity 67
time 471
note_on 63
velocity 68
time 17
note_on 66
velocity 56
time 2
note_on 69
velocity 59
time 1
note_on 57
velocity 57
time 8
note_on 54
velocity 42
time 7
note_off 66
time 80
note_off 57
time 22
note_off 69
time 23
note_off 75
time 10
note_off 54
time 14
note_off 63
time 23
note_on 52
velocity 87
time 528
note_on 28
velocity 65
time 21
note_on 40
velocity 65
time 3
note_off 28
time 14
note_off 52
time 40
note_off 40
time 2
note_on 76
velocity 81
time 483
note_on 71
velocity 74
time 5
note_on 68
velocity 70
time 3
note_on 56
velocity 60
time 1
note_on 64
velocity 65
time 4
note_on 59
velocity 62
time 7
note_off 64
time 2
note_off 71
time 2
note_off 59
time 2
note_off 56
time 2
note_off 76
time 42
note_off 68
time 9
note_on 83
velocity 81
time 51
note_on 75
velocity 67
time 1
note_on 76
velocity 75
time 4
note_on 64
velocity 64
time 11
note_on 63
velocity 55
time 2
note_on 71
velocity 65
time 0
note_off 83
time 327
note_off 64
time 2
note_off 75
time 4
note_off 63
time 2
note_off 76
time 1
note_off 71
time 15
note_on 81
velocity 72
time 460
note_on 76
velocity 70
time 1
note_on 73
velocity 61
time 6
note_on 61
velocity 59
time 1
note_on 69
velocity 60
time 1
note_on 64
velocity 56
time 7
note_off 73
time 81
note_off 76
time 29
note_off 64
time 2
note_off 81
time 4
note_off 61
time 30
note_off 69
time 3
note_on 64
velocity 90
time 558
note_on 52
velocity 73
time 15
note_on 40
velocity 69
time 1
note_off 40
time 18
note_off 64
time 35
note_off 52
time 6
note_on 80
velocity 83
time 452
note_on 73
velocity 77
time 3
note_on 68
velocity 68
time 13
note_on 70
velocity 65
time 1
note_on 58
velocity 58
time 3
note_on 61
velocity 64
time 0
note_off 70
time 100
note_off 61
time 68
note_off 68
time 0
note_off 80
time 13
note_off 58
time 4
note_off 73
time 0
note_on 63
velocity 89
time 629
note_on 51
velocity 76
time 14
note_on 39
velocity 72
time 4
note_off 39
time 19
note_off 63
time 28
note_off 51
time 16
note_on 79
velocity 80
time 561
note_on 73
velocity 78
time 3
note_on 67
velocity 72
time 6
note_on 70
velocity 71
time 23
note_on 61
velocity 68
time 11
note_on 58
velocity 49
time 6
note_off 70
time 109
note_off 61
time 25
note_off 58
time 31
note_off 67
time 43
note_off 79
time 3
note_off 73
time 34
note_on 56
velocity 88
time 802
note_on 44
velocity 76
time 3
note_on 32
velocity 68
time 5
note_off 32
time 20
note_off 56
time 43
note_off 44
time 3
note_on 80
velocity 83
time 807
note_on 75
velocity 70
time 13
note_on 63
velocity 59
time 5
note_on 71
velocity 57
time 1
note_on 59
velocity 49
time 2
note_on 68
velocity 58
time 5
note_off 71
time 227
note_off 59
time 50
note_off 68
time 18
note_off 75
time 46
note_off 63
time 4
note_off 80
time 55
note_on 81
velocity 84
time 382
note_on 61
velocity 57
time 13
note_on 73
velocity 64
time 2
note_on 76
velocity 76
time 1
note_on 69
velocity 66
time 4
note_on 64
velocity 62
time 2
note_off 73
time 143
note_off 69
time 12
note_off 64
time 39
note_off 76
time 1
note_off 81
time 4
note_off 61
time 15
note_on 78
velocity 84
time 425
note_on 73
velocity 74
time 14
note_on 61
velocity 55
time 7
note_on 66
velocity 64
time 0
note_on 69
velocity 57
time 2
note_on 57
velocity 56
time 4
note_off 66
time 57
note_off 57
time 91
note_off 69
time 2
note_off 73
time 43
note_off 61
time 2
note_off 78
time 3
note_on 80
velocity 88
time 405
note_on 75
velocity 81
time 1
note_on 68
velocity 72
time 13
note_on 59
velocity 61
time 1
note_on 71
velocity 60
time 7
note_on 63
velocity 59
time 3
note_off 71
time 76
note_off 68
time 64
note_off 63
time 7
note_off 59
time 18
note_off 75
time 12
note_off 80
time 9
note_on 76
velocity 81
time 353
note_on 56
velocity 51
time 11
note_on 64
velocity 73
time 4
note_on 71
velocity 72
time 1
note_on 68
velocity 64
time 3
note_on 59
velocity 56
time 5
note_off 64
time 102
note_off 68
time 20
note_off 56
time 15
note_off 71
time 3
note_off 59
time 18
note_off 76
time 30
note_on 78
velocity 81
time 346
note_on 73
velocity 78
time 6
note_on 66
velocity 62
time 19
note_on 57
velocity 62
time 1
note_on 69
velocity 58
time 0
note_on 61
velocity 56
time 2
note_off 69
time 58
note_off 61
time 36
note_off 57
time 9
note_off 66
time 7
note_off 73
time 11
note_off 78
time 17
note_on 75
velocity 84
time 365
note_on 54
velocity 59
time 14
note_on 69
velocity 71
time 4
note_on 66
velocity 61
time 4
note_on 63
velocity 62
time 2
note_on 57
velocity 54
time 10
note_off 54
time 70
note_off 63
time 8
note_off 66
time 5
note_off 57
time 18
note_off 69
time 10
note_off 75
time 83
note_on 76
velocity 82
time 317
note_on 71
velocity 79
time 7
note_on 68
velocity 63
time 7
note_on 64
velocity 68
time 1
note_on 56
velocity 56
time 5
note_on 59
velocity 58
time 0
note_off 59
time 102
note_off 68
time 2
note_off 64
time 2
note_off 56
time 2
note_off 71
time 17
note_off 76
time 46
note_on 76
velocity 80
time 381
note_on 71
velocity 73
time 6
note_on 56
velocity 55
time 4
note_on 64
velocity 70
time 3
note_on 68
velocity 62
time 0
note_on 59
velocity 58
time 9
note_off 64
time 3
note_off 56
time 3
note_off 68
time 8
note_off 59
time 16
note_off 76
time 21
note_off 71
time 12
note_on 78
velocity 78
time 359
note_on 73
velocity 70
time 3
note_on 66
velocity 55
time 23
note_on 57
velocity 55
time 2
note_on 69
velocity 56
time 0
note_on 61
velocity 54
time 2
note_off 69
time 8
note_off 78
time 11
note_off 57
time 2
note_off 61
time 40
note_off 73
time 11
note_off 66
time 35
note_on 75
velocity 66
time 71
note_on 54
velocity 39
time 15
note_on 63
velocity 51
time 3
note_on 69
velocity 52
time 0
note_on 66
velocity 47
time 16
note_on 57
velocity 43
time 1
note_off 54
time 1
note_off 57
time 11
note_off 66
time 9
note_off 63
time 9
note_off 69
time 13
note_off 75
time 19
note_on 76
velocity 67
time 371
note_on 71
velocity 60
time 4
note_on 64
velocity 50
time 15
note_on 68
velocity 53
time 4
note_on 56
velocity 44
time 1
note_on 59
velocity 46
time 16
note_off 68
time 3
note_off 59
time 10
note_off 76
time 10
note_off 64
time 16
note_off 56
time 1
note_off 71
time 21
note_on 73
velocity 66
time 372
note_on 68
velocity 53
time 22
note_on 52
velocity 40
time 1
note_on 61
velocity 45
time 6
note_on 64
velocity 30
time 1
note_on 56
velocity 41
time 1
note_off 52
time 4
note_off 61
time 7
note_off 64
time 10
note_off 56
time 2
note_off 73
time 19
note_off 68
time 13
note_on 75
velocity 49
time 443
note_on 69
velocity 46
time 18
note_on 66
velocity 33
time 2
note_on 63
velocity 43
time 5
note_on 54
velocity 33
time 6
note_on 57
velocity 37
time 6
note_off 66
time 4
note_off 69
time 11
note_off 57
time 15
note_off 63
time 14
note_off 54
time 17
note_off 75
time 25
note_on 72
velocity 51
time 445
note_on 51
velocity 34
time 13
note_on 66
velocity 35
time 20
note_on 63
velocity 30
time 4
note_on 60
velocity 22
time 14
note_on 54
velocity 33
time 1
note_off 60
time 8
note_off 72
time 39
note_off 54
time 2
note_off 63
time 34
note_off 51
time 4
note_off 66
time 42
note_on 68
velocity 45
time 514
note_on 73
velocity 45
time 12
note_on 64
velocity 32
time 31
note_on 52
velocity 35
time 1
note_on 61
velocity 9
time 34
note_on 56
velocity 21
time 3
note_off 68
time 16
note_off 61
time 23
note_off 73
time 63
note_off 64
time 2
note_off 56
time 20
note_off 52
time 2
note_on 73
velocity 46
time 643
note_on 56
velocity 34
time 60
note_on 52
velocity 24
time 5
note_on 64
velocity 29
time 0
note_on 68
velocity 8
time 9
note_off 64
time 13
note_off 68
time 35
note_off 56
time 2
note_off 52
time 6
note_off 73
time 3
note_on 76
velocity 48
time 32
note_on 71
velocity 29
time 11
note_on 68
velocity 27
time 15
note_on 59
velocity 32
time 3
note_on 56
velocity 29
time 2
note_off 68
time 153
note_off 59
time 50
note_off 76
time 12
note_off 71
time 47
note_off 56
time 7
note_on 70
velocity 35
time 311
note_on 75
velocity 35
time 4
note_on 55
velocity 31
time 16
note_on 58
velocity 31
time 0
note_on 67
velocity 32
time 7
note_on 63
velocity 26
time 7
note_off 67
time 120
note_off 75
time 23
note_off 70
time 31
note_off 58
time 10
note_off 63
time 12
note_off 55
time 52
note_on 57
velocity 43
time 641
note_on 33
velocity 42
time 11
note_on 45
velocity 33
time 2
note_off 33
time 27
note_off 57
time 22
note_off 45
time 30
note_on 74
velocity 51
time 503
note_on 54
velocity 38
time 27
note_on 69
velocity 41
time 6
note_on 60
velocity 40
time 6
note_on 66
velocity 36
time 6
note_on 62
velocity 38
time 8
note_off 62
time 102
note_off 66
time 0
note_off 60
time 3
note_off 69
time 0
note_off 74
time 32
note_off 54
time 2
note_on 56
velocity 70
time 222
note_on 44
velocity 46
time 29
note_on 32
velocity 47
time 2
note_off 32
time 34
note_off 56
time 20
note_off 44
time 17
note_on 72
velocity 64
time 472
note_on 51
velocity 48
time 4
note_on 63
velocity 45
time 2
note_on 66
velocity 58
time 1
note_on 54
velocity 45
time 10
note_on 60
velocity 50
time 4
note_off 63
time 35
note_off 60
time 15
note_off 54
time 9
note_off 66
time 2
note_off 51
time 14
note_off 72
time 3
note_on 49
velocity 81
time 588
note_on 25
velocity 50
time 7
note_on 37
velocity 48
time 16
note_off 25
time 16
note_off 49
time 14
note_off 37
time 2
note_on 73
velocity 78
time 514
note_on 68
velocity 62
time 22
note_on 61
velocity 45
time 17
note_on 56
velocity 47
time 8
note_on 64
velocity 55
time 0
note_on 52
velocity 43
time 14
note_off 61
time 13
note_off 52
time 50
note_off 56
time 16
note_off 68
time 3
note_off 64
time 21
note_off 73
time 15
note_on 80
velocity 79
time 370
note_on 59
velocity 50
time 8
note_on 73
velocity 61
time 6
note_on 61
velocity 51
time 18
note_on 71
velocity 44
time 12
note_on 68
velocity 39
time 6
note_off 71
time 61
note_off 59
time 29
note_off 80
time 84
note_off 68
time 2
note_off 61
time 12
note_off 73
time 32
note_on 78
velocity 60
time 45
note_on 73
velocity 56
time 10
note_on 66
velocity 51
time 1
note_on 57
velocity 42
time 15
note_on 69
velocity 36
time 11
note_on 61
velocity 38
time 1
note_off 69
time 112
note_off 73
time 35
note_off 78
time 8
note_off 66
time 59
note_off 61
time 32
note_off 57
time 58
note_on 57
velocity 66
time 214
note_on 33
velocity 45
time 14
note_on 45
velocity 40
time 4
note_off 33
time 21
note_off 57
time 21
note_off 45
time 18
note_on 76
velocity 54
time 582
note_on 54
velocity 41
time 12
note_on 64
velocity 39
time 8
note_on 69
velocity 42
time 2
note_on 66
velocity 38
time 11
note_on 60
velocity 37
time 9
note_off 60
time 78
note_off 66
time 21
note_off 69
time 8
note_off 64
time 13
note_off 54
time 2
note_off 76
time 22
note_on 56
velocity 53
time 791
note_on 44
velocity 35
time 33
note_on 32
velocity 26
time 26
note_off 32
time 64
note_off 56
time 37
note_off 44
time 1
note_on 72
velocity 46
time 644
note_on 66
velocity 37
time 21
note_on 51
velocity 26
time 5
note_on 60
velocity 32
time 5
note_on 54
velocity 32
time 11
note_on 63
velocity 27
time 0
note_off 63
time 159
note_off 72
time 10
note_off 60
time 2
note_off 66
time 26
note_off 54
time 81
note_off 51
time 21
note_on 25
velocity 50
time 845
note_on 49
velocity 53
time 19
note_off 25
time 13
note_off 49
time 19
note_on 73
velocity 69
time 92
note_on 61
velocity 35
time 3
note_on 56
velocity 43
time 1
note_on 68
velocity 48
time 3
note_on 52
velocity 36
time 12
note_on 64
velocity 36
time 1
note_off 64
time 17
note_off 61
time 85
note_off 52
time 17
note_off 68
time 2
note_off 56
time 16
note_off 73
time 14
note_on 74
velocity 75
time 37
note_on 54
velocity 43
time 15
note_on 57
velocity 51
time 7
note_on 66
velocity 48
time 1
note_on 69
velocity 50
time 2
note_on 62
velocity 23
time 23
note_off 66
time 180
note_off 69
time 34
note_off 74
time 42
note_off 57
time 1
note_off 54
time 26
note_off 62
time 7
note_on 71
velocity 71
time 446
note_on 66
velocity 63
time 11
note_on 59
velocity 59
time 8
note_on 50
velocity 45
time 12
note_on 54
velocity 49
time 4
note_on 62
velocity 51
time 0
note_off 59
time 103
note_off 62
time 37
note_off 54
time 33
note_off 71
time 10
note_off 66
time 7
note_off 50
time 7
note_on 73
velocity 71
time 445
note_on 68
velocity 65
time 3
note_on 61
velocity 57
time 17
note_on 52
velocity 46
time 8
note_on 56
velocity 46
time 5
note_on 64
velocity 48
time 0
note_off 64
time 6
note_off 73
time 52
note_off 56
time 4
note_off 52
time 2
note_off 61
time 18
note_off 68
time 1
note_on 69
velocity 76
time 338
note_on 64
velocity 66
time 6
note_on 57
velocity 58
time 13
note_on 52
velocity 45
time 6
note_on 61
velocity 54
time 5
note_on 49
velocity 50
time 5
note_off 49
time 0
note_off 57
time 5
note_off 69
time 29
note_off 52
time 16
note_off 64
time 3
note_off 61
time 7
note_on 71
velocity 70
time 322
note_on 66
velocity 66
time 3
note_on 59
velocity 59
time 6
note_on 50
velocity 44
time 25
note_on 62
velocity 52
time 0
note_on 54
velocity 46
time 16
note_off 62
time 2
note_off 59
time 36
note_off 71
time 1
note_off 50
time 15
note_off 54
time 0
note_off 66
time 26
note_on 68
velocity 60
time 4
note_on 62
velocity 56
time 17
note_on 56
velocity 50
time 7
note_on 47
velocity 43
time 9
note_on 59
velocity 40
time 11
note_on 54
velocity 40
time 1
note_off 59
time 11
note_off 56
time 0
note_off 47
time 1
note_off 62
time 6
note_off 68
time 66
note_off 54
time 38
note_on 66
velocity 49
time 393
note_on 69
velocity 58
time 1
note_on 57
velocity 46
time 20
note_on 49
velocity 35
time 2
note_on 61
velocity 39
time 5
note_on 54
velocity 32
time 9
note_off 69
time 75
note_off 66
time 12
note_off 57
time 26
note_off 49
time 39
note_off 61
time 17
note_off 54
time 6
note_on 69
velocity 59
time 421
note_on 57
velocity 42
time 14
note_on 66
velocity 48
time 4
note_on 49
velocity 33
time 9
note_on 61
velocity 33
time 9
note_on 54
velocity 33
time 20
note_off 49
time 6
note_off 57
time 10
note_off 54
time 48
note_off 69
time 56
note_off 66
time 17
note_off 61
time 7
note_on 73
velocity 59
time 478
note_on 61
velocity 42
time 28
note_on 64
velocity 39
time 6
note_on 66
velocity 40
time 4
note_on 52
velocity 34
time 11
note_on 54
velocity 31
time 22
note_off 73
time 64
note_off 52
time 47
note_off 64
time 33
note_off 61
time 25
note_off 66
time 8
note_off 54
time 106
note_on 71
velocity 45
time 427
note_on 66
velocity 40
time 20
note_on 59
velocity 29
time 11
note_on 62
velocity 33
time 11
note_on 50
velocity 33
time 4
note_on 54
velocity 9
time 7
note_off 62
time 14
note_off 71
time 71
note_off 54
time 9
note_off 66
time 36
note_off 50
time 10
note_off 59
time 50
note_on 55
velocity 51
time 679
note_on 43
velocity 34
time 22
note_on 31
velocity 35
time 4
note_off 31
time 66
note_off 55
time 9
note_off 43
time 27
note_on 69
velocity 50
time 513
note_on 64
velocity 46
time 13
note_on 52
velocity 38
time 1
note_on 57
velocity 25
time 11
note_on 61
velocity 39
time 21
note_off 61
time 117
note_off 69
time 50
note_off 57
time 5
note_off 52
time 8
note_off 64
time 40
note_on 56
velocity 48
time 457
note_on 44
velocity 33
time 10
note_on 32
velocity 40
time 12
note_off 32
time 72
note_off 56
time 27
note_off 44
time 44
note_on 66
velocity 39
time 641
note_on 68
velocity 45
time 6
note_on 56
velocity 40
time 11
note_on 51
velocity 27
time 14
note_on 54
velocity 27
time 14
note_on 60
velocity 32
time 11
note_off 68
time 168
note_off 66
time 7
note_off 51
time 7
note_off 60
time 23
note_off 54
time 44
note_off 56
time 14
note_on 49
velocity 46
time 1007
note_on 25
velocity 32
time 8
note_off 49
time 57
note_off 25
time 17
note_on 61
velocity 55
time 73
note_on 52
velocity 40
time 19
note_on 44
velocity 42
time 3
note_off 44
time 62
note_off 52
time 157
note_on 64
velocity 60
time 245
note_on 56
velocity 55
time 3
note_on 47
velocity 49
time 1
note_off 61
time 105
note_off 56
time 176
note_off 47
time 143
note_on 63
velocity 62
time 393
note_on 46
velocity 49
time 3
note_on 55
velocity 49
time 1
note_off 46
time 22
note_off 64
time 29
note_off 55
time 37
note_off 63
time 14
note_on 57
velocity 68
time 476
note_on 45
velocity 41
time 40
note_on 33
velocity 43
time 4
note_on 62
velocity 58
time 144
note_on 54
velocity 41
time 8
note_on 60
velocity 54
time 9
note_off 45
time 140
note_off 60
time 17
note_off 62
time 13
note_off 57
time 12
note_off 54
time 0
note_off 33
time 42
note_on 56
velocity 48
time 248
note_on 44
velocity 42
time 32
note_on 32
velocity 25
time 35
note_on 60
velocity 45
time 304
note_on 51
velocity 37
time 15
note_on 54
velocity 33
time 3
note_off 44
time 135
note_off 56
time 44
note_off 32
time 38
note_off 51
time 22
note_off 54
time 10
note_on 25
velocity 59
time 716
note_on 49
velocity 39
time 0
note_off 49
time 3
note_off 25
time 25
note_off 60
time 5
note_on 44
velocity 60
time 102
note_on 61
velocity 44
time 13
note_on 52
velocity 34
time 13
note_off 44
time 137
note_off 52
time 50
note_off 61
time 1
note_on 64
velocity 56
time 456
note_on 56
velocity 46
time 13
note_on 47
velocity 47
time 7
note_off 56
time 281
note_off 47
time 2
note_off 64
time 27
note_on 63
velocity 46
time 32
note_on 46
velocity 44
time 6
note_on 55
velocity 38
time 7
note_off 63
time 0
note_off 46
time 15
note_off 55
time 29
note_on 57
velocity 45
time 639
note_on 33
velocity 42
time 27
note_on 45
velocity 39
time 6
note_on 54
velocity 41
time 28
note_on 62
velocity 46
time 0
note_on 60
velocity 47
time 18
note_off 45
time 6
note_off 60
time 137
note_off 62
time 1
note_off 54
time 11
note_off 57
time 45
note_off 33
time 478
note_on 56
velocity 43
time 458
note_on 44
velocity 32
time 45
note_on 32
velocity 30
time 2
note_off 56
time 227
note_on 60
velocity 43
time 596
note_on 51
velocity 31
time 18
note_on 54
velocity 32
time 5
note_off 51
time 36
note_off 54
time 171
note_off 44
time 11
note_off 60
time 10
note_on 64
velocity 52
time 353
note_on 37
velocity 35
time 19
note_on 25
velocity 29
time 18
note_off 32
time 10
note_off 25
time 28
note_on 56
velocity 38
time 115
note_on 61
velocity 53
time 68
note_on 63
velocity 61
time 288
note_off 64
time 31
note_on 46
velocity 37
time 11
note_off 61
time 38
note_off 56
time 13
note_on 55
velocity 43
time 205
note_off 46
time 123
note_on 61
velocity 56
time 70
note_off 63
time 69
note_off 55
time 53
note_on 62
velocity 63
time 84
note_off 61
time 16
note_on 45
velocity 46
time 2
note_on 54
velocity 42
time 2
note_off 62
time 38
note_on 60
velocity 58
time 1
note_on 44
velocity 56
time 52
note_on 61
velocity 70
time 5
note_off 60
time 19
note_off 54
time 11
note_off 45
time 6
note_on 52
velocity 55
time 6
note_off 37
time 63
note_on 56
velocity 56
time 39
note_off 52
time 50
note_off 56
time 75
note_on 64
velocity 77
time 5
note_on 47
velocity 45
time 8
note_on 37
velocity 36
time 3
note_off 61
time 0
note_on 56
velocity 56
time 14
note_off 44
time 9
note_on 61
velocity 68
time 40
note_off 56
time 59
note_on 63
velocity 83
time 60
note_on 46
velocity 55
time 26
note_off 61
time 8
note_off 64
time 2
note_off 47
time 27
note_on 55
velocity 52
time 14
note_on 61
velocity 72
time 19
note_off 55
time 50
note_off 63
time 44
note_on 62
velocity 81
time 9
note_on 45
velocity 54
time 5
note_off 61
time 10
note_on 54
velocity 70
time 7
note_off 46
time 3
note_on 60
velocity 70
time 94
note_off 62
time 4
note_on 44
velocity 68
time 84
note_off 54
time 11
note_on 61
velocity 87
time 13
note_off 45
time 29
note_off 60
time 0
note_off 44
time 27
note_off 37
time 64
note_on 52
velocity 62
time 21
note_on 56
velocity 70
time 97
note_off 52
time 16
note_off 56
time 76
note_on 68
velocity 86
time 51
note_on 40
velocity 70
time 40
note_off 61
time 1
note_on 56
velocity 69
time 54
note_on 61
velocity 81
time 2
note_off 56
time 18
note_off 68
time 16
note_on 66
velocity 93
time 68
note_on 39
velocity 65
time 7
note_off 40
time 14
note_off 61
time 14
note_off 39
time 11
note_on 57
velocity 80
time 65
note_off 66
time 66
note_on 61
velocity 81
time 56
note_off 57
time 102
note_on 69
velocity 88
time 60
note_on 42
velocity 71
time 13
note_off 61
time 3
note_on 54
velocity 72
time 36
note_on 61
velocity 80
time 12
note_off 54
time 2
note_off 69
time 12
note_on 68
velocity 87
time 65
note_on 40
velocity 66
time 10
note_off 42
time 27
note_off 61
time 17
note_on 56
velocity 66
time 91
note_off 68
time 115
note_on 61
velocity 73
time 47
note_off 40
time 55
note_off 56
time 115
note_on 66
velocity 81
time 8
note_on 45
velocity 55
time 11
note_off 61
time 48
note_on 54
velocity 46
time 29
note_on 64
velocity 74
time 23
note_on 61
velocity 52
time 13
note_off 66
time 31
note_on 66
velocity 68
time 192
note_off 54
time 5
note_on 39
velocity 55
time 20
note_off 61
time 45
note_off 64
time 1
note_off 45
time 15
note_on 54
velocity 47
time 19
note_on 61
velocity 54
time 58
note_off 66
time 15
note_on 64
velocity 60
time 240
note_on 44
velocity 47
time 10
note_off 61
time 21
note_off 54
time 23
note_off 39
time 8
note_on 54
velocity 43
time 19
note_on 63
velocity 55
time 48
note_on 60
velocity 44
time 14
note_off 64
time 18
note_off 54
time 252
note_off 60
time 19
note_on 64
velocity 52
time 16
note_on 37
velocity 44
time 9
note_off 63
time 52
note_off 44
time 15
note_on 52
velocity 50
time 3
note_off 64
time 131
note_on 61
velocity 41
time 27
note_off 52
time 276
note_on 64
velocity 55
time 1
note_on 47
velocity 42
time 30
note_off 61
time 23
note_on 56
velocity 39
time 7
note_on 61
velocity 47
time 78
note_off 56
time 107
note_off 61
time 30
note_on 46
velocity 61
time 43
note_on 63
velocity 61
time 0
note_off 47
time 6
note_on 55
velocity 43
time 8
note_off 64
time 3
note_on 61
velocity 52
time 14
note_off 55
time 44
note_on 62
velocity 69
time 119
note_on 45
velocity 69
time 2
note_off 61
time 6
note_off 63
time 8
note_off 46
time 12
note_on 54
velocity 65
time 5
note_off 62
time 60
note_on 60
velocity 66
time 19
note_off 54
time 116
note_on 61
velocity 72
time 8
note_on 44
velocity 77
time 10
note_off 60
time 15
note_off 45
time 4
note_on 52
velocity 58
time 9
note_off 37
time 56
note_on 56
velocity 60
time 38
note_off 52
time 53
note_off 56
time 63
note_on 64
velocity 80
time 1
note_on 47
velocity 68
time 3
note_on 37
velocity 58
time 3
note_off 61
time 5
note_on 56
velocity 56
time 0
note_off 44
time 11
note_on 61
velocity 72
time 15
note_off 56
time 34
note_on 63
velocity 83
time 73
note_on 46
velocity 71
time 1
note_off 61
time 15
note_off 64
time 5
note_off 47
time 10
note_on 55
velocity 72
time 9
note_on 61
velocity 80
time 71
note_off 63
time 25
note_off 55
time 25
note_on 62
velocity 81
time 71
note_on 45
velocity 77
time 0
note_off 61
time 3
note_on 54
velocity 75
time 4
note_off 46
time 2
note_off 62
time 28
note_on 60
velocity 72
time 19
note_on 44
velocity 78
time 100
note_off 54
time 1
note_on 61
velocity 89
time 1
note_off 60
time 15
note_off 45
time 5
note_off 44
time 54
note_off 37
time 21
note_on 52
velocity 73
time 43
note_on 56
velocity 73
time 69
note_off 52
time 10
note_off 56
time 66
note_on 68
velocity 88
time 55
note_on 40
velocity 74
time 2
note_off 61
time 12
note_on 66
velocity 40
time 9
note_off 66
time 21
note_on 56
velocity 71
time 6
note_on 61
velocity 85
time 3
note_off 56
time 10
note_off 68
time 10
note_on 39
velocity 74
time 65
note_on 66
velocity 91
time 3
note_off 61
time 19
note_off 40
time 11
note_off 39
time 54
note_on 57
velocity 81
time 26
note_off 66
time 13
note_on 61
velocity 87
time 87
note_off 57
time 35
note_on 42
velocity 86
time 64
note_on 69
velocity 86
time 7
note_off 61
time 5
note_on 71
velocity 44
time 30
note_off 71
time 1
note_on 54
velocity 86
time 34
note_on 61
velocity 89
time 18
note_off 69
time 4
note_off 54
time 21
note_on 40
velocity 78
time 33
note_off 42
time 4
note_on 68
velocity 90
time 3
note_off 40
time 7
note_off 61
time 15
note_on 56
velocity 82
time 59
note_on 61
velocity 83
time 78
note_off 56
time 9
note_off 68
time 22
note_off 61
time 22
note_on 52
velocity 77
time 114
note_on 73
velocity 91
time 4
note_on 45
velocity 77
time 1
note_on 61
velocity 82
time 100
note_on 69
velocity 71
time 8
note_off 73
time 5
note_off 61
time 5
note_on 54
velocity 89
time 33
note_on 71
velocity 80
time 43
note_off 52
time 2
note_off 69
time 40
note_on 62
velocity 87
time 52
note_off 54
time 27
note_off 71
time 37
note_on 69
velocity 78
time 57
note_off 62
time 23
note_on 68
velocity 35
time 10
note_off 68
time 56
note_on 74
velocity 96
time 35
note_on 53
velocity 89
time 2
note_off 69
time 1
note_on 62
velocity 88
time 38
note_on 68
velocity 89
time 13
note_off 74
time 17
note_off 62
time 40
note_off 53
time 30
note_off 68
time 37
note_on 73
velocity 96
time 17
note_on 52
velocity 84
time 5
note_off 52
time 78
note_off 45
time 7
note_on 61
velocity 87
time 39
note_on 69
velocity 82
time 141
note_off 61
time 16
note_off 73
time 1
note_on 68
velocity 19
time 46
note_off 68
time 1
note_off 69
time 8
note_on 78
velocity 94
time 179
note_on 63
velocity 86
time 11
note_on 60
velocity 80
time 2
note_on 69
velocity 79
time 0
note_on 75
velocity 80
time 128
note_off 69
time 55
note_off 78
time 47
note_off 63
time 7
note_on 76
velocity 86
time 36
note_on 64
velocity 77
time 13
note_on 61
velocity 75
time 1
note_off 60
time 28
note_off 64
time 3
note_off 61
time 10
note_off 75
time 72
note_on 68
velocity 81
time 14
note_on 73
velocity 83
time 119
note_off 76
time 8
note_off 68
time 34
note_off 73
time 20
note_on 75
velocity 90
time 64
note_on 56
velocity 66
time 11
note_on 59
velocity 75
time 0
note_on 73
velocity 43
time 8
note_on 74
velocity 74
time 5
note_on 76
velocity 68
time 1
note_off 73
time 27
note_on 65
velocity 76
time 8
note_off 75
time 3
note_off 76
time 4
note_off 59
time 14
note_off 74
time 16
note_on 71
velocity 62
time 46
note_off 65
time 8
note_on 72
velocity 51
time 5
note_off 72
time 32
note_on 73
velocity 87
time 32
note_on 61
velocity 86
time 3
note_on 57
velocity 79
time 6
note_off 71
time 19
note_off 61
time 8
note_off 57
time 9
note_off 56
time 7
note_on 66
velocity 83
time 64
note_off 73
time 48
note_on 69
velocity 79
time 57
note_off 66
time 20
note_on 68
velocity 31
time 13
note_off 69
time 41
note_off 68
time 8
note_on 74
velocity 93
time 23
note_on 56
velocity 66
time 4
note_on 59
velocity 70
time 0
note_on 65
velocity 71
time 80
note_off 59
time 0
note_off 74
time 46
note_off 65
time 9
note_on 71
velocity 56
time 12
note_off 56
time 37
note_on 57
velocity 77
time 26
note_on 61
velocity 76
time 5
note_on 73
velocity 86
time 6
note_off 61
time 29
note_off 57
time 2
note_off 71
time 23
note_on 66
velocity 81
time 54
note_off 73
time 62
note_on 69
velocity 75
time 37
note_on 68
velocity 36
time 17
note_off 66
time 1
note_off 69
time 17
note_off 68
time 26
note_on 71
velocity 87
time 61
note_on 56
velocity 67
time 0
note_on 53
velocity 62
time 8
note_on 62
velocity 57
time 57
note_off 62
time 22
note_off 56
time 5
note_on 68
velocity 60
time 4
note_off 71
time 64
note_on 54
velocity 71
time 7
note_on 69
velocity 79
time 1
note_on 57
velocity 68
time 5
note_off 53
time 7
note_off 57
time 29
note_off 68
time 0
note_off 54
time 10
note_on 61
velocity 74
time 75
note_off 69
time 78
note_on 66
velocity 74
time 21
note_off 61
time 30
note_off 66
time 51
note_on 69
velocity 79
time 51
note_on 51
velocity 59
time 26
note_on 54
velocity 60
time 8
note_on 60
velocity 60
time 40
note_off 54
time 15
note_on 66
velocity 62
time 7
note_off 60
time 16
note_off 69
time 9
note_on 56
velocity 66
time 42
note_on 52
velocity 65
time 5
note_on 68
velocity 80
time 9
note_off 56
time 16
note_off 52
time 15
note_off 51
time 8
note_on 61
velocity 70
time 47
note_off 66
time 7
note_off 68
time 50
note_on 64
velocity 69
time 28
note_off 61
time 57
note_off 64
time 11
note_on 66
velocity 77
time 89
note_on 48
velocity 61
time 16
note_on 51
velocity 53
time 11
note_on 57
velocity 59
time 41
note_on 63
velocity 63
time 2
note_off 57
time 11
note_off 51
time 8
note_on 52
velocity 64
time 38
note_on 49
velocity 61
time 3
note_on 64
velocity 63
time 0
note_off 63
time 1
note_off 48
time 14
note_off 66
time 26
note_off 52
time 13
note_off 49
time 7
note_on 56
velocity 64
time 38
note_on 61
velocity 68
time 122
note_off 64
time 13
note_off 56
time 21
note_off 61
time 92
note_on 62
velocity 75
time 45
note_on 42
velocity 65
time 28
note_on 57
velocity 61
time 61
note_on 61
velocity 63
time 31
note_off 57
time 1
note_off 62
time 9
note_on 69
velocity 81
time 13
note_on 50
velocity 69
time 15
note_off 61
time 19
note_off 42
time 36
note_off 50
time 13
note_on 57
velocity 80
time 14
note_on 61
velocity 81
time 82
note_off 69
time 32
note_off 57
time 2
note_on 63
velocity 91
time 75
note_on 43
velocity 79
time 5
note_off 61
time 2
note_on 58
velocity 83
time 16
note_on 61
velocity 86
time 68
note_off 58
time 26
note_off 63
time 1
note_on 70
velocity 91
time 18
note_on 51
velocity 84
time 2
note_off 61
time 28
note_off 43
time 11
note_on 66
velocity 39
time 28
note_on 58
velocity 84
time 8
note_off 51
time 35
note_off 66
time 0
note_on 61
velocity 85
time 54
note_off 70
time 20
note_off 58
time 8
note_on 64
velocity 88
time 80
note_on 44
velocity 96
time 2
note_off 61
time 5
note_on 66
velocity 27
time 67
note_on 59
velocity 89
time 12
note_off 64
time 9
note_off 66
time 15
note_on 63
velocity 85
time 14
note_off 59
time 10
note_on 71
velocity 92
time 46
note_on 52
velocity 87
time 11
note_off 63
time 5
note_on 59
velocity 85
time 13
note_on 63
velocity 82
time 87
note_off 71
time 5
note_off 52
time 27
note_off 59
time 3
note_off 63
time 43
note_on 72
velocity 92
time 30
note_on 51
velocity 93
time 10
note_on 60
velocity 90
time 14
note_off 72
time 5
note_on 66
velocity 85
time 26
note_off 60
time 3
note_off 51
time 51
note_on 49
velocity 92
time 28
note_off 66
time 18
note_on 73
velocity 91
time 2
note_off 44
time 7
note_off 49
time 50
note_on 61
velocity 85
time 9
note_on 37
velocity 98
time 0
note_off 73
time 16
note_on 64
velocity 85
time 4
note_off 37
time 9
note_off 61
time 7
note_off 64
time 37
note_on 76
velocity 78
time 228
note_on 59
velocity 93
time 19
note_on 68
velocity 78
time 130
note_off 59
time 68
note_off 76
time 31
note_on 73
velocity 85
time 15
note_off 68
time 23
note_on 75
velocity 92
time 55
note_on 58
velocity 99
time 3
note_off 73
time 18
note_on 67
velocity 81
time 71
note_off 75
time 58
note_off 58
time 35
note_on 73
velocity 86
time 1
note_off 67
time 29
note_on 74
velocity 88
time 73
note_on 57
velocity 93
time 5
note_off 73
time 18
note_on 66
velocity 84
time 63
note_off 74
time 35
note_off 57
time 17
note_on 72
velocity 73
time 70
note_off 66
time 53
note_on 73
velocity 89
time 0
note_on 56
velocity 82
time 2
note_off 72
time 40
note_off 56
time 26
note_on 64
velocity 82
time 8
note_on 37
velocity 91
time 14
note_on 68
velocity 80
time 7
note_off 37
time 5
note_off 64
time 42
note_on 76
velocity 89
time 108
note_off 68
time 1
note_on 59
velocity 95
time 30
note_off 73
time 31
note_on 68
velocity 85
time 60
note_off 59
time 54
note_off 76
time 25
note_on 73
velocity 86
time 19
note_off 68
time 36
note_on 58
velocity 96
time 52
note_on 75
velocity 80
time 0
note_off 73
time 19
note_on 76
velocity 80
time 1
note_on 67
velocity 84
time 67
note_off 76
time 2
note_off 75
time 32
note_on 73
velocity 87
time 70
note_off 58
time 35
note_off 67
time 12
note_on 74
velocity 96
time 65
note_on 75
velocity 49
time 3
note_on 57
velocity 89
time 3
note_off 73
time 14
note_off 75
time 69
note_on 66
velocity 88
time 12
note_off 57
time 4
note_off 74
time 21
note_on 72
velocity 70
time 78
note_off 66
time 54
note_on 73
velocity 87
time 12
note_on 56
velocity 87
time 12
note_off 72
time 15
note_off 56
time 40
note_on 64
velocity 85
time 39
note_on 68
velocity 73
time 77
note_off 64
time 3
note_off 68
time 37
note_off 73
time 63
note_on 80
velocity 91
time 34
note_on 61
velocity 90
time 18
note_on 52
velocity 75
time 10
note_on 68
velocity 85
time 35
note_off 52
time 13
note_on 73
velocity 91
time 14
note_off 80
time 2
note_off 68
time 28
note_on 51
velocity 77
time 53
note_on 78
velocity 92
time 13
note_off 73
time 25
note_on 69
velocity 84
time 61
note_off 51
time 30
note_off 78
time 13
note_on 73
velocity 88
time 69
note_off 69
time 56
note_on 81
velocity 94
time 104
note_on 54
velocity 72
time 20
note_off 73
time 11
note_on 66
velocity 76
time 51
note_on 73
velocity 80
time 1
note_off 66
time 7
note_off 81
time 33
note_on 80
velocity 92
time 60
note_on 52
velocity 72
time 29
note_off 73
time 2
note_off 61
time 2
note_off 54
time 30
note_off 52
time 10
note_on 68
velocity 80
time 28
note_off 80
time 71
note_on 73
velocity 83
time 52
note_off 68
time 115
note_on 78
velocity 95
time 9
note_on 57
velocity 72
time 27
note_off 73
time 13
note_on 66
velocity 73
time 14
note_on 76
velocity 80
time 22
note_on 73
velocity 69
time 15
note_off 66
time 1
note_off 78
time 32
note_off 73
time 60
note_on 78
velocity 87
time 16
note_on 51
velocity 63
time 5
note_off 76
time 37
note_off 57
time 72
note_on 66
velocity 61
time 5
note_off 78
time 91
note_on 73
velocity 72
time 5
note_off 66
time 76
note_on 76
velocity 82
time 56
note_off 73
time 12
note_on 56
velocity 71
time 31
note_off 51
time 3
note_on 66
velocity 63
time 50
note_off 76
time 54
note_on 75
velocity 74
time 7
note_on 72
velocity 62
time 5
note_on 49
velocity 59
time 51
note_off 66
time 5
note_off 56
time 4
note_off 72
time 5
note_off 49
time 6
note_on 76
velocity 77
time 12
note_off 75
time 16
note_on 64
velocity 64
time 102
note_on 37
velocity 64
time 2
note_off 37
time 83
note_off 76
time 30
note_on 73
velocity 72
time 4
note_off 64
time 111
note_on 76
velocity 69
time 110
note_off 73
time 21
note_on 59
velocity 64
time 13
note_off 59
time 105
note_on 68
velocity 52
time 40
note_off 68
time 92
note_on 73
velocity 64
time 16
note_on 75
velocity 77
time 100
note_on 58
velocity 55
time 2
note_off 73
time 1
note_off 76
time 33
note_off 58
time 40
note_on 67
velocity 71
time 23
note_on 73
velocity 77
time 91
note_off 75
time 14
note_off 67
time 9
note_on 74
velocity 81
time 90
note_on 57
velocity 67
time 3
note_off 73
time 16
note_off 57
time 55
note_on 66
velocity 80
time 28
note_off 74
time 32
note_on 72
velocity 64
time 67
note_on 56
velocity 66
time 28
note_off 66
time 43
note_on 73
velocity 86
time 4
note_off 56
time 1
note_off 72
time 14
note_on 64
velocity 73
time 11
note_on 37
velocity 75
time 0
note_on 68
velocity 75
time 6
note_off 37
time 6
note_off 64
time 58
note_off 68
time 72
note_on 76
velocity 81
time 2
note_on 59
velocity 72
time 40
note_off 73
time 9
note_off 59
time 82
note_on 68
velocity 78
time 2
note_on 73
velocity 82
time 81
note_off 76
time 8
note_off 68
time 31
note_on 58
velocity 86
time 43
note_on 75
velocity 92
time 3
note_off 73
time 26
note_on 67
velocity 79
time 52
note_off 58
time 70
note_off 75
time 20
note_on 73
velocity 85
time 13
note_off 67
time 34
note_on 74
velocity 83
time 61
note_on 57
velocity 80
time 21
note_off 73
time 8
note_on 66
velocity 86
time 83
note_off 57
time 4
note_off 74
time 19
note_on 72
velocity 72
time 90
note_off 66
time 51
note_on 56
velocity 80
time 7
note_on 73
velocity 85
time 5
note_off 72
time 14
note_off 56
time 41
note_on 64
velocity 68
time 70
note_off 64
time 45
note_on 68
velocity 70
time 5
note_off 68
time 41
note_off 73
time 64
note_on 80
velocity 89
time 3
note_on 61
velocity 80
time 10
note_on 52
velocity 65
time 5
note_on 68
velocity 82
time 15
note_off 52
time 48
note_off 80
time 14
note_on 73
velocity 81
time 37
note_off 68
time 7
note_on 51
velocity 78
time 64
note_on 78
velocity 92
time 7
note_off 73
time 20
note_on 69
velocity 80
time 77
note_off 51
time 5
note_off 78
time 11
note_on 73
velocity 86
time 72
note_off 69
time 20
note_on 54
velocity 84
time 63
note_on 81
velocity 88
time 0
note_off 73
time 8
note_on 66
velocity 85
time 37
note_off 81
time 0
note_on 73
velocity 86
time 17
note_off 66
time 6
note_on 52
velocity 57
time 59
note_on 80
velocity 89
time 19
note_off 61
time 8
note_off 54
time 4
note_off 73
time 4
note_off 52
time 15
note_on 68
velocity 85
time 35
note_off 80
time 45
note_on 73
velocity 83
time 27
note_off 68
time 1
note_off 73
time 45
note_on 68
velocity 92
time 62
note_on 65
velocity 85
time 1
note_on 83
velocity 93
time 8
note_on 74
velocity 81
time 6
note_off 83
time 26
note_off 68
time 41
note_on 80
velocity 81
time 3
note_off 74
time 27
note_off 65
time 33
note_on 66
velocity 76
time 2
note_on 69
velocity 86
time 10
note_on 81
velocity 80
time 19
note_off 80
time 13
note_off 66
time 16
note_off 69
time 7
note_on 73
velocity 78
time 47
note_off 81
time 8
note_on 78
velocity 77
time 23
note_off 73
time 5
note_off 78
time 25
note_on 86
velocity 93
time 86
note_on 71
velocity 81
time 3
note_on 68
velocity 76
time 3
note_off 71
time 14
note_on 77
velocity 81
time 8
note_off 86
time 28
note_on 83
velocity 68
time 31
note_off 77
time 19
note_off 68
time 4
note_off 83
time 33
note_on 73
velocity 88
time 16
note_on 69
velocity 80
time 1
note_on 85
velocity 81
time 33
note_on 81
velocity 54
time 2
note_off 69
time 2
note_off 73
time 21
note_off 81
time 2
note_off 85
time 50
note_on 78
velocity 85
time 8
note_off 78
time 61
note_on 90
velocity 94
time 57
note_on 75
velocity 96
time 3
note_on 72
velocity 81
time 0
note_on 81
velocity 80
time 7
note_off 75
time 22
note_off 90
time 29
note_off 72
time 18
note_on 87
velocity 75
time 3
note_off 81
time 23
note_on 85
velocity 70
time 31
note_on 73
velocity 86
time 4
note_on 76
velocity 88
time 4
note_on 88
velocity 75
time 46
note_off 76
time 6
note_off 73
time 9
note_on 80
velocity 76
time 26
note_off 87
time 0
note_off 85
time 8
note_off 80
time 19
note_off 88
time 10
note_on 93
velocity 84
time 118
note_on 90
velocity 78
time 3
note_on 84
velocity 85
time 3
note_off 90
time 5
note_off 84
time 3
note_off 93
time 10
note_on 75
velocity 77
time 0
note_on 78
velocity 80
time 3
note_on 93
velocity 80
time 4
note_on 90
velocity 79
time 8
note_off 78
time 6
note_on 84
velocity 82
time 1
note_off 75
time 7
note_off 84
time 31
note_off 93
time 21
note_off 90
time 4
note_on 76
velocity 86
time 28
note_on 80
velocity 92
time 1
note_on 88
velocity 87
time 50
note_on 92
velocity 85
time 0
note_on 85
velocity 77
time 5
note_off 80
time 2
note_off 76
time 3
note_on 90
velocity 31
time 20
note_off 85
time 5
note_off 92
time 5
note_off 88
time 12
note_off 90
time 19
note_on 76
velocity 83
time 23
note_on 80
velocity 87
time 1
note_off 80
time 38
note_off 76
time 17
note_on 90
velocity 90
time 5
note_on 81
velocity 80
time 23
note_on 87
velocity 57
time 9
note_off 81
time 20
note_off 87
time 4
note_off 90
time 13
note_on 75
velocity 83
time 28
note_on 72
velocity 74
time 4
note_on 87
velocity 77
time 8
note_off 72
time 2
note_off 75
time 0
note_on 90
velocity 79
time 0
note_on 81
velocity 80
time 4
note_off 81
time 8
note_off 87
time 4
note_off 90
time 1
note_on 73
velocity 86
time 2
note_on 76
velocity 89
time 5
note_on 88
velocity 85
time 54
note_on 85
velocity 87
time 4
note_off 73
time 1
note_on 80
velocity 84
time 5
note_off 76
time 1
note_off 80
time 29
note_off 85
time 4
note_off 88
time 12
note_on 73
velocity 84
time 26
note_on 76
velocity 82
time 4
note_off 73
time 42
note_off 76
time 0
note_on 86
velocity 67
time 54
note_on 77
velocity 74
time 5
note_on 84
velocity 66
time 6
note_off 77
time 34
note_off 86
time 7
note_off 84
time 2
note_on 71
velocity 82
time 41
note_on 68
velocity 76
time 4
note_off 68
time 14
note_off 71
time 1
note_on 86
velocity 76
time 2
note_on 83
velocity 77
time 4
note_on 77
velocity 77
time 2
note_off 77
time 17
note_off 86
time 1
note_off 83
time 4
note_on 69
velocity 83
time 15
note_on 73
velocity 89
time 3
note_on 81
velocity 72
time 50
note_on 85
velocity 88
time 2
note_off 73
time 3
note_on 78
velocity 81
time 3
note_off 69
time 11
note_off 78
time 23
note_off 81
time 14
note_off 85
time 3
note_on 73
velocity 91
time 23
note_on 69
velocity 80
time 1
note_off 73
time 40
note_off 69
time 9
note_on 82
velocity 54
time 47
note_on 74
velocity 75
time 2
note_on 83
velocity 53
time 10
note_off 82
time 15
note_off 74
time 9
note_off 83
time 7
note_on 65
velocity 70
time 16
note_on 68
velocity 81
time 1
note_off 65
time 9
note_on 83
velocity 80
time 8
note_off 68
time 5
note_on 74
velocity 71
time 1
note_on 80
velocity 66
time 1
note_off 74
time 0
note_off 80
time 4
note_off 83
time 2
note_on 66
velocity 82
time 26
note_on 69
velocity 85
time 7
note_on 81
velocity 80
time 47
note_off 66
time 2
note_on 78
velocity 81
time 1
note_off 69
time 5
note_on 73
velocity 75
time 5
note_off 73
time 35
note_off 81
time 8
note_off 78
time 7
note_on 66
velocity 84
time 20
note_on 69
velocity 80
time 0
note_off 69
time 47
note_off 66
time 9
note_on 81
velocity 79
time 16
note_on 72
velocity 83
time 4
note_on 78
velocity 64
time 8
note_on 80
velocity 47
time 10
note_off 72
time 20
note_off 78
time 3
note_off 80
time 7
note_off 81
time 1
note_on 63
velocity 72
time 9
note_on 66
velocity 84
time 2
note_off 63
time 15
note_on 78
velocity 85
time 2
note_on 81
velocity 61
time 17
note_off 66
time 0
note_on 72
velocity 77
time 4
note_off 81
time 18
note_off 72
time 11
note_off 78
time 12
note_on 64
velocity 81
time 26
note_on 68
velocity 86
time 4
note_on 80
velocity 70
time 50
note_on 76
velocity 81
time 1
note_off 68
time 6
note_on 73
velocity 69
time 8
note_off 64
time 6
note_off 80
time 13
note_off 73
time 6
note_off 76
time 6
note_on 66
velocity 79
time 45
note_on 68
velocity 81
time 1
note_on 64
velocity 79
time 9
note_off 68
time 15
note_off 66
time 7
note_on 78
velocity 93
time 8
note_off 64
time 2
note_on 69
velocity 89
time 11
note_off 78
time 41
note_off 69
time 7
note_on 60
velocity 92
time 31
note_on 64
velocity 79
time 17
note_on 78
velocity 82
time 4
note_on 69
velocity 84
time 13
note_on 75
velocity 81
time 0
note_off 64
time 8
note_on 58
velocity 16
time 4
note_off 60
time 9
note_off 69
time 17
note_off 78
time 4
note_off 75
time 15
note_off 58
time 14
note_on 64
velocity 96
time 16
note_on 61
velocity 93
time 9
note_on 76
velocity 48
time 6
note_on 73
velocity 77
time 16
note_on 68
velocity 85
time 7
note_off 64
time 8
note_off 61
time 20
note_off 68
time 2
note_off 73
time 3
note_off 76
time 12
note_on 74
velocity 75
time 109
note_on 65
velocity 84
time 1
note_on 73
velocity 59
time 10
note_on 56
velocity 75
time 21
note_off 73
time 2
note_on 59
velocity 71
time 2
note_off 74
time 27
note_off 65
time 4
note_off 59
time 37
note_off 56
time 22
note_on 74
velocity 80
time 23
note_on 65
velocity 86
time 5
note_on 71
velocity 85
time 0
note_on 57
velocity 91
time 48
note_off 65
time 2
note_on 61
velocity 92
time 2
note_off 71
time 5
note_off 74
time 6
note_off 57
time 54
note_off 61
time 5
note_on 73
velocity 85
time 37
note_on 66
velocity 87
time 2
note_on 69
velocity 80
time 4
note_on 57
velocity 82
time 27
note_off 73
time 2
note_on 61
velocity 86
time 1
note_off 66
time 2
note_off 69
time 3
note_off 61
time 38
note_off 57
time 7
note_on 62
velocity 85
time 84
note_on 71
velocity 76
time 2
note_on 68
velocity 60
time 9
note_on 53
velocity 82
time 18
note_off 68
time 4
note_off 71
time 1
note_on 56
velocity 90
time 5
note_off 62
time 2
note_off 56
time 18
note_on 68
velocity 75
time 11
note_on 71
velocity 85
time 2
note_off 53
time 3
note_on 62
velocity 88
time 2
note_off 62
time 31
note_off 68
time 0
note_off 71
time 1
note_on 54
velocity 89
time 18
note_on 57
velocity 87
time 2
note_on 69
velocity 83
time 56
note_off 57
time 3
note_on 61
velocity 84
time 5
note_on 66
velocity 83
time 0
note_off 54
time 3
note_off 61
time 34
note_off 69
time 12
note_off 66
time 11
note_on 54
velocity 80
time 20
note_on 57
velocity 66
time 22
note_off 54
time 15
note_off 57
time 11
note_on 60
velocity 90
time 14
note_on 69
velocity 79
time 5
note_on 66
velocity 57
time 8
note_on 68
velocity 51
time 0
note_off 68
time 17
note_off 69
time 1
note_off 66
time 3
note_off 60
time 2
note_on 51
velocity 76
time 17
note_on 54
velocity 85
time 1
note_on 66
velocity 85
time 5
note_on 69
velocity 79
time 5
note_on 60
velocity 86
time 2
note_off 54
time 10
note_off 51
time 5
note_off 69
time 22
note_off 60
time 16
note_off 66
time 3
note_on 52
velocity 93
time 30
note_on 56
velocity 91
time 6
note_on 64
velocity 89
time 40
note_on 68
velocity 78
time 4
note_on 61
velocity 82
time 3
note_off 52
time 3
note_off 56
time 0
note_off 68
time 6
note_on 66
velocity 38
time 2
note_off 61
time 12
note_off 64
time 19
note_off 66
time 4
note_on 56
velocity 86
time 54
note_on 51
velocity 67
time 8
note_on 54
velocity 66
time 17
note_on 52
velocity 72
time 3
note_on 66
velocity 84
time 3
note_on 63
velocity 78
time 11
note_on 57
velocity 91
time 1
note_off 56
time 2
note_off 52
time 4
note_off 54
time 14
note_off 51
time 4
note_off 63
time 1
note_off 57
time 20
note_off 66
time 1
note_on 48
velocity 91
time 40
note_on 52
velocity 56
time 1
note_on 66
velocity 76
time 4
note_on 63
velocity 87
time 1
note_on 57
velocity 83
time 1
note_off 52
time 4
note_off 48
time 5
note_off 66
time 6
note_off 57
time 1
note_off 63
time 8
note_on 52
velocity 85
time 42
note_on 49
velocity 93
time 9
note_on 56
velocity 88
time 5
note_on 61
velocity 69
time 18
note_on 65
velocity 66
time 1
note_on 64
velocity 71
time 1
note_off 56
time 8
note_off 52
time 15
note_off 64
time 12
note_off 65
time 0
note_off 61
time 4
note_off 49
time 30
note_on 69
velocity 90
time 66
note_on 60
velocity 90
time 7
note_on 66
velocity 70
time 6
note_off 66
time 25
note_off 60
time 4
note_off 69
time 12
note_on 51
velocity 89
time 22
note_on 54
velocity 91
time 8
note_on 60
velocity 85
time 35
note_on 66
velocity 82
time 3
note_on 69
velocity 73
time 4
note_off 54
time 16
note_off 51
time 23
note_off 69
time 1
note_off 60
time 12
note_off 66
time 15
note_on 52
velocity 88
time 45
note_on 56
velocity 93
time 3
note_on 51
velocity 60
time 6
note_on 61
velocity 83
time 29
note_on 68
velocity 75
time 0
note_off 51
time 2
note_on 64
velocity 71
time 2
note_on 66
velocity 44
time 20
note_off 56
time 10
note_off 68
time 5
note_off 52
time 2
note_off 61
time 1
note_off 64
time 0
note_off 66
time 17
note_on 56
velocity 88
time 54
note_on 52
velocity 90
time 1
note_on 66
velocity 88
time 38
note_on 63
velocity 86
time 6
note_on 57
velocity 97
time 3
note_off 56
time 1
note_off 52
time 9
note_off 63
time 54
note_off 57
time 3
note_off 66
time 8
note_on 51
velocity 94
time 15
note_on 48
velocity 86
time 1
note_on 66
velocity 87
time 17
note_on 57
velocity 92
time 8
note_on 63
velocity 83
time 6
note_on 46
velocity 39
time 0
note_off 51
time 13
note_off 48
time 14
note_off 57
time 5
note_off 63
time 11
note_off 66
time 1
note_off 46
time 2
note_on 49
velocity 79
time 42
note_on 52
velocity 91
time 4
note_on 61
velocity 85
time 31
note_on 64
velocity 81
time 0
note_on 56
velocity 88
time 6
note_off 52
time 23
note_off 49
time 11
note_off 56
time 11
note_off 61
time 7
note_off 64
time 8
note_on 49
velocity 90
time 44
note_on 52
velocity 88
time 11
note_off 52
time 30
note_on 66
velocity 95
time 4
note_on 57
velocity 97
time 8
note_on 63
velocity 83
time 1
note_off 49
time 1
note_on 61
velocity 39
time 9
note_off 57
time 25
note_off 63
time 1
note_off 61
time 5
note_off 66
time 3
note_on 51
velocity 90
time 0
note_on 48
velocity 80
time 9
note_on 49
velocity 58
time 21
note_on 63
velocity 83
time 21
note_on 66
velocity 87
time 0
note_on 57
velocity 93
time 1
note_off 49
time 11
note_off 51
time 5
note_off 48
time 13
note_off 57
time 17
note_off 63
time 10
note_off 66
time 7
note_on 49
velocity 86
time 40
note_on 52
velocity 90
time 13
note_on 56
velocity 92
time 52
note_off 52
time 1
note_on 61
velocity 89
time 3
note_on 64
velocity 85
time 1
note_off 49
time 6
note_on 63
velocity 55
time 4
note_off 56
time 45
note_off 63
time 9
note_off 61
time 12
note_off 64
time 8
note_on 49
velocity 94
time 11
note_on 52
velocity 92
time 2
note_off 52
time 51
note_off 49
time 23
note_on 66
velocity 93
time 26
note_on 63
velocity 85
time 2
note_on 57
velocity 96
time 4
note_off 57
time 79
note_on 48
velocity 86
time 4
note_on 51
velocity 94
time 3
note_off 63
time 6
note_off 66
time 4
note_off 51
time 82
note_off 48
time 5
note_on 57
velocity 97
time 5
note_on 66
velocity 92
time 1
note_on 63
velocity 87
time 5
note_off 57
time 57
note_off 66
time 21
note_off 63
time 3
note_on 49
velocity 92
time 3
note_on 52
velocity 92
time 6
note_off 49
time 75
note_off 52
time 6
note_on 64
velocity 87
time 1
note_on 56
velocity 93
time 2
note_on 61
velocity 91
time 0
note_off 56
time 4
note_on 49
velocity 98
time 7
note_on 52
velocity 95
time 3
note_off 61
time 1
note_off 64
time 9
note_off 52
time 1
note_on 66
velocity 91
time 39
note_off 49
time 2
note_on 57
velocity 95
time 5
note_on 63
velocity 87
time 0
note_on 61
velocity 47
time 36
note_off 61
time 36
note_off 57
time 19
note_on 48
velocity 89
time 1
note_on 51
velocity 94
time 2
note_off 63
time 13
note_off 66
time 13
note_on 66
velocity 93
time 97
note_on 57
velocity 98
time 3
note_off 51
time 3
note_on 63
velocity 90
time 1
note_off 48
time 8
note_off 57
time 67
note_off 66
time 36
note_on 49
velocity 98
time 11
note_off 63
time 13
note_on 51
velocity 7
time 73
note_on 52
velocity 10
time 15
note_off 49
time 3
note_on 64
velocity 91
time 15
note_on 61
velocity 92
time 1
note_on 56
velocity 97
time 4
note_off 51
time 34
note_off 52
time 8
note_off 56
time 25
note_off 61
time 12
note_on 52
velocity 89
time 40
note_off 64
time 4
note_on 49
velocity 55
time 8
note_on 48
velocity 77
time 2
note_off 52
time 26
note_off 49
time 5
note_off 48
time 3
note_on 50
velocity 16
time 19
note_off 50
time 72
note_on 45
velocity 91
time 104
note_on 33
velocity 95
time 4
note_on 57
velocity 105
time 1
note_on 69
velocity 97
time 0
note_on 64
velocity 52
time 7
note_off 64
time 22
note_off 57
time 5
note_off 33
time 8
note_off 45
time 8
note_off 69
time 10
note_on 61
velocity 92
time 411
note_on 49
velocity 86
time 1
note_on 66
velocity 99
time 2
note_on 78
velocity 96
time 0
note_on 54
velocity 85
time 2
note_on 73
velocity 95
time 4
note_off 61
time 20
note_off 49
time 8
note_off 54
time 5
note_off 66
time 25
note_off 78
time 18
note_off 73
time 2
note_on 68
velocity 92
time 659
note_on 44
velocity 102
time 1
note_on 56
velocity 102
time 0
note_on 32
velocity 99
time 5
note_on 64
velocity 52
time 20
note_on 62
velocity 29
time 5
note_off 68
time 37
note_off 56
time 25
note_off 32
time 31
note_off 44
time 14
note_off 62
time 0
note_off 64
time 17
note_on 80
velocity 97
time 665
note_on 66
velocity 99
time 1
note_on 68
velocity 98
time 0
note_on 75
velocity 86
time 1
note_on 72
velocity 93
time 1
note_on 54
velocity 88
time 1
note_on 63
velocity 97
time 0
note_on 60
velocity 92
time 3
note_off 66
time 37
note_on 70
velocity 66
time 0
note_off 63
time 18
note_off 70
time 1
note_off 54
time 5
note_off 60
time 9
note_off 80
time 184
note_off 68
time 120
note_off 72
time 7
note_off 75
time 14
note_on 56
velocity 43
time 765
note_on 37
velocity 93
time 37
note_on 49
velocity 86
time 0
note_on 52
velocity 73
time 0
note_on 61
velocity 86
time 0
note_on 32
velocity 87
time 7
note_on 28
velocity 80
time 4
note_on 25
velocity 81
time 2
note_off 49
time 16
note_off 52
time 8
note_off 56
time 23
note_off 25
time 12
note_off 28
time 2
note_off 61
time 12
note_off 32
time 2
note_off 37
time 15
note_on 80
velocity 86
time 365
note_on 85
velocity 93
time 0
note_on 61
velocity 85
time 2
note_on 73
velocity 93
time 1
note_on 76
velocity 89
time 0
note_on 64
velocity 88
time 4
note_on 56
velocity 77
time 3
note_on 52
velocity 79
time 5
note_off 52
time 175
note_off 61
time 21
note_off 56
time 7
note_off 64
time 22
note_off 76
time 2
note_off 73
time 11
note_off 80
time 18
note_off 85
time 26
note_on 80
velocity 95
time 378
note_on 88
velocity 95
time 0
note_on 68
velocity 96
time 3
note_on 76
velocity 96
time 0
note_on 59
velocity 76
time 3
note_on 64
velocity 90
time 1
note_on 83
velocity 88
time 2
note_on 56
velocity 83
time 3
note_on 84
velocity 45
time 44
note_off 84
time 38
note_off 88
time 67
note_off 68
time 1
note_off 76
time 9
note_off 56
time 36
note_off 59
time 5
note_off 64
time 4
note_off 83
time 4
note_off 80
time 161
note_on 87
velocity 86
time 367
note_on 63
velocity 80
time 1
note_on 82
velocity 80
time 1
note_on 75
velocity 89
time 2
note_on 67
velocity 87
time 1
note_on 79
velocity 80
time 0
note_on 58
velocity 75
time 3
note_on 55
velocity 73
time 13
note_off 67
time 43
note_off 87
time 36
note_off 63
time 10
note_off 79
time 9
note_off 82
time 5
note_off 58
time 16
note_off 75
time 2
note_off 55
time 63
note_on 57
velocity 87
time 439
note_on 69
velocity 87
time 3
note_on 45
velocity 93
time 6
note_on 33
velocity 90
time 3
note_off 57
time 13
note_off 33
time 21
note_off 45
time 33
note_off 69
time 4
note_on 61
velocity 28
time 231
note_off 61
time 148
note_on 61
velocity 63
time 0
note_on 86
velocity 90
time 9
note_on 66
velocity 91
time 2
note_on 74
velocity 91
time 0
note_on 78
velocity 91
time 0
note_on 54
velocity 78
time 2
note_on 81
velocity 80
time 3
note_on 60
velocity 75
time 27
note_off 66
time 16
note_off 54
time 5
note_off 61
time 5
note_off 60
time 3
note_on 62
velocity 46
time 5
note_off 86
time 16
note_off 81
time 13
note_off 74
time 2
note_off 62
time 10
note_off 78
time 8
note_on 56
velocity 93
time 471
note_on 44
velocity 98
time 3
note_on 68
velocity 90
time 1
note_on 32
velocity 93
time 1
note_on 34
velocity 58
time 6
note_off 34
time 8
note_off 56
time 16
note_off 32
time 7
note_off 44
time 17
note_off 68
time 7
note_on 72
velocity 91
time 366
note_on 75
velocity 88
time 0
note_on 63
velocity 91
time 1
note_on 84
velocity 88
time 0
note_on 78
velocity 89
time 2
note_on 60
velocity 83
time 2
note_on 54
velocity 81
time 5
note_on 51
velocity 80
time 4
note_off 63
time 23
note_off 60
time 2
note_off 51
time 19
note_off 54
time 0
note_off 84
time 10
note_off 72
time 9
note_off 78
time 31
note_off 75
time 2
note_on 49
velocity 87
time 500
note_on 56
velocity 77
time 2
note_on 37
velocity 98
time 3
note_on 52
velocity 81
time 0
note_on 61
velocity 89
time 2
note_on 25
velocity 87
time 5
note_on 32
velocity 89
time 3
note_on 28
velocity 85
time 2
note_on 58
velocity 21
time 29
note_off 49
time 12
note_off 52
time 7
note_off 58
time 2
note_off 25
time 14
note_off 56
time 4
note_off 28
time 3
note_off 32
time 4
note_off 37
time 17
note_off 61
time 3
note_on 61
velocity 56
time 417
note_on 85
velocity 91
time 2
note_on 80
velocity 84
time 1
note_on 76
velocity 87
time 4
note_on 73
velocity 92
time 1
note_on 64
velocity 82
time 2
note_on 56
velocity 67
time 1
note_on 52
velocity 73
time 12
note_off 52
time 162
note_off 61
time 30
note_off 56
time 12
note_off 73
time 16
note_off 76
time 5
note_off 80
time 7
note_off 64
time 2
note_off 85
time 25
note_on 68
velocity 87
time 390
note_on 88
velocity 90
time 2
note_on 80
velocity 91
time 2
note_on 64
velocity 81
time 2
note_on 76
velocity 93
time 2
note_on 83
velocity 83
time 2
note_on 56
velocity 77
time 6
note_on 59
velocity 75
time 2
note_on 61
velocity 32
time 120
note_off 76
time 23
note_off 68
time 9
note_off 88
time 10
note_off 59
time 66
note_off 64
time 3
note_off 83
time 40
note_off 56
time 2
note_off 61
time 63
note_off 80
time 32
note_on 87
velocity 87
time 388
note_on 75
velocity 87
time 1
note_on 82
velocity 79
time 0
note_on 63
velocity 75
time 3
note_on 79
velocity 78
time 1
note_on 67
velocity 74
time 2
note_on 55
velocity 71
time 4
note_on 58
velocity 71
time 2
note_off 67
time 60
note_off 87
time 20
note_off 63
time 10
note_off 82
time 1
note_off 79
time 5
note_off 75
time 20
note_off 58
time 3
note_off 55
time 40
note_on 69
velocity 86
time 468
note_on 57
velocity 87
time 3
note_on 45
velocity 90
time 2
note_on 33
velocity 86
time 5
note_off 57
time 10
note_off 33
time 0
note_off 45
time 30
note_off 69
time 3
note_on 86
velocity 88
time 386
note_on 78
velocity 90
time 1
note_on 66
velocity 88
time 1
note_on 74
velocity 90
time 1
note_on 62
velocity 80
time 3
note_on 81
velocity 81
time 0
note_on 60
velocity 80
time 6
note_on 54
velocity 80
time 2
note_off 66
time 25
note_off 62
time 3
note_off 60
time 12
note_off 74
time 8
note_off 86
time 1
note_off 81
time 7
note_off 54
time 6
note_off 78
time 13
note_on 56
velocity 94
time 451
note_on 32
velocity 96
time 3
note_on 68
velocity 87
time 0
note_on 44
velocity 97
time 1
note_off 56
time 2
note_off 32
time 35
note_off 44
time 15
note_off 68
time 9
note_on 84
velocity 85
time 398
note_on 63
velocity 90
time 1
note_on 72
velocity 86
time 0
note_on 75
velocity 86
time 1
note_on 78
velocity 86
time 1
note_on 51
velocity 81
time 10
note_on 54
velocity 78
time 0
note_on 60
velocity 77
time 3
note_off 63
time 21
note_off 60
time 9
note_off 84
time 13
note_off 72
time 4
note_off 54
time 3
note_off 51
time 17
note_off 75
time 3
note_off 78
time 7
note_on 51
velocity 21
time 280
note_off 51
time 117
note_on 61
velocity 85
time 64
note_on 37
velocity 96
time 0
note_on 49
velocity 92
time 1
note_on 52
velocity 85
time 1
note_on 56
velocity 81
time 0
note_on 32
velocity 90
time 3
note_on 25
velocity 86
time 1
note_on 28
velocity 84
time 3
note_off 49
time 4
note_off 52
time 5
note_off 56
time 11
note_off 25
time 6
note_off 28
time 2
note_off 61
time 12
note_off 32
time 4
note_off 37
time 5
note_on 80
velocity 85
time 438
note_on 61
velocity 86
time 2
note_on 85
velocity 92
time 0
note_on 64
velocity 91
time 5
note_on 73
velocity 90
time 0
note_on 56
velocity 77
time 2
note_on 76
velocity 86
time 0
note_on 52
velocity 81
time 10
note_off 73
time 166
note_off 76
time 16
note_off 52
time 14
note_off 80
time 41
note_off 56
time 7
note_off 61
time 3
note_off 85
time 10
note_off 64
time 7
note_on 85
velocity 92
time 403
note_on 68
velocity 85
time 1
note_on 80
velocity 91
time 0
note_on 92
velocity 95
time 0
note_on 71
velocity 90
time 2
note_on 61
velocity 80
time 3
note_on 59
velocity 81
time 5
note_on 87
velocity 54
time 31
note_off 87
time 34
note_off 71
time 211
note_off 59
time 56
note_off 80
time 6
note_off 92
time 0
note_off 68
time 2
note_off 61
time 37
note_off 85
time 97
note_on 85
velocity 86
time 268
note_on 66
velocity 85
time 1
note_on 78
velocity 91
time 0
note_on 69
velocity 87
time 1
note_on 90
velocity 88
time 1
note_on 57
velocity 76
time 10
note_on 61
velocity 75
time 1
note_off 69
time 70
note_off 90
time 13
note_off 66
time 8
note_off 85
time 3
note_off 78
time 18
note_off 61
time 2
note_off 57
time 29
note_on 60
velocity 81
time 541
note_on 72
velocity 83
time 0
note_on 48
velocity 88
time 8
note_on 36
velocity 81
time 2
note_off 60
time 7
note_off 36
time 5
note_off 48
time 28
note_off 72
time 6
note_on 88
velocity 89
time 353
note_on 66
velocity 90
time 1
note_on 64
velocity 88
time 1
note_on 78
velocity 90
time 1
note_on 76
velocity 91
time 1
note_on 81
velocity 71
time 4
note_on 57
velocity 78
time 1
note_on 54
velocity 80
time 8
note_off 66
time 26
note_off 64
time 8
note_off 88
time 13
note_off 76
time 2
note_off 81
time 12
note_off 57
time 2
note_off 54
time 7
note_off 78
time 6
note_on 47
velocity 98
time 432
note_on 35
velocity 94
time 3
note_on 59
velocity 97
time 1
note_on 71
velocity 92
time 3
note_off 59
time 10
note_off 35
time 3
note_off 47
time 34
note_off 71
time 18
note_on 66
velocity 95
time 370
note_on 63
velocity 87
time 4
note_on 57
velocity 81
time 5
note_on 78
velocity 97
time 0
note_on 75
velocity 98
time 3
note_on 87
velocity 93
time 0
note_on 54
velocity 79
time 1
note_on 81
velocity 84
time 5
note_off 66
time 28
note_off 63
time 11
note_off 57
time 22
note_off 54
time 3
note_off 81
time 10
note_off 87
time 0
note_off 75
time 12
note_off 78
time 10
note_on 56
velocity 91
time 4
note_on 52
velocity 97
time 1
note_on 40
velocity 96
time 3
note_on 64
velocity 90
time 0
note_on 35
velocity 88
time 1
note_on 32
velocity 90
time 1
note_on 28
velocity 89
time 1
note_on 59
velocity 81
time 1
note_off 52
time 4
note_off 56
time 21
note_off 59
time 5
note_off 28
time 1
note_off 35
time 19
note_off 32
time 3
note_off 64
time 13
note_off 40
time 9
note_on 80
velocity 91
time 426
note_on 88
velocity 91
time 0
note_on 76
velocity 95
time 2
note_on 68
velocity 93
time 4
note_on 83
velocity 88
time 0
note_on 64
velocity 85
time 7
note_on 56
velocity 79
time 3
note_on 59
velocity 79
time 1
note_on 82
velocity 23
time 72
note_off 82
time 1
note_off 76
time 92
note_off 59
time 9
note_off 56
time 3
note_off 64
time 6
note_off 80
time 9
note_off 83
time 2
note_off 68
time 17
note_off 88
time 23
note_on 75
velocity 94
time 440
note_on 95
velocity 96
time 2
note_on 71
velocity 80
time 2
note_on 83
velocity 92
time 0
note_on 88
velocity 91
time 0
note_on 63
velocity 78
time 5
note_on 64
velocity 75
time 7
note_off 75
time 158
note_off 71
time 33
note_off 83
time 38
note_off 95
time 1
note_off 63
time 34
note_off 88
time 47
note_off 64
time 52
note_on 93
velocity 85
time 373
note_on 81
velocity 91
time 6
note_on 73
velocity 87
time 2
note_on 88
velocity 88
time 0
note_on 69
velocity 75
time 6
note_on 61
velocity 77
time 11
note_on 64
velocity 72
time 1
note_off 73
time 39
note_off 93
time 5
note_off 69
time 2
note_off 88
time 8
note_off 81
time 13
note_off 64
time 13
note_off 61
time 20
note_on 52
velocity 95
time 9
note_on 64
velocity 92
time 0
note_on 40
velocity 91
time 1
note_on 76
velocity 90
time 0
note_off 64
time 5
note_off 40
time 9
note_off 76
time 21
note_off 52
time 6
note_on 92
velocity 93
time 418
note_on 82
velocity 92
time 1
note_on 68
velocity 89
time 1
note_on 80
velocity 96
time 0
note_on 70
velocity 91
time 1
note_on 85
velocity 91
time 0
note_on 58
velocity 80
time 5
note_on 61
velocity 82
time 4
note_off 70
time 27
note_off 68
time 11
note_off 58
time 17
note_off 61
time 8
note_off 92
time 6
note_off 80
time 9
note_off 85
time 12
note_off 82
time 10
note_on 51
velocity 98
time 603
note_on 63
velocity 96
time 0
note_on 39
velocity 97
time 1
note_on 75
velocity 92
time 0
note_off 63
time 39
note_off 39
time 29
note_off 51
time 22
note_off 75
time 26
note_on 82
velocity 93
time 528
note_on 79
velocity 93
time 2
note_on 85
velocity 91
time 2
note_on 91
velocity 93
time 0
note_on 67
velocity 94
time 4
note_on 70
velocity 98
time 0
note_on 58
velocity 84
time 3
note_on 61
velocity 85
time 4
note_on 87
velocity 43
time 40
note_off 70
time 7
note_off 58
time 22
note_off 67
time 4
note_off 87
time 2
note_off 61
time 15
note_off 91
time 14
note_off 79
time 14
note_off 85
time 96
note_off 82
time 3
note_on 44
velocity 97
time 715
note_on 63
velocity 83
time 5
note_on 56
velocity 91
time 1
note_on 68
velocity 91
time 0
note_on 59
velocity 87
time 5
note_on 39
velocity 87
time 1
note_on 32
velocity 84
time 2
note_on 35
velocity 79
time 1
note_on 37
velocity 8
time 4
note_off 37
time 12
note_off 56
time 0
note_off 59
time 31
note_off 32
time 4
note_off 44
time 25
note_off 35
time 3
note_off 39
time 38
note_off 63
time 6
note_off 68
time 10
note_on 92
velocity 95
time 680
note_on 80
velocity 93
time 3
note_on 87
velocity 86
time 1
note_on 83
velocity 87
time 1
note_on 68
velocity 89
time 3
note_on 71
velocity 90
time 3
note_on 63
velocity 80
time 5
note_on 59
velocity 80
time 3
note_off 71
time 59
note_off 59
time 4
note_off 68
time 38
note_off 63
time 7
note_off 80
time 55
note_off 83
time 141
note_off 87
time 183
note_off 92
time 8
note_on 85
velocity 90
time 366
note_on 93
velocity 91
time 0
note_on 81
velocity 91
time 1
note_on 88
velocity 83
time 7
note_on 73
velocity 90
time 1
note_on 69
velocity 81
time 2
note_on 61
velocity 81
time 6
note_on 64
velocity 77
time 1
note_off 73
time 87
note_off 93
time 38
note_off 69
time 6
note_off 81
time 7
note_off 88
time 23
note_off 64
time 15
note_off 61
time 6
note_off 85
time 23
note_on 82
velocity 43
time 156
note_off 82
time 47
note_on 90
velocity 88
time 206
note_on 81
velocity 84
time 2
note_on 85
velocity 84
time 1
note_on 78
velocity 88
time 3
note_on 66
velocity 80
time 4
note_on 69
velocity 86
time 0
note_on 57
velocity 78
time 1
note_on 61
velocity 79
time 4
note_on 77
velocity 63
time 29
note_on 80
velocity 20
time 6
note_off 77
time 15
note_off 80
time 31
note_off 78
time 4
note_off 57
time 27
note_off 81
time 2
note_off 69
time 9
note_off 90
time 7
note_off 66
time 6
note_off 85
time 3
note_off 61
time 8
note_on 92
velocity 90
time 404
note_on 80
velocity 95
time 7
note_on 83
velocity 88
time 0
note_on 68
velocity 81
time 1
note_on 71
velocity 84
time 1
note_on 87
velocity 87
time 2
note_on 63
velocity 78
time 1
note_on 59
velocity 76
time 1
note_off 71
time 48
note_off 68
time 14
note_off 59
time 21
note_off 80
time 1
note_off 63
time 5
note_off 92
time 2
note_off 83
time 29
note_off 87
time 2
note_on 88
velocity 89
time 382
note_on 80
velocity 87
time 1
note_on 76
velocity 91
time 5
note_on 83
velocity 85
time 1
note_on 59
velocity 68
time 1
note_on 68
velocity 83
time 1
note_on 64
velocity 80
time 1
note_on 56
velocity 73
time 2
note_off 76
time 89
note_off 59
time 4
note_off 68
time 5
note_off 64
time 8
note_off 88
time 3
note_off 56
time 8
note_off 80
time 9
note_off 83
time 0
note_on 66
velocity 83
time 347
note_on 69
velocity 85
time 2
note_on 90
velocity 91
time 2
note_on 78
velocity 96
time 2
note_on 61
velocity 78
time 1
note_on 85
velocity 87
time 1
note_on 81
velocity 86
time 1
note_on 57
velocity 75
time 3
note_off 69
time 46
note_off 66
time 16
note_off 57
time 2
note_off 61
time 16
note_off 90
time 2
note_off 78
time 4
note_off 85
time 21
note_off 81
time 3
note_on 57
velocity 61
time 331
note_on 78
velocity 89
time 1
note_on 87
velocity 90
time 0
note_on 63
velocity 87
time 2
note_on 66
velocity 90
time 0
note_on 75
velocity 93
time 1
note_on 81
velocity 82
time 0
note_on 54
velocity 75
time 9
note_off 66
time 61
note_off 63
time 3
note_off 75
time 1
note_off 54
time 10
note_off 57
time 6
note_off 78
time 14
note_off 81
time 11
note_off 87
time 41
note_on 88
velocity 90
time 296
note_on 68
velocity 89
time 1
note_on 80
velocity 94
time 2
note_on 56
velocity 77
time 1
note_on 64
velocity 85
time 2
note_on 76
velocity 92
time 0
note_on 83
velocity 85
time 1
note_on 59
velocity 76
time 1
note_off 68
time 54
note_off 76
time 11
note_off 56
time 2
note_off 59
time 22
note_off 88
time 2
note_off 64
time 4
note_off 83
time 25
note_off 80
time 3
note_on 88
velocity 89
time 10
note_on 56
velocity 69
time 1
note_on 80
velocity 92
time 2
note_on 76
velocity 95
time 4
note_on 68
velocity 87
time 1
note_on 83
velocity 83
time 0
note_on 64
velocity 80
time 1
note_on 59
velocity 70
time 7
note_off 76
time 6
note_off 68
time 1
note_off 88
time 6
note_off 59
time 1
note_off 56
time 14
note_off 64
time 3
note_off 83
time 11
note_off 80
time 20
note_on 66
velocity 84
time 13
note_on 90
velocity 92
time 1
note_on 69
velocity 89
time 2
note_on 78
velocity 93
time 1
note_on 85
velocity 84
time 1
note_on 61
velocity 82
time 5
note_on 81
velocity 87
time 0
note_on 57
velocity 75
time 6
note_off 69
time 3
note_off 66
time 12
note_off 57
time 4
note_off 90
time 1
note_off 78
time 5
note_off 61
time 4
note_off 81
time 11
note_off 85
time 7
note_on 78
velocity 89
time 306
note_on 75
velocity 91
time 1
note_on 87
velocity 88
time 2
note_on 81
velocity 80
time 3
note_on 54
velocity 74
time 2
note_on 66
velocity 88
time 3
note_on 57
velocity 65
time 2
note_on 63
velocity 82
time 0
note_off 63
time 62
note_off 57
time 6
note_off 66
time 0
note_off 75
time 1
note_off 54
time 3
note_off 78
time 20
note_off 81
time 1
note_off 87
time 69
note_on 88
velocity 88
time 14
note_on 80
velocity 88
time 1
note_on 56
velocity 75
time 0
note_on 64
velocity 87
time 0
note_on 68
velocity 91
time 0
note_on 76
velocity 91
time 0
note_on 83
velocity 82
time 1
note_on 59
velocity 80
time 3
note_off 68
time 2
note_off 64
time 9
note_off 88
time 18
note_off 59
time 2
note_off 83
time 6
note_off 76
time 5
note_off 56
time 12
note_off 80
time 14
note_on 61
velocity 80
time 328
note_on 76
velocity 84
time 1
note_on 73
velocity 89
time 3
note_on 85
velocity 87
time 0
note_on 64
velocity 88
time 1
note_on 80
velocity 82
time 0
note_on 56
velocity 78
time 4
note_on 52
velocity 77
time 1
note_off 52
time 91
note_off 73
time 15
note_off 64
time 11
note_off 76
time 3
note_off 56
time 8
note_off 61
time 0
note_off 80
time 17
note_off 85
time 12
note_on 63
velocity 88
time 383
note_on 66
velocity 90
time 0
note_on 78
velocity 88
time 1
note_on 75
velocity 92
time 3
note_on 87
velocity 90
time 0
note_on 81
velocity 83
time 1
note_on 57
velocity 80
time 3
note_on 54
velocity 79
time 5
note_off 66
time 10
note_off 63
time 18
note_off 81
time 1
note_off 87
time 2
note_off 57
time 15
note_off 78
time 3
note_off 75
time 19
note_off 54
time 7
note_on 63
velocity 91
time 390
note_on 60
velocity 83
time 5
note_on 84
velocity 80
time 0
note_on 72
velocity 82
time 1
note_on 75
velocity 81
time 1
note_on 51
velocity 80
time 2
note_on 78
velocity 83
time 1
note_on 54
velocity 79
time 1
note_off 84
time 29
note_off 63
time 2
note_off 60
time 4
note_off 72
time 15
note_off 51
time 13
note_off 54
time 0
note_off 78
time 3
note_off 75
time 5
note_on 49
velocity 87
time 13
note_on 61
velocity 80
time 3
note_on 25
velocity 98
time 1
note_on 37
velocity 102
time 1
note_off 49
time 6
note_off 37
time 3
note_off 25
time 7
note_off 61
time 16
note_on 85
velocity 97
time 304
note_on 64
velocity 93
time 3
note_on 73
velocity 98
time 1
note_on 61
velocity 87
time 3
note_on 76
velocity 92
time 0
note_on 56
velocity 84
time 1
note_on 80
velocity 89
time 1
note_on 52
velocity 80
time 5
note_off 64
time 32
note_off 52
time 2
note_off 56
time 13
note_off 61
time 3
note_off 73
time 77
note_off 85
time 106
note_off 76
time 254
note_off 80
time 79
note_on 73
velocity 99
time 456
note_on 85
velocity 96
time 0
note_on 80
velocity 85
time 2
note_on 76
velocity 91
time 4
note_on 61
velocity 80
time 18
note_on 64
velocity 84
time 3
note_on 56
velocity 71
time 6
note_on 52
velocity 70
time 8
note_off 73
time 41
note_off 85
time 23
note_off 76
time 9
note_off 80
time 18
note_off 52
time 114
note_off 56
time 39
note_off 61
time 10
note_off 64
time 35
note_on 80
velocity 90
time 568
note_on 88
velocity 92
time 0
note_on 76
velocity 95
time 2
note_on 83
velocity 84
time 2
note_on 56
velocity 76
time 13
note_on 68
velocity 83
time 1
note_on 64
velocity 77
time 1
note_on 59
velocity 68
time 14
note_off 68
time 118
note_off 88
time 14
note_off 76
time 8
note_off 59
time 36
note_off 64
time 11
note_off 56
time 2
note_off 83
time 40
note_off 80
time 118
note_on 75
velocity 94
time 396
note_on 82
velocity 85
time 0
note_on 87
velocity 89
time 1
note_on 79
velocity 84
time 1
note_on 67
velocity 85
time 2
note_on 63
velocity 80
time 2
note_on 55
velocity 75
time 2
note_on 58
velocity 75
time 8
note_off 67
time 51
note_off 63
time 32
note_off 87
time 8
note_off 58
time 4
note_off 79
time 20
note_off 82
time 4
note_off 75
time 17
note_off 55
time 55
note_on 57
velocity 92
time 522
note_on 69
velocity 87
time 1
note_on 45
velocity 92
time 2
note_on 33
velocity 87
time 3
note_off 57
time 0
note_off 33
time 18
note_off 45
time 25
note_off 69
time 28
note_on 58
velocity 19
time 367
note_off 58
time 63
note_on 66
velocity 90
time 73
note_on 60
velocity 75
time 1
note_on 74
velocity 95
time 2
note_on 78
velocity 92
time 0
note_on 86
velocity 91
time 1
note_on 54
velocity 78
time 1
note_on 62
velocity 81
time 2
note_on 81
velocity 76
time 5
note_off 66
time 31
note_off 54
time 14
note_off 62
time 2
note_off 60
time 5
note_off 74
time 22
note_off 86
time 5
note_off 81
time 1
note_off 78
time 22
note_on 32
velocity 95
time 503
note_on 44
velocity 99
time 2
note_on 68
velocity 89
time 0
note_on 56
velocity 99
time 0
note_off 56
time 14
note_off 32
time 28
note_off 44
time 7
note_off 68
time 27
note_on 63
velocity 91
time 396
note_on 75
velocity 98
time 5
note_on 84
velocity 92
time 0
note_on 60
velocity 82
time 1
note_on 72
velocity 97
time 0
note_on 51
velocity 80
time 6
note_on 78
velocity 75
time 6
note_on 54
velocity 77
time 1
note_on 77
velocity 82
time 23
note_on 80
velocity 63
time 9
note_off 63
time 2
note_off 60
time 9
note_off 72
time 8
note_off 80
time 6
note_off 84
time 6
note_off 77
time 3
note_off 51
time 7
note_off 54
time 1
note_off 78
time 3
note_off 75
time 8
note_on 37
velocity 92
time 494
note_on 25
velocity 76
time 1
note_on 61
velocity 94
time 3
note_on 32
velocity 82
time 1
note_on 49
velocity 91
time 0
note_on 56
velocity 82
time 3
note_on 52
velocity 83
time 4
note_on 28
velocity 75
time 3
note_off 49
time 2
note_off 52
time 10
note_off 25
time 5
note_off 28
time 19
note_off 37
time 6
note_off 56
time 3
note_on 51
velocity 37
time 3
note_off 32
time 5
note_off 51
time 1
note_off 61
time 0
note_on 80
velocity 86
time 473
note_on 85
velocity 91
time 0
note_on 61
velocity 82
time 5
note_on 73
velocity 94
time 0
note_on 64
velocity 87
time 1
note_on 76
velocity 87
time 2
note_on 56
velocity 78
time 5
note_on 52
velocity 76
time 8
note_off 73
time 209
note_off 52
time 4
note_off 76
time 15
note_off 56
time 41
note_off 61
time 1
note_off 64
time 15
note_off 80
time 12
note_off 85
time 27
note_on 85
velocity 96
time 381
note_on 68
velocity 83
time 1
note_on 92
velocity 95
time 1
note_on 71
velocity 87
time 3
note_on 80
velocity 93
time 1
note_on 59
velocity 80
time 5
note_on 61
velocity 80
time 3
note_on 87
velocity 55
time 30
note_off 87
time 84
note_off 71
time 68
note_off 80
time 58
note_off 92
time 0
note_off 59
time 52
note_off 68
time 7
note_off 61
time 69
note_off 85
time 120
note_on 66
velocity 82
time 222
note_on 69
velocity 88
time 0
note_on 78
velocity 92
time 0
note_on 90
velocity 84
time 0
note_on 85
velocity 90
time 1
note_on 57
velocity 79
time 2
note_on 61
velocity 80
time 5
note_off 69
time 25
note_off 66
time 25
note_off 85
time 3
note_off 90
time 0
note_off 78
time 1
note_off 61
time 7
note_off 57
time 10
note_on 45
velocity 96
time 12
note_on 33
velocity 91
time 2
note_on 69
velocity 91
time 4
note_on 57
velocity 92
time 0
note_on 66
velocity 56
time 19
note_off 66
time 31
note_off 57
time 13
note_off 33
time 7
note_off 45
time 27
note_off 69
time 7
note_on 78
velocity 90
time 484
note_on 88
velocity 94
time 0
note_on 66
velocity 93
time 3
note_on 76
velocity 89
time 2
note_on 81
velocity 77
time 0
note_on 64
velocity 89
time 1
note_on 54
velocity 80
time 6
note_on 60
velocity 77
time 6
note_off 66
time 32
note_off 64
time 7
note_off 76
time 3
note_off 54
time 2
note_off 88
time 16
note_off 60
time 1
note_off 81
time 21
note_off 78
time 9
note_on 56
velocity 91
time 672
note_on 44
velocity 93
time 1
note_on 68
velocity 90
time 1
note_on 32
velocity 89
time 5
note_off 56
time 15
note_off 32
time 47
note_off 44
time 25
note_off 68
time 5
note_on 61
velocity 38
time 219
note_off 61
time 164
note_on 63
velocity 97
time 109
note_on 60
velocity 89
time 1
note_on 72
velocity 94
time 3
note_on 75
velocity 94
time 0
note_on 51
velocity 85
time 1
note_on 84
velocity 89
time 0
note_on 54
velocity 84
time 5
note_on 78
velocity 90
time 1
note_off 63
time 38
note_off 72
time 32
note_off 84
time 3
note_off 60
time 1
note_off 51
time 11
note_off 54
time 9
note_off 75
time 28
note_off 78
time 5
note_on 61
velocity 84
time 0
note_on 49
velocity 89
time 3
note_on 25
velocity 98
time 2
note_on 37
velocity 97
time 3
note_off 49
time 25
note_on 56
velocity 34
time 4
note_off 25
time 9
note_off 37
time 4
note_off 56
time 3
note_off 61
time 2
note_on 61
velocity 80
time 423
note_on 64
velocity 97
time 7
note_on 85
velocity 86
time 3
note_on 80
velocity 89
time 1
note_on 76
velocity 93
time 2
note_on 52
velocity 82
time 1
note_on 73
velocity 99
time 0
note_on 56
velocity 82
time 1
note_off 73
time 111
note_off 85
time 20
note_off 76
time 20
note_off 80
time 16
note_off 56
time 495
note_off 61
time 27
note_off 64
time 39
note_off 52
time 48
note_on 73
velocity 89
time 972
note_on 68
velocity 78
time 11
note_on 64
velocity 67
time 3
note_on 61
velocity 63
time 9
note_on 56
velocity 56
time 2
note_on 52
velocity 54
time 13
note_off 64
time 226
note_off 68
time 45
note_off 52
time 10
note_off 56
time 12
note_off 61
time 55
note_off 73
time 136
note_on 74
velocity 89
time 429
note_on 66
velocity 73
time 11
note_on 62
velocity 74
time 4
note_on 69
velocity 75
time 12
note_on 57
velocity 58
time 7
note_on 54
velocity 55
time 1
note_off 66
time 156
note_off 57
time 64
note_off 69
time 3
note_off 54
time 11
note_off 74
time 15
note_off 62
time 3
note_on 66
velocity 81
time 379
note_on 71
velocity 82
time 0
note_on 59
velocity 72
time 6
note_on 62
velocity 75
time 6
note_on 50
velocity 65
time 9
note_on 54
velocity 65
time 4
note_on 57
velocity 49
time 7
note_off 57
time 1
note_off 59
time 102
note_off 62
time 32
note_off 54
time 51
note_off 71
time 0
note_off 50
time 48
note_off 66
time 1
note_on 73
velocity 83
time 332
note_on 68
velocity 76
time 1
note_on 61
velocity 72
time 8
note_on 64
velocity 71
time 14
note_on 52
velocity 62
time 0
note_on 56
velocity 53
time 3
note_off 64
time 6
note_off 73
time 39
note_off 52
time 5
note_off 56
time 22
note_off 61
time 6
note_off 68
time 9
note_on 69
velocity 78
time 307
note_on 64
velocity 73
time 9
note_on 49
velocity 58
time 12
note_on 61
velocity 60
time 3
note_on 57
velocity 70
time 1
note_on 52
velocity 53
time 12
note_off 49
time 6
note_off 57
time 16
note_off 52
time 15
note_off 69
time 14
note_off 64
time 52
note_off 61
time 36
note_on 71
velocity 74
time 255
note_on 66
velocity 63
time 5
note_on 59
velocity 53
time 17
note_on 62
velocity 58
time 6
note_on 50
velocity 49
time 1
note_on 54
velocity 53
time 2
note_off 62
time 12
note_off 71
time 29
note_off 59
time 33
note_off 54
time 18
note_off 66
time 8
note_off 50
time 55
note_on 68
velocity 69
time 302
note_on 62
velocity 60
time 15
note_on 56
velocity 52
time 2
note_on 59
velocity 48
time 14
note_on 47
velocity 44
time 7
note_on 54
velocity 39
time 10
note_off 59
time 3
note_off 47
time 5
note_off 56
time 3
note_off 62
time 43
note_off 68
time 16
note_off 54
time 19
note_on 69
velocity 69
time 378
note_on 66
velocity 60
time 8
note_on 57
velocity 52
time 6
note_on 61
velocity 43
time 2
note_on 49
velocity 35
time 17
note_on 54
velocity 43
time 1
note_off 49
time 43
note_off 66
time 35
note_off 57
time 10
note_off 69
time 11
note_off 61
time 19
note_off 54
time 29
note_on 69
velocity 72
time 370
note_on 66
velocity 61
time 12
note_on 57
velocity 41
time 18
note_on 49
velocity 36
time 20
note_on 61
velocity 38
time 2
note_on 54
velocity 38
time 4
note_off 57
time 9
note_off 49
time 54
note_off 54
time 16
note_off 69
time 12
note_off 66
time 48
note_off 61
time 11
note_on 73
velocity 59
time 435
note_on 66
velocity 51
time 14
note_on 61
velocity 39
time 5
note_on 52
velocity 43
time 9
note_on 64
velocity 43
time 2
note_on 54
velocity 38
time 17
note_off 73
time 107
note_off 52
time 33
note_off 64
time 15
note_off 66
time 25
note_off 61
time 7
note_off 54
time 27
note_on 71
velocity 49
time 571
note_on 66
velocity 44
time 26
note_on 59
velocity 41
time 2
note_on 50
velocity 37
time 5
note_on 62
velocity 36
time 10
note_on 54
velocity 30
time 3
note_off 59
time 13
note_on 59
velocity 10
time 0
note_off 62
time 45
note_off 54
time 96
note_off 71
time 2
note_off 50
time 30
note_off 59
time 23
note_off 66
time 39
note_on 55
velocity 87
time 569
note_on 43
velocity 55
time 29
note_on 31
velocity 52
time 6
note_off 31
time 59
note_off 43
time 42
note_off 55
time 13
note_on 69
velocity 70
time 557
note_on 61
velocity 68
time 4
note_on 57
velocity 69
time 1
note_on 64
velocity 66
time 2
note_on 52
velocity 51
time 3
note_off 61
time 41
note_off 52
time 25
note_off 57
time 7
note_off 69
time 84
note_off 64
time 37
note_on 56
velocity 87
time 800
note_on 44
velocity 68
time 10
note_on 32
velocity 59
time 16
note_off 32
time 81
note_off 44
time 47
note_off 56
time 116
note_on 66
velocity 55
time 521
note_on 56
velocity 55
time 4
note_on 68
velocity 61
time 2
note_on 51
velocity 51
time 13
note_on 60
velocity 54
time 2
note_on 54
velocity 46
time 2
note_off 60
time 146
note_off 54
time 67
note_off 68
time 21
note_off 66
time 4
note_off 51
time 36
note_off 56
time 26
note_on 49
velocity 81
time 872
note_on 25
velocity 61
time 26
note_off 25
time 91
note_off 49
time 35
note_on 73
velocity 81
time 963
note_on 69
velocity 75
time 8
note_on 61
velocity 62
time 2
note_on 52
velocity 56
time 13
note_on 64
velocity 63
time 6
note_on 57
velocity 60
time 1
note_off 64
time 0
note_off 69
time 31
note_off 73
time 14
note_off 57
time 38
note_off 61
time 70
note_off 52
time 26
note_on 49
velocity 62
time 675
note_on 25
velocity 39
time 33
note_off 25
time 115
note_off 49
time 65
note_on 73
velocity 75
time 866
note_on 61
velocity 49
time 8
note_on 68
velocity 65
time 3
note_on 58
velocity 48
time 21
note_on 52
velocity 46
time 9
note_on 64
velocity 49
time 7
note_off 64
time 438
note_off 73
time 21
note_off 68
time 23
note_off 58
time 35
note_off 61
time 59
note_off 52
time 10
note_on 49
velocity 47
time 1318
note_on 25
velocity 37
time 37
note_off 25
time 136
note_off 49
time 37
note_on 73
velocity 52
time 1091
note_on 61
velocity 37
time 16
note_on 69
velocity 54
time 0
note_on 55
velocity 39
time 23
note_on 64
velocity 41
time 6
note_on 52
velocity 37
time 2
note_off 64
time 1697
note_off 73
time 619
note_off 52
time 63
note_off 55
time 25
note_off 69
time 20
note_off 61
time 106
note_on 49
velocity 45
time 1079
note_on 25
velocity 34
time 36
note_off 25
time 115
note_off 49
time 39
note_on 73
velocity 53
time 1129
note_on 70
velocity 47
time 8
note_on 52
velocity 34
time 13
note_on 54
velocity 36
time 16
note_on 61
velocity 39
time 14
note_on 64
velocity 33
time 0
note_on 58
velocity 33
time 4
note_on 66
velocity 32
time 0
note_off 64
time 1820
note_off 73
time 305
note_off 66
time 32
note_off 70
time 13
note_off 58
time 4
note_off 52
time 19
note_off 54
time 43
note_off 61
time 54
note_on 49
velocity 37
time 1922
note_on 25
velocity 33
time 25
note_off 25
time 109
note_off 49
time 93
note_on 73
velocity 31
time 1763
note_on 69
velocity 22
time 31
note_on 51
velocity 19
time 10
note_on 57
velocity 34
time 1
note_on 54
velocity 20
time 2
note_on 63
velocity 21
time 1
note_on 66
velocity 17
time 8
note_off 63
time 1904
note_off 57
time 52
note_off 54
time 126
note_off 73
time 9
note_off 69
time 4
note_off 51
time 21
note_off 66
time 64
note_on 49
velocity 37
time 1588
note_on 25
velocity 29
time 54
note_off 25
time 221
note_off 49
time 78
note_on 73
velocity 55
time 2025
note_on 68
velocity 37
time 52
note_on 49
velocity 30
time 10
note_on 52
velocity 23
time 3
note_on 44
velocity 25
time 2
note_on 56
velocity 25
time 1
note_off 44
time 873
note_off 49
time 395
note_off 52
time 2
note_off 56
time 95
note_off 68
time 216
note_off 73
time 134
note_on 80
velocity 52
time 656
note_on 61
velocity 29
time 42
note_on 76
velocity 31
time 2
note_on 56
velocity 21
time 9
note_on 64
velocity 21
time 2
note_on 52
velocity 10
time 9
note_off 80
time 37
note_off 76
time 27
note_off 64
time 105
note_off 52
time 66
note_off 56
time 64
note_off 61
time 19
note_on 80
velocity 43
time 1294
note_on 76
velocity 38
time 17
note_on 52
velocity 31
time 12
note_on 64
velocity 22
time 9
note_on 61
velocity 28
time 4
note_on 73
velocity 18
time 8
note_on 56
velocity 7
time 20
note_off 52
time 2127
note_off 56
time 0
note_off 61
time 0
note_off 64
time 0
note_off 73
time 0
note_off 76
time 0
note_off 80
time 0
