note_on 74
velocity 76
time 970
note_on 50
velocity 53
time 6
note_off 50
time 52
note_on 49
velocity 59
time 11
note_off 49
time 55
note_on 50
velocity 61
time 29
note_on 72
velocity 69
time 130
note_off 74
time 34
note_on 70
velocity 72
time 80
note_off 72
time 31
note_off 50
time 3
note_on 69
velocity 72
time 101
note_on 38
velocity 57
time 1
note_off 70
time 13
note_off 69
time 80
note_on 67
velocity 71
time 1
note_on 65
velocity 71
time 102
note_off 67
time 6
note_on 64
velocity 68
time 98
note_off 65
time 21
note_off 64
time 85
note_on 62
velocity 68
time 5
note_off 38
time 22
note_off 62
time 80
note_on 65
velocity 71
time 0
note_off 65
time 110
note_on 64
velocity 67
time 8
note_off 64
time 84
note_on 62
velocity 65
time 26
note_off 62
time 79
note_on 70
velocity 71
time 27
note_off 70
time 104
note_on 67
velocity 61
time 8
note_on 38
velocity 74
time 108
note_off 67
time 5
note_on 62
velocity 66
time 11
note_off 38
time 38
note_off 62
time 57
note_on 67
velocity 67
time 14
note_on 43
velocity 80
time 96
note_off 67
time 6
note_on 70
velocity 70
time 13
note_off 43
time 17
note_off 70
time 77
note_on 67
velocity 59
time 21
note_on 46
velocity 73
time 90
note_off 67
time 5
note_on 62
velocity 68
time 12
note_off 46
time 16
note_off 62
time 80
note_on 67
velocity 67
time 15
note_on 50
velocity 79
time 95
note_off 67
time 10
note_on 70
velocity 67
time 13
note_on 49
velocity 69
time 37
note_off 50
time 3
note_on 67
velocity 63
time 53
note_off 70
time 11
note_off 49
time 14
note_on 50
velocity 67
time 0
note_off 67
time 103
note_on 62
velocity 66
time 7
note_on 67
velocity 67
time 105
note_off 62
time 4
note_off 50
time 91
note_off 67
time 9
note_on 69
velocity 71
time 2
note_on 67
velocity 64
time 106
note_off 69
time 2
note_on 38
velocity 73
time 91
note_off 67
time 14
note_on 62
velocity 69
time 7
note_off 38
time 30
note_on 67
velocity 62
time 65
note_off 62
time 1
note_on 41
velocity 77
time 105
note_off 67
time 0
note_on 69
velocity 68
time 2
note_off 41
time 33
note_off 69
time 70
note_on 65
velocity 62
time 9
note_on 45
velocity 80
time 95
note_off 65
time 3
note_on 62
velocity 68
time 7
note_off 45
time 20
note_off 62
time 72
note_on 65
velocity 60
time 15
note_off 65
time 112
note_on 69
velocity 67
time 14
note_on 50
velocity 74
time 14
note_on 49
velocity 70
time 46
note_off 50
time 1
note_on 65
velocity 59
time 27
note_off 69
time 11
note_off 49
time 34
note_on 50
velocity 76
time 10
note_off 65
time 54
note_on 62
velocity 60
time 21
note_on 65
velocity 66
time 96
note_off 62
time 27
note_off 65
time 77
note_off 50
time 5
note_on 67
velocity 68
time 5
note_on 64
velocity 64
time 115
note_off 67
time 8
note_off 64
time 78
note_on 62
velocity 67
time 6
note_on 58
velocity 60
time 14
note_off 58
time 34
note_off 62
time 48
note_on 64
velocity 63
time 17
note_off 64
time 91
note_on 52
velocity 60
time 6
note_on 67
velocity 67
time 11
note_off 52
time 40
note_off 67
time 70
note_on 64
velocity 66
time 8
note_off 64
time 100
note_on 55
velocity 64
time 3
note_on 61
velocity 62
time 10
note_off 55
time 32
note_off 61
time 53
note_on 64
velocity 66
time 13
note_off 64
time 87
note_on 49
velocity 63
time 14
note_on 67
velocity 63
time 10
note_off 49
time 25
note_off 67
time 69
note_on 64
velocity 67
time 14
note_off 64
time 98
note_on 57
velocity 57
time 7
note_on 61
velocity 62
time 9
note_off 57
time 26
note_off 61
time 69
note_on 64
velocity 68
time 17
note_off 64
time 45
note_on 50
velocity 61
time 51
note_on 65
velocity 72
time 13
note_on 62
velocity 69
time 114
note_on 60
velocity 74
time 131
note_off 62
time 52
note_on 58
velocity 74
time 54
note_off 60
time 2
note_on 57
velocity 76
time 103
note_off 58
time 11
note_on 55
velocity 66
time 88
note_off 50
time 70
note_off 57
time 8
note_on 53
velocity 68
time 39
note_off 55
time 4
note_off 53
time 103
note_on 52
velocity 67
time 2
note_off 65
time 64
note_on 50
velocity 71
time 52
note_off 52
time 4
note_off 50
time 98
note_on 53
velocity 69
time 0
note_off 53
time 107
note_on 52
velocity 66
time 4
note_on 50
velocity 73
time 120
note_off 52
time 7
note_off 50
time 66
note_on 58
velocity 78
time 26
note_off 58
time 106
note_on 55
velocity 67
time 3
note_off 55
time 104
note_on 62
velocity 79
time 0
note_on 50
velocity 65
time 11
note_off 62
time 35
note_off 50
time 75
note_on 55
velocity 59
time 1
note_off 55
time 89
note_on 58
velocity 65
time 7
note_on 67
velocity 77
time 19
note_off 67
time 35
note_off 58
time 56
note_on 55
velocity 63
time 5
note_off 55
time 108
note_on 50
velocity 61
time 18
note_on 70
velocity 82
time 1
note_off 70
time 31
note_off 50
time 86
note_on 55
velocity 58
time 15
note_off 55
time 100
note_on 58
velocity 66
time 7
note_on 74
velocity 86
time 6
note_on 73
velocity 72
time 54
note_off 74
time 4
note_off 58
time 37
note_on 55
velocity 59
time 1
note_on 74
velocity 75
time 25
note_off 73
time 4
note_off 55
time 63
note_on 50
velocity 58
time 21
note_off 50
time 106
note_on 55
velocity 59
time 7
note_off 55
time 98
note_off 74
time 4
note_on 57
velocity 70
time 2
note_off 57
time 101
note_on 55
velocity 63
time 6
note_off 55
time 92
note_on 62
velocity 80
time 4
note_on 50
velocity 65
time 13
note_off 62
time 48
note_off 50
time 66
note_on 55
velocity 62
time 6
note_off 55
time 104
note_on 65
velocity 74
time 9
note_on 57
velocity 65
time 6
note_off 65
time 29
note_off 57
time 76
note_on 53
velocity 62
time 7
note_off 53
time 103
note_on 69
velocity 82
time 2
note_on 50
velocity 61
time 14
note_off 69
time 10
note_off 50
time 89
note_on 53
velocity 62
time 15
note_off 53
time 89
note_on 57
velocity 60
time 12
note_on 74
velocity 84
time 5
note_on 73
velocity 70
time 54
note_off 74
time 38
note_off 57
time 8
note_on 53
velocity 58
time 4
note_off 73
time 40
note_off 53
time 60
note_on 50
velocity 60
time 21
note_off 50
time 106
note_on 53
velocity 64
time 12
note_off 53
time 75
note_on 55
velocity 69
time 17
note_off 55
time 108
note_on 52
velocity 69
time 16
note_off 52
time 91
note_on 50
velocity 61
time 23
note_on 67
velocity 80
time 8
note_off 67
time 40
note_off 50
time 57
note_on 52
velocity 64
time 11
note_off 52
time 103
note_on 55
velocity 59
time 11
note_on 73
velocity 80
time 3
note_off 73
time 35
note_off 55
time 67
note_on 52
velocity 57
time 17
note_off 52
time 95
note_on 49
velocity 61
time 14
note_on 76
velocity 76
time 20
note_off 76
time 37
note_off 49
time 55
note_on 52
velocity 58
time 13
note_off 52
time 96
note_on 55
velocity 51
time 22
note_on 73
velocity 71
time 2
note_off 73
time 43
note_off 55
time 52
note_on 52
velocity 48
time 38
note_off 52
time 94
note_on 49
velocity 57
time 22
note_on 69
velocity 71
time 1
note_off 69
time 38
note_off 49
time 64
note_on 52
velocity 56
time 11
note_off 52
time 122
note_on 74
velocity 74
time 1
note_on 53
velocity 60
time 13
note_off 53
time 119
note_on 50
velocity 62
time 4
note_on 72
velocity 77
time 117
note_off 50
time 1
note_on 52
velocity 65
time 4
note_off 74
time 41
note_on 70
velocity 75
time 53
note_on 53
velocity 70
time 13
note_off 52
time 4
note_off 72
time 27
note_off 53
time 67
note_on 55
velocity 70
time 6
note_on 69
velocity 75
time 0
note_off 70
time 30
note_off 69
time 69
note_on 67
velocity 75
time 2
note_on 57
velocity 73
time 16
note_off 55
time 6
note_off 67
time 72
note_on 65
velocity 76
time 18
note_on 59
velocity 69
time 17
note_off 57
time 1
note_off 65
time 91
note_on 64
velocity 67
time 7
note_off 59
time 4
note_on 61
velocity 66
time 10
note_off 64
time 68
note_off 61
time 8
note_on 65
velocity 73
time 14
note_on 62
velocity 67
time 1
note_off 65
time 45
note_off 62
time 62
note_on 60
velocity 67
time 9
note_off 60
time 101
note_on 59
velocity 68
time 11
note_on 69
velocity 74
time 5
note_off 59
time 107
note_on 57
velocity 65
time 11
note_off 57
time 110
note_on 59
velocity 71
time 6
note_off 69
time 88
note_off 59
time 2
note_on 60
velocity 64
time 14
note_on 67
velocity 71
time 2
note_off 67
time 107
note_on 69
velocity 80
time 6
note_off 60
time 8
note_on 59
velocity 71
time 20
note_off 59
time 72
note_on 71
velocity 77
time 11
note_on 57
velocity 73
time 11
note_off 69
time 3
note_off 71
time 69
note_off 57
time 19
note_on 72
velocity 79
time 9
note_on 55
velocity 68
time 5
note_on 53
velocity 67
time 87
note_off 72
time 0
note_on 74
velocity 79
time 2
note_off 55
time 1
note_off 53
time 91
note_on 52
velocity 62
time 4
note_on 76
velocity 76
time 10
note_off 74
time 3
note_off 52
time 72
note_off 76
time 18
note_on 50
velocity 59
time 1
note_on 77
velocity 76
time 1
note_off 50
time 88
note_on 52
velocity 71
time 3
note_off 77
time 5
note_on 79
velocity 68
time 1
note_off 52
time 32
note_off 79
time 85
note_on 77
velocity 71
time 5
note_off 77
time 95
note_on 76
velocity 65
time 8
note_on 55
velocity 63
time 3
note_off 55
time 36
note_off 76
time 34
note_on 74
velocity 67
time 19
note_off 74
time 135
note_on 76
velocity 66
time 8
note_on 48
velocity 63
time 10
note_off 76
time 9
note_on 72
velocity 68
time 13
note_off 72
time 15
note_off 48
time 9
note_on 70
velocity 68
time 0
note_on 50
velocity 56
time 12
note_off 50
time 72
note_on 52
velocity 57
time 1
note_on 69
velocity 63
time 12
note_off 70
time 6
note_off 52
time 73
note_on 53
velocity 64
time 5
note_on 67
velocity 63
time 12
note_off 69
time 6
note_off 53
time 27
note_off 67
time 21
note_on 65
velocity 67
time 8
note_on 55
velocity 61
time 3
note_off 65
time 62
note_off 55
time 27
note_on 64
velocity 69
time 3
note_on 57
velocity 57
time 9
note_off 57
time 71
note_off 64
time 0
note_on 62
velocity 60
time 20
note_on 58
velocity 62
time 1
note_off 62
time 67
note_off 58
time 3
note_on 60
velocity 60
time 31
note_on 64
velocity 67
time 7
note_off 64
time 40
note_off 60
time 71
note_on 58
velocity 57
time 21
note_off 58
time 78
note_on 57
velocity 56
time 29
note_on 67
velocity 64
time 8
note_off 57
time 95
note_on 55
velocity 54
time 33
note_off 55
time 5
note_on 57
velocity 57
time 18
note_off 67
time 59
note_off 57
time 19
note_on 65
velocity 66
time 18
note_on 58
velocity 59
time 4
note_off 58
time 81
note_off 65
time 22
note_on 67
velocity 66
time 7
note_on 57
velocity 62
time 13
note_off 57
time 59
note_on 69
velocity 67
time 30
note_off 67
time 1
note_on 55
velocity 59
time 2
note_off 55
time 55
note_off 69
time 40
note_on 70
velocity 70
time 2
note_on 53
velocity 63
time 4
note_off 70
time 72
note_off 53
time 4
note_on 51
velocity 63
time 28
note_on 72
velocity 62
time 8
note_off 51
time 77
note_off 72
time 20
note_on 50
velocity 57
time 3
note_on 74
velocity 62
time 13
note_off 50
time 63
note_off 74
time 16
note_on 48
velocity 53
time 4
note_on 75
velocity 65
time 1
note_off 48
time 5
note_off 75
time 0
note_on 50
velocity 63
time 13
note_on 77
velocity 61
time 1
note_off 50
time 5
note_off 77
time 5
note_on 75
velocity 64
time 15
note_on 53
velocity 60
time 15
note_off 75
time 1
note_on 74
velocity 58
time 14
note_off 53
time 17
note_off 74
time 58
note_on 72
velocity 59
time 32
note_on 46
velocity 75
time 61
note_off 72
time 2
note_on 74
velocity 63
time 6
note_off 46
time 4
note_off 74
time 15
note_on 77
velocity 61
time 3
note_on 58
velocity 75
time 6
note_off 77
time 10
note_on 74
velocity 59
time 7
note_off 74
time 14
note_on 60
velocity 73
time 22
note_off 58
time 2
note_on 72
velocity 63
time 8
note_on 62
velocity 76
time 95
note_off 72
time 4
note_off 60
time 2
note_on 70
velocity 64
time 14
note_off 62
time 15
note_off 70
time 69
note_on 74
velocity 61
time 28
note_on 65
velocity 69
time 101
note_off 74
time 5
note_on 70
velocity 60
time 15
note_off 65
time 14
note_off 70
time 64
note_on 69
velocity 56
time 26
note_off 69
time 50
note_on 58
velocity 55
time 48
note_on 67
velocity 58
time 3
note_off 58
time 29
note_off 67
time 50
note_on 70
velocity 58
time 39
note_off 70
time 93
note_on 62
velocity 58
time 19
note_on 67
velocity 58
time 2
note_off 62
time 42
note_off 67
time 20
note_on 65
velocity 61
time 56
note_off 65
time 86
note_on 55
velocity 57
time 27
note_on 64
velocity 64
time 0
note_off 64
time 37
note_off 55
time 29
note_on 58
velocity 64
time 12
note_off 58
time 23
note_on 76
velocity 79
time 30
note_on 55
velocity 64
time 19
note_off 76
time 83
note_on 77
velocity 78
time 4
note_on 53
velocity 66
time 4
note_off 55
time 3
note_off 53
time 85
note_on 79
velocity 86
time 9
note_on 52
velocity 67
time 8
note_off 77
time 2
note_off 79
time 33
note_off 52
time 72
note_on 55
velocity 63
time 20
note_off 55
time 95
note_on 82
velocity 84
time 12
note_on 52
velocity 66
time 14
note_off 82
time 45
note_off 52
time 52
note_on 50
velocity 65
time 10
note_on 76
velocity 78
time 138
note_on 49
velocity 68
time 1
note_off 50
time 3
note_off 76
time 28
note_off 49
time 62
note_on 52
velocity 64
time 25
note_off 52
time 105
note_on 79
velocity 65
time 9
note_on 49
velocity 65
time 4
note_off 79
time 27
note_off 49
time 44
note_on 47
velocity 66
time 17
note_off 47
time 97
note_on 45
velocity 73
time 23
note_on 73
velocity 65
time 27
note_off 45
time 4
note_off 73
time 8
note_on 79
velocity 62
time 8
note_off 79
time 7
note_on 57
velocity 79
time 8
note_on 73
velocity 70
time 2
note_off 73
time 42
note_off 57
time 34
note_on 71
velocity 65
time 1
note_on 59
velocity 73
time 1
note_off 59
time 92
note_on 61
velocity 76
time 20
note_off 71
time 6
note_on 69
velocity 67
time 7
note_off 61
time 27
note_off 69
time 62
note_on 76
velocity 55
time 42
note_off 76
time 92
note_on 64
velocity 67
time 9
note_on 69
velocity 59
time 10
note_off 64
time 31
note_off 69
time 32
note_on 67
velocity 57
time 47
note_off 67
time 87
note_on 57
velocity 61
time 21
note_on 65
velocity 59
time 8
note_off 57
time 27
note_off 65
time 50
note_on 73
velocity 51
time 50
note_off 73
time 87
note_on 55
velocity 54
time 3
note_on 65
velocity 65
time 0
note_off 55
time 39
note_off 65
time 36
note_on 64
velocity 61
time 41
note_off 64
time 54
note_on 53
velocity 65
time 0
note_on 62
velocity 67
time 4
note_off 62
time 0
note_off 53
time 57
note_on 62
velocity 71
time 13
note_off 62
time 9
note_on 74
velocity 80
time 18
note_on 53
velocity 69
time 11
note_off 53
time 90
note_on 52
velocity 67
time 1
note_off 74
time 4
note_on 76
velocity 80
time 0
note_on 77
velocity 84
time 97
note_off 52
time 15
note_on 50
velocity 65
time 2
note_off 76
time 8
note_off 77
time 25
note_off 50
time 69
note_on 57
velocity 67
time 11
note_off 57
time 97
note_on 81
velocity 80
time 13
note_on 50
velocity 66
time 16
note_off 81
time 13
note_off 50
time 72
note_on 48
velocity 62
time 7
note_on 46
velocity 66
time 123
note_off 48
time 0
note_on 74
velocity 69
time 5
note_off 74
time 34
note_off 46
time 50
note_on 53
velocity 64
time 29
note_off 53
time 128
note_on 46
velocity 66
time 6
note_on 72
velocity 60
time 11
note_off 72
time 32
note_off 46
time 35
note_on 45
velocity 62
time 17
note_off 45
time 115
note_on 43
velocity 69
time 10
note_on 70
velocity 67
time 13
note_off 70
time 13
note_off 43
time 4
note_on 79
velocity 64
time 7
note_off 79
time 12
note_on 55
velocity 67
time 20
note_on 70
velocity 69
time 6
note_off 70
time 87
note_off 55
time 12
note_on 57
velocity 68
time 0
note_on 69
velocity 63
time 10
note_off 57
time 83
note_off 69
time 18
note_on 58
velocity 70
time 2
note_on 67
velocity 61
time 15
note_off 58
time 17
note_off 67
time 47
note_on 70
velocity 61
time 41
note_off 70
time 109
note_on 62
velocity 54
time 28
note_on 67
velocity 56
time 3
note_off 62
time 36
note_off 67
time 26
note_on 65
velocity 56
time 48
note_off 65
time 79
note_on 55
velocity 56
time 3
note_on 63
velocity 58
time 7
note_off 55
time 0
note_off 63
time 12
note_on 70
velocity 53
time 5
note_off 70
time 16
note_on 63
velocity 57
time 6
note_on 58
velocity 57
time 4
note_off 58
time 23
note_off 63
time 32
note_on 62
velocity 51
time 58
note_off 62
time 77
note_on 57
velocity 53
time 36
note_on 61
velocity 53
time 3
note_off 57
time 34
note_off 61
time 23
note_on 69
velocity 43
time 63
note_off 69
time 93
note_on 61
velocity 53
time 22
note_on 64
velocity 55
time 8
note_off 64
time 59
note_off 61
time 10
note_on 59
velocity 59
time 56
note_off 59
time 76
note_on 57
velocity 51
time 37
note_on 61
velocity 50
time 6
note_off 57
time 29
note_off 61
time 21
note_on 69
velocity 34
time 78
note_off 69
time 72
note_on 61
velocity 54
time 34
note_on 64
velocity 49
time 2
note_off 64
time 35
note_off 61
time 19
note_on 69
velocity 43
time 65
note_off 69
time 52
note_on 57
velocity 53
time 52
note_on 61
velocity 53
time 4
note_off 57
time 36
note_off 61
time 20
note_on 69
velocity 29
time 81
note_off 69
time 64
note_on 64
velocity 51
time 47
note_on 61
velocity 54
time 3
note_off 64
time 31
note_off 61
time 33
note_on 69
velocity 47
time 62
note_off 69
time 71
note_on 55
velocity 49
time 46
note_on 61
velocity 55
time 2
note_off 55
time 40
note_off 61
time 31
note_on 69
velocity 53
time 41
note_off 69
time 108
note_on 61
velocity 61
time 5
note_on 64
velocity 58
time 4
note_off 64
time 41
note_off 61
time 27
note_on 59
velocity 57
time 53
note_off 59
time 76
note_on 55
velocity 55
time 31
note_on 61
velocity 60
time 0
note_off 55
time 48
note_off 61
time 9
note_on 69
velocity 37
time 75
note_off 69
time 62
note_on 61
velocity 52
time 58
note_on 64
velocity 51
time 1
note_off 64
time 36
note_off 61
time 11
note_on 69
velocity 38
time 93
note_off 69
time 51
note_on 55
velocity 50
time 53
note_on 61
velocity 54
time 6
note_off 55
time 34
note_off 61
time 21
note_on 69
velocity 39
time 56
note_off 69
time 69
note_on 64
velocity 55
time 53
note_on 61
velocity 60
time 3
note_off 64
time 36
note_off 61
time 12
note_on 69
velocity 46
time 66
note_off 69
time 81
note_on 53
velocity 55
time 19
note_on 62
velocity 64
time 14
note_off 53
time 34
note_off 62
time 18
note_on 69
velocity 54
time 77
note_off 69
time 62
note_on 65
velocity 56
time 34
note_on 62
velocity 59
time 26
note_off 65
time 26
note_off 62
time 40
note_on 61
velocity 59
time 40
note_off 61
time 87
note_on 53
velocity 56
time 33
note_on 62
velocity 66
time 1
note_off 53
time 47
note_off 62
time 15
note_on 69
velocity 54
time 77
note_off 69
time 58
note_on 65
velocity 58
time 50
note_on 62
velocity 55
time 6
note_off 65
time 35
note_off 62
time 18
note_on 69
velocity 53
time 62
note_off 69
time 70
note_on 53
velocity 60
time 48
note_on 62
velocity 58
time 1
note_off 53
time 53
note_off 62
time 2
note_on 69
velocity 53
time 69
note_off 69
time 68
note_on 65
velocity 54
time 40
note_on 62
velocity 57
time 8
note_off 65
time 33
note_off 62
time 15
note_on 69
velocity 55
time 61
note_off 69
time 78
note_on 61
velocity 67
time 40
note_on 64
velocity 60
time 8
note_off 61
time 23
note_off 64
time 71
note_on 69
velocity 56
time 23
note_off 69
time 97
note_on 67
velocity 66
time 8
note_on 64
velocity 53
time 27
note_off 67
time 7
note_off 64
time 43
note_on 62
velocity 57
time 50
note_off 62
time 65
note_on 61
velocity 60
time 19
note_on 64
velocity 57
time 25
note_off 61
time 28
note_off 64
time 43
note_on 69
velocity 56
time 44
note_off 69
time 62
note_on 67
velocity 63
time 35
note_on 64
velocity 57
time 20
note_off 67
time 28
note_off 64
time 21
note_on 69
velocity 55
time 61
note_off 69
time 64
note_on 61
velocity 51
time 66
note_on 64
velocity 54
time 5
note_off 61
time 37
note_off 64
time 20
note_on 69
velocity 51
time 54
note_off 69
time 62
note_on 64
velocity 51
time 51
note_on 67
velocity 50
time 7
note_off 67
time 39
note_off 64
time 18
note_on 69
velocity 47
time 4
note_off 69
time 31
note_on 65
velocity 55
time 36
note_on 62
velocity 49
time 8
note_off 65
time 9
note_off 62
time 4
note_on 69
velocity 58
time 2
note_off 69
time 12
note_on 71
velocity 63
time 6
note_off 71
time 33
note_on 73
velocity 60
time 1
note_on 65
velocity 46
time 84
note_off 73
time 9
note_on 74
velocity 61
time 7
note_off 65
time 30
note_off 74
time 22
note_on 69
velocity 52
time 0
note_off 69
time 60
note_on 62
velocity 58
time 28
note_on 65
velocity 59
time 28
note_off 62
time 12
note_off 65
time 59
note_on 69
velocity 56
time 34
note_off 69
time 92
note_on 65
velocity 66
time 14
note_on 74
velocity 66
time 1
note_off 65
time 46
note_off 74
time 51
note_on 69
velocity 56
time 37
note_off 69
time 44
note_on 65
velocity 64
time 56
note_on 62
velocity 56
time 7
note_off 62
time 33
note_off 65
time 25
note_on 69
velocity 53
time 52
note_off 69
time 69
note_on 74
velocity 60
time 41
note_on 65
velocity 53
time 19
note_off 65
time 33
note_off 74
time 25
note_on 69
velocity 58
time 36
note_off 69
time 72
note_on 66
velocity 66
time 31
note_on 60
velocity 63
time 10
note_off 60
time 27
note_off 66
time 29
note_on 74
velocity 64
time 71
note_off 74
time 100
note_on 66
velocity 64
time 11
note_on 69
velocity 70
time 13
note_off 69
time 50
note_off 66
time 15
note_on 64
velocity 67
time 38
note_off 64
time 78
note_on 66
velocity 73
time 37
note_on 60
velocity 70
time 3
note_off 60
time 43
note_off 66
time 12
note_on 74
velocity 63
time 66
note_off 74
time 96
note_on 66
velocity 67
time 25
note_on 69
velocity 63
time 9
note_off 69
time 42
note_off 66
time 20
note_on 74
velocity 65
time 58
note_off 74
time 56
note_on 66
velocity 74
time 40
note_on 60
velocity 65
time 7
note_off 60
time 50
note_off 66
time 17
note_on 74
velocity 62
time 70
note_off 74
time 66
note_on 66
velocity 70
time 41
note_on 69
velocity 68
time 12
note_off 69
time 50
note_off 66
time 6
note_on 74
velocity 66
time 35
note_off 74
time 63
note_on 67
velocity 78
time 52
note_on 59
velocity 73
time 1
note_off 59
time 33
note_off 67
time 17
note_on 69
velocity 69
time 5
note_on 71
velocity 70
time 78
note_off 69
time 14
note_on 72
velocity 73
time 48
note_off 71
time 11
note_on 67
velocity 73
time 21
note_on 74
velocity 77
time 29
note_off 67
time 15
note_off 72
time 9
note_on 71
velocity 73
time 77
note_off 74
time 27
note_on 59
velocity 78
time 65
note_off 71
time 7
note_on 67
velocity 79
time 6
note_off 59
time 32
note_off 67
time 62
note_on 71
velocity 74
time 34
note_on 67
velocity 78
time 118
note_off 71
time 5
note_on 74
velocity 79
time 0
note_off 67
time 40
note_off 74
time 70
note_on 71
velocity 68
time 3
note_off 71
time 95
note_on 59
velocity 81
time 13
note_on 67
velocity 78
time 9
note_off 59
time 34
note_off 67
time 54
note_on 71
velocity 70
time 31
note_off 71
time 109
note_on 74
velocity 76
time 8
note_on 67
velocity 79
time 1
note_off 67
time 61
note_off 74
time 56
note_on 71
velocity 71
time 4
note_off 71
time 94
note_on 64
velocity 78
time 6
note_on 68
velocity 82
time 5
note_off 64
time 50
note_off 68
time 62
note_on 74
velocity 76
time 6
note_off 74
time 133
note_on 68
velocity 78
time 8
note_on 71
velocity 76
time 1
note_off 71
time 52
note_off 68
time 43
note_on 66
velocity 80
time 13
note_off 66
time 97
note_on 64
velocity 72
time 4
note_on 68
velocity 78
time 16
note_off 64
time 18
note_off 68
time 77
note_on 74
velocity 74
time 17
note_on 71
velocity 73
time 117
note_on 68
velocity 82
time 2
note_off 74
time 2
note_off 71
time 43
note_off 68
time 56
note_on 74
velocity 77
time 12
note_on 64
velocity 75
time 112
note_off 74
time 5
note_on 68
velocity 85
time 2
note_off 64
time 28
note_off 68
time 70
note_on 74
velocity 81
time 6
note_on 71
velocity 70
time 7
note_on 68
velocity 86
time 6
note_off 74
time 3
note_off 71
time 9
note_on 74
velocity 86
time 3
note_off 68
time 6
note_off 74
time 18
note_on 57
velocity 75
time 10
note_on 72
velocity 88
time 2
note_on 69
velocity 79
time 11
note_on 67
velocity 79
time 64
note_off 69
time 82
note_on 65
velocity 76
time 36
note_off 67
time 8
note_off 65
time 114
note_on 64
velocity 75
time 2
note_on 62
velocity 73
time 129
note_off 64
time 65
note_off 57
time 31
note_on 60
velocity 73
time 19
note_off 62
time 1
note_on 59
velocity 74
time 133
note_off 60
time 1
note_off 72
time 101
note_on 57
velocity 74
time 16
note_off 59
time 6
note_off 57
time 89
note_on 60
velocity 73
time 15
note_off 60
time 121
note_on 59
velocity 68
time 10
note_on 57
velocity 72
time 96
note_off 59
time 1
note_off 57
time 65
note_on 65
velocity 76
time 43
note_off 65
time 114
note_on 62
velocity 73
time 1
note_off 62
time 104
note_on 57
velocity 68
time 13
note_on 69
velocity 80
time 5
note_off 69
time 45
note_off 57
time 77
note_on 62
velocity 68
time 12
note_off 62
time 98
note_on 65
velocity 71
time 13
note_on 74
velocity 87
time 3
note_off 74
time 42
note_off 65
time 69
note_on 62
velocity 68
time 15
note_off 62
time 94
note_on 77
velocity 84
time 16
note_on 57
velocity 65
time 5
note_off 77
time 20
note_off 57
time 79
note_on 62
velocity 67
time 19
note_off 62
time 110
note_on 65
velocity 66
time 13
note_on 81
velocity 81
time 7
note_on 80
velocity 82
time 32
note_off 81
time 3
note_off 65
time 62
note_on 81
velocity 82
time 8
note_off 80
time 6
note_on 62
velocity 63
time 6
note_off 62
time 83
note_on 57
velocity 65
time 18
note_off 57
time 134
note_on 62
velocity 67
time 8
note_off 62
time 85
note_on 64
velocity 74
time 4
note_off 81
time 0
note_off 64
time 107
note_on 62
velocity 72
time 13
note_off 62
time 88
note_on 57
velocity 70
time 19
note_on 69
velocity 78
time 10
note_off 69
time 43
note_off 57
time 62
note_on 62
velocity 68
time 13
note_off 62
time 103
note_on 64
velocity 71
time 6
note_on 72
velocity 79
time 5
note_off 72
time 32
note_off 64
time 72
note_on 60
velocity 67
time 8
note_off 60
time 105
note_on 76
velocity 84
time 13
note_on 57
velocity 67
time 2
note_off 76
time 27
note_off 57
time 79
note_on 60
velocity 67
time 6
note_off 60
time 129
note_on 64
velocity 66
time 6
note_on 81
velocity 86
time 8
note_off 81
time 54
note_on 80
velocity 75
time 5
note_off 64
time 38
note_on 60
velocity 64
time 4
note_on 81
velocity 79
time 22
note_off 80
time 26
note_off 60
time 51
note_on 57
velocity 65
time 11
note_off 57
time 125
note_on 60
velocity 68
time 0
note_off 60
time 87
note_on 62
velocity 75
time 9
note_off 81
time 42
note_off 62
time 62
note_on 59
velocity 74
time 7
note_off 59
time 97
note_on 57
velocity 68
time 11
note_on 74
velocity 87
time 8
note_off 74
time 50
note_off 57
time 59
note_on 59
velocity 73
time 10
note_off 59
time 123
note_on 62
velocity 68
time 6
note_on 80
velocity 89
time 3
note_off 80
time 46
note_off 62
time 77
note_on 59
velocity 72
time 1
note_off 59
time 102
note_on 56
velocity 68
time 9
note_on 83
velocity 88
time 1
note_off 83
time 46
note_off 56
time 70
note_on 59
velocity 70
time 0
note_off 59
time 110
note_on 62
velocity 66
time 3
note_on 80
velocity 81
time 10
note_off 80
time 36
note_off 62
time 75
note_on 59
velocity 66
time 10
note_off 59
time 92
note_on 56
velocity 65
time 10
note_on 76
velocity 69
time 13
note_off 76
time 33
note_off 56
time 68
note_on 59
velocity 68
time 6
note_on 81
velocity 80
time 114
note_on 60
velocity 73
time 10
note_off 59
time 1
note_off 60
time 103
note_on 45
velocity 75
time 176
note_on 79
velocity 71
time 11
note_off 81
time 34
note_off 45
time 10
note_on 77
velocity 71
time 68
note_off 79
time 40
note_on 76
velocity 68
time 84
note_on 48
velocity 64
time 1
note_off 77
time 1
note_off 48
time 39
note_off 76
time 60
note_on 74
velocity 69
time 7
note_on 52
velocity 66
time 113
note_on 72
velocity 69
time 9
note_off 74
time 1
note_off 52
time 32
note_off 72
time 78
note_on 71
velocity 63
time 7
note_off 71
time 92
note_on 57
velocity 71
time 8
note_on 69
velocity 65
time 11
note_off 57
time 29
note_off 69
time 71
note_on 72
velocity 66
time 22
note_off 72
time 101
note_on 60
velocity 68
time 4
note_on 71
velocity 63
time 14
note_off 60
time 23
note_off 71
time 58
note_on 69
velocity 61
time 44
note_off 69
time 54
note_on 62
velocity 77
time 36
note_on 77
velocity 71
time 13
note_off 62
time 15
note_off 77
time 90
note_on 74
velocity 62
time 5
note_off 74
time 91
note_on 65
velocity 68
time 23
note_on 69
velocity 62
time 15
note_off 65
time 36
note_off 69
time 22
note_on 74
velocity 62
time 53
note_off 74
time 62
note_on 77
velocity 57
time 51
note_on 57
velocity 54
time 6
note_off 57
time 37
note_off 77
time 64
note_on 74
velocity 57
time 16
note_off 74
time 67
note_on 62
velocity 68
time 47
note_on 69
velocity 59
time 7
note_off 62
time 46
note_off 69
time 41
note_on 74
velocity 56
time 30
note_off 74
time 91
note_on 50
velocity 66
time 23
note_on 77
velocity 56
time 8
note_off 50
time 28
note_off 77
time 60
note_on 74
velocity 57
time 31
note_off 74
time 79
note_on 59
velocity 64
time 40
note_on 69
velocity 53
time 11
note_off 59
time 27
note_off 69
time 37
note_on 74
velocity 60
time 43
note_off 74
time 100
note_on 60
velocity 64
time 18
note_on 76
velocity 58
time 5
note_off 60
time 23
note_off 76
time 62
note_on 74
velocity 58
time 15
note_off 74
time 103
note_on 64
velocity 64
time 45
note_on 69
velocity 60
time 0
note_off 64
time 39
note_off 69
time 18
note_on 74
velocity 60
time 54
note_off 74
time 105
note_on 57
velocity 65
time 16
note_on 76
velocity 57
time 4
note_off 57
time 25
note_off 76
time 62
note_on 72
velocity 54
time 19
note_off 72
time 73
note_on 60
velocity 64
time 50
note_on 69
velocity 58
time 7
note_off 60
time 45
note_off 69
time 55
note_on 72
velocity 52
time 14
note_off 72
time 94
note_on 76
velocity 58
time 17
note_off 76
time 96
note_on 72
velocity 54
time 28
note_off 72
time 75
note_on 57
velocity 67
time 53
note_on 69
velocity 63
time 1
note_off 57
time 39
note_off 69
time 73
note_on 72
velocity 59
time 1
note_on 59
velocity 77
time 101
note_off 72
time 3
note_on 74
velocity 66
time 11
note_off 59
time 16
note_off 74
time 98
note_on 71
velocity 63
time 16
note_on 62
velocity 69
time 88
note_off 71
time 10
note_on 69
velocity 65
time 9
note_off 62
time 25
note_off 69
time 75
note_on 71
velocity 65
time 9
note_off 71
time 92
note_on 56
velocity 77
time 3
note_on 74
velocity 70
time 12
note_off 56
time 40
note_on 71
velocity 68
time 70
note_off 74
time 2
note_on 59
velocity 81
time 117
note_on 68
velocity 73
time 15
note_off 71
time 3
note_off 59
time 41
note_on 71
velocity 73
time 76
note_off 68
time 2
note_on 64
velocity 78
time 102
note_off 71
time 6
note_on 74
velocity 77
time 12
note_off 64
time 30
note_on 71
velocity 73
time 90
note_off 74
time 13
note_on 52
velocity 72
time 90
note_off 71
time 0
note_on 68
velocity 77
time 4
note_off 52
time 43
note_on 71
velocity 77
time 69
note_off 68
time 13
note_off 71
time 66
note_on 72
velocity 81
time 41
note_on 57
velocity 67
time 15
note_on 69
velocity 75
time 111
note_on 67
velocity 76
time 110
note_off 69
time 93
note_on 65
velocity 73
time 34
note_off 67
time 6
note_off 65
time 112
note_on 64
velocity 79
time 9
note_off 57
time 101
note_on 62
velocity 73
time 4
note_off 64
time 65
note_on 60
velocity 71
time 54
note_off 62
time 0
note_on 59
velocity 69
time 91
note_off 60
time 2
note_off 59
time 110
note_on 57
velocity 66
time 3
note_off 57
time 80
note_on 60
velocity 66
time 23
note_off 60
time 94
note_on 52
velocity 63
time 4
note_off 52
time 107
note_on 55
velocity 61
time 14
note_off 55
time 114
note_on 54
velocity 65
time 2
note_off 54
time 13
note_off 72
time 8
note_on 75
velocity 68
time 39
note_on 69
velocity 71
time 1
note_off 75
time 3
note_on 74
velocity 70
time 5
note_off 69
time 17
note_off 74
time 63
note_on 72
velocity 63
time 19
note_off 72
time 39
note_on 72
velocity 70
time 78
note_on 78
velocity 66
time 10
note_off 72
time 29
note_off 78
time 86
note_on 75
velocity 62
time 8
note_on 74
velocity 62
time 120
note_off 75
time 3
note_on 69
velocity 55
time 4
note_off 69
time 40
note_off 74
time 31
note_on 72
velocity 60
time 31
note_off 72
time 53
note_on 81
velocity 66
time 68
note_on 66
velocity 55
time 4
note_off 66
time 38
note_on 75
velocity 64
time 66
note_off 81
time 4
note_off 75
time 114
note_on 62
velocity 47
time 7
note_on 74
velocity 58
time 2
note_off 62
time 67
note_off 74
time 5
note_on 72
velocity 51
time 44
note_off 72
time 39
note_on 70
velocity 64
time 70
note_on 67
velocity 57
time 1
note_off 70
time 38
note_off 67
time 11
note_on 79
velocity 60
time 64
note_on 55
velocity 59
time 111
note_on 77
velocity 63
time 7
note_off 79
time 36
note_off 55
time 11
note_on 75
velocity 69
time 54
note_off 77
time 8
note_on 74
velocity 68
time 111
note_on 58
velocity 53
time 6
note_off 75
time 2
note_off 58
time 62
note_off 74
time 38
note_on 72
velocity 63
time 33
note_off 72
time 91
note_on 62
velocity 54
time 5
note_on 70
velocity 65
time 9
note_off 62
time 36
note_off 70
time 83
note_on 69
velocity 60
time 9
note_off 69
time 100
note_on 67
velocity 56
time 5
note_on 72
velocity 66
time 8
note_off 67
time 34
note_on 70
velocity 63
time 71
note_off 72
time 9
note_off 70
time 81
note_on 69
velocity 56
time 23
note_on 65
velocity 53
time 18
note_off 65
time 32
note_off 69
time 44
note_on 67
velocity 63
time 9
note_on 64
velocity 65
time 118
note_on 72
velocity 69
time 0
note_off 67
time 1
note_off 72
time 47
note_off 64
time 61
note_on 61
velocity 62
time 15
note_off 61
time 97
note_on 60
velocity 58
time 25
note_on 76
velocity 80
time 2
note_off 76
time 58
note_on 58
velocity 58
time 59
note_off 60
time 2
note_off 58
time 90
note_on 71
velocity 79
time 21
note_on 65
velocity 60
time 6
note_off 71
time 38
note_off 65
time 81
note_on 61
velocity 60
time 5
note_on 77
velocity 79
time 112
note_off 61
time 2
note_on 60
velocity 64
time 14
note_off 77
time 25
note_off 60
time 88
note_on 58
velocity 61
time 1
note_off 58
time 77
note_on 67
velocity 61
time 26
note_on 70
velocity 69
time 1
note_off 70
time 32
note_off 67
time 79
note_on 61
velocity 63
time 21
note_on 79
velocity 80
time 109
note_off 61
time 3
note_on 60
velocity 61
time 8
note_on 58
velocity 68
time 104
note_off 60
time 8
note_on 57
velocity 63
time 131
note_off 58
time 5
note_off 57
time 101
note_on 65
velocity 64
time 5
note_on 74
velocity 72
time 2
note_off 79
time 38
note_off 74
time 55
note_on 72
velocity 79
time 6
note_off 65
time 9
note_on 64
velocity 69
time 5
note_off 72
time 88
note_off 64
time 2
note_on 70
velocity 77
time 5
note_on 62
velocity 69
time 2
note_off 62
time 80
note_off 70
time 19
note_on 69
velocity 80
time 7
note_on 60
velocity 76
time 3
note_off 69
time 88
note_on 79
velocity 78
time 15
note_on 58
velocity 68
time 9
note_off 60
time 1
note_off 58
time 101
note_on 57
velocity 65
time 11
note_on 77
velocity 75
time 11
note_off 79
time 39
note_on 76
velocity 76
time 68
note_on 55
velocity 63
time 2
note_off 57
time 0
note_off 77
time 6
note_on 58
velocity 66
time 91
note_off 55
time 8
note_off 76
time 1
note_on 74
velocity 79
time 3
note_off 58
time 68
note_on 57
velocity 66
time 35
note_on 82
velocity 74
time 3
note_off 74
time 6
note_off 57
time 91
note_on 55
velocity 62
time 10
note_on 76
velocity 66
time 5
note_off 82
time 10
note_off 55
time 75
note_off 76
time 8
note_on 53
velocity 59
time 7
note_on 74
velocity 68
time 15
note_off 53
time 12
note_on 52
velocity 64
time 5
note_off 74
time 14
note_on 73
velocity 70
time 1
note_off 52
time 17
note_on 67
velocity 58
time 11
note_on 70
velocity 63
time 2
note_off 73
time 0
note_off 67
time 3
note_on 65
velocity 63
time 31
note_on 69
velocity 68
time 4
note_off 70
time 7
note_off 65
time 103
note_off 69
time 2
note_on 67
velocity 63
time 16
note_on 64
velocity 57
time 2
note_off 67
time 93
note_off 64
time 7
note_on 74
velocity 68
time 5
note_on 62
velocity 62
time 5
note_off 62
time 93
note_on 70
velocity 62
time 26
note_on 67
velocity 44
time 17
note_off 74
time 16
note_off 67
time 33
note_on 65
velocity 55
time 42
note_on 69
velocity 61
time 6
note_off 70
time 2
note_off 65
time 86
note_off 69
time 10
note_on 67
velocity 57
time 10
note_on 64
velocity 55
time 4
note_off 67
time 82
note_off 64
time 17
note_on 61
velocity 59
time 5
note_on 76
velocity 65
time 21
note_off 61
time 81
note_on 67
velocity 56
time 30
note_on 70
velocity 63
time 9
note_off 76
time 4
note_off 67
time 50
note_on 65
velocity 55
time 1
note_off 70
time 9
note_on 69
velocity 59
time 7
note_off 65
time 15
note_on 64
velocity 60
time 8
note_off 69
time 18
note_on 67
velocity 60
time 30
note_off 64
time 3
note_off 67
time 9
note_on 50
velocity 66
time 34
note_on 65
velocity 68
time 13
note_off 50
time 17
note_on 63
velocity 56
time 40
note_off 63
time 8
note_on 62
velocity 64
time 11
note_on 66
velocity 72
time 6
note_off 65
time 9
note_off 62
time 2
note_on 60
velocity 61
time 13
note_off 60
time 0
note_on 58
velocity 65
time 8
note_on 67
velocity 73
time 7
note_off 66
time 7
note_off 58
time 86
note_on 60
velocity 67
time 29
note_off 60
time 113
note_on 69
velocity 75
time 8
note_on 58
velocity 65
time 2
note_off 67
time 34
note_on 57
velocity 67
time 64
note_off 58
time 2
note_on 55
velocity 69
time 151
note_on 70
velocity 79
time 2
note_off 57
time 2
note_off 69
time 66
note_off 55
time 54
note_on 57
velocity 71
time 13
note_on 71
velocity 79
time 115
note_on 55
velocity 73
time 4
note_off 57
time 7
note_off 70
time 4
note_on 53
velocity 70
time 92
note_off 55
time 1
note_off 53
time 119
note_on 52
velocity 71
time 13
note_on 72
velocity 78
time 8
note_off 71
time 14
note_on 58
velocity 70
time 94
note_off 52
time 34
note_on 73
velocity 81
time 86
note_off 58
time 6
note_on 57
velocity 76
time 7
note_off 72
time 38
note_off 57
time 82
note_on 55
velocity 57
time 28
note_on 53
velocity 43
time 25
note_off 53
time 72
note_on 74
velocity 83
time 9
note_off 55
time 4
note_on 53
velocity 51
time 5
note_off 73
time 17
note_off 53
time 78
note_on 55
velocity 73
time 14
note_off 55
time 105
note_on 76
velocity 80
time 5
note_on 53
velocity 75
time 2
note_off 74
time 4
note_on 52
velocity 71
time 100
note_off 53
time 0
note_on 50
velocity 73
time 134
note_off 52
time 1
note_off 76
time 8
note_on 77
velocity 82
time 2
note_off 50
time 103
note_on 51
velocity 72
time 1
note_off 51
time 101
note_on 50
velocity 79
time 21
note_on 78
velocity 82
time 7
note_off 77
time 36
note_on 48
velocity 75
time 79
note_off 50
time 12
note_on 46
velocity 85
time 104
note_on 79
velocity 84
time 11
note_off 48
time 1
note_off 78
time 4
note_off 46
time 39
note_off 79
time 77
note_on 74
velocity 80
time 14
note_on 43
velocity 81
time 113
note_off 74
time 1
note_on 82
velocity 80
time 2
note_off 43
time 41
note_off 82
time 50
note_on 81
velocity 74
time 33
note_on 46
velocity 76
time 98
note_on 79
velocity 75
time 11
note_off 81
time 27
note_off 46
time 5
note_on 77
velocity 75
time 90
note_off 79
time 9
note_on 50
velocity 77
time 94
note_off 77
time 1
note_on 76
velocity 76
time 4
note_off 50
time 23
note_off 76
time 50
note_on 74
velocity 73
time 33
note_on 55
velocity 79
time 114
note_off 74
time 23
note_on 73
velocity 74
time 1
note_on 53
velocity 74
time 32
note_off 55
time 2
note_on 55
velocity 69
time 70
note_off 53
time 4
note_off 73
time 2
note_on 74
velocity 73
time 4
note_on 76
velocity 73
time 131
note_off 74
time 2
note_on 73
velocity 76
time 103
note_off 76
time 32
note_off 55
time 69
note_on 69
velocity 81
time 12
note_off 73
time 43
note_off 69
time 42
note_on 55
velocity 73
time 48
note_off 55
time 87
note_on 45
velocity 71
time 18
note_on 64
velocity 80
time 3
note_off 64
time 62
note_off 45
time 35
note_on 43
velocity 71
time 9
note_on 69
velocity 82
time 137
note_off 43
time 4
note_on 45
velocity 72
time 3
note_off 69
time 38
note_off 45
time 40
note_on 55
velocity 70
time 23
note_off 55
time 98
note_on 45
velocity 73
time 29
note_on 73
velocity 78
time 9
note_off 73
time 29
note_off 45
time 64
note_on 55
velocity 69
time 10
note_off 55
time 98
note_on 76
velocity 81
time 15
note_on 45
velocity 72
time 20
note_on 74
velocity 83
time 28
note_off 76
time 26
note_off 45
time 52
note_on 55
velocity 70
time 2
note_on 76
velocity 65
time 6
note_off 74
time 31
note_off 55
time 39
note_on 45
velocity 71
time 46
note_off 45
time 76
note_on 55
velocity 69
time 20
note_off 55
time 55
note_on 45
velocity 68
time 56
note_off 76
time 3
note_off 45
time 96
note_on 53
velocity 65
time 27
note_on 69
velocity 67
time 3
note_off 53
time 84
note_off 69
time 12
note_on 45
velocity 67
time 10
note_on 65
velocity 69
time 12
note_off 45
time 87
note_on 43
velocity 64
time 11
note_off 65
time 5
note_on 69
velocity 69
time 20
note_off 69
time 82
note_off 43
time 1
note_on 45
velocity 64
time 13
note_on 74
velocity 70
time 8
note_off 45
time 63
note_off 74
time 32
note_on 53
velocity 56
time 17
note_on 69
velocity 66
time 2
note_off 53
time 63
note_off 69
time 15
note_on 45
velocity 61
time 30
note_on 65
velocity 65
time 0
note_off 65
time 82
note_off 45
time 4
note_on 53
velocity 53
time 35
note_on 69
velocity 61
time 1
note_off 69
time 34
note_off 53
time 32
note_on 74
velocity 68
time 19
note_on 45
velocity 62
time 34
note_off 74
time 11
note_on 72
velocity 66
time 10
note_off 45
time 43
note_on 74
velocity 66
time 27
note_on 53
velocity 59
time 7
note_off 72
time 19
note_off 53
time 94
note_on 45
velocity 55
time 33
note_off 45
time 73
note_on 53
velocity 55
time 48
note_off 53
time 48
note_on 45
velocity 58
time 39
note_off 74
time 15
note_off 45
time 85
note_on 67
velocity 54
time 16
note_on 52
velocity 55
time 15
note_off 67
time 85
note_off 52
time 16
note_on 64
velocity 60
time 2
note_on 45
velocity 56
time 26
note_off 45
time 70
note_off 64
time 11
note_on 67
velocity 57
time 20
note_on 43
velocity 54
time 3
note_off 67
time 75
note_off 43
time 8
note_on 72
velocity 58
time 29
note_on 45
velocity 52
time 6
note_off 45
time 65
note_off 72
time 17
note_on 67
velocity 55
time 31
note_on 52
velocity 44
time 4
note_off 52
time 72
note_off 67
time 13
note_on 45
velocity 51
time 25
note_on 64
velocity 53
time 15
note_off 64
time 31
note_off 45
time 12
note_on 52
velocity 48
time 6
note_on 67
velocity 51
time 11
note_off 67
time 0
note_off 52
time 34
note_on 72
velocity 62
time 43
note_on 45
velocity 50
time 6
note_off 72
time 31
note_on 70
velocity 65
time 4
note_off 45
time 43
note_off 70
time 15
note_on 52
velocity 50
time 15
note_on 72
velocity 61
time 12
note_off 52
time 68
note_on 45
velocity 55
time 37
note_off 45
time 92
note_on 52
velocity 50
time 33
note_off 52
time 89
note_on 45
velocity 46
time 5
note_off 45
time 8
note_off 72
time 0
note_on 65
velocity 55
time 13
note_on 50
velocity 45
time 12
note_off 50
time 77
note_on 53
velocity 57
time 45
note_off 65
time 0
note_on 62
velocity 63
time 6
note_off 53
time 98
note_on 50
velocity 60
time 5
note_on 65
velocity 65
time 1
note_off 62
time 2
note_off 50
time 35
note_off 65
time 12
note_on 45
velocity 57
time 9
note_on 70
velocity 67
time 0
note_off 45
time 110
note_on 65
velocity 66
time 0
note_off 70
time 1
note_on 50
velocity 62
time 19
note_off 65
time 80
note_off 50
time 12
note_on 62
velocity 67
time 5
note_on 53
velocity 63
time 1
note_off 53
time 80
note_on 57
velocity 63
time 18
note_off 62
time 3
note_on 65
velocity 67
time 13
note_off 57
time 28
note_off 65
time 31
note_on 43
velocity 70
time 28
note_on 70
velocity 68
time 11
note_off 43
time 80
note_off 70
time 30
note_on 52
velocity 62
time 1
note_on 67
velocity 64
time 6
note_off 52
time 73
note_off 67
time 11
note_on 64
velocity 63
time 17
note_on 55
velocity 67
time 4
note_off 64
time 54
note_off 55
time 58
note_on 67
velocity 59
time 7
note_on 58
velocity 66
time 7
note_off 58
time 79
note_off 67
time 4
note_on 61
velocity 68
time 25
note_on 55
velocity 61
time 8
note_off 55
time 39
note_off 61
time 32
note_on 69
velocity 64
time 45
note_on 49
velocity 71
time 103
note_off 69
time 8
note_on 70
velocity 62
time 18
note_off 49
time 8
note_off 70
time 84
note_on 69
velocity 61
time 26
note_off 69
time 84
note_on 52
velocity 59
time 22
note_on 61
velocity 58
time 15
note_off 52
time 17
note_off 61
time 50
note_on 69
velocity 53
time 58
note_off 69
time 102
note_on 43
velocity 63
time 7
note_on 70
velocity 57
time 12
note_off 70
time 123
note_on 69
velocity 55
time 14
note_off 69
time 109
note_on 61
velocity 61
time 2
note_off 61
time 9
note_off 43
time 6
note_on 46
velocity 62
time 8
note_off 46
time 14
note_on 64
velocity 66
time 0
note_on 45
velocity 63
time 3
note_off 45
time 103
note_on 43
velocity 66
time 6
note_off 43
time 116
note_on 41
velocity 70
time 2
note_off 41
time 78
note_on 53
velocity 65
time 39
note_on 69
velocity 68
time 17
note_off 64
time 43
note_off 53
time 51
note_on 52
velocity 64
time 8
note_off 69
time 7
note_on 70
velocity 71
time 3
note_off 52
time 73
note_on 53
velocity 64
time 12
note_on 69
velocity 71
time 44
note_off 70
time 32
note_off 53
time 29
note_on 41
velocity 73
time 44
note_off 69
time 2
note_on 62
velocity 76
time 3
note_off 41
time 65
note_on 69
velocity 72
time 51
note_on 53
velocity 63
time 1
note_off 62
time 6
note_off 69
time 92
note_off 53
time 2
note_on 70
velocity 71
time 5
note_on 52
velocity 66
time 7
note_off 52
time 84
note_on 69
velocity 70
time 7
note_off 70
time 1
note_on 53
velocity 71
time 13
note_off 53
time 88
note_on 62
velocity 76
time 31
note_off 69
time 2
note_on 41
velocity 77
time 1
note_off 62
time 35
note_off 41
time 43
note_on 53
velocity 69
time 36
note_on 65
velocity 81
time 109
note_off 53
time 2
note_on 52
velocity 69
time 6
note_off 52
time 85
note_on 50
velocity 78
time 21
note_on 49
velocity 83
time 135
note_off 50
time 20
note_off 65
time 31
note_off 49
time 21
note_on 67
velocity 80
time 59
note_on 69
velocity 80
time 114
note_off 67
time 2
note_on 40
velocity 75
time 1
note_off 40
time 35
note_on 41
velocity 37
time 0
note_off 41
time 1
note_on 67
velocity 79
time 76
note_off 69
time 21
note_on 43
velocity 83
time 93
note_on 64
velocity 78
time 8
note_off 67
time 8
note_off 43
time 63
note_on 67
velocity 75
time 39
note_off 64
time 10
note_on 69
velocity 78
time 111
note_off 67
time 3
note_on 37
velocity 85
time 6
note_on 67
velocity 76
time 104
note_off 69
time 46
note_off 37
time 70
note_off 67
time 5
note_on 57
velocity 81
time 3
note_off 57
time 3
note_on 49
velocity 77
time 30
note_off 49
time 4
note_on 47
velocity 74
time 12
note_on 67
velocity 88
time 27
note_on 45
velocity 76
time 103
note_off 47
time 0
note_off 67
time 17
note_on 50
velocity 81
time 11
note_off 45
time 16
note_on 58
velocity 82
time 6
note_off 50
time 6
note_on 57
velocity 80
time 53
note_off 58
time 5
note_on 38
velocity 78
time 4
note_off 38
time 53
note_on 55
velocity 76
time 57
note_off 57
time 1
note_off 55
time 107
note_on 41
velocity 80
time 21
note_on 57
velocity 81
time 0
note_off 41
time 53
note_off 57
time 60
note_on 64
velocity 71
time 12
note_on 62
velocity 79
time 105
note_on 45
velocity 77
time 17
note_off 64
time 17
note_off 45
time 15
note_on 61
velocity 73
time 76
note_off 62
time 4
note_on 62
velocity 81
time 112
note_off 61
time 2
note_on 50
velocity 69
time 10
note_on 48
velocity 57
time 16
note_on 49
velocity 71
time 27
note_off 50
time 0
note_off 48
time 7
note_on 67
velocity 73
time 57
note_off 62
time 17
note_on 50
velocity 76
time 3
note_off 49
time 8
note_off 67
time 80
note_on 65
velocity 68
time 2
note_off 65
time 107
note_on 64
velocity 71
time 4
note_off 64
time 92
note_on 65
velocity 69
time 16
note_on 58
velocity 72
time 125
note_off 50
time 10
note_off 65
time 1
note_on 55
velocity 62
time 4
note_off 58
time 68
note_off 55
time 32
note_on 60
velocity 66
time 1
note_on 57
velocity 63
time 6
note_off 57
time 60
note_on 58
velocity 69
time 35
note_on 62
velocity 67
time 6
note_off 60
time 2
note_off 58
time 41
note_on 48
velocity 70
time 54
note_on 63
velocity 70
time 7
note_off 62
time 8
note_off 63
time 79
note_off 48
time 2
note_on 54
velocity 68
time 25
note_on 57
velocity 62
time 8
note_off 54
time 83
note_off 57
time 0
note_on 58
velocity 63
time 19
note_on 55
velocity 59
time 7
note_off 55
time 73
note_off 58
time 15
note_on 57
velocity 64
time 20
note_on 60
velocity 62
time 3
note_off 57
time 48
note_off 60
time 47
note_on 46
velocity 69
time 1
note_on 62
velocity 63
time 14
note_off 46
time 90
note_off 62
time 6
note_on 55
velocity 55
time 14
note_on 58
velocity 62
time 1
note_off 55
time 84
note_off 58
time 20
note_on 57
velocity 63
time 2
note_on 60
velocity 58
time 29
note_off 57
time 82
note_on 58
velocity 63
time 7
note_off 60
time 1
note_on 62
velocity 63
time 23
note_off 58
time 28
note_off 62
time 61
note_on 63
velocity 67
time 10
note_on 48
velocity 60
time 1
note_off 48
time 77
note_off 63
time 20
note_on 54
velocity 61
time 7
note_on 57
velocity 63
time 2
note_off 54
time 87
note_off 57
time 3
note_on 55
velocity 61
time 9
note_on 58
velocity 56
time 17
note_off 55
time 66
note_off 58
time 34
note_on 57
velocity 61
time 9
note_on 60
velocity 58
time 11
note_off 57
time 57
note_off 60
time 17
note_on 46
velocity 61
time 11
note_on 62
velocity 56
time 18
note_off 62
time 86
note_off 46
time 7
note_on 58
velocity 60
time 3
note_on 55
velocity 62
time 5
note_off 55
time 11
note_off 58
time 4
note_on 57
velocity 56
time 9
note_on 60
velocity 63
time 3
note_off 57
time 88
note_on 58
velocity 49
time 5
note_off 60
time 5
note_on 62
velocity 67
time 12
note_off 58
time 19
note_off 62
time 16
note_on 60
velocity 68
time 9
note_on 45
velocity 66
time 2
note_off 45
time 17
note_on 50
velocity 59
time 3
note_on 54
velocity 63
time 3
note_off 60
time 8
note_off 54
time 29
note_on 52
velocity 62
time 5
note_on 55
velocity 62
time 5
note_off 50
time 3
note_off 52
time 26
note_on 57
velocity 70
time 34
note_on 54
velocity 65
time 2
note_off 55
time 20
note_off 54
time 27
note_on 43
velocity 62
time 65
note_on 58
velocity 67
time 18
note_off 57
time 33
note_off 43
time 88
note_on 50
velocity 64
time 13
note_off 50
time 93
note_on 52
velocity 65
time 20
note_on 54
velocity 64
time 127
note_off 52
time 62
note_on 55
velocity 71
time 56
note_off 58
time 16
note_off 54
time 20
note_on 57
velocity 71
time 41
note_on 58
velocity 62
time 123
note_off 57
time 25
note_on 60
velocity 78
time 96
note_off 58
time 33
note_off 55
time 8
note_on 62
velocity 77
time 52
note_off 60
time 5
note_off 62
time 3
note_on 58
velocity 66
time 3
note_off 58
time 21
note_on 67
velocity 78
time 4
note_on 62
velocity 76
time 96
note_off 67
time 2
note_on 70
velocity 77
time 7
note_off 62
time 2
note_on 67
velocity 72
time 12
note_off 70
time 29
note_off 67
time 81
note_on 65
velocity 67
time 11
note_off 65
time 98
note_on 63
velocity 70
time 4
note_on 62
velocity 62
time 126
note_off 63
time 7
note_on 60
velocity 62
time 94
note_off 62
time 34
note_off 60
time 69
note_on 58
velocity 60
time 2
note_off 58
time 104
note_on 57
velocity 58
time 20
note_off 57
time 109
note_on 55
velocity 61
time 14
note_off 55
time 81
note_on 58
velocity 57
time 45
note_off 58
time 80
note_on 52
velocity 54
time 28
note_off 52
time 72
note_on 55
velocity 60
time 34
note_off 55
time 97
note_on 49
velocity 57
time 18
note_on 70
velocity 66
time 113
note_on 69
velocity 69
time 122
note_off 70
time 29
note_off 69
time 77
note_on 67
velocity 69
time 2
note_on 76
velocity 73
time 110
note_off 67
time 59
note_on 74
velocity 74
time 71
note_off 49
time 37
note_off 76
time 16
note_on 73
velocity 71
time 57
note_on 45
velocity 66
time 15
note_off 74
time 27
note_off 45
time 38
note_on 71
velocity 65
time 45
note_off 73
time 27
note_off 71
time 88
note_on 47
velocity 66
time 1
note_on 69
velocity 69
time 0
note_off 47
time 46
note_on 67
velocity 69
time 65
note_off 69
time 7
note_on 49
velocity 64
time 109
note_on 65
velocity 65
time 5
note_off 67
time 12
note_off 49
time 34
note_on 64
velocity 67
time 56
note_off 65
time 6
note_off 64
time 67
note_on 65
velocity 80
time 40
note_on 50
velocity 65
time 10
note_off 50
time 34
note_on 62
velocity 61
time 107
note_off 65
time 10
note_off 62
time 79
note_on 67
velocity 77
time 11
note_on 52
velocity 61
time 3
note_off 52
time 36
note_on 62
velocity 64
time 92
note_off 67
time 8
note_off 62
time 83
note_on 53
velocity 51
time 4
note_on 69
velocity 79
time 5
note_off 53
time 29
note_on 62
velocity 57
time 91
note_off 69
time 4
note_off 62
time 73
note_on 55
velocity 58
time 46
note_on 70
velocity 72
time 0
note_off 55
time 101
note_on 62
velocity 60
time 31
note_off 70
time 7
note_off 62
time 18
note_on 57
velocity 64
time 19
note_off 57
time 12
note_on 62
velocity 56
time 35
note_off 62
time 9
note_on 64
velocity 64
time 1
note_on 45
velocity 60
time 15
note_off 45
time 66
note_off 64
time 31
note_on 61
velocity 63
time 13
note_off 61
time 94
note_on 62
velocity 61
time 37
note_on 50
velocity 60
time 5
note_off 50
time 62
note_off 62
time 32
note_on 60
velocity 58
time 25
note_off 60
time 93
note_on 57
velocity 57
time 7
note_on 54
velocity 60
time 7
note_off 57
time 45
note_off 54
time 20
note_on 60
velocity 56
time 53
note_off 60
time 90
note_on 50
velocity 57
time 11
note_on 62
velocity 62
time 4
note_off 50
time 45
note_off 62
time 54
note_on 60
velocity 58
time 23
note_off 60
time 110
note_on 57
velocity 55
time 10
note_on 54
velocity 57
time 6
note_off 57
time 38
note_off 54
time 23
note_on 60
velocity 54
time 46
note_off 60
time 92
note_on 62
velocity 63
time 16
note_on 50
velocity 54
time 4
note_off 50
time 46
note_off 62
time 38
note_on 60
velocity 58
time 23
note_off 60
time 105
note_on 57
velocity 57
time 19
note_on 54
velocity 58
time 1
note_off 57
time 52
note_off 54
time 9
note_on 60
velocity 51
time 47
note_off 60
time 105
note_on 58
velocity 61
time 11
note_on 50
velocity 56
time 4
note_off 50
time 45
note_off 58
time 35
note_on 62
velocity 52
time 30
note_off 62
time 116
note_on 55
velocity 50
time 31
note_on 58
velocity 55
time 2
note_off 55
time 44
note_off 58
time 43
note_on 54
velocity 51
time 23
note_off 54
time 81
note_on 50
velocity 56
time 21
note_on 58
velocity 52
time 17
note_off 50
time 32
note_off 58
time 28
note_on 62
velocity 51
time 45
note_off 62
time 106
note_on 58
velocity 54
time 14
note_on 55
velocity 46
time 14
note_off 55
time 46
note_off 58
time 30
note_on 54
velocity 47
time 28
note_off 54
time 92
note_on 50
velocity 53
time 32
note_on 58
velocity 47
time 3
note_off 50
time 42
note_off 58
time 17
note_on 62
velocity 51
time 38
note_off 62
time 122
note_on 58
velocity 49
time 10
note_on 55
velocity 41
time 30
note_off 58
time 59
note_off 55
time 5
note_on 52
velocity 46
time 13
note_off 52
time 0
note_on 53
velocity 58
time 16
note_on 50
velocity 54
time 1
note_off 50
time 2
note_off 53
time 22
note_on 62
velocity 53
time 31
note_off 62
time 1
note_on 57
velocity 57
time 2
note_on 53
velocity 58
time 2
note_off 57
time 36
note_off 53
time 18
note_on 62
velocity 53
time 52
note_off 62
time 73
note_on 53
velocity 59
time 37
note_on 50
velocity 55
time 5
note_off 50
time 57
note_off 53
time 0
note_on 62
velocity 55
time 64
note_off 62
time 106
note_on 57
velocity 49
time 36
note_on 53
velocity 50
time 5
note_off 57
time 33
note_off 53
time 15
note_on 62
velocity 55
time 67
note_off 62
time 75
note_on 53
velocity 52
time 38
note_on 50
velocity 49
time 1
note_off 50
time 53
note_off 53
time 3
note_on 62
velocity 54
time 66
note_off 62
time 65
note_on 57
velocity 51
time 43
note_on 53
velocity 48
time 20
note_off 57
time 22
note_off 53
time 32
note_on 62
velocity 58
time 36
note_off 62
time 12
note_on 50
velocity 51
time 10
note_on 55
velocity 54
time 10
note_off 50
time 16
note_off 55
time 45
note_on 61
velocity 54
time 31
note_on 58
velocity 66
time 122
note_off 61
time 8
note_on 55
velocity 55
time 20
note_off 58
time 14
note_off 55
time 55
note_on 52
velocity 48
time 42
note_off 52
time 75
note_on 50
velocity 60
time 29
note_on 55
velocity 51
time 2
note_off 50
time 38
note_off 55
time 53
note_on 61
velocity 51
time 37
note_off 61
time 95
note_on 58
velocity 61
time 18
note_on 55
velocity 51
time 13
note_off 58
time 27
note_off 55
time 35
note_on 52
velocity 41
time 63
note_off 52
time 91
note_on 55
velocity 48
time 32
note_on 50
velocity 37
time 15
note_off 50
time 46
note_off 55
time 28
note_on 61
velocity 51
time 57
note_off 61
time 140
note_on 55
velocity 49
time 14
note_on 58
velocity 51
time 6
note_off 58
time 37
note_off 55
time 57
note_on 52
velocity 43
time 82
note_off 52
time 100
note_on 57
velocity 45
time 179
note_on 50
velocity 33
time 26
note_on 62
velocity 47
time 9
note_on 54
velocity 31
time 7
note_off 50
time 6
note_off 57
time 56
note_off 54
time 41
note_off 62
time 19
note_on 62
velocity 45
time 991
note_on 64
velocity 56
time 263
note_off 62
time 13
note_on 65
velocity 56
time 168
note_off 64
time 9
note_on 67
velocity 61
time 145
note_off 65
time 9
note_on 65
velocity 65
time 155
note_off 67
time 41
note_on 64
velocity 64
time 97
note_off 65
time 4
note_on 65
velocity 64
time 162
note_off 64
time 41
note_on 67
velocity 68
time 112
note_off 65
time 16
note_on 69
velocity 72
time 144
note_off 67
time 32
note_on 70
velocity 67
time 115
note_off 69
time 30
note_on 69
velocity 72
time 122
note_off 70
time 42
note_on 67
velocity 66
time 107
note_off 69
time 17
note_on 69
velocity 75
time 151
note_off 67
time 66
note_on 74
velocity 74
time 515
note_off 69
time 184
note_on 73
velocity 65
time 375
note_off 74
time 151
note_on 72
velocity 65
time 440
note_off 73
time 101
note_on 71
velocity 60
time 451
note_off 72
time 128
note_on 70
velocity 57
time 447
note_off 71
time 107
note_on 69
velocity 56
time 467
note_off 70
time 20
note_on 67
velocity 55
time 3
note_off 69
time 13
note_on 65
velocity 47
time 825
note_off 67
time 60
note_on 64
velocity 41
time 521
note_off 65
time 110
note_on 69
velocity 41
time 479
note_off 64
time 26
note_off 69
time 88
note_on 69
velocity 56
time 10
note_on 65
velocity 37
time 2
note_on 71
velocity 63
time 0
note_off 69
time 6
note_on 72
velocity 68
time 29
note_off 71
time 17
note_off 65
time 33
note_off 72
time 16
note_on 74
velocity 66
time 5
note_on 62
velocity 46
time 9
note_on 72
velocity 69
time 79
note_off 74
time 59
note_on 71
velocity 64
time 95
note_off 72
time 18
note_off 62
time 106
note_off 71
time 23
note_on 69
velocity 53
time 2
note_on 72
velocity 67
time 9
note_on 74
velocity 70
time 152
note_off 72
time 23
note_on 76
velocity 72
time 14
note_off 69
time 5
note_off 74
time 16
note_on 77
velocity 73
time 10
note_off 76
time 14
note_on 76
velocity 76
time 11
note_off 77
time 11
note_on 74
velocity 74
time 7
note_off 76
time 23
note_on 76
velocity 82
time 38
note_off 74
time 34
note_on 59
velocity 70
time 75
note_on 81
velocity 80
time 278
note_on 60
velocity 61
time 12
note_off 59
time 41
note_off 76
time 96
note_on 62
velocity 64
time 118
note_off 60
time 23
note_on 80
velocity 76
time 229
note_off 62
time 2
note_on 64
velocity 57
time 10
note_off 81
time 87
note_on 66
velocity 63
time 152
note_off 64
time 4
note_on 79
velocity 72
time 229
note_off 66
time 18
note_on 67
velocity 55
time 9
note_off 80
time 95
note_off 67
time 161
note_on 64
velocity 54
time 17
note_on 78
velocity 69
time 228
note_off 64
time 6
note_on 69
velocity 51
time 22
note_off 79
time 44
note_on 68
velocity 50
time 193
note_off 69
time 8
note_off 68
time 223
note_on 77
velocity 65
time 1
note_on 69
velocity 46
time 6
note_off 78
time 108
note_off 69
time 177
note_on 71
velocity 45
time 0
note_on 76
velocity 59
time 234
note_off 71
time 19
note_on 72
velocity 40
time 6
note_off 77
time 18
note_off 72
time 8
note_on 66
velocity 51
time 3
note_off 76
time 9
note_off 66
time 2
note_on 74
velocity 69
time 9
note_on 71
velocity 50
time 9
note_on 69
velocity 62
time 16
note_off 71
time 2
note_on 68
velocity 56
time 82
note_off 69
time 6
note_off 68
time 213
note_on 64
velocity 54
time 30
note_off 74
time 254
note_on 72
velocity 65
time 17
note_off 64
time 3
note_on 69
velocity 51
time 4
note_on 71
velocity 47
time 532
note_off 72
time 85
note_off 69
time 455
note_on 76
velocity 47
time 3
note_on 67
velocity 28
time 14
note_off 71
time 83
note_off 76
time 12
note_on 69
velocity 60
time 4
note_on 65
velocity 51
time 18
note_off 67
time 3
note_off 65
time 19
note_on 64
velocity 53
time 14
note_off 64
time 19
note_on 71
velocity 65
time 14
note_on 62
velocity 48
time 23
note_off 62
time 62
note_on 64
velocity 52
time 14
note_off 69
time 11
note_off 64
time 2
note_on 65
velocity 50
time 13
note_off 65
time 44
note_on 72
velocity 64
time 18
note_on 64
velocity 49
time 8
note_off 71
time 86
note_off 64
time 65
note_on 62
velocity 49
time 27
note_off 62
time 134
note_on 60
velocity 43
time 33
note_on 68
velocity 54
time 138
note_off 60
time 10
note_on 59
velocity 43
time 33
note_off 72
time 25
note_off 59
time 134
note_on 60
velocity 45
time 4
note_off 60
time 103
note_on 62
velocity 39
time 44
note_off 68
time 136
note_on 60
velocity 39
time 13
note_on 69
velocity 49
time 7
note_off 62
time 19
note_on 67
velocity 53
time 153
note_off 69
time 29
note_off 67
time 17
note_on 65
velocity 56
time 2
note_off 65
time 2
note_off 60
time 9
note_on 64
velocity 56
time 7
note_on 61
velocity 53
time 2
note_off 64
time 6
note_on 65
velocity 53
time 8
note_off 65
time 9
note_on 67
velocity 55
time 5
note_off 61
time 2
note_on 62
velocity 50
time 4
note_on 65
velocity 55
time 7
note_off 67
time 2
note_on 64
velocity 59
time 6
note_off 62
time 10
note_off 65
time 0
note_off 64
time 66
note_on 62
velocity 58
time 15
note_off 62
time 2
note_on 61
velocity 61
time 12
note_on 55
velocity 58
time 2
note_on 62
velocity 59
time 12
note_off 61
time 16
note_off 55
time 11
note_on 64
velocity 65
time 32
note_off 62
time 5
note_on 62
velocity 60
time 15
note_on 50
velocity 48
time 14
note_on 53
velocity 48
time 3
note_on 52
velocity 56
time 4
note_off 64
time 12
note_off 52
time 5
note_on 52
velocity 62
time 10
note_off 53
time 26
note_off 50
time 6
note_on 53
velocity 68
time 13
note_off 52
time 22
note_on 61
velocity 64
time 27
note_on 55
velocity 67
time 8
note_on 58
velocity 49
time 5
note_off 53
time 11
note_off 62
time 42
note_on 53
velocity 73
time 100
note_off 55
time 43
note_on 52
velocity 71
time 28
note_off 53
time 11
note_off 58
time 79
note_off 61
time 5
note_on 62
velocity 70
time 9
note_on 53
velocity 73
time 2
note_on 57
velocity 57
time 14
note_off 52
time 6
note_off 57
time 98
note_on 55
velocity 75
time 3
note_off 53
time 4
note_off 62
time 22
note_on 57
velocity 75
time 18
note_off 55
time 60
note_on 58
velocity 68
time 7
note_on 67
velocity 73
time 1
note_on 62
velocity 59
time 2
note_off 57
time 8
note_on 57
velocity 78
time 35
note_off 58
time 38
note_on 55
velocity 74
time 14
note_off 57
time 30
note_off 62
time 48
note_on 61
velocity 58
time 4
note_on 57
velocity 74
time 23
note_off 55
time 107
note_off 61
time 148
note_on 64
velocity 72
time 8
note_off 67
time 108
note_on 62
velocity 80
time 180
note_on 65
velocity 70
time 12
note_off 64
time 51
note_off 57
time 143
note_on 67
velocity 73
time 60
note_off 65
time 0
note_off 67
time 19
note_on 61
velocity 71
time 2
note_on 69
velocity 74
time 4
note_on 64
velocity 46
time 2
note_off 62
time 33
note_on 71
velocity 75
time 10
note_off 69
time 40
note_on 60
velocity 74
time 197
note_on 72
velocity 68
time 8
note_off 71
time 40
note_off 61
time 53
note_on 69
velocity 65
time 156
note_off 64
time 67
note_off 69
time 11
note_on 59
velocity 71
time 50
note_on 74
velocity 73
time 21
note_on 62
velocity 45
time 20
note_off 60
time 10
note_off 72
time 6
note_on 73
velocity 74
time 33
note_off 74
time 8
note_on 58
velocity 73
time 17
note_on 74
velocity 73
time 29
note_off 59
time 10
note_off 73
time 23
note_on 76
velocity 76
time 107
note_off 74
time 57
note_on 57
velocity 73
time 169
note_on 77
velocity 70
time 20
note_off 76
time 59
note_off 58
time 9
note_on 71
velocity 73
time 166
note_off 62
time 63
note_on 55
velocity 68
time 203
note_on 76
velocity 68
time 18
note_off 71
time 2
note_off 57
time 2
note_off 77
time 86
note_on 74
velocity 65
time 119
note_off 76
time 93
note_on 73
velocity 65
time 162
note_off 74
time 80
note_on 69
velocity 60
time 16
note_off 73
time 3
note_off 69
time 62
note_on 53
velocity 50
time 8
note_on 74
velocity 63
time 1
note_on 70
velocity 51
time 8
note_off 55
time 6
note_on 69
velocity 53
time 1
note_off 70
time 34
note_off 69
time 107
note_on 67
velocity 51
time 30
note_on 52
velocity 49
time 13
note_off 53
time 23
note_on 70
velocity 51
time 208
note_off 67
time 63
note_on 72
velocity 54
time 73
note_on 57
velocity 48
time 1
note_on 69
velocity 46
time 12
note_off 52
time 10
note_off 70
time 13
note_off 74
time 9
note_off 69
time 13
note_on 67
velocity 46
time 0
note_off 57
time 27
note_off 67
time 12
note_on 50
velocity 43
time 3
note_on 66
velocity 45
time 9
note_off 50
time 20
note_on 62
velocity 61
time 68
note_on 70
velocity 64
time 15
note_on 63
velocity 58
time 23
note_on 67
velocity 47
time 21
note_off 72
time 0
note_off 66
time 18
note_off 62
time 2
note_on 62
velocity 59
time 4
note_off 63
time 41
note_on 69
velocity 57
time 107
note_off 62
time 8
note_on 60
velocity 47
time 6
note_off 70
time 70
note_off 60
time 156
note_on 63
velocity 49
time 8
note_off 67
time 210
note_off 63
time 31
note_on 62
velocity 33
time 16
note_on 65
velocity 29
time 29
note_on 60
velocity 47
time 5
note_off 62
time 10
note_off 65
time 83
note_off 69
time 16
note_off 60
time 15
note_on 62
velocity 48
time 9
note_on 59
velocity 46
time 5
note_off 59
time 28
note_on 79
velocity 73
time 5
note_on 55
velocity 46
time 4
note_off 62
time 76
note_on 81
velocity 72
time 42
note_on 60
velocity 47
time 12
note_on 64
velocity 55
time 0
note_off 79
time 75
note_off 55
time 2
note_on 79
velocity 73
time 6
note_off 81
time 52
note_on 62
velocity 51
time 69
note_on 77
velocity 69
time 6
note_off 64
time 42
note_off 79
time 3
note_on 81
velocity 69
time 190
note_off 77
time 57
note_on 79
velocity 67
time 180
note_on 58
velocity 41
time 7
note_off 60
time 14
note_off 81
time 8
note_on 77
velocity 59
time 207
note_off 79
time 38
note_on 76
velocity 57
time 105
note_on 60
velocity 40
time 8
note_off 77
time 71
note_off 62
time 26
note_off 58
time 1
note_on 72
velocity 67
time 9
note_off 76
time 3
note_on 57
velocity 52
time 8
note_on 74
velocity 69
time 3
note_on 77
velocity 62
time 1
note_off 72
time 14
note_on 72
velocity 70
time 26
note_off 74
time 8
note_on 70
velocity 63
time 133
note_on 55
velocity 43
time 6
note_off 72
time 10
note_off 57
time 73
note_off 60
time 32
note_on 74
velocity 63
time 35
note_off 77
time 35
note_off 70
time 34
note_off 74
time 193
note_on 60
velocity 44
time 6
note_on 72
velocity 55
time 6
note_on 76
velocity 52
time 1
note_off 55
time 10
note_on 70
velocity 62
time 1
note_off 72
time 8
note_on 69
velocity 70
time 1
note_on 53
velocity 52
time 6
note_off 70
time 41
note_off 76
time 3
note_off 60
time 11
note_on 55
velocity 60
time 13
note_off 53
time 5
note_on 77
velocity 69
time 15
note_off 55
time 11
note_on 57
velocity 64
time 6
note_off 69
time 32
note_on 67
velocity 78
time 12
note_on 58
velocity 61
time 9
note_off 57
time 4
note_off 77
time 47
note_off 58
time 29
note_on 57
velocity 68
time 31
note_on 76
velocity 76
time 82
note_off 57
time 55
note_on 55
velocity 62
time 1
note_off 67
time 14
note_off 76
time 69
note_on 57
velocity 73
time 1
note_off 55
time 7
note_on 65
velocity 79
time 6
note_on 74
velocity 80
time 10
note_off 57
time 13
note_off 65
time 4
note_off 74
time 1
note_on 45
velocity 76
time 15
note_on 64
velocity 79
time 4
note_on 73
velocity 81
time 29
note_off 45
time 11
note_off 64
time 6
note_on 50
velocity 69
time 20
note_on 74
velocity 77
time 3
note_on 65
velocity 62
time 8
note_off 73
time 12
note_on 52
velocity 70
time 45
note_off 50
time 15
note_off 74
time 9
note_off 65
time 18
note_on 53
velocity 76
time 3
note_off 52
time 13
note_on 55
velocity 71
time 73
note_on 70
velocity 77
time 19
note_on 61
velocity 73
time 2
note_off 53
time 17
note_on 53
velocity 74
time 37
note_off 55
time 50
note_on 52
velocity 72
time 22
note_off 53
time 12
note_off 61
time 35
note_off 70
time 10
note_on 53
velocity 64
time 10
note_on 69
velocity 74
time 0
note_on 62
velocity 67
time 0
note_off 52
time 22
note_on 55
velocity 69
time 25
note_on 67
velocity 72
time 3
note_off 53
time 31
note_off 69
time 15
note_on 57
velocity 71
time 70
note_on 65
velocity 68
time 2
note_off 55
time 17
note_off 67
time 40
note_on 58
velocity 68
time 60
note_on 64
velocity 71
time 1
note_off 65
time 28
note_off 57
time 12
note_on 65
velocity 75
time 128
note_on 57
velocity 65
time 23
note_off 58
time 0
note_off 64
time 31
note_off 57
time 71
note_on 55
velocity 60
time 5
note_off 65
time 16
note_on 67
velocity 66
time 1
note_on 57
velocity 66
time 155
note_on 65
velocity 63
time 14
note_off 55
time 38
note_off 67
time 29
note_off 62
time 70
note_on 64
velocity 61
time 13
note_off 65
time 17
note_off 64
time 16
note_on 62
velocity 56
time 16
note_off 57
time 4
note_on 58
velocity 52
time 0
note_on 55
velocity 47
time 8
note_off 62
time 8
note_on 61
velocity 65
time 1
note_on 62
velocity 64
time 9
note_off 61
time 3
note_off 58
time 75
note_on 64
velocity 71
time 10
note_off 62
time 11
note_off 55
time 13
note_off 64
time 4
note_on 62
velocity 74
time 4
note_on 53
velocity 58
time 18
note_on 57
velocity 57
time 4
note_on 52
velocity 65
time 12
note_on 64
velocity 71
time 5
note_off 53
time 20
note_off 62
time 4
note_on 50
velocity 67
time 97
note_on 65
velocity 75
time 1
note_off 52
time 3
note_off 64
time 55
note_on 67
velocity 75
time 35
note_on 49
velocity 71
time 18
note_off 50
time 4
note_off 65
time 20
note_on 50
velocity 74
time 139
note_on 65
velocity 82
time 2
note_off 49
time 12
note_off 67
time 57
note_on 64
velocity 79
time 4
note_on 52
velocity 67
time 1
note_off 50
time 19
note_off 65
time 14
note_off 57
time 120
note_on 50
velocity 74
time 8
note_on 65
velocity 76
time 3
note_off 64
time 16
note_off 52
time 10
note_on 67
velocity 81
time 107
note_on 55
velocity 58
time 1
note_off 65
time 45
note_on 69
velocity 79
time 80
note_on 53
velocity 68
time 14
note_off 55
time 20
note_off 67
time 22
note_on 70
velocity 79
time 97
note_off 53
time 1
note_on 52
velocity 67
time 4
note_off 69
time 29
note_on 69
velocity 81
time 116
note_on 53
velocity 70
time 1
note_off 52
time 73
note_off 70
time 28
note_off 53
time 71
note_on 55
velocity 64
time 0
note_on 67
velocity 78
time 1
note_off 69
time 34
note_off 55
time 111
note_on 53
velocity 73
time 2
note_on 69
velocity 82
time 11
note_off 67
time 17
note_off 50
time 80
note_on 48
velocity 77
time 170
note_on 74
velocity 82
time 248
note_on 46
velocity 75
time 12
note_off 48
time 41
note_off 53
time 8
note_off 69
time 128
note_on 55
velocity 76
time 85
note_on 45
velocity 70
time 94
note_on 73
velocity 81
time 10
note_off 46
time 43
note_off 55
time 10
note_off 74
time 31
note_on 55
velocity 61
time 165
note_on 72
velocity 75
time 248
note_on 54
velocity 65
time 10
note_off 73
time 53
note_off 55
time 9
note_on 50
velocity 74
time 8
note_off 54
time 6
note_off 45
time 14
note_off 50
time 45
note_on 43
velocity 73
time 3
note_on 71
velocity 85
time 1
note_off 72
time 15
note_on 53
velocity 73
time 28
note_on 70
velocity 81
time 88
note_on 52
velocity 74
time 2
note_off 53
time 15
note_off 71
time 9
note_on 48
velocity 80
time 196
note_off 52
time 8
note_off 43
time 0
note_off 48
time 10
note_on 69
velocity 86
time 68
note_on 41
velocity 79
time 4
note_off 70
time 5
note_on 51
velocity 82
time 25
note_on 81
velocity 86
time 244
note_on 50
velocity 77
time 10
note_off 51
time 6
note_on 46
velocity 81
time 171
note_off 41
time 10
note_off 50
time 5
note_off 46
time 14
note_on 40
velocity 81
time 84
note_off 69
time 0
note_on 80
velocity 82
time 8
note_off 81
time 11
note_on 50
velocity 80
time 9
note_on 49
velocity 76
time 102
note_on 79
velocity 80
time 1
note_off 80
time 48
note_off 50
time 39
note_on 45
velocity 80
time 1
note_off 49
time 0
note_off 40
time 0
note_off 45
time 9
note_on 50
velocity 73
time 135
note_on 78
velocity 81
time 0
note_on 38
velocity 73
time 1
note_off 79
time 3
note_on 69
velocity 82
time 140
note_off 78
time 3
note_off 50
time 37
note_on 77
velocity 75
time 5
note_on 70
velocity 81
time 1
note_on 50
velocity 60
time 3
note_off 69
time 14
note_on 69
velocity 81
time 110
note_off 70
time 16
note_off 77
time 9
note_off 38
time 27
note_off 69
time 9
note_on 67
velocity 75
time 14
note_on 76
velocity 71
time 8
note_on 70
velocity 69
time 75
note_off 67
time 1
note_on 69
velocity 65
time 16
note_on 49
velocity 52
time 6
note_off 70
time 19
note_off 50
time 20
note_on 67
velocity 63
time 145
note_off 69
time 32
note_on 65
velocity 62
time 211
note_off 49
time 2
note_off 67
time 2
note_on 50
velocity 54
time 17
note_on 57
velocity 68
time 15
note_off 76
time 72
note_off 50
time 43
note_on 74
velocity 74
time 17
note_on 58
velocity 61
time 19
note_off 57
time 35
note_on 57
velocity 61
time 17
note_off 58
time 19
note_off 57
time 112
note_on 55
velocity 47
time 10
note_on 64
velocity 46
time 4
note_off 65
time 4
note_on 58
velocity 50
time 238
note_off 55
time 31
note_on 57
velocity 47
time 228
note_on 73
velocity 49
time 14
note_off 58
time 11
note_off 74
time 31
note_off 64
time 12
note_off 57
time 34
note_on 55
velocity 46
time 2
note_off 73
time 17
note_on 53
velocity 45
time 8
note_off 55
time 22
note_on 81
velocity 49
time 1
note_on 62
velocity 57
time 26
note_on 82
velocity 60
time 4
note_off 81
time 28
note_on 81
velocity 61
time 112
note_off 82
time 72
note_off 81
time 196
note_off 53
time 2
note_on 79
velocity 51
time 2
note_on 52
velocity 39
time 5
note_on 82
velocity 53
time 247
note_off 79
time 31
note_on 81
velocity 55
time 221
note_on 61
velocity 47
time 18
note_off 82
time 12
note_off 62
time 10
note_off 52
time 12
note_off 61
time 13
note_on 79
velocity 55
time 26
note_off 81
time 11
note_off 79
time 8
note_on 50
velocity 52
time 6
note_on 77
velocity 58
time 3
note_on 62
velocity 56
time 0
note_off 50
time 7
note_on 76
velocity 63
time 51
note_off 77
time 1
note_off 62
time 8
note_on 64
velocity 70
time 6
note_off 76
time 15
note_on 65
velocity 64
time 3
note_on 74
velocity 63
time 5
note_off 64
time 8
note_on 67
velocity 63
time 5
note_off 65
time 2
note_on 73
velocity 69
time 0
note_off 74
time 12
note_on 65
velocity 69
time 9
note_off 67
time 4
note_on 74
velocity 72
time 10
note_off 73
time 7
note_off 65
time 11
note_on 64
velocity 66
time 8
note_on 76
velocity 65
time 13
note_off 74
time 23
note_on 65
velocity 63
time 75
note_on 69
velocity 60
time 17
note_off 76
time 21
note_off 64
time 31
note_on 67
velocity 73
time 113
note_on 71
velocity 65
time 11
note_off 65
time 18
note_off 69
time 14
note_on 69
velocity 72
time 102
note_on 73
velocity 68
time 13
note_off 67
time 37
note_off 71
time 0
note_on 70
velocity 74
time 82
note_on 74
velocity 70
time 23
note_off 73
time 8
note_off 69
time 9
note_on 69
velocity 78
time 118
note_on 73
velocity 75
time 11
note_off 70
time 25
note_off 74
time 15
note_on 67
velocity 78
time 96
note_off 69
time 11
note_on 71
velocity 73
time 11
note_off 73
time 17
note_on 69
velocity 77
time 16
note_on 73
velocity 73
time 17
note_off 71
time 22
note_off 67
time 9
note_off 73
time 135
note_on 74
velocity 79
time 1
note_on 76
velocity 79
time 0
note_off 74
time 14
note_on 74
velocity 86
time 8
note_on 77
velocity 79
time 9
note_off 76
time 25
note_off 69
time 14
note_off 74
time 6
note_on 76
velocity 82
time 2
note_off 77
time 33
note_on 74
velocity 83
time 85
note_off 76
time 7
note_off 74
time 37
note_on 76
velocity 85
time 14
note_on 73
velocity 81
time 1
note_on 47
velocity 81
time 76
note_on 81
velocity 81
time 257
note_on 48
velocity 74
time 6
note_on 72
velocity 79
time 1
note_off 76
time 43
note_off 73
time 2
note_on 78
velocity 35
time 11
note_off 47
time 18
note_off 78
time 15
note_on 50
velocity 74
time 106
note_off 48
time 18
note_off 72
time 6
note_on 52
velocity 75
time 98
note_on 71
velocity 79
time 9
note_on 80
velocity 80
time 3
note_off 50
time 16
note_off 81
time 1
note_on 54
velocity 67
time 1
note_off 52
time 14
note_off 80
time 4
note_off 71
time 41
note_on 70
velocity 81
time 11
note_on 79
velocity 77
time 2
note_on 55
velocity 67
time 4
note_off 54
time 15
note_on 52
velocity 67
time 4
note_off 55
time 6
note_off 70
time 42
note_on 78
velocity 76
time 17
note_on 69
velocity 75
time 1
note_on 57
velocity 61
time 8
note_off 52
time 9
note_off 79
time 10
note_on 56
velocity 66
time 5
note_off 57
time 29
note_on 57
velocity 66
time 20
note_on 77
velocity 71
time 6
note_off 56
time 47
note_off 78
time 59
note_on 59
velocity 58
time 160
note_off 57
time 34
note_on 76
velocity 68
time 213
note_on 60
velocity 44
time 6
note_off 59
time 38
note_off 77
time 90
note_on 54
velocity 52
time 4
note_off 60
time 4
note_off 76
time 36
note_off 54
time 10
note_on 59
velocity 58
time 5
note_on 74
velocity 73
time 0
note_off 69
time 20
note_on 57
velocity 58
time 50
note_on 65
velocity 60
time 6
note_off 59
time 30
note_on 64
velocity 64
time 16
note_on 56
velocity 59
time 14
note_off 57
time 33
note_off 65
time 10
note_on 52
velocity 59
time 206
note_off 56
time 13
note_off 74
time 37
note_on 72
velocity 72
time 203
note_on 57
velocity 53
time 1
note_off 52
time 22
note_off 64
time 70
note_on 64
velocity 61
time 4
note_off 64
time 23
note_on 71
velocity 70
time 152
note_on 62
velocity 46
time 25
note_off 72
time 9
note_off 57
time 2
note_on 50
velocity 56
time 11
note_on 55
velocity 50
time 1
note_on 70
velocity 65
time 4
note_off 71
time 16
note_off 62
time 11
note_off 50
time 66
note_on 62
velocity 46
time 128
note_off 55
time 18
note_on 53
velocity 47
time 10
note_off 62
time 237
note_off 53
time 5
note_on 52
velocity 46
time 16
note_on 60
velocity 45
time 18
note_off 52
time 217
note_on 48
velocity 44
time 10
note_off 48
time 51
note_off 60
time 0
note_on 69
velocity 58
time 3
note_on 53
velocity 44
time 6
note_off 70
time 14
note_on 60
velocity 41
time 13
note_off 60
time 25
note_off 53
time 179
note_on 68
velocity 57
time 7
note_on 59
velocity 35
time 22
note_off 69
time 12
note_on 47
velocity 53
time 10
note_off 68
time 114
note_on 67
velocity 56
time 14
note_on 52
velocity 41
time 14
note_off 47
time 59
note_off 59
time 120
note_on 58
velocity 45
time 63
note_off 52
time 7
note_on 50
velocity 40
time 9
note_off 58
time 207
note_on 49
velocity 40
time 46
note_on 57
velocity 43
time 6
note_off 50
time 23
note_off 49
time 11
note_on 45
velocity 41
time 16
note_off 57
time 18
note_off 67
time 12
note_on 50
velocity 38
time 6
note_on 65
velocity 40
time 1
note_off 45
time 8
note_off 65
time 9
note_on 67
velocity 56
time 3
note_off 67
time 17
note_on 65
velocity 51
time 25
note_off 65
time 14
note_on 69
velocity 55
time 8
note_on 64
velocity 42
time 5
note_on 67
velocity 57
time 94
note_off 69
time 1
note_off 64
time 30
note_on 65
velocity 61
time 32
note_off 67
time 41
note_on 64
velocity 55
time 2
note_on 49
velocity 50
time 17
note_off 65
time 9
note_off 50
time 39
note_on 65
velocity 65
time 69
note_off 64
time 61
note_on 67
velocity 60
time 93
note_off 65
time 34
note_on 50
velocity 53
time 125
note_off 49
time 14
note_on 65
velocity 70
time 3
note_off 67
time 130
note_on 48
velocity 57
time 38
note_on 64
velocity 66
time 8
note_off 50
time 25
note_off 65
time 21
note_on 46
velocity 64
time 86
note_on 62
velocity 67
time 20
note_off 48
time 3
note_off 64
time 7
note_on 61
velocity 69
time 135
note_off 46
time 3
note_on 45
velocity 61
time 1
note_off 62
time 15
note_on 46
velocity 67
time 139
note_on 62
velocity 76
time 1
note_off 61
time 27
note_off 45
time 2
note_on 64
velocity 68
time 147
note_on 48
velocity 64
time 9
note_off 62
time 9
note_off 46
time 7
note_on 62
velocity 71
time 15
note_on 46
velocity 69
time 30
note_off 48
time 12
note_off 64
time 25
note_off 46
time 10
note_on 45
velocity 68
time 7
note_on 43
velocity 69
time 1
note_off 45
time 8
note_off 62
time 100
note_on 42
velocity 65
time 0
note_on 57
velocity 78
time 1
note_off 43
time 3
note_on 43
velocity 68
time 48
note_off 42
time 21
note_on 45
velocity 67
time 12
note_off 43
time 3
note_on 43
velocity 68
time 11
note_on 58
velocity 77
time 8
note_off 45
time 8
note_off 57
time 22
note_on 62
velocity 70
time 101
note_on 64
velocity 71
time 18
note_off 62
time 56
note_off 58
time 8
note_off 43
time 3
note_on 38
velocity 73
time 10
note_on 59
velocity 82
time 0
note_on 65
velocity 72
time 7
note_off 64
time 0
note_on 64
velocity 71
time 84
note_off 65
time 16
note_on 62
velocity 81
time 14
note_off 38
time 8
note_off 59
time 8
note_off 64
time 17
note_off 62
time 62
note_on 60
velocity 85
time 0
note_on 39
velocity 72
time 2
note_on 70
velocity 75
time 46
note_on 69
velocity 78
time 16
note_off 60
time 15
note_off 70
time 11
note_off 39
time 16
note_on 61
velocity 81
time 71
note_on 40
velocity 76
time 9
note_on 67
velocity 70
time 3
note_off 69
time 11
note_on 69
velocity 73
time 36
note_off 67
time 85
note_on 70
velocity 77
time 6
note_off 69
time 31
note_off 61
time 11
note_off 70
time 62
note_on 41
velocity 74
time 13
note_on 62
velocity 80
time 6
note_off 40
time 27
note_on 69
velocity 79
time 6
note_on 70
velocity 80
time 168
note_off 69
time 92
note_on 42
velocity 69
time 86
note_on 72
velocity 79
time 3
note_off 70
time 66
note_off 41
time 17
note_on 70
velocity 75
time 146
note_off 72
time 37
note_on 69
velocity 69
time 122
note_off 70
time 25
note_on 43
velocity 60
time 14
note_on 70
velocity 66
time 9
note_off 42
time 15
note_off 69
time 14
note_on 45
velocity 67
time 108
note_off 43
time 21
note_on 46
velocity 73
time 25
note_off 45
time 46
note_off 70
time 3
note_on 48
velocity 74
time 6
note_on 66
velocity 72
time 5
note_off 46
time 21
note_off 62
time 26
note_on 46
velocity 78
time 42
note_off 48
time 14
note_on 45
velocity 74
time 45
note_off 46
time 28
note_on 46
velocity 72
time 22
note_on 67
velocity 68
time 3
note_off 66
time 14
note_off 45
time 33
note_on 48
velocity 70
time 71
note_on 69
velocity 76
time 12
note_off 46
time 48
note_off 67
time 7
note_on 50
velocity 77
time 101
note_on 70
velocity 73
time 9
note_off 48
time 9
note_off 69
time 30
note_on 51
velocity 75
time 100
note_on 72
velocity 73
time 20
note_off 70
time 31
note_off 50
time 10
note_on 50
velocity 79
time 126
note_on 70
velocity 77
time 8
note_off 51
time 42
note_off 72
time 14
note_on 48
velocity 74
time 83
note_on 69
velocity 72
time 6
note_off 50
time 15
note_off 70
time 7
note_on 50
velocity 80
time 38
note_on 70
velocity 79
time 28
note_off 69
time 30
note_off 48
time 36
note_on 72
velocity 77
time 86
note_off 70
time 7
note_on 74
velocity 79
time 14
note_off 72
time 0
note_on 55
velocity 79
time 0
note_on 75
velocity 78
time 14
note_off 74
time 44
note_off 50
time 4
note_on 74
velocity 80
time 7
note_off 75
time 22
note_on 73
velocity 73
time 16
note_off 74
time 31
note_on 74
velocity 74
time 146
note_off 73
time 59
note_on 72
velocity 62
time 196
note_on 70
velocity 63
time 193
note_off 72
time 9
note_off 70
time 135
note_on 54
velocity 51
time 2
note_on 69
velocity 57
time 20
note_off 55
time 111
note_on 70
velocity 57
time 39
note_off 69
time 9
note_off 70
time 117
note_on 72
velocity 56
time 48
note_off 54
time 157
note_off 72
time 4
note_on 70
velocity 52
time 3
note_on 55
velocity 47
time 11
note_off 74
time 143
note_off 70
time 2
note_on 53
velocity 52
time 23
note_off 55
time 5
note_off 53
time 128
note_on 52
velocity 51
time 37
note_on 74
velocity 56
time 158
note_off 52
time 1
note_on 50
velocity 50
time 9
note_off 74
time 67
note_on 52
velocity 53
time 92
note_off 50
time 12
note_off 52
time 119
note_on 53
velocity 50
time 15
note_off 53
time 128
note_on 79
velocity 54
time 17
note_on 67
velocity 46
time 1
note_on 52
velocity 43
time 17
note_off 52
time 55
note_off 67
time 33
note_on 77
velocity 60
time 59
note_off 79
time 30
note_on 76
velocity 58
time 147
note_off 77
time 21
note_off 76
time 109
note_on 55
velocity 46
time 38
note_on 74
velocity 54
time 6
note_on 71
velocity 47
time 1
note_off 55
time 45
note_off 71
time 64
note_on 76
velocity 54
time 41
note_off 74
time 53
note_off 76
time 89
note_on 77
velocity 53
time 18
note_off 77
time 158
note_on 76
velocity 55
time 13
note_on 60
velocity 39
time 3
note_on 72
velocity 46
time 16
note_off 72
time 50
note_off 76
time 21
note_off 60
time 77
note_on 58
velocity 47
time 2
note_off 58
time 135
note_on 57
velocity 46
time 31
note_off 57
time 152
note_on 79
velocity 58
time 31
note_on 55
velocity 43
time 9
note_off 79
time 45
note_off 55
time 107
note_on 57
velocity 48
time 3
note_off 57
time 123
note_on 58
velocity 45
time 31
note_off 58
time 139
note_on 57
velocity 36
time 28
note_on 72
velocity 54
time 16
note_off 57
time 101
note_off 72
time 34
note_on 70
velocity 57
time 14
note_off 70
time 154
note_on 69
velocity 51
time 3
note_off 69
time 143
note_on 67
velocity 53
time 29
note_on 60
velocity 53
time 5
note_off 60
time 46
note_off 67
time 107
note_on 69
velocity 56
time 8
note_off 69
time 156
note_on 70
velocity 52
time 2
note_on 69
velocity 58
time 158
note_on 53
velocity 39
time 2
note_off 70
time 7
note_off 69
time 52
note_on 51
velocity 53
time 105
note_off 53
time 21
note_off 51
time 118
note_on 50
velocity 50
time 25
note_off 50
time 142
note_on 72
velocity 68
time 3
note_on 48
velocity 52
time 19
note_off 72
time 78
note_on 50
velocity 55
time 78
note_off 48
time 3
note_off 50
time 129
note_on 51
velocity 52
time 17
note_off 51
time 148
note_on 50
velocity 49
time 9
note_on 77
velocity 58
time 8
note_on 65
velocity 50
time 7
note_off 50
time 65
note_off 65
time 53
note_on 75
velocity 65
time 44
note_off 77
time 19
note_on 74
velocity 57
time 150
note_off 75
time 28
note_off 74
time 110
note_on 53
velocity 53
time 27
note_on 72
velocity 51
time 21
note_on 69
velocity 47
time 1
note_off 53
time 23
note_on 74
velocity 59
time 123
note_off 69
time 10
note_off 72
time 23
note_off 74
time 113
note_on 75
velocity 59
time 22
note_on 58
velocity 50
time 154
note_on 74
velocity 63
time 2
note_on 70
velocity 54
time 18
note_off 75
time 89
note_off 58
time 58
note_on 57
velocity 57
time 11
note_on 55
velocity 59
time 171
note_off 57
time 43
note_off 55
time 131
note_on 54
velocity 56
time 1
note_on 69
velocity 74
time 4
note_off 70
time 69
note_on 55
velocity 60
time 112
note_off 54
time 9
note_off 55
time 153
note_on 57
velocity 67
time 3
note_off 74
time 68
note_on 55
velocity 64
time 101
note_on 73
velocity 72
time 5
note_off 57
time 39
note_on 53
velocity 65
time 128
note_on 74
velocity 79
time 21
note_off 55
time 10
note_off 73
time 70
note_on 52
velocity 67
time 73
note_on 76
velocity 80
time 12
note_off 53
time 5
note_off 74
time 41
note_on 50
velocity 70
time 98
note_on 77
velocity 79
time 7
note_off 52
time 15
note_off 76
time 41
note_on 52
velocity 70
time 100
note_on 76
velocity 80
time 11
note_off 50
time 42
note_off 77
time 38
note_on 53
velocity 65
time 65
note_on 74
velocity 78
time 0
note_off 52
time 17
note_off 76
time 21
note_off 53
time 91
note_on 52
velocity 70
time 12
note_on 76
velocity 82
time 5
note_off 74
time 61
note_on 50
velocity 65
time 95
note_on 77
velocity 82
time 1
note_off 52
time 10
note_off 76
time 4
note_on 79
velocity 76
time 4
note_on 49
velocity 73
time 1
note_off 77
time 1
note_off 50
time 42
note_off 79
time 37
note_on 81
velocity 80
time 68
note_on 47
velocity 69
time 3
note_off 49
time 7
note_on 49
velocity 70
time 155
note_on 79
velocity 80
time 4
note_off 47
time 6
note_off 81
time 4
note_on 50
velocity 73
time 4
note_on 77
velocity 82
time 0
note_off 49
time 0
note_off 79
time 12
note_on 49
velocity 80
time 56
note_on 79
velocity 86
time 5
note_off 77
time 16
note_off 50
time 8
note_off 69
time 47
note_on 69
velocity 83
time 83
note_on 45
velocity 68
time 18
note_off 49
time 37
note_off 79
time 11
note_on 70
velocity 81
time 5
note_on 77
velocity 72
time 7
note_on 50
velocity 71
time 3
note_off 69
time 11
note_off 45
time 18
note_on 69
velocity 79
time 10
note_off 70
time 0
note_off 77
time 15
note_off 69
time 7
note_on 67
velocity 75
time 1
note_on 76
velocity 73
time 2
note_on 70
velocity 72
time 127
note_off 67
time 62
note_on 49
velocity 50
time 17
note_on 69
velocity 71
time 3
note_off 70
time 44
note_off 50
time 15
note_on 67
velocity 62
time 169
note_off 69
time 6
note_off 67
time 13
note_off 49
time 5
note_on 65
velocity 56
time 3
note_on 50
velocity 45
time 4
note_off 76
time 56
note_on 74
velocity 68
time 5
note_off 65
time 25
note_on 55
velocity 48
time 8
note_on 58
velocity 51
time 1
note_on 75
velocity 69
time 2
note_off 74
time 23
note_off 50
time 13
note_on 74
velocity 63
time 86
note_off 75
time 54
note_on 57
velocity 48
time 141
note_on 73
velocity 59
time 1
note_off 74
time 32
note_off 58
time 96
note_on 76
velocity 59
time 101
note_off 73
time 72
note_on 74
velocity 61
time 166
note_off 55
time 11
note_on 54
velocity 44
time 8
note_off 76
time 42
note_on 72
velocity 67
time 12
note_off 74
time 11
note_off 57
time 15
note_on 55
velocity 60
time 3
note_on 71
velocity 69
time 1
note_off 72
time 2
note_off 54
time 12
note_on 53
velocity 68
time 16
note_off 55
time 16
note_off 71
time 116
note_on 70
velocity 76
time 63
note_on 52
velocity 66
time 8
note_on 67
velocity 60
time 9
note_off 53
time 0
note_on 50
velocity 72
time 0
note_off 52
time 2
note_off 70
time 40
note_on 69
velocity 79
time 11
note_on 49
velocity 63
time 4
note_off 50
time 25
note_on 52
velocity 64
time 7
note_off 67
time 10
note_off 49
time 21
note_on 65
velocity 76
time 2
note_on 50
velocity 62
time 1
note_off 52
time 31
note_on 48
velocity 68
time 64
note_on 64
velocity 76
time 3
note_off 50
time 13
note_off 65
time 52
note_on 47
velocity 66
time 0
note_on 62
velocity 79
time 7
note_off 64
time 13
note_off 48
time 4
note_on 65
velocity 77
time 15
note_off 62
time 26
note_off 47
time 65
note_on 46
velocity 63
time 14
note_on 64
velocity 75
time 6
note_on 67
velocity 72
time 1
note_off 65
time 11
note_off 69
time 27
note_on 62
velocity 81
time 16
note_off 64
time 36
note_off 46
time 76
note_on 45
velocity 63
time 2
note_on 61
velocity 74
time 13
note_off 62
time 26
note_on 57
velocity 71
time 4
note_off 45
time 1
note_off 57
time 9
note_on 62
velocity 76
time 2
note_on 58
velocity 61
time 1
note_on 65
velocity 62
time 0
note_off 67
time 17
note_on 57
velocity 63
time 31
note_off 61
time 6
note_off 58
time 2
note_on 55
velocity 49
time 3
note_on 64
velocity 60
time 16
note_off 57
time 37
note_off 65
time 104
note_on 58
velocity 52
time 119
note_off 55
time 18
note_on 61
velocity 62
time 255
note_off 58
time 21
note_on 57
velocity 38
time 6
note_off 62
time 15
note_on 55
velocity 47
time 15
note_off 57
time 9
note_off 64
time 31
note_on 62
velocity 54
time 35
note_on 53
velocity 36
time 1
note_off 55
time 12
note_off 61
time 0
note_on 60
velocity 59
time 89
note_on 57
velocity 48
time 15
note_off 53
time 137
note_off 57
time 69
note_on 58
velocity 60
time 5
note_on 55
velocity 53
time 17
note_off 60
time 43
note_off 55
time 187
note_on 57
velocity 63
time 11
note_on 53
velocity 52
time 9
note_off 58
time 38
note_on 55
velocity 63
time 140
note_off 53
time 3
note_on 52
velocity 57
time 3
note_off 57
time 2
note_on 58
velocity 62
time 170
note_on 50
velocity 59
time 7
note_off 52
time 3
note_off 55
time 1
note_on 49
velocity 54
time 230
note_off 50
time 1
note_on 57
velocity 62
time 1
note_off 58
time 135
note_off 62
time 9
note_on 52
velocity 52
time 113
note_off 49
time 12
note_on 55
velocity 55
time 0
note_off 57
time 13
note_off 52
time 218
note_on 53
velocity 58
time 10
note_on 50
velocity 49
time 21
note_off 55
time 43
note_off 50
time 180
note_on 48
velocity 57
time 3
note_on 57
velocity 61
time 3
note_off 53
time 41
note_off 48
time 191
note_on 55
velocity 58
time 14
note_on 46
velocity 48
time 1
note_off 57
time 83
note_off 46
time 87
note_on 45
velocity 52
time 8
note_on 53
velocity 57
time 2
note_off 55
time 105
note_off 45
time 147
note_on 52
velocity 52
time 0
note_on 43
velocity 44
time 11
note_off 53
time 32
note_on 46
velocity 47
time 216
note_off 52
time 2
note_on 50
velocity 54
time 5
note_off 43
time 64
note_off 50
time 202
note_on 49
velocity 53
time 6
note_on 45
velocity 50
time 9
note_off 46
time 3
note_on 43
velocity 49
time 268
note_on 52
velocity 52
time 9
note_off 49
time 30
note_off 45
time 31
note_off 52
time 189
note_off 43
time 4
note_on 41
velocity 47
time 17
note_on 50
velocity 51
time 0
note_on 52
velocity 53
time 198
note_off 50
time 7
note_off 41
time 8
note_off 52
time 73
note_on 53
velocity 57
time 2
note_off 53
time 0
note_on 55
velocity 58
time 14
note_on 46
velocity 65
time 21
note_off 46
time 132
note_on 53
velocity 60
time 12
note_off 55
time 36
note_on 52
velocity 59
time 136
note_off 53
time 7
note_on 45
velocity 60
time 138
note_off 52
time 9
note_on 53
velocity 63
time 13
note_on 43
velocity 64
time 167
note_on 55
velocity 63
time 17
note_off 45
time 5
note_off 53
time 7
note_off 43
time 131
note_on 41
velocity 68
time 3
note_on 57
velocity 71
time 9
note_off 55
time 40
note_on 58
velocity 70
time 115
note_on 40
velocity 64
time 9
note_off 41
time 2
note_off 57
time 25
note_on 41
velocity 65
time 6
note_on 57
velocity 75
time 9
note_off 40
time 3
note_off 58
time 8
note_on 55
velocity 72
time 6
note_on 43
velocity 64
time 10
note_off 41
time 11
note_off 57
time 4
note_off 55
time 22
note_on 62
velocity 81
time 17
note_off 43
time 1
note_on 41
velocity 69
time 10
note_on 57
velocity 63
time 4
note_on 64
velocity 78
time 48
note_on 40
velocity 69
time 5
note_off 41
time 26
note_off 62
time 3
note_on 65
velocity 81
time 31
note_on 38
velocity 74
time 1
note_off 40
time 8
note_off 64
time 48
note_on 37
velocity 73
time 97
note_off 38
time 16
note_on 67
velocity 82
time 0
note_off 65
time 51
note_off 57
time 83
note_on 65
velocity 81
time 18
note_on 38
velocity 77
time 1
note_off 37
time 41
note_off 67
time 44
note_on 64
velocity 78
time 60
note_on 40
velocity 73
time 2
note_off 38
time 12
note_off 65
time 42
note_on 65
velocity 83
time 22
note_on 38
velocity 74
time 6
note_off 64
time 13
note_off 40
time 2
note_off 38
time 7
note_on 67
velocity 80
time 12
note_on 55
velocity 76
time 17
note_on 69
velocity 80
time 9
note_off 55
time 1
note_on 53
velocity 71
time 1
note_off 67
time 8
note_on 70
velocity 79
time 3
note_on 52
velocity 71
time 2
note_off 53
time 8
note_off 69
time 19
note_on 69
velocity 83
time 114
note_on 53
velocity 76
time 3
note_off 52
time 8
note_off 70
time 40
note_on 55
velocity 72
time 7
note_off 53
time 8
note_on 67
velocity 81
time 0
note_off 69
time 23
note_on 69
velocity 84
time 104
note_on 53
velocity 76
time 8
note_off 55
time 12
note_off 67
time 13
note_off 53
time 15
note_on 40
velocity 87
time 17
note_off 65
time 14
note_off 69
time 35
note_on 41
velocity 77
time 44
note_on 74
velocity 89
time 0
note_on 65
velocity 74
time 18
note_off 40
time 8
note_on 43
velocity 82
time 8
note_off 41
time 16
note_off 65
time 18
note_on 45
velocity 73
time 56
note_on 73
velocity 85
time 0
note_on 64
velocity 66
time 14
note_off 43
time 17
note_off 74
time 14
note_on 47
velocity 74
time 53
note_off 45
time 1
note_off 73
time 11
note_on 72
velocity 86
time 59
note_on 69
velocity 72
time 3
note_on 48
velocity 73
time 4
note_off 64
time 8
note_off 47
time 9
note_on 45
velocity 66
time 13
note_off 48
time 10
note_on 71
velocity 81
time 11
note_on 50
velocity 68
time 0
note_off 45
time 5
note_off 72
time 18
note_on 49
velocity 68
time 9
note_off 50
time 79
note_on 70
velocity 81
time 3
note_on 50
velocity 66
time 9
note_off 71
time 2
note_off 49
time 6
note_on 67
velocity 72
time 4
note_on 52
velocity 65
time 4
note_off 50
time 0
note_off 69
time 7
note_off 70
time 43
note_on 69
velocity 81
time 11
note_on 53
velocity 65
time 5
note_off 52
time 5
note_off 67
time 5
note_on 47
velocity 62
time 5
note_on 65
velocity 76
time 0
note_off 53
time 21
note_on 67
velocity 79
time 20
note_on 52
velocity 60
time 12
note_off 69
time 8
note_off 65
time 11
note_off 47
time 6
note_on 65
velocity 79
time 33
note_on 50
velocity 63
time 10
note_off 52
time 7
note_on 64
velocity 81
time 16
note_on 49
velocity 66
time 5
note_off 50
time 18
note_off 67
time 7
note_off 65
time 10
note_on 67
velocity 80
time 0
note_on 45
velocity 64
time 6
note_off 49
time 7
note_on 62
velocity 85
time 15
note_on 50
velocity 65
time 11
note_on 65
velocity 70
time 5
note_off 45
time 16
note_off 67
time 16
note_off 64
time 13
note_off 65
time 54
note_on 55
velocity 67
time 16
note_on 64
velocity 81
time 3
note_off 50
time 9
note_off 64
time 8
note_on 57
velocity 63
time 9
note_on 65
velocity 76
time 12
note_off 55
time 5
note_off 65
time 2
note_on 64
velocity 72
time 1
note_off 64
time 4
note_on 65
velocity 68
time 15
note_on 64
velocity 78
time 13
note_off 65
time 15
note_off 57
time 43
note_off 64
time 5
note_on 65
velocity 68
time 16
note_on 64
velocity 71
time 48
note_off 65
time 25
note_off 64
time 42
note_on 65
velocity 67
time 18
note_on 64
velocity 66
time 31
note_off 65
time 25
note_off 62
time 51
note_on 45
velocity 63
time 30
note_on 61
velocity 73
time 4
note_on 62
velocity 70
time 347
note_off 64
time 38
note_off 61
time 150
note_off 62
time 8
note_off 45
time 226
note_on 38
velocity 47
time 204
note_on 62
velocity 69
time 1
note_off 62
time 98
note_off 38
time 114
