note_on 59
velocity 43
time 1040
note_on 68
velocity 42
time 661
note_on 63
velocity 40
time 9
note_on 44
velocity 32
time 400
note_on 51
velocity 28
time 18
note_off 59
time 103
note_off 44
time 96
note_off 51
time 66
note_on 56
velocity 41
time 59
note_off 63
time 19
note_off 56
time 19
note_off 68
time 0
note_on 64
velocity 50
time 433
note_on 68
velocity 48
time 422
note_on 71
velocity 49
time 7
note_on 63
velocity 47
time 312
note_on 56
velocity 42
time 11
note_off 64
time 122
note_off 63
time 44
note_off 56
time 21
note_on 59
velocity 42
time 134
note_off 59
time 64
note_off 71
time 10
note_off 68
time 25
note_on 59
velocity 59
time 246
note_on 63
velocity 44
time 7
note_on 68
velocity 48
time 11
note_on 51
velocity 39
time 98
note_on 44
velocity 40
time 10
note_off 44
time 93
note_off 59
time 0
note_off 51
time 142
note_on 56
velocity 45
time 69
note_off 56
time 30
note_off 63
time 3
note_off 68
time 3
note_on 64
velocity 64
time 197
note_on 71
velocity 52
time 343
note_on 68
velocity 52
time 4
note_on 63
velocity 54
time 306
note_on 56
velocity 47
time 8
note_off 64
time 82
note_off 63
time 81
note_off 56
time 42
note_on 59
velocity 61
time 94
note_off 59
time 78
note_on 62
velocity 65
time 389
note_on 56
velocity 43
time 46
note_off 71
time 33
note_off 68
time 17
note_on 70
velocity 55
time 5
note_on 68
velocity 50
time 2
note_off 62
time 242
note_on 52
velocity 48
time 64
note_on 44
velocity 43
time 31
note_off 56
time 23
note_off 44
time 101
note_off 52
time 38
note_on 61
velocity 74
time 76
note_off 61
time 176
note_on 60
velocity 77
time 203
note_off 70
time 28
note_on 64
velocity 45
time 9
note_off 68
time 28
note_on 68
velocity 58
time 35
note_on 63
velocity 55
time 95
note_on 56
velocity 46
time 20
note_off 64
time 19
note_off 60
time 46
note_off 63
time 0
note_off 56
time 50
note_on 59
velocity 75
time 76
note_off 59
time 116
note_on 62
velocity 70
time 271
note_on 56
velocity 46
time 45
note_off 68
time 22
note_on 70
velocity 55
time 14
note_on 68
velocity 50
time 10
note_off 62
time 151
note_on 52
velocity 49
time 61
note_on 44
velocity 44
time 10
note_off 44
time 105
note_off 56
time 0
note_off 52
time 20
note_on 61
velocity 72
time 154
note_off 61
time 207
note_on 60
velocity 68
time 168
note_on 64
velocity 52
time 13
note_off 70
time 0
note_off 68
time 53
note_on 68
velocity 55
time 16
note_on 63
velocity 50
time 113
note_on 56
velocity 48
time 7
note_off 60
time 53
note_off 64
time 10
note_off 63
time 32
note_off 56
time 44
note_on 59
velocity 80
time 132
note_off 59
time 147
note_on 58
velocity 73
time 256
note_on 52
velocity 42
time 31
note_off 68
time 30
note_on 67
velocity 62
time 13
note_on 61
velocity 54
time 4
note_on 44
velocity 50
time 83
note_on 51
velocity 48
time 3
note_off 52
time 68
note_off 58
time 10
note_off 44
time 33
note_off 51
time 15
note_off 61
time 157
note_on 68
velocity 69
time 15
note_on 59
velocity 64
time 4
note_off 67
time 83
note_off 59
time 18
note_on 64
velocity 50
time 294
note_on 61
velocity 65
time 9
note_off 68
time 80
note_on 67
velocity 46
time 94
note_on 70
velocity 54
time 0
note_on 63
velocity 36
time 414
note_on 56
velocity 39
time 16
note_off 64
time 17
note_off 61
time 16
note_off 63
time 207
note_off 56
time 29
note_on 71
velocity 53
time 100
note_off 67
time 75
note_off 70
time 56
note_off 71
time 0
note_on 59
velocity 50
time 463
note_on 68
velocity 47
time 0
note_on 63
velocity 27
time 11
note_on 51
velocity 35
time 242
note_on 44
velocity 40
time 5
note_off 59
time 121
note_off 44
time 52
note_off 51
time 72
note_on 56
velocity 44
time 55
note_off 63
time 42
note_off 56
time 3
note_on 63
velocity 48
time 297
note_on 59
velocity 39
time 358
note_off 68
time 78
note_off 63
time 196
note_on 56
velocity 37
time 21
note_on 51
velocity 31
time 22
note_off 56
time 79
note_off 51
time 93
note_on 68
velocity 48
time 104
note_off 59
time 65
note_on 59
velocity 45
time 239
note_on 63
velocity 38
time 320
note_off 59
time 188
note_on 51
velocity 32
time 104
note_on 44
velocity 41
time 14
note_off 44
time 156
note_off 51
time 42
note_on 56
velocity 38
time 30
note_off 63
time 1
note_off 56
time 5
note_on 63
velocity 46
time 50
note_on 59
velocity 51
time 178
note_off 68
time 76
note_on 56
velocity 44
time 27
note_on 51
velocity 31
time 20
note_off 63
time 1
note_off 51
time 12
note_off 56
time 25
note_on 68
velocity 60
time 56
note_off 59
time 93
note_on 75
velocity 71
time 581
note_on 59
velocity 44
time 86
note_off 68
time 32
note_on 63
velocity 41
time 201
note_off 59
time 84
note_off 75
time 14
note_on 44
velocity 31
time 270
note_on 51
velocity 32
time 12
note_off 44
time 90
note_off 51
time 9
note_on 56
velocity 48
time 154
note_off 63
time 37
note_off 56
time 33
note_on 63
velocity 57
time 232
note_on 59
velocity 58
time 281
note_off 63
time 242
note_on 68
velocity 73
time 61
note_on 56
velocity 42
time 61
note_on 51
velocity 39
time 13
note_off 56
time 80
note_off 51
time 8
note_on 63
velocity 50
time 168
note_off 68
time 48
note_off 59
time 2
note_on 68
velocity 73
time 226
note_on 59
velocity 46
time 46
note_off 63
time 32
note_on 63
velocity 50
time 50
note_on 67
velocity 70
time 161
note_off 68
time 16
note_on 51
velocity 38
time 16
note_off 63
time 3
note_on 44
velocity 37
time 2
note_off 59
time 17
note_on 58
velocity 45
time 17
note_off 44
time 13
note_off 51
time 12
note_off 58
time 63
note_on 68
velocity 60
time 291
note_on 63
velocity 44
time 57
note_off 67
time 19
note_on 59
velocity 49
time 54
note_off 63
time 114
note_on 56
velocity 50
time 17
note_on 51
velocity 44
time 13
note_off 51
time 50
note_off 56
time 12
note_on 63
velocity 33
time 72
note_off 59
time 1
note_off 68
time 18
note_off 63
time 17
note_on 75
velocity 80
time 145
note_on 59
velocity 50
time 81
note_on 68
velocity 56
time 28
note_on 76
velocity 85
time 90
note_on 51
velocity 55
time 26
note_off 59
time 8
note_off 68
time 3
note_on 44
velocity 14
time 18
note_off 51
time 0
note_off 75
time 16
note_off 44
time 53
note_on 62
velocity 61
time 162
note_off 62
time 160
note_on 75
velocity 83
time 139
note_on 63
velocity 55
time 50
note_off 76
time 29
note_on 68
velocity 55
time 53
note_on 59
velocity 51
time 108
note_off 63
time 1
note_on 51
velocity 44
time 22
note_off 51
time 98
note_off 59
time 20
note_on 63
velocity 66
time 139
note_off 68
time 137
note_off 63
time 85
note_on 73
velocity 76
time 211
note_on 58
velocity 40
time 46
note_off 75
time 34
note_on 64
velocity 46
time 2
note_on 75
velocity 72
time 268
note_off 64
time 38
note_on 56
velocity 43
time 2
note_on 49
velocity 32
time 19
note_off 73
time 4
note_off 49
time 62
note_off 56
time 26
note_off 58
time 8
note_on 63
velocity 48
time 170
note_on 73
velocity 74
time 279
note_on 64
velocity 49
time 27
note_off 63
time 5
note_off 75
time 3
note_on 68
velocity 63
time 4
note_off 64
time 13
note_on 58
velocity 54
time 33
note_on 56
velocity 41
time 37
note_off 58
time 5
note_off 56
time 13
note_off 73
time 111
note_on 61
velocity 69
time 30
note_off 61
time 75
note_off 68
time 1
note_on 71
velocity 78
time 81
note_on 63
velocity 46
time 7
note_on 68
velocity 57
time 16
note_off 63
time 131
note_on 59
velocity 54
time 72
note_on 64
velocity 68
time 288
note_off 68
time 76
note_on 63
velocity 64
time 165
note_on 55
velocity 48
time 8
note_off 64
time 10
note_off 59
time 4
note_off 71
time 3
note_on 59
velocity 40
time 3
note_off 55
time 8
note_off 63
time 0
note_off 59
time 39
note_on 75
velocity 80
time 246
note_on 56
velocity 52
time 44
note_on 65
velocity 53
time 2
note_off 56
time 3
note_on 70
velocity 79
time 197
note_on 62
velocity 47
time 45
note_on 67
velocity 17
time 10
note_off 67
time 17
note_off 75
time 1
note_off 65
time 4
note_on 68
velocity 55
time 14
note_off 70
time 165
note_off 62
time 78
note_on 71
velocity 77
time 15
note_on 51
velocity 45
time 13
note_off 68
time 41
note_off 51
time 14
note_on 64
velocity 42
time 226
note_off 64
time 271
note_on 70
velocity 58
time 83
note_on 66
velocity 38
time 37
note_on 61
velocity 40
time 18
note_off 71
time 1
note_off 66
time 0
note_on 67
velocity 49
time 15
note_on 51
velocity 39
time 13
note_on 71
velocity 50
time 5
note_off 70
time 33
note_off 61
time 8
note_on 63
velocity 42
time 143
note_off 51
time 32
note_off 67
time 4
note_off 63
time 30
note_on 68
velocity 52
time 396
note_on 59
velocity 42
time 37
note_off 71
time 29
note_on 63
velocity 39
time 83
note_off 59
time 230
note_on 51
velocity 25
time 113
note_on 44
velocity 32
time 11
note_off 44
time 205
note_off 51
time 50
note_on 56
velocity 41
time 38
note_off 56
time 36
note_off 63
time 13
note_on 63
velocity 58
time 276
note_on 59
velocity 55
time 327
note_off 68
time 104
note_off 63
time 62
note_on 56
velocity 48
time 112
note_on 51
velocity 44
time 9
note_off 56
time 144
note_off 51
time 75
note_on 68
velocity 62
time 50
note_off 59
time 76
note_on 59
velocity 59
time 38
note_on 63
velocity 58
time 306
note_on 44
velocity 53
time 271
note_on 51
velocity 50
time 11
note_off 59
time 7
note_off 44
time 148
note_off 51
time 84
note_on 56
velocity 59
time 57
note_off 63
time 51
note_off 56
time 29
note_on 63
velocity 70
time 248
note_on 59
velocity 73
time 79
note_off 68
time 13
note_on 56
velocity 57
time 14
note_on 51
velocity 52
time 3
note_off 63
time 10
note_off 51
time 62
note_off 56
time 92
note_on 68
velocity 75
time 102
note_off 59
time 52
note_on 75
velocity 83
time 587
note_on 59
velocity 52
time 65
note_off 68
time 3
note_on 63
velocity 53
time 177
note_off 75
time 67
note_off 59
time 120
note_on 51
velocity 43
time 80
note_on 44
velocity 44
time 2
note_off 44
time 107
note_off 51
time 121
note_on 56
velocity 63
time 34
note_off 63
time 41
note_off 56
time 2
note_on 63
velocity 60
time 245
note_on 59
velocity 62
time 289
note_on 68
velocity 80
time 292
note_on 56
velocity 39
time 68
note_on 51
velocity 35
time 11
note_off 63
time 2
note_off 56
time 83
note_off 51
time 14
note_on 63
velocity 61
time 141
note_off 68
time 81
note_off 59
time 8
note_off 63
time 128
note_on 68
velocity 70
time 129
note_on 59
velocity 51
time 31
note_on 63
velocity 56
time 3
note_on 67
velocity 70
time 305
note_on 51
velocity 40
time 21
note_on 44
velocity 34
time 25
note_off 63
time 9
note_off 68
time 6
note_off 59
time 5
note_on 58
velocity 60
time 1
note_off 44
time 4
note_off 51
time 8
note_off 58
time 50
note_on 68
velocity 76
time 225
note_on 63
velocity 45
time 34
note_off 67
time 73
note_on 59
velocity 58
time 38
note_on 56
velocity 61
time 89
note_on 51
velocity 57
time 5
note_off 63
time 21
note_off 51
time 96
note_off 56
time 56
note_on 63
velocity 70
time 125
note_off 63
time 33
note_off 59
time 2
note_off 68
time 11
note_on 75
velocity 86
time 267
note_on 60
velocity 66
time 40
note_on 66
velocity 59
time 82
note_off 60
time 85
note_off 66
time 0
note_on 76
velocity 87
time 267
note_on 44
velocity 50
time 12
note_on 54
velocity 51
time 26
note_off 44
time 14
note_off 75
time 27
note_off 54
time 4
note_on 60
velocity 70
time 243
note_off 60
time 40
note_on 75
velocity 80
time 355
note_on 66
velocity 54
time 80
note_off 76
time 47
note_on 68
velocity 46
time 44
note_off 66
time 62
note_on 60
velocity 36
time 255
note_off 60
time 226
note_on 63
velocity 39
time 6
note_off 68
time 0
note_on 73
velocity 71
time 286
note_on 64
velocity 46
time 20
note_off 63
time 81
note_off 75
time 9
note_on 68
velocity 48
time 0
note_on 56
velocity 47
time 182
note_on 49
velocity 31
time 20
note_on 61
velocity 56
time 277
note_off 68
time 170
note_on 58
velocity 55
time 111
note_off 64
time 82
note_on 68
velocity 48
time 245
note_off 56
time 48
note_off 61
time 15
note_on 75
velocity 68
time 302
note_on 59
velocity 41
time 43
note_off 58
time 8
note_off 73
time 27
note_on 64
velocity 42
time 79
note_off 49
time 33
note_off 68
time 42
note_on 68
velocity 58
time 464
note_on 51
velocity 35
time 21
note_off 75
time 0
note_off 59
time 72
note_off 51
time 117
note_on 63
velocity 38
time 23
note_off 64
time 27
note_off 68
time 16
note_on 68
velocity 58
time 288
note_on 59
velocity 44
time 12
note_on 39
velocity 29
time 50
note_off 63
time 1
note_on 61
velocity 42
time 8
note_on 46
velocity 44
time 7
note_off 59
time 12
note_off 61
time 40
note_off 39
time 41
note_off 46
time 190
note_on 70
velocity 60
time 19
note_on 62
velocity 53
time 17
note_on 53
velocity 33
time 6
note_off 68
time 12
note_on 63
velocity 49
time 55
note_off 53
time 14
note_on 56
velocity 37
time 4
note_off 70
time 5
note_off 62
time 7
note_off 56
time 144
note_off 63
time 50
note_on 71
velocity 50
time 275
note_on 61
velocity 34
time 30
note_on 55
velocity 40
time 11
note_on 51
velocity 32
time 10
note_on 63
velocity 42
time 122
note_off 61
time 1
note_off 63
time 77
note_off 55
time 82
note_off 51
time 53
note_on 68
velocity 45
time 389
note_on 59
velocity 43
time 8
note_on 56
velocity 41
time 10
note_off 71
time 8
note_on 63
velocity 37
time 155
note_off 56
time 64
note_off 59
time 70
note_off 63
time 189
note_on 44
velocity 32
time 104
note_on 51
velocity 33
time 8
note_off 44
time 225
note_off 51
time 76
note_on 56
velocity 18
time 55
note_off 68
time 43
note_off 56
time 9
note_on 64
velocity 57
time 333
note_on 68
velocity 35
time 331
note_on 71
velocity 31
time 5
note_on 63
velocity 55
time 269
note_on 56
velocity 43
time 22
note_off 64
time 55
note_off 56
time 9
note_off 63
time 25
note_off 71
time 221
note_off 68
time 17
note_on 59
velocity 57
time 239
note_on 63
velocity 45
time 312
note_on 68
velocity 45
time 7
note_on 51
velocity 37
time 4
note_on 44
velocity 44
time 6
note_off 44
time 92
note_off 59
time 21
note_off 51
time 106
note_on 56
velocity 42
time 62
note_off 68
time 7
note_off 63
time 12
note_off 56
time 13
note_on 64
velocity 74
time 280
note_on 68
velocity 43
time 23
note_on 71
velocity 47
time 1
note_on 63
velocity 70
time 73
note_on 56
velocity 58
time 27
note_off 64
time 52
note_off 56
time 12
note_off 63
time 30
note_on 59
velocity 32
time 184
note_off 59
time 44
note_on 62
velocity 69
time 209
note_off 71
time 5
note_on 53
velocity 34
time 1
note_off 68
time 32
note_on 70
velocity 32
time 14
note_on 68
velocity 26
time 7
note_off 62
time 45
note_on 44
velocity 32
time 136
note_on 52
velocity 42
time 14
note_off 53
time 19
note_off 44
time 126
note_off 52
time 45
note_on 61
velocity 70
time 70
note_off 61
time 139
note_off 68
time 70
note_off 70
time 38
note_on 60
velocity 66
time 107
note_on 64
velocity 44
time 21
note_on 68
velocity 45
time 8
note_on 63
velocity 56
time 164
note_off 60
time 22
note_on 56
velocity 39
time 2
note_off 64
time 17
note_off 63
time 56
note_off 56
time 16
note_on 59
velocity 76
time 2
note_off 59
time 28
note_on 62
velocity 68
time 166
note_on 53
velocity 38
time 48
note_off 68
time 4
note_on 70
velocity 38
time 3
note_on 68
velocity 40
time 2
note_off 62
time 144
note_on 44
velocity 43
time 116
note_on 52
velocity 37
time 2
note_off 53
time 53
note_off 44
time 76
note_off 52
time 57
note_on 61
velocity 64
time 81
note_off 61
time 119
note_off 70
time 33
note_on 60
velocity 62
time 58
note_off 68
time 10
note_on 64
velocity 38
time 15
note_on 68
velocity 49
time 46
note_on 63
velocity 56
time 91
note_on 56
velocity 41
time 21
note_off 64
time 34
note_off 63
time 22
note_off 56
time 6
note_off 60
time 5
note_on 59
velocity 76
time 185
note_off 59
time 120
note_on 58
velocity 62
time 278
note_on 52
velocity 38
time 51
note_off 68
time 1
note_on 67
velocity 56
time 29
note_on 61
velocity 53
time 10
note_on 51
velocity 54
time 96
note_on 44
velocity 49
time 4
note_off 52
time 23
note_off 44
time 6
note_off 51
time 3
note_off 58
time 32
note_off 61
time 4
note_on 68
velocity 70
time 33
note_on 59
velocity 67
time 4
note_off 67
time 31
note_off 59
time 15
note_on 61
velocity 58
time 225
note_on 64
velocity 50
time 12
note_off 68
time 16
note_on 70
velocity 51
time 45
note_on 67
velocity 37
time 12
note_off 61
time 52
note_on 63
velocity 36
time 5
note_on 56
velocity 23
time 44
note_off 64
time 61
note_off 56
time 77
note_off 63
time 60
note_on 71
velocity 59
time 234
note_off 70
time 82
note_off 67
time 2
note_off 71
time 39
note_on 59
velocity 53
time 520
note_on 68
velocity 54
time 157
note_on 44
velocity 44
time 155
note_on 56
velocity 48
time 311
note_on 51
velocity 58
time 290
note_on 63
velocity 49
time 304
note_off 59
time 51
note_off 68
time 97
note_on 59
velocity 57
time 90
note_off 51
time 229
note_on 68
velocity 57
time 27
note_off 63
time 100
note_on 51
velocity 54
time 163
note_off 44
time 90
note_off 59
time 92
note_on 63
velocity 46
time 43
note_off 56
time 188
note_on 42
velocity 46
time 94
note_off 51
time 137
note_on 56
velocity 43
time 10
note_off 63
time 8
note_on 52
velocity 43
time 93
note_on 63
velocity 46
time 182
note_off 56
time 46
note_off 68
time 8
note_on 58
velocity 49
time 318
note_off 58
time 45
note_on 68
velocity 57
time 17
note_off 52
time 4
note_off 42
time 18
note_on 59
velocity 77
time 84
note_off 68
time 88
note_off 63
time 52
note_on 63
velocity 61
time 6
note_on 35
velocity 47
time 7
note_on 42
velocity 58
time 167
note_on 66
velocity 68
time 20
note_off 42
time 26
note_off 35
time 2
note_on 58
velocity 78
time 308
note_on 51
velocity 57
time 14
note_off 51
time 77
note_off 63
time 30
note_off 59
time 86
note_on 59
velocity 69
time 137
note_on 56
velocity 74
time 2
note_on 54
velocity 80
time 19
note_on 64
velocity 68
time 5
note_off 58
time 0
note_off 66
time 14
note_off 56
time 16
note_on 61
velocity 80
time 234
note_on 66
velocity 66
time 5
note_off 64
time 70
note_off 61
time 8
note_on 58
velocity 72
time 10
note_off 54
time 15
note_off 59
time 20
note_off 66
time 100
note_on 63
velocity 79
time 0
note_on 35
velocity 60
time 5
note_off 58
time 44
note_off 35
time 7
note_off 63
time 6
note_on 71
velocity 84
time 396
note_on 54
velocity 59
time 31
note_on 66
velocity 84
time 291
note_on 63
velocity 71
time 19
note_off 54
time 158
note_off 66
time 114
note_on 70
velocity 87
time 13
note_off 63
time 7
note_on 54
velocity 65
time 10
note_off 71
time 110
note_on 64
velocity 66
time 323
note_on 68
velocity 76
time 3
note_on 61
velocity 49
time 16
note_on 59
velocity 49
time 10
note_off 70
time 103
note_on 66
velocity 77
time 33
note_on 58
velocity 68
time 12
note_off 59
time 0
note_off 68
time 5
note_on 73
velocity 84
time 17
note_off 61
time 5
note_off 64
time 52
note_off 66
time 16
note_off 73
time 17
note_off 58
time 14
note_on 70
velocity 14
time 21
note_off 54
time 7
note_off 70
time 11
note_on 54
velocity 77
time 173
note_on 66
velocity 84
time 1
note_on 63
velocity 76
time 13
note_on 35
velocity 70
time 14
note_off 54
time 2
note_off 35
time 10
note_off 63
time 14
note_off 66
time 21
note_on 75
velocity 82
time 407
note_on 71
velocity 68
time 22
note_on 54
velocity 65
time 6
note_off 71
time 297
note_on 63
velocity 79
time 30
note_on 66
velocity 85
time 1
note_off 63
time 205
note_on 78
velocity 89
time 107
note_on 70
velocity 76
time 5
note_on 61
velocity 79
time 5
note_off 66
time 28
note_off 75
time 9
note_off 54
time 37
note_off 70
time 14
note_on 76
velocity 70
time 372
note_on 80
velocity 82
time 2
note_on 64
velocity 64
time 4
note_on 68
velocity 60
time 1
note_on 54
velocity 63
time 3
note_off 78
time 6
note_off 68
time 16
note_off 61
time 5
note_off 64
time 26
note_off 76
time 84
note_on 78
velocity 86
time 65
note_on 59
velocity 66
time 5
note_on 63
velocity 75
time 1
note_on 66
velocity 68
time 5
note_off 66
time 69
note_off 80
time 22
note_off 63
time 37
note_off 59
time 42
note_on 80
velocity 86
time 12
note_on 59
velocity 71
time 3
note_on 76
velocity 67
time 1
note_on 68
velocity 64
time 1
note_on 61
velocity 71
time 7
note_off 68
time 34
note_off 78
time 47
note_on 58
velocity 72
time 92
note_off 54
time 2
note_off 61
time 0
note_off 59
time 15
note_on 85
velocity 81
time 12
note_on 73
velocity 61
time 6
note_off 58
time 6
note_off 80
time 45
note_on 47
velocity 70
time 92
note_on 54
velocity 79
time 136
note_on 48
velocity 14
time 4
note_off 47
time 4
note_off 76
time 7
note_off 85
time 13
note_on 63
velocity 90
time 21
note_off 73
time 9
note_off 48
time 17
note_on 78
velocity 85
time 353
note_on 66
velocity 60
time 19
note_off 63
time 5
note_on 71
velocity 66
time 1
note_on 56
velocity 65
time 6
note_off 66
time 127
note_on 59
velocity 80
time 171
note_off 54
time 82
note_off 56
time 10
note_on 80
velocity 79
time 14
note_on 68
velocity 56
time 13
note_on 75
velocity 68
time 4
note_on 54
velocity 62
time 3
note_off 71
time 45
note_off 68
time 6
note_off 59
time 17
note_off 78
time 1
note_off 75
time 6
note_off 80
time 32
note_on 82
velocity 75
time 12
note_on 76
velocity 55
time 6
note_on 70
velocity 45
time 7
note_on 61
velocity 57
time 8
note_off 54
time 15
note_off 70
time 10
note_on 83
velocity 80
time 197
note_on 71
velocity 54
time 12
note_on 64
velocity 58
time 1
note_off 61
time 2
note_on 80
velocity 62
time 0
note_off 71
time 65
note_off 76
time 13
note_off 82
time 13
note_off 80
time 11
note_on 70
velocity 60
time 0
note_off 70
time 3
note_off 64
time 22
note_on 85
velocity 72
time 269
note_off 83
time 11
note_on 73
velocity 55
time 5
note_on 46
velocity 54
time 158
note_off 73
time 18
note_on 55
velocity 53
time 201
note_on 87
velocity 64
time 11
note_on 63
velocity 40
time 23
note_on 75
velocity 32
time 1
note_on 79
velocity 43
time 8
note_off 85
time 56
note_off 46
time 4
note_off 55
time 15
note_off 75
time 114
note_off 87
time 95
note_off 79
time 82
note_off 63
time 41
note_on 55
velocity 42
time 40
note_on 61
velocity 51
time 340
note_off 61
time 202
note_off 55
time 44
note_on 63
velocity 76
time 0
note_off 63
time 207
note_on 61
velocity 83
time 250
note_on 39
velocity 57
time 35
note_off 61
time 10
note_off 39
time 70
note_on 64
velocity 77
time 6
note_on 67
velocity 71
time 1
note_on 51
velocity 58
time 10
note_off 67
time 87
note_off 64
time 25
note_on 61
velocity 72
time 147
note_on 68
velocity 73
time 8
note_on 63
velocity 73
time 3
note_off 51
time 6
note_on 51
velocity 67
time 90
note_off 61
time 2
note_on 70
velocity 83
time 14
note_off 51
time 30
note_off 63
time 11
note_off 68
time 17
note_on 71
velocity 77
time 331
note_on 56
velocity 66
time 13
note_off 70
time 12
note_on 59
velocity 60
time 14
note_on 63
velocity 64
time 3
note_on 44
velocity 57
time 8
note_off 56
time 154
note_off 71
time 47
note_on 56
velocity 72
time 10
note_on 65
velocity 76
time 11
note_off 63
time 10
note_off 59
time 17
note_on 51
velocity 65
time 16
note_on 59
velocity 57
time 2
note_on 66
velocity 79
time 1
note_off 44
time 17
note_off 59
time 10
note_off 56
time 2
note_off 51
time 3
note_off 65
time 16
note_off 66
time 39
note_on 67
velocity 69
time 244
note_on 63
velocity 65
time 17
note_on 70
velocity 66
time 17
note_on 59
velocity 54
time 22
note_on 68
velocity 65
time 2
note_off 59
time 10
note_off 70
time 17
note_on 71
velocity 67
time 92
note_off 67
time 13
note_off 68
time 11
note_off 71
time 43
note_on 70
velocity 65
time 371
note_on 61
velocity 61
time 26
note_off 63
time 16
note_on 73
velocity 57
time 5
note_on 68
velocity 48
time 11
note_on 58
velocity 60
time 253
note_on 80
velocity 72
time 2
note_off 70
time 4
note_off 68
time 21
note_off 58
time 40
note_off 61
time 10
note_on 75
velocity 77
time 197
note_on 71
velocity 60
time 9
note_off 73
time 29
note_off 75
time 278
note_on 73
velocity 61
time 1
note_off 71
time 3
note_on 70
velocity 53
time 3
note_off 80
time 0
note_on 80
velocity 49
time 7
note_on 76
velocity 48
time 7
note_off 73
time 45
note_on 85
velocity 56
time 236
note_on 66
velocity 50
time 1
note_off 80
time 18
note_off 76
time 3
note_on 82
velocity 64
time 301
note_on 78
velocity 38
time 31
note_off 78
time 71
note_off 85
time 14
note_off 66
time 50
note_on 80
velocity 55
time 257
note_on 76
velocity 44
time 39
note_off 82
time 62
note_off 70
time 15
note_on 79
velocity 56
time 97
note_on 75
velocity 47
time 30
note_on 86
velocity 64
time 13
note_on 70
velocity 51
time 3
note_off 76
time 3
note_off 75
time 8
note_off 80
time 10
note_on 87
velocity 56
time 161
note_on 63
velocity 45
time 21
note_off 86
time 21
note_off 79
time 3
note_off 87
time 25
note_off 63
time 3
note_off 70
time 7
note_on 74
velocity 56
time 346
note_on 75
velocity 52
time 41
note_off 74
time 163
note_on 62
velocity 49
time 235
note_off 75
time 2
note_on 61
velocity 61
time 0
note_off 62
time 22
note_on 75
velocity 77
time 36
note_on 59
velocity 51
time 9
note_off 61
time 10
note_on 63
velocity 44
time 0
note_on 44
velocity 36
time 3
note_off 75
time 84
note_on 51
velocity 54
time 195
note_off 59
time 153
note_on 59
velocity 55
time 148
note_on 56
velocity 50
time 1
note_off 44
time 14
note_off 51
time 6
note_off 56
time 11
note_off 59
time 7
note_off 63
time 8
note_on 64
velocity 63
time 247
note_off 64
time 58
note_on 59
velocity 55
time 17
note_on 56
velocity 37
time 15
note_on 68
velocity 82
time 116
note_on 63
velocity 59
time 9
note_off 59
time 16
note_off 63
time 41
note_on 59
velocity 54
time 11
note_on 51
velocity 48
time 2
note_off 56
time 25
note_off 51
time 23
note_off 59
time 41
note_off 68
time 17
note_on 68
velocity 73
time 201
note_on 59
velocity 55
time 26
note_on 63
velocity 55
time 0
note_on 44
velocity 56
time 17
note_on 67
velocity 76
time 52
note_off 68
time 50
note_off 63
time 3
note_on 51
velocity 51
time 6
note_on 58
velocity 59
time 3
note_off 44
time 33
note_off 59
time 3
note_off 51
time 7
note_off 58
time 4
note_on 64
velocity 69
time 109
note_on 68
velocity 76
time 3
note_off 67
time 15
note_off 64
time 7
note_on 56
velocity 62
time 0
note_on 59
velocity 55
time 6
note_off 59
time 29
note_off 68
time 107
note_on 63
velocity 81
time 102
note_on 51
velocity 71
time 266
note_off 63
time 7
note_off 56
time 31
note_off 51
time 36
note_on 75
velocity 84
time 380
note_on 57
velocity 65
time 48
note_on 61
velocity 68
time 138
note_on 66
velocity 68
time 1
note_on 51
velocity 62
time 13
note_off 57
time 19
note_off 61
time 43
note_off 75
time 86
note_on 76
velocity 89
time 118
note_on 56
velocity 58
time 30
note_off 66
time 21
note_off 51
time 12
note_on 66
velocity 74
time 7
note_on 44
velocity 47
time 6
note_on 60
velocity 63
time 4
note_off 56
time 13
note_off 60
time 14
note_off 44
time 4
note_off 66
time 25
note_on 75
velocity 84
time 333
note_on 68
velocity 63
time 42
note_off 76
time 133
note_on 63
velocity 54
time 2
note_on 61
velocity 47
time 1
note_off 68
time 11
note_off 63
time 58
note_on 66
velocity 60
time 102
note_off 61
time 20
note_off 75
time 44
note_on 60
velocity 52
time 22
note_on 56
velocity 58
time 1
note_off 66
time 0
note_off 60
time 2
note_off 56
time 15
note_on 73
velocity 74
time 69
note_on 57
velocity 54
time 0
note_on 61
velocity 40
time 108
note_on 49
velocity 40
time 8
note_off 57
time 255
note_on 56
velocity 40
time 26
note_on 64
velocity 43
time 4
note_off 61
time 2
note_off 49
time 2
note_off 56
time 12
note_on 61
velocity 51
time 1
note_off 64
time 2
note_off 61
time 15
note_on 66
velocity 56
time 280
note_on 58
velocity 46
time 14
note_on 61
velocity 34
time 4
note_off 66
time 7
note_off 61
time 38
note_on 64
velocity 57
time 121
note_off 73
time 295
note_on 56
velocity 51
time 9
note_off 56
time 63
note_off 58
time 19
note_off 64
time 12
note_on 71
velocity 66
time 362
note_on 64
velocity 49
time 29
note_on 68
velocity 55
time 10
note_on 59
velocity 50
time 5
note_off 64
time 48
note_on 63
velocity 66
time 227
note_off 68
time 123
note_off 63
time 107
note_on 56
velocity 52
time 18
note_off 59
time 1
note_off 56
time 35
note_on 52
velocity 63
time 269
note_on 68
velocity 76
time 15
note_on 59
velocity 61
time 11
note_off 59
time 45
note_on 75
velocity 89
time 10
note_on 51
velocity 59
time 0
note_off 52
time 41
note_off 51
time 14
note_off 71
time 14
note_off 68
time 27
note_off 75
time 48
note_on 39
velocity 57
time 50
note_on 59
velocity 68
time 3
note_off 39
time 54
note_off 59
time 8
note_on 70
velocity 82
time 233
note_on 53
velocity 64
time 19
note_on 68
velocity 70
time 21
note_on 46
velocity 55
time 4
note_on 62
velocity 55
time 6
note_off 53
time 0
note_on 71
velocity 81
time 90
note_on 52
velocity 70
time 5
note_off 62
time 18
note_off 68
time 12
note_off 70
time 18
note_on 39
velocity 67
time 66
note_on 61
velocity 61
time 21
note_off 46
time 1
note_on 68
velocity 68
time 0
note_off 52
time 14
note_off 39
time 3
note_off 61
time 159
note_on 70
velocity 85
time 101
note_on 64
velocity 76
time 28
note_off 68
time 3
note_off 71
time 2
note_on 68
velocity 70
time 31
note_on 61
velocity 68
time 7
note_off 64
time 7
note_on 56
velocity 54
time 12
note_on 75
velocity 86
time 330
note_on 63
velocity 66
time 17
note_off 68
time 21
note_off 70
time 63
note_off 56
time 13
note_off 61
time 23
note_on 67
velocity 69
time 1
note_on 51
velocity 62
time 2
note_on 61
velocity 55
time 4
note_off 63
time 8
note_off 51
time 9
note_off 75
time 304
note_off 67
time 63
note_off 61
time 66
note_on 63
velocity 84
time 50
note_on 68
velocity 76
time 32
note_on 65
velocity 56
time 16
note_on 59
velocity 40
time 9
note_on 62
velocity 81
time 75
note_off 59
time 19
note_off 63
time 32
note_on 66
velocity 68
time 14
note_on 60
velocity 47
time 10
note_off 62
time 10
note_off 65
time 4
note_off 60
time 26
note_off 68
time 6
note_off 66
time 2
note_on 62
velocity 74
time 13
note_on 68
velocity 59
time 48
note_on 58
velocity 44
time 16
note_on 64
velocity 31
time 15
note_on 61
velocity 61
time 265
note_off 58
time 76
note_off 62
time 12
note_on 65
velocity 55
time 102
note_on 59
velocity 41
time 19
note_off 64
time 19
note_off 61
time 12
note_off 65
time 42
note_off 68
time 20
note_on 61
velocity 54
time 17
note_off 59
time 6
note_on 68
velocity 49
time 9
note_on 63
velocity 42
time 0
note_on 57
velocity 39
time 11
note_off 57
time 188
note_on 60
velocity 45
time 70
note_off 61
time 72
note_on 58
velocity 37
time 15
note_on 64
velocity 48
time 2
note_off 60
time 8
note_off 63
time 15
note_off 58
time 75
note_off 64
time 5
note_off 68
time 0
note_on 60
velocity 53
time 109
note_on 68
velocity 47
time 52
note_on 63
velocity 42
time 14
note_on 57
velocity 35
time 8
note_off 63
time 18
note_off 57
time 47
note_on 59
velocity 53
time 144
note_off 60
time 194
note_on 58
velocity 55
time 2
note_on 62
velocity 56
time 8
note_on 56
velocity 48
time 4
note_off 59
time 1
note_off 56
time 2
note_off 62
time 14
note_off 58
time 12
note_off 68
time 4
note_on 75
velocity 80
time 579
note_on 61
velocity 52
time 35
note_on 57
velocity 56
time 11
note_on 51
velocity 48
time 332
note_on 66
velocity 57
time 5
note_off 57
time 35
note_off 61
time 114
note_on 56
velocity 67
time 22
note_on 60
velocity 67
time 288
note_on 44
velocity 70
time 10
note_off 56
time 2
note_off 51
time 14
note_on 51
velocity 68
time 10
note_off 60
time 3
note_off 44
time 27
note_off 51
time 23
note_off 75
time 69
note_on 59
velocity 66
time 237
note_off 66
time 19
note_on 32
velocity 63
time 12
note_on 68
velocity 82
time 386
note_off 32
time 16
note_on 44
velocity 57
time 23
note_on 66
velocity 31
time 21
note_off 59
time 52
note_on 60
velocity 64
time 242
note_on 51
velocity 58
time 6
note_off 66
time 45
note_off 68
time 35
note_off 51
time 64
note_on 68
velocity 86
time 191
note_on 52
velocity 59
time 22
note_off 60
time 47
note_off 44
time 9
note_on 61
velocity 72
time 53
note_on 44
velocity 61
time 8
note_off 52
time 6
note_on 57
velocity 59
time 1
note_off 57
time 222
note_on 67
velocity 86
time 48
note_on 51
velocity 73
time 9
note_off 68
time 22
note_off 61
time 12
note_off 44
time 16
note_on 44
velocity 66
time 3
note_on 60
velocity 72
time 0
note_on 56
velocity 72
time 6
note_off 44
time 18
note_off 51
time 3
note_off 56
time 26
note_off 60
time 14
note_on 68
velocity 82
time 338
note_on 66
velocity 73
time 7
note_off 67
time 20
note_on 59
velocity 58
time 43
note_on 56
velocity 54
time 2
note_off 66
time 43
note_off 59
time 76
note_on 64
velocity 67
time 101
note_off 56
time 28
note_off 64
time 8
note_on 59
velocity 50
time 248
note_off 59
time 31
note_off 68
time 15
note_on 75
velocity 90
time 325
note_on 61
velocity 59
time 40
note_on 63
velocity 60
time 18
note_on 51
velocity 53
time 7
note_on 66
velocity 68
time 3
note_on 54
velocity 51
time 1
note_off 61
time 59
note_off 63
time 47
note_off 75
time 13
note_on 76
velocity 93
time 245
note_on 60
velocity 68
time 31
note_off 66
time 1
note_off 54
time 15
note_off 51
time 4
note_off 60
time 63
note_on 68
velocity 72
time 30
note_on 66
velocity 57
time 12
note_on 51
velocity 54
time 1
note_on 44
velocity 44
time 11
note_off 51
time 30
note_off 44
time 14
note_off 66
time 7
note_on 66
velocity 43
time 0
note_off 76
time 55
note_off 66
time 110
note_on 75
velocity 84
time 114
note_on 81
velocity 75
time 22
note_off 68
time 77
note_on 66
velocity 55
time 46
note_on 73
velocity 49
time 7
note_on 63
velocity 47
time 7
note_off 81
time 119
note_off 73
time 92
note_off 66
time 181
note_on 80
velocity 59
time 8
note_off 63
time 11
note_on 72
velocity 43
time 392
note_off 80
time 10
note_off 72
time 30
note_on 61
velocity 56
time 112
note_off 75
time 150
note_on 65
velocity 53
time 16
note_on 73
velocity 68
time 408
note_on 60
velocity 59
time 34
note_off 65
time 10
note_off 61
time 9
note_off 60
time 197
note_on 44
velocity 40
time 51
note_on 65
velocity 42
time 6
note_on 53
velocity 30
time 29
note_on 61
velocity 33
time 0
note_off 65
time 250
note_off 61
time 26
note_off 53
time 9
note_on 59
velocity 52
time 37
note_on 49
velocity 50
time 1
note_off 59
time 11
note_on 68
velocity 53
time 3
note_off 44
time 6
note_on 61
velocity 43
time 2
note_off 49
time 15
note_off 61
time 71
note_off 68
time 50
note_on 80
velocity 23
time 408
note_off 80
time 59
note_on 65
velocity 61
time 452
note_off 73
time 139
note_on 75
velocity 67
time 435
note_on 80
velocity 43
time 1
note_off 65
time 131
note_off 80
time 452
note_on 68
velocity 46
time 15
note_on 64
velocity 40
time 8
note_off 68
time 92
note_off 64
time 4
note_on 68
velocity 61
time 621
note_on 64
velocity 40
time 21
note_off 75
time 17
note_on 56
velocity 29
time 184
note_off 64
time 8
note_on 59
velocity 45
time 73
note_off 68
time 37
note_off 59
time 23
note_on 68
velocity 62
time 312
note_on 63
velocity 39
time 1
note_on 59
velocity 43
time 26
note_off 63
time 4
note_on 51
velocity 24
time 25
note_off 56
time 42
note_off 59
time 13
note_off 51
time 2
note_on 70
velocity 56
time 372
note_on 53
velocity 41
time 43
note_off 68
time 14
note_on 68
velocity 37
time 3
note_on 62
velocity 37
time 14
note_on 39
velocity 37
time 5
note_off 53
time 182
note_on 71
velocity 45
time 321
note_on 52
velocity 39
time 68
note_off 68
time 6
note_off 70
time 1
note_off 62
time 3
note_off 39
time 69
note_off 52
time 27
note_on 67
velocity 39
time 68
note_on 61
velocity 39
time 3
note_off 71
time 126
note_off 67
time 56
note_off 61
time 27
note_on 68
velocity 48
time 358
note_on 59
velocity 33
time 38
note_on 56
velocity 39
time 2
note_off 56
time 91
note_off 68
time 179
note_on 51
velocity 35
time 37
note_off 59
time 296
note_on 44
velocity 37
time 38
note_off 44
time 242
note_on 74
velocity 48
time 54
note_on 70
velocity 45
time 14
note_off 51
time 16
note_off 70
time 206
note_off 74
time 11
note_on 75
velocity 63
time 26
note_on 71
velocity 51
time 57
note_on 76
velocity 71
time 197
note_on 72
velocity 59
time 19
note_off 71
time 32
note_off 75
time 1
note_on 75
velocity 72
time 177
note_on 71
velocity 61
time 9
note_off 72
time 1
note_on 51
velocity 47
time 20
note_off 76
time 20
note_on 76
velocity 76
time 180
note_on 72
velocity 71
time 12
note_on 56
velocity 57
time 5
note_off 75
time 38
note_off 71
time 6
note_on 59
velocity 57
time 170
note_on 71
velocity 67
time 5
note_on 75
velocity 78
time 2
note_off 72
time 33
note_off 76
time 67
note_off 56
time 102
note_on 62
velocity 59
time 15
note_on 70
velocity 57
time 6
note_on 74
velocity 72
time 3
note_off 75
time 1
note_off 51
time 4
note_off 59
time 9
note_off 71
time 108
note_off 70
time 16
note_on 75
velocity 72
time 68
note_on 63
velocity 52
time 17
note_on 71
velocity 70
time 5
note_off 74
time 11
note_off 71
time 20
note_off 62
time 1
note_off 75
time 18
note_on 68
velocity 65
time 246
note_on 71
velocity 65
time 1
note_on 64
velocity 59
time 8
note_off 63
time 47
note_on 59
velocity 59
time 1
note_off 64
time 12
note_off 59
time 5
note_on 56
velocity 56
time 43
note_on 62
velocity 69
time 57
note_off 62
time 38
note_off 71
time 4
note_off 68
time 20
note_on 63
velocity 71
time 190
note_on 78
velocity 82
time 11
note_on 74
velocity 71
time 14
note_on 59
velocity 57
time 10
note_on 51
velocity 48
time 16
note_off 63
time 14
note_off 56
time 3
note_off 51
time 30
note_on 77
velocity 79
time 22
note_off 78
time 0
note_on 73
velocity 69
time 6
note_off 59
time 8
note_off 74
time 14
note_off 77
time 34
note_on 72
velocity 66
time 158
note_on 76
velocity 67
time 7
note_off 73
time 94
note_on 75
velocity 79
time 162
note_on 71
velocity 65
time 14
note_off 72
time 21
note_on 51
velocity 54
time 7
note_on 44
velocity 56
time 8
note_off 76
time 16
note_on 76
velocity 75
time 11
note_on 72
velocity 75
time 2
note_on 56
velocity 63
time 14
note_off 71
time 3
note_off 75
time 8
note_off 44
time 11
note_on 75
velocity 83
time 54
note_on 59
velocity 57
time 10
note_on 71
velocity 64
time 2
note_off 72
time 12
note_off 56
time 2
note_off 59
time 53
note_off 76
time 18
note_on 54
velocity 63
time 29
note_on 74
velocity 81
time 7
note_on 70
velocity 73
time 1
note_off 51
time 16
note_off 75
time 25
note_off 71
time 11
note_off 70
time 53
note_on 75
velocity 80
time 117
note_on 53
velocity 54
time 4
note_on 71
velocity 58
time 1
note_off 54
time 6
note_off 74
time 10
note_off 71
time 4
note_off 53
time 2
note_on 74
velocity 69
time 9
note_on 70
velocity 56
time 2
note_on 52
velocity 45
time 8
note_on 44
velocity 44
time 8
note_off 75
time 13
note_on 73
velocity 77
time 16
note_off 52
time 5
note_on 69
velocity 51
time 1
note_off 74
time 1
note_on 55
velocity 53
time 7
note_off 44
time 12
note_off 70
time 29
note_off 69
time 66
note_off 55
time 7
note_on 74
velocity 78
time 8
note_on 70
velocity 73
time 6
note_on 58
velocity 52
time 9
note_off 73
time 27
note_on 73
velocity 80
time 96
note_on 69
velocity 66
time 14
note_on 61
velocity 54
time 16
note_off 74
time 12
note_off 70
time 4
note_off 69
time 55
note_on 72
velocity 81
time 61
note_off 58
time 1
note_on 68
velocity 69
time 3
note_off 73
time 15
note_on 62
velocity 57
time 16
note_off 61
time 52
note_off 68
time 89
note_on 73
velocity 80
time 32
note_on 69
velocity 67
time 6
note_on 63
velocity 60
time 13
note_off 62
time 4
note_off 72
time 9
note_off 69
time 151
note_off 73
time 66
note_on 72
velocity 78
time 17
note_on 68
velocity 65
time 10
note_on 64
velocity 51
time 32
note_off 63
time 16
note_on 67
velocity 69
time 72
note_off 68
time 6
note_on 60
velocity 55
time 17
note_off 64
time 18
note_on 68
velocity 65
time 26
note_off 67
time 120
note_on 71
velocity 67
time 8
note_off 72
time 94
note_off 71
time 26
note_off 68
time 6
note_on 63
velocity 59
time 25
note_off 60
time 40
note_on 76
velocity 81
time 18
note_on 72
velocity 66
time 17
note_off 63
time 90
note_on 59
velocity 44
time 36
note_on 51
velocity 61
time 58
note_off 59
time 9
note_on 75
velocity 80
time 37
note_off 51
time 9
note_on 71
velocity 60
time 10
note_off 72
time 9
note_off 76
time 113
note_off 71
time 76
note_on 74
velocity 77
time 16
note_on 70
velocity 48
time 1
note_off 75
time 34
note_on 52
velocity 47
time 7
note_on 44
velocity 43
time 5
note_off 70
time 0
note_off 44
time 7
note_on 75
velocity 79
time 0
note_on 71
velocity 64
time 8
note_off 52
time 8
note_off 74
time 11
note_on 55
velocity 48
time 7
note_off 71
time 116
note_off 55
time 42
note_on 70
velocity 73
time 17
note_on 74
velocity 78
time 2
note_on 58
velocity 50
time 8
note_off 75
time 73
note_on 73
velocity 82
time 138
note_on 69
velocity 63
time 12
note_on 61
velocity 59
time 8
note_off 70
time 1
note_off 74
time 17
note_off 58
time 11
note_off 69
time 111
note_on 74
velocity 75
time 67
note_on 70
velocity 74
time 5
note_on 62
velocity 51
time 35
note_off 73
time 16
note_off 61
time 33
note_on 73
velocity 75
time 133
note_on 69
velocity 64
time 11
note_on 63
velocity 55
time 26
note_off 62
time 1
note_off 70
time 1
note_off 74
time 8
note_off 69
time 80
note_on 72
velocity 78
time 197
note_on 68
velocity 48
time 18
note_on 64
velocity 51
time 13
note_off 63
time 12
note_off 73
time 1
note_off 68
time 42
note_on 67
velocity 56
time 45
note_on 60
velocity 50
time 19
note_off 64
time 65
note_on 68
velocity 48
time 30
note_on 71
velocity 64
time 343
note_on 63
velocity 46
time 13
note_off 72
time 25
note_off 60
time 40
note_on 70
velocity 71
time 8
note_off 71
time 3
note_on 59
velocity 50
time 21
note_off 63
time 25
note_on 51
velocity 41
time 9
note_off 59
time 85
note_on 71
velocity 67
time 30
note_off 70
time 46
note_off 51
time 22
note_off 68
time 7
note_off 67
time 8
note_on 70
velocity 51
time 344
note_on 52
velocity 44
time 20
note_on 69
velocity 64
time 16
note_off 71
time 32
note_off 70
time 29
note_on 68
velocity 58
time 208
note_on 44
velocity 51
time 1
note_on 61
velocity 27
time 32
note_off 69
time 28
note_on 70
velocity 67
time 162
note_off 68
time 172
note_off 61
time 3
note_on 51
velocity 54
time 41
note_off 52
time 2
note_on 71
velocity 75
time 6
note_off 44
time 25
note_off 51
time 21
note_off 70
time 7
note_on 70
velocity 71
time 165
note_on 66
velocity 65
time 8
note_off 71
time 76
note_on 71
velocity 74
time 148
note_off 66
time 2
note_on 67
velocity 64
time 4
note_off 70
time 33
note_off 67
time 79
note_off 71
time 75
note_on 72
velocity 47
time 64
note_on 71
velocity 44
time 15
note_on 64
velocity 50
time 1
note_on 68
velocity 47
time 8
note_off 71
time 23
note_off 68
time 61
note_on 73
velocity 58
time 6
note_off 72
time 6
note_on 69
velocity 47
time 4
note_on 61
velocity 49
time 33
note_off 64
time 61
note_off 69
time 29
note_on 74
velocity 53
time 44
note_on 70
velocity 46
time 16
note_off 73
time 41
note_off 70
time 40
note_on 75
velocity 52
time 317
note_on 71
velocity 46
time 14
note_on 63
velocity 46
time 2
note_off 74
time 8
note_off 61
time 19
note_off 71
time 28
note_off 75
time 127
note_on 51
velocity 30
time 83
note_off 63
time 113
note_off 51
time 39
note_on 59
velocity 51
time 484
note_on 68
velocity 62
time 36
note_on 44
velocity 41
time 9
note_on 56
velocity 46
time 126
note_on 51
velocity 52
time 111
note_on 63
velocity 68
time 303
note_off 59
time 81
note_off 68
time 186
note_on 59
velocity 62
time 1
note_off 51
time 1
note_on 68
velocity 78
time 4
note_off 63
time 46
note_on 51
velocity 64
time 10
note_off 44
time 29
note_off 59
time 5
note_on 63
velocity 74
time 32
note_off 56
time 36
note_on 42
velocity 65
time 45
note_off 51
time 3
note_on 57
velocity 78
time 17
note_off 63
time 15
note_on 49
velocity 78
time 123
note_off 42
time 244
note_on 63
velocity 85
time 5
note_off 57
time 23
note_off 68
time 103
note_on 59
velocity 83
time 122
note_off 49
time 39
note_off 59
time 7
note_on 68
velocity 83
time 225
note_off 63
time 28
note_off 68
time 57
note_on 64
velocity 83
time 403
note_on 56
velocity 70
time 15
note_on 40
velocity 65
time 25
note_off 56
time 15
note_off 64
time 54
note_on 47
velocity 64
time 325
note_on 68
velocity 77
time 2
note_on 41
velocity 20
time 112
note_off 40
time 221
note_off 41
time 0
note_on 56
velocity 75
time 22
note_on 71
velocity 77
time 11
note_off 47
time 20
note_off 56
time 33
note_on 63
velocity 90
time 266
note_off 63
time 218
note_on 61
velocity 81
time 273
note_on 64
velocity 72
time 3
note_on 57
velocity 65
time 8
note_on 54
velocity 64
time 12
note_off 68
time 45
note_off 61
time 92
note_off 71
time 7
note_on 59
velocity 82
time 88
note_on 69
velocity 74
time 19
note_off 57
time 5
note_off 59
time 8
note_on 47
velocity 77
time 4
note_off 54
time 22
note_off 47
time 55
note_on 57
velocity 80
time 62
note_on 66
velocity 90
time 334
note_on 71
velocity 80
time 16
note_off 69
time 69
note_off 66
time 16
note_off 57
time 33
note_off 71
time 105
note_on 63
velocity 83
time 121
note_off 64
time 22
note_off 63
time 75
note_on 68
velocity 85
time 18
note_on 64
velocity 70
time 12
note_on 40
velocity 55
time 0
note_on 47
velocity 58
time 1
note_on 56
velocity 36
time 34
note_off 56
time 10
note_off 40
time 6
note_off 64
time 32
note_off 47
time 3
note_off 68
time 37
note_on 76
velocity 85
time 262
note_on 61
velocity 59
time 23
note_on 68
velocity 60
time 376
note_on 71
velocity 71
time 0
note_off 61
time 113
note_off 71
time 54
note_off 68
time 84
note_on 75
velocity 89
time 41
note_on 59
velocity 62
time 16
note_off 76
time 98
note_on 73
velocity 82
time 313
note_on 69
velocity 64
time 18
note_on 66
velocity 60
time 3
note_on 64
velocity 57
time 2
note_off 75
time 13
note_off 59
time 70
note_on 71
velocity 83
time 66
note_on 63
velocity 71
time 2
note_off 64
time 41
note_off 73
time 67
note_off 69
time 28
note_off 66
time 35
note_on 78
velocity 80
time 176
note_on 57
velocity 63
time 146
note_off 63
time 11
note_off 57
time 39
note_off 71
time 4
note_on 63
velocity 84
time 115
note_off 63
time 1
note_on 40
velocity 73
time 312
note_on 71
velocity 70
time 0
note_off 78
time 15
note_off 71
time 32
note_on 71
velocity 75
time 88
note_on 47
velocity 74
time 23
note_on 41
velocity 32
time 75
note_off 71
time 7
note_on 76
velocity 81
time 12
note_off 40
time 23
note_off 41
time 13
note_off 76
time 19
note_on 56
velocity 73
time 20
note_off 47
time 4
note_off 56
time 32
note_on 76
velocity 83
time 1
note_on 83
velocity 86
time 122
note_on 88
velocity 92
time 345
note_on 68
velocity 68
time 20
note_on 71
velocity 68
time 3
note_on 84
velocity 49
time 122
note_off 84
time 10
note_off 83
time 63
note_on 61
velocity 77
time 186
note_off 71
time 110
note_off 68
time 69
note_off 88
time 57
note_on 68
velocity 80
time 57
note_on 71
velocity 78
time 2
note_off 61
time 73
note_off 68
time 163
note_off 71
time 25
note_on 59
velocity 73
time 13
note_on 87
velocity 92
time 5
note_off 76
time 33
note_on 81
velocity 73
time 338
note_on 85
velocity 84
time 0
note_on 69
velocity 80
time 0
note_on 64
velocity 73
time 2
note_on 73
velocity 19
time 10
note_off 73
time 11
note_off 69
time 56
note_off 87
time 93
note_on 68
velocity 81
time 34
note_on 83
velocity 85
time 12
note_on 82
velocity 43
time 28
note_on 73
velocity 14
time 23
note_off 81
time 21
note_off 68
time 29
note_off 85
time 6
note_off 73
time 9
note_off 64
time 85
note_on 81
velocity 79
time 141
note_on 85
velocity 88
time 2
note_on 66
velocity 76
time 3
note_on 64
velocity 77
time 2
note_on 73
velocity 60
time 5
note_off 82
time 26
note_off 73
time 3
note_off 59
time 2
note_off 83
time 197
note_off 64
time 12
note_off 66
time 65
note_on 63
velocity 73
time 17
note_on 57
velocity 68
time 13
note_off 63
time 17
note_off 57
time 19
note_on 78
velocity 83
time 161
note_on 90
velocity 88
time 1
note_on 40
velocity 72
time 127
note_off 85
time 3
note_on 47
velocity 75
time 0
note_off 81
time 23
note_off 90
time 8
note_off 40
time 28
note_off 78
time 4
note_off 47
time 82
note_on 56
velocity 70
time 26
note_off 56
time 33
note_on 85
velocity 82
time 241
note_on 73
velocity 63
time 11
note_on 80
velocity 68
time 7
note_on 68
velocity 69
time 27
note_on 78
velocity 7
time 363
note_on 61
velocity 64
time 23
note_off 68
time 32
note_off 85
time 77
note_off 73
time 1
note_on 64
velocity 81
time 28
note_off 78
time 37
note_on 84
velocity 82
time 15
note_on 56
velocity 65
time 14
note_on 72
velocity 68
time 2
note_off 64
time 36
note_off 56
time 2
note_off 61
time 32
note_off 72
time 5
note_off 80
time 0
note_off 84
time 2
note_on 83
velocity 67
time 178
note_on 78
velocity 70
time 18
note_on 57
velocity 42
time 4
note_on 66
velocity 53
time 4
note_on 71
velocity 56
time 4
note_on 64
velocity 46
time 6
note_off 71
time 10
note_on 82
velocity 65
time 82
note_on 70
velocity 53
time 7
note_on 61
velocity 63
time 36
note_off 83
time 2
note_off 70
time 33
note_off 64
time 29
note_off 82
time 76
note_off 78
time 100
note_on 78
velocity 34
time 0
note_on 81
velocity 70
time 21
note_on 69
velocity 53
time 35
note_off 69
time 44
note_on 83
velocity 74
time 170
note_on 71
velocity 62
time 10
note_on 63
velocity 55
time 16
note_off 66
time 9
note_off 71
time 70
note_off 57
time 17
note_off 83
time 18
note_off 81
time 3
note_off 63
time 40
note_off 78
time 19
note_off 61
time 2
note_on 80
velocity 64
time 161
note_on 68
velocity 78
time 22
note_off 68
time 7
note_on 68
velocity 52
time 163
note_on 66
velocity 48
time 26
note_on 70
velocity 67
time 116
note_off 66
time 2
note_off 80
time 0
note_on 56
velocity 51
time 8
note_off 56
time 34
note_off 68
time 75
note_off 70
time 5
note_on 71
velocity 80
time 1
note_on 68
velocity 82
time 4
note_on 50
velocity 52
time 14
note_off 68
time 89
note_off 71
time 1
note_on 72
velocity 78
time 330
note_on 66
velocity 69
time 2
note_on 51
velocity 47
time 0
note_on 44
velocity 51
time 0
note_off 50
time 15
note_off 44
time 20
note_off 51
time 10
note_off 66
time 55
note_on 69
velocity 73
time 148
note_on 73
velocity 80
time 3
note_on 54
velocity 49
time 5
note_off 72
time 40
note_off 69
time 28
note_on 68
velocity 72
time 3
note_on 64
velocity 55
time 19
note_on 56
velocity 52
time 11
note_on 75
velocity 72
time 14
note_on 60
velocity 62
time 8
note_off 64
time 18
note_off 54
time 6
note_off 60
time 5
note_off 56
time 16
note_off 68
time 1
note_off 73
time 26
note_on 76
velocity 62
time 326
note_on 61
velocity 63
time 16
note_off 75
time 10
note_on 68
velocity 52
time 7
note_on 49
velocity 46
time 20
note_on 64
velocity 46
time 1
note_off 76
time 29
note_off 61
time 85
note_on 61
velocity 68
time 200
note_on 70
velocity 58
time 25
note_off 68
time 28
note_off 64
time 5
note_on 56
velocity 54
time 37
note_off 49
time 14
note_off 56
time 23
note_on 71
velocity 52
time 7
note_off 70
time 9
note_on 64
velocity 8
time 6
note_off 61
time 23
note_off 64
time 64
note_on 68
velocity 62
time 329
note_on 72
velocity 48
time 5
note_off 71
time 10
note_on 75
velocity 48
time 18
note_on 64
velocity 40
time 8
note_off 72
time 15
note_on 73
velocity 46
time 390
note_off 75
time 9
note_on 76
velocity 45
time 528
note_off 73
time 87
note_off 76
time 466
note_off 64
time 10
note_on 66
velocity 48
time 754
note_off 68
time 169
note_on 73
velocity 49
time 387
note_on 64
velocity 53
time 4
note_off 66
time 131
note_on 63
velocity 55
time 227
note_on 71
velocity 52
time 15
note_off 64
time 144
note_off 71
time 182
note_on 69
velocity 47
time 6
note_on 61
velocity 55
time 6
note_off 73
time 43
note_off 63
time 139
note_on 62
velocity 51
time 239
note_on 70
velocity 44
time 8
note_off 61
time 27
note_on 68
velocity 28
time 3
note_off 69
time 45
note_on 56
velocity 41
time 81
note_off 68
time 35
note_off 62
time 111
note_on 58
velocity 45
time 211
note_on 46
velocity 52
time 26
note_off 56
time 17
note_off 58
time 16
note_off 46
time 19
note_on 63
velocity 49
time 497
note_on 39
velocity 43
time 28
note_off 70
time 12
note_off 39
time 13
note_on 56
velocity 45
time 118
note_on 70
velocity 41
time 1
note_on 46
velocity 35
time 2
note_off 56
time 297
note_off 63
time 15
note_on 75
velocity 52
time 18
note_off 70
time 56
note_on 55
velocity 43
time 226
note_off 75
time 6
note_on 70
velocity 46
time 7
note_off 46
time 20
note_off 55
time 8
note_off 70
time 6
note_on 58
velocity 51
time 332
note_on 75
velocity 50
time 0
note_on 68
velocity 43
time 30
note_on 63
velocity 44
time 12
note_off 68
time 10
note_off 58
time 93
note_on 82
velocity 42
time 17
note_off 63
time 2
note_off 75
time 9
note_on 75
velocity 39
time 462
note_on 87
velocity 48
time 22
note_on 80
velocity 30
time 15
note_off 82
time 212
note_off 87
time 29
note_on 79
velocity 49
time 278
note_off 79
time 92
note_off 80
time 26
note_off 75
time 29
note_on 63
velocity 39
time 315
note_on 67
velocity 52
time 0
note_on 70
velocity 58
time 93
note_off 67
time 12
note_off 63
time 57
note_on 75
velocity 64
time 197
note_on 64
velocity 52
time 19
note_off 70
time 20
note_on 68
velocity 55
time 6
note_off 64
time 36
note_on 71
velocity 52
time 4
note_off 68
time 73
note_off 71
time 98
note_on 65
velocity 57
time 19
note_on 69
velocity 64
time 7
note_off 65
time 77
note_off 75
time 21
note_on 73
velocity 55
time 54
note_off 69
time 3
note_off 73
time 147
note_on 75
velocity 79
time 28
note_on 66
velocity 65
time 2
note_on 70
velocity 68
time 7
note_off 66
time 82
note_off 70
time 79
note_on 67
velocity 63
time 135
note_off 75
time 17
note_on 70
velocity 31
time 144
note_on 71
velocity 68
time 36
note_off 67
time 11
note_on 67
velocity 21
time 0
note_off 67
time 58
note_off 70
time 80
note_on 76
velocity 66
time 7
note_off 71
time 10
note_off 76
time 121
note_on 68
velocity 63
time 28
note_on 75
velocity 74
time 6
note_on 72
velocity 59
time 1
note_off 68
time 39
note_off 75
time 64
note_off 72
time 56
note_on 77
velocity 55
time 19
note_off 77
time 137
note_on 75
velocity 49
time 40
note_on 69
velocity 51
time 4
note_on 73
velocity 46
time 8
note_off 69
time 39
note_off 75
time 0
note_off 73
time 64
note_on 78
velocity 45
time 23
note_on 75
velocity 46
time 206
note_on 70
velocity 31
time 43
note_off 78
time 28
note_on 74
velocity 50
time 3
note_off 70
time 45
note_off 75
time 138
note_on 79
velocity 46
time 45
note_off 79
time 332
note_on 71
velocity 49
time 44
note_off 74
time 33
note_off 71
time 66
note_on 75
velocity 63
time 755
note_on 87
velocity 48
time 7
note_on 71
velocity 25
time 39
note_on 63
velocity 40
time 317
note_on 80
velocity 48
time 1
note_on 56
velocity 46
time 256
note_off 63
time 5
note_on 82
velocity 56
time 12
note_off 75
time 46
note_off 80
time 14
note_off 87
time 64
note_off 71
time 4
note_on 63
velocity 44
time 69
note_on 75
velocity 53
time 6
note_off 56
time 150
note_off 75
time 38
note_on 71
velocity 48
time 22
note_on 80
velocity 50
time 20
note_off 71
time 194
note_on 70
velocity 58
time 4
note_on 75
velocity 62
time 189
note_off 80
time 11
note_off 82
time 27
note_off 63
time 12
note_off 70
time 37
note_on 71
velocity 66
time 86
note_off 75
time 80
note_on 68
velocity 75
time 98
note_off 71
time 15
note_on 59
velocity 46
time 15
note_off 68
time 97
note_on 63
velocity 46
time 1
note_off 59
time 201
note_on 68
velocity 71
time 37
note_off 63
time 83
note_on 80
velocity 57
time 25
note_on 75
velocity 63
time 20
note_off 80
time 23
note_off 68
time 66
note_off 75
time 56
note_on 67
velocity 74
time 9
note_on 71
velocity 52
time 76
note_off 71
time 18
note_on 63
velocity 43
time 19
note_off 67
time 106
note_off 63
time 79
note_on 68
velocity 66
time 7
note_on 75
velocity 52
time 4
note_on 63
velocity 44
time 17
note_off 63
time 90
note_off 68
time 19
note_off 75
time 66
note_on 59
velocity 53
time 7
note_on 51
velocity 54
time 203
note_off 59
time 57
note_on 44
velocity 47
time 143
note_off 44
time 131
note_off 51
time 92
note_on 75
velocity 72
time 34
note_on 83
velocity 65
time 18
note_on 71
velocity 54
time 146
note_off 71
time 37
note_off 75
time 40
note_off 83
time 37
note_on 76
velocity 83
time 84
note_on 72
velocity 67
time 38
note_off 76
time 54
note_on 67
velocity 61
time 25
note_off 72
time 132
note_on 75
velocity 79
time 17
note_off 67
time 63
note_on 80
velocity 61
time 38
note_on 70
velocity 54
time 4
note_off 70
time 64
note_off 80
time 66
note_off 75
time 14
note_on 71
velocity 58
time 6
note_on 63
velocity 54
time 186
note_off 71
time 87
note_on 56
velocity 42
time 129
note_off 56
time 89
note_off 63
time 48
note_on 73
velocity 67
time 113
note_on 80
velocity 59
time 11
note_on 71
velocity 59
time 108
note_off 80
time 34
note_off 71
time 11
note_off 73
time 33
note_on 75
velocity 69
time 140
note_on 70
velocity 51
time 7
note_off 75
time 9
note_on 64
velocity 38
time 72
note_off 70
time 69
note_off 64
time 15
note_on 73
velocity 59
time 109
note_on 76
velocity 53
time 4
note_on 69
velocity 47
time 25
note_off 69
time 37
note_on 70
velocity 51
time 121
note_off 76
time 19
note_off 73
time 61
note_on 64
velocity 48
time 159
note_off 70
time 55
note_on 61
velocity 55
time 132
note_off 64
time 92
note_on 63
velocity 51
time 141
note_on 65
velocity 64
time 13
note_on 66
velocity 66
time 2
note_off 65
time 25
note_on 71
velocity 80
time 140
note_off 63
time 12
note_off 61
time 5
note_on 67
velocity 61
time 13
note_on 68
velocity 50
time 6
note_on 62
velocity 66
time 40
note_off 67
time 1
note_off 66
time 2
note_on 63
velocity 73
time 15
note_off 62
time 27
note_on 66
velocity 70
time 7
note_off 63
time 32
note_on 61
velocity 80
time 152
note_off 66
time 3
note_on 62
velocity 75
time 171
note_off 61
time 139
note_on 75
velocity 85
time 3
note_on 65
velocity 71
time 9
note_off 62
time 13
note_off 65
time 29
note_off 68
time 9
note_on 58
velocity 66
time 13
note_off 71
time 5
note_off 75
time 27
note_off 58
time 110
note_on 59
velocity 76
time 29
note_off 59
time 36
note_on 70
velocity 81
time 240
note_on 60
velocity 61
time 22
note_on 39
velocity 64
time 38
note_off 60
time 32
note_on 61
velocity 61
time 0
note_on 46
velocity 62
time 15
note_off 39
time 82
note_on 62
velocity 77
time 25
note_off 61
time 8
note_off 46
time 4
note_on 53
velocity 58
time 8
note_off 70
time 138
note_off 53
time 5
note_off 62
time 32
note_on 56
velocity 66
time 20
note_on 71
velocity 80
time 3
note_on 63
velocity 78
time 5
note_on 61
velocity 61
time 11
note_on 64
velocity 73
time 8
note_off 63
time 1
note_on 65
velocity 73
time 22
note_on 62
velocity 61
time 3
note_off 64
time 7
note_off 61
time 25
note_off 65
time 83
note_on 70
velocity 76
time 52
note_off 62
time 22
note_on 51
velocity 48
time 10
note_off 71
time 11
note_off 56
time 14
note_on 67
velocity 55
time 10
note_on 61
velocity 35
time 14
note_on 74
velocity 60
time 127
note_off 70
time 4
note_on 60
velocity 44
time 2
note_off 61
time 87
note_on 61
velocity 43
time 207
note_on 71
velocity 64
time 3
note_off 60
time 20
note_off 74
time 1
note_off 67
time 0
note_on 67
velocity 47
time 4
note_on 62
velocity 44
time 14
note_off 61
time 2
note_on 63
velocity 53
time 211
note_off 63
time 36
note_off 62
time 5
note_on 75
velocity 49
time 3
note_off 71
time 17
note_off 51
time 62
note_off 67
time 35
note_on 44
velocity 45
time 164
note_on 51
velocity 50
time 7
note_off 44
time 7
note_on 59
velocity 50
time 30
note_on 68
velocity 43
time 9
note_off 51
time 8
note_off 68
time 23
note_off 59
time 2
note_off 75
time 101
note_on 71
velocity 57
time 134
note_on 63
velocity 45
time 25
note_off 71
time 46
note_on 75
velocity 62
time 128
note_on 68
velocity 56
time 9
note_off 75
time 150
note_on 71
velocity 66
time 1
note_off 63
time 13
note_on 80
velocity 68
time 5
note_off 68
time 44
note_off 80
time 30
note_off 71
time 39
note_on 76
velocity 56
time 51
note_on 83
velocity 67
time 2
note_off 76
time 165
note_on 87
velocity 64
time 26
note_on 75
velocity 51
time 3
note_off 83
time 29
note_off 87
time 58
note_off 75
time 105
note_on 74
velocity 63
time 8
note_on 88
velocity 70
time 6
note_on 80
velocity 63
time 165
note_on 84
velocity 67
time 5
note_off 88
time 41
note_off 80
time 127
note_on 96
velocity 80
time 2
note_on 76
velocity 64
time 12
note_off 84
time 48
note_off 74
time 34
note_on 87
velocity 85
time 70
note_on 73
velocity 70
time 5
note_off 76
time 15
note_off 96
time 54
note_on 83
velocity 68
time 100
note_on 79
velocity 63
time 5
note_off 87
time 58
note_on 75
velocity 64
time 103
note_on 95
velocity 77
time 5
note_off 79
time 10
note_off 83
time 13
note_off 73
time 12
note_off 95
time 105
note_on 86
velocity 73
time 37
note_on 72
velocity 64
time 4
note_off 75
time 9
note_off 86
time 152
note_on 78
velocity 61
time 7
note_on 82
velocity 60
time 6
note_off 72
time 16
note_on 74
velocity 61
time 138
note_off 78
time 25
note_on 94
velocity 74
time 7
note_off 82
time 61
note_off 74
time 93
note_on 71
velocity 59
time 19
note_on 85
velocity 67
time 8
note_off 94
time 39
note_off 85
time 91
note_on 77
velocity 61
time 43
note_on 81
velocity 51
time 2
note_off 71
time 14
note_on 93
velocity 71
time 168
note_on 73
velocity 61
time 17
note_off 77
time 19
note_off 81
time 25
note_off 93
time 89
note_on 84
velocity 66
time 52
note_on 70
velocity 60
time 12
note_off 73
time 1
note_off 84
time 189
note_on 76
velocity 62
time 16
note_on 80
velocity 56
time 4
note_on 92
velocity 67
time 203
note_on 72
velocity 58
time 12
note_off 76
time 1
note_off 80
time 109
note_off 70
time 109
note_on 83
velocity 66
time 1
note_on 71
velocity 60
time 5
note_off 72
time 65
note_off 92
time 33
note_on 79
velocity 63
time 145
note_on 75
velocity 60
time 14
note_off 75
time 3
note_on 91
velocity 80
time 0
note_on 63
velocity 54
time 2
note_off 71
time 3
note_off 79
time 19
note_off 63
time 9
note_off 91
time 26
note_off 83
time 10
note_on 75
velocity 83
time 602
note_on 82
velocity 59
time 12
note_on 71
velocity 35
time 17
note_off 75
time 101
note_on 75
velocity 49
time 159
note_on 63
velocity 48
time 2
note_off 71
time 59
note_off 63
time 86
note_on 80
velocity 58
time 64
note_on 59
velocity 13
time 22
note_off 75
time 22
note_off 82
time 18
note_off 59
time 43
note_off 80
time 44
note_on 70
velocity 53
time 45
note_on 63
velocity 48
time 1
note_off 63
time 59
note_off 70
time 11
note_on 59
velocity 54
time 102
note_on 75
velocity 54
time 8
note_on 68
velocity 67
time 172
note_on 51
velocity 52
time 11
note_off 75
time 32
note_off 59
time 23
note_off 51
time 89
note_on 59
velocity 60
time 19
note_on 75
velocity 79
time 5
note_on 63
velocity 79
time 178
note_off 75
time 5
note_on 51
velocity 60
time 23
note_off 68
time 12
note_off 59
time 50
note_off 63
time 140
note_on 68
velocity 87
time 30
note_on 44
velocity 58
time 48
note_off 51
time 88
note_on 59
velocity 73
time 133
note_on 51
velocity 73
time 13
note_off 44
time 105
note_on 63
velocity 85
time 81
note_on 56
velocity 71
time 15
note_off 68
time 41
note_off 59
time 55
note_off 56
time 22
note_on 68
velocity 86
time 205
note_on 42
velocity 72
time 35
note_off 63
time 3
note_off 51
time 33
note_on 60
velocity 69
time 1
note_on 51
velocity 72
time 8
note_off 42
time 139
note_on 63
velocity 80
time 0
note_on 56
velocity 77
time 12
note_off 51
time 45
note_off 60
time 3
note_off 68
time 12
note_off 56
time 16
note_on 67
velocity 87
time 75
note_on 59
velocity 77
time 19
note_off 63
time 28
note_off 59
time 98
note_on 62
velocity 85
time 36
note_on 51
velocity 73
time 8
note_on 63
velocity 93
time 158
note_on 56
velocity 80
time 20
note_off 62
time 16
note_off 67
time 9
note_off 63
time 27
note_off 51
time 120
note_on 68
velocity 91
time 44
note_on 60
velocity 75
time 2
note_off 56
time 6
note_off 60
time 178
note_on 72
velocity 92
time 47
note_on 63
velocity 78
time 12
note_off 68
time 25
note_on 76
velocity 87
time 201
note_on 67
velocity 91
time 17
note_off 72
time 12
note_off 63
time 28
note_on 75
velocity 95
time 219
note_off 67
time 2
note_on 68
velocity 87
time 1
note_off 68
time 30
note_off 76
time 30
note_on 78
velocity 91
time 284
note_on 70
velocity 81
time 12
note_off 70
time 188
note_off 78
time 22
note_on 79
velocity 89
time 146
note_on 71
velocity 80
time 16
note_off 75
time 83
note_off 71
time 144
note_off 79
time 200
note_on 40
velocity 82
time 26
note_on 28
velocity 80
time 5
note_off 28
time 9
note_off 40
time 30
note_on 48
velocity 69
time 337
note_on 54
velocity 77
time 113
note_off 48
time 23
note_on 56
velocity 81
time 60
note_off 54
time 29
note_on 58
velocity 81
time 38
note_off 56
time 45
note_on 60
velocity 87
time 27
note_off 58
time 59
note_off 60
time 11
note_on 64
velocity 76
time 21
note_on 68
velocity 81
time 86
note_off 64
time 39
note_on 70
velocity 84
time 44
note_off 68
time 67
note_on 72
velocity 73
time 5
note_off 70
time 17
note_on 71
velocity 42
time 39
note_off 71
time 38
note_on 76
velocity 88
time 5
note_on 80
velocity 92
time 46
note_off 72
time 21
note_off 80
time 12
note_off 76
time 2
note_on 64
velocity 61
time 23
note_on 56
velocity 58
time 5
note_off 64
time 71
note_off 56
time 28
note_on 68
velocity 67
time 176
note_on 60
velocity 55
time 8
note_off 60
time 50
note_off 68
time 27
note_on 66
velocity 55
time 198
note_on 70
velocity 64
time 9
note_off 66
time 63
note_off 70
time 42
note_on 68
velocity 49
time 208
note_on 72
velocity 58
time 4
note_off 68
time 78
note_off 72
time 123
note_on 76
velocity 53
time 121
note_on 70
velocity 52
time 8
note_off 76
time 79
note_off 70
time 2
note_on 80
velocity 65
time 510
note_on 72
velocity 39
time 64
note_off 72
time 277
note_on 60
velocity 37
time 821
note_off 80
time 197
note_off 60
time 32
note_on 64
velocity 49
time 8
note_off 64
time 154
note_on 66
velocity 61
time 15
note_off 66
time 87
note_on 68
velocity 56
time 31
note_off 68
time 70
note_on 70
velocity 58
time 18
note_off 70
time 29
note_on 72
velocity 54
time 34
note_off 72
time 60
note_on 74
velocity 57
time 16
note_off 74
time 62
note_on 76
velocity 58
time 13
note_off 76
time 36
note_on 78
velocity 69
time 16
note_off 78
time 71
note_on 80
velocity 66
time 13
note_on 82
velocity 74
time 58
note_off 80
time 57
note_on 84
velocity 60
time 23
note_off 82
time 9
note_off 84
time 60
note_on 86
velocity 72
time 1
note_on 88
velocity 80
time 60
note_off 86
time 6
note_off 88
time 52
note_on 72
velocity 71
time 2
note_on 76
velocity 63
time 16
note_off 72
time 11
note_on 78
velocity 84
time 3
note_off 76
time 5
note_on 80
velocity 73
time 22
note_off 78
time 12
note_on 82
velocity 86
time 23
note_off 80
time 3
note_on 84
velocity 67
time 6
note_off 82
time 9
note_on 86
velocity 66
time 6
note_off 84
time 10
note_on 88
velocity 76
time 29
note_off 86
time 2
note_off 88
time 5
note_on 90
velocity 62
time 7
note_off 90
time 6
note_on 92
velocity 77
time 12
note_off 92
time 56
note_on 94
velocity 55
time 52
note_off 94
time 28
note_on 96
velocity 65
time 50
note_off 96
time 104
note_on 98
velocity 69
time 66
note_off 98
time 85
note_on 100
velocity 66
time 94
note_off 100
time 92
note_on 102
velocity 59
time 121
note_off 102
time 153
note_on 104
velocity 69
time 213
note_off 104
time 41
note_on 55
velocity 57
time 30
note_on 56
velocity 69
time 132
note_off 55
time 79
note_on 59
velocity 78
time 128
note_on 62
velocity 80
time 165
note_off 56
time 48
note_off 59
time 43
note_on 64
velocity 80
time 80
note_off 62
time 17
note_on 63
velocity 78
time 156
note_off 64
time 104
note_on 67
velocity 79
time 82
note_on 71
velocity 80
time 194
note_on 75
velocity 80
time 250
note_off 71
time 52
note_off 67
time 38
note_off 63
time 32
note_on 71
velocity 66
time 1
note_on 68
velocity 63
time 21
note_on 65
velocity 57
time 12
note_off 71
time 14
note_off 75
time 9
note_on 61
velocity 56
time 17
note_off 68
time 18
note_off 65
time 42
note_on 62
velocity 53
time 142
note_off 61
time 1
note_on 72
velocity 75
time 201
note_on 64
velocity 51
time 18
note_off 62
time 16
note_on 67
velocity 47
time 10
note_off 64
time 13
note_off 67
time 16
note_on 68
velocity 47
time 64
note_on 65
velocity 43
time 230
note_on 60
velocity 40
time 12
note_off 72
time 11
note_off 68
time 8
note_off 65
time 55
note_off 60
time 98
note_on 61
velocity 43
time 3
note_on 71
velocity 53
time 366
note_on 64
velocity 33
time 15
note_on 66
velocity 39
time 51
note_on 67
velocity 39
time 484
note_off 66
time 106
note_off 64
time 12
note_off 67
time 22
note_off 61
time 40
note_off 71
time 41
note_on 59
velocity 43
time 13
note_on 51
velocity 32
time 13
note_on 44
velocity 32
time 3
note_off 44
time 20
note_on 63
velocity 45
time 37
note_on 56
velocity 32
time 63
note_off 59
time 94
note_on 68
velocity 55
time 138
note_off 63
time 3
note_off 51
time 8
note_on 59
velocity 41
time 6
note_off 56
time 2
note_off 59
time 39
note_off 68
time 66
note_on 64
velocity 52
time 94
note_on 71
velocity 60
time 8
note_off 71
time 109
note_off 64
time 62
note_on 80
velocity 70
time 20
note_on 63
velocity 55
time 10
note_off 80
time 205
note_on 88
velocity 77
time 119
note_on 83
velocity 61
time 13
note_on 59
velocity 53
time 12
note_on 62
velocity 53
time 14
note_on 76
velocity 40
time 19
note_off 63
time 12
note_off 76
time 1
note_on 76
velocity 15
time 0
note_on 64
velocity 62
time 8
note_off 59
time 9
note_off 88
time 34
note_off 62
time 64
note_off 64
time 39
note_off 76
time 6
note_on 67
velocity 60
time 10
note_on 87
velocity 78
time 196
note_off 67
time 13
note_on 80
velocity 71
time 3
note_on 70
velocity 64
time 11
note_on 63
velocity 51
time 2
note_on 75
velocity 59
time 5
note_off 83
time 28
note_on 71
velocity 64
time 20
note_off 71
time 64
note_off 70
time 39
note_off 63
time 18
note_on 79
velocity 73
time 101
note_off 87
time 27
note_off 80
time 29
note_off 79
time 8
note_off 75
time 44
note_on 83
velocity 74
time 176
note_on 76
velocity 74
time 15
note_on 44
velocity 51
time 8
note_on 51
velocity 53
time 1
note_on 75
velocity 65
time 8
note_off 76
time 30
note_on 71
velocity 73
time 64
note_on 56
velocity 69
time 6
note_off 83
time 13
note_off 44
time 15
note_off 75
time 3
note_off 51
time 66
note_on 59
velocity 69
time 46
note_off 56
time 7
note_on 70
velocity 80
time 30
note_off 59
time 17
note_off 71
time 3
note_on 71
velocity 81
time 58
note_on 64
velocity 65
time 3
note_off 70
time 53
note_off 71
time 46
note_off 64
time 21
note_on 63
velocity 74
time 48
note_on 68
velocity 78
time 1
note_off 68
time 30
note_on 88
velocity 85
time 114
note_on 82
velocity 27
time 2
note_on 83
velocity 75
time 20
note_on 59
velocity 52
time 12
note_on 62
velocity 58
time 0
note_on 76
velocity 54
time 6
note_off 82
time 13
note_off 63
time 17
note_on 64
velocity 71
time 7
note_off 59
time 2
note_off 62
time 5
note_off 88
time 4
note_on 67
velocity 74
time 14
note_off 64
time 7
note_off 76
time 37
note_on 70
velocity 75
time 192
note_on 87
velocity 82
time 4
note_on 63
velocity 55
time 6
note_on 80
velocity 72
time 1
note_on 75
velocity 59
time 28
note_off 67
time 1
note_off 83
time 16
note_on 71
velocity 78
time 8
note_off 71
time 52
note_off 70
time 8
note_off 63
time 21
note_on 83
velocity 83
time 85
note_off 80
time 23
note_off 87
time 7
note_off 75
time 52
note_on 86
velocity 82
time 62
note_off 83
time 6
note_on 74
velocity 64
time 5
note_on 79
velocity 62
time 3
note_on 44
velocity 55
time 1
note_on 52
velocity 54
time 4
note_off 44
time 25
note_off 52
time 9
note_on 82
velocity 65
time 7
note_on 55
velocity 52
time 4
note_off 79
time 12
note_off 82
time 93
note_off 55
time 18
note_on 58
velocity 62
time 56
note_on 78
velocity 66
time 4
note_off 86
time 187
note_off 74
time 6
note_on 81
velocity 73
time 2
note_on 62
velocity 64
time 2
note_off 78
time 31
note_on 85
velocity 87
time 4
note_on 51
velocity 61
time 4
note_on 73
velocity 50
time 4
note_off 62
time 7
note_on 77
velocity 56
time 0
note_on 61
velocity 66
time 5
note_off 81
time 0
note_on 78
velocity 29
time 22
note_off 58
time 26
note_off 51
time 2
note_off 73
time 27
note_off 61
time 20
note_on 65
velocity 58
time 16
note_off 78
time 4
note_on 80
velocity 74
time 4
note_off 77
time 21
note_off 85
time 107
note_off 65
time 31
note_on 84
velocity 77
time 64
note_on 64
velocity 57
time 11
note_off 80
time 2
note_on 72
velocity 53
time 5
note_on 56
velocity 53
time 2
note_on 76
velocity 47
time 1
note_off 64
time 10
note_on 80
velocity 61
time 8
note_off 76
time 14
note_on 66
velocity 52
time 1
note_off 80
time 154
note_on 76
velocity 54
time 30
note_off 66
time 1
note_on 67
velocity 60
time 20
note_off 72
time 53
note_off 56
time 12
note_off 84
time 93
note_on 79
velocity 59
time 56
note_on 70
velocity 49
time 16
note_off 76
time 6
note_off 67
time 32
note_off 70
time 34
note_on 83
velocity 68
time 186
note_on 63
velocity 45
time 37
note_on 68
velocity 52
time 5
note_on 75
velocity 47
time 0
note_off 79
time 4
note_on 71
velocity 38
time 39
note_on 80
velocity 68
time 14
note_off 68
time 5
note_off 71
time 20
note_off 63
time 2
note_off 75
time 1
note_off 83
time 15
note_off 80
time 22
note_on 86
velocity 74
time 314
note_on 82
velocity 65
time 25
note_on 74
velocity 55
time 3
note_on 52
velocity 49
time 8
note_on 44
velocity 46
time 27
note_off 44
time 61
note_on 85
velocity 72
time 17
note_on 81
velocity 59
time 4
note_off 52
time 1
note_on 55
velocity 56
time 11
note_off 82
time 32
note_off 81
time 23
note_off 86
time 3
note_off 85
time 21
note_off 55
time 51
note_on 58
velocity 61
time 55
note_on 84
velocity 74
time 3
note_on 80
velocity 70
time 16
note_off 80
time 121
note_off 84
time 64
note_on 79
velocity 70
time 3
note_on 83
velocity 71
time 1
note_on 62
velocity 55
time 38
note_off 74
time 17
note_off 79
time 6
note_off 83
time 10
note_off 62
time 83
note_on 82
velocity 80
time 77
note_on 73
velocity 78
time 7
note_on 78
velocity 72
time 8
note_on 61
velocity 68
time 1
note_on 51
velocity 55
time 11
note_off 58
time 4
note_off 51
time 0
note_off 82
time 51
note_on 81
velocity 79
time 3
note_on 77
velocity 74
time 20
note_on 65
velocity 53
time 10
note_off 65
time 78
note_off 73
time 0
note_off 78
time 90
note_on 72
velocity 85
time 107
note_off 81
time 6
note_off 77
time 0
note_on 64
velocity 45
time 10
note_off 61
time 3
note_on 56
velocity 45
time 7
note_on 80
velocity 69
time 57
note_on 76
velocity 62
time 13
note_on 60
velocity 53
time 100
note_off 64
time 30
note_off 56
time 23
note_off 60
time 33
note_off 80
time 6
note_on 79
velocity 68
time 14
note_on 75
velocity 65
time 15
note_off 76
time 44
note_off 72
time 8
note_off 79
time 171
note_on 71
velocity 82
time 3
note_off 75
time 18
note_on 63
velocity 55
time 11
note_on 51
velocity 37
time 1
note_on 78
velocity 65
time 17
note_on 74
velocity 51
time 9
note_off 63
time 23
note_on 59
velocity 50
time 32
note_off 51
time 84
note_off 71
time 55
note_off 59
time 2
note_on 77
velocity 66
time 27
note_on 73
velocity 61
time 7
note_off 74
time 41
note_off 78
time 34
note_on 70
velocity 80
time 176
note_on 58
velocity 56
time 8
note_off 73
time 1
note_off 77
time 8
note_on 76
velocity 45
time 17
note_on 72
velocity 44
time 7
note_on 61
velocity 35
time 1
note_off 61
time 141
note_on 77
velocity 64
time 60
note_off 70
time 14
note_on 51
velocity 44
time 2
note_on 73
velocity 37
time 26
note_off 72
time 20
note_off 76
time 37
note_off 77
time 132
note_on 71
velocity 69
time 34
note_off 73
time 8
note_off 51
time 19
note_off 58
time 1
note_on 59
velocity 42
time 2
note_on 78
velocity 58
time 10
note_on 51
velocity 43
time 1
note_on 74
velocity 32
time 6
note_off 59
time 58
note_on 79
velocity 59
time 129
note_on 44
velocity 33
time 16
note_off 51
time 12
note_on 75
velocity 32
time 18
note_off 44
time 19
note_off 71
time 6
note_off 74
time 15
note_off 78
time 3
note_off 79
time 67
note_off 75
time 148
note_on 73
velocity 60
time 22
note_on 61
velocity 43
time 28
note_on 80
velocity 52
time 12
note_on 76
velocity 42
time 9
note_on 58
velocity 34
time 3
note_off 80
time 201
note_on 81
velocity 54
time 22
note_on 51
velocity 41
time 19
note_on 77
velocity 46
time 18
note_off 58
time 25
note_off 51
time 2
note_off 73
time 9
note_off 76
time 0
note_off 61
time 8
note_off 81
time 319
note_on 75
velocity 64
time 1
note_off 77
time 30
note_on 63
velocity 7
time 44
note_on 73
velocity 45
time 34
note_on 82
velocity 43
time 6
note_on 78
velocity 34
time 7
note_off 73
time 47
note_off 82
time 68
note_off 78
time 33
note_on 67
velocity 35
time 185
note_on 83
velocity 46
time 1
note_on 79
velocity 38
time 6
note_off 63
time 56
note_off 83
time 43
note_off 79
time 4
note_off 75
time 7
note_off 67
time 25
note_on 68
velocity 52
time 595
note_off 68
time 2
note_on 86
velocity 49
time 450
note_on 82
velocity 40
time 8
note_on 32
velocity 36
time 34
note_off 32
time 363
note_on 83
velocity 51
time 7
note_on 87
velocity 59
time 18
note_on 44
velocity 29
time 1
note_off 83
time 23
note_off 82
time 19
note_off 86
time 3
note_off 44
time 10
note_off 87
time 22
note_on 51
velocity 52
time 348
note_on 87
velocity 46
time 29
note_on 91
velocity 47
time 7
note_off 87
time 227
note_on 59
velocity 60
time 41
note_on 92
velocity 59
time 10
note_on 88
velocity 44
time 5
note_off 51
time 93
note_off 91
time 23
note_off 88
time 37
note_off 92
time 71
note_on 93
velocity 67
time 10
note_on 63
velocity 62
time 5
note_on 89
velocity 51
time 11
note_off 59
time 60
note_off 89
time 40
note_off 93
time 93
note_on 94
velocity 68
time 12
note_off 63
time 4
note_on 68
velocity 62
time 4
note_on 90
velocity 51
time 22
note_off 68
time 20
note_off 90
time 65
note_on 95
velocity 71
time 98
note_on 91
velocity 57
time 11
note_on 75
velocity 58
time 9
note_off 94
time 14
note_off 75
time 73
note_off 91
time 36
note_on 96
velocity 76
time 68
note_on 92
velocity 65
time 13
note_on 80
velocity 59
time 12
note_off 95
time 8
note_off 80
time 19
note_off 92
time 69
note_on 97
velocity 71
time 92
note_on 93
velocity 65
time 4
note_off 96
time 28
note_off 93
time 88
note_on 94
velocity 64
time 89
note_on 98
velocity 65
time 6
note_off 97
time 56
note_off 94
time 20
note_on 96
velocity 63
time 136
note_on 100
velocity 71
time 6
note_off 98
time 16
note_off 96
time 64
note_on 99
velocity 69
time 134
note_on 95
velocity 61
time 1
note_off 95
time 122
note_off 100
time 17
note_off 99
time 46
note_on 91
velocity 67
time 6
note_on 88
velocity 55
time 6
note_off 91
time 163
note_off 88
time 7
note_on 87
velocity 54
time 19
note_on 94
velocity 60
time 4
note_on 90
velocity 54
time 1
note_off 94
time 131
note_off 87
time 54
note_on 95
velocity 66
time 7
note_on 86
velocity 53
time 3
note_off 90
time 8
note_on 91
velocity 58
time 7
note_off 91
time 119
note_off 86
time 18
note_off 95
time 4
note_on 85
velocity 62
time 40
note_on 88
velocity 61
time 4
note_off 88
time 112
note_off 85
time 39
note_on 83
velocity 61
time 31
note_on 90
velocity 67
time 7
note_on 86
velocity 51
time 12
note_off 86
time 80
note_off 90
time 34
note_off 83
time 30
note_on 82
velocity 63
time 23
note_on 91
velocity 69
time 6
note_on 87
velocity 56
time 3
note_off 87
time 122
note_off 91
time 54
note_on 83
velocity 66
time 1
note_on 80
velocity 61
time 12
note_off 82
time 5
note_off 83
time 79
note_off 80
time 3
note_on 82
velocity 60
time 89
note_on 86
velocity 70
time 1
note_on 79
velocity 59
time 8
note_off 86
time 61
note_off 82
time 2
note_off 79
time 5
note_on 87
velocity 65
time 130
note_on 78
velocity 55
time 11
note_on 83
velocity 66
time 14
note_off 83
time 82
note_off 78
time 12
note_off 87
time 40
note_on 79
velocity 63
time 22
note_on 76
velocity 58
time 1
note_off 79
time 109
note_off 76
time 42
note_on 82
velocity 67
time 22
note_on 78
velocity 61
time 9
note_on 75
velocity 58
time 1
note_off 82
time 119
note_off 75
time 48
note_off 78
time 6
note_on 79
velocity 65
time 11
note_on 83
velocity 68
time 1
note_on 74
velocity 53
time 2
note_off 79
time 83
note_off 83
time 31
note_off 74
time 13
note_on 73
velocity 60
time 53
note_on 76
velocity 56
time 1
note_off 76
time 117
note_off 73
time 52
note_on 71
velocity 60
time 27
note_on 78
velocity 68
time 4
note_on 74
velocity 51
time 8
note_off 74
time 43
note_off 71
time 2
note_off 78
time 90
note_on 79
velocity 65
time 60
note_on 70
velocity 54
time 4
note_on 75
velocity 59
time 9
note_off 75
time 107
note_off 79
time 31
note_on 71
velocity 61
time 50
note_on 68
velocity 52
time 2
note_off 70
time 37
note_off 71
time 37
note_off 68
time 16
note_on 67
velocity 53
time 115
note_on 74
velocity 60
time 1
note_on 70
velocity 47
time 11
note_off 70
time 54
note_off 74
time 0
note_off 67
time 96
note_on 75
velocity 57
time 56
note_on 66
velocity 51
time 14
note_on 71
velocity 43
time 29
note_off 75
time 166
note_off 71
time 13
note_on 67
velocity 63
time 21
note_off 66
time 14
note_on 64
velocity 44
time 1
note_off 67
time 212
note_on 70
velocity 57
time 26
note_on 66
velocity 50
time 7
note_on 63
velocity 48
time 9
note_off 64
time 46
note_off 70
time 9
note_on 71
velocity 57
time 0
note_on 62
velocity 48
time 13
note_on 67
velocity 44
time 6
note_off 63
time 13
note_off 67
time 19
note_off 66
time 13
note_on 64
velocity 51
time 32
note_off 71
time 8
note_off 62
time 12
note_on 61
velocity 49
time 12
note_off 64
time 361
note_on 67
velocity 42
time 26
note_on 63
velocity 33
time 4
note_on 59
velocity 34
time 12
note_off 61
time 28
note_off 67
time 15
note_off 63
time 14
note_off 59
time 36
note_on 44
velocity 41
time 160
note_on 59
velocity 42
time 11
note_on 51
velocity 37
time 4
note_off 59
time 64
note_off 44
time 42
note_on 68
velocity 54
time 33
note_on 59
velocity 37
time 25
note_off 68
time 43
note_off 51
time 30
note_off 59
time 220
note_on 71
velocity 47
time 398
note_on 63
velocity 48
time 3
note_off 71
time 77
note_off 63
time 38
note_on 70
velocity 58
time 21
note_on 79
velocity 45
time 20
note_off 70
time 59
note_off 79
time 12
note_on 71
velocity 58
time 7
note_on 80
velocity 52
time 30
note_off 71
time 2
note_off 80
time 27
note_on 75
velocity 60
time 68
note_on 83
velocity 67
time 12
note_off 83
time 42
note_off 75
time 21
note_on 82
velocity 60
time 38
note_on 91
velocity 56
time 26
note_off 82
time 20
note_off 91
time 36
note_on 83
velocity 60
time 6
note_off 83
time 32
note_on 92
velocity 53
time 8
note_off 92
time 27
note_on 95
velocity 57
time 92
note_on 87
velocity 52
time 2
note_off 95
time 30
note_off 87
time 88
note_on 94
velocity 53
time 8
note_on 103
velocity 31
time 67
note_off 94
time 86
note_off 103
time 72
note_on 104
velocity 51
time 31
note_off 104
time 75
note_on 40
velocity 65
time 131
note_on 47
velocity 69
time 229
note_on 55
velocity 79
time 103
note_on 59
velocity 81
time 148
note_off 40
time 96
note_off 47
time 33
note_off 55
time 11
note_on 62
velocity 81
time 3
note_off 59
time 60
note_on 71
velocity 85
time 78
note_off 62
time 57
note_off 71
time 242
note_on 66
velocity 90
time 21
note_off 66
time 1342
note_on 64
velocity 66
time 269
note_off 64
time 13
note_on 39
velocity 48
time 392
note_on 46
velocity 47
time 5
note_off 39
time 114
note_off 46
time 69
note_on 55
velocity 51
time 38
note_off 55
time 36
note_on 55
velocity 43
time 122
note_off 55
time 50
note_on 61
velocity 44
time 83
note_off 61
time 148
note_on 67
velocity 30
time 62
note_on 71
velocity 52
time 229
note_off 67
time 106
note_off 71
time 67
note_on 78
velocity 62
time 339
note_off 78
time 432
note_on 76
velocity 38
time 1373
note_off 76
time 292
note_on 32
velocity 29
time 6
note_off 32
time 1
note_on 68
velocity 48
time 522
note_on 59
velocity 33
time 29
note_on 51
velocity 35
time 9
note_off 51
time 83
note_off 59
time 305
note_off 68
time 8
note_on 76
velocity 39
time 1020
note_on 75
velocity 52
time 183
note_off 76
time 23
note_off 75
time 33
note_on 80
velocity 52
time 122
note_off 80
time 242
note_on 83
velocity 43
time 20
note_off 83
time 164
note_on 92
velocity 57
time 392
note_off 92
time 105
