note_on 78
velocity 46
time 1048
note_on 66
velocity 38
time 15
note_on 73
velocity 44
time 2
note_on 70
velocity 41
time 3
note_on 64
velocity 20
time 35
note_on 61
velocity 22
time 4
note_on 55
velocity 22
time 2
note_on 58
velocity 20
time 9
note_off 64
time 1679
note_off 61
time 370
note_off 58
time 309
note_off 70
time 5
note_off 78
time 6
note_off 55
time 148
note_off 73
time 3
note_off 66
time 248
note_on 76
velocity 32
time 1611
note_on 71
velocity 31
time 1
note_on 68
velocity 34
time 1
note_on 64
velocity 30
time 0
note_on 62
velocity 28
time 10
note_on 53
velocity 25
time 7
note_on 59
velocity 29
time 5
note_on 56
velocity 25
time 8
note_off 62
time 9
note_off 59
time 29
note_off 56
time 23
note_off 53
time 17
note_on 25
velocity 39
time 594
note_off 76
time 460
note_off 64
time 70
note_off 25
time 200
note_on 37
velocity 35
time 85
note_off 71
time 48
note_off 37
time 269
note_off 68
time 3
note_on 44
velocity 30
time 544
note_on 73
velocity 49
time 77
note_on 61
velocity 34
time 27
note_off 61
time 306
note_on 49
velocity 31
time 555
note_on 74
velocity 67
time 85
note_on 62
velocity 45
time 4
note_off 73
time 79
note_off 62
time 150
note_off 74
time 270
note_off 44
time 307
note_off 49
time 76
note_on 83
velocity 63
time 107
note_on 71
velocity 44
time 25
note_off 83
time 171
note_off 71
time 43
note_on 78
velocity 42
time 1290
note_on 66
velocity 36
time 30
note_on 70
velocity 42
time 3
note_on 73
velocity 42
time 1
note_on 58
velocity 24
time 16
note_on 61
velocity 24
time 5
note_on 64
velocity 27
time 11
note_on 55
velocity 27
time 4
note_off 64
time 0
note_off 61
time 51
note_off 55
time 45
note_off 58
time 0
note_on 27
velocity 28
time 815
note_off 27
time 650
note_on 39
velocity 23
time 201
note_off 39
time 312
note_on 46
velocity 23
time 554
note_off 73
time 489
note_off 70
time 22
note_off 46
time 147
note_off 66
time 13
note_on 73
velocity 45
time 942
note_on 61
velocity 26
time 25
note_off 78
time 347
note_off 61
time 1803
note_on 58
velocity 29
time 700
note_on 70
velocity 33
time 8
note_off 73
time 312
note_on 67
velocity 38
time 10
note_on 55
velocity 31
time 8
note_off 58
time 20
note_on 56
velocity 37
time 21
note_on 68
velocity 46
time 13
note_off 70
time 85
note_on 69
velocity 52
time 20
note_on 57
velocity 33
time 29
note_off 56
time 22
note_off 67
time 7
note_off 55
time 8
note_off 68
time 0
note_on 53
velocity 34
time 59
note_on 65
velocity 38
time 25
note_off 57
time 11
note_off 69
time 22
note_off 53
time 4
note_on 61
velocity 28
time 233
note_on 49
velocity 21
time 30
note_off 65
time 9
note_on 50
velocity 32
time 75
note_on 62
velocity 38
time 0
note_on 51
velocity 37
time 167
note_on 63
velocity 44
time 18
note_off 50
time 78
note_off 49
time 66
note_on 52
velocity 27
time 77
note_on 64
velocity 35
time 16
note_off 62
time 40
note_off 61
time 78
note_off 63
time 2
note_off 51
time 5
note_on 60
velocity 25
time 114
note_on 48
velocity 20
time 23
note_off 52
time 162
note_off 64
time 51
note_on 57
velocity 28
time 293
note_on 45
velocity 16
time 17
note_off 48
time 51
note_off 60
time 55
note_off 57
time 6
note_off 45
time 192
note_on 57
velocity 33
time 387
note_on 45
velocity 34
time 6
note_on 64
velocity 45
time 244
note_on 55
velocity 33
time 13
note_on 59
velocity 37
time 12
note_on 61
velocity 32
time 5
note_off 55
time 15
note_off 64
time 118
note_off 61
time 14
note_off 59
time 9
note_on 63
velocity 34
time 7
note_on 54
velocity 23
time 8
note_on 59
velocity 33
time 11
note_on 61
velocity 24
time 5
note_off 54
time 5
note_off 59
time 22
note_off 61
time 6
note_off 63
time 10
note_on 59
velocity 26
time 328
note_on 61
velocity 8
time 44
note_off 57
time 71
note_off 45
time 200
note_on 45
velocity 23
time 453
note_on 33
velocity 26
time 3
note_off 33
time 207
note_off 45
time 9
note_on 57
velocity 31
time 566
note_on 45
velocity 31
time 4
note_off 59
time 207
note_off 61
time 58
note_on 53
velocity 31
time 614
note_on 58
velocity 27
time 10
note_on 62
velocity 42
time 13
note_on 60
velocity 28
time 16
note_off 53
time 126
note_off 62
time 44
note_off 58
time 17
note_off 60
time 10
note_on 54
velocity 34
time 341
note_on 63
velocity 47
time 2
note_on 59
velocity 36
time 32
note_on 61
velocity 36
time 7
note_off 54
time 191
note_off 45
time 112
note_off 59
time 33
note_off 61
time 211
note_off 63
time 21
note_off 57
time 13
note_on 69
velocity 39
time 1238
note_on 57
velocity 38
time 6
note_off 69
time 784
note_off 57
time 596
note_on 68
velocity 32
time 13
note_on 80
velocity 58
time 0
note_on 71
velocity 41
time 11
note_on 75
velocity 46
time 1
note_on 59
velocity 32
time 4
note_on 73
velocity 37
time 5
note_on 63
velocity 21
time 8
note_on 61
velocity 25
time 3
note_off 68
time 15
note_off 71
time 61
note_off 61
time 2
note_off 63
time 40
note_off 80
time 170
note_off 73
time 189
note_off 59
time 37
note_off 75
time 40
note_on 63
velocity 35
time 822
note_on 75
velocity 60
time 10
note_on 54
velocity 31
time 9
note_on 57
velocity 38
time 23
note_on 66
velocity 39
time 1
note_on 71
velocity 44
time 5
note_on 69
velocity 31
time 0
note_off 69
time 11
note_off 57
time 6
note_off 71
time 2
note_off 66
time 11
note_off 63
time 39
note_off 75
time 31
note_off 54
time 14
note_on 78
velocity 65
time 10
note_on 57
velocity 33
time 7
note_on 66
velocity 35
time 8
note_on 73
velocity 47
time 3
note_on 69
velocity 45
time 2
note_on 61
velocity 26
time 22
note_on 59
velocity 10
time 4
note_off 66
time 14
note_off 69
time 3
note_off 59
time 16
note_off 78
time 34
note_off 57
time 20
note_off 61
time 1
note_off 73
time 18
note_on 73
velocity 59
time 411
note_on 64
velocity 39
time 8
note_on 68
velocity 40
time 6
note_on 61
velocity 31
time 5
note_on 52
velocity 34
time 3
note_on 66
velocity 35
time 5
note_on 54
velocity 26
time 2
note_off 66
time 15
note_off 68
time 1
note_off 54
time 0
note_off 64
time 4
note_off 61
time 92
note_off 73
time 8
note_off 52
time 240
note_on 76
velocity 49
time 28
note_on 64
velocity 25
time 4
note_on 71
velocity 35
time 8
note_on 67
velocity 27
time 8
note_on 57
velocity 24
time 0
note_on 69
velocity 27
time 14
note_on 59
velocity 23
time 8
note_on 55
velocity 32
time 5
note_off 64
time 13
note_off 59
time 79
note_off 57
time 53
note_off 55
time 38
note_on 33
velocity 29
time 771
note_on 45
velocity 27
time 12
note_off 76
time 80
note_off 71
time 132
note_off 69
time 2
note_off 33
time 4
note_off 45
time 158
note_off 67
time 6
note_on 71
velocity 48
time 942
note_on 66
velocity 42
time 27
note_on 62
velocity 33
time 0
note_on 59
velocity 28
time 6
note_on 50
velocity 21
time 7
note_on 54
velocity 28
time 8
note_on 64
velocity 25
time 1
note_on 52
velocity 31
time 0
note_off 52
time 7
note_off 64
time 2
note_off 62
time 47
note_off 54
time 13
note_off 66
time 17
note_off 59
time 66
note_off 71
time 185
note_off 50
time 203
note_on 74
velocity 37
time 0
note_on 53
velocity 30
time 8
note_on 69
velocity 35
time 1
note_on 62
velocity 18
time 10
note_on 57
velocity 23
time 1
note_on 65
velocity 30
time 0
note_on 67
velocity 29
time 5
note_on 55
velocity 27
time 7
note_off 62
time 14
note_off 57
time 63
note_off 55
time 42
note_off 53
time 37
note_on 43
velocity 30
time 767
note_on 31
velocity 26
time 11
note_off 31
time 195
note_off 74
time 79
note_off 43
time 3
note_off 67
time 31
note_off 65
time 55
note_off 69
time 41
note_on 59
velocity 28
time 1094
note_on 51
velocity 33
time 7
note_on 55
velocity 27
time 2
note_on 54
velocity 29
time 5
note_on 71
velocity 61
time 10
note_on 67
velocity 35
time 5
note_on 63
velocity 40
time 5
note_off 67
time 12
note_off 63
time 16
note_off 55
time 43
note_off 51
time 40
note_off 59
time 34
note_off 71
time 38
note_off 54
time 18
note_on 72
velocity 63
time 184
note_on 60
velocity 37
time 8
note_on 64
velocity 39
time 3
note_on 52
velocity 37
time 1
note_on 69
velocity 42
time 0
note_on 57
velocity 28
time 13
note_off 64
time 86
note_off 57
time 82
note_off 60
time 0
note_off 69
time 1
note_off 72
time 21
note_off 52
time 158
note_on 74
velocity 42
time 213
note_on 69
velocity 35
time 26
note_on 62
velocity 26
time 3
note_on 65
velocity 18
time 14
note_on 67
velocity 23
time 0
note_on 57
velocity 21
time 3
note_on 53
velocity 25
time 1
note_on 55
velocity 25
time 7
note_off 62
time 7
note_off 57
time 122
note_off 55
time 41
note_off 53
time 11
note_on 31
velocity 25
time 812
note_on 43
velocity 18
time 2
note_off 31
time 137
note_off 74
time 80
note_off 43
time 90
note_off 67
time 13
note_off 69
time 0
note_off 65
time 82
note_on 59
velocity 32
time 861
note_on 51
velocity 34
time 19
note_on 54
velocity 32
time 1
note_on 71
velocity 64
time 6
note_on 55
velocity 28
time 2
note_on 67
velocity 42
time 9
note_on 63
velocity 42
time 2
note_off 67
time 12
note_off 63
time 2
note_off 55
time 64
note_off 51
time 39
note_off 59
time 41
note_off 71
time 15
note_off 54
time 42
note_on 60
velocity 35
time 215
note_on 52
velocity 31
time 11
note_on 57
velocity 32
time 17
note_on 72
velocity 69
time 13
note_on 69
velocity 40
time 7
note_on 64
velocity 22
time 6
note_off 64
time 21
note_off 69
time 17
note_off 60
time 78
note_off 72
time 101
note_off 57
time 3
note_off 52
time 319
note_on 64
velocity 29
time 269
note_on 53
velocity 30
time 29
note_on 57
velocity 29
time 27
note_on 76
velocity 59
time 1
note_on 55
velocity 34
time 10
note_on 69
velocity 39
time 1
note_on 65
velocity 22
time 14
note_on 67
velocity 11
time 2
note_off 69
time 10
note_off 65
time 1
note_off 67
time 3
note_off 64
time 54
note_off 76
time 94
note_off 57
time 203
note_off 55
time 57
note_off 53
time 72
note_on 83
velocity 44
time 331
note_on 76
velocity 38
time 636
note_on 43
velocity 19
time 14
note_on 31
velocity 14
time 12
note_off 83
time 51
note_off 31
time 90
note_off 43
time 142
note_off 76
time 314
note_on 71
velocity 37
time 47
note_off 71
time 264
note_on 76
velocity 46
time 388
note_on 64
velocity 36
time 28
note_on 67
velocity 27
time 18
note_on 69
velocity 29
time 1
note_on 55
velocity 36
time 2
note_on 59
velocity 25
time 15
note_on 71
velocity 25
time 2
note_on 57
velocity 26
time 2
note_off 71
time 78
note_off 67
time 26
note_off 64
time 3
note_off 69
time 0
note_off 76
time 41
note_off 59
time 148
note_off 57
time 47
note_off 55
time 36
note_on 83
velocity 38
time 217
note_off 83
time 446
note_on 43
velocity 26
time 234
note_on 76
velocity 34
time 16
note_on 31
velocity 22
time 5
note_off 31
time 185
note_off 43
time 100
note_off 76
time 132
note_on 71
velocity 34
time 278
note_off 71
time 333
note_on 76
velocity 31
time 744
note_on 53
velocity 32
time 8
note_on 50
velocity 26
time 6
note_on 57
velocity 24
time 14
note_on 65
velocity 19
time 9
note_on 62
velocity 14
time 5
note_on 67
velocity 15
time 0
note_on 69
velocity 30
time 4
note_off 62
time 10
note_off 69
time 2
note_off 65
time 1
note_off 67
time 21
note_off 76
time 108
note_off 57
time 146
note_off 53
time 43
note_off 50
time 100
note_on 83
velocity 35
time 254
note_off 83
time 453
note_on 76
velocity 32
time 305
note_on 31
velocity 17
time 37
note_on 43
velocity 17
time 16
note_off 76
time 355
note_off 31
time 115
note_on 71
velocity 31
time 279
note_off 71
time 218
note_off 43
time 358
note_on 44
velocity 29
time 859
note_on 37
velocity 30
time 16
note_on 64
velocity 52
time 66
note_on 53
velocity 30
time 7
note_on 59
velocity 38
time 2
note_off 37
time 91
note_off 44
time 73
note_off 53
time 246
note_on 83
velocity 41
time 647
note_off 83
time 403
note_on 76
velocity 36
time 322
note_off 59
time 314
note_on 61
velocity 45
time 673
note_off 64
time 221
note_off 76
time 433
note_on 62
velocity 61
time 75
note_off 61
time 141
note_on 71
velocity 61
time 580
note_off 62
time 158
note_off 71
time 97
note_on 66
velocity 56
time 798
note_on 55
velocity 37
time 14
note_on 61
velocity 45
time 0
note_on 58
velocity 42
time 8
note_on 39
velocity 40
time 11
note_on 46
velocity 36
time 8
note_off 39
time 126
note_off 46
time 47
note_on 82
velocity 40
time 906
note_off 82
time 316
note_on 75
velocity 39
time 357
note_off 75
time 415
note_on 70
velocity 30
time 382
note_off 70
time 337
note_off 61
time 163
note_off 58
time 60
note_off 55
time 262
note_on 61
velocity 44
time 637
note_off 66
time 11
note_on 58
velocity 36
time 288
note_off 61
time 303
note_on 55
velocity 37
time 402
note_on 56
velocity 36
time 321
note_off 58
time 30
note_on 57
velocity 39
time 231
note_off 55
time 155
note_off 56
time 48
note_on 53
velocity 34
time 225
note_off 57
time 262
note_on 49
velocity 35
time 13
note_off 53
time 8
note_on 50
velocity 31
time 473
note_off 49
time 268
note_on 51
velocity 31
time 244
note_on 52
velocity 34
time 369
note_off 50
time 46
note_off 51
time 132
note_on 48
velocity 22
time 528
note_off 52
time 185
note_on 44
velocity 29
time 562
note_on 38
velocity 25
time 225
note_on 39
velocity 35
time 22
note_on 40
velocity 34
time 3
note_off 38
time 16
note_off 39
time 57
note_off 40
time 40
note_on 36
velocity 25
time 101
note_off 36
time 72
note_on 32
velocity 33
time 403
note_off 32
time 119
note_on 38
velocity 29
time 341
note_on 39
velocity 32
time 219
note_off 38
time 248
note_on 40
velocity 28
time 23
note_off 39
time 57
note_off 40
time 37
note_off 48
time 268
note_on 36
velocity 29
time 89
note_off 36
time 110
note_on 32
velocity 23
time 0
note_off 32
time 17
note_on 64
velocity 44
time 10
note_on 60
velocity 40
time 15
note_on 52
velocity 26
time 0
note_on 50
velocity 23
time 1
note_on 56
velocity 30
time 8
note_on 38
velocity 28
time 1
note_on 39
velocity 32
time 78
note_off 38
time 176
note_on 40
velocity 28
time 43
note_off 39
time 79
note_off 40
time 81
note_on 36
velocity 27
time 329
note_off 36
time 85
note_on 32
velocity 27
time 409
note_off 32
time 73
note_on 38
velocity 27
time 406
note_on 39
velocity 34
time 233
note_off 38
time 232
note_on 40
velocity 38
time 5
note_off 39
time 63
note_off 40
time 60
note_on 36
velocity 29
time 353
note_off 36
time 10
note_off 64
time 28
note_off 60
time 43
note_off 50
time 19
note_off 52
time 11
note_off 56
time 58
note_on 32
velocity 32
time 56
note_off 32
time 154
note_on 66
velocity 45
time 53
note_off 66
time 84
note_on 66
velocity 58
time 12
note_on 38
velocity 28
time 18
note_on 62
velocity 42
time 0
note_on 52
velocity 21
time 0
note_on 58
velocity 40
time 3
note_on 39
velocity 36
time 0
note_off 38
time 6
note_off 52
time 18
note_off 66
time 5
note_off 62
time 13
note_on 40
velocity 36
time 35
note_off 58
time 0
note_off 39
time 7
note_off 40
time 111
note_on 68
velocity 59
time 8
note_off 68
time 90
note_on 68
velocity 59
time 10
note_on 54
velocity 42
time 8
note_on 36
velocity 33
time 0
note_on 60
velocity 35
time 16
note_on 64
velocity 37
time 2
note_off 54
time 8
note_on 32
velocity 48
time 4
note_off 60
time 43
note_off 68
time 12
note_off 64
time 19
note_off 36
time 59
note_off 32
time 34
note_on 70
velocity 67
time 61
note_off 70
time 96
note_on 70
velocity 70
time 8
note_on 38
velocity 47
time 5
note_on 56
velocity 48
time 3
note_on 66
velocity 53
time 4
note_on 62
velocity 46
time 10
note_on 39
velocity 58
time 7
note_off 56
time 6
note_off 62
time 13
note_off 38
time 44
note_off 70
time 36
note_off 66
time 41
note_on 40
velocity 62
time 9
note_off 39
time 83
note_on 72
velocity 80
time 106
note_off 72
time 141
note_off 40
time 72
note_on 72
velocity 71
time 0
note_on 58
velocity 62
time 16
note_on 68
velocity 62
time 2
note_on 64
velocity 55
time 2
note_on 36
velocity 47
time 7
note_off 58
time 12
note_off 72
time 7
note_off 36
time 23
note_on 32
velocity 59
time 38
note_off 32
time 113
note_off 64
time 58
note_off 44
time 3
note_off 68
time 17
note_on 73
velocity 65
time 100
note_off 73
time 1
note_on 81
velocity 43
time 103
note_on 73
velocity 27
time 20
note_on 67
velocity 39
time 16
note_on 76
velocity 27
time 13
note_on 69
velocity 22
time 2
note_on 64
velocity 34
time 6
note_on 58
velocity 30
time 11
note_on 56
velocity 30
time 23
note_off 73
time 3
note_on 61
velocity 32
time 3
note_off 69
time 8
note_off 76
time 0
note_off 81
time 3
note_off 67
time 308
note_off 64
time 32
note_on 87
velocity 43
time 51
note_off 61
time 15
note_on 75
velocity 31
time 22
note_off 58
time 26
note_off 56
time 4
note_on 82
velocity 22
time 2
note_on 79
velocity 8
time 12
note_off 75
time 38
note_off 82
time 18
note_off 87
time 12
note_off 79
time 15
note_on 90
velocity 44
time 360
note_on 32
velocity 39
time 8
note_on 78
velocity 29
time 32
note_off 90
time 28
note_off 32
time 7
note_off 78
time 30
note_on 69
velocity 58
time 362
note_on 84
velocity 47
time 2
note_on 79
velocity 13
time 46
note_off 84
time 2
note_on 72
velocity 24
time 15
note_off 72
time 52
note_off 79
time 8
note_off 69
time 68
note_on 67
velocity 54
time 296
note_on 81
velocity 48
time 5
note_on 69
velocity 38
time 19
note_on 76
velocity 25
time 25
note_on 56
velocity 26
time 6
note_off 69
time 9
note_off 81
time 3
note_on 61
velocity 32
time 15
note_on 58
velocity 39
time 1
note_off 76
time 18
note_off 67
time 322
note_on 87
velocity 44
time 47
note_on 64
velocity 41
time 3
note_on 82
velocity 40
time 7
note_on 75
velocity 39
time 1
note_on 79
velocity 20
time 37
note_off 75
time 35
note_off 82
time 10
note_off 79
time 13
note_off 87
time 6
note_on 66
velocity 58
time 95
note_off 66
time 101
note_on 67
velocity 63
time 160
note_on 90
velocity 52
time 0
note_on 78
velocity 43
time 32
note_on 85
velocity 37
time 6
note_off 90
time 32
note_off 85
time 13
note_off 78
time 17
note_off 67
time 136
note_on 69
velocity 64
time 241
note_on 84
velocity 50
time 13
note_on 72
velocity 39
time 27
note_on 79
velocity 38
time 2
note_off 84
time 25
note_off 79
time 16
note_off 72
time 25
note_off 69
time 117
note_off 64
time 63
note_off 58
time 17
note_off 61
time 3
note_off 56
time 5
note_on 64
velocity 48
time 156
note_on 61
velocity 37
time 18
note_on 56
velocity 26
time 13
note_on 81
velocity 47
time 0
note_on 58
velocity 29
time 12
note_on 76
velocity 32
time 4
note_off 81
time 5
note_off 76
time 6
note_on 75
velocity 42
time 336
note_on 82
velocity 37
time 0
note_on 87
velocity 42
time 1
note_on 79
velocity 29
time 28
note_off 79
time 53
note_off 75
time 3
note_off 87
time 15
note_off 82
time 3
note_on 90
velocity 42
time 381
note_on 67
velocity 50
time 21
note_on 78
velocity 48
time 7
note_on 85
velocity 21
time 32
note_off 90
time 8
note_on 82
velocity 11
time 2
note_off 78
time 23
note_off 85
time 36
note_off 82
time 19
note_off 67
time 178
note_off 64
time 80
note_off 61
time 77
note_on 84
velocity 49
time 7
note_off 56
time 18
note_off 58
time 3
note_on 72
velocity 45
time 6
note_on 79
velocity 33
time 13
note_on 76
velocity 17
time 10
note_off 84
time 1
note_off 79
time 32
note_off 72
time 6
note_off 76
time 23
note_on 32
velocity 34
time 373
note_on 81
velocity 41
time 0
note_on 69
velocity 36
time 4
note_on 73
velocity 20
time 50
note_on 76
velocity 13
time 6
note_off 69
time 4
note_off 81
time 15
note_off 73
time 21
note_off 32
time 19
note_off 76
time 7
note_on 87
velocity 38
time 375
note_on 82
velocity 29
time 17
note_on 75
velocity 30
time 1
note_on 79
velocity 21
time 33
note_off 79
time 75
note_off 75
time 22
note_off 82
time 18
note_off 87
time 6
note_on 67
velocity 58
time 323
note_on 90
velocity 45
time 8
note_on 78
velocity 33
time 44
note_on 82
velocity 26
time 1
note_on 85
velocity 16
time 14
note_off 90
time 25
note_off 82
time 16
note_off 85
time 32
note_off 78
time 8
note_on 84
velocity 43
time 371
note_on 76
velocity 30
time 18
note_on 72
velocity 19
time 15
note_on 79
velocity 9
time 19
note_off 84
time 32
note_off 76
time 30
note_off 72
time 8
note_off 79
time 11
note_on 87
velocity 43
time 361
note_on 58
velocity 31
time 42
note_on 75
velocity 29
time 10
note_on 56
velocity 30
time 8
note_on 64
velocity 29
time 1
note_on 82
velocity 26
time 4
note_on 61
velocity 17
time 40
note_off 82
time 34
note_off 87
time 23
note_off 75
time 23
note_off 67
time 8
note_on 84
velocity 46
time 316
note_on 72
velocity 42
time 16
note_on 79
velocity 38
time 8
note_on 76
velocity 23
time 27
note_off 84
time 30
note_off 72
time 25
note_off 79
time 17
note_off 76
time 2
note_on 70
velocity 54
time 80
note_off 70
time 67
note_on 67
velocity 57
time 198
note_on 87
velocity 44
time 17
note_on 82
velocity 40
time 32
note_on 75
velocity 42
time 1
note_off 82
time 59
note_off 87
time 0
note_off 75
time 28
note_off 67
time 25
note_off 64
time 36
note_off 61
time 67
note_off 56
time 30
note_off 58
time 23
note_on 84
velocity 50
time 195
note_on 72
velocity 52
time 4
note_on 79
velocity 45
time 14
note_on 76
velocity 39
time 9
note_off 84
time 39
note_off 72
time 21
note_off 76
time 1
note_off 79
time 3
note_on 32
velocity 49
time 372
note_on 87
velocity 57
time 27
note_on 75
velocity 44
time 23
note_on 82
velocity 46
time 9
note_on 79
velocity 35
time 21
note_off 32
time 67
note_off 79
time 20
note_off 82
time 20
note_off 87
time 10
note_off 75
time 15
note_on 84
velocity 56
time 305
note_on 79
velocity 53
time 2
note_on 72
velocity 55
time 1
note_on 76
velocity 47
time 14
note_off 72
time 90
note_off 84
time 5
note_off 76
time 15
note_off 79
time 11
note_on 70
velocity 70
time 83
note_on 67
velocity 69
time 252
note_on 87
velocity 49
time 50
note_on 75
velocity 49
time 7
note_on 82
velocity 46
time 7
note_on 79
velocity 15
time 50
note_off 82
time 15
note_off 87
time 14
note_off 79
time 37
note_off 75
time 12
note_off 70
time 84
note_on 84
velocity 61
time 261
note_on 79
velocity 52
time 14
note_on 72
velocity 49
time 2
note_on 76
velocity 38
time 21
note_off 84
time 83
note_off 76
time 40
note_off 72
time 2
note_off 79
time 7
note_on 70
velocity 64
time 98
note_off 70
time 71
note_off 67
time 33
note_on 73
velocity 50
time 1
note_on 70
velocity 40
time 9
note_on 66
velocity 36
time 4
note_on 54
velocity 36
time 4
note_on 58
velocity 29
time 1
note_on 61
velocity 33
time 8
note_off 66
time 84
note_off 70
time 42
note_off 61
time 53
note_off 73
time 54
note_off 58
time 18
note_off 54
time 58
note_on 85
velocity 27
time 1419
note_on 97
velocity 34
time 6
note_on 94
velocity 31
time 4
note_on 37
velocity 22
time 5
note_on 90
velocity 31
time 5
note_on 42
velocity 16
time 9
note_on 30
velocity 24
time 14
note_off 97
time 1225
note_off 90
time 62
note_off 94
time 0
note_off 30
time 8
note_off 85
time 55
note_off 37
time 48
note_off 42
time 97
note_on 72
velocity 57
time 1070
note_on 69
velocity 55
time 1
note_on 76
velocity 52
time 1
note_off 69
time 43
note_off 72
time 2
note_off 76
time 5
note_on 66
velocity 59
time 17
note_on 73
velocity 58
time 3
note_off 73
time 28
note_off 66
time 10
note_on 70
velocity 9
time 9
note_on 76
velocity 73
time 16
note_on 69
velocity 70
time 4
note_on 72
velocity 66
time 8
note_off 70
time 28
note_on 81
velocity 84
time 56
note_on 78
velocity 69
time 11
note_on 74
velocity 66
time 17
note_off 72
time 75
note_off 69
time 10
note_off 76
time 66
note_off 81
time 761
note_off 74
time 2
note_off 78
time 29
note_on 76
velocity 56
time 45
note_on 72
velocity 52
time 9
note_on 69
velocity 48
time 7
note_off 72
time 44
note_off 69
time 2
note_off 76
time 3
note_on 74
velocity 71
time 11
note_on 78
velocity 61
time 15
note_on 81
velocity 45
time 0
note_off 74
time 25
note_off 78
time 11
note_off 81
time 0
note_on 76
velocity 60
time 43
note_on 72
velocity 59
time 7
note_on 69
velocity 55
time 3
note_off 69
time 28
note_off 76
time 6
note_off 72
time 4
note_on 73
velocity 56
time 230
note_on 66
velocity 44
time 11
note_on 70
velocity 45
time 1
note_on 54
velocity 44
time 2
note_on 61
velocity 41
time 1
note_on 58
velocity 36
time 6
note_off 66
time 107
note_off 70
time 56
note_off 61
time 31
note_off 73
time 40
note_off 58
time 66
note_off 54
time 32
note_on 37
velocity 29
time 1233
note_on 30
velocity 28
time 28
note_on 85
velocity 29
time 2
note_on 42
velocity 22
time 4
note_on 90
velocity 31
time 4
note_on 94
velocity 33
time 1
note_on 97
velocity 36
time 26
note_off 97
time 1620
note_off 90
time 54
note_off 94
time 5
note_off 30
time 30
note_off 85
time 1
note_off 37
time 81
note_off 42
time 71
note_on 60
velocity 56
time 802
note_on 64
velocity 55
time 1
note_on 57
velocity 52
time 7
note_off 60
time 35
note_off 64
time 0
note_off 57
time 2
note_on 54
velocity 54
time 47
note_on 61
velocity 50
time 12
note_on 58
velocity 42
time 3
note_off 54
time 25
note_off 61
time 2
note_on 64
velocity 63
time 10
note_off 58
time 1
note_on 60
velocity 60
time 4
note_on 57
velocity 61
time 6
note_on 69
velocity 72
time 128
note_on 66
velocity 57
time 8
note_on 62
velocity 63
time 2
note_off 57
time 46
note_off 60
time 28
note_off 64
time 773
note_off 69
time 162
note_off 66
time 34
note_off 62
time 4
note_on 64
velocity 54
time 80
note_on 57
velocity 42
time 22
note_on 60
velocity 37
time 6
note_off 57
time 34
note_off 60
time 6
note_off 64
time 15
note_on 62
velocity 66
time 4
note_on 66
velocity 51
time 18
note_on 69
velocity 36
time 6
note_off 62
time 21
note_off 66
time 13
note_off 69
time 6
note_on 60
velocity 56
time 35
note_on 64
velocity 49
time 1
note_on 57
velocity 57
time 1
note_off 57
time 137
note_off 60
time 63
note_off 64
time 17
note_on 54
velocity 46
time 35
note_on 61
velocity 44
time 8
note_on 58
velocity 43
time 3
note_off 61
time 10
note_off 58
time 10
note_off 54
time 73
note_on 54
velocity 20
time 19
note_on 50
velocity 35
time 8
note_on 57
velocity 26
time 1
note_off 57
time 371
note_off 54
time 93
note_off 50
time 44
note_on 60
velocity 38
time 1
note_on 53
velocity 24
time 17
note_on 56
velocity 28
time 9
note_off 53
time 98
note_on 57
velocity 24
time 8
note_off 56
time 3
note_on 54
velocity 18
time 6
note_on 50
velocity 25
time 7
note_off 60
time 82
note_off 57
time 85
note_off 50
time 32
note_off 54
time 145
note_on 54
velocity 21
time 1
note_on 68
velocity 40
time 17
note_on 58
velocity 25
time 5
note_on 64
velocity 33
time 10
note_on 48
velocity 31
time 5
note_off 58
time 9
note_off 54
time 7
note_off 48
time 67
note_on 32
velocity 27
time 904
note_off 32
time 403
note_off 68
time 471
note_off 64
time 189
note_on 72
velocity 55
time 2
note_off 72
time 70
note_on 68
velocity 50
time 23
note_on 72
velocity 57
time 76
note_off 68
time 21
note_off 72
time 47
note_on 77
velocity 59
time 148
note_on 63
velocity 16
time 40
note_on 54
velocity 23
time 11
note_on 57
velocity 21
time 1
note_on 48
velocity 28
time 3
note_off 57
time 10
note_off 54
time 66
note_off 48
time 102
note_off 63
time 528
note_on 32
velocity 28
time 367
note_off 32
time 262
note_off 77
time 719
note_on 72
velocity 48
time 153
note_off 72
time 57
note_on 77
velocity 55
time 13
note_off 77
time 63
note_on 72
velocity 51
time 62
note_on 68
velocity 48
time 106
note_on 64
velocity 39
time 14
note_on 54
velocity 30
time 3
note_on 48
velocity 32
time 6
note_on 58
velocity 31
time 3
note_off 72
time 6
note_off 58
time 11
note_off 54
time 67
note_off 48
time 80
note_on 32
velocity 27
time 1009
note_off 32
time 170
note_off 68
time 855
note_off 64
time 11
note_on 72
velocity 52
time 96
note_off 72
time 54
note_on 68
velocity 48
time 28
note_on 72
velocity 56
time 88
note_off 68
time 5
note_off 72
time 37
note_on 77
velocity 64
time 152
note_on 57
velocity 34
time 5
note_on 48
velocity 36
time 8
note_on 54
velocity 32
time 5
note_off 57
time 5
note_off 54
time 21
note_off 48
time 82
note_off 77
time 500
note_on 81
velocity 44
time 465
note_off 81
time 211
note_on 77
velocity 48
time 10
note_on 81
velocity 37
time 181
note_off 77
time 47
note_on 32
velocity 27
time 228
note_off 81
time 27
note_on 84
velocity 42
time 115
note_off 84
time 378
note_off 32
time 530
note_on 87
velocity 34
time 294
note_off 87
time 537
note_on 66
velocity 20
time 592
note_on 85
velocity 36
time 6
note_on 90
velocity 35
time 3
note_on 55
velocity 20
time 15
note_on 82
velocity 34
time 4
note_on 78
velocity 19
time 1
note_on 61
velocity 18
time 1
note_on 58
velocity 19
time 31
note_off 66
time 5
note_off 61
time 57
note_off 58
time 15
note_off 55
time 58
note_on 25
velocity 26
time 293
note_off 25
time 355
note_off 90
time 491
note_off 82
time 71
note_off 85
time 6
note_off 78
time 47
note_on 88
velocity 34
time 1139
note_on 80
velocity 34
time 3
note_on 83
velocity 38
time 2
note_on 76
velocity 18
time 17
note_on 64
velocity 18
time 6
note_on 59
velocity 23
time 18
note_on 53
velocity 22
time 2
note_on 56
velocity 24
time 3
note_off 64
time 2
note_off 59
time 52
note_off 56
time 22
note_off 53
time 31
note_off 76
time 22
note_off 88
time 83
note_on 25
velocity 25
time 2
note_off 83
time 7
note_off 80
time 20
note_off 25
time 34
note_on 85
velocity 48
time 633
note_on 73
velocity 22
time 34
note_on 61
velocity 28
time 10
note_off 73
time 288
note_on 62
velocity 39
time 430
note_on 86
velocity 70
time 1
note_on 74
velocity 48
time 15
note_off 85
time 41
note_off 61
time 4
note_off 74
time 108
note_off 86
time 253
note_on 71
velocity 30
time 428
note_on 95
velocity 63
time 15
note_on 83
velocity 47
time 20
note_off 71
time 68
note_off 83
time 102
note_off 62
time 9
note_off 95
time 11
note_on 90
velocity 46
time 1063
note_on 78
velocity 30
time 4
note_on 85
velocity 41
time 8
note_on 82
velocity 39
time 8
note_on 66
velocity 22
time 12
note_on 58
velocity 22
time 7
note_on 55
velocity 28
time 23
note_on 61
velocity 26
time 5
note_off 66
time 7
note_off 61
time 40
note_off 58
time 16
note_off 55
time 41
note_off 90
time 995
note_on 25
velocity 22
time 23
note_off 78
time 129
note_off 25
time 246
note_off 85
time 0
note_off 82
time 8
note_on 85
velocity 38
time 1648
note_on 61
velocity 24
time 35
note_on 73
velocity 18
time 4
note_off 85
time 792
note_off 73
time 666
note_off 61
time 707
note_on 70
velocity 32
time 729
note_on 58
velocity 21
time 1
note_on 67
velocity 37
time 686
note_on 55
velocity 29
time 1
note_off 58
time 0
note_on 68
velocity 43
time 111
note_on 56
velocity 28
time 27
note_off 70
time 37
note_on 69
velocity 47
time 37
note_on 57
velocity 34
time 9
note_off 67
time 92
note_off 56
time 18
note_off 55
time 14
note_off 68
time 65
note_on 65
velocity 42
time 6
note_on 53
velocity 35
time 12
note_off 57
time 80
note_off 69
time 8
note_off 53
time 19
note_on 61
velocity 42
time 167
note_on 49
velocity 36
time 26
note_off 65
time 81
note_on 62
velocity 34
time 109
note_on 50
velocity 30
time 44
note_off 49
time 71
note_off 61
time 56
note_on 63
velocity 38
time 18
note_on 51
velocity 34
time 15
note_off 50
time 98
note_on 64
velocity 38
time 138
note_on 52
velocity 27
time 20
note_off 62
time 37
note_off 63
time 128
note_off 51
time 5
note_on 60
velocity 32
time 145
note_on 48
velocity 26
time 30
note_off 64
time 207
note_off 52
time 48
note_on 57
velocity 33
time 55
note_on 45
velocity 28
time 10
note_off 60
time 161
note_off 48
time 2
note_off 57
time 14
note_off 45
time 618
note_on 52
velocity 34
time 134
note_on 40
velocity 25
time 27
note_off 52
time 354
note_off 40
time 207
note_on 48
velocity 29
time 490
note_on 36
velocity 22
time 21
note_off 48
time 201
note_off 36
time 91
note_on 57
velocity 30
time 929
note_on 54
velocity 35
time 5
note_on 26
velocity 25
time 1
note_on 50
velocity 32
time 17
note_on 45
velocity 12
time 8
note_off 45
time 103
note_off 50
time 17
note_off 54
time 204
note_off 57
time 44
note_off 26
time 443
note_on 60
velocity 33
time 7
note_on 29
velocity 24
time 5
note_on 53
velocity 24
time 4
note_on 56
velocity 18
time 3
note_off 60
time 119
note_off 53
time 15
note_off 56
time 8
note_off 29
time 230
note_on 26
velocity 29
time 15
note_on 45
velocity 21
time 10
note_on 57
velocity 29
time 1
note_on 54
velocity 23
time 6
note_on 50
velocity 23
time 16
note_off 50
time 73
note_off 45
time 14
note_off 54
time 9
note_off 57
time 11
note_on 56
velocity 22
time 7
note_on 29
velocity 27
time 3
note_on 60
velocity 25
time 5
note_on 53
velocity 20
time 0
note_on 48
velocity 11
time 10
note_off 26
time 0
note_off 48
time 8
note_off 53
time 10
note_off 56
time 1
note_off 60
time 13
note_off 29
time 284
note_on 62
velocity 38
time 125
note_on 65
velocity 40
time 11
note_on 53
velocity 30
time 4
note_on 58
velocity 34
time 0
note_on 34
velocity 29
time 21
note_off 53
time 290
note_off 58
time 100
note_on 22
velocity 27
time 37
note_off 62
time 0
note_off 65
time 100
note_off 22
time 190
note_off 34
time 127
note_on 93
velocity 69
time 1131
note_on 74
velocity 20
time 1
note_on 81
velocity 46
time 13
note_on 86
velocity 48
time 14
note_on 69
velocity 22
time 3
note_off 81
time 695
note_off 69
time 548
note_off 93
time 233
note_on 92
velocity 56
time 641
note_on 80
velocity 39
time 9
note_on 68
velocity 26
time 25
note_off 92
time 294
note_off 68
time 131
note_off 80
time 0
note_on 90
velocity 47
time 433
note_on 78
velocity 21
time 33
note_on 66
velocity 17
time 35
note_off 86
time 119
note_off 66
time 235
note_off 78
time 110
note_off 90
time 53
note_on 89
velocity 38
time 387
note_on 65
velocity 23
time 17
note_on 77
velocity 26
time 14
note_off 74
time 607
note_off 89
time 35
note_off 77
time 27
note_off 65
time 120
note_on 94
velocity 62
time 57
note_on 73
velocity 25
time 23
note_on 85
velocity 41
time 2
note_on 82
velocity 38
time 6
note_on 70
velocity 30
time 2
note_off 73
time 52
note_off 70
time 15
note_off 94
time 4
note_off 85
time 12
note_off 82
time 3
note_on 49
velocity 33
time 1140
note_on 44
velocity 26
time 28
note_on 37
velocity 21
time 5
note_on 25
velocity 12
time 15
note_off 44
time 437
note_off 49
time 112
note_off 25
time 28
note_off 37
time 142
note_on 92
velocity 41
time 904
note_on 80
velocity 29
time 29
note_on 68
velocity 21
time 13
note_off 92
time 603
note_off 80
time 25
note_off 68
time 157
note_on 90
velocity 41
time 1070
note_on 78
velocity 30
time 3
note_on 73
velocity 17
time 50
note_on 61
velocity 17
time 1
note_on 66
velocity 25
time 7
note_off 73
time 567
note_off 90
time 522
note_off 78
time 398
note_off 66
time 94
note_off 61
time 185
note_on 89
velocity 32
time 877
note_on 65
velocity 24
time 12
note_on 77
velocity 17
time 8
note_off 89
time 2971
note_off 65
time 14
note_off 77
time 134
note_on 67
velocity 77
time 348
note_on 72
velocity 93
time 127
note_off 67
time 3
note_off 72
time 39
note_on 60
velocity 98
time 40
note_on 63
velocity 47
time 945
note_on 70
velocity 45
time 0
note_on 66
velocity 37
time 5
note_off 70
time 25
note_off 66
time 9
note_off 63
time 2
note_on 67
velocity 64
time 241
note_on 74
velocity 63
time 0
note_off 67
time 37
note_off 74
time 8
note_on 77
velocity 72
time 230
note_on 70
velocity 66
time 4
note_on 73
velocity 63
time 3
note_off 70
time 30
note_off 77
time 0
note_off 73
time 3
note_on 74
velocity 64
time 144
note_on 71
velocity 47
time 14
note_on 67
velocity 50
time 1
note_off 74
time 9
note_off 67
time 20
note_off 71
time 2
note_on 70
velocity 52
time 233
note_on 63
velocity 49
time 4
note_on 66
velocity 42
time 3
note_off 70
time 19
note_off 66
time 13
note_off 63
time 6
note_off 60
time 172
note_on 67
velocity 59
time 87
note_off 67
time 114
note_on 72
velocity 91
time 6
note_off 72
time 20
note_on 60
velocity 96
time 29
note_on 63
velocity 52
time 993
note_on 70
velocity 48
time 5
note_on 66
velocity 25
time 23
note_off 70
time 6
note_off 63
time 16
note_off 66
time 20
note_on 74
velocity 71
time 196
note_on 67
velocity 59
time 9
note_on 71
velocity 32
time 22
note_off 67
time 9
note_off 74
time 0
note_off 71
time 32
note_on 77
velocity 72
time 186
note_on 70
velocity 67
time 13
note_on 73
velocity 57
time 6
note_off 77
time 17
note_off 70
time 9
note_off 73
time 1
note_on 74
velocity 65
time 212
note_on 71
velocity 52
time 10
note_on 67
velocity 46
time 5
note_off 74
time 20
note_off 71
time 5
note_off 67
time 7
note_on 63
velocity 65
time 238
note_on 70
velocity 62
time 1
note_on 66
velocity 37
time 18
note_off 70
time 5
note_off 63
time 20
note_off 66
time 11
note_off 60
time 128
note_on 67
velocity 75
time 66
note_off 67
time 29
note_on 67
velocity 73
time 41
note_off 67
time 51
note_on 72
velocity 86
time 7
note_off 72
time 27
note_on 60
velocity 95
time 69
note_on 68
velocity 72
time 502
note_on 61
velocity 73
time 1
note_on 65
velocity 64
time 5
note_off 68
time 22
note_off 61
time 2
note_off 65
time 0
note_off 60
time 238
note_on 67
velocity 83
time 103
note_off 67
time 25
note_on 67
velocity 69
time 53
note_off 67
time 46
note_on 72
velocity 92
time 2
note_off 72
time 32
note_on 60
velocity 101
time 53
note_on 65
velocity 86
time 490
note_on 61
velocity 82
time 2
note_on 58
velocity 75
time 7
note_off 61
time 31
note_off 58
time 2
note_off 65
time 5
note_off 60
time 295
note_on 67
velocity 93
time 38
note_off 67
time 46
note_on 67
velocity 74
time 33
note_on 72
velocity 98
time 52
note_off 67
time 18
note_off 72
time 19
note_on 60
velocity 104
time 44
note_on 65
velocity 95
time 442
note_on 68
velocity 92
time 2
note_on 61
velocity 95
time 3
note_off 65
time 39
note_off 68
time 11
note_off 61
time 2
note_on 65
velocity 79
time 210
note_off 60
time 1
note_on 58
velocity 81
time 1
note_on 62
velocity 75
time 3
note_off 58
time 26
note_off 62
time 1
note_off 65
time 9
note_on 55
velocity 71
time 209
note_on 62
velocity 61
time 0
note_on 59
velocity 53
time 9
note_off 62
time 17
note_off 55
time 8
note_off 59
time 5
note_on 54
velocity 61
time 226
note_on 51
velocity 65
time 7
note_on 58
velocity 40
time 11
note_off 54
time 19
note_off 51
time 11
note_off 58
time 6
note_on 52
velocity 66
time 193
note_on 48
velocity 60
time 10
note_on 55
velocity 52
time 1
note_off 52
time 28
note_off 55
time 8
note_off 48
time 2
note_on 51
velocity 53
time 192
note_on 44
velocity 60
time 3
note_on 47
velocity 48
time 9
note_off 51
time 3
note_off 44
time 7
note_off 47
time 1
note_on 43
velocity 67
time 118
note_off 43
time 89
note_on 43
velocity 50
time 0
note_off 43
time 75
note_on 48
velocity 60
time 15
note_off 48
time 38
note_on 36
velocity 57
time 44
note_off 36
time 41
note_on 24
velocity 111
time 4
note_off 24
time 22
note_on 29
velocity 25
time 12
note_off 29
time 92
note_on 57
velocity 42
time 2
note_on 61
velocity 27
time 2
note_on 50
velocity 31
time 9
note_on 48
velocity 38
time 7
note_on 62
velocity 53
time 0
note_off 61
time 6
note_on 36
velocity 57
time 2
note_off 36
time 40
note_on 38
velocity 57
time 254
note_off 38
time 42
note_on 41
velocity 51
time 255
note_off 41
time 100
note_on 43
velocity 51
time 27
note_off 43
time 127
note_on 45
velocity 61
time 4
note_off 45
time 58
note_on 43
velocity 68
time 64
note_off 43
time 45
note_on 41
velocity 64
time 15
note_off 41
time 53
note_on 38
velocity 59
time 235
note_off 38
time 38
note_on 29
velocity 61
time 250
note_off 62
time 4
note_off 57
time 10
note_off 48
time 3
note_off 50
time 0
note_off 29
time 5
note_on 57
velocity 57
time 100
note_on 61
velocity 52
time 2
note_on 50
velocity 48
time 3
note_on 48
velocity 51
time 8
note_on 62
velocity 60
time 10
note_off 61
time 16
note_on 36
velocity 65
time 158
note_off 36
time 43
note_on 38
velocity 66
time 252
note_off 38
time 41
note_on 41
velocity 59
time 243
note_off 62
time 62
note_off 57
time 28
note_off 50
time 14
note_off 41
time 5
note_off 48
time 5
note_on 43
velocity 64
time 4
note_on 45
velocity 66
time 139
note_off 43
time 33
note_off 45
time 23
note_on 48
velocity 73
time 68
note_off 48
time 41
note_on 50
velocity 79
time 96
note_off 50
time 32
note_on 53
velocity 70
time 4
note_off 53
time 35
note_on 55
velocity 55
time 254
note_on 29
velocity 54
time 7
note_on 41
velocity 47
time 1
note_off 41
time 41
note_off 29
time 4
note_on 57
velocity 41
time 236
note_on 62
velocity 37
time 12
note_on 60
velocity 36
time 2
note_off 57
time 22
note_off 55
time 4
note_off 62
time 14
note_off 60
time 4
note_on 53
velocity 65
time 81
note_off 53
time 58
note_on 24
velocity 62
time 76
note_on 50
velocity 62
time 6
note_on 36
velocity 35
time 18
note_off 24
time 18
note_off 36
time 35
note_off 50
time 147
note_on 62
velocity 65
time 42
note_on 57
velocity 61
time 10
note_on 60
velocity 49
time 14
note_off 57
time 25
note_off 62
time 6
note_off 60
time 3
note_on 53
velocity 73
time 55
note_off 53
time 35
note_on 55
velocity 82
time 90
note_on 41
velocity 72
time 6
note_on 29
velocity 69
time 5
note_off 41
time 27
note_off 29
time 13
note_on 62
velocity 61
time 228
note_on 57
velocity 66
time 6
note_on 60
velocity 55
time 21
note_off 57
time 34
note_off 62
time 3
note_off 60
time 12
note_off 55
time 21
note_on 53
velocity 72
time 43
note_off 53
time 109
note_on 50
velocity 90
time 8
note_on 24
velocity 75
time 9
note_on 36
velocity 72
time 3
note_off 24
time 36
note_off 36
time 3
note_off 50
time 75
note_on 57
velocity 78
time 130
note_on 62
velocity 76
time 6
note_on 60
velocity 58
time 15
note_off 57
time 28
note_off 60
time 13
note_off 62
time 9
note_on 57
velocity 68
time 34
note_off 57
time 57
note_on 62
velocity 94
time 65
note_on 58
velocity 95
time 2
note_on 56
velocity 106
time 2
note_on 60
velocity 85
time 4
note_off 62
time 2
note_off 60
time 16
note_off 58
time 2
note_off 56
time 305
note_on 67
velocity 83
time 85
note_off 67
time 103
note_on 72
velocity 101
time 8
note_off 72
time 38
note_on 60
velocity 101
time 4
note_off 60
time 37
note_on 62
velocity 93
time 4
note_on 60
velocity 88
time 4
note_on 58
velocity 90
time 6
note_on 55
velocity 108
time 3
note_off 62
time 15
note_off 55
time 1
note_off 60
time 5
note_off 58
time 1
note_on 55
velocity 93
time 250
note_off 55
time 7
note_on 55
velocity 71
time 31
note_off 55
time 56
note_on 60
velocity 76
time 10
note_on 48
velocity 86
time 65
note_off 60
time 11
note_off 48
time 19
note_on 43
velocity 61
time 115
note_off 43
time 53
note_on 48
velocity 63
time 78
note_off 48
time 36
note_on 36
velocity 50
time 85
note_off 36
time 43
note_on 29
velocity 51
time 142
note_off 29
time 10
note_on 61
velocity 51
time 17
note_on 57
velocity 48
time 2
note_on 50
velocity 29
time 13
note_on 48
velocity 41
time 11
note_on 62
velocity 52
time 9
note_off 61
time 17
note_on 36
velocity 56
time 192
note_off 36
time 41
note_on 38
velocity 58
time 234
note_off 38
time 41
note_on 41
velocity 58
time 267
note_off 41
time 90
note_on 43
velocity 58
time 31
note_off 43
time 122
note_on 45
velocity 63
time 12
note_off 45
time 37
note_on 43
velocity 68
time 87
note_off 43
time 42
note_on 41
velocity 68
time 84
note_off 41
time 54
note_on 38
velocity 55
time 220
note_off 38
time 42
note_on 29
velocity 61
time 243
note_off 29
time 7
note_off 62
time 0
note_off 48
time 4
note_off 50
time 0
note_off 57
time 7
note_on 57
velocity 54
time 5
note_on 61
velocity 40
time 4
note_on 50
velocity 37
time 9
note_on 62
velocity 55
time 3
note_on 48
velocity 44
time 1
note_off 61
time 5
note_on 36
velocity 57
time 172
note_off 36
time 42
note_on 38
velocity 64
time 230
note_off 38
time 57
note_off 62
time 221
note_on 41
velocity 58
time 4
note_off 57
time 11
note_off 48
time 43
note_off 50
time 3
note_off 41
time 19
note_on 43
velocity 65
time 27
note_on 45
velocity 70
time 125
note_off 43
time 13
note_off 45
time 47
note_on 48
velocity 69
time 77
note_off 48
time 50
note_on 50
velocity 84
time 67
note_off 50
time 30
note_on 53
velocity 74
time 280
note_off 53
time 33
note_on 55
velocity 51
time 339
note_on 26
velocity 51
time 6
note_on 38
velocity 42
time 9
note_off 38
time 52
note_off 26
time 6
note_off 55
time 6
note_on 57
velocity 65
time 27
note_off 57
time 37
note_on 60
velocity 82
time 89
note_on 65
velocity 61
time 15
note_on 69
velocity 60
time 4
note_off 60
time 6
note_off 69
time 20
note_off 65
time 4
note_on 62
velocity 84
time 3
note_off 62
time 33
note_on 64
velocity 82
time 59
note_on 43
velocity 71
time 14
note_on 31
velocity 69
time 4
note_off 64
time 11
note_off 43
time 21
note_off 31
time 3
note_on 71
velocity 64
time 316
note_on 65
velocity 55
time 3
note_on 62
velocity 59
time 2
note_on 67
velocity 52
time 16
note_off 71
time 183
note_on 45
velocity 73
time 58
note_on 33
velocity 70
time 2
note_off 67
time 1
note_off 45
time 27
note_off 65
time 0
note_off 33
time 4
note_off 62
time 227
note_on 64
velocity 60
time 10
note_on 60
velocity 65
time 6
note_on 67
velocity 49
time 6
note_off 64
time 27
note_off 67
time 7
note_off 60
time 8
note_on 59
velocity 62
time 78
note_off 59
time 51
note_on 35
velocity 60
time 68
note_on 47
velocity 53
time 1
note_on 57
velocity 55
time 22
note_off 47
time 14
note_off 35
time 4
note_on 59
velocity 50
time 225
note_on 63
velocity 52
time 7
note_on 66
velocity 16
time 30
note_off 59
time 2
note_off 63
time 23
note_off 66
time 9
note_on 32
velocity 79
time 177
note_on 44
velocity 76
time 2
note_off 32
time 28
note_off 44
time 7
note_off 57
time 164
note_on 56
velocity 57
time 78
note_on 60
velocity 42
time 14
note_off 60
time 64
note_off 56
time 14
note_on 55
velocity 62
time 16
note_off 55
time 67
note_on 54
velocity 56
time 79
note_on 38
velocity 58
time 5
note_on 50
velocity 49
time 4
note_off 38
time 39
note_off 50
time 3
note_on 57
velocity 59
time 210
note_on 60
velocity 52
time 0
note_on 62
velocity 52
time 5
note_off 57
time 35
note_off 62
time 2
note_off 60
time 2
note_on 44
velocity 68
time 216
note_on 32
velocity 65
time 4
note_off 44
time 29
note_off 32
time 9
note_off 54
time 160
note_on 56
velocity 52
time 64
note_on 60
velocity 45
time 16
note_on 63
velocity 21
time 44
note_off 56
time 5
note_on 55
velocity 64
time 53
note_off 63
time 5
note_off 60
time 3
note_off 55
time 39
note_on 38
velocity 63
time 80
note_on 50
velocity 53
time 3
note_on 54
velocity 79
time 4
note_off 38
time 32
note_off 50
time 0
note_off 54
time 143
note_on 60
velocity 70
time 45
note_on 57
velocity 75
time 1
note_on 62
velocity 55
time 12
note_off 62
time 38
note_off 57
time 18
note_off 60
time 17
note_on 56
velocity 73
time 22
note_off 56
time 44
note_on 32
velocity 85
time 80
note_on 44
velocity 86
time 1
note_off 32
time 33
note_off 44
time 0
note_on 56
velocity 59
time 252
note_on 60
velocity 51
time 9
note_off 56
time 102
note_off 60
time 11
note_on 55
velocity 61
time 2
note_off 55
time 63
note_on 54
velocity 58
time 63
note_on 38
velocity 59
time 8
note_on 50
velocity 47
time 6
note_off 38
time 32
note_off 50
time 7
note_on 60
velocity 54
time 208
note_on 57
velocity 56
time 3
note_on 62
velocity 52
time 0
note_off 57
time 45
note_off 60
time 7
note_off 62
time 1
note_on 44
velocity 88
time 191
note_on 32
velocity 88
time 1
note_off 44
time 26
note_off 32
time 6
note_off 54
time 196
note_on 56
velocity 53
time 44
note_on 63
velocity 34
time 21
note_on 60
velocity 36
time 11
note_off 56
time 42
note_off 63
time 37
note_off 60
time 4
note_on 55
velocity 59
time 7
note_off 55
time 48
note_on 38
velocity 65
time 69
note_on 50
velocity 57
time 3
note_on 54
velocity 58
time 2
note_off 50
time 33
note_off 38
time 2
note_off 54
time 25
note_on 54
velocity 45
time 45
note_off 54
time 114
note_on 57
velocity 55
time 33
note_on 60
velocity 42
time 13
note_on 62
velocity 6
time 27
note_off 57
time 66
note_off 60
time 0
note_off 62
time 12
note_on 56
velocity 65
time 7
note_off 56
time 35
note_on 55
velocity 77
time 87
note_off 55
time 33
note_on 54
velocity 64
time 81
note_off 54
time 39
note_on 56
velocity 61
time 86
note_off 56
time 33
note_on 55
velocity 43
time 115
note_off 55
time 43
note_on 54
velocity 57
time 68
note_off 54
time 41
note_on 53
velocity 56
time 78
note_off 53
time 34
note_on 55
velocity 63
time 70
note_off 55
time 37
note_on 54
velocity 61
time 88
note_off 54
time 40
note_on 53
velocity 67
time 84
note_off 53
time 35
note_on 52
velocity 70
time 86
note_off 52
time 42
note_on 54
velocity 70
time 76
note_off 54
time 45
note_on 53
velocity 86
time 79
note_off 53
time 46
note_on 52
velocity 90
time 79
note_off 52
time 46
note_on 51
velocity 92
time 66
note_off 51
time 57
note_on 53
velocity 91
time 70
note_off 53
time 54
note_on 52
velocity 90
time 51
note_off 52
time 28
note_on 48
velocity 105
time 105
note_off 48
time 23
note_on 66
velocity 91
time 504
note_on 71
velocity 102
time 1
note_on 78
velocity 88
time 0
note_on 83
velocity 97
time 0
note_on 63
velocity 82
time 3
note_on 57
velocity 75
time 6
note_on 59
velocity 78
time 2
note_off 66
time 119
note_off 59
time 43
note_off 63
time 3
note_off 57
time 4
note_on 48
velocity 101
time 2
note_off 71
time 61
note_off 48
time 31
note_off 78
time 121
note_off 83
time 18
note_on 66
velocity 89
time 231
note_on 83
velocity 95
time 0
note_on 71
velocity 101
time 4
note_on 57
velocity 73
time 4
note_on 59
velocity 74
time 1
note_on 78
velocity 91
time 0
note_on 63
velocity 76
time 2
note_on 82
velocity 10
time 81
note_off 66
time 23
note_off 59
time 35
note_off 57
time 3
note_off 63
time 1
note_off 82
time 17
note_on 48
velocity 77
time 8
note_off 71
time 13
note_off 48
time 11
note_off 83
time 15
note_off 78
time 39
note_on 86
velocity 65
time 7
note_on 81
velocity 48
time 6
note_on 69
velocity 38
time 5
note_on 60
velocity 33
time 0
note_on 74
velocity 36
time 4
note_on 58
velocity 35
time 18
note_on 65
velocity 19
time 22
note_off 65
time 10
note_off 69
time 9
note_off 86
time 3
note_off 74
time 23
note_off 81
time 76
note_on 84
velocity 42
time 8
note_on 64
velocity 25
time 12
note_on 72
velocity 27
time 2
note_on 67
velocity 32
time 4
note_on 79
velocity 32
time 3
note_off 84
time 112
note_off 72
time 20
note_off 79
time 65
note_off 67
time 52
note_off 58
time 16
note_off 64
time 317
note_off 60
time 76
note_on 46
velocity 57
time 508
note_off 46
time 11
note_on 44
velocity 50
time 126
note_off 44
time 53
note_on 42
velocity 49
time 158
note_off 42
time 41
note_on 29
velocity 47
time 247
note_off 29
time 3
note_on 61
velocity 55
time 117
note_on 57
velocity 47
time 11
note_on 50
velocity 46
time 1
note_on 48
velocity 48
time 6
note_on 62
velocity 59
time 4
note_off 61
time 13
note_on 36
velocity 63
time 154
note_off 36
time 39
note_on 38
velocity 59
time 245
note_off 38
time 39
note_on 41
velocity 57
time 247
note_off 41
time 104
note_on 43
velocity 52
time 29
note_off 43
time 102
note_on 45
velocity 59
time 21
note_off 45
time 64
note_on 43
velocity 65
time 64
note_off 43
time 50
note_on 41
velocity 55
time 85
note_off 41
time 50
note_on 38
velocity 49
time 244
note_off 38
time 61
note_on 29
velocity 62
time 4
note_off 48
time 15
note_off 50
time 1
note_off 29
time 0
note_off 62
time 8
note_off 57
time 2
note_on 57
velocity 50
time 17
note_on 61
velocity 50
time 4
note_on 50
velocity 44
time 13
note_on 48
velocity 47
time 2
note_on 62
velocity 57
time 4
note_off 61
time 8
note_on 36
velocity 67
time 48
note_off 36
time 35
note_on 38
velocity 70
time 253
note_off 38
time 37
note_on 41
velocity 62
time 250
note_off 62
time 58
note_off 57
time 29
note_off 50
time 16
note_off 48
time 7
note_off 41
time 5
note_on 43
velocity 67
time 8
note_on 45
velocity 75
time 123
note_off 43
time 6
note_off 45
time 51
note_on 48
velocity 65
time 86
note_off 48
time 38
note_on 50
velocity 79
time 80
note_off 50
time 31
note_on 53
velocity 72
time 263
note_off 53
time 34
note_on 27
velocity 55
time 268
note_on 67
velocity 60
time 3
note_on 39
velocity 36
time 17
note_off 27
time 29
note_off 39
time 20
note_on 61
velocity 56
time 213
note_on 55
velocity 45
time 12
note_off 67
time 12
note_off 61
time 84
note_on 65
velocity 58
time 16
note_off 55
time 6
note_off 65
time 131
note_on 62
velocity 64
time 17
note_on 32
velocity 58
time 7
note_on 44
velocity 44
time 8
note_off 32
time 33
note_off 44
time 11
note_on 54
velocity 61
time 220
note_on 60
velocity 56
time 7
note_off 54
time 51
note_off 62
time 8
note_off 60
time 66
note_on 65
velocity 67
time 2
note_on 67
velocity 77
time 116
note_on 27
velocity 66
time 7
note_off 65
time 1
note_on 39
velocity 53
time 9
note_off 27
time 31
note_off 39
time 10
note_on 61
velocity 68
time 222
note_off 67
time 15
note_on 55
velocity 58
time 2
note_on 65
velocity 73
time 126
note_off 55
time 55
note_off 61
time 1
note_on 62
velocity 78
time 81
note_on 32
velocity 74
time 5
note_on 44
velocity 69
time 5
note_off 65
time 18
note_off 44
time 15
note_off 32
time 12
note_off 62
time 9
note_on 60
velocity 68
time 17
note_on 54
velocity 61
time 2
note_off 60
time 15
note_off 54
time 0
note_on 70
velocity 78
time 64
note_off 70
time 43
note_on 67
velocity 86
time 5
note_on 41
velocity 77
time 1
note_on 29
velocity 75
time 1
note_off 41
time 6
note_off 29
time 13
note_on 63
velocity 75
time 14
note_on 57
velocity 68
time 12
note_off 67
time 0
note_on 65
velocity 82
time 120
note_off 63
time 35
note_off 57
time 15
note_on 62
velocity 85
time 77
note_on 34
velocity 84
time 1
note_on 46
velocity 85
time 1
note_off 46
time 31
note_off 34
time 10
note_off 65
time 11
note_on 60
velocity 73
time 212
note_on 56
velocity 57
time 17
note_off 56
time 1
note_off 62
time 13
note_on 65
velocity 80
time 2
note_off 60
time 11
note_on 67
velocity 88
time 9
note_on 45
velocity 91
time 6
note_on 33
velocity 86
time 1
note_off 45
time 25
note_off 33
time 13
note_off 65
time 8
note_on 61
velocity 81
time 232
note_on 55
velocity 77
time 10
note_off 67
time 11
note_on 65
velocity 79
time 113
note_off 61
time 33
note_off 55
time 21
note_on 62
velocity 84
time 72
note_on 50
velocity 98
time 4
note_on 38
velocity 87
time 9
note_off 65
time 35
note_off 38
time 8
note_off 50
time 9
note_off 62
time 16
note_on 54
velocity 77
time 8
note_on 60
velocity 66
time 0
note_off 54
time 3
note_off 60
time 10
note_on 70
velocity 94
time 18
note_off 70
time 40
note_on 72
velocity 93
time 777
note_off 72
time 44
note_on 72
velocity 80
time 31
note_off 72
time 80
note_on 77
velocity 84
time 6
note_on 65
velocity 101
time 72
note_off 77
time 59
note_on 67
velocity 102
time 239
note_on 58
velocity 88
time 6
note_on 61
velocity 82
time 4
note_off 67
time 14
note_off 58
time 20
note_off 61
time 3
note_off 65
time 219
note_on 62
velocity 82
time 177
note_on 68
velocity 101
time 0
note_on 59
velocity 83
time 4
note_off 68
time 57
note_off 62
time 23
note_off 59
time 66
note_on 60
velocity 102
time 77
note_off 60
time 62
note_on 60
velocity 80
time 35
note_on 65
velocity 81
time 94
note_off 60
time 3
note_on 53
velocity 88
time 0
note_off 65
time 11
note_off 53
time 12
note_on 41
velocity 99
time 101
note_off 41
time 43
note_on 48
velocity 98
time 77
note_off 48
time 53
note_on 36
velocity 101
time 52
note_off 36
time 33
note_on 41
velocity 107
time 4
note_on 29
velocity 101
time 7
note_on 30
velocity 49
time 33
note_off 29
time 2
note_off 41
time 3
note_off 30
time 43
note_on 70
velocity 42
time 12
note_on 66
velocity 34
time 15
note_on 63
velocity 32
time 1
note_off 63
time 181
note_off 66
time 8
note_off 70
time 53
note_on 74
velocity 66
time 291
note_on 71
velocity 53
time 20
note_on 67
velocity 41
time 7
note_off 71
time 16
note_off 74
time 128
note_off 67
time 54
note_on 77
velocity 60
time 104
note_on 73
velocity 46
time 8
note_on 70
velocity 38
time 8
note_off 70
time 11
note_off 77
time 23
note_off 73
time 27
note_on 71
velocity 41
time 15
note_on 74
velocity 39
time 8
note_on 67
velocity 34
time 9
note_off 74
time 16
note_off 71
time 14
note_off 67
time 1
note_on 70
velocity 35
time 0
note_on 66
velocity 23
time 10
note_on 63
velocity 26
time 7
note_off 70
time 15
note_off 66
time 66
note_off 63
time 172
note_on 67
velocity 43
time 3
note_on 60
velocity 42
time 3
note_on 32
velocity 33
time 6
note_on 64
velocity 32
time 7
note_off 64
time 8
note_off 32
time 2
note_off 67
time 18
note_off 60
time 102
note_on 63
velocity 58
time 42
note_on 68
velocity 51
time 3
note_on 66
velocity 51
time 3
note_off 63
time 39
note_off 66
time 1
note_off 68
time 54
note_on 54
velocity 57
time 55
note_on 56
velocity 57
time 4
note_off 56
time 42
note_off 54
time 2
note_on 68
velocity 62
time 54
note_on 66
velocity 61
time 10
note_off 66
time 25
note_off 68
time 0
note_on 68
velocity 65
time 85
note_off 68
time 19
note_on 68
velocity 68
time 70
note_off 68
time 33
note_on 56
velocity 27
time 157
note_on 54
velocity 29
time 9
note_off 56
time 1
note_off 54
time 175
note_on 87
velocity 65
time 0
note_on 63
velocity 34
time 11
note_on 75
velocity 48
time 1
note_off 87
time 1
note_off 75
time 13
note_off 63
time 67
note_on 32
velocity 55
time 15
note_on 69
velocity 48
time 2
note_on 66
velocity 37
time 5
note_on 62
velocity 46
time 3
note_off 32
time 5
note_off 66
time 14
note_off 69
time 11
note_on 65
velocity 68
time 138
note_on 68
velocity 45
time 19
note_on 70
velocity 36
time 3
note_off 65
time 19
note_off 68
time 11
note_off 70
time 8
note_off 62
time 19
note_on 65
velocity 60
time 36
note_on 70
velocity 60
time 9
note_on 68
velocity 54
time 17
note_off 65
time 3
note_off 70
time 11
note_off 68
time 3
note_on 58
velocity 63
time 17
note_on 56
velocity 57
time 1
note_off 56
time 30
note_off 58
time 4
note_on 70
velocity 69
time 67
note_on 68
velocity 60
time 2
note_off 70
time 29
note_off 68
time 8
note_on 70
velocity 73
time 82
note_on 68
velocity 67
time 3
note_off 68
time 22
note_off 70
time 6
note_on 68
velocity 67
time 72
note_on 70
velocity 44
time 36
note_off 68
time 3
note_off 70
time 28
note_on 58
velocity 24
time 143
note_on 56
velocity 27
time 10
note_off 58
time 6
note_off 56
time 210
note_on 89
velocity 58
time 12
note_on 77
velocity 38
time 17
note_on 65
velocity 27
time 4
note_off 77
time 12
note_off 89
time 16
note_off 65
time 179
note_on 75
velocity 89
time 13
note_on 71
velocity 87
time 3
note_on 78
velocity 82
time 3
note_off 71
time 26
note_off 75
time 1
note_off 78
time 4
note_on 78
velocity 85
time 79
note_on 75
velocity 88
time 3
note_on 71
velocity 80
time 1
note_off 71
time 37
note_off 75
time 14
note_off 78
time 17
note_on 75
velocity 91
time 42
note_on 72
velocity 89
time 3
note_on 68
velocity 65
time 14
note_off 72
time 8
note_off 68
time 18
note_off 75
time 1
note_on 75
velocity 84
time 52
note_on 68
velocity 88
time 15
note_on 72
velocity 80
time 5
note_off 72
time 26
note_off 75
time 17
note_off 68
time 3
note_on 75
velocity 82
time 62
note_on 78
velocity 86
time 2
note_on 71
velocity 88
time 4
note_off 71
time 20
note_off 75
time 0
note_off 78
time 3
note_on 75
velocity 89
time 79
note_on 78
velocity 82
time 5
note_on 71
velocity 79
time 3
note_off 71
time 33
note_off 75
time 13
note_off 78
time 8
note_on 73
velocity 98
time 41
note_on 77
velocity 87
time 8
note_on 80
velocity 86
time 7
note_on 76
velocity 78
time 3
note_off 80
time 14
note_off 77
time 4
note_on 78
velocity 29
time 11
note_off 76
time 3
note_off 73
time 9
note_off 78
time 34
note_on 71
velocity 87
time 181
note_on 78
velocity 82
time 0
note_on 75
velocity 86
time 5
note_off 71
time 28
note_off 75
time 15
note_off 78
time 29
note_on 74
velocity 95
time 152
note_on 71
velocity 93
time 5
note_on 67
velocity 86
time 2
note_off 74
time 43
note_off 71
time 3
note_off 67
time 12
note_on 77
velocity 88
time 171
note_on 70
velocity 92
time 2
note_on 73
velocity 80
time 6
note_off 70
time 29
note_off 73
time 0
note_off 77
time 5
note_on 69
velocity 95
time 192
note_on 65
velocity 89
time 3
note_on 72
velocity 96
time 1
note_off 72
time 47
note_off 69
time 8
note_off 65
time 14
note_on 70
velocity 86
time 179
note_on 66
velocity 83
time 1
note_on 63
velocity 85
time 3
note_off 66
time 38
note_off 63
time 4
note_off 70
time 10
note_on 62
velocity 93
time 4
note_on 65
velocity 92
time 2
note_on 59
velocity 87
time 2
note_off 65
time 32
note_off 62
time 6
note_off 59
time 4
note_on 61
velocity 84
time 187
note_on 68
velocity 81
time 0
note_on 65
velocity 77
time 3
note_off 65
time 27
note_off 61
time 13
note_off 68
time 5
note_on 59
velocity 86
time 196
note_on 62
velocity 84
time 1
note_on 55
velocity 80
time 2
note_off 62
time 2
note_off 59
time 9
note_off 55
time 7
note_on 65
velocity 77
time 7
note_on 58
velocity 72
time 8
note_on 61
velocity 55
time 0
note_off 65
time 16
note_off 58
time 4
note_off 61
time 5
note_on 32
velocity 54
time 237
note_off 32
time 7
note_on 50
velocity 63
time 132
note_off 50
time 40
note_on 59
velocity 83
time 12
note_on 62
velocity 85
time 2
note_on 55
velocity 79
time 2
note_off 59
time 6
note_off 62
time 0
note_off 55
time 17
note_on 65
velocity 74
time 13
note_on 58
velocity 69
time 4
note_on 61
velocity 63
time 1
note_off 65
time 22
note_off 61
time 5
note_off 58
time 4
note_on 32
velocity 41
time 230
note_off 32
time 239
note_on 50
velocity 6
time 26
note_off 50
time 72
note_on 32
velocity 31
time 163
note_on 50
velocity 48
time 264
note_off 32
time 11
note_off 50
time 23
note_on 32
velocity 32
time 209
note_on 50
velocity 46
time 246
note_off 32
time 9
note_off 50
time 26
note_on 32
velocity 42
time 248
note_on 50
velocity 58
time 280
note_off 32
time 4
note_off 50
time 58
note_on 32
velocity 99
time 239
note_on 31
velocity 71
time 7
note_off 32
time 8
note_off 31
time 5
note_on 70
velocity 77
time 713
note_on 66
velocity 73
time 19
note_on 65
velocity 82
time 6
note_off 66
time 186
note_off 70
time 160
note_off 65
time 56
note_on 71
velocity 90
time 91
note_on 74
velocity 91
time 0
note_on 64
velocity 93
time 1
note_on 67
velocity 90
time 4
note_off 71
time 190
note_off 74
time 110
note_off 67
time 95
note_off 64
time 14
note_on 77
velocity 89
time 91
note_on 63
velocity 94
time 11
note_on 70
velocity 93
time 2
note_on 73
velocity 87
time 0
note_off 77
time 126
note_off 70
time 53
note_off 73
time 47
note_off 63
time 55
note_on 74
velocity 95
time 52
note_on 71
velocity 92
time 1
note_on 62
velocity 91
time 6
note_on 67
velocity 88
time 2
note_off 67
time 125
note_off 74
time 0
note_off 71
time 25
note_on 61
velocity 93
time 1
note_on 66
velocity 90
time 0
note_on 70
velocity 94
time 0
note_on 63
velocity 93
time 2
note_off 62
time 9
note_off 63
time 16
note_off 61
time 1
note_off 66
time 9
note_off 70
time 2
note_on 32
velocity 47
time 5
note_on 64
velocity 32
time 4
note_on 67
velocity 38
time 1
note_on 60
velocity 36
time 9
note_off 32
time 12
note_off 64
time 8
note_off 67
time 37
note_off 60
time 83
note_on 63
velocity 69
time 39
note_on 66
velocity 50
time 18
note_on 68
velocity 49
time 1
note_off 63
time 4
note_off 66
time 9
note_off 68
time 18
note_on 68
velocity 58
time 0
note_on 63
velocity 55
time 0
note_on 66
velocity 51
time 26
note_off 63
time 29
note_off 66
time 19
note_off 68
time 23
note_on 54
velocity 65
time 32
note_on 56
velocity 66
time 5
note_off 54
time 39
note_off 56
time 0
note_on 66
velocity 60
time 54
note_on 68
velocity 71
time 0
note_off 68
time 28
note_off 66
time 6
note_on 66
velocity 73
time 79
note_on 68
velocity 71
time 2
note_off 66
time 31
note_off 68
time 1
note_on 68
velocity 66
time 62
note_on 66
velocity 57
time 5
note_off 66
time 30
note_off 68
time 0
note_on 56
velocity 35
time 127
note_on 54
velocity 33
time 25
note_off 56
time 108
note_off 54
time 81
note_on 87
velocity 73
time 14
note_on 63
velocity 40
time 2
note_on 75
velocity 44
time 2
note_off 87
time 9
note_off 75
time 0
note_off 63
time 22
note_on 69
velocity 56
time 15
note_on 32
velocity 53
time 1
note_on 62
velocity 51
time 11
note_on 66
velocity 43
time 0
note_off 32
time 8
note_off 66
time 15
note_off 69
time 8
note_on 65
velocity 73
time 134
note_on 70
velocity 64
time 0
note_on 68
velocity 57
time 7
note_off 65
time 29
note_off 70
time 0
note_off 62
time 9
note_off 68
time 0
note_on 70
velocity 70
time 76
note_on 65
velocity 68
time 1
note_on 68
velocity 70
time 13
note_off 65
time 0
note_off 68
time 12
note_off 70
time 9
note_on 56
velocity 74
time 26
note_on 58
velocity 64
time 6
note_off 56
time 34
note_off 58
time 2
note_on 68
velocity 71
time 56
note_on 70
velocity 75
time 5
note_off 68
time 27
note_off 70
time 1
note_on 68
velocity 73
time 83
note_on 70
velocity 64
time 12
note_off 68
time 8
note_off 70
time 11
note_on 68
velocity 62
time 71
note_on 70
velocity 56
time 4
note_off 68
time 29
note_off 70
time 1
note_on 58
velocity 36
time 142
note_on 56
velocity 32
time 25
note_off 58
time 4
note_off 56
time 94
note_on 89
velocity 72
time 6
note_on 77
velocity 61
time 15
note_on 65
velocity 46
time 5
note_off 77
time 4
note_off 89
time 4
note_off 65
time 11
note_on 75
velocity 92
time 68
note_on 71
velocity 94
time 1
note_on 78
velocity 80
time 7
note_off 75
time 21
note_off 78
time 4
note_off 71
time 2
note_on 75
velocity 87
time 73
note_on 78
velocity 87
time 0
note_on 71
velocity 79
time 2
note_off 71
time 45
note_off 75
time 8
note_off 78
time 19
note_on 72
velocity 89
time 41
note_on 75
velocity 88
time 1
note_on 68
velocity 67
time 12
note_off 72
time 16
note_off 75
time 3
note_off 68
time 17
note_on 75
velocity 83
time 32
note_on 68
velocity 84
time 9
note_on 72
velocity 77
time 12
note_off 72
time 23
note_off 75
time 14
note_off 68
time 9
note_on 75
velocity 77
time 60
note_on 78
velocity 84
time 0
note_on 71
velocity 86
time 3
note_off 71
time 37
note_off 78
time 0
note_off 75
time 2
note_on 75
velocity 89
time 80
note_on 71
velocity 83
time 2
note_on 78
velocity 82
time 3
note_off 71
time 43
note_off 75
time 8
note_off 78
time 7
note_on 73
velocity 93
time 42
note_on 77
velocity 91
time 0
note_on 80
velocity 87
time 5
note_on 76
velocity 71
time 11
note_off 80
time 15
note_off 77
time 1
note_off 76
time 7
note_off 73
time 8
note_on 78
velocity 86
time 204
note_on 71
velocity 82
time 4
note_on 75
velocity 81
time 1
note_off 71
time 23
note_off 75
time 15
note_off 78
time 34
note_on 67
velocity 92
time 151
note_on 71
velocity 96
time 0
note_on 72
velocity 96
time 1
note_off 71
time 29
note_off 72
time 3
note_off 67
time 13
note_on 77
velocity 86
time 183
note_on 70
velocity 82
time 4
note_on 73
velocity 77
time 2
note_off 70
time 26
note_off 73
time 13
note_off 77
time 26
note_on 66
velocity 99
time 183
note_on 69
velocity 83
time 12
note_on 78
velocity 97
time 0
note_on 81
velocity 96
time 0
note_off 66
time 17
note_off 69
time 0
note_off 78
time 16
note_off 81
time 7
note_on 76
velocity 100
time 203
note_on 88
velocity 99
time 2
note_off 76
time 189
note_off 88
time 13
note_on 64
velocity 78
time 44
note_on 65
velocity 17
time 46
note_off 65
time 1
note_on 63
velocity 86
time 45
note_on 87
velocity 88
time 13
note_on 75
velocity 97
time 2
note_off 64
time 1
note_off 75
time 42
note_off 87
time 11
note_on 61
velocity 89
time 29
note_off 63
time 4
note_on 85
velocity 91
time 23
note_on 73
velocity 103
time 2
note_off 61
time 26
note_off 85
time 65
note_off 73
time 3
note_on 66
velocity 100
time 13
note_on 69
velocity 95
time 0
note_on 78
velocity 97
time 1
note_on 81
velocity 91
time 4
note_off 78
time 2
note_off 81
time 0
note_off 69
time 89
note_off 66
time 36
note_on 77
velocity 104
time 65
note_on 89
velocity 101
time 1
note_off 89
time 242
note_off 77
time 5
note_on 65
velocity 91
time 9
note_on 63
velocity 90
time 133
note_on 75
velocity 102
time 8
note_on 87
velocity 97
time 1
note_off 65
time 14
note_off 75
time 32
note_off 87
time 25
note_on 61
velocity 87
time 60
note_on 85
velocity 98
time 18
note_on 73
velocity 106
time 1
note_off 63
time 14
note_off 61
time 22
note_on 39
velocity 109
time 13
note_on 27
velocity 98
time 2
note_off 27
time 36
note_on 32
velocity 43
time 1
note_off 32
time 1
note_on 40
velocity 46
time 1
note_off 39
time 14
note_off 40
time 9
note_off 73
time 12
note_off 85
time 60
note_on 77
velocity 103
time 314
note_on 89
velocity 98
time 0
note_on 82
velocity 95
time 1
note_on 85
velocity 91
time 2
note_on 65
velocity 97
time 2
note_on 55
velocity 83
time 7
note_on 61
velocity 85
time 0
note_on 58
velocity 79
time 4
note_on 87
velocity 9
time 62
note_off 87
time 102
note_off 65
time 361
note_off 77
time 16
note_off 89
time 5
note_off 85
time 75
note_off 82
time 17
note_on 87
velocity 94
time 108
note_on 75
velocity 99
time 1
note_on 63
velocity 85
time 4
note_off 61
time 35
note_off 75
time 85
note_off 87
time 4
note_on 64
velocity 13
time 20
note_off 64
time 22
note_on 61
velocity 83
time 20
note_on 85
velocity 101
time 2
note_on 73
velocity 105
time 1
note_off 63
time 59
note_off 73
time 27
note_off 85
time 4
note_off 58
time 110
note_off 61
time 175
note_off 55
time 55
note_on 65
velocity 79
time 596
note_on 64
velocity 39
time 1529
note_off 65
time 127
note_on 62
velocity 37
time 580
note_off 64
time 114
note_off 62
time 11
note_on 29
velocity 40
time 0
note_off 29
time 26
note_on 61
velocity 48
time 15
note_on 57
velocity 33
time 6
note_on 50
velocity 24
time 2
note_on 48
velocity 32
time 8
note_on 62
velocity 47
time 6
note_off 61
time 8
note_on 36
velocity 53
time 175
note_off 36
time 42
note_on 38
velocity 49
time 241
note_off 38
time 50
note_on 41
velocity 53
time 122
note_off 41
time 91
note_on 43
velocity 54
time 42
note_off 43
time 77
note_on 45
velocity 59
time 58
note_off 45
time 39
note_on 43
velocity 59
time 87
note_off 43
time 40
note_on 41
velocity 60
time 66
note_off 41
time 41
note_on 38
velocity 32
time 253
note_off 38
time 60
note_on 29
velocity 65
time 13
note_off 29
time 13
note_off 62
time 15
note_off 50
time 0
note_off 48
time 2
note_off 57
time 2
note_on 61
velocity 61
time 153
note_on 57
velocity 55
time 3
note_on 50
velocity 51
time 2
note_on 48
velocity 56
time 5
note_on 62
velocity 57
time 15
note_off 61
time 3
note_on 36
velocity 70
time 184
note_off 36
time 34
note_on 38
velocity 66
time 239
note_off 38
time 44
note_on 41
velocity 65
time 265
note_off 62
time 60
note_off 41
time 22
note_off 57
time 3
note_off 50
time 2
note_off 48
time 5
note_on 43
velocity 67
time 16
note_on 45
velocity 69
time 128
note_off 43
time 4
note_off 45
time 27
note_on 48
velocity 74
time 89
note_off 48
time 37
note_on 50
velocity 79
time 87
note_off 50
time 35
note_on 53
velocity 66
time 241
note_off 53
time 36
note_on 55
velocity 52
time 262
note_on 41
velocity 51
time 4
note_on 29
velocity 55
time 4
note_off 41
time 33
note_off 29
time 15
note_on 60
velocity 46
time 246
note_off 60
time 43
note_off 55
time 2
note_on 53
velocity 60
time 80
note_off 53
time 103
note_on 24
velocity 60
time 17
note_on 50
velocity 63
time 17
note_on 36
velocity 28
time 9
note_off 24
time 18
note_off 36
time 48
note_off 50
time 141
note_on 62
velocity 68
time 53
note_on 57
velocity 69
time 1
note_on 60
velocity 53
time 25
note_off 57
time 25
note_off 60
time 9
note_off 62
time 8
note_on 53
velocity 72
time 43
note_off 53
time 51
note_on 55
velocity 77
time 79
note_on 41
velocity 71
time 7
note_on 29
velocity 74
time 1
note_off 41
time 32
note_off 29
time 10
note_on 57
velocity 70
time 212
note_on 62
velocity 60
time 5
note_on 60
velocity 54
time 17
note_off 57
time 28
note_off 62
time 7
note_off 60
time 6
note_off 55
time 7
note_on 53
velocity 58
time 12
note_on 55
velocity 55
time 0
note_off 55
time 29
note_off 53
time 2
note_on 50
velocity 92
time 4
note_on 36
velocity 83
time 5
note_on 24
velocity 81
time 2
note_off 36
time 4
note_off 24
time 2
note_off 50
time 117
note_on 57
velocity 84
time 100
note_on 62
velocity 78
time 10
note_on 60
velocity 63
time 16
note_off 57
time 25
note_off 60
time 25
note_off 62
time 13
note_on 57
velocity 75
time 34
note_off 57
time 60
note_on 56
velocity 106
time 58
note_on 62
velocity 95
time 2
note_on 58
velocity 91
time 7
note_on 60
velocity 89
time 0
note_off 62
time 7
note_off 60
time 12
note_off 58
time 8
note_off 56
time 228
note_on 67
velocity 87
time 98
note_off 67
time 23
note_on 67
velocity 80
time 38
note_on 72
velocity 102
time 57
note_off 67
time 5
note_off 72
time 37
note_on 60
velocity 107
time 4
note_off 60
time 36
note_on 61
velocity 40
time 179
note_off 61
time 40
note_on 62
velocity 92
time 210
note_on 60
velocity 87
time 0
note_on 58
velocity 90
time 2
note_on 55
velocity 110
time 5
note_off 62
time 31
note_off 60
time 4
note_off 55
time 4
note_off 58
time 0
note_on 55
velocity 88
time 239
note_off 55
time 100
note_on 60
velocity 80
time 9
note_on 48
velocity 91
time 57
note_off 60
time 5
note_off 48
time 21
note_on 43
velocity 56
time 129
note_off 43
time 48
note_on 48
velocity 60
time 105
note_off 48
time 43
note_on 36
velocity 58
time 60
note_off 36
time 43
note_on 29
velocity 47
time 173
note_on 61
velocity 60
time 11
note_on 57
velocity 46
time 10
note_off 29
time 4
note_on 50
velocity 43
time 7
note_on 48
velocity 49
time 4
note_on 62
velocity 58
time 9
note_off 61
time 53
note_on 36
velocity 65
time 168
note_off 36
time 39
note_on 38
velocity 64
time 245
note_off 38
time 44
note_on 41
velocity 56
time 246
note_off 41
time 89
note_on 43
velocity 63
time 41
note_off 43
time 61
note_on 45
velocity 67
time 66
note_off 45
time 36
note_on 43
velocity 67
time 105
note_off 43
time 36
note_on 41
velocity 61
time 92
note_off 41
time 37
note_on 38
velocity 60
time 235
note_off 38
time 38
note_on 29
velocity 70
time 1
note_off 29
time 9
note_off 50
time 8
note_off 48
time 3
note_off 62
time 5
note_off 57
time 13
note_on 61
velocity 58
time 4
note_on 57
velocity 60
time 4
note_on 50
velocity 52
time 1
note_on 48
velocity 52
time 2
note_on 62
velocity 58
time 14
note_off 61
time 0
note_on 36
velocity 66
time 196
note_off 36
time 39
note_on 38
velocity 65
time 238
note_off 38
time 42
note_off 62
time 227
note_on 41
velocity 61
time 9
note_off 57
time 15
note_off 50
time 37
note_off 48
time 7
note_off 41
time 27
note_on 43
velocity 64
time 37
note_on 45
velocity 72
time 125
note_off 43
time 8
note_off 45
time 35
note_on 48
velocity 71
time 85
note_off 48
time 40
note_on 50
velocity 85
time 73
note_off 50
time 28
note_on 53
velocity 77
time 257
note_off 53
time 33
note_on 55
velocity 59
time 361
note_on 26
velocity 51
time 1
note_on 38
velocity 41
time 14
note_off 38
time 77
note_off 26
time 5
note_off 55
time 3
note_on 57
velocity 69
time 15
note_off 57
time 36
note_on 69
velocity 67
time 97
note_on 60
velocity 63
time 1
note_on 65
velocity 63
time 1
note_on 62
velocity 43
time 17
note_off 60
time 7
note_off 69
time 6
note_off 65
time 3
note_off 62
time 23
note_on 62
velocity 82
time 53
note_off 62
time 1
note_on 64
velocity 90
time 46
note_on 43
velocity 75
time 3
note_on 31
velocity 72
time 3
note_off 64
time 25
note_off 43
time 2
note_off 31
time 5
note_on 62
velocity 78
time 296
note_on 65
velocity 66
time 5
note_on 71
velocity 71
time 2
note_on 67
velocity 59
time 20
note_off 71
time 188
note_on 45
velocity 82
time 61
note_on 33
velocity 79
time 3
note_off 67
time 16
note_off 45
time 15
note_off 65
time 0
note_off 33
time 8
note_off 62
time 227
note_on 60
velocity 75
time 5
note_on 64
velocity 50
time 13
note_on 67
velocity 62
time 1
note_off 60
time 29
note_off 64
time 0
note_off 67
time 17
note_on 59
velocity 67
time 61
note_off 59
time 73
note_on 47
velocity 54
time 46
note_on 35
velocity 47
time 6
note_on 57
velocity 57
time 3
note_off 47
time 27
note_off 35
time 17
note_on 59
velocity 56
time 212
note_on 63
velocity 55
time 7
note_on 66
velocity 27
time 28
note_off 59
time 23
note_off 63
time 13
note_off 66
time 12
note_on 44
velocity 89
time 186
note_on 32
velocity 86
time 1
note_off 44
time 27
note_off 32
time 13
note_off 57
time 176
note_on 56
velocity 58
time 71
note_on 60
velocity 43
time 14
note_off 60
time 72
note_off 56
time 18
note_on 55
velocity 58
time 21
note_off 55
time 66
note_on 38
velocity 58
time 41
note_on 54
velocity 56
time 5
note_on 50
velocity 49
time 1
note_off 50
time 37
note_off 38
time 2
note_on 60
velocity 52
time 252
note_on 57
velocity 45
time 16
note_on 62
velocity 32
time 4
note_off 62
time 44
note_off 57
time 2
note_off 60
time 13
note_on 44
velocity 97
time 161
note_on 32
velocity 91
time 3
note_off 44
time 32
note_off 32
time 4
note_off 54
time 203
note_on 56
velocity 57
time 52
note_on 60
velocity 45
time 20
note_on 63
velocity 41
time 1
note_off 56
time 55
note_off 63
time 13
note_off 60
time 6
note_on 55
velocity 66
time 6
note_off 55
time 44
note_on 38
velocity 62
time 69
note_on 50
velocity 56
time 0
note_on 54
velocity 72
time 21
note_off 50
time 9
note_off 38
time 8
note_off 54
time 41
note_on 54
velocity 60
time 42
note_off 54
time 101
note_on 57
velocity 70
time 37
note_on 60
velocity 62
time 5
note_on 62
velocity 57
time 1
note_off 62
time 50
note_off 57
time 3
note_off 60
time 20
note_on 56
velocity 76
time 19
note_off 56
time 54
note_on 44
velocity 96
time 78
note_on 32
velocity 90
time 1
note_off 44
time 28
note_off 32
time 8
note_on 56
velocity 55
time 284
note_on 60
velocity 44
time 23
note_on 63
velocity 30
time 14
note_off 63
time 65
note_off 56
time 2
note_on 55
velocity 59
time 16
note_off 60
time 6
note_off 55
time 69
note_on 54
velocity 62
time 31
note_on 38
velocity 58
time 8
note_on 50
velocity 54
time 0
note_off 50
time 36
note_off 38
time 7
note_on 57
velocity 64
time 226
note_on 60
velocity 57
time 4
note_on 62
velocity 50
time 12
note_off 57
time 23
note_off 60
time 6
note_off 62
time 3
note_on 44
velocity 86
time 193
note_on 32
velocity 87
time 3
note_off 44
time 22
note_off 32
time 10
note_off 54
time 232
note_on 56
velocity 58
time 13
note_on 60
velocity 40
time 27
note_on 63
velocity 28
time 10
note_off 56
time 54
note_off 63
time 17
note_off 60
time 5
note_on 55
velocity 53
time 11
note_off 55
time 42
note_on 50
velocity 75
time 61
note_on 54
velocity 68
time 7
note_on 38
velocity 68
time 4
note_off 50
time 19
note_off 38
time 18
note_off 54
time 14
note_on 54
velocity 50
time 83
note_off 54
time 86
note_on 62
velocity 42
time 45
note_on 57
velocity 53
time 2
note_on 60
velocity 45
time 1
note_off 62
time 60
note_off 60
time 33
note_off 57
time 3
note_on 56
velocity 67
time 14
note_off 56
time 38
note_on 55
velocity 79
time 79
note_off 55
time 30
note_on 54
velocity 64
time 84
note_off 54
time 40
note_on 56
velocity 60
time 91
note_off 56
time 37
note_on 55
velocity 42
time 103
note_off 55
time 41
note_on 54
velocity 58
time 69
note_off 54
time 44
note_on 53
velocity 55
time 103
note_off 53
time 33
note_on 55
velocity 63
time 69
note_off 55
time 40
note_on 54
velocity 67
time 87
note_off 54
time 36
note_on 53
velocity 77
time 81
note_off 53
time 33
note_on 52
velocity 80
time 85
note_off 52
time 53
note_on 54
velocity 79
time 70
note_off 54
time 58
note_on 53
velocity 90
time 60
note_off 53
time 47
note_on 52
velocity 94
time 77
note_off 52
time 51
note_on 51
velocity 90
time 80
note_off 51
time 56
note_on 53
velocity 92
time 62
note_off 53
time 59
note_on 52
velocity 93
time 50
note_off 52
time 27
note_on 48
velocity 105
time 112
note_off 48
time 10
note_on 71
velocity 101
time 504
note_on 66
velocity 92
time 3
note_on 83
velocity 94
time 0
note_on 78
velocity 96
time 1
note_on 63
velocity 84
time 8
note_on 59
velocity 76
time 5
note_on 57
velocity 75
time 1
note_on 77
velocity 78
time 180
note_off 66
time 1
note_off 57
time 64
note_off 59
time 1
note_off 63
time 5
note_off 77
time 150
note_on 48
velocity 101
time 6
note_off 48
time 55
note_off 71
time 96
note_off 83
time 107
note_off 78
time 38
note_on 83
velocity 89
time 128
note_on 66
velocity 86
time 4
note_on 71
velocity 98
time 3
note_on 78
velocity 88
time 1
note_on 63
velocity 73
time 1
note_on 57
velocity 71
time 1
note_on 59
velocity 71
time 2
note_off 66
time 15
note_off 57
time 38
note_off 59
time 7
note_off 63
time 0
note_off 71
time 317
note_on 48
velocity 70
time 15
note_off 78
time 6
note_off 48
time 1
note_off 83
time 7
note_on 86
velocity 74
time 340
note_on 81
velocity 52
time 15
note_on 69
velocity 41
time 8
note_on 74
velocity 45
time 6
note_on 60
velocity 39
time 6
note_on 58
velocity 40
time 8
note_on 65
velocity 36
time 3
note_off 69
time 5
note_off 65
time 7
note_off 74
time 4
note_off 86
time 28
note_off 81
time 102
note_on 84
velocity 42
time 7
note_on 72
velocity 32
time 3
note_on 79
velocity 39
time 4
note_on 64
velocity 24
time 13
note_on 67
velocity 27
time 0
note_off 84
time 85
note_off 58
time 20
note_off 72
time 18
note_off 67
time 28
note_off 79
time 22
note_off 64
time 323
note_off 60
time 53
note_on 46
velocity 44
time 13
note_off 46
time 14
note_on 44
velocity 50
time 240
note_off 44
time 43
note_on 30
velocity 45
time 339
note_off 30
time 16
note_on 62
velocity 53
time 111
note_off 62
time 104
note_on 51
velocity 51
time 28
note_on 63
velocity 50
time 2
note_on 58
velocity 47
time 15
note_on 49
velocity 15
time 57
note_on 37
velocity 59
time 16
note_off 37
time 10
note_on 39
velocity 58
time 245
note_off 39
time 40
note_on 42
velocity 38
time 138
note_on 44
velocity 42
time 175
note_off 42
time 51
note_on 46
velocity 56
time 125
note_off 44
time 27
note_off 46
time 130
note_on 44
velocity 55
time 16
note_off 44
time 57
note_on 42
velocity 51
time 141
note_off 42
time 57
note_on 39
velocity 28
time 584
note_off 63
time 15
note_off 49
time 5
note_off 51
time 5
note_off 58
time 12
note_off 39
time 34
note_on 42
velocity 30
time 29
note_on 38
velocity 20
time 11
note_on 26
velocity 17
time 12
note_off 38
time 123
note_off 42
time 23
note_on 30
velocity 43
time 0
note_off 26
time 16
note_off 30
time 9
note_on 62
velocity 51
time 0
note_off 62
time 47
note_on 58
velocity 51
time 67
note_on 63
velocity 51
time 0
note_on 49
velocity 46
time 12
note_on 51
velocity 29
time 29
note_on 37
velocity 53
time 16
note_off 37
time 29
note_on 39
velocity 58
time 275
note_off 39
time 44
note_off 58
time 5
note_on 42
velocity 47
time 0
note_off 63
time 16
note_off 51
time 13
note_on 44
velocity 49
time 5
note_off 49
time 13
note_off 42
time 20
note_on 46
velocity 54
time 133
note_off 44
time 56
note_off 46
time 5
note_on 49
velocity 59
time 106
note_off 49
time 6
note_on 51
velocity 65
time 10
note_off 51
time 28
note_on 54
velocity 68
time 110
note_off 54
time 42
note_on 56
velocity 71
time 226
note_off 56
time 42
note_on 58
velocity 70
time 253
note_off 58
time 41
note_on 61
velocity 72
time 208
note_off 61
time 38
note_on 70
velocity 70
time 212
note_on 65
velocity 67
time 6
note_on 66
velocity 63
time 1
note_off 70
time 31
note_off 66
time 8
note_off 65
time 9
note_on 67
velocity 78
time 196
note_on 74
velocity 80
time 0
note_on 64
velocity 66
time 5
note_on 71
velocity 56
time 12
note_off 67
time 17
note_off 71
time 11
note_off 64
time 2
note_off 74
time 9
note_on 63
velocity 69
time 203
note_on 77
velocity 82
time 2
note_on 70
velocity 80
time 11
note_on 73
velocity 74
time 2
note_off 70
time 30
note_off 63
time 7
note_off 77
time 5
note_off 73
time 4
note_on 74
velocity 86
time 189
note_on 62
velocity 74
time 6
note_on 67
velocity 82
time 1
note_on 71
velocity 70
time 6
note_off 67
time 20
note_off 71
time 10
note_off 74
time 6
note_off 62
time 19
note_on 61
velocity 84
time 172
note_on 70
velocity 84
time 5
note_on 63
velocity 77
time 9
note_on 67
velocity 69
time 6
note_off 61
time 18
note_off 63
time 5
note_off 70
time 6
note_off 67
time 6
note_on 68
velocity 93
time 191
note_on 65
velocity 96
time 2
note_on 72
velocity 86
time 1
note_on 75
velocity 84
time 2
note_off 72
time 50
note_off 68
time 18
note_off 75
time 26
note_off 65
time 11
note_on 64
velocity 92
time 159
note_on 71
velocity 95
time 3
note_on 78
velocity 90
time 2
note_on 75
velocity 74
time 6
note_off 75
time 23
note_on 74
velocity 64
time 5
note_off 71
time 8
note_off 74
time 14
note_off 64
time 5
note_off 78
time 8
note_on 63
velocity 96
time 167
note_on 68
velocity 95
time 3
note_on 75
velocity 90
time 0
note_on 72
velocity 84
time 6
note_off 72
time 16
note_off 63
time 9
note_off 75
time 10
note_off 68
time 7
note_on 62
velocity 91
time 108
note_on 68
velocity 88
time 5
note_on 71
velocity 91
time 0
note_on 64
velocity 89
time 2
note_off 62
time 21
note_off 64
time 2
note_off 68
time 34
note_off 71
time 10
note_on 46
velocity 108
time 233
note_on 34
velocity 98
time 7
note_off 34
time 9
note_off 46
time 0
note_on 69
velocity 106
time 256
note_on 81
velocity 94
time 1
note_on 77
velocity 83
time 10
note_on 65
velocity 86
time 6
note_on 55
velocity 80
time 6
note_on 61
velocity 71
time 3
note_on 75
velocity 54
time 11
note_off 77
time 6
note_on 80
velocity 43
time 6
note_off 69
time 3
note_off 81
time 0
note_off 75
time 14
note_off 80
time 18
note_off 55
time 140
note_off 65
time 3
note_off 61
time 3
note_on 72
velocity 95
time 27
note_off 72
time 42
note_on 74
velocity 71
time 35
note_on 72
velocity 73
time 3
note_on 77
velocity 99
time 41
note_off 74
time 1
note_off 72
time 14
note_off 77
time 33
note_on 65
velocity 106
time 17
note_off 65
time 37
note_on 48
velocity 105
time 9
note_on 36
velocity 98
time 8
note_off 36
time 26
note_on 37
velocity 56
time 0
note_off 48
time 1
note_off 37
time 3
note_on 76
velocity 92
time 180
note_on 69
velocity 103
time 1
note_on 81
velocity 89
time 2
note_on 58
velocity 75
time 4
note_on 64
velocity 86
time 3
note_on 60
velocity 73
time 4
note_off 81
time 13
note_off 69
time 27
note_off 76
time 1
note_off 64
time 181
note_off 60
time 8
note_on 67
velocity 98
time 15
note_off 58
time 19
note_off 67
time 18
note_on 67
velocity 80
time 30
note_on 72
velocity 97
time 65
note_off 67
time 14
note_off 72
time 47
note_on 60
velocity 102
time 26
note_off 60
time 38
note_on 46
velocity 110
time 1
note_on 34
velocity 101
time 5
note_off 34
time 37
note_on 39
velocity 41
time 2
note_off 46
time 8
note_off 39
time 16
note_on 69
velocity 105
time 184
note_on 81
velocity 93
time 2
note_on 77
velocity 83
time 3
note_on 65
velocity 92
time 11
note_on 80
velocity 62
time 14
note_off 77
time 4
note_on 53
velocity 67
time 1
note_on 55
velocity 70
time 0
note_off 69
time 14
note_off 81
time 4
note_off 80
time 4
note_on 60
velocity 46
time 17
note_off 60
time 102
note_off 53
time 27
note_off 55
time 37
note_off 65
time 15
note_on 72
velocity 101
time 21
note_off 72
time 22
note_on 72
velocity 80
time 53
note_off 72
time 58
note_on 77
velocity 98
time 9
note_off 77
time 57
note_on 65
velocity 104
time 7
note_off 65
time 39
note_on 48
velocity 106
time 22
note_on 36
velocity 99
time 5
note_off 36
time 7
note_off 48
time 14
note_on 42
velocity 8
time 0
note_off 42
time 62
note_on 76
velocity 88
time 162
note_on 81
velocity 89
time 0
note_on 69
velocity 102
time 1
note_on 58
velocity 77
time 9
note_on 64
velocity 85
time 6
note_on 60
velocity 78
time 3
note_off 81
time 29
note_off 69
time 4
note_off 76
time 0
note_off 64
time 219
note_off 60
time 9
note_on 67
velocity 99
time 18
note_off 58
time 10
note_off 67
time 28
note_on 67
velocity 78
time 43
note_on 72
velocity 94
time 63
note_off 67
time 19
note_off 72
time 21
note_on 60
velocity 105
time 35
note_off 60
time 42
note_on 60
velocity 94
time 312
note_off 60
time 6
note_on 60
velocity 75
time 19
note_off 60
time 68
note_on 65
velocity 80
time 4
note_on 53
velocity 94
time 67
note_off 65
time 18
note_off 53
time 25
note_on 41
velocity 97
time 31
note_off 41
time 40
note_on 48
velocity 97
time 66
note_off 48
time 43
note_on 36
velocity 99
time 69
note_off 36
time 33
note_on 41
velocity 105
time 2
note_on 29
velocity 97
time 7
note_off 29
time 36
note_off 41
time 1
note_on 53
velocity 106
time 1572
note_on 41
velocity 102
time 3
note_on 29
velocity 94
time 9
note_off 53
time 37
note_off 29
time 26
note_off 41
time 1
